00000000: 31.7036   (Y': 40.8341   Cb: 27.3013   Cr: 27.3013 )
00000002: 13.3469   (Y': 12.8952   Cb: 14.966    Cr: 13.9379 )
00000001: 12.8651   (Y': 12.568    Cb: 14.0061   Cr: 13.0979 )
00000003: 13.0561   (Y': 12.6691   Cb: 14.4465   Cr: 13.5077 )
00000007: 12.6546   (Y': 12.4958   Cb: 13.4173   Cr: 12.6025 )
00000006: 12.6207   (Y': 12.3985   Cb: 13.466    Cr: 12.767  )
00000004: 12.9794   (Y': 12.5583   Cb: 14.4459   Cr: 13.5385 )
00000005: 12.9717   (Y': 12.5542   Cb: 14.3949   Cr: 13.5477 )
00000009: 12.5037   (Y': 12.4723   Cb: 12.827    Cr: 12.322  )
00000008: 12.5955   (Y': 12.5115   Cb: 13.046    Cr: 12.5077 )
00000010: 12.6851   (Y': 12.6443   Cb: 12.9875   Cr: 12.5587 )
00000011: 12.5538   (Y': 12.466    Cb: 12.9236   Cr: 12.5541 )
00000012: 12.5797   (Y': 12.4961   Cb: 13.0135   Cr: 12.5051 )
00000013: 12.5275   (Y': 12.4476   Cb: 12.838    Cr: 12.5508 )
00000014: 12.5297   (Y': 12.3946   Cb: 12.9952   Cr: 12.6385 )
00000015: 12.4101   (Y': 12.26     Cb: 12.9164   Cr: 12.5455 )
00000017: 12.3358   (Y': 12.1947   Cb: 12.8792   Cr: 12.3991 )
00000016: 12.4605   (Y': 12.3417   Cb: 12.9194   Cr: 12.507  )
00000018: 12.3478   (Y': 12.2189   Cb: 12.8423   Cr: 12.404  )
00000019: 12.3728   (Y': 12.2514   Cb: 12.8618   Cr: 12.4027 )
00000021: 12.3286   (Y': 12.1941   Cb: 12.8789   Cr: 12.3584 )
00000020: 12.2894   (Y': 12.1616   Cb: 12.8268   Cr: 12.3028 )
00000022: 12.3491   (Y': 12.2222   Cb: 12.8616   Cr: 12.3805 )
00000023: 12.3203   (Y': 12.2065   Cb: 12.7957   Cr: 12.331  )
00000024: 12.3219   (Y': 12.1893   Cb: 12.8577   Cr: 12.3568 )
00000026: 12.3513   (Y': 12.2051   Cb: 12.9222   Cr: 12.4114 )
00000025: 12.3611   (Y': 12.2356   Cb: 12.8424   Cr: 12.4147 )
00000027: 12.3847   (Y': 12.246    Cb: 12.9327   Cr: 12.4342 )
00000028: 12.3769   (Y': 12.2395   Cb: 12.8966   Cr: 12.446  )
00000030: 12.3568   (Y': 12.2175   Cb: 12.8953   Cr: 12.4168 )
00000029: 12.3345   (Y': 12.1939   Cb: 12.848    Cr: 12.4229 )
00000031: 12.3335   (Y': 12.2014   Cb: 12.8469   Cr: 12.3863 )
00000032: 12.3374   (Y': 12.19     Cb: 12.9177   Cr: 12.3946 )
00000033: 12.3331   (Y': 12.1885   Cb: 12.8974   Cr: 12.3921 )
00000034: 12.3301   (Y': 12.1817   Cb: 12.8796   Cr: 12.4186 )
00000035: 12.3449   (Y': 12.1983   Cb: 12.9346   Cr: 12.3901 )
00000037: 12.3746   (Y': 12.2284   Cb: 12.9043   Cr: 12.4714 )
00000036: 12.3681   (Y': 12.2367   Cb: 12.9137   Cr: 12.389  )
00000038: 12.4311   (Y': 12.2862   Cb: 12.9296   Cr: 12.5511 )
00000039: 12.4004   (Y': 12.281    Cb: 12.8892   Cr: 12.422  )
00000040: 12.4162   (Y': 12.2878   Cb: 12.8867   Cr: 12.4922 )
00000042: 12.4264   (Y': 12.2746   Cb: 12.9311   Cr: 12.5704 )
00000041: 12.4307   (Y': 12.2774   Cb: 12.9672   Cr: 12.5519 )
00000043: 12.4228   (Y': 12.2674   Cb: 12.9217   Cr: 12.5879 )
00000046: 12.3437   (Y': 12.1825   Cb: 12.9304   Cr: 12.4532 )
00000045: 12.2743   (Y': 12.0838   Cb: 12.9122   Cr: 12.4638 )
00000047: 12.3518   (Y': 12.2015   Cb: 12.9189   Cr: 12.4326 )
00000044: 12.2944   (Y': 12.1441   Cb: 12.8877   Cr: 12.3516 )
00000048: 12.2944   (Y': 12.126    Cb: 12.8406   Cr: 12.4713 )
00000049: 12.3263   (Y': 12.1491   Cb: 12.9748   Cr: 12.4493 )
00000050: 12.3875   (Y': 12.2441   Cb: 12.9719   Cr: 12.4239 )
00000051: 12.3852   (Y': 12.2153   Cb: 12.898    Cr: 12.5994 )
00000052: 12.4066   (Y': 12.2601   Cb: 12.9394   Cr: 12.5019 )
00000053: 12.3392   (Y': 12.1701   Cb: 12.9208   Cr: 12.4871 )
00000054: 12.3281   (Y': 12.1649   Cb: 12.8742   Cr: 12.4827 )
00000055: 12.3221   (Y': 12.1688   Cb: 12.9273   Cr: 12.3817 )
00000056: 12.2917   (Y': 12.1088   Cb: 12.939    Cr: 12.4403 )
00000057: 12.354    (Y': 12.1871   Cb: 12.9188   Cr: 12.5077 )
00000058: 12.3206   (Y': 12.1593   Cb: 12.9498   Cr: 12.3928 )
00000059: 12.3385   (Y': 12.1858   Cb: 12.8735   Cr: 12.4582 )
00000060: 12.3458   (Y': 12.1773   Cb: 12.8975   Cr: 12.518  )
00000062: 12.3421   (Y': 12.1687   Cb: 13.0172   Cr: 12.4254 )
00000061: 12.3415   (Y': 12.1495   Cb: 12.9295   Cr: 12.5835 )
00000063: 12.3503   (Y': 12.2119   Cb: 12.8684   Cr: 12.4252 )
00000064: 12.4068   (Y': 12.2474   Cb: 12.9293   Cr: 12.5669 )
00000065: 12.3755   (Y': 12.2215   Cb: 12.958    Cr: 12.4579 )
00000066: 12.3611   (Y': 12.1788   Cb: 12.9908   Cr: 12.5227 )
00000067: 12.387    (Y': 12.2553   Cb: 12.9175   Cr: 12.4226 )
00000068: 12.3527   (Y': 12.186    Cb: 12.9237   Cr: 12.5    )
00000069: 12.3576   (Y': 12.1795   Cb: 13.0031   Cr: 12.4868 )
00000070: 12.3643   (Y': 12.2075   Cb: 12.9405   Cr: 12.4642 )
00000071: 12.4117   (Y': 12.2491   Cb: 12.9792   Cr: 12.5442 )
00000072: 12.3612   (Y': 12.1817   Cb: 12.9792   Cr: 12.5207 )
00000073: 12.3437   (Y': 12.167    Cb: 12.9496   Cr: 12.5027 )
00000074: 12.3453   (Y': 12.1595   Cb: 13.0147   Cr: 12.4868 )
00000075: 12.3641   (Y': 12.1834   Cb: 12.9684   Cr: 12.5417 )
00000077: 12.3507   (Y': 12.1695   Cb: 12.9278   Cr: 12.5554 )
00000076: 12.3556   (Y': 12.1908   Cb: 12.9275   Cr: 12.4936 )
00000078: 12.381    (Y': 12.2197   Cb: 12.9132   Cr: 12.5402 )
00000079: 12.3449   (Y': 12.1536   Cb: 12.9343   Cr: 12.5824 )
00000080: 12.3421   (Y': 12.1507   Cb: 12.9154   Cr: 12.5952 )
00000082: 12.3623   (Y': 12.1739   Cb: 12.9064   Cr: 12.6293 )
00000081: 12.3777   (Y': 12.1972   Cb: 12.9958   Cr: 12.5419 )
00000083: 12.3496   (Y': 12.1575   Cb: 12.9011   Cr: 12.6258 )
00000084: 12.3596   (Y': 12.1948   Cb: 12.8792   Cr: 12.5456 )
00000085: 12.3931   (Y': 12.2311   Cb: 12.9045   Cr: 12.5745 )
00000086: 12.3616   (Y': 12.1967   Cb: 12.8904   Cr: 12.5398 )
00000087: 12.2916   (Y': 12.1111   Cb: 12.8564   Cr: 12.5046 )
00000088: 12.2996   (Y': 12.0818   Cb: 12.9356   Cr: 12.6122 )
00000089: 12.305    (Y': 12.1029   Cb: 12.955    Cr: 12.5346 )
00000090: 12.2794   (Y': 12.089    Cb: 12.8712   Cr: 12.5109 )
00000091: 12.2787   (Y': 12.0941   Cb: 12.8859   Cr: 12.4703 )
00000092: 12.3166   (Y': 12.1117   Cb: 12.9591   Cr: 12.5657 )
00000094: 12.3278   (Y': 12.1486   Cb: 12.9057   Cr: 12.5229 )
00000093: 12.3546   (Y': 12.1581   Cb: 12.9733   Cr: 12.5881 )
00000095: 12.3398   (Y': 12.1706   Cb: 12.9588   Cr: 12.455  )
00000097: 12.3225   (Y': 12.1574   Cb: 12.9575   Cr: 12.406  )
00000096: 12.2708   (Y': 12.0822   Cb: 12.9247   Cr: 12.4381 )
00000098: 12.3489   (Y': 12.2196   Cb: 12.8624   Cr: 12.3901 )
00000099: 12.3253   (Y': 12.1619   Cb: 12.9387   Cr: 12.4201 )
00000101: 12.2295   (Y': 12.1013   Cb: 12.7195   Cr: 12.287  )
00000100: 12.2597   (Y': 12.0948   Cb: 12.8318   Cr: 12.3983 )
00000102: 11.8977   (Y': 11.7525   Cb: 12.2901   Cr: 12.1186 )
00000103: 11.9726   (Y': 11.835    Cb: 12.3959   Cr: 12.1312 )
00000104: 12.1472   (Y': 12.0272   Cb: 12.6322   Cr: 12.1754 )
00000105: 12.1653   (Y': 12.0406   Cb: 12.6922   Cr: 12.175  )
00000107: 12.2309   (Y': 12.1023   Cb: 12.6279   Cr: 12.376  )
00000106: 12.2271   (Y': 12.0928   Cb: 12.6187   Cr: 12.4019 )
00000108: 12.3012   (Y': 12.149    Cb: 12.7713   Cr: 12.4787 )
00000109: 12.257    (Y': 12.1252   Cb: 12.6764   Cr: 12.3947 )
00000110: 12.2762   (Y': 12.12     Cb: 12.7961   Cr: 12.425  )
00000111: 12.2555   (Y': 12.0715   Cb: 12.8323   Cr: 12.4726 )
00000113: 12.3653   (Y': 12.2151   Cb: 12.8683   Cr: 12.504  )
00000114: 12.38     (Y': 12.2189   Cb: 12.8193   Cr: 12.6256 )
00000112: 12.3215   (Y': 12.171    Cb: 12.7865   Cr: 12.4968 )
00000115: 12.412    (Y': 12.2556   Cb: 12.9477   Cr: 12.5472 )
00000116: 12.484    (Y': 12.3158   Cb: 12.9457   Cr: 12.7392 )
00000118: 12.464    (Y': 12.3038   Cb: 12.9365   Cr: 12.6742 )
00000117: 12.4715   (Y': 12.2846   Cb: 12.9493   Cr: 12.7947 )
00000119: 12.5381   (Y': 12.376    Cb: 12.9797   Cr: 12.7859 )
00000121: 12.5797   (Y': 12.3631   Cb: 13.0616   Cr: 13.0351 )
00000120: 12.5532   (Y': 12.3668   Cb: 13.0586   Cr: 12.8476 )
00000123: 12.6868   (Y': 12.4485   Cb: 13.3653   Cr: 13.0533 )
00000122: 12.6725   (Y': 12.4344   Cb: 13.2508   Cr: 13.1334 )
00000124: 12.6828   (Y': 12.4183   Cb: 13.3615   Cr: 13.172  )
00000126: 12.8018   (Y': 12.4623   Cb: 13.7214   Cr: 13.4287 )
00000125: 12.8125   (Y': 12.5054   Cb: 13.6366   Cr: 13.3694 )
00000127: 12.913    (Y': 12.534    Cb: 13.8677   Cr: 13.7084 )
00000128: 12.9211   (Y': 12.5444   Cb: 13.943    Cr: 13.6411 )
00000129: 13.0347   (Y': 12.6689   Cb: 14.1109   Cr: 13.6499 )
00000130: 13.1222   (Y': 12.7415   Cb: 14.2805   Cr: 13.7389 )
00000131: 13.1497   (Y': 12.7453   Cb: 14.2577   Cr: 13.9339 )
00000132: 13.1731   (Y': 12.7734   Cb: 14.3106   Cr: 13.9053 )
00000134: 13.3482   (Y': 12.9898   Cb: 14.392    Cr: 13.9555 )
00000133: 13.3113   (Y': 12.9308   Cb: 14.4777   Cr: 13.9199 )
00000135: 13.1466   (Y': 12.7685   Cb: 14.285    Cr: 13.7674 )
00000136: 13.1396   (Y': 12.781    Cb: 14.1773   Cr: 13.7529 )
00000137: 13.2069   (Y': 12.8527   Cb: 14.1747   Cr: 13.8626 )
00000138: 13.1777   (Y': 12.8295   Cb: 14.2833   Cr: 13.6799 )
00000139: 13.2038   (Y': 12.8638   Cb: 14.1898   Cr: 13.7719 )
00000140: 13.2914   (Y': 12.9835   Cb: 14.2817   Cr: 13.701  )
00000141: 13.2247   (Y': 12.9754   Cb: 14.2133   Cr: 13.3689 )
00000142: 13.1977   (Y': 12.9902   Cb: 14.0268   Cr: 13.2941 )
00000143: 13.0949   (Y': 12.8033   Cb: 14.199    Cr: 13.3329 )
00000144: 13.0128   (Y': 12.7341   Cb: 14.048    Cr: 13.2494 )
00000147: 13.017    (Y': 12.7314   Cb: 14.0784   Cr: 13.2631 )
00000145: 13.0446   (Y': 12.7863   Cb: 14.0918   Cr: 13.181  )
00000146: 13.0231   (Y': 12.7485   Cb: 14.1186   Cr: 13.1918 )
00000149: 12.9502   (Y': 12.6584   Cb: 14.075    Cr: 13.1722 )
00000148: 13.0287   (Y': 12.7732   Cb: 14.0409   Cr: 13.1809 )
00000150: 13.0293   (Y': 12.7843   Cb: 13.9525   Cr: 13.209  )
00000151: 13.0848   (Y': 12.823    Cb: 14.1103   Cr: 13.2536 )
00000152: 13.0247   (Y': 12.7321   Cb: 14.1098   Cr: 13.2828 )
00000154: 12.9012   (Y': 12.5704   Cb: 14.1593   Cr: 13.1934 )
00000155: 12.9234   (Y': 12.6051   Cb: 14.1323   Cr: 13.1977 )
00000153: 12.9329   (Y': 12.6396   Cb: 14.0384   Cr: 13.1773 )
00000156: 12.9277   (Y': 12.603    Cb: 14.1836   Cr: 13.1937 )
00000158: 12.9189   (Y': 12.5751   Cb: 14.0968   Cr: 13.3382 )
00000157: 12.9235   (Y': 12.6277   Cb: 14.0417   Cr: 13.1686 )
00000159: 13.0058   (Y': 12.7032   Cb: 14.1535   Cr: 13.2582 )
00000160: 12.9585   (Y': 12.6524   Cb: 14.1051   Cr: 13.2275 )
00000161: 12.9902   (Y': 12.6802   Cb: 14.187    Cr: 13.2365 )
00000162: 12.8859   (Y': 12.6027   Cb: 13.9215   Cr: 13.1422 )
00000163: 12.7924   (Y': 12.5019   Cb: 13.8983   Cr: 13.0236 )
00000164: 12.7889   (Y': 12.5152   Cb: 13.8654   Cr: 12.9689 )
00000165: 12.7854   (Y': 12.481    Cb: 13.8907   Cr: 13.0802 )
00000166: 12.777    (Y': 12.4926   Cb: 13.8273   Cr: 13.0267 )
00000167: 12.7588   (Y': 12.4678   Cb: 13.796    Cr: 13.0498 )
00000168: 12.7575   (Y': 12.4789   Cb: 13.7506   Cr: 13.0291 )
00000169: 12.7706   (Y': 12.4797   Cb: 13.8881   Cr: 12.9939 )
00000170: 12.7748   (Y': 12.4933   Cb: 13.8723   Cr: 12.9726 )
00000171: 12.7741   (Y': 12.5032   Cb: 13.8302   Cr: 12.9589 )
00000172: 12.7309   (Y': 12.4307   Cb: 13.8559   Cr: 12.9904 )
00000173: 12.76     (Y': 12.4524   Cb: 13.8535   Cr: 13.0803 )
00000174: 12.7709   (Y': 12.4505   Cb: 13.9145   Cr: 13.1087 )
00000175: 12.7491   (Y': 12.466    Cb: 13.8094   Cr: 12.9847 )
00000176: 12.7905   (Y': 12.4998   Cb: 13.8708   Cr: 13.044  )
00000177: 12.7661   (Y': 12.4412   Cb: 13.8902   Cr: 13.141  )
00000178: 12.7836   (Y': 12.486    Cb: 13.8619   Cr: 13.0702 )
00000179: 12.7444   (Y': 12.4304   Cb: 13.854    Cr: 13.0806 )
00000180: 12.6746   (Y': 12.3649   Cb: 13.7881   Cr: 12.9876 )
00000181: 12.7763   (Y': 12.4455   Cb: 13.8552   Cr: 13.2175 )
00000182: 12.7812   (Y': 12.4823   Cb: 13.7897   Cr: 13.1326 )
00000183: 12.7229   (Y': 12.4269   Cb: 13.7405   Cr: 13.0536 )
00000184: 12.7138   (Y': 12.3845   Cb: 13.8287   Cr: 13.1174 )
00000185: 12.7656   (Y': 12.4538   Cb: 13.8269   Cr: 13.1324 )
00000186: 12.7144   (Y': 12.4035   Cb: 13.8279   Cr: 13.0325 )
00000187: 12.7007   (Y': 12.3816   Cb: 13.8101   Cr: 13.0605 )
00000188: 12.6917   (Y': 12.3685   Cb: 13.7969   Cr: 13.0744 )
00000189: 12.6879   (Y': 12.3695   Cb: 13.773    Cr: 13.0652 )
00000190: 12.6766   (Y': 12.3511   Cb: 13.837    Cr: 13.0241 )
00000191: 12.7149   (Y': 12.3937   Cb: 13.8313   Cr: 13.0788 )
00000192: 12.7336   (Y': 12.427    Cb: 13.7425   Cr: 13.1213 )
00000193: 12.8242   (Y': 12.5504   Cb: 13.8809   Cr: 13.021  )
00000194: 12.7734   (Y': 12.4587   Cb: 13.8874   Cr: 13.1093 )
00000195: 12.754    (Y': 12.4429   Cb: 13.834    Cr: 13.1011 )
00000196: 12.7409   (Y': 12.4124   Cb: 13.8554   Cr: 13.141  )
00000197: 12.7178   (Y': 12.4034   Cb: 13.8478   Cr: 13.0389 )
00000198: 12.6841   (Y': 12.3453   Cb: 13.8447   Cr: 13.0936 )
00000199: 12.7378   (Y': 12.4138   Cb: 13.8227   Cr: 13.1416 )
00000200: 12.7917   (Y': 12.505    Cb: 13.8458   Cr: 13.0489 )
00000201: 12.7362   (Y': 12.3852   Cb: 13.9623   Cr: 13.1493 )
00000202: 12.6956   (Y': 12.3683   Cb: 13.772    Cr: 13.1226 )
00000204: 12.7382   (Y': 12.3795   Cb: 13.9462   Cr: 13.2035 )
00000203: 12.7732   (Y': 12.4268   Cb: 13.9322   Cr: 13.2206 )
00000205: 12.7501   (Y': 12.4006   Cb: 13.9507   Cr: 13.1771 )
00000206: 12.7633   (Y': 12.4082   Cb: 13.9514   Cr: 13.2274 )
00000207: 12.7029   (Y': 12.354    Cb: 13.8883   Cr: 13.1398 )
00000208: 12.7434   (Y': 12.3781   Cb: 14.028    Cr: 13.177  )
00000209: 12.7268   (Y': 12.3815   Cb: 13.877    Cr: 13.1761 )
00000210: 12.7051   (Y': 12.3423   Cb: 13.908    Cr: 13.1944 )
00000211: 12.7284   (Y': 12.3993   Cb: 13.8548   Cr: 13.1213 )
00000212: 12.7013   (Y': 12.3383   Cb: 13.9835   Cr: 13.1254 )
00000213: 12.7401   (Y': 12.3695   Cb: 13.9774   Cr: 13.2384 )
00000214: 12.7033   (Y': 12.3576   Cb: 13.9224   Cr: 13.0972 )
00000215: 12.7561   (Y': 12.3938   Cb: 13.9924   Cr: 13.2152 )
00000216: 12.7279   (Y': 12.3773   Cb: 13.928    Cr: 13.1606 )
00000217: 12.7611   (Y': 12.4151   Cb: 13.9715   Cr: 13.1632 )
00000218: 12.7506   (Y': 12.3937   Cb: 13.9512   Cr: 13.2133 )
00000219: 12.7513   (Y': 12.3898   Cb: 13.9677   Cr: 13.2227 )
00000220: 12.6923   (Y': 12.3309   Cb: 13.9413   Cr: 13.1359 )
00000221: 12.7203   (Y': 12.3685   Cb: 13.8686   Cr: 13.2029 )
00000222: 12.691    (Y': 12.3358   Cb: 13.8866   Cr: 13.1497 )
00000223: 12.6841   (Y': 12.3082   Cb: 13.8852   Cr: 13.2393 )
00000224: 12.6852   (Y': 12.3155   Cb: 13.906    Cr: 13.1934 )
00000225: 12.7107   (Y': 12.3652   Cb: 13.8683   Cr: 13.1549 )
00000226: 12.6838   (Y': 12.332    Cb: 13.8002   Cr: 13.194  )
00000227: 12.7303   (Y': 12.3719   Cb: 13.8883   Cr: 13.2365 )
00000228: 12.7253   (Y': 12.3543   Cb: 13.9295   Cr: 13.2541 )
00000230: 13.096    (Y': 12.8066   Cb: 14.0732   Cr: 13.4305 )
00000229: 13.0628   (Y': 12.7535   Cb: 14.1463   Cr: 13.3989 )
00000231: 13.1702   (Y': 12.9054   Cb: 14.1139   Cr: 13.4212 )
00000232: 13.2355   (Y': 12.9814   Cb: 14.1808   Cr: 13.4375 )
00000233: 13.2179   (Y': 13.0083   Cb: 14.0245   Cr: 13.3427 )
00000234: 13.2281   (Y': 13.0066   Cb: 14.0222   Cr: 13.415  )
00000235: 13.1545   (Y': 12.9395   Cb: 13.9276   Cr: 13.3312 )
00000236: 13.1731   (Y': 12.9963   Cb: 13.9406   Cr: 13.1915 )
00000237: 13.1362   (Y': 13.0362   Cb: 13.7887   Cr: 12.9395 )
00000238: 13.1219   (Y': 13.0295   Cb: 13.7574   Cr: 12.9095 )
00000239: 13.0473   (Y': 12.9921   Cb: 13.5025   Cr: 12.8425 )
00000240: 13.021    (Y': 12.9403   Cb: 13.5985   Cr: 12.8112 )
00000241: 12.9196   (Y': 12.888    Cb: 13.4282   Cr: 12.5802 )
00000242: 12.9712   (Y': 12.9138   Cb: 13.4996   Cr: 12.7127 )
00000243: 12.9846   (Y': 12.8956   Cb: 13.4279   Cr: 12.9231 )
00000244: 13.0119   (Y': 12.9607   Cb: 13.3833   Cr: 12.8644 )
00000245: 12.9565   (Y': 12.8699   Cb: 13.3867   Cr: 12.8971 )
00000246: 12.9811   (Y': 12.91     Cb: 13.3844   Cr: 12.884  )
00000247: 12.9056   (Y': 12.8422   Cb: 13.3452   Cr: 12.746  )
00000248: 12.8349   (Y': 12.754    Cb: 13.3068   Cr: 12.7162 )
00000249: 12.9562   (Y': 12.8908   Cb: 13.3537   Cr: 12.8414 )
00000250: 12.9474   (Y': 12.8731   Cb: 13.342    Cr: 12.8704 )
00000251: 13.0334   (Y': 12.9517   Cb: 13.4375   Cr: 12.9774 )
00000252: 13.0323   (Y': 12.969    Cb: 13.4092   Cr: 12.9276 )
00000253: 13.0022   (Y': 12.9066   Cb: 13.4275   Cr: 12.9836 )
00000254: 12.9966   (Y': 12.8677   Cb: 13.5002   Cr: 13.0447 )
00000255: 12.927    (Y': 12.7999   Cb: 13.4347   Cr: 12.9639 )
00000256: 12.9266   (Y': 12.8126   Cb: 13.4116   Cr: 12.9296 )
00000257: 12.8606   (Y': 12.7266   Cb: 13.4425   Cr: 12.8603 )
00000258: 12.8478   (Y': 12.6792   Cb: 13.5269   Cr: 12.9069 )
00000259: 12.8549   (Y': 12.6843   Cb: 13.4769   Cr: 12.9728 )
00000260: 12.982    (Y': 12.8165   Cb: 13.612    Cr: 13.0713 )
00000261: 13.1131   (Y': 12.8378   Cb: 13.9594   Cr: 13.4972 )
00000262: 13.1221   (Y': 12.8571   Cb: 14.013    Cr: 13.4194 )
00000263: 13.0284   (Y': 12.7727   Cb: 13.8486   Cr: 13.3457 )
00000264: 12.9016   (Y': 12.7755   Cb: 13.3156   Cr: 13.0204 )
00000265: 12.7794   (Y': 12.7104   Cb: 12.9455   Cr: 12.8963 )
00000266: 12.75     (Y': 12.6833   Cb: 13.031    Cr: 12.7465 )
00000267: 12.7405   (Y': 12.6597   Cb: 13.0292   Cr: 12.7877 )
00000268: 12.726    (Y': 12.6902   Cb: 12.9824   Cr: 12.622  )
00000270: 12.7042   (Y': 12.6558   Cb: 12.9412   Cr: 12.6688 )
00000269: 12.7109   (Y': 12.6835   Cb: 12.9119   Cr: 12.625  )
00000271: 12.6973   (Y': 12.6648   Cb: 12.926    Cr: 12.6064 )
00000272: 12.5727   (Y': 12.536    Cb: 12.8313   Cr: 12.4705 )
00000273: 12.5652   (Y': 12.5452   Cb: 12.7747   Cr: 12.4428 )
00000274: 12.5782   (Y': 12.5663   Cb: 12.7889   Cr: 12.423  )
00000275: 12.6645   (Y': 12.5948   Cb: 12.8791   Cr: 12.7364 )
00000276: 12.6684   (Y': 12.6121   Cb: 12.8535   Cr: 12.7138 )
00000277: 12.689    (Y': 12.6386   Cb: 12.8377   Cr: 12.7457 )
00000278: 12.7266   (Y': 12.6636   Cb: 12.9181   Cr: 12.7932 )
00000279: 12.6985   (Y': 12.6348   Cb: 12.9139   Cr: 12.7455 )
00000280: 12.7796   (Y': 12.7169   Cb: 12.9318   Cr: 12.8842 )
00000281: 12.779    (Y': 12.6888   Cb: 13.0923   Cr: 12.8419 )
00000282: 12.7943   (Y': 12.7093   Cb: 13.047    Cr: 12.893  )
00000283: 12.782    (Y': 12.7246   Cb: 12.9947   Cr: 12.8053 )
00000284: 12.7015   (Y': 12.6318   Cb: 12.9466   Cr: 12.7445 )
00000285: 12.6477   (Y': 12.5625   Cb: 12.9517   Cr: 12.6982 )
00000286: 12.6998   (Y': 12.6422   Cb: 12.9292   Cr: 12.7082 )
00000287: 12.6852   (Y': 12.6183   Cb: 12.9159   Cr: 12.7303 )
00000288: 12.6528   (Y': 12.6022   Cb: 12.8559   Cr: 12.6582 )
00000289: 12.6703   (Y': 12.629    Cb: 12.9299   Cr: 12.5853 )
00000291: 12.6174   (Y': 12.5694   Cb: 12.7442   Cr: 12.6857 )
00000290: 12.6701   (Y': 12.6288   Cb: 12.8507   Cr: 12.659  )
00000292: 12.6749   (Y': 12.6277   Cb: 12.8538   Cr: 12.6894 )
00000293: 12.6959   (Y': 12.6354   Cb: 12.9031   Cr: 12.7378 )
00000294: 12.6981   (Y': 12.6269   Cb: 12.8968   Cr: 12.792  )
00000295: 12.6962   (Y': 12.6427   Cb: 12.9071   Cr: 12.7056 )
00000296: 12.786    (Y': 12.7414   Cb: 12.9621   Cr: 12.7927 )
00000297: 12.7229   (Y': 12.6896   Cb: 12.8849   Cr: 12.6977 )
00000298: 12.6922   (Y': 12.6332   Cb: 12.8693   Cr: 12.757  )
00000299: 12.6872   (Y': 12.6142   Cb: 12.9291   Cr: 12.7469 )
00000300: 12.7046   (Y': 12.6454   Cb: 12.9026   Cr: 12.7497 )
00000301: 12.679    (Y': 12.5929   Cb: 12.9511   Cr: 12.7642 )
00000302: 12.7097   (Y': 12.6237   Cb: 12.9711   Cr: 12.8044 )
00000303: 12.7255   (Y': 12.6489   Cb: 13.0021   Cr: 12.7667 )
00000304: 12.6117   (Y': 12.5154   Cb: 12.9105   Cr: 12.7137 )
00000305: 12.6836   (Y': 12.6132   Cb: 12.9167   Cr: 12.7408 )
00000306: 12.681    (Y': 12.5822   Cb: 12.943    Cr: 12.8295 )
00000307: 12.6711   (Y': 12.5766   Cb: 12.9346   Cr: 12.7996 )
00000308: 12.6338   (Y': 12.5358   Cb: 12.9774   Cr: 12.7001 )
00000309: 12.6432   (Y': 12.5406   Cb: 12.9292   Cr: 12.7841 )
00000310: 12.6412   (Y': 12.5351   Cb: 12.9541   Cr: 12.7707 )
00000311: 12.6942   (Y': 12.6164   Cb: 12.9531   Cr: 12.7571 )
00000312: 12.6626   (Y': 12.5549   Cb: 12.9866   Cr: 12.7882 )
00000313: 12.6312   (Y': 12.5213   Cb: 12.9274   Cr: 12.7926 )
00000314: 12.6009   (Y': 12.468    Cb: 12.9683   Cr: 12.7929 )
00000315: 12.6682   (Y': 12.5753   Cb: 12.9244   Cr: 12.7969 )
00000316: 12.6765   (Y': 12.5786   Cb: 12.9448   Cr: 12.814  )
00000317: 12.7252   (Y': 12.6884   Cb: 12.8661   Cr: 12.7345 )
00000318: 12.6403   (Y': 12.5234   Cb: 12.9305   Cr: 12.8375 )
00000319: 12.7102   (Y': 12.6499   Cb: 12.9129   Cr: 12.7553 )
00000320: 12.7202   (Y': 12.6519   Cb: 12.968    Cr: 12.7551 )
00000321: 12.7045   (Y': 12.6315   Cb: 12.9277   Cr: 12.7817 )
00000322: 12.6434   (Y': 12.54     Cb: 12.9623   Cr: 12.7562 )
00000323: 12.6906   (Y': 12.6094   Cb: 12.9453   Cr: 12.7719 )
00000324: 12.7549   (Y': 12.6801   Cb: 13.0308   Cr: 12.7896 )
00000325: 12.7455   (Y': 12.6854   Cb: 12.9886   Cr: 12.751  )
00000326: 12.7819   (Y': 12.6948   Cb: 13.0259   Cr: 12.8979 )
00000327: 12.7817   (Y': 12.6835   Cb: 13.0112   Cr: 12.959  )
00000328: 12.7815   (Y': 12.7112   Cb: 12.9871   Cr: 12.8654 )
00000329: 12.7951   (Y': 12.7414   Cb: 12.9422   Cr: 12.8673 )
00000330: 12.7506   (Y': 12.6876   Cb: 12.987    Cr: 12.7743 )
00000331: 12.7288   (Y': 12.6479   Cb: 12.9861   Cr: 12.8066 )
00000332: 12.7943   (Y': 12.6753   Cb: 13.0461   Cr: 13.039  )
00000333: 12.8042   (Y': 12.7157   Cb: 12.9909   Cr: 12.983  )
00000335: 12.7892   (Y': 12.6804   Cb: 13.0681   Cr: 12.963  )
00000334: 12.7738   (Y': 12.6851   Cb: 13.0277   Cr: 12.8868 )
00000336: 12.7257   (Y': 12.5984   Cb: 13.1147   Cr: 12.8728 )
00000337: 12.7592   (Y': 12.67     Cb: 13.0366   Cr: 12.8522 )
00000339: 12.7315   (Y': 12.6516   Cb: 12.901    Cr: 12.8908 )
00000338: 12.7858   (Y': 12.7025   Cb: 13.012    Cr: 12.903  )
00000340: 12.7291   (Y': 12.6053   Cb: 13.0808   Cr: 12.8964 )
00000341: 12.7088   (Y': 12.6167   Cb: 12.9894   Cr: 12.8107 )
00000342: 12.6779   (Y': 12.5704   Cb: 12.9061   Cr: 12.8965 )
00000343: 12.7102   (Y': 12.5864   Cb: 13.0273   Cr: 12.9114 )
00000344: 12.7488   (Y': 12.612    Cb: 13.0897   Cr: 12.9831 )
00000345: 12.7414   (Y': 12.5883   Cb: 13.061    Cr: 13.0688 )
00000346: 12.7108   (Y': 12.595    Cb: 12.9511   Cr: 12.9531 )
00000347: 12.698    (Y': 12.561    Cb: 13.0333   Cr: 12.9389 )
00000348: 12.7359   (Y': 12.5904   Cb: 13.109    Cr: 12.9769 )
00000349: 12.6445   (Y': 12.4905   Cb: 12.9559   Cr: 12.984  )
00000351: 12.6747   (Y': 12.5454   Cb: 12.9744   Cr: 12.9168 )
00000350: 12.6973   (Y': 12.5601   Cb: 12.9875   Cr: 12.9834 )
00000352: 12.6898   (Y': 12.5679   Cb: 12.9528   Cr: 12.9361 )
00000353: 12.731    (Y': 12.6202   Cb: 12.9926   Cr: 12.9307 )
00000354: 12.675    (Y': 12.5326   Cb: 13.0232   Cr: 12.9268 )
00000355: 12.6828   (Y': 12.5467   Cb: 12.9954   Cr: 12.9416 )
00000356: 12.7036   (Y': 12.5763   Cb: 13.074    Cr: 12.8687 )
00000357: 12.7006   (Y': 12.5695   Cb: 13.0599   Cr: 12.8922 )
00000358: 12.6818   (Y': 12.5576   Cb: 13.0736   Cr: 12.8133 )
00000359: 12.6929   (Y': 12.5688   Cb: 12.9688   Cr: 12.9354 )
00000360: 12.6781   (Y': 12.5421   Cb: 13.007    Cr: 12.9208 )
00000361: 12.7042   (Y': 12.5629   Cb: 13.0312   Cr: 12.9719 )
00000362: 12.6739   (Y': 12.5285   Cb: 13.0165   Cr: 12.9438 )
00000363: 12.7162   (Y': 12.5767   Cb: 13.0591   Cr: 12.9606 )
00000364: 12.7179   (Y': 12.5898   Cb: 13.0651   Cr: 12.9085 )
00000365: 12.7095   (Y': 12.5794   Cb: 13.0516   Cr: 12.9136 )
00000366: 12.7072   (Y': 12.5637   Cb: 13.0527   Cr: 12.9661 )
00000367: 12.7319   (Y': 12.5992   Cb: 13.0383   Cr: 12.9821 )
00000368: 12.702    (Y': 12.6295   Cb: 12.884    Cr: 12.8178 )
00000369: 12.6989   (Y': 12.574    Cb: 12.9912   Cr: 12.929  )
00000370: 12.734    (Y': 12.6302   Cb: 12.9792   Cr: 12.9194 )
00000371: 12.678    (Y': 12.5714   Cb: 12.8859   Cr: 12.913  )
00000372: 12.7223   (Y': 12.6004   Cb: 13.055    Cr: 12.9004 )
00000373: 12.7314   (Y': 12.6074   Cb: 13.0463   Cr: 12.9353 )
00000374: 12.703    (Y': 12.565    Cb: 13.0525   Cr: 12.9341 )
00000375: 12.7464   (Y': 12.6337   Cb: 13.0182   Cr: 12.9444 )
00000376: 12.7025   (Y': 12.5869   Cb: 12.9665   Cr: 12.9204 )
00000377: 12.7014   (Y': 12.5757   Cb: 12.9713   Cr: 12.9571 )
00000378: 12.6873   (Y': 12.5387   Cb: 13.1016   Cr: 12.9022 )
00000379: 12.7219   (Y': 12.5843   Cb: 13.1047   Cr: 12.9193 )
00000380: 12.6748   (Y': 12.5457   Cb: 12.8919   Cr: 12.9994 )
00000381: 12.6983   (Y': 12.5777   Cb: 13.0271   Cr: 12.8742 )
00000382: 12.7038   (Y': 12.579    Cb: 13.0395   Cr: 12.891  )
00000383: 12.6678   (Y': 12.5603   Cb: 12.8969   Cr: 12.8854 )
00000384: 12.6849   (Y': 12.5548   Cb: 13.0126   Cr: 12.9033 )
00000385: 12.6951   (Y': 12.5699   Cb: 13.0606   Cr: 12.8559 )
00000386: 12.7153   (Y': 12.6101   Cb: 12.9642   Cr: 12.9033 )
00000387: 12.6986   (Y': 12.5655   Cb: 12.9733   Cr: 12.9822 )
00000388: 12.7074   (Y': 12.5905   Cb: 12.9526   Cr: 12.9495 )
00000389: 12.6971   (Y': 12.5594   Cb: 13.0799   Cr: 12.895  )
00000390: 12.7078   (Y': 12.5576   Cb: 13.0786   Cr: 12.9715 )
00000391: 12.6496   (Y': 12.5184   Cb: 12.9631   Cr: 12.886  )
00000392: 12.6995   (Y': 12.5707   Cb: 12.9951   Cr: 12.9436 )
00000393: 12.6676   (Y': 12.5577   Cb: 12.9358   Cr: 12.8571 )
00000394: 12.6754   (Y': 12.5123   Cb: 13.0247   Cr: 13.0179 )
00000395: 12.6657   (Y': 12.5186   Cb: 13.0491   Cr: 12.9034 )
00000396: 12.7546   (Y': 12.6269   Cb: 13.144    Cr: 12.903  )
00000397: 12.6486   (Y': 12.4989   Cb: 12.9959   Cr: 12.9334 )
00000398: 12.7004   (Y': 12.5667   Cb: 13.0757   Cr: 12.8879 )
00000399: 12.668    (Y': 12.5317   Cb: 12.9906   Cr: 12.9179 )
00000400: 12.6694   (Y': 12.5118   Cb: 13.0894   Cr: 12.9179 )
00000401: 12.7429   (Y': 12.5967   Cb: 13.141    Cr: 12.9625 )
00000402: 12.675    (Y': 12.5413   Cb: 13.0326   Cr: 12.8795 )
00000403: 12.7054   (Y': 12.6037   Cb: 13.0211   Cr: 12.8138 )
00000404: 12.6635   (Y': 12.5236   Cb: 13.0135   Cr: 12.9027 )
00000405: 12.7089   (Y': 12.6103   Cb: 12.9566   Cr: 12.8695 )
00000406: 12.708    (Y': 12.5972   Cb: 12.988    Cr: 12.8893 )
00000407: 12.7264   (Y': 12.6004   Cb: 12.9944   Cr: 12.9853 )
00000408: 12.6868   (Y': 12.5705   Cb: 13.0255   Cr: 12.8351 )
00000409: 12.6878   (Y': 12.5628   Cb: 13.0128   Cr: 12.8862 )
00000410: 12.636    (Y': 12.4796   Cb: 13.0632   Cr: 12.8729 )
00000411: 12.6811   (Y': 12.5499   Cb: 12.9178   Cr: 12.9944 )
00000412: 12.68     (Y': 12.5212   Cb: 13.0544   Cr: 12.9781 )
00000413: 12.7143   (Y': 12.5262   Cb: 13.1042   Cr: 13.1295 )
00000414: 12.7154   (Y': 12.5202   Cb: 13.1495   Cr: 13.1189 )
00000415: 12.7314   (Y': 12.5362   Cb: 13.1633   Cr: 13.137  )
00000416: 12.6948   (Y': 12.469    Cb: 13.1915   Cr: 13.1787 )
00000417: 12.7146   (Y': 12.5045   Cb: 13.2037   Cr: 13.1325 )
00000418: 12.6935   (Y': 12.5099   Cb: 13.0609   Cr: 13.111  )
00000419: 12.7137   (Y': 12.5661   Cb: 13.0738   Cr: 12.9762 )
00000420: 12.6786   (Y': 12.5746   Cb: 12.9244   Cr: 12.8648 )
00000421: 12.591    (Y': 12.4527   Cb: 12.9476   Cr: 12.8164 )
00000422: 12.6054   (Y': 12.4702   Cb: 12.9071   Cr: 12.8714 )
00000423: 12.571    (Y': 12.4318   Cb: 12.9496   Cr: 12.7792 )
00000424: 12.6381   (Y': 12.5101   Cb: 12.9566   Cr: 12.8564 )
00000425: 12.5142   (Y': 12.4118   Cb: 12.8926   Cr: 12.5665 )
00000426: 12.5787   (Y': 12.4862   Cb: 12.9224   Cr: 12.622  )
00000427: 12.5206   (Y': 12.4321   Cb: 12.7576   Cr: 12.6495 )
00000428: 12.5661   (Y': 12.4866   Cb: 12.8858   Cr: 12.5788 )
00000429: 12.5236   (Y': 12.3823   Cb: 12.9043   Cr: 12.7386 )
00000430: 12.5882   (Y': 12.4524   Cb: 13.0085   Cr: 12.7422 )
00000431: 12.5549   (Y': 12.4409   Cb: 12.8821   Cr: 12.704  )
00000432: 12.5388   (Y': 12.4173   Cb: 12.9293   Cr: 12.6597 )
00000433: 12.5666   (Y': 12.4606   Cb: 12.8648   Cr: 12.7099 )
00000434: 12.5058   (Y': 12.4211   Cb: 12.8071   Cr: 12.5571 )
00000436: 12.5931   (Y': 12.484    Cb: 12.9539   Cr: 12.6897 )
00000435: 12.5195   (Y': 12.4103   Cb: 12.8795   Cr: 12.6174 )
00000437: 12.5749   (Y': 12.4678   Cb: 12.9583   Cr: 12.6424 )
00000438: 12.5764   (Y': 12.481    Cb: 12.9437   Cr: 12.6099 )
00000439: 12.5949   (Y': 12.4922   Cb: 12.9236   Cr: 12.695  )
00000440: 12.6238   (Y': 12.4662   Cb: 13.0255   Cr: 12.8904 )
00000441: 12.5948   (Y': 12.446    Cb: 12.9274   Cr: 12.8903 )
00000442: 12.6785   (Y': 12.535    Cb: 13.0406   Cr: 12.9213 )
00000444: 12.6212   (Y': 12.4764   Cb: 12.984    Cr: 12.8692 )
00000445: 12.6566   (Y': 12.5154   Cb: 13.031    Cr: 12.8774 )
00000443: 12.6456   (Y': 12.5071   Cb: 12.9709   Cr: 12.9025 )
00000446: 12.6274   (Y': 12.463    Cb: 13.0038   Cr: 12.9485 )
00000447: 12.5801   (Y': 12.4095   Cb: 12.9543   Cr: 12.931  )
00000448: 12.6199   (Y': 12.4766   Cb: 12.9328   Cr: 12.9104 )
00000449: 12.5446   (Y': 12.3599   Cb: 12.9983   Cr: 12.8807 )
00000450: 12.5568   (Y': 12.3897   Cb: 12.9629   Cr: 12.8609 )
00000451: 12.6005   (Y': 12.4117   Cb: 13.0544   Cr: 12.9555 )
00000452: 12.5961   (Y': 12.4268   Cb: 12.9822   Cr: 12.9302 )
00000453: 12.6011   (Y': 12.4431   Cb: 12.9416   Cr: 12.9296 )
00000454: 12.6139   (Y': 12.4368   Cb: 12.9862   Cr: 12.9963 )
00000455: 12.6059   (Y': 12.4179   Cb: 13.0785   Cr: 12.9394 )
00000456: 12.577    (Y': 12.3955   Cb: 13.0019   Cr: 12.9274 )
00000457: 12.6087   (Y': 12.455    Cb: 12.9048   Cr: 12.9625 )
00000458: 12.5873   (Y': 12.4151   Cb: 12.9469   Cr: 12.9607 )
00000459: 12.583    (Y': 12.3955   Cb: 13.0155   Cr: 12.9527 )
00000460: 12.5717   (Y': 12.3942   Cb: 12.9631   Cr: 12.9375 )
00000461: 12.5949   (Y': 12.4317   Cb: 12.991    Cr: 12.8911 )
00000462: 12.6123   (Y': 12.4227   Cb: 13.0537   Cr: 12.9831 )
00000463: 12.6159   (Y': 12.4208   Cb: 13.0616   Cr: 13.0075 )
00000464: 12.6318   (Y': 12.4855   Cb: 12.9414   Cr: 12.9384 )
00000465: 12.5803   (Y': 12.3968   Cb: 13.0112   Cr: 12.9337 )
00000466: 12.6034   (Y': 12.4313   Cb: 13.0339   Cr: 12.9059 )
00000467: 12.6048   (Y': 12.411    Cb: 13.0605   Cr: 12.9804 )
00000468: 12.5609   (Y': 12.3798   Cb: 12.9387   Cr: 12.9564 )
00000469: 12.6      (Y': 12.4216   Cb: 13.0001   Cr: 12.9608 )
00000470: 12.6312   (Y': 12.4576   Cb: 13.0525   Cr: 12.9491 )
00000471: 12.5857   (Y': 12.4183   Cb: 12.9994   Cr: 12.8841 )
00000472: 12.6292   (Y': 12.4785   Cb: 12.9393   Cr: 12.9553 )
00000473: 12.604    (Y': 12.4311   Cb: 13.0346   Cr: 12.9106 )
00000474: 12.5949   (Y': 12.4123   Cb: 13.0348   Cr: 12.9357 )
00000475: 12.6125   (Y': 12.4496   Cb: 12.9867   Cr: 12.9292 )
00000476: 12.5676   (Y': 12.3968   Cb: 12.9445   Cr: 12.9175 )
00000477: 12.5616   (Y': 12.3924   Cb: 12.9161   Cr: 12.9261 )
00000478: 12.6162   (Y': 12.4476   Cb: 13.0219   Cr: 12.9277 )
00000479: 12.5901   (Y': 12.4226   Cb: 13.015    Cr: 12.8782 )
00000480: 12.5987   (Y': 12.4474   Cb: 12.9169   Cr: 12.9195 )
00000481: 12.6019   (Y': 12.4235   Cb: 13.0754   Cr: 12.8913 )
00000482: 12.6593   (Y': 12.5212   Cb: 12.9918   Cr: 12.9075 )
00000483: 12.6149   (Y': 12.4445   Cb: 13.0112   Cr: 12.9436 )
00000484: 12.6185   (Y': 12.4668   Cb: 12.9339   Cr: 12.9434 )
00000485: 12.649    (Y': 12.5061   Cb: 12.9581   Cr: 12.9416 )
00000486: 12.615    (Y': 12.4535   Cb: 12.9833   Cr: 12.9316 )
00000487: 12.6081   (Y': 12.4733   Cb: 12.8689   Cr: 12.9132 )
00000488: 12.5633   (Y': 12.4051   Cb: 12.951    Cr: 12.8464 )
00000489: 12.592    (Y': 12.4426   Cb: 12.9021   Cr: 12.9124 )
00000490: 12.6414   (Y': 12.4867   Cb: 12.97     Cr: 12.9666 )
00000491: 12.6041   (Y': 12.4594   Cb: 12.9081   Cr: 12.9094 )
00000492: 12.621    (Y': 12.4644   Cb: 12.9795   Cr: 12.9251 )
00000493: 12.6711   (Y': 12.5127   Cb: 13.0161   Cr: 12.9966 )
00000494: 12.7169   (Y': 12.5983   Cb: 12.9784   Cr: 12.9505 )
00000495: 12.6614   (Y': 12.4975   Cb: 13.0735   Cr: 12.9457 )
00000496: 12.6818   (Y': 12.5355   Cb: 13.0138   Cr: 12.9664 )
00000497: 12.6979   (Y': 12.5655   Cb: 12.9592   Cr: 12.9915 )
00000498: 12.6932   (Y': 12.5453   Cb: 13.0016   Cr: 13.0081 )
00000499: 12.7461   (Y': 12.5998   Cb: 13.0772   Cr: 13.0314 )
00000500: 12.7207   (Y': 12.5992   Cb: 12.9787   Cr: 12.9702 )
00000501: 12.7489   (Y': 12.6111   Cb: 13.0856   Cr: 12.9913 )
00000502: 12.7489   (Y': 12.6222   Cb: 13.078    Cr: 12.9511 )
00000503: 12.7409   (Y': 12.6179   Cb: 13.0497   Cr: 12.9463 )
00000504: 12.7462   (Y': 12.6064   Cb: 13.0846   Cr: 12.9956 )
00000505: 12.7355   (Y': 12.5892   Cb: 13.1201   Cr: 12.969  )
00000506: 12.7739   (Y': 12.6224   Cb: 13.1386   Cr: 13.0498 )
00000507: 12.774    (Y': 12.6373   Cb: 13.1455   Cr: 12.978  )
00000508: 12.8172   (Y': 12.6873   Cb: 13.1248   Cr: 13.054  )
00000509: 12.7829   (Y': 12.6337   Cb: 13.1627   Cr: 13.0336 )
00000510: 12.7968   (Y': 12.6632   Cb: 13.1052   Cr: 13.049  )
00000511: 12.7509   (Y': 12.6293   Cb: 13.0785   Cr: 12.9322 )
00000512: 12.7295   (Y': 12.6017   Cb: 13.0275   Cr: 12.9665 )
00000513: 12.7539   (Y': 12.6415   Cb: 13.0743   Cr: 12.9031 )
00000514: 12.7179   (Y': 12.5804   Cb: 13.0711   Cr: 12.9432 )
00000515: 12.7567   (Y': 12.6332   Cb: 13.0638   Cr: 12.9662 )
00000516: 12.7593   (Y': 12.6317   Cb: 13.1341   Cr: 12.9213 )
00000517: 12.8366   (Y': 12.7326   Cb: 13.0848   Cr: 13.0198 )
00000518: 12.8266   (Y': 12.7052   Cb: 13.1794   Cr: 12.9829 )
00000519: 12.8547   (Y': 12.7111   Cb: 13.1918   Cr: 13.1222 )
00000520: 12.8146   (Y': 12.6797   Cb: 13.1065   Cr: 13.0884 )
00000521: 12.7832   (Y': 12.6555   Cb: 13.0383   Cr: 13.0629 )
00000522: 12.7714   (Y': 12.6445   Cb: 13.038    Cr: 13.036  )
00000523: 12.794    (Y': 12.7004   Cb: 13.0278   Cr: 12.9473 )
00000524: 12.7924   (Y': 12.6823   Cb: 13.0162   Cr: 13.0261 )
00000525: 12.7475   (Y': 12.6315   Cb: 13.0278   Cr: 12.9507 )
00000526: 12.7511   (Y': 12.6174   Cb: 13.0788   Cr: 12.9849 )
00000527: 12.6919   (Y': 12.5879   Cb: 12.9815   Cr: 12.8349 )
00000528: 12.6826   (Y': 12.5681   Cb: 13.0176   Cr: 12.8266 )
00000529: 12.6826   (Y': 12.5677   Cb: 12.9186   Cr: 12.9252 )
00000530: 12.6865   (Y': 12.5629   Cb: 13.0345   Cr: 12.8567 )
00000531: 12.7159   (Y': 12.5775   Cb: 13.0328   Cr: 12.9808 )
00000532: 12.6693   (Y': 12.5288   Cb: 13.0145   Cr: 12.9153 )
00000533: 12.7572   (Y': 12.6465   Cb: 12.9936   Cr: 12.9812 )
00000534: 12.7395   (Y': 12.6023   Cb: 13.0989   Cr: 12.9575 )
00000535: 12.7908   (Y': 12.6846   Cb: 13.0223   Cr: 13.0002 )
00000536: 12.816    (Y': 12.7377   Cb: 13.0504   Cr: 12.9045 )
00000537: 12.7537   (Y': 12.6497   Cb: 13.0339   Cr: 12.9064 )
00000538: 12.7814   (Y': 12.6673   Cb: 13.0465   Cr: 12.9915 )
00000539: 12.7873   (Y': 12.6875   Cb: 13.0361   Cr: 12.9526 )
00000540: 12.7715   (Y': 12.6826   Cb: 12.9533   Cr: 12.9566 )
00000541: 12.8211   (Y': 12.7187   Cb: 13.076    Cr: 12.9913 )
00000542: 12.7427   (Y': 12.6292   Cb: 13.0103   Cr: 12.9482 )
00000543: 12.7055   (Y': 12.575    Cb: 13.0211   Cr: 12.9371 )
00000544: 12.7541   (Y': 12.6531   Cb: 12.9529   Cr: 12.974  )
00000545: 12.6978   (Y': 12.5996   Cb: 12.9508   Cr: 12.8522 )
00000546: 12.6884   (Y': 12.5837   Cb: 12.932    Cr: 12.8797 )
00000547: 12.6393   (Y': 12.542    Cb: 12.8807   Cr: 12.8009 )
00000548: 12.5653   (Y': 12.4589   Cb: 12.802    Cr: 12.7706 )
00000549: 12.4523   (Y': 12.33     Cb: 12.7351   Cr: 12.6807 )
00000550: 12.6303   (Y': 12.4994   Cb: 12.9595   Cr: 12.8504 )
00000551: 12.6534   (Y': 12.5049   Cb: 13.0458   Cr: 12.889  )
00000552: 12.6307   (Y': 12.4658   Cb: 13.0788   Cr: 12.8849 )
00000553: 12.7333   (Y': 12.5523   Cb: 13.2079   Cr: 13.0327 )
00000554: 12.3892   (Y': 12.1447   Cb: 13.1599   Cr: 12.7002 )
00000555: 12.319    (Y': 12.067    Cb: 13.1613   Cr: 12.6003 )
00000556: 12.4305   (Y': 12.1769   Cb: 13.2707   Cr: 12.7209 )
00000557: 12.4724   (Y': 12.2388   Cb: 13.2192   Cr: 12.7552 )
00000558: 12.4632   (Y': 12.2321   Cb: 13.2734   Cr: 12.6789 )
00000559: 12.4721   (Y': 12.2311   Cb: 13.2975   Cr: 12.7188 )
00000560: 12.4869   (Y': 12.2453   Cb: 13.2937   Cr: 12.752  )
00000561: 12.4825   (Y': 12.2366   Cb: 13.3021   Cr: 12.7562 )
00000562: 12.4354   (Y': 12.1551   Cb: 13.3574   Cr: 12.7761 )
00000563: 12.4264   (Y': 12.1557   Cb: 13.3255   Cr: 12.7433 )
00000564: 12.445    (Y': 12.1688   Cb: 13.3576   Cr: 12.7752 )
00000565: 12.3761   (Y': 12.0971   Cb: 13.2881   Cr: 12.7197 )
00000566: 12.4466   (Y': 12.1744   Cb: 13.3914   Cr: 12.7299 )
00000567: 12.3546   (Y': 12.0415   Cb: 13.3715   Cr: 12.7655 )
00000568: 12.4143   (Y': 12.1538   Cb: 13.2842   Cr: 12.7097 )
00000569: 12.386    (Y': 12.1124   Cb: 13.3226   Cr: 12.6834 )
00000570: 12.3832   (Y': 12.106    Cb: 13.2636   Cr: 12.7462 )
00000571: 12.3692   (Y': 12.1039   Cb: 13.2465   Cr: 12.6802 )
00000572: 12.3692   (Y': 12.0763   Cb: 13.3472   Cr: 12.7189 )
00000573: 12.434    (Y': 12.1701   Cb: 13.3218   Cr: 12.729  )
00000574: 12.3819   (Y': 12.0965   Cb: 13.3088   Cr: 12.7414 )
00000575: 12.4369   (Y': 12.1863   Cb: 13.3089   Cr: 12.6858 )
00000576: 12.3972   (Y': 12.1236   Cb: 13.2857   Cr: 12.7361 )
00000577: 12.3632   (Y': 12.0864   Cb: 13.2671   Cr: 12.7038 )
00000578: 12.395    (Y': 12.1338   Cb: 13.2434   Cr: 12.7128 )
00000579: 12.3461   (Y': 12.0485   Cb: 13.3686   Cr: 12.6794 )
00000580: 12.4035   (Y': 12.139    Cb: 13.2682   Cr: 12.7218 )
00000581: 12.3939   (Y': 12.1198   Cb: 13.3043   Cr: 12.7156 )
00000582: 12.4038   (Y': 12.1262   Cb: 13.3281   Cr: 12.7298 )
00000583: 12.3556   (Y': 12.0779   Cb: 13.2613   Cr: 12.6981 )
00000584: 12.3653   (Y': 12.0797   Cb: 13.2995   Cr: 12.7194 )
00000585: 12.3964   (Y': 12.1339   Cb: 13.2969   Cr: 12.6741 )
00000586: 12.4351   (Y': 12.1501   Cb: 13.3544   Cr: 12.7997 )
00000587: 12.3738   (Y': 12.0761   Cb: 13.3193   Cr: 12.7744 )
00000588: 12.4177   (Y': 12.1548   Cb: 13.2907   Cr: 12.7211 )
00000589: 12.4186   (Y': 12.1715   Cb: 13.2489   Cr: 12.6885 )
00000590: 12.4063   (Y': 12.153    Cb: 13.2472   Cr: 12.6946 )
00000591: 12.388    (Y': 12.1047   Cb: 13.3098   Cr: 12.7427 )
00000592: 12.4224   (Y': 12.1696   Cb: 13.2566   Cr: 12.7142 )
00000593: 12.4356   (Y': 12.171    Cb: 13.3231   Cr: 12.7344 )
00000594: 12.3509   (Y': 12.0666   Cb: 13.3378   Cr: 12.654  )
00000595: 12.3501   (Y': 12.0569   Cb: 13.299    Cr: 12.7269 )
00000596: 12.4136   (Y': 12.1284   Cb: 13.3723   Cr: 12.7446 )
00000597: 12.4615   (Y': 12.1959   Cb: 13.3425   Cr: 12.7705 )
00000598: 12.3754   (Y': 12.0863   Cb: 13.319    Cr: 12.7375 )
00000599: 12.3615   (Y': 12.0735   Cb: 13.2766   Cr: 12.7442 )
00000600: 12.4024   (Y': 12.119    Cb: 13.3533   Cr: 12.7321 )
00000601: 12.3502   (Y': 12.0526   Cb: 13.3021   Cr: 12.745  )
00000602: 12.3806   (Y': 12.0996   Cb: 13.3171   Cr: 12.7117 )
00000603: 12.4404   (Y': 12.1791   Cb: 13.2804   Cr: 12.7655 )
00000604: 12.4378   (Y': 12.1739   Cb: 13.3279   Cr: 12.7312 )
00000605: 12.4115   (Y': 12.1393   Cb: 13.3586   Cr: 12.6933 )
00000606: 12.3949   (Y': 12.0981   Cb: 13.3268   Cr: 12.8032 )
00000607: 12.3474   (Y': 12.0276   Cb: 13.3447   Cr: 12.8077 )
00000608: 12.3508   (Y': 12.0633   Cb: 13.3039   Cr: 12.6976 )
00000609: 12.3817   (Y': 12.0874   Cb: 13.3617   Cr: 12.7366 )
00000610: 12.3847   (Y': 12.1084   Cb: 13.286    Cr: 12.7251 )
00000611: 12.3765   (Y': 12.0761   Cb: 13.3388   Cr: 12.7756 )
00000612: 12.4191   (Y': 12.1436   Cb: 13.3518   Cr: 12.7285 )
00000613: 12.3823   (Y': 12.098    Cb: 13.3174   Cr: 12.73   )
00000614: 12.4365   (Y': 12.1697   Cb: 13.35     Cr: 12.7228 )
00000615: 12.4012   (Y': 12.1315   Cb: 13.3129   Cr: 12.7015 )
00000616: 12.4227   (Y': 12.1503   Cb: 13.3533   Cr: 12.7193 )
00000617: 12.3762   (Y': 12.0894   Cb: 13.3201   Cr: 12.7271 )
00000618: 12.4003   (Y': 12.1238   Cb: 13.3664   Cr: 12.6849 )
00000619: 12.398    (Y': 12.126    Cb: 13.3095   Cr: 12.71   )
00000620: 12.4141   (Y': 12.1312   Cb: 13.3776   Cr: 12.7306 )
00000621: 12.458    (Y': 12.1977   Cb: 13.3289   Cr: 12.7516 )
00000623: 12.4024   (Y': 12.1124   Cb: 13.3258   Cr: 12.7867 )
00000622: 12.4145   (Y': 12.1534   Cb: 13.294    Cr: 12.704  )
00000624: 12.3701   (Y': 12.0848   Cb: 13.3095   Cr: 12.7182 )
00000625: 12.3812   (Y': 12.09     Cb: 13.3337   Cr: 12.7453 )
00000626: 12.3854   (Y': 12.1119   Cb: 13.3105   Cr: 12.6924 )
00000627: 12.4024   (Y': 12.1249   Cb: 13.3498   Cr: 12.7077 )
00000628: 12.4165   (Y': 12.132    Cb: 13.318    Cr: 12.7947 )
00000630: 12.3843   (Y': 12.0951   Cb: 13.2795   Cr: 12.7897 )
00000631: 12.4174   (Y': 12.1492   Cb: 13.3265   Cr: 12.7135 )
00000629: 12.4293   (Y': 12.1433   Cb: 13.3491   Cr: 12.7982 )
00000632: 12.4457   (Y': 12.1614   Cb: 13.3997   Cr: 12.7765 )
00000633: 12.4455   (Y': 12.1707   Cb: 13.3653   Cr: 12.7628 )
00000634: 12.3844   (Y': 12.0947   Cb: 13.3203   Cr: 12.756  )
00000636: 12.4287   (Y': 12.1635   Cb: 13.335    Cr: 12.7137 )
00000635: 12.4508   (Y': 12.1771   Cb: 13.3762   Cr: 12.7583 )
00000638: 12.4505   (Y': 12.1677   Cb: 13.3866   Cr: 12.7903 )
00000637: 12.4359   (Y': 12.1638   Cb: 13.3565   Cr: 12.7398 )
00000639: 12.4421   (Y': 12.1711   Cb: 13.328    Cr: 12.7715 )
00000640: 12.4128   (Y': 12.1416   Cb: 13.3379   Cr: 12.7088 )
00000641: 12.4101   (Y': 12.131    Cb: 13.3126   Cr: 12.7621 )
00000642: 12.4013   (Y': 12.1248   Cb: 13.322    Cr: 12.7257 )
00000643: 12.4783   (Y': 12.2318   Cb: 13.3087   Cr: 12.7452 )
00000644: 12.3748   (Y': 12.0997   Cb: 13.2947   Cr: 12.6929 )
00000645: 12.4325   (Y': 12.1651   Cb: 13.2787   Cr: 12.7807 )
00000646: 12.428    (Y': 12.1733   Cb: 13.2963   Cr: 12.6983 )
00000647: 12.4626   (Y': 12.2142   Cb: 13.2913   Cr: 12.739  )
00000648: 12.4469   (Y': 12.1853   Cb: 13.3437   Cr: 12.7241 )
00000649: 12.4053   (Y': 12.1377   Cb: 13.243    Cr: 12.7617 )
00000650: 12.4156   (Y': 12.1527   Cb: 13.305    Cr: 12.7048 )
00000652: 12.4071   (Y': 12.1298   Cb: 13.3081   Cr: 12.7522 )
00000651: 12.4067   (Y': 12.1179   Cb: 13.3387   Cr: 12.7783 )
00000653: 12.4437   (Y': 12.1948   Cb: 13.2981   Cr: 12.7005 )
00000654: 12.3955   (Y': 12.1167   Cb: 13.2961   Cr: 12.7475 )
00000655: 12.4236   (Y': 12.1681   Cb: 13.2435   Cr: 12.7407 )
00000656: 12.46     (Y': 12.2055   Cb: 13.3204   Cr: 12.7365 )
00000657: 12.4069   (Y': 12.148    Cb: 13.2652   Cr: 12.7052 )
00000658: 12.3973   (Y': 12.1149   Cb: 13.3269   Cr: 12.7409 )
00000659: 12.4362   (Y': 12.1681   Cb: 13.3258   Cr: 12.7487 )
00000660: 12.4295   (Y': 12.1543   Cb: 13.3534   Cr: 12.7448 )
00000661: 12.4213   (Y': 12.1402   Cb: 13.3016   Cr: 12.802  )
00000662: 12.4065   (Y': 12.1344   Cb: 13.27     Cr: 12.761  )
00000663: 12.3963   (Y': 12.1155   Cb: 13.3395   Cr: 12.7207 )
00000664: 12.3844   (Y': 12.1073   Cb: 13.3337   Cr: 12.6863 )
00000665: 12.4351   (Y': 12.1741   Cb: 13.2734   Cr: 12.7606 )
00000666: 12.3591   (Y': 12.076    Cb: 13.2456   Cr: 12.744  )
00000667: 12.4565   (Y': 12.1928   Cb: 13.3241   Cr: 12.7686 )
00000668: 12.4242   (Y': 12.1534   Cb: 13.337    Cr: 12.729  )
00000669: 12.4111   (Y': 12.1386   Cb: 13.301    Cr: 12.7436 )
00000670: 12.4238   (Y': 12.1445   Cb: 13.3677   Cr: 12.7403 )
00000671: 12.3972   (Y': 12.1022   Cb: 13.3674   Cr: 12.764  )
00000672: 12.3663   (Y': 12.0616   Cb: 13.3569   Cr: 12.7605 )
00000673: 12.3959   (Y': 12.1111   Cb: 13.3541   Cr: 12.7257 )
00000674: 12.3979   (Y': 12.1016   Cb: 13.3272   Cr: 12.8064 )
00000675: 12.4095   (Y': 12.1224   Cb: 13.349    Cr: 12.7663 )
00000676: 12.4055   (Y': 12.1295   Cb: 13.3389   Cr: 12.7165 )
00000677: 12.424    (Y': 12.1572   Cb: 13.287    Cr: 12.7544 )
00000678: 12.3735   (Y': 12.0642   Cb: 13.3611   Cr: 12.792  )
00000679: 12.4332   (Y': 12.1385   Cb: 13.3485   Cr: 12.8467 )
00000680: 12.3679   (Y': 12.0761   Cb: 13.2796   Cr: 12.7708 )
00000681: 12.4286   (Y': 12.1598   Cb: 13.3071   Cr: 12.7546 )
00000682: 12.4067   (Y': 12.1295   Cb: 13.3337   Cr: 12.7283 )
00000683: 12.4242   (Y': 12.1645   Cb: 13.2998   Cr: 12.7109 )
00000684: 12.4244   (Y': 12.1413   Cb: 13.358    Cr: 12.7675 )
00000685: 12.4048   (Y': 12.1449   Cb: 13.2425   Cr: 12.7259 )
00000686: 12.3661   (Y': 12.0805   Cb: 13.3009   Cr: 12.72   )
00000687: 12.4162   (Y': 12.1522   Cb: 13.2884   Cr: 12.7251 )
00000688: 12.3774   (Y': 12.083    Cb: 13.3327   Cr: 12.754  )
00000689: 12.4453   (Y': 12.1777   Cb: 13.3074   Cr: 12.7802 )
00000690: 12.3895   (Y': 12.1145   Cb: 13.3318   Cr: 12.6881 )
00000692: 12.3833   (Y': 12.0974   Cb: 13.3262   Cr: 12.7315 )
00000691: 12.3707   (Y': 12.0916   Cb: 13.2799   Cr: 12.7166 )
00000693: 12.381    (Y': 12.1228   Cb: 13.1893   Cr: 12.7202 )
00000694: 12.4208   (Y': 12.1674   Cb: 13.2846   Cr: 12.6893 )
00000695: 12.3619   (Y': 12.0821   Cb: 13.2757   Cr: 12.7068 )
00000696: 12.4291   (Y': 12.1542   Cb: 13.3157   Cr: 12.7758 )
00000697: 12.4249   (Y': 12.1517   Cb: 13.3195   Cr: 12.7564 )
00000698: 12.392    (Y': 12.0979   Cb: 13.3406   Cr: 12.7729 )
00000699: 12.4052   (Y': 12.146    Cb: 13.2783   Cr: 12.6917 )
00000700: 12.3744   (Y': 12.0791   Cb: 13.3292   Cr: 12.7556 )
00000701: 12.4049   (Y': 12.1232   Cb: 13.3336   Cr: 12.7461 )
00000702: 12.425    (Y': 12.1401   Cb: 13.3343   Cr: 12.7979 )
00000703: 12.4214   (Y': 12.1521   Cb: 13.3537   Cr: 12.7026 )
00000704: 12.3879   (Y': 12.1041   Cb: 13.3027   Cr: 12.751  )
00000705: 12.3942   (Y': 12.1286   Cb: 13.2808   Cr: 12.6981 )
00000706: 12.3776   (Y': 12.0592   Cb: 13.4003   Cr: 12.8089 )
00000708: 12.382    (Y': 12.0866   Cb: 13.3694   Cr: 12.7354 )
00000707: 12.3665   (Y': 12.076    Cb: 13.3088   Cr: 12.7363 )
00000709: 12.4333   (Y': 12.1702   Cb: 13.3205   Cr: 12.7252 )
00000710: 12.4006   (Y': 12.1124   Cb: 13.3491   Cr: 12.7544 )
00000711: 12.3994   (Y': 12.0966   Cb: 13.4038   Cr: 12.7731 )
00000712: 12.4317   (Y': 12.1489   Cb: 13.3724   Cr: 12.767  )
00000713: 12.4307   (Y': 12.1497   Cb: 13.3923   Cr: 12.7397 )
00000714: 12.3627   (Y': 12.0585   Cb: 13.3857   Cr: 12.7266 )
00000715: 12.3473   (Y': 12.0431   Cb: 13.3766   Cr: 12.7059 )
00000716: 12.3647   (Y': 12.0483   Cb: 13.4066   Cr: 12.7695 )
00000717: 12.4567   (Y': 12.1708   Cb: 13.384    Cr: 12.8183 )
00000718: 12.4036   (Y': 12.1129   Cb: 13.3494   Cr: 12.7715 )
00000719: 12.4346   (Y': 12.1541   Cb: 13.3552   Cr: 12.7771 )
00000720: 12.429    (Y': 12.1536   Cb: 13.3677   Cr: 12.7325 )
00000721: 12.4383   (Y': 12.1633   Cb: 13.4208   Cr: 12.7024 )
00000722: 12.3849   (Y': 12.0909   Cb: 13.3833   Cr: 12.7221 )
00000723: 12.4025   (Y': 12.1255   Cb: 13.3356   Cr: 12.718  )
00000724: 12.4177   (Y': 12.1332   Cb: 13.32     Cr: 12.7951 )
00000725: 12.3978   (Y': 12.0951   Cb: 13.3845   Cr: 12.7858 )
00000726: 12.4535   (Y': 12.191    Cb: 13.3186   Cr: 12.7624 )
00000727: 12.3821   (Y': 12.0832   Cb: 13.3598   Cr: 12.7605 )
00000728: 12.4172   (Y': 12.1219   Cb: 13.3878   Cr: 12.7848 )
00000729: 12.4295   (Y': 12.1384   Cb: 13.4155   Cr: 12.7644 )
00000730: 12.4285   (Y': 12.1432   Cb: 13.3598   Cr: 12.784  )
00000731: 12.4118   (Y': 12.1202   Cb: 13.344    Cr: 12.7958 )
00000732: 12.4258   (Y': 12.1529   Cb: 13.3572   Cr: 12.7244 )
00000733: 12.3829   (Y': 12.0841   Cb: 13.348    Cr: 12.772  )
00000734: 12.3749   (Y': 12.0868   Cb: 13.3042   Cr: 12.7452 )
00000735: 12.4242   (Y': 12.1518   Cb: 13.319    Cr: 12.7523 )
00000736: 12.447    (Y': 12.1682   Cb: 13.3644   Cr: 12.7844 )
00000737: 12.397    (Y': 12.1178   Cb: 13.3945   Cr: 12.6675 )
00000738: 12.3969   (Y': 12.1096   Cb: 13.3531   Cr: 12.7398 )
00000739: 12.4125   (Y': 12.124    Cb: 13.3658   Cr: 12.7636 )
00000740: 12.3728   (Y': 12.0649   Cb: 13.3916   Cr: 12.7574 )
00000741: 12.3719   (Y': 12.0557   Cb: 13.3924   Cr: 12.7943 )
00000742: 12.4362   (Y': 12.1716   Cb: 13.3535   Cr: 12.7089 )
00000743: 12.3916   (Y': 12.0833   Cb: 13.3842   Cr: 12.8011 )
00000744: 12.4128   (Y': 12.1069   Cb: 13.4314   Cr: 12.7881 )
00000745: 12.4076   (Y': 12.1293   Cb: 13.3489   Cr: 12.7221 )
00000746: 12.4277   (Y': 12.149    Cb: 13.3415   Cr: 12.7684 )
00000747: 12.4353   (Y': 12.1688   Cb: 13.331    Cr: 12.735  )
00000748: 12.4156   (Y': 12.1179   Cb: 13.3766   Cr: 12.8026 )
00000749: 12.3864   (Y': 12.0899   Cb: 13.3569   Cr: 12.7596 )
00000750: 12.441    (Y': 12.164    Cb: 13.3726   Cr: 12.7575 )
00000751: 12.4357   (Y': 12.1667   Cb: 13.3359   Cr: 12.7433 )
00000752: 12.4122   (Y': 12.1148   Cb: 13.4207   Cr: 12.7569 )
00000753: 12.4588   (Y': 12.1943   Cb: 13.3909   Cr: 12.7185 )
00000754: 12.3683   (Y': 12.0646   Cb: 13.3603   Cr: 12.7568 )
00000755: 12.4496   (Y': 12.193    Cb: 13.3267   Cr: 12.7209 )
00000756: 12.4334   (Y': 12.1473   Cb: 13.4032   Cr: 12.7592 )
00000757: 12.4029   (Y': 12.126    Cb: 13.3261   Cr: 12.727  )
00000758: 12.4183   (Y': 12.142    Cb: 13.3642   Cr: 12.7197 )
00000759: 12.4437   (Y': 12.1785   Cb: 13.2884   Cr: 12.7825 )
00000760: 12.4402   (Y': 12.1799   Cb: 13.3392   Cr: 12.7091 )
00000761: 12.4478   (Y': 12.2028   Cb: 13.2832   Cr: 12.7037 )
00000762: 12.4023   (Y': 12.1178   Cb: 13.3585   Cr: 12.7326 )
00000764: 12.4424   (Y': 12.1625   Cb: 13.4207   Cr: 12.7327 )
00000763: 12.4552   (Y': 12.176    Cb: 13.3802   Cr: 12.7882 )
00000765: 12.3965   (Y': 12.1132   Cb: 13.3516   Cr: 12.7217 )
00000766: 12.4041   (Y': 12.1298   Cb: 13.2745   Cr: 12.7627 )
00000767: 12.408    (Y': 12.1208   Cb: 13.3574   Cr: 12.7561 )
00000768: 12.385    (Y': 12.1021   Cb: 13.3062   Cr: 12.7384 )
00000769: 12.4547   (Y': 12.1939   Cb: 13.3139   Cr: 12.7609 )
00000770: 12.4345   (Y': 12.1637   Cb: 13.349    Cr: 12.7383 )
00000772: 12.4687   (Y': 12.2008   Cb: 13.3489   Cr: 12.7893 )
00000771: 12.4166   (Y': 12.1521   Cb: 13.3197   Cr: 12.7011 )
00000773: 12.4689   (Y': 12.211    Cb: 13.3147   Cr: 12.7735 )
00000774: 12.4534   (Y': 12.1907   Cb: 13.3363   Cr: 12.7475 )
00000775: 12.4336   (Y': 12.1712   Cb: 13.3482   Cr: 12.6986 )
00000776: 12.3999   (Y': 12.1199   Cb: 13.3237   Cr: 12.7375 )
00000777: 12.4763   (Y': 12.2318   Cb: 13.3463   Cr: 12.6996 )
00000778: 12.4134   (Y': 12.1407   Cb: 13.36     Cr: 12.6974 )
00000780: 12.4542   (Y': 12.2165   Cb: 13.2626   Cr: 12.7008 )
00000779: 12.4376   (Y': 12.1699   Cb: 13.3719   Cr: 12.7097 )
00000781: 12.4223   (Y': 12.1455   Cb: 13.3603   Cr: 12.7325 )
00000783: 12.4761   (Y': 12.2187   Cb: 13.3402   Cr: 12.7621 )
00000782: 12.4134   (Y': 12.1364   Cb: 13.321    Cr: 12.7513 )
00000784: 12.4167   (Y': 12.1443   Cb: 13.321    Cr: 12.7361 )
00000785: 12.4469   (Y': 12.1942   Cb: 13.3388   Cr: 12.6879 )
00000786: 12.4595   (Y': 12.1849   Cb: 13.3898   Cr: 12.7665 )
00000787: 12.4355   (Y': 12.1593   Cb: 13.3556   Cr: 12.7586 )
00000788: 12.4031   (Y': 12.1266   Cb: 13.3708   Cr: 12.6868 )
00000789: 12.4462   (Y': 12.1816   Cb: 13.3056   Cr: 12.7695 )
00000790: 12.4873   (Y': 12.24     Cb: 13.3318   Cr: 12.7457 )
00000791: 12.444    (Y': 12.1641   Cb: 13.3595   Cr: 12.7888 )
00000792: 12.3929   (Y': 12.1071   Cb: 13.3198   Cr: 12.7542 )
00000793: 12.3943   (Y': 12.1123   Cb: 13.3106   Cr: 12.7479 )
00000794: 12.4544   (Y': 12.1882   Cb: 13.3582   Cr: 12.7465 )
00000796: 12.4114   (Y': 12.1348   Cb: 13.3108   Cr: 12.7543 )
00000795: 12.4034   (Y': 12.1451   Cb: 13.3107   Cr: 12.6562 )
00000797: 12.3712   (Y': 12.0696   Cb: 13.3339   Cr: 12.7756 )
00000798: 12.4613   (Y': 12.2018   Cb: 13.3284   Cr: 12.7548 )
00000799: 12.4346   (Y': 12.1635   Cb: 13.3255   Cr: 12.7603 )
00000800: 12.4079   (Y': 12.1461   Cb: 13.3174   Cr: 12.6748 )
00000801: 12.4358   (Y': 12.1736   Cb: 13.3308   Cr: 12.717  )
00000802: 12.3964   (Y': 12.1195   Cb: 13.3214   Cr: 12.7183 )
00000803: 12.4232   (Y': 12.1691   Cb: 13.3157   Cr: 12.6703 )
00000804: 12.4382   (Y': 12.1811   Cb: 13.3017   Cr: 12.7237 )
00000805: 12.4089   (Y': 12.1206   Cb: 13.3818   Cr: 12.7425 )
00000806: 12.427    (Y': 12.1569   Cb: 13.3567   Cr: 12.7139 )
00000807: 12.4198   (Y': 12.1445   Cb: 13.3507   Cr: 12.7294 )
00000808: 12.4274   (Y': 12.1445   Cb: 13.3608   Cr: 12.7695 )
00000809: 12.4423   (Y': 12.1701   Cb: 13.3332   Cr: 12.7727 )
00000810: 12.4607   (Y': 12.1998   Cb: 13.3877   Cr: 12.7085 )
00000811: 12.4411   (Y': 12.1648   Cb: 13.3229   Cr: 12.7987 )
00000812: 12.4277   (Y': 12.1607   Cb: 13.326    Cr: 12.7277 )
00000813: 12.4342   (Y': 12.1666   Cb: 13.3453   Cr: 12.726  )
00000814: 12.379    (Y': 12.1146   Cb: 13.2739   Cr: 12.6702 )
00000815: 12.4691   (Y': 12.2235   Cb: 13.3581   Cr: 12.6809 )
00000816: 12.4645   (Y': 12.2151   Cb: 13.338    Cr: 12.7066 )
00000817: 12.4459   (Y': 12.1843   Cb: 13.3194   Cr: 12.7428 )
00000818: 12.4731   (Y': 12.2053   Cb: 13.3711   Cr: 12.7773 )
00000819: 12.4179   (Y': 12.1374   Cb: 13.3381   Cr: 12.7608 )
00000820: 12.4639   (Y': 12.1966   Cb: 13.3501   Cr: 12.776  )
00000821: 12.4415   (Y': 12.1681   Cb: 13.2977   Cr: 12.8086 )
00000822: 12.4404   (Y': 12.1739   Cb: 13.3456   Cr: 12.7322 )
00000823: 12.3822   (Y': 12.1052   Cb: 13.2735   Cr: 12.7342 )
00000824: 12.4526   (Y': 12.1896   Cb: 13.3432   Cr: 12.7413 )
00000825: 12.437    (Y': 12.1486   Cb: 13.3858   Cr: 12.7919 )
00000826: 12.398    (Y': 12.123    Cb: 13.3068   Cr: 12.7258 )
00000827: 12.434    (Y': 12.1774   Cb: 13.2898   Cr: 12.7238 )
00000828: 12.3691   (Y': 12.0638   Cb: 13.3654   Cr: 12.7607 )
00000829: 12.4065   (Y': 12.1373   Cb: 13.2443   Cr: 12.7702 )
00000830: 12.4446   (Y': 12.1669   Cb: 13.3515   Cr: 12.7867 )
00000831: 12.438    (Y': 12.1624   Cb: 13.3669   Cr: 12.751  )
00000832: 12.4698   (Y': 12.2042   Cb: 13.3545   Cr: 12.7758 )
00000833: 12.5079   (Y': 12.2737   Cb: 13.2962   Cr: 12.7566 )
00000834: 12.4875   (Y': 12.2467   Cb: 13.3387   Cr: 12.7107 )
00000836: 12.4562   (Y': 12.1889   Cb: 13.3373   Cr: 12.773  )
00000835: 12.4611   (Y': 12.2101   Cb: 13.2955   Cr: 12.7444 )
00000837: 12.4729   (Y': 12.2166   Cb: 13.3266   Cr: 12.7638 )
00000838: 12.4296   (Y': 12.1546   Cb: 13.2934   Cr: 12.7971 )
00000839: 12.4167   (Y': 12.1259   Cb: 13.3668   Cr: 12.7813 )
00000840: 12.4927   (Y': 12.2447   Cb: 13.2998   Cr: 12.7867 )
00000841: 12.4831   (Y': 12.2357   Cb: 13.3219   Cr: 12.7466 )
00000842: 12.4543   (Y': 12.1934   Cb: 13.3415   Cr: 12.7359 )
00000843: 12.473    (Y': 12.2287   Cb: 13.2841   Cr: 12.7471 )
00000844: 12.4598   (Y': 12.1964   Cb: 13.3649   Cr: 12.7376 )
00000845: 12.429    (Y': 12.146    Cb: 13.351    Cr: 12.7819 )
00000846: 12.4628   (Y': 12.205    Cb: 13.3343   Cr: 12.7447 )
00000847: 12.4475   (Y': 12.1863   Cb: 13.2977   Cr: 12.7636 )
00000848: 12.4287   (Y': 12.1741   Cb: 13.2769   Cr: 12.7166 )
00000849: 12.4496   (Y': 12.1759   Cb: 13.3483   Cr: 12.7803 )
00000850: 12.4457   (Y': 12.1981   Cb: 13.2606   Cr: 12.7311 )
00000851: 12.4572   (Y': 12.2035   Cb: 13.2945   Cr: 12.7503 )
00000852: 12.4671   (Y': 12.2069   Cb: 13.3627   Cr: 12.7391 )
00000853: 12.4552   (Y': 12.21     Cb: 13.2764   Cr: 12.7239 )
00000854: 12.4195   (Y': 12.1548   Cb: 13.3034   Cr: 12.7216 )
00000855: 12.4183   (Y': 12.1482   Cb: 13.3069   Cr: 12.7413 )
00000856: 12.4478   (Y': 12.1781   Cb: 13.3201   Cr: 12.7827 )
00000857: 12.4617   (Y': 12.1971   Cb: 13.3736   Cr: 12.7389 )
00000858: 12.4799   (Y': 12.2324   Cb: 13.3282   Cr: 12.7356 )
00000859: 12.4233   (Y': 12.1555   Cb: 13.3105   Cr: 12.737  )
00000860: 12.3982   (Y': 12.1148   Cb: 13.3485   Cr: 12.7283 )
00000861: 12.4566   (Y': 12.1922   Cb: 13.3374   Cr: 12.7602 )
00000862: 12.4666   (Y': 12.2172   Cb: 13.3714   Cr: 12.6818 )
00000863: 12.4179   (Y': 12.144    Cb: 13.3765   Cr: 12.6976 )
00000864: 12.478    (Y': 12.2225   Cb: 13.3776   Cr: 12.7246 )
00000865: 12.4143   (Y': 12.1375   Cb: 13.3496   Cr: 12.7269 )
00000866: 12.3994   (Y': 12.1217   Cb: 13.3516   Cr: 12.7019 )
00000867: 12.4479   (Y': 12.2058   Cb: 13.2778   Cr: 12.6954 )
00000868: 12.4247   (Y': 12.1551   Cb: 13.315    Cr: 12.7437 )
00000869: 12.5072   (Y': 12.2386   Cb: 13.4224   Cr: 12.7997 )
00000870: 12.4329   (Y': 12.157    Cb: 13.3418   Cr: 12.7644 )
00000871: 12.4154   (Y': 12.1471   Cb: 13.3173   Cr: 12.7188 )
00000872: 12.4441   (Y': 12.1887   Cb: 13.3021   Cr: 12.7266 )
00000873: 12.4238   (Y': 12.1685   Cb: 13.3121   Cr: 12.6796 )
00000874: 12.4486   (Y': 12.1774   Cb: 13.352    Cr: 12.7634 )
00000875: 12.4617   (Y': 12.2257   Cb: 13.2532   Cr: 12.7157 )
00000876: 12.4437   (Y': 12.1784   Cb: 13.2985   Cr: 12.7746 )
00000877: 12.4948   (Y': 12.251    Cb: 13.314    Cr: 12.7593 )
00000878: 12.4566   (Y': 12.2012   Cb: 13.3217   Cr: 12.7328 )
00000879: 12.441    (Y': 12.1664   Cb: 13.3735   Cr: 12.7461 )
00000880: 12.4632   (Y': 12.2108   Cb: 13.3464   Cr: 12.7105 )
00000881: 12.4651   (Y': 12.2167   Cb: 13.31     Cr: 12.7278 )
00000882: 12.4397   (Y': 12.1802   Cb: 13.3218   Cr: 12.7202 )
00000883: 12.4448   (Y': 12.1939   Cb: 13.3125   Cr: 12.6984 )
00000884: 12.4424   (Y': 12.179    Cb: 13.3084   Cr: 12.7544 )
00000885: 12.407    (Y': 12.1422   Cb: 13.372    Cr: 12.6395 )
00000886: 12.3939   (Y': 12.1096   Cb: 13.3102   Cr: 12.7579 )
00000887: 12.4393   (Y': 12.1806   Cb: 13.312    Cr: 12.7241 )
00000888: 12.4362   (Y': 12.1681   Cb: 13.3638   Cr: 12.7158 )
00000889: 12.4662   (Y': 12.2119   Cb: 13.335    Cr: 12.7346 )
00000890: 12.4287   (Y': 12.1667   Cb: 13.3356   Cr: 12.6989 )
00000891: 12.4548   (Y': 12.2103   Cb: 13.2829   Cr: 12.7142 )
00000892: 12.4255   (Y': 12.1547   Cb: 13.3275   Cr: 12.7398 )
00000893: 12.4085   (Y': 12.14     Cb: 13.3391   Cr: 12.6875 )
00000894: 12.4558   (Y': 12.2074   Cb: 13.3453   Cr: 12.6798 )
00000895: 12.4361   (Y': 12.1791   Cb: 13.2973   Cr: 12.7231 )
00000896: 12.449    (Y': 12.1904   Cb: 13.3063   Cr: 12.7467 )
00000897: 12.4337   (Y': 12.1747   Cb: 13.2961   Cr: 12.7288 )
00000898: 12.431    (Y': 12.1712   Cb: 13.3193   Cr: 12.7071 )
00000900: 12.4401   (Y': 12.1807   Cb: 13.3303   Cr: 12.7129 )
00000899: 12.403    (Y': 12.1425   Cb: 13.3009   Cr: 12.6737 )
00000901: 12.4481   (Y': 12.1877   Cb: 13.3598   Cr: 12.7065 )
00000902: 12.4381   (Y': 12.1833   Cb: 13.3376   Cr: 12.6821 )
00000903: 12.4455   (Y': 12.1792   Cb: 13.3509   Cr: 12.7365 )
00000904: 12.4409   (Y': 12.1891   Cb: 13.3306   Cr: 12.6801 )
00000905: 12.4704   (Y': 12.2038   Cb: 13.3892   Cr: 12.7506 )
00000906: 12.4356   (Y': 12.1804   Cb: 13.3309   Cr: 12.6854 )
00000908: 12.4557   (Y': 12.1877   Cb: 13.3716   Cr: 12.7452 )
00000907: 12.4613   (Y': 12.192    Cb: 13.3654   Cr: 12.7667 )
00000909: 12.4725   (Y': 12.2108   Cb: 13.4066   Cr: 12.718  )
00000910: 12.4531   (Y': 12.2067   Cb: 13.309    Cr: 12.697  )
00000911: 12.4966   (Y': 12.2355   Cb: 13.3631   Cr: 12.7977 )
00000912: 12.4647   (Y': 12.1934   Cb: 13.3563   Cr: 12.7901 )
00000913: 12.4446   (Y': 12.1892   Cb: 13.3144   Cr: 12.7173 )
00000914: 12.469    (Y': 12.2071   Cb: 13.3201   Cr: 12.7869 )
00000915: 12.4477   (Y': 12.1786   Cb: 13.3334   Cr: 12.7684 )
00000916: 12.4535   (Y': 12.191    Cb: 13.3007   Cr: 12.7783 )
00000917: 12.4336   (Y': 12.1549   Cb: 13.381    Cr: 12.7448 )
00000918: 12.4007   (Y': 12.1306   Cb: 13.3291   Cr: 12.689  )
00000919: 12.395    (Y': 12.1126   Cb: 13.3069   Cr: 12.7539 )
00000920: 12.4496   (Y': 12.1799   Cb: 13.3778   Cr: 12.7362 )
00000921: 12.4244   (Y': 12.144    Cb: 13.4154   Cr: 12.7057 )
00000922: 12.457    (Y': 12.2057   Cb: 13.3649   Cr: 12.6783 )
00000923: 12.4557   (Y': 12.2057   Cb: 13.3668   Cr: 12.6684 )
00000924: 12.4321   (Y': 12.1646   Cb: 13.3739   Cr: 12.697  )
00000925: 12.4161   (Y': 12.132    Cb: 13.3151   Cr: 12.7948 )
00000926: 12.4486   (Y': 12.1842   Cb: 13.3334   Cr: 12.749  )
00000927: 12.4553   (Y': 12.191    Cb: 13.3641   Cr: 12.7342 )
00000928: 12.4631   (Y': 12.2093   Cb: 13.335    Cr: 12.7264 )
00000929: 12.4487   (Y': 12.2065   Cb: 13.3011   Cr: 12.677  )
00000930: 12.4581   (Y': 12.2001   Cb: 13.3461   Cr: 12.7264 )
00000931: 12.4662   (Y': 12.203    Cb: 13.3421   Cr: 12.7685 )
00000932: 12.4601   (Y': 12.2022   Cb: 13.3145   Cr: 12.7575 )
00000933: 12.4277   (Y': 12.1623   Cb: 13.343    Cr: 12.7055 )
00000934: 12.4308   (Y': 12.1727   Cb: 13.2964   Cr: 12.7193 )
00000935: 12.4091   (Y': 12.1264   Cb: 13.3411   Cr: 12.7517 )
00000936: 12.4548   (Y': 12.1888   Cb: 13.4012   Cr: 12.7089 )
00000937: 12.4386   (Y': 12.1787   Cb: 13.3037   Cr: 12.7354 )
00000938: 12.3941   (Y': 12.1026   Cb: 13.3264   Cr: 12.7773 )
00000939: 12.448    (Y': 12.1818   Cb: 13.3631   Cr: 12.7297 )
00000940: 12.4403   (Y': 12.2015   Cb: 13.2714   Cr: 12.6721 )
00000941: 12.4789   (Y': 12.2125   Cb: 13.4055   Cr: 12.7516 )
00000942: 12.4482   (Y': 12.1937   Cb: 13.2983   Cr: 12.7334 )
00000944: 12.481    (Y': 12.2231   Cb: 13.3666   Cr: 12.7507 )
00000943: 12.431    (Y': 12.157    Cb: 13.3743   Cr: 12.7239 )
00000945: 12.4819   (Y': 12.2289   Cb: 13.349    Cr: 12.746  )
00000946: 12.4468   (Y': 12.1794   Cb: 13.3369   Cr: 12.7559 )
00000947: 12.4439   (Y': 12.1983   Cb: 13.2928   Cr: 12.6904 )
00000948: 12.3993   (Y': 12.1376   Cb: 13.2679   Cr: 12.7016 )
00000949: 12.4556   (Y': 12.1851   Cb: 13.3487   Cr: 12.7766 )
00000950: 12.4504   (Y': 12.1786   Cb: 13.3902   Cr: 12.7368 )
00000951: 12.4371   (Y': 12.1593   Cb: 13.3714   Cr: 12.7555 )
00000952: 12.4104   (Y': 12.1221   Cb: 13.362    Cr: 12.7617 )
00000953: 12.4186   (Y': 12.1435   Cb: 13.3137   Cr: 12.7587 )
00000954: 12.4533   (Y': 12.1984   Cb: 13.3049   Cr: 12.7393 )
00000955: 12.4922   (Y': 12.2359   Cb: 13.3593   Cr: 12.771  )
00000956: 12.4313   (Y': 12.1728   Cb: 13.304    Cr: 12.7153 )
00000957: 12.4479   (Y': 12.1787   Cb: 13.3265   Cr: 12.7755 )
00000958: 12.4252   (Y': 12.1566   Cb: 13.3156   Cr: 12.7398 )
00000959: 12.4061   (Y': 12.1432   Cb: 13.2957   Cr: 12.6953 )
00000960: 12.4094   (Y': 12.1415   Cb: 13.324    Cr: 12.6994 )
00000961: 12.437    (Y': 12.1696   Cb: 13.3496   Cr: 12.7265 )
00000962: 12.3963   (Y': 12.1196   Cb: 13.334    Cr: 12.7063 )
00000963: 12.3935   (Y': 12.113    Cb: 13.3591   Cr: 12.6968 )
00000964: 12.3973   (Y': 12.1222   Cb: 13.321    Cr: 12.7123 )
00000965: 12.4183   (Y': 12.1419   Cb: 13.3713   Cr: 12.7139 )
00000966: 12.3869   (Y': 12.1036   Cb: 13.3345   Cr: 12.7189 )
00000967: 12.3905   (Y': 12.1257   Cb: 13.2787   Cr: 12.6894 )
00000968: 12.3905   (Y': 12.1054   Cb: 13.3481   Cr: 12.722  )
00000969: 12.445    (Y': 12.1762   Cb: 13.3198   Cr: 12.7737 )
00000970: 12.4655   (Y': 12.1932   Cb: 13.3436   Cr: 12.8076 )
00000971: 12.4546   (Y': 12.2015   Cb: 13.3029   Cr: 12.7354 )
00000972: 12.4331   (Y': 12.1696   Cb: 13.307    Cr: 12.7386 )
00000973: 12.4117   (Y': 12.1262   Cb: 13.3691   Cr: 12.7452 )
00000974: 12.4711   (Y': 12.2326   Cb: 13.2607   Cr: 12.7381 )
00000976: 12.4559   (Y': 12.2085   Cb: 13.3875   Cr: 12.6392 )
00000975: 12.4576   (Y': 12.2097   Cb: 13.3248   Cr: 12.6984 )
00000977: 12.4966   (Y': 12.2584   Cb: 13.3156   Cr: 12.7359 )
00000978: 12.478    (Y': 12.2355   Cb: 13.3395   Cr: 12.6996 )
00000979: 12.5118   (Y': 12.2713   Cb: 13.3593   Cr: 12.7371 )
00000980: 12.4338   (Y': 12.1677   Cb: 13.3433   Cr: 12.7204 )
00000981: 12.4496   (Y': 12.2009   Cb: 13.3335   Cr: 12.6798 )
00000982: 12.4395   (Y': 12.1813   Cb: 13.3586   Cr: 12.6821 )
00000983: 12.3898   (Y': 12.1099   Cb: 13.3534   Cr: 12.6922 )
00000984: 12.4394   (Y': 12.1995   Cb: 13.31     Cr: 12.6415 )
00000985: 12.4528   (Y': 12.1957   Cb: 13.3719   Cr: 12.6902 )
00000986: 12.3967   (Y': 12.1398   Cb: 13.2612   Cr: 12.6804 )
00000987: 12.4164   (Y': 12.1473   Cb: 13.3373   Cr: 12.7069 )
00000988: 12.38     (Y': 12.1119   Cb: 13.2548   Cr: 12.7057 )
00000989: 12.4001   (Y': 12.1283   Cb: 13.3061   Cr: 12.7154 )
00000990: 12.4096   (Y': 12.154    Cb: 13.2899   Cr: 12.6736 )
00000991: 12.4323   (Y': 12.1633   Cb: 13.3668   Cr: 12.7105 )
00000992: 12.4124   (Y': 12.1606   Cb: 13.282    Cr: 12.6684 )
00000993: 12.3761   (Y': 12.107    Cb: 13.2753   Cr: 12.6854 )
00000994: 12.4322   (Y': 12.1752   Cb: 13.3714   Cr: 12.652  )
00000995: 12.4044   (Y': 12.1421   Cb: 13.336    Cr: 12.6545 )
00000996: 12.427    (Y': 12.1747   Cb: 13.3387   Cr: 12.6492 )
00000997: 12.4104   (Y': 12.1487   Cb: 13.3428   Cr: 12.6568 )
00000998: 12.3904   (Y': 12.1159   Cb: 13.3311   Cr: 12.6884 )
00000999: 12.4444   (Y': 12.1975   Cb: 13.2925   Cr: 12.697  )
00001000: 12.4396   (Y': 12.185    Cb: 13.3058   Cr: 12.7114 )
00001001: 12.4534   (Y': 12.1957   Cb: 13.3453   Cr: 12.7174 )
00001002: 12.4606   (Y': 12.2095   Cb: 13.3459   Cr: 12.7005 )
00001003: 12.4868   (Y': 12.2407   Cb: 13.3243   Cr: 12.7455 )
00001004: 12.4848   (Y': 12.2383   Cb: 13.3738   Cr: 12.7008 )
00001005: 12.4723   (Y': 12.2145   Cb: 13.3483   Cr: 12.7498 )
00001006: 12.4657   (Y': 12.2024   Cb: 13.3661   Cr: 12.7472 )
00001007: 12.4385   (Y': 12.1781   Cb: 13.3076   Cr: 12.734  )
00001008: 12.4264   (Y': 12.1482   Cb: 13.3766   Cr: 12.7326 )
00001009: 12.4397   (Y': 12.1642   Cb: 13.3684   Cr: 12.7522 )
00001010: 12.4902   (Y': 12.2277   Cb: 13.3962   Cr: 12.7636 )
00001011: 12.4211   (Y': 12.1296   Cb: 13.3968   Cr: 12.7669 )
00001012: 12.4607   (Y': 12.1862   Cb: 13.367    Cr: 12.7882 )
00001013: 12.4549   (Y': 12.1869   Cb: 13.3422   Cr: 12.7697 )
00001014: 12.4206   (Y': 12.14     Cb: 13.3287   Cr: 12.7751 )
00001015: 12.4725   (Y': 12.2134   Cb: 13.3658   Cr: 12.7408 )
00001016: 12.4436   (Y': 12.1855   Cb: 13.3192   Cr: 12.7234 )
00001017: 12.414    (Y': 12.1373   Cb: 13.3262   Cr: 12.7464 )
00001018: 12.4071   (Y': 12.1242   Cb: 13.3681   Cr: 12.7256 )
00001020: 12.3936   (Y': 12.1115   Cb: 13.3185   Cr: 12.7398 )
00001019: 12.3925   (Y': 12.1085   Cb: 13.3542   Cr: 12.7152 )
00001021: 12.4173   (Y': 12.154    Cb: 13.308    Cr: 12.7072 )
00001022: 12.3866   (Y': 12.0949   Cb: 13.3456   Cr: 12.7474 )
00001023: 12.3965   (Y': 12.1234   Cb: 13.3097   Cr: 12.7114 )
00001024: 12.416    (Y': 12.1374   Cb: 13.3506   Cr: 12.738  )
00001025: 12.4421   (Y': 12.1798   Cb: 13.3385   Cr: 12.7224 )
00001026: 12.4298   (Y': 12.165    Cb: 13.312    Cr: 12.7343 )
00001027: 12.514    (Y': 12.2674   Cb: 13.3658   Cr: 12.7625 )
00001028: 12.546    (Y': 12.3036   Cb: 13.3731   Cr: 12.7973 )
00001029: 12.4166   (Y': 12.1609   Cb: 13.2903   Cr: 12.6873 )
00001030: 12.4169   (Y': 12.1621   Cb: 13.2945   Cr: 12.6794 )
00001031: 12.4398   (Y': 12.1847   Cb: 13.3092   Cr: 12.7114 )
00001032: 12.3813   (Y': 12.1033   Cb: 13.3227   Cr: 12.6942 )
00001033: 12.4327   (Y': 12.1559   Cb: 13.3695   Cr: 12.7445 )
00001034: 12.4205   (Y': 12.1536   Cb: 13.339    Cr: 12.7026 )
00001035: 12.4218   (Y': 12.1564   Cb: 13.3479   Cr: 12.6905 )
00001036: 12.4705   (Y': 12.2039   Cb: 13.3607   Cr: 12.7757 )
00001037: 12.4053   (Y': 12.1194   Cb: 13.3202   Cr: 12.778  )
00001038: 12.3851   (Y': 12.1118   Cb: 13.2637   Cr: 12.7313 )
00001041: 12.3903   (Y': 12.1107   Cb: 13.3269   Cr: 12.7148 )
00001040: 12.423    (Y': 12.1553   Cb: 13.3219   Cr: 12.7257 )
00001039: 12.4553   (Y': 12.2071   Cb: 13.3043   Cr: 12.7133 )
00001042: 12.4166   (Y': 12.1553   Cb: 13.3337   Cr: 12.6747 )
00001043: 12.4073   (Y': 12.1498   Cb: 13.2764   Cr: 12.6894 )
Total: 12.5554   (Y': 12.3367   Cb: 13.2595   Cr: 12.8101 )
