00000000: 31.3234   (Y': 44.3744   Cb: 26.6981   Cr: 26.6981 )
00000002: 15.8155   (Y': 16.2629   Cb: 14.0207   Cr: 16.3715 )
00000001: 15.7993   (Y': 16.2469   Cb: 14.0392   Cr: 16.296  )
00000003: 15.8192   (Y': 16.2276   Cb: 14.0756   Cr: 16.4491 )
00000004: 15.8406   (Y': 16.2734   Cb: 14.0602   Cr: 16.4323 )
00000006: 15.8285   (Y': 16.2549   Cb: 14.0681   Cr: 16.4119 )
00000005: 15.8137   (Y': 16.2593   Cb: 14.1036   Cr: 16.2355 )
00000007: 15.7654   (Y': 16.192    Cb: 14.0223   Cr: 16.3187 )
00000008: 15.8058   (Y': 16.2314   Cb: 14.0363   Cr: 16.409  )
00000010: 15.7674   (Y': 16.1859   Cb: 14.0023   Cr: 16.3924 )
00000009: 15.7684   (Y': 16.1847   Cb: 14.0258   Cr: 16.3635 )
00000011: 15.7816   (Y': 16.2128   Cb: 14.0449   Cr: 16.3055 )
00000014: 15.8335   (Y': 16.2639   Cb: 14.0741   Cr: 16.3986 )
00000012: 15.7796   (Y': 16.1991   Cb: 14.0388   Cr: 16.3579 )
00000013: 15.8035   (Y': 16.251    Cb: 14.0151   Cr: 16.3486 )
00000015: 15.8112   (Y': 16.2301   Cb: 14.0447   Cr: 16.4368 )
00000018: 15.7876   (Y': 16.213    Cb: 14.065    Cr: 16.3117 )
00000017: 15.7883   (Y': 16.2314   Cb: 14.006    Cr: 16.3403 )
00000016: 15.7892   (Y': 16.2241   Cb: 14.0001   Cr: 16.3871 )
00000019: 15.7909   (Y': 16.2384   Cb: 14.0147   Cr: 16.3145 )
00000020: 15.7849   (Y': 16.2233   Cb: 13.9693   Cr: 16.4143 )
00000021: 15.7893   (Y': 16.1937   Cb: 14.024    Cr: 16.4738 )
00000022: 15.8211   (Y': 16.258    Cb: 14.0259   Cr: 16.4209 )
00000023: 15.7809   (Y': 16.2084   Cb: 13.9884   Cr: 16.4159 )
00000025: 15.7782   (Y': 16.2037   Cb: 14.0156   Cr: 16.3692 )
00000024: 15.7942   (Y': 16.2031   Cb: 14.0399   Cr: 16.4406 )
00000027: 15.7932   (Y': 16.2314   Cb: 14.0014   Cr: 16.3819 )
00000026: 15.8103   (Y': 16.2542   Cb: 14.0192   Cr: 16.3743 )
00000028: 15.8429   (Y': 16.2871   Cb: 14.0346   Cr: 16.4354 )
00000029: 15.7642   (Y': 16.1747   Cb: 14.0328   Cr: 16.3647 )
00000030: 15.7503   (Y': 16.1679   Cb: 13.9926   Cr: 16.3656 )
00000031: 15.7885   (Y': 16.2015   Cb: 14.0429   Cr: 16.4022 )
00000032: 15.7684   (Y': 16.1741   Cb: 14.0256   Cr: 16.4085 )
00000034: 15.7692   (Y': 16.1831   Cb: 13.981    Cr: 16.4535 )
00000033: 15.7666   (Y': 16.1809   Cb: 14.0164   Cr: 16.3833 )
00000036: 15.7993   (Y': 16.2097   Cb: 14.0531   Cr: 16.4253 )
00000035: 15.7885   (Y': 16.2242   Cb: 14.0222   Cr: 16.344  )
00000037: 15.7642   (Y': 16.1768   Cb: 14.0339   Cr: 16.3536 )
00000039: 15.7943   (Y': 16.2197   Cb: 14.0484   Cr: 16.3572 )
00000038: 15.7562   (Y': 16.1972   Cb: 13.9988   Cr: 16.2748 )
00000041: 15.786    (Y': 16.2263   Cb: 13.979    Cr: 16.3926 )
00000040: 15.7991   (Y': 16.2224   Cb: 14.0451   Cr: 16.3846 )
00000042: 15.7557   (Y': 16.1825   Cb: 14.019    Cr: 16.2972 )
00000043: 15.7603   (Y': 16.1894   Cb: 13.9812   Cr: 16.3653 )
00000044: 15.8069   (Y': 16.2395   Cb: 14.0321   Cr: 16.3894 )
00000045: 15.816    (Y': 16.2691   Cb: 14.0126   Cr: 16.3637 )
00000046: 15.7885   (Y': 16.2026   Cb: 14.0793   Cr: 16.3361 )
00000047: 15.7658   (Y': 16.19     Cb: 13.9987   Cr: 16.3703 )
00000048: 15.7699   (Y': 16.1783   Cb: 14.0422   Cr: 16.3729 )
00000051: 15.7905   (Y': 16.2014   Cb: 14.0129   Cr: 16.4693 )
00000050: 15.8118   (Y': 16.2388   Cb: 14.0525   Cr: 16.3909 )
00000049: 15.7844   (Y': 16.2345   Cb: 14.0007   Cr: 16.3106 )
00000052: 15.7726   (Y': 16.1976   Cb: 14.0133   Cr: 16.36   )
00000055: 15.7874   (Y': 16.2146   Cb: 14.0158   Cr: 16.3869 )
00000054: 15.782    (Y': 16.196    Cb: 14.055    Cr: 16.3606 )
00000053: 15.8093   (Y': 16.2232   Cb: 14.0589   Cr: 16.4281 )
00000056: 15.7709   (Y': 16.2111   Cb: 13.987    Cr: 16.3378 )
00000057: 15.8243   (Y': 16.2583   Cb: 14.0521   Cr: 16.3973 )
00000058: 15.7782   (Y': 16.1917   Cb: 14.0328   Cr: 16.39   )
00000060: 15.7677   (Y': 16.1675   Cb: 14.0167   Cr: 16.4474 )
00000059: 15.7739   (Y': 16.1814   Cb: 14.0274   Cr: 16.4126 )
00000061: 15.791    (Y': 16.22     Cb: 14.1022   Cr: 16.2438 )
00000062: 15.8083   (Y': 16.2426   Cb: 14.0011   Cr: 16.4402 )
00000063: 15.7553   (Y': 16.1602   Cb: 14.0046   Cr: 16.4122 )
00000064: 15.7788   (Y': 16.2227   Cb: 14.0068   Cr: 16.3102 )
00000065: 15.7853   (Y': 16.2117   Cb: 14.0337   Cr: 16.3537 )
00000066: 15.7806   (Y': 16.1963   Cb: 14.0365   Cr: 16.3808 )
00000067: 15.7927   (Y': 16.2485   Cb: 14.0007   Cr: 16.31   )
00000068: 15.8243   (Y': 16.2671   Cb: 14.0448   Cr: 16.3737 )
00000069: 15.7767   (Y': 16.1918   Cb: 14.0605   Cr: 16.3316 )
00000070: 15.7539   (Y': 16.1747   Cb: 13.9706   Cr: 16.4003 )
00000071: 15.761    (Y': 16.172    Cb: 14.0267   Cr: 16.3637 )
00000072: 15.8361   (Y': 16.2756   Cb: 14.0423   Cr: 16.4234 )
00000073: 15.8371   (Y': 16.2851   Cb: 14.0573   Cr: 16.3651 )
00000074: 15.7956   (Y': 16.2332   Cb: 14.0136   Cr: 16.37   )
00000075: 15.7915   (Y': 16.2182   Cb: 14.0435   Cr: 16.3523 )
00000076: 15.7836   (Y': 16.2211   Cb: 13.983    Cr: 16.391  )
00000077: 15.7693   (Y': 16.214    Cb: 14.0625   Cr: 16.189  )
00000078: 15.8044   (Y': 16.2598   Cb: 14.0086   Cr: 16.3293 )
00000079: 15.814    (Y': 16.2472   Cb: 14.0457   Cr: 16.3828 )
00000080: 15.7922   (Y': 16.1925   Cb: 14.0737   Cr: 16.413  )
00000081: 15.8002   (Y': 16.2607   Cb: 13.9949   Cr: 16.3211 )
00000082: 15.7488   (Y': 16.1631   Cb: 14.013    Cr: 16.3404 )
00000083: 15.8186   (Y': 16.2453   Cb: 14.0425   Cr: 16.428  )
00000084: 15.7878   (Y': 16.2146   Cb: 14.007    Cr: 16.4052 )
00000085: 15.8002   (Y': 16.227    Cb: 14.0154   Cr: 16.4245 )
00000086: 15.8261   (Y': 16.2504   Cb: 14.0575   Cr: 16.4327 )
00000087: 15.8169   (Y': 16.273    Cb: 13.9902   Cr: 16.3927 )
00000088: 15.7772   (Y': 16.2095   Cb: 13.9932   Cr: 16.3766 )
00000090: 15.8131   (Y': 16.2615   Cb: 14.0207   Cr: 16.3612 )
00000091: 15.7902   (Y': 16.218    Cb: 14.0007   Cr: 16.418  )
00000089: 15.7804   (Y': 16.2108   Cb: 14.0001   Cr: 16.3819 )
00000092: 15.7938   (Y': 16.2205   Cb: 14.0215   Cr: 16.3966 )
00000094: 15.7821   (Y': 16.2107   Cb: 14.0261   Cr: 16.3493 )
00000093: 15.8134   (Y': 16.2318   Cb: 14.0248   Cr: 16.4792 )
00000095: 15.7789   (Y': 16.1845   Cb: 14.0598   Cr: 16.3785 )
00000096: 15.7628   (Y': 16.1828   Cb: 14.0385   Cr: 16.3117 )
00000097: 15.7868   (Y': 16.2055   Cb: 14.0199   Cr: 16.4135 )
00000098: 15.7684   (Y': 16.1825   Cb: 14.0136   Cr: 16.3937 )
00000100: 15.807    (Y': 16.2291   Cb: 14.0339   Cr: 16.4303 )
00000099: 15.7828   (Y': 16.2172   Cb: 13.995    Cr: 16.3808 )
00000101: 15.7832   (Y': 16.2149   Cb: 14.0186   Cr: 16.3518 )
00000102: 15.8132   (Y': 16.2228   Cb: 14.059    Cr: 16.4561 )
00000103: 15.7858   (Y': 16.181    Cb: 14.0414   Cr: 16.473  )
00000104: 15.7361   (Y': 16.1481   Cb: 13.982    Cr: 16.369  )
00000105: 15.725    (Y': 16.1559   Cb: 13.9758   Cr: 16.2708 )
00000106: 15.7505   (Y': 16.169    Cb: 13.9894   Cr: 16.3684 )
00000107: 15.7647   (Y': 16.2132   Cb: 13.9781   Cr: 16.3025 )
00000108: 15.7606   (Y': 16.1893   Cb: 14.0022   Cr: 16.3316 )
00000109: 15.771    (Y': 16.2055   Cb: 14.0276   Cr: 16.2923 )
00000110: 15.7313   (Y': 16.1636   Cb: 13.9626   Cr: 16.3048 )
00000111: 15.7444   (Y': 16.1528   Cb: 14.0163   Cr: 16.348  )
00000112: 15.7387   (Y': 16.1379   Cb: 14.0356   Cr: 16.3377 )
00000113: 15.7225   (Y': 16.1385   Cb: 14.0399   Cr: 16.2183 )
00000116: 15.7295   (Y': 16.1467   Cb: 13.9556   Cr: 16.3749 )
00000114: 15.7612   (Y': 16.1839   Cb: 13.976    Cr: 16.4031 )
00000115: 15.7685   (Y': 16.1972   Cb: 13.9842   Cr: 16.3843 )
00000117: 15.7576   (Y': 16.1801   Cb: 14.0512   Cr: 16.2663 )
00000119: 15.7781   (Y': 16.2137   Cb: 13.988    Cr: 16.375  )
00000118: 15.7886   (Y': 16.2241   Cb: 14.0123   Cr: 16.3619 )
00000120: 15.7946   (Y': 16.2121   Cb: 14.0748   Cr: 16.3464 )
00000121: 15.7805   (Y': 16.2218   Cb: 14.0239   Cr: 16.2962 )
00000123: 15.7234   (Y': 16.1373   Cb: 13.9691   Cr: 16.3483 )
00000122: 15.7998   (Y': 16.2404   Cb: 13.9985   Cr: 16.3953 )
00000125: 15.7935   (Y': 16.2302   Cb: 14.0482   Cr: 16.3094 )
00000124: 15.8003   (Y': 16.2413   Cb: 14.0323   Cr: 16.3369 )
00000126: 15.7808   (Y': 16.2197   Cb: 14.0093   Cr: 16.332  )
00000127: 15.7503   (Y': 16.1843   Cb: 13.961    Cr: 16.3524 )
00000128: 15.7924   (Y': 16.2426   Cb: 14.0003   Cr: 16.3326 )
00000129: 15.7766   (Y': 16.2007   Cb: 14.0408   Cr: 16.3276 )
00000130: 15.7795   (Y': 16.2092   Cb: 14.0178   Cr: 16.3517 )
00000131: 15.7647   (Y': 16.2169   Cb: 13.9786   Cr: 16.2865 )
00000133: 15.7545   (Y': 16.1629   Cb: 13.9949   Cr: 16.412  )
00000134: 15.7844   (Y': 16.2139   Cb: 14.0314   Cr: 16.3425 )
00000132: 15.7612   (Y': 16.1911   Cb: 14.0334   Cr: 16.275  )
00000135: 15.7674   (Y': 16.1826   Cb: 14.045    Cr: 16.3332 )
00000136: 15.7998   (Y': 16.249    Cb: 14.0174   Cr: 16.3274 )
00000137: 15.776    (Y': 16.1915   Cb: 14.0231   Cr: 16.3921 )
00000138: 15.749    (Y': 16.1822   Cb: 13.9855   Cr: 16.3103 )
00000139: 15.7562   (Y': 16.1904   Cb: 14.0095   Cr: 16.2843 )
00000140: 15.7598   (Y': 16.1851   Cb: 14.0466   Cr: 16.2684 )
00000141: 15.7674   (Y': 16.2164   Cb: 13.9609   Cr: 16.3374 )
00000143: 15.7608   (Y': 16.2057   Cb: 13.9672   Cr: 16.3253 )
00000142: 15.7325   (Y': 16.1647   Cb: 13.9716   Cr: 16.2929 )
00000144: 15.79     (Y': 16.2247   Cb: 14.0268   Cr: 16.3445 )
00000145: 15.7436   (Y': 16.1732   Cb: 13.9819   Cr: 16.3161 )
00000146: 15.7468   (Y': 16.1739   Cb: 13.9732   Cr: 16.3504 )
00000147: 15.7707   (Y': 16.1864   Cb: 13.9861   Cr: 16.4411 )
00000148: 15.7605   (Y': 16.1901   Cb: 13.9863   Cr: 16.3548 )
00000149: 15.7314   (Y': 16.1475   Cb: 13.9983   Cr: 16.3112 )
00000150: 15.777    (Y': 16.1954   Cb: 14.0152   Cr: 16.3966 )
00000151: 15.7701   (Y': 16.1834   Cb: 14.0446   Cr: 16.3489 )
00000152: 15.8012   (Y': 16.2285   Cb: 14.047    Cr: 16.3705 )
00000153: 15.7879   (Y': 16.2104   Cb: 14.0433   Cr: 16.3608 )
00000154: 15.7401   (Y': 16.159    Cb: 13.9716   Cr: 16.3687 )
00000155: 15.7418   (Y': 16.1814   Cb: 13.9612   Cr: 16.3053 )
00000156: 15.7535   (Y': 16.1664   Cb: 13.9834   Cr: 16.4108 )
00000157: 15.7322   (Y': 16.172    Cb: 13.9642   Cr: 16.2732 )
00000158: 15.7502   (Y': 16.1878   Cb: 14.0344   Cr: 16.2132 )
00000159: 15.7857   (Y': 16.2017   Cb: 14.073    Cr: 16.331  )
00000160: 15.7577   (Y': 16.192    Cb: 14.013    Cr: 16.2826 )
00000161: 15.7467   (Y': 16.167    Cb: 13.9843   Cr: 16.3592 )
00000162: 15.7702   (Y': 16.1965   Cb: 14.0207   Cr: 16.3355 )
00000163: 15.7616   (Y': 16.1989   Cb: 14.016    Cr: 16.275  )
00000164: 15.7584   (Y': 16.1748   Cb: 13.9826   Cr: 16.4105 )
00000166: 15.7316   (Y': 16.1606   Cb: 13.9549   Cr: 16.3325 )
00000165: 15.7333   (Y': 16.141    Cb: 13.972    Cr: 16.3966 )
00000167: 15.7688   (Y': 16.2027   Cb: 14.0069   Cr: 16.3242 )
00000168: 15.7446   (Y': 16.1794   Cb: 13.9381   Cr: 16.3728 )
00000169: 15.7729   (Y': 16.1998   Cb: 14.01     Cr: 16.3588 )
00000171: 15.7797   (Y': 16.2022   Cb: 14.0443   Cr: 16.3371 )
00000170: 15.758    (Y': 16.1998   Cb: 13.9419   Cr: 16.3737 )
00000172: 15.7994   (Y': 16.2332   Cb: 14.0269   Cr: 16.3731 )
00000173: 15.7723   (Y': 16.19     Cb: 14.0153   Cr: 16.3863 )
00000174: 15.7839   (Y': 16.2181   Cb: 14.0023   Cr: 16.372  )
00000175: 15.7411   (Y': 16.1737   Cb: 13.9836   Cr: 16.2945 )
00000176: 15.7855   (Y': 16.2303   Cb: 13.9643   Cr: 16.398  )
00000177: 15.7296   (Y': 16.1548   Cb: 13.9794   Cr: 16.301  )
00000179: 15.7875   (Y': 16.2315   Cb: 13.9904   Cr: 16.3617 )
00000178: 15.8075   (Y': 16.2277   Cb: 14.0814   Cr: 16.3587 )
00000180: 15.7444   (Y': 16.1862   Cb: 13.9164   Cr: 16.3817 )
00000181: 15.7822   (Y': 16.2225   Cb: 13.9796   Cr: 16.3808 )
00000182: 15.7557   (Y': 16.1962   Cb: 13.9964   Cr: 16.2793 )
00000183: 15.7678   (Y': 16.2036   Cb: 13.9707   Cr: 16.3758 )
00000184: 15.7944   (Y': 16.2161   Cb: 14.0158   Cr: 16.4294 )
00000186: 15.7871   (Y': 16.2276   Cb: 13.9842   Cr: 16.386  )
00000185: 15.7745   (Y': 16.1997   Cb: 14.0035   Cr: 16.3813 )
00000187: 15.7777   (Y': 16.2028   Cb: 14.0155   Cr: 16.3703 )
00000188: 15.7515   (Y': 16.2112   Cb: 13.9419   Cr: 16.2828 )
00000189: 15.7728   (Y': 16.2053   Cb: 14.0129   Cr: 16.3309 )
00000190: 15.752    (Y': 16.2005   Cb: 13.9572   Cr: 16.3038 )
00000191: 15.7605   (Y': 16.1835   Cb: 14.0093   Cr: 16.3429 )
00000192: 15.7894   (Y': 16.2015   Cb: 14.0421   Cr: 16.4102 )
00000193: 15.7809   (Y': 16.211    Cb: 14.0247   Cr: 16.342  )
00000194: 15.7556   (Y': 16.2014   Cb: 13.9883   Cr: 16.2714 )
00000195: 15.7572   (Y': 16.2054   Cb: 14.0091   Cr: 16.2308 )
00000196: 15.7837   (Y': 16.2052   Cb: 14.0515   Cr: 16.3397 )
00000198: 15.7705   (Y': 16.1968   Cb: 14.0238   Cr: 16.3314 )
00000197: 15.7623   (Y': 16.2139   Cb: 13.9287   Cr: 16.3684 )
00000199: 15.7849   (Y': 16.2376   Cb: 14.0249   Cr: 16.2607 )
00000200: 15.7848   (Y': 16.2037   Cb: 14.0493   Cr: 16.3569 )
00000201: 15.8004   (Y': 16.2471   Cb: 14.0058   Cr: 16.3594 )
00000202: 15.7719   (Y': 16.2176   Cb: 13.9943   Cr: 16.3056 )
00000203: 15.7816   (Y': 16.2294   Cb: 13.9757   Cr: 16.3555 )
00000204: 15.7938   (Y': 16.2226   Cb: 13.9922   Cr: 16.4392 )
00000205: 15.7519   (Y': 16.1958   Cb: 13.9572   Cr: 16.3223 )
00000206: 15.7359   (Y': 16.1824   Cb: 13.9493   Cr: 16.2818 )
00000207: 15.7703   (Y': 16.1759   Cb: 14.0506   Cr: 16.3708 )
00000208: 15.8304   (Y': 16.2926   Cb: 14.0238   Cr: 16.346  )
00000211: 15.793    (Y': 16.2439   Cb: 14.0254   Cr: 16.289  )
00000210: 15.8021   (Y': 16.2327   Cb: 14.0157   Cr: 16.4136 )
00000209: 15.7945   (Y': 16.2186   Cb: 14.0372   Cr: 16.3825 )
00000212: 15.7755   (Y': 16.2049   Cb: 14.0181   Cr: 16.3416 )
00000213: 15.8026   (Y': 16.2347   Cb: 13.9824   Cr: 16.4669 )
00000214: 15.7933   (Y': 16.2246   Cb: 14.0286   Cr: 16.3642 )
00000215: 15.7658   (Y': 16.1897   Cb: 14.0095   Cr: 16.3525 )
00000216: 15.7614   (Y': 16.1624   Cb: 14.0567   Cr: 16.356  )
00000217: 15.7744   (Y': 16.1992   Cb: 14.0175   Cr: 16.3586 )
00000218: 15.7905   (Y': 16.211    Cb: 14.0209   Cr: 16.4142 )
00000219: 15.763    (Y': 16.2033   Cb: 14.0256   Cr: 16.2504 )
00000220: 15.8117   (Y': 16.2538   Cb: 14.0256   Cr: 16.3748 )
00000221: 15.8148   (Y': 16.2507   Cb: 14.0569   Cr: 16.3552 )
00000222: 15.7753   (Y': 16.1637   Cb: 14.0751   Cr: 16.4153 )
00000223: 15.8019   (Y': 16.2245   Cb: 14.0411   Cr: 16.4019 )
00000224: 15.8162   (Y': 16.2771   Cb: 13.9698   Cr: 16.4065 )
00000225: 15.8632   (Y': 16.3329   Cb: 14.0535   Cr: 16.3545 )
00000226: 15.7258   (Y': 16.1311   Cb: 14.0137   Cr: 16.3149 )
00000227: 15.7831   (Y': 16.2279   Cb: 13.9381   Cr: 16.4381 )
00000228: 15.8171   (Y': 16.2374   Cb: 14.0237   Cr: 16.4837 )
00000229: 15.8093   (Y': 16.239    Cb: 14.0558   Cr: 16.3672 )
00000230: 15.7962   (Y': 16.2162   Cb: 14.0314   Cr: 16.4142 )
00000231: 15.8394   (Y': 16.2896   Cb: 14.0061   Cr: 16.4512 )
00000232: 15.8106   (Y': 16.2136   Cb: 14.0889   Cr: 16.4256 )
00000234: 15.7833   (Y': 16.1975   Cb: 14.054    Cr: 16.3647 )
00000233: 15.8009   (Y': 16.2133   Cb: 14.0627   Cr: 16.4049 )
00000235: 15.8424   (Y': 16.2515   Cb: 14.0834   Cr: 16.4958 )
00000236: 15.8236   (Y': 16.2258   Cb: 14.0995   Cr: 16.4463 )
00000237: 15.7893   (Y': 16.2109   Cb: 14.0173   Cr: 16.4131 )
00000238: 15.7962   (Y': 16.2008   Cb: 14.0566   Cr: 16.4356 )
00000239: 15.8587   (Y': 16.2957   Cb: 14.0869   Cr: 16.418  )
00000240: 15.7924   (Y': 16.2025   Cb: 14.0456   Cr: 16.4204 )
00000241: 15.8025   (Y': 16.2057   Cb: 14.0518   Cr: 16.4668 )
00000242: 15.7767   (Y': 16.1988   Cb: 13.971    Cr: 16.4574 )
00000243: 15.7956   (Y': 16.2396   Cb: 14.0063   Cr: 16.3561 )
00000244: 15.8253   (Y': 16.2575   Cb: 14.0572   Cr: 16.398  )
00000245: 15.7759   (Y': 16.2033   Cb: 13.9809   Cr: 16.4154 )
00000246: 15.7583   (Y': 16.1926   Cb: 13.9808   Cr: 16.3386 )
00000247: 15.7951   (Y': 16.2496   Cb: 14.0154   Cr: 16.2966 )
00000248: 15.8122   (Y': 16.242    Cb: 14.0077   Cr: 16.4587 )
00000249: 15.7877   (Y': 16.1974   Cb: 14.0254   Cr: 16.4443 )
00000250: 15.7798   (Y': 16.2      Cb: 14.0286   Cr: 16.3738 )
00000252: 15.8102   (Y': 16.2057   Cb: 14.0696   Cr: 16.4893 )
00000251: 15.8118   (Y': 16.2201   Cb: 14.0516   Cr: 16.4712 )
00000253: 15.7918   (Y': 16.196    Cb: 14.0529   Cr: 16.4309 )
00000254: 15.8157   (Y': 16.2371   Cb: 14.0374   Cr: 16.4512 )
00000255: 15.7997   (Y': 16.2388   Cb: 14.0282   Cr: 16.3499 )
00000256: 15.7958   (Y': 16.2302   Cb: 13.9876   Cr: 16.4293 )
00000257: 15.7802   (Y': 16.2072   Cb: 14.0026   Cr: 16.391  )
00000260: 15.7968   (Y': 16.2483   Cb: 14.0143   Cr: 16.3155 )
00000258: 15.7553   (Y': 16.1889   Cb: 13.9963   Cr: 16.3068 )
00000259: 15.7659   (Y': 16.1908   Cb: 14.0251   Cr: 16.3225 )
00000261: 15.7706   (Y': 16.2058   Cb: 14.008    Cr: 16.3218 )
00000262: 15.748    (Y': 16.1755   Cb: 14.0449   Cr: 16.2303 )
00000263: 15.8167   (Y': 16.2526   Cb: 14.0267   Cr: 16.4124 )
00000264: 15.7743   (Y': 16.1951   Cb: 13.9645   Cr: 16.4683 )
00000265: 15.8021   (Y': 16.2103   Cb: 14.0443   Cr: 16.4574 )
00000266: 15.7767   (Y': 16.2093   Cb: 14.0328   Cr: 16.3063 )
00000267: 15.8173   (Y': 16.2678   Cb: 14.036    Cr: 16.3378 )
00000268: 15.7791   (Y': 16.2253   Cb: 13.9729   Cr: 16.36   )
00000269: 15.797    (Y': 16.2443   Cb: 13.9938   Cr: 16.3679 )
00000270: 15.8151   (Y': 16.2143   Cb: 14.0725   Cr: 16.482  )
00000271: 15.8154   (Y': 16.2287   Cb: 14.0507   Cr: 16.4612 )
00000272: 15.7501   (Y': 16.2065   Cb: 13.9459   Cr: 16.2854 )
00000273: 15.752    (Y': 16.2004   Cb: 13.958    Cr: 16.3031 )
00000274: 15.7543   (Y': 16.1913   Cb: 13.9863   Cr: 16.307  )
00000275: 15.8005   (Y': 16.2415   Cb: 14.0093   Cr: 16.3771 )
00000276: 15.7621   (Y': 16.1924   Cb: 13.9782   Cr: 16.3702 )
00000277: 15.7644   (Y': 16.1815   Cb: 14.0646   Cr: 16.2844 )
00000278: 15.7883   (Y': 16.1776   Cb: 14.0767   Cr: 16.4443 )
00000279: 15.7679   (Y': 16.2101   Cb: 14.008    Cr: 16.2857 )
00000280: 15.7674   (Y': 16.1713   Cb: 14.0306   Cr: 16.4045 )
00000281: 15.7798   (Y': 16.2111   Cb: 14.0304   Cr: 16.324  )
00000282: 15.7571   (Y': 16.1979   Cb: 14.0082   Cr: 16.2623 )
00000283: 15.7983   (Y': 16.2543   Cb: 13.9936   Cr: 16.3361 )
00000284: 15.7566   (Y': 16.1857   Cb: 13.9704   Cr: 16.3735 )
00000286: 15.8482   (Y': 16.3004   Cb: 14.0421   Cr: 16.4044 )
00000285: 15.8351   (Y': 16.2685   Cb: 14.0435   Cr: 16.4435 )
00000287: 15.8332   (Y': 16.2575   Cb: 14.0751   Cr: 16.4215 )
00000288: 15.8321   (Y': 16.2774   Cb: 14.0204   Cr: 16.426  )
00000289: 15.8337   (Y': 16.2914   Cb: 14.0026   Cr: 16.4099 )
00000290: 15.839    (Y': 16.2932   Cb: 14.0729   Cr: 16.3187 )
00000291: 15.8461   (Y': 16.3081   Cb: 14.0575   Cr: 16.3326 )
00000292: 15.8407   (Y': 16.2824   Cb: 14.0436   Cr: 16.4244 )
00000293: 15.8454   (Y': 16.3285   Cb: 14.0066   Cr: 16.3324 )
00000294: 15.7961   (Y': 16.2466   Cb: 14.0101   Cr: 16.3247 )
00000295: 15.8695   (Y': 16.3302   Cb: 14.0431   Cr: 16.4256 )
00000296: 15.8657   (Y': 16.3321   Cb: 14.0389   Cr: 16.399  )
00000297: 15.8527   (Y': 16.3414   Cb: 14.0052   Cr: 16.3317 )
00000298: 15.8666   (Y': 16.341    Cb: 14.0398   Cr: 16.3681 )
00000299: 15.8154   (Y': 16.2751   Cb: 13.9844   Cr: 16.3839 )
00000300: 15.7563   (Y': 16.1805   Cb: 13.9488   Cr: 16.4312 )
00000301: 15.7962   (Y': 16.2283   Cb: 14.0248   Cr: 16.3756 )
00000302: 15.7988   (Y': 16.233    Cb: 14.0301   Cr: 16.3642 )
00000303: 15.7987   (Y': 16.2627   Cb: 13.9764   Cr: 16.334  )
00000304: 15.8254   (Y': 16.2731   Cb: 14.0208   Cr: 16.3973 )
00000305: 15.7746   (Y': 16.2221   Cb: 13.9688   Cr: 16.3494 )
00000307: 15.8392   (Y': 16.3201   Cb: 13.9989   Cr: 16.3371 )
00000309: 15.7753   (Y': 16.2121   Cb: 13.9834   Cr: 16.3703 )
00000306: 15.7579   (Y': 16.2169   Cb: 13.9292   Cr: 16.3251 )
00000308: 15.8366   (Y': 16.2831   Cb: 14.0591   Cr: 16.3669 )
00000310: 15.7648   (Y': 16.1926   Cb: 14.0018   Cr: 16.3474 )
00000311: 15.828    (Y': 16.28     Cb: 14.0203   Cr: 16.3873 )
00000312: 15.7635   (Y': 16.1958   Cb: 13.9953   Cr: 16.3361 )
00000313: 15.751    (Y': 16.1684   Cb: 14.0133   Cr: 16.3334 )
00000315: 15.8255   (Y': 16.2377   Cb: 14.0745   Cr: 16.4524 )
00000314: 15.759    (Y': 16.2064   Cb: 13.964    Cr: 16.3153 )
00000316: 15.8179   (Y': 16.2536   Cb: 14.0207   Cr: 16.4262 )
00000318: 15.7911   (Y': 16.2187   Cb: 13.991    Cr: 16.4385 )
00000317: 15.8116   (Y': 16.2616   Cb: 14.0252   Cr: 16.3425 )
00000319: 15.8298   (Y': 16.2972   Cb: 13.9817   Cr: 16.3962 )
00000320: 15.8174   (Y': 16.2836   Cb: 13.9867   Cr: 16.3586 )
00000321: 15.8639   (Y': 16.3149   Cb: 14.0717   Cr: 16.4009 )
00000323: 15.9025   (Y': 16.3757   Cb: 14.0807   Cr: 16.3996 )
00000322: 15.7944   (Y': 16.2874   Cb: 13.9511   Cr: 16.2496 )
00000325: 15.8669   (Y': 16.3167   Cb: 14.0836   Cr: 16.3937 )
00000324: 15.8418   (Y': 16.2956   Cb: 14.0122   Cr: 16.4315 )
00000326: 15.8501   (Y': 16.2961   Cb: 14.0657   Cr: 16.3946 )
00000327: 15.8383   (Y': 16.2934   Cb: 14.0595   Cr: 16.3359 )
00000328: 15.805    (Y': 16.2737   Cb: 13.9984   Cr: 16.2948 )
00000329: 15.822    (Y': 16.2534   Cb: 14.034    Cr: 16.4322 )
00000330: 15.8079   (Y': 16.2727   Cb: 14.0171   Cr: 16.2867 )
00000331: 15.8155   (Y': 16.2822   Cb: 13.9737   Cr: 16.3742 )
00000333: 15.8298   (Y': 16.2776   Cb: 14.0379   Cr: 16.3791 )
00000332: 15.8126   (Y': 16.2415   Cb: 14.0526   Cr: 16.385  )
00000334: 15.8318   (Y': 16.3027   Cb: 14.0441   Cr: 16.2812 )
00000335: 15.8564   (Y': 16.3316   Cb: 14.0033   Cr: 16.4002 )
00000336: 15.8522   (Y': 16.2899   Cb: 14.0982   Cr: 16.3785 )
00000337: 15.8531   (Y': 16.2985   Cb: 14.0706   Cr: 16.3963 )
00000338: 15.7595   (Y': 16.2033   Cb: 13.9785   Cr: 16.3065 )
00000339: 15.8299   (Y': 16.2877   Cb: 14.0209   Cr: 16.3675 )
00000340: 15.7901   (Y': 16.2359   Cb: 14.0168   Cr: 16.3165 )
00000341: 15.8322   (Y': 16.2707   Cb: 14.0469   Cr: 16.4089 )
00000342: 15.7901   (Y': 16.2136   Cb: 13.99     Cr: 16.4549 )
00000343: 15.746    (Y': 16.1527   Cb: 14.0216   Cr: 16.3501 )
00000344: 15.7878   (Y': 16.2252   Cb: 14.015    Cr: 16.3473 )
00000345: 15.7988   (Y': 16.247    Cb: 13.9747   Cr: 16.4019 )
00000347: 15.8422   (Y': 16.2841   Cb: 14.0647   Cr: 16.3911 )
00000346: 15.7693   (Y': 16.1937   Cb: 13.9771   Cr: 16.4168 )
00000348: 15.7853   (Y': 16.229    Cb: 13.9937   Cr: 16.3513 )
00000349: 15.7707   (Y': 16.188    Cb: 14.0073   Cr: 16.3977 )
00000350: 15.7647   (Y': 16.1909   Cb: 14.0379   Cr: 16.2924 )
00000351: 15.7666   (Y': 16.1898   Cb: 14.0115   Cr: 16.3547 )
00000352: 15.8199   (Y': 16.2342   Cb: 14.0401   Cr: 16.4883 )
00000353: 15.8132   (Y': 16.2618   Cb: 14.0544   Cr: 16.3033 )
00000355: 15.7473   (Y': 16.2071   Cb: 13.9763   Cr: 16.2127 )
00000354: 15.7668   (Y': 16.1964   Cb: 13.9977   Cr: 16.3522 )
00000356: 15.8019   (Y': 16.2456   Cb: 13.9989   Cr: 16.387  )
00000357: 15.782    (Y': 16.2114   Cb: 14.01     Cr: 16.3731 )
00000358: 15.7893   (Y': 16.2231   Cb: 13.9966   Cr: 16.398  )
00000359: 15.783    (Y': 16.2147   Cb: 14.0101   Cr: 16.3661 )
00000360: 15.7902   (Y': 16.2439   Cb: 14.013    Cr: 16.2903 )
00000361: 15.7851   (Y': 16.2202   Cb: 14.0464   Cr: 16.2964 )
00000363: 15.8373   (Y': 16.3217   Cb: 14.0254   Cr: 16.2735 )
00000362: 15.7881   (Y': 16.2113   Cb: 14.0407   Cr: 16.3631 )
00000364: 15.8313   (Y': 16.2721   Cb: 14.098    Cr: 16.3103 )
00000365: 15.8373   (Y': 16.2812   Cb: 14.0554   Cr: 16.3853 )
00000366: 15.8479   (Y': 16.2813   Cb: 14.0536   Cr: 16.4606 )
00000367: 15.8124   (Y': 16.2405   Cb: 14.0731   Cr: 16.3531 )
00000368: 15.7789   (Y': 16.1796   Cb: 14.0603   Cr: 16.3978 )
00000369: 15.8336   (Y': 16.2629   Cb: 14.0872   Cr: 16.3812 )
00000370: 15.768    (Y': 16.1977   Cb: 14.0185   Cr: 16.3194 )
00000371: 15.7947   (Y': 16.2215   Cb: 14.0136   Cr: 16.4124 )
00000372: 15.8248   (Y': 16.2547   Cb: 14.0637   Cr: 16.395  )
00000373: 15.7809   (Y': 16.1949   Cb: 14.0352   Cr: 16.3909 )
00000374: 15.7858   (Y': 16.2452   Cb: 14.0101   Cr: 16.2607 )
00000375: 15.7872   (Y': 16.2151   Cb: 14.0139   Cr: 16.3865 )
00000376: 15.7603   (Y': 16.2      Cb: 13.9643   Cr: 16.35   )
00000377: 15.7881   (Y': 16.2132   Cb: 14.024    Cr: 16.3836 )
00000378: 15.8096   (Y': 16.2582   Cb: 14.0166   Cr: 16.3578 )
00000379: 15.7833   (Y': 16.2305   Cb: 13.999    Cr: 16.3225 )
00000381: 15.8173   (Y': 16.2715   Cb: 14.0165   Cr: 16.3557 )
00000380: 15.783    (Y': 16.2065   Cb: 14.0011   Cr: 16.4161 )
00000382: 15.8281   (Y': 16.2884   Cb: 14.0237   Cr: 16.3484 )
00000383: 15.7875   (Y': 16.2356   Cb: 14.0451   Cr: 16.2523 )
00000384: 15.774    (Y': 16.2162   Cb: 13.9989   Cr: 16.3174 )
00000385: 15.8051   (Y': 16.2646   Cb: 14.0168   Cr: 16.3007 )
00000386: 15.8099   (Y': 16.2717   Cb: 14.0153   Cr: 16.3074 )
00000387: 15.7435   (Y': 16.1946   Cb: 13.9605   Cr: 16.2641 )
00000388: 15.7772   (Y': 16.2263   Cb: 13.9733   Cr: 16.3417 )
00000389: 15.7901   (Y': 16.2542   Cb: 14.0199   Cr: 16.2375 )
00000390: 15.7959   (Y': 16.2903   Cb: 13.9638   Cr: 16.2267 )
00000391: 15.8104   (Y': 16.2837   Cb: 13.9889   Cr: 16.3067 )
00000392: 15.7903   (Y': 16.2321   Cb: 14.0197   Cr: 16.3279 )
00000393: 15.791    (Y': 16.2813   Cb: 13.9547   Cr: 16.2445 )
00000394: 15.7684   (Y': 16.2453   Cb: 14.0014   Cr: 16.1591 )
00000396: 15.7852   (Y': 16.2461   Cb: 13.9705   Cr: 16.3201 )
00000395: 15.7914   (Y': 16.2304   Cb: 14.0006   Cr: 16.3754 )
00000397: 15.7976   (Y': 16.2629   Cb: 14.0304   Cr: 16.2353 )
00000398: 15.8136   (Y': 16.2954   Cb: 13.9824   Cr: 16.2925 )
00000399: 15.7885   (Y': 16.2533   Cb: 13.9631   Cr: 16.3261 )
00000400: 15.7912   (Y': 16.2394   Cb: 13.9932   Cr: 16.3494 )
00000401: 15.7461   (Y': 16.2276   Cb: 13.9069   Cr: 16.24   )
00000402: 15.8081   (Y': 16.2525   Cb: 14.0264   Cr: 16.3542 )
00000403: 15.7905   (Y': 16.2792   Cb: 13.9555   Cr: 16.2486 )
00000404: 15.7944   (Y': 16.2563   Cb: 13.9529   Cr: 16.3723 )
00000405: 15.7725   (Y': 16.2309   Cb: 13.9895   Cr: 16.2635 )
00000406: 15.803    (Y': 16.2429   Cb: 14.0358   Cr: 16.3428 )
00000407: 15.7769   (Y': 16.2186   Cb: 14.0009   Cr: 16.3241 )
00000408: 15.7842   (Y': 16.2784   Cb: 13.9385   Cr: 16.239  )
00000409: 15.7637   (Y': 16.2307   Cb: 13.9813   Cr: 16.2197 )
00000412: 15.7983   (Y': 16.2306   Cb: 14.0401   Cr: 16.3542 )
00000410: 15.8349   (Y': 16.2676   Cb: 14.1008   Cr: 16.3478 )
00000411: 15.7803   (Y': 16.2183   Cb: 13.99     Cr: 16.3677 )
00000413: 15.7875   (Y': 16.2179   Cb: 13.9951   Cr: 16.4094 )
00000414: 15.8373   (Y': 16.2905   Cb: 14.0402   Cr: 16.3732 )
00000415: 15.8      (Y': 16.2409   Cb: 14.0238   Cr: 16.3511 )
00000416: 15.813    (Y': 16.2754   Cb: 13.9846   Cr: 16.3656 )
00000417: 15.8191   (Y': 16.2789   Cb: 14.0007   Cr: 16.3655 )
00000419: 15.8038   (Y': 16.2379   Cb: 14.0213   Cr: 16.3932 )
00000418: 15.7966   (Y': 16.251    Cb: 14.0086   Cr: 16.3121 )
00000420: 15.8257   (Y': 16.2685   Cb: 14.0597   Cr: 16.3514 )
00000421: 15.7867   (Y': 16.2092   Cb: 14.0387   Cr: 16.3653 )
00000422: 15.7868   (Y': 16.2281   Cb: 14.015    Cr: 16.3285 )
00000423: 15.7865   (Y': 16.2108   Cb: 14.052    Cr: 16.3347 )
00000424: 15.7799   (Y': 16.2366   Cb: 14.0062   Cr: 16.2628 )
00000425: 15.7879   (Y': 16.2309   Cb: 14.0138   Cr: 16.3266 )
00000426: 15.7822   (Y': 16.252    Cb: 13.9553   Cr: 16.3021 )
00000427: 15.7665   (Y': 16.2106   Cb: 13.9568   Cr: 16.3617 )
00000429: 15.829    (Y': 16.2965   Cb: 14.0281   Cr: 16.3143 )
00000428: 15.8328   (Y': 16.2832   Cb: 14.0544   Cr: 16.3486 )
00000430: 15.8039   (Y': 16.2647   Cb: 13.9937   Cr: 16.3316 )
00000431: 15.7626   (Y': 16.1963   Cb: 14.0149   Cr: 16.2944 )
00000432: 15.8174   (Y': 16.2673   Cb: 13.9994   Cr: 16.4033 )
00000433: 15.8016   (Y': 16.2679   Cb: 14.002    Cr: 16.2895 )
00000434: 15.8036   (Y': 16.2383   Cb: 14.0302   Cr: 16.3755 )
00000435: 15.7719   (Y': 16.2269   Cb: 13.946    Cr: 16.3505 )
00000436: 15.7688   (Y': 16.2466   Cb: 13.9077   Cr: 16.3157 )
00000437: 15.7948   (Y': 16.2321   Cb: 14.0256   Cr: 16.3483 )
00000438: 15.7704   (Y': 16.206    Cb: 13.9694   Cr: 16.3859 )
00000439: 15.7746   (Y': 16.2408   Cb: 13.9712   Cr: 16.269  )
00000440: 15.8114   (Y': 16.2629   Cb: 14.0148   Cr: 16.3537 )
00000441: 15.7926   (Y': 16.2496   Cb: 13.9567   Cr: 16.3808 )
00000442: 15.7732   (Y': 16.2242   Cb: 13.9622   Cr: 16.3425 )
00000443: 15.7775   (Y': 16.2167   Cb: 14.0019   Cr: 16.3343 )
00000444: 15.7967   (Y': 16.2433   Cb: 14.0507   Cr: 16.2733 )
00000445: 15.7817   (Y': 16.2351   Cb: 13.9696   Cr: 16.3428 )
00000446: 15.7667   (Y': 16.2092   Cb: 13.9861   Cr: 16.3186 )
00000447: 15.7918   (Y': 16.2359   Cb: 14.0256   Cr: 16.3127 )
00000448: 15.7888   (Y': 16.2677   Cb: 13.9826   Cr: 16.2371 )
00000449: 15.7872   (Y': 16.2232   Cb: 14.0214   Cr: 16.3401 )
00000450: 15.7766   (Y': 16.2027   Cb: 13.9972   Cr: 16.3943 )
00000452: 15.7516   (Y': 16.1876   Cb: 14.0018   Cr: 16.2774 )
00000451: 15.7707   (Y': 16.2015   Cb: 13.9967   Cr: 16.3596 )
00000453: 15.7864   (Y': 16.2315   Cb: 14.0422   Cr: 16.2667 )
00000454: 15.7646   (Y': 16.2022   Cb: 13.9773   Cr: 16.3483 )
00000455: 15.7709   (Y': 16.2235   Cb: 13.9972   Cr: 16.2697 )
00000456: 15.7504   (Y': 16.2189   Cb: 13.9633   Cr: 16.2078 )
00000457: 15.7073   (Y': 16.1649   Cb: 13.9259   Cr: 16.1993 )
00000458: 15.7365   (Y': 16.1882   Cb: 13.9571   Cr: 16.2489 )
00000459: 15.7423   (Y': 16.2149   Cb: 13.9277   Cr: 16.2297 )
00000460: 15.7803   (Y': 16.2321   Cb: 13.9889   Cr: 16.3125 )
00000461: 15.7802   (Y': 16.2195   Cb: 14.0023   Cr: 16.3403 )
00000462: 15.7779   (Y': 16.2042   Cb: 14.0055   Cr: 16.3825 )
00000463: 15.7902   (Y': 16.2573   Cb: 13.988    Cr: 16.2791 )
00000464: 15.7457   (Y': 16.1983   Cb: 13.9686   Cr: 16.2501 )
00000465: 15.7489   (Y': 16.176    Cb: 14.005    Cr: 16.3018 )
00000466: 15.7892   (Y': 16.2403   Cb: 14.0056   Cr: 16.3111 )
00000468: 15.8092   (Y': 16.2746   Cb: 13.993    Cr: 16.3287 )
00000469: 15.7439   (Y': 16.1933   Cb: 13.9439   Cr: 16.3008 )
00000467: 15.7684   (Y': 16.2361   Cb: 13.9232   Cr: 16.3285 )
00000470: 15.7605   (Y': 16.1902   Cb: 13.9897   Cr: 16.3484 )
00000471: 15.7809   (Y': 16.2593   Cb: 13.9372   Cr: 16.2953 )
00000472: 15.7677   (Y': 16.2195   Cb: 13.9371   Cr: 16.3675 )
00000473: 15.7404   (Y': 16.1968   Cb: 13.9527   Cr: 16.248  )
00000474: 15.7632   (Y': 16.186    Cb: 14.013    Cr: 16.3443 )
00000475: 15.752    (Y': 16.2316   Cb: 13.9473   Cr: 16.195  )
00000477: 15.7539   (Y': 16.1949   Cb: 13.9417   Cr: 16.3666 )
00000476: 15.76     (Y': 16.2047   Cb: 13.9885   Cr: 16.2872 )
00000478: 15.7896   (Y': 16.2516   Cb: 13.9747   Cr: 16.3207 )
00000479: 15.7769   (Y': 16.2142   Cb: 14.0119   Cr: 16.3232 )
00000480: 15.7799   (Y': 16.2307   Cb: 14.0031   Cr: 16.2917 )
00000481: 15.7616   (Y': 16.2011   Cb: 14.0208   Cr: 16.2585 )
00000482: 15.7257   (Y': 16.1892   Cb: 13.8683   Cr: 16.3246 )
00000484: 15.7818   (Y': 16.214    Cb: 14.0169   Cr: 16.349  )
00000483: 15.75     (Y': 16.2011   Cb: 13.9336   Cr: 16.3284 )
00000485: 15.7765   (Y': 16.2143   Cb: 13.9984   Cr: 16.343  )
00000486: 15.7509   (Y': 16.2271   Cb: 13.9308   Cr: 16.2335 )
00000487: 15.7901   (Y': 16.23     Cb: 14.0162   Cr: 16.3412 )
00000488: 15.7818   (Y': 16.224    Cb: 13.9958   Cr: 16.3441 )
00000489: 15.7627   (Y': 16.194    Cb: 13.9807   Cr: 16.3631 )
00000490: 15.8093   (Y': 16.2346   Cb: 14.0202   Cr: 16.4475 )
00000491: 15.783    (Y': 16.2158   Cb: 13.9917   Cr: 16.3935 )
00000492: 15.7504   (Y': 16.1889   Cb: 14.0164   Cr: 16.2399 )
00000493: 15.7618   (Y': 16.2023   Cb: 14.0027   Cr: 16.2848 )
00000494: 15.7613   (Y': 16.1995   Cb: 13.9841   Cr: 16.3247 )
00000495: 15.7623   (Y': 16.2016   Cb: 13.967    Cr: 16.3526 )
00000496: 15.7325   (Y': 16.1806   Cb: 13.9323   Cr: 16.2947 )
00000497: 15.7435   (Y': 16.1902   Cb: 13.9821   Cr: 16.2458 )
00000498: 15.7634   (Y': 16.2063   Cb: 13.9833   Cr: 16.313  )
00000500: 15.7825   (Y': 16.2393   Cb: 13.9662   Cr: 16.3372 )
00000499: 15.7472   (Y': 16.1519   Cb: 14.0201   Cr: 16.3647 )
00000501: 15.7676   (Y': 16.1958   Cb: 13.9936   Cr: 16.3674 )
00000502: 15.7348   (Y': 16.1721   Cb: 13.981    Cr: 16.2622 )
00000503: 15.7509   (Y': 16.1722   Cb: 14.0009   Cr: 16.3381 )
00000504: 15.7454   (Y': 16.2004   Cb: 13.9692   Cr: 16.239  )
00000505: 15.7272   (Y': 16.1567   Cb: 13.9733   Cr: 16.287  )
00000506: 15.7905   (Y': 16.2383   Cb: 13.9849   Cr: 16.3635 )
00000507: 15.7825   (Y': 16.2573   Cb: 13.9751   Cr: 16.2488 )
00000508: 15.7728   (Y': 16.2284   Cb: 13.9469   Cr: 16.3493 )
00000510: 15.7896   (Y': 16.242    Cb: 13.9875   Cr: 16.3377 )
00000509: 15.7574   (Y': 16.2042   Cb: 13.9517   Cr: 16.3349 )
00000511: 15.7754   (Y': 16.2129   Cb: 14.0245   Cr: 16.2974 )
00000512: 15.784    (Y': 16.2558   Cb: 13.9571   Cr: 16.296  )
00000513: 15.7651   (Y': 16.194    Cb: 13.9969   Cr: 16.3515 )
00000514: 15.7806   (Y': 16.2434   Cb: 13.9509   Cr: 16.3339 )
00000515: 15.7992   (Y': 16.2768   Cb: 13.9741   Cr: 16.2847 )
00000516: 15.7808   (Y': 16.2242   Cb: 13.9964   Cr: 16.3356 )
00000517: 15.76     (Y': 16.2121   Cb: 13.9497   Cr: 16.3233 )
00000518: 15.77     (Y': 16.236    Cb: 13.9368   Cr: 16.3163 )
00000519: 15.7936   (Y': 16.2296   Cb: 14.0163   Cr: 16.3669 )
00000520: 15.8021   (Y': 16.2658   Cb: 13.9592   Cr: 16.3748 )
00000521: 15.7639   (Y': 16.2173   Cb: 13.9608   Cr: 16.3099 )
00000522: 15.769    (Y': 16.207    Cb: 13.9819   Cr: 16.3508 )
00000523: 15.7851   (Y': 16.254    Cb: 13.9847   Cr: 16.2637 )
00000524: 15.7785   (Y': 16.2117   Cb: 13.993    Cr: 16.3768 )
00000525: 15.7543   (Y': 16.2238   Cb: 13.9008   Cr: 16.3215 )
00000526: 15.7626   (Y': 16.1949   Cb: 14.0223   Cr: 16.2882 )
00000527: 15.7834   (Y': 16.2364   Cb: 14.0208   Cr: 16.2621 )
00000528: 15.7917   (Y': 16.2368   Cb: 14.0101   Cr: 16.3346 )
00000529: 15.7648   (Y': 16.2272   Cb: 13.9778   Cr: 16.2463 )
00000530: 15.8026   (Y': 16.2586   Cb: 14.009    Cr: 16.3215 )
00000531: 15.8007   (Y': 16.2438   Cb: 13.9904   Cr: 16.4014 )
00000532: 15.8012   (Y': 16.2668   Cb: 13.9846   Cr: 16.3205 )
00000533: 15.7532   (Y': 16.1903   Cb: 13.9835   Cr: 16.3088 )
00000534: 15.743    (Y': 16.1812   Cb: 13.9308   Cr: 16.3672 )
00000535: 15.7704   (Y': 16.2105   Cb: 13.9671   Cr: 16.3713 )
00000536: 15.7504   (Y': 16.1874   Cb: 13.9803   Cr: 16.3065 )
00000537: 15.7797   (Y': 16.1999   Cb: 14.0537   Cr: 16.3302 )
00000538: 15.7572   (Y': 16.1542   Cb: 14.028    Cr: 16.4099 )
00000539: 15.7757   (Y': 16.2129   Cb: 13.9841   Cr: 16.3682 )
00000540: 15.7351   (Y': 16.148    Cb: 13.9853   Cr: 16.3569 )
00000541: 15.7504   (Y': 16.1726   Cb: 13.9987   Cr: 16.3367 )
00000542: 15.7921   (Y': 16.2248   Cb: 14.0139   Cr: 16.3804 )
00000543: 15.7616   (Y': 16.2131   Cb: 13.9606   Cr: 16.3118 )
00000544: 15.7416   (Y': 16.1823   Cb: 13.9783   Cr: 16.2713 )
00000545: 15.8045   (Y': 16.2351   Cb: 14.0071   Cr: 16.4347 )
00000546: 15.7554   (Y': 16.191    Cb: 13.98     Cr: 16.3268 )
00000547: 15.7237   (Y': 16.1727   Cb: 13.9835   Cr: 16.1809 )
00000548: 15.7712   (Y': 16.2177   Cb: 13.9517   Cr: 16.3738 )
00000549: 15.772    (Y': 16.1997   Cb: 14.0199   Cr: 16.3362 )
00000550: 15.7535   (Y': 16.1937   Cb: 13.9554   Cr: 16.3447 )
00000551: 15.7381   (Y': 16.1806   Cb: 13.9458   Cr: 16.3099 )
00000552: 15.792    (Y': 16.2712   Cb: 13.9424   Cr: 16.3132 )
00000553: 15.8498   (Y': 16.3341   Cb: 13.9889   Cr: 16.3701 )
00000554: 15.8609   (Y': 16.3623   Cb: 14.0081   Cr: 16.2985 )
00000555: 15.8265   (Y': 16.3262   Cb: 13.9478   Cr: 16.3154 )
00000556: 15.8118   (Y': 16.3143   Cb: 13.9504   Cr: 16.2601 )
00000557: 15.8132   (Y': 16.2972   Cb: 13.975    Cr: 16.2953 )
00000558: 15.8078   (Y': 16.2971   Cb: 13.9674   Cr: 16.2724 )
00000559: 15.8289   (Y': 16.3287   Cb: 13.9678   Cr: 16.287  )
00000560: 15.8102   (Y': 16.2632   Cb: 14.0066   Cr: 16.3589 )
00000561: 15.7709   (Y': 16.2335   Cb: 13.9558   Cr: 16.2997 )
00000562: 15.788    (Y': 16.2248   Cb: 14.0046   Cr: 16.368  )
00000563: 15.7909   (Y': 16.2808   Cb: 13.9575   Cr: 16.2416 )
00000564: 15.8017   (Y': 16.2621   Cb: 13.9879   Cr: 16.337  )
00000566: 15.7831   (Y': 16.2421   Cb: 13.9683   Cr: 16.3263 )
00000565: 15.7588   (Y': 16.2287   Cb: 13.996    Cr: 16.1703 )
00000567: 15.779    (Y': 16.2221   Cb: 13.9521   Cr: 16.409  )
00000568: 15.7969   (Y': 16.2718   Cb: 13.966    Cr: 16.3033 )
00000569: 15.8159   (Y': 16.2569   Cb: 14.0186   Cr: 16.4025 )
00000570: 15.776    (Y': 16.2311   Cb: 13.9721   Cr: 16.3164 )
00000571: 15.7939   (Y': 16.2578   Cb: 14.0049   Cr: 16.2731 )
00000572: 15.807    (Y': 16.3151   Cb: 13.9697   Cr: 16.1929 )
00000573: 15.7718   (Y': 16.2123   Cb: 13.9575   Cr: 16.3902 )
00000574: 15.764    (Y': 16.2426   Cb: 13.944    Cr: 16.2367 )
00000575: 15.7927   (Y': 16.2506   Cb: 14.0189   Cr: 16.2703 )
00000576: 15.765    (Y': 16.2357   Cb: 13.953    Cr: 16.2555 )
00000577: 15.8036   (Y': 16.2689   Cb: 13.979    Cr: 16.3376 )
00000578: 15.7975   (Y': 16.2804   Cb: 13.9448   Cr: 16.3091 )
00000579: 15.7952   (Y': 16.2478   Cb: 14.0162   Cr: 16.3029 )
00000580: 15.7414   (Y': 16.2011   Cb: 13.941    Cr: 16.2568 )
00000581: 15.7612   (Y': 16.2328   Cb: 13.939    Cr: 16.266  )
00000583: 15.7192   (Y': 16.1706   Cb: 13.9599   Cr: 16.1991 )
00000582: 15.7902   (Y': 16.2449   Cb: 13.9828   Cr: 16.3384 )
00000584: 15.8195   (Y': 16.2817   Cb: 14.0068   Cr: 16.3457 )
00000585: 15.7942   (Y': 16.26     Cb: 13.9897   Cr: 16.292  )
00000586: 15.7975   (Y': 16.2601   Cb: 13.978    Cr: 16.3339 )
00000587: 15.7666   (Y': 16.202    Cb: 14.0201   Cr: 16.2893 )
00000589: 15.7698   (Y': 16.2215   Cb: 13.9548   Cr: 16.3432 )
00000590: 15.7873   (Y': 16.2536   Cb: 13.9637   Cr: 16.3157 )
00000591: 15.7526   (Y': 16.2206   Cb: 13.8961   Cr: 16.3316 )
00000588: 15.7738   (Y': 16.2562   Cb: 13.9474   Cr: 16.2426 )
00000592: 15.7698   (Y': 16.2538   Cb: 13.8742   Cr: 16.3518 )
00000593: 15.7381   (Y': 16.2413   Cb: 13.8718   Cr: 16.1922 )
00000594: 15.7907   (Y': 16.2388   Cb: 13.9942   Cr: 16.347  )
00000595: 15.7802   (Y': 16.2543   Cb: 13.967    Cr: 16.2595 )
00000596: 15.7802   (Y': 16.2431   Cb: 13.938    Cr: 16.3545 )
00000597: 15.7798   (Y': 16.2565   Cb: 13.9662   Cr: 16.2498 )
00000599: 15.7585   (Y': 16.2315   Cb: 13.928    Cr: 16.272  )
00000598: 15.8058   (Y': 16.2716   Cb: 13.9791   Cr: 16.3414 )
00000600: 15.7941   (Y': 16.2575   Cb: 13.9795   Cr: 16.3185 )
00000601: 15.7624   (Y': 16.2379   Cb: 13.9447   Cr: 16.2436 )
00000602: 15.7996   (Y': 16.269    Cb: 13.9796   Cr: 16.3091 )
00000603: 15.7599   (Y': 16.2503   Cb: 13.9347   Cr: 16.1947 )
00000604: 15.7694   (Y': 16.2461   Cb: 13.8998   Cr: 16.3354 )
00000605: 15.7734   (Y': 16.239    Cb: 13.9736   Cr: 16.2641 )
00000607: 15.7607   (Y': 16.2232   Cb: 13.9266   Cr: 16.3226 )
00000606: 15.7729   (Y': 16.244    Cb: 13.9266   Cr: 16.3214 )
00000608: 15.8285   (Y': 16.289    Cb: 14.0445   Cr: 16.3134 )
00000609: 15.7988   (Y': 16.3028   Cb: 13.9608   Cr: 16.2015 )
00000610: 15.8332   (Y': 16.3305   Cb: 13.9722   Cr: 16.3012 )
00000611: 15.8135   (Y': 16.2913   Cb: 13.9735   Cr: 16.3235 )
00000612: 15.7868   (Y': 16.2783   Cb: 13.9167   Cr: 16.2934 )
00000613: 15.8135   (Y': 16.2879   Cb: 14.0165   Cr: 16.2644 )
00000615: 15.8125   (Y': 16.2803   Cb: 14.0393   Cr: 16.25   )
00000614: 15.7752   (Y': 16.2711   Cb: 13.9258   Cr: 16.2291 )
00000616: 15.7739   (Y': 16.2493   Cb: 13.9384   Cr: 16.2861 )
00000617: 15.8136   (Y': 16.3149   Cb: 13.9623   Cr: 16.2495 )
00000618: 15.7936   (Y': 16.2452   Cb: 13.9875   Cr: 16.3519 )
00000619: 15.7529   (Y': 16.2235   Cb: 13.9464   Cr: 16.2349 )
00000620: 15.7681   (Y': 16.2282   Cb: 13.9823   Cr: 16.2577 )
00000622: 15.75     (Y': 16.2007   Cb: 13.969    Cr: 16.2694 )
00000621: 15.7713   (Y': 16.251    Cb: 13.9805   Cr: 16.1908 )
00000623: 15.7187   (Y': 16.1667   Cb: 13.9957   Cr: 16.1514 )
00000624: 15.7441   (Y': 16.2115   Cb: 13.92     Cr: 16.2689 )
00000625: 15.7907   (Y': 16.2654   Cb: 13.9784   Cr: 16.2665 )
00000626: 15.7899   (Y': 16.2696   Cb: 13.9419   Cr: 16.3061 )
00000627: 15.7515   (Y': 16.2492   Cb: 13.8792   Cr: 16.2374 )
00000629: 15.7624   (Y': 16.2308   Cb: 13.9339   Cr: 16.2908 )
00000628: 15.7918   (Y': 16.2618   Cb: 13.9587   Cr: 16.3221 )
00000631: 15.7833   (Y': 16.2607   Cb: 13.9595   Cr: 16.2674 )
00000630: 15.7939   (Y': 16.2516   Cb: 13.9383   Cr: 16.4135 )
00000632: 15.7817   (Y': 16.2657   Cb: 13.9194   Cr: 16.3059 )
00000633: 15.7939   (Y': 16.2621   Cb: 13.9677   Cr: 16.3192 )
00000634: 15.7785   (Y': 16.2414   Cb: 13.9881   Cr: 16.2642 )
00000635: 15.7681   (Y': 16.2361   Cb: 13.9387   Cr: 16.2995 )
00000636: 15.7966   (Y': 16.2674   Cb: 13.9555   Cr: 16.3371 )
00000638: 15.7975   (Y': 16.2596   Cb: 13.9788   Cr: 16.3343 )
00000637: 15.7714   (Y': 16.2467   Cb: 13.9411   Cr: 16.2748 )
00000639: 15.7826   (Y': 16.2833   Cb: 13.9156   Cr: 16.2476 )
00000640: 15.7952   (Y': 16.2968   Cb: 13.9399   Cr: 16.2366 )
00000641: 15.8272   (Y': 16.3038   Cb: 14.0072   Cr: 16.3083 )
00000642: 15.8147   (Y': 16.2907   Cb: 13.9954   Cr: 16.2967 )
00000643: 15.8034   (Y': 16.3195   Cb: 13.91     Cr: 16.2528 )
00000644: 15.8365   (Y': 16.3201   Cb: 13.9936   Cr: 16.3286 )
00000646: 15.8105   (Y': 16.3158   Cb: 13.9549   Cr: 16.2379 )
00000647: 15.8058   (Y': 16.3055   Cb: 13.9238   Cr: 16.3003 )
00000645: 15.7803   (Y': 16.2743   Cb: 13.9378   Cr: 16.2299 )
00000648: 15.8316   (Y': 16.3183   Cb: 13.9846   Cr: 16.3182 )
00000649: 15.809    (Y': 16.2936   Cb: 13.9747   Cr: 16.2819 )
00000650: 15.822    (Y': 16.289    Cb: 14.0081   Cr: 16.3312 )
00000651: 15.8009   (Y': 16.2936   Cb: 13.9387   Cr: 16.2896 )
00000652: 15.8108   (Y': 16.3115   Cb: 13.9472   Cr: 16.2701 )
00000653: 15.8264   (Y': 16.33     Cb: 13.9717   Cr: 16.259  )
00000654: 15.7827   (Y': 16.2816   Cb: 13.9307   Cr: 16.2293 )
00000655: 15.8209   (Y': 16.3197   Cb: 13.9761   Cr: 16.2558 )
00000656: 15.7812   (Y': 16.2954   Cb: 13.8964   Cr: 16.2228 )
00000657: 15.7867   (Y': 16.2767   Cb: 13.9535   Cr: 16.2367 )
00000658: 15.8159   (Y': 16.3228   Cb: 13.9253   Cr: 16.2967 )
00000659: 15.8433   (Y': 16.3366   Cb: 14.0095   Cr: 16.2811 )
00000660: 15.849    (Y': 16.3505   Cb: 14.0066   Cr: 16.2693 )
00000661: 15.8038   (Y': 16.322    Cb: 13.925    Cr: 16.2202 )
00000662: 15.8532   (Y': 16.3535   Cb: 14.0434   Cr: 16.2237 )
00000663: 15.8342   (Y': 16.3435   Cb: 13.9653   Cr: 16.2686 )
00000664: 15.8271   (Y': 16.3271   Cb: 13.9362   Cr: 16.3355 )
00000665: 15.8121   (Y': 16.2866   Cb: 14.0128   Cr: 16.2667 )
00000666: 15.9183   (Y': 16.4247   Cb: 14.0792   Cr: 16.3135 )
00000667: 15.9296   (Y': 16.4482   Cb: 14.1118   Cr: 16.2425 )
00000668: 15.8937   (Y': 16.3935   Cb: 14.0507   Cr: 16.3214 )
00000670: 15.8099   (Y': 16.3005   Cb: 13.9774   Cr: 16.2563 )
00000669: 15.816    (Y': 16.2895   Cb: 14.038    Cr: 16.2387 )
00000671: 15.8416   (Y': 16.3377   Cb: 13.9903   Cr: 16.298  )
00000672: 15.8035   (Y': 16.2891   Cb: 13.9783   Cr: 16.2572 )
00000673: 15.8348   (Y': 16.2958   Cb: 14.0537   Cr: 16.3121 )
00000674: 15.8495   (Y': 16.3469   Cb: 14.0144   Cr: 16.2729 )
00000675: 15.8416   (Y': 16.3307   Cb: 13.9903   Cr: 16.3258 )
00000676: 15.8396   (Y': 16.3307   Cb: 14.0092   Cr: 16.2805 )
00000678: 15.8161   (Y': 16.293    Cb: 13.9983   Cr: 16.2922 )
00000679: 15.7762   (Y': 16.2204   Cb: 14.0089   Cr: 16.2981 )
00000677: 15.8401   (Y': 16.3359   Cb: 14.0451   Cr: 16.2035 )
00000680: 15.8573   (Y': 16.3467   Cb: 14.0163   Cr: 16.323  )
00000681: 15.851    (Y': 16.3152   Cb: 14.0408   Cr: 16.365  )
00000682: 15.7552   (Y': 16.1749   Cb: 13.9791   Cr: 16.394  )
00000683: 15.7626   (Y': 16.2348   Cb: 13.9442   Cr: 16.2582 )
00000684: 15.7856   (Y': 16.2676   Cb: 13.9466   Cr: 16.2773 )
00000686: 15.8108   (Y': 16.2691   Cb: 13.9943   Cr: 16.3597 )
00000685: 15.8165   (Y': 16.2783   Cb: 14.0051   Cr: 16.3427 )
00000687: 15.7785   (Y': 16.2394   Cb: 13.952    Cr: 16.3341 )
00000688: 15.7773   (Y': 16.2301   Cb: 13.9586   Cr: 16.3522 )
00000689: 15.7652   (Y': 16.2264   Cb: 13.9746   Cr: 16.2578 )
00000690: 15.7984   (Y': 16.2813   Cb: 13.9381   Cr: 16.3229 )
00000691: 15.8323   (Y': 16.3017   Cb: 13.9715   Cr: 16.4127 )
00000692: 15.7543   (Y': 16.2038   Cb: 13.938    Cr: 16.3392 )
00000693: 15.7745   (Y': 16.2185   Cb: 13.9847   Cr: 16.3362 )
00000694: 15.7628   (Y': 16.2026   Cb: 13.9801   Cr: 16.3295 )
00000695: 15.7889   (Y': 16.2246   Cb: 14.0115   Cr: 16.3633 )
00000696: 15.7737   (Y': 16.2256   Cb: 13.9719   Cr: 16.3235 )
00000697: 15.7925   (Y': 16.2481   Cb: 13.97     Cr: 16.3629 )
00000698: 15.7647   (Y': 16.2134   Cb: 13.946    Cr: 16.3568 )
00000699: 15.8037   (Y': 16.2914   Cb: 13.9245   Cr: 16.3417 )
00000700: 15.8263   (Y': 16.3159   Cb: 13.9239   Cr: 16.3971 )
00000701: 15.8314   (Y': 16.3618   Cb: 13.9402   Cr: 16.2212 )
00000702: 15.8205   (Y': 16.3158   Cb: 13.9512   Cr: 16.3108 )
00000703: 15.8679   (Y': 16.3802   Cb: 13.9572   Cr: 16.3622 )
00000704: 15.828    (Y': 16.3098   Cb: 13.9907   Cr: 16.3177 )
00000705: 15.9126   (Y': 16.4098   Cb: 14.059    Cr: 16.3687 )
00000706: 15.8924   (Y': 16.3853   Cb: 14.0421   Cr: 16.3599 )
00000707: 15.8373   (Y': 16.3109   Cb: 13.9962   Cr: 16.3667 )
00000708: 15.859    (Y': 16.2926   Cb: 14.0593   Cr: 16.4809 )
00000709: 15.7729   (Y': 16.1919   Cb: 14.0059   Cr: 16.3988 )
00000710: 15.7873   (Y': 16.2204   Cb: 14.0142   Cr: 16.3647 )
00000711: 15.8122   (Y': 16.2618   Cb: 14.0053   Cr: 16.3802 )
00000712: 15.7653   (Y': 16.2267   Cb: 13.9274   Cr: 16.3384 )
00000713: 15.7909   (Y': 16.2173   Cb: 14.0565   Cr: 16.3305 )
00000714: 15.7711   (Y': 16.2337   Cb: 13.929    Cr: 16.3471 )
00000715: 15.7929   (Y': 16.2333   Cb: 14.0205   Cr: 16.3396 )
00000716: 15.751    (Y': 16.1496   Cb: 14.035    Cr: 16.3746 )
00000717: 15.7728   (Y': 16.2082   Cb: 13.9971   Cr: 16.3454 )
00000718: 15.7999   (Y': 16.2481   Cb: 13.9937   Cr: 16.3726 )
00000719: 15.7753   (Y': 16.1998   Cb: 14.0411   Cr: 16.322  )
00000720: 15.7508   (Y': 16.1712   Cb: 14.0006   Cr: 16.3422 )
00000721: 15.8064   (Y': 16.2462   Cb: 13.9918   Cr: 16.4281 )
00000722: 15.7695   (Y': 16.2091   Cb: 13.9918   Cr: 16.3284 )
00000723: 15.782    (Y': 16.185    Cb: 14.0282   Cr: 16.4527 )
00000724: 15.7935   (Y': 16.2432   Cb: 13.9888   Cr: 16.3567 )
00000725: 15.7874   (Y': 16.2025   Cb: 14.0272   Cr: 16.4181 )
00000726: 15.7748   (Y': 16.2478   Cb: 13.9731   Cr: 16.239  )
00000727: 15.7693   (Y': 16.205    Cb: 13.9815   Cr: 16.3614 )
00000728: 15.8166   (Y': 16.2871   Cb: 13.9754   Cr: 16.3584 )
00000729: 15.7759   (Y': 16.1969   Cb: 13.9953   Cr: 16.4171 )
00000730: 15.749    (Y': 16.196    Cb: 13.9388   Cr: 16.3338 )
00000731: 15.7663   (Y': 16.1897   Cb: 13.9743   Cr: 16.4173 )
00000732: 15.7642   (Y': 16.2047   Cb: 13.9794   Cr: 16.3316 )
00000733: 15.7557   (Y': 16.1845   Cb: 13.9616   Cr: 16.3877 )
00000734: 15.7507   (Y': 16.1679   Cb: 14.0274   Cr: 16.3092 )
00000735: 15.7575   (Y': 16.1619   Cb: 14.0015   Cr: 16.4257 )
00000736: 15.752    (Y': 16.2279   Cb: 13.9448   Cr: 16.214  )
00000737: 15.7696   (Y': 16.2323   Cb: 13.9289   Cr: 16.3427 )
00000738: 15.757    (Y': 16.1865   Cb: 13.9895   Cr: 16.3403 )
00000739: 15.7665   (Y': 16.2065   Cb: 13.988    Cr: 16.3248 )
00000740: 15.7909   (Y': 16.2363   Cb: 13.9907   Cr: 16.365  )
00000741: 15.7497   (Y': 16.1953   Cb: 13.9568   Cr: 16.3098 )
00000742: 15.747    (Y': 16.1872   Cb: 13.9749   Cr: 16.2942 )
00000744: 15.7859   (Y': 16.1981   Cb: 14.0178   Cr: 16.4426 )
00000743: 15.8043   (Y': 16.2696   Cb: 13.9686   Cr: 16.3582 )
00000745: 15.8001   (Y': 16.2535   Cb: 13.9966   Cr: 16.3465 )
00000746: 15.7773   (Y': 16.2242   Cb: 13.9492   Cr: 16.3931 )
00000747: 15.7716   (Y': 16.1814   Cb: 14.0261   Cr: 16.3991 )
00000748: 15.7901   (Y': 16.1902   Cb: 14.0596   Cr: 16.4324 )
00000749: 15.7712   (Y': 16.2092   Cb: 13.974    Cr: 16.3706 )
00000750: 15.7487   (Y': 16.1899   Cb: 13.9372   Cr: 16.359  )
00000751: 15.7466   (Y': 16.171    Cb: 13.9827   Cr: 16.3446 )
00000752: 15.7679   (Y': 16.2259   Cb: 13.9476   Cr: 16.3249 )
00000753: 15.7929   (Y': 16.2365   Cb: 13.998    Cr: 16.3651 )
00000754: 15.7627   (Y': 16.2035   Cb: 13.9407   Cr: 16.3936 )
00000755: 15.7478   (Y': 16.2016   Cb: 13.9625   Cr: 16.2617 )
00000756: 15.7706   (Y': 16.2061   Cb: 13.9696   Cr: 16.3865 )
00000757: 15.7566   (Y': 16.1962   Cb: 13.9863   Cr: 16.303  )
00000758: 15.7901   (Y': 16.2307   Cb: 14.0051   Cr: 16.3577 )
00000759: 15.8718   (Y': 16.3645   Cb: 13.9888   Cr: 16.3964 )
00000760: 15.9072   (Y': 16.3952   Cb: 14.0382   Cr: 16.4265 )
00000761: 15.8214   (Y': 16.2484   Cb: 14.0416   Cr: 16.4361 )
00000762: 15.8178   (Y': 16.268    Cb: 14.0174   Cr: 16.3718 )
00000763: 15.8241   (Y': 16.2747   Cb: 14.0207   Cr: 16.3817 )
00000764: 15.8006   (Y': 16.2292   Cb: 14.0155   Cr: 16.4175 )
00000765: 15.7851   (Y': 16.2379   Cb: 13.9617   Cr: 16.3684 )
00000766: 15.8289   (Y': 16.3001   Cb: 13.9534   Cr: 16.428  )
00000767: 15.7481   (Y': 16.1597   Cb: 13.9938   Cr: 16.3835 )
00000768: 15.9111   (Y': 16.406    Cb: 14.0202   Cr: 16.441  )
00000769: 15.8045   (Y': 16.2744   Cb: 13.9736   Cr: 16.3309 )
00000770: 15.8568   (Y': 16.3202   Cb: 14.0217   Cr: 16.4173 )
00000771: 15.8127   (Y': 16.2636   Cb: 14.0218   Cr: 16.3482 )
00000772: 15.8524   (Y': 16.3095   Cb: 14.0066   Cr: 16.4573 )
00000773: 15.7863   (Y': 16.2412   Cb: 13.9819   Cr: 16.3284 )
00000774: 15.8001   (Y': 16.2423   Cb: 13.9851   Cr: 16.4127 )
00000775: 15.8248   (Y': 16.2715   Cb: 14.0054   Cr: 16.4261 )
00000776: 15.8364   (Y': 16.3107   Cb: 13.9832   Cr: 16.3834 )
00000777: 15.7728   (Y': 16.2279   Cb: 13.9491   Cr: 16.3475 )
00000778: 15.7597   (Y': 16.2354   Cb: 13.9251   Cr: 16.2692 )
00000779: 15.8043   (Y': 16.2393   Cb: 14.0412   Cr: 16.3573 )
00000780: 15.8533   (Y': 16.3331   Cb: 14.0237   Cr: 16.338  )
00000781: 15.7926   (Y': 16.2449   Cb: 13.9823   Cr: 16.3551 )
00000782: 15.8362   (Y': 16.3076   Cb: 13.9686   Cr: 16.42   )
00000783: 15.7781   (Y': 16.2112   Cb: 14.0138   Cr: 16.3409 )
00000784: 15.8072   (Y': 16.2376   Cb: 14.0474   Cr: 16.3734 )
00000785: 15.7567   (Y': 16.1961   Cb: 13.9658   Cr: 16.3388 )
00000786: 15.7789   (Y': 16.1976   Cb: 14.0258   Cr: 16.3817 )
00000787: 15.7583   (Y': 16.2092   Cb: 13.9609   Cr: 16.3045 )
00000788: 15.7942   (Y': 16.2292   Cb: 14        Cr: 16.4006 )
00000789: 15.8715   (Y': 16.3424   Cb: 14.047    Cr: 16.3832 )
00000790: 15.7522   (Y': 16.2148   Cb: 13.9702   Cr: 16.2253 )
00000791: 15.7862   (Y': 16.2335   Cb: 13.9677   Cr: 16.384  )
00000792: 15.82     (Y': 16.307    Cb: 13.9656   Cr: 16.3181 )
00000793: 15.7868   (Y': 16.2449   Cb: 13.999    Cr: 16.2871 )
00000794: 15.8441   (Y': 16.2861   Cb: 14.0442   Cr: 16.4314 )
00000795: 15.7956   (Y': 16.2766   Cb: 13.9241   Cr: 16.3474 )
00000796: 15.7727   (Y': 16.2383   Cb: 13.9327   Cr: 16.3324 )
00000797: 15.7853   (Y': 16.2456   Cb: 13.9562   Cr: 16.3478 )
00000798: 15.8225   (Y': 16.2914   Cb: 13.9592   Cr: 16.4095 )
00000799: 15.8189   (Y': 16.2593   Cb: 14.0425   Cr: 16.3723 )
00000800: 15.7734   (Y': 16.2128   Cb: 14.0232   Cr: 16.2865 )
00000801: 15.7582   (Y': 16.2017   Cb: 13.9962   Cr: 16.2746 )
00000802: 15.8636   (Y': 16.3222   Cb: 14.0637   Cr: 16.383  )
00000803: 15.7425   (Y': 16.1935   Cb: 13.9215   Cr: 16.3293 )
00000804: 15.8035   (Y': 16.2433   Cb: 14.0486   Cr: 16.3226 )
00000805: 15.7623   (Y': 16.1987   Cb: 13.9728   Cr: 16.3549 )
00000806: 15.7992   (Y': 16.2547   Cb: 13.9482   Cr: 16.4199 )
00000807: 15.7722   (Y': 16.1986   Cb: 13.9669   Cr: 16.4339 )
00000808: 15.7799   (Y': 16.2442   Cb: 13.9668   Cr: 16.2988 )
00000809: 15.7904   (Y': 16.2619   Cb: 13.9724   Cr: 16.288  )
00000810: 15.7897   (Y': 16.2411   Cb: 13.9716   Cr: 16.3698 )
00000811: 15.7784   (Y': 16.2323   Cb: 13.9609   Cr: 16.3473 )
00000812: 15.7987   (Y': 16.258    Cb: 13.9766   Cr: 16.3531 )
00000813: 15.7757   (Y': 16.2287   Cb: 13.9629   Cr: 16.34   )
00000814: 15.8203   (Y': 16.2674   Cb: 14.0046   Cr: 16.4137 )
00000815: 15.8102   (Y': 16.2556   Cb: 13.9586   Cr: 16.4739 )
00000816: 15.7994   (Y': 16.2493   Cb: 14.0322   Cr: 16.2983 )
00000817: 15.7905   (Y': 16.2417   Cb: 13.9631   Cr: 16.3876 )
00000818: 15.8406   (Y': 16.2905   Cb: 13.9815   Cr: 16.4986 )
00000819: 15.7664   (Y': 16.1942   Cb: 13.9788   Cr: 16.3911 )
00000820: 15.8282   (Y': 16.3022   Cb: 14.0096   Cr: 16.3173 )
00000821: 15.7974   (Y': 16.2552   Cb: 13.9609   Cr: 16.3827 )
00000822: 15.8286   (Y': 16.2944   Cb: 13.962    Cr: 16.4336 )
00000823: 15.8252   (Y': 16.285    Cb: 13.9498   Cr: 16.471  )
00000824: 15.8352   (Y': 16.2878   Cb: 14.0051   Cr: 16.431  )
00000825: 15.8217   (Y': 16.2759   Cb: 13.9761   Cr: 16.4378 )
00000826: 15.8124   (Y': 16.2696   Cb: 13.959    Cr: 16.43   )
00000827: 15.7753   (Y': 16.2292   Cb: 13.932    Cr: 16.3893 )
00000828: 15.8118   (Y': 16.2328   Cb: 14.0214   Cr: 16.47   )
00000829: 15.8385   (Y': 16.3115   Cb: 13.9933   Cr: 16.3769 )
00000831: 15.8514   (Y': 16.3162   Cb: 13.9826   Cr: 16.4651 )
00000830: 15.7716   (Y': 16.2459   Cb: 13.9394   Cr: 16.2824 )
00000832: 15.7563   (Y': 16.1774   Cb: 13.965    Cr: 16.4158 )
00000833: 15.7881   (Y': 16.2327   Cb: 13.9702   Cr: 16.3961 )
00000834: 15.804    (Y': 16.2674   Cb: 13.9454   Cr: 16.4049 )
00000835: 15.7579   (Y': 16.197    Cb: 13.9614   Cr: 16.351  )
00000836: 15.8195   (Y': 16.2728   Cb: 13.9814   Cr: 16.4264 )
00000837: 15.8033   (Y': 16.2648   Cb: 13.9787   Cr: 16.3533 )
00000838: 15.7915   (Y': 16.2383   Cb: 13.9508   Cr: 16.4303 )
00000840: 15.7724   (Y': 16.2142   Cb: 13.994    Cr: 16.323  )
00000839: 15.8045   (Y': 16.2606   Cb: 13.9409   Cr: 16.4445 )
00000841: 15.801    (Y': 16.2328   Cb: 14.0029   Cr: 16.4275 )
00000842: 15.7861   (Y': 16.1922   Cb: 14.0109   Cr: 16.4813 )
00000843: 15.7824   (Y': 16.22     Cb: 13.9598   Cr: 16.4277 )
00000844: 15.7692   (Y': 16.1972   Cb: 13.9758   Cr: 16.4031 )
00000845: 15.7847   (Y': 16.2189   Cb: 14.0126   Cr: 16.3563 )
00000846: 15.7641   (Y': 16.2064   Cb: 13.9432   Cr: 16.3872 )
00000847: 15.7721   (Y': 16.2067   Cb: 13.976    Cr: 16.3836 )
00000848: 15.8047   (Y': 16.2509   Cb: 13.9997   Cr: 16.3834 )
00000849: 15.8115   (Y': 16.2432   Cb: 14.0128   Cr: 16.4396 )
00000850: 15.7712   (Y': 16.2146   Cb: 13.9465   Cr: 16.3954 )
00000851: 15.7717   (Y': 16.2235   Cb: 13.9519   Cr: 16.3525 )
00000852: 15.7732   (Y': 16.2061   Cb: 13.9478   Cr: 16.4429 )
00000853: 15.7709   (Y': 16.2134   Cb: 13.9756   Cr: 16.3477 )
00000854: 15.736    (Y': 16.162    Cb: 13.9597   Cr: 16.3483 )
00000855: 15.7752   (Y': 16.2214   Cb: 13.9806   Cr: 16.3364 )
00000856: 15.7566   (Y': 16.1936   Cb: 14.0144   Cr: 16.266  )
00000857: 15.7728   (Y': 16.1872   Cb: 14.0016   Cr: 16.4252 )
00000858: 15.7727   (Y': 16.1796   Cb: 14.0172   Cr: 16.4299 )
00000859: 15.7915   (Y': 16.2354   Cb: 13.9922   Cr: 16.3694 )
00000860: 15.7876   (Y': 16.2103   Cb: 14.0314   Cr: 16.3796 )
00000861: 15.7619   (Y': 16.2014   Cb: 13.951    Cr: 16.3787 )
00000862: 15.7757   (Y': 16.1932   Cb: 13.9827   Cr: 16.4532 )
00000863: 15.7501   (Y': 16.1983   Cb: 13.8997   Cr: 16.3999 )
00000864: 15.7823   (Y': 16.2348   Cb: 13.9461   Cr: 16.3896 )
00000865: 15.7489   (Y': 16.1894   Cb: 13.9435   Cr: 16.3523 )
00000866: 15.7522   (Y': 16.1695   Cb: 13.9523   Cr: 16.443  )
00000867: 15.7719   (Y': 16.227    Cb: 13.9323   Cr: 16.3739 )
00000868: 15.751    (Y': 16.1775   Cb: 13.9601   Cr: 16.3867 )
00000869: 15.7273   (Y': 16.1682   Cb: 13.8969   Cr: 16.3722 )
00000870: 15.7648   (Y': 16.227    Cb: 13.9115   Cr: 16.3621 )
00000871: 15.7878   (Y': 16.2278   Cb: 13.9995   Cr: 16.3633 )
00000872: 15.7763   (Y': 16.2234   Cb: 13.9442   Cr: 16.3984 )
00000873: 15.7741   (Y': 16.2192   Cb: 13.9477   Cr: 16.3944 )
00000874: 15.7455   (Y': 16.1979   Cb: 13.9311   Cr: 16.3152 )
00000875: 15.739    (Y': 16.1744   Cb: 13.949    Cr: 16.3367 )
00000876: 15.7758   (Y': 16.2285   Cb: 13.9796   Cr: 16.3126 )
00000877: 15.7509   (Y': 16.1932   Cb: 13.946    Cr: 16.3458 )
00000878: 15.7336   (Y': 16.1709   Cb: 13.9495   Cr: 16.3128 )
00000879: 15.7745   (Y': 16.2061   Cb: 13.9289   Cr: 16.4862 )
00000880: 15.7462   (Y': 16.1892   Cb: 13.9404   Cr: 16.3394 )
00000881: 15.7655   (Y': 16.2098   Cb: 13.9443   Cr: 16.3797 )
00000882: 15.7502   (Y': 16.2471   Cb: 13.8656   Cr: 16.2602 )
00000883: 15.7383   (Y': 16.1705   Cb: 13.9437   Cr: 16.3572 )
00000884: 15.7624   (Y': 16.2055   Cb: 13.9604   Cr: 16.3491 )
00000885: 15.7447   (Y': 16.1785   Cb: 13.933    Cr: 16.3863 )
00000886: 15.7414   (Y': 16.1892   Cb: 13.9425   Cr: 16.3026 )
00000887: 15.7522   (Y': 16.1832   Cb: 13.9806   Cr: 16.3362 )
00000888: 15.7901   (Y': 16.2025   Cb: 13.9808   Cr: 16.5188 )
00000889: 15.7518   (Y': 16.1934   Cb: 13.9362   Cr: 16.3677 )
00000890: 15.7617   (Y': 16.218    Cb: 13.9321   Cr: 16.3416 )
00000891: 15.7778   (Y': 16.2156   Cb: 14.0113   Cr: 16.3251 )
00000892: 15.76     (Y': 16.2196   Cb: 13.9068   Cr: 16.3676 )
00000893: 15.7841   (Y': 16.2104   Cb: 13.9708   Cr: 16.4604 )
00000895: 15.8013   (Y': 16.2377   Cb: 13.9703   Cr: 16.4658 )
00000894: 15.7679   (Y': 16.2076   Cb: 13.9559   Cr: 16.3855 )
00000897: 15.7679   (Y': 16.2072   Cb: 13.9591   Cr: 16.382  )
00000896: 15.7622   (Y': 16.1856   Cb: 13.9736   Cr: 16.4076 )
00000898: 15.774    (Y': 16.2103   Cb: 13.9691   Cr: 16.3933 )
00000899: 15.7568   (Y': 16.2123   Cb: 13.9835   Cr: 16.2434 )
00000900: 15.753    (Y': 16.2083   Cb: 13.9393   Cr: 16.3095 )
00000901: 15.7377   (Y': 16.1632   Cb: 13.9476   Cr: 16.3764 )
00000902: 15.7557   (Y': 16.1962   Cb: 13.9819   Cr: 16.304  )
00000903: 15.7948   (Y': 16.2438   Cb: 13.9591   Cr: 16.4157 )
00000904: 15.7841   (Y': 16.242    Cb: 13.9578   Cr: 16.3512 )
00000905: 15.738    (Y': 16.1715   Cb: 13.9327   Cr: 16.3701 )
00000906: 15.7835   (Y': 16.2368   Cb: 14.0107   Cr: 16.2785 )
00000907: 15.7884   (Y': 16.2654   Cb: 13.9528   Cr: 16.2944 )
00000908: 15.7548   (Y': 16.219    Cb: 13.9203   Cr: 16.3106 )
00000909: 15.7587   (Y': 16.2178   Cb: 13.9327   Cr: 16.3204 )
00000910: 15.7504   (Y': 16.2124   Cb: 13.9189   Cr: 16.3105 )
00000911: 15.7444   (Y': 16.2022   Cb: 13.9368   Cr: 16.2797 )
00000912: 15.7501   (Y': 16.2153   Cb: 13.8865   Cr: 16.3524 )
00000913: 15.7644   (Y': 16.2081   Cb: 13.9837   Cr: 16.3114 )
00000914: 15.7487   (Y': 16.1829   Cb: 13.9528   Cr: 16.3611 )
00000915: 15.7814   (Y': 16.2411   Cb: 13.9543   Cr: 16.3429 )
00000916: 15.7666   (Y': 16.2049   Cb: 13.9688   Cr: 16.3657 )
00000917: 15.7588   (Y': 16.1929   Cb: 13.9838   Cr: 16.3356 )
00000918: 15.7408   (Y': 16.1856   Cb: 13.8974   Cr: 16.3924 )
00000919: 15.779    (Y': 16.2268   Cb: 13.962    Cr: 16.3722 )
00000920: 15.7854   (Y': 16.1961   Cb: 14.0345   Cr: 16.4185 )
00000921: 15.746    (Y': 16.1716   Cb: 13.9866   Cr: 16.3318 )
00000922: 15.8074   (Y': 16.2727   Cb: 13.9898   Cr: 16.33   )
00000923: 15.8545   (Y': 16.3495   Cb: 13.9646   Cr: 16.3818 )
00000924: 15.7984   (Y': 16.3031   Cb: 13.9313   Cr: 16.2475 )
00000925: 15.8069   (Y': 16.2836   Cb: 13.9392   Cr: 16.3693 )
00000926: 15.831    (Y': 16.3466   Cb: 13.9243   Cr: 16.3052 )
00000927: 15.8219   (Y': 16.2883   Cb: 13.9931   Cr: 16.3594 )
00000928: 15.8273   (Y': 16.3075   Cb: 13.9765   Cr: 16.347  )
00000929: 15.8104   (Y': 16.2772   Cb: 13.9579   Cr: 16.3872 )
00000930: 15.7992   (Y': 16.2527   Cb: 13.9704   Cr: 16.3895 )
00000931: 15.7708   (Y': 16.2177   Cb: 13.9673   Cr: 16.344  )
00000932: 15.8247   (Y': 16.2762   Cb: 13.9897   Cr: 16.4336 )
00000933: 15.7448   (Y': 16.1975   Cb: 13.9326   Cr: 16.3093 )
00000934: 15.8059   (Y': 16.2649   Cb: 13.9564   Cr: 16.4088 )
00000935: 15.777    (Y': 16.2313   Cb: 13.9778   Cr: 16.3124 )
00000936: 15.782    (Y': 16.2461   Cb: 13.9202   Cr: 16.3862 )
00000937: 15.7604   (Y': 16.1989   Cb: 13.9465   Cr: 16.3862 )
00000938: 15.7717   (Y': 16.2091   Cb: 13.9753   Cr: 16.3716 )
00000939: 15.7883   (Y': 16.2283   Cb: 13.9654   Cr: 16.424  )
00000940: 15.7594   (Y': 16.212    Cb: 13.9347   Cr: 16.3461 )
00000941: 15.7729   (Y': 16.235    Cb: 13.9457   Cr: 16.3249 )
00000942: 15.7588   (Y': 16.2235   Cb: 13.9345   Cr: 16.2951 )
00000943: 15.7732   (Y': 16.2259   Cb: 13.9585   Cr: 16.3422 )
00000944: 15.8175   (Y': 16.2723   Cb: 14.0003   Cr: 16.3819 )
00000945: 15.813    (Y': 16.2823   Cb: 13.977    Cr: 16.3507 )
00000946: 15.8127   (Y': 16.2813   Cb: 13.9626   Cr: 16.3778 )
00000947: 15.8154   (Y': 16.2855   Cb: 13.9728   Cr: 16.3611 )
00000948: 15.8609   (Y': 16.3405   Cb: 13.9976   Cr: 16.4041 )
00000949: 15.8234   (Y': 16.2891   Cb: 13.97     Cr: 16.4057 )
00000950: 15.8154   (Y': 16.3087   Cb: 13.9465   Cr: 16.3135 )
00000951: 15.8678   (Y': 16.3838   Cb: 13.9911   Cr: 16.2888 )
00000952: 15.8414   (Y': 16.3272   Cb: 13.9869   Cr: 16.3439 )
00000953: 15.857    (Y': 16.3361   Cb: 14.0012   Cr: 16.3889 )
00000954: 15.8599   (Y': 16.3859   Cb: 13.9859   Cr: 16.2373 )
00000955: 15.8612   (Y': 16.3621   Cb: 13.9525   Cr: 16.3977 )
00000957: 15.8011   (Y': 16.2765   Cb: 13.91     Cr: 16.4106 )
00000956: 15.8249   (Y': 16.3444   Cb: 13.922    Cr: 16.2769 )
00000958: 15.8086   (Y': 16.3083   Cb: 13.8999   Cr: 16.3498 )
Total: 15.7921   (Y': 16.239    Cb: 13.9975   Cr: 16.35   )
