00000001: 13.057    (Y': 12.8633   Cb: 13.0949   Cr: 13.886  )
00000000: 31.7036   (Y': 40.8341   Cb: 27.3013   Cr: 27.3013 )
00000004: 13.0839   (Y': 12.8896   Cb: 13.1072   Cr: 13.9337 )
00000002: 13.0774   (Y': 12.8883   Cb: 13.063    Cr: 13.9464 )
00000003: 13.0676   (Y': 12.8642   Cb: 13.0835   Cr: 13.9729 )
00000006: 13.0887   (Y': 12.894    Cb: 13.0801   Cr: 13.9787 )
00000005: 13.0671   (Y': 12.8691   Cb: 13.1033   Cr: 13.9197 )
00000007: 13.0654   (Y': 12.8759   Cb: 13.0557   Cr: 13.9302 )
00000009: 13.0715   (Y': 12.8669   Cb: 13.0768   Cr: 13.996  )
00000008: 13.0739   (Y': 12.8613   Cb: 13.119    Cr: 13.9912 )
00000010: 13.0313   (Y': 12.8532   Cb: 13.0157   Cr: 13.8455 )
00000011: 13.0966   (Y': 12.8996   Cb: 13.1101   Cr: 13.9719 )
00000012: 13.0397   (Y': 12.8279   Cb: 13.089    Cr: 13.9478 )
00000013: 13.0809   (Y': 12.897    Cb: 13.0579   Cr: 13.9343 )
00000014: 13.0351   (Y': 12.8501   Cb: 13.0363   Cr: 13.8636 )
00000015: 13.0828   (Y': 12.9264   Cb: 13.0037   Cr: 13.866  )
00000017: 13.0755   (Y': 12.892    Cb: 13.0487   Cr: 13.9311 )
00000016: 13.0929   (Y': 12.9122   Cb: 13.0584   Cr: 13.944  )
00000019: 13.0637   (Y': 12.8607   Cb: 13.0482   Cr: 14.0053 )
00000018: 13.1072   (Y': 12.914    Cb: 13.1177   Cr: 13.9666 )
00000020: 13.0608   (Y': 12.8598   Cb: 13.0531   Cr: 13.9829 )
00000021: 13.0591   (Y': 12.8558   Cb: 13.0572   Cr: 13.9858 )
00000022: 13.0475   (Y': 12.8483   Cb: 13.0568   Cr: 13.9388 )
00000023: 13.0316   (Y': 12.8469   Cb: 13.038    Cr: 13.8531 )
00000025: 13.0223   (Y': 12.8274   Cb: 13.0055   Cr: 13.9237 )
00000024: 13.0564   (Y': 12.8585   Cb: 13.0723   Cr: 13.9331 )
00000028: 13.0542   (Y': 12.8481   Cb: 13.0661   Cr: 13.9781 )
00000027: 13.0779   (Y': 12.8761   Cb: 13.0736   Cr: 14.0001 )
00000026: 13.0295   (Y': 12.8321   Cb: 13.0537   Cr: 13.8939 )
00000029: 13.0647   (Y': 12.8751   Cb: 13.0603   Cr: 13.9235 )
00000030: 13.0642   (Y': 12.847    Cb: 13.0744   Cr: 14.0484 )
00000031: 13.0337   (Y': 12.837    Cb: 12.9963   Cr: 13.9702 )
00000032: 13.0465   (Y': 12.8456   Cb: 13.0788   Cr: 13.9191 )
00000033: 13.0412   (Y': 12.8178   Cb: 13.1173   Cr: 13.9764 )
00000035: 13.0013   (Y': 12.7699   Cb: 13.0582   Cr: 14.0028 )
00000036: 13.0059   (Y': 12.7887   Cb: 13.0398   Cr: 13.9608 )
00000037: 13.0558   (Y': 12.8484   Cb: 13.091    Cr: 13.9579 )
00000039: 13.0106   (Y': 12.7728   Cb: 13.0878   Cr: 14.0207 )
00000038: 13.0367   (Y': 12.8527   Cb: 13.0024   Cr: 13.9043 )
00000034: 13.0526   (Y': 12.8324   Cb: 13.1341   Cr: 13.965  )
00000040: 13.0687   (Y': 12.8801   Cb: 13.0167   Cr: 13.9817 )
00000041: 13.0413   (Y': 12.8071   Cb: 13.0809   Cr: 14.0787 )
00000042: 13.0206   (Y': 12.7964   Cb: 13.0851   Cr: 13.9743 )
00000043: 13.0667   (Y': 12.8581   Cb: 13.1327   Cr: 13.938  )
00000044: 13.0406   (Y': 12.8245   Cb: 13.0841   Cr: 13.9778 )
00000045: 13.0644   (Y': 12.8666   Cb: 13.047    Cr: 13.982  )
00000046: 12.9854   (Y': 12.7705   Cb: 13.0444   Cr: 13.8974 )
00000047: 13.0881   (Y': 12.8872   Cb: 13.0934   Cr: 13.9937 )
00000048: 13.0414   (Y': 12.8161   Cb: 13.0657   Cr: 14.0507 )
00000049: 12.9937   (Y': 12.7841   Cb: 12.9959   Cr: 13.9482 )
00000050: 13.0223   (Y': 12.8221   Cb: 13.0465   Cr: 13.9007 )
00000051: 13.0535   (Y': 12.8485   Cb: 13.0862   Cr: 13.9461 )
00000052: 13.0789   (Y': 12.8836   Cb: 13.0744   Cr: 13.9674 )
00000053: 12.9876   (Y': 12.7677   Cb: 13.0107   Cr: 13.9696 )
00000054: 13.0224   (Y': 12.8345   Cb: 13.0253   Cr: 13.8641 )
00000055: 13.0159   (Y': 12.7989   Cb: 12.9835   Cr: 14.0526 )
00000056: 13.037    (Y': 12.7987   Cb: 13.0849   Cr: 14.0863 )
00000057: 13.0407   (Y': 12.8147   Cb: 13.1015   Cr: 14.008  )
00000058: 13.0502   (Y': 12.841    Cb: 13.0361   Cr: 14.0234 )
00000059: 13.0085   (Y': 12.7846   Cb: 13.0164   Cr: 14.0308 )
00000060: 13.0601   (Y': 12.8404   Cb: 13.0422   Cr: 14.0933 )
00000061: 13.072    (Y': 12.8711   Cb: 13.0296   Cr: 14.037  )
00000062: 13.0885   (Y': 12.9      Cb: 13.0898   Cr: 13.9351 )
00000063: 13.0979   (Y': 12.902    Cb: 13.076    Cr: 14.0114 )
00000064: 13.0855   (Y': 12.9022   Cb: 13.0132   Cr: 13.9969 )
00000065: 13.0655   (Y': 12.8673   Cb: 13.0552   Cr: 13.9759 )
00000068: 13.0196   (Y': 12.805    Cb: 13.0426   Cr: 13.9745 )
00000067: 13.0321   (Y': 12.8105   Cb: 13.0807   Cr: 13.9919 )
00000069: 13.0076   (Y': 12.8003   Cb: 13.0214   Cr: 13.9354 )
00000070: 13.0427   (Y': 12.8313   Cb: 13.0194   Cr: 14.0384 )
00000066: 12.992    (Y': 12.7481   Cb: 13.1081   Cr: 13.9865 )
00000071: 13.0365   (Y': 12.8091   Cb: 13.0781   Cr: 14.0355 )
00000072: 13.0161   (Y': 12.7979   Cb: 13.0424   Cr: 13.986  )
00000073: 13.058    (Y': 12.8352   Cb: 13.1216   Cr: 14.0054 )
00000075: 13.0492   (Y': 12.8336   Cb: 13.0743   Cr: 14.0061 )
00000074: 13.073    (Y': 12.8677   Cb: 13.0485   Cr: 14.0384 )
00000076: 13.0416   (Y': 12.8235   Cb: 13.0587   Cr: 14.0219 )
00000077: 13.0065   (Y': 12.7636   Cb: 13.0979   Cr: 14.0257 )
00000078: 13.0315   (Y': 12.8071   Cb: 13.0672   Cr: 14.0223 )
00000079: 13.0184   (Y': 12.7865   Cb: 13.1063   Cr: 13.9837 )
00000080: 13.0256   (Y': 12.7993   Cb: 13.0786   Cr: 14.0044 )
00000081: 13.0941   (Y': 12.8844   Cb: 13.0964   Cr: 14.0483 )
00000082: 13.0432   (Y': 12.8087   Cb: 13.067    Cr: 14.1025 )
00000083: 13.0453   (Y': 12.8285   Cb: 13.0601   Cr: 14.0221 )
00000084: 13.0097   (Y': 12.7576   Cb: 13.1252   Cr: 14.0487 )
00000085: 13.0398   (Y': 12.7905   Cb: 13.1276   Cr: 14.0984 )
00000086: 13.0173   (Y': 12.7701   Cb: 13.0994   Cr: 14.0715 )
00000087: 12.9973   (Y': 12.7514   Cb: 13.0635   Cr: 14.0642 )
00000089: 13.0013   (Y': 12.7383   Cb: 13.0636   Cr: 14.1677 )
00000088: 12.9909   (Y': 12.725    Cb: 13.1051   Cr: 14.1072 )
00000090: 12.9814   (Y': 12.7557   Cb: 13.0474   Cr: 13.941  )
00000091: 13.0354   (Y': 12.7989   Cb: 13.111    Cr: 14.0404 )
00000092: 12.9747   (Y': 12.7313   Cb: 13.0709   Cr: 13.9909 )
00000093: 13.0077   (Y': 12.774    Cb: 13.0836   Cr: 13.9976 )
00000094: 13.0588   (Y': 12.8374   Cb: 13.0565   Cr: 14.0807 )
00000095: 13.0554   (Y': 12.8378   Cb: 13.071    Cr: 14.0351 )
00000097: 13.041    (Y': 12.8022   Cb: 13.132    Cr: 14.0391 )
00000096: 13.0368   (Y': 12.7944   Cb: 13.072    Cr: 14.1247 )
00000098: 13.0356   (Y': 12.8097   Cb: 13.0743   Cr: 14.03   )
00000099: 13.0502   (Y': 12.8143   Cb: 13.1286   Cr: 14.0484 )
00000100: 13.0653   (Y': 12.831    Cb: 13.0812   Cr: 14.1333 )
00000101: 12.977    (Y': 12.7294   Cb: 13.0763   Cr: 14.0123 )
00000102: 13.042    (Y': 12.7871   Cb: 13.1381   Cr: 14.1205 )
00000103: 13.0375   (Y': 12.8302   Cb: 13.0007   Cr: 14.0286 )
00000104: 13.0475   (Y': 12.8173   Cb: 13.0638   Cr: 14.0933 )
00000105: 13.0288   (Y': 12.7934   Cb: 13.1006   Cr: 14.033  )
00000106: 12.9833   (Y': 12.7607   Cb: 13.0197   Cr: 13.9634 )
00000107: 13.0091   (Y': 12.7638   Cb: 13.123    Cr: 14.0135 )
00000108: 13.0951   (Y': 12.8926   Cb: 13.073    Cr: 14.0426 )
00000109: 13.0874   (Y': 12.9027   Cb: 13.0516   Cr: 13.9602 )
00000110: 13.0855   (Y': 12.8948   Cb: 13.1034   Cr: 13.9235 )
00000111: 13.0607   (Y': 12.8596   Cb: 13.0745   Cr: 13.9561 )
00000112: 13.0118   (Y': 12.7958   Cb: 13.0526   Cr: 13.9516 )
00000113: 13.0394   (Y': 12.8162   Cb: 13.0753   Cr: 14.0236 )
00000114: 13.0291   (Y': 12.782    Cb: 13.0853   Cr: 14.1153 )
00000116: 13.0616   (Y': 12.8605   Cb: 12.9888   Cr: 14.066  )
00000115: 13.0378   (Y': 12.8159   Cb: 13.0661   Cr: 14.0243 )
00000117: 13.0512   (Y': 12.821    Cb: 13.0929   Cr: 14.0651 )
00000118: 13.0853   (Y': 12.8557   Cb: 13.125    Cr: 14.0982 )
00000119: 13.0286   (Y': 12.8057   Cb: 13.1045   Cr: 13.9614 )
00000120: 13.0725   (Y': 12.8524   Cb: 13.0815   Cr: 14.0737 )
00000121: 13.0793   (Y': 12.8726   Cb: 13.057    Cr: 14.0486 )
00000122: 13.0283   (Y': 12.7779   Cb: 13.1583   Cr: 14.0407 )
00000125: 13.0995   (Y': 12.8759   Cb: 13.1474   Cr: 14.0711 )
00000123: 13.0784   (Y': 12.8332   Cb: 13.1611   Cr: 14.1211 )
00000124: 13.058    (Y': 12.8286   Cb: 13.0909   Cr: 14.0787 )
00000126: 13.0848   (Y': 12.8757   Cb: 13.05     Cr: 14.0831 )
00000127: 13.0239   (Y': 12.7856   Cb: 13.0862   Cr: 14.0553 )
00000128: 13.0724   (Y': 12.8701   Cb: 13.0347   Cr: 14.0383 )
00000129: 13.0563   (Y': 12.8319   Cb: 13.0385   Cr: 14.1143 )
00000130: 13.0225   (Y': 12.8039   Cb: 13.0445   Cr: 13.9994 )
00000131: 13.0267   (Y': 12.8169   Cb: 13.0242   Cr: 13.9877 )
00000133: 13.0416   (Y': 12.816    Cb: 13.0907   Cr: 14.0216 )
00000132: 13.0499   (Y': 12.8324   Cb: 13.1023   Cr: 13.9839 )
00000134: 13.0404   (Y': 12.8264   Cb: 13.0816   Cr: 13.9696 )
00000135: 12.9964   (Y': 12.7775   Cb: 13.006    Cr: 13.9902 )
00000136: 13.0306   (Y': 12.814    Cb: 13.0431   Cr: 14.0086 )
00000137: 13.0567   (Y': 12.8617   Cb: 13.0348   Cr: 13.9653 )
00000138: 13.0187   (Y': 12.8167   Cb: 12.9969   Cr: 13.9629 )
00000139: 13.0471   (Y': 12.8318   Cb: 13.0509   Cr: 14.0295 )
00000140: 13.0537   (Y': 12.8572   Cb: 13.0053   Cr: 14.0029 )
00000142: 13.0524   (Y': 12.8386   Cb: 13.0944   Cr: 13.9793 )
00000141: 13.0395   (Y': 12.8393   Cb: 13.0712   Cr: 13.9085 )
00000143: 13.0657   (Y': 12.8629   Cb: 13.0936   Cr: 13.9531 )
00000144: 13.0433   (Y': 12.8374   Cb: 13.0346   Cr: 13.9917 )
00000145: 13.0153   (Y': 12.796    Cb: 13.0239   Cr: 14.0125 )
00000146: 13.0773   (Y': 12.8819   Cb: 13.0975   Cr: 13.9363 )
00000148: 13.0567   (Y': 12.8565   Cb: 13.0684   Cr: 13.9506 )
00000147: 13.0547   (Y': 12.8482   Cb: 13.0856   Cr: 13.9573 )
00000149: 13.0213   (Y': 12.8048   Cb: 13.0931   Cr: 13.9265 )
00000150: 13.029    (Y': 12.821    Cb: 13.0543   Cr: 13.9466 )
00000151: 13.0148   (Y': 12.7766   Cb: 13.1      Cr: 14.0174 )
00000152: 13.0301   (Y': 12.8181   Cb: 13.038    Cr: 13.9901 )
00000153: 13.0032   (Y': 12.7969   Cb: 13.0518   Cr: 13.883  )
00000154: 12.9962   (Y': 12.7689   Cb: 13.077    Cr: 13.9462 )
00000156: 13.0234   (Y': 12.8241   Cb: 13.0174   Cr: 13.9343 )
00000155: 13.0222   (Y': 12.8023   Cb: 13.0583   Cr: 13.9887 )
00000157: 13.0483   (Y': 12.8392   Cb: 13.1035   Cr: 13.9355 )
00000158: 13.0486   (Y': 12.8633   Cb: 13.0266   Cr: 13.9076 )
00000159: 13.1029   (Y': 12.9382   Cb: 13.0227   Cr: 13.9291 )
00000160: 13.0277   (Y': 12.8207   Cb: 13.0421   Cr: 13.9534 )
00000161: 13.0645   (Y': 12.8802   Cb: 13.0582   Cr: 13.8994 )
00000162: 13.0615   (Y': 12.8772   Cb: 13.0243   Cr: 13.9342 )
00000163: 13.0748   (Y': 12.8903   Cb: 13.0531   Cr: 13.9291 )
00000165: 13.0929   (Y': 12.9192   Cb: 13.0204   Cr: 13.9553 )
00000164: 13.1175   (Y': 12.9352   Cb: 13.0824   Cr: 13.9767 )
00000166: 13.136    (Y': 12.9684   Cb: 13.0737   Cr: 13.9553 )
00000167: 13.0619   (Y': 12.869    Cb: 13.0036   Cr: 14.0049 )
00000168: 13.0252   (Y': 12.8322   Cb: 12.9552   Cr: 13.9836 )
00000169: 13.0206   (Y': 12.8146   Cb: 13.0606   Cr: 13.9101 )
00000170: 13.0763   (Y': 12.8679   Cb: 13.0978   Cr: 14.0007 )
00000171: 13.0637   (Y': 12.8861   Cb: 13.0465   Cr: 13.8776 )
00000172: 13.0199   (Y': 12.8239   Cb: 13.017    Cr: 13.9102 )
00000173: 13.049    (Y': 12.8437   Cb: 13.0503   Cr: 13.9819 )
00000174: 12.9772   (Y': 12.7559   Cb: 13.0299   Cr: 13.9301 )
00000175: 13.0077   (Y': 12.8042   Cb: 13.0558   Cr: 13.8738 )
00000176: 13.0581   (Y': 12.8642   Cb: 13.0452   Cr: 13.9502 )
00000177: 13.0044   (Y': 12.8049   Cb: 13.0213   Cr: 13.8882 )
00000178: 12.9972   (Y': 12.7943   Cb: 12.992    Cr: 13.9256 )
00000179: 13.0411   (Y': 12.8251   Cb: 13.0876   Cr: 13.974  )
00000180: 13.0143   (Y': 12.8137   Cb: 13.0766   Cr: 13.8489 )
00000182: 13.0393   (Y': 12.8258   Cb: 13.06     Cr: 13.9912 )
00000181: 13.0639   (Y': 12.8617   Cb: 13.046    Cr: 14.0042 )
00000183: 13.0078   (Y': 12.7992   Cb: 13.0705   Cr: 13.8829 )
00000184: 13.0373   (Y': 12.8483   Cb: 12.9948   Cr: 13.9403 )
00000185: 13.0462   (Y': 12.8485   Cb: 13.0314   Cr: 13.9598 )
00000186: 13.0149   (Y': 12.8133   Cb: 12.9911   Cr: 13.9594 )
00000187: 13.0512   (Y': 12.8524   Cb: 13.0669   Cr: 13.9328 )
00000188: 12.9926   (Y': 12.7458   Cb: 13.0812   Cr: 14.0365 )
00000190: 12.9796   (Y': 12.7724   Cb: 13.0252   Cr: 13.8684 )
00000189: 13.0401   (Y': 12.8442   Cb: 13.0237   Cr: 13.9469 )
00000191: 13.028    (Y': 12.8239   Cb: 13.0344   Cr: 13.9487 )
00000192: 13.0154   (Y': 12.8037   Cb: 13.0673   Cr: 13.9199 )
00000193: 13.0835   (Y': 12.8974   Cb: 13.0216   Cr: 13.9958 )
00000194: 13.0161   (Y': 12.8091   Cb: 13.0052   Cr: 13.9732 )
00000195: 13.038    (Y': 12.8257   Cb: 13.0729   Cr: 13.9655 )
00000196: 13.09     (Y': 12.898    Cb: 13.0834   Cr: 13.9645 )
00000197: 13.0885   (Y': 12.9156   Cb: 12.9824   Cr: 13.989  )
00000198: 13.0328   (Y': 12.827    Cb: 13.0497   Cr: 13.9492 )
00000199: 13.0274   (Y': 12.8401   Cb: 13.0214   Cr: 13.8773 )
00000200: 13.1096   (Y': 12.9361   Cb: 13.0462   Cr: 13.9594 )
00000201: 13.0612   (Y': 12.8817   Cb: 13.0402   Cr: 13.8898 )
00000202: 13.0864   (Y': 12.9191   Cb: 13.0026   Cr: 13.9302 )
00000203: 13.0313   (Y': 12.8598   Cb: 12.9233   Cr: 13.9262 )
00000204: 13.1558   (Y': 12.9873   Cb: 13.0803   Cr: 13.9952 )
00000205: 13.1525   (Y': 13.0074   Cb: 13.0023   Cr: 13.9676 )
00000206: 13.1193   (Y': 12.9517   Cb: 13.0573   Cr: 13.938  )
00000207: 13.0837   (Y': 12.9191   Cb: 13.0108   Cr: 13.9007 )
00000208: 13.1094   (Y': 12.9463   Cb: 12.9908   Cr: 13.975  )
00000209: 13.1202   (Y': 12.9713   Cb: 12.9927   Cr: 13.9255 )
00000210: 13.1388   (Y': 12.9801   Cb: 12.9993   Cr: 14.0089 )
00000211: 13.1095   (Y': 12.9663   Cb: 12.9728   Cr: 13.8986 )
00000212: 13.1252   (Y': 12.961    Cb: 13.04     Cr: 13.9553 )
00000213: 13.0627   (Y': 12.8775   Cb: 12.9934   Cr: 13.9795 )
00000214: 13.0629   (Y': 12.8864   Cb: 12.9879   Cr: 13.9426 )
00000215: 13.1008   (Y': 12.9473   Cb: 12.962    Cr: 13.9434 )
00000216: 13.0676   (Y': 12.8932   Cb: 13.0025   Cr: 13.9247 )
00000217: 13.0692   (Y': 12.8767   Cb: 13.0788   Cr: 13.9261 )
00000218: 13.1049   (Y': 12.9331   Cb: 13.0645   Cr: 13.9185 )
00000219: 13.0361   (Y': 12.8442   Cb: 13.0744   Cr: 13.8554 )
00000220: 13.0672   (Y': 12.8989   Cb: 12.9561   Cr: 13.9506 )
00000221: 13.0163   (Y': 12.8244   Cb: 13.0448   Cr: 13.847  )
00000222: 13.0353   (Y': 12.8424   Cb: 13.0277   Cr: 13.9155 )
00000223: 13.0529   (Y': 12.8964   Cb: 12.9332   Cr: 13.8868 )
00000224: 13.105    (Y': 12.9152   Cb: 13.0632   Cr: 14.0119 )
00000225: 13.0578   (Y': 12.9007   Cb: 12.9873   Cr: 13.8341 )
00000226: 13.0878   (Y': 12.9232   Cb: 13.0261   Cr: 13.8908 )
00000228: 13.0644   (Y': 12.8865   Cb: 13.0257   Cr: 13.906  )
00000227: 13.0543   (Y': 12.874    Cb: 13.0149   Cr: 13.9091 )
00000229: 13.0907   (Y': 12.9447   Cb: 12.9776   Cr: 13.8645 )
00000230: 13.042    (Y': 12.872    Cb: 12.9644   Cr: 13.8915 )
00000231: 13.0826   (Y': 12.9073   Cb: 13.0337   Cr: 13.9237 )
00000232: 13.1091   (Y': 12.9616   Cb: 12.9644   Cr: 13.9296 )
00000233: 13.1083   (Y': 12.9574   Cb: 13.0094   Cr: 13.8882 )
00000234: 13.1149   (Y': 12.9337   Cb: 13.0682   Cr: 13.9833 )
00000235: 13.2026   (Y': 13.0628   Cb: 13.0393   Cr: 14.0073 )
00000236: 13.1844   (Y': 13.0297   Cb: 13.0422   Cr: 14.0375 )
00000237: 13.2596   (Y': 13.135    Cb: 13.0531   Cr: 14.0432 )
00000238: 13.2624   (Y': 13.1352   Cb: 13.04     Cr: 14.0796 )
00000239: 13.2221   (Y': 13.1041   Cb: 12.979    Cr: 14.0194 )
00000240: 13.2474   (Y': 13.1257   Cb: 12.9691   Cr: 14.1084 )
00000241: 13.2521   (Y': 13.1304   Cb: 13.0452   Cr: 14.0224 )
00000242: 13.2481   (Y': 13.1375   Cb: 12.9691   Cr: 14.0552 )
00000243: 13.1849   (Y': 13.043    Cb: 13.0579   Cr: 13.9552 )
00000244: 13.1304   (Y': 12.9837   Cb: 12.9731   Cr: 13.9624 )
00000245: 13.128    (Y': 12.9511   Cb: 13.0758   Cr: 13.9816 )
00000246: 13.554    (Y': 13.4998   Cb: 13.2105   Cr: 14.1717 )
00000247: 13.5607   (Y': 13.4806   Cb: 13.2837   Cr: 14.2173 )
00000248: 13.4515   (Y': 13.3877   Cb: 13.1786   Cr: 14.0271 )
00000249: 13.205    (Y': 13.0696   Cb: 13.0017   Cr: 14.0381 )
00000250: 13.1433   (Y': 13.0027   Cb: 12.9435   Cr: 13.9977 )
00000251: 13.3336   (Y': 13.2311   Cb: 13.0936   Cr: 14.0512 )
00000252: 13.3012   (Y': 13.2124   Cb: 13.0759   Cr: 13.9357 )
00000253: 13.1259   (Y': 12.9453   Cb: 13.0672   Cr: 14.0057 )
00000254: 13.2101   (Y': 13.0663   Cb: 13.0843   Cr: 13.9879 )
00000255: 13.3515   (Y': 13.234    Cb: 13.1509   Cr: 14.0929 )
00000256: 13.3304   (Y': 13.2542   Cb: 13.033    Cr: 13.994  )
00000257: 13.2985   (Y': 13.1922   Cb: 13.0866   Cr: 13.9993 )
00000258: 13.3135   (Y': 13.2263   Cb: 13.1086   Cr: 13.9153 )
00000259: 13.3894   (Y': 13.3054   Cb: 13.156    Cr: 14.0109 )
00000260: 13.1986   (Y': 13.0875   Cb: 12.9635   Cr: 13.9524 )
00000262: 13.2417   (Y': 13.122    Cb: 13.001    Cr: 14.044  )
00000261: 13.2031   (Y': 13.0689   Cb: 13.101    Cr: 13.9059 )
00000263: 13.2605   (Y': 13.1447   Cb: 12.9834   Cr: 14.0902 )
00000264: 13.1958   (Y': 13.0968   Cb: 12.9144   Cr: 13.9488 )
00000265: 13.1624   (Y': 13.0576   Cb: 12.9326   Cr: 13.8787 )
00000266: 13.2187   (Y': 13.0973   Cb: 13.0942   Cr: 13.8862 )
00000267: 13.2184   (Y': 13.0659   Cb: 13.1261   Cr: 13.9988 )
00000268: 13.1329   (Y': 12.974    Cb: 13.0256   Cr: 13.9638 )
00000269: 13.1496   (Y': 13.011    Cb: 13.0231   Cr: 13.9031 )
00000270: 12.9977   (Y': 12.801    Cb: 12.983    Cr: 13.9062 )
00000271: 13.13     (Y': 12.9581   Cb: 13.0748   Cr: 13.9612 )
00000272: 13.0848   (Y': 12.9254   Cb: 13.0069   Cr: 13.8822 )
00000273: 13.206    (Y': 13.1044   Cb: 12.9775   Cr: 13.9053 )
00000274: 13.1086   (Y': 12.9565   Cb: 13.0391   Cr: 13.8592 )
00000275: 13.1771   (Y': 13.0338   Cb: 13.0497   Cr: 13.9547 )
00000276: 13.1528   (Y': 13.0167   Cb: 13.0126   Cr: 13.9106 )
00000277: 13.1454   (Y': 12.9949   Cb: 13.0043   Cr: 13.9758 )
00000278: 13.0985   (Y': 12.9595   Cb: 12.9971   Cr: 13.8231 )
00000279: 13.1624   (Y': 13.0226   Cb: 13.0191   Cr: 13.9427 )
00000280: 13.1426   (Y': 13.0033   Cb: 13.0249   Cr: 13.8888 )
00000281: 13.1457   (Y': 13.014    Cb: 12.9834   Cr: 13.9093 )
00000282: 13.1311   (Y': 12.9736   Cb: 12.9867   Cr: 14.0006 )
00000283: 13.1597   (Y': 13.0057   Cb: 13.0588   Cr: 13.9579 )
00000284: 13.1113   (Y': 12.97     Cb: 13.0125   Cr: 13.8445 )
00000285: 13.1035   (Y': 12.9578   Cb: 12.9859   Cr: 13.8814 )
00000286: 13.1286   (Y': 12.9888   Cb: 12.9987   Cr: 13.8919 )
00000287: 13.1165   (Y': 12.974    Cb: 12.9707   Cr: 13.9127 )
00000288: 13.0826   (Y': 12.9166   Cb: 13.0201   Cr: 13.894  )
00000289: 13.0627   (Y': 12.8914   Cb: 12.9688   Cr: 13.9395 )
00000290: 13.0529   (Y': 12.8536   Cb: 13.0171   Cr: 14.0011 )
00000291: 13.1161   (Y': 12.9574   Cb: 13.0017   Cr: 13.9544 )
00000293: 13.0855   (Y': 12.9195   Cb: 12.9895   Cr: 13.9376 )
00000292: 13.0879   (Y': 12.9083   Cb: 13.0333   Cr: 13.9577 )
00000294: 13.0832   (Y': 12.924    Cb: 12.9831   Cr: 13.9066 )
00000295: 13.1536   (Y': 12.9942   Cb: 13.0529   Cr: 13.9787 )
00000296: 13.1185   (Y': 12.9807   Cb: 12.977    Cr: 13.8865 )
00000297: 13.1437   (Y': 12.9886   Cb: 13.0204   Cr: 13.9749 )
00000298: 13.1431   (Y': 12.9981   Cb: 13.0627   Cr: 13.872  )
00000299: 13.133    (Y': 12.9818   Cb: 13.0301   Cr: 13.9197 )
00000301: 13.0844   (Y': 12.9373   Cb: 12.946    Cr: 13.8949 )
00000300: 13.0669   (Y': 12.9095   Cb: 12.9882   Cr: 13.8548 )
00000302: 13.1166   (Y': 12.9762   Cb: 12.9837   Cr: 13.8867 )
00000303: 13.0428   (Y': 12.8807   Cb: 13.0365   Cr: 13.7666 )
00000304: 13.0909   (Y': 12.911    Cb: 13.0444   Cr: 13.9529 )
00000305: 13.0762   (Y': 12.9396   Cb: 12.9717   Cr: 13.793  )
00000306: 13.0567   (Y': 12.9119   Cb: 12.9578   Cr: 13.8064 )
00000307: 13.0443   (Y': 12.8817   Cb: 12.972    Cr: 13.8503 )
00000309: 13.0116   (Y': 12.8229   Cb: 12.9411   Cr: 13.9483 )
00000310: 13.0481   (Y': 12.8865   Cb: 12.9618   Cr: 13.8664 )
00000308: 13.0031   (Y': 12.8173   Cb: 13.0226   Cr: 13.8143 )
00000311: 12.9726   (Y': 12.7914   Cb: 12.9332   Cr: 13.8319 )
00000312: 13.049    (Y': 12.9113   Cb: 12.9275   Cr: 13.7915 )
00000313: 13.0305   (Y': 12.8409   Cb: 12.9872   Cr: 13.9378 )
00000314: 12.9979   (Y': 12.8305   Cb: 12.9612   Cr: 13.7848 )
00000315: 13.0498   (Y': 12.89     Cb: 12.9896   Cr: 13.827  )
00000318: 13.0187   (Y': 12.8544   Cb: 12.9271   Cr: 13.8568 )
00000316: 13.0165   (Y': 12.8367   Cb: 12.9925   Cr: 13.8502 )
00000317: 13.0144   (Y': 12.89     Cb: 12.8917   Cr: 13.6939 )
00000319: 13.0467   (Y': 12.8737   Cb: 13.0072   Cr: 13.8646 )
00000320: 13.0515   (Y': 12.8663   Cb: 13.0167   Cr: 13.9256 )
00000321: 13.0712   (Y': 12.9219   Cb: 12.9431   Cr: 13.8795 )
00000322: 13.1065   (Y': 12.9608   Cb: 12.9802   Cr: 13.8949 )
00000323: 13.0254   (Y': 12.8527   Cb: 12.9302   Cr: 13.9108 )
00000324: 13.0413   (Y': 12.8692   Cb: 12.9414   Cr: 13.9297 )
00000325: 13.0412   (Y': 12.8779   Cb: 12.9514   Cr: 13.8723 )
00000326: 13.0346   (Y': 12.874    Cb: 12.9693   Cr: 13.8219 )
00000327: 13.0603   (Y': 12.8813   Cb: 12.9809   Cr: 13.9576 )
00000328: 13.0909   (Y': 12.9213   Cb: 13.0125   Cr: 13.9391 )
00000329: 13.1247   (Y': 12.9518   Cb: 13.0278   Cr: 14.0128 )
00000330: 13.1402   (Y': 12.9909   Cb: 13.0124   Cr: 13.9483 )
00000331: 13.068    (Y': 12.8836   Cb: 13.0241   Cr: 13.9491 )
00000332: 13.0683   (Y': 12.8883   Cb: 13.0252   Cr: 13.9262 )
00000334: 13.0599   (Y': 12.888    Cb: 13.0109   Cr: 13.8839 )
00000333: 13.0913   (Y': 12.9261   Cb: 13.0317   Cr: 13.895  )
00000335: 13.0994   (Y': 12.9183   Cb: 13.1061   Cr: 13.902  )
00000336: 13.0566   (Y': 12.8906   Cb: 12.9709   Cr: 13.8959 )
00000337: 13.0729   (Y': 12.9115   Cb: 12.9811   Cr: 13.8966 )
00000338: 13.0962   (Y': 12.9334   Cb: 13.019    Cr: 13.909  )
00000339: 13.094    (Y': 12.9066   Cb: 13.0827   Cr: 13.9504 )
00000340: 13.0982   (Y': 12.933    Cb: 13.0052   Cr: 13.9431 )
00000342: 13.1989   (Y': 13.0647   Cb: 13.0224   Cr: 13.9929 )
00000341: 13.154    (Y': 13.0062   Cb: 13.0074   Cr: 13.978  )
00000343: 13.2436   (Y': 13.1397   Cb: 12.9843   Cr: 13.9919 )
00000344: 13.1787   (Y': 13.0578   Cb: 13.0005   Cr: 13.9089 )
00000345: 13.1972   (Y': 13.0912   Cb: 12.9627   Cr: 13.9247 )
00000346: 13.1912   (Y': 13.0947   Cb: 12.962    Cr: 13.8667 )
00000347: 13.1979   (Y': 13.0889   Cb: 12.9782   Cr: 13.9221 )
00000348: 13.221    (Y': 13.1205   Cb: 12.9785   Cr: 13.9325 )
00000350: 13.1328   (Y': 12.9763   Cb: 13.0813   Cr: 13.8829 )
00000349: 13.1605   (Y': 13.023    Cb: 13.0086   Cr: 13.94   )
00000351: 13.1327   (Y': 12.997    Cb: 12.9125   Cr: 13.9895 )
00000352: 13.1276   (Y': 12.9867   Cb: 12.9953   Cr: 13.8992 )
00000353: 13.1365   (Y': 13.0014   Cb: 12.9295   Cr: 13.973  )
00000354: 13.1548   (Y': 13.0219   Cb: 12.9973   Cr: 13.9182 )
00000355: 13.1671   (Y': 13.0774   Cb: 12.9535   Cr: 13.7915 )
00000356: 13.1585   (Y': 13.0663   Cb: 12.9364   Cr: 13.8049 )
00000358: 13.0922   (Y': 12.9717   Cb: 12.9532   Cr: 13.7731 )
00000357: 13.1096   (Y': 13.0142   Cb: 12.8691   Cr: 13.7938 )
00000359: 13.0762   (Y': 12.9701   Cb: 12.8534   Cr: 13.7897 )
00000360: 13.1642   (Y': 13.0428   Cb: 12.9688   Cr: 13.9184 )
00000361: 13.1587   (Y': 13.0634   Cb: 12.8966   Cr: 13.8694 )
00000362: 13.1878   (Y': 13.0505   Cb: 13.0545   Cr: 13.9427 )
00000363: 13.2566   (Y': 13.1771   Cb: 13.0067   Cr: 13.8773 )
00000364: 13.2489   (Y': 13.1818   Cb: 12.973    Cr: 13.8433 )
00000365: 13.1578   (Y': 13.0272   Cb: 13.0086   Cr: 13.8999 )
00000366: 13.1168   (Y': 13.0195   Cb: 12.8627   Cr: 13.8273 )
00000367: 13.141    (Y': 13.0107   Cb: 12.9925   Cr: 13.8809 )
00000368: 13.1727   (Y': 13.0684   Cb: 12.9813   Cr: 13.8391 )
00000369: 13.1769   (Y': 13.0893   Cb: 12.9121   Cr: 13.8542 )
00000370: 13.243    (Y': 13.1559   Cb: 12.9934   Cr: 13.899  )
00000371: 13.2225   (Y': 13.132    Cb: 12.9838   Cr: 13.8815 )
00000372: 13.2942   (Y': 13.2289   Cb: 12.9841   Cr: 13.9219 )
00000373: 13.2104   (Y': 13.1419   Cb: 12.9282   Cr: 13.8186 )
00000374: 13.2718   (Y': 13.2204   Cb: 12.9229   Cr: 13.8832 )
00000375: 13.1966   (Y': 13.1235   Cb: 12.9172   Cr: 13.823  )
00000376: 13.1825   (Y': 13.0761   Cb: 12.9582   Cr: 13.8995 )
00000377: 13.1987   (Y': 13.065    Cb: 13.0157   Cr: 13.9977 )
00000378: 13.2006   (Y': 13.1142   Cb: 12.9597   Cr: 13.8427 )
00000379: 13.2142   (Y': 13.1366   Cb: 12.9401   Cr: 13.8554 )
00000381: 13.1777   (Y': 13.0587   Cb: 12.9791   Cr: 13.924  )
00000382: 13.1896   (Y': 13.0754   Cb: 12.9544   Cr: 13.9587 )
00000380: 13.2111   (Y': 13.0983   Cb: 12.9746   Cr: 13.9742 )
00000383: 13.1933   (Y': 13.0845   Cb: 13.0184   Cr: 13.8615 )
00000384: 13.1583   (Y': 13.0533   Cb: 12.9615   Cr: 13.8349 )
00000385: 13.1744   (Y': 13.0698   Cb: 12.946    Cr: 13.8877 )
00000386: 13.1247   (Y': 12.988    Cb: 12.9504   Cr: 13.9279 )
00000387: 13.1142   (Y': 12.9402   Cb: 13.0428   Cr: 13.977  )
00000388: 13.0893   (Y': 12.9441   Cb: 12.9232   Cr: 13.9246 )
00000389: 13.1118   (Y': 12.9827   Cb: 12.9116   Cr: 13.9098 )
00000390: 13.0422   (Y': 12.8604   Cb: 12.9689   Cr: 13.947  )
00000391: 13.0961   (Y': 12.9244   Cb: 12.9925   Cr: 13.9875 )
00000392: 13.0587   (Y': 12.8847   Cb: 12.948    Cr: 13.9699 )
00000393: 13.0491   (Y': 12.8855   Cb: 12.9535   Cr: 13.8884 )
00000394: 13.0536   (Y': 12.8937   Cb: 12.9015   Cr: 13.9454 )
00000395: 13.0402   (Y': 12.8417   Cb: 13.0256   Cr: 13.9579 )
00000396: 13.0584   (Y': 12.8676   Cb: 13.008    Cr: 13.9807 )
00000397: 13.007    (Y': 12.8248   Cb: 12.9559   Cr: 13.8861 )
00000398: 13.0442   (Y': 12.861    Cb: 12.9797   Cr: 13.9449 )
00000399: 13.0554   (Y': 12.8638   Cb: 13.0401   Cr: 13.9378 )
00000400: 13.0254   (Y': 12.8247   Cb: 13.0114   Cr: 13.9541 )
00000401: 13.0011   (Y': 12.8003   Cb: 12.9711   Cr: 13.9502 )
00000402: 13.0839   (Y': 12.8933   Cb: 13.0164   Cr: 14.0265 )
00000403: 13.0683   (Y': 12.8755   Cb: 13.0224   Cr: 13.9955 )
00000404: 13.005    (Y': 12.8044   Cb: 12.946    Cr: 13.9887 )
00000405: 13.0553   (Y': 12.8719   Cb: 12.9696   Cr: 13.9838 )
00000406: 13.1529   (Y': 12.9844   Cb: 13.0371   Cr: 14.0428 )
00000407: 13.0854   (Y': 12.9214   Cb: 12.9853   Cr: 13.9329 )
00000408: 13.0731   (Y': 12.8828   Cb: 13.0136   Cr: 14.0041 )
00000409: 13.0623   (Y': 12.8744   Cb: 13.0022   Cr: 13.9816 )
00000410: 13.0942   (Y': 12.9275   Cb: 13.0007   Cr: 13.9474 )
00000411: 13.0885   (Y': 12.9252   Cb: 12.9877   Cr: 13.9329 )
00000412: 13.0787   (Y': 12.9099   Cb: 12.9683   Cr: 13.9631 )
00000413: 13.0779   (Y': 12.9124   Cb: 12.9204   Cr: 14.0057 )
00000414: 13.0698   (Y': 12.8663   Cb: 13.0427   Cr: 14.0291 )
00000415: 13.0591   (Y': 12.8696   Cb: 13.0013   Cr: 13.9841 )
00000416: 13.0729   (Y': 12.9042   Cb: 12.9894   Cr: 13.9234 )
00000417: 13.0232   (Y': 12.8499   Cb: 12.9014   Cr: 13.9452 )
00000418: 13.0149   (Y': 12.8315   Cb: 12.942    Cr: 13.927  )
00000419: 13.0113   (Y': 12.8137   Cb: 12.9659   Cr: 13.9628 )
00000420: 13.0172   (Y': 12.8303   Cb: 12.933    Cr: 13.9623 )
00000421: 13.0621   (Y': 12.8938   Cb: 12.9467   Cr: 13.95   )
00000422: 13.0495   (Y': 12.8757   Cb: 12.9284   Cr: 13.9737 )
00000423: 13.0838   (Y': 12.9012   Cb: 12.9966   Cr: 14.0101 )
00000424: 13.0829   (Y': 12.9128   Cb: 12.9997   Cr: 13.9398 )
00000425: 13.0316   (Y': 12.8423   Cb: 12.9977   Cr: 13.9253 )
00000426: 13.0795   (Y': 12.9081   Cb: 12.9817   Cr: 13.9616 )
00000427: 13.0732   (Y': 12.9146   Cb: 12.9309   Cr: 13.9458 )
00000428: 13.1287   (Y': 12.9783   Cb: 12.989    Cr: 13.957  )
00000429: 13.0544   (Y': 12.8671   Cb: 12.9619   Cr: 14.0117 )
00000430: 13.1227   (Y': 12.9542   Cb: 13.0536   Cr: 13.9548 )
00000431: 13.1262   (Y': 12.9806   Cb: 13.0181   Cr: 13.892  )
00000432: 13.0824   (Y': 12.9213   Cb: 12.9615   Cr: 13.9407 )
00000433: 13.0946   (Y': 12.9346   Cb: 12.9781   Cr: 13.9424 )
00000434: 13.0914   (Y': 12.9463   Cb: 12.9873   Cr: 13.8499 )
00000435: 13.0726   (Y': 12.9053   Cb: 12.9948   Cr: 13.9089 )
00000436: 13.1276   (Y': 12.9706   Cb: 13.0111   Cr: 13.9603 )
00000437: 13.043    (Y': 12.8753   Cb: 12.9293   Cr: 13.9262 )
00000438: 13.0969   (Y': 12.9283   Cb: 13.0089   Cr: 13.9521 )
00000439: 13.08     (Y': 12.9235   Cb: 12.9524   Cr: 13.9236 )
00000440: 13.0555   (Y': 12.8859   Cb: 12.9884   Cr: 13.8903 )
00000441: 13.0801   (Y': 12.8939   Cb: 13.016    Cr: 13.9957 )
00000442: 13.0973   (Y': 12.9438   Cb: 12.9523   Cr: 13.9481 )
00000443: 13.0897   (Y': 12.9389   Cb: 12.9747   Cr: 13.8896 )
00000444: 13.0684   (Y': 12.9164   Cb: 12.9543   Cr: 13.873  )
00000446: 13.0629   (Y': 12.8813   Cb: 12.9896   Cr: 13.9663 )
00000445: 13.0536   (Y': 12.8978   Cb: 12.9382   Cr: 13.8788 )
00000447: 13.1151   (Y': 12.9524   Cb: 12.9832   Cr: 13.9958 )
00000448: 13.0513   (Y': 12.8882   Cb: 12.9607   Cr: 13.8826 )
00000449: 13.0781   (Y': 12.9097   Cb: 12.9944   Cr: 13.9275 )
00000450: 13.0991   (Y': 12.9308   Cb: 13.0084   Cr: 13.9565 )
00000451: 13.0631   (Y': 12.9077   Cb: 12.9948   Cr: 13.8283 )
00000452: 13.0707   (Y': 12.8982   Cb: 12.9971   Cr: 13.9279 )
00000453: 13.1004   (Y': 12.9363   Cb: 12.9861   Cr: 13.9655 )
00000454: 13.0839   (Y': 12.9233   Cb: 12.9832   Cr: 13.9145 )
00000455: 13.127    (Y': 12.9776   Cb: 13.0038   Cr: 13.9302 )
00000456: 13.0926   (Y': 12.9164   Cb: 13.0348   Cr: 13.9493 )
00000457: 13.0905   (Y': 12.9304   Cb: 13.0025   Cr: 13.9033 )
00000458: 13.0594   (Y': 12.9087   Cb: 12.9246   Cr: 13.8826 )
00000459: 13.0817   (Y': 12.9165   Cb: 12.9772   Cr: 13.9408 )
00000460: 13.0445   (Y': 12.9019   Cb: 12.9495   Cr: 13.7791 )
00000461: 13.0552   (Y': 12.8822   Cb: 12.9988   Cr: 13.8938 )
00000462: 13.0702   (Y': 12.8943   Cb: 12.9755   Cr: 13.9712 )
00000463: 13.0708   (Y': 12.9165   Cb: 12.9494   Cr: 13.8956 )
00000464: 13.0728   (Y': 12.9226   Cb: 12.9334   Cr: 13.8997 )
00000465: 13.0597   (Y': 12.8934   Cb: 12.9554   Cr: 13.9237 )
00000466: 13.0362   (Y': 12.8592   Cb: 12.9642   Cr: 13.9143 )
00000467: 13.0053   (Y': 12.8146   Cb: 13.0134   Cr: 13.8548 )
00000468: 13.1057   (Y': 12.9484   Cb: 12.9908   Cr: 13.9376 )
00000469: 13.0929   (Y': 12.9447   Cb: 12.9301   Cr: 13.9393 )
00000470: 13.1236   (Y': 12.9736   Cb: 13.0529   Cr: 13.8648 )
00000471: 13.0626   (Y': 12.8864   Cb: 13.0126   Cr: 13.9099 )
00000472: 13.0585   (Y': 12.9051   Cb: 12.9629   Cr: 13.8477 )
00000473: 13.0907   (Y': 12.927    Cb: 12.9757   Cr: 13.9548 )
00000474: 13.028    (Y': 12.8344   Cb: 13.0119   Cr: 13.9219 )
00000475: 13.0438   (Y': 12.869    Cb: 12.9555   Cr: 13.9312 )
00000476: 13.072    (Y': 12.8984   Cb: 12.997    Cr: 13.9371 )
00000477: 13.0487   (Y': 12.8634   Cb: 13.0299   Cr: 13.904  )
00000478: 13.0545   (Y': 12.8918   Cb: 12.9439   Cr: 13.9082 )
00000479: 13.0242   (Y': 12.8471   Cb: 12.9605   Cr: 13.8931 )
00000480: 13.034    (Y': 12.863    Cb: 12.9498   Cr: 13.8967 )
00000481: 13.0848   (Y': 12.9185   Cb: 12.9863   Cr: 13.942  )
00000482: 13.0503   (Y': 12.8636   Cb: 13.013    Cr: 13.935  )
00000483: 13.0305   (Y': 12.8638   Cb: 12.9655   Cr: 13.8484 )
00000484: 13.0528   (Y': 12.8857   Cb: 12.9629   Cr: 13.9029 )
00000485: 13.0918   (Y': 12.9077   Cb: 13.0071   Cr: 14.0224 )
00000486: 13.0258   (Y': 12.8357   Cb: 13.0076   Cr: 13.9047 )
00000487: 13.0214   (Y': 12.8256   Cb: 12.996    Cr: 13.9383 )
00000488: 12.961    (Y': 12.7795   Cb: 12.9295   Cr: 13.8123 )
00000489: 13.0709   (Y': 12.915    Cb: 12.9431   Cr: 13.9119 )
00000490: 13.0818   (Y': 12.9346   Cb: 12.9606   Cr: 13.8709 )
00000491: 13.0742   (Y': 12.9099   Cb: 12.986    Cr: 13.9086 )
00000492: 13.0431   (Y': 12.8544   Cb: 13.0001   Cr: 13.945  )
00000493: 13.0342   (Y': 12.8633   Cb: 12.943    Cr: 13.9053 )
00000494: 13.0738   (Y': 12.8839   Cb: 13.0348   Cr: 13.9769 )
00000495: 13.032    (Y': 12.8473   Cb: 13.0003   Cr: 13.8999 )
00000496: 12.9854   (Y': 12.8008   Cb: 12.9021   Cr: 13.9174 )
00000497: 13.0411   (Y': 12.8454   Cb: 13.0084   Cr: 13.9668 )
00000498: 13.0541   (Y': 12.875    Cb: 12.9594   Cr: 13.9714 )
00000499: 13.0866   (Y': 12.9149   Cb: 12.9978   Cr: 13.9589 )
00000500: 13.0326   (Y': 12.8792   Cb: 12.9726   Cr: 13.778  )
00000501: 13.0304   (Y': 12.8691   Cb: 12.9535   Cr: 13.8356 )
00000502: 13.0557   (Y': 12.8713   Cb: 12.9936   Cr: 13.9595 )
00000503: 13.0334   (Y': 12.8588   Cb: 12.982    Cr: 13.8737 )
00000504: 13.0624   (Y': 12.8851   Cb: 13.0246   Cr: 13.9004 )
00000505: 13.0406   (Y': 12.86     Cb: 13.0244   Cr: 13.8689 )
00000506: 13.0438   (Y': 12.8513   Cb: 13.0432   Cr: 13.9133 )
00000507: 13.0831   (Y': 12.9224   Cb: 12.9423   Cr: 13.9648 )
00000508: 13.0303   (Y': 12.8533   Cb: 13.0238   Cr: 13.829  )
00000509: 13.0304   (Y': 12.8626   Cb: 12.9888   Cr: 13.825  )
00000510: 13.0209   (Y': 12.8478   Cb: 12.9727   Cr: 13.8504 )
00000511: 13.0697   (Y': 12.9118   Cb: 13.007    Cr: 13.8403 )
00000512: 13.0366   (Y': 12.8755   Cb: 12.9652   Cr: 13.834  )
00000513: 13.0383   (Y': 12.873    Cb: 12.9918   Cr: 13.8266 )
00000514: 12.9975   (Y': 12.8207   Cb: 12.9405   Cr: 13.8561 )
00000515: 13.0637   (Y': 12.8933   Cb: 12.9788   Cr: 13.9246 )
00000516: 13.1072   (Y': 12.9659   Cb: 12.9668   Cr: 13.8911 )
00000517: 13.0658   (Y': 12.8992   Cb: 13.0027   Cr: 13.8804 )
00000519: 13.0649   (Y': 12.8998   Cb: 12.9642   Cr: 13.9186 )
00000518: 13.0882   (Y': 12.9366   Cb: 12.9477   Cr: 13.9236 )
00000520: 13.0618   (Y': 12.8917   Cb: 12.9793   Cr: 13.9183 )
00000521: 13.0561   (Y': 12.8739   Cb: 12.9779   Cr: 13.9686 )
00000522: 13.0263   (Y': 12.8505   Cb: 12.8952   Cr: 13.9735 )
00000523: 13.0088   (Y': 12.8259   Cb: 12.9358   Cr: 13.9186 )
00000524: 13.0501   (Y': 12.8804   Cb: 12.9772   Cr: 13.8927 )
00000525: 13.0602   (Y': 12.8861   Cb: 13.0573   Cr: 13.84   )
00000526: 13.1022   (Y': 12.9452   Cb: 13.0289   Cr: 13.8811 )
00000527: 13.0993   (Y': 12.9229   Cb: 13.0531   Cr: 13.943  )
00000528: 13.0669   (Y': 12.8957   Cb: 13.0127   Cr: 13.894  )
00000529: 13.0945   (Y': 12.9025   Cb: 13.0982   Cr: 13.9563 )
00000530: 13.1      (Y': 12.925    Cb: 13.0415   Cr: 13.951  )
00000531: 13.0909   (Y': 12.9048   Cb: 13.05     Cr: 13.9769 )
00000532: 13.0964   (Y': 12.9289   Cb: 13.0317   Cr: 13.9179 )
00000533: 13.0616   (Y': 12.8953   Cb: 12.9788   Cr: 13.8995 )
00000535: 13.0597   (Y': 12.8498   Cb: 13.0232   Cr: 14.0645 )
00000534: 13.0748   (Y': 12.9012   Cb: 12.9711   Cr: 13.9753 )
00000536: 13.0752   (Y': 12.8766   Cb: 13.0525   Cr: 14.0035 )
00000537: 13.0623   (Y': 12.8689   Cb: 13.0082   Cr: 14.0023 )
00000538: 13.0652   (Y': 12.892    Cb: 12.9811   Cr: 13.9394 )
00000539: 13.0532   (Y': 12.8509   Cb: 13.0517   Cr: 13.9744 )
00000540: 13.0426   (Y': 12.8557   Cb: 12.9973   Cr: 13.9383 )
00000541: 13.0831   (Y': 12.9068   Cb: 13.0647   Cr: 13.892  )
00000542: 13.0867   (Y': 12.9099   Cb: 13.0189   Cr: 13.9589 )
00000543: 13.0525   (Y': 12.8675   Cb: 13.002    Cr: 13.9446 )
00000544: 13.092    (Y': 12.9151   Cb: 13.0039   Cr: 13.9899 )
00000545: 13.0277   (Y': 12.8237   Cb: 13.0561   Cr: 13.9208 )
00000547: 13.0133   (Y': 12.8134   Cb: 13.0082   Cr: 13.926  )
00000546: 13.0538   (Y': 12.8673   Cb: 13.0375   Cr: 13.9113 )
00000548: 13.0495   (Y': 12.8765   Cb: 12.9519   Cr: 13.9392 )
00000549: 13.1093   (Y': 12.9359   Cb: 13.0099   Cr: 14.0033 )
00000551: 13.0572   (Y': 12.8657   Cb: 12.9988   Cr: 13.993  )
00000550: 13.0507   (Y': 12.86     Cb: 13.0152   Cr: 13.954  )
00000552: 13.069    (Y': 12.882    Cb: 13.0013   Cr: 13.9934 )
00000553: 13.0574   (Y': 12.8873   Cb: 13.0158   Cr: 13.8635 )
00000554: 13.1142   (Y': 12.9498   Cb: 13.043    Cr: 13.9274 )
00000555: 13.0368   (Y': 12.858    Cb: 12.9571   Cr: 13.9337 )
00000556: 13.0602   (Y': 12.8579   Cb: 13.0305   Cr: 14.0162 )
00000557: 13.0673   (Y': 12.8896   Cb: 13.0156   Cr: 13.9242 )
00000558: 13.0608   (Y': 12.8635   Cb: 13.0303   Cr: 13.9919 )
00000559: 13.0694   (Y': 12.91     Cb: 12.943    Cr: 13.9259 )
00000560: 13.037    (Y': 12.8442   Cb: 12.9715   Cr: 13.9889 )
00000561: 13.0819   (Y': 12.9069   Cb: 12.9313   Cr: 14.0499 )
00000562: 13.0961   (Y': 12.9157   Cb: 13.0349   Cr: 13.9788 )
00000563: 13.0849   (Y': 12.9301   Cb: 12.9475   Cr: 13.9326 )
00000564: 13.0453   (Y': 12.8489   Cb: 13.0041   Cr: 13.9846 )
00000565: 13.0303   (Y': 12.8366   Cb: 13.0008   Cr: 13.941  )
00000567: 13.1077   (Y': 12.9248   Cb: 13.0215   Cr: 14.0344 )
00000566: 13.0558   (Y': 12.8572   Cb: 13.0072   Cr: 14.0159 )
00000568: 13.1069   (Y': 12.9379   Cb: 13.0162   Cr: 13.9678 )
00000569: 13.0963   (Y': 12.9166   Cb: 13.0349   Cr: 13.9752 )
00000571: 13.1326   (Y': 12.9743   Cb: 13.007    Cr: 13.9828 )
00000570: 13.0769   (Y': 12.8971   Cb: 12.9956   Cr: 13.9813 )
00000572: 13.0704   (Y': 12.8846   Cb: 12.996    Cr: 13.9972 )
00000573: 13.1885   (Y': 13.0452   Cb: 12.9894   Cr: 14.0557 )
00000574: 13.1678   (Y': 13.0022   Cb: 13.0384   Cr: 14.0603 )
00000575: 13.159    (Y': 12.9837   Cb: 13.0565   Cr: 14.067  )
00000576: 13.2125   (Y': 13.0328   Cb: 13.1049   Cr: 14.1492 )
00000577: 13.1354   (Y': 12.9233   Cb: 13.1278   Cr: 14.1154 )
00000579: 13.0619   (Y': 12.8299   Cb: 13.0792   Cr: 14.1156 )
00000578: 13.0832   (Y': 12.8512   Cb: 13.0955   Cr: 14.1439 )
00000580: 13.084    (Y': 12.8445   Cb: 13.1159   Cr: 14.1602 )
00000581: 13.0878   (Y': 12.838    Cb: 13.1074   Cr: 14.2363 )
00000582: 13.0632   (Y': 12.8231   Cb: 13.111    Cr: 14.1223 )
00000583: 13.2219   (Y': 13.0456   Cb: 13.1284   Cr: 14.1237 )
00000584: 14.2245   (Y': 14.2145   Cb: 13.674    Cr: 14.9015 )
00000585: 14.4059   (Y': 14.3923   Cb: 13.8507   Cr: 15.1061 )
00000586: 13.8754   (Y': 13.8332   Cb: 13.4554   Cr: 14.5332 )
00000587: 13.6955   (Y': 13.6208   Cb: 13.3483   Cr: 14.4151 )
00000588: 13.1996   (Y': 13.0097   Cb: 13.1639   Cr: 14.0989 )
00000589: 13.0892   (Y': 12.8445   Cb: 13.152    Cr: 14.1548 )
00000591: 13.067    (Y': 12.8411   Cb: 13.1023   Cr: 14.0655 )
00000590: 13.0748   (Y': 12.847    Cb: 13.1004   Cr: 14.0959 )
00000592: 13.1011   (Y': 12.8991   Cb: 13.0668   Cr: 14.0614 )
00000593: 13.113    (Y': 12.905    Cb: 13.0628   Cr: 14.1254 )
00000594: 13.0465   (Y': 12.8213   Cb: 13.0675   Cr: 14.0593 )
00000595: 13.1281   (Y': 12.9323   Cb: 13.0692   Cr: 14.0872 )
00000596: 13.1892   (Y': 13.0154   Cb: 13.0911   Cr: 14.0841 )
00000597: 13.2563   (Y': 13.1031   Cb: 13.1046   Cr: 14.1138 )
00000598: 13.1987   (Y': 13.0417   Cb: 13.0475   Cr: 14.0749 )
00000599: 13.2015   (Y': 13.0363   Cb: 13.0613   Cr: 14.105  )
00000600: 13.1851   (Y': 13.0507   Cb: 13.0055   Cr: 13.9835 )
00000601: 13.1867   (Y': 13.0525   Cb: 13.0213   Cr: 13.9667 )
00000602: 13.1373   (Y': 12.9847   Cb: 12.9657   Cr: 14.0173 )
00000603: 13.0813   (Y': 12.9282   Cb: 12.934    Cr: 13.9329 )
00000604: 13.1268   (Y': 12.9753   Cb: 12.9847   Cr: 13.9636 )
00000605: 13.1059   (Y': 12.9425   Cb: 12.9841   Cr: 13.9775 )
00000606: 13.2154   (Y': 13.0818   Cb: 12.9822   Cr: 14.0781 )
00000607: 13.2307   (Y': 13.0904   Cb: 13.0477   Cr: 14.0628 )
00000608: 13.2262   (Y': 13.0855   Cb: 13.0184   Cr: 14.0919 )
00000609: 13.217    (Y': 13.0655   Cb: 13.0501   Cr: 14.0849 )
00000610: 13.1902   (Y': 13.0032   Cb: 13.101    Cr: 14.1418 )
00000611: 13.1371   (Y': 12.9493   Cb: 13.0888   Cr: 14.0411 )
00000612: 13.0521   (Y': 12.8369   Cb: 13.0363   Cr: 14.058  )
00000613: 13.0056   (Y': 12.7572   Cb: 13.0359   Cr: 14.1325 )
00000614: 13.0574   (Y': 12.8276   Cb: 13.1124   Cr: 14.052  )
00000616: 13.0848   (Y': 12.849    Cb: 13.1386   Cr: 14.1136 )
00000615: 13.029    (Y': 12.786    Cb: 13.0811   Cr: 14.0982 )
00000617: 13.0374   (Y': 12.7992   Cb: 13.0678   Cr: 14.1079 )
00000618: 13.071    (Y': 12.8191   Cb: 13.1222   Cr: 14.1898 )
00000619: 13.0534   (Y': 12.8206   Cb: 13.0816   Cr: 14.0983 )
00000620: 13.0484   (Y': 12.8261   Cb: 13.0855   Cr: 14.0256 )
00000621: 13.051    (Y': 12.8235   Cb: 13.0698   Cr: 14.0789 )
00000622: 13.0866   (Y': 12.8967   Cb: 13.0386   Cr: 14.0018 )
00000624: 13.0715   (Y': 12.8527   Cb: 13.038    Cr: 14.1195 )
00000623: 13.0656   (Y': 12.8488   Cb: 13.0466   Cr: 14.0843 )
00000625: 13.0845   (Y': 12.8847   Cb: 13.0521   Cr: 14.0312 )
00000626: 13.1233   (Y': 12.9279   Cb: 13.1034   Cr: 14.0316 )
00000627: 13.1101   (Y': 12.9165   Cb: 13.0698   Cr: 14.0343 )
00000628: 13.162    (Y': 12.9829   Cb: 13.0958   Cr: 14.0435 )
00000629: 13.1792   (Y': 13.0067   Cb: 13.0429   Cr: 14.1155 )
00000630: 13.2726   (Y': 13.1303   Cb: 13.1052   Cr: 14.0955 )
00000631: 13.2698   (Y': 13.1578   Cb: 12.9941   Cr: 14.0793 )
00000632: 13.2626   (Y': 13.1478   Cb: 13.085    Cr: 13.9626 )
00000633: 13.2168   (Y': 13.1166   Cb: 12.9735   Cr: 13.9279 )
00000634: 13.2023   (Y': 13.0802   Cb: 13.0118   Cr: 13.9538 )
00000635: 13.1479   (Y': 13.0487   Cb: 12.9356   Cr: 13.8158 )
00000636: 13.1096   (Y': 12.9791   Cb: 12.9486   Cr: 13.8659 )
00000637: 13.146    (Y': 13.0551   Cb: 12.8758   Cr: 13.8458 )
00000638: 13.1796   (Y': 13.0831   Cb: 12.9086   Cr: 13.9072 )
00000639: 13.1301   (Y': 13.031    Cb: 12.8485   Cr: 13.8837 )
00000640: 13.1646   (Y': 13.0684   Cb: 12.8856   Cr: 13.9008 )
00000641: 14.2746   (Y': 14.3722   Cb: 13.5683   Cr: 14.6734 )
00000642: 14.3901   (Y': 14.4501   Cb: 13.7058   Cr: 14.9243 )
00000643: 13.8973   (Y': 13.9312   Cb: 13.3502   Cr: 14.3702 )
00000644: 13.809    (Y': 13.8241   Cb: 13.3368   Cr: 14.2716 )
00000645: 13.419    (Y': 13.359    Cb: 13.0802   Cr: 14.0576 )
00000646: 13.363    (Y': 13.2475   Cb: 13.1339   Cr: 14.1308 )
00000647: 13.2086   (Y': 13.019    Cb: 13.1153   Cr: 14.1791 )
00000648: 13.241    (Y': 13.0899   Cb: 13.0715   Cr: 14.1105 )
00000649: 13.0681   (Y': 12.8595   Cb: 13.0503   Cr: 14.0418 )
00000650: 13.1025   (Y': 12.8946   Cb: 13.0387   Cr: 14.1318 )
00000651: 13.1392   (Y': 12.9243   Cb: 13.1157   Cr: 14.1538 )
00000652: 13.1044   (Y': 12.8625   Cb: 13.1717   Cr: 14.1492 )
00000653: 13.0625   (Y': 12.8347   Cb: 13.1007   Cr: 14.068  )
00000654: 13.0886   (Y': 12.8756   Cb: 13.1023   Cr: 14.0463 )
00000656: 13.0429   (Y': 12.8048   Cb: 13.0687   Cr: 14.119  )
00000655: 13.0385   (Y': 12.8022   Cb: 13.1081   Cr: 14.0499 )
00000657: 13.0656   (Y': 12.8304   Cb: 13.1001   Cr: 14.1155 )
00000658: 13.0507   (Y': 12.8145   Cb: 13.0562   Cr: 14.1425 )
00000659: 13.0941   (Y': 12.8384   Cb: 13.1936   Cr: 14.173  )
00000660: 13.0923   (Y': 12.856    Cb: 13.1298   Cr: 14.1442 )
00000661: 13.0802   (Y': 12.8388   Cb: 13.158    Cr: 14.1088 )
00000662: 13.0848   (Y': 12.8616   Cb: 13.1011   Cr: 14.0928 )
00000663: 13.0821   (Y': 12.8544   Cb: 13.1584   Cr: 14.0402 )
00000664: 13.1062   (Y': 12.8842   Cb: 13.1321   Cr: 14.0963 )
00000665: 13.102    (Y': 12.887    Cb: 13.0707   Cr: 14.1273 )
00000666: 13.0663   (Y': 12.8462   Cb: 13.0905   Cr: 14.0483 )
00000667: 13.1519   (Y': 12.9581   Cb: 13.1004   Cr: 14.0914 )
00000668: 13.0637   (Y': 12.8377   Cb: 13.0722   Cr: 14.0967 )
00000669: 13.1511   (Y': 12.957    Cb: 13.0882   Cr: 14.1064 )
00000670: 13.0834   (Y': 12.8658   Cb: 13.0572   Cr: 14.1152 )
00000671: 13.1172   (Y': 12.8979   Cb: 13.0779   Cr: 14.1751 )
00000672: 13.1339   (Y': 12.9207   Cb: 13.1051   Cr: 14.146  )
00000673: 13.1238   (Y': 12.9349   Cb: 13.0148   Cr: 14.1103 )
00000674: 13.0927   (Y': 12.8799   Cb: 13.0847   Cr: 14.0764 )
00000675: 13.0827   (Y': 12.869    Cb: 13.0498   Cr: 14.1028 )
00000676: 13.107    (Y': 12.8881   Cb: 13.144    Cr: 14.0668 )
00000677: 13.1293   (Y': 12.9056   Cb: 13.1693   Cr: 14.1109 )
00000678: 13.0772   (Y': 12.832    Cb: 13.1319   Cr: 14.1552 )
00000679: 13.063    (Y': 12.8145   Cb: 13.1264   Cr: 14.1476 )
00000680: 13.1153   (Y': 12.9121   Cb: 13.0894   Cr: 14.071  )
00000681: 13.0791   (Y': 12.8571   Cb: 13.0951   Cr: 14.0815 )
00000682: 13.1064   (Y': 12.9113   Cb: 13.0764   Cr: 14.0257 )
00000683: 13.1072   (Y': 12.8945   Cb: 13.0636   Cr: 14.1356 )
00000684: 13.118    (Y': 12.8941   Cb: 13.1239   Cr: 14.1429 )
00000685: 13.1371   (Y': 12.9428   Cb: 13.1101   Cr: 14.0483 )
00000686: 13.1394   (Y': 12.8984   Cb: 13.1634   Cr: 14.2335 )
00000687: 13.1483   (Y': 12.9557   Cb: 13.0789   Cr: 14.1037 )
00000688: 13.1095   (Y': 12.9022   Cb: 13.0937   Cr: 14.0745 )
00000689: 13.1401   (Y': 12.945    Cb: 13.0788   Cr: 14.0979 )
00000690: 13.0828   (Y': 12.8429   Cb: 13.1346   Cr: 14.136  )
00000691: 13.1526   (Y': 12.9581   Cb: 13.0813   Cr: 14.1202 )
00000692: 13.1203   (Y': 12.9058   Cb: 13.1388   Cr: 14.0799 )
00000693: 13.1421   (Y': 12.9261   Cb: 13.1343   Cr: 14.1425 )
00000694: 13.1482   (Y': 12.939    Cb: 13.1039   Cr: 14.1587 )
00000695: 13.1254   (Y': 12.9011   Cb: 13.1512   Cr: 14.1278 )
00000696: 13.0939   (Y': 12.8566   Cb: 13.1636   Cr: 14.11   )
00000697: 13.1115   (Y': 12.8848   Cb: 13.1308   Cr: 14.1348 )
00000698: 13.1076   (Y': 12.9012   Cb: 13.0689   Cr: 14.0965 )
00000699: 13.0834   (Y': 12.8467   Cb: 13.1502   Cr: 14.1008 )
00000700: 13.0898   (Y': 12.8541   Cb: 13.1279   Cr: 14.137  )
00000701: 13.0885   (Y': 12.8637   Cb: 13.1295   Cr: 14.0743 )
00000702: 13.1403   (Y': 12.9325   Cb: 13.139    Cr: 14.0898 )
00000703: 13.0713   (Y': 12.8278   Cb: 13.1135   Cr: 14.1558 )
00000704: 13.0823   (Y': 12.8678   Cb: 13.0866   Cr: 14.0596 )
00000705: 13.0786   (Y': 12.8362   Cb: 13.1659   Cr: 14.1012 )
00000706: 13.1423   (Y': 12.929    Cb: 13.1238   Cr: 14.1415 )
00000707: 13.1379   (Y': 12.9224   Cb: 13.1202   Cr: 14.148  )
00000708: 13.128    (Y': 12.9167   Cb: 13.1327   Cr: 14.0883 )
00000709: 13.1043   (Y': 12.8526   Cb: 13.1354   Cr: 14.2477 )
00000710: 13.1285   (Y': 12.9149   Cb: 13.1085   Cr: 14.1319 )
00000711: 13.1518   (Y': 12.9171   Cb: 13.1927   Cr: 14.1905 )
00000712: 13.1509   (Y': 12.9281   Cb: 13.1601   Cr: 14.166  )
00000713: 13.1324   (Y': 12.9215   Cb: 13.0993   Cr: 14.138  )
00000714: 13.2358   (Y': 13.0665   Cb: 13.1362   Cr: 14.1096 )
00000715: 13.2499   (Y': 13.0663   Cb: 13.1369   Cr: 14.2139 )
00000716: 13.236    (Y': 13.0995   Cb: 13.0673   Cr: 14.0312 )
00000717: 13.2549   (Y': 13.1351   Cb: 13.0607   Cr: 13.9999 )
00000718: 13.2554   (Y': 13.1419   Cb: 13.0285   Cr: 14.0108 )
00000719: 13.1511   (Y': 13.0417   Cb: 12.9423   Cr: 13.8632 )
00000720: 13.1688   (Y': 13.0751   Cb: 12.9136   Cr: 13.8634 )
00000721: 13.1291   (Y': 13.0322   Cb: 12.8956   Cr: 13.8116 )
00000722: 13.0942   (Y': 12.9767   Cb: 12.8923   Cr: 13.8376 )
00000723: 13.0987   (Y': 12.9853   Cb: 12.9452   Cr: 13.7626 )
00000724: 13.0583   (Y': 12.9167   Cb: 12.9828   Cr: 13.7644 )
00000725: 13.1039   (Y': 12.9766   Cb: 12.9151   Cr: 13.8788 )
00000726: 13.2989   (Y': 13.2289   Cb: 12.9796   Cr: 13.9603 )
00000727: 14.3796   (Y': 14.4609   Cb: 13.6488   Cr: 14.8809 )
00000728: 14.3629   (Y': 14.4252   Cb: 13.6923   Cr: 14.8688 )
00000729: 13.7039   (Y': 13.73     Cb: 13.2208   Cr: 14.131  )
00000730: 13.534    (Y': 13.5257   Cb: 13.0877   Cr: 14.0687 )
00000731: 13.1725   (Y': 13.061    Cb: 12.9263   Cr: 13.942  )
00000732: 13.1632   (Y': 13.0732   Cb: 12.8706   Cr: 13.8867 )
00000733: 13.1551   (Y': 13.0685   Cb: 12.8986   Cr: 13.8173 )
00000734: 13.1475   (Y': 13.0408   Cb: 12.9441   Cr: 13.8402 )
00000735: 13.1114   (Y': 12.9675   Cb: 12.9375   Cr: 13.9499 )
00000736: 13.2151   (Y': 13.1141   Cb: 13.0242   Cr: 13.865  )
00000737: 13.1689   (Y': 13.0261   Cb: 13.0395   Cr: 13.9464 )
00000738: 13.1423   (Y': 12.9694   Cb: 13.0116   Cr: 14.0733 )
00000739: 13.1336   (Y': 12.9464   Cb: 13.0774   Cr: 14.0444 )
00000740: 13.1011   (Y': 12.9266   Cb: 13.0547   Cr: 13.9349 )
00000741: 13.0721   (Y': 12.8704   Cb: 13.0464   Cr: 14.0199 )
00000742: 13.0926   (Y': 12.906    Cb: 13.0185   Cr: 14.0227 )
00000743: 13.0874   (Y': 12.9016   Cb: 12.9933   Cr: 14.0387 )
00000744: 13.0974   (Y': 12.9139   Cb: 13.0137   Cr: 14.0238 )
00000745: 13.1215   (Y': 12.9584   Cb: 12.995    Cr: 13.9974 )
00000746: 13.1178   (Y': 12.9582   Cb: 12.9659   Cr: 14.0082 )
00000747: 13.117    (Y': 12.9608   Cb: 12.9836   Cr: 13.9668 )
00000748: 13.1042   (Y': 12.9026   Cb: 13.0372   Cr: 14.1037 )
00000749: 13.1559   (Y': 13.0075   Cb: 12.9782   Cr: 14.0222 )
00000750: 13.122    (Y': 12.9596   Cb: 12.9609   Cr: 14.0384 )
00000751: 13.1462   (Y': 12.9913   Cb: 12.9749   Cr: 14.037  )
00000752: 13.0895   (Y': 12.925    Cb: 12.9871   Cr: 13.9417 )
00000753: 13.0724   (Y': 12.9187   Cb: 12.9778   Cr: 13.8613 )
00000754: 13.1014   (Y': 12.9413   Cb: 12.948    Cr: 13.9961 )
00000755: 13.0404   (Y': 12.8603   Cb: 12.9486   Cr: 13.9595 )
00000756: 13.0884   (Y': 12.909    Cb: 12.9906   Cr: 14.0115 )
00000757: 13.1064   (Y': 12.9297   Cb: 13.0197   Cr: 14.0016 )
00000758: 13.0696   (Y': 12.8907   Cb: 12.9899   Cr: 13.9673 )
00000759: 13.0843   (Y': 12.9108   Cb: 12.9853   Cr: 13.9784 )
00000760: 13.0633   (Y': 12.8783   Cb: 13.022    Cr: 13.9444 )
00000761: 13.0764   (Y': 12.8894   Cb: 12.9816   Cr: 14.0352 )
00000762: 13.0991   (Y': 12.9116   Cb: 12.9779   Cr: 14.0947 )
00000763: 13.145    (Y': 12.9479   Cb: 13.1152   Cr: 14.0742 )
00000764: 13.1309   (Y': 12.9742   Cb: 13.014    Cr: 13.9628 )
00000765: 13.2184   (Y': 13.0538   Cb: 13.1168   Cr: 14.0706 )
00000766: 13.2362   (Y': 13.085    Cb: 13.0791   Cr: 14.0907 )
00000767: 13.2536   (Y': 13.109    Cb: 13.1026   Cr: 14.0669 )
00000768: 13.2088   (Y': 13.0451   Cb: 13.0618   Cr: 14.1134 )
00000769: 13.239    (Y': 13.0889   Cb: 13.0702   Cr: 14.1029 )
00000770: 13.2049   (Y': 13.0318   Cb: 13.0504   Cr: 14.1679 )
00000771: 13.2404   (Y': 13.0896   Cb: 13.0954   Cr: 14.0776 )
00000772: 13.2365   (Y': 13.1301   Cb: 13.0098   Cr: 13.9563 )
00000773: 13.249    (Y': 13.1042   Cb: 13.0717   Cr: 14.0967 )
00000774: 13.2361   (Y': 13.089    Cb: 13.0206   Cr: 14.1439 )
00000775: 13.1944   (Y': 13.0341   Cb: 13.0341   Cr: 14.099  )
00000776: 13.1306   (Y': 12.9489   Cb: 13.0304   Cr: 14.0685 )
00000777: 13.1301   (Y': 12.9391   Cb: 13.0515   Cr: 14.0886 )
00000778: 13.18     (Y': 13.0085   Cb: 13.0361   Cr: 14.1213 )
00000779: 13.1517   (Y': 12.9524   Cb: 13.128    Cr: 14.0846 )
00000780: 13.1933   (Y': 13.0312   Cb: 13.0722   Cr: 14.057  )
00000781: 13.1704   (Y': 12.9966   Cb: 13.0483   Cr: 14.0955 )
00000782: 13.1788   (Y': 13.0362   Cb: 13.0046   Cr: 14.0115 )
00000783: 13.2268   (Y': 13.0862   Cb: 13.0534   Cr: 14.0481 )
00000784: 13.1937   (Y': 13.0254   Cb: 13.091    Cr: 14.0661 )
00000785: 13.1525   (Y': 12.9799   Cb: 13.0146   Cr: 14.0915 )
00000786: 13.1717   (Y': 13.0176   Cb: 13.0294   Cr: 14.0218 )
00000787: 13.1853   (Y': 13.0143   Cb: 13.0928   Cr: 14.0584 )
00000788: 13.1365   (Y': 12.9575   Cb: 13.0065   Cr: 14.098  )
00000789: 13.1502   (Y': 12.9749   Cb: 13.0267   Cr: 14.0845 )
00000790: 13.1044   (Y': 12.9234   Cb: 13.0155   Cr: 14.024  )
00000791: 13.1483   (Y': 12.9478   Cb: 13.1131   Cr: 14.1015 )
00000792: 13.0972   (Y': 12.8902   Cb: 13.0745   Cr: 14.0688 )
00000793: 13.1871   (Y': 13.0169   Cb: 13.0689   Cr: 14.0888 )
00000794: 13.1956   (Y': 13.0123   Cb: 13.1418   Cr: 14.0836 )
00000795: 13.1426   (Y': 12.9633   Cb: 13.053    Cr: 14.0551 )
00000796: 13.1627   (Y': 12.9977   Cb: 13.0256   Cr: 14.0619 )
00000797: 13.14     (Y': 12.9579   Cb: 13.0397   Cr: 14.0805 )
00000798: 13.2024   (Y': 13.0474   Cb: 13.037    Cr: 14.0864 )
00000799: 13.1697   (Y': 13.0256   Cb: 13.0451   Cr: 13.9476 )
00000800: 13.1508   (Y': 12.9852   Cb: 13.032    Cr: 14.0292 )
00000801: 13.1517   (Y': 12.9705   Cb: 13.045    Cr: 14.0952 )
00000802: 13.1641   (Y': 13.0051   Cb: 13.0314   Cr: 14.0269 )
00000803: 13.1589   (Y': 13.0145   Cb: 13.009    Cr: 13.9697 )
00000804: 13.1372   (Y': 12.9649   Cb: 13.0259   Cr: 14.0409 )
00000805: 13.1184   (Y': 12.9852   Cb: 12.9279   Cr: 13.9248 )
00000806: 13.0912   (Y': 12.9047   Cb: 13.0472   Cr: 13.9837 )
00000807: 13.1277   (Y': 12.9506   Cb: 13.0096   Cr: 14.0647 )
00000808: 13.1061   (Y': 12.9271   Cb: 12.9973   Cr: 14.0411 )
00000809: 13.1189   (Y': 12.953    Cb: 12.9482   Cr: 14.0651 )
00000810: 13.1577   (Y': 12.992    Cb: 13.0621   Cr: 14.0081 )
00000811: 13.1316   (Y': 12.9666   Cb: 13.0233   Cr: 13.9938 )
00000812: 13.1995   (Y': 13.0509   Cb: 13.0256   Cr: 14.0615 )
00000813: 13.1483   (Y': 12.9898   Cb: 12.9927   Cr: 14.0375 )
00000814: 13.1252   (Y': 12.9439   Cb: 13.0116   Cr: 14.0778 )
00000815: 13.123    (Y': 12.9664   Cb: 13.0198   Cr: 13.9366 )
00000816: 13.1473   (Y': 12.981    Cb: 13.0424   Cr: 14.0121 )
00000817: 13.1794   (Y': 13.064    Cb: 12.9636   Cr: 13.9293 )
00000818: 13.2279   (Y': 13.1229   Cb: 13.0202   Cr: 13.9179 )
00000819: 13.2478   (Y': 13.1458   Cb: 12.921    Cr: 14.0738 )
00000820: 13.2346   (Y': 13.146    Cb: 12.9622   Cr: 13.9261 )
00000821: 13.2196   (Y': 13.1099   Cb: 12.984    Cr: 13.9671 )
00000822: 13.2856   (Y': 13.2162   Cb: 12.9726   Cr: 13.9366 )
00000823: 13.2243   (Y': 13.1348   Cb: 12.9678   Cr: 13.9001 )
00000824: 13.2146   (Y': 13.1184   Cb: 12.9633   Cr: 13.9165 )
00000825: 13.1692   (Y': 13.0709   Cb: 12.9643   Cr: 13.8234 )
00000826: 13.2154   (Y': 13.1056   Cb: 12.9845   Cr: 13.9571 )
00000827: 13.1624   (Y': 13.0334   Cb: 13.0294   Cr: 13.8769 )
00000828: 13.1155   (Y': 12.9593   Cb: 12.9792   Cr: 13.969  )
00000829: 13.0918   (Y': 12.9462   Cb: 12.9317   Cr: 13.922  )
00000830: 13.0565   (Y': 12.8885   Cb: 12.9761   Cr: 13.8999 )
00000831: 13.1189   (Y': 12.9693   Cb: 12.9819   Cr: 13.9401 )
00000832: 13.1123   (Y': 12.9742   Cb: 12.9342   Cr: 13.9268 )
00000833: 13.1107   (Y': 12.9438   Cb: 13.0063   Cr: 13.9782 )
00000834: 13.0743   (Y': 12.9034   Cb: 12.9802   Cr: 13.9492 )
00000835: 13.1066   (Y': 12.9414   Cb: 12.9941   Cr: 13.9752 )
00000836: 13.0739   (Y': 12.9221   Cb: 12.9588   Cr: 13.8789 )
00000837: 13.0673   (Y': 12.9039   Cb: 12.9242   Cr: 13.9658 )
00000838: 13.056    (Y': 12.8702   Cb: 12.9779   Cr: 13.9868 )
00000839: 13.0613   (Y': 12.8921   Cb: 12.9533   Cr: 13.9447 )
00000840: 13.0233   (Y': 12.835    Cb: 12.9516   Cr: 13.9593 )
00000841: 13.0815   (Y': 12.9246   Cb: 12.949    Cr: 13.934  )
00000842: 13.0753   (Y': 12.9013   Cb: 12.9793   Cr: 13.9679 )
00000843: 13.023    (Y': 12.8236   Cb: 13.0052   Cr: 13.9491 )
00000844: 13.0722   (Y': 12.8929   Cb: 12.9624   Cr: 14.01   )
00000845: 13.0618   (Y': 12.8886   Cb: 12.9434   Cr: 13.9787 )
00000846: 13.0607   (Y': 12.9033   Cb: 12.9134   Cr: 13.934  )
00000847: 13.0524   (Y': 12.8655   Cb: 13.001    Cr: 13.9557 )
00000848: 13.0688   (Y': 12.899    Cb: 12.9522   Cr: 13.9666 )
00000849: 13.058    (Y': 12.8792   Cb: 12.9584   Cr: 13.9802 )
00000850: 13.0867   (Y': 12.9184   Cb: 12.9914   Cr: 13.9498 )
00000851: 13.0299   (Y': 12.8128   Cb: 13.0333   Cr: 14.0225 )
00000852: 13.0695   (Y': 12.9031   Cb: 12.9656   Cr: 13.934  )
00000853: 13.0637   (Y': 12.8695   Cb: 13.0488   Cr: 13.9592 )
00000854: 13.0549   (Y': 12.8738   Cb: 12.9872   Cr: 13.9491 )
00000855: 13.0493   (Y': 12.853    Cb: 12.9785   Cr: 14.0255 )
00000856: 13.076    (Y': 12.8833   Cb: 13.0398   Cr: 13.9903 )
00000857: 13.0562   (Y': 12.8592   Cb: 13.0004   Cr: 14.0177 )
00000858: 13.0701   (Y': 12.9151   Cb: 12.9325   Cr: 13.9191 )
00000859: 13.0907   (Y': 12.9151   Cb: 12.9758   Cr: 14.0155 )
00000860: 13.0404   (Y': 12.8493   Cb: 12.9845   Cr: 13.9709 )
00000861: 13.0748   (Y': 12.9252   Cb: 12.9838   Cr: 13.8396 )
00000862: 13.0859   (Y': 12.912    Cb: 13.0518   Cr: 13.9021 )
00000863: 13.0378   (Y': 12.855    Cb: 12.9798   Cr: 13.9284 )
00000864: 13.0435   (Y': 12.8683   Cb: 12.95     Cr: 13.9395 )
00000865: 13.0236   (Y': 12.8483   Cb: 12.9337   Cr: 13.9153 )
00000866: 13.0549   (Y': 12.887    Cb: 12.9548   Cr: 13.9221 )
00000867: 13.0742   (Y': 12.9129   Cb: 12.9773   Cr: 13.9038 )
00000868: 13.0636   (Y': 12.8838   Cb: 12.999    Cr: 13.9473 )
00000869: 13.0479   (Y': 12.8841   Cb: 12.971    Cr: 13.8659 )
00000870: 13.0736   (Y': 12.9079   Cb: 12.9596   Cr: 13.9473 )
00000871: 13.1123   (Y': 12.9498   Cb: 13.0122   Cr: 13.9516 )
00000872: 13.0362   (Y': 12.8584   Cb: 12.9844   Cr: 13.894  )
00000873: 13.0767   (Y': 12.8951   Cb: 12.9889   Cr: 13.9982 )
00000874: 13.0717   (Y': 12.9084   Cb: 12.9193   Cr: 13.9812 )
00000875: 13.0934   (Y': 12.9163   Cb: 13.0107   Cr: 13.9854 )
00000876: 13.0852   (Y': 12.9242   Cb: 12.9512   Cr: 13.9596 )
00000877: 13.075    (Y': 12.8922   Cb: 13.0122   Cr: 13.9715 )
00000878: 13.0781   (Y': 12.8997   Cb: 12.9983   Cr: 13.9737 )
00000879: 13.0724   (Y': 12.8984   Cb: 12.9747   Cr: 13.9678 )
00000880: 13.0737   (Y': 12.8848   Cb: 13.0493   Cr: 13.9539 )
00000881: 13.0742   (Y': 12.9227   Cb: 12.9155   Cr: 13.9322 )
00000882: 13.094    (Y': 12.9398   Cb: 12.9737   Cr: 13.9171 )
00000883: 13.0173   (Y': 12.837    Cb: 12.9109   Cr: 13.9555 )
00000884: 13.0366   (Y': 12.8411   Cb: 13.0188   Cr: 13.9425 )
00000885: 13.0733   (Y': 12.8961   Cb: 12.9847   Cr: 13.9733 )
00000886: 13.0719   (Y': 12.9036   Cb: 12.9529   Cr: 13.9647 )
00000887: 13.1004   (Y': 12.9262   Cb: 12.9897   Cr: 14.0132 )
00000888: 13.0674   (Y': 12.8816   Cb: 13.0169   Cr: 13.9641 )
00000889: 13.0452   (Y': 12.8787   Cb: 12.9604   Cr: 13.8859 )
00000890: 13.0604   (Y': 12.8735   Cb: 13.0159   Cr: 13.9553 )
00000891: 13.0852   (Y': 12.9175   Cb: 12.9792   Cr: 13.9583 )
00000892: 13.0636   (Y': 12.8778   Cb: 12.9946   Cr: 13.9836 )
00000893: 13.0455   (Y': 12.8691   Cb: 12.9225   Cr: 13.9845 )
00000894: 13.081    (Y': 12.9236   Cb: 12.9718   Cr: 13.9066 )
00000895: 13.0545   (Y': 12.8875   Cb: 12.9446   Cr: 13.9291 )
00000896: 13.0504   (Y': 12.894    Cb: 12.9504   Cr: 13.8595 )
00000897: 13.069    (Y': 12.9156   Cb: 12.9376   Cr: 13.902  )
00000898: 13.0712   (Y': 12.9096   Cb: 12.9551   Cr: 13.9261 )
00000899: 13.0106   (Y': 12.8382   Cb: 12.9614   Cr: 13.8375 )
00000900: 13.0544   (Y': 12.8883   Cb: 12.9349   Cr: 13.9366 )
00000901: 13.0579   (Y': 12.8808   Cb: 12.9945   Cr: 13.9259 )
00000902: 13.0261   (Y': 12.8377   Cb: 12.9621   Cr: 13.9528 )
00000903: 13.0892   (Y': 12.9476   Cb: 12.9471   Cr: 13.8766 )
00000904: 13.0431   (Y': 12.8824   Cb: 12.9351   Cr: 13.8835 )
00000905: 13.0634   (Y': 12.8725   Cb: 13.0067   Cr: 13.9937 )
00000906: 13.0363   (Y': 12.8567   Cb: 12.9753   Cr: 13.9139 )
00000907: 13.0434   (Y': 12.8689   Cb: 12.9567   Cr: 13.9279 )
00000908: 13.0657   (Y': 12.913    Cb: 12.9254   Cr: 13.9064 )
00000909: 13.0448   (Y': 12.8602   Cb: 12.9817   Cr: 13.9511 )
00000910: 13.0421   (Y': 12.8949   Cb: 12.8897   Cr: 13.8705 )
00000911: 13.0254   (Y': 12.8336   Cb: 12.9889   Cr: 13.9353 )
00000912: 13.0706   (Y': 12.8996   Cb: 12.976    Cr: 13.9468 )
00000913: 13.062    (Y': 12.8877   Cb: 12.9474   Cr: 13.9804 )
00000914: 13.0724   (Y': 12.9124   Cb: 12.9744   Cr: 13.897  )
00000915: 13.0565   (Y': 12.8846   Cb: 12.9478   Cr: 13.9546 )
00000916: 13.0502   (Y': 12.8748   Cb: 12.965    Cr: 13.9368 )
00000918: 13.0584   (Y': 12.8951   Cb: 12.9245   Cr: 13.9441 )
00000919: 13.0383   (Y': 12.8489   Cb: 12.9911   Cr: 13.9495 )
00000917: 13.0462   (Y': 12.8839   Cb: 12.967    Cr: 13.8588 )
00000920: 13.0454   (Y': 12.8678   Cb: 12.9503   Cr: 13.9557 )
00000921: 13.0708   (Y': 12.9057   Cb: 12.973    Cr: 13.9214 )
00000922: 13.0523   (Y': 12.8802   Cb: 12.9473   Cr: 13.9466 )
00000923: 13.044    (Y': 12.875    Cb: 12.935    Cr: 13.9274 )
00000924: 13.0396   (Y': 12.8494   Cb: 12.9345   Cr: 14.028  )
00000925: 13.0273   (Y': 12.8453   Cb: 12.9292   Cr: 13.964  )
00000927: 13.0524   (Y': 12.8678   Cb: 12.9757   Cr: 13.9754 )
00000926: 13.0218   (Y': 12.8452   Cb: 12.9469   Cr: 13.9018 )
00000928: 13.0656   (Y': 12.8874   Cb: 12.9614   Cr: 13.9907 )
00000929: 13.0738   (Y': 12.8999   Cb: 12.9342   Cr: 14.0217 )
00000930: 13.1084   (Y': 12.956    Cb: 12.9437   Cr: 13.9779 )
00000931: 13.0666   (Y': 12.8831   Cb: 12.998    Cr: 13.9742 )
00000932: 13.0872   (Y': 12.898    Cb: 13.0352   Cr: 14.0029 )
00000933: 13.1124   (Y': 12.9381   Cb: 13.0182   Cr: 14.0043 )
00000935: 13.1098   (Y': 12.9374   Cb: 13.0136   Cr: 13.9943 )
00000934: 13.1075   (Y': 12.9361   Cb: 13.0096   Cr: 13.9894 )
00000936: 13.0955   (Y': 12.9287   Cb: 13.0317   Cr: 13.912  )
00000937: 13.1027   (Y': 12.9422   Cb: 13.0111   Cr: 13.9216 )
00000938: 13.1275   (Y': 12.9506   Cb: 13.0683   Cr: 13.9894 )
00000939: 13.0909   (Y': 12.9067   Cb: 13.0322   Cr: 13.9893 )
00000940: 13.1739   (Y': 13.0055   Cb: 13.0998   Cr: 14.0112 )
00000941: 13.1865   (Y': 13.0446   Cb: 13.0473   Cr: 13.9724 )
00000942: 13.1326   (Y': 12.9699   Cb: 13.0016   Cr: 14.0122 )
00000943: 13.1871   (Y': 13.0464   Cb: 13.038    Cr: 13.9791 )
00000944: 13.1508   (Y': 12.9753   Cb: 13.1082   Cr: 13.9851 )
00000945: 13.1981   (Y': 13.0424   Cb: 13.0237   Cr: 14.0971 )
00000946: 13.1669   (Y': 12.9895   Cb: 13.0844   Cr: 14.0603 )
00000947: 13.1552   (Y': 12.9613   Cb: 13.0625   Cr: 14.1473 )
00000948: 13.1994   (Y': 13.0195   Cb: 13.1084   Cr: 14.1168 )
00000949: 13.2201   (Y': 13.0654   Cb: 13.0829   Cr: 14.0668 )
00000950: 13.1669   (Y': 12.9794   Cb: 13.089    Cr: 14.1065 )
00000951: 13.2436   (Y': 13.0789   Cb: 13.1203   Cr: 14.1233 )
00000952: 13.2377   (Y': 13.0612   Cb: 13.1007   Cr: 14.1956 )
00000953: 13.2002   (Y': 13.0164   Cb: 13.1392   Cr: 14.0998 )
00000954: 13.1891   (Y': 13.0236   Cb: 13.0678   Cr: 14.0708 )
00000955: 13.2076   (Y': 13.0399   Cb: 13.0857   Cr: 14.1014 )
00000956: 13.2209   (Y': 13.0613   Cb: 13.0392   Cr: 14.1494 )
00000958: 14.1256   (Y': 14.1656   Cb: 13.5506   Cr: 14.6066 )
00000957: 13.2858   (Y': 13.1256   Cb: 13.1245   Cr: 14.1909 )
Total: 13.1127   (Y': 12.9383   Cb: 13.0327   Cr: 13.9878 )
