00000000: 31.3234   (Y': 44.3744   Cb: 26.6981   Cr: 26.6981 )
00000001: 14.2259   (Y': 15.2023   Cb: 12.8839   Cr: 12.632  )
00000004: 14.1968   (Y': 15.1893   Cb: 12.8238   Cr: 12.5969 )
00000006: 14.2059   (Y': 15.1855   Cb: 12.848    Cr: 12.6201 )
00000003: 14.2099   (Y': 15.2034   Cb: 12.8566   Cr: 12.5892 )
00000005: 14.1815   (Y': 15.1208   Cb: 12.8804   Cr: 12.6324 )
00000007: 14.1812   (Y': 15.1672   Cb: 12.8227   Cr: 12.5819 )
00000002: 14.1972   (Y': 15.1795   Cb: 12.8526   Cr: 12.5931 )
00000008: 14.2196   (Y': 15.2006   Cb: 12.8864   Cr: 12.6076 )
00000009: 14.1939   (Y': 15.1621   Cb: 12.8289   Cr: 12.6403 )
00000010: 14.2027   (Y': 15.1863   Cb: 12.8736   Cr: 12.5808 )
00000012: 14.1933   (Y': 15.1831   Cb: 12.8516   Cr: 12.57   )
00000011: 14.219    (Y': 15.1829   Cb: 12.8956   Cr: 12.6358 )
00000014: 14.1946   (Y': 15.1971   Cb: 12.8409   Cr: 12.5549 )
00000013: 14.1945   (Y': 15.1719   Cb: 12.8625   Cr: 12.5894 )
00000015: 14.2048   (Y': 15.1705   Cb: 12.8936   Cr: 12.6059 )
00000019: 14.168    (Y': 15.1288   Cb: 12.8892   Cr: 12.5497 )
00000016: 14.2151   (Y': 15.2039   Cb: 12.8673   Cr: 12.5998 )
00000017: 14.195    (Y': 15.1836   Cb: 12.8637   Cr: 12.5648 )
00000018: 14.2256   (Y': 15.2004   Cb: 12.8905   Cr: 12.6289 )
00000020: 14.2074   (Y': 15.1887   Cb: 12.8789   Cr: 12.5901 )
00000021: 14.2284   (Y': 15.2012   Cb: 12.8982   Cr: 12.6315 )
00000022: 14.1846   (Y': 15.1665   Cb: 12.8581   Cr: 12.5646 )
00000023: 14.2049   (Y': 15.191    Cb: 12.8907   Cr: 12.5639 )
00000024: 14.2196   (Y': 15.1883   Cb: 12.9186   Cr: 12.6044 )
00000025: 14.1741   (Y': 15.1356   Cb: 12.8746   Cr: 12.5737 )
00000026: 14.1762   (Y': 15.1514   Cb: 12.8555   Cr: 12.5653 )
00000027: 14.205    (Y': 15.1737   Cb: 12.8866   Cr: 12.6061 )
00000029: 14.2053   (Y': 15.1716   Cb: 12.887    Cr: 12.6119 )
00000028: 14.2313   (Y': 15.2332   Cb: 12.8864   Cr: 12.5846 )
00000030: 14.1929   (Y': 15.1813   Cb: 12.8707   Cr: 12.5542 )
00000031: 14.1647   (Y': 15.1354   Cb: 12.8647   Cr: 12.5444 )
00000032: 14.1897   (Y': 15.1686   Cb: 12.9166   Cr: 12.5263 )
00000033: 14.1757   (Y': 15.123    Cb: 12.903    Cr: 12.5818 )
00000034: 14.1834   (Y': 15.1578   Cb: 12.8401   Cr: 12.5954 )
00000036: 14.184    (Y': 15.1643   Cb: 12.8506   Cr: 12.5737 )
00000037: 14.1759   (Y': 15.1471   Cb: 12.838    Cr: 12.5902 )
00000035: 14.183    (Y': 15.1517   Cb: 12.8506   Cr: 12.5973 )
00000038: 14.2024   (Y': 15.1648   Cb: 12.8966   Cr: 12.6059 )
00000039: 14.1794   (Y': 15.1442   Cb: 12.8692   Cr: 12.5816 )
00000040: 14.1916   (Y': 15.1894   Cb: 12.836    Cr: 12.5637 )
00000041: 14.2143   (Y': 15.1767   Cb: 12.8943   Cr: 12.6311 )
00000042: 14.1926   (Y': 15.1721   Cb: 12.8652   Cr: 12.5785 )
00000043: 14.1952   (Y': 15.1628   Cb: 12.8926   Cr: 12.5841 )
00000044: 14.2034   (Y': 15.1787   Cb: 12.8523   Cr: 12.6207 )
00000045: 14.2237   (Y': 15.1947   Cb: 12.9063   Cr: 12.6189 )
00000046: 14.224    (Y': 15.1911   Cb: 12.9132   Cr: 12.6216 )
00000047: 14.216    (Y': 15.1911   Cb: 12.8908   Cr: 12.6093 )
00000049: 14.2054   (Y': 15.1675   Cb: 12.9043   Cr: 12.6049 )
00000048: 14.2066   (Y': 15.1802   Cb: 12.8707   Cr: 12.6134 )
00000050: 14.2006   (Y': 15.1677   Cb: 12.8906   Cr: 12.5976 )
00000051: 14.1926   (Y': 15.1649   Cb: 12.8777   Cr: 12.5828 )
00000052: 14.2023   (Y': 15.1617   Cb: 12.8734   Cr: 12.6341 )
00000053: 14.1841   (Y': 15.1767   Cb: 12.8478   Cr: 12.5496 )
00000054: 14.1891   (Y': 15.163    Cb: 12.8653   Cr: 12.5838 )
00000055: 14.1944   (Y': 15.149    Cb: 12.876    Cr: 12.627  )
00000056: 14.2201   (Y': 15.1896   Cb: 12.9188   Cr: 12.6037 )
00000057: 14.1919   (Y': 15.2069   Cb: 12.8207   Cr: 12.5414 )
00000058: 14.2072   (Y': 15.1957   Cb: 12.8814   Cr: 12.5719 )
00000059: 14.1916   (Y': 15.1603   Cb: 12.8931   Cr: 12.5743 )
00000061: 14.2013   (Y': 15.1896   Cb: 12.8771   Cr: 12.565  )
00000060: 14.1979   (Y': 15.1599   Cb: 12.8673   Cr: 12.6256 )
00000062: 14.1852   (Y': 15.1828   Cb: 12.8038   Cr: 12.5821 )
00000063: 14.1911   (Y': 15.1714   Cb: 12.8295   Cr: 12.6076 )
00000064: 14.2142   (Y': 15.202    Cb: 12.8877   Cr: 12.581  )
00000065: 14.2001   (Y': 15.1679   Cb: 12.9142   Cr: 12.5732 )
00000066: 14.2021   (Y': 15.1787   Cb: 12.8807   Cr: 12.5887 )
00000067: 14.1836   (Y': 15.1763   Cb: 12.8705   Cr: 12.5273 )
00000069: 14.2131   (Y': 15.1762   Cb: 12.9047   Cr: 12.6175 )
00000068: 14.1936   (Y': 15.1769   Cb: 12.838    Cr: 12.5977 )
00000070: 14.1906   (Y': 15.1601   Cb: 12.8918   Cr: 12.5716 )
00000071: 14.1841   (Y': 15.1374   Cb: 12.8778   Cr: 12.6081 )
00000072: 14.2058   (Y': 15.1557   Cb: 12.918    Cr: 12.6201 )
00000073: 14.1971   (Y': 15.1543   Cb: 12.9188   Cr: 12.5867 )
00000074: 14.184    (Y': 15.1478   Cb: 12.8817   Cr: 12.581  )
00000075: 14.1832   (Y': 15.1503   Cb: 12.8535   Cr: 12.5986 )
00000077: 14.2186   (Y': 15.1991   Cb: 12.8497   Cr: 12.6413 )
00000076: 14.194    (Y': 15.1641   Cb: 12.8561   Cr: 12.6106 )
00000078: 14.2335   (Y': 15.2154   Cb: 12.899    Cr: 12.6207 )
00000079: 14.1985   (Y': 15.1369   Cb: 12.9277   Cr: 12.6229 )
00000080: 14.1955   (Y': 15.1583   Cb: 12.8932   Cr: 12.5949 )
00000082: 14.1991   (Y': 15.1555   Cb: 12.9276   Cr: 12.5839 )
00000081: 14.2333   (Y': 15.2143   Cb: 12.8977   Cr: 12.6236 )
00000083: 14.1898   (Y': 15.1364   Cb: 12.8878   Cr: 12.6248 )
00000085: 14.2193   (Y': 15.1853   Cb: 12.9197   Cr: 12.6088 )
00000084: 14.1959   (Y': 15.1645   Cb: 12.9182   Cr: 12.5596 )
00000086: 14.2089   (Y': 15.1652   Cb: 12.9081   Cr: 12.6214 )
00000087: 14.2067   (Y': 15.1804   Cb: 12.8511   Cr: 12.632  )
00000088: 14.1795   (Y': 15.1588   Cb: 12.881    Cr: 12.539  )
00000089: 14.2043   (Y': 15.1851   Cb: 12.8703   Cr: 12.5935 )
00000091: 14.2047   (Y': 15.1854   Cb: 12.866    Cr: 12.5986 )
00000090: 14.1992   (Y': 15.193    Cb: 12.8462   Cr: 12.5774 )
00000092: 14.2138   (Y': 15.188    Cb: 12.8832   Cr: 12.6143 )
00000094: 14.2207   (Y': 15.1902   Cb: 12.9054   Cr: 12.617  )
00000093: 14.2337   (Y': 15.2139   Cb: 12.8949   Cr: 12.6288 )
00000095: 14.2304   (Y': 15.1878   Cb: 12.8732   Cr: 12.6935 )
00000096: 14.2193   (Y': 15.2116   Cb: 12.8858   Cr: 12.5827 )
00000097: 14.2129   (Y': 15.1852   Cb: 12.9191   Cr: 12.5832 )
00000098: 14.1954   (Y': 15.1486   Cb: 12.8834   Cr: 12.6252 )
00000099: 14.1931   (Y': 15.16     Cb: 12.838    Cr: 12.633  )
00000100: 14.2137   (Y': 15.1958   Cb: 12.9128   Cr: 12.5693 )
00000101: 14.2205   (Y': 15.2002   Cb: 12.8693   Cr: 12.6282 )
00000102: 14.181    (Y': 15.1464   Cb: 12.8535   Cr: 12.5983 )
00000103: 14.2111   (Y': 15.1559   Cb: 12.9366   Cr: 12.6244 )
00000104: 14.1801   (Y': 15.1374   Cb: 12.8578   Cr: 12.6105 )
00000105: 14.1789   (Y': 15.1459   Cb: 12.8478   Cr: 12.596  )
00000106: 14.1991   (Y': 15.1785   Cb: 12.8748   Cr: 12.5824 )
00000107: 14.1576   (Y': 15.1283   Cb: 12.8684   Cr: 12.5273 )
00000108: 14.2116   (Y': 15.1933   Cb: 12.8539   Cr: 12.6211 )
00000109: 14.1983   (Y': 15.159    Cb: 12.8663   Cr: 12.6302 )
00000110: 14.2035   (Y': 15.1548   Cb: 12.8957   Cr: 12.6337 )
00000111: 14.1923   (Y': 15.1679   Cb: 12.8787   Cr: 12.5737 )
00000112: 14.197    (Y': 15.1789   Cb: 12.8661   Cr: 12.5808 )
00000113: 14.205    (Y': 15.1788   Cb: 12.8883   Cr: 12.5936 )
00000114: 14.2141   (Y': 15.1751   Cb: 12.9103   Cr: 12.6186 )
00000115: 14.2035   (Y': 15.1859   Cb: 12.8769   Cr: 12.5825 )
00000116: 14.2175   (Y': 15.1971   Cb: 12.8849   Cr: 12.6079 )
00000117: 14.2577   (Y': 15.2709   Cb: 12.8854   Cr: 12.612  )
00000118: 14.2284   (Y': 15.2563   Cb: 12.8609   Cr: 12.5467 )
00000119: 14.2571   (Y': 15.2563   Cb: 12.9148   Cr: 12.6139 )
00000120: 14.2037   (Y': 15.1913   Cb: 12.8398   Cr: 12.6062 )
00000121: 14.2225   (Y': 15.213    Cb: 12.8637   Cr: 12.6135 )
00000122: 14.1976   (Y': 15.1736   Cb: 12.8921   Cr: 12.5706 )
00000123: 14.2062   (Y': 15.1872   Cb: 12.8831   Cr: 12.5847 )
00000124: 14.2172   (Y': 15.2055   Cb: 12.8082   Cr: 12.6614 )
00000125: 14.2592   (Y': 15.2336   Cb: 12.9289   Cr: 12.6588 )
00000126: 14.2365   (Y': 15.1979   Cb: 12.908    Cr: 12.6638 )
00000127: 14.2511   (Y': 15.2545   Cb: 12.8905   Cr: 12.6157 )
00000128: 14.2463   (Y': 15.2261   Cb: 12.8813   Cr: 12.667  )
00000129: 14.227    (Y': 15.2145   Cb: 12.9139   Cr: 12.5821 )
00000130: 14.2323   (Y': 15.2208   Cb: 12.915    Cr: 12.5888 )
00000131: 14.2278   (Y': 15.2225   Cb: 12.8823   Cr: 12.5974 )
00000132: 14.2282   (Y': 15.2213   Cb: 12.8675   Cr: 12.6155 )
00000133: 14.2204   (Y': 15.2308   Cb: 12.8402   Cr: 12.5883 )
00000134: 14.1764   (Y': 15.1601   Cb: 12.8845   Cr: 12.5202 )
00000135: 14.1559   (Y': 15.1817   Cb: 12.7799   Cr: 12.4865 )
00000136: 14.1431   (Y': 15.1809   Cb: 12.757    Cr: 12.4576 )
00000137: 14.1335   (Y': 15.155    Cb: 12.7726   Cr: 12.459  )
00000138: 14.1281   (Y': 15.1329   Cb: 12.7564   Cr: 12.5002 )
00000139: 14.1866   (Y': 15.2069   Cb: 12.8265   Cr: 12.5142 )
00000140: 14.1984   (Y': 15.1886   Cb: 12.8719   Cr: 12.56   )
00000141: 14.2028   (Y': 15.2068   Cb: 12.837    Cr: 12.5709 )
00000142: 14.2139   (Y': 15.2243   Cb: 12.8678   Cr: 12.5499 )
00000143: 14.229    (Y': 15.2278   Cb: 12.8821   Cr: 12.5907 )
00000144: 14.1929   (Y': 15.1954   Cb: 12.8285   Cr: 12.5629 )
00000145: 14.2184   (Y': 15.2301   Cb: 12.8444   Cr: 12.5775 )
00000146: 14.2457   (Y': 15.2569   Cb: 12.8473   Cr: 12.6291 )
00000147: 14.2124   (Y': 15.2526   Cb: 12.857    Cr: 12.4933 )
00000148: 14.202    (Y': 15.2291   Cb: 12.7505   Cr: 12.6013 )
00000149: 14.2129   (Y': 15.2231   Cb: 12.8538   Cr: 12.5613 )
00000150: 14.2332   (Y': 15.2608   Cb: 12.8418   Cr: 12.5745 )
00000151: 14.2372   (Y': 15.2371   Cb: 12.888    Cr: 12.5986 )
00000152: 14.2027   (Y': 15.2279   Cb: 12.8094   Cr: 12.551  )
00000153: 14.2197   (Y': 15.2486   Cb: 12.8521   Cr: 12.5358 )
00000154: 14.2135   (Y': 15.2231   Cb: 12.8806   Cr: 12.5387 )
00000155: 14.1949   (Y': 15.1944   Cb: 12.8385   Cr: 12.5643 )
00000156: 14.2058   (Y': 15.2183   Cb: 12.8639   Cr: 12.5332 )
00000157: 14.2077   (Y': 15.2342   Cb: 12.8284   Cr: 12.5397 )
00000158: 14.2211   (Y': 15.2148   Cb: 12.8727   Cr: 12.5955 )
00000159: 14.209    (Y': 15.2132   Cb: 12.8912   Cr: 12.5321 )
00000160: 14.2152   (Y': 15.237    Cb: 12.8728   Cr: 12.5233 )
00000161: 14.1995   (Y': 15.1892   Cb: 12.8193   Cr: 12.6129 )
00000162: 14.2087   (Y': 15.2226   Cb: 12.8672   Cr: 12.5331 )
00000163: 14.1997   (Y': 15.1701   Cb: 12.8871   Cr: 12.5916 )
00000164: 14.2345   (Y': 15.2155   Cb: 12.8947   Cr: 12.629  )
00000165: 14.2231   (Y': 15.2144   Cb: 12.8772   Cr: 12.6005 )
00000166: 14.1874   (Y': 15.1555   Cb: 12.8627   Cr: 12.5961 )
00000167: 14.2049   (Y': 15.1527   Cb: 12.8922   Cr: 12.6476 )
00000168: 14.1894   (Y': 15.1939   Cb: 12.8225   Cr: 12.5574 )
00000169: 14.2388   (Y': 15.2171   Cb: 12.8987   Cr: 12.6396 )
00000170: 14.206    (Y': 15.1857   Cb: 12.893    Cr: 12.5779 )
00000171: 14.2201   (Y': 15.2084   Cb: 12.8872   Cr: 12.5918 )
00000172: 14.2302   (Y': 15.188    Cb: 12.919    Cr: 12.649  )
00000173: 14.2142   (Y': 15.2176   Cb: 12.8349   Cr: 12.5966 )
00000174: 14.2389   (Y': 15.2312   Cb: 12.8716   Cr: 12.634  )
00000175: 14.2488   (Y': 15.2738   Cb: 12.8684   Cr: 12.5853 )
00000176: 14.2354   (Y': 15.2307   Cb: 12.9022   Cr: 12.5923 )
00000177: 14.226    (Y': 15.2113   Cb: 12.8442   Cr: 12.6503 )
00000178: 14.1738   (Y': 15.1691   Cb: 12.8352   Cr: 12.5357 )
00000179: 14.1728   (Y': 15.1479   Cb: 12.841    Cr: 12.5725 )
00000180: 14.1503   (Y': 15.1625   Cb: 12.7553   Cr: 12.5284 )
00000181: 14.1612   (Y': 15.1814   Cb: 12.7388   Cr: 12.5476 )
00000182: 14.0902   (Y': 15.1152   Cb: 12.7105   Cr: 12.4261 )
00000183: 14.1449   (Y': 15.1349   Cb: 12.7904   Cr: 12.533  )
00000184: 14.1896   (Y': 15.1662   Cb: 12.8307   Cr: 12.6118 )
00000185: 14.1929   (Y': 15.1545   Cb: 12.84     Cr: 12.6425 )
00000186: 14.1988   (Y': 15.149    Cb: 12.9094   Cr: 12.6141 )
00000188: 14.1926   (Y': 15.1842   Cb: 12.8477   Cr: 12.5685 )
00000187: 14.2297   (Y': 15.2059   Cb: 12.8385   Cr: 12.6835 )
00000189: 14.2392   (Y': 15.2398   Cb: 12.915    Cr: 12.576  )
00000190: 14.2068   (Y': 15.1715   Cb: 12.856    Cr: 12.6478 )
00000191: 14.2194   (Y': 15.2012   Cb: 12.9078   Cr: 12.5854 )
00000192: 14.2207   (Y': 15.2148   Cb: 12.8439   Cr: 12.6211 )
00000193: 14.2026   (Y': 15.1924   Cb: 12.9024   Cr: 12.5405 )
00000194: 14.1899   (Y': 15.1993   Cb: 12.8292   Cr: 12.5416 )
00000195: 14.2153   (Y': 15.2042   Cb: 12.8577   Cr: 12.6088 )
00000196: 14.2133   (Y': 15.1967   Cb: 12.8982   Cr: 12.5791 )
00000197: 14.1688   (Y': 15.1641   Cb: 12.8274   Cr: 12.5331 )
00000199: 14.1671   (Y': 15.1606   Cb: 12.7621   Cr: 12.5958 )
00000198: 14.1802   (Y': 15.1839   Cb: 12.8098   Cr: 12.5535 )
00000200: 14.235    (Y': 15.2435   Cb: 12.8691   Cr: 12.5937 )
00000201: 14.2203   (Y': 15.2205   Cb: 12.852    Cr: 12.5992 )
00000202: 14.2098   (Y': 15.2085   Cb: 12.8399   Cr: 12.5937 )
00000203: 14.2269   (Y': 15.2219   Cb: 12.8545   Cr: 12.6213 )
00000204: 14.222    (Y': 15.193    Cb: 12.8633   Cr: 12.6562 )
00000205: 14.2203   (Y': 15.1928   Cb: 12.9365   Cr: 12.5808 )
00000206: 14.2205   (Y': 15.2168   Cb: 12.8552   Cr: 12.6051 )
00000207: 14.1989   (Y': 15.1798   Cb: 12.8565   Cr: 12.5959 )
00000208: 14.2132   (Y': 15.2144   Cb: 12.843    Cr: 12.5914 )
00000209: 14.1867   (Y': 15.1482   Cb: 12.8631   Cr: 12.6089 )
00000210: 14.2153   (Y': 15.1833   Cb: 12.8655   Cr: 12.648  )
00000211: 14.2146   (Y': 15.1787   Cb: 12.8962   Cr: 12.6264 )
00000212: 14.2111   (Y': 15.1923   Cb: 12.9051   Cr: 12.5732 )
00000213: 14.2272   (Y': 15.1831   Cb: 12.932    Cr: 12.6352 )
00000214: 14.2232   (Y': 15.198    Cb: 12.8944   Cr: 12.6208 )
00000215: 14.2155   (Y': 15.1702   Cb: 12.9538   Cr: 12.5948 )
00000216: 14.1885   (Y': 15.1586   Cb: 12.8617   Cr: 12.5948 )
00000217: 14.2306   (Y': 15.2186   Cb: 12.8974   Cr: 12.6032 )
00000218: 14.2205   (Y': 15.1955   Cb: 12.9304   Cr: 12.5816 )
00000219: 14.2509   (Y': 15.2162   Cb: 12.9174   Cr: 12.6741 )
00000220: 14.2167   (Y': 15.1798   Cb: 12.9125   Cr: 12.6169 )
00000222: 14.2233   (Y': 15.1629   Cb: 12.9429   Cr: 12.6537 )
00000221: 14.181    (Y': 15.1203   Cb: 12.873    Cr: 12.6381 )
00000223: 14.229    (Y': 15.1793   Cb: 12.9382   Cr: 12.6453 )
00000224: 14.2081   (Y': 15.197    Cb: 12.8544   Cr: 12.5979 )
00000225: 14.2284   (Y': 15.1843   Cb: 12.9065   Cr: 12.6616 )
00000226: 14.2381   (Y': 15.1701   Cb: 12.9601   Cr: 12.6833 )
00000227: 14.2355   (Y': 15.1932   Cb: 12.9325   Cr: 12.6469 )
00000228: 14.193    (Y': 15.1549   Cb: 12.8909   Cr: 12.5942 )
00000229: 14.1915   (Y': 15.1489   Cb: 12.8841   Cr: 12.6076 )
00000230: 14.2185   (Y': 15.1984   Cb: 12.8633   Cr: 12.6294 )
00000231: 14.1877   (Y': 15.1305   Cb: 12.8747   Cr: 12.6418 )
00000232: 14.1816   (Y': 15.13     Cb: 12.9061   Cr: 12.5882 )
00000233: 14.1684   (Y': 15.1111   Cb: 12.8992   Cr: 12.5815 )
00000234: 14.1791   (Y': 15.1397   Cb: 12.8706   Cr: 12.5892 )
00000235: 14.1656   (Y': 15.1369   Cb: 12.8673   Cr: 12.5424 )
00000236: 14.2025   (Y': 15.1851   Cb: 12.857    Cr: 12.5988 )
00000237: 14.1886   (Y': 15.137    Cb: 12.9113   Cr: 12.5964 )
00000238: 14.2049   (Y': 15.1796   Cb: 12.8942   Cr: 12.5856 )
00000239: 14.2096   (Y': 15.1696   Cb: 12.9298   Cr: 12.594  )
00000240: 14.2082   (Y': 15.1937   Cb: 12.8911   Cr: 12.5711 )
00000241: 14.2004   (Y': 15.1543   Cb: 12.9268   Cr: 12.5925 )
00000242: 14.221    (Y': 15.2018   Cb: 12.8977   Cr: 12.6003 )
00000243: 14.2157   (Y': 15.1958   Cb: 12.877    Cr: 12.611  )
00000244: 14.2209   (Y': 15.1964   Cb: 12.8828   Cr: 12.6254 )
00000246: 14.2049   (Y': 15.1793   Cb: 12.8627   Cr: 12.616  )
00000245: 14.2184   (Y': 15.1859   Cb: 12.9147   Cr: 12.6088 )
00000247: 14.2103   (Y': 15.1986   Cb: 12.887    Cr: 12.573  )
00000248: 14.2229   (Y': 15.1973   Cb: 12.8845   Cr: 12.6304 )
00000249: 14.2221   (Y': 15.1722   Cb: 12.9162   Cr: 12.6532 )
00000251: 14.2092   (Y': 15.1627   Cb: 12.9353   Cr: 12.6027 )
00000250: 14.1909   (Y': 15.1436   Cb: 12.8818   Cr: 12.6191 )
00000252: 14.1908   (Y': 15.168    Cb: 12.8872   Cr: 12.5597 )
00000253: 14.179    (Y': 15.123    Cb: 12.9094   Cr: 12.5896 )
00000255: 14.1888   (Y': 15.1571   Cb: 12.8806   Cr: 12.5811 )
00000254: 14.1856   (Y': 15.159    Cb: 12.8555   Cr: 12.5873 )
00000256: 14.1951   (Y': 15.1534   Cb: 12.9283   Cr: 12.5717 )
00000257: 14.1866   (Y': 15.1546   Cb: 12.8226   Cr: 12.6326 )
00000258: 14.2027   (Y': 15.1892   Cb: 12.8889   Cr: 12.5604 )
00000259: 14.1618   (Y': 15.1109   Cb: 12.8654   Cr: 12.586  )
00000260: 14.2034   (Y': 15.1562   Cb: 12.9562   Cr: 12.5739 )
00000261: 14.1959   (Y': 15.1689   Cb: 12.8798   Cr: 12.5855 )
00000262: 14.2026   (Y': 15.1617   Cb: 12.8887   Cr: 12.6211 )
00000263: 14.192    (Y': 15.129    Cb: 12.9236   Cr: 12.6171 )
00000264: 14.2048   (Y': 15.1669   Cb: 12.9228   Cr: 12.5868 )
00000265: 14.2276   (Y': 15.1836   Cb: 12.9687   Cr: 12.6017 )
00000266: 14.2019   (Y': 15.1719   Cb: 12.8597   Cr: 12.6225 )
00000267: 14.2125   (Y': 15.1781   Cb: 12.9244   Cr: 12.5923 )
00000268: 14.2109   (Y': 15.1835   Cb: 12.8799   Cr: 12.6155 )
00000269: 14.2179   (Y': 15.1728   Cb: 12.8946   Cr: 12.6543 )
00000270: 14.198    (Y': 15.1466   Cb: 12.8914   Cr: 12.6332 )
00000271: 14.227    (Y': 15.1833   Cb: 12.8832   Cr: 12.68   )
00000272: 14.1986   (Y': 15.1831   Cb: 12.8908   Cr: 12.5554 )
00000273: 14.2253   (Y': 15.1889   Cb: 12.8959   Cr: 12.6484 )
00000274: 14.2212   (Y': 15.163    Cb: 12.963    Cr: 12.6263 )
00000275: 14.2222   (Y': 15.2097   Cb: 12.8769   Cr: 12.6073 )
00000277: 14.1777   (Y': 15.1247   Cb: 12.8856   Cr: 12.6028 )
00000276: 14.2066   (Y': 15.1621   Cb: 12.9165   Cr: 12.6105 )
00000278: 14.2165   (Y': 15.1476   Cb: 12.9466   Cr: 12.6565 )
00000279: 14.2214   (Y': 15.1812   Cb: 12.898    Cr: 12.6471 )
00000280: 14.2065   (Y': 15.1486   Cb: 12.8847   Cr: 12.6704 )
00000281: 14.2239   (Y': 15.1718   Cb: 12.9248   Cr: 12.6532 )
00000282: 14.2024   (Y': 15.1618   Cb: 12.8982   Cr: 12.6108 )
00000283: 14.2109   (Y': 15.1906   Cb: 12.8974   Cr: 12.5834 )
00000285: 14.1974   (Y': 15.1631   Cb: 12.864    Cr: 12.6194 )
00000284: 14.1954   (Y': 15.1595   Cb: 12.8964   Cr: 12.5888 )
00000286: 14.2186   (Y': 15.17     Cb: 12.9201   Cr: 12.6398 )
00000287: 14.2031   (Y': 15.1659   Cb: 12.8809   Cr: 12.6209 )
00000288: 14.1857   (Y': 15.1457   Cb: 12.9005   Cr: 12.5755 )
00000289: 14.1621   (Y': 15.1227   Cb: 12.8571   Cr: 12.5686 )
00000290: 14.2101   (Y': 15.1705   Cb: 12.9305   Cr: 12.5937 )
00000291: 14.1977   (Y': 15.164    Cb: 12.8977   Cr: 12.5871 )
00000293: 14.2017   (Y': 15.1946   Cb: 12.8685   Cr: 12.5637 )
00000292: 14.1838   (Y': 15.148    Cb: 12.853    Cr: 12.607  )
00000295: 14.1892   (Y': 15.171    Cb: 12.8416   Cr: 12.589  )
00000294: 14.2125   (Y': 15.1847   Cb: 12.905    Cr: 12.5959 )
00000296: 14.2038   (Y': 15.1469   Cb: 12.8803   Cr: 12.6672 )
00000297: 14.1919   (Y': 15.1767   Cb: 12.8462   Cr: 12.583  )
00000299: 14.2417   (Y': 15.2258   Cb: 12.8755   Cr: 12.6541 )
00000298: 14.2045   (Y': 15.1854   Cb: 12.8645   Cr: 12.599  )
00000300: 14.237    (Y': 15.2059   Cb: 12.9499   Cr: 12.6086 )
00000301: 14.2382   (Y': 15.205    Cb: 12.9052   Cr: 12.6574 )
00000302: 14.2589   (Y': 15.2329   Cb: 12.9304   Cr: 12.658  )
00000303: 14.2487   (Y': 15.2108   Cb: 12.9326   Cr: 12.6622 )
00000304: 14.2618   (Y': 15.216    Cb: 12.9443   Cr: 12.6946 )
00000305: 14.2931   (Y': 15.2338   Cb: 12.9833   Cr: 12.7491 )
00000307: 14.2649   (Y': 15.2051   Cb: 12.9718   Cr: 12.7058 )
00000306: 14.2687   (Y': 15.2401   Cb: 12.9741   Cr: 12.6419 )
00000309: 14.2432   (Y': 15.2041   Cb: 12.97     Cr: 12.6198 )
00000308: 14.2088   (Y': 15.1475   Cb: 12.936    Cr: 12.6344 )
00000310: 14.2243   (Y': 15.2061   Cb: 12.9076   Cr: 12.595  )
00000311: 14.2721   (Y': 15.2193   Cb: 12.9925   Cr: 12.6849 )
00000312: 14.2428   (Y': 15.1759   Cb: 12.9812   Cr: 12.6703 )
00000313: 14.2564   (Y': 15.2013   Cb: 12.9932   Cr: 12.6591 )
00000314: 14.2474   (Y': 15.1865   Cb: 12.9667   Cr: 12.6795 )
00000315: 14.2687   (Y': 15.2149   Cb: 12.9799   Cr: 12.6923 )
00000316: 14.2765   (Y': 15.2046   Cb: 13.0499   Cr: 12.683  )
00000317: 14.242    (Y': 15.1998   Cb: 12.9884   Cr: 12.6074 )
00000318: 14.2198   (Y': 15.1761   Cb: 12.9453   Cr: 12.6075 )
00000319: 14.2336   (Y': 15.1827   Cb: 12.9748   Cr: 12.6227 )
00000320: 14.2432   (Y': 15.2022   Cb: 12.9824   Cr: 12.6128 )
00000321: 14.2243   (Y': 15.1805   Cb: 12.9305   Cr: 12.6305 )
00000322: 14.2268   (Y': 15.1974   Cb: 12.9318   Cr: 12.6019 )
00000323: 14.2531   (Y': 15.2139   Cb: 12.9739   Cr: 12.6353 )
00000324: 14.2398   (Y': 15.1965   Cb: 12.9627   Cr: 12.6293 )
00000325: 14.2042   (Y': 15.1614   Cb: 12.9171   Cr: 12.6016 )
00000326: 14.2584   (Y': 15.2157   Cb: 12.9871   Cr: 12.6409 )
00000327: 14.2324   (Y': 15.1961   Cb: 12.9454   Cr: 12.6157 )
00000328: 14.2344   (Y': 15.2174   Cb: 12.964    Cr: 12.56   )
00000329: 14.251    (Y': 15.2194   Cb: 12.9724   Cr: 12.6159 )
00000330: 14.2184   (Y': 15.1772   Cb: 12.9648   Cr: 12.5812 )
00000331: 14.2378   (Y': 15.2091   Cb: 12.946    Cr: 12.6085 )
00000332: 14.2419   (Y': 15.2017   Cb: 12.9531   Cr: 12.635  )
00000333: 14.2478   (Y': 15.1993   Cb: 12.9801   Cr: 12.64   )
00000334: 14.2659   (Y': 15.2242   Cb: 12.9927   Cr: 12.6481 )
00000335: 14.2361   (Y': 15.1865   Cb: 12.9924   Cr: 12.6086 )
00000336: 14.2282   (Y': 15.2009   Cb: 12.9222   Cr: 12.6091 )
00000337: 14.2145   (Y': 15.177    Cb: 12.91     Cr: 12.6167 )
00000339: 14.2281   (Y': 15.1881   Cb: 12.9871   Cr: 12.5771 )
00000338: 14.2231   (Y': 15.1991   Cb: 12.9153   Cr: 12.5986 )
00000340: 14.2346   (Y': 15.2148   Cb: 12.943    Cr: 12.5854 )
00000341: 14.2552   (Y': 15.2156   Cb: 12.9626   Cr: 12.6506 )
00000342: 14.2585   (Y': 15.2264   Cb: 12.948    Cr: 12.6539 )
00000343: 14.2366   (Y': 15.2275   Cb: 12.9377   Cr: 12.5711 )
00000344: 14.2389   (Y': 15.2027   Cb: 12.9777   Cr: 12.5981 )
00000345: 14.2462   (Y': 15.2023   Cb: 12.9471   Cr: 12.6574 )
00000346: 14.2539   (Y': 15.2323   Cb: 12.9105   Cr: 12.6572 )
00000347: 14.2596   (Y': 15.2398   Cb: 12.9288   Cr: 12.6472 )
00000349: 14.2408   (Y': 15.2046   Cb: 12.9778   Cr: 12.6016 )
00000348: 14.2339   (Y': 15.1768   Cb: 12.9691   Cr: 12.6427 )
00000350: 14.2375   (Y': 15.211    Cb: 12.9044   Cr: 12.6422 )
00000351: 14.246    (Y': 15.1971   Cb: 13.0141   Cr: 12.606  )
00000352: 14.2101   (Y': 15.1874   Cb: 12.9372   Cr: 12.5502 )
00000353: 14.2269   (Y': 15.1913   Cb: 12.9511   Cr: 12.5981 )
00000354: 14.257    (Y': 15.2072   Cb: 13.0008   Cr: 12.6413 )
00000355: 14.2482   (Y': 15.1903   Cb: 12.9905   Cr: 12.6522 )
00000356: 14.2416   (Y': 15.2285   Cb: 12.9061   Cr: 12.6188 )
00000357: 14.2328   (Y': 15.1518   Cb: 13.0293   Cr: 12.6383 )
00000358: 14.2185   (Y': 15.164    Cb: 12.9552   Cr: 12.6198 )
00000359: 14.2343   (Y': 15.2117   Cb: 12.9307   Cr: 12.6029 )
00000360: 14.2184   (Y': 15.1833   Cb: 12.9299   Cr: 12.6002 )
00000361: 14.2222   (Y': 15.1643   Cb: 13.0076   Cr: 12.5867 )
00000362: 14.2149   (Y': 15.1704   Cb: 12.9676   Cr: 12.5796 )
00000363: 14.204    (Y': 15.1696   Cb: 12.9323   Cr: 12.5689 )
00000364: 14.227    (Y': 15.1921   Cb: 12.9127   Cr: 12.6325 )
00000365: 14.2283   (Y': 15.2001   Cb: 12.9667   Cr: 12.5703 )
00000366: 14.2215   (Y': 15.1648   Cb: 12.9377   Cr: 12.6471 )
00000367: 14.2442   (Y': 15.2028   Cb: 12.9764   Cr: 12.621  )
00000368: 14.2108   (Y': 15.1968   Cb: 12.8976   Cr: 12.5691 )
00000369: 14.2205   (Y': 15.1838   Cb: 12.8994   Cr: 12.6363 )
00000370: 14.1881   (Y': 15.1476   Cb: 12.9039   Cr: 12.5778 )
00000371: 14.2357   (Y': 15.1931   Cb: 12.9733   Cr: 12.6099 )
00000372: 14.212    (Y': 15.1645   Cb: 12.9656   Cr: 12.5825 )
00000373: 14.1849   (Y': 15.166    Cb: 12.8822   Cr: 12.5443 )
00000374: 14.1885   (Y': 15.1479   Cb: 12.8965   Cr: 12.5859 )
00000375: 14.203    (Y': 15.1815   Cb: 12.9096   Cr: 12.5594 )
00000376: 14.1779   (Y': 15.1395   Cb: 12.8728   Cr: 12.5823 )
00000377: 14.2069   (Y': 15.1689   Cb: 12.9255   Cr: 12.5884 )
00000378: 14.2073   (Y': 15.1882   Cb: 12.8699   Cr: 12.5996 )
00000379: 14.1795   (Y': 15.1587   Cb: 12.8796   Cr: 12.5407 )
00000380: 14.2297   (Y': 15.2081   Cb: 12.9215   Cr: 12.6    )
00000381: 14.1825   (Y': 15.1502   Cb: 12.8975   Cr: 12.5549 )
00000382: 14.1995   (Y': 15.1786   Cb: 12.8909   Cr: 12.5687 )
00000383: 14.2482   (Y': 15.2296   Cb: 12.9485   Cr: 12.6041 )
00000384: 14.1711   (Y': 15.141    Cb: 12.8957   Cr: 12.5299 )
00000385: 14.1979   (Y': 15.1673   Cb: 12.9047   Cr: 12.574  )
00000386: 14.2166   (Y': 15.1742   Cb: 12.9305   Cr: 12.6122 )
00000387: 14.1915   (Y': 15.1788   Cb: 12.8892   Cr: 12.537  )
00000389: 14.1932   (Y': 15.1294   Cb: 12.917    Cr: 12.6275 )
00000388: 14.1822   (Y': 15.1266   Cb: 12.9326   Cr: 12.5733 )
00000390: 14.1916   (Y': 15.1398   Cb: 12.8647   Cr: 12.6466 )
00000391: 14.1695   (Y': 15.1174   Cb: 12.8936   Cr: 12.5775 )
00000392: 14.1906   (Y': 15.1682   Cb: 12.8458   Cr: 12.5969 )
00000393: 14.2249   (Y': 15.1954   Cb: 12.8934   Cr: 12.6346 )
00000395: 14.1857   (Y': 15.1455   Cb: 12.8731   Cr: 12.6012 )
00000394: 14.1852   (Y': 15.1426   Cb: 12.881    Cr: 12.5981 )
00000397: 14.2092   (Y': 15.1859   Cb: 12.8961   Cr: 12.5879 )
00000396: 14.1683   (Y': 15.1427   Cb: 12.8131   Cr: 12.5915 )
00000398: 14.2051   (Y': 15.1693   Cb: 12.8707   Cr: 12.6315 )
00000399: 14.1767   (Y': 15.1827   Cb: 12.8242   Cr: 12.5282 )
00000400: 14.1775   (Y': 15.1557   Cb: 12.8674   Cr: 12.55   )
00000401: 14.172    (Y': 15.1515   Cb: 12.8681   Cr: 12.5359 )
00000402: 14.1848   (Y': 15.1533   Cb: 12.877    Cr: 12.5769 )
00000403: 14.1821   (Y': 15.171    Cb: 12.8826   Cr: 12.5213 )
00000404: 14.2266   (Y': 15.1907   Cb: 12.9372   Cr: 12.6108 )
00000405: 14.2376   (Y': 15.2033   Cb: 12.8936   Cr: 12.6695 )
00000406: 14.2183   (Y': 15.1709   Cb: 12.9079   Cr: 12.6476 )
00000407: 14.2017   (Y': 15.1317   Cb: 12.9456   Cr: 12.6311 )
00000408: 14.2221   (Y': 15.1729   Cb: 12.9046   Cr: 12.6625 )
00000409: 14.2387   (Y': 15.1774   Cb: 12.9817   Cr: 12.6497 )
00000410: 14.2271   (Y': 15.1934   Cb: 12.9241   Cr: 12.6193 )
00000411: 14.204    (Y': 15.157    Cb: 12.9391   Cr: 12.5903 )
00000412: 14.1992   (Y': 15.1537   Cb: 12.906    Cr: 12.6085 )
00000413: 14.1918   (Y': 15.1217   Cb: 12.9065   Cr: 12.6487 )
00000414: 14.232    (Y': 15.1775   Cb: 12.9728   Cr: 12.6298 )
00000415: 14.2291   (Y': 15.1744   Cb: 12.9379   Cr: 12.6571 )
00000416: 14.2049   (Y': 15.134    Cb: 12.9478   Cr: 12.6373 )
00000417: 14.219    (Y': 15.1492   Cb: 12.9645   Cr: 12.6467 )
00000418: 14.191    (Y': 15.1512   Cb: 12.8757   Cr: 12.6083 )
00000419: 14.1862   (Y': 15.1298   Cb: 12.9213   Cr: 12.5935 )
00000420: 14.2354   (Y': 15.1928   Cb: 12.9568   Cr: 12.6247 )
00000421: 14.2345   (Y': 15.1734   Cb: 12.9677   Cr: 12.6541 )
00000422: 14.2255   (Y': 15.1767   Cb: 12.9245   Cr: 12.6494 )
00000423: 14.1914   (Y': 15.1242   Cb: 12.903    Cr: 12.6448 )
00000424: 14.1964   (Y': 15.1395   Cb: 12.9324   Cr: 12.6039 )
00000425: 14.2391   (Y': 15.1803   Cb: 12.9616   Cr: 12.6636 )
00000426: 14.1915   (Y': 15.136    Cb: 12.91     Cr: 12.6122 )
00000427: 14.2222   (Y': 15.1646   Cb: 12.9293   Cr: 12.6582 )
00000428: 14.2236   (Y': 15.142    Cb: 12.9545   Cr: 12.6915 )
00000429: 14.2068   (Y': 15.1579   Cb: 12.9126   Cr: 12.6246 )
00000430: 14.2126   (Y': 15.1844   Cb: 12.8664   Cr: 12.6333 )
00000431: 14.1859   (Y': 15.1366   Cb: 12.8598   Cr: 12.635  )
00000432: 14.2122   (Y': 15.1575   Cb: 12.9356   Cr: 12.6265 )
00000433: 14.2087   (Y': 15.1921   Cb: 12.8685   Cr: 12.5981 )
00000434: 14.2148   (Y': 15.158    Cb: 12.9295   Cr: 12.642  )
00000435: 14.188    (Y': 15.1418   Cb: 12.8498   Cr: 12.6414 )
00000436: 14.2078   (Y': 15.165    Cb: 12.8936   Cr: 12.6305 )
00000437: 14.2228   (Y': 15.1715   Cb: 12.9623   Cr: 12.6147 )
00000438: 14.2209   (Y': 15.1767   Cb: 12.9335   Cr: 12.622  )
00000439: 14.2171   (Y': 15.1734   Cb: 12.9439   Cr: 12.6038 )
00000440: 14.2272   (Y': 15.1941   Cb: 12.9141   Cr: 12.6274 )
00000441: 14.234    (Y': 15.172    Cb: 12.9257   Cr: 12.6941 )
00000442: 14.2264   (Y': 15.1668   Cb: 12.9417   Cr: 12.6593 )
00000443: 14.1927   (Y': 15.1337   Cb: 12.9176   Cr: 12.6152 )
00000444: 14.1963   (Y': 15.1379   Cb: 12.9483   Cr: 12.5924 )
00000445: 14.2042   (Y': 15.1414   Cb: 12.923    Cr: 12.6411 )
00000446: 14.1941   (Y': 15.1486   Cb: 12.8909   Cr: 12.6127 )
00000447: 14.2309   (Y': 15.1664   Cb: 12.9642   Cr: 12.6577 )
00000448: 14.2153   (Y': 15.1756   Cb: 12.9254   Cr: 12.6086 )
00000449: 14.2108   (Y': 15.1491   Cb: 12.9602   Cr: 12.6165 )
00000450: 14.2138   (Y': 15.1686   Cb: 12.9584   Cr: 12.5874 )
00000451: 14.2115   (Y': 15.185    Cb: 12.9249   Cr: 12.5728 )
00000452: 14.2122   (Y': 15.1611   Cb: 12.923    Cr: 12.6301 )
00000453: 14.2102   (Y': 15.1668   Cb: 12.9266   Cr: 12.6057 )
00000454: 14.2185   (Y': 15.1768   Cb: 12.8966   Cr: 12.6463 )
00000455: 14.2311   (Y': 15.1888   Cb: 12.9567   Cr: 12.6158 )
00000456: 14.2549   (Y': 15.1883   Cb: 12.9473   Cr: 12.7248 )
00000457: 14.2109   (Y': 15.1443   Cb: 12.9633   Cr: 12.6246 )
00000459: 14.2076   (Y': 15.1588   Cb: 12.9412   Cr: 12.5992 )
00000458: 14.229    (Y': 15.1714   Cb: 12.9231   Cr: 12.6772 )
00000460: 14.2088   (Y': 15.1925   Cb: 12.8981   Cr: 12.5699 )
00000461: 14.2162   (Y': 15.1572   Cb: 12.9603   Cr: 12.6206 )
00000462: 14.1947   (Y': 15.148    Cb: 12.9115   Cr: 12.5973 )
00000463: 14.1937   (Y': 15.1592   Cb: 12.8973   Cr: 12.5814 )
00000464: 14.2148   (Y': 15.1986   Cb: 12.8758   Cr: 12.6023 )
00000465: 14.1942   (Y': 15.1484   Cb: 12.9099   Cr: 12.5959 )
00000466: 14.191    (Y': 15.1768   Cb: 12.8884   Cr: 12.5402 )
00000467: 14.2042   (Y': 15.1695   Cb: 12.8893   Cr: 12.6095 )
00000468: 14.1929   (Y': 15.1642   Cb: 12.8997   Cr: 12.5648 )
00000469: 14.2248   (Y': 15.1804   Cb: 12.9328   Cr: 12.6305 )
00000470: 14.1946   (Y': 15.1847   Cb: 12.857    Cr: 12.567  )
00000471: 14.1891   (Y': 15.1674   Cb: 12.842    Cr: 12.5961 )
00000472: 14.1893   (Y': 15.187    Cb: 12.8334   Cr: 12.562  )
00000473: 14.238    (Y': 15.2424   Cb: 12.8411   Cr: 12.635  )
00000474: 14.2115   (Y': 15.1911   Cb: 12.8886   Cr: 12.593  )
00000475: 14.2367   (Y': 15.2072   Cb: 12.9201   Cr: 12.6324 )
00000476: 14.1689   (Y': 15.1394   Cb: 12.8791   Cr: 12.5394 )
00000477: 14.1506   (Y': 15.132    Cb: 12.7883   Cr: 12.5651 )
00000478: 14.2086   (Y': 15.1722   Cb: 12.8815   Cr: 12.6294 )
00000479: 14.1879   (Y': 15.1725   Cb: 12.8339   Cr: 12.5878 )
00000480: 14.2294   (Y': 15.2337   Cb: 12.8627   Cr: 12.5979 )
00000481: 14.1903   (Y': 15.1603   Cb: 12.8716   Cr: 12.5887 )
00000482: 14.2358   (Y': 15.2044   Cb: 12.9152   Cr: 12.6393 )
00000483: 14.2074   (Y': 15.1775   Cb: 12.8668   Cr: 12.6263 )
00000484: 14.2283   (Y': 15.2167   Cb: 12.8819   Cr: 12.6124 )
00000485: 14.226    (Y': 15.2137   Cb: 12.9284   Cr: 12.566  )
00000486: 14.2178   (Y': 15.1783   Cb: 12.9056   Cr: 12.6317 )
00000487: 14.2262   (Y': 15.2148   Cb: 12.8118   Cr: 12.6749 )
00000488: 14.2005   (Y': 15.1719   Cb: 12.8803   Cr: 12.5977 )
00000489: 14.2191   (Y': 15.1799   Cb: 12.9251   Cr: 12.6152 )
00000491: 14.2227   (Y': 15.1918   Cb: 12.9308   Cr: 12.5985 )
00000490: 14.2155   (Y': 15.1942   Cb: 12.8521   Cr: 12.6373 )
00000492: 14.2479   (Y': 15.2184   Cb: 12.9001   Cr: 12.6728 )
00000493: 14.2312   (Y': 15.2018   Cb: 12.9112   Cr: 12.6298 )
00000494: 14.2457   (Y': 15.2009   Cb: 12.9366   Cr: 12.6684 )
00000495: 14.2132   (Y': 15.1653   Cb: 12.8967   Cr: 12.6498 )
00000496: 14.2276   (Y': 15.1914   Cb: 12.8903   Cr: 12.6576 )
00000497: 14.2361   (Y': 15.2089   Cb: 12.8628   Cr: 12.6804 )
00000498: 14.2192   (Y': 15.1786   Cb: 12.8848   Cr: 12.6564 )
00000499: 14.2295   (Y': 15.1944   Cb: 12.8947   Cr: 12.6548 )
00000500: 14.2296   (Y': 15.1947   Cb: 12.8822   Cr: 12.6661 )
00000501: 14.2439   (Y': 15.2425   Cb: 12.876    Cr: 12.6259 )
00000502: 14.2579   (Y': 15.231    Cb: 12.9177   Cr: 12.6698 )
00000503: 14.2044   (Y': 15.1793   Cb: 12.8646   Cr: 12.6121 )
00000504: 14.2162   (Y': 15.1718   Cb: 12.9053   Cr: 12.6397 )
00000505: 14.2266   (Y': 15.2174   Cb: 12.8307   Cr: 12.6526 )
00000506: 14.268    (Y': 15.2495   Cb: 12.9229   Cr: 12.6662 )
00000507: 14.2448   (Y': 15.1766   Cb: 12.9448   Cr: 12.7112 )
00000508: 14.2627   (Y': 15.2263   Cb: 12.9533   Cr: 12.6669 )
00000509: 14.2294   (Y': 15.1964   Cb: 12.925    Cr: 12.6214 )
00000510: 14.2225   (Y': 15.1811   Cb: 12.9397   Cr: 12.6128 )
00000511: 14.255    (Y': 15.2359   Cb: 12.9579   Cr: 12.6096 )
00000512: 14.2591   (Y': 15.2114   Cb: 12.9599   Cr: 12.6789 )
00000513: 14.2074   (Y': 15.1728   Cb: 12.917    Cr: 12.5899 )
00000514: 14.2153   (Y': 15.1692   Cb: 12.9413   Cr: 12.6078 )
00000515: 14.2357   (Y': 15.2077   Cb: 12.8953   Cr: 12.6502 )
00000516: 14.2565   (Y': 15.2152   Cb: 12.9844   Cr: 12.6367 )
00000517: 14.2103   (Y': 15.1956   Cb: 12.9015   Cr: 12.5662 )
00000518: 14.1984   (Y': 15.1588   Cb: 12.9165   Cr: 12.584  )
00000519: 14.2312   (Y': 15.1929   Cb: 12.9398   Cr: 12.6227 )
00000520: 14.2129   (Y': 15.1785   Cb: 12.9135   Cr: 12.6034 )
00000521: 14.2154   (Y': 15.1923   Cb: 12.8892   Cr: 12.606  )
00000523: 14.1957   (Y': 15.1666   Cb: 12.8358   Cr: 12.6315 )
00000522: 14.2097   (Y': 15.1628   Cb: 12.9236   Cr: 12.6154 )
00000524: 14.2426   (Y': 15.2025   Cb: 12.9561   Cr: 12.6335 )
00000525: 14.2079   (Y': 15.1627   Cb: 12.9143   Cr: 12.6167 )
00000526: 14.2004   (Y': 15.1506   Cb: 12.916    Cr: 12.6112 )
00000527: 14.2297   (Y': 15.1983   Cb: 12.9356   Cr: 12.6088 )
00000528: 14.2237   (Y': 15.1756   Cb: 12.9573   Cr: 12.6136 )
00000529: 14.2355   (Y': 15.1907   Cb: 12.9507   Cr: 12.6355 )
00000531: 14.2225   (Y': 15.1852   Cb: 12.9352   Cr: 12.6082 )
00000530: 14.2007   (Y': 15.1609   Cb: 12.9129   Cr: 12.5924 )
00000532: 14.2074   (Y': 15.1839   Cb: 12.8948   Cr: 12.5862 )
00000533: 14.2266   (Y': 15.1896   Cb: 12.8746   Cr: 12.6725 )
00000534: 14.234    (Y': 15.1994   Cb: 12.926    Cr: 12.6325 )
00000535: 14.1748   (Y': 15.1497   Cb: 12.8356   Cr: 12.582  )
00000536: 14.1847   (Y': 15.1709   Cb: 12.8987   Cr: 12.5177 )
00000537: 14.2064   (Y': 15.1977   Cb: 12.8595   Cr: 12.5844 )
00000538: 14.2055   (Y': 15.177    Cb: 12.9117   Cr: 12.5778 )
00000539: 14.2021   (Y': 15.174    Cb: 12.8867   Cr: 12.5934 )
00000540: 14.2115   (Y': 15.1903   Cb: 12.858    Cr: 12.6237 )
00000541: 14.1929   (Y': 15.1511   Cb: 12.9187   Cr: 12.5763 )
00000542: 14.1904   (Y': 15.142    Cb: 12.8902   Cr: 12.6127 )
00000543: 14.216    (Y': 15.1905   Cb: 12.9105   Cr: 12.5924 )
00000544: 14.2107   (Y': 15.1864   Cb: 12.8674   Cr: 12.62   )
00000545: 14.2375   (Y': 15.2387   Cb: 12.8689   Cr: 12.6146 )
00000546: 14.181    (Y': 15.166    Cb: 12.8556   Cr: 12.5528 )
00000547: 14.2054   (Y': 15.1976   Cb: 12.8338   Cr: 12.6049 )
00000548: 14.2145   (Y': 15.1922   Cb: 12.8721   Cr: 12.6185 )
00000549: 14.1974   (Y': 15.2035   Cb: 12.8281   Cr: 12.5644 )
00000550: 14.2189   (Y': 15.2358   Cb: 12.8518   Cr: 12.5605 )
00000551: 14.2544   (Y': 15.2397   Cb: 12.9273   Cr: 12.6273 )
00000552: 14.2257   (Y': 15.1761   Cb: 12.9641   Cr: 12.6148 )
00000553: 14.3021   (Y': 15.2438   Cb: 13.0149   Cr: 12.7343 )
00000554: 14.3394   (Y': 15.2869   Cb: 13.0891   Cr: 12.7244 )
00000555: 14.3405   (Y': 15.3018   Cb: 13.0488   Cr: 12.7334 )
00000556: 14.3119   (Y': 15.2794   Cb: 12.9977   Cr: 12.712  )
00000557: 14.2685   (Y': 15.2009   Cb: 13.0593   Cr: 12.6494 )
00000558: 14.3048   (Y': 15.2395   Cb: 13.0497   Cr: 12.7228 )
00000559: 14.3187   (Y': 15.2233   Cb: 13.0635   Cr: 12.8049 )
00000560: 14.28     (Y': 15.1771   Cb: 13.043    Cr: 12.7661 )
00000561: 14.332    (Y': 15.2374   Cb: 13.0967   Cr: 12.7977 )
00000562: 14.3318   (Y': 15.2101   Cb: 13.1328   Cr: 12.826  )
00000563: 14.3328   (Y': 15.172    Cb: 13.1655   Cr: 12.8887 )
00000564: 14.2988   (Y': 15.1471   Cb: 13.0895   Cr: 12.873  )
00000565: 14.3614   (Y': 15.2264   Cb: 13.1381   Cr: 12.9095 )
00000566: 14.3659   (Y': 15.2284   Cb: 13.1201   Cr: 12.9413 )
00000567: 14.4554   (Y': 15.1864   Cb: 13.5018   Cr: 13.0749 )
00000568: 14.4093   (Y': 15.1385   Cb: 13.4557   Cr: 13.0336 )
00000569: 14.3683   (Y': 15.0768   Cb: 13.4122   Cr: 13.0464 )
00000570: 14.3479   (Y': 15.0382   Cb: 13.3848   Cr: 13.0783 )
00000571: 14.5169   (Y': 15.1085   Cb: 13.6941   Cr: 13.3749 )
00000572: 14.1223   (Y': 14.9442   Cb: 12.8483   Cr: 12.823  )
00000573: 14.2562   (Y': 15.128    Cb: 12.8684   Cr: 12.9495 )
00000574: 14.2232   (Y': 15.1474   Cb: 12.7693   Cr: 12.8585 )
00000575: 14.2505   (Y': 15.1777   Cb: 12.7097   Cr: 12.9696 )
00000576: 14.2626   (Y': 15.2494   Cb: 12.7014   Cr: 12.8624 )
00000577: 14.3336   (Y': 15.3275   Cb: 12.7525   Cr: 12.9381 )
00000578: 14.2941   (Y': 15.3392   Cb: 12.6723   Cr: 12.8243 )
00000579: 14.1035   (Y': 15.0834   Cb: 12.5267   Cr: 12.7354 )
00000580: 14.1338   (Y': 15.0932   Cb: 12.5677   Cr: 12.8026 )
00000581: 14.0756   (Y': 15.025    Cb: 12.5462   Cr: 12.7296 )
00000582: 14.2046   (Y': 15.1945   Cb: 12.5999   Cr: 12.8428 )
00000583: 14.2234   (Y': 15.2237   Cb: 12.6119   Cr: 12.8449 )
00000584: 14.2649   (Y': 15.2905   Cb: 12.6288   Cr: 12.8539 )
00000585: 14.2984   (Y': 15.3199   Cb: 12.6534   Cr: 12.9063 )
00000586: 14.2791   (Y': 15.3143   Cb: 12.6161   Cr: 12.8748 )
00000587: 14.2563   (Y': 15.2983   Cb: 12.5833   Cr: 12.8468 )
00000588: 14.2677   (Y': 15.3128   Cb: 12.5976   Cr: 12.8485 )
00000589: 14.2195   (Y': 15.261    Cb: 12.5417   Cr: 12.8165 )
00000590: 14.2021   (Y': 15.2461   Cb: 12.5304   Cr: 12.7869 )
00000591: 14.1813   (Y': 15.2467   Cb: 12.5042   Cr: 12.7238 )
00000592: 14.1802   (Y': 15.2502   Cb: 12.4543   Cr: 12.764  )
00000593: 13.9864   (Y': 15.0038   Cb: 12.3617   Cr: 12.5822 )
00000594: 13.9665   (Y': 14.9311   Cb: 12.3946   Cr: 12.6295 )
00000595: 14.1529   (Y': 15.0858   Cb: 12.7279   Cr: 12.739  )
00000596: 14.1634   (Y': 15.112    Cb: 12.6806   Cr: 12.7711 )
00000597: 14.295    (Y': 15.2495   Cb: 12.842    Cr: 12.8588 )
00000598: 14.2471   (Y': 15.1374   Cb: 12.8755   Cr: 12.8799 )
00000599: 14.3141   (Y': 15.1742   Cb: 13.0126   Cr: 12.9493 )
00000600: 14.3492   (Y': 15.2418   Cb: 12.9395   Cr: 13.0147 )
00000601: 14.221    (Y': 15.1011   Cb: 12.9054   Cr: 12.8226 )
00000602: 14.1653   (Y': 15.0083   Cb: 12.9173   Cr: 12.7893 )
00000603: 14.1209   (Y': 14.9245   Cb: 12.8695   Cr: 12.8443 )
00000604: 14.1233   (Y': 14.934    Cb: 12.9174   Cr: 12.7844 )
00000605: 14.1809   (Y': 15.0327   Cb: 12.9013   Cr: 12.8146 )
00000606: 14.2057   (Y': 15.0721   Cb: 12.8895   Cr: 12.8403 )
00000607: 14.2231   (Y': 15.0683   Cb: 12.9321   Cr: 12.8839 )
00000608: 14.2264   (Y': 15.0813   Cb: 12.9238   Cr: 12.8753 )
00000609: 14.2033   (Y': 15.032    Cb: 12.9906   Cr: 12.8272 )
00000610: 14.219    (Y': 15.0636   Cb: 12.9591   Cr: 12.8505 )
00000611: 14.2607   (Y': 15.1116   Cb: 12.9856   Cr: 12.8922 )
00000612: 14.2949   (Y': 15.1583   Cb: 12.9829   Cr: 12.9325 )
00000613: 14.3298   (Y': 15.2412   Cb: 12.9674   Cr: 12.9038 )
00000614: 14.3186   (Y': 15.2283   Cb: 12.9513   Cr: 12.9013 )
00000615: 14.2924   (Y': 15.1564   Cb: 13.0091   Cr: 12.9006 )
00000616: 14.2064   (Y': 15.0907   Cb: 12.8796   Cr: 12.8089 )
00000617: 14.2602   (Y': 15.1685   Cb: 12.8586   Cr: 12.8802 )
00000618: 14.2646   (Y': 15.1658   Cb: 12.9208   Cr: 12.8442 )
00000619: 14.2536   (Y': 15.1449   Cb: 12.9565   Cr: 12.8106 )
00000620: 14.2111   (Y': 15.103    Cb: 12.892    Cr: 12.788  )
00000621: 14.1598   (Y': 14.9967   Cb: 12.917    Cr: 12.7932 )
00000622: 14.1054   (Y': 14.9409   Cb: 12.8596   Cr: 12.7452 )
00000623: 14.1535   (Y': 15.0254   Cb: 12.8766   Cr: 12.7365 )
00000624: 14.3241   (Y': 15.2377   Cb: 12.9315   Cr: 12.9229 )
00000625: 14.3378   (Y': 15.2494   Cb: 13.0057   Cr: 12.8814 )
00000627: 14.3432   (Y': 15.2744   Cb: 12.9907   Cr: 12.8615 )
00000626: 14.366    (Y': 15.3042   Cb: 12.9819   Cr: 12.8993 )
00000628: 14.1414   (Y': 14.9613   Cb: 12.908    Cr: 12.807  )
00000629: 14.2485   (Y': 15.1397   Cb: 12.878    Cr: 12.8781 )
00000630: 14.2763   (Y': 15.1636   Cb: 12.9597   Cr: 12.8616 )
00000631: 14.23     (Y': 15.1345   Cb: 12.8953   Cr: 12.793  )
00000632: 14.164    (Y': 15.0297   Cb: 12.8872   Cr: 12.7615 )
00000633: 14.1132   (Y': 14.9358   Cb: 12.8828   Cr: 12.7692 )
00000634: 14.1916   (Y': 15.026    Cb: 12.95     Cr: 12.8299 )
00000635: 14.2066   (Y': 15.0821   Cb: 12.8822   Cr: 12.8275 )
00000636: 14.1886   (Y': 15.0827   Cb: 12.8573   Cr: 12.7723 )
00000637: 14.1804   (Y': 15.0427   Cb: 12.9143   Cr: 12.7757 )
00000638: 14.1108   (Y': 14.9364   Cb: 12.8783   Cr: 12.7617 )
00000639: 14.1196   (Y': 14.9448   Cb: 12.8998   Cr: 12.759  )
00000640: 14.136    (Y': 15.0012   Cb: 12.8434   Cr: 12.7504 )
00000642: 14.2952   (Y': 15.2167   Cb: 12.9274   Cr: 12.8507 )
00000641: 14.1519   (Y': 14.9942   Cb: 12.8375   Cr: 12.8431 )
00000643: 14.2557   (Y': 15.138    Cb: 12.92     Cr: 12.8718 )
00000644: 14.2298   (Y': 15.1244   Cb: 12.9012   Cr: 12.8098 )
00000645: 14.1841   (Y': 15.0365   Cb: 12.9003   Cr: 12.8202 )
00000646: 14.1682   (Y': 14.9941   Cb: 12.9343   Cr: 12.8197 )
00000647: 14.1594   (Y': 14.9961   Cb: 12.8808   Cr: 12.8282 )
00000648: 14.1456   (Y': 14.9766   Cb: 12.8958   Cr: 12.7999 )
00000650: 14.1067   (Y': 14.9099   Cb: 12.8985   Cr: 12.7883 )
00000651: 14.1272   (Y': 14.9476   Cb: 12.8855   Cr: 12.7997 )
00000652: 14.1284   (Y': 14.9148   Cb: 12.9335   Cr: 12.8387 )
00000649: 14.1309   (Y': 14.9747   Cb: 12.8634   Cr: 12.7717 )
00000653: 14.0891   (Y': 14.8755   Cb: 12.8819   Cr: 12.8115 )
00000654: 14.0755   (Y': 14.8499   Cb: 12.9004   Cr: 12.796  )
00000655: 14.091    (Y': 14.886    Cb: 12.9274   Cr: 12.7498 )
00000656: 14.08     (Y': 14.8916   Cb: 12.8667   Cr: 12.7463 )
00000657: 14.1453   (Y': 14.8506   Cb: 12.9157   Cr: 13.0992 )
00000658: 14.1323   (Y': 14.836    Cb: 12.9159   Cr: 13.0769 )
00000659: 14.1593   (Y': 14.8881   Cb: 12.9191   Cr: 13.0621 )
00000660: 14.1859   (Y': 14.9194   Cb: 12.9386   Cr: 13.0836 )
00000661: 14.2253   (Y': 14.9932   Cb: 12.968    Cr: 13.0444 )
00000662: 14.2079   (Y': 14.9605   Cb: 13.0007   Cr: 13.0155 )
00000663: 14.1752   (Y': 14.9214   Cb: 12.9264   Cr: 13.0412 )
00000664: 14.1681   (Y': 14.9354   Cb: 12.9452   Cr: 12.954  )
00000665: 14.2083   (Y': 14.9872   Cb: 12.9173   Cr: 13.034  )
00000666: 14.2713   (Y': 15.0793   Cb: 12.9495   Cr: 13.0547 )
00000667: 14.2471   (Y': 15.0331   Cb: 12.9227   Cr: 13.089  )
00000668: 14.2036   (Y': 14.9558   Cb: 12.9454   Cr: 13.0636 )
00000669: 14.1921   (Y': 14.9539   Cb: 12.9328   Cr: 13.0289 )
00000670: 14.1764   (Y': 14.9319   Cb: 12.8976   Cr: 13.0495 )
00000671: 14.1528   (Y': 14.9246   Cb: 12.8976   Cr: 12.96   )
00000672: 14.257    (Y': 15.0586   Cb: 12.9195   Cr: 13.0724 )
00000673: 14.3482   (Y': 15.2024   Cb: 12.9465   Cr: 13.0989 )
00000674: 14.4399   (Y': 15.3234   Cb: 12.9872   Cr: 13.1718 )
00000675: 14.4458   (Y': 15.308    Cb: 13.0263   Cr: 13.1951 )
00000677: 14.36     (Y': 15.197    Cb: 12.9747   Cr: 13.1365 )
00000676: 14.4352   (Y': 15.2886   Cb: 13.0222   Cr: 13.1998 )
00000678: 14.2857   (Y': 15.0701   Cb: 12.9445   Cr: 13.1492 )
00000679: 14.3424   (Y': 15.1378   Cb: 12.9963   Cr: 13.1828 )
00000680: 14.3456   (Y': 15.1466   Cb: 13.0415   Cr: 13.1282 )
00000681: 14.3318   (Y': 15.12     Cb: 13.0247   Cr: 13.1501 )
00000682: 14.4684   (Y': 15.2991   Cb: 13.0995   Cr: 13.2436 )
00000683: 14.212    (Y': 14.9604   Cb: 12.922    Cr: 13.1148 )
00000684: 14.2446   (Y': 14.9928   Cb: 12.9949   Cr: 13.1066 )
00000685: 14.2059   (Y': 14.9411   Cb: 13.0089   Cr: 13.048  )
00000686: 14.2827   (Y': 15.0875   Cb: 12.9594   Cr: 13.0754 )
00000687: 14.3094   (Y': 15.1145   Cb: 12.983    Cr: 13.1048 )
00000688: 14.466    (Y': 15.3278   Cb: 13.0554   Cr: 13.2076 )
00000689: 14.5405   (Y': 15.4447   Cb: 13.0698   Cr: 13.2411 )
00000690: 14.5636   (Y': 15.4572   Cb: 13.0969   Cr: 13.2855 )
00000691: 14.5906   (Y': 15.5124   Cb: 13.0716   Cr: 13.2995 )
00000692: 14.5405   (Y': 15.4487   Cb: 13.0699   Cr: 13.2314 )
00000693: 14.5501   (Y': 15.48     Cb: 13.0753   Cr: 13.1936 )
00000694: 14.5622   (Y': 15.4685   Cb: 13.1149   Cr: 13.2337 )
00000695: 14.509    (Y': 15.424    Cb: 13.0367   Cr: 13.1851 )
00000696: 14.3654   (Y': 15.2765   Cb: 12.9224   Cr: 13.0211 )
00000697: 14.3187   (Y': 15.2273   Cb: 12.8885   Cr: 12.967  )
00000698: 14.2125   (Y': 15.0908   Cb: 12.8086   Cr: 12.9069 )
00000699: 14.1213   (Y': 14.9802   Cb: 12.7475   Cr: 12.8319 )
00000701: 14.1073   (Y': 14.9581   Cb: 12.7732   Cr: 12.7974 )
00000700: 14.104    (Y': 14.9574   Cb: 12.7025   Cr: 12.8563 )
00000702: 14.1326   (Y': 15.0143   Cb: 12.7201   Cr: 12.8276 )
00000703: 14.1514   (Y': 15.0437   Cb: 12.7603   Cr: 12.7989 )
00000704: 14.1319   (Y': 15.0422   Cb: 12.7042   Cr: 12.7737 )
00000705: 14.2724   (Y': 15.1856   Cb: 12.8328   Cr: 12.9194 )
00000706: 14.3439   (Y': 15.2892   Cb: 12.8956   Cr: 12.9243 )
00000707: 14.3809   (Y': 15.3278   Cb: 12.8812   Cr: 13.0101 )
00000708: 14.4027   (Y': 15.3663   Cb: 12.936    Cr: 12.9594 )
00000709: 14.4002   (Y': 15.3474   Cb: 12.9135   Cr: 13.0151 )
00000710: 14.411    (Y': 15.3375   Cb: 12.9496   Cr: 13.0488 )
00000711: 14.3436   (Y': 15.251    Cb: 12.906    Cr: 13.0026 )
00000712: 14.3177   (Y': 15.2258   Cb: 12.9201   Cr: 12.9344 )
00000713: 14.248    (Y': 15.1226   Cb: 12.8479   Cr: 12.947  )
00000714: 14.2446   (Y': 15.1429   Cb: 12.8387   Cr: 12.8928 )
00000715: 14.1944   (Y': 15.0419   Cb: 12.8491   Cr: 12.9036 )
00000717: 14.1382   (Y': 14.9609   Cb: 12.7876   Cr: 12.9142 )
00000716: 14.1803   (Y': 14.9953   Cb: 12.8551   Cr: 12.9496 )
00000718: 14.1438   (Y': 14.9504   Cb: 12.8508   Cr: 12.9014 )
00000719: 14.207    (Y': 15.0336   Cb: 12.8728   Cr: 12.9566 )
00000720: 14.1147   (Y': 14.9236   Cb: 12.8154   Cr: 12.8728 )
00000721: 14.1122   (Y': 14.8875   Cb: 12.83     Cr: 12.9376 )
00000722: 14.1938   (Y': 15.0295   Cb: 12.8448   Cr: 12.9361 )
00000723: 14.2262   (Y': 15.0865   Cb: 12.8681   Cr: 12.9175 )
00000724: 14.2265   (Y': 15.0919   Cb: 12.8354   Cr: 12.9388 )
00000725: 14.1627   (Y': 14.9887   Cb: 12.8345   Cr: 12.9078 )
00000726: 14.3238   (Y': 15.1942   Cb: 12.9186   Cr: 13.0385 )
00000727: 14.2005   (Y': 15.0424   Cb: 12.8639   Cr: 12.9149 )
00000728: 14.1613   (Y': 14.9887   Cb: 12.8495   Cr: 12.8861 )
00000729: 14.1518   (Y': 14.9464   Cb: 12.8632   Cr: 12.9351 )
00000730: 14.1902   (Y': 14.9849   Cb: 12.8827   Cr: 12.9926 )
00000731: 14.1491   (Y': 14.9285   Cb: 12.8299   Cr: 13.0021 )
00000732: 14.1664   (Y': 14.9678   Cb: 12.8556   Cr: 12.955  )
00000733: 14.152    (Y': 14.9213   Cb: 12.849    Cr: 13.0144 )
00000734: 14.2034   (Y': 15.0003   Cb: 12.9144   Cr: 12.9811 )
00000735: 14.1978   (Y': 15.0081   Cb: 12.8641   Cr: 12.9873 )
00000736: 14.2417   (Y': 15.0319   Cb: 12.9516   Cr: 13.0375 )
00000737: 14.2259   (Y': 15.043    Cb: 12.9029   Cr: 12.9878 )
00000738: 14.1869   (Y': 14.9731   Cb: 12.8991   Cr: 12.9905 )
00000739: 14.2149   (Y': 15.0076   Cb: 12.9218   Cr: 13.0072 )
00000741: 14.1984   (Y': 14.9834   Cb: 12.8771   Cr: 13.0393 )
00000740: 14.2296   (Y': 15.0368   Cb: 12.9036   Cr: 13.0195 )
00000742: 14.2683   (Y': 15.0841   Cb: 12.9738   Cr: 13.0043 )
00000743: 14.3056   (Y': 15.1003   Cb: 12.9808   Cr: 13.1255 )
00000744: 14.3418   (Y': 15.1964   Cb: 12.9242   Cr: 13.1082 )
00000745: 14.3592   (Y': 15.1748   Cb: 13.0128   Cr: 13.149  )
00000746: 14.3647   (Y': 15.2004   Cb: 12.9756   Cr: 13.148  )
00000747: 14.3425   (Y': 15.1917   Cb: 12.9314   Cr: 13.1155 )
00000748: 14.3556   (Y': 15.2189   Cb: 12.9901   Cr: 13.0472 )
00000751: 14.3762   (Y': 15.2486   Cb: 13.0294   Cr: 13.0268 )
00000750: 14.3621   (Y': 15.2491   Cb: 12.9735   Cr: 13.0197 )
00000749: 14.3682   (Y': 15.2544   Cb: 12.9704   Cr: 13.037  )
00000752: 14.4207   (Y': 15.361    Cb: 12.9797   Cr: 13.0052 )
00000753: 14.4724   (Y': 15.4028   Cb: 13.0374   Cr: 13.074  )
00000754: 14.5354   (Y': 15.4507   Cb: 13.1072   Cr: 13.1657 )
00000755: 14.5249   (Y': 15.4209   Cb: 13.1376   Cr: 13.16   )
00000756: 14.4241   (Y': 15.3165   Cb: 13.0666   Cr: 13.038  )
00000757: 14.4059   (Y': 15.306    Cb: 13.0084   Cr: 13.0413 )
00000758: 14.4243   (Y': 15.3119   Cb: 13.1021   Cr: 13.0146 )
00000759: 14.4208   (Y': 15.3253   Cb: 13.0176   Cr: 13.0517 )
00000760: 14.4196   (Y': 15.3069   Cb: 13.0666   Cr: 13.0408 )
00000761: 14.4032   (Y': 15.3228   Cb: 12.9993   Cr: 12.999  )
00000762: 14.4551   (Y': 15.3635   Cb: 13.0412   Cr: 13.0873 )
00000763: 14.4135   (Y': 15.3233   Cb: 12.9967   Cr: 13.0453 )
00000765: 14.3961   (Y': 15.338    Cb: 12.9998   Cr: 12.933  )
00000766: 14.3813   (Y': 15.3255   Cb: 12.9404   Cr: 12.9568 )
00000764: 14.3736   (Y': 15.2997   Cb: 12.9704   Cr: 12.9537 )
00000767: 14.393    (Y': 15.3468   Cb: 12.984    Cr: 12.9147 )
00000768: 14.3829   (Y': 15.3398   Cb: 12.9306   Cr: 12.9405 )
00000769: 14.353    (Y': 15.2802   Cb: 12.9664   Cr: 12.9142 )
00000770: 14.3746   (Y': 15.3042   Cb: 12.9789   Cr: 12.939  )
00000771: 14.3687   (Y': 15.3146   Cb: 12.9736   Cr: 12.895  )
00000772: 14.3609   (Y': 15.3207   Cb: 12.9185   Cr: 12.9021 )
00000773: 14.3469   (Y': 15.2783   Cb: 12.9917   Cr: 12.8673 )
00000774: 14.3464   (Y': 15.297    Cb: 12.9107   Cr: 12.9022 )
00000775: 14.1515   (Y': 15.1812   Cb: 12.6291   Cr: 12.6148 )
00000776: 14.1338   (Y': 15.1571   Cb: 12.5967   Cr: 12.6258 )
00000777: 14.193    (Y': 15.1878   Cb: 12.7083   Cr: 12.6968 )
00000778: 14.2067   (Y': 15.2112   Cb: 12.7139   Cr: 12.6967 )
00000779: 14.1664   (Y': 15.1656   Cb: 12.8377   Cr: 12.5105 )
00000780: 14.1443   (Y': 15.1886   Cb: 12.7413   Cr: 12.4605 )
00000781: 14.1573   (Y': 15.1803   Cb: 12.7565   Cr: 12.5174 )
00000782: 14.1425   (Y': 15.1601   Cb: 12.7722   Cr: 12.4855 )
00000783: 14.1593   (Y': 15.2156   Cb: 12.7425   Cr: 12.4628 )
00000784: 14.1767   (Y': 15.225    Cb: 12.7488   Cr: 12.5078 )
00000785: 14.1904   (Y': 15.1992   Cb: 12.7905   Cr: 12.5803 )
00000786: 14.1505   (Y': 15.1673   Cb: 12.7551   Cr: 12.519  )
00000787: 14.154    (Y': 15.1822   Cb: 12.7414   Cr: 12.5139 )
00000788: 14.1544   (Y': 15.1915   Cb: 12.7359   Cr: 12.5006 )
00000789: 14.1918   (Y': 15.215    Cb: 12.8046   Cr: 12.5386 )
00000790: 14.1576   (Y': 15.1885   Cb: 12.746    Cr: 12.5106 )
00000791: 14.1797   (Y': 15.2247   Cb: 12.7709   Cr: 12.4999 )
00000792: 14.1787   (Y': 15.2239   Cb: 12.7534   Cr: 12.514  )
00000794: 14.1778   (Y': 15.2201   Cb: 12.7669   Cr: 12.5056 )
00000793: 14.1862   (Y': 15.2173   Cb: 12.7739   Cr: 12.5396 )
00000795: 14.1631   (Y': 15.2175   Cb: 12.6928   Cr: 12.5214 )
00000796: 14.1972   (Y': 15.267    Cb: 12.759    Cr: 12.4924 )
00000797: 14.1914   (Y': 15.2788   Cb: 12.7377   Cr: 12.464  )
00000798: 14.1532   (Y': 15.2325   Cb: 12.7233   Cr: 12.4205 )
00000799: 14.1868   (Y': 15.223    Cb: 12.7817   Cr: 12.5223 )
00000800: 14.1561   (Y': 15.2013   Cb: 12.7407   Cr: 12.4823 )
00000801: 14.1762   (Y': 15.2068   Cb: 12.7659   Cr: 12.5288 )
00000802: 14.1915   (Y': 15.2367   Cb: 12.7269   Cr: 12.5642 )
00000803: 14.1746   (Y': 15.2097   Cb: 12.7873   Cr: 12.4959 )
00000804: 14.1902   (Y': 15.2578   Cb: 12.7515   Cr: 12.4907 )
00000805: 14.2028   (Y': 15.2342   Cb: 12.8276   Cr: 12.5208 )
00000806: 14.1607   (Y': 15.1879   Cb: 12.7347   Cr: 12.5354 )
00000807: 14.1745   (Y': 15.2086   Cb: 12.746    Cr: 12.5368 )
00000808: 14.1409   (Y': 15.1752   Cb: 12.7202   Cr: 12.4953 )
00000809: 14.1992   (Y': 15.2605   Cb: 12.7418   Cr: 12.5305 )
00000810: 14.1596   (Y': 15.1999   Cb: 12.757    Cr: 12.484  )
00000811: 14.1898   (Y': 15.2129   Cb: 12.7849   Cr: 12.5536 )
00000812: 14.1726   (Y': 15.204    Cb: 12.8192   Cr: 12.4704 )
00000813: 14.1753   (Y': 15.2137   Cb: 12.7518   Cr: 12.5236 )
00000814: 14.1723   (Y': 15.2373   Cb: 12.7573   Cr: 12.4558 )
00000815: 14.1697   (Y': 15.2039   Cb: 12.7834   Cr: 12.4918 )
00000816: 14.179    (Y': 15.2467   Cb: 12.734    Cr: 12.4848 )
00000817: 14.1883   (Y': 15.2355   Cb: 12.7664   Cr: 12.5161 )
00000818: 14.1551   (Y': 15.2003   Cb: 12.7356   Cr: 12.4848 )
00000819: 14.1797   (Y': 15.2201   Cb: 12.7787   Cr: 12.5026 )
00000820: 14.1325   (Y': 15.1805   Cb: 12.7122   Cr: 12.4572 )
00000821: 14.1802   (Y': 15.2231   Cb: 12.7903   Cr: 12.487  )
00000822: 14.169    (Y': 15.2263   Cb: 12.7545   Cr: 12.4683 )
00000823: 14.1635   (Y': 15.2153   Cb: 12.7555   Cr: 12.4685 )
00000824: 14.1631   (Y': 15.2207   Cb: 12.7301   Cr: 12.4792 )
00000825: 14.1512   (Y': 15.2231   Cb: 12.7202   Cr: 12.4352 )
00000826: 14.1901   (Y': 15.2488   Cb: 12.7842   Cr: 12.4786 )
00000827: 14.1737   (Y': 15.2092   Cb: 12.8194   Cr: 12.4634 )
00000829: 14.1728   (Y': 15.2184   Cb: 12.7385   Cr: 12.5158 )
00000828: 14.187    (Y': 15.2188   Cb: 12.773    Cr: 12.5404 )
00000830: 14.1587   (Y': 15.1834   Cb: 12.7573   Cr: 12.5157 )
00000831: 14.1801   (Y': 15.2255   Cb: 12.8034   Cr: 12.4695 )
00000832: 14.177    (Y': 15.2545   Cb: 12.7242   Cr: 12.4697 )
00000834: 14.1657   (Y': 15.2186   Cb: 12.7212   Cr: 12.5029 )
00000833: 14.1827   (Y': 15.2445   Cb: 12.7475   Cr: 12.492  )
00000835: 14.1743   (Y': 15.2165   Cb: 12.7638   Cr: 12.5021 )
00000837: 14.1601   (Y': 15.1915   Cb: 12.7803   Cr: 12.4823 )
00000836: 14.1687   (Y': 15.2293   Cb: 12.7419   Cr: 12.4723 )
00000838: 14.1626   (Y': 15.1902   Cb: 12.7754   Cr: 12.5    )
00000839: 14.1667   (Y': 15.2059   Cb: 12.7675   Cr: 12.4901 )
00000840: 14.183    (Y': 15.2324   Cb: 12.7405   Cr: 12.5257 )
00000841: 14.1877   (Y': 15.2241   Cb: 12.7927   Cr: 12.5135 )
00000842: 14.1444   (Y': 15.1968   Cb: 12.7592   Cr: 12.4267 )
00000843: 14.1599   (Y': 15.2162   Cb: 12.7663   Cr: 12.4416 )
00000844: 14.1547   (Y': 15.1795   Cb: 12.7901   Cr: 12.4769 )
00000846: 14.1788   (Y': 15.2269   Cb: 12.7596   Cr: 12.502  )
00000845: 14.1566   (Y': 15.2202   Cb: 12.7163   Cr: 12.4667 )
00000847: 14.1711   (Y': 15.1677   Cb: 12.8015   Cr: 12.5592 )
00000848: 14.1349   (Y': 15.1529   Cb: 12.7421   Cr: 12.498  )
00000849: 14.1362   (Y': 15.1661   Cb: 12.7462   Cr: 12.471  )
00000850: 14.1629   (Y': 15.174    Cb: 12.7496   Cr: 12.5606 )
00000851: 14.1523   (Y': 15.1752   Cb: 12.7646   Cr: 12.5001 )
00000852: 14.1562   (Y': 15.1945   Cb: 12.7891   Cr: 12.4517 )
00000854: 14.1804   (Y': 15.2442   Cb: 12.7595   Cr: 12.4721 )
00000853: 14.181    (Y': 15.2051   Cb: 12.7687   Cr: 12.5496 )
00000855: 14.145    (Y': 15.1653   Cb: 12.7573   Cr: 12.4983 )
00000856: 14.1872   (Y': 15.205    Cb: 12.7845   Cr: 12.5604 )
00000857: 14.1534   (Y': 15.1917   Cb: 12.7264   Cr: 12.505  )
00000858: 14.1655   (Y': 15.2319   Cb: 12.7677   Cr: 12.4298 )
00000859: 14.1911   (Y': 15.2516   Cb: 12.7695   Cr: 12.4901 )
00000860: 14.1705   (Y': 15.2051   Cb: 12.7964   Cr: 12.4807 )
00000862: 14.1627   (Y': 15.1952   Cb: 12.7814   Cr: 12.484  )
00000861: 14.1438   (Y': 15.1899   Cb: 12.739    Cr: 12.4581 )
00000863: 14.122    (Y': 15.1397   Cb: 12.7949   Cr: 12.4246 )
00000864: 14.1606   (Y': 15.1618   Cb: 12.7722   Cr: 12.5565 )
00000865: 14.1598   (Y': 15.2042   Cb: 12.7232   Cr: 12.5076 )
00000866: 14.1483   (Y': 15.1627   Cb: 12.7733   Cr: 12.5025 )
00000867: 14.1613   (Y': 15.1925   Cb: 12.8018   Cr: 12.4649 )
00000868: 14.1778   (Y': 15.2044   Cb: 12.7694   Cr: 12.5374 )
00000869: 14.157    (Y': 15.1716   Cb: 12.7755   Cr: 12.517  )
00000870: 14.1541   (Y': 15.1933   Cb: 12.7693   Cr: 12.4642 )
00000871: 14.1421   (Y': 15.1741   Cb: 12.7679   Cr: 12.4579 )
00000872: 14.1427   (Y': 15.1764   Cb: 12.7574   Cr: 12.465  )
00000873: 14.1341   (Y': 15.1783   Cb: 12.7355   Cr: 12.4464 )
00000874: 14.1621   (Y': 15.222    Cb: 12.7465   Cr: 12.4568 )
00000875: 14.1295   (Y': 15.1944   Cb: 12.7093   Cr: 12.4181 )
00000877: 14.1693   (Y': 15.2053   Cb: 12.7284   Cr: 12.5393 )
00000876: 14.1384   (Y': 15.186    Cb: 12.7371   Cr: 12.4462 )
00000878: 14.1616   (Y': 15.1709   Cb: 12.7894   Cr: 12.5243 )
00000879: 14.1769   (Y': 15.2133   Cb: 12.7999   Cr: 12.4858 )
00000880: 14.1391   (Y': 15.1785   Cb: 12.7475   Cr: 12.4549 )
00000881: 14.1456   (Y': 15.1978   Cb: 12.7075   Cr: 12.478  )
00000882: 14.1758   (Y': 15.2308   Cb: 12.7747   Cr: 12.4674 )
00000883: 14.1482   (Y': 15.1871   Cb: 12.7563   Cr: 12.4654 )
00000884: 14.1389   (Y': 15.1584   Cb: 12.713    Cr: 12.5303 )
00000885: 14.1503   (Y': 15.1843   Cb: 12.7709   Cr: 12.4666 )
00000886: 14.1768   (Y': 15.1968   Cb: 12.8003   Cr: 12.5203 )
00000887: 14.1586   (Y': 15.1835   Cb: 12.7545   Cr: 12.5177 )
00000888: 14.1742   (Y': 15.214    Cb: 12.7334   Cr: 12.5356 )
00000889: 14.1537   (Y': 15.1925   Cb: 12.7604   Cr: 12.4725 )
00000890: 14.1523   (Y': 15.2017   Cb: 12.7603   Cr: 12.4475 )
00000891: 14.1288   (Y': 15.1726   Cb: 12.7179   Cr: 12.4533 )
00000892: 14.1404   (Y': 15.2004   Cb: 12.6902   Cr: 12.4679 )
00000893: 14.145    (Y': 15.1964   Cb: 12.764    Cr: 12.4255 )
00000894: 14.163    (Y': 15.1983   Cb: 12.7989   Cr: 12.4622 )
00000895: 14.171    (Y': 15.2076   Cb: 12.7264   Cr: 12.5429 )
00000896: 14.1712   (Y': 15.2197   Cb: 12.8049   Cr: 12.4442 )
00000897: 14.1662   (Y': 15.2106   Cb: 12.7571   Cr: 12.4879 )
00000898: 14.1644   (Y': 15.1973   Cb: 12.786    Cr: 12.4822 )
00000899: 14.1699   (Y': 15.2059   Cb: 12.7613   Cr: 12.509  )
00000900: 14.1384   (Y': 15.1858   Cb: 12.7114   Cr: 12.4704 )
00000901: 14.1633   (Y': 15.1877   Cb: 12.7739   Cr: 12.5094 )
00000902: 14.1822   (Y': 15.2479   Cb: 12.7901   Cr: 12.4433 )
00000903: 14.1495   (Y': 15.1746   Cb: 12.8016   Cr: 12.4554 )
00000904: 14.1668   (Y': 15.1914   Cb: 12.778    Cr: 12.512  )
00000905: 14.1804   (Y': 15.1833   Cb: 12.8026   Cr: 12.5625 )
00000906: 14.1932   (Y': 15.2204   Cb: 12.8153   Cr: 12.5224 )
00000907: 14.1547   (Y': 15.2062   Cb: 12.7655   Cr: 12.4429 )
00000908: 14.153    (Y': 15.2032   Cb: 12.7226   Cr: 12.4826 )
00000909: 14.1544   (Y': 15.191    Cb: 12.7401   Cr: 12.498  )
00000910: 14.1594   (Y': 15.1797   Cb: 12.7762   Cr: 12.5086 )
00000911: 14.1773   (Y': 15.211    Cb: 12.755    Cr: 12.5344 )
00000912: 14.1792   (Y': 15.2      Cb: 12.7968   Cr: 12.5266 )
00000913: 14.1743   (Y': 15.2137   Cb: 12.7783   Cr: 12.4944 )
00000914: 14.1675   (Y': 15.1935   Cb: 12.7873   Cr: 12.5017 )
00000915: 14.1504   (Y': 15.171    Cb: 12.7678   Cr: 12.4984 )
00000917: 14.1533   (Y': 15.1871   Cb: 12.7369   Cr: 12.5048 )
00000916: 14.1534   (Y': 15.2077   Cb: 12.7029   Cr: 12.4932 )
00000918: 14.1694   (Y': 15.192    Cb: 12.7762   Cr: 12.523  )
00000919: 14.1482   (Y': 15.1724   Cb: 12.7529   Cr: 12.5005 )
00000920: 14.178    (Y': 15.2048   Cb: 12.7841   Cr: 12.5234 )
00000921: 14.159    (Y': 15.1783   Cb: 12.7877   Cr: 12.499  )
00000922: 14.1624   (Y': 15.232    Cb: 12.7189   Cr: 12.4631 )
00000923: 14.1563   (Y': 15.1984   Cb: 12.7284   Cr: 12.5007 )
00000924: 14.179    (Y': 15.2305   Cb: 12.78     Cr: 12.4761 )
00000925: 14.2      (Y': 15.2432   Cb: 12.7825   Cr: 12.5323 )
00000926: 14.1655   (Y': 15.1858   Cb: 12.7919   Cr: 12.5058 )
00000927: 14.1773   (Y': 15.1927   Cb: 12.7805   Cr: 12.5497 )
00000928: 14.1774   (Y': 15.1821   Cb: 12.8188   Cr: 12.5373 )
00000929: 14.1726   (Y': 15.1999   Cb: 12.7923   Cr: 12.5041 )
00000930: 14.185    (Y': 15.2141   Cb: 12.769    Cr: 12.5463 )
00000931: 14.1679   (Y': 15.1761   Cb: 12.8319   Cr: 12.4994 )
00000932: 14.1459   (Y': 15.1476   Cb: 12.8051   Cr: 12.4958 )
00000933: 14.1858   (Y': 15.2023   Cb: 12.812    Cr: 12.5342 )
00000934: 14.1628   (Y': 15.1688   Cb: 12.7751   Cr: 12.5473 )
00000935: 14.1939   (Y': 15.225    Cb: 12.8073   Cr: 12.5229 )
00000936: 14.1699   (Y': 15.1893   Cb: 12.7905   Cr: 12.5174 )
00000937: 14.1931   (Y': 15.2249   Cb: 12.7933   Cr: 12.5331 )
00000938: 14.1578   (Y': 15.1826   Cb: 12.7794   Cr: 12.4928 )
00000939: 14.1808   (Y': 15.2114   Cb: 12.7833   Cr: 12.5214 )
00000941: 14.0883   (Y': 15.1735   Cb: 12.634    Cr: 12.3662 )
00000940: 14.1195   (Y': 15.1857   Cb: 12.6837   Cr: 12.4202 )
00000942: 14.0931   (Y': 15.156    Cb: 12.6525   Cr: 12.4052 )
00000943: 14.0968   (Y': 15.1551   Cb: 12.6789   Cr: 12.3974 )
00000944: 14.0715   (Y': 15.1613   Cb: 12.6091   Cr: 12.3474 )
00000945: 14.0621   (Y': 15.137    Cb: 12.5878   Cr: 12.3805 )
00000946: 14.0685   (Y': 15.1666   Cb: 12.6102   Cr: 12.3231 )
00000947: 14.0532   (Y': 15.1398   Cb: 12.5877   Cr: 12.3385 )
00000948: 14.0517   (Y': 15.1216   Cb: 12.5923   Cr: 12.3666 )
00000949: 14.0841   (Y': 15.1612   Cb: 12.5872   Cr: 12.4197 )
00000950: 14.0825   (Y': 15.1899   Cb: 12.6084   Cr: 12.3325 )
00000951: 14.0853   (Y': 15.1653   Cb: 12.6248   Cr: 12.3801 )
00000952: 14.099    (Y': 15.1942   Cb: 12.6241   Cr: 12.3751 )
00000953: 14.0774   (Y': 15.1734   Cb: 12.5895   Cr: 12.3645 )
00000954: 14.0982   (Y': 15.1809   Cb: 12.6525   Cr: 12.3731 )
00000955: 14.0938   (Y': 15.193    Cb: 12.6346   Cr: 12.347  )
00000957: 14.0793   (Y': 15.1796   Cb: 12.6102   Cr: 12.3397 )
00000956: 14.0551   (Y': 15.1566   Cb: 12.5814   Cr: 12.3173 )
00000958: 14.0891   (Y': 15.1746   Cb: 12.6377   Cr: 12.3635 )
00000959: 14.0769   (Y': 15.1848   Cb: 12.594    Cr: 12.3345 )
00000960: 14.092    (Y': 15.209    Cb: 12.5801   Cr: 12.3579 )
00000961: 14.1166   (Y': 15.21     Cb: 12.6119   Cr: 12.4252 )
00000962: 14.105    (Y': 15.2169   Cb: 12.5877   Cr: 12.3866 )
00000963: 14.1451   (Y': 15.2406   Cb: 12.6914   Cr: 12.4011 )
00000964: 14.1283   (Y': 15.2547   Cb: 12.6404   Cr: 12.3522 )
00000965: 14.1542   (Y': 15.3116   Cb: 12.6019   Cr: 12.3756 )
00000966: 14.1448   (Y': 15.2831   Cb: 12.579    Cr: 12.4182 )
00000967: 14.1067   (Y': 15.2621   Cb: 12.5491   Cr: 12.3371 )
00000968: 14.104    (Y': 15.2692   Cb: 12.5934   Cr: 12.2706 )
00000969: 14.0913   (Y': 15.2262   Cb: 12.6265   Cr: 12.2763 )
00000970: 14.0813   (Y': 15.2134   Cb: 12.6112   Cr: 12.2769 )
00000971: 14.0537   (Y': 15.2249   Cb: 12.5026   Cr: 12.2462 )
00000972: 14.0621   (Y': 15.1965   Cb: 12.5724   Cr: 12.2713 )
00000973: 14.0868   (Y': 15.24     Cb: 12.6131   Cr: 12.2432 )
00000974: 14.1231   (Y': 15.2595   Cb: 12.6233   Cr: 12.338  )
00000975: 14.1755   (Y': 15.2443   Cb: 12.6984   Cr: 12.5099 )
00000976: 14.2189   (Y': 15.3245   Cb: 12.7432   Cr: 12.4743 )
00000977: 14.2058   (Y': 15.2919   Cb: 12.7127   Cr: 12.5188 )
00000978: 14.2904   (Y': 15.3923   Cb: 12.82     Cr: 12.5484 )
00000979: 14.2706   (Y': 15.3718   Cb: 12.734    Cr: 12.5934 )
00000980: 14.2451   (Y': 15.2771   Cb: 12.8588   Cr: 12.572  )
00000981: 14.1931   (Y': 15.1681   Cb: 12.8352   Cr: 12.6179 )
00000982: 14.2218   (Y': 15.2132   Cb: 12.8911   Cr: 12.5849 )
00000983: 14.2238   (Y': 15.1944   Cb: 12.8484   Cr: 12.6748 )
00000984: 14.2273   (Y': 15.1828   Cb: 12.927    Cr: 12.6409 )
00000985: 14.2213   (Y': 15.2049   Cb: 12.888    Cr: 12.6037 )
00000986: 14.2104   (Y': 15.1932   Cb: 12.8878   Cr: 12.5846 )
00000987: 14.2041   (Y': 15.1671   Cb: 12.8879   Cr: 12.616  )
00000988: 14.1972   (Y': 15.1732   Cb: 12.8785   Cr: 12.5827 )
00000989: 14.2205   (Y': 15.1814   Cb: 12.916    Cr: 12.6263 )
00000990: 14.2231   (Y': 15.1964   Cb: 12.8844   Cr: 12.6333 )
00000991: 14.2202   (Y': 15.228    Cb: 12.8606   Cr: 12.5743 )
00000992: 14.1923   (Y': 15.1616   Cb: 12.8699   Cr: 12.5961 )
00000993: 14.2297   (Y': 15.2604   Cb: 12.7782   Cr: 12.6217 )
00000994: 14.2247   (Y': 15.2426   Cb: 12.7938   Cr: 12.6245 )
00000995: 14.1536   (Y': 15.2133   Cb: 12.717    Cr: 12.4687 )
00000996: 14.095    (Y': 15.1654   Cb: 12.6853   Cr: 12.3624 )
00000997: 14.1142   (Y': 15.1595   Cb: 12.738    Cr: 12.4035 )
00000998: 14.1225   (Y': 15.1946   Cb: 12.6805   Cr: 12.4165 )
00000999: 14.2003   (Y': 15.3356   Cb: 12.6993   Cr: 12.4183 )
00001000: 14.2557   (Y': 15.3906   Cb: 12.7534   Cr: 12.4758 )
00001001: 14.2816   (Y': 15.3905   Cb: 12.7458   Cr: 12.5874 )
00001002: 14.3006   (Y': 15.4531   Cb: 12.732    Cr: 12.5476 )
00001003: 14.253    (Y': 15.3807   Cb: 12.6666   Cr: 12.5684 )
00001005: 14.254    (Y': 15.3925   Cb: 12.7046   Cr: 12.5114 )
00001004: 14.2446   (Y': 15.3737   Cb: 12.6712   Cr: 12.5443 )
00001006: 14.2221   (Y': 15.3924   Cb: 12.6236   Cr: 12.4615 )
00001007: 14.1759   (Y': 15.3114   Cb: 12.6483   Cr: 12.4186 )
00001008: 14.1669   (Y': 15.34     Cb: 12.589    Cr: 12.3809 )
00001009: 14.2033   (Y': 15.3697   Cb: 12.6143   Cr: 12.4415 )
00001010: 14.1782   (Y': 15.341    Cb: 12.6492   Cr: 12.3667 )
00001011: 14.1737   (Y': 15.3476   Cb: 12.594    Cr: 12.3878 )
00001013: 14.1852   (Y': 15.3898   Cb: 12.5849   Cr: 12.3572 )
00001014: 14.2047   (Y': 15.3791   Cb: 12.6488   Cr: 12.3951 )
00001015: 14.2308   (Y': 15.4041   Cb: 12.6545   Cr: 12.4428 )
00001012: 14.1945   (Y': 15.3816   Cb: 12.6285   Cr: 12.3689 )
00001016: 14.2265   (Y': 15.3772   Cb: 12.6511   Cr: 12.4837 )
00001017: 14.2181   (Y': 15.3566   Cb: 12.6838   Cr: 12.461  )
00001018: 14.1243   (Y': 15.2411   Cb: 12.6381   Cr: 12.3663 )
00001019: 14.1024   (Y': 15.1923   Cb: 12.6532   Cr: 12.3656 )
00001020: 14.0652   (Y': 15.1586   Cb: 12.6291   Cr: 12.3088 )
00001021: 14.0167   (Y': 15.1085   Cb: 12.55     Cr: 12.2927 )
00001022: 14.0667   (Y': 15.1778   Cb: 12.6066   Cr: 12.2964 )
00001023: 14.1885   (Y': 15.3099   Cb: 12.6765   Cr: 12.4456 )
00001024: 14.2614   (Y': 15.3731   Cb: 12.7589   Cr: 12.5294 )
00001025: 14.2591   (Y': 15.4072   Cb: 12.7069   Cr: 12.4991 )
00001026: 14.2507   (Y': 15.4151   Cb: 12.6877   Cr: 12.4681 )
00001027: 14.1986   (Y': 15.3679   Cb: 12.6518   Cr: 12.3907 )
00001028: 14.179    (Y': 15.3112   Cb: 12.6808   Cr: 12.401  )
Total: 14.2148   (Y': 15.1848   Cb: 12.8627   Cr: 12.6453 )
