00000000: 37.4581   (Y': INF       Cb: 32.6869   Cr: 32.6869 )
00000001: 17.6818   (Y': 18.1748   Cb: 15.6743   Cr: 18.4305 )
00000003: 17.2582   (Y': 17.7579   Cb: 15.1914   Cr: 18.0924 )
00000002: 17.28     (Y': 17.7646   Cb: 15.1945   Cr: 18.2175 )
00000006: 17.1589   (Y': 17.7301   Cb: 14.9153   Cr: 18.0392 )
00000004: 17.1401   (Y': 17.5943   Cb: 15.1171   Cr: 18.0879 )
00000007: 17.1683   (Y': 17.6153   Cb: 15.1955   Cr: 18.0501 )
00000005: 17.3097   (Y': 17.8217   Cb: 15.2415   Cr: 18.0933 )
00000008: 17.2427   (Y': 17.7593   Cb: 15.1822   Cr: 17.9924 )
00000010: 16.9976   (Y': 17.4794   Cb: 14.9635   Cr: 17.8456 )
00000009: 17.1426   (Y': 17.5917   Cb: 15.1673   Cr: 18.0205 )
00000011: 17.0189   (Y': 17.4254   Cb: 15.1189   Cr: 17.9412 )
00000012: 17.3159   (Y': 17.8717   Cb: 15.186    Cr: 18.0348 )
00000013: 17.1065   (Y': 17.5648   Cb: 15.1277   Cr: 17.9499 )
00000014: 17.0235   (Y': 17.5239   Cb: 14.9749   Cr: 17.819  )
00000015: 17.0563   (Y': 17.5005   Cb: 15.1232   Cr: 17.875  )
00000016: 17.3183   (Y': 17.8855   Cb: 15.2054   Cr: 17.9576 )
00000017: 17.0659   (Y': 17.5186   Cb: 15.061    Cr: 17.9851 )
00000018: 17.0173   (Y': 17.483    Cb: 14.9916   Cr: 17.9196 )
00000019: 17.0217   (Y': 17.4693   Cb: 15.0674   Cr: 17.8657 )
00000020: 17.2634   (Y': 17.7753   Cb: 15.2186   Cr: 18.0033 )
00000021: 17.107    (Y': 17.5699   Cb: 15.074    Cr: 18.0355 )
00000022: 16.9607   (Y': 17.4239   Cb: 14.9525   Cr: 17.8393 )
00000023: 17.0364   (Y': 17.5233   Cb: 15.0032   Cr: 17.8604 )
00000024: 17.2862   (Y': 17.8319   Cb: 15.1708   Cr: 18.019  )
00000025: 17.1221   (Y': 17.5488   Cb: 15.1911   Cr: 18.0138 )
00000026: 16.9939   (Y': 17.4599   Cb: 14.9477   Cr: 17.9354 )
00000027: 17.028    (Y': 17.4747   Cb: 15.0322   Cr: 17.9563 )
00000028: 17.2292   (Y': 17.7311   Cb: 15.1629   Cr: 18.0521 )
00000029: 17.2542   (Y': 17.8017   Cb: 15.1452   Cr: 17.9671 )
00000030: 17.0823   (Y': 17.5247   Cb: 15.0952   Cr: 18.0125 )
00000031: 17.0349   (Y': 17.5196   Cb: 15.0044   Cr: 17.8635 )
00000032: 17.0379   (Y': 17.4832   Cb: 15.0602   Cr: 17.9367 )
00000033: 17.2556   (Y': 17.7501   Cb: 15.1495   Cr: 18.1904 )
00000034: 17.2913   (Y': 17.7815   Cb: 15.2305   Cr: 18.1548 )
00000036: 17.172    (Y': 17.6473   Cb: 15.181    Cr: 17.9655 )
00000035: 17.1664   (Y': 17.6459   Cb: 15.1304   Cr: 18.0278 )
00000037: 17.2735   (Y': 17.8245   Cb: 15.1336   Cr: 18.0315 )
00000038: 17.2614   (Y': 17.8543   Cb: 15.0442   Cr: 17.9961 )
00000039: 17.338    (Y': 17.8489   Cb: 15.278    Cr: 18.1108 )
00000040: 17.1964   (Y': 17.6917   Cb: 15.0921   Cr: 18.1236 )
00000041: 17.3025   (Y': 17.7886   Cb: 15.2661   Cr: 18.1365 )
00000042: 17.2805   (Y': 17.9014   Cb: 15.0171   Cr: 17.9922 )
00000043: 17.3626   (Y': 17.9407   Cb: 15.1901   Cr: 18.0713 )
00000044: 17.2202   (Y': 17.7055   Cb: 15.2321   Cr: 17.9652 )
00000045: 17.2826   (Y': 17.7864   Cb: 15.2438   Cr: 18.045  )
00000046: 17.3407   (Y': 17.8879   Cb: 15.2039   Cr: 18.1089 )
00000047: 17.2446   (Y': 17.829    Cb: 15.0691   Cr: 17.9331 )
00000048: 17.4478   (Y': 17.9893   Cb: 15.3262   Cr: 18.2099 )
00000049: 17.2224   (Y': 17.685    Cb: 15.234    Cr: 18.0655 )
00000050: 17.3329   (Y': 17.8981   Cb: 15.1846   Cr: 18.0479 )
00000052: 17.2623   (Y': 17.8313   Cb: 15.1184   Cr: 17.9536 )
00000051: 17.131    (Y': 17.6901   Cb: 15.0274   Cr: 17.7859 )
00000054: 17.1703   (Y': 17.6782   Cb: 15.1338   Cr: 17.9111 )
00000053: 17.228    (Y': 17.739    Cb: 15.1401   Cr: 18.0544 )
00000055: 17.2144   (Y': 17.7692   Cb: 15.0996   Cr: 17.9081 )
00000056: 17.1548   (Y': 17.6394   Cb: 15.1968   Cr: 17.8472 )
00000057: 17.2695   (Y': 17.7285   Cb: 15.3317   Cr: 18.0326 )
00000058: 17.3813   (Y': 17.8885   Cb: 15.3317   Cr: 18.1498 )
00000060: 18.2376   (Y': 18.9386   Cb: 15.7937   Cr: 18.9909 )
00000059: 18.1098   (Y': 18.7779   Cb: 15.7898   Cr: 18.7433 )
00000061: 17.7026   (Y': 18.2581   Cb: 15.5484   Cr: 18.4698 )
00000063: 17.2312   (Y': 17.7005   Cb: 15.3049   Cr: 17.9295 )
00000062: 17.3579   (Y': 17.8574   Cb: 15.3616   Cr: 18.0586 )
00000064: 17.2147   (Y': 17.6948   Cb: 15.2698   Cr: 17.9016 )
00000065: 17.1639   (Y': 17.6116   Cb: 15.2496   Cr: 17.9321 )
00000066: 17.223    (Y': 17.6999   Cb: 15.2734   Cr: 17.9322 )
00000067: 17.1487   (Y': 17.5871   Cb: 15.2848   Cr: 17.8644 )
00000068: 17.1661   (Y': 17.6075   Cb: 15.2624   Cr: 17.9418 )
00000069: 17.243    (Y': 17.7131   Cb: 15.2841   Cr: 17.9981 )
00000071: 17.4635   (Y': 17.9641   Cb: 15.4497   Cr: 18.192  )
00000070: 17.23     (Y': 17.7092   Cb: 15.2792   Cr: 17.932  )
00000072: 17.5563   (Y': 18.0824   Cb: 15.4708   Cr: 18.3138 )
00000073: 17.4319   (Y': 17.9566   Cb: 15.3627   Cr: 18.1639 )
00000074: 17.4293   (Y': 17.9604   Cb: 15.3994   Cr: 18.0612 )
00000075: 17.6127   (Y': 18.1277   Cb: 15.5228   Cr: 18.4261 )
00000076: 17.6353   (Y': 18.1987   Cb: 15.4811   Cr: 18.3697 )
00000078: 17.5065   (Y': 18.043    Cb: 15.3965   Cr: 18.2675 )
00000077: 17.628    (Y': 18.2021   Cb: 15.4399   Cr: 18.3839 )
00000079: 17.4738   (Y': 18.0063   Cb: 15.418    Cr: 18.1485 )
00000080: 17.5196   (Y': 18.0963   Cb: 15.3276   Cr: 18.2724 )
00000081: 17.5927   (Y': 18.1986   Cb: 15.3445   Cr: 18.3355 )
00000082: 17.5491   (Y': 18.1501   Cb: 15.3792   Cr: 18.1601 )
00000084: 17.4832   (Y': 18.0534   Cb: 15.3544   Cr: 18.1405 )
00000083: 17.5948   (Y': 18.1978   Cb: 15.4605   Cr: 18.1309 )
00000085: 17.4324   (Y': 17.9943   Cb: 15.3405   Cr: 18.0537 )
00000086: 17.3967   (Y': 17.9784   Cb: 15.2841   Cr: 17.9774 )
00000087: 17.3889   (Y': 17.8982   Cb: 15.3754   Cr: 18.0802 )
00000088: 17.4011   (Y': 17.9114   Cb: 15.3907   Cr: 18.0824 )
00000089: 17.3039   (Y': 17.7917   Cb: 15.3646   Cr: 17.9482 )
00000090: 17.3017   (Y': 17.8208   Cb: 15.2947   Cr: 17.9408 )
00000091: 17.3055   (Y': 17.8061   Cb: 15.3136   Cr: 17.9935 )
00000092: 17.5204   (Y': 18.0885   Cb: 15.4093   Cr: 18.1532 )
00000093: 17.3508   (Y': 17.8434   Cb: 15.3761   Cr: 18.0401 )
00000094: 17.4173   (Y': 17.9489   Cb: 15.4007   Cr: 18.0225 )
00000095: 17.3137   (Y': 17.8244   Cb: 15.3006   Cr: 17.9986 )
00000096: 17.3066   (Y': 17.7796   Cb: 15.3596   Cr: 18.0273 )
00000098: 17.3841   (Y': 17.8813   Cb: 15.396    Cr: 18.079  )
00000097: 17.3309   (Y': 17.8098   Cb: 15.4096   Cr: 17.9798 )
00000099: 17.3893   (Y': 17.9192   Cb: 15.3871   Cr: 17.9754 )
00000100: 17.3824   (Y': 17.9393   Cb: 15.3397   Cr: 17.9332 )
00000101: 17.1925   (Y': 17.6705   Cb: 15.2667   Cr: 17.8537 )
00000102: 17.2277   (Y': 17.7372   Cb: 15.2838   Cr: 17.7914 )
00000103: 17.2365   (Y': 17.7327   Cb: 15.3028   Cr: 17.836  )
00000104: 17.2898   (Y': 17.7978   Cb: 15.3441   Cr: 17.8627 )
00000106: 17.3129   (Y': 17.819    Cb: 15.3336   Cr: 17.9546 )
00000105: 17.2189   (Y': 17.7014   Cb: 15.277    Cr: 17.8898 )
00000107: 17.3398   (Y': 17.8465   Cb: 15.3637   Cr: 17.9735 )
00000108: 17.2763   (Y': 17.7417   Cb: 15.3601   Cr: 17.9727 )
00000109: 17.2519   (Y': 17.7116   Cb: 15.3208   Cr: 18.0001 )
00000110: 17.2041   (Y': 17.6618   Cb: 15.3014   Cr: 17.9081 )
00000111: 17.1733   (Y': 17.6274   Cb: 15.2902   Cr: 17.8573 )
00000112: 17.166    (Y': 17.6013   Cb: 15.3245   Cr: 17.8548 )
00000113: 17.18     (Y': 17.6094   Cb: 15.3359   Cr: 17.8981 )
00000114: 17.1035   (Y': 17.5106   Cb: 15.2963   Cr: 17.8515 )
00000115: 17.0817   (Y': 17.5108   Cb: 15.2154   Cr: 17.8417 )
00000116: 17.1127   (Y': 17.5409   Cb: 15.2741   Cr: 17.8264 )
00000117: 17.1091   (Y': 17.5333   Cb: 15.2978   Cr: 17.7904 )
00000118: 17.1163   (Y': 17.5359   Cb: 15.2956   Cr: 17.8341 )
00000119: 17.1845   (Y': 17.6604   Cb: 15.2556   Cr: 17.8603 )
00000120: 17.3189   (Y': 17.8294   Cb: 15.3039   Cr: 18.0078 )
00000122: 17.3737   (Y': 17.8638   Cb: 15.4028   Cr: 18.0664 )
00000121: 17.3543   (Y': 17.8711   Cb: 15.3338   Cr: 18.0274 )
00000123: 17.3954   (Y': 17.8961   Cb: 15.3739   Cr: 18.138  )
00000124: 17.3963   (Y': 17.9324   Cb: 15.3382   Cr: 18.0601 )
00000125: 17.3197   (Y': 17.842    Cb: 15.3119   Cr: 17.9471 )
00000126: 17.3294   (Y': 17.848    Cb: 15.298    Cr: 18.0156 )
00000127: 17.3579   (Y': 17.8535   Cb: 15.3947   Cr: 18.0139 )
00000128: 17.406    (Y': 17.9168   Cb: 15.3963   Cr: 18.0844 )
00000130: 17.5259   (Y': 18.0818   Cb: 15.4297   Cr: 18.1798 )
00000129: 17.4898   (Y': 18.0309   Cb: 15.3821   Cr: 18.227  )
00000131: 17.3236   (Y': 17.8573   Cb: 15.2559   Cr: 18.015  )
00000133: 17.3354   (Y': 17.8421   Cb: 15.3059   Cr: 18.0677 )
00000132: 17.2741   (Y': 17.7873   Cb: 15.2227   Cr: 18.0205 )
00000134: 17.4388   (Y': 17.9767   Cb: 15.3481   Cr: 18.1564 )
00000135: 17.5453   (Y': 18.1189   Cb: 15.4241   Cr: 18.1746 )
00000136: 17.5954   (Y': 18.1567   Cb: 15.4702   Cr: 18.2822 )
00000137: 17.5662   (Y': 18.1293   Cb: 15.448    Cr: 18.232  )
00000138: 17.5226   (Y': 18.0927   Cb: 15.4146   Cr: 18.1412 )
00000139: 17.4368   (Y': 17.9796   Cb: 15.3522   Cr: 18.1228 )
00000140: 17.3931   (Y': 17.9598   Cb: 15.3129   Cr: 17.9733 )
00000141: 17.3426   (Y': 17.8929   Cb: 15.2835   Cr: 17.9501 )
00000142: 17.1649   (Y': 17.6467   Cb: 15.2082   Cr: 17.8666 )
00000143: 17.0574   (Y': 17.5146   Cb: 15.1245   Cr: 17.8196 )
00000144: 17.1565   (Y': 17.6598   Cb: 15.1903   Cr: 17.7863 )
00000145: 17.2357   (Y': 17.7472   Cb: 15.2592   Cr: 17.8504 )
00000146: 17.327    (Y': 17.8547   Cb: 15.3099   Cr: 17.9493 )
00000150: 17.1837   (Y': 17.6444   Cb: 15.2541   Cr: 17.9249 )
00000147: 17.3561   (Y': 17.8857   Cb: 15.3189   Cr: 18.0077 )
00000148: 17.3356   (Y': 17.8585   Cb: 15.3158   Cr: 17.9824 )
00000149: 17.251    (Y': 17.732    Cb: 15.3114   Cr: 17.9244 )
00000151: 17.0871   (Y': 17.5609   Cb: 15.1507   Cr: 17.7847 )
00000152: 17.1041   (Y': 17.5764   Cb: 15.2156   Cr: 17.7219 )
00000153: 17.1821   (Y': 17.6675   Cb: 15.2366   Cr: 17.8478 )
00000154: 17.2426   (Y': 17.7199   Cb: 15.29     Cr: 17.9554 )
00000155: 17.3389   (Y': 17.8649   Cb: 15.3141   Cr: 17.9825 )
00000156: 17.1985   (Y': 17.674    Cb: 15.2221   Cr: 17.9637 )
00000157: 17.168    (Y': 17.6492   Cb: 15.2243   Cr: 17.8477 )
00000158: 17.2039   (Y': 17.664    Cb: 15.268    Cr: 17.9591 )
00000159: 17.2817   (Y': 17.7756   Cb: 15.3079   Cr: 17.9639 )
00000160: 17.27     (Y': 17.7787   Cb: 15.2445   Cr: 17.9866 )
00000161: 17.171    (Y': 17.6142   Cb: 15.2834   Cr: 17.9095 )
00000162: 17.1141   (Y': 17.5761   Cb: 15.2088   Cr: 17.8046 )
00000163: 17.132    (Y': 17.5645   Cb: 15.2836   Cr: 17.8444 )
00000165: 17.0911   (Y': 17.549    Cb: 15.2022   Cr: 17.7692 )
00000164: 17.0891   (Y': 17.5574   Cb: 15.1788   Cr: 17.7622 )
00000166: 17.0641   (Y': 17.5285   Cb: 15.1896   Cr: 17.6895 )
00000167: 17.0892   (Y': 17.5349   Cb: 15.2149   Cr: 17.7929 )
00000168: 17.1137   (Y': 17.5741   Cb: 15.2375   Cr: 17.7585 )
00000169: 17.1504   (Y': 17.6234   Cb: 15.2171   Cr: 17.8454 )
00000170: 17.1948   (Y': 17.6669   Cb: 15.2824   Cr: 17.8564 )
00000171: 17.2907   (Y': 17.8044   Cb: 15.2989   Cr: 17.9242 )
00000172: 17.3343   (Y': 17.853    Cb: 15.3144   Cr: 17.9988 )
00000173: 17.4339   (Y': 17.949    Cb: 15.4075   Cr: 18.1254 )
00000174: 17.4392   (Y': 17.9711   Cb: 15.3593   Cr: 18.1618 )
00000175: 17.4781   (Y': 18.0186   Cb: 15.3879   Cr: 18.1838 )
00000176: 17.4628   (Y': 17.9998   Cb: 15.3713   Cr: 18.1861 )
00000177: 17.4731   (Y': 18.011    Cb: 15.3962   Cr: 18.1644 )
00000178: 17.3279   (Y': 17.8396   Cb: 15.3498   Cr: 17.9447 )
00000179: 17.2018   (Y': 17.6378   Cb: 15.2914   Cr: 18.0133 )
00000181: 17.4088   (Y': 17.8971   Cb: 15.4157   Cr: 18.1507 )
00000182: 17.5089   (Y': 18.0467   Cb: 15.4439   Cr: 18.1786 )
00000180: 17.3023   (Y': 17.7725   Cb: 15.3582   Cr: 18.0295 )
00000183: 17.5612   (Y': 18.116    Cb: 15.4872   Cr: 18.1784 )
00000184: 17.563    (Y': 18.1238   Cb: 15.4526   Cr: 18.2235 )
00000185: 17.5826   (Y': 18.1678   Cb: 15.4803   Cr: 18.1299 )
00000186: 17.5641   (Y': 18.1346   Cb: 15.4522   Cr: 18.1886 )
00000188: 17.349    (Y': 17.8963   Cb: 15.3167   Cr: 17.9195 )
00000189: 17.2172   (Y': 17.7334   Cb: 15.2119   Cr: 17.865  )
00000187: 17.48     (Y': 18.0742   Cb: 15.3472   Cr: 18.0479 )
00000190: 17.0777   (Y': 17.5541   Cb: 15.1409   Cr: 17.7647 )
00000191: 17.1434   (Y': 17.6274   Cb: 15.2      Cr: 17.8111 )
00000192: 17.204    (Y': 17.7154   Cb: 15.236    Cr: 17.8035 )
00000194: 17.3981   (Y': 17.9408   Cb: 15.3432   Cr: 18.029  )
00000193: 17.3197   (Y': 17.8533   Cb: 15.3075   Cr: 17.9089 )
00000195: 17.3854   (Y': 17.9522   Cb: 15.2892   Cr: 17.9953 )
00000197: 17.3983   (Y': 17.963    Cb: 15.3442   Cr: 17.9393 )
00000198: 17.4282   (Y': 17.9592   Cb: 15.4025   Cr: 18.0531 )
00000196: 17.4041   (Y': 17.948    Cb: 15.3433   Cr: 18.0411 )
00000199: 17.3459   (Y': 17.8488   Cb: 15.3308   Cr: 18.0671 )
00000200: 17.3801   (Y': 17.8864   Cb: 15.3985   Cr: 18.0254 )
00000202: 17.2686   (Y': 17.7429   Cb: 15.3114   Cr: 18.0024 )
00000201: 17.3835   (Y': 17.8945   Cb: 15.3487   Cr: 18.1075 )
00000203: 17.4135   (Y': 17.937    Cb: 15.3878   Cr: 18.0689 )
00000204: 17.3497   (Y': 17.8966   Cb: 15.3126   Cr: 17.9302 )
00000206: 17.1265   (Y': 17.5799   Cb: 15.2931   Cr: 17.7253 )
00000205: 17.2221   (Y': 17.6748   Cb: 15.3252   Cr: 17.9373 )
00000207: 17.1768   (Y': 17.6513   Cb: 15.2403   Cr: 17.8718 )
00000208: 17.2459   (Y': 17.7166   Cb: 15.2876   Cr: 17.9973 )
00000209: 17.291    (Y': 17.7771   Cb: 15.32     Cr: 18.0004 )
00000210: 17.3056   (Y': 17.7893   Cb: 15.3701   Cr: 17.9605 )
00000211: 17.3681   (Y': 17.8895   Cb: 15.3463   Cr: 18.025  )
00000212: 17.38     (Y': 17.9345   Cb: 15.2835   Cr: 18.0405 )
00000214: 17.2312   (Y': 17.7301   Cb: 15.2311   Cr: 17.9413 )
00000215: 17.2365   (Y': 17.7153   Cb: 15.305    Cr: 17.9043 )
00000213: 17.3282   (Y': 17.849    Cb: 15.2902   Cr: 18.0177 )
00000216: 17.1523   (Y': 17.6337   Cb: 15.2081   Cr: 17.832  )
00000217: 17.1662   (Y': 17.646    Cb: 15.2147   Cr: 17.8663 )
00000218: 17.1492   (Y': 17.6499   Cb: 15.1769   Cr: 17.8005 )
00000219: 17.1898   (Y': 17.7048   Cb: 15.1983   Cr: 17.8174 )
00000220: 17.272    (Y': 17.773    Cb: 15.2926   Cr: 17.9351 )
00000221: 17.3099   (Y': 17.8186   Cb: 15.3124   Cr: 17.9746 )
00000223: 17.3178   (Y': 17.8627   Cb: 15.2926   Cr: 17.8853 )
00000222: 17.24     (Y': 17.7341   Cb: 15.2884   Cr: 17.8809 )
00000224: 17.3736   (Y': 17.9096   Cb: 15.3202   Cr: 18.029  )
00000225: 17.37     (Y': 17.9199   Cb: 15.3231   Cr: 17.9562 )
00000226: 17.4103   (Y': 17.9788   Cb: 15.2872   Cr: 18.0637 )
00000227: 17.282    (Y': 17.8069   Cb: 15.1631   Cr: 18.1097 )
00000231: 17.2777   (Y': 17.8341   Cb: 15.1343   Cr: 18.0201 )
00000230: 17.2033   (Y': 17.7254   Cb: 15.1215   Cr: 17.9705 )
00000228: 17.2548   (Y': 17.7514   Cb: 15.1683   Cr: 18.1409 )
00000229: 17.1077   (Y': 17.6393   Cb: 15.0295   Cr: 17.8285 )
00000232: 17.3405   (Y': 17.9053   Cb: 15.197    Cr: 18.0484 )
00000234: 17.5111   (Y': 18.0331   Cb: 15.4167   Cr: 18.3034 )
00000233: 17.2943   (Y': 17.7901   Cb: 15.1636   Cr: 18.2729 )
00000235: 17.6372   (Y': 18.21     Cb: 15.4776   Cr: 18.343  )
00000237: 17.4778   (Y': 18.0155   Cb: 15.4266   Cr: 18.1226 )
00000238: 17.3939   (Y': 17.9183   Cb: 15.3678   Cr: 18.0466 )
00000236: 17.6483   (Y': 18.2548   Cb: 15.4294   Cr: 18.3312 )
00000239: 17.5393   (Y': 18.0956   Cb: 15.4586   Cr: 18.1628 )
00000240: 17.6121   (Y': 18.1832   Cb: 15.4546   Cr: 18.3208 )
00000241: 17.6048   (Y': 18.19     Cb: 15.4823   Cr: 18.1896 )
00000242: 17.5903   (Y': 18.1743   Cb: 15.4536   Cr: 18.2066 )
00000243: 17.4792   (Y': 18.0542   Cb: 15.3757   Cr: 18.0694 )
00000244: 17.4055   (Y': 17.9213   Cb: 15.4157   Cr: 18.0267 )
00000245: 17.3461   (Y': 17.8665   Cb: 15.3407   Cr: 17.9762 )
00000246: 17.2793   (Y': 17.7649   Cb: 15.3041   Cr: 17.999  )
00000247: 17.3392   (Y': 17.8367   Cb: 15.3297   Cr: 18.0726 )
00000248: 17.3951   (Y': 17.905    Cb: 15.3941   Cr: 18.0609 )
00000249: 17.4055   (Y': 17.8928   Cb: 15.4225   Cr: 18.1328 )
00000250: 17.5058   (Y': 18.016    Cb: 15.495    Cr: 18.1884 )
00000251: 17.4771   (Y': 18.0382   Cb: 15.387    Cr: 18.0989 )
00000253: 17.3551   (Y': 17.8515   Cb: 15.3452   Cr: 18.0942 )
00000254: 17.3676   (Y': 17.9208   Cb: 15.2563   Cr: 18.0613 )
00000255: 17.4032   (Y': 17.9441   Cb: 15.3006   Cr: 18.1314 )
00000252: 17.3979   (Y': 17.9235   Cb: 15.3212   Cr: 18.1407 )
00000256: 17.423    (Y': 17.9271   Cb: 15.3881   Cr: 18.1767 )
00000257: 17.4844   (Y': 18.0057   Cb: 15.4278   Cr: 18.2067 )
00000258: 17.464    (Y': 18.0296   Cb: 15.3894   Cr: 18.0384 )
00000259: 17.5559   (Y': 18.1288   Cb: 15.4246   Cr: 18.2068 )
00000260: 17.5144   (Y': 18.0444   Cb: 15.4311   Cr: 18.2515 )
00000261: 17.4593   (Y': 17.9956   Cb: 15.3852   Cr: 18.1522 )
00000262: 17.3839   (Y': 17.9109   Cb: 15.3371   Cr: 18.064  )
00000263: 17.3063   (Y': 17.8292   Cb: 15.2493   Cr: 18.0233 )
00000264: 17.4641   (Y': 18.0316   Cb: 15.3233   Cr: 18.1549 )
00000265: 17.5488   (Y': 18.1134   Cb: 15.4544   Cr: 18.1641 )
00000266: 17.5457   (Y': 18.1272   Cb: 15.4188   Cr: 18.1533 )
00000267: 17.5225   (Y': 18.0808   Cb: 15.4424   Cr: 18.1369 )
00000268: 17.6281   (Y': 18.2379   Cb: 15.4547   Cr: 18.2102 )
00000269: 17.6092   (Y': 18.2893   Cb: 15.3421   Cr: 18.0942 )
00000270: 17.6831   (Y': 18.3857   Cb: 15.3177   Cr: 18.2703 )
00000271: 17.58     (Y': 18.304    Cb: 15.1897   Cr: 18.1337 )
00000272: 17.4837   (Y': 18.1546   Cb: 15.1493   Cr: 18.1347 )
00000273: 17.3924   (Y': 18.0589   Cb: 15.1111   Cr: 17.9566 )
00000274: 17.3168   (Y': 17.9627   Cb: 15.091    Cr: 17.856  )
00000275: 17.2627   (Y': 17.9553   Cb: 14.974    Cr: 17.7406 )
00000276: 17.2662   (Y': 17.9524   Cb: 15.0386   Cr: 17.6547 )
00000277: 17.3779   (Y': 18.1062   Cb: 15.0816   Cr: 17.7362 )
00000278: 17.4109   (Y': 18.1635   Cb: 15.0675   Cr: 17.7675 )
00000279: 17.4049   (Y': 18.1643   Cb: 15.0661   Cr: 17.7283 )
00000280: 17.3029   (Y': 18.0066   Cb: 14.9858   Cr: 17.7923 )
00000281: 17.4851   (Y': 18.162    Cb: 15.2021   Cr: 18.0127 )
00000282: 17.5303   (Y': 18.2225   Cb: 15.1924   Cr: 18.1043 )
00000283: 17.523    (Y': 18.1292   Cb: 15.382    Cr: 18.059  )
00000284: 17.5317   (Y': 18.1002   Cb: 15.4044   Cr: 18.1931 )
00000285: 17.5519   (Y': 18.083    Cb: 15.5233   Cr: 18.1811 )
00000286: 17.4965   (Y': 17.9924   Cb: 15.49     Cr: 18.2313 )
00000287: 17.5326   (Y': 18.0599   Cb: 15.4255   Cr: 18.3267 )
00000288: 17.6511   (Y': 18.2192   Cb: 15.4766   Cr: 18.4055 )
00000289: 17.4997   (Y': 18.0763   Cb: 15.3846   Cr: 18.1052 )
00000290: 17.5762   (Y': 18.0773   Cb: 15.5057   Cr: 18.4114 )
00000291: 17.5802   (Y': 18.1075   Cb: 15.4702   Cr: 18.3802 )
00000292: 17.8074   (Y': 18.2013   Cb: 15.9781   Cr: 18.6534 )
00000293: 17.8616   (Y': 18.2732   Cb: 15.9965   Cr: 18.6955 )
00000294: 17.8196   (Y': 18.2353   Cb: 15.9238   Cr: 18.6928 )
00000295: 17.6647   (Y': 17.9973   Cb: 15.93     Cr: 18.6128 )
00000296: 17.6351   (Y': 17.9594   Cb: 15.9114   Cr: 18.6005 )
00000297: 17.5115   (Y': 17.8441   Cb: 15.8053   Cr: 18.4073 )
00000298: 17.5872   (Y': 17.9885   Cb: 15.7942   Cr: 18.334  )
00000299: 17.6345   (Y': 18.1467   Cb: 15.6409   Cr: 18.2773 )
00000300: 17.3845   (Y': 18.0187   Cb: 15.1326   Cr: 18.0196 )
00000301: 17.3532   (Y': 18.0405   Cb: 15.045    Cr: 17.8891 )
00000302: 17.4539   (Y': 18.1816   Cb: 15.0456   Cr: 18.0288 )
00000303: 17.5279   (Y': 18.2428   Cb: 15.153    Cr: 18.0868 )
00000304: 17.5118   (Y': 18.2142   Cb: 15.1164   Cr: 18.16   )
00000305: 17.6477   (Y': 18.3781   Cb: 15.2842   Cr: 18.1248 )
00000306: 17.5545   (Y': 18.2171   Cb: 15.3382   Cr: 18.0113 )
00000307: 17.4722   (Y': 18.1199   Cb: 15.3061   Cr: 17.8936 )
00000308: 17.5609   (Y': 18.1781   Cb: 15.4637   Cr: 17.9743 )
00000309: 17.3589   (Y': 17.9453   Cb: 15.2745   Cr: 17.8692 )
00000311: 17.2921   (Y': 17.821    Cb: 15.2591   Cr: 17.9391 )
00000310: 17.3004   (Y': 17.8657   Cb: 15.2262   Cr: 17.8759 )
00000312: 17.368    (Y': 17.9482   Cb: 15.2681   Cr: 17.9306 )
00000313: 17.4206   (Y': 17.9799   Cb: 15.3362   Cr: 18.0385 )
00000314: 17.3774   (Y': 17.9213   Cb: 15.2891   Cr: 18.0659 )
00000315: 17.3737   (Y': 17.8822   Cb: 15.3606   Cr: 18.0679 )
00000316: 17.3144   (Y': 17.8327   Cb: 15.3016   Cr: 17.9672 )
00000317: 17.2773   (Y': 17.7651   Cb: 15.2421   Cr: 18.101  )
00000318: 17.2279   (Y': 17.7572   Cb: 15.1396   Cr: 17.9777 )
00000319: 17.1634   (Y': 17.6562   Cb: 15.142    Cr: 17.9398 )
00000320: 17.0971   (Y': 17.5844   Cb: 15.0902   Cr: 17.8695 )
00000321: 17.17     (Y': 17.6652   Cb: 15.1368   Cr: 17.9587 )
00000322: 17.2531   (Y': 17.7462   Cb: 15.2511   Cr: 17.9909 )
00000323: 17.5156   (Y': 18.0713   Cb: 15.4017   Cr: 18.204  )
00000324: 17.5354   (Y': 18.132    Cb: 15.3698   Cr: 18.1552 )
00000325: 17.4888   (Y': 18.0826   Cb: 15.351    Cr: 18.068  )
00000327: 17.5452   (Y': 18.1529   Cb: 15.3714   Cr: 18.1362 )
00000326: 17.4787   (Y': 18.0491   Cb: 15.333    Cr: 18.1675 )
00000328: 17.4864   (Y': 18.069    Cb: 15.361    Cr: 18.087  )
00000329: 17.3668   (Y': 17.9717   Cb: 15.2451   Cr: 17.8724 )
00000330: 17.2323   (Y': 17.7991   Cb: 15.1706   Cr: 17.7783 )
00000331: 17.1874   (Y': 17.7296   Cb: 15.1615   Cr: 17.7667 )
00000332: 17.1959   (Y': 17.7689   Cb: 15.1035   Cr: 17.7734 )
00000333: 17.2545   (Y': 17.8401   Cb: 15.1431   Cr: 17.8169 )
00000334: 17.2368   (Y': 17.7968   Cb: 15.1594   Cr: 17.8391 )
00000335: 17.2564   (Y': 17.8351   Cb: 15.1714   Cr: 17.7979 )
00000336: 17.2924   (Y': 17.8627   Cb: 15.1785   Cr: 17.9206 )
00000337: 17.3641   (Y': 17.9616   Cb: 15.2308   Cr: 17.9199 )
00000338: 17.3898   (Y': 17.9905   Cb: 15.2123   Cr: 18.0163 )
00000339: 17.3195   (Y': 17.8945   Cb: 15.1892   Cr: 17.9598 )
00000340: 17.303    (Y': 17.8525   Cb: 15.2282   Cr: 17.943  )
00000341: 17.352    (Y': 17.9321   Cb: 15.2131   Cr: 17.9885 )
00000343: 17.506    (Y': 18.1005   Cb: 15.3504   Cr: 18.1156 )
00000342: 17.4769   (Y': 18.0946   Cb: 15.2827   Cr: 18.067  )
00000344: 17.442    (Y': 18.0241   Cb: 15.3114   Cr: 18.0544 )
00000345: 17.3944   (Y': 17.9934   Cb: 15.2411   Cr: 17.9819 )
00000346: 17.2931   (Y': 17.8175   Cb: 15.2589   Cr: 17.9608 )
00000347: 17.2647   (Y': 17.7922   Cb: 15.2379   Cr: 17.906  )
00000348: 17.2858   (Y': 17.8457   Cb: 15.1957   Cr: 17.9117 )
00000349: 17.3676   (Y': 17.9445   Cb: 15.2531   Cr: 17.9708 )
00000351: 17.547    (Y': 18.1722   Cb: 15.3496   Cr: 18.1132 )
00000350: 17.481    (Y': 18.1001   Cb: 15.3234   Cr: 17.9967 )
00000352: 17.5152   (Y': 18.132    Cb: 15.3404   Cr: 18.072  )
00000353: 17.4493   (Y': 18.0694   Cb: 15.2837   Cr: 17.9764 )
00000354: 17.4119   (Y': 18.0178   Cb: 15.2823   Cr: 17.9281 )
00000355: 17.4107   (Y': 18.0021   Cb: 15.2669   Cr: 18.0111 )
00000356: 17.3294   (Y': 17.9018   Cb: 15.2406   Cr: 17.9032 )
00000357: 17.3757   (Y': 17.9478   Cb: 15.312    Cr: 17.9045 )
00000358: 17.5183   (Y': 18.1108   Cb: 15.3668   Cr: 18.1283 )
00000359: 17.5414   (Y': 18.1612   Cb: 15.3708   Cr: 18.0792 )
00000360: 17.5651   (Y': 18.2021   Cb: 15.3755   Cr: 18.0706 )
00000361: 17.5123   (Y': 18.1644   Cb: 15.2768   Cr: 18.045  )
00000362: 17.4656   (Y': 18.0522   Cb: 15.3659   Cr: 18.0022 )
00000363: 17.3918   (Y': 17.9351   Cb: 15.3187   Cr: 18.0543 )
00000364: 17.5014   (Y': 18.0878   Cb: 15.3848   Cr: 18.0703 )
00000365: 17.5364   (Y': 18.1654   Cb: 15.3176   Cr: 18.1288 )
00000366: 17.4405   (Y': 18.0311   Cb: 15.3058   Cr: 18.0264 )
00000367: 17.4549   (Y': 18.0126   Cb: 15.357    Cr: 18.1049 )
00000368: 17.5146   (Y': 18.0959   Cb: 15.3586   Cr: 18.1785 )
00000369: 17.4752   (Y': 18.069    Cb: 15.337    Cr: 18.0548 )
00000370: 17.498    (Y': 18.0757   Cb: 15.3712   Cr: 18.1209 )
00000371: 17.6329   (Y': 18.2694   Cb: 15.4178   Cr: 18.1887 )
00000372: 17.7613   (Y': 18.4081   Cb: 15.5013   Cr: 18.3621 )
00000373: 17.6295   (Y': 18.2468   Cb: 15.3423   Cr: 18.4032 )
00000374: 17.6384   (Y': 18.265    Cb: 15.3322   Cr: 18.4128 )
00000375: 17.7238   (Y': 18.3444   Cb: 15.4341   Cr: 18.4892 )
00000376: 17.7329   (Y': 18.3504   Cb: 15.4838   Cr: 18.4303 )
00000377: 17.6447   (Y': 18.269    Cb: 15.3947   Cr: 18.3161 )
00000378: 17.4547   (Y': 18.0443   Cb: 15.2996   Cr: 18.0835 )
00000379: 17.4163   (Y': 18.0459   Cb: 15.2548   Cr: 17.899  )
00000380: 17.2355   (Y': 17.7926   Cb: 15.159    Cr: 17.8476 )
00000381: 17.5071   (Y': 18.0939   Cb: 15.3033   Cr: 18.2413 )
00000382: 17.6296   (Y': 18.2673   Cb: 15.3445   Cr: 18.3159 )
00000383: 17.6664   (Y': 18.3052   Cb: 15.3511   Cr: 18.4088 )
00000384: 17.6042   (Y': 18.2597   Cb: 15.2406   Cr: 18.3763 )
00000385: 17.6061   (Y': 18.2663   Cb: 15.278    Cr: 18.2874 )
00000386: 17.5557   (Y': 18.2414   Cb: 15.1787   Cr: 18.2332 )
00000387: 17.6075   (Y': 18.2655   Cb: 15.2956   Cr: 18.2651 )
00000388: 17.6079   (Y': 18.2566   Cb: 15.3024   Cr: 18.2903 )
00000389: 17.5988   (Y': 18.2563   Cb: 15.347    Cr: 18.1421 )
00000390: 17.5438   (Y': 18.19     Cb: 15.3104   Cr: 18.0961 )
00000391: 17.4315   (Y': 18.0633   Cb: 15.2409   Cr: 17.959  )
00000392: 17.3318   (Y': 18.0081   Cb: 15.1121   Cr: 17.7426 )
00000393: 17.2495   (Y': 17.8987   Cb: 15.0686   Cr: 17.6921 )
00000394: 17.2665   (Y': 17.9025   Cb: 15.0801   Cr: 17.7701 )
00000395: 17.3606   (Y': 17.9999   Cb: 15.1018   Cr: 17.989  )
00000396: 17.3577   (Y': 17.9339   Cb: 15.1762   Cr: 18.0915 )
00000397: 17.3597   (Y': 17.9775   Cb: 15.1609   Cr: 17.9578 )
00000398: 17.3582   (Y': 17.9279   Cb: 15.2225   Cr: 18.0305 )
00000399: 17.421    (Y': 18.0032   Cb: 15.2423   Cr: 18.1247 )
00000400: 17.6076   (Y': 18.1927   Cb: 15.4349   Cr: 18.288  )
00000401: 17.5539   (Y': 18.1734   Cb: 15.3817   Cr: 18.0954 )
00000402: 17.4876   (Y': 18.1171   Cb: 15.2867   Cr: 18.0437 )
00000403: 17.4535   (Y': 18.0486   Cb: 15.3115   Cr: 18.035  )
00000404: 17.373    (Y': 17.9602   Cb: 15.2548   Cr: 17.942  )
00000405: 17.3417   (Y': 17.9314   Cb: 15.2116   Cr: 17.9229 )
00000406: 17.1981   (Y': 17.7542   Cb: 15.1065   Cr: 17.8432 )
00000407: 17.1952   (Y': 17.7336   Cb: 15.156    Cr: 17.8147 )
00000408: 17.2911   (Y': 17.8828   Cb: 15.1611   Cr: 17.8642 )
00000409: 17.2237   (Y': 17.7581   Cb: 15.189    Cr: 17.8514 )
00000410: 17.1367   (Y': 17.6637   Cb: 15.1029   Cr: 17.7927 )
00000411: 17.2099   (Y': 17.7564   Cb: 15.1676   Cr: 17.8014 )
00000412: 17.2039   (Y': 17.7417   Cb: 15.1514   Cr: 17.8498 )
00000413: 17.1834   (Y': 17.7346   Cb: 15.1026   Cr: 17.8272 )
00000414: 17.1465   (Y': 17.6681   Cb: 15.1537   Cr: 17.7493 )
00000415: 17.2003   (Y': 17.7429   Cb: 15.1409   Cr: 17.84   )
00000416: 17.1887   (Y': 17.7197   Cb: 15.1211   Cr: 17.8918 )
00000417: 17.1908   (Y': 17.723    Cb: 15.1583   Cr: 17.8228 )
00000418: 17.2451   (Y': 17.8001   Cb: 15.1617   Cr: 17.8792 )
00000419: 17.3811   (Y': 17.9792   Cb: 15.2325   Cr: 17.9633 )
00000420: 17.3685   (Y': 17.9468   Cb: 15.2683   Cr: 17.9399 )
00000421: 17.3128   (Y': 17.8537   Cb: 15.25     Cr: 17.9654 )
00000422: 17.3023   (Y': 17.845    Cb: 15.2436   Cr: 17.9403 )
00000423: 17.2323   (Y': 17.7677   Cb: 15.1717   Cr: 17.9037 )
00000424: 17.25     (Y': 17.7954   Cb: 15.1754   Cr: 17.9063 )
00000425: 17.1781   (Y': 17.6844   Cb: 15.2012   Cr: 17.8142 )
00000426: 17.151    (Y': 17.6713   Cb: 15.1331   Cr: 17.8051 )
00000427: 17.1443   (Y': 17.6374   Cb: 15.1588   Cr: 17.8516 )
00000428: 17.1442   (Y': 17.6435   Cb: 15.1672   Cr: 17.8095 )
00000429: 17.1765   (Y': 17.6706   Cb: 15.1914   Cr: 17.8787 )
00000431: 17.244    (Y': 17.7669   Cb: 15.1887   Cr: 17.9572 )
00000430: 17.2047   (Y': 17.7383   Cb: 15.1501   Cr: 17.872  )
00000432: 17.3026   (Y': 17.8424   Cb: 15.2413   Cr: 17.9576 )
00000433: 17.384    (Y': 17.9499   Cb: 15.2901   Cr: 17.9929 )
00000434: 17.3294   (Y': 17.8999   Cb: 15.2107   Cr: 17.9666 )
00000435: 17.4002   (Y': 17.9481   Cb: 15.3404   Cr: 18.019  )
00000436: 17.4955   (Y': 18.0337   Cb: 15.418    Cr: 18.1869 )
00000437: 17.5368   (Y': 18.0954   Cb: 15.4197   Cr: 18.2196 )
00000438: 17.5946   (Y': 18.2068   Cb: 15.4095   Cr: 18.1896 )
00000439: 17.5214   (Y': 18.1618   Cb: 15.3013   Cr: 18.0708 )
00000440: 17.4755   (Y': 18.0665   Cb: 15.3445   Cr: 18.053  )
00000441: 17.4413   (Y': 17.9967   Cb: 15.3289   Cr: 18.1281 )
00000442: 17.3429   (Y': 17.892    Cb: 15.2829   Cr: 17.9573 )
00000443: 17.3939   (Y': 17.9818   Cb: 15.2708   Cr: 17.9692 )
00000444: 17.408    (Y': 17.9786   Cb: 15.3099   Cr: 18.0062 )
00000445: 17.3136   (Y': 17.8751   Cb: 15.2582   Cr: 17.8696 )
00000447: 17.3386   (Y': 17.9214   Cb: 15.1953   Cr: 17.972  )
00000446: 17.328    (Y': 17.8829   Cb: 15.2257   Cr: 17.9974 )
00000448: 17.324    (Y': 17.8954   Cb: 15.2142   Cr: 17.9404 )
00000449: 17.3474   (Y': 17.9157   Cb: 15.2296   Cr: 17.9917 )
00000450: 17.3896   (Y': 17.9791   Cb: 15.2745   Cr: 17.9435 )
00000451: 17.34     (Y': 17.9202   Cb: 15.2663   Cr: 17.8549 )
00000452: 17.3262   (Y': 17.908    Cb: 15.1959   Cr: 17.9391 )
00000453: 17.1702   (Y': 17.7019   Cb: 15.1478   Cr: 17.7857 )
00000454: 17.1417   (Y': 17.6557   Cb: 15.167    Cr: 17.7425 )
00000455: 17.2217   (Y': 17.777    Cb: 15.1602   Cr: 17.814  )
00000456: 17.2309   (Y': 17.7794   Cb: 15.1652   Cr: 17.8582 )
00000457: 17.2913   (Y': 17.8349   Cb: 15.2189   Cr: 17.951  )
00000458: 17.3853   (Y': 17.9567   Cb: 15.3039   Cr: 17.9488 )
00000459: 17.422    (Y': 18.0304   Cb: 15.2718   Cr: 17.966  )
00000460: 17.5043   (Y': 18.1017   Cb: 15.3642   Cr: 18.0732 )
00000461: 17.6075   (Y': 18.2063   Cb: 15.402    Cr: 18.2958 )
00000463: 17.7527   (Y': 18.3561   Cb: 15.4915   Cr: 18.5316 )
00000462: 17.68     (Y': 18.3126   Cb: 15.4061   Cr: 18.3647 )
00000464: 17.7514   (Y': 18.3405   Cb: 15.527    Cr: 18.5168 )
00000465: 17.7322   (Y': 18.3499   Cb: 15.437    Cr: 18.5209 )
00000466: 17.7451   (Y': 18.3042   Cb: 15.5032   Cr: 18.6739 )
00000467: 17.7717   (Y': 18.3453   Cb: 15.5094   Cr: 18.6795 )
00000468: 17.7445   (Y': 18.3081   Cb: 15.4438   Cr: 18.7775 )
00000469: 17.7036   (Y': 18.2604   Cb: 15.3766   Cr: 18.8243 )
00000470: 17.6881   (Y': 18.2565   Cb: 15.3472   Cr: 18.7875 )
00000471: 17.6112   (Y': 18.1511   Cb: 15.301    Cr: 18.7728 )
00000472: 17.5329   (Y': 18.0419   Cb: 15.3061   Cr: 18.6537 )
00000473: 17.6356   (Y': 18.1673   Cb: 15.3948   Cr: 18.6831 )
00000474: 17.6196   (Y': 18.1482   Cb: 15.3801   Cr: 18.6782 )
00000475: 17.6197   (Y': 18.174    Cb: 15.3461   Cr: 18.6358 )
00000476: 17.9359   (Y': 18.4505   Cb: 15.8232   Cr: 18.7961 )
00000477: 18.1047   (Y': 18.6129   Cb: 16.0281   Cr: 18.9216 )
00000478: 18.1622   (Y': 18.6769   Cb: 16.0724   Cr: 18.9765 )
00000479: 18.1923   (Y': 18.7355   Cb: 16.0863   Cr: 18.9174 )
00000480: 18.1595   (Y': 18.7181   Cb: 16.0105   Cr: 18.9036 )
00000481: 18.1501   (Y': 18.71     Cb: 16.0428   Cr: 18.8084 )
00000482: 18.0541   (Y': 18.6191   Cb: 15.9459   Cr: 18.6939 )
00000483: 17.9058   (Y': 18.4975   Cb: 15.7893   Cr: 18.4537 )
00000484: 17.858    (Y': 18.4831   Cb: 15.7288   Cr: 18.299  )
00000485: 17.7083   (Y': 18.339    Cb: 15.5599   Cr: 18.1628 )
00000486: 17.5114   (Y': 18.1584   Cb: 15.2659   Cr: 18.0836 )
00000487: 17.5777   (Y': 18.1672   Cb: 15.4494   Cr: 18.1561 )
00000488: 17.4862   (Y': 18.0475   Cb: 15.4089   Cr: 18.0827 )
00000489: 17.2429   (Y': 17.7319   Cb: 15.2886   Cr: 17.9097 )
00000490: 17.3146   (Y': 17.8082   Cb: 15.3327   Cr: 18.013  )
00000491: 17.4686   (Y': 18.0285   Cb: 15.3712   Cr: 18.1085 )
00000492: 17.445    (Y': 17.98     Cb: 15.351    Cr: 18.1813 )
00000493: 17.4327   (Y': 17.9709   Cb: 15.3749   Cr: 18.0871 )
00000494: 17.5393   (Y': 18.0863   Cb: 15.4412   Cr: 18.2339 )
00000495: 17.3664   (Y': 17.8826   Cb: 15.3401   Cr: 18.053  )
00000496: 17.3565   (Y': 17.8614   Cb: 15.345    Cr: 18.0625 )
00000497: 17.6123   (Y': 18.1814   Cb: 15.4655   Cr: 18.3084 )
00000498: 17.62     (Y': 18.1916   Cb: 15.5153   Cr: 18.2262 )
00000499: 17.415    (Y': 17.95     Cb: 15.3348   Cr: 18.1248 )
00000500: 17.6119   (Y': 18.1943   Cb: 15.4908   Cr: 18.2058 )
00000501: 17.5569   (Y': 18.1394   Cb: 15.4233   Cr: 18.1734 )
00000503: 17.2114   (Y': 17.6604   Cb: 15.319    Cr: 17.9337 )
00000502: 17.3206   (Y': 17.8102   Cb: 15.3298   Cr: 18.0525 )
00000504: 17.2122   (Y': 17.6965   Cb: 15.2792   Cr: 17.8601 )
00000505: 17.2388   (Y': 17.7379   Cb: 15.2894   Cr: 17.8553 )
00000506: 17.1719   (Y': 17.6478   Cb: 15.2311   Cr: 17.8688 )
00000507: 17.1899   (Y': 17.6878   Cb: 15.2205   Cr: 17.8474 )
00000508: 17.217    (Y': 17.6977   Cb: 15.2678   Cr: 17.9094 )
00000509: 17.2417   (Y': 17.7042   Cb: 15.312    Cr: 17.975  )
00000511: 17.161    (Y': 17.645    Cb: 15.21     Cr: 17.8427 )
00000510: 17.2278   (Y': 17.7016   Cb: 15.2759   Cr: 17.9539 )
00000512: 17.2329   (Y': 17.7042   Cb: 15.2932   Cr: 17.9474 )
00000513: 17.1904   (Y': 17.6459   Cb: 15.288    Cr: 17.9035 )
00000514: 17.1843   (Y': 17.6343   Cb: 15.2966   Cr: 17.8938 )
00000516: 17.1393   (Y': 17.5761   Cb: 15.2406   Cr: 17.9259 )
00000515: 17.1649   (Y': 17.6099   Cb: 15.2733   Cr: 17.9026 )
00000517: 17.1715   (Y': 17.6153   Cb: 15.2902   Cr: 17.8954 )
00000519: 17.1873   (Y': 17.6438   Cb: 15.2921   Cr: 17.8825 )
00000518: 17.179    (Y': 17.6283   Cb: 15.2505   Cr: 17.9667 )
00000520: 17.1169   (Y': 17.5777   Cb: 15.1655   Cr: 17.898  )
00000521: 17.0818   (Y': 17.5063   Cb: 15.244    Cr: 17.8094 )
00000522: 17.085    (Y': 17.5262   Cb: 15.2064   Cr: 17.8155 )
00000523: 17.1363   (Y': 17.5707   Cb: 15.2752   Cr: 17.8639 )
00000524: 17.1744   (Y': 17.6047   Cb: 15.3488   Cr: 17.8557 )
00000525: 17.1111   (Y': 17.557    Cb: 15.2087   Cr: 17.865  )
00000526: 17.1428   (Y': 17.5711   Cb: 15.278    Cr: 17.9033 )
00000527: 17.1109   (Y': 17.5446   Cb: 15.2359   Cr: 17.8671 )
00000528: 17.0968   (Y': 17.5241   Cb: 15.2649   Cr: 17.8021 )
00000529: 17.0848   (Y': 17.5388   Cb: 15.1746   Cr: 17.8185 )
00000530: 17.1135   (Y': 17.564    Cb: 15.2076   Cr: 17.8546 )
00000531: 17.077    (Y': 17.5217   Cb: 15.1913   Cr: 17.8053 )
00000532: 17.1032   (Y': 17.548    Cb: 15.2158   Cr: 17.8344 )
00000533: 17.0993   (Y': 17.5395   Cb: 15.2075   Cr: 17.858  )
00000534: 17.1054   (Y': 17.5311   Cb: 15.2516   Cr: 17.8569 )
00000535: 17.1684   (Y': 17.6174   Cb: 15.2578   Cr: 17.9243 )
00000536: 17.2406   (Y': 17.7141   Cb: 15.2551   Cr: 18.0311 )
00000537: 17.3504   (Y': 17.8427   Cb: 15.3616   Cr: 18.0673 )
00000538: 17.4133   (Y': 17.938    Cb: 15.3546   Cr: 18.1255 )
00000540: 17.4447   (Y': 17.9888   Cb: 15.3545   Cr: 18.136  )
00000539: 17.4302   (Y': 17.9575   Cb: 15.3609   Cr: 18.1516 )
00000541: 17.3835   (Y': 17.9332   Cb: 15.2962   Cr: 18.0459 )
00000542: 17.2686   (Y': 17.7718   Cb: 15.2775   Cr: 17.944  )
00000543: 17.316    (Y': 17.8327   Cb: 15.2804   Cr: 18.0182 )
00000544: 17.2318   (Y': 17.7143   Cb: 15.2695   Cr: 17.9408 )
00000545: 17.3336   (Y': 17.855    Cb: 15.3092   Cr: 17.995  )
00000546: 17.4778   (Y': 18.0368   Cb: 15.3795   Cr: 18.1229 )
00000547: 17.5291   (Y': 18.1099   Cb: 15.3943   Cr: 18.1549 )
00000548: 17.4856   (Y': 18.0726   Cb: 15.3579   Cr: 18.0727 )
00000549: 17.4254   (Y': 17.9764   Cb: 15.331    Cr: 18.0959 )
00000551: 17.4118   (Y': 17.9523   Cb: 15.35     Cr: 18.0646 )
00000550: 17.3359   (Y': 17.897    Cb: 15.2466   Cr: 17.9556 )
00000552: 17.3859   (Y': 17.9231   Cb: 15.3469   Cr: 18.0098 )
00000553: 17.3465   (Y': 17.9097   Cb: 15.2975   Cr: 17.8836 )
00000554: 17.2954   (Y': 17.8375   Cb: 15.2487   Cr: 17.9136 )
00000555: 17.1679   (Y': 17.6939   Cb: 15.1738   Cr: 17.7551 )
00000556: 17.1655   (Y': 17.6483   Cb: 15.2512   Cr: 17.7857 )
00000557: 17.0955   (Y': 17.6247   Cb: 15.0578   Cr: 17.7497 )
00000558: 17.1642   (Y': 17.6578   Cb: 15.1865   Cr: 17.855  )
00000559: 17.1838   (Y': 17.6985   Cb: 15.2011   Cr: 17.7965 )
00000560: 17.2181   (Y': 17.7444   Cb: 15.1966   Cr: 17.8541 )
00000561: 17.1781   (Y': 17.695    Cb: 15.1432   Cr: 17.8781 )
00000562: 17.1204   (Y': 17.6042   Cb: 15.1818   Cr: 17.7805 )
00000563: 17.1072   (Y': 17.5853   Cb: 15.203    Cr: 17.7287 )
00000564: 17.0841   (Y': 17.5656   Cb: 15.1576   Cr: 17.7314 )
00000565: 17.1053   (Y': 17.5868   Cb: 15.1654   Cr: 17.7769 )
00000567: 17.3392   (Y': 17.8595   Cb: 15.3232   Cr: 17.9893 )
00000566: 17.1898   (Y': 17.657    Cb: 15.2391   Cr: 17.9423 )
00000568: 17.2479   (Y': 17.7226   Cb: 15.295    Cr: 17.9725 )
00000569: 17.2053   (Y': 17.6792   Cb: 15.2448   Cr: 17.9466 )
00000570: 17.2548   (Y': 17.7875   Cb: 15.2028   Cr: 17.9216 )
00000571: 17.3805   (Y': 17.8664   Cb: 15.4084   Cr: 18.0933 )
00000572: 17.3317   (Y': 17.8308   Cb: 15.3178   Cr: 18.0666 )
00000573: 17.4597   (Y': 18.0232   Cb: 15.3491   Cr: 18.1099 )
00000575: 17.4633   (Y': 18.0428   Cb: 15.3406   Cr: 18.0714 )
00000574: 17.4493   (Y': 18.0216   Cb: 15.3637   Cr: 18.0177 )
00000576: 17.4219   (Y': 17.9583   Cb: 15.3596   Cr: 18.0919 )
00000577: 17.3476   (Y': 17.8865   Cb: 15.325    Cr: 17.9343 )
00000578: 17.3093   (Y': 17.8624   Cb: 15.2492   Cr: 17.9071 )
00000579: 17.3305   (Y': 17.8732   Cb: 15.2976   Cr: 17.9208 )
00000580: 17.2734   (Y': 17.8096   Cb: 15.2646   Cr: 17.8462 )
00000581: 17.4284   (Y': 18.0117   Cb: 15.3623   Cr: 17.9173 )
00000583: 17.5093   (Y': 18.0974   Cb: 15.3904   Cr: 18.0762 )
00000582: 17.4214   (Y': 17.9925   Cb: 15.3248   Cr: 18.0143 )
00000584: 17.4963   (Y': 18.0752   Cb: 15.3842   Cr: 18.0872 )
00000585: 17.5532   (Y': 18.1204   Cb: 15.4215   Cr: 18.2286 )
00000586: 17.6018   (Y': 18.1756   Cb: 15.4797   Cr: 18.2319 )
00000587: 17.5707   (Y': 18.1685   Cb: 15.3841   Cr: 18.2261 )
00000588: 17.5289   (Y': 18.1078   Cb: 15.3988   Cr: 18.1529 )
00000589: 17.5528   (Y': 18.1288   Cb: 15.4111   Cr: 18.2109 )
00000591: 17.4862   (Y': 18.0314   Cb: 15.3723   Cr: 18.2182 )
00000590: 17.5424   (Y': 18.0916   Cb: 15.4344   Cr: 18.2467 )
00000592: 17.3881   (Y': 17.9015   Cb: 15.3074   Cr: 18.1896 )
00000593: 17.43     (Y': 17.947    Cb: 15.3617   Cr: 18.193  )
00000594: 17.3398   (Y': 17.8284   Cb: 15.3306   Cr: 18.1108 )
00000595: 17.3495   (Y': 17.8483   Cb: 15.36     Cr: 18.0404 )
00000596: 17.2979   (Y': 17.7898   Cb: 15.3018   Cr: 18.0296 )
00000597: 17.2727   (Y': 17.7595   Cb: 15.2807   Cr: 18.0184 )
00000598: 17.352    (Y': 17.8962   Cb: 15.2383   Cr: 18.0874 )
00000599: 17.422    (Y': 17.947    Cb: 15.3871   Cr: 18.0881 )
00000600: 17.4678   (Y': 18.0092   Cb: 15.4043   Cr: 18.1196 )
00000601: 17.59     (Y': 18.1597   Cb: 15.4602   Cr: 18.2509 )
00000602: 17.5979   (Y': 18.1842   Cb: 15.4675   Cr: 18.1928 )
00000603: 17.5835   (Y': 18.1596   Cb: 15.4254   Cr: 18.2725 )
00000604: 17.5129   (Y': 18.0843   Cb: 15.3474   Cr: 18.2354 )
00000605: 17.4678   (Y': 18.0485   Cb: 15.2992   Cr: 18.1585 )
00000606: 17.3509   (Y': 17.8826   Cb: 15.2634   Cr: 18.0888 )
00000607: 17.3047   (Y': 17.8277   Cb: 15.2465   Cr: 18.023  )
00000608: 17.3045   (Y': 17.8465   Cb: 15.2174   Cr: 17.9986 )
00000609: 17.2557   (Y': 17.7938   Cb: 15.1783   Cr: 17.9473 )
00000610: 17.2395   (Y': 17.7811   Cb: 15.1504   Cr: 17.9386 )
00000611: 17.1402   (Y': 17.6915   Cb: 15.0846   Cr: 17.7375 )
00000612: 17.1474   (Y': 17.6826   Cb: 15.0999   Cr: 17.7954 )
00000613: 17.1712   (Y': 17.7002   Cb: 15.1156   Cr: 17.8598 )
00000614: 17.1713   (Y': 17.6901   Cb: 15.1495   Cr: 17.8389 )
00000615: 17.0777   (Y': 17.5625   Cb: 15.1206   Cr: 17.767  )
00000616: 17.0519   (Y': 17.5422   Cb: 15.093    Cr: 17.7217 )
00000617: 17.0173   (Y': 17.486    Cb: 15.0846   Cr: 17.73   )
00000619: 17.0702   (Y': 17.5703   Cb: 15.0667   Cr: 17.782  )
00000618: 17.06     (Y': 17.5644   Cb: 15.0827   Cr: 17.7051 )
00000620: 17.1019   (Y': 17.5842   Cb: 15.1537   Cr: 17.7855 )
00000621: 17.079    (Y': 17.5982   Cb: 15.0682   Cr: 17.7247 )
00000622: 17.0865   (Y': 17.6031   Cb: 15.1018   Cr: 17.6949 )
00000623: 17.0828   (Y': 17.576    Cb: 15.1123   Cr: 17.7619 )
00000624: 17.0642   (Y': 17.567    Cb: 15.0964   Cr: 17.6982 )
00000625: 17.0734   (Y': 17.5627   Cb: 15.1093   Cr: 17.757  )
00000626: 17.1046   (Y': 17.6011   Cb: 15.1211   Cr: 17.794  )
00000627: 17.0936   (Y': 17.6198   Cb: 15.0728   Cr: 17.7284 )
00000628: 17.0832   (Y': 17.5948   Cb: 15.0864   Cr: 17.7345 )
00000629: 17.0914   (Y': 17.6168   Cb: 15.0693   Cr: 17.7321 )
00000630: 17.1367   (Y': 17.6878   Cb: 15.0739   Cr: 17.7476 )
00000631: 17.1617   (Y': 17.6954   Cb: 15.1476   Cr: 17.7542 )
00000632: 17.1599   (Y': 17.6964   Cb: 15.1356   Cr: 17.7596 )
00000633: 17.1415   (Y': 17.6691   Cb: 15.1157   Cr: 17.7801 )
00000634: 17.1321   (Y': 17.6793   Cb: 15.0993   Cr: 17.7039 )
00000635: 17.1165   (Y': 17.6296   Cb: 15.1289   Cr: 17.7446 )
00000636: 17.1534   (Y': 17.6715   Cb: 15.1605   Cr: 17.7708 )
00000637: 17.3753   (Y': 17.9602   Cb: 15.2344   Cr: 17.9954 )
00000638: 17.3052   (Y': 17.8378   Cb: 15.2632   Cr: 17.9534 )
00000639: 17.292    (Y': 17.8027   Cb: 15.2811   Cr: 17.9724 )
00000640: 17.2615   (Y': 17.7594   Cb: 15.2644   Cr: 17.9704 )
00000641: 17.3331   (Y': 17.8704   Cb: 15.3133   Cr: 17.9215 )
00000642: 17.2973   (Y': 17.8017   Cb: 15.2822   Cr: 18.0122 )
00000643: 17.1834   (Y': 17.6812   Cb: 15.2408   Cr: 17.7929 )
00000644: 17.1519   (Y': 17.6344   Cb: 15.2119   Cr: 17.8201 )
00000645: 17.1726   (Y': 17.6732   Cb: 15.1874   Cr: 17.8476 )
00000646: 17.1675   (Y': 17.6244   Cb: 15.2576   Cr: 17.8881 )
00000647: 17.2107   (Y': 17.6891   Cb: 15.2667   Cr: 17.9032 )
00000648: 17.3455   (Y': 17.8767   Cb: 15.3148   Cr: 17.9781 )
00000649: 17.2924   (Y': 17.8143   Cb: 15.2507   Cr: 17.9843 )
00000650: 17.3398   (Y': 17.9081   Cb: 15.1986   Cr: 18.0286 )
00000651: 17.3103   (Y': 17.8537   Cb: 15.1194   Cr: 18.2028 )
00000652: 17.3546   (Y': 17.9219   Cb: 15.1811   Cr: 18.1101 )
00000653: 17.3939   (Y': 18.0148   Cb: 15.1049   Cr: 18.1567 )
00000654: 17.4329   (Y': 18.0761   Cb: 15.0666   Cr: 18.2617 )
00000655: 17.4755   (Y': 18.0938   Cb: 15.1756   Cr: 18.2713 )
00000656: 17.5369   (Y': 18.1571   Cb: 15.2947   Cr: 18.2092 )
00000657: 17.3743   (Y': 17.9847   Cb: 15.1875   Cr: 17.9798 )
00000658: 17.3713   (Y': 17.9672   Cb: 15.1915   Cr: 18.0215 )
00000659: 17.5218   (Y': 18.109    Cb: 15.3072   Cr: 18.2759 )
00000660: 17.6077   (Y': 18.2324   Cb: 15.3479   Cr: 18.2966 )
00000661: 17.5777   (Y': 18.1905   Cb: 15.383    Cr: 18.1885 )
00000662: 17.5806   (Y': 18.1839   Cb: 15.3905   Cr: 18.2206 )
00000663: 17.5435   (Y': 18.1334   Cb: 15.3653   Cr: 18.2155 )
00000664: 17.4989   (Y': 18.0844   Cb: 15.3483   Cr: 18.1358 )
00000665: 17.3238   (Y': 17.8734   Cb: 15.247    Cr: 17.9673 )
00000666: 17.1909   (Y': 17.6719   Cb: 15.2359   Cr: 17.8922 )
00000667: 17.2227   (Y': 17.7309   Cb: 15.2174   Cr: 17.9037 )
00000668: 17.2666   (Y': 17.7543   Cb: 15.2919   Cr: 17.9764 )
00000669: 17.3327   (Y': 17.8551   Cb: 15.3012   Cr: 18.0034 )
00000670: 17.4339   (Y': 18.0007   Cb: 15.3341   Cr: 18.0506 )
00000671: 17.4658   (Y': 18.0002   Cb: 15.4248   Cr: 18.1047 )
00000672: 17.502    (Y': 18.0723   Cb: 15.3959   Cr: 18.1164 )
00000673: 17.5534   (Y': 18.1451   Cb: 15.3849   Cr: 18.1986 )
00000675: 17.4841   (Y': 18.0581   Cb: 15.3581   Cr: 18.1204 )
00000674: 17.5212   (Y': 18.0793   Cb: 15.4109   Cr: 18.193  )
00000676: 17.4979   (Y': 18.0388   Cb: 15.3885   Cr: 18.2389 )
00000677: 17.4295   (Y': 17.9656   Cb: 15.3473   Cr: 18.1389 )
00000678: 17.3139   (Y': 17.8359   Cb: 15.2737   Cr: 18.0025 )
00000679: 17.1943   (Y': 17.6555   Cb: 15.2337   Cr: 17.991  )
00000680: 17.2022   (Y': 17.6754   Cb: 15.2334   Cr: 17.9623 )
00000681: 17.4126   (Y': 17.9341   Cb: 15.3498   Cr: 18.1461 )
00000683: 17.4657   (Y': 18.0639   Cb: 15.2717   Cr: 18.134  )
00000682: 17.5071   (Y': 18.0499   Cb: 15.4036   Cr: 18.229  )
00000684: 17.4753   (Y': 18.0479   Cb: 15.346    Cr: 18.1235 )
00000685: 17.5009   (Y': 18.0856   Cb: 15.3561   Cr: 18.1298 )
00000686: 17.4958   (Y': 18.0892   Cb: 15.333    Cr: 18.1234 )
00000687: 17.4845   (Y': 18.0515   Cb: 15.3397   Cr: 18.1857 )
00000688: 17.3306   (Y': 17.8403   Cb: 15.2882   Cr: 18.0746 )
00000689: 17.3191   (Y': 17.832    Cb: 15.3132   Cr: 17.9815 )
00000690: 17.3497   (Y': 17.8592   Cb: 15.3564   Cr: 18.0034 )
00000691: 17.2999   (Y': 17.8007   Cb: 15.2852   Cr: 18.0292 )
00000692: 17.2222   (Y': 17.7223   Cb: 15.2243   Cr: 17.9233 )
00000693: 17.1883   (Y': 17.6457   Cb: 15.2606   Cr: 17.9396 )
00000694: 17.1327   (Y': 17.5998   Cb: 15.2073   Cr: 17.8386 )
00000695: 17.208    (Y': 17.6801   Cb: 15.2482   Cr: 17.956  )
00000696: 17.2469   (Y': 17.7422   Cb: 15.2608   Cr: 17.946  )
00000697: 17.3098   (Y': 17.7962   Cb: 15.3143   Cr: 18.0637 )
00000698: 17.3579   (Y': 17.8962   Cb: 15.3085   Cr: 17.9966 )
00000699: 17.3525   (Y': 17.8556   Cb: 15.3472   Cr: 18.0549 )
00000700: 17.3654   (Y': 17.8832   Cb: 15.3316   Cr: 18.0597 )
00000701: 17.3574   (Y': 17.8731   Cb: 15.3182   Cr: 18.0701 )
00000702: 17.4148   (Y': 17.9389   Cb: 15.3714   Cr: 18.1006 )
00000703: 17.4466   (Y': 18.0349   Cb: 15.2944   Cr: 18.0744 )
00000704: 17.4377   (Y': 18.0129   Cb: 15.3077   Cr: 18.0769 )
00000705: 17.4533   (Y': 18.0861   Cb: 15.1017   Cr: 18.2947 )
00000706: 17.5819   (Y': 18.1724   Cb: 15.2924   Cr: 18.4741 )
00000707: 17.626    (Y': 18.2171   Cb: 15.4439   Cr: 18.3001 )
00000708: 17.6394   (Y': 18.2081   Cb: 15.4546   Cr: 18.4115 )
00000709: 17.6431   (Y': 18.2736   Cb: 15.391    Cr: 18.2934 )
00000710: 17.6281   (Y': 18.2007   Cb: 15.4485   Cr: 18.3739 )
00000711: 17.6227   (Y': 18.2277   Cb: 15.4142   Cr: 18.291  )
00000712: 17.6614   (Y': 18.2735   Cb: 15.4059   Cr: 18.3933 )
00000713: 17.6712   (Y': 18.261    Cb: 15.4631   Cr: 18.4017 )
00000714: 17.6517   (Y': 18.2611   Cb: 15.4787   Cr: 18.2347 )
00000715: 17.6242   (Y': 18.248    Cb: 15.39     Cr: 18.2667 )
00000716: 17.5009   (Y': 18.1182   Cb: 15.3299   Cr: 18.0486 )
00000717: 17.3151   (Y': 17.8679   Cb: 15.2783   Cr: 17.8716 )
00000718: 17.3106   (Y': 17.8955   Cb: 15.2492   Cr: 17.7852 )
00000719: 17.5363   (Y': 18.1581   Cb: 15.3356   Cr: 18.1227 )
00000720: 17.4721   (Y': 18.0461   Cb: 15.3087   Cr: 18.1801 )
00000721: 17.5815   (Y': 18.2336   Cb: 15.315    Cr: 18.1737 )
00000722: 17.6166   (Y': 18.2883   Cb: 15.3014   Cr: 18.2264 )
00000723: 17.6184   (Y': 18.2354   Cb: 15.3813   Cr: 18.2939 )
00000724: 17.5101   (Y': 18.0945   Cb: 15.3359   Cr: 18.1962 )
00000725: 17.5247   (Y': 18.0832   Cb: 15.3969   Cr: 18.2282 )
00000726: 17.5014   (Y': 18.1318   Cb: 15.2957   Cr: 18.0631 )
00000727: 17.4933   (Y': 18.0993   Cb: 15.3281   Cr: 18.075  )
00000728: 17.2371   (Y': 17.758    Cb: 15.2437   Cr: 17.844  )
00000729: 17.2172   (Y': 17.7485   Cb: 15.1579   Cr: 17.9032 )
00000730: 17.2401   (Y': 17.7889   Cb: 15.2012   Cr: 17.817  )
00000731: 17.1234   (Y': 17.6581   Cb: 15.0926   Cr: 17.7422 )
00000732: 17.0987   (Y': 17.5961   Cb: 15.1343   Cr: 17.7493 )
00000733: 17.2021   (Y': 17.719    Cb: 15.1754   Cr: 17.8864 )
00000734: 17.4101   (Y': 17.9325   Cb: 15.3826   Cr: 18.0738 )
00000735: 17.3658   (Y': 17.8844   Cb: 15.3491   Cr: 18.025  )
00000736: 17.3243   (Y': 17.8468   Cb: 15.2733   Cr: 18.0308 )
00000737: 17.3243   (Y': 17.8636   Cb: 15.2591   Cr: 17.9883 )
00000738: 17.4207   (Y': 17.9686   Cb: 15.3525   Cr: 18.0549 )
00000739: 17.492    (Y': 18.0739   Cb: 15.3756   Cr: 18.079  )
00000741: 17.4306   (Y': 18.0167   Cb: 15.3114   Cr: 18.006  )
00000740: 17.4995   (Y': 18.0857   Cb: 15.3705   Cr: 18.0927 )
00000742: 17.4836   (Y': 18.0913   Cb: 15.3163   Cr: 18.0626 )
00000743: 17.5877   (Y': 18.2097   Cb: 15.3938   Cr: 18.16   )
00000744: 17.6349   (Y': 18.2546   Cb: 15.4408   Cr: 18.217  )
00000745: 17.5436   (Y': 18.1327   Cb: 15.4308   Cr: 18.0949 )
00000746: 17.401    (Y': 17.971    Cb: 15.3159   Cr: 17.9772 )
00000747: 17.3088   (Y': 17.8575   Cb: 15.2708   Cr: 17.884  )
00000748: 17.1955   (Y': 17.7039   Cb: 15.2041   Cr: 17.8495 )
00000749: 17.1684   (Y': 17.6612   Cb: 15.239    Cr: 17.7748 )
00000750: 17.293    (Y': 17.8492   Cb: 15.2122   Cr: 17.917  )
00000751: 17.4026   (Y': 17.977    Cb: 15.2996   Cr: 17.994  )
00000753: 18.1962   (Y': 18.9568   Cb: 15.7293   Cr: 18.7623 )
00000752: 17.613    (Y': 18.2765   Cb: 15.3862   Cr: 18.0858 )
00000754: 18.332    (Y': 19.0984   Cb: 15.7894   Cr: 19.0312 )
00000755: 17.9969   (Y': 18.7273   Cb: 15.5892   Cr: 18.5604 )
00000756: 17.7338   (Y': 18.4071   Cb: 15.402    Cr: 18.3705 )
00000757: 17.4821   (Y': 18.1067   Cb: 15.2435   Cr: 18.1296 )
00000758: 17.3851   (Y': 17.9693   Cb: 15.2351   Cr: 18.0255 )
00000759: 17.377    (Y': 17.9347   Cb: 15.2986   Cr: 17.9901 )
00000761: 17.37     (Y': 17.8851   Cb: 15.3116   Cr: 18.1217 )
00000760: 17.2941   (Y': 17.792    Cb: 15.2698   Cr: 18.0543 )
00000762: 17.3913   (Y': 17.9458   Cb: 15.3048   Cr: 18.0323 )
00000763: 17.269    (Y': 17.7545   Cb: 15.3306   Cr: 17.9218 )
00000764: 17.1693   (Y': 17.6181   Cb: 15.3109   Cr: 17.8308 )
00000765: 17.1962   (Y': 17.684    Cb: 15.2191   Cr: 17.9101 )
00000766: 17.249    (Y': 17.712    Cb: 15.3342   Cr: 17.9528 )
00000767: 17.3264   (Y': 17.8384   Cb: 15.3184   Cr: 17.9962 )
00000768: 17.3912   (Y': 17.9355   Cb: 15.3106   Cr: 18.0632 )
00000769: 17.3971   (Y': 17.9274   Cb: 15.3791   Cr: 18.0102 )
00000770: 17.33     (Y': 17.8258   Cb: 15.3664   Cr: 17.9853 )
00000771: 17.2053   (Y': 17.6963   Cb: 15.2301   Cr: 17.902  )
00000772: 17.2002   (Y': 17.6566   Cb: 15.2892   Cr: 17.9248 )
00000773: 17.2962   (Y': 17.811    Cb: 15.2701   Cr: 17.9882 )
00000774: 17.3536   (Y': 17.9312   Cb: 15.2649   Cr: 17.906  )
00000775: 17.3198   (Y': 17.8547   Cb: 15.2678   Cr: 17.9769 )
00000776: 17.1952   (Y': 17.6861   Cb: 15.2335   Cr: 17.8677 )
00000777: 17.3401   (Y': 17.8693   Cb: 15.3257   Cr: 17.9515 )
00000779: 17.485    (Y': 18.0282   Cb: 15.3942   Cr: 18.1812 )
00000778: 17.3607   (Y': 17.8853   Cb: 15.3121   Cr: 18.0543 )
00000780: 17.4739   (Y': 18.1009   Cb: 15.2976   Cr: 17.9935 )
00000781: 17.4777   (Y': 18.084    Cb: 15.238    Cr: 18.2023 )
00000782: 17.493    (Y': 18.1222   Cb: 15.2318   Cr: 18.1667 )
00000783: 17.4874   (Y': 18.0977   Cb: 15.2434   Cr: 18.2037 )
00000784: 17.4131   (Y': 18.0194   Cb: 15.1369   Cr: 18.2109 )
00000785: 17.4055   (Y': 17.9932   Cb: 15.2203   Cr: 18.0995 )
00000786: 17.5328   (Y': 18.1679   Cb: 15.2812   Cr: 18.164  )
00000787: 17.5095   (Y': 18.1203   Cb: 15.2951   Cr: 18.1661 )
00000788: 17.4725   (Y': 18.09     Cb: 15.2586   Cr: 18.1014 )
00000789: 17.72     (Y': 18.34     Cb: 15.4584   Cr: 18.4315 )
00000790: 17.7873   (Y': 18.5025   Cb: 15.3424   Cr: 18.4854 )
00000791: 17.7666   (Y': 18.533    Cb: 15.1944   Cr: 18.5287 )
00000792: 17.7298   (Y': 18.4183   Cb: 15.3333   Cr: 18.4354 )
00000793: 17.7079   (Y': 18.3632   Cb: 15.3903   Cr: 18.3876 )
00000794: 17.782    (Y': 18.3895   Cb: 15.555    Cr: 18.4764 )
00000795: 17.7652   (Y': 18.3534   Cb: 15.5734   Cr: 18.4701 )
00000796: 17.6072   (Y': 18.1603   Cb: 15.4786   Cr: 18.3342 )
00000797: 17.4398   (Y': 17.9139   Cb: 15.4458   Cr: 18.244  )
00000798: 17.3811   (Y': 17.851    Cb: 15.3898   Cr: 18.1983 )
00000799: 17.5105   (Y': 18.0039   Cb: 15.4709   Cr: 18.3186 )
00000800: 17.6425   (Y': 18.176    Cb: 15.5354   Cr: 18.4106 )
00000801: 17.7206   (Y': 18.2765   Cb: 15.5667   Cr: 18.485  )
00000802: 17.4993   (Y': 18.0309   Cb: 15.4018   Cr: 18.2565 )
00000803: 17.4751   (Y': 17.9493   Cb: 15.43     Cr: 18.3773 )
00000804: 17.6208   (Y': 18.1717   Cb: 15.5127   Cr: 18.318  )
00000805: 17.6596   (Y': 18.2097   Cb: 15.518    Cr: 18.4252 )
00000806: 17.5299   (Y': 18.0043   Cb: 15.4708   Cr: 18.4593 )
00000807: 17.4088   (Y': 17.837    Cb: 15.4705   Cr: 18.3082 )
00000808: 17.3099   (Y': 17.7403   Cb: 15.3831   Cr: 18.177  )
00000809: 17.5355   (Y': 17.9869   Cb: 15.5542   Cr: 18.4142 )
00000810: 17.5858   (Y': 18.0747   Cb: 15.4886   Cr: 18.5275 )
00000811: 17.6353   (Y': 18.1554   Cb: 15.5477   Cr: 18.4221 )
00000812: 17.6944   (Y': 18.2525   Cb: 15.5446   Cr: 18.4423 )
00000813: 17.7474   (Y': 18.3058   Cb: 15.6241   Cr: 18.4428 )
00000814: 17.7686   (Y': 18.3726   Cb: 15.5366   Cr: 18.4873 )
00000815: 17.7175   (Y': 18.3035   Cb: 15.5315   Cr: 18.4198 )
00000816: 17.7069   (Y': 18.305    Cb: 15.5161   Cr: 18.3695 )
00000817: 17.6066   (Y': 18.1901   Cb: 15.4538   Cr: 18.2555 )
00000818: 17.4914   (Y': 18.0694   Cb: 15.3653   Cr: 18.1121 )
00000819: 17.5851   (Y': 18.1312   Cb: 15.4689   Cr: 18.3177 )
00000820: 17.6143   (Y': 18.1618   Cb: 15.4891   Cr: 18.3584 )
00000821: 17.5849   (Y': 18.11     Cb: 15.5017   Cr: 18.3422 )
00000822: 17.5917   (Y': 18.1325   Cb: 15.4673   Cr: 18.3626 )
00000823: 17.7052   (Y': 18.2581   Cb: 15.5624   Cr: 18.4604 )
00000824: 17.7066   (Y': 18.2693   Cb: 15.5886   Cr: 18.374  )
00000825: 17.6855   (Y': 18.2029   Cb: 15.5862   Cr: 18.5068 )
00000826: 17.6208   (Y': 18.1816   Cb: 15.4848   Cr: 18.3308 )
00000827: 17.4611   (Y': 17.9935   Cb: 15.3831   Cr: 18.1777 )
00000828: 17.3423   (Y': 17.8572   Cb: 15.271    Cr: 18.1198 )
00000829: 17.2881   (Y': 17.7467   Cb: 15.295    Cr: 18.1575 )
00000830: 17.3212   (Y': 17.8103   Cb: 15.3021   Cr: 18.1085 )
00000831: 17.5356   (Y': 18.0687   Cb: 15.3843   Cr: 18.3917 )
00000832: 17.7377   (Y': 18.2858   Cb: 15.5462   Cr: 18.6106 )
00000833: 17.6958   (Y': 18.1865   Cb: 15.619    Cr: 18.5883 )
00000835: 17.6442   (Y': 18.1339   Cb: 15.53     Cr: 18.6161 )
00000834: 17.6409   (Y': 18.132    Cb: 15.5333   Cr: 18.5938 )
00000836: 17.5954   (Y': 18.0531   Cb: 15.561    Cr: 18.5503 )
00000837: 17.5969   (Y': 18.0356   Cb: 15.5224   Cr: 18.7209 )
00000838: 17.7701   (Y': 18.2931   Cb: 15.5954   Cr: 18.7181 )
00000839: 17.7871   (Y': 18.2748   Cb: 15.6564   Cr: 18.8022 )
00000840: 17.7964   (Y': 18.3321   Cb: 15.5763   Cr: 18.7824 )
00000841: 17.807    (Y': 18.3479   Cb: 15.6273   Cr: 18.687  )
00000843: 17.5871   (Y': 18.0963   Cb: 15.5223   Cr: 18.3763 )
00000842: 17.6106   (Y': 18.1456   Cb: 15.4753   Cr: 18.427  )
00000844: 17.6125   (Y': 18.14     Cb: 15.5566   Cr: 18.3081 )
00000845: 17.5217   (Y': 18.0497   Cb: 15.4484   Cr: 18.2477 )
00000846: 17.6633   (Y': 18.2412   Cb: 15.5617   Cr: 18.2385 )
00000847: 17.4764   (Y': 18.0364   Cb: 15.4053   Cr: 18.0672 )
00000848: 17.4792   (Y': 18.0668   Cb: 15.3759   Cr: 18.0188 )
00000849: 17.3713   (Y': 17.939    Cb: 15.271    Cr: 17.985  )
00000850: 17.2487   (Y': 17.7824   Cb: 15.2108   Cr: 17.8847 )
00000851: 17.2258   (Y': 17.7165   Cb: 15.2512   Cr: 17.9233 )
00000852: 17.1256   (Y': 17.6301   Cb: 15.1362   Cr: 17.7925 )
00000853: 17.2239   (Y': 17.7669   Cb: 15.1932   Cr: 17.8087 )
00000854: 17.2878   (Y': 17.8191   Cb: 15.2786   Cr: 17.8811 )
00000855: 17.2196   (Y': 17.716    Cb: 15.2588   Cr: 17.8679 )
00000856: 17.3222   (Y': 17.8427   Cb: 15.2942   Cr: 17.9947 )
00000857: 17.4106   (Y': 17.9774   Cb: 15.3354   Cr: 17.9816 )
00000858: 17.4031   (Y': 17.9347   Cb: 15.3875   Cr: 18.0069 )
00000859: 17.337    (Y': 17.8601   Cb: 15.3236   Cr: 17.9717 )
00000860: 17.2104   (Y': 17.7112   Cb: 15.2383   Cr: 17.8606 )
00000862: 17.391    (Y': 17.9389   Cb: 15.3533   Cr: 17.9692 )
00000863: 17.4216   (Y': 18.017    Cb: 15.3007   Cr: 17.9629 )
00000861: 17.2354   (Y': 17.7425   Cb: 15.2642   Cr: 17.8586 )
00000864: 17.3968   (Y': 17.9337   Cb: 15.3369   Cr: 18.0605 )
00000865: 17.4891   (Y': 18.0931   Cb: 15.3308   Cr: 18.0657 )
00000866: 17.5224   (Y': 18.1027   Cb: 15.3023   Cr: 18.3156 )
00000867: 17.4675   (Y': 18.0515   Cb: 15.2829   Cr: 18.1753 )
00000868: 17.4403   (Y': 18.0206   Cb: 15.2951   Cr: 18.0876 )
00000869: 17.2292   (Y': 17.7632   Cb: 15.1758   Cr: 17.8924 )
00000871: 17.4539   (Y': 18.0687   Cb: 15.2691   Cr: 18.0374 )
00000870: 17.3413   (Y': 17.9003   Cb: 15.2426   Cr: 17.9875 )
00000872: 17.4269   (Y': 18.0189   Cb: 15.3046   Cr: 17.9841 )
00000873: 17.3865   (Y': 17.9882   Cb: 15.2236   Cr: 17.9814 )
00000874: 17.3449   (Y': 17.9243   Cb: 15.2237   Cr: 17.9509 )
00000875: 17.2892   (Y': 17.883    Cb: 15.1573   Cr: 17.857  )
00000876: 17.2239   (Y': 17.8053   Cb: 15.1265   Cr: 17.7774 )
00000877: 17.1482   (Y': 17.7263   Cb: 15.0904   Cr: 17.6427 )
00000878: 17.1013   (Y': 17.6534   Cb: 15.0638   Cr: 17.6623 )
00000879: 17.0843   (Y': 17.6423   Cb: 15.0483   Cr: 17.6187 )
00000880: 17.1177   (Y': 17.6816   Cb: 15.0599   Cr: 17.6684 )
00000881: 17.1897   (Y': 17.7758   Cb: 15.0961   Cr: 17.7177 )
00000882: 17.2147   (Y': 17.7997   Cb: 15.1134   Cr: 17.7613 )
00000883: 17.2069   (Y': 17.7917   Cb: 15.1112   Cr: 17.7439 )
00000884: 17.2277   (Y': 17.8146   Cb: 15.1215   Cr: 17.7754 )
00000885: 17.2514   (Y': 17.8631   Cb: 15.1314   Cr: 17.7276 )
00000886: 17.3042   (Y': 17.9493   Cb: 15.1254   Cr: 17.7588 )
00000887: 17.2654   (Y': 17.8956   Cb: 15.117    Cr: 17.7214 )
00000889: 17.2851   (Y': 17.9302   Cb: 15.0833   Cr: 17.7822 )
00000888: 17.2721   (Y': 17.917    Cb: 15.1089   Cr: 17.6988 )
00000890: 17.2379   (Y': 17.8975   Cb: 15.0212   Cr: 17.707  )
00000891: 17.2474   (Y': 17.8573   Cb: 15.051    Cr: 17.8733 )
00000892: 17.2069   (Y': 17.7647   Cb: 15.074    Cr: 17.9231 )
00000893: 17.256    (Y': 17.7966   Cb: 15.1035   Cr: 18.0826 )
00000894: 17.323    (Y': 17.8786   Cb: 15.1846   Cr: 18.059  )
00000895: 17.2579   (Y': 17.7853   Cb: 15.1652   Cr: 18.0239 )
00000896: 17.2368   (Y': 17.7493   Cb: 15.2091   Cr: 17.9411 )
00000897: 17.3222   (Y': 17.8444   Cb: 15.2903   Cr: 17.9941 )
00000898: 17.3283   (Y': 17.8474   Cb: 15.2858   Cr: 18.0336 )
00000899: 17.2215   (Y': 17.7133   Cb: 15.2422   Cr: 17.9227 )
00000900: 17.1257   (Y': 17.6321   Cb: 15.1393   Cr: 17.7792 )
00000901: 17.1112   (Y': 17.5998   Cb: 15.1908   Cr: 17.7182 )
00000902: 17.164    (Y': 17.649    Cb: 15.2078   Cr: 17.8513 )
00000903: 17.2043   (Y': 17.7144   Cb: 15.2299   Cr: 17.8209 )
00000904: 17.2538   (Y': 17.7594   Cb: 15.303    Cr: 17.8458 )
00000905: 17.2296   (Y': 17.7391   Cb: 15.2212   Cr: 17.9104 )
00000906: 17.1009   (Y': 17.5676   Cb: 15.2084   Cr: 17.7487 )
00000907: 17.1614   (Y': 17.638    Cb: 15.2211   Cr: 17.8548 )
00000908: 17.1566   (Y': 17.6488   Cb: 15.1988   Cr: 17.8169 )
00000909: 17.152    (Y': 17.6386   Cb: 15.2144   Cr: 17.7986 )
00000910: 17.3231   (Y': 17.8553   Cb: 15.3158   Cr: 17.9091 )
00000911: 17.3193   (Y': 17.8413   Cb: 15.3313   Cr: 17.9116 )
00000912: 17.4659   (Y': 18.0201   Cb: 15.4125   Cr: 18.0474 )
00000913: 17.4088   (Y': 17.9459   Cb: 15.3716   Cr: 18.0299 )
00000914: 17.3836   (Y': 17.9163   Cb: 15.3824   Cr: 17.9565 )
00000915: 17.2211   (Y': 17.7237   Cb: 15.2617   Cr: 17.841  )
00000916: 17.2215   (Y': 17.7054   Cb: 15.2715   Cr: 17.9014 )
00000917: 17.1927   (Y': 17.6921   Cb: 15.2291   Cr: 17.8332 )
00000918: 17.151    (Y': 17.6153   Cb: 15.2455   Cr: 17.832  )
00000919: 17.1756   (Y': 17.6623   Cb: 15.2174   Cr: 17.8594 )
00000920: 17.2667   (Y': 17.7802   Cb: 15.2849   Cr: 17.8828 )
00000921: 17.2466   (Y': 17.7419   Cb: 15.2949   Cr: 17.8823 )
00000922: 17.221    (Y': 17.7221   Cb: 15.2417   Cr: 17.8839 )
00000923: 17.2645   (Y': 17.7684   Cb: 15.2408   Cr: 17.9982 )
00000924: 17.2849   (Y': 17.7984   Cb: 15.2565   Cr: 17.9867 )
00000925: 17.2798   (Y': 17.8065   Cb: 15.2451   Cr: 17.9386 )
00000926: 17.2111   (Y': 17.711    Cb: 15.1585   Cr: 18.0166 )
00000927: 17.1925   (Y': 17.7103   Cb: 15.1841   Cr: 17.8395 )
00000928: 17.1867   (Y': 17.6905   Cb: 15.1845   Cr: 17.8798 )
00000929: 17.1386   (Y': 17.6311   Cb: 15.1775   Cr: 17.8028 )
00000930: 17.1045   (Y': 17.602    Cb: 15.1403   Cr: 17.7541 )
00000931: 17.1512   (Y': 17.6377   Cb: 15.1997   Cr: 17.8236 )
00000932: 17.2043   (Y': 17.7017   Cb: 15.25     Cr: 17.8364 )
00000933: 17.2406   (Y': 17.763    Cb: 15.2524   Cr: 17.832  )
00000935: 17.1771   (Y': 17.6909   Cb: 15.1552   Cr: 17.8655 )
00000934: 17.2246   (Y': 17.7669   Cb: 15.199    Cr: 17.803  )
00000937: 17.0741   (Y': 17.5373   Cb: 15.1602   Cr: 17.7749 )
00000936: 17.1457   (Y': 17.6306   Cb: 15.1783   Cr: 17.8539 )
00000938: 17.0433   (Y': 17.4955   Cb: 15.1509   Cr: 17.7525 )
00000939: 17.0542   (Y': 17.5472   Cb: 15.1111   Cr: 17.6838 )
00000940: 17.0377   (Y': 17.5316   Cb: 15.0791   Cr: 17.6922 )
00000941: 17.0671   (Y': 17.5362   Cb: 15.1501   Cr: 17.7489 )
00000942: 17.1235   (Y': 17.6161   Cb: 15.185    Cr: 17.7471 )
00000943: 17.1417   (Y': 17.6416   Cb: 15.1428   Cr: 17.8456 )
00000944: 17.2054   (Y': 17.6856   Cb: 15.2679   Cr: 17.878  )
00000945: 17.2589   (Y': 17.7809   Cb: 15.2552   Cr: 17.8799 )
00000946: 17.2753   (Y': 17.7997   Cb: 15.2593   Cr: 17.9088 )
00000947: 17.2235   (Y': 17.7324   Cb: 15.2291   Cr: 17.8814 )
00000948: 17.1578   (Y': 17.6507   Cb: 15.1884   Cr: 17.8358 )
00000949: 17.1512   (Y': 17.6604   Cb: 15.1464   Cr: 17.8271 )
00000950: 17.1876   (Y': 17.6698   Cb: 15.2016   Cr: 17.9419 )
00000951: 17.1333   (Y': 17.6293   Cb: 15.1771   Cr: 17.7747 )
00000953: 17.0554   (Y': 17.536    Cb: 15.1476   Cr: 17.6728 )
00000952: 17.0816   (Y': 17.5491   Cb: 15.1613   Cr: 17.7763 )
00000954: 17.0527   (Y': 17.5249   Cb: 15.1521   Cr: 17.6925 )
00000955: 17.0592   (Y': 17.5295   Cb: 15.1792   Cr: 17.6697 )
00000956: 17.0885   (Y': 17.5751   Cb: 15.1653   Cr: 17.7089 )
00000957: 17.134    (Y': 17.6049   Cb: 15.2126   Cr: 17.8169 )
00000959: 17.1219   (Y': 17.6136   Cb: 15.1931   Cr: 17.7315 )
00000958: 17.1334   (Y': 17.6126   Cb: 15.2316   Cr: 17.7458 )
00000960: 17.1473   (Y': 17.6218   Cb: 15.2043   Cr: 17.8542 )
00000961: 17.0832   (Y': 17.5219   Cb: 15.2125   Cr: 17.81   )
00000962: 17.1517   (Y': 17.6236   Cb: 15.229    Cr: 17.8322 )
00000963: 17.1766   (Y': 17.6442   Cb: 15.2344   Cr: 17.9112 )
00000964: 17.1708   (Y': 17.6484   Cb: 15.2224   Cr: 17.8746 )
00000965: 17.2279   (Y': 17.741    Cb: 15.2135   Cr: 17.905  )
00000966: 17.2357   (Y': 17.7301   Cb: 15.269    Cr: 17.903  )
Total: 17.3658   (Y': 17.9023   Cb: 15.2999   Cr: 18.0422 )
