00000000: 37.4581   (Y': INF       Cb: 32.6869   Cr: 32.6869 )
00000001: 18.1468   (Y': 18.8994   Cb: 15.75     Cr: 18.6046 )
00000007: 18.1873   (Y': 18.9281   Cb: 15.8272   Cr: 18.6192 )
00000002: 18.1515   (Y': 18.8955   Cb: 15.7851   Cr: 18.5832 )
00000003: 18.1944   (Y': 18.9275   Cb: 15.8349   Cr: 18.6537 )
00000004: 18.206    (Y': 18.9362   Cb: 15.8724   Cr: 18.627  )
00000005: 18.1924   (Y': 18.8865   Cb: 15.9006   Cr: 18.6705 )
00000006: 18.1681   (Y': 18.9207   Cb: 15.7537   Cr: 18.6604 )
00000008: 18.1959   (Y': 18.9513   Cb: 15.8324   Cr: 18.5804 )
00000009: 18.1643   (Y': 18.93     Cb: 15.776    Cr: 18.5573 )
00000010: 18.1997   (Y': 18.9337   Cb: 15.9033   Cr: 18.5373 )
00000011: 18.1658   (Y': 18.9022   Cb: 15.8235   Cr: 18.5801 )
00000012: 18.1675   (Y': 18.8987   Cb: 15.8083   Cr: 18.6334 )
00000013: 18.1457   (Y': 18.9055   Cb: 15.7408   Cr: 18.5923 )
00000014: 18.1922   (Y': 18.9223   Cb: 15.8447   Cr: 18.64   )
00000015: 18.1725   (Y': 18.9184   Cb: 15.8308   Cr: 18.5507 )
00000016: 18.1415   (Y': 18.8667   Cb: 15.7697   Cr: 18.6548 )
00000017: 18.1721   (Y': 18.9157   Cb: 15.8382   Cr: 18.5445 )
00000019: 18.1771   (Y': 18.9311   Cb: 15.8075   Cr: 18.5779 )
00000018: 18.1656   (Y': 18.9124   Cb: 15.8198   Cr: 18.5484 )
00000020: 18.1526   (Y': 18.8868   Cb: 15.8027   Cr: 18.5897 )
00000022: 18.1564   (Y': 18.8861   Cb: 15.8193   Cr: 18.5862 )
00000021: 18.1806   (Y': 18.9253   Cb: 15.8117   Cr: 18.6146 )
00000023: 18.1696   (Y': 18.9089   Cb: 15.8072   Cr: 18.6113 )
00000024: 18.162    (Y': 18.9086   Cb: 15.822    Cr: 18.5344 )
00000025: 18.1749   (Y': 18.9335   Cb: 15.7792   Cr: 18.6085 )
00000026: 18.1476   (Y': 18.9009   Cb: 15.7853   Cr: 18.5373 )
00000027: 18.163    (Y': 18.9036   Cb: 15.7859   Cr: 18.6279 )
00000028: 18.1719   (Y': 18.9148   Cb: 15.8054   Cr: 18.6078 )
00000029: 18.1633   (Y': 18.8808   Cb: 15.8594   Cr: 18.5759 )
00000030: 18.1611   (Y': 18.8925   Cb: 15.8064   Cr: 18.6178 )
00000031: 18.1491   (Y': 18.8831   Cb: 15.8145   Cr: 18.558  )
00000032: 18.1759   (Y': 18.917    Cb: 15.7955   Cr: 18.6452 )
00000033: 18.1647   (Y': 18.9001   Cb: 15.808    Cr: 18.6103 )
00000034: 18.1739   (Y': 18.9045   Cb: 15.8616   Cr: 18.5536 )
00000035: 18.1701   (Y': 18.8975   Cb: 15.8606   Cr: 18.5561 )
00000036: 18.1828   (Y': 18.916    Cb: 15.8136   Cr: 18.6608 )
00000037: 18.1684   (Y': 18.9261   Cb: 15.7672   Cr: 18.6157 )
00000038: 18.1501   (Y': 18.9047   Cb: 15.7851   Cr: 18.5402 )
00000039: 18.1684   (Y': 18.9127   Cb: 15.7998   Cr: 18.6029 )
00000040: 18.1587   (Y': 18.9061   Cb: 15.7591   Cr: 18.6419 )
00000041: 18.1311   (Y': 18.8741   Cb: 15.7743   Cr: 18.5482 )
00000042: 18.1496   (Y': 18.8787   Cb: 15.8141   Cr: 18.5781 )
00000043: 18.1549   (Y': 18.8694   Cb: 15.8443   Cr: 18.5914 )
00000044: 18.1274   (Y': 18.8607   Cb: 15.7795   Cr: 18.5636 )
00000046: 18.1603   (Y': 18.8945   Cb: 15.7949   Cr: 18.627  )
00000045: 18.1357   (Y': 18.8697   Cb: 15.7854   Cr: 18.574  )
00000047: 18.1515   (Y': 18.8834   Cb: 15.8028   Cr: 18.5947 )
00000048: 18.1599   (Y': 18.8991   Cb: 15.8245   Cr: 18.5507 )
00000049: 18.1766   (Y': 18.9284   Cb: 15.8091   Cr: 18.5821 )
00000050: 18.1527   (Y': 18.8692   Cb: 15.8393   Cr: 18.5869 )
00000051: 18.1644   (Y': 18.8775   Cb: 15.8133   Cr: 18.6828 )
00000052: 18.1407   (Y': 18.8504   Cb: 15.8292   Cr: 18.5965 )
00000053: 18.1548   (Y': 18.8732   Cb: 15.8112   Cr: 18.639  )
00000054: 18.1492   (Y': 18.8874   Cb: 15.8013   Cr: 18.5676 )
00000055: 18.1733   (Y': 18.9207   Cb: 15.82     Cr: 18.5676 )
00000056: 18.1298   (Y': 18.8776   Cb: 15.7633   Cr: 18.5477 )
00000057: 18.1601   (Y': 18.8924   Cb: 15.8279   Cr: 18.5706 )
00000058: 18.141    (Y': 18.8865   Cb: 15.7922   Cr: 18.5338 )
00000059: 18.1483   (Y': 18.8753   Cb: 15.8048   Cr: 18.6001 )
00000060: 18.1322   (Y': 18.8876   Cb: 15.7503   Cr: 18.5513 )
00000062: 18.1617   (Y': 18.9333   Cb: 15.7486   Cr: 18.5802 )
00000061: 18.1305   (Y': 18.8818   Cb: 15.7368   Cr: 18.5873 )
00000063: 18.1709   (Y': 18.9286   Cb: 15.7893   Cr: 18.581  )
00000064: 18.1718   (Y': 18.9134   Cb: 15.8292   Cr: 18.5671 )
00000065: 18.1851   (Y': 18.9551   Cb: 15.78     Cr: 18.5948 )
00000066: 18.1405   (Y': 18.8851   Cb: 15.7879   Cr: 18.5444 )
00000067: 18.1482   (Y': 18.8949   Cb: 15.7971   Cr: 18.5415 )
00000068: 18.1436   (Y': 18.8894   Cb: 15.819    Cr: 18.4902 )
00000069: 18.1675   (Y': 18.9264   Cb: 15.786    Cr: 18.5731 )
00000070: 18.1527   (Y': 18.9079   Cb: 15.7777   Cr: 18.5595 )
00000071: 18.1794   (Y': 18.9311   Cb: 15.8251   Cr: 18.5596 )
00000072: 18.1257   (Y': 18.8677   Cb: 15.7639   Cr: 18.5563 )
00000073: 18.1329   (Y': 18.8836   Cb: 15.7705   Cr: 18.5325 )
00000074: 18.1446   (Y': 18.89     Cb: 15.7663   Cr: 18.594  )
00000076: 18.1674   (Y': 18.919    Cb: 15.8015   Cr: 18.5695 )
00000075: 18.1595   (Y': 18.8984   Cb: 15.7977   Cr: 18.6017 )
00000078: 18.1531   (Y': 18.9029   Cb: 15.7849   Cr: 18.5666 )
00000077: 18.1738   (Y': 18.9322   Cb: 15.805    Cr: 18.557  )
00000079: 18.1838   (Y': 18.9393   Cb: 15.7973   Cr: 18.6117 )
00000080: 18.147    (Y': 18.9055   Cb: 15.7814   Cr: 18.5237 )
00000082: 18.145    (Y': 18.8958   Cb: 15.7349   Cr: 18.6355 )
00000081: 18.1605   (Y': 18.8976   Cb: 15.8265   Cr: 18.5566 )
00000084: 18.1629   (Y': 18.917    Cb: 15.7818   Cr: 18.5855 )
00000083: 18.1634   (Y': 18.8862   Cb: 15.8332   Cr: 18.6054 )
00000086: 18.1598   (Y': 18.9051   Cb: 15.8126   Cr: 18.5503 )
00000085: 18.1577   (Y': 18.8989   Cb: 15.7862   Cr: 18.6097 )
00000087: 18.1692   (Y': 18.9307   Cb: 15.7772   Cr: 18.5849 )
00000088: 18.1573   (Y': 18.9137   Cb: 15.7915   Cr: 18.5419 )
00000090: 18.1627   (Y': 18.9172   Cb: 15.7869   Cr: 18.5732 )
00000089: 18.1605   (Y': 18.9259   Cb: 15.7746   Cr: 18.5504 )
00000091: 18.1681   (Y': 18.9211   Cb: 15.7794   Cr: 18.6088 )
00000092: 18.1603   (Y': 18.8987   Cb: 15.7873   Cr: 18.6254 )
00000093: 18.1587   (Y': 18.8967   Cb: 15.8089   Cr: 18.5814 )
00000094: 18.1564   (Y': 18.8979   Cb: 15.7646   Cr: 18.646  )
00000095: 18.1694   (Y': 18.9063   Cb: 15.7964   Cr: 18.6403 )
00000096: 18.1423   (Y': 18.8982   Cb: 15.7505   Cr: 18.578  )
00000098: 18.1325   (Y': 18.8898   Cb: 15.7277   Cr: 18.5887 )
00000097: 18.1594   (Y': 18.8989   Cb: 15.7946   Cr: 18.6051 )
00000100: 18.1555   (Y': 18.8687   Cb: 15.8321   Cr: 18.6208 )
00000101: 18.1653   (Y': 18.9204   Cb: 15.8065   Cr: 18.5416 )
00000099: 18.1284   (Y': 18.8872   Cb: 15.7118   Cr: 18.6015 )
00000102: 18.1568   (Y': 18.891    Cb: 15.8182   Cr: 18.5724 )
00000103: 18.1379   (Y': 18.8894   Cb: 15.7711   Cr: 18.5425 )
00000104: 18.1613   (Y': 18.9162   Cb: 15.8115   Cr: 18.5216 )
00000105: 18.1607   (Y': 18.9092   Cb: 15.7968   Cr: 18.5709 )
00000106: 18.1426   (Y': 18.8829   Cb: 15.8195   Cr: 18.5065 )
00000107: 18.1458   (Y': 18.8788   Cb: 15.7641   Cr: 18.6484 )
00000109: 18.1306   (Y': 18.8905   Cb: 15.7262   Cr: 18.576  )
00000108: 18.1671   (Y': 18.8733   Cb: 15.8428   Cr: 18.6608 )
00000110: 18.1537   (Y': 18.9081   Cb: 15.7994   Cr: 18.5241 )
00000111: 18.1438   (Y': 18.9053   Cb: 15.7614   Cr: 18.5409 )
00000112: 18.134    (Y': 18.8885   Cb: 15.7468   Cr: 18.5664 )
00000113: 18.1402   (Y': 18.9061   Cb: 15.7571   Cr: 18.5229 )
00000114: 18.151    (Y': 18.927    Cb: 15.7748   Cr: 18.4841 )
00000115: 18.1663   (Y': 18.915    Cb: 15.8082   Cr: 18.5647 )
00000117: 18.1751   (Y': 18.9299   Cb: 15.7854   Cr: 18.6113 )
00000116: 18.1608   (Y': 18.9089   Cb: 15.777    Cr: 18.6106 )
00000118: 18.1725   (Y': 18.9178   Cb: 15.8146   Cr: 18.5834 )
00000119: 18.146    (Y': 18.893    Cb: 15.7673   Cr: 18.5896 )
00000120: 18.1623   (Y': 18.9034   Cb: 15.8168   Cr: 18.5651 )
00000121: 18.1501   (Y': 18.9097   Cb: 15.7487   Cr: 18.5907 )
00000122: 18.1823   (Y': 18.9273   Cb: 15.8368   Cr: 18.5705 )
00000123: 18.1896   (Y': 18.9561   Cb: 15.7715   Cr: 18.6369 )
00000124: 18.1751   (Y': 18.8835   Cb: 15.8535   Cr: 18.6552 )
00000125: 18.1428   (Y': 18.8454   Cb: 15.8256   Cr: 18.6368 )
00000126: 18.1412   (Y': 18.858    Cb: 15.7688   Cr: 18.6874 )
00000127: 18.1596   (Y': 18.8682   Cb: 15.8273   Cr: 18.6597 )
00000128: 18.145    (Y': 18.8744   Cb: 15.7658   Cr: 18.6567 )
00000129: 18.1143   (Y': 18.8432   Cb: 15.7433   Cr: 18.6115 )
00000130: 18.1346   (Y': 18.863    Cb: 15.7719   Cr: 18.6179 )
00000131: 18.1702   (Y': 18.8936   Cb: 15.8262   Cr: 18.6364 )
00000132: 18.1391   (Y': 18.855    Cb: 15.7686   Cr: 18.685  )
00000133: 18.1193   (Y': 18.8681   Cb: 15.7508   Cr: 18.5371 )
00000134: 18.1492   (Y': 18.8834   Cb: 15.7599   Cr: 18.6622 )
00000135: 18.1655   (Y': 18.9095   Cb: 15.7853   Cr: 18.6238 )
00000136: 18.1537   (Y': 18.8707   Cb: 15.8134   Cr: 18.637  )
00000137: 18.1546   (Y': 18.8758   Cb: 15.7768   Cr: 18.6944 )
00000138: 18.1339   (Y': 18.8409   Cb: 15.8054   Cr: 18.6325 )
00000139: 18.1403   (Y': 18.8609   Cb: 15.7502   Cr: 18.7068 )
00000141: 18.1694   (Y': 18.8803   Cb: 15.8111   Cr: 18.7112 )
00000140: 18.1301   (Y': 18.8516   Cb: 15.7652   Cr: 18.6435 )
00000142: 18.1242   (Y': 18.8314   Cb: 15.7926   Cr: 18.6283 )
00000143: 18.1601   (Y': 18.8688   Cb: 15.7974   Cr: 18.7188 )
00000144: 18.1646   (Y': 18.8763   Cb: 15.7886   Cr: 18.7376 )
00000145: 18.1242   (Y': 18.8306   Cb: 15.7806   Cr: 18.6547 )
00000146: 18.1403   (Y': 18.8686   Cb: 15.7783   Cr: 18.6228 )
00000147: 18.127    (Y': 18.8356   Cb: 15.7645   Cr: 18.6857 )
00000148: 18.1331   (Y': 18.8792   Cb: 15.7264   Cr: 18.6346 )
00000149: 18.1366   (Y': 18.8482   Cb: 15.8179   Cr: 18.5995 )
00000150: 18.143    (Y': 18.8421   Cb: 15.8265   Cr: 18.6492 )
00000151: 18.1228   (Y': 18.8377   Cb: 15.7518   Cr: 18.674  )
00000152: 18.1154   (Y': 18.8378   Cb: 15.7464   Cr: 18.6341 )
00000153: 18.137    (Y': 18.8487   Cb: 15.801    Cr: 18.6324 )
00000154: 18.1125   (Y': 18.8461   Cb: 15.7456   Cr: 18.5845 )
00000155: 18.1168   (Y': 18.8418   Cb: 15.7688   Cr: 18.5846 )
00000156: 18.1521   (Y': 18.8691   Cb: 15.8041   Cr: 18.6503 )
00000158: 18.1429   (Y': 18.8286   Cb: 15.825    Cr: 18.7035 )
00000157: 18.1685   (Y': 18.8814   Cb: 15.8189   Cr: 18.6857 )
00000159: 18.1318   (Y': 18.8534   Cb: 15.7784   Cr: 18.6228 )
00000160: 18.1191   (Y': 18.8425   Cb: 15.7895   Cr: 18.5578 )
00000161: 18.1468   (Y': 18.8543   Cb: 15.8272   Cr: 18.6267 )
00000162: 18.1372   (Y': 18.8369   Cb: 15.8199   Cr: 18.6424 )
00000163: 18.1431   (Y': 18.8667   Cb: 15.813    Cr: 18.5824 )
00000164: 18.1387   (Y': 18.8661   Cb: 15.7765   Cr: 18.625  )
00000166: 18.1274   (Y': 18.8169   Cb: 15.8032   Cr: 18.685  )
00000165: 18.1199   (Y': 18.843    Cb: 15.769    Cr: 18.6006 )
00000167: 18.1414   (Y': 18.8524   Cb: 15.8004   Cr: 18.6486 )
00000168: 18.0867   (Y': 18.8021   Cb: 15.7112   Cr: 18.6446 )
00000170: 18.1241   (Y': 18.8404   Cb: 15.8003   Cr: 18.5788 )
00000169: 18.125    (Y': 18.8576   Cb: 15.77     Cr: 18.5781 )
00000171: 18.1223   (Y': 18.8494   Cb: 15.7556   Cr: 18.6185 )
00000172: 18.1309   (Y': 18.8435   Cb: 15.7962   Cr: 18.6207 )
00000173: 18.1271   (Y': 18.8426   Cb: 15.7629   Cr: 18.6624 )
00000174: 18.1626   (Y': 18.8859   Cb: 15.8163   Cr: 18.6339 )
00000175: 18.1486   (Y': 18.8601   Cb: 15.8231   Cr: 18.6247 )
00000176: 18.1256   (Y': 18.847    Cb: 15.8061   Cr: 18.5532 )
00000177: 18.1391   (Y': 18.858    Cb: 15.8013   Cr: 18.6106 )
00000178: 18.1371   (Y': 18.8612   Cb: 15.8045   Cr: 18.5793 )
00000179: 18.1332   (Y': 18.8766   Cb: 15.7714   Cr: 18.5586 )
00000180: 18.1394   (Y': 18.8548   Cb: 15.8063   Cr: 18.6153 )
00000182: 18.1284   (Y': 18.8516   Cb: 15.7864   Cr: 18.5915 )
00000181: 18.1287   (Y': 18.8546   Cb: 15.7831   Cr: 18.5887 )
00000183: 18.1422   (Y': 18.8278   Cb: 15.8595   Cr: 18.6356 )
00000184: 18.1117   (Y': 18.816    Cb: 15.7609   Cr: 18.664  )
00000185: 18.1397   (Y': 18.8494   Cb: 15.8008   Cr: 18.6483 )
00000186: 18.1562   (Y': 18.8711   Cb: 15.812    Cr: 18.6548 )
00000187: 18.1354   (Y': 18.8638   Cb: 15.8032   Cr: 18.5604 )
00000188: 18.1708   (Y': 18.8866   Cb: 15.8122   Cr: 18.6945 )
00000189: 18.1546   (Y': 18.8842   Cb: 15.7739   Cr: 18.6681 )
00000190: 18.1117   (Y': 18.8235   Cb: 15.7574   Cr: 18.6422 )
00000191: 18.1732   (Y': 18.8676   Cb: 15.8711   Cr: 18.6696 )
00000192: 18.1571   (Y': 18.8506   Cb: 15.8532   Cr: 18.6601 )
00000193: 18.1385   (Y': 18.8014   Cb: 15.845    Cr: 18.7404 )
00000194: 18.1785   (Y': 18.8674   Cb: 15.8706   Cr: 18.7069 )
00000195: 18.1952   (Y': 18.8799   Cb: 15.9105   Cr: 18.6958 )
00000196: 18.1846   (Y': 18.8953   Cb: 15.81     Cr: 18.7585 )
00000198: 18.1443   (Y': 18.8856   Cb: 15.7715   Cr: 18.5984 )
00000197: 18.1887   (Y': 18.9028   Cb: 15.8269   Cr: 18.7245 )
00000199: 18.1688   (Y': 18.8762   Cb: 15.849    Cr: 18.6497 )
00000200: 18.1433   (Y': 18.8471   Cb: 15.792    Cr: 18.6983 )
00000202: 18.1698   (Y': 18.8809   Cb: 15.8466   Cr: 18.6431 )
00000201: 18.1742   (Y': 18.8542   Cb: 15.8933   Cr: 18.6856 )
00000203: 18.17     (Y': 18.8739   Cb: 15.8833   Cr: 18.6013 )
00000204: 18.1395   (Y': 18.855    Cb: 15.7988   Cr: 18.6291 )
00000205: 18.1528   (Y': 18.8471   Cb: 15.8521   Cr: 18.6469 )
00000206: 18.1624   (Y': 18.8637   Cb: 15.8442   Cr: 18.6631 )
00000207: 18.1525   (Y': 18.857    Cb: 15.8325   Cr: 18.6449 )
00000208: 18.1759   (Y': 18.8826   Cb: 15.8331   Cr: 18.7036 )
00000209: 18.1817   (Y': 18.8885   Cb: 15.8697   Cr: 18.6496 )
00000210: 18.1836   (Y': 18.8676   Cb: 15.9076   Cr: 18.6701 )
00000211: 18.1311   (Y': 18.8399   Cb: 15.816    Cr: 18.5973 )
00000212: 18.1548   (Y': 18.8782   Cb: 15.8353   Cr: 18.5749 )
00000213: 18.1739   (Y': 18.8665   Cb: 15.8369   Cr: 18.7445 )
00000214: 18.1793   (Y': 18.8816   Cb: 15.8762   Cr: 18.6478 )
00000215: 18.152    (Y': 18.8375   Cb: 15.885    Cr: 18.6157 )
00000216: 18.1666   (Y': 18.8758   Cb: 15.8466   Cr: 18.6409 )
00000217: 18.1756   (Y': 18.8744   Cb: 15.8873   Cr: 18.6288 )
00000218: 18.1532   (Y': 18.8692   Cb: 15.8206   Cr: 18.6256 )
00000219: 18.2104   (Y': 18.8913   Cb: 15.9266   Cr: 18.7234 )
00000220: 18.18     (Y': 18.8601   Cb: 15.8877   Cr: 18.7126 )
00000221: 18.1812   (Y': 18.8662   Cb: 15.8918   Cr: 18.689  )
00000222: 18.1865   (Y': 18.8893   Cb: 15.8876   Cr: 18.6452 )
00000223: 18.1632   (Y': 18.8819   Cb: 15.8171   Cr: 18.6514 )
00000224: 18.1693   (Y': 18.8835   Cb: 15.8423   Cr: 18.6382 )
00000225: 18.1869   (Y': 18.8832   Cb: 15.8606   Cr: 18.7221 )
00000226: 18.1849   (Y': 18.9162   Cb: 15.8328   Cr: 18.6365 )
00000227: 18.1673   (Y': 18.8909   Cb: 15.8081   Cr: 18.6621 )
00000228: 18.1591   (Y': 18.8852   Cb: 15.8247   Cr: 18.5971 )
00000229: 18.1771   (Y': 18.8711   Cb: 15.8816   Cr: 18.6626 )
00000230: 18.1807   (Y': 18.897    Cb: 15.8643   Cr: 18.6209 )
00000231: 18.1874   (Y': 18.9225   Cb: 15.8416   Cr: 18.6133 )
00000232: 18.1813   (Y': 18.9106   Cb: 15.8043   Cr: 18.6885 )
00000233: 18.178    (Y': 18.8915   Cb: 15.8365   Cr: 18.6771 )
00000234: 18.1844   (Y': 18.9143   Cb: 15.8493   Cr: 18.6093 )
00000235: 18.1797   (Y': 18.907    Cb: 15.804    Cr: 18.6921 )
00000236: 18.187    (Y': 18.886    Cb: 15.8682   Cr: 18.6976 )
00000237: 18.1792   (Y': 18.8676   Cb: 15.8746   Cr: 18.7034 )
00000238: 18.1512   (Y': 18.8699   Cb: 15.8128   Cr: 18.6246 )
00000239: 18.1974   (Y': 18.8951   Cb: 15.9083   Cr: 18.6568 )
00000240: 18.1773   (Y': 18.8877   Cb: 15.8366   Cr: 18.6868 )
00000241: 18.1669   (Y': 18.8917   Cb: 15.793    Cr: 18.6857 )
00000242: 18.1863   (Y': 18.8926   Cb: 15.8521   Cr: 18.6985 )
00000243: 18.1736   (Y': 18.8891   Cb: 15.867    Cr: 18.5986 )
00000244: 18.1789   (Y': 18.8867   Cb: 15.8618   Cr: 18.6529 )
00000245: 18.1912   (Y': 18.9018   Cb: 15.8562   Cr: 18.6885 )
00000246: 18.161    (Y': 18.8906   Cb: 15.7906   Cr: 18.6542 )
00000247: 18.2069   (Y': 18.9155   Cb: 15.876    Cr: 18.7043 )
00000248: 18.1628   (Y': 18.8956   Cb: 15.805    Cr: 18.62   )
00000249: 18.1777   (Y': 18.9086   Cb: 15.8286   Cr: 18.6253 )
00000250: 18.1849   (Y': 18.8891   Cb: 15.8651   Cr: 18.6775 )
00000251: 18.1833   (Y': 18.9029   Cb: 15.8712   Cr: 18.6037 )
00000252: 18.1584   (Y': 18.8745   Cb: 15.828    Cr: 18.6265 )
00000253: 18.163    (Y': 18.8784   Cb: 15.8732   Cr: 18.5573 )
00000254: 18.151    (Y': 18.8963   Cb: 15.7776   Cr: 18.5911 )
00000255: 18.1443   (Y': 18.8862   Cb: 15.8041   Cr: 18.5342 )
00000256: 18.1787   (Y': 18.8893   Cb: 15.8593   Cr: 18.647  )
00000257: 18.1775   (Y': 18.9131   Cb: 15.8035   Cr: 18.6554 )
00000258: 18.177    (Y': 18.9002   Cb: 15.8242   Cr: 18.6606 )
00000259: 18.1751   (Y': 18.9109   Cb: 15.8204   Cr: 18.6152 )
00000260: 18.1593   (Y': 18.8796   Cb: 15.8038   Cr: 18.6593 )
00000261: 18.1622   (Y': 18.8872   Cb: 15.8281   Cr: 18.6039 )
00000262: 18.1619   (Y': 18.8717   Cb: 15.8221   Cr: 18.6715 )
00000263: 18.1617   (Y': 18.8809   Cb: 15.8189   Cr: 18.6412 )
00000264: 18.1714   (Y': 18.8969   Cb: 15.836    Cr: 18.6132 )
00000265: 18.1763   (Y': 18.8963   Cb: 15.8331   Cr: 18.6538 )
00000266: 18.1543   (Y': 18.8814   Cb: 15.8117   Cr: 18.6037 )
00000267: 18.16     (Y': 18.8849   Cb: 15.8341   Cr: 18.5863 )
00000268: 18.1676   (Y': 18.8496   Cb: 15.8854   Cr: 18.6736 )
00000269: 18.157    (Y': 18.8861   Cb: 15.7609   Cr: 18.7028 )
00000270: 18.1269   (Y': 18.831    Cb: 15.7682   Cr: 18.6956 )
00000271: 18.1462   (Y': 18.8656   Cb: 15.8069   Cr: 18.6187 )
00000272: 18.1315   (Y': 18.8436   Cb: 15.7939   Cr: 18.6286 )
00000273: 18.1313   (Y': 18.8483   Cb: 15.7687   Cr: 18.6573 )
00000274: 18.1138   (Y': 18.8673   Cb: 15.6925   Cr: 18.6162 )
00000275: 18.1174   (Y': 18.8424   Cb: 15.7741   Cr: 18.5763 )
00000276: 18.1359   (Y': 18.85     Cb: 15.8043   Cr: 18.6138 )
00000277: 18.1488   (Y': 18.8611   Cb: 15.8355   Cr: 18.5983 )
00000278: 18.156    (Y': 18.8568   Cb: 15.8526   Cr: 18.6305 )
00000279: 18.1363   (Y': 18.8543   Cb: 15.8112   Cr: 18.5866 )
00000280: 18.1584   (Y': 18.8691   Cb: 15.8185   Cr: 18.6649 )
00000281: 18.1572   (Y': 18.8765   Cb: 15.7976   Cr: 18.6692 )
00000282: 18.1368   (Y': 18.8503   Cb: 15.8118   Cr: 18.6043 )
00000283: 18.1667   (Y': 18.8788   Cb: 15.817    Cr: 18.6866 )
00000284: 18.1419   (Y': 18.8802   Cb: 15.7621   Cr: 18.6206 )
00000285: 18.1327   (Y': 18.8487   Cb: 15.7788   Cr: 18.6464 )
00000286: 18.1368   (Y': 18.8486   Cb: 15.7886   Cr: 18.6556 )
00000287: 18.1336   (Y': 18.8507   Cb: 15.7814   Cr: 18.6394 )
00000288: 18.1259   (Y': 18.8474   Cb: 15.773    Cr: 18.6165 )
00000289: 18.0994   (Y': 18.8319   Cb: 15.7294   Cr: 18.5811 )
00000290: 18.1169   (Y': 18.8457   Cb: 15.7521   Cr: 18.6028 )
00000291: 18.141    (Y': 18.8586   Cb: 15.7775   Cr: 18.6664 )
00000292: 18.1134   (Y': 18.801    Cb: 15.7911   Cr: 18.6748 )
00000293: 18.1118   (Y': 18.8345   Cb: 15.7867   Cr: 18.5446 )
00000294: 18.1286   (Y': 18.8472   Cb: 15.7969   Cr: 18.5899 )
00000295: 18.109    (Y': 18.8019   Cb: 15.8088   Cr: 18.6072 )
00000296: 18.103    (Y': 18.7996   Cb: 15.7463   Cr: 18.6965 )
00000297: 18.1223   (Y': 18.8372   Cb: 15.7981   Cr: 18.5832 )
00000298: 18.1241   (Y': 18.8378   Cb: 15.8148   Cr: 18.5613 )
00000299: 18.1267   (Y': 18.8292   Cb: 15.797    Cr: 18.6446 )
00000300: 18.1253   (Y': 18.842    Cb: 15.8117   Cr: 18.5586 )
00000301: 18.1143   (Y': 18.8259   Cb: 15.7855   Cr: 18.5964 )
00000302: 18.1279   (Y': 18.825    Cb: 15.837    Cr: 18.5931 )
00000303: 18.1173   (Y': 18.8413   Cb: 15.7489   Cr: 18.628  )
00000304: 18.1592   (Y': 18.8503   Cb: 15.8369   Cr: 18.707  )
00000305: 18.1493   (Y': 18.8801   Cb: 15.8174   Cr: 18.5646 )
00000306: 18.0998   (Y': 18.8267   Cb: 15.7822   Cr: 18.5031 )
00000307: 18.1082   (Y': 18.8254   Cb: 15.7395   Cr: 18.6454 )
00000308: 18.121    (Y': 18.8347   Cb: 15.747    Cr: 18.6826 )
00000309: 18.1189   (Y': 18.8339   Cb: 15.7855   Cr: 18.5966 )
00000310: 18.1287   (Y': 18.8303   Cb: 15.7966   Cr: 18.6548 )
00000311: 18.1384   (Y': 18.8507   Cb: 15.7742   Cr: 18.6858 )
00000312: 18.0958   (Y': 18.8192   Cb: 15.7386   Cr: 18.5872 )
00000313: 18.1209   (Y': 18.8589   Cb: 15.7337   Cr: 18.6148 )
00000314: 18.1465   (Y': 18.8684   Cb: 15.8066   Cr: 18.6107 )
00000315: 18.1579   (Y': 18.8452   Cb: 15.855    Cr: 18.6831 )
00000316: 18.1449   (Y': 18.8495   Cb: 15.8341   Cr: 18.6193 )
00000317: 18.1263   (Y': 18.8391   Cb: 15.7983   Cr: 18.6021 )
00000318: 18.1384   (Y': 18.8321   Cb: 15.8298   Cr: 18.6503 )
00000319: 18.1365   (Y': 18.8564   Cb: 15.8153   Cr: 18.5723 )
00000320: 18.1099   (Y': 18.8348   Cb: 15.772    Cr: 18.559  )
00000321: 18.1217   (Y': 18.8327   Cb: 15.7833   Cr: 18.6238 )
00000322: 18.1392   (Y': 18.8697   Cb: 15.7623   Cr: 18.6419 )
00000323: 18.0978   (Y': 18.8265   Cb: 15.7469   Cr: 18.557  )
00000324: 18.1075   (Y': 18.8243   Cb: 15.7466   Cr: 18.6311 )
00000325: 18.1255   (Y': 18.8463   Cb: 15.7752   Cr: 18.6137 )
00000326: 18.1215   (Y': 18.8532   Cb: 15.7362   Cr: 18.636  )
00000327: 18.1252   (Y': 18.8528   Cb: 15.7594   Cr: 18.6175 )
00000328: 18.1274   (Y': 18.8567   Cb: 15.7757   Cr: 18.5862 )
00000329: 18.1323   (Y': 18.8714   Cb: 15.7606   Cr: 18.5924 )
00000330: 18.1146   (Y': 18.8175   Cb: 15.7854   Cr: 18.6304 )
00000331: 18.1455   (Y': 18.8633   Cb: 15.788    Cr: 18.6589 )
00000332: 18.1256   (Y': 18.8287   Cb: 15.8036   Cr: 18.6266 )
00000333: 18.1231   (Y': 18.8259   Cb: 15.8022   Cr: 18.6235 )
00000334: 18.1239   (Y': 18.8642   Cb: 15.7605   Cr: 18.5641 )
00000335: 18.1154   (Y': 18.8469   Cb: 15.7525   Cr: 18.587  )
00000336: 18.1205   (Y': 18.8447   Cb: 15.7888   Cr: 18.5606 )
00000337: 18.1099   (Y': 18.8305   Cb: 15.7472   Cr: 18.6228 )
00000338: 18.1136   (Y': 18.8266   Cb: 15.7982   Cr: 18.5646 )
00000339: 18.1224   (Y': 18.8417   Cb: 15.8029   Cr: 18.5574 )
00000340: 18.1259   (Y': 18.8503   Cb: 15.7631   Cr: 18.6246 )
00000341: 18.1209   (Y': 18.8324   Cb: 15.7913   Cr: 18.605  )
00000342: 18.139    (Y': 18.8676   Cb: 15.8105   Cr: 18.5564 )
00000343: 18.1242   (Y': 18.8435   Cb: 15.796    Cr: 18.576  )
00000344: 18.1252   (Y': 18.8567   Cb: 15.7691   Cr: 18.5842 )
00000345: 18.1176   (Y': 18.8198   Cb: 15.8053   Cr: 18.6034 )
00000346: 18.1462   (Y': 18.8551   Cb: 15.8068   Cr: 18.6586 )
00000347: 18.1012   (Y': 18.8084   Cb: 15.7767   Cr: 18.5918 )
00000348: 18.128    (Y': 18.8341   Cb: 15.8221   Cr: 18.5872 )
00000349: 18.1196   (Y': 18.85     Cb: 15.7872   Cr: 18.5376 )
00000350: 18.103    (Y': 18.8257   Cb: 15.7426   Cr: 18.6033 )
00000351: 18.1171   (Y': 18.8367   Cb: 15.7749   Cr: 18.5941 )
00000352: 18.1168   (Y': 18.8515   Cb: 15.7506   Cr: 18.5832 )
00000353: 18.1134   (Y': 18.8373   Cb: 15.796    Cr: 18.5275 )
00000354: 18.1257   (Y': 18.8424   Cb: 15.7878   Cr: 18.6057 )
00000355: 18.1075   (Y': 18.8323   Cb: 15.7703   Cr: 18.5552 )
00000356: 18.1032   (Y': 18.8472   Cb: 15.7135   Cr: 18.5797 )
00000357: 18.1114   (Y': 18.8398   Cb: 15.763    Cr: 18.5673 )
00000358: 18.1131   (Y': 18.8283   Cb: 15.7712   Cr: 18.606  )
00000359: 18.1284   (Y': 18.86     Cb: 15.7692   Cr: 18.5931 )
00000360: 18.1031   (Y': 18.8434   Cb: 15.7471   Cr: 18.5291 )
00000361: 18.1152   (Y': 18.8392   Cb: 15.7715   Cr: 18.5786 )
00000362: 18.1036   (Y': 18.8215   Cb: 15.7658   Cr: 18.5785 )
00000363: 18.1274   (Y': 18.8557   Cb: 15.8032   Cr: 18.5381 )
00000364: 18.1219   (Y': 18.8514   Cb: 15.7619   Cr: 18.5961 )
00000365: 18.1371   (Y': 18.8578   Cb: 15.7589   Cr: 18.6798 )
00000366: 18.1164   (Y': 18.8388   Cb: 15.765    Cr: 18.6003 )
00000367: 18.1021   (Y': 18.8385   Cb: 15.7196   Cr: 18.5933 )
00000368: 18.0993   (Y': 18.8461   Cb: 15.6995   Cr: 18.5846 )
00000369: 18.1333   (Y': 18.848    Cb: 15.8052   Cr: 18.6021 )
00000370: 18.1286   (Y': 18.8506   Cb: 15.7903   Cr: 18.589  )
00000371: 18.1271   (Y': 18.8373   Cb: 15.82     Cr: 18.5732 )
00000372: 18.1395   (Y': 18.8729   Cb: 15.7682   Cr: 18.6205 )
00000373: 18.1039   (Y': 18.8456   Cb: 15.7738   Cr: 18.4756 )
00000374: 18.1269   (Y': 18.8589   Cb: 15.7567   Cr: 18.611  )
00000375: 18.1114   (Y': 18.852    Cb: 15.7523   Cr: 18.5418 )
00000376: 18.1128   (Y': 18.8468   Cb: 15.7395   Cr: 18.5949 )
00000377: 18.1136   (Y': 18.8458   Cb: 15.7756   Cr: 18.5354 )
00000378: 18.1257   (Y': 18.8367   Cb: 15.8051   Cr: 18.5939 )
00000379: 18.1179   (Y': 18.8365   Cb: 15.7775   Cr: 18.5951 )
00000380: 18.0978   (Y': 18.8181   Cb: 15.7614   Cr: 18.5611 )
00000382: 18.1245   (Y': 18.8503   Cb: 15.7771   Cr: 18.5878 )
00000381: 18.1055   (Y': 18.8118   Cb: 15.79     Cr: 18.5817 )
00000383: 18.1262   (Y': 18.858    Cb: 15.7778   Cr: 18.5692 )
00000384: 18.1254   (Y': 18.8299   Cb: 15.8358   Cr: 18.5595 )
00000385: 18.1243   (Y': 18.8477   Cb: 15.7914   Cr: 18.5691 )
00000386: 18.1259   (Y': 18.8417   Cb: 15.7921   Cr: 18.6012 )
00000387: 18.123    (Y': 18.8459   Cb: 15.7531   Cr: 18.6411 )
00000388: 18.1253   (Y': 18.8716   Cb: 15.7345   Cr: 18.5952 )
00000390: 18.1429   (Y': 18.8678   Cb: 15.8233   Cr: 18.5575 )
00000389: 18.1145   (Y': 18.8332   Cb: 15.7791   Cr: 18.5819 )
00000391: 18.1064   (Y': 18.8206   Cb: 15.7862   Cr: 18.5619 )
00000392: 18.1114   (Y': 18.8373   Cb: 15.7533   Cr: 18.5952 )
00000393: 18.1205   (Y': 18.8441   Cb: 15.7535   Cr: 18.6305 )
00000394: 18.1294   (Y': 18.8401   Cb: 15.8187   Cr: 18.5804 )
00000395: 18.1356   (Y': 18.855    Cb: 15.7952   Cr: 18.6104 )
00000396: 18.1075   (Y': 18.8286   Cb: 15.7657   Cr: 18.5783 )
00000397: 18.1058   (Y': 18.8121   Cb: 15.7895   Cr: 18.584  )
00000398: 18.122    (Y': 18.8471   Cb: 15.8026   Cr: 18.5351 )
00000399: 18.1232   (Y': 18.8643   Cb: 15.765    Cr: 18.5503 )
00000400: 18.1098   (Y': 18.8348   Cb: 15.7635   Cr: 18.5745 )
00000401: 18.0963   (Y': 18.8079   Cb: 15.7465   Cr: 18.6186 )
00000402: 18.134    (Y': 18.8678   Cb: 15.7696   Cr: 18.6001 )
00000403: 18.0999   (Y': 18.8244   Cb: 15.7662   Cr: 18.5429 )
00000404: 18.0949   (Y': 18.8048   Cb: 15.7938   Cr: 18.5308 )
00000405: 18.1276   (Y': 18.8407   Cb: 15.7859   Cr: 18.6284 )
00000406: 18.1252   (Y': 18.8737   Cb: 15.7447   Cr: 18.5671 )
00000407: 18.1114   (Y': 18.8461   Cb: 15.749    Cr: 18.5707 )
00000408: 18.1414   (Y': 18.8468   Cb: 15.8418   Cr: 18.5914 )
00000409: 18.1187   (Y': 18.8515   Cb: 15.7522   Cr: 18.5929 )
00000410: 18.1068   (Y': 18.8189   Cb: 15.7946   Cr: 18.5551 )
00000411: 18.1119   (Y': 18.8221   Cb: 15.786    Cr: 18.5934 )
00000412: 18.1209   (Y': 18.8467   Cb: 15.7554   Cr: 18.6192 )
00000413: 18.086    (Y': 18.8292   Cb: 15.6961   Cr: 18.5658 )
00000414: 18.1143   (Y': 18.8459   Cb: 15.7354   Cr: 18.6166 )
00000415: 18.1238   (Y': 18.8527   Cb: 15.7915   Cr: 18.5473 )
00000416: 18.1072   (Y': 18.8305   Cb: 15.7443   Cr: 18.6101 )
00000417: 18.0909   (Y': 18.827    Cb: 15.724    Cr: 18.5531 )
00000418: 18.1179   (Y': 18.8589   Cb: 15.7749   Cr: 18.5163 )
00000419: 18.1317   (Y': 18.8438   Cb: 15.8087   Cr: 18.6008 )
00000420: 18.1073   (Y': 18.8492   Cb: 15.7106   Cr: 18.6055 )
00000421: 18.1115   (Y': 18.8581   Cb: 15.7372   Cr: 18.5487 )
00000423: 18.1095   (Y': 18.8465   Cb: 15.7526   Cr: 18.5495 )
00000422: 18.1194   (Y': 18.8497   Cb: 15.7641   Cr: 18.5816 )
00000424: 18.0986   (Y': 18.8214   Cb: 15.783    Cr: 18.5132 )
00000425: 18.1194   (Y': 18.8454   Cb: 15.7917   Cr: 18.5449 )
00000426: 18.1326   (Y': 18.8543   Cb: 15.8084   Cr: 18.5679 )
00000427: 18.1359   (Y': 18.8562   Cb: 15.8065   Cr: 18.5861 )
00000428: 18.1098   (Y': 18.8485   Cb: 15.7505   Cr: 18.5481 )
00000429: 18.1596   (Y': 18.8962   Cb: 15.8103   Cr: 18.5864 )
00000430: 18.1293   (Y': 18.8582   Cb: 15.7869   Cr: 18.5717 )
00000431: 18.1423   (Y': 18.8367   Cb: 15.8383   Cr: 18.6419 )
00000432: 18.1388   (Y': 18.8481   Cb: 15.7975   Cr: 18.6533 )
00000433: 18.1259   (Y': 18.849    Cb: 15.7663   Cr: 18.6229 )
00000434: 18.1289   (Y': 18.8427   Cb: 15.8157   Cr: 18.5724 )
00000435: 18.1024   (Y': 18.8348   Cb: 15.7632   Cr: 18.526  )
00000436: 18.1045   (Y': 18.814    Cb: 15.7867   Cr: 18.5735 )
00000437: 18.105    (Y': 18.8535   Cb: 15.7332   Cr: 18.5305 )
00000438: 18.1161   (Y': 18.8372   Cb: 15.7912   Cr: 18.5547 )
00000439: 18.0899   (Y': 18.8124   Cb: 15.7673   Cr: 18.5187 )
00000440: 18.1351   (Y': 18.8561   Cb: 15.804    Cr: 18.5859 )
00000441: 18.0848   (Y': 18.8169   Cb: 15.7183   Cr: 18.5616 )
00000442: 18.1289   (Y': 18.838    Cb: 15.8525   Cr: 18.5218 )
00000443: 18.1332   (Y': 18.8589   Cb: 15.8282   Cr: 18.5176 )
00000444: 18.1021   (Y': 18.8597   Cb: 15.7118   Cr: 18.5289 )
00000445: 18.1012   (Y': 18.8165   Cb: 15.7787   Cr: 18.5571 )
00000446: 18.0658   (Y': 18.8038   Cb: 15.6959   Cr: 18.527  )
00000447: 18.1005   (Y': 18.8303   Cb: 15.754    Cr: 18.5471 )
00000448: 18.0901   (Y': 18.8071   Cb: 15.7438   Cr: 18.585  )
00000449: 18.1093   (Y': 18.8124   Cb: 15.8085   Cr: 18.5699 )
00000450: 18.1277   (Y': 18.8294   Cb: 15.8154   Cr: 18.6154 )
00000451: 18.1028   (Y': 18.8282   Cb: 15.7656   Cr: 18.5486 )
00000452: 18.1262   (Y': 18.863    Cb: 15.748    Cr: 18.6072 )
00000453: 18.1116   (Y': 18.8267   Cb: 15.8038   Cr: 18.5401 )
00000454: 18.1126   (Y': 18.8321   Cb: 15.774    Cr: 18.5831 )
00000455: 18.1029   (Y': 18.8238   Cb: 15.7593   Cr: 18.5778 )
00000456: 18.1072   (Y': 18.8246   Cb: 15.7754   Cr: 18.5727 )
00000457: 18.118    (Y': 18.8291   Cb: 15.7768   Cr: 18.6253 )
00000458: 18.1227   (Y': 18.8527   Cb: 15.7696   Cr: 18.5815 )
00000459: 18.1304   (Y': 18.8434   Cb: 15.8092   Cr: 18.5928 )
00000460: 18.1064   (Y': 18.8303   Cb: 15.7527   Cr: 18.5895 )
00000461: 18.1093   (Y': 18.8396   Cb: 15.7868   Cr: 18.5091 )
00000462: 18.1159   (Y': 18.833    Cb: 15.7814   Cr: 18.5876 )
00000463: 18.1281   (Y': 18.8737   Cb: 15.787    Cr: 18.506  )
00000464: 18.0949   (Y': 18.8389   Cb: 15.7363   Cr: 18.5117 )
00000465: 18.1101   (Y': 18.8259   Cb: 15.7832   Cr: 18.5728 )
00000466: 18.1086   (Y': 18.837    Cb: 15.7486   Cr: 18.5867 )
00000467: 18.1254   (Y': 18.8523   Cb: 15.798    Cr: 18.5471 )
00000468: 18.1322   (Y': 18.8483   Cb: 15.8034   Cr: 18.5971 )
00000469: 18.0959   (Y': 18.8203   Cb: 15.7558   Cr: 18.5512 )
00000470: 18.1137   (Y': 18.8321   Cb: 15.8207   Cr: 18.5028 )
00000471: 18.1107   (Y': 18.8333   Cb: 15.7803   Cr: 18.5542 )
00000472: 18.0861   (Y': 18.8006   Cb: 15.7805   Cr: 18.5134 )
00000473: 18.1058   (Y': 18.8282   Cb: 15.7821   Cr: 18.5375 )
00000474: 18.1165   (Y': 18.8736   Cb: 15.7472   Cr: 18.5053 )
00000475: 18.117    (Y': 18.8582   Cb: 15.7677   Cr: 18.5271 )
00000476: 18.1047   (Y': 18.8536   Cb: 15.7445   Cr: 18.507  )
00000477: 18.1005   (Y': 18.8087   Cb: 15.7585   Cr: 18.6204 )
00000478: 18.1201   (Y': 18.8444   Cb: 15.7663   Cr: 18.6019 )
00000479: 18.1109   (Y': 18.8331   Cb: 15.748    Cr: 18.6178 )
00000480: 18.1106   (Y': 18.8187   Cb: 15.7936   Cr: 18.5831 )
00000481: 18.1097   (Y': 18.8068   Cb: 15.7896   Cr: 18.6303 )
00000482: 18.1081   (Y': 18.813    Cb: 15.7835   Cr: 18.6077 )
00000483: 18.1148   (Y': 18.8453   Cb: 15.7444   Cr: 18.6047 )
00000484: 18.1314   (Y': 18.848    Cb: 15.7929   Cr: 18.6125 )
00000485: 18.1166   (Y': 18.8459   Cb: 15.7696   Cr: 18.5665 )
00000486: 18.0809   (Y': 18.8081   Cb: 15.7516   Cr: 18.5045 )
00000487: 18.1131   (Y': 18.8268   Cb: 15.7818   Cr: 18.592  )
00000488: 18.1243   (Y': 18.8276   Cb: 15.8026   Cr: 18.624  )
00000489: 18.1363   (Y': 18.8529   Cb: 15.8137   Cr: 18.5874 )
00000490: 18.0919   (Y': 18.8091   Cb: 15.7508   Cr: 18.5762 )
00000491: 18.1191   (Y': 18.8277   Cb: 15.7831   Cr: 18.6256 )
00000492: 18.1044   (Y': 18.8301   Cb: 15.7312   Cr: 18.6184 )
00000493: 18.1201   (Y': 18.8472   Cb: 15.7469   Cr: 18.6283 )
00000494: 18.1131   (Y': 18.8235   Cb: 15.7642   Cr: 18.6382 )
00000495: 18.1274   (Y': 18.8429   Cb: 15.8084   Cr: 18.5757 )
00000496: 18.0988   (Y': 18.8351   Cb: 15.7592   Cr: 18.5087 )
00000497: 18.1012   (Y': 18.8081   Cb: 15.7719   Cr: 18.6021 )
00000498: 18.1024   (Y': 18.8218   Cb: 15.779    Cr: 18.5448 )
00000499: 18.1185   (Y': 18.8317   Cb: 15.7804   Cr: 18.6124 )
00000500: 18.0857   (Y': 18.8043   Cb: 15.741    Cr: 18.5713 )
00000501: 18.1193   (Y': 18.8512   Cb: 15.79     Cr: 18.5257 )
00000502: 18.1064   (Y': 18.8126   Cb: 15.7571   Cr: 18.6487 )
00000503: 18.129    (Y': 18.8402   Cb: 15.8213   Cr: 18.5724 )
00000504: 18.1228   (Y': 18.8503   Cb: 15.7757   Cr: 18.5796 )
00000505: 18.1192   (Y': 18.8412   Cb: 15.7847   Cr: 18.5725 )
00000506: 18.1064   (Y': 18.8415   Cb: 15.7766   Cr: 18.5017 )
00000507: 18.1252   (Y': 18.8295   Cb: 15.8028   Cr: 18.6223 )
00000508: 18.104    (Y': 18.8065   Cb: 15.7688   Cr: 18.6325 )
00000509: 18.1046   (Y': 18.8102   Cb: 15.7732   Cr: 18.6145 )
00000510: 18.1131   (Y': 18.8285   Cb: 15.8112   Cr: 18.5299 )
00000511: 18.1253   (Y': 18.8228   Cb: 15.8413   Cr: 18.5753 )
00000512: 18.1081   (Y': 18.828    Cb: 15.7572   Cr: 18.6006 )
00000513: 18.0907   (Y': 18.8032   Cb: 15.7745   Cr: 18.5451 )
00000514: 18.1039   (Y': 18.8352   Cb: 15.7446   Cr: 18.5697 )
00000515: 18.1431   (Y': 18.8359   Cb: 15.839    Cr: 18.6494 )
00000516: 18.1251   (Y': 18.8276   Cb: 15.8162   Cr: 18.6035 )
00000517: 18.1027   (Y': 18.8229   Cb: 15.7482   Cr: 18.6011 )
00000518: 18.1177   (Y': 18.8139   Cb: 15.8172   Cr: 18.6041 )
00000519: 18.1287   (Y': 18.8335   Cb: 15.7964   Cr: 18.6429 )
00000520: 18.1112   (Y': 18.8303   Cb: 15.7967   Cr: 18.5383 )
00000521: 18.1121   (Y': 18.828    Cb: 15.7865   Cr: 18.5713 )
00000522: 18.1168   (Y': 18.8604   Cb: 15.7575   Cr: 18.5366 )
00000523: 18.1467   (Y': 18.8536   Cb: 15.7945   Cr: 18.6917 )
00000524: 18.1147   (Y': 18.8373   Cb: 15.7712   Cr: 18.5828 )
00000525: 18.0924   (Y': 18.7921   Cb: 15.7563   Cr: 18.6337 )
00000526: 18.1083   (Y': 18.8281   Cb: 15.7594   Cr: 18.5977 )
00000527: 18.1178   (Y': 18.8264   Cb: 15.7861   Cr: 18.6163 )
00000528: 18.0894   (Y': 18.8091   Cb: 15.7507   Cr: 18.559  )
00000529: 18.1252   (Y': 18.8567   Cb: 15.7906   Cr: 18.5437 )
00000530: 18.0999   (Y': 18.8296   Cb: 15.7588   Cr: 18.5371 )
00000531: 18.0778   (Y': 18.805    Cb: 15.725    Cr: 18.5468 )
00000532: 18.0955   (Y': 18.8191   Cb: 15.7386   Cr: 18.5862 )
00000533: 18.1089   (Y': 18.848    Cb: 15.751    Cr: 18.5428 )
00000534: 18.1057   (Y': 18.8309   Cb: 15.7855   Cr: 18.5202 )
00000535: 18.0986   (Y': 18.8357   Cb: 15.7224   Cr: 18.5751 )
00000536: 18.1138   (Y': 18.8355   Cb: 15.7743   Cr: 18.5782 )
00000537: 18.1216   (Y': 18.8591   Cb: 15.7558   Cr: 18.5767 )
00000538: 18.0927   (Y': 18.8237   Cb: 15.7583   Cr: 18.5126 )
00000540: 18.1117   (Y': 18.8417   Cb: 15.7367   Cr: 18.6128 )
00000539: 18.0974   (Y': 18.8302   Cb: 15.7466   Cr: 18.5416 )
00000541: 18.0967   (Y': 18.837    Cb: 15.7223   Cr: 18.5578 )
00000542: 18.0972   (Y': 18.8277   Cb: 15.7309   Cr: 18.5791 )
00000543: 18.1171   (Y': 18.8577   Cb: 15.7414   Cr: 18.5795 )
00000544: 18.1041   (Y': 18.8265   Cb: 15.7492   Cr: 18.5951 )
00000545: 18.1089   (Y': 18.8274   Cb: 15.7938   Cr: 18.5389 )
00000546: 18.1023   (Y': 18.8168   Cb: 15.7745   Cr: 18.5713 )
00000547: 18.1066   (Y': 18.8061   Cb: 15.7993   Cr: 18.5934 )
00000548: 18.1046   (Y': 18.8349   Cb: 15.7232   Cr: 18.6167 )
00000549: 18.1083   (Y': 18.8442   Cb: 15.7529   Cr: 18.5492 )
00000550: 18.0957   (Y': 18.833    Cb: 15.7203   Cr: 18.5699 )
00000551: 18.0968   (Y': 18.8297   Cb: 15.7172   Cr: 18.5959 )
00000552: 18.1252   (Y': 18.8514   Cb: 15.7625   Cr: 18.6166 )
00000553: 18.1421   (Y': 18.8436   Cb: 15.7964   Cr: 18.695  )
00000554: 18.1469   (Y': 18.869    Cb: 15.8018   Cr: 18.62   )
00000555: 18.1331   (Y': 18.8258   Cb: 15.8336   Cr: 18.6307 )
00000556: 18.1344   (Y': 18.8607   Cb: 15.786    Cr: 18.5979 )
00000557: 18.1148   (Y': 18.8518   Cb: 15.7664   Cr: 18.5384 )
00000558: 18.117    (Y': 18.8333   Cb: 15.7896   Cr: 18.578  )
00000559: 18.0944   (Y': 18.8245   Cb: 15.7384   Cr: 18.5581 )
00000560: 18.094    (Y': 18.8203   Cb: 15.7419   Cr: 18.5652 )
00000561: 18.0913   (Y': 18.8009   Cb: 15.7588   Cr: 18.5874 )
00000562: 18.0953   (Y': 18.8224   Cb: 15.7504   Cr: 18.5496 )
00000563: 18.0746   (Y': 18.7755   Cb: 15.7635   Cr: 18.5632 )
00000564: 18.1033   (Y': 18.8128   Cb: 15.7891   Cr: 18.5653 )
00000565: 18.1193   (Y': 18.8258   Cb: 15.7617   Cr: 18.6761 )
00000566: 18.123    (Y': 18.8581   Cb: 15.7739   Cr: 18.5553 )
00000567: 18.101    (Y': 18.8223   Cb: 15.7933   Cr: 18.5063 )
00000568: 18.1081   (Y': 18.8298   Cb: 15.7676   Cr: 18.574  )
00000569: 18.1225   (Y': 18.8189   Cb: 15.8151   Cr: 18.6217 )
00000570: 18.0991   (Y': 18.8185   Cb: 15.7339   Cr: 18.6214 )
00000571: 18.1197   (Y': 18.8274   Cb: 15.7863   Cr: 18.6253 )
00000572: 18.1532   (Y': 18.8391   Cb: 15.8603   Cr: 18.6644 )
00000573: 18.1382   (Y': 18.8342   Cb: 15.8193   Cr: 18.6609 )
00000574: 18.0855   (Y': 18.7903   Cb: 15.723    Cr: 18.6587 )
00000575: 18.0856   (Y': 18.7945   Cb: 15.7419   Cr: 18.6068 )
00000576: 18.1149   (Y': 18.839    Cb: 15.7685   Cr: 18.5831 )
00000577: 18.0636   (Y': 18.778    Cb: 15.7337   Cr: 18.5369 )
00000578: 18.0913   (Y': 18.812    Cb: 15.7481   Cr: 18.5662 )
00000579: 18.1381   (Y': 18.8749   Cb: 15.7868   Cr: 18.5677 )
00000580: 18.1139   (Y': 18.8416   Cb: 15.7214   Cr: 18.6574 )
00000581: 18.0818   (Y': 18.8067   Cb: 15.711    Cr: 18.5939 )
00000582: 18.0951   (Y': 18.8311   Cb: 15.7275   Cr: 18.5593 )
00000583: 18.1173   (Y': 18.8266   Cb: 15.8164   Cr: 18.5553 )
00000584: 18.1063   (Y': 18.8596   Cb: 15.7141   Cr: 18.5524 )
00000585: 18.0805   (Y': 18.8001   Cb: 15.7481   Cr: 18.5391 )
00000586: 18.0742   (Y': 18.8017   Cb: 15.7568   Cr: 18.4749 )
00000587: 18.0923   (Y': 18.8176   Cb: 15.7145   Cr: 18.6168 )
00000588: 18.1105   (Y': 18.8195   Cb: 15.8198   Cr: 18.5302 )
00000589: 18.0954   (Y': 18.8116   Cb: 15.7634   Cr: 18.566  )
00000590: 18.0785   (Y': 18.8082   Cb: 15.7001   Cr: 18.5871 )
00000591: 18.1029   (Y': 18.8403   Cb: 15.7351   Cr: 18.5622 )
00000592: 18.1068   (Y': 18.8288   Cb: 15.7382   Cr: 18.6256 )
00000593: 18.0943   (Y': 18.8176   Cb: 15.7372   Cr: 18.5864 )
00000594: 18.0971   (Y': 18.8027   Cb: 15.7688   Cr: 18.6007 )
00000595: 18.1204   (Y': 18.8205   Cb: 15.8117   Cr: 18.6079 )
00000596: 18.1247   (Y': 18.8184   Cb: 15.7927   Cr: 18.6815 )
00000597: 18.1239   (Y': 18.8394   Cb: 15.8023   Cr: 18.5773 )
00000598: 18.1103   (Y': 18.8241   Cb: 15.7981   Cr: 18.5521 )
00000599: 18.0886   (Y': 18.7973   Cb: 15.7587   Cr: 18.5834 )
00000600: 18.1041   (Y': 18.8137   Cb: 15.7478   Cr: 18.6467 )
00000601: 18.0914   (Y': 18.8006   Cb: 15.7827   Cr: 18.5444 )
00000602: 18.1177   (Y': 18.8314   Cb: 15.7828   Cr: 18.6032 )
00000603: 18.1124   (Y': 18.8361   Cb: 15.7545   Cr: 18.6043 )
00000604: 18.1285   (Y': 18.8469   Cb: 15.7744   Cr: 18.6331 )
00000605: 18.0915   (Y': 18.7778   Cb: 15.7958   Cr: 18.6067 )
00000606: 18.1193   (Y': 18.8473   Cb: 15.7603   Cr: 18.5968 )
00000607: 18.1049   (Y': 18.8168   Cb: 15.7853   Cr: 18.5679 )
00000608: 18.1134   (Y': 18.842    Cb: 15.7837   Cr: 18.533  )
00000609: 18.1141   (Y': 18.859    Cb: 15.7506   Cr: 18.5373 )
00000610: 18.1036   (Y': 18.8384   Cb: 15.7428   Cr: 18.5592 )
00000611: 18.0899   (Y': 18.8349   Cb: 15.7164   Cr: 18.5316 )
00000612: 18.0921   (Y': 18.8186   Cb: 15.7438   Cr: 18.5545 )
00000613: 18.1228   (Y': 18.8284   Cb: 15.832    Cr: 18.5557 )
00000614: 18.1053   (Y': 18.8243   Cb: 15.749    Cr: 18.6118 )
00000615: 18.1081   (Y': 18.8136   Cb: 15.7925   Cr: 18.588  )
00000616: 18.116    (Y': 18.8131   Cb: 15.8315   Cr: 18.5692 )
00000617: 18.1133   (Y': 18.8283   Cb: 15.7445   Cr: 18.6592 )
00000618: 18.1113   (Y': 18.8456   Cb: 15.7432   Cr: 18.5822 )
00000619: 18.1169   (Y': 18.8201   Cb: 15.7843   Cr: 18.6376 )
00000620: 18.1259   (Y': 18.8611   Cb: 15.7691   Cr: 18.5725 )
00000621: 18.1332   (Y': 18.8497   Cb: 15.7778   Cr: 18.6476 )
00000622: 18.1003   (Y': 18.826    Cb: 15.7147   Cr: 18.6381 )
00000623: 18.0784   (Y': 18.8118   Cb: 15.7211   Cr: 18.5324 )
00000624: 18.108    (Y': 18.8051   Cb: 15.8159   Cr: 18.5753 )
00000625: 18.1147   (Y': 18.8285   Cb: 15.7907   Cr: 18.5788 )
00000626: 18.1086   (Y': 18.8299   Cb: 15.7606   Cr: 18.5907 )
00000627: 18.1181   (Y': 18.8455   Cb: 15.7539   Cr: 18.6079 )
00000629: 18.1112   (Y': 18.8323   Cb: 15.7688   Cr: 18.5831 )
00000628: 18.1138   (Y': 18.8292   Cb: 15.8038   Cr: 18.5455 )
00000630: 18.1234   (Y': 18.8263   Cb: 15.7926   Cr: 18.6424 )
00000631: 18.0998   (Y': 18.8187   Cb: 15.755    Cr: 18.5846 )
00000632: 18.1077   (Y': 18.8328   Cb: 15.7776   Cr: 18.5412 )
00000633: 18.1081   (Y': 18.7923   Cb: 15.8296   Cr: 18.5985 )
00000634: 18.1186   (Y': 18.8159   Cb: 15.7964   Cr: 18.642  )
00000635: 18.1078   (Y': 18.8363   Cb: 15.7688   Cr: 18.5455 )
00000637: 18.0982   (Y': 18.8085   Cb: 15.7303   Cr: 18.6605 )
00000636: 18.1037   (Y': 18.8354   Cb: 15.7462   Cr: 18.5648 )
00000638: 18.128    (Y': 18.8248   Cb: 15.8157   Cr: 18.6348 )
00000639: 18.1449   (Y': 18.8732   Cb: 15.7918   Cr: 18.6101 )
00000640: 18.1036   (Y': 18.8305   Cb: 15.7418   Cr: 18.5908 )
00000641: 18.1094   (Y': 18.854    Cb: 15.7235   Cr: 18.5759 )
00000642: 18.1293   (Y': 18.8324   Cb: 15.803    Cr: 18.6386 )
00000643: 18.108    (Y': 18.8341   Cb: 15.7631   Cr: 18.5656 )
00000644: 18.1062   (Y': 18.8472   Cb: 15.7425   Cr: 18.5441 )
00000645: 18.1105   (Y': 18.8182   Cb: 15.7863   Cr: 18.5982 )
00000646: 18.0979   (Y': 18.8205   Cb: 15.7526   Cr: 18.5697 )
00000647: 18.1214   (Y': 18.8555   Cb: 15.7698   Cr: 18.5618 )
00000648: 18.1155   (Y': 18.8551   Cb: 15.7297   Cr: 18.6008 )
00000649: 18.13     (Y': 18.8521   Cb: 15.7962   Cr: 18.5818 )
00000650: 18.0874   (Y': 18.8296   Cb: 15.7245   Cr: 18.5191 )
00000651: 18.0981   (Y': 18.8042   Cb: 15.767    Cr: 18.6054 )
00000652: 18.136    (Y': 18.8572   Cb: 15.8191   Cr: 18.5591 )
00000653: 18.1119   (Y': 18.8263   Cb: 15.7757   Cr: 18.5969 )
00000654: 18.1386   (Y': 18.8452   Cb: 15.8188   Cr: 18.6221 )
00000655: 18.1239   (Y': 18.8442   Cb: 15.7797   Cr: 18.6019 )
00000656: 18.1261   (Y': 18.8459   Cb: 15.8163   Cr: 18.541  )
00000657: 18.1105   (Y': 18.8527   Cb: 15.724    Cr: 18.5877 )
00000658: 18.1134   (Y': 18.8195   Cb: 15.7991   Cr: 18.5883 )
00000659: 18.1076   (Y': 18.8444   Cb: 15.7453   Cr: 18.5581 )
00000660: 18.1512   (Y': 18.862    Cb: 15.7985   Cr: 18.6824 )
00000661: 18.1118   (Y': 18.8298   Cb: 15.7447   Cr: 18.6434 )
00000662: 18.1043   (Y': 18.8396   Cb: 15.7494   Cr: 18.5465 )
00000663: 18.0956   (Y': 18.8088   Cb: 15.7823   Cr: 18.5421 )
00000664: 18.111    (Y': 18.8275   Cb: 15.7621   Cr: 18.6128 )
00000665: 18.0998   (Y': 18.8239   Cb: 15.7605   Cr: 18.5544 )
00000666: 18.1024   (Y': 18.8138   Cb: 15.7516   Cr: 18.6271 )
00000667: 18.1241   (Y': 18.836    Cb: 15.7996   Cr: 18.597  )
00000668: 18.1366   (Y': 18.8462   Cb: 15.8275   Cr: 18.5886 )
00000669: 18.1335   (Y': 18.8385   Cb: 15.8188   Cr: 18.6139 )
00000670: 18.1266   (Y': 18.8599   Cb: 15.7573   Cr: 18.604  )
00000671: 18.1271   (Y': 18.857    Cb: 15.7735   Cr: 18.5872 )
00000672: 18.1322   (Y': 18.8672   Cb: 15.7634   Cr: 18.6026 )
00000673: 18.1226   (Y': 18.8599   Cb: 15.7523   Cr: 18.5869 )
00000674: 18.1176   (Y': 18.8755   Cb: 15.7303   Cr: 18.5378 )
00000675: 18.1248   (Y': 18.8747   Cb: 15.7409   Cr: 18.568  )
00000676: 18.1387   (Y': 18.8731   Cb: 15.7767   Cr: 18.5979 )
00000677: 18.1462   (Y': 18.8787   Cb: 15.7692   Cr: 18.6416 )
00000678: 18.1477   (Y': 18.8994   Cb: 15.7669   Cr: 18.5784 )
00000679: 18.1426   (Y': 18.8762   Cb: 15.8069   Cr: 18.5547 )
00000680: 18.143    (Y': 18.8851   Cb: 15.7882   Cr: 18.5602 )
00000681: 18.1711   (Y': 18.9365   Cb: 15.8114   Cr: 18.5114 )
00000682: 18.1193   (Y': 18.9016   Cb: 15.6788   Cr: 18.552  )
00000683: 18.1295   (Y': 18.873    Cb: 15.7976   Cr: 18.4979 )
00000684: 18.1537   (Y': 18.8714   Cb: 15.846    Cr: 18.5724 )
00000685: 18.1527   (Y': 18.9392   Cb: 15.7413   Cr: 18.514  )
00000686: 18.186    (Y': 18.9485   Cb: 15.8023   Cr: 18.5827 )
00000687: 18.1604   (Y': 18.9187   Cb: 15.7691   Cr: 18.5869 )
00000688: 18.1799   (Y': 18.9437   Cb: 15.7649   Cr: 18.631  )
00000689: 18.156    (Y': 18.9188   Cb: 15.7781   Cr: 18.54   )
00000690: 18.1346   (Y': 18.9063   Cb: 15.7693   Cr: 18.4623 )
00000691: 18.1912   (Y': 18.9657   Cb: 15.8018   Cr: 18.5542 )
00000692: 18.1472   (Y': 18.9255   Cb: 15.7268   Cr: 18.5549 )
00000693: 18.1308   (Y': 18.9072   Cb: 15.7371   Cr: 18.4952 )
00000694: 18.1516   (Y': 18.9064   Cb: 15.7796   Cr: 18.5542 )
00000695: 18.1582   (Y': 18.9279   Cb: 15.7835   Cr: 18.5114 )
00000696: 18.1617   (Y': 18.9043   Cb: 15.8123   Cr: 18.5662 )
00000697: 18.1535   (Y': 18.9186   Cb: 15.7763   Cr: 18.5281 )
00000698: 18.1466   (Y': 18.9148   Cb: 15.7513   Cr: 18.5439 )
00000699: 18.1363   (Y': 18.9158   Cb: 15.7468   Cr: 18.4812 )
00000701: 18.1587   (Y': 18.9336   Cb: 15.7342   Cr: 18.5876 )
00000700: 18.1626   (Y': 18.954    Cb: 15.7285   Cr: 18.5489 )
00000702: 18.1486   (Y': 18.9058   Cb: 15.7442   Cr: 18.6039 )
00000703: 18.1187   (Y': 18.8862   Cb: 15.7337   Cr: 18.4992 )
00000704: 18.1513   (Y': 18.9223   Cb: 15.757    Cr: 18.5363 )
00000705: 18.1403   (Y': 18.9238   Cb: 15.7324   Cr: 18.5056 )
00000706: 18.1634   (Y': 18.9415   Cb: 15.7559   Cr: 18.5477 )
00000707: 18.1521   (Y': 18.9272   Cb: 15.7335   Cr: 18.5687 )
00000708: 18.1325   (Y': 18.8945   Cb: 15.7457   Cr: 18.5363 )
00000709: 18.1429   (Y': 18.8973   Cb: 15.7373   Cr: 18.6113 )
00000710: 18.1265   (Y': 18.8948   Cb: 15.7103   Cr: 18.5631 )
00000711: 18.1539   (Y': 18.9357   Cb: 15.7476   Cr: 18.5226 )
00000712: 18.1168   (Y': 18.9017   Cb: 15.6861   Cr: 18.5201 )
00000713: 18.1405   (Y': 18.9062   Cb: 15.7513   Cr: 18.5352 )
00000714: 18.151    (Y': 18.9144   Cb: 15.7556   Cr: 18.5661 )
00000715: 18.1768   (Y': 18.922    Cb: 15.812    Cr: 18.6013 )
00000716: 18.138    (Y': 18.8981   Cb: 15.7476   Cr: 18.5556 )
00000717: 18.1637   (Y': 18.9193   Cb: 15.7912   Cr: 18.5641 )
00000718: 18.1551   (Y': 18.9051   Cb: 15.8      Cr: 18.5436 )
00000719: 18.1848   (Y': 18.9306   Cb: 15.8152   Cr: 18.6158 )
00000720: 18.1664   (Y': 18.9117   Cb: 15.7983   Cr: 18.5969 )
00000721: 18.1216   (Y': 18.9109   Cb: 15.6878   Cr: 18.5152 )
00000722: 18.1595   (Y': 18.9241   Cb: 15.7441   Cr: 18.6087 )
00000724: 18.1537   (Y': 18.9279   Cb: 15.7369   Cr: 18.57   )
00000723: 18.1554   (Y': 18.892    Cb: 15.7946   Cr: 18.6041 )
00000725: 18.1579   (Y': 18.9189   Cb: 15.7512   Cr: 18.6036 )
00000726: 18.1485   (Y': 18.8941   Cb: 15.7612   Cr: 18.6143 )
00000727: 18.1653   (Y': 18.9232   Cb: 15.751    Cr: 18.6374 )
00000728: 18.1604   (Y': 18.9104   Cb: 15.7785   Cr: 18.5992 )
00000729: 18.1484   (Y': 18.9125   Cb: 15.766    Cr: 18.5364 )
00000730: 18.1583   (Y': 18.8934   Cb: 15.7889   Cr: 18.6295 )
00000732: 18.1225   (Y': 18.8703   Cb: 15.7404   Cr: 18.5703 )
00000733: 18.1576   (Y': 18.9304   Cb: 15.7405   Cr: 18.5795 )
00000731: 18.1427   (Y': 18.8825   Cb: 15.7738   Cr: 18.5948 )
00000734: 18.1502   (Y': 18.9152   Cb: 15.7285   Cr: 18.61   )
00000735: 18.1442   (Y': 18.8886   Cb: 15.7664   Cr: 18.5964 )
00000736: 18.1385   (Y': 18.8978   Cb: 15.7569   Cr: 18.5428 )
00000737: 18.1426   (Y': 18.9325   Cb: 15.7123   Cr: 18.5274 )
00000738: 18.1448   (Y': 18.9153   Cb: 15.7444   Cr: 18.5434 )
00000739: 18.1648   (Y': 18.9376   Cb: 15.7517   Cr: 18.5797 )
00000740: 18.1655   (Y': 18.9225   Cb: 15.7811   Cr: 18.5831 )
00000741: 18.1602   (Y': 18.9368   Cb: 15.7702   Cr: 18.5171 )
00000742: 18.1677   (Y': 18.9403   Cb: 15.7892   Cr: 18.5177 )
00000743: 18.138    (Y': 18.9251   Cb: 15.7477   Cr: 18.4573 )
00000744: 18.1295   (Y': 18.8959   Cb: 15.7458   Cr: 18.5114 )
00000745: 18.1355   (Y': 18.9002   Cb: 15.7504   Cr: 18.526  )
00000746: 18.1578   (Y': 18.9067   Cb: 15.7777   Cr: 18.5974 )
00000747: 18.1435   (Y': 18.9239   Cb: 15.7281   Cr: 18.5346 )
00000748: 18.1349   (Y': 18.9185   Cb: 15.7457   Cr: 18.4646 )
00000749: 18.1584   (Y': 18.9223   Cb: 15.7921   Cr: 18.5163 )
00000751: 18.1493   (Y': 18.9301   Cb: 15.7375   Cr: 18.5318 )
00000752: 18.1488   (Y': 18.905    Cb: 15.7559   Cr: 18.5863 )
00000750: 18.1467   (Y': 18.9124   Cb: 15.776    Cr: 18.5072 )
00000753: 18.1656   (Y': 18.9206   Cb: 15.792    Cr: 18.5702 )
00000754: 18.1682   (Y': 18.9247   Cb: 15.7728   Cr: 18.6091 )
00000755: 18.1522   (Y': 18.8997   Cb: 15.7897   Cr: 18.5639 )
00000756: 18.1377   (Y': 18.8941   Cb: 15.7888   Cr: 18.491  )
00000757: 18.1508   (Y': 18.9123   Cb: 15.7851   Cr: 18.5166 )
00000758: 18.1674   (Y': 18.9344   Cb: 15.7849   Cr: 18.5449 )
00000760: 18.1257   (Y': 18.8831   Cb: 15.737    Cr: 18.5506 )
00000759: 18.137    (Y': 18.9159   Cb: 15.7397   Cr: 18.4988 )
00000761: 18.1463   (Y': 18.9051   Cb: 15.7753   Cr: 18.532  )
00000762: 18.1327   (Y': 18.8945   Cb: 15.7644   Cr: 18.5022 )
00000763: 18.1505   (Y': 18.9329   Cb: 15.7142   Cr: 18.5745 )
00000764: 18.1488   (Y': 18.9046   Cb: 15.7942   Cr: 18.5147 )
00000765: 18.159    (Y': 18.9262   Cb: 15.7528   Cr: 18.5813 )
00000766: 18.1522   (Y': 18.9173   Cb: 15.7591   Cr: 18.5569 )
00000767: 18.1544   (Y': 18.8958   Cb: 15.8014   Cr: 18.5705 )
00000768: 18.1521   (Y': 18.9289   Cb: 15.7508   Cr: 18.5291 )
00000769: 18.1565   (Y': 18.9264   Cb: 15.7614   Cr: 18.547  )
00000770: 18.1461   (Y': 18.9248   Cb: 15.7097   Cr: 18.5834 )
00000771: 18.1569   (Y': 18.9318   Cb: 15.7567   Cr: 18.5388 )
00000772: 18.1373   (Y': 18.9202   Cb: 15.722    Cr: 18.5186 )
00000773: 18.119    (Y': 18.8965   Cb: 15.7154   Cr: 18.4977 )
00000774: 18.1568   (Y': 18.8898   Cb: 15.8079   Cr: 18.5959 )
00000775: 18.1519   (Y': 18.9182   Cb: 15.7463   Cr: 18.576  )
00000776: 18.1313   (Y': 18.9214   Cb: 15.7282   Cr: 18.4636 )
00000777: 18.1382   (Y': 18.91     Cb: 15.7353   Cr: 18.5367 )
00000778: 18.1483   (Y': 18.9019   Cb: 15.7784   Cr: 18.5513 )
00000779: 18.1589   (Y': 18.9048   Cb: 15.8253   Cr: 18.5218 )
00000780: 18.1286   (Y': 18.9085   Cb: 15.7278   Cr: 18.4936 )
00000781: 18.1379   (Y': 18.9176   Cb: 15.7421   Cr: 18.4941 )
00000782: 18.1601   (Y': 18.937    Cb: 15.7899   Cr: 18.4785 )
00000783: 18.1544   (Y': 18.9166   Cb: 15.7622   Cr: 18.5679 )
00000784: 18.1473   (Y': 18.91     Cb: 15.7799   Cr: 18.5118 )
00000785: 18.1437   (Y': 18.9147   Cb: 15.7445   Cr: 18.538  )
00000786: 18.1746   (Y': 18.9429   Cb: 15.7927   Cr: 18.5467 )
00000787: 18.1663   (Y': 18.9371   Cb: 15.7566   Cr: 18.5816 )
00000788: 18.1378   (Y': 18.9156   Cb: 15.7479   Cr: 18.4899 )
00000789: 18.171    (Y': 18.9357   Cb: 15.7731   Cr: 18.5859 )
00000790: 18.1839   (Y': 18.9499   Cb: 15.7856   Cr: 18.5952 )
00000791: 18.1626   (Y': 18.9402   Cb: 15.7684   Cr: 18.5233 )
00000792: 18.1422   (Y': 18.9186   Cb: 15.7245   Cr: 18.5519 )
00000793: 18.1478   (Y': 18.9144   Cb: 15.7648   Cr: 18.528  )
00000794: 18.1241   (Y': 18.8822   Cb: 15.7546   Cr: 18.5092 )
00000795: 18.1472   (Y': 18.9192   Cb: 15.7174   Cr: 18.5965 )
00000796: 18.1487   (Y': 18.9194   Cb: 15.767    Cr: 18.5111 )
00000797: 18.1453   (Y': 18.9109   Cb: 15.7584   Cr: 18.5365 )
00000798: 18.1628   (Y': 18.9097   Cb: 15.7873   Cr: 18.6014 )
00000799: 18.1496   (Y': 18.9229   Cb: 15.7454   Cr: 18.5451 )
00000800: 18.155    (Y': 18.9119   Cb: 15.7789   Cr: 18.5576 )
00000801: 18.1703   (Y': 18.905    Cb: 15.8497   Cr: 18.5498 )
00000802: 18.136    (Y': 18.8778   Cb: 15.7928   Cr: 18.532  )
00000803: 18.1477   (Y': 18.9197   Cb: 15.7748   Cr: 18.4889 )
00000804: 18.1672   (Y': 18.9472   Cb: 15.7452   Cr: 18.5726 )
00000805: 18.149    (Y': 18.8998   Cb: 15.7668   Cr: 18.5856 )
00000806: 18.1405   (Y': 18.9244   Cb: 15.6913   Cr: 18.5838 )
00000807: 18.1837   (Y': 18.9357   Cb: 15.8233   Cr: 18.5746 )
00000808: 18.148    (Y': 18.9315   Cb: 15.7358   Cr: 18.5212 )
00000809: 18.1783   (Y': 18.9147   Cb: 15.8273   Cr: 18.6091 )
00000810: 18.1606   (Y': 18.9477   Cb: 15.7392   Cr: 18.5386 )
00000811: 18.1539   (Y': 18.9055   Cb: 15.7734   Cr: 18.5846 )
00000812: 18.1645   (Y': 18.9379   Cb: 15.7556   Cr: 18.5684 )
00000813: 18.1553   (Y': 18.941    Cb: 15.7631   Cr: 18.4831 )
00000814: 18.1349   (Y': 18.9138   Cb: 15.7319   Cr: 18.5078 )
00000815: 18.1444   (Y': 18.9152   Cb: 15.7358   Cr: 18.5575 )
00000816: 18.1568   (Y': 18.9399   Cb: 15.7251   Cr: 18.569  )
00000817: 18.1776   (Y': 18.9349   Cb: 15.8227   Cr: 18.5386 )
00000818: 18.1575   (Y': 18.919    Cb: 15.7731   Cr: 18.5587 )
00000819: 18.1309   (Y': 18.8898   Cb: 15.7229   Cr: 18.5871 )
00000820: 18.1665   (Y': 18.9298   Cb: 15.7811   Cr: 18.5627 )
00000821: 18.1313   (Y': 18.8959   Cb: 15.7081   Cr: 18.5955 )
00000822: 18.179    (Y': 18.9623   Cb: 15.7354   Cr: 18.6138 )
00000823: 18.1922   (Y': 18.9271   Cb: 15.8225   Cr: 18.6641 )
00000824: 18.1984   (Y': 18.952    Cb: 15.7828   Cr: 18.6895 )
00000825: 18.1832   (Y': 18.8986   Cb: 15.8446   Cr: 18.6699 )
00000826: 18.1785   (Y': 18.8895   Cb: 15.8123   Cr: 18.7351 )
00000827: 18.1743   (Y': 18.8716   Cb: 15.8848   Cr: 18.6359 )
00000828: 18.1582   (Y': 18.9059   Cb: 15.7802   Cr: 18.5988 )
00000829: 18.1182   (Y': 18.867    Cb: 15.7396   Cr: 18.5557 )
00000830: 18.167    (Y': 18.9049   Cb: 15.8183   Cr: 18.5874 )
00000831: 18.1694   (Y': 18.903    Cb: 15.7897   Cr: 18.6656 )
00000832: 18.1317   (Y': 18.8781   Cb: 15.7835   Cr: 18.5205 )
00000833: 18.1637   (Y': 18.914    Cb: 15.783    Cr: 18.5992 )
00000834: 18.1402   (Y': 18.8895   Cb: 15.7464   Cr: 18.6043 )
00000835: 18.1531   (Y': 18.8956   Cb: 15.7848   Cr: 18.5944 )
00000836: 18.1387   (Y': 18.8648   Cb: 15.8159   Cr: 18.5546 )
00000837: 18.135    (Y': 18.8763   Cb: 15.7616   Cr: 18.5903 )
00000838: 18.1346   (Y': 18.8982   Cb: 15.7379   Cr: 18.5512 )
00000839: 18.1484   (Y': 18.9045   Cb: 15.7462   Cr: 18.6036 )
00000840: 18.1224   (Y': 18.886    Cb: 15.7113   Cr: 18.5669 )
00000841: 18.1632   (Y': 18.9196   Cb: 15.7786   Cr: 18.5838 )
00000842: 18.126    (Y': 18.8465   Cb: 15.798    Cr: 18.5725 )
00000843: 18.1701   (Y': 18.9106   Cb: 15.7937   Cr: 18.6339 )
00000844: 18.1731   (Y': 18.9274   Cb: 15.7931   Cr: 18.5928 )
00000845: 18.156    (Y': 18.8909   Cb: 15.8294   Cr: 18.5468 )
00000846: 18.1745   (Y': 18.9438   Cb: 15.7896   Cr: 18.5481 )
00000848: 18.1547   (Y': 18.9176   Cb: 15.7858   Cr: 18.5217 )
00000847: 18.1662   (Y': 18.934    Cb: 15.786    Cr: 18.5365 )
00000849: 18.1623   (Y': 18.9128   Cb: 15.7992   Cr: 18.5634 )
00000850: 18.1421   (Y': 18.8851   Cb: 15.772    Cr: 18.5845 )
00000851: 18.1373   (Y': 18.8733   Cb: 15.7959   Cr: 18.5517 )
00000852: 18.1471   (Y': 18.902    Cb: 15.7635   Cr: 18.5708 )
00000853: 18.1474   (Y': 18.9108   Cb: 15.7744   Cr: 18.5201 )
00000854: 18.1396   (Y': 18.8871   Cb: 15.7939   Cr: 18.5197 )
00000855: 18.1281   (Y': 18.8608   Cb: 15.7763   Cr: 18.5743 )
00000856: 18.1213   (Y': 18.872    Cb: 15.7564   Cr: 18.5253 )
00000857: 18.17     (Y': 18.8921   Cb: 15.827    Cr: 18.639  )
00000858: 18.154    (Y': 18.9046   Cb: 15.8061   Cr: 18.5267 )
00000859: 18.164    (Y': 18.8927   Cb: 15.8335   Cr: 18.5847 )
00000860: 18.1121   (Y': 18.8574   Cb: 15.7477   Cr: 18.5353 )
00000861: 18.1342   (Y': 18.8871   Cb: 15.7558   Cr: 18.5558 )
00000862: 18.1424   (Y': 18.9034   Cb: 15.7406   Cr: 18.5786 )
00000863: 18.1499   (Y': 18.9017   Cb: 15.7654   Cr: 18.587  )
00000864: 18.1554   (Y': 18.9143   Cb: 15.7806   Cr: 18.5478 )
00000865: 18.1211   (Y': 18.8617   Cb: 15.7644   Cr: 18.5473 )
00000866: 18.1486   (Y': 18.9046   Cb: 15.7812   Cr: 18.5377 )
00000867: 18.1843   (Y': 18.911    Cb: 15.8606   Cr: 18.5996 )
00000868: 18.1448   (Y': 18.9014   Cb: 15.7687   Cr: 18.5484 )
00000869: 18.1493   (Y': 18.9101   Cb: 15.7639   Cr: 18.5552 )
00000870: 18.1424   (Y': 18.8998   Cb: 15.7482   Cr: 18.5773 )
00000871: 18.1477   (Y': 18.8954   Cb: 15.8005   Cr: 18.5294 )
00000872: 18.1493   (Y': 18.8747   Cb: 15.8133   Cr: 18.5928 )
00000873: 18.1246   (Y': 18.9      Cb: 15.7254   Cr: 18.5031 )
00000874: 18.167    (Y': 18.9212   Cb: 15.7853   Cr: 18.5898 )
00000875: 18.1497   (Y': 18.9131   Cb: 15.7666   Cr: 18.5416 )
00000876: 18.151    (Y': 18.8757   Cb: 15.792    Cr: 18.6406 )
00000877: 18.1661   (Y': 18.9202   Cb: 15.8085   Cr: 18.5439 )
00000878: 18.1382   (Y': 18.9087   Cb: 15.733    Cr: 18.5461 )
00000879: 18.1319   (Y': 18.8762   Cb: 15.772    Cr: 18.5503 )
00000880: 18.1791   (Y': 18.9358   Cb: 15.7925   Cr: 18.6026 )
00000881: 18.1556   (Y': 18.8888   Cb: 15.7694   Cr: 18.6666 )
00000882: 18.1779   (Y': 18.8679   Cb: 15.8454   Cr: 18.7499 )
00000883: 18.1832   (Y': 18.8923   Cb: 15.8464   Cr: 18.69   )
00000884: 18.1666   (Y': 18.8777   Cb: 15.8126   Cr: 18.6985 )
00000885: 18.1413   (Y': 18.8487   Cb: 15.7988   Cr: 18.6653 )
00000886: 18.1727   (Y': 18.866    Cb: 15.8472   Cr: 18.7184 )
00000887: 18.1483   (Y': 18.8865   Cb: 15.7582   Cr: 18.6474 )
00000888: 18.1679   (Y': 18.8745   Cb: 15.8163   Cr: 18.7129 )
00000889: 18.1657   (Y': 18.8903   Cb: 15.7964   Cr: 18.6758 )
00000890: 18.1791   (Y': 18.8933   Cb: 15.8475   Cr: 18.6566 )
00000891: 18.1744   (Y': 18.8773   Cb: 15.873    Cr: 18.6372 )
00000892: 18.1779   (Y': 18.9094   Cb: 15.8158   Cr: 18.6485 )
00000893: 18.1667   (Y': 18.9034   Cb: 15.808    Cr: 18.6113 )
00000894: 18.1832   (Y': 18.8897   Cb: 15.8785   Cr: 18.6384 )
00000895: 18.1579   (Y': 18.8835   Cb: 15.7951   Cr: 18.6519 )
00000896: 18.1763   (Y': 18.8991   Cb: 15.8266   Cr: 18.656  )
00000897: 18.1899   (Y': 18.922    Cb: 15.851    Cr: 18.6142 )
00000898: 18.1863   (Y': 18.9114   Cb: 15.8282   Cr: 18.6733 )
00000899: 18.1994   (Y': 18.938    Cb: 15.845    Cr: 18.6286 )
00000900: 18.1652   (Y': 18.87     Cb: 15.8284   Cr: 18.6884 )
00000901: 18.191    (Y': 18.9061   Cb: 15.833    Cr: 18.7159 )
00000902: 18.1536   (Y': 18.8857   Cb: 15.7597   Cr: 18.6832 )
00000903: 18.1593   (Y': 18.8684   Cb: 15.8257   Cr: 18.66   )
00000904: 18.1426   (Y': 18.8569   Cb: 15.7968   Cr: 18.6463 )
00000905: 18.1846   (Y': 18.8974   Cb: 15.8547   Cr: 18.6641 )
00000906: 18.1887   (Y': 18.9085   Cb: 15.8459   Cr: 18.666  )
00000908: 18.1608   (Y': 18.8827   Cb: 15.8021   Cr: 18.6607 )
00000907: 18.2231   (Y': 18.9597   Cb: 15.8421   Cr: 18.7108 )
00000909: 18.1856   (Y': 18.9128   Cb: 15.8164   Cr: 18.6863 )
00000910: 18.1556   (Y': 18.8918   Cb: 15.8056   Cr: 18.5851 )
00000911: 18.1933   (Y': 18.9116   Cb: 15.8529   Cr: 18.6714 )
00000912: 18.172    (Y': 18.9094   Cb: 15.8062   Cr: 18.6268 )
00000913: 18.1789   (Y': 18.9128   Cb: 15.8202   Cr: 18.6338 )
Total: 18.1426   (Y': 18.874    Cb: 15.789    Cr: 18.5969 )
