00000000: 31.7036   (Y': 40.8341   Cb: 27.3013   Cr: 27.3013 )
00000001: 12.9932   (Y': 12.686    Cb: 12.8667   Cr: 14.6861 )
00000002: 13.0201   (Y': 12.6997   Cb: 12.9363   Cr: 14.7317 )
00000003: 13.0375   (Y': 12.7168   Cb: 12.9274   Cr: 14.7918 )
00000005: 13.1288   (Y': 12.8215   Cb: 13.0028   Cr: 14.8211 )
00000007: 13.0553   (Y': 12.7493   Cb: 12.9285   Cr: 14.7411 )
00000004: 13.0037   (Y': 12.6747   Cb: 12.9657   Cr: 14.7017 )
00000006: 13.0433   (Y': 12.719    Cb: 12.9828   Cr: 14.7443 )
00000008: 13.0133   (Y': 12.6543   Cb: 13.0915   Cr: 14.732  )
00000010: 13.088    (Y': 12.7849   Cb: 12.9996   Cr: 14.6971 )
00000011: 13.0407   (Y': 12.7451   Cb: 12.9587   Cr: 14.5949 )
00000012: 13.1249   (Y': 12.8118   Cb: 13.0603   Cr: 14.7613 )
00000013: 13.0091   (Y': 12.6487   Cb: 13.0726   Cr: 14.7581 )
00000014: 13.0063   (Y': 12.6743   Cb: 12.997    Cr: 14.6805 )
00000015: 12.9963   (Y': 12.649    Cb: 13.0369   Cr: 14.6952 )
00000009: 13.0496   (Y': 12.7407   Cb: 12.9711   Cr: 14.681  )
00000016: 12.951    (Y': 12.6298   Cb: 12.9264   Cr: 14.5796 )
00000017: 12.9426   (Y': 12.63     Cb: 12.8551   Cr: 14.6104 )
00000018: 12.9925   (Y': 12.6625   Cb: 12.994    Cr: 14.6387 )
00000019: 13.0314   (Y': 12.7038   Cb: 13.0085   Cr: 14.6975 )
00000021: 12.9782   (Y': 12.638    Cb: 12.9735   Cr: 14.6983 )
00000020: 13.0212   (Y': 12.7049   Cb: 12.9563   Cr: 14.6783 )
00000022: 13.0142   (Y': 12.6854   Cb: 13.0093   Cr: 14.6616 )
00000023: 13.0426   (Y': 12.7201   Cb: 13.0005   Cr: 14.7054 )
00000024: 12.9658   (Y': 12.634    Cb: 12.9578   Cr: 14.6365 )
00000025: 13.0749   (Y': 12.7587   Cb: 12.9904   Cr: 14.7614 )
00000026: 13.1873   (Y': 12.9362   Cb: 12.9435   Cr: 14.7101 )
00000027: 13.1028   (Y': 12.8102   Cb: 12.966    Cr: 14.7193 )
00000028: 13.1139   (Y': 12.8178   Cb: 12.9773   Cr: 14.7524 )
00000030: 12.9763   (Y': 12.6207   Cb: 12.9741   Cr: 14.7925 )
00000029: 13.027    (Y': 12.6876   Cb: 12.9743   Cr: 14.814  )
00000031: 12.9536   (Y': 12.6257   Cb: 12.922    Cr: 14.6347 )
00000032: 13.0415   (Y': 12.7142   Cb: 13.0068   Cr: 14.7232 )
00000034: 13.1404   (Y': 12.8519   Cb: 12.999    Cr: 14.7379 )
00000033: 12.9991   (Y': 12.6708   Cb: 12.9641   Cr: 14.6881 )
00000035: 13.1775   (Y': 12.9129   Cb: 12.9622   Cr: 14.7397 )
00000037: 13.2631   (Y': 12.9761   Cb: 13.1072   Cr: 14.8731 )
00000036: 13.0137   (Y': 12.6871   Cb: 13.0272   Cr: 14.6209 )
00000038: 13.1875   (Y': 12.8767   Cb: 13.0929   Cr: 14.8542 )
00000039: 13.0348   (Y': 12.701    Cb: 13.0198   Cr: 14.7286 )
00000040: 13.1321   (Y': 12.8139   Cb: 13.0121   Cr: 14.8847 )
00000041: 13.047    (Y': 12.766    Cb: 12.9059   Cr: 14.5983 )
00000042: 13.1218   (Y': 12.8153   Cb: 13.0089   Cr: 14.7892 )
00000043: 13.1239   (Y': 12.8005   Cb: 13.1008   Cr: 14.7641 )
00000045: 13.0815   (Y': 12.79     Cb: 12.9073   Cr: 14.7476 )
00000044: 13.0899   (Y': 12.7791   Cb: 12.9923   Cr: 14.7613 )
00000046: 13.0345   (Y': 12.7168   Cb: 12.9567   Cr: 14.7204 )
00000047: 13.0678   (Y': 12.7466   Cb: 13.0288   Cr: 14.7176 )
00000048: 13.0312   (Y': 12.673    Cb: 13.0595   Cr: 14.8186 )
00000049: 13.1548   (Y': 12.8622   Cb: 13.0086   Cr: 14.785  )
00000050: 13.0949   (Y': 12.7941   Cb: 13.0129   Cr: 14.6809 )
00000051: 13.1576   (Y': 12.8611   Cb: 13.1071   Cr: 14.6713 )
00000053: 13.0486   (Y': 12.7372   Cb: 12.9829   Cr: 14.6761 )
00000052: 13.2916   (Y': 13.0181   Cb: 13.1011   Cr: 14.871  )
00000054: 13.2542   (Y': 12.9862   Cb: 13.0768   Cr: 14.7809 )
00000055: 13.3512   (Y': 13.1067   Cb: 13.1208   Cr: 14.8155 )
00000056: 13.1654   (Y': 12.8456   Cb: 13.1186   Cr: 14.8179 )
00000057: 13.337    (Y': 13.0615   Cb: 13.1866   Cr: 14.8688 )
00000058: 13.2329   (Y': 12.9218   Cb: 13.1161   Cr: 14.9356 )
00000059: 13.0537   (Y': 12.7387   Cb: 13.0362   Cr: 14.6334 )
00000060: 12.9432   (Y': 12.5937   Cb: 13.001    Cr: 14.6312 )
00000061: 12.9633   (Y': 12.6348   Cb: 12.9269   Cr: 14.6552 )
00000062: 12.9844   (Y': 12.648    Cb: 12.9213   Cr: 14.7676 )
00000063: 12.962    (Y': 12.6239   Cb: 12.9084   Cr: 14.7419 )
00000064: 12.9557   (Y': 12.6427   Cb: 12.8598   Cr: 14.6385 )
00000065: 12.9952   (Y': 12.6737   Cb: 12.9302   Cr: 14.6855 )
00000066: 12.9545   (Y': 12.6229   Cb: 12.9422   Cr: 14.6311 )
00000067: 12.9947   (Y': 12.6616   Cb: 12.9285   Cr: 14.7614 )
00000068: 12.9604   (Y': 12.6369   Cb: 12.8921   Cr: 14.668  )
00000069: 12.9174   (Y': 12.5963   Cb: 12.8115   Cr: 14.6666 )
00000070: 13.0187   (Y': 12.7132   Cb: 12.9187   Cr: 14.6601 )
00000071: 12.9515   (Y': 12.633    Cb: 12.881    Cr: 14.6308 )
00000072: 12.9669   (Y': 12.651    Cb: 12.8941   Cr: 14.6336 )
00000073: 12.9711   (Y': 12.6378   Cb: 12.9242   Cr: 14.7099 )
00000074: 12.9744   (Y': 12.6443   Cb: 12.9308   Cr: 14.6878 )
00000075: 12.976    (Y': 12.6471   Cb: 12.9097   Cr: 14.7155 )
00000076: 12.9963   (Y': 12.6912   Cb: 12.8654   Cr: 14.6818 )
00000077: 12.9738   (Y': 12.6519   Cb: 12.8797   Cr: 14.7108 )
00000078: 12.9854   (Y': 12.6863   Cb: 12.8897   Cr: 14.5814 )
00000079: 12.9464   (Y': 12.6158   Cb: 12.9221   Cr: 14.634  )
00000080: 12.9607   (Y': 12.6502   Cb: 12.859    Cr: 14.6364 )
00000081: 12.9556   (Y': 12.6502   Cb: 12.8735   Cr: 14.5699 )
00000082: 12.9701   (Y': 12.6385   Cb: 12.9534   Cr: 14.6524 )
00000083: 13.0249   (Y': 12.7135   Cb: 12.9101   Cr: 14.7266 )
00000084: 12.9807   (Y': 12.642    Cb: 12.9461   Cr: 14.7359 )
00000085: 12.9929   (Y': 12.6764   Cb: 12.8775   Cr: 14.7274 )
00000086: 13.0171   (Y': 12.6855   Cb: 12.9762   Cr: 14.7365 )
00000087: 12.9553   (Y': 12.6382   Cb: 12.8744   Cr: 14.6418 )
00000088: 12.9678   (Y': 12.6351   Cb: 12.9631   Cr: 14.6395 )
00000090: 13.0333   (Y': 12.7191   Cb: 12.956    Cr: 14.6955 )
00000089: 12.9946   (Y': 12.6755   Cb: 12.9482   Cr: 14.642  )
00000091: 12.9405   (Y': 12.6136   Cb: 12.9189   Cr: 14.6007 )
00000092: 12.9698   (Y': 12.6495   Cb: 12.9013   Cr: 14.6578 )
00000093: 12.9691   (Y': 12.6298   Cb: 12.9766   Cr: 14.6653 )
00000094: 13.0236   (Y': 12.7173   Cb: 12.9451   Cr: 14.6383 )
00000095: 12.949    (Y': 12.6304   Cb: 12.8294   Cr: 14.7035 )
00000096: 12.9629   (Y': 12.6339   Cb: 12.9053   Cr: 14.69   )
00000098: 12.9903   (Y': 12.6885   Cb: 12.88     Cr: 14.6241 )
00000097: 12.9609   (Y': 12.6338   Cb: 12.9339   Cr: 14.6306 )
00000099: 12.9658   (Y': 12.652    Cb: 12.8985   Cr: 14.6112 )
00000100: 12.9397   (Y': 12.6063   Cb: 12.9086   Cr: 14.6558 )
00000101: 13.0153   (Y': 12.6946   Cb: 12.9452   Cr: 14.7079 )
00000102: 12.9752   (Y': 12.6647   Cb: 12.8752   Cr: 14.6485 )
00000103: 13.0197   (Y': 12.7244   Cb: 12.9163   Cr: 14.6032 )
00000104: 12.9815   (Y': 12.6703   Cb: 12.9171   Cr: 14.6058 )
00000105: 13.023    (Y': 12.697    Cb: 12.9514   Cr: 14.7517 )
00000106: 13.0556   (Y': 12.7445   Cb: 13.0122   Cr: 14.6485 )
00000107: 13.0087   (Y': 12.6673   Cb: 13.0388   Cr: 14.6849 )
00000108: 12.9023   (Y': 12.5555   Cb: 12.9431   Cr: 14.5976 )
00000109: 12.9938   (Y': 12.667    Cb: 12.9025   Cr: 14.7585 )
00000110: 12.9428   (Y': 12.6168   Cb: 12.8867   Cr: 14.6491 )
00000111: 13.0006   (Y': 12.698    Cb: 12.9208   Cr: 14.5942 )
00000112: 12.9439   (Y': 12.6032   Cb: 12.9322   Cr: 14.6775 )
00000113: 12.9876   (Y': 12.669    Cb: 12.881    Cr: 14.7224 )
00000114: 12.9366   (Y': 12.6282   Cb: 12.7914   Cr: 14.6659 )
00000115: 12.9695   (Y': 12.6244   Cb: 12.9942   Cr: 14.6771 )
00000116: 12.9337   (Y': 12.6079   Cb: 12.8517   Cr: 14.6772 )
00000117: 13.0134   (Y': 12.6929   Cb: 12.963    Cr: 14.676  )
00000118: 12.9359   (Y': 12.6107   Cb: 12.8821   Cr: 14.6331 )
00000119: 13.02     (Y': 12.7217   Cb: 12.9115   Cr: 14.63   )
00000120: 13.0208   (Y': 12.7182   Cb: 12.9255   Cr: 14.6378 )
00000121: 12.9856   (Y': 12.6867   Cb: 12.8254   Cr: 14.6768 )
00000122: 13.0167   (Y': 12.6958   Cb: 12.941    Cr: 14.7193 )
00000123: 12.9603   (Y': 12.6267   Cb: 12.9095   Cr: 14.7067 )
00000124: 12.9771   (Y': 12.6416   Cb: 12.9258   Cr: 14.7373 )
00000125: 12.9512   (Y': 12.6082   Cb: 12.9535   Cr: 14.6791 )
00000126: 12.9706   (Y': 12.6483   Cb: 12.9326   Cr: 14.6256 )
00000127: 12.9356   (Y': 12.5896   Cb: 12.8875   Cr: 14.7594 )
00000128: 12.9482   (Y': 12.626    Cb: 12.8972   Cr: 14.6222 )
00000129: 12.9966   (Y': 12.6945   Cb: 12.9383   Cr: 14.5561 )
00000130: 12.9582   (Y': 12.6585   Cb: 12.8299   Cr: 14.606  )
00000131: 12.9212   (Y': 12.5887   Cb: 12.8958   Cr: 14.6226 )
00000133: 13.0347   (Y': 12.738    Cb: 12.8606   Cr: 14.7338 )
00000132: 12.9541   (Y': 12.645    Cb: 12.8523   Cr: 14.6214 )
00000135: 13.0061   (Y': 12.6769   Cb: 12.906    Cr: 14.7998 )
00000134: 13.0256   (Y': 12.7148   Cb: 12.9005   Cr: 14.739  )
00000136: 12.9753   (Y': 12.6246   Cb: 12.9872   Cr: 14.7382 )
00000137: 12.9017   (Y': 12.5441   Cb: 12.9059   Cr: 14.7219 )
00000138: 12.9925   (Y': 12.6725   Cb: 12.9313   Cr: 14.6672 )
00000139: 12.9508   (Y': 12.613    Cb: 12.8664   Cr: 14.7762 )
00000142: 12.9515   (Y': 12.6161   Cb: 12.9373   Cr: 14.6548 )
00000140: 12.9684   (Y': 12.6376   Cb: 12.9173   Cr: 14.6971 )
00000141: 12.9994   (Y': 12.6838   Cb: 12.9329   Cr: 14.6547 )
00000143: 12.9811   (Y': 12.6481   Cb: 12.9658   Cr: 14.6702 )
00000144: 12.9802   (Y': 12.6385   Cb: 12.9605   Cr: 14.7319 )
00000146: 13.0055   (Y': 12.6915   Cb: 12.8829   Cr: 14.7351 )
00000145: 12.9839   (Y': 12.6582   Cb: 12.8745   Cr: 14.7684 )
00000147: 12.9916   (Y': 12.6707   Cb: 12.9014   Cr: 14.7159 )
00000149: 12.9819   (Y': 12.6808   Cb: 12.8183   Cr: 14.6923 )
00000150: 12.9993   (Y': 12.6848   Cb: 12.8905   Cr: 14.7112 )
00000148: 12.9721   (Y': 12.6501   Cb: 12.8664   Cr: 14.7279 )
00000151: 12.9803   (Y': 12.6894   Cb: 12.828    Cr: 14.6097 )
00000152: 13.0082   (Y': 12.7001   Cb: 12.9146   Cr: 14.6568 )
00000153: 12.9782   (Y': 12.6764   Cb: 12.8608   Cr: 14.6226 )
00000154: 12.9289   (Y': 12.613    Cb: 12.8989   Cr: 14.5325 )
00000155: 12.9337   (Y': 12.6234   Cb: 12.8512   Cr: 14.579  )
00000156: 12.9994   (Y': 12.6895   Cb: 12.9132   Cr: 14.6478 )
00000158: 13.0053   (Y': 12.6955   Cb: 12.9036   Cr: 14.677  )
00000157: 12.9759   (Y': 12.6633   Cb: 12.8666   Cr: 14.6763 )
00000159: 12.9286   (Y': 12.6028   Cb: 12.8608   Cr: 14.6509 )
00000160: 12.9226   (Y': 12.6013   Cb: 12.8358   Cr: 14.645  )
00000161: 12.9957   (Y': 12.7015   Cb: 12.8693   Cr: 14.6067 )
00000162: 12.994    (Y': 12.6934   Cb: 12.8964   Cr: 14.6012 )
00000163: 13.0093   (Y': 12.7032   Cb: 12.861    Cr: 14.7282 )
00000164: 13.0391   (Y': 12.7309   Cb: 12.9348   Cr: 14.7043 )
00000165: 13.0372   (Y': 12.719    Cb: 12.9558   Cr: 14.7316 )
00000166: 12.9941   (Y': 12.6714   Cb: 12.9115   Cr: 14.7186 )
00000167: 13.0352   (Y': 12.723    Cb: 12.973    Cr: 14.6633 )
00000168: 13.0366   (Y': 12.7105   Cb: 12.9801   Cr: 14.7435 )
00000169: 13.1101   (Y': 12.7803   Cb: 13.0581   Cr: 14.834  )
00000170: 13.0594   (Y': 12.722    Cb: 13.0234   Cr: 14.8086 )
00000171: 13.045    (Y': 12.726    Cb: 12.9682   Cr: 14.7379 )
00000172: 12.9771   (Y': 12.6397   Cb: 12.9434   Cr: 14.7222 )
00000173: 13.0138   (Y': 12.6832   Cb: 12.9273   Cr: 14.7953 )
00000174: 13.0737   (Y': 12.7384   Cb: 13.0009   Cr: 14.8649 )
00000175: 13.2545   (Y': 12.9626   Cb: 13.1046   Cr: 14.8867 )
00000176: 14.5198   (Y': 14.453    Cb: 13.7894   Cr: 15.7414 )
00000177: 14.5395   (Y': 14.4454   Cb: 13.8778   Cr: 15.8017 )
00000178: 13.5465   (Y': 13.2849   Cb: 13.3413   Cr: 15.0754 )
00000179: 13.3821   (Y': 13.1136   Cb: 13.1739   Cr: 14.957  )
00000180: 13.0521   (Y': 12.7285   Cb: 13.0228   Cr: 14.7022 )
00000181: 13.0112   (Y': 12.6761   Cb: 12.9646   Cr: 14.7608 )
00000182: 13.039    (Y': 12.7124   Cb: 12.9664   Cr: 14.7734 )
00000183: 12.9726   (Y': 12.6172   Cb: 12.9536   Cr: 14.8131 )
00000184: 12.9921   (Y': 12.6724   Cb: 12.8561   Cr: 14.779  )
00000185: 13.0023   (Y': 12.6531   Cb: 13.0098   Cr: 14.7623 )
00000186: 13.0556   (Y': 12.7449   Cb: 12.9298   Cr: 14.7692 )
00000187: 13.0288   (Y': 12.6928   Cb: 12.989    Cr: 14.7742 )
00000188: 13.0089   (Y': 12.6525   Cb: 13.0021   Cr: 14.8375 )
00000189: 12.9932   (Y': 12.6736   Cb: 12.9224   Cr: 14.6798 )
00000190: 13.0183   (Y': 12.6981   Cb: 12.9329   Cr: 14.7314 )
00000191: 13.0387   (Y': 12.6988   Cb: 12.988    Cr: 14.8257 )
00000192: 12.9676   (Y': 12.6322   Cb: 12.9469   Cr: 14.6803 )
00000193: 13.0161   (Y': 12.6811   Cb: 12.9612   Cr: 14.7779 )
00000194: 12.9326   (Y': 12.5783   Cb: 12.9249   Cr: 14.7496 )
00000195: 12.9761   (Y': 12.6353   Cb: 12.9588   Cr: 14.7184 )
00000196: 12.9712   (Y': 12.641    Cb: 12.8994   Cr: 14.7278 )
00000197: 12.9605   (Y': 12.6323   Cb: 12.8623   Cr: 14.7446 )
00000198: 12.9958   (Y': 12.6622   Cb: 12.9545   Cr: 14.7282 )
00000199: 12.9875   (Y': 12.6759   Cb: 12.8972   Cr: 14.653  )
00000200: 13.0388   (Y': 12.7371   Cb: 12.9208   Cr: 14.6841 )
00000201: 12.9266   (Y': 12.5986   Cb: 12.874    Cr: 14.6398 )
00000203: 12.9207   (Y': 12.6098   Cb: 12.8196   Cr: 14.5982 )
00000202: 12.9482   (Y': 12.647    Cb: 12.8302   Cr: 14.5907 )
00000204: 12.9399   (Y': 12.6056   Cb: 12.9045   Cr: 14.6679 )
00000205: 12.9813   (Y': 12.6658   Cb: 12.9133   Cr: 14.6388 )
00000206: 12.9696   (Y': 12.6494   Cb: 12.8972   Cr: 14.6627 )
00000207: 12.9378   (Y': 12.6142   Cb: 12.8644   Cr: 14.6545 )
00000208: 13.005    (Y': 12.7024   Cb: 12.9142   Cr: 14.6153 )
00000209: 12.9352   (Y': 12.6166   Cb: 12.8764   Cr: 14.598  )
00000210: 12.9713   (Y': 12.6307   Cb: 12.9459   Cr: 14.7249 )
00000211: 12.9451   (Y': 12.6113   Cb: 12.9156   Cr: 14.6613 )
00000212: 12.9452   (Y': 12.6199   Cb: 12.9115   Cr: 14.6132 )
00000213: 13.0147   (Y': 12.7302   Cb: 12.835    Cr: 14.6457 )
00000214: 12.9407   (Y': 12.6085   Cb: 12.9103   Cr: 14.6472 )
00000215: 12.9638   (Y': 12.6292   Cb: 12.9454   Cr: 14.6681 )
00000216: 12.9596   (Y': 12.6226   Cb: 12.9082   Cr: 14.7294 )
00000217: 12.9457   (Y': 12.612    Cb: 12.9047   Cr: 14.6777 )
00000218: 12.9499   (Y': 12.6379   Cb: 12.8361   Cr: 14.6534 )
00000219: 12.9668   (Y': 12.6291   Cb: 12.9602   Cr: 14.6729 )
00000221: 12.9608   (Y': 12.6365   Cb: 12.9108   Cr: 14.6468 )
00000220: 12.98     (Y': 12.647    Cb: 12.957    Cr: 14.681  )
00000222: 12.976    (Y': 12.6514   Cb: 12.9265   Cr: 14.6628 )
00000223: 13.0013   (Y': 12.6772   Cb: 12.9518   Cr: 14.6856 )
00000224: 12.9948   (Y': 12.6657   Cb: 12.9438   Cr: 14.7126 )
00000226: 12.9758   (Y': 12.6569   Cb: 12.9289   Cr: 14.6232 )
00000225: 12.9534   (Y': 12.6062   Cb: 12.9577   Cr: 14.7053 )
00000228: 12.9664   (Y': 12.6213   Cb: 12.9603   Cr: 14.7198 )
00000227: 12.9879   (Y': 12.6853   Cb: 12.8734   Cr: 14.6333 )
00000229: 12.9847   (Y': 12.6482   Cb: 12.9243   Cr: 14.7646 )
00000230: 12.9779   (Y': 12.6715   Cb: 12.8645   Cr: 14.6459 )
00000231: 13.0284   (Y': 12.7108   Cb: 12.9612   Cr: 14.697  )
00000232: 12.9689   (Y': 12.6127   Cb: 13.012    Cr: 14.7217 )
00000234: 12.931    (Y': 12.5877   Cb: 12.8836   Cr: 14.736  )
00000233: 12.9851   (Y': 12.6438   Cb: 12.9427   Cr: 14.7686 )
00000235: 12.9613   (Y': 12.6348   Cb: 12.907    Cr: 14.6671 )
00000236: 13.0008   (Y': 12.6757   Cb: 12.9491   Cr: 14.6944 )
00000237: 12.9958   (Y': 12.6879   Cb: 12.9007   Cr: 14.6455 )
00000238: 12.9925   (Y': 12.6747   Cb: 12.9773   Cr: 14.5859 )
00000239: 12.9713   (Y': 12.6407   Cb: 12.919    Cr: 14.7012 )
00000240: 12.9634   (Y': 12.6241   Cb: 12.9302   Cr: 14.7202 )
00000242: 12.9579   (Y': 12.6369   Cb: 12.9458   Cr: 14.5669 )
00000241: 12.9466   (Y': 12.5918   Cb: 12.9698   Cr: 14.719  )
00000243: 13.0144   (Y': 12.7059   Cb: 12.944    Cr: 14.6304 )
00000244: 12.9674   (Y': 12.6304   Cb: 12.9162   Cr: 14.7364 )
00000245: 12.9996   (Y': 12.7001   Cb: 12.8881   Cr: 14.6211 )
00000246: 13.0247   (Y': 12.7096   Cb: 12.9334   Cr: 14.7142 )
00000247: 12.9718   (Y': 12.6233   Cb: 12.9478   Cr: 14.774  )
00000248: 13.0328   (Y': 12.7211   Cb: 12.9454   Cr: 14.6943 )
00000249: 13.0464   (Y': 12.73     Cb: 12.9373   Cr: 14.7714 )
00000251: 13.0358   (Y': 12.733    Cb: 12.9256   Cr: 14.676  )
00000250: 12.9899   (Y': 12.6532   Cb: 12.9105   Cr: 14.7999 )
00000252: 12.9936   (Y': 12.6834   Cb: 12.946    Cr: 14.5876 )
00000253: 12.9474   (Y': 12.6233   Cb: 12.9234   Cr: 14.5932 )
00000254: 12.9442   (Y': 12.6206   Cb: 12.8833   Cr: 14.6423 )
00000255: 12.9137   (Y': 12.5964   Cb: 12.7994   Cr: 14.6519 )
00000256: 12.9324   (Y': 12.5872   Cb: 12.9412   Cr: 14.6645 )
00000257: 12.9457   (Y': 12.6206   Cb: 12.8861   Cr: 14.651  )
00000258: 12.988    (Y': 12.6672   Cb: 12.9162   Cr: 14.6844 )
00000259: 12.9458   (Y': 12.6673   Cb: 12.765    Cr: 14.5405 )
00000260: 12.9832   (Y': 12.6951   Cb: 12.8381   Cr: 14.5847 )
00000261: 13.0364   (Y': 12.7536   Cb: 12.8787   Cr: 14.6239 )
00000262: 13.0161   (Y': 12.7183   Cb: 12.8143   Cr: 14.7648 )
00000263: 13.0104   (Y': 12.7004   Cb: 12.9155   Cr: 14.673  )
00000264: 12.9922   (Y': 12.663    Cb: 12.9479   Cr: 14.7009 )
00000265: 12.9765   (Y': 12.6651   Cb: 12.8609   Cr: 14.6791 )
00000266: 12.9677   (Y': 12.6738   Cb: 12.8588   Cr: 14.5506 )
00000267: 13.0139   (Y': 12.6748   Cb: 12.9564   Cr: 14.8065 )
00000268: 13.1652   (Y': 12.8864   Cb: 13.0073   Cr: 14.7284 )
00000269: 13.3178   (Y': 13.0521   Cb: 13.1088   Cr: 14.8768 )
00000270: 13.2547   (Y': 12.9925   Cb: 13.063    Cr: 14.7671 )
00000271: 13.2515   (Y': 12.9852   Cb: 13.0262   Cr: 14.8391 )
00000272: 13.0061   (Y': 12.6669   Cb: 12.9861   Cr: 14.7422 )
00000273: 13.1817   (Y': 12.896    Cb: 13.032    Cr: 14.7743 )
00000275: 13.0218   (Y': 12.7033   Cb: 12.9776   Cr: 14.6627 )
00000274: 13.0592   (Y': 12.762    Cb: 12.9142   Cr: 14.7161 )
00000277: 12.9974   (Y': 12.6742   Cb: 12.9367   Cr: 14.6919 )
00000276: 13.0414   (Y': 12.7402   Cb: 12.9357   Cr: 14.6645 )
00000278: 13.0732   (Y': 12.7705   Cb: 12.9814   Cr: 14.6848 )
00000279: 13.051    (Y': 12.7336   Cb: 12.9753   Cr: 14.7318 )
00000280: 13.0088   (Y': 12.6716   Cb: 13.0052   Cr: 14.7082 )
00000282: 13.0485   (Y': 12.7207   Cb: 12.9594   Cr: 14.8158 )
00000281: 12.9462   (Y': 12.5931   Cb: 13        Cr: 14.6629 )
00000283: 13.0467   (Y': 12.7509   Cb: 12.9088   Cr: 14.6847 )
00000284: 13.064    (Y': 12.7598   Cb: 12.9128   Cr: 14.7751 )
00000285: 12.9843   (Y': 12.6476   Cb: 12.9608   Cr: 14.7097 )
00000286: 13.0345   (Y': 12.7188   Cb: 12.9531   Cr: 14.7127 )
00000287: 12.9962   (Y': 12.6789   Cb: 12.9514   Cr: 14.6305 )
00000288: 12.9818   (Y': 12.6635   Cb: 12.9057   Cr: 14.6688 )
00000289: 13.0274   (Y': 12.7037   Cb: 12.9735   Cr: 14.7151 )
00000290: 13.0403   (Y': 12.6994   Cb: 13.0068   Cr: 14.8076 )
00000291: 13.0785   (Y': 12.7853   Cb: 12.8988   Cr: 14.7638 )
00000292: 13.0061   (Y': 12.6698   Cb: 13.0131   Cr: 14.6839 )
00000293: 13.0379   (Y': 12.7148   Cb: 13.0029   Cr: 14.694  )
00000294: 12.9542   (Y': 12.6155   Cb: 12.9193   Cr: 14.71   )
00000295: 12.9756   (Y': 12.659    Cb: 12.8828   Cr: 14.6773 )
00000296: 13.0172   (Y': 12.719    Cb: 12.9113   Cr: 14.6225 )
00000297: 13.1189   (Y': 12.8352   Cb: 12.9908   Cr: 14.6672 )
00000298: 12.994    (Y': 12.6932   Cb: 12.8365   Cr: 14.6928 )
00000299: 12.96     (Y': 12.6573   Cb: 12.8561   Cr: 14.5904 )
00000300: 12.9962   (Y': 12.6923   Cb: 12.9072   Cr: 14.6113 )
00000301: 12.9628   (Y': 12.6357   Cb: 12.8497   Cr: 14.763  )
00000302: 13.0306   (Y': 12.7496   Cb: 12.8589   Cr: 14.6274 )
00000303: 13.0477   (Y': 12.7685   Cb: 12.8781   Cr: 14.6302 )
00000304: 13.0534   (Y': 12.7666   Cb: 12.8647   Cr: 14.7123 )
00000305: 12.9725   (Y': 12.6409   Cb: 12.9089   Cr: 14.7252 )
00000307: 13.0212   (Y': 12.7439   Cb: 12.857    Cr: 14.5837 )
00000306: 12.9831   (Y': 12.6939   Cb: 12.8315   Cr: 14.6009 )
00000308: 13.0076   (Y': 12.7119   Cb: 12.8857   Cr: 14.6206 )
00000310: 13.0321   (Y': 12.7182   Cb: 12.9492   Cr: 14.7014 )
00000309: 12.9503   (Y': 12.6075   Cb: 12.9486   Cr: 14.6826 )
00000311: 13.0255   (Y': 12.7387   Cb: 12.9024   Cr: 14.5856 )
00000312: 13.0214   (Y': 12.6907   Cb: 12.9826   Cr: 14.7319 )
00000313: 13.0438   (Y': 12.7252   Cb: 12.9786   Cr: 14.7158 )
00000314: 13.0663   (Y': 12.789    Cb: 12.864    Cr: 14.6867 )
00000316: 13.1593   (Y': 12.8812   Cb: 12.9849   Cr: 14.7428 )
00000315: 13.0843   (Y': 12.8042   Cb: 12.9148   Cr: 14.6725 )
00000317: 13.1425   (Y': 12.8355   Cb: 13.0625   Cr: 14.7638 )
00000318: 13.1944   (Y': 12.9077   Cb: 13.0019   Cr: 14.8586 )
00000319: 13.0215   (Y': 12.6813   Cb: 12.9992   Cr: 14.7682 )
00000320: 12.9705   (Y': 12.6273   Cb: 12.9749   Cr: 14.6966 )
00000321: 12.9444   (Y': 12.606    Cb: 12.9081   Cr: 14.6994 )
00000322: 13.1005   (Y': 12.8184   Cb: 12.9116   Cr: 14.731  )
00000323: 13.1198   (Y': 12.8153   Cb: 13.0027   Cr: 14.7815 )
00000324: 13.0465   (Y': 12.7125   Cb: 12.9765   Cr: 14.825  )
00000326: 13.0062   (Y': 12.6717   Cb: 12.9703   Cr: 14.7367 )
00000325: 12.929    (Y': 12.5965   Cb: 12.889    Cr: 14.6522 )
00000327: 12.9717   (Y': 12.6435   Cb: 12.9087   Cr: 14.7017 )
00000328: 12.9962   (Y': 12.6766   Cb: 12.9053   Cr: 14.7136 )
00000330: 13.0181   (Y': 12.7108   Cb: 12.9263   Cr: 14.6589 )
00000329: 12.9427   (Y': 12.5927   Cb: 12.9803   Cr: 14.6632 )
00000331: 13.0179   (Y': 12.719    Cb: 12.8645   Cr: 14.6989 )
00000332: 13.0083   (Y': 12.6788   Cb: 12.9633   Cr: 14.7202 )
00000333: 12.9998   (Y': 12.6624   Cb: 12.9391   Cr: 14.786  )
00000334: 13.0194   (Y': 12.7166   Cb: 12.916    Cr: 14.6494 )
00000335: 13.0159   (Y': 12.6958   Cb: 12.8968   Cr: 14.7799 )
00000336: 12.9846   (Y': 12.6321   Cb: 12.9918   Cr: 14.7663 )
00000337: 13.0562   (Y': 12.7471   Cb: 12.9423   Cr: 14.7412 )
00000338: 13.0048   (Y': 12.7013   Cb: 12.8604   Cr: 14.7013 )
00000339: 13.0468   (Y': 12.7388   Cb: 12.9242   Cr: 14.7387 )
00000341: 13.0268   (Y': 12.7018   Cb: 12.9615   Cr: 14.7406 )
00000340: 12.9848   (Y': 12.6659   Cb: 12.8786   Cr: 14.7209 )
00000342: 13.0012   (Y': 12.6699   Cb: 12.9491   Cr: 14.7354 )
00000343: 12.9501   (Y': 12.6038   Cb: 12.9665   Cr: 14.6774 )
00000344: 13.0051   (Y': 12.6632   Cb: 12.9293   Cr: 14.8444 )
00000345: 13.0741   (Y': 12.7738   Cb: 12.9546   Cr: 14.7128 )
00000346: 13.1436   (Y': 12.8367   Cb: 13.0144   Cr: 14.8384 )
00000347: 13.0952   (Y': 12.7648   Cb: 13.029    Cr: 14.8438 )
00000348: 13.1903   (Y': 12.9076   Cb: 13.0488   Cr: 14.7524 )
00000350: 13.0907   (Y': 12.7637   Cb: 12.9912   Cr: 14.8696 )
00000349: 13.1075   (Y': 12.7882   Cb: 13.051    Cr: 14.7712 )
00000351: 13.0489   (Y': 12.728    Cb: 12.9331   Cr: 14.8125 )
00000352: 12.9559   (Y': 12.6313   Cb: 12.8669   Cr: 14.7024 )
00000353: 13.071    (Y': 12.7492   Cb: 13.0203   Cr: 14.7415 )
00000354: 13.0428   (Y': 12.7103   Cb: 12.9905   Cr: 14.7846 )
00000355: 13.0298   (Y': 12.7248   Cb: 12.891    Cr: 14.7272 )
00000356: 13.0854   (Y': 12.7344   Cb: 13.1123   Cr: 14.8278 )
00000357: 12.9866   (Y': 12.6344   Cb: 13.0635   Cr: 14.6636 )
00000358: 13.0727   (Y': 12.7751   Cb: 12.9445   Cr: 14.7079 )
00000359: 13.0523   (Y': 12.7418   Cb: 12.9654   Cr: 14.7055 )
00000360: 13.0695   (Y': 12.7266   Cb: 13.0353   Cr: 14.8515 )
00000361: 13.0485   (Y': 12.7091   Cb: 13.0423   Cr: 14.7655 )
00000362: 13.0283   (Y': 12.6723   Cb: 13.0652   Cr: 14.7891 )
00000363: 13.0207   (Y': 12.6951   Cb: 12.9741   Cr: 14.71   )
00000364: 13.0357   (Y': 12.6883   Cb: 13.0444   Cr: 14.7822 )
00000365: 13.095    (Y': 12.7681   Cb: 13.0239   Cr: 14.829  )
00000366: 13.0641   (Y': 12.7677   Cb: 12.953    Cr: 14.6657 )
00000367: 13.0739   (Y': 12.7644   Cb: 12.9632   Cr: 14.7567 )
00000368: 13.1382   (Y': 12.845    Cb: 13.0054   Cr: 14.7529 )
00000369: 13.113    (Y': 12.8282   Cb: 12.996    Cr: 14.6519 )
00000370: 13.1255   (Y': 12.8132   Cb: 13.0665   Cr: 14.7495 )
00000371: 13.0772   (Y': 12.7669   Cb: 12.9908   Cr: 14.7286 )
00000372: 13.0744   (Y': 12.755    Cb: 13.0254   Cr: 14.7276 )
00000373: 13.1      (Y': 12.7977   Cb: 13.0331   Cr: 14.6732 )
00000374: 13.1244   (Y': 12.8553   Cb: 12.9663   Cr: 14.629  )
00000375: 13.1227   (Y': 12.8236   Cb: 13.0131   Cr: 14.7384 )
00000376: 13.2222   (Y': 12.957    Cb: 13.0571   Cr: 14.7137 )
00000377: 12.9954   (Y': 12.6831   Cb: 12.9114   Cr: 14.6559 )
00000378: 13.1943   (Y': 12.9275   Cb: 12.9554   Cr: 14.8059 )
00000379: 13.027    (Y': 12.7128   Cb: 12.9913   Cr: 14.6287 )
00000380: 13.1434   (Y': 12.8277   Cb: 13.0264   Cr: 14.8755 )
00000381: 12.9808   (Y': 12.6632   Cb: 12.9898   Cr: 14.5388 )
00000382: 13.2068   (Y': 12.9619   Cb: 12.9304   Cr: 14.7416 )
00000383: 13.0448   (Y': 12.7405   Cb: 12.9723   Cr: 14.6388 )
00000384: 13.2348   (Y': 12.9702   Cb: 13.0233   Cr: 14.7909 )
00000385: 13.0476   (Y': 12.7634   Cb: 12.9387   Cr: 14.5709 )
00000386: 13.2011   (Y': 12.9193   Cb: 13.0493   Cr: 14.7733 )
00000387: 13.0838   (Y': 12.7969   Cb: 12.987    Cr: 14.6066 )
00000388: 13.0778   (Y': 12.7677   Cb: 13.0304   Cr: 14.6708 )
00000389: 13.0541   (Y': 12.7585   Cb: 12.9497   Cr: 14.6408 )
00000390: 13.044    (Y': 12.765    Cb: 12.8934   Cr: 14.5975 )
00000391: 13.0104   (Y': 12.7043   Cb: 12.9133   Cr: 14.6517 )
00000392: 13.1882   (Y': 12.9138   Cb: 12.9874   Cr: 14.7882 )
00000393: 12.9992   (Y': 12.6682   Cb: 12.9441   Cr: 14.7354 )
00000394: 13.1138   (Y': 12.8236   Cb: 12.9637   Cr: 14.7348 )
00000395: 13.02     (Y': 12.7138   Cb: 12.9539   Cr: 14.6158 )
00000396: 13.148    (Y': 12.8803   Cb: 12.9973   Cr: 14.6335 )
00000397: 12.9825   (Y': 12.6577   Cb: 12.9501   Cr: 14.6457 )
00000398: 13.0857   (Y': 12.823    Cb: 12.8103   Cr: 14.7283 )
00000399: 13.1255   (Y': 12.8312   Cb: 13.0213   Cr: 14.7038 )
00000400: 12.9289   (Y': 12.6049   Cb: 12.837    Cr: 14.6764 )
00000401: 12.9715   (Y': 12.6835   Cb: 12.7832   Cr: 14.637  )
00000402: 13.0471   (Y': 12.7676   Cb: 12.8749   Cr: 14.6363 )
00000403: 13.0644   (Y': 12.7784   Cb: 12.946    Cr: 14.6125 )
00000404: 12.9743   (Y': 12.6536   Cb: 12.882    Cr: 14.7008 )
00000405: 12.9459   (Y': 12.6307   Cb: 12.8456   Cr: 14.6489 )
00000406: 13.0352   (Y': 12.735    Cb: 12.9527   Cr: 14.6188 )
00000407: 13.0466   (Y': 12.7441   Cb: 12.9321   Cr: 14.6919 )
00000408: 13.0205   (Y': 12.7313   Cb: 12.8542   Cr: 14.6603 )
00000409: 12.963    (Y': 12.6588   Cb: 12.8605   Cr: 14.6002 )
00000410: 13.0224   (Y': 12.7345   Cb: 12.8875   Cr: 14.607  )
00000411: 13.0714   (Y': 12.7671   Cb: 12.9397   Cr: 14.7534 )
00000412: 12.9971   (Y': 12.6961   Cb: 12.9052   Cr: 14.5985 )
00000413: 12.9571   (Y': 12.6539   Cb: 12.8663   Cr: 14.5705 )
00000414: 12.9814   (Y': 12.6389   Cb: 12.9872   Cr: 14.7004 )
00000415: 13.0807   (Y': 12.7641   Cb: 12.9662   Cr: 14.8151 )
00000416: 13.0449   (Y': 12.7532   Cb: 12.9163   Cr: 14.6437 )
00000417: 12.9775   (Y': 12.6611   Cb: 12.9132   Cr: 14.6346 )
00000418: 13.0027   (Y': 12.6991   Cb: 12.8322   Cr: 14.7399 )
00000419: 13.0478   (Y': 12.7492   Cb: 12.9346   Cr: 14.666  )
00000420: 13.0166   (Y': 12.6993   Cb: 12.9368   Cr: 14.7029 )
00000421: 12.9605   (Y': 12.6277   Cb: 12.8897   Cr: 14.7324 )
00000422: 12.9479   (Y': 12.6333   Cb: 12.8481   Cr: 14.6471 )
00000423: 13.0268   (Y': 12.7177   Cb: 12.9356   Cr: 14.6778 )
00000424: 12.9474   (Y': 12.6061   Cb: 12.9572   Cr: 14.6526 )
00000425: 12.9667   (Y': 12.636    Cb: 12.9713   Cr: 14.6127 )
00000426: 12.9828   (Y': 12.6824   Cb: 12.8763   Cr: 14.6021 )
00000427: 13.0009   (Y': 12.6771   Cb: 12.9086   Cr: 14.7475 )
00000428: 12.9448   (Y': 12.6405   Cb: 12.8388   Cr: 14.5883 )
00000429: 12.9974   (Y': 12.6714   Cb: 12.9672   Cr: 14.6645 )
00000430: 13.0384   (Y': 12.7214   Cb: 12.9589   Cr: 14.7222 )
00000431: 12.9946   (Y': 12.6909   Cb: 12.8307   Cr: 14.7225 )
00000432: 13.0086   (Y': 12.7273   Cb: 12.7939   Cr: 14.673  )
00000433: 13.0408   (Y': 12.72     Cb: 12.9312   Cr: 14.7942 )
00000434: 12.9869   (Y': 12.6729   Cb: 12.9033   Cr: 14.6582 )
00000435: 13.0591   (Y': 12.7551   Cb: 12.9504   Cr: 14.7048 )
00000436: 12.9784   (Y': 12.6709   Cb: 12.8531   Cr: 14.6712 )
00000437: 13.0266   (Y': 12.7098   Cb: 12.9133   Cr: 14.7601 )
00000438: 12.9943   (Y': 12.6474   Cb: 12.9655   Cr: 14.7933 )
00000439: 12.9644   (Y': 12.6264   Cb: 12.9061   Cr: 14.7511 )
00000440: 12.9954   (Y': 12.6629   Cb: 12.9454   Cr: 14.7337 )
00000441: 13.0173   (Y': 12.7052   Cb: 12.914    Cr: 14.7058 )
00000442: 12.931    (Y': 12.5678   Cb: 12.959    Cr: 14.7523 )
00000443: 12.9746   (Y': 12.6432   Cb: 12.9064   Cr: 14.7337 )
00000444: 13.0326   (Y': 12.7348   Cb: 12.9255   Cr: 14.637  )
00000445: 13.0254   (Y': 12.6969   Cb: 12.9508   Cr: 14.7753 )
00000446: 13.0213   (Y': 12.6828   Cb: 12.9398   Cr: 14.8468 )
00000447: 13.0637   (Y': 12.7676   Cb: 12.8953   Cr: 14.7498 )
00000448: 13.0629   (Y': 12.772    Cb: 12.9207   Cr: 14.6765 )
00000449: 12.9852   (Y': 12.6722   Cb: 12.9257   Cr: 14.6143 )
00000450: 12.9851   (Y': 12.6541   Cb: 12.9029   Cr: 14.7627 )
00000451: 12.9556   (Y': 12.6235   Cb: 12.9276   Cr: 14.6579 )
00000452: 13.0151   (Y': 12.7126   Cb: 12.883    Cr: 14.6863 )
00000453: 12.9575   (Y': 12.6149   Cb: 12.8683   Cr: 14.8223 )
00000454: 13.0027   (Y': 12.6848   Cb: 12.902    Cr: 14.7235 )
00000455: 12.9967   (Y': 12.679    Cb: 12.9798   Cr: 14.5921 )
00000456: 13.0147   (Y': 12.6812   Cb: 12.9578   Cr: 14.7701 )
00000457: 13.0101   (Y': 12.7158   Cb: 12.8624   Cr: 14.6539 )
00000458: 13.0936   (Y': 12.794    Cb: 13.0068   Cr: 14.6791 )
00000459: 13.1217   (Y': 12.8493   Cb: 12.9419   Cr: 14.6779 )
00000460: 13.1188   (Y': 12.8351   Cb: 12.9718   Cr: 14.6957 )
00000461: 13.146    (Y': 12.8773   Cb: 12.913    Cr: 14.7599 )
00000462: 13.1033   (Y': 12.8245   Cb: 12.9527   Cr: 14.6558 )
00000463: 13.0047   (Y': 12.6526   Cb: 13.0131   Cr: 14.7819 )
00000464: 13.0795   (Y': 12.7604   Cb: 12.9822   Cr: 14.8036 )
00000465: 13.0353   (Y': 12.7158   Cb: 12.942    Cr: 14.7557 )
00000466: 12.9661   (Y': 12.6373   Cb: 12.8902   Cr: 14.72   )
00000467: 12.9756   (Y': 12.6499   Cb: 12.8703   Cr: 14.7545 )
00000468: 13.048    (Y': 12.728    Cb: 12.9213   Cr: 14.823  )
00000469: 12.9938   (Y': 12.6937   Cb: 12.918    Cr: 14.5666 )
00000470: 13.0806   (Y': 12.7774   Cb: 12.9725   Cr: 14.7205 )
00000471: 13.1059   (Y': 12.8124   Cb: 12.9669   Cr: 14.731  )
00000472: 13.0507   (Y': 12.7653   Cb: 12.8865   Cr: 14.6639 )
00000473: 13.2308   (Y': 12.9688   Cb: 13.026    Cr: 14.7614 )
00000474: 13.0754   (Y': 12.7686   Cb: 13.0075   Cr: 14.6783 )
00000475: 13.1506   (Y': 12.8964   Cb: 12.8974   Cr: 14.7069 )
00000477: 13.2852   (Y': 13.0702   Cb: 12.9555   Cr: 14.7231 )
00000476: 13.0963   (Y': 12.7873   Cb: 12.9666   Cr: 14.8052 )
00000478: 13.0881   (Y': 12.7977   Cb: 12.9499   Cr: 14.6929 )
00000479: 13.168    (Y': 12.9108   Cb: 12.9002   Cr: 14.7653 )
00000480: 13.0026   (Y': 12.7006   Cb: 12.8821   Cr: 14.6533 )
00000481: 13.1908   (Y': 12.931    Cb: 12.9507   Cr: 14.7606 )
00000482: 13.0921   (Y': 12.7956   Cb: 12.9492   Cr: 14.7418 )
00000483: 13.0728   (Y': 12.78     Cb: 12.9471   Cr: 14.674  )
00000484: 13.0193   (Y': 12.6989   Cb: 12.9308   Cr: 14.7379 )
00000485: 13.1336   (Y': 12.8597   Cb: 12.9575   Cr: 14.6933 )
00000486: 13.0656   (Y': 12.7667   Cb: 12.9404   Cr: 14.7039 )
00000487: 13.0964   (Y': 12.8086   Cb: 12.9287   Cr: 14.7299 )
00000488: 13.042    (Y': 12.7561   Cb: 12.8919   Cr: 14.6368 )
00000490: 13.0638   (Y': 12.7701   Cb: 12.9267   Cr: 14.6873 )
00000489: 13.0751   (Y': 12.7874   Cb: 12.9286   Cr: 14.6759 )
00000491: 13.1221   (Y': 12.8187   Cb: 13.031    Cr: 14.7376 )
00000493: 13.0834   (Y': 12.7911   Cb: 12.9874   Cr: 14.6374 )
00000492: 13.1388   (Y': 12.843    Cb: 12.9844   Cr: 14.802  )
00000494: 13.0655   (Y': 12.7624   Cb: 12.9635   Cr: 14.695  )
00000495: 13.0569   (Y': 12.7491   Cb: 12.9467   Cr: 14.7281 )
00000496: 13.0385   (Y': 12.7483   Cb: 12.8213   Cr: 14.7626 )
00000497: 13.0249   (Y': 12.7089   Cb: 12.8956   Cr: 14.7782 )
00000498: 12.9544   (Y': 12.6145   Cb: 12.9121   Cr: 14.7286 )
00000499: 12.9841   (Y': 12.6761   Cb: 12.8592   Cr: 14.6788 )
00000500: 13.0134   (Y': 12.7228   Cb: 12.833    Cr: 14.6839 )
00000501: 12.9841   (Y': 12.7026   Cb: 12.814    Cr: 14.5821 )
00000502: 13.0055   (Y': 12.7158   Cb: 12.8557   Cr: 14.6233 )
00000503: 13.0372   (Y': 12.7392   Cb: 12.8962   Cr: 14.6942 )
00000504: 12.9664   (Y': 12.6716   Cb: 12.8008   Cr: 14.6399 )
00000505: 13.046    (Y': 12.7784   Cb: 12.8379   Cr: 14.6157 )
00000506: 13.0204   (Y': 12.7464   Cb: 12.8767   Cr: 14.533  )
00000507: 12.991    (Y': 12.7057   Cb: 12.8287   Cr: 14.6001 )
00000508: 13.0022   (Y': 12.7196   Cb: 12.8333   Cr: 14.6047 )
00000509: 13.1566   (Y': 12.8803   Cb: 12.971    Cr: 14.7453 )
00000510: 13.2482   (Y': 13.0019   Cb: 12.9837   Cr: 14.7735 )
00000511: 13.0965   (Y': 12.8241   Cb: 12.8984   Cr: 14.6807 )
00000512: 13.1605   (Y': 12.8977   Cb: 12.9492   Cr: 14.7053 )
00000513: 13.1582   (Y': 12.8976   Cb: 12.9164   Cr: 14.7363 )
00000514: 13.1904   (Y': 12.9346   Cb: 12.9368   Cr: 14.7566 )
00000515: 13.1548   (Y': 12.8655   Cb: 12.9757   Cr: 14.8152 )
00000516: 13.2119   (Y': 12.9617   Cb: 12.9834   Cr: 14.7063 )
00000517: 13.091    (Y': 12.78     Cb: 12.9541   Cr: 14.823  )
00000518: 13.2498   (Y': 12.9818   Cb: 13.0428   Cr: 14.8205 )
00000519: 13.3314   (Y': 13.1131   Cb: 12.9781   Cr: 14.8248 )
00000520: 13.3536   (Y': 13.0798   Cb: 13.1837   Cr: 14.904  )
00000521: 13.3332   (Y': 13.0706   Cb: 13.128    Cr: 14.8678 )
00000522: 13.213    (Y': 12.9388   Cb: 13.0715   Cr: 14.7234 )
00000523: 13.3851   (Y': 13.1457   Cb: 13.1456   Cr: 14.8321 )
00000524: 13.1259   (Y': 12.8583   Cb: 12.9563   Cr: 14.6385 )
00000525: 13.1899   (Y': 12.8914   Cb: 13.0965   Cr: 14.7788 )
00000526: 13.0263   (Y': 12.7137   Cb: 12.8908   Cr: 14.7667 )
00000527: 13.0082   (Y': 12.6936   Cb: 12.9208   Cr: 14.6885 )
00000528: 13.0336   (Y': 12.7383   Cb: 12.9095   Cr: 14.6483 )
00000529: 13.1055   (Y': 12.8124   Cb: 12.9491   Cr: 14.7549 )
00000531: 13.0055   (Y': 12.6829   Cb: 12.9215   Cr: 14.7314 )
00000530: 13.0008   (Y': 12.6762   Cb: 12.8984   Cr: 14.7683 )
00000532: 12.9832   (Y': 12.6614   Cb: 12.9202   Cr: 14.6722 )
00000533: 13.022    (Y': 12.7198   Cb: 12.9154   Cr: 14.6524 )
00000534: 13.0377   (Y': 12.7284   Cb: 12.9315   Cr: 14.7131 )
00000535: 12.9621   (Y': 12.6597   Cb: 12.8449   Cr: 14.6108 )
00000536: 12.9872   (Y': 12.6846   Cb: 12.8429   Cr: 14.6776 )
00000537: 13.0118   (Y': 12.7064   Cb: 12.8984   Cr: 14.6735 )
00000539: 12.9919   (Y': 12.6897   Cb: 12.8256   Cr: 14.7135 )
00000538: 13.017    (Y': 12.6961   Cb: 12.9376   Cr: 14.7259 )
00000540: 13.0202   (Y': 12.7292   Cb: 12.9069   Cr: 14.5922 )
00000541: 13.0243   (Y': 12.6938   Cb: 12.9538   Cr: 14.7809 )
00000542: 13.0365   (Y': 12.7273   Cb: 12.8955   Cr: 14.7643 )
00000543: 13.0059   (Y': 12.695    Cb: 12.8813   Cr: 14.7189 )
00000544: 13.0048   (Y': 12.6906   Cb: 12.8989   Cr: 14.7105 )
00000545: 12.9917   (Y': 12.6676   Cb: 12.8717   Cr: 14.7831 )
00000546: 12.9617   (Y': 12.654    Cb: 12.831    Cr: 14.6636 )
00000547: 12.9734   (Y': 12.6641   Cb: 12.8407   Cr: 14.6887 )
00000548: 13.0267   (Y': 12.7123   Cb: 12.8997   Cr: 14.7656 )
00000549: 13.0075   (Y': 12.6726   Cb: 12.9628   Cr: 14.7529 )
00000550: 12.9297   (Y': 12.6118   Cb: 12.8278   Cr: 14.6528 )
00000551: 12.9877   (Y': 12.6675   Cb: 12.9078   Cr: 14.6926 )
00000552: 13.051    (Y': 12.7461   Cb: 12.9208   Cr: 14.7345 )
00000553: 13.0038   (Y': 12.6717   Cb: 12.9492   Cr: 14.747  )
00000554: 13.0184   (Y': 12.7376   Cb: 12.8106   Cr: 14.669  )
00000555: 12.9557   (Y': 12.6532   Cb: 12.8055   Cr: 14.6543 )
00000557: 13.0622   (Y': 12.7705   Cb: 12.8806   Cr: 14.7402 )
00000556: 13.0047   (Y': 12.6943   Cb: 12.8602   Cr: 14.7448 )
00000558: 13.0171   (Y': 12.7061   Cb: 12.8702   Cr: 14.7652 )
00000559: 13.161    (Y': 12.9054   Cb: 12.8971   Cr: 14.7422 )
00000560: 13.4188   (Y': 13.194    Cb: 13.0894   Cr: 14.914  )
00000561: 13.2868   (Y': 13.0312   Cb: 13.044    Cr: 14.8357 )
00000562: 13.2721   (Y': 13.0414   Cb: 13.0044   Cr: 14.7097 )
00000563: 13.3156   (Y': 12.9965   Cb: 13.0963   Cr: 15.2314 )
00000565: 13.6951   (Y': 13.4672   Cb: 13.3411   Cr: 15.2472 )
00000564: 13.6461   (Y': 13.3946   Cb: 13.2969   Cr: 15.335  )
00000566: 13.2267   (Y': 12.9927   Cb: 12.8749   Cr: 14.8115 )
00000567: 13.4198   (Y': 13.2597   Cb: 12.9326   Cr: 14.7801 )
00000568: 13.4096   (Y': 13.1177   Cb: 13.2348   Cr: 15.0792 )
00000569: 13.5784   (Y': 13.3695   Cb: 13.1633   Cr: 15.1115 )
00000570: 13.8282   (Y': 13.739    Cb: 13.2343   Cr: 14.9612 )
00000571: 14.4321   (Y': 14.3967   Cb: 13.6205   Cr: 15.6143 )
00000572: 14.5727   (Y': 14.5142   Cb: 13.807    Cr: 15.8048 )
00000573: 14.0167   (Y': 13.9074   Cb: 13.4474   Cr: 15.22   )
00000574: 13.6112   (Y': 13.4288   Cb: 13.2029   Cr: 14.979  )
00000575: 13.3352   (Y': 13.1062   Cb: 13.0253   Cr: 14.8256 )
00000576: 13.2726   (Y': 13.0144   Cb: 13.0808   Cr: 14.7609 )
00000577: 13.2102   (Y': 12.945    Cb: 13.0019   Cr: 14.766  )
00000578: 12.9924   (Y': 12.6915   Cb: 12.9525   Cr: 14.518  )
00000579: 13.2675   (Y': 12.9995   Cb: 13.0318   Cr: 14.8809 )
00000581: 13.2125   (Y': 12.9397   Cb: 12.9908   Cr: 14.8345 )
00000580: 13.0955   (Y': 12.8102   Cb: 13.0156   Cr: 14.5844 )
00000582: 13.0234   (Y': 12.7411   Cb: 12.8708   Cr: 14.6002 )
00000583: 13.1972   (Y': 12.9324   Cb: 12.9813   Cr: 14.7613 )
00000584: 13.0735   (Y': 12.7487   Cb: 12.9578   Cr: 14.8623 )
00000585: 13.0955   (Y': 12.8077   Cb: 12.8983   Cr: 14.7731 )
00000586: 13.0057   (Y': 12.6895   Cb: 12.9724   Cr: 14.6156 )
00000587: 13.0798   (Y': 12.7985   Cb: 12.8676   Cr: 14.7402 )
00000588: 13.1293   (Y': 12.8351   Cb: 12.9806   Cr: 14.7737 )
00000589: 13.0881   (Y': 12.7674   Cb: 13.029    Cr: 14.7652 )
00000590: 13.0761   (Y': 12.7733   Cb: 12.9999   Cr: 14.6656 )
00000591: 13.114    (Y': 12.8242   Cb: 12.9306   Cr: 14.784  )
00000592: 13.0277   (Y': 12.7101   Cb: 12.9052   Cr: 14.7804 )
00000593: 13.0336   (Y': 12.7184   Cb: 12.922    Cr: 14.7543 )
00000594: 13.0016   (Y': 12.6768   Cb: 12.9033   Cr: 14.7642 )
00000595: 13.0898   (Y': 12.7941   Cb: 12.8826   Cr: 14.8331 )
00000596: 13.0987   (Y': 12.8088   Cb: 12.912    Cr: 14.7737 )
00000597: 13.0586   (Y': 12.733    Cb: 12.9782   Cr: 14.798  )
00000598: 12.971    (Y': 12.6229   Cb: 12.9637   Cr: 14.746  )
00000599: 12.9864   (Y': 12.6715   Cb: 12.8849   Cr: 14.6897 )
00000600: 13.016    (Y': 12.7072   Cb: 12.88     Cr: 14.7328 )
00000601: 13.142    (Y': 12.8528   Cb: 13.0135   Cr: 14.7253 )
00000602: 13.0097   (Y': 12.6723   Cb: 13.0079   Cr: 14.7069 )
00000603: 12.9687   (Y': 12.6359   Cb: 12.9096   Cr: 14.7226 )
00000604: 13.0416   (Y': 12.7355   Cb: 12.901    Cr: 14.7489 )
00000605: 13.0164   (Y': 12.7077   Cb: 12.887    Cr: 14.7221 )
00000606: 13.1192   (Y': 12.8232   Cb: 12.9423   Cr: 14.8176 )
00000607: 13.1687   (Y': 12.8868   Cb: 12.9947   Cr: 14.7747 )
00000608: 13.0929   (Y': 12.8043   Cb: 12.9246   Cr: 14.7319 )
00000609: 13.0801   (Y': 12.7592   Cb: 12.9738   Cr: 14.8299 )
00000611: 12.9853   (Y': 12.6437   Cb: 12.952    Cr: 14.7579 )
00000610: 13.0165   (Y': 12.6912   Cb: 12.947    Cr: 14.738  )
00000612: 13.1102   (Y': 12.8243   Cb: 12.9143   Cr: 14.7747 )
00000613: 13.0996   (Y': 12.7831   Cb: 13.0218   Cr: 14.7776 )
00000614: 13.1458   (Y': 12.8262   Cb: 13.0492   Cr: 14.8718 )
00000615: 13.0914   (Y': 12.8131   Cb: 12.8825   Cr: 14.728  )
00000616: 13.0717   (Y': 12.7763   Cb: 12.9339   Cr: 14.7077 )
00000617: 13.0225   (Y': 12.6844   Cb: 12.9524   Cr: 14.8284 )
00000619: 13.0659   (Y': 12.7922   Cb: 12.9139   Cr: 14.5885 )
00000618: 13.038    (Y': 12.7485   Cb: 12.857    Cr: 14.7019 )
00000620: 13.2066   (Y': 12.9357   Cb: 12.9452   Cr: 14.8785 )
00000621: 13.0736   (Y': 12.7747   Cb: 12.9804   Cr: 14.6649 )
00000622: 13.0643   (Y': 12.765    Cb: 12.9125   Cr: 14.7458 )
00000623: 13.2142   (Y': 12.9494   Cb: 13.0257   Cr: 14.7372 )
00000624: 13.4595   (Y': 13.2383   Cb: 13.0877   Cr: 14.999  )
00000625: 13.1573   (Y': 12.871    Cb: 13.0147   Cr: 14.7436 )
00000626: 13.1331   (Y': 12.8735   Cb: 12.9283   Cr: 14.6491 )
00000627: 13.2123   (Y': 12.9471   Cb: 12.997    Cr: 14.7782 )
00000628: 13.2059   (Y': 12.9217   Cb: 13.0665   Cr: 14.7746 )
00000629: 13.0936   (Y': 12.7867   Cb: 13.0103   Cr: 14.7192 )
00000630: 13.1606   (Y': 12.8885   Cb: 12.9682   Cr: 14.7343 )
00000631: 13.1228   (Y': 12.8516   Cb: 12.9195   Cr: 14.707  )
00000632: 13.1397   (Y': 12.8884   Cb: 12.9385   Cr: 14.6004 )
00000633: 13.1311   (Y': 12.8229   Cb: 13.0424   Cr: 14.7725 )
00000634: 13.0677   (Y': 12.7615   Cb: 12.9665   Cr: 14.7159 )
00000635: 13.1367   (Y': 12.8408   Cb: 13.0388   Cr: 14.7152 )
00000636: 13.101    (Y': 12.8073   Cb: 12.945    Cr: 14.7531 )
00000637: 13.1198   (Y': 12.8463   Cb: 12.9498   Cr: 14.6681 )
00000638: 13.0695   (Y': 12.7866   Cb: 12.9459   Cr: 14.607  )
00000639: 14.0959   (Y': 14.0009   Cb: 13.4761   Cr: 15.2984 )
00000640: 14.6262   (Y': 14.6033   Cb: 13.8046   Cr: 15.7578 )
00000641: 14.5485   (Y': 14.4645   Cb: 13.842    Cr: 15.8258 )
00000643: 13.332    (Y': 13.0637   Cb: 13.0953   Cr: 14.9498 )
00000642: 13.6801   (Y': 13.4848   Cb: 13.2631   Cr: 15.1355 )
00000645: 13.149    (Y': 12.8525   Cb: 13.0088   Cr: 14.795  )
00000644: 13.26     (Y': 12.9924   Cb: 13.1255   Cr: 14.7209 )
00000646: 13.1209   (Y': 12.8166   Cb: 13.0282   Cr: 14.7446 )
00000647: 13.0939   (Y': 12.7809   Cb: 12.971    Cr: 14.8177 )
00000648: 13.0805   (Y': 12.7897   Cb: 12.9652   Cr: 14.6537 )
00000649: 13.0875   (Y': 12.7825   Cb: 13.039    Cr: 14.6502 )
00000650: 13.09     (Y': 12.7825   Cb: 12.9566   Cr: 14.7945 )
00000651: 13.0797   (Y': 12.7994   Cb: 12.9435   Cr: 14.6197 )
00000652: 13.0694   (Y': 12.7821   Cb: 12.9223   Cr: 14.6684 )
00000653: 12.9909   (Y': 12.676    Cb: 12.9342   Cr: 14.6275 )
00000654: 13.0053   (Y': 12.6744   Cb: 12.9322   Cr: 14.7689 )
00000655: 12.9929   (Y': 12.6676   Cb: 12.9485   Cr: 14.6772 )
00000656: 13.0392   (Y': 12.7169   Cb: 12.9705   Cr: 14.7401 )
00000657: 13.0016   (Y': 12.6948   Cb: 12.8932   Cr: 14.6639 )
00000658: 13.0395   (Y': 12.743    Cb: 12.8879   Cr: 14.7031 )
00000659: 13.064    (Y': 12.7603   Cb: 12.9454   Cr: 14.7227 )
00000660: 13.2103   (Y': 12.9211   Cb: 13.0819   Cr: 14.7935 )
00000661: 13.076    (Y': 12.8023   Cb: 12.8557   Cr: 14.7012 )
00000662: 13.1402   (Y': 12.8603   Cb: 12.9432   Cr: 14.7693 )
00000663: 13.2043   (Y': 12.9528   Cb: 12.9488   Cr: 14.7476 )
00000664: 13.0501   (Y': 12.7566   Cb: 12.931    Cr: 14.646  )
00000665: 14.1642   (Y': 14.1321   Cb: 13.3952   Cr: 15.2625 )
00000666: 14.4599   (Y': 14.4022   Cb: 13.7079   Cr: 15.6667 )
00000667: 14.5358   (Y': 14.4872   Cb: 13.8132   Cr: 15.6489 )
00000668: 13.8783   (Y': 13.7534   Cb: 13.3846   Cr: 15.0538 )
00000669: 13.5219   (Y': 13.3283   Cb: 13.1577   Cr: 14.8874 )
00000670: 13.1004   (Y': 12.8044   Cb: 12.9867   Cr: 14.7038 )
00000671: 13.0757   (Y': 12.7838   Cb: 12.9757   Cr: 14.6332 )
00000672: 13.0329   (Y': 12.7105   Cb: 12.9758   Cr: 14.7167 )
00000673: 13.1203   (Y': 12.8414   Cb: 12.9692   Cr: 14.6735 )
00000674: 13.0592   (Y': 12.7479   Cb: 12.981    Cr: 14.7046 )
00000675: 13.0509   (Y': 12.7616   Cb: 12.8863   Cr: 14.6883 )
00000676: 13.0121   (Y': 12.6948   Cb: 12.9423   Cr: 14.6825 )
00000677: 13.1004   (Y': 12.8029   Cb: 12.9673   Cr: 14.7418 )
00000678: 13.0835   (Y': 12.7966   Cb: 12.9244   Cr: 14.6982 )
00000679: 13.0787   (Y': 12.7891   Cb: 12.8926   Cr: 14.7514 )
00000680: 13.0616   (Y': 12.7372   Cb: 13.0388   Cr: 14.708  )
00000681: 13.0163   (Y': 12.7038   Cb: 12.9687   Cr: 14.6241 )
00000682: 13.1073   (Y': 12.7991   Cb: 13.0398   Cr: 14.7176 )
00000683: 13.0272   (Y': 12.7168   Cb: 12.8982   Cr: 14.7438 )
00000684: 13.0705   (Y': 12.7662   Cb: 12.9167   Cr: 14.7869 )
00000685: 13.1691   (Y': 12.9188   Cb: 12.9678   Cr: 14.625  )
00000686: 13.0698   (Y': 12.7775   Cb: 12.952    Cr: 14.6564 )
00000687: 13.1177   (Y': 12.8306   Cb: 12.9778   Cr: 14.7047 )
00000688: 13.0182   (Y': 12.7021   Cb: 12.8927   Cr: 14.7661 )
00000690: 13.079    (Y': 12.7842   Cb: 12.9457   Cr: 14.7037 )
00000689: 13.0728   (Y': 12.8138   Cb: 12.843    Cr: 14.6232 )
00000691: 13.0454   (Y': 12.724    Cb: 13.0004   Cr: 14.7054 )
00000692: 13.1643   (Y': 12.873    Cb: 13.0289   Cr: 14.7705 )
00000693: 13.1137   (Y': 12.8224   Cb: 12.9735   Cr: 14.727  )
00000694: 13.0917   (Y': 12.7786   Cb: 12.9793   Cr: 14.8003 )
00000695: 13.0414   (Y': 12.7291   Cb: 12.9582   Cr: 14.7011 )
00000696: 12.9434   (Y': 12.5962   Cb: 12.9339   Cr: 14.7162 )
00000697: 13.0915   (Y': 12.7883   Cb: 13.0029   Cr: 14.7025 )
00000698: 13.0368   (Y': 12.7074   Cb: 13.0118   Cr: 14.7175 )
00000699: 13.0995   (Y': 12.7969   Cb: 12.9641   Cr: 14.7761 )
00000700: 12.9922   (Y': 12.6412   Cb: 12.995    Cr: 14.7715 )
00000701: 13.095    (Y': 12.7978   Cb: 12.934    Cr: 14.7772 )
00000702: 13.0776   (Y': 12.7787   Cb: 12.8963   Cr: 14.8021 )
00000703: 13.1026   (Y': 12.8042   Cb: 12.9491   Cr: 14.7807 )
00000704: 13.1142   (Y': 12.841    Cb: 12.9384   Cr: 14.6691 )
00000706: 13.137    (Y': 12.848    Cb: 12.9769   Cr: 14.766  )
00000705: 12.9988   (Y': 12.6885   Cb: 12.9552   Cr: 14.5868 )
00000707: 13.1516   (Y': 12.8829   Cb: 12.9357   Cr: 14.7395 )
00000708: 12.974    (Y': 12.647    Cb: 12.991    Cr: 14.579  )
00000709: 13.0362   (Y': 12.7476   Cb: 12.9054   Cr: 14.619  )
00000710: 13.039    (Y': 12.7309   Cb: 12.9328   Cr: 14.7067 )
00000711: 13.0721   (Y': 12.7582   Cb: 12.9821   Cr: 14.7512 )
00000712: 12.9452   (Y': 12.6187   Cb: 12.8662   Cr: 14.6889 )
00000713: 12.9677   (Y': 12.6608   Cb: 12.8664   Cr: 14.6204 )
00000714: 13.0072   (Y': 12.7055   Cb: 12.8858   Cr: 14.6576 )
00000715: 12.9559   (Y': 12.6284   Cb: 12.9331   Cr: 14.6217 )
00000716: 12.9314   (Y': 12.5931   Cb: 12.9499   Cr: 14.6052 )
00000717: 13.0546   (Y': 12.7635   Cb: 12.9245   Cr: 14.6521 )
00000718: 12.9838   (Y': 12.6662   Cb: 12.8874   Cr: 14.6973 )
00000719: 13.0273   (Y': 12.7292   Cb: 12.8954   Cr: 14.6706 )
00000720: 13.0646   (Y': 12.7638   Cb: 12.9541   Cr: 14.6926 )
00000721: 13.0948   (Y': 12.7952   Cb: 12.936    Cr: 14.789  )
00000722: 13.146    (Y': 12.8646   Cb: 12.9636   Cr: 14.7611 )
00000723: 13.0694   (Y': 12.7574   Cb: 12.933    Cr: 14.8074 )
00000724: 13.1489   (Y': 12.8819   Cb: 12.9934   Cr: 14.6367 )
00000725: 13.0667   (Y': 12.7757   Cb: 12.9591   Cr: 14.6297 )
00000726: 13.1279   (Y': 12.8522   Cb: 12.8991   Cr: 14.7793 )
00000727: 13.181    (Y': 12.8916   Cb: 13.0624   Cr: 14.7508 )
00000728: 13.0758   (Y': 12.7713   Cb: 12.957    Cr: 14.7402 )
00000729: 13.1243   (Y': 12.8515   Cb: 12.9242   Cr: 14.7137 )
00000730: 13.1155   (Y': 12.8154   Cb: 12.9848   Cr: 14.7702 )
00000731: 13.1072   (Y': 12.8297   Cb: 12.9044   Cr: 14.7297 )
00000732: 13.0338   (Y': 12.7396   Cb: 12.9216   Cr: 14.6243 )
00000733: 13.0773   (Y': 12.7908   Cb: 12.9023   Cr: 14.714  )
00000734: 13.0722   (Y': 12.7978   Cb: 12.8709   Cr: 14.6729 )
00000735: 13.0456   (Y': 12.769    Cb: 12.8562   Cr: 14.6422 )
00000736: 13.0087   (Y': 12.7133   Cb: 12.8616   Cr: 14.6578 )
00000738: 12.9966   (Y': 12.6904   Cb: 12.8973   Cr: 14.6419 )
00000737: 13.021    (Y': 12.7416   Cb: 12.8136   Cr: 14.6623 )
00000739: 13.0126   (Y': 12.7142   Cb: 12.8767   Cr: 14.6638 )
00000740: 13.0101   (Y': 12.7001   Cb: 12.8923   Cr: 14.7065 )
00000741: 12.9878   (Y': 12.661    Cb: 12.9327   Cr: 14.6969 )
00000742: 12.9627   (Y': 12.6458   Cb: 12.8739   Cr: 14.6597 )
00000743: 13.015    (Y': 12.6892   Cb: 12.9398   Cr: 14.7483 )
00000744: 12.9753   (Y': 12.6868   Cb: 12.8053   Cr: 14.6165 )
00000745: 12.9871   (Y': 12.6774   Cb: 12.864    Cr: 14.6899 )
00000746: 13.0593   (Y': 12.777    Cb: 12.8514   Cr: 14.7196 )
00000747: 13.0343   (Y': 12.7508   Cb: 12.8547   Cr: 14.6587 )
00000748: 13.0267   (Y': 12.713    Cb: 12.9517   Cr: 14.6829 )
00000749: 12.9847   (Y': 12.6765   Cb: 12.8699   Cr: 14.6661 )
00000750: 13.1874   (Y': 12.9248   Cb: 12.9173   Cr: 14.8216 )
00000751: 13.1235   (Y': 12.8297   Cb: 12.9539   Cr: 14.7965 )
00000752: 13.0161   (Y': 12.6961   Cb: 12.918    Cr: 14.7468 )
00000753: 12.9869   (Y': 12.6595   Cb: 12.9394   Cr: 14.6887 )
00000754: 13.065    (Y': 12.7735   Cb: 12.879    Cr: 14.7488 )
00000755: 13.0879   (Y': 12.7989   Cb: 12.9269   Cr: 14.7184 )
00000756: 12.9791   (Y': 12.6605   Cb: 12.9339   Cr: 14.6217 )
00000757: 12.975    (Y': 12.6593   Cb: 12.8452   Cr: 14.727  )
00000758: 12.9998   (Y': 12.6806   Cb: 12.9193   Cr: 14.6985 )
00000759: 13.0579   (Y': 12.7561   Cb: 12.8992   Cr: 14.765  )
00000760: 12.9661   (Y': 12.6741   Cb: 12.8258   Cr: 14.584  )
00000761: 13.0565   (Y': 12.7768   Cb: 12.8253   Cr: 14.7361 )
00000762: 13.1809   (Y': 12.9058   Cb: 12.9862   Cr: 14.7766 )
00000763: 13        (Y': 12.6983   Cb: 12.8742   Cr: 14.6573 )
00000765: 13.0309   (Y': 12.7295   Cb: 12.961    Cr: 14.6025 )
00000764: 13.051    (Y': 12.7311   Cb: 12.9624   Cr: 14.7664 )
00000766: 13.1118   (Y': 12.823    Cb: 12.9748   Cr: 14.7053 )
00000767: 12.959    (Y': 12.6354   Cb: 12.8982   Cr: 14.6569 )
00000768: 13.0953   (Y': 12.8122   Cb: 12.9233   Cr: 14.7057 )
00000769: 13.0596   (Y': 12.7611   Cb: 12.9306   Cr: 14.7006 )
00000770: 13.1292   (Y': 12.8486   Cb: 12.9165   Cr: 14.7857 )
00000771: 12.9927   (Y': 12.7023   Cb: 12.8938   Cr: 14.5393 )
00000772: 13.2702   (Y': 13.019    Cb: 13.0101   Cr: 14.8181 )
00000773: 13.0607   (Y': 12.7558   Cb: 12.9688   Cr: 14.6864 )
00000774: 13.1986   (Y': 12.9239   Cb: 13.0011   Cr: 14.7961 )
00000775: 13.0478   (Y': 12.7425   Cb: 12.9755   Cr: 14.6468 )
00000776: 13.1426   (Y': 12.8748   Cb: 12.9126   Cr: 14.7468 )
00000777: 13.0294   (Y': 12.7306   Cb: 12.8963   Cr: 14.6793 )
00000778: 13.0056   (Y': 12.6993   Cb: 12.9304   Cr: 14.6159 )
00000779: 13.0092   (Y': 12.6788   Cb: 12.9681   Cr: 14.7202 )
00000781: 12.9903   (Y': 12.6961   Cb: 12.8514   Cr: 14.6198 )
00000780: 13.0758   (Y': 12.7867   Cb: 12.8732   Cr: 14.7706 )
00000782: 13.0659   (Y': 12.7652   Cb: 12.898    Cr: 14.7806 )
00000783: 13.0629   (Y': 12.7429   Cb: 13.0092   Cr: 14.7269 )
00000784: 13.0074   (Y': 12.6947   Cb: 12.9193   Cr: 14.6765 )
00000785: 13.066    (Y': 12.7691   Cb: 12.9123   Cr: 14.7352 )
00000786: 13.0527   (Y': 12.7508   Cb: 12.9272   Cr: 14.7101 )
00000787: 12.9918   (Y': 12.6846   Cb: 12.85     Cr: 14.7076 )
00000790: 13.0016   (Y': 12.7086   Cb: 12.792    Cr: 14.732  )
00000788: 13.0348   (Y': 12.7124   Cb: 12.9497   Cr: 14.7612 )
00000789: 12.9959   (Y': 12.704    Cb: 12.8408   Cr: 14.6357 )
00000791: 13.0655   (Y': 12.7812   Cb: 12.8798   Cr: 14.7048 )
00000792: 13.0587   (Y': 12.7947   Cb: 12.8384   Cr: 14.6249 )
00000793: 13.0892   (Y': 12.8151   Cb: 12.8682   Cr: 14.7187 )
00000794: 13.0449   (Y': 12.7451   Cb: 12.9431   Cr: 14.654  )
00000795: 13.0441   (Y': 12.7465   Cb: 12.8903   Cr: 14.7178 )
00000796: 13.0218   (Y': 12.7308   Cb: 12.8903   Cr: 14.6203 )
00000798: 13.0606   (Y': 12.793    Cb: 12.8859   Cr: 14.5801 )
00000797: 13.1168   (Y': 12.8523   Cb: 12.8959   Cr: 14.6867 )
00000799: 13.1865   (Y': 12.9203   Cb: 12.9511   Cr: 14.7895 )
00000800: 13.267    (Y': 13.0287   Cb: 12.9148   Cr: 14.8793 )
00000801: 13.2338   (Y': 12.9813   Cb: 13.0315   Cr: 14.7042 )
00000802: 13.0894   (Y': 12.8151   Cb: 12.9093   Cr: 14.6582 )
00000803: 13.0827   (Y': 12.8187   Cb: 12.8186   Cr: 14.716  )
00000804: 13.0604   (Y': 12.7482   Cb: 12.932    Cr: 14.7876 )
00000805: 13.2795   (Y': 13.018    Cb: 13.0676   Cr: 14.8176 )
00000806: 13.118    (Y': 12.8272   Cb: 13.0239   Cr: 14.6606 )
00000807: 13.1426   (Y': 12.8765   Cb: 12.9594   Cr: 14.6653 )
00000808: 13.1863   (Y': 12.9508   Cb: 12.9125   Cr: 14.661  )
00000809: 13.2881   (Y': 13.0394   Cb: 12.9508   Cr: 14.9404 )
00000810: 13.3905   (Y': 13.1587   Cb: 13.0928   Cr: 14.8793 )
00000811: 13.2628   (Y': 12.9874   Cb: 13.0893   Cr: 14.8276 )
00000812: 13.2126   (Y': 12.9564   Cb: 13.02     Cr: 14.6899 )
00000813: 13.1117   (Y': 12.8163   Cb: 12.9775   Cr: 14.742  )
00000814: 13.1626   (Y': 12.8679   Cb: 12.9837   Cr: 14.8561 )
00000815: 13.21     (Y': 12.9403   Cb: 12.9823   Cr: 14.8224 )
00000816: 13.222    (Y': 12.9511   Cb: 12.9866   Cr: 14.8533 )
00000817: 13.0818   (Y': 12.7956   Cb: 12.8605   Cr: 14.7866 )
00000818: 13.0695   (Y': 12.7925   Cb: 12.856    Cr: 14.705  )
00000819: 13.0855   (Y': 12.8092   Cb: 12.9155   Cr: 14.6506 )
00000820: 13.0322   (Y': 12.7154   Cb: 12.9437   Cr: 14.7278 )
00000821: 13.088    (Y': 12.7853   Cb: 12.9434   Cr: 14.7797 )
00000822: 13.0223   (Y': 12.7126   Cb: 12.946    Cr: 14.6555 )
00000823: 12.9969   (Y': 12.697    Cb: 12.8756   Cr: 14.6359 )
00000824: 13.0518   (Y': 12.7369   Cb: 12.9035   Cr: 14.8264 )
00000825: 13.0657   (Y': 12.7543   Cb: 12.9441   Cr: 14.7775 )
00000826: 13.0254   (Y': 12.7299   Cb: 12.8544   Cr: 14.7119 )
00000827: 13.0124   (Y': 12.6866   Cb: 12.9519   Cr: 14.723  )
00000828: 13.0293   (Y': 12.7276   Cb: 12.8881   Cr: 14.7097 )
00000829: 13.1014   (Y': 12.8227   Cb: 12.9336   Cr: 14.6783 )
00000830: 13.0468   (Y': 12.7638   Cb: 12.8496   Cr: 14.6948 )
00000831: 13.0303   (Y': 12.7236   Cb: 12.9225   Cr: 14.6911 )
00000832: 13.0439   (Y': 12.7556   Cb: 12.8837   Cr: 14.6694 )
00000833: 13.0712   (Y': 12.7876   Cb: 12.9344   Cr: 14.6324 )
00000834: 13.0425   (Y': 12.7482   Cb: 12.9292   Cr: 14.6343 )
00000835: 13.0477   (Y': 12.7534   Cb: 12.8962   Cr: 14.6967 )
00000836: 13.0101   (Y': 12.6924   Cb: 12.9155   Cr: 14.7206 )
00000837: 12.9806   (Y': 12.6868   Cb: 12.8041   Cr: 14.6645 )
00000838: 12.9985   (Y': 12.6951   Cb: 12.9061   Cr: 14.6154 )
00000839: 13.0537   (Y': 12.7462   Cb: 12.9485   Cr: 14.7161 )
00000840: 13.1078   (Y': 12.8334   Cb: 12.9343   Cr: 14.667  )
00000841: 13.0724   (Y': 12.776    Cb: 12.9765   Cr: 14.6513 )
00000842: 13.0716   (Y': 12.7828   Cb: 12.9239   Cr: 14.6809 )
00000843: 12.9826   (Y': 12.6833   Cb: 12.8405   Cr: 14.6492 )
00000844: 13.0048   (Y': 12.7071   Cb: 12.8472   Cr: 14.6849 )
00000845: 13.0185   (Y': 12.7079   Cb: 12.8999   Cr: 14.7198 )
00000846: 12.9776   (Y': 12.6705   Cb: 12.877    Cr: 14.6305 )
00000847: 12.9694   (Y': 12.6388   Cb: 12.8713   Cr: 14.7684 )
00000848: 12.9771   (Y': 12.6669   Cb: 12.875    Cr: 14.6512 )
00000849: 13.0137   (Y': 12.7032   Cb: 12.9413   Cr: 14.6458 )
00000850: 13.0386   (Y': 12.754    Cb: 12.8378   Cr: 14.7022 )
00000851: 12.9944   (Y': 12.6771   Cb: 12.8836   Cr: 14.7279 )
00000852: 13.0297   (Y': 12.7161   Cb: 12.8833   Cr: 14.7943 )
00000854: 13.0171   (Y': 12.7163   Cb: 12.8818   Cr: 14.6829 )
00000853: 13.0428   (Y': 12.7431   Cb: 12.9431   Cr: 14.6483 )
00000855: 12.9999   (Y': 12.6875   Cb: 12.8787   Cr: 14.7175 )
00000856: 12.988    (Y': 12.6868   Cb: 12.8371   Cr: 14.6799 )
00000857: 13.0115   (Y': 12.7007   Cb: 12.8784   Cr: 14.7368 )
00000858: 13.0112   (Y': 12.7142   Cb: 12.8338   Cr: 14.7174 )
00000859: 12.9835   (Y': 12.6568   Cb: 12.8865   Cr: 14.7556 )
00000860: 13.0007   (Y': 12.6789   Cb: 12.8887   Cr: 14.7648 )
00000861: 13.0018   (Y': 12.7118   Cb: 12.8137   Cr: 14.6794 )
00000862: 12.969    (Y': 12.6382   Cb: 12.908    Cr: 14.713  )
00000863: 13.0489   (Y': 12.7391   Cb: 12.9191   Cr: 14.7627 )
00000864: 13.0231   (Y': 12.7143   Cb: 12.9007   Cr: 14.7194 )
00000866: 12.984    (Y': 12.6671   Cb: 12.9005   Cr: 14.6732 )
00000865: 13.0487   (Y': 12.7328   Cb: 12.92     Cr: 14.8    )
00000867: 12.9959   (Y': 12.6792   Cb: 12.9109   Cr: 14.6864 )
00000868: 13.0361   (Y': 12.7156   Cb: 12.9673   Cr: 14.7257 )
00000870: 12.9689   (Y': 12.6274   Cb: 12.9155   Cr: 14.7709 )
00000869: 13.003    (Y': 12.69     Cb: 12.8732   Cr: 14.7375 )
00000871: 13.0064   (Y': 12.6916   Cb: 12.9345   Cr: 14.6648 )
00000872: 12.9735   (Y': 12.6574   Cb: 12.8668   Cr: 14.6923 )
00000874: 12.9643   (Y': 12.634    Cb: 12.8807   Cr: 14.7396 )
00000873: 13.0221   (Y': 12.7013   Cb: 12.9028   Cr: 14.7903 )
00000875: 12.9836   (Y': 12.6364   Cb: 12.9601   Cr: 14.7771 )
00000876: 13.0392   (Y': 12.7188   Cb: 12.9496   Cr: 14.7599 )
00000877: 13.0167   (Y': 12.6922   Cb: 12.9446   Cr: 14.7374 )
00000878: 12.9753   (Y': 12.6105   Cb: 12.9563   Cr: 14.8789 )
00000879: 13.0039   (Y': 12.6911   Cb: 12.879    Cr: 14.7296 )
00000880: 12.9955   (Y': 12.6637   Cb: 12.9172   Cr: 14.7721 )
00000882: 13.0196   (Y': 12.6906   Cb: 12.8754   Cr: 14.8808 )
00000881: 13.0481   (Y': 12.7391   Cb: 12.9167   Cr: 14.7592 )
00000883: 13.0521   (Y': 12.75     Cb: 12.8817   Cr: 14.7791 )
00000884: 13.029    (Y': 12.7334   Cb: 12.8698   Cr: 14.6983 )
00000886: 13.0641   (Y': 12.7556   Cb: 12.9834   Cr: 14.6962 )
00000885: 13.0579   (Y': 12.7525   Cb: 12.9243   Cr: 14.7497 )
00000887: 13.0065   (Y': 12.6906   Cb: 12.9277   Cr: 14.6823 )
00000888: 13.0326   (Y': 12.7145   Cb: 12.9365   Cr: 14.7482 )
00000889: 13.0376   (Y': 12.7233   Cb: 12.9543   Cr: 14.7103 )
00000890: 13.0769   (Y': 12.7593   Cb: 12.949    Cr: 14.8383 )
00000891: 13.018    (Y': 12.6999   Cb: 12.941    Cr: 14.7052 )
00000892: 13.0104   (Y': 12.6871   Cb: 12.9496   Cr: 14.7055 )
00000893: 13.0302   (Y': 12.7052   Cb: 12.9515   Cr: 14.7636 )
00000894: 12.9665   (Y': 12.6481   Cb: 12.8667   Cr: 14.6898 )
00000895: 13.0033   (Y': 12.6791   Cb: 12.9271   Cr: 14.7279 )
00000896: 13.0118   (Y': 12.6933   Cb: 12.9146   Cr: 14.7322 )
00000897: 12.9922   (Y': 12.6765   Cb: 12.8759   Cr: 14.7234 )
00000898: 12.9794   (Y': 12.6634   Cb: 12.8387   Cr: 14.7501 )
00000899: 12.9787   (Y': 12.6371   Cb: 12.9159   Cr: 14.7965 )
00000900: 12.9768   (Y': 12.6371   Cb: 12.9271   Cr: 14.7618 )
00000901: 13.0129   (Y': 12.6875   Cb: 12.9138   Cr: 14.7807 )
00000902: 13.0234   (Y': 12.7173   Cb: 12.9324   Cr: 14.6559 )
00000903: 13.0146   (Y': 12.6871   Cb: 12.9602   Cr: 14.7275 )
00000904: 13.0366   (Y': 12.7246   Cb: 12.9212   Cr: 14.743  )
00000905: 12.9617   (Y': 12.6502   Cb: 12.8189   Cr: 14.7071 )
00000906: 13.0283   (Y': 12.7282   Cb: 12.902    Cr: 14.6763 )
00000907: 13.0406   (Y': 12.7271   Cb: 12.935    Cr: 14.7419 )
00000908: 12.9933   (Y': 12.6835   Cb: 12.8849   Cr: 14.6751 )
00000909: 12.9882   (Y': 12.6719   Cb: 12.8812   Cr: 14.7089 )
00000910: 13.0152   (Y': 12.6929   Cb: 12.9301   Cr: 14.7411 )
00000912: 12.9643   (Y': 12.6521   Cb: 12.8655   Cr: 14.6469 )
00000911: 13.0123   (Y': 12.6976   Cb: 12.9916   Cr: 14.5948 )
00000913: 13.0092   (Y': 12.6913   Cb: 12.9039   Cr: 14.7377 )
Total: 13.0689   (Y': 12.7646   Cb: 12.9519   Cr: 14.7283 )
