00000000: 31.7036   (Y': 40.8341   Cb: 27.3013   Cr: 27.3013 )
00000001: 11.9361   (Y': 11.9312   Cb: 11.9729   Cr: 11.9188 )
00000005: 11.8924   (Y': 11.9142   Cb: 11.861    Cr: 11.8369 )
00000002: 11.9096   (Y': 11.9124   Cb: 11.918    Cr: 11.8898 )
00000004: 11.8699   (Y': 11.915    Cb: 11.7703   Cr: 11.7918 )
00000003: 11.9817   (Y': 12.0106   Cb: 11.9917   Cr: 11.8583 )
00000006: 11.8622   (Y': 11.8864   Cb: 11.8356   Cr: 11.7928 )
00000007: 11.8599   (Y': 11.9171   Cb: 11.7248   Cr: 11.7706 )
00000008: 11.8289   (Y': 11.874    Cb: 11.7477   Cr: 11.7325 )
00000009: 11.818    (Y': 11.8709   Cb: 11.7091   Cr: 11.7189 )
00000011: 11.816    (Y': 11.8543   Cb: 11.7584   Cr: 11.7226 )
00000010: 11.8043   (Y': 11.8207   Cb: 11.7792   Cr: 11.764  )
00000012: 11.8302   (Y': 11.8745   Cb: 11.7581   Cr: 11.7282 )
00000013: 11.8064   (Y': 11.8541   Cb: 11.6976   Cr: 11.7275 )
00000014: 11.8297   (Y': 11.8756   Cb: 11.7237   Cr: 11.7548 )
00000015: 11.7913   (Y': 11.8427   Cb: 11.7046   Cr: 11.676  )
00000017: 11.9358   (Y': 11.9984   Cb: 11.8229   Cr: 11.8035 )
00000016: 11.8041   (Y': 11.8443   Cb: 11.7014   Cr: 11.7483 )
00000018: 12.6204   (Y': 12.8196   Cb: 12.1818   Cr: 12.3143 )
00000019: 12.7163   (Y': 12.964    Cb: 12.22     Cr: 12.2996 )
00000021: 13.1486   (Y': 13.4468   Cb: 12.4679   Cr: 12.7515 )
00000020: 12.9768   (Y': 13.2899   Cb: 12.3239   Cr: 12.5003 )
00000022: 13.1829   (Y': 13.524    Cb: 12.4476   Cr: 12.7002 )
00000023: 13.0625   (Y': 13.3542   Cb: 12.4272   Cr: 12.6395 )
00000025: 12.3629   (Y': 12.5183   Cb: 12.0341   Cr: 12.1017 )
00000024: 12.5104   (Y': 12.7009   Cb: 12.1338   Cr: 12.172  )
00000026: 12.3263   (Y': 12.5028   Cb: 11.9883   Cr: 11.9983 )
00000027: 12.2259   (Y': 12.3751   Cb: 11.9225   Cr: 11.9617 )
00000028: 12.1635   (Y': 12.2696   Cb: 11.9867   Cr: 11.9314 )
00000030: 12.0423   (Y': 12.1031   Cb: 11.9546   Cr: 11.8919 )
00000029: 12.0984   (Y': 12.224    Cb: 11.859    Cr: 11.8563 )
00000031: 11.8216   (Y': 11.8805   Cb: 11.7341   Cr: 11.6782 )
00000032: 11.7834   (Y': 11.8203   Cb: 11.7497   Cr: 11.6716 )
00000033: 11.769    (Y': 11.7965   Cb: 11.6798   Cr: 11.7494 )
00000035: 11.7852   (Y': 11.8305   Cb: 11.6964   Cr: 11.6958 )
00000034: 11.8073   (Y': 11.8722   Cb: 11.6733   Cr: 11.6877 )
00000036: 12.0294   (Y': 12.1821   Cb: 11.7426   Cr: 11.7358 )
00000037: 12.0425   (Y': 12.1527   Cb: 11.7923   Cr: 11.8682 )
00000038: 11.9622   (Y': 12.0981   Cb: 11.7013   Cr: 11.7037 )
00000039: 11.9463   (Y': 12.1069   Cb: 11.6022   Cr: 11.6817 )
00000041: 11.8342   (Y': 11.9792   Cb: 11.5602   Cr: 11.556  )
00000040: 11.9286   (Y': 12.0992   Cb: 11.5891   Cr: 11.6235 )
00000042: 11.8407   (Y': 11.9925   Cb: 11.5705   Cr: 11.5336 )
00000043: 11.8552   (Y': 12.015    Cb: 11.5345   Cr: 11.5703 )
00000045: 12.093    (Y': 12.2476   Cb: 11.7842   Cr: 11.8148 )
00000047: 12.185    (Y': 12.2783   Cb: 11.9493   Cr: 12.0595 )
00000046: 12.1453   (Y': 12.2387   Cb: 11.9256   Cr: 12.0032 )
00000044: 12.0216   (Y': 12.2049   Cb: 11.7102   Cr: 11.6435 )
00000049: 12.0468   (Y': 12.1308   Cb: 11.8859   Cr: 11.8813 )
00000048: 12.0957   (Y': 12.1889   Cb: 11.9208   Cr: 11.9093 )
00000051: 11.9833   (Y': 12.054    Cb: 11.9013   Cr: 11.7899 )
00000050: 12.018    (Y': 12.0792   Cb: 11.8783   Cr: 11.918  )
00000053: 12.0125   (Y': 12.0997   Cb: 11.8603   Cr: 11.8259 )
00000052: 12.0012   (Y': 12.0819   Cb: 11.8259   Cr: 11.8625 )
00000054: 12.0275   (Y': 12.0914   Cb: 11.9524   Cr: 11.8533 )
00000055: 12.0243   (Y': 12.1183   Cb: 11.8732   Cr: 11.811  )
00000056: 12.019    (Y': 12.0828   Cb: 11.8849   Cr: 11.9032 )
00000057: 12.0041   (Y': 12.0818   Cb: 11.8815   Cr: 11.8239 )
00000058: 12.0014   (Y': 12.0993   Cb: 11.8566   Cr: 11.7677 )
00000059: 12.0131   (Y': 12.094    Cb: 11.8897   Cr: 11.8215 )
00000060: 11.9929   (Y': 12.0684   Cb: 11.861    Cr: 11.8304 )
00000061: 12.001    (Y': 12.0688   Cb: 11.8624   Cr: 11.8749 )
00000062: 11.9914   (Y': 12.0547   Cb: 11.8865   Cr: 11.8489 )
00000063: 12.0086   (Y': 12.0841   Cb: 11.8552   Cr: 11.8677 )
00000065: 12.0191   (Y': 12.0797   Cb: 11.881    Cr: 11.9199 )
00000064: 11.9929   (Y': 12.0351   Cb: 11.9162   Cr: 11.9031 )
00000066: 11.9968   (Y': 12.0693   Cb: 11.8592   Cr: 11.8515 )
00000067: 12.0057   (Y': 12.063    Cb: 11.947    Cr: 11.8403 )
00000068: 12.0011   (Y': 12.0593   Cb: 11.8643   Cr: 11.9095 )
00000069: 12.0317   (Y': 12.1107   Cb: 11.8937   Cr: 11.8622 )
00000070: 12.1164   (Y': 12.2051   Cb: 11.9848   Cr: 11.9044 )
00000071: 12.2265   (Y': 12.3207   Cb: 12.0477   Cr: 12.04   )
00000072: 12.3425   (Y': 12.4492   Cb: 12.1491   Cr: 12.1242 )
00000073: 12.3625   (Y': 12.4629   Cb: 12.1604   Cr: 12.1765 )
00000074: 12.3324   (Y': 12.3778   Cb: 12.2435   Cr: 12.2423 )
00000076: 12.3359   (Y': 12.3776   Cb: 12.2653   Cr: 12.242  )
00000075: 12.4051   (Y': 12.4835   Cb: 12.2177   Cr: 12.2876 )
00000077: 12.2931   (Y': 12.3379   Cb: 12.2169   Cr: 12.1931 )
00000079: 12.1266   (Y': 12.244    Cb: 12.053    Cr: 11.754  )
00000078: 12.1615   (Y': 12.2764   Cb: 12.093    Cr: 11.7933 )
00000081: 12.0578   (Y': 12.1674   Cb: 11.9865   Cr: 11.711  )
00000080: 12.0696   (Y': 12.1683   Cb: 12.0086   Cr: 11.7524 )
00000082: 12.1215   (Y': 12.2528   Cb: 12.0302   Cr: 11.7161 )
00000084: 12.0056   (Y': 12.0867   Cb: 11.989    Cr: 11.7109 )
00000083: 12.0866   (Y': 12.1961   Cb: 11.9918   Cr: 11.7627 )
00000085: 12.0391   (Y': 12.1191   Cb: 12.0125   Cr: 11.7582 )
00000086: 12.0185   (Y': 12.1018   Cb: 11.9913   Cr: 11.7258 )
00000087: 11.9989   (Y': 12.1012   Cb: 11.9462   Cr: 11.6608 )
00000088: 12.0151   (Y': 12.1041   Cb: 11.9882   Cr: 11.7012 )
00000089: 12.0406   (Y': 12.1473   Cb: 11.98     Cr: 11.6944 )
00000090: 11.9941   (Y': 12.0656   Cb: 11.9718   Cr: 11.7407 )
00000091: 12.0146   (Y': 12.0954   Cb: 11.9986   Cr: 11.7207 )
00000092: 12.0142   (Y': 12.0909   Cb: 11.9722   Cr: 11.7601 )
00000093: 11.966    (Y': 12.0642   Cb: 11.9499   Cr: 11.6088 )
00000095: 12.0032   (Y': 12.0749   Cb: 12.0066   Cr: 11.7243 )
00000094: 11.994    (Y': 12.1015   Cb: 11.8987   Cr: 11.6773 )
00000097: 12.0035   (Y': 12.1118   Cb: 11.9316   Cr: 11.6617 )
00000096: 11.9889   (Y': 12.0644   Cb: 11.953    Cr: 11.7335 )
00000098: 12.001    (Y': 12.0969   Cb: 11.9833   Cr: 11.6536 )
00000100: 11.9987   (Y': 12.0753   Cb: 12.0123   Cr: 11.6923 )
00000099: 12.0056   (Y': 12.1016   Cb: 11.9366   Cr: 11.7061 )
00000101: 12.0235   (Y': 12.1135   Cb: 11.9869   Cr: 11.7156 )
00000102: 12.0997   (Y': 12.2141   Cb: 12.052    Cr: 11.7133 )
00000103: 12.1844   (Y': 12.2973   Cb: 12.1539   Cr: 11.7878 )
00000104: 12.1589   (Y': 12.2791   Cb: 12.0858   Cr: 11.7754 )
00000105: 12.1297   (Y': 12.2597   Cb: 12.0033   Cr: 11.7618 )
00000106: 12.0669   (Y': 12.2786   Cb: 11.7818   Cr: 11.5652 )
00000107: 12.0132   (Y': 12.2608   Cb: 11.6836   Cr: 11.4333 )
00000108: 11.9373   (Y': 12.1248   Cb: 11.7178   Cr: 11.4559 )
00000109: 11.9001   (Y': 12.1299   Cb: 11.6157   Cr: 11.3365 )
00000110: 11.7781   (Y': 11.9814   Cb: 11.5581   Cr: 11.2437 )
00000111: 11.7946   (Y': 12.0046   Cb: 11.5068   Cr: 11.3012 )
00000112: 11.7853   (Y': 11.9963   Cb: 11.5434   Cr: 11.2452 )
00000113: 11.8051   (Y': 12.0098   Cb: 11.5939   Cr: 11.2576 )
00000114: 11.778    (Y': 11.9574   Cb: 11.5528   Cr: 11.3301 )
00000115: 11.7263   (Y': 11.9305   Cb: 11.4855   Cr: 11.208  )
00000116: 11.7197   (Y': 11.8955   Cb: 11.5342   Cr: 11.2467 )
00000117: 11.7698   (Y': 11.9137   Cb: 11.5345   Cr: 11.457  )
00000118: 12.456    (Y': 12.7468   Cb: 12.0052   Cr: 11.8501 )
00000119: 12.6579   (Y': 12.9776   Cb: 11.9913   Cr: 12.1738 )
00000120: 12.6338   (Y': 12.9788   Cb: 11.9266   Cr: 12.1081 )
00000121: 12.52     (Y': 12.8481   Cb: 11.8265   Cr: 12.0357 )
00000122: 12.3306   (Y': 12.6219   Cb: 11.7119   Cr: 11.8915 )
00000123: 12.2401   (Y': 12.4852   Cb: 11.7036   Cr: 11.8737 )
00000124: 12.0227   (Y': 12.2124   Cb: 11.5991   Cr: 11.735  )
00000125: 11.9279   (Y': 12.1016   Cb: 11.5788   Cr: 11.6217 )
00000126: 11.772    (Y': 11.9018   Cb: 11.4407   Cr: 11.6081 )
00000127: 11.7076   (Y': 11.8196   Cb: 11.4048   Cr: 11.5807 )
00000128: 11.6851   (Y': 11.8062   Cb: 11.3798   Cr: 11.5268 )
00000129: 11.7162   (Y': 11.8257   Cb: 11.5075   Cr: 11.5026 )
00000130: 11.7082   (Y': 11.8226   Cb: 11.3999   Cr: 11.5782 )
00000131: 11.6889   (Y': 11.8      Cb: 11.4167   Cr: 11.5339 )
00000132: 11.727    (Y': 11.8153   Cb: 11.5066   Cr: 11.6051 )
00000133: 11.7003   (Y': 11.7684   Cb: 11.5761   Cr: 11.5584 )
00000134: 11.7554   (Y': 11.8253   Cb: 11.6245   Cr: 11.6133 )
00000135: 11.7424   (Y': 11.8352   Cb: 11.566    Cr: 11.5591 )
00000136: 11.7743   (Y': 11.8636   Cb: 11.5963   Cr: 11.6055 )
00000138: 11.7126   (Y': 11.7773   Cb: 11.6015   Cr: 11.5707 )
00000137: 11.747    (Y': 11.8229   Cb: 11.6196   Cr: 11.5785 )
00000139: 11.7426   (Y': 11.8007   Cb: 11.655    Cr: 11.6027 )
00000140: 11.7104   (Y': 11.7729   Cb: 11.5885   Cr: 11.5876 )
00000141: 11.7471   (Y': 11.8357   Cb: 11.5998   Cr: 11.5507 )
00000142: 11.7388   (Y': 11.8162   Cb: 11.5597   Cr: 11.6166 )
00000143: 11.7448   (Y': 11.8016   Cb: 11.5851   Cr: 11.6823 )
00000144: 11.7584   (Y': 11.8332   Cb: 11.5935   Cr: 11.6312 )
00000145: 11.7663   (Y': 11.8446   Cb: 11.6031   Cr: 11.6248 )
00000146: 11.7605   (Y': 11.8217   Cb: 11.6517   Cr: 11.6296 )
00000147: 11.7905   (Y': 11.8668   Cb: 11.6611   Cr: 11.6223 )
00000148: 11.7624   (Y': 11.8318   Cb: 11.6203   Cr: 11.6333 )
00000149: 11.7633   (Y': 11.8408   Cb: 11.6123   Cr: 11.6124 )
00000150: 11.763    (Y': 11.8396   Cb: 11.6309   Cr: 11.5966 )
00000151: 11.7581   (Y': 11.8415   Cb: 11.5614   Cr: 11.6309 )
00000152: 11.7574   (Y': 11.8211   Cb: 11.6076   Cr: 11.6579 )
00000153: 11.7532   (Y': 11.8362   Cb: 11.581    Cr: 11.6023 )
00000154: 11.7398   (Y': 11.8014   Cb: 11.5987   Cr: 11.6397 )
00000155: 11.7403   (Y': 11.8163   Cb: 11.6215   Cr: 11.5629 )
00000156: 11.77     (Y': 11.8613   Cb: 11.6179   Cr: 11.5683 )
00000158: 11.7645   (Y': 11.8419   Cb: 11.6101   Cr: 11.6174 )
00000157: 11.7417   (Y': 11.8239   Cb: 11.5736   Cr: 11.5902 )
00000159: 11.7387   (Y': 11.8061   Cb: 11.5869   Cr: 11.6274 )
00000160: 11.718    (Y': 11.7895   Cb: 11.6193   Cr: 11.5379 )
00000161: 11.6869   (Y': 11.7191   Cb: 11.6217   Cr: 11.6246 )
00000162: 11.7329   (Y': 11.7929   Cb: 11.6247   Cr: 11.6061 )
00000163: 11.7195   (Y': 11.745    Cb: 11.6249   Cr: 11.7136 )
00000164: 11.7239   (Y': 11.7647   Cb: 11.6244   Cr: 11.6623 )
00000165: 11.7477   (Y': 11.7788   Cb: 11.66     Cr: 11.7124 )
00000166: 11.7302   (Y': 11.7714   Cb: 11.6316   Cr: 11.6663 )
00000167: 11.7253   (Y': 11.7574   Cb: 11.6421   Cr: 11.6814 )
00000168: 11.7095   (Y': 11.7494   Cb: 11.6734   Cr: 11.5887 )
00000169: 11.7319   (Y': 11.7705   Cb: 11.6346   Cr: 11.6768 )
00000170: 11.7187   (Y': 11.7512   Cb: 11.6369   Cr: 11.6721 )
00000171: 11.7053   (Y': 11.7303   Cb: 11.6109   Cr: 11.7013 )
00000172: 11.7439   (Y': 11.7695   Cb: 11.7122   Cr: 11.6739 )
00000173: 11.739    (Y': 11.7763   Cb: 11.6333   Cr: 11.698  )
00000174: 11.7009   (Y': 11.7271   Cb: 11.657    Cr: 11.6409 )
00000175: 11.6788   (Y': 11.7078   Cb: 11.632    Cr: 11.6108 )
00000176: 11.7538   (Y': 11.8168   Cb: 11.6312   Cr: 11.6296 )
00000177: 11.7185   (Y': 11.7314   Cb: 11.6446   Cr: 11.7415 )
00000178: 11.7345   (Y': 11.7928   Cb: 11.6125   Cr: 11.6279 )
00000179: 11.7358   (Y': 11.7681   Cb: 11.6851   Cr: 11.6588 )
00000180: 11.7241   (Y': 11.7507   Cb: 11.6414   Cr: 11.7017 )
00000181: 11.753    (Y': 11.8158   Cb: 11.6147   Cr: 11.6455 )
00000182: 11.7089   (Y': 11.7342   Cb: 11.6526   Cr: 11.6649 )
00000183: 11.7311   (Y': 11.7538   Cb: 11.6519   Cr: 11.7206 )
00000184: 11.7183   (Y': 11.7423   Cb: 11.6661   Cr: 11.6756 )
00000185: 11.6929   (Y': 11.7044   Cb: 11.6417   Cr: 11.6985 )
00000186: 11.762    (Y': 11.7924   Cb: 11.6659   Cr: 11.738  )
00000187: 11.7173   (Y': 11.7431   Cb: 11.6486   Cr: 11.6837 )
00000188: 11.7273   (Y': 11.733    Cb: 11.6963   Cr: 11.7359 )
00000190: 11.7547   (Y': 11.7724   Cb: 11.7069   Cr: 11.7321 )
00000189: 11.7371   (Y': 11.7548   Cb: 11.6823   Cr: 11.7217 )
00000191: 11.7192   (Y': 11.7236   Cb: 11.6745   Cr: 11.7469 )
00000192: 11.7241   (Y': 11.7384   Cb: 11.6585   Cr: 11.7332 )
00000193: 11.7597   (Y': 11.7949   Cb: 11.6565   Cr: 11.724  )
00000194: 11.7071   (Y': 11.7302   Cb: 11.6276   Cr: 11.6953 )
00000195: 11.7214   (Y': 11.7281   Cb: 11.6731   Cr: 11.743  )
00000196: 11.7257   (Y': 11.7478   Cb: 11.6783   Cr: 11.6854 )
00000197: 11.7315   (Y': 11.7692   Cb: 11.6569   Cr: 11.6576 )
00000198: 11.8139   (Y': 11.8335   Cb: 11.7463   Cr: 11.8038 )
00000199: 11.7802   (Y': 11.7919   Cb: 11.7494   Cr: 11.7642 )
00000200: 11.8541   (Y': 11.8695   Cb: 11.7721   Cr: 11.8753 )
00000201: 11.931    (Y': 11.9731   Cb: 11.8193   Cr: 11.8773 )
00000202: 11.9738   (Y': 12.0607   Cb: 11.7804   Cr: 11.8294 )
00000203: 11.9971   (Y': 12.0639   Cb: 11.8296   Cr: 11.9039 )
00000204: 11.9557   (Y': 12.0295   Cb: 11.7985   Cr: 11.8251 )
00000205: 11.9865   (Y': 12.0271   Cb: 11.8956   Cr: 11.9174 )
00000207: 11.9842   (Y': 12.004    Cb: 12.0475   Cr: 11.8445 )
00000206: 11.9785   (Y': 12.0264   Cb: 11.9422   Cr: 11.8272 )
00000208: 11.9898   (Y': 12.0071   Cb: 12.0643   Cr: 11.8491 )
00000209: 12.0158   (Y': 12.0135   Cb: 12.1878   Cr: 11.8591 )
00000210: 12.0275   (Y': 12.0375   Cb: 12.2156   Cr: 11.8089 )
00000211: 11.7999   (Y': 11.9106   Cb: 11.7248   Cr: 11.4525 )
00000212: 11.7864   (Y': 11.8637   Cb: 11.7728   Cr: 11.5032 )
00000213: 11.7692   (Y': 11.8618   Cb: 11.755    Cr: 11.4303 )
00000214: 11.8333   (Y': 11.9416   Cb: 11.8209   Cr: 11.4363 )
00000215: 11.8346   (Y': 11.9185   Cb: 11.8472   Cr: 11.5027 )
00000216: 11.7566   (Y': 11.8564   Cb: 11.7607   Cr: 11.3748 )
00000217: 11.8027   (Y': 11.9177   Cb: 11.7634   Cr: 11.407  )
00000218: 11.8099   (Y': 11.8967   Cb: 11.8156   Cr: 11.4737 )
00000219: 11.8866   (Y': 12.013    Cb: 11.8075   Cr: 11.4871 )
00000220: 11.8753   (Y': 11.9915   Cb: 11.8191   Cr: 11.4907 )
00000221: 11.8523   (Y': 11.9529   Cb: 11.7888   Cr: 11.5306 )
00000222: 11.8995   (Y': 12.0304   Cb: 11.8022   Cr: 11.5011 )
00000223: 11.8745   (Y': 11.9985   Cb: 11.7892   Cr: 11.4893 )
00000224: 11.8733   (Y': 11.9951   Cb: 11.8131   Cr: 11.4727 )
00000225: 11.8515   (Y': 11.9648   Cb: 11.8192   Cr: 11.4551 )
00000226: 11.8238   (Y': 11.9068   Cb: 11.8045   Cr: 11.5247 )
00000227: 11.8487   (Y': 11.9378   Cb: 11.8267   Cr: 11.5298 )
00000228: 11.807    (Y': 11.9013   Cb: 11.7982   Cr: 11.4571 )
00000229: 11.8279   (Y': 11.9274   Cb: 11.7962   Cr: 11.4801 )
00000230: 11.7528   (Y': 11.8967   Cb: 11.7145   Cr: 11.2545 )
00000231: 11.7037   (Y': 11.8427   Cb: 11.6866   Cr: 11.2039 )
00000232: 11.7463   (Y': 11.8962   Cb: 11.7255   Cr: 11.2118 )
00000233: 11.7317   (Y': 11.873    Cb: 11.7193   Cr: 11.2196 )
00000234: 11.6877   (Y': 11.8253   Cb: 11.7042   Cr: 11.1626 )
00000235: 11.7241   (Y': 11.8598   Cb: 11.7259   Cr: 11.2188 )
00000236: 11.7276   (Y': 11.8934   Cb: 11.6793   Cr: 11.1637 )
00000237: 11.7485   (Y': 11.8843   Cb: 11.7407   Cr: 11.2508 )
00000238: 11.6986   (Y': 11.8506   Cb: 11.7052   Cr: 11.1328 )
00000239: 11.7699   (Y': 11.9247   Cb: 11.7444   Cr: 11.223  )
00000240: 11.7459   (Y': 11.8755   Cb: 11.7736   Cr: 11.2386 )
00000241: 11.7663   (Y': 11.926    Cb: 11.7607   Cr: 11.1857 )
00000242: 11.7455   (Y': 11.8852   Cb: 11.741    Cr: 11.2315 )
00000243: 11.7793   (Y': 11.9288   Cb: 11.8332   Cr: 11.1811 )
00000244: 11.7683   (Y': 11.933    Cb: 11.7279   Cr: 11.2013 )
00000245: 11.7353   (Y': 11.8857   Cb: 11.7431   Cr: 11.1744 )
00000246: 11.6953   (Y': 11.8413   Cb: 11.718    Cr: 11.1359 )
00000247: 11.745    (Y': 11.8998   Cb: 11.7119   Cr: 11.2049 )
00000248: 11.7607   (Y': 11.9044   Cb: 11.7898   Cr: 11.2035 )
00000249: 11.7568   (Y': 11.9112   Cb: 11.743    Cr: 11.2006 )
00000250: 11.7397   (Y': 11.8713   Cb: 11.7596   Cr: 11.232  )
00000251: 11.7216   (Y': 11.8746   Cb: 11.7536   Cr: 11.1305 )
00000252: 11.7532   (Y': 11.8978   Cb: 11.7488   Cr: 11.2226 )
00000253: 11.7099   (Y': 11.8445   Cb: 11.7458   Cr: 11.1782 )
00000254: 11.7645   (Y': 11.9438   Cb: 11.7187   Cr: 11.1531 )
00000255: 11.7435   (Y': 11.8874   Cb: 11.7182   Cr: 11.2334 )
00000256: 11.7334   (Y': 11.9001   Cb: 11.7224   Cr: 11.1339 )
00000257: 11.753    (Y': 11.909    Cb: 11.7443   Cr: 11.1872 )
00000258: 11.7139   (Y': 11.8335   Cb: 11.749    Cr: 11.2342 )
00000259: 11.7363   (Y': 11.887    Cb: 11.761    Cr: 11.1596 )
00000260: 11.7533   (Y': 11.8897   Cb: 11.7986   Cr: 11.2071 )
00000261: 11.7511   (Y': 11.8869   Cb: 11.7597   Cr: 11.2387 )
00000262: 11.756    (Y': 11.926    Cb: 11.7287   Cr: 11.1597 )
00000263: 11.7452   (Y': 11.8879   Cb: 11.762    Cr: 11.2022 )
00000264: 11.7676   (Y': 11.9157   Cb: 11.7501   Cr: 11.2367 )
00000265: 11.7809   (Y': 11.9445   Cb: 11.7784   Cr: 11.184  )
00000266: 11.7243   (Y': 11.8726   Cb: 11.7193   Cr: 11.1813 )
00000267: 11.7379   (Y': 11.8659   Cb: 11.7963   Cr: 11.2093 )
00000268: 11.7606   (Y': 11.9075   Cb: 11.7475   Cr: 11.23   )
00000269: 11.7694   (Y': 11.9342   Cb: 11.7303   Cr: 11.2005 )
00000271: 11.7391   (Y': 11.8794   Cb: 11.7372   Cr: 11.2208 )
00000270: 11.7401   (Y': 11.8901   Cb: 11.7483   Cr: 11.1801 )
00000272: 11.7717   (Y': 11.9198   Cb: 11.7488   Cr: 11.2457 )
00000273: 11.7543   (Y': 11.9175   Cb: 11.6832   Cr: 11.2198 )
00000274: 11.7317   (Y': 11.8724   Cb: 11.7838   Cr: 11.1649 )
00000275: 11.7326   (Y': 11.876    Cb: 11.7542   Cr: 11.1834 )
00000276: 11.7986   (Y': 11.9635   Cb: 11.7074   Cr: 11.2762 )
00000277: 11.7145   (Y': 11.8423   Cb: 11.7508   Cr: 11.2054 )
00000278: 11.7181   (Y': 11.8513   Cb: 11.72     Cr: 11.2209 )
00000279: 11.7473   (Y': 11.896    Cb: 11.7476   Cr: 11.1987 )
00000280: 11.7417   (Y': 11.8894   Cb: 11.7479   Cr: 11.1912 )
00000281: 11.7221   (Y': 11.8413   Cb: 11.7409   Cr: 11.259  )
00000282: 11.7436   (Y': 11.8798   Cb: 11.7511   Cr: 11.2309 )
00000283: 11.7362   (Y': 11.877    Cb: 11.7259   Cr: 11.224  )
00000284: 11.7419   (Y': 11.9174   Cb: 11.7424   Cr: 11.103  )
00000285: 11.7061   (Y': 11.8499   Cb: 11.6997   Cr: 11.1799 )
00000286: 11.7364   (Y': 11.9002   Cb: 11.6946   Cr: 11.1734 )
00000287: 11.7765   (Y': 11.9193   Cb: 11.776    Cr: 11.2484 )
00000288: 11.7878   (Y': 11.9212   Cb: 11.8357   Cr: 11.2495 )
00000289: 11.7781   (Y': 11.9153   Cb: 11.7595   Cr: 11.2857 )
00000290: 11.8192   (Y': 11.9893   Cb: 11.7771   Cr: 11.2353 )
00000291: 11.7584   (Y': 11.9148   Cb: 11.7243   Cr: 11.2136 )
00000292: 11.8106   (Y': 11.9571   Cb: 11.8018   Cr: 11.2776 )
00000293: 11.7602   (Y': 11.8943   Cb: 11.7836   Cr: 11.2409 )
00000294: 11.791    (Y': 11.9369   Cb: 11.7853   Cr: 11.257  )
00000295: 11.7854   (Y': 11.9372   Cb: 11.7813   Cr: 11.2301 )
00000296: 11.7487   (Y': 11.8755   Cb: 11.7384   Cr: 11.2846 )
00000297: 11.7603   (Y': 11.912    Cb: 11.7321   Cr: 11.2262 )
00000298: 11.7879   (Y': 11.9523   Cb: 11.7361   Cr: 11.232  )
00000299: 11.7436   (Y': 11.8685   Cb: 11.771    Cr: 11.2524 )
00000300: 11.7131   (Y': 11.8411   Cb: 11.723    Cr: 11.2269 )
00000301: 11.7352   (Y': 11.8831   Cb: 11.7107   Cr: 11.211  )
00000302: 11.7727   (Y': 11.9195   Cb: 11.7651   Cr: 11.2372 )
00000303: 11.7419   (Y': 11.8923   Cb: 11.7285   Cr: 11.1993 )
00000304: 11.7485   (Y': 11.8895   Cb: 11.7163   Cr: 11.2549 )
00000305: 11.7678   (Y': 11.8987   Cb: 11.8225   Cr: 11.2318 )
00000306: 11.749    (Y': 11.8925   Cb: 11.7506   Cr: 11.217  )
00000307: 11.6691   (Y': 11.814    Cb: 11.6973   Cr: 11.1088 )
00000308: 11.7255   (Y': 11.8756   Cb: 11.7395   Cr: 11.16   )
00000309: 11.7456   (Y': 11.8777   Cb: 11.7746   Cr: 11.2284 )
00000311: 11.7625   (Y': 11.8899   Cb: 11.773    Cr: 11.2778 )
00000310: 11.7612   (Y': 11.9119   Cb: 11.7183   Cr: 11.2443 )
00000312: 11.7408   (Y': 11.8878   Cb: 11.6995   Cr: 11.2346 )
00000313: 11.7511   (Y': 11.9059   Cb: 11.7184   Cr: 11.2106 )
00000314: 11.7496   (Y': 11.8843   Cb: 11.7753   Cr: 11.2262 )
00000315: 11.7196   (Y': 11.8478   Cb: 11.7394   Cr: 11.224  )
00000316: 11.7548   (Y': 11.9004   Cb: 11.7338   Cr: 11.2355 )
00000317: 11.7606   (Y': 11.9072   Cb: 11.7491   Cr: 11.2292 )
00000318: 11.7403   (Y': 11.8881   Cb: 11.7462   Cr: 11.1894 )
00000319: 11.7006   (Y': 11.8058   Cb: 11.7685   Cr: 11.2424 )
00000320: 11.6849   (Y': 11.8042   Cb: 11.7456   Cr: 11.1839 )
00000321: 11.7487   (Y': 11.8847   Cb: 11.7546   Cr: 11.2387 )
00000322: 11.7541   (Y': 11.9157   Cb: 11.723    Cr: 11.1892 )
00000323: 11.7181   (Y': 11.8698   Cb: 11.6732   Cr: 11.1994 )
00000324: 11.7398   (Y': 11.878    Cb: 11.7518   Cr: 11.2164 )
00000325: 11.756    (Y': 11.8832   Cb: 11.8075   Cr: 11.2358 )
00000326: 11.7413   (Y': 11.89     Cb: 11.7609   Cr: 11.1756 )
00000327: 11.7594   (Y': 11.8917   Cb: 11.7842   Cr: 11.2453 )
00000328: 11.7192   (Y': 11.8491   Cb: 11.7521   Cr: 11.2061 )
00000329: 11.7216   (Y': 11.8506   Cb: 11.7647   Cr: 11.2028 )
00000330: 11.7726   (Y': 11.936    Cb: 11.7059   Cr: 11.2333 )
00000331: 11.7421   (Y': 11.8679   Cb: 11.7857   Cr: 11.2338 )
00000332: 11.7434   (Y': 11.8705   Cb: 11.7472   Cr: 11.2657 )
00000333: 11.7322   (Y': 11.8555   Cb: 11.7762   Cr: 11.2322 )
00000334: 11.7304   (Y': 11.8577   Cb: 11.7903   Cr: 11.2022 )
00000335: 11.7226   (Y': 11.8547   Cb: 11.7727   Cr: 11.1868 )
00000336: 11.7326   (Y': 11.8719   Cb: 11.7518   Cr: 11.1991 )
00000337: 11.7457   (Y': 11.8859   Cb: 11.7724   Cr: 11.2027 )
00000338: 11.7244   (Y': 11.8518   Cb: 11.7539   Cr: 11.223  )
00000340: 11.7254   (Y': 11.9026   Cb: 11.6757   Cr: 11.1246 )
00000339: 11.73     (Y': 11.8709   Cb: 11.7383   Cr: 11.2004 )
00000341: 11.7802   (Y': 11.9389   Cb: 11.7388   Cr: 11.2344 )
00000342: 11.7618   (Y': 11.9127   Cb: 11.7517   Cr: 11.215  )
00000343: 11.7367   (Y': 11.8778   Cb: 11.8105   Cr: 11.1497 )
00000344: 11.8145   (Y': 11.919    Cb: 11.7821   Cr: 11.4496 )
00000345: 11.8188   (Y': 11.9175   Cb: 11.8009   Cr: 11.4614 )
00000346: 11.8173   (Y': 11.927    Cb: 11.7978   Cr: 11.4224 )
00000347: 11.796    (Y': 11.8971   Cb: 11.7593   Cr: 11.4476 )
00000349: 11.8038   (Y': 11.9244   Cb: 11.7393   Cr: 11.4112 )
00000348: 11.7767   (Y': 11.877    Cb: 11.7558   Cr: 11.4164 )
00000350: 11.8065   (Y': 11.9015   Cb: 11.7665   Cr: 11.483  )
00000351: 11.7309   (Y': 11.8725   Cb: 11.7467   Cr: 11.1928 )
00000352: 11.7307   (Y': 11.8715   Cb: 11.746    Cr: 11.1955 )
00000353: 11.7155   (Y': 11.8567   Cb: 11.7129   Cr: 11.1951 )
00000354: 11.7128   (Y': 11.8353   Cb: 11.7525   Cr: 11.219  )
00000355: 11.7442   (Y': 11.8906   Cb: 11.7651   Cr: 11.1853 )
00000356: 11.7229   (Y': 11.8726   Cb: 11.6746   Cr: 11.2139 )
00000357: 11.7421   (Y': 11.8899   Cb: 11.7483   Cr: 11.1912 )
00000358: 11.7384   (Y': 11.8555   Cb: 11.7809   Cr: 11.2615 )
00000359: 11.8235   (Y': 11.931    Cb: 11.7672   Cr: 11.4699 )
00000360: 11.7894   (Y': 11.8682   Cb: 11.7994   Cr: 11.4785 )
00000361: 11.7496   (Y': 11.8987   Cb: 11.7411   Cr: 11.2074 )
00000362: 11.7424   (Y': 11.8854   Cb: 11.7175   Cr: 11.2354 )
00000363: 11.73     (Y': 11.8661   Cb: 11.7206   Cr: 11.233  )
00000364: 11.7701   (Y': 11.9196   Cb: 11.7819   Cr: 11.2081 )
00000365: 11.7682   (Y': 11.9026   Cb: 11.7845   Cr: 11.2542 )
00000366: 11.7104   (Y': 11.8465   Cb: 11.7383   Cr: 11.1803 )
00000367: 11.7403   (Y': 11.893    Cb: 11.7367   Cr: 11.1816 )
00000368: 11.7422   (Y': 11.873    Cb: 11.7285   Cr: 11.2674 )
00000369: 11.7448   (Y': 11.8818   Cb: 11.768    Cr: 11.2158 )
00000370: 11.7135   (Y': 11.8475   Cb: 11.6963   Cr: 11.2305 )
00000371: 11.7351   (Y': 11.866    Cb: 11.7404   Cr: 11.243  )
00000373: 11.7378   (Y': 11.8875   Cb: 11.7404   Cr: 11.1836 )
00000372: 11.7426   (Y': 11.8877   Cb: 11.767    Cr: 11.185  )
00000374: 11.7391   (Y': 11.8807   Cb: 11.7168   Cr: 11.2345 )
00000375: 11.7467   (Y': 11.9018   Cb: 11.7229   Cr: 11.1974 )
00000376: 11.7563   (Y': 11.9107   Cb: 11.7389   Cr: 11.2039 )
00000377: 11.7362   (Y': 11.8665   Cb: 11.7705   Cr: 11.2202 )
00000378: 11.7483   (Y': 11.8811   Cb: 11.791    Cr: 11.217  )
00000380: 11.7142   (Y': 11.8599   Cb: 11.6908   Cr: 11.1965 )
00000379: 11.73     (Y': 11.8552   Cb: 11.7268   Cr: 11.2653 )
00000381: 11.7622   (Y': 11.9145   Cb: 11.7331   Cr: 11.2271 )
00000382: 11.7486   (Y': 11.878    Cb: 11.8033   Cr: 11.2179 )
00000383: 11.7119   (Y': 11.8344   Cb: 11.7461   Cr: 11.2236 )
00000384: 11.7423   (Y': 11.8724   Cb: 11.7832   Cr: 11.2213 )
00000385: 11.7817   (Y': 11.9415   Cb: 11.7365   Cr: 11.2353 )
00000386: 11.756    (Y': 11.8916   Cb: 11.7632   Cr: 11.246  )
00000387: 11.7345   (Y': 11.8772   Cb: 11.7463   Cr: 11.1958 )
00000389: 11.7262   (Y': 11.86     Cb: 11.7363   Cr: 11.2195 )
00000388: 11.7735   (Y': 11.9359   Cb: 11.7431   Cr: 11.2053 )
00000390: 11.7371   (Y': 11.8826   Cb: 11.7286   Cr: 11.2067 )
00000391: 11.7292   (Y': 11.865    Cb: 11.7703   Cr: 11.1887 )
00000392: 11.6985   (Y': 11.8444   Cb: 11.7372   Cr: 11.1257 )
00000393: 11.7415   (Y': 11.8751   Cb: 11.7872   Cr: 11.2046 )
00000394: 11.7054   (Y': 11.8362   Cb: 11.7334   Cr: 11.1934 )
00000395: 11.7253   (Y': 11.8801   Cb: 11.7189   Cr: 11.1615 )
00000396: 11.7276   (Y': 11.8812   Cb: 11.6975   Cr: 11.1888 )
00000397: 11.7026   (Y': 11.8547   Cb: 11.6908   Cr: 11.1528 )
00000398: 11.7356   (Y': 11.8789   Cb: 11.76     Cr: 11.1837 )
00000399: 11.7431   (Y': 11.8762   Cb: 11.7554   Cr: 11.2373 )
00000400: 11.7068   (Y': 11.8676   Cb: 11.6587   Cr: 11.1596 )
00000401: 11.7367   (Y': 11.8647   Cb: 11.7709   Cr: 11.2289 )
00000402: 11.7206   (Y': 11.8629   Cb: 11.7133   Cr: 11.2003 )
00000403: 11.7575   (Y': 11.8933   Cb: 11.7571   Cr: 11.2534 )
00000404: 11.7324   (Y': 11.8547   Cb: 11.7435   Cr: 11.2653 )
00000405: 11.7114   (Y': 11.8528   Cb: 11.675    Cr: 11.2205 )
00000406: 11.7041   (Y': 11.8305   Cb: 11.7359   Cr: 11.2039 )
00000407: 11.7521   (Y': 11.9041   Cb: 11.7591   Cr: 11.1861 )
00000408: 11.7322   (Y': 11.8631   Cb: 11.7084   Cr: 11.2665 )
00000409: 11.7412   (Y': 11.8767   Cb: 11.76     Cr: 11.2215 )
00000410: 11.715    (Y': 11.8591   Cb: 11.6996   Cr: 11.1959 )
00000411: 11.7472   (Y': 11.9042   Cb: 11.7408   Cr: 11.176  )
00000412: 11.7295   (Y': 11.8712   Cb: 11.748    Cr: 11.1886 )
00000413: 11.719    (Y': 11.8507   Cb: 11.7395   Cr: 11.2105 )
00000414: 11.7479   (Y': 11.8984   Cb: 11.7337   Cr: 11.2061 )
00000415: 11.752    (Y': 11.8944   Cb: 11.7571   Cr: 11.2205 )
00000416: 11.7413   (Y': 11.8776   Cb: 11.7087   Cr: 11.2646 )
00000417: 11.7417   (Y': 11.8916   Cb: 11.7029   Cr: 11.2232 )
00000418: 11.7328   (Y': 11.8684   Cb: 11.7344   Cr: 11.2273 )
00000419: 11.7445   (Y': 11.8727   Cb: 11.792    Cr: 11.2246 )
00000420: 11.7508   (Y': 11.8888   Cb: 11.7313   Cr: 11.2565 )
00000421: 11.7724   (Y': 11.9141   Cb: 11.7781   Cr: 11.2425 )
00000422: 11.752    (Y': 11.9049   Cb: 11.7421   Cr: 11.1978 )
00000423: 11.7274   (Y': 11.8634   Cb: 11.7185   Cr: 11.2302 )
00000424: 11.7478   (Y': 11.8875   Cb: 11.7439   Cr: 11.2332 )
00000425: 11.7335   (Y': 11.881    Cb: 11.7102   Cr: 11.2099 )
00000426: 11.7298   (Y': 11.8825   Cb: 11.7002   Cr: 11.1937 )
00000427: 11.7668   (Y': 11.9155   Cb: 11.7719   Cr: 11.2138 )
00000428: 11.7615   (Y': 11.9013   Cb: 11.7383   Cr: 11.264  )
00000429: 11.7239   (Y': 11.8643   Cb: 11.7303   Cr: 11.1979 )
00000430: 11.7584   (Y': 11.9168   Cb: 11.7113   Cr: 11.2185 )
00000431: 11.7301   (Y': 11.872    Cb: 11.6897   Cr: 11.2409 )
00000432: 11.7257   (Y': 11.8857   Cb: 11.7012   Cr: 11.1602 )
00000433: 11.7442   (Y': 11.8784   Cb: 11.7479   Cr: 11.2423 )
00000434: 11.7518   (Y': 11.9102   Cb: 11.7251   Cr: 11.1938 )
00000435: 11.742    (Y': 11.8967   Cb: 11.709    Cr: 11.202  )
00000436: 11.7393   (Y': 11.8963   Cb: 11.7219   Cr: 11.178  )
00000437: 11.7309   (Y': 11.8762   Cb: 11.7538   Cr: 11.174  )
00000438: 11.6855   (Y': 11.8071   Cb: 11.7047   Cr: 11.2134 )
00000439: 11.7357   (Y': 11.8595   Cb: 11.7666   Cr: 11.2456 )
00000440: 11.756    (Y': 11.9141   Cb: 11.7128   Cr: 11.2136 )
00000441: 11.7036   (Y': 11.8571   Cb: 11.6979   Cr: 11.1434 )
00000442: 11.7101   (Y': 11.834    Cb: 11.72     Cr: 11.2379 )
00000443: 11.7308   (Y': 11.8592   Cb: 11.7578   Cr: 11.2285 )
00000444: 11.7599   (Y': 11.9036   Cb: 11.7138   Cr: 11.2697 )
00000445: 11.7588   (Y': 11.9251   Cb: 11.7177   Cr: 11.1867 )
00000446: 11.7207   (Y': 11.8584   Cb: 11.6939   Cr: 11.2339 )
00000447: 11.7374   (Y': 11.8821   Cb: 11.7282   Cr: 11.2107 )
00000448: 11.7309   (Y': 11.8703   Cb: 11.7303   Cr: 11.2143 )
00000449: 11.7232   (Y': 11.8682   Cb: 11.7147   Cr: 11.1949 )
00000450: 11.7472   (Y': 11.9118   Cb: 11.711    Cr: 11.1768 )
00000452: 11.7333   (Y': 11.8612   Cb: 11.7958   Cr: 11.2007 )
00000451: 11.7447   (Y': 11.9109   Cb: 11.7385   Cr: 11.1424 )
00000453: 11.7412   (Y': 11.8977   Cb: 11.719    Cr: 11.1859 )
00000454: 11.7445   (Y': 11.8986   Cb: 11.7311   Cr: 11.1891 )
00000455: 11.7468   (Y': 11.8761   Cb: 11.7889   Cr: 11.2277 )
00000456: 11.7341   (Y': 11.874    Cb: 11.7587   Cr: 11.1937 )
00000457: 11.7531   (Y': 11.9113   Cb: 11.7618   Cr: 11.1648 )
00000458: 11.7312   (Y': 11.894    Cb: 11.6966   Cr: 11.1653 )
00000459: 11.7563   (Y': 11.8875   Cb: 11.7799   Cr: 11.2467 )
00000460: 11.731    (Y': 11.8847   Cb: 11.6758   Cr: 11.2147 )
00000461: 11.723    (Y': 11.8583   Cb: 11.7256   Cr: 11.2179 )
00000462: 11.7188   (Y': 11.8504   Cb: 11.7207   Cr: 11.227  )
00000463: 11.7615   (Y': 11.9235   Cb: 11.7073   Cr: 11.2153 )
00000464: 11.7319   (Y': 11.8692   Cb: 11.7194   Cr: 11.2336 )
00000465: 11.7226   (Y': 11.8477   Cb: 11.758    Cr: 11.2238 )
00000466: 11.7718   (Y': 11.9375   Cb: 11.7244   Cr: 11.2075 )
00000467: 11.7111   (Y': 11.8396   Cb: 11.7349   Cr: 11.2108 )
00000468: 11.737    (Y': 11.8721   Cb: 11.74     Cr: 11.2323 )
00000469: 11.7454   (Y': 11.8881   Cb: 11.7354   Cr: 11.2265 )
00000470: 11.7349   (Y': 11.8721   Cb: 11.7182   Cr: 11.2407 )
00000471: 11.7425   (Y': 11.8758   Cb: 11.751    Cr: 11.2391 )
00000473: 11.7512   (Y': 11.9087   Cb: 11.7419   Cr: 11.1812 )
00000472: 11.7176   (Y': 11.8663   Cb: 11.6722   Cr: 11.2096 )
00000474: 11.7408   (Y': 11.8844   Cb: 11.6772   Cr: 11.2671 )
00000476: 11.7323   (Y': 11.8753   Cb: 11.7221   Cr: 11.2122 )
00000475: 11.7534   (Y': 11.9044   Cb: 11.7533   Cr: 11.197  )
00000477: 11.7547   (Y': 11.891    Cb: 11.7649   Cr: 11.2395 )
00000478: 11.7582   (Y': 11.8884   Cb: 11.7783   Cr: 11.2555 )
00000479: 11.7435   (Y': 11.8816   Cb: 11.7156   Cr: 11.2561 )
00000480: 11.786    (Y': 11.9371   Cb: 11.7819   Cr: 11.2331 )
00000481: 11.8313   (Y': 11.9935   Cb: 11.7967   Cr: 11.2672 )
00000482: 11.7829   (Y': 11.919    Cb: 11.7903   Cr: 11.2712 )
00000483: 11.8288   (Y': 11.9827   Cb: 11.7975   Cr: 11.2902 )
00000484: 11.8059   (Y': 11.9413   Cb: 11.8411   Cr: 11.272  )
00000485: 11.8024   (Y': 11.9399   Cb: 11.8072   Cr: 11.2881 )
00000486: 11.8339   (Y': 11.9786   Cb: 11.8137   Cr: 11.3169 )
00000487: 11.8328   (Y': 11.9825   Cb: 11.8202   Cr: 11.2919 )
00000489: 11.8164   (Y': 11.9437   Cb: 11.7959   Cr: 11.3598 )
00000488: 11.8466   (Y': 11.9758   Cb: 11.8747   Cr: 11.3402 )
00000490: 11.8176   (Y': 11.9449   Cb: 11.7943   Cr: 11.3638 )
00000491: 11.8435   (Y': 11.9576   Cb: 11.8207   Cr: 11.4354 )
00000492: 11.8322   (Y': 11.9515   Cb: 11.7973   Cr: 11.4173 )
00000493: 11.8865   (Y': 11.9542   Cb: 11.8182   Cr: 11.6909 )
00000494: 11.9005   (Y': 11.9622   Cb: 11.8735   Cr: 11.6879 )
00000495: 11.9144   (Y': 11.9817   Cb: 11.814    Cr: 11.7521 )
00000496: 11.9318   (Y': 11.9851   Cb: 11.8494   Cr: 11.8049 )
00000497: 11.9429   (Y': 11.9859   Cb: 11.9074   Cr: 11.8091 )
00000498: 11.9381   (Y': 11.9628   Cb: 11.9435   Cr: 11.8352 )
00000499: 11.8936   (Y': 11.8944   Cb: 11.9315   Cr: 11.853  )
00000500: 11.9623   (Y': 11.9861   Cb: 11.9601   Cr: 11.8706 )
00000501: 11.9316   (Y': 11.929    Cb: 12.0037   Cr: 11.8709 )
00000502: 11.8974   (Y': 11.9041   Cb: 11.9198   Cr: 11.8483 )
00000503: 11.9323   (Y': 11.8254   Cb: 12.3223   Cr: 11.9929 )
00000504: 11.896    (Y': 11.7772   Cb: 12.3655   Cr: 11.933  )
00000505: 11.8929   (Y': 11.7703   Cb: 12.289    Cr: 12.0136 )
00000506: 11.7938   (Y': 11.5991   Cb: 12.3929   Cr: 12.037  )
00000507: 11.7554   (Y': 11.5493   Cb: 12.348    Cr: 12.0559 )
00000508: 11.8651   (Y': 11.6906   Cb: 12.3761   Cr: 12.1015 )
00000509: 12.8134   (Y': 12.7935   Cb: 12.8834   Cr: 12.8237 )
00000510: 13.0666   (Y': 13.1582   Cb: 12.7186   Cr: 13.0664 )
00000511: 13.3255   (Y': 13.5883   Cb: 12.8169   Cr: 12.8697 )
00000512: 13.4977   (Y': 13.8152   Cb: 12.895    Cr: 12.9551 )
00000513: 13.3195   (Y': 13.6287   Cb: 12.7009   Cr: 12.82   )
00000514: 12.6861   (Y': 12.8687   Cb: 12.3387   Cr: 12.3457 )
00000515: 12.633    (Y': 12.8481   Cb: 12.2022   Cr: 12.2625 )
00000516: 12.6443   (Y': 12.8614   Cb: 12.238    Cr: 12.2427 )
00000517: 12.6797   (Y': 12.924    Cb: 12.2008   Cr: 12.257  )
00000518: 12.6577   (Y': 12.8773   Cb: 12.2198   Cr: 12.2791 )
00000519: 12.6418   (Y': 12.8518   Cb: 12.1856   Cr: 12.3152 )
00000520: 12.6149   (Y': 12.8161   Cb: 12.2149   Cr: 12.2621 )
00000521: 12.6568   (Y': 12.9047   Cb: 12.2363   Cr: 12.1636 )
00000522: 12.5931   (Y': 12.853    Cb: 12.1104   Cr: 12.1212 )
00000523: 12.2421   (Y': 12.3776   Cb: 11.9956   Cr: 11.971  )
00000524: 12.1161   (Y': 12.242    Cb: 11.9463   Cr: 11.8045 )
00000525: 11.9232   (Y': 12.0317   Cb: 11.7108   Cr: 11.7169 )
00000526: 11.778    (Y': 11.8463   Cb: 11.6972   Cr: 11.5929 )
00000527: 11.7059   (Y': 11.7648   Cb: 11.6276   Cr: 11.5533 )
00000528: 11.658    (Y': 11.6911   Cb: 11.7157   Cr: 11.4732 )
00000529: 11.7567   (Y': 11.8168   Cb: 11.6762   Cr: 11.6017 )
00000530: 11.6184   (Y': 11.6497   Cb: 11.6053   Cr: 11.5077 )
00000531: 11.6214   (Y': 11.6452   Cb: 11.6198   Cr: 11.5287 )
00000532: 11.6134   (Y': 11.6398   Cb: 11.6299   Cr: 11.4931 )
00000533: 11.6006   (Y': 11.6283   Cb: 11.6351   Cr: 11.4582 )
00000534: 11.5998   (Y': 11.6322   Cb: 11.6168   Cr: 11.456  )
00000535: 11.5562   (Y': 11.587    Cb: 11.6057   Cr: 11.3874 )
00000536: 11.538    (Y': 11.5501   Cb: 11.6011   Cr: 11.4287 )
00000537: 11.5905   (Y': 11.6178   Cb: 11.5695   Cr: 11.5033 )
00000538: 11.5988   (Y': 11.6321   Cb: 11.6174   Cr: 11.4504 )
00000539: 11.6061   (Y': 11.6379   Cb: 11.5996   Cr: 11.4876 )
00000540: 11.651    (Y': 11.692    Cb: 11.654    Cr: 11.488  )
00000541: 11.7277   (Y': 11.7943   Cb: 11.628    Cr: 11.5669 )
00000542: 11.817    (Y': 11.8931   Cb: 11.6961   Cr: 11.6417 )
00000543: 11.7509   (Y': 11.8479   Cb: 11.6239   Cr: 11.5032 )
00000544: 11.7065   (Y': 11.7932   Cb: 11.6029   Cr: 11.474  )
00000545: 11.663    (Y': 11.7398   Cb: 11.5773   Cr: 11.4501 )
00000546: 11.6173   (Y': 11.6772   Cb: 11.5564   Cr: 11.4441 )
00000547: 11.668    (Y': 11.7704   Cb: 11.5555   Cr: 11.3865 )
00000548: 11.6755   (Y': 11.7784   Cb: 11.5569   Cr: 11.3979 )
00000549: 11.8103   (Y': 11.885    Cb: 11.6449   Cr: 11.6845 )
00000550: 11.9086   (Y': 11.9926   Cb: 11.6938   Cr: 11.7974 )
00000551: 11.9546   (Y': 12.0561   Cb: 11.7027   Cr: 11.8152 )
00000552: 11.8935   (Y': 11.9944   Cb: 11.6761   Cr: 11.7209 )
00000553: 11.8031   (Y': 11.9068   Cb: 11.5709   Cr: 11.6348 )
00000554: 11.704    (Y': 11.7915   Cb: 11.5313   Cr: 11.5372 )
00000555: 11.6589   (Y': 11.7258   Cb: 11.5134   Cr: 11.5429 )
00000556: 11.5969   (Y': 11.649    Cb: 11.4752   Cr: 11.5135 )
00000557: 11.6208   (Y': 11.677    Cb: 11.468    Cr: 11.5533 )
00000558: 11.8163   (Y': 11.8812   Cb: 11.6791   Cr: 11.6998 )
00000559: 11.778    (Y': 11.8183   Cb: 11.6574   Cr: 11.74   )
00000560: 11.8501   (Y': 11.893    Cb: 11.7793   Cr: 11.752  )
00000561: 11.8537   (Y': 11.8764   Cb: 11.8437   Cr: 11.7739 )
00000562: 11.8377   (Y': 11.8437   Cb: 11.8398   Cr: 11.8117 )
00000563: 11.8738   (Y': 11.9189   Cb: 11.8726   Cr: 11.699  )
00000564: 11.8631   (Y': 11.8759   Cb: 11.8844   Cr: 11.7911 )
00000565: 11.8871   (Y': 11.8926   Cb: 11.9313   Cr: 11.822  )
00000566: 11.8954   (Y': 11.8822   Cb: 12.023    Cr: 11.8231 )
00000567: 11.9161   (Y': 11.9065   Cb: 11.972    Cr: 11.899  )
00000568: 11.9348   (Y': 11.929    Cb: 12.0168   Cr: 11.8771 )
00000569: 11.9086   (Y': 11.8979   Cb: 12.0018   Cr: 11.8597 )
00000570: 11.9029   (Y': 11.8814   Cb: 12.0172   Cr: 11.8765 )
00000571: 11.9201   (Y': 11.8761   Cb: 12.0933   Cr: 11.9273 )
00000572: 11.8778   (Y': 11.8298   Cb: 12.0844   Cr: 11.8692 )
00000573: 11.8302   (Y': 11.7767   Cb: 12.0326   Cr: 11.8478 )
00000575: 11.8115   (Y': 11.7436   Cb: 12.0262   Cr: 11.8761 )
00000574: 11.8021   (Y': 11.7202   Cb: 12.0187   Cr: 11.9229 )
00000576: 11.8227   (Y': 11.75     Cb: 12.0428   Cr: 11.9022 )
00000577: 11.8265   (Y': 11.7494   Cb: 12.0285   Cr: 11.9419 )
00000578: 11.7816   (Y': 11.6958   Cb: 12.0359   Cr: 11.8829 )
00000580: 11.8811   (Y': 11.8123   Cb: 12.0961   Cr: 11.9494 )
00000579: 11.8264   (Y': 11.7437   Cb: 12.1081   Cr: 11.8884 )
00000581: 11.9953   (Y': 11.9515   Cb: 12.2122   Cr: 11.9602 )
00000582: 11.9506   (Y': 11.9254   Cb: 12.1175   Cr: 11.8886 )
00000583: 11.9775   (Y': 11.9243   Cb: 12.1776   Cr: 11.9962 )
00000584: 11.9065   (Y': 11.8629   Cb: 12.0931   Cr: 11.8988 )
00000585: 11.8285   (Y': 11.7498   Cb: 12.1066   Cr: 11.8772 )
00000586: 11.8959   (Y': 11.7995   Cb: 12.1798   Cr: 12.0123 )
00000587: 12.6538   (Y': 12.6947   Cb: 12.6011   Cr: 12.5452 )
00000588: 12.9701   (Y': 13.0575   Cb: 12.7882   Cr: 12.8129 )
00000589: 13.213    (Y': 13.3483   Cb: 12.9292   Cr: 12.9798 )
00000590: 13.0203   (Y': 13.1356   Cb: 12.7523   Cr: 12.8455 )
00000591: 12.1981   (Y': 12.1328   Cb: 12.3346   Cr: 12.3289 )
00000592: 12.0845   (Y': 12.0048   Cb: 12.317    Cr: 12.1808 )
00000593: 11.9556   (Y': 11.869    Cb: 12.2415   Cr: 12.0293 )
00000594: 11.9171   (Y': 11.8228   Cb: 12.1752   Cr: 12.0502 )
00000595: 11.8666   (Y': 11.7698   Cb: 12.1882   Cr: 11.9491 )
00000596: 11.7845   (Y': 11.6663   Cb: 12.1541   Cr: 11.9112 )
00000597: 11.7649   (Y': 11.6455   Cb: 12.0895   Cr: 11.9399 )
00000598: 11.7556   (Y': 11.6503   Cb: 12.0872   Cr: 11.8638 )
00000599: 11.7348   (Y': 11.6179   Cb: 12.0484   Cr: 11.9099 )
00000600: 11.8259   (Y': 11.7318   Cb: 12.1381   Cr: 11.906  )
00000601: 11.9571   (Y': 11.9203   Cb: 12.0994   Cr: 11.9653 )
00000602: 11.9881   (Y': 11.9424   Cb: 12.1849   Cr: 11.9792 )
00000603: 11.9546   (Y': 11.9236   Cb: 12.1184   Cr: 11.9187 )
00000604: 11.9548   (Y': 11.9204   Cb: 12.1289   Cr: 11.9223 )
00000605: 11.8688   (Y': 11.8135   Cb: 12.0309   Cr: 11.933  )
00000606: 11.8143   (Y': 11.7545   Cb: 12.0351   Cr: 11.8397 )
00000607: 11.8467   (Y': 11.7936   Cb: 12.0145   Cr: 11.8957 )
00000608: 11.8011   (Y': 11.7261   Cb: 12.0635   Cr: 11.8494 )
00000609: 11.7984   (Y': 11.7135   Cb: 12.0276   Cr: 11.9198 )
00000610: 11.784    (Y': 11.7049   Cb: 12.0026   Cr: 11.8916 )
00000611: 11.7578   (Y': 11.6936   Cb: 11.964    Cr: 11.8153 )
00000612: 11.7497   (Y': 11.6731   Cb: 11.98     Cr: 11.8354 )
00000613: 11.7934   (Y': 11.7241   Cb: 11.9811   Cr: 11.8904 )
00000614: 11.8032   (Y': 11.7242   Cb: 12.0498   Cr: 11.8832 )
00000615: 11.8188   (Y': 11.744    Cb: 12.061    Cr: 11.8859 )
00000616: 11.8605   (Y': 11.819    Cb: 12.0065   Cr: 11.8838 )
00000617: 11.8539   (Y': 11.799    Cb: 12.0053   Cr: 11.9267 )
00000618: 11.7933   (Y': 11.7144   Cb: 12.0175   Cr: 11.8941 )
00000619: 11.7286   (Y': 11.6531   Cb: 11.9544   Cr: 11.814  )
00000620: 11.7496   (Y': 11.6628   Cb: 12.0065   Cr: 11.8518 )
00000621: 11.772    (Y': 11.6894   Cb: 12.0801   Cr: 11.8085 )
00000622: 11.7576   (Y': 11.6761   Cb: 11.9954   Cr: 11.8563 )
00000623: 11.7626   (Y': 11.6893   Cb: 12.0168   Cr: 11.8115 )
00000624: 11.8008   (Y': 11.715    Cb: 12.0306   Cr: 11.9252 )
00000625: 11.7795   (Y': 11.6871   Cb: 12.069    Cr: 11.8741 )
00000626: 11.7568   (Y': 11.6626   Cb: 12.0001   Cr: 11.9032 )
00000627: 11.7649   (Y': 11.6982   Cb: 11.9651   Cr: 11.8386 )
00000628: 11.7261   (Y': 11.642    Cb: 11.9884   Cr: 11.812  )
00000629: 11.7494   (Y': 11.6698   Cb: 12.031    Cr: 11.7986 )
00000630: 11.7432   (Y': 11.6683   Cb: 11.9525   Cr: 11.842  )
00000631: 11.7328   (Y': 11.6463   Cb: 11.9952   Cr: 11.8282 )
00000632: 11.7554   (Y': 11.6877   Cb: 11.9484   Cr: 11.8402 )
00000633: 11.7284   (Y': 11.6543   Cb: 11.9759   Cr: 11.787  )
00000634: 11.7588   (Y': 11.6764   Cb: 12.0237   Cr: 11.8349 )
00000635: 11.7491   (Y': 11.6755   Cb: 11.9951   Cr: 11.8072 )
00000636: 11.7273   (Y': 11.6405   Cb: 11.9742   Cr: 11.8395 )
00000637: 11.7697   (Y': 11.684    Cb: 12.0154   Cr: 11.8785 )
00000638: 11.7475   (Y': 11.6491   Cb: 12.0257   Cr: 11.878  )
00000639: 11.7223   (Y': 11.6339   Cb: 11.9934   Cr: 11.8179 )
00000640: 11.7573   (Y': 11.6816   Cb: 12.0094   Cr: 11.8181 )
00000641: 11.8287   (Y': 11.7608   Cb: 12.0886   Cr: 11.8504 )
00000642: 11.935    (Y': 11.9057   Cb: 12.0402   Cr: 11.9489 )
00000643: 11.9445   (Y': 11.9214   Cb: 12.0723   Cr: 11.9114 )
00000644: 11.9991   (Y': 11.9817   Cb: 12.0902   Cr: 11.9786 )
00000645: 11.946    (Y': 11.9236   Cb: 12.0497   Cr: 11.9333 )
00000646: 11.8658   (Y': 11.8252   Cb: 12.0834   Cr: 11.8169 )
00000647: 11.8289   (Y': 11.7697   Cb: 12.0059   Cr: 11.8941 )
00000648: 11.7949   (Y': 11.6992   Cb: 12.0784   Cr: 11.909  )
00000649: 11.7487   (Y': 11.6676   Cb: 11.9928   Cr: 11.8397 )
00000650: 11.7962   (Y': 11.7182   Cb: 12.0219   Cr: 11.892  )
00000651: 11.878    (Y': 11.8165   Cb: 12.0485   Cr: 11.9596 )
00000653: 11.9231   (Y': 11.8785   Cb: 12.0642   Cr: 11.9638 )
00000652: 11.9432   (Y': 11.9208   Cb: 12.0218   Cr: 11.9553 )
00000654: 11.9232   (Y': 11.9065   Cb: 12.0307   Cr: 11.8843 )
00000655: 11.9409   (Y': 11.9171   Cb: 12.0702   Cr: 11.9091 )
00000657: 12.02     (Y': 12.0052   Cb: 12.1002   Cr: 11.9996 )
00000656: 11.9685   (Y': 11.9619   Cb: 12.0667   Cr: 11.8984 )
00000658: 11.8805   (Y': 11.8304   Cb: 12.0564   Cr: 11.9096 )
00000659: 11.8766   (Y': 11.8325   Cb: 12.0349   Cr: 11.8984 )
00000660: 11.9236   (Y': 11.8759   Cb: 12.1126   Cr: 11.9304 )
00000661: 11.9459   (Y': 11.8925   Cb: 12.1377   Cr: 11.9732 )
00000662: 11.8546   (Y': 11.7697   Cb: 12.0919   Cr: 11.9681 )
00000663: 11.8373   (Y': 11.7711   Cb: 12.0423   Cr: 11.9042 )
00000664: 11.911    (Y': 11.879    Cb: 12.0675   Cr: 11.8855 )
00000665: 11.9842   (Y': 11.9497   Cb: 12.1299   Cr: 11.9792 )
00000666: 11.914    (Y': 11.8621   Cb: 12.1215   Cr: 11.9201 )
00000667: 11.8859   (Y': 11.8108   Cb: 12.0919   Cr: 11.9885 )
00000668: 11.9014   (Y': 11.8271   Cb: 12.1337   Cr: 11.9758 )
00000669: 11.9583   (Y': 11.9016   Cb: 12.1727   Cr: 11.9772 )
00000670: 11.9406   (Y': 11.892    Cb: 12.1249   Cr: 11.9557 )
00000671: 11.8582   (Y': 11.7735   Cb: 12.1307   Cr: 11.9371 )
00000672: 11.9987   (Y': 11.9609   Cb: 12.1391   Cr: 12.0126 )
00000673: 11.9779   (Y': 11.9637   Cb: 12.0638   Cr: 11.95   )
00000674: 11.8115   (Y': 11.7389   Cb: 12.0092   Cr: 11.9126 )
00000675: 11.9722   (Y': 11.9488   Cb: 12.0812   Cr: 11.9585 )
00000677: 11.9109   (Y': 11.8635   Cb: 12.0834   Cr: 11.9325 )
00000676: 11.9641   (Y': 11.9398   Cb: 12.1251   Cr: 11.904  )
00000678: 11.8743   (Y': 11.8248   Cb: 12.0725   Cr: 11.8795 )
00000679: 11.8906   (Y': 11.8156   Cb: 12.0808   Cr: 12.0087 )
00000681: 11.8104   (Y': 11.7511   Cb: 12.0136   Cr: 11.851  )
00000680: 11.8976   (Y': 11.8405   Cb: 12.0807   Cr: 11.9486 )
00000682: 12.0331   (Y': 12.0205   Cb: 12.1275   Cr: 11.9906 )
00000683: 12.8039   (Y': 12.9484   Cb: 12.5209   Cr: 12.5362 )
00000684: 12.9858   (Y': 13.1525   Cb: 12.6203   Cr: 12.7208 )
00000686: 12.7571   (Y': 12.8831   Cb: 12.5227   Cr: 12.5084 )
00000685: 13.263    (Y': 13.4442   Cb: 12.8385   Cr: 13.0071 )
00000687: 12.4052   (Y': 12.4643   Cb: 12.3375   Cr: 12.242  )
00000689: 12.2841   (Y': 12.319    Cb: 12.3019   Cr: 12.1302 )
00000688: 12.3956   (Y': 12.4869   Cb: 12.2358   Cr: 12.2014 )
00000690: 12.2585   (Y': 12.2941   Cb: 12.2236   Cr: 12.153  )
00000691: 12.1572   (Y': 12.1577   Cb: 12.1799   Cr: 12.1328 )
00000692: 11.9477   (Y': 11.9294   Cb: 12.0202   Cr: 11.949  )
00000694: 11.8183   (Y': 11.7973   Cb: 11.9512   Cr: 11.7716 )
00000693: 11.8973   (Y': 11.8645   Cb: 12.0321   Cr: 11.8961 )
00000695: 11.81     (Y': 11.7727   Cb: 11.9534   Cr: 11.8185 )
00000696: 11.7857   (Y': 11.7114   Cb: 11.9809   Cr: 11.8963 )
00000697: 11.8019   (Y': 11.7409   Cb: 11.9948   Cr: 11.8596 )
00000698: 11.8487   (Y': 11.7947   Cb: 12.0222   Cr: 11.8964 )
00000699: 11.8673   (Y': 11.82     Cb: 12.0719   Cr: 11.8578 )
00000700: 11.87     (Y': 11.8339   Cb: 12.0344   Cr: 11.8536 )
00000702: 12.0118   (Y': 11.9729   Cb: 12.1549   Cr: 12.0274 )
00000701: 11.9916   (Y': 11.9727   Cb: 12.1118   Cr: 11.9492 )
00000703: 11.765    (Y': 11.6813   Cb: 12.0127   Cr: 11.8631 )
00000704: 11.7938   (Y': 11.7148   Cb: 12.0477   Cr: 11.8666 )
00000705: 11.8812   (Y': 11.8155   Cb: 12.1121   Cr: 11.9216 )
00000706: 11.8778   (Y': 11.8066   Cb: 12.119    Cr: 11.9304 )
00000707: 11.7571   (Y': 11.6462   Cb: 12.0772   Cr: 11.9    )
00000708: 11.7941   (Y': 11.6957   Cb: 12.1003   Cr: 11.8975 )
00000709: 11.7839   (Y': 11.6746   Cb: 12.0955   Cr: 11.9284 )
00000710: 11.8307   (Y': 11.7673   Cb: 12.0503   Cr: 11.8724 )
00000711: 11.9277   (Y': 11.8737   Cb: 12.1155   Cr: 11.9614 )
00000712: 11.9808   (Y': 11.938    Cb: 12.1252   Cr: 12.0111 )
00000713: 12.0098   (Y': 11.9832   Cb: 12.1285   Cr: 11.9997 )
00000714: 11.9284   (Y': 11.8877   Cb: 12.0816   Cr: 11.9413 )
00000715: 11.8807   (Y': 11.85     Cb: 12.0294   Cr: 11.8581 )
00000716: 11.9058   (Y': 11.8773   Cb: 12.0703   Cr: 11.8592 )
00000717: 11.9364   (Y': 11.9128   Cb: 12.0477   Cr: 11.9209 )
00000718: 11.8482   (Y': 11.7767   Cb: 12.0993   Cr: 11.8929 )
00000719: 11.8121   (Y': 11.7659   Cb: 11.9972   Cr: 11.8164 )
00000720: 11.7857   (Y': 11.7265   Cb: 12.0069   Cr: 11.8084 )
00000721: 11.7085   (Y': 11.6126   Cb: 12.0455   Cr: 11.7725 )
00000722: 11.7239   (Y': 11.6565   Cb: 11.906    Cr: 11.8179 )
00000723: 11.7614   (Y': 11.7116   Cb: 11.8983   Cr: 11.8272 )
00000724: 11.7829   (Y': 11.7105   Cb: 12.0564   Cr: 11.8102 )
00000725: 11.7431   (Y': 11.6835   Cb: 11.9527   Cr: 11.7787 )
00000726: 11.7218   (Y': 11.6462   Cb: 11.9334   Cr: 11.8216 )
00000727: 11.7373   (Y': 11.6461   Cb: 12.0138   Cr: 11.8395 )
00000728: 11.7777   (Y': 11.7094   Cb: 11.9767   Cr: 11.8592 )
00000729: 11.7429   (Y': 11.655    Cb: 12.0138   Cr: 11.8366 )
00000730: 11.7282   (Y': 11.6454   Cb: 11.9491   Cr: 11.8485 )
00000731: 11.7593   (Y': 11.6811   Cb: 11.9974   Cr: 11.8443 )
00000732: 11.7451   (Y': 11.6648   Cb: 12.0044   Cr: 11.8179 )
00000733: 11.7093   (Y': 11.633    Cb: 11.9234   Cr: 11.8094 )
00000734: 11.728    (Y': 11.6384   Cb: 12.0179   Cr: 11.8109 )
00000735: 11.7833   (Y': 11.6982   Cb: 12.0308   Cr: 11.8874 )
00000736: 11.7552   (Y': 11.6745   Cb: 11.9976   Cr: 11.8463 )
00000737: 11.7649   (Y': 11.6962   Cb: 12.024    Cr: 11.7903 )
00000738: 11.7534   (Y': 11.6797   Cb: 12.0083   Cr: 11.8037 )
00000739: 11.7434   (Y': 11.6677   Cb: 11.9803   Cr: 11.8186 )
00000740: 11.7926   (Y': 11.734    Cb: 11.9599   Cr: 11.8649 )
00000741: 11.7843   (Y': 11.709    Cb: 11.9942   Cr: 11.8842 )
00000742: 11.775    (Y': 11.691    Cb: 12.0347   Cr: 11.863  )
00000743: 11.7436   (Y': 11.651    Cb: 12.03     Cr: 11.8419 )
00000745: 11.7644   (Y': 11.6535   Cb: 12.0778   Cr: 11.914  )
00000744: 11.7521   (Y': 11.6581   Cb: 12.0737   Cr: 11.8226 )
00000746: 11.8208   (Y': 11.7456   Cb: 12.0816   Cr: 11.8716 )
00000747: 11.814    (Y': 11.7615   Cb: 11.975    Cr: 11.8677 )
00000748: 11.7982   (Y': 11.7513   Cb: 11.9907   Cr: 11.7984 )
00000749: 11.8094   (Y': 11.7495   Cb: 12.0062   Cr: 11.8585 )
00000750: 11.8345   (Y': 11.7901   Cb: 11.9925   Cr: 11.8579 )
00000751: 11.8356   (Y': 11.7902   Cb: 12.0118   Cr: 11.8457 )
00000752: 11.7809   (Y': 11.7275   Cb: 11.9839   Cr: 11.7978 )
00000753: 11.7207   (Y': 11.6388   Cb: 11.9743   Cr: 11.8055 )
00000754: 11.7314   (Y': 11.6409   Cb: 11.9828   Cr: 11.8549 )
00000755: 11.7261   (Y': 11.6483   Cb: 11.9936   Cr: 11.7809 )
00000756: 11.7725   (Y': 11.6966   Cb: 12.0077   Cr: 11.8507 )
00000757: 11.7151   (Y': 11.6335   Cb: 11.9626   Cr: 11.8047 )
00000758: 11.6852   (Y': 11.6052   Cb: 11.9667   Cr: 11.736  )
00000759: 11.7511   (Y': 11.6752   Cb: 11.9953   Cr: 11.8205 )
00000760: 11.7812   (Y': 11.7106   Cb: 12.0321   Cr: 11.8224 )
00000761: 11.7965   (Y': 11.7205   Cb: 12.0378   Cr: 11.8693 )
00000762: 11.7963   (Y': 11.7492   Cb: 11.9639   Cr: 11.8218 )
00000763: 11.7533   (Y': 11.6832   Cb: 11.9968   Cr: 11.7994 )
00000764: 11.7209   (Y': 11.6414   Cb: 11.9665   Cr: 11.8035 )
00000765: 11.7344   (Y': 11.654    Cb: 11.9882   Cr: 11.8132 )
00000766: 11.7366   (Y': 11.65     Cb: 12.0071   Cr: 11.8253 )
00000767: 11.738    (Y': 11.6797   Cb: 11.9094   Cr: 11.805  )
00000769: 11.7682   (Y': 11.6924   Cb: 11.9901   Cr: 11.8587 )
00000768: 11.7585   (Y': 11.6863   Cb: 11.9946   Cr: 11.8204 )
00000770: 11.7443   (Y': 11.6802   Cb: 11.9929   Cr: 11.7613 )
00000771: 11.767    (Y': 11.6991   Cb: 12.0084   Cr: 11.8061 )
00000772: 11.7124   (Y': 11.6546   Cb: 11.9191   Cr: 11.7431 )
00000773: 11.7181   (Y': 11.6319   Cb: 11.9882   Cr: 11.8054 )
00000774: 11.7449   (Y': 11.6727   Cb: 11.998    Cr: 11.7902 )
00000775: 11.7237   (Y': 11.6544   Cb: 11.9713   Cr: 11.7624 )
00000776: 11.72     (Y': 11.6512   Cb: 11.9063   Cr: 11.816  )
00000777: 11.7819   (Y': 11.7241   Cb: 11.9593   Cr: 11.8413 )
00000778: 11.8247   (Y': 11.7705   Cb: 11.9878   Cr: 11.8833 )
00000779: 11.8164   (Y': 11.7682   Cb: 11.9685   Cr: 11.8609 )
00000780: 11.7656   (Y': 11.6962   Cb: 11.9779   Cr: 11.8384 )
00000781: 11.7467   (Y': 11.6861   Cb: 11.9256   Cr: 11.816  )
00000782: 11.7965   (Y': 11.7468   Cb: 11.961    Cr: 11.8349 )
00000783: 11.7986   (Y': 11.7418   Cb: 11.9921   Cr: 11.838  )
00000784: 11.7507   (Y': 11.7053   Cb: 11.9173   Cr: 11.7699 )
00000785: 11.7308   (Y': 11.6655   Cb: 11.9562   Cr: 11.7747 )
00000786: 11.7083   (Y': 11.6701   Cb: 11.8709   Cr: 11.7018 )
00000787: 11.6889   (Y': 11.6323   Cb: 11.8803   Cr: 11.7295 )
00000788: 11.7321   (Y': 11.6678   Cb: 11.8928   Cr: 11.835  )
00000789: 11.7392   (Y': 11.6886   Cb: 11.9048   Cr: 11.7805 )
00000790: 11.709    (Y': 11.6425   Cb: 11.8977   Cr: 11.7933 )
00000791: 11.7345   (Y': 11.6815   Cb: 11.9034   Cr: 11.7824 )
00000792: 11.7607   (Y': 11.7127   Cb: 11.9061   Cr: 11.8108 )
00000793: 11.7168   (Y': 11.6449   Cb: 11.9488   Cr: 11.7817 )
00000794: 11.696    (Y': 11.6239   Cb: 11.9332   Cr: 11.7567 )
00000795: 11.719    (Y': 11.658    Cb: 11.9044   Cr: 11.7835 )
00000796: 11.6939   (Y': 11.6279   Cb: 11.8768   Cr: 11.7814 )
00000797: 11.7099   (Y': 11.6416   Cb: 11.9338   Cr: 11.7677 )
00000798: 11.728    (Y': 11.6471   Cb: 11.9724   Cr: 11.8182 )
00000799: 11.7121   (Y': 11.6313   Cb: 11.9521   Cr: 11.8057 )
00000800: 11.741    (Y': 11.6597   Cb: 11.9604   Cr: 11.8567 )
00000801: 11.7033   (Y': 11.6296   Cb: 11.9292   Cr: 11.7813 )
00000802: 11.7073   (Y': 11.6306   Cb: 11.9338   Cr: 11.797  )
00000803: 11.7267   (Y': 11.6556   Cb: 11.9306   Cr: 11.8154 )
00000804: 11.7865   (Y': 11.719    Cb: 11.9695   Cr: 11.8806 )
00000805: 11.8215   (Y': 11.7638   Cb: 12.0333   Cr: 11.8473 )
00000806: 11.8415   (Y': 11.7844   Cb: 12.0728   Cr: 11.8465 )
00000807: 11.8434   (Y': 11.8      Cb: 11.9805   Cr: 11.8832 )
00000808: 11.8237   (Y': 11.7705   Cb: 11.9772   Cr: 11.8876 )
00000809: 11.8074   (Y': 11.7501   Cb: 12.0389   Cr: 11.8129 )
00000810: 11.7911   (Y': 11.7282   Cb: 11.9683   Cr: 11.8717 )
00000811: 11.7387   (Y': 11.6617   Cb: 12.0127   Cr: 11.784  )
00000813: 11.7698   (Y': 11.7184   Cb: 11.917    Cr: 11.8325 )
00000812: 11.7393   (Y': 11.6627   Cb: 12.0101   Cr: 11.7863 )
00000814: 11.8187   (Y': 11.7393   Cb: 12.0853   Cr: 11.881  )
00000815: 11.7737   (Y': 11.7086   Cb: 11.9665   Cr: 11.8485 )
00000816: 11.7361   (Y': 11.6711   Cb: 11.9631   Cr: 11.7773 )
00000817: 11.7778   (Y': 11.6948   Cb: 12.0559   Cr: 11.8438 )
00000818: 11.7659   (Y': 11.6903   Cb: 12.0305   Cr: 11.8143 )
00000819: 11.8062   (Y': 11.7376   Cb: 12.0488   Cr: 11.8471 )
00000820: 11.7771   (Y': 11.7267   Cb: 11.9694   Cr: 11.7918 )
00000821: 11.8584   (Y': 11.8017   Cb: 12.1087   Cr: 11.8433 )
00000822: 11.7935   (Y': 11.7307   Cb: 11.9741   Cr: 11.8703 )
00000823: 11.7947   (Y': 11.7349   Cb: 12.0084   Cr: 11.8269 )
00000824: 11.7748   (Y': 11.7041   Cb: 11.9924   Cr: 11.8482 )
00000825: 11.7486   (Y': 11.7028   Cb: 11.9014   Cr: 11.7828 )
00000826: 11.7292   (Y': 11.6468   Cb: 11.9587   Cr: 11.8396 )
00000827: 11.7894   (Y': 11.7289   Cb: 11.9439   Cr: 11.8826 )
00000828: 11.703    (Y': 11.6185   Cb: 11.9541   Cr: 11.8012 )
00000829: 11.7283   (Y': 11.6668   Cb: 11.9826   Cr: 11.729  )
00000830: 11.7537   (Y': 11.6933   Cb: 11.9476   Cr: 11.8081 )
00000831: 11.7309   (Y': 11.6791   Cb: 11.9168   Cr: 11.7578 )
00000832: 11.7428   (Y': 11.658    Cb: 12.0108   Cr: 11.8262 )
00000833: 11.7209   (Y': 11.6672   Cb: 11.8785   Cr: 11.7822 )
00000834: 11.7559   (Y': 11.7091   Cb: 11.9396   Cr: 11.764  )
00000835: 11.7167   (Y': 11.6354   Cb: 11.9554   Cr: 11.8143 )
00000836: 11.7459   (Y': 11.6778   Cb: 11.9515   Cr: 11.8205 )
00000837: 11.7828   (Y': 11.726    Cb: 11.9956   Cr: 11.8036 )
00000838: 11.8343   (Y': 11.7978   Cb: 12.0393   Cr: 11.7811 )
00000839: 11.8089   (Y': 11.7635   Cb: 11.983    Cr: 11.8209 )
00000840: 11.7977   (Y': 11.7346   Cb: 12.0182   Cr: 11.8369 )
00000841: 11.7746   (Y': 11.6938   Cb: 12.0144   Cr: 11.8687 )
00000842: 11.8425   (Y': 11.782    Cb: 12.016    Cr: 11.9169 )
00000843: 11.8445   (Y': 11.7718   Cb: 12.0808   Cr: 11.9078 )
00000844: 11.7753   (Y': 11.7219   Cb: 11.9708   Cr: 11.7991 )
00000845: 11.7816   (Y': 11.6961   Cb: 12.0287   Cr: 11.8883 )
00000846: 11.7363   (Y': 11.6637   Cb: 11.9299   Cr: 11.8415 )
00000847: 11.7738   (Y': 11.6977   Cb: 11.9864   Cr: 11.8743 )
00000848: 11.7812   (Y': 11.6949   Cb: 12.036    Cr: 11.8837 )
00000849: 11.7503   (Y': 11.6707   Cb: 12.0233   Cr: 11.8074 )
00000850: 11.7593   (Y': 11.6827   Cb: 11.9988   Cr: 11.8362 )
00000851: 11.806    (Y': 11.7235   Cb: 12.0631   Cr: 11.8905 )
00000852: 11.7361   (Y': 11.6454   Cb: 11.9802   Cr: 11.8674 )
00000853: 11.7958   (Y': 11.7187   Cb: 12.0662   Cr: 11.8451 )
00000854: 11.7527   (Y': 11.6899   Cb: 11.9929   Cr: 11.7721 )
00000855: 11.7658   (Y': 11.7109   Cb: 11.9725   Cr: 11.7849 )
00000856: 11.7372   (Y': 11.6691   Cb: 11.9583   Cr: 11.7968 )
00000857: 11.7091   (Y': 11.6226   Cb: 11.9685   Cr: 11.8078 )
00000858: 11.6905   (Y': 11.6193   Cb: 11.9965   Cr: 11.682  )
00000859: 11.7455   (Y': 11.6539   Cb: 11.9809   Cr: 11.8888 )
00000860: 11.7011   (Y': 11.6261   Cb: 11.9391   Cr: 11.7725 )
00000861: 11.7104   (Y': 11.6236   Cb: 11.953    Cr: 11.8265 )
00000862: 11.7093   (Y': 11.6411   Cb: 11.8842   Cr: 11.8144 )
00000863: 11.6997   (Y': 11.6246   Cb: 11.948    Cr: 11.7615 )
00000864: 11.7159   (Y': 11.6306   Cb: 11.9713   Cr: 11.8133 )
00000865: 11.7375   (Y': 11.6654   Cb: 11.917    Cr: 11.8538 )
00000866: 11.7533   (Y': 11.6738   Cb: 12.0045   Cr: 11.831  )
00000867: 11.7281   (Y': 11.6403   Cb: 11.9969   Cr: 11.8233 )
00000868: 11.729    (Y': 11.6371   Cb: 12.0003   Cr: 11.8392 )
00000869: 11.6813   (Y': 11.5965   Cb: 11.9481   Cr: 11.766  )
00000870: 11.7057   (Y': 11.6184   Cb: 11.9594   Cr: 11.8135 )
00000871: 11.7122   (Y': 11.6378   Cb: 11.9497   Cr: 11.7822 )
00000872: 11.759    (Y': 11.6938   Cb: 11.9485   Cr: 11.8367 )
00000873: 11.7399   (Y': 11.6596   Cb: 12.0053   Cr: 11.807  )
00000874: 11.7192   (Y': 11.6507   Cb: 11.957    Cr: 11.7645 )
00000875: 11.6965   (Y': 11.6197   Cb: 11.9431   Cr: 11.7676 )
00000876: 11.6832   (Y': 11.6063   Cb: 11.9078   Cr: 11.7755 )
00000877: 11.7165   (Y': 11.6296   Cb: 11.9869   Cr: 11.8065 )
00000878: 11.701    (Y': 11.627    Cb: 11.9391   Cr: 11.7685 )
00000879: 11.7243   (Y': 11.6537   Cb: 11.9031   Cr: 11.8354 )
00000880: 11.7105   (Y': 11.6152   Cb: 11.9836   Cr: 11.833  )
00000881: 11.7525   (Y': 11.6796   Cb: 11.9846   Cr: 11.8208 )
00000882: 11.739    (Y': 11.67     Cb: 11.9276   Cr: 11.8336 )
00000883: 11.7239   (Y': 11.6346   Cb: 11.9634   Cr: 11.854  )
00000884: 11.761    (Y': 11.6779   Cb: 12.0531   Cr: 11.8144 )
00000885: 11.759    (Y': 11.6839   Cb: 12.0229   Cr: 11.8059 )
00000886: 11.7635   (Y': 11.6848   Cb: 11.9753   Cr: 11.8756 )
00000887: 11.7419   (Y': 11.6634   Cb: 11.9693   Cr: 11.8382 )
00000888: 11.7191   (Y': 11.6089   Cb: 12.0474   Cr: 11.851  )
00000889: 11.7288   (Y': 11.6447   Cb: 11.9571   Cr: 11.8479 )
00000890: 11.7603   (Y': 11.6775   Cb: 12.0162   Cr: 11.8475 )
00000891: 11.7694   (Y': 11.7163   Cb: 11.9399   Cr: 11.8159 )
00000892: 11.7482   (Y': 11.6717   Cb: 12.0015   Cr: 11.8111 )
00000893: 11.7338   (Y': 11.6574   Cb: 11.9955   Cr: 11.7884 )
00000894: 11.7627   (Y': 11.7118   Cb: 11.9559   Cr: 11.7786 )
00000895: 11.775    (Y': 11.7238   Cb: 11.9638   Cr: 11.7963 )
00000896: 11.7914   (Y': 11.7237   Cb: 12.007    Cr: 11.8543 )
00000897: 11.8718   (Y': 11.8304   Cb: 12.0211   Cr: 11.8913 )
00000898: 11.8918   (Y': 11.8957   Cb: 11.976    Cr: 11.794  )
00000899: 11.7936   (Y': 11.7539   Cb: 11.9688   Cr: 11.7813 )
00000900: 11.7914   (Y': 11.7466   Cb: 11.9517   Cr: 11.8142 )
00000901: 11.7689   (Y': 11.7119   Cb: 12.002    Cr: 11.7715 )
00000902: 11.7429   (Y': 11.6882   Cb: 11.9612   Cr: 11.7503 )
00000903: 11.7936   (Y': 11.7451   Cb: 12.0174   Cr: 11.7708 )
00000904: 11.8372   (Y': 11.7986   Cb: 11.978    Cr: 11.8542 )
00000905: 11.8844   (Y': 11.8571   Cb: 11.9994   Cr: 11.8803 )
00000906: 11.9155   (Y': 11.8806   Cb: 12.0508   Cr: 11.9226 )
00000907: 12.073    (Y': 12.0844   Cb: 12.0947   Cr: 12.006  )
00000908: 12.075    (Y': 12.0831   Cb: 12.0639   Cr: 12.0535 )
00000909: 11.9025   (Y': 11.8901   Cb: 12.0407   Cr: 11.8168 )
00000910: 11.9796   (Y': 11.9761   Cb: 12.0884   Cr: 11.8869 )
00000911: 11.9325   (Y': 11.9197   Cb: 12.0496   Cr: 11.8688 )
00000912: 11.7983   (Y': 11.7486   Cb: 12.0085   Cr: 11.7929 )
00000913: 11.9573   (Y': 11.9637   Cb: 11.9967   Cr: 11.893  )
00000914: 11.9484   (Y': 11.9433   Cb: 12.0359   Cr: 11.8828 )
00000915: 11.8266   (Y': 11.7836   Cb: 11.9995   Cr: 11.8298 )
00000916: 11.7077   (Y': 11.6294   Cb: 11.9868   Cr: 11.7534 )
00000917: 11.8964   (Y': 11.8616   Cb: 12.0283   Cr: 11.9064 )
00000918: 11.9843   (Y': 11.9719   Cb: 12.0283   Cr: 11.99   )
00000919: 11.9409   (Y': 11.9248   Cb: 12.0339   Cr: 11.9136 )
00000920: 11.9041   (Y': 11.8761   Cb: 12.0319   Cr: 11.8903 )
00000921: 11.9309   (Y': 11.8961   Cb: 12.0489   Cr: 11.9541 )
00000922: 11.966    (Y': 11.9652   Cb: 12.0196   Cr: 11.9161 )
00000923: 11.837    (Y': 11.7821   Cb: 12.0218   Cr: 11.877  )
00000924: 11.7901   (Y': 11.7003   Cb: 12.0525   Cr: 11.8999 )
00000925: 11.9823   (Y': 11.9646   Cb: 12.099    Cr: 11.9385 )
00000926: 11.9663   (Y': 11.9428   Cb: 12.0866   Cr: 11.9417 )
00000927: 11.9188   (Y': 11.8863   Cb: 12.0079   Cr: 11.9614 )
00000928: 11.8747   (Y': 11.8067   Cb: 12.0964   Cr: 11.9329 )
00000929: 11.9556   (Y': 11.9158   Cb: 12.1136   Cr: 11.9606 )
00000930: 11.9684   (Y': 11.9257   Cb: 12.1462   Cr: 11.9657 )
00000931: 11.8038   (Y': 11.7383   Cb: 12.0172   Cr: 11.8598 )
00000932: 11.8107   (Y': 11.747    Cb: 12.0353   Cr: 11.8484 )
00000933: 11.8452   (Y': 11.7947   Cb: 12.0314   Cr: 11.8664 )
00000934: 11.843    (Y': 11.779    Cb: 12.0271   Cr: 11.9211 )
00000935: 11.7767   (Y': 11.7216   Cb: 11.9239   Cr: 11.8544 )
00000936: 11.7795   (Y': 11.7062   Cb: 11.9719   Cr: 11.8884 )
00000937: 11.816    (Y': 11.7369   Cb: 12.0189   Cr: 11.9388 )
00000938: 11.7564   (Y': 11.6729   Cb: 12.0358   Cr: 11.8238 )
00000939: 11.7964   (Y': 11.709    Cb: 12.0164   Cr: 11.937  )
00000940: 11.8681   (Y': 11.8214   Cb: 12.0164   Cr: 11.91   )
00000941: 11.8129   (Y': 11.7586   Cb: 12.0136   Cr: 11.8356 )
00000942: 11.7808   (Y': 11.7108   Cb: 12.0352   Cr: 11.8163 )
00000943: 11.7719   (Y': 11.7088   Cb: 11.9792   Cr: 11.8241 )
00000944: 11.7723   (Y': 11.6913   Cb: 12.0012   Cr: 11.8775 )
00000945: 11.7534   (Y': 11.6682   Cb: 11.9967   Cr: 11.8624 )
00000946: 11.8003   (Y': 11.7288   Cb: 11.9989   Cr: 11.8956 )
00000947: 11.8137   (Y': 11.7562   Cb: 11.981    Cr: 11.8816 )
00000948: 11.7296   (Y': 11.6294   Cb: 11.9779   Cr: 11.8968 )
00000949: 11.7681   (Y': 11.6912   Cb: 11.9869   Cr: 11.8662 )
00000950: 11.848    (Y': 11.782    Cb: 12.0333   Cr: 11.9334 )
00000951: 11.7783   (Y': 11.7256   Cb: 11.9279   Cr: 11.8438 )
00000952: 11.7346   (Y': 11.6643   Cb: 11.9696   Cr: 11.7896 )
00000953: 11.6996   (Y': 11.5982   Cb: 11.938    Cr: 11.8821 )
00000954: 11.7342   (Y': 11.6507   Cb: 11.9481   Cr: 11.865  )
00000955: 11.7551   (Y': 11.6502   Cb: 12.0573   Cr: 11.8897 )
00000956: 11.7505   (Y': 11.6534   Cb: 12.0089   Cr: 11.8949 )
00000957: 11.7396   (Y': 11.6504   Cb: 12.0053   Cr: 11.8436 )
00000958: 11.7209   (Y': 11.6218   Cb: 12.0162   Cr: 11.838  )
00000959: 11.7519   (Y': 11.6655   Cb: 12.0139   Cr: 11.8477 )
00000960: 11.7475   (Y': 11.661    Cb: 11.9938   Cr: 11.8586 )
00000961: 11.7559   (Y': 11.6644   Cb: 12.0376   Cr: 11.8542 )
00000962: 11.7617   (Y': 11.686    Cb: 11.9394   Cr: 11.8952 )
00000963: 11.7554   (Y': 11.6728   Cb: 11.9686   Cr: 11.8828 )
00000964: 11.7566   (Y': 11.6906   Cb: 11.9429   Cr: 11.841  )
00000965: 11.7498   (Y': 11.6804   Cb: 11.9999   Cr: 11.7866 )
00000966: 11.7419   (Y': 11.6976   Cb: 11.9116   Cr: 11.7535 )
00000967: 11.7575   (Y': 11.6922   Cb: 12.0095   Cr: 11.7759 )
00000968: 11.731    (Y': 11.6447   Cb: 11.9932   Cr: 11.8261 )
00000969: 11.7521   (Y': 11.679    Cb: 11.9497   Cr: 11.8547 )
00000970: 11.6945   (Y': 11.6264   Cb: 11.8671   Cr: 11.8013 )
00000971: 11.7299   (Y': 11.6413   Cb: 12.0168   Cr: 11.811  )
00000972: 11.7368   (Y': 11.6601   Cb: 11.9268   Cr: 11.8624 )
00000973: 11.7292   (Y': 11.6858   Cb: 11.9091   Cr: 11.7275 )
00000974: 11.723    (Y': 11.6539   Cb: 11.9254   Cr: 11.8051 )
00000975: 11.7451   (Y': 11.691    Cb: 11.9341   Cr: 11.7784 )
00000976: 11.7076   (Y': 11.6315   Cb: 11.935    Cr: 11.7938 )
00000977: 11.7053   (Y': 11.6114   Cb: 11.9352   Cr: 11.8638 )
00000978: 11.6995   (Y': 11.6258   Cb: 11.9007   Cr: 11.8017 )
00000979: 11.73     (Y': 11.6698   Cb: 11.9261   Cr: 11.781  )
00000980: 11.7295   (Y': 11.6687   Cb: 11.8691   Cr: 11.8383 )
00000981: 11.7612   (Y': 11.7039   Cb: 11.9255   Cr: 11.8309 )
00000982: 11.7049   (Y': 11.6504   Cb: 11.9124   Cr: 11.7217 )
00000983: 11.7314   (Y': 11.6844   Cb: 11.9191   Cr: 11.7369 )
00000984: 11.7464   (Y': 11.6789   Cb: 11.9203   Cr: 11.849  )
00000985: 11.7328   (Y': 11.653    Cb: 11.9484   Cr: 11.846  )
00000986: 11.7382   (Y': 11.6591   Cb: 11.947    Cr: 11.8552 )
00000987: 11.7771   (Y': 11.7198   Cb: 11.9367   Cr: 11.8516 )
00000988: 11.7253   (Y': 11.6493   Cb: 11.962    Cr: 11.8023 )
00000989: 11.749    (Y': 11.6941   Cb: 11.9545   Cr: 11.7697 )
00000990: 11.7462   (Y': 11.6807   Cb: 11.9368   Cr: 11.8247 )
00000991: 11.7584   (Y': 11.6966   Cb: 11.984    Cr: 11.7874 )
00000992: 11.728    (Y': 11.6646   Cb: 11.901    Cr: 11.8145 )
00000993: 11.7157   (Y': 11.6376   Cb: 11.9494   Cr: 11.8046 )
00000994: 11.715    (Y': 11.635    Cb: 11.9175   Cr: 11.8418 )
00000995: 11.7239   (Y': 11.6365   Cb: 12.0037   Cr: 11.8069 )
00000996: 11.7069   (Y': 11.6351   Cb: 11.9057   Cr: 11.8035 )
00000997: 11.7001   (Y': 11.6269   Cb: 11.9375   Cr: 11.7646 )
00000998: 11.7631   (Y': 11.6964   Cb: 11.9682   Cr: 11.8322 )
00000999: 11.7005   (Y': 11.6242   Cb: 11.9113   Cr: 11.8041 )
00001000: 11.698    (Y': 11.5963   Cb: 11.9814   Cr: 11.8371 )
00001001: 11.6772   (Y': 11.578    Cb: 11.9547   Cr: 11.8119 )
00001002: 11.7245   (Y': 11.6331   Cb: 12.0026   Cr: 11.8261 )
00001003: 11.7611   (Y': 11.6863   Cb: 12.0099   Cr: 11.8217 )
00001004: 11.7766   (Y': 11.7282   Cb: 11.9034   Cr: 11.8466 )
00001005: 11.7274   (Y': 11.6601   Cb: 11.9352   Cr: 11.7964 )
00001006: 11.7757   (Y': 11.7307   Cb: 11.9275   Cr: 11.8077 )
00001007: 11.7395   (Y': 11.6752   Cb: 11.9589   Cr: 11.7849 )
00001008: 11.7408   (Y': 11.683    Cb: 11.9296   Cr: 11.7894 )
00001009: 11.8002   (Y': 11.7501   Cb: 12.0049   Cr: 11.8016 )
00001010: 11.7787   (Y': 11.7017   Cb: 12.0111   Cr: 11.8641 )
00001011: 11.7886   (Y': 11.7176   Cb: 12.0234   Cr: 11.8468 )
00001012: 11.7848   (Y': 11.7122   Cb: 12.0265   Cr: 11.8426 )
00001013: 11.7891   (Y': 11.7211   Cb: 12.0219   Cr: 11.837  )
00001014: 11.797    (Y': 11.7184   Cb: 12.0113   Cr: 11.9065 )
00001015: 11.7673   (Y': 11.689    Cb: 11.9874   Cr: 11.8696 )
00001016: 11.8071   (Y': 11.7468   Cb: 12.031    Cr: 11.8318 )
00001017: 11.8016   (Y': 11.7425   Cb: 11.9778   Cr: 11.8673 )
00001018: 11.7777   (Y': 11.7074   Cb: 12.0241   Cr: 11.8215 )
00001019: 11.8045   (Y': 11.7615   Cb: 11.9418   Cr: 11.8425 )
00001021: 11.795    (Y': 11.7423   Cb: 11.9938   Cr: 11.8132 )
00001020: 11.8062   (Y': 11.7632   Cb: 11.9753   Cr: 11.8133 )
00001024: 11.8384   (Y': 11.7984   Cb: 11.9969   Cr: 11.8436 )
00001022: 11.7876   (Y': 11.7125   Cb: 12.0422   Cr: 11.8435 )
00001026: 11.9279   (Y': 11.9204   Cb: 12.002    Cr: 11.8844 )
00001023: 11.8508   (Y': 11.8073   Cb: 12.0341   Cr: 11.8461 )
00001025: 11.9054   (Y': 11.8499   Cb: 12.0909   Cr: 11.9476 )
00001027: 11.8851   (Y': 11.8556   Cb: 12.0107   Cr: 11.88   )
00001028: 11.8585   (Y': 11.8219   Cb: 11.9973   Cr: 11.8687 )
Total: 11.841    (Y': 11.8734   Cb: 11.8915   Cr: 11.6657 )
