00000001: 15.4588   (Y': 15.4743   Cb: 14.3726   Cr: 16.8249 )
00000000: 31.3234   (Y': 44.3744   Cb: 26.6981   Cr: 26.6981 )
00000002: 15.4525   (Y': 15.4649   Cb: 14.3317   Cr: 16.8974 )
00000003: 15.4503   (Y': 15.4662   Cb: 14.3889   Cr: 16.7713 )
00000004: 15.4312   (Y': 15.4595   Cb: 14.323    Cr: 16.7671 )
00000005: 15.4462   (Y': 15.4865   Cb: 14.3176   Cr: 16.7529 )
00000006: 15.448    (Y': 15.4753   Cb: 14.3109   Cr: 16.8404 )
00000007: 15.4589   (Y': 15.4894   Cb: 14.2884   Cr: 16.8937 )
00000008: 15.4534   (Y': 15.4613   Cb: 14.3904   Cr: 16.8207 )
00000009: 15.4535   (Y': 15.461    Cb: 14.355    Cr: 16.8858 )
00000010: 15.4385   (Y': 15.4509   Cb: 14.3264   Cr: 16.8683 )
00000012: 15.4674   (Y': 15.4648   Cb: 14.3753   Cr: 16.9444 )
00000011: 15.4361   (Y': 15.4534   Cb: 14.3182   Cr: 16.8485 )
00000013: 15.4416   (Y': 15.4749   Cb: 14.321    Cr: 16.7719 )
00000014: 15.3922   (Y': 15.429    Cb: 14.2645   Cr: 16.7161 )
00000015: 15.4268   (Y': 15.444    Cb: 14.3302   Cr: 16.802  )
00000016: 15.451    (Y': 15.475    Cb: 14.343    Cr: 16.8089 )
00000017: 15.4194   (Y': 15.4464   Cb: 14.2944   Cr: 16.7918 )
00000018: 15.4387   (Y': 15.4509   Cb: 14.3787   Cr: 16.7772 )
00000019: 15.4254   (Y': 15.4524   Cb: 14.3007   Cr: 16.7972 )
00000020: 15.4162   (Y': 15.4331   Cb: 14.3428   Cr: 16.7521 )
00000022: 15.4167   (Y': 15.439    Cb: 14.3282   Cr: 16.7498 )
00000021: 15.4411   (Y': 15.4526   Cb: 14.3109   Cr: 16.9084 )
00000023: 15.427    (Y': 15.4528   Cb: 14.2974   Cr: 16.8136 )
00000024: 15.4186   (Y': 15.4236   Cb: 14.3418   Cr: 16.8258 )
00000025: 15.408    (Y': 15.423    Cb: 14.3067   Cr: 16.8034 )
00000026: 15.3957   (Y': 15.4196   Cb: 14.2747   Cr: 16.7774 )
00000028: 15.4154   (Y': 15.4311   Cb: 14.2892   Cr: 16.8521 )
00000027: 15.4203   (Y': 15.4199   Cb: 14.3764   Cr: 16.7991 )
00000029: 15.4489   (Y': 15.4609   Cb: 14.361    Cr: 16.8372 )
00000030: 15.4244   (Y': 15.4182   Cb: 14.3643   Cr: 16.8648 )
00000031: 15.4348   (Y': 15.4532   Cb: 14.3157   Cr: 16.8434 )
00000032: 15.4109   (Y': 15.4428   Cb: 14.2563   Cr: 16.8096 )
00000033: 15.4042   (Y': 15.4551   Cb: 14.2178   Cr: 16.7563 )
00000034: 15.4049   (Y': 15.4103   Cb: 14.3      Cr: 16.8604 )
00000035: 15.3946   (Y': 15.4282   Cb: 14.2936   Cr: 16.6889 )
00000038: 15.4192   (Y': 15.4422   Cb: 14.3156   Cr: 16.7753 )
00000037: 15.4315   (Y': 15.4367   Cb: 14.3504   Cr: 16.8454 )
00000036: 15.4035   (Y': 15.4033   Cb: 14.2948   Cr: 16.8968 )
00000039: 15.4036   (Y': 15.4248   Cb: 14.312    Cr: 16.7483 )
00000040: 15.3724   (Y': 15.3948   Cb: 14.2387   Cr: 16.7858 )
00000041: 15.4046   (Y': 15.4269   Cb: 14.3044   Cr: 16.7579 )
00000042: 15.4142   (Y': 15.4211   Cb: 14.3319   Cr: 16.8205 )
00000043: 15.4081   (Y': 15.4157   Cb: 14.3099   Cr: 16.839  )
00000045: 15.402    (Y': 15.4138   Cb: 14.3027   Cr: 16.8114 )
00000044: 15.4023   (Y': 15.434    Cb: 14.2787   Cr: 16.7461 )
00000046: 15.4405   (Y': 15.4679   Cb: 14.3235   Cr: 16.7965 )
00000047: 15.4054   (Y': 15.3951   Cb: 14.3483   Cr: 16.8624 )
00000048: 15.4047   (Y': 15.4165   Cb: 14.3055   Cr: 16.8144 )
00000049: 15.4203   (Y': 15.442    Cb: 14.2748   Cr: 16.8584 )
00000050: 15.3873   (Y': 15.4307   Cb: 14.2288   Cr: 16.7305 )
00000051: 15.4116   (Y': 15.4081   Cb: 14.3292   Cr: 16.8758 )
00000052: 15.4422   (Y': 15.4332   Cb: 14.4128   Cr: 16.8437 )
00000053: 15.4022   (Y': 15.401    Cb: 14.325    Cr: 16.8443 )
00000054: 15.396    (Y': 15.4314   Cb: 14.2658   Cr: 16.7316 )
00000055: 15.4439   (Y': 15.4955   Cb: 14.2738   Cr: 16.7625 )
00000056: 15.4254   (Y': 15.427    Cb: 14.3846   Cr: 16.7881 )
00000057: 15.4526   (Y': 15.4621   Cb: 14.3631   Cr: 16.8577 )
00000058: 15.4125   (Y': 15.429    Cb: 14.3017   Cr: 16.8166 )
00000059: 15.4426   (Y': 15.4376   Cb: 14.3903   Cr: 16.8622 )
00000060: 15.4175   (Y': 15.4375   Cb: 14.3136   Cr: 16.7899 )
00000062: 15.3622   (Y': 15.3613   Cb: 14.2775   Cr: 16.8159 )
00000061: 15.4027   (Y': 15.4241   Cb: 14.2795   Cr: 16.8019 )
00000063: 15.4285   (Y': 15.4511   Cb: 14.3095   Cr: 16.8143 )
00000064: 15.3689   (Y': 15.4089   Cb: 14.2293   Cr: 16.6965 )
00000065: 15.43     (Y': 15.4326   Cb: 14.3526   Cr: 16.8513 )
00000066: 15.3759   (Y': 15.375    Cb: 14.3252   Cr: 16.7701 )
00000067: 15.4076   (Y': 15.4236   Cb: 14.3416   Cr: 16.7356 )
00000069: 15.3721   (Y': 15.4033   Cb: 14.227    Cr: 16.7569 )
00000070: 15.3907   (Y': 15.3962   Cb: 14.3024   Cr: 16.816  )
00000068: 15.3824   (Y': 15.3887   Cb: 14.2908   Cr: 16.8086 )
00000071: 15.3905   (Y': 15.4148   Cb: 14.294    Cr: 16.7273 )
00000072: 15.3684   (Y': 15.4048   Cb: 14.2454   Cr: 16.6865 )
00000073: 15.4028   (Y': 15.415    Cb: 14.2949   Cr: 16.8258 )
00000074: 15.4477   (Y': 15.469    Cb: 14.315    Cr: 16.8648 )
00000075: 15.5164   (Y': 15.5749   Cb: 14.3113   Cr: 16.8608 )
00000076: 15.5461   (Y': 15.6337   Cb: 14.2917   Cr: 16.8244 )
00000077: 15.6527   (Y': 15.7435   Cb: 14.3926   Cr: 16.9245 )
00000078: 15.6002   (Y': 15.71     Cb: 14.328    Cr: 16.7945 )
00000079: 15.5624   (Y': 15.6076   Cb: 14.3682   Cr: 16.9591 )
00000080: 15.4863   (Y': 15.5438   Cb: 14.2988   Cr: 16.8044 )
00000081: 15.4481   (Y': 15.471    Cb: 14.3641   Cr: 16.7699 )
00000082: 15.4329   (Y': 15.4296   Cb: 14.4165   Cr: 16.7802 )
00000083: 15.4341   (Y': 15.428    Cb: 14.4237   Cr: 16.7868 )
00000084: 15.4154   (Y': 15.4281   Cb: 14.3351   Cr: 16.7862 )
00000085: 15.4098   (Y': 15.3965   Cb: 14.4026   Cr: 16.7959 )
00000086: 15.4316   (Y': 15.4293   Cb: 14.3855   Cr: 16.8253 )
00000087: 15.4344   (Y': 15.4138   Cb: 14.4264   Cr: 16.8624 )
00000088: 15.4295   (Y': 15.4066   Cb: 14.435    Cr: 16.8471 )
00000090: 15.3866   (Y': 15.3955   Cb: 14.2934   Cr: 16.8013 )
00000089: 15.4238   (Y': 15.3953   Cb: 14.3876   Cr: 16.9465 )
00000091: 15.4188   (Y': 15.4089   Cb: 14.3727   Cr: 16.8541 )
00000092: 15.4619   (Y': 15.4525   Cb: 14.4107   Cr: 16.904  )
00000093: 15.4227   (Y': 15.4178   Cb: 14.375    Cr: 16.8334 )
00000094: 15.4066   (Y': 15.3926   Cb: 14.3592   Cr: 16.8681 )
00000095: 15.4691   (Y': 15.4674   Cb: 14.3853   Cr: 16.9267 )
00000096: 15.5813   (Y': 15.6655   Cb: 14.3817   Cr: 16.781  )
00000098: 15.5872   (Y': 15.6894   Cb: 14.3229   Cr: 16.8071 )
00000097: 15.5504   (Y': 15.6278   Cb: 14.3287   Cr: 16.824  )
00000099: 15.4687   (Y': 15.5194   Cb: 14.2787   Cr: 16.8287 )
00000101: 15.5569   (Y': 15.6274   Cb: 14.3204   Cr: 16.8939 )
00000100: 15.4841   (Y': 15.518    Cb: 14.3419   Cr: 16.8493 )
00000102: 15.5998   (Y': 15.6944   Cb: 14.3442   Cr: 16.844  )
00000103: 15.6803   (Y': 15.8145   Cb: 14.3302   Cr: 16.8889 )
00000104: 15.6748   (Y': 15.8147   Cb: 14.3411   Cr: 16.825  )
00000105: 15.8438   (Y': 16.0355   Cb: 14.404    Cr: 16.9251 )
00000106: 15.7235   (Y': 15.8923   Cb: 14.3408   Cr: 16.8156 )
00000107: 15.4793   (Y': 15.5284   Cb: 14.3337   Cr: 16.7691 )
00000108: 15.4368   (Y': 15.5196   Cb: 14.2462   Cr: 16.628  )
00000109: 15.5842   (Y': 15.696    Cb: 14.3143   Cr: 16.7648 )
00000110: 15.7327   (Y': 15.8927   Cb: 14.3791   Cr: 16.8178 )
00000111: 15.7535   (Y': 15.9646   Cb: 14.305    Cr: 16.7557 )
00000112: 15.816    (Y': 16.0312   Cb: 14.3656   Cr: 16.802  )
00000114: 15.6247   (Y': 15.7668   Cb: 14.3306   Cr: 16.6946 )
00000113: 15.6102   (Y': 15.7219   Cb: 14.3874   Cr: 16.7093 )
00000115: 15.5339   (Y': 15.645    Cb: 14.2508   Cr: 16.741  )
00000116: 15.4822   (Y': 15.5751   Cb: 14.247    Cr: 16.6994 )
00000117: 15.4932   (Y': 15.5828   Cb: 14.3162   Cr: 16.6262 )
00000118: 15.442    (Y': 15.5147   Cb: 14.2641   Cr: 16.6634 )
00000119: 15.5087   (Y': 15.5915   Cb: 14.282    Cr: 16.763  )
00000120: 15.4496   (Y': 15.5247   Cb: 14.2749   Cr: 16.6531 )
00000121: 15.4506   (Y': 15.5691   Cb: 14.1721   Cr: 16.6114 )
00000122: 15.542    (Y': 15.6644   Cb: 14.258    Cr: 16.6931 )
00000123: 15.4428   (Y': 15.5237   Cb: 14.2173   Cr: 16.7046 )
00000124: 15.4177   (Y': 15.4918   Cb: 14.2365   Cr: 16.6376 )
00000125: 15.3873   (Y': 15.4483   Cb: 14.2267   Cr: 16.6398 )
00000126: 15.4184   (Y': 15.4805   Cb: 14.2798   Cr: 16.6275 )
00000127: 15.4295   (Y': 15.4829   Cb: 14.2803   Cr: 16.7021 )
00000128: 15.3665   (Y': 15.4081   Cb: 14.2537   Cr: 16.6388 )
00000129: 15.4116   (Y': 15.4545   Cb: 14.3028   Cr: 16.6696 )
00000130: 15.4046   (Y': 15.457    Cb: 14.2439   Cr: 16.703  )
00000131: 15.4532   (Y': 15.5085   Cb: 14.327    Cr: 16.6761 )
00000132: 15.4195   (Y': 15.4744   Cb: 14.2722   Cr: 16.6812 )
00000133: 15.4135   (Y': 15.4534   Cb: 14.2821   Cr: 16.7272 )
00000134: 15.4327   (Y': 15.4721   Cb: 14.3115   Cr: 16.7313 )
00000135: 15.4458   (Y': 15.5078   Cb: 14.2749   Cr: 16.7115 )
00000136: 15.3883   (Y': 15.4348   Cb: 14.2548   Cr: 16.6705 )
00000137: 15.4491   (Y': 15.5008   Cb: 14.3174   Cr: 16.7001 )
00000138: 15.443    (Y': 15.4928   Cb: 14.2939   Cr: 16.7353 )
00000139: 15.4394   (Y': 15.4827   Cb: 14.3258   Cr: 16.7036 )
00000140: 15.4697   (Y': 15.502    Cb: 14.3296   Cr: 16.8395 )
00000141: 15.4215   (Y': 15.4637   Cb: 14.2838   Cr: 16.7332 )
00000142: 15.4176   (Y': 15.4521   Cb: 14.2766   Cr: 16.7771 )
00000143: 15.4158   (Y': 15.4637   Cb: 14.2371   Cr: 16.77   )
00000144: 15.4336   (Y': 15.4545   Cb: 14.3136   Cr: 16.8304 )
00000147: 15.3952   (Y': 15.4172   Cb: 14.3102   Cr: 16.7238 )
00000146: 15.4175   (Y': 15.4166   Cb: 14.3825   Cr: 16.7843 )
00000145: 15.4226   (Y': 15.465    Cb: 14.2992   Cr: 16.7086 )
00000149: 15.4138   (Y': 15.4422   Cb: 14.3235   Cr: 16.7176 )
00000148: 15.4081   (Y': 15.4047   Cb: 14.3663   Cr: 16.8001 )
00000150: 15.4049   (Y': 15.4568   Cb: 14.2545   Cr: 16.688  )
00000151: 15.4152   (Y': 15.4296   Cb: 14.3219   Cr: 16.8005 )
00000152: 15.3777   (Y': 15.4202   Cb: 14.2536   Cr: 16.6642 )
00000153: 15.4179   (Y': 15.4449   Cb: 14.2758   Cr: 16.8204 )
00000154: 15.3995   (Y': 15.4311   Cb: 14.3099   Cr: 16.6853 )
00000155: 15.4379   (Y': 15.455    Cb: 14.3699   Cr: 16.7636 )
00000157: 15.3891   (Y': 15.4316   Cb: 14.2287   Cr: 16.7398 )
00000156: 15.3985   (Y': 15.4296   Cb: 14.2691   Cr: 16.756  )
00000158: 15.403    (Y': 15.4228   Cb: 14.3306   Cr: 16.7218 )
00000159: 15.3911   (Y': 15.4034   Cb: 14.3293   Cr: 16.7317 )
00000160: 15.3734   (Y': 15.4059   Cb: 14.2461   Cr: 16.7193 )
00000161: 15.3924   (Y': 15.3857   Cb: 14.3599   Cr: 16.7863 )
00000162: 15.3885   (Y': 15.4037   Cb: 14.269    Cr: 16.8158 )
00000163: 15.3976   (Y': 15.4119   Cb: 14.3496   Cr: 16.7045 )
00000165: 15.3891   (Y': 15.4061   Cb: 14.3263   Cr: 16.7062 )
00000164: 15.3785   (Y': 15.3838   Cb: 14.3494   Cr: 16.7008 )
00000166: 15.355    (Y': 15.3685   Cb: 14.2256   Cr: 16.8097 )
00000167: 15.3759   (Y': 15.3761   Cb: 14.3335   Cr: 16.7491 )
00000168: 15.3722   (Y': 15.3893   Cb: 14.2823   Cr: 16.7364 )
00000169: 15.3963   (Y': 15.4088   Cb: 14.3261   Cr: 16.7508 )
00000170: 15.3721   (Y': 15.3647   Cb: 14.3428   Cr: 16.7644 )
00000171: 15.3764   (Y': 15.3587   Cb: 14.3456   Cr: 16.8287 )
00000172: 15.3816   (Y': 15.3907   Cb: 14.2922   Cr: 16.7887 )
00000174: 15.3688   (Y': 15.3482   Cb: 14.3467   Cr: 16.8213 )
00000173: 15.3482   (Y': 15.3357   Cb: 14.3266   Cr: 16.7551 )
00000175: 15.3515   (Y': 15.3608   Cb: 14.2916   Cr: 16.7056 )
00000176: 15.3639   (Y': 15.3853   Cb: 14.2629   Cr: 16.7242 )
00000177: 15.3706   (Y': 15.3857   Cb: 14.2886   Cr: 16.7318 )
00000178: 15.3554   (Y': 15.339    Cb: 14.3167   Cr: 16.8147 )
00000179: 15.3784   (Y': 15.3886   Cb: 14.3011   Cr: 16.7579 )
00000180: 15.3678   (Y': 15.3819   Cb: 14.2831   Cr: 16.7386 )
00000182: 15.3783   (Y': 15.3984   Cb: 14.2793   Cr: 16.7417 )
00000181: 15.4058   (Y': 15.3926   Cb: 14.3658   Cr: 16.8488 )
00000183: 15.3696   (Y': 15.3737   Cb: 14.3002   Cr: 16.7684 )
00000184: 15.4      (Y': 15.4155   Cb: 14.2994   Cr: 16.7918 )
00000185: 15.4287   (Y': 15.4159   Cb: 14.402    Cr: 16.8467 )
00000186: 15.4426   (Y': 15.4814   Cb: 14.3213   Cr: 16.7441 )
00000187: 15.3996   (Y': 15.405    Cb: 14.3089   Cr: 16.8293 )
00000188: 15.3641   (Y': 15.3782   Cb: 14.2925   Cr: 16.7123 )
00000189: 15.4046   (Y': 15.4122   Cb: 14.3788   Cr: 16.7089 )
00000190: 15.3399   (Y': 15.3487   Cb: 14.2307   Cr: 16.7844 )
00000191: 15.3731   (Y': 15.3716   Cb: 14.3028   Cr: 16.8048 )
00000192: 15.3675   (Y': 15.3823   Cb: 14.2664   Cr: 16.7644 )
00000193: 15.3845   (Y': 15.4197   Cb: 14.2348   Cr: 16.7555 )
00000194: 15.3677   (Y': 15.348    Cb: 14.3652   Cr: 16.7812 )
00000195: 15.3192   (Y': 15.3203   Cb: 14.2448   Cr: 16.7433 )
00000196: 15.364    (Y': 15.3709   Cb: 14.2646   Cr: 16.8006 )
00000197: 15.307    (Y': 15.2998   Cb: 14.2879   Cr: 16.6803 )
00000198: 15.3561   (Y': 15.3575   Cb: 14.2856   Cr: 16.7723 )
00000199: 15.3311   (Y': 15.3204   Cb: 14.327    Cr: 16.6973 )
00000200: 15.3459   (Y': 15.3431   Cb: 14.2911   Cr: 16.7576 )
00000201: 15.3593   (Y': 15.3754   Cb: 14.2702   Cr: 16.7275 )
00000202: 15.3362   (Y': 15.3508   Cb: 14.2621   Cr: 16.6863 )
00000203: 15.3798   (Y': 15.3775   Cb: 14.3454   Cr: 16.7535 )
00000204: 15.3768   (Y': 15.3787   Cb: 14.3041   Cr: 16.7935 )
00000205: 15.3672   (Y': 15.3756   Cb: 14.301    Cr: 16.7374 )
00000206: 15.3627   (Y': 15.3428   Cb: 14.3506   Cr: 16.7939 )
00000207: 15.3897   (Y': 15.4085   Cb: 14.2689   Cr: 16.7995 )
00000208: 15.3722   (Y': 15.3833   Cb: 14.2728   Cr: 16.7862 )
00000209: 15.34     (Y': 15.3374   Cb: 14.2836   Cr: 16.7536 )
00000210: 15.3948   (Y': 15.4075   Cb: 14.2843   Cr: 16.8196 )
00000211: 15.3954   (Y': 15.408    Cb: 14.3374   Cr: 16.7282 )
00000212: 15.4352   (Y': 15.4542   Cb: 14.3181   Cr: 16.8373 )
00000213: 15.3695   (Y': 15.3745   Cb: 14.2932   Cr: 16.7757 )
00000214: 15.4095   (Y': 15.4171   Cb: 14.3505   Cr: 16.7715 )
00000215: 15.4118   (Y': 15.4252   Cb: 14.3396   Cr: 16.7654 )
00000216: 15.428    (Y': 15.4443   Cb: 14.3657   Cr: 16.7486 )
00000217: 15.4028   (Y': 15.4016   Cb: 14.332    Cr: 16.8338 )
00000218: 15.3542   (Y': 15.3611   Cb: 14.275    Cr: 16.7555 )
00000219: 15.3972   (Y': 15.3721   Cb: 14.3695   Cr: 16.8857 )
00000220: 15.3788   (Y': 15.3791   Cb: 14.2927   Cr: 16.8285 )
00000221: 15.3979   (Y': 15.4042   Cb: 14.3155   Cr: 16.808  )
00000222: 15.3861   (Y': 15.3563   Cb: 14.346    Cr: 16.9239 )
00000223: 15.3734   (Y': 15.3454   Cb: 14.3721   Cr: 16.8314 )
00000224: 15.3777   (Y': 15.3591   Cb: 14.3539   Cr: 16.8228 )
00000225: 15.3737   (Y': 15.3832   Cb: 14.282    Cr: 16.7824 )
00000226: 15.3597   (Y': 15.359    Cb: 14.2979   Cr: 16.7718 )
00000227: 15.3822   (Y': 15.4018   Cb: 14.2742   Cr: 16.7647 )
00000228: 15.3698   (Y': 15.3979   Cb: 14.204    Cr: 16.8097 )
00000229: 15.347    (Y': 15.3658   Cb: 14.2363   Cr: 16.7384 )
00000230: 15.4268   (Y': 15.45     Cb: 14.3493   Cr: 16.7361 )
00000231: 15.3745   (Y': 15.3454   Cb: 14.3763   Cr: 16.8336 )
00000232: 15.3714   (Y': 15.3648   Cb: 14.322    Cr: 16.7941 )
00000233: 15.3779   (Y': 15.3815   Cb: 14.3223   Cr: 16.7554 )
00000235: 15.3649   (Y': 15.3751   Cb: 14.2606   Cr: 16.7924 )
00000234: 15.3946   (Y': 15.3838   Cb: 14.3452   Cr: 16.8408 )
00000236: 15.3548   (Y': 15.3751   Cb: 14.2504   Cr: 16.7273 )
00000237: 15.3934   (Y': 15.3865   Cb: 14.3531   Cr: 16.8022 )
00000238: 15.3669   (Y': 15.3649   Cb: 14.3319   Cr: 16.7393 )
00000239: 15.3703   (Y': 15.3837   Cb: 14.2433   Cr: 16.8207 )
00000240: 15.3854   (Y': 15.3886   Cb: 14.3149   Cr: 16.7917 )
00000241: 15.405    (Y': 15.4332   Cb: 14.3066   Cr: 16.7242 )
00000242: 15.3908   (Y': 15.403    Cb: 14.2898   Cr: 16.801  )
00000243: 15.391    (Y': 15.391    Cb: 14.3197   Cr: 16.8164 )
00000244: 15.3615   (Y': 15.3603   Cb: 14.3058   Cr: 16.7655 )
00000245: 15.3991   (Y': 15.4025   Cb: 14.3359   Cr: 16.7914 )
00000246: 15.4048   (Y': 15.4093   Cb: 14.333    Cr: 16.806  )
00000247: 15.3771   (Y': 15.3882   Cb: 14.2729   Cr: 16.8    )
00000248: 15.3954   (Y': 15.4231   Cb: 14.2891   Cr: 16.7308 )
00000249: 15.4629   (Y': 15.5048   Cb: 14.3169   Cr: 16.7912 )
00000250: 15.4664   (Y': 15.5323   Cb: 14.2487   Cr: 16.7942 )
00000251: 15.5238   (Y': 15.581    Cb: 14.3527   Cr: 16.8153 )
00000252: 15.5323   (Y': 15.6055   Cb: 14.3415   Cr: 16.7741 )
00000253: 15.3927   (Y': 15.418    Cb: 14.2775   Cr: 16.7564 )
00000254: 15.3746   (Y': 15.4178   Cb: 14.2394   Cr: 16.6773 )
00000255: 15.3982   (Y': 15.4449   Cb: 14.2691   Cr: 16.6717 )
00000256: 15.4819   (Y': 15.517    Cb: 14.3306   Cr: 16.8572 )
00000259: 15.4102   (Y': 15.4813   Cb: 14.1869   Cr: 16.7199 )
00000258: 15.4462   (Y': 15.4784   Cb: 14.3254   Cr: 16.7823 )
00000257: 15.4091   (Y': 15.4656   Cb: 14.2642   Cr: 16.6586 )
00000260: 15.3886   (Y': 15.4462   Cb: 14.2206   Cr: 16.6721 )
00000261: 15.4738   (Y': 15.5658   Cb: 14.2459   Cr: 16.6828 )
00000262: 15.5255   (Y': 15.6301   Cb: 14.3029   Cr: 16.6603 )
00000263: 15.4878   (Y': 15.6025   Cb: 14.2132   Cr: 16.6616 )
00000264: 15.4735   (Y': 15.5736   Cb: 14.2338   Cr: 16.6604 )
00000265: 15.4573   (Y': 15.5649   Cb: 14.2028   Cr: 16.6319 )
00000266: 15.4827   (Y': 15.5927   Cb: 14.2305   Cr: 16.6417 )
00000267: 15.403    (Y': 15.508    Cb: 14.153    Cr: 16.5834 )
00000268: 15.4224   (Y': 15.5281   Cb: 14.1674   Cr: 16.6077 )
00000269: 15.412    (Y': 15.5114   Cb: 14.1666   Cr: 16.613  )
00000270: 15.3624   (Y': 15.447    Cb: 14.1433   Cr: 16.5942 )
00000271: 15.3979   (Y': 15.4916   Cb: 14.1675   Cr: 16.6019 )
00000272: 15.374    (Y': 15.4615   Cb: 14.1914   Cr: 16.5271 )
00000273: 15.3908   (Y': 15.5135   Cb: 14.1494   Cr: 16.4666 )
00000275: 15.4359   (Y': 15.5582   Cb: 14.152    Cr: 16.5875 )
00000274: 15.4002   (Y': 15.5167   Cb: 14.1671   Cr: 16.4934 )
00000276: 15.4399   (Y': 15.539    Cb: 14.2549   Cr: 16.5387 )
00000277: 15.4377   (Y': 15.5798   Cb: 14.1698   Cr: 16.4627 )
00000278: 15.9474   (Y': 16.271    Cb: 14.3324   Cr: 16.7216 )
00000279: 15.9453   (Y': 16.2241   Cb: 14.3679   Cr: 16.8565 )
00000280: 15.6897   (Y': 15.8774   Cb: 14.2951   Cr: 16.7102 )
00000281: 15.7275   (Y': 15.9279   Cb: 14.3208   Cr: 16.7079 )
00000283: 15.7432   (Y': 15.9679   Cb: 14.2911   Cr: 16.6872 )
00000282: 15.7021   (Y': 15.8815   Cb: 14.3646   Cr: 16.6648 )
00000284: 15.6876   (Y': 15.8505   Cb: 14.354    Cr: 16.7233 )
00000285: 15.8618   (Y': 16.1564   Cb: 14.2874   Cr: 16.6952 )
00000286: 15.5816   (Y': 15.6859   Cb: 14.3149   Cr: 16.7948 )
00000287: 15.5515   (Y': 15.6548   Cb: 14.3079   Cr: 16.7296 )
00000288: 15.4901   (Y': 15.6102   Cb: 14.2024   Cr: 16.6596 )
00000289: 15.4303   (Y': 15.5094   Cb: 14.208    Cr: 16.6959 )
00000290: 15.5822   (Y': 15.6869   Cb: 14.3043   Cr: 16.8135 )
00000291: 15.4928   (Y': 15.5674   Cb: 14.3511   Cr: 16.6427 )
00000292: 15.5125   (Y': 15.588    Cb: 14.3217   Cr: 16.7414 )
00000293: 15.4475   (Y': 15.5286   Cb: 14.2891   Cr: 16.5919 )
00000294: 15.5259   (Y': 15.6358   Cb: 14.312    Cr: 16.6194 )
00000295: 15.4786   (Y': 15.5824   Cb: 14.2762   Cr: 16.5827 )
00000296: 15.4254   (Y': 15.4798   Cb: 14.2702   Cr: 16.7038 )
00000297: 15.396    (Y': 15.451    Cb: 14.2783   Cr: 16.606  )
00000298: 15.4175   (Y': 15.454    Cb: 14.2958   Cr: 16.7321 )
00000299: 15.3799   (Y': 15.4593   Cb: 14.1899   Cr: 16.5876 )
00000300: 15.4351   (Y': 15.4557   Cb: 14.3661   Cr: 16.7439 )
00000301: 15.4159   (Y': 15.4739   Cb: 14.2367   Cr: 16.7168 )
00000302: 15.4352   (Y': 15.4845   Cb: 14.3067   Cr: 16.6938 )
00000303: 15.4387   (Y': 15.4855   Cb: 14.2964   Cr: 16.7345 )
00000304: 15.4572   (Y': 15.5031   Cb: 14.3124   Cr: 16.7627 )
00000305: 15.4668   (Y': 15.5065   Cb: 14.3387   Cr: 16.7756 )
00000307: 15.4662   (Y': 15.5005   Cb: 14.3358   Cr: 16.8084 )
00000306: 15.4521   (Y': 15.5015   Cb: 14.3415   Cr: 16.6794 )
00000308: 15.4765   (Y': 15.5276   Cb: 14.3351   Cr: 16.7478 )
00000309: 15.4245   (Y': 15.4814   Cb: 14.2634   Cr: 16.6995 )
00000310: 15.4705   (Y': 15.507    Cb: 14.3236   Cr: 16.8299 )
00000311: 15.4513   (Y': 15.4795   Cb: 14.3286   Cr: 16.813  )
00000312: 15.4472   (Y': 15.4997   Cb: 14.3257   Cr: 16.6771 )
00000313: 15.4663   (Y': 15.5041   Cb: 14.3373   Cr: 16.7876 )
00000314: 15.4377   (Y': 15.507    Cb: 14.2271   Cr: 16.7342 )
00000315: 15.4483   (Y': 15.5048   Cb: 14.2603   Cr: 16.7734 )
00000316: 15.4374   (Y': 15.4891   Cb: 14.332    Cr: 16.6435 )
00000317: 15.4488   (Y': 15.4904   Cb: 14.2761   Cr: 16.8269 )
00000318: 15.4678   (Y': 15.5183   Cb: 14.2989   Cr: 16.7908 )
00000319: 15.4719   (Y': 15.5097   Cb: 14.3216   Cr: 16.8302 )
00000320: 15.4463   (Y': 15.4957   Cb: 14.2838   Cr: 16.7642 )
00000321: 15.4611   (Y': 15.5301   Cb: 14.3009   Cr: 16.6712 )
00000323: 15.4884   (Y': 15.531    Cb: 14.317    Cr: 16.8581 )
00000322: 15.4659   (Y': 15.5296   Cb: 14.2811   Cr: 16.7466 )
00000324: 15.482    (Y': 15.5402   Cb: 14.2998   Cr: 16.7876 )
00000325: 15.4834   (Y': 15.5362   Cb: 14.3438   Cr: 16.7433 )
00000326: 15.4389   (Y': 15.4859   Cb: 14.2938   Cr: 16.7388 )
00000327: 15.4841   (Y': 15.5388   Cb: 14.3241   Cr: 16.7689 )
00000328: 15.4737   (Y': 15.5338   Cb: 14.3023   Cr: 16.7499 )
00000329: 15.4541   (Y': 15.5184   Cb: 14.2768   Cr: 16.7188 )
00000330: 15.4832   (Y': 15.5473   Cb: 14.2425   Cr: 16.8623 )
00000331: 15.4857   (Y': 15.5846   Cb: 14.2646   Cr: 16.6467 )
00000332: 15.4773   (Y': 15.526    Cb: 14.3604   Cr: 16.7193 )
00000333: 15.4549   (Y': 15.5138   Cb: 14.2978   Cr: 16.7122 )
00000334: 15.4679   (Y': 15.5273   Cb: 14.2544   Cr: 16.8229 )
00000335: 15.4339   (Y': 15.4963   Cb: 14.2611   Cr: 16.7007 )
00000336: 15.4248   (Y': 15.4711   Cb: 14.3271   Cr: 16.6461 )
00000337: 15.3909   (Y': 15.4222   Cb: 14.287    Cr: 16.7029 )
00000339: 15.3695   (Y': 15.3961   Cb: 14.2294   Cr: 16.7706 )
00000338: 15.3755   (Y': 15.4193   Cb: 14.2348   Cr: 16.685  )
00000340: 15.357    (Y': 15.4299   Cb: 14.1664   Cr: 16.5992 )
00000341: 15.3642   (Y': 15.4149   Cb: 14.2113   Cr: 16.6574 )
00000343: 15.4102   (Y': 15.4612   Cb: 14.2787   Cr: 16.6649 )
00000342: 15.4103   (Y': 15.4426   Cb: 14.2704   Cr: 16.7802 )
00000344: 15.402    (Y': 15.4487   Cb: 14.2495   Cr: 16.7159 )
00000345: 15.413    (Y': 15.477    Cb: 14.2156   Cr: 16.7151 )
00000347: 15.4021   (Y': 15.4416   Cb: 14.294    Cr: 16.6772 )
00000346: 15.3873   (Y': 15.437    Cb: 14.178    Cr: 16.787  )
00000348: 15.4181   (Y': 15.4592   Cb: 14.319    Cr: 16.6698 )
00000349: 15.3643   (Y': 15.4007   Cb: 14.2501   Cr: 16.6666 )
00000350: 15.4028   (Y': 15.4472   Cb: 14.2585   Cr: 16.7153 )
00000351: 15.3808   (Y': 15.4335   Cb: 14.2259   Cr: 16.6667 )
00000352: 15.3624   (Y': 15.4244   Cb: 14.2509   Cr: 16.5254 )
00000353: 15.3675   (Y': 15.412    Cb: 14.2232   Cr: 16.6794 )
00000354: 15.3782   (Y': 15.4052   Cb: 14.2707   Cr: 16.7193 )
00000355: 15.3639   (Y': 15.4236   Cb: 14.2018   Cr: 16.6261 )
00000356: 15.3949   (Y': 15.4315   Cb: 14.2905   Cr: 16.6789 )
00000357: 15.3881   (Y': 15.4188   Cb: 14.2263   Cr: 16.8054 )
00000358: 15.3966   (Y': 15.4392   Cb: 14.2536   Cr: 16.716  )
00000359: 15.4345   (Y': 15.5083   Cb: 14.2661   Cr: 16.6338 )
00000360: 15.4371   (Y': 15.4958   Cb: 14.2847   Cr: 16.6875 )
00000361: 15.4262   (Y': 15.4929   Cb: 14.2545   Cr: 16.668  )
00000362: 15.4325   (Y': 15.4571   Cb: 14.3368   Cr: 16.7661 )
00000363: 15.4106   (Y': 15.4621   Cb: 14.2993   Cr: 16.6282 )
00000364: 15.4138   (Y': 15.453    Cb: 14.2759   Cr: 16.7425 )
00000365: 15.3987   (Y': 15.4471   Cb: 14.2477   Cr: 16.7017 )
00000366: 15.405    (Y': 15.4501   Cb: 14.2552   Cr: 16.7233 )
00000367: 15.4716   (Y': 15.544    Cb: 14.3368   Cr: 16.6209 )
00000368: 15.4341   (Y': 15.5073   Cb: 14.261    Cr: 16.6442 )
00000369: 15.4821   (Y': 15.5568   Cb: 14.289    Cr: 16.7201 )
00000370: 15.4783   (Y': 15.5539   Cb: 14.2998   Cr: 16.6854 )
00000371: 15.4567   (Y': 15.5399   Cb: 14.2821   Cr: 16.6184 )
00000372: 15.4899   (Y': 15.5438   Cb: 14.3565   Cr: 16.7327 )
00000373: 15.4571   (Y': 15.5386   Cb: 14.2515   Cr: 16.681  )
00000374: 15.4436   (Y': 15.5113   Cb: 14.255    Cr: 16.7104 )
00000375: 15.4566   (Y': 15.5323   Cb: 14.3004   Cr: 16.6253 )
00000376: 15.4539   (Y': 15.5352   Cb: 14.2826   Cr: 16.6194 )
00000377: 15.4248   (Y': 15.4629   Cb: 14.3124   Cr: 16.7151 )
00000379: 15.438    (Y': 15.4857   Cb: 14.3037   Cr: 16.7149 )
00000378: 15.4339   (Y': 15.4968   Cb: 14.2494   Cr: 16.7185 )
00000380: 15.4642   (Y': 15.5341   Cb: 14.2223   Cr: 16.8141 )
00000381: 15.4296   (Y': 15.4926   Cb: 14.267    Cr: 16.675  )
00000382: 15.4721   (Y': 15.5221   Cb: 14.2856   Cr: 16.8287 )
00000383: 15.4501   (Y': 15.4996   Cb: 14.2771   Cr: 16.7859 )
00000384: 15.4437   (Y': 15.4909   Cb: 14.2892   Cr: 16.7585 )
00000385: 15.4577   (Y': 15.5043   Cb: 14.3171   Cr: 16.7516 )
00000387: 15.4603   (Y': 15.5124   Cb: 14.2694   Cr: 16.8143 )
00000386: 15.4711   (Y': 15.5541   Cb: 14.2594   Cr: 16.6978 )
00000388: 15.4982   (Y': 15.588    Cb: 14.275    Cr: 16.7097 )
00000389: 15.4726   (Y': 15.5136   Cb: 14.3276   Cr: 16.8044 )
00000390: 15.4657   (Y': 15.5379   Cb: 14.2761   Cr: 16.71   )
00000391: 15.4713   (Y': 15.5573   Cb: 14.2508   Cr: 16.6982 )
00000392: 15.4097   (Y': 15.463    Cb: 14.2718   Cr: 16.6633 )
00000393: 15.4186   (Y': 15.4852   Cb: 14.2492   Cr: 16.6571 )
00000394: 15.4241   (Y': 15.4983   Cb: 14.2403   Cr: 16.6479 )
00000395: 15.4484   (Y': 15.5121   Cb: 14.283    Cr: 16.6952 )
00000396: 15.4304   (Y': 15.497    Cb: 14.2601   Cr: 16.6704 )
00000397: 15.4526   (Y': 15.5289   Cb: 14.2963   Cr: 16.6186 )
00000398: 15.4677   (Y': 15.5552   Cb: 14.2617   Cr: 16.6609 )
00000399: 15.4699   (Y': 15.5395   Cb: 14.3182   Cr: 16.6625 )
00000400: 15.4414   (Y': 15.5132   Cb: 14.3022   Cr: 16.601  )
00000401: 15.4677   (Y': 15.5548   Cb: 14.2842   Cr: 16.6248 )
00000402: 15.4733   (Y': 15.5583   Cb: 14.2761   Cr: 16.665  )
00000403: 15.5058   (Y': 15.5941   Cb: 14.2422   Cr: 16.7969 )
00000404: 15.5084   (Y': 15.5582   Cb: 14.3836   Cr: 16.7578 )
00000405: 15.4736   (Y': 15.5725   Cb: 14.2811   Cr: 16.5856 )
00000406: 15.4782   (Y': 15.5209   Cb: 14.3293   Cr: 16.8079 )
00000407: 15.4816   (Y': 15.545    Cb: 14.2983   Cr: 16.7618 )
00000408: 15.481    (Y': 15.5266   Cb: 14.3308   Cr: 16.7971 )
00000409: 15.4567   (Y': 15.5186   Cb: 14.2675   Cr: 16.7552 )
00000410: 15.4773   (Y': 15.5422   Cb: 14.3068   Cr: 16.727  )
00000411: 15.4663   (Y': 15.5284   Cb: 14.2742   Cr: 16.7682 )
00000412: 15.4671   (Y': 15.5468   Cb: 14.2916   Cr: 16.6483 )
00000413: 15.4593   (Y': 15.5374   Cb: 14.3103   Cr: 16.6036 )
00000414: 15.4631   (Y': 15.5167   Cb: 14.2838   Cr: 16.7882 )
00000415: 15.4383   (Y': 15.5039   Cb: 14.2353   Cr: 16.7416 )
00000416: 15.424    (Y': 15.4827   Cb: 14.2441   Cr: 16.7227 )
00000417: 15.3978   (Y': 15.4718   Cb: 14.2899   Cr: 16.4931 )
00000418: 15.4302   (Y': 15.4937   Cb: 14.2558   Cr: 16.6941 )
00000419: 15.4316   (Y': 15.4769   Cb: 14.3249   Cr: 16.6732 )
00000420: 15.4168   (Y': 15.4533   Cb: 14.3068   Cr: 16.7108 )
00000421: 15.4197   (Y': 15.4721   Cb: 14.3045   Cr: 16.6387 )
00000422: 15.4292   (Y': 15.4771   Cb: 14.3201   Cr: 16.6618 )
00000423: 15.3944   (Y': 15.4539   Cb: 14.2235   Cr: 16.6726 )
00000424: 15.3708   (Y': 15.4434   Cb: 14.1769   Cr: 16.6209 )
00000425: 15.4018   (Y': 15.4514   Cb: 14.3485   Cr: 16.5315 )
00000426: 15.4186   (Y': 15.4703   Cb: 14.2548   Cr: 16.7264 )
00000427: 15.4089   (Y': 15.4524   Cb: 14.3069   Cr: 16.6528 )
00000428: 15.4281   (Y': 15.4956   Cb: 14.2112   Cr: 16.746  )
00000429: 15.4528   (Y': 15.4971   Cb: 14.3021   Cr: 16.7768 )
00000430: 15.4362   (Y': 15.4745   Cb: 14.3228   Cr: 16.7268 )
00000431: 15.4471   (Y': 15.4769   Cb: 14.313    Cr: 16.82   )
00000432: 15.4693   (Y': 15.5569   Cb: 14.2518   Cr: 16.6823 )
00000433: 15.4692   (Y': 15.5543   Cb: 14.2352   Cr: 16.7241 )
00000434: 15.4464   (Y': 15.5013   Cb: 14.2516   Cr: 16.7922 )
00000435: 15.4482   (Y': 15.5083   Cb: 14.3075   Cr: 16.6711 )
00000436: 15.4087   (Y': 15.4667   Cb: 14.2444   Cr: 16.6838 )
00000437: 15.4062   (Y': 15.455    Cb: 14.3139   Cr: 16.6058 )
00000438: 15.4372   (Y': 15.4927   Cb: 14.2825   Cr: 16.7078 )
00000439: 15.3999   (Y': 15.4498   Cb: 14.2727   Cr: 16.6535 )
00000440: 15.4195   (Y': 15.4679   Cb: 14.2694   Cr: 16.7201 )
00000441: 15.4438   (Y': 15.5028   Cb: 14.2969   Cr: 16.6835 )
00000442: 15.4352   (Y': 15.4958   Cb: 14.2873   Cr: 16.6675 )
00000444: 15.4222   (Y': 15.459    Cb: 14.3275   Cr: 16.6881 )
00000443: 15.3966   (Y': 15.4689   Cb: 14.1887   Cr: 16.6725 )
00000445: 15.4677   (Y': 15.5329   Cb: 14.298    Cr: 16.714  )
00000446: 15.4997   (Y': 15.5912   Cb: 14.3171   Cr: 16.6328 )
00000447: 15.505    (Y': 15.5674   Cb: 14.3053   Cr: 16.8196 )
00000448: 15.4403   (Y': 15.5179   Cb: 14.2403   Cr: 16.6745 )
00000450: 15.4683   (Y': 15.5549   Cb: 14.2536   Cr: 16.6818 )
00000449: 15.5098   (Y': 15.5973   Cb: 14.3013   Cr: 16.7079 )
00000452: 15.4669   (Y': 15.5432   Cb: 14.3018   Cr: 16.6478 )
00000451: 15.4559   (Y': 15.5242   Cb: 14.2667   Cr: 16.7202 )
00000453: 15.4745   (Y': 15.5386   Cb: 14.2982   Cr: 16.738  )
00000454: 15.4702   (Y': 15.5231   Cb: 14.3033   Cr: 16.7768 )
00000455: 15.452    (Y': 15.5219   Cb: 14.2552   Cr: 16.7214 )
00000456: 15.4414   (Y': 15.51     Cb: 14.2729   Cr: 16.6679 )
00000457: 15.4659   (Y': 15.5314   Cb: 14.2712   Cr: 16.7553 )
00000458: 15.431    (Y': 15.5134   Cb: 14.2586   Cr: 16.5935 )
00000459: 15.4383   (Y': 15.5056   Cb: 14.2379   Cr: 16.7277 )
00000460: 15.442    (Y': 15.5224   Cb: 14.2282   Cr: 16.6859 )
00000461: 15.4353   (Y': 15.4975   Cb: 14.2754   Cr: 16.6801 )
00000462: 15.4318   (Y': 15.4757   Cb: 14.2827   Cr: 16.755  )
00000463: 15.4342   (Y': 15.4809   Cb: 14.3227   Cr: 16.677  )
00000464: 15.4237   (Y': 15.4704   Cb: 14.2924   Cr: 16.7014 )
00000465: 15.395    (Y': 15.4361   Cb: 14.2517   Cr: 16.7228 )
00000466: 15.4215   (Y': 15.4591   Cb: 14.2839   Cr: 16.7584 )
00000467: 15.4005   (Y': 15.4525   Cb: 14.2425   Cr: 16.6964 )
00000468: 15.3885   (Y': 15.4322   Cb: 14.2763   Cr: 16.6485 )
00000469: 15.3711   (Y': 15.4099   Cb: 14.2276   Cr: 16.7122 )
00000470: 15.3927   (Y': 15.4372   Cb: 14.2577   Cr: 16.6878 )
00000471: 15.3966   (Y': 15.4413   Cb: 14.2746   Cr: 16.6679 )
00000472: 15.3826   (Y': 15.4106   Cb: 14.2581   Cr: 16.748  )
00000473: 15.3788   (Y': 15.4297   Cb: 14.1873   Cr: 16.7402 )
00000475: 15.3903   (Y': 15.447    Cb: 14.2435   Cr: 16.6421 )
00000474: 15.4107   (Y': 15.4556   Cb: 14.2729   Cr: 16.7086 )
00000476: 15.4052   (Y': 15.4555   Cb: 14.2734   Cr: 16.6644 )
00000477: 15.4054   (Y': 15.4585   Cb: 14.2277   Cr: 16.73   )
00000478: 15.4121   (Y': 15.4659   Cb: 14.2962   Cr: 16.6252 )
00000479: 15.4033   (Y': 15.4626   Cb: 14.2225   Cr: 16.7008 )
00000480: 15.3814   (Y': 15.436    Cb: 14.2229   Cr: 16.6637 )
00000481: 15.4013   (Y': 15.4463   Cb: 14.2752   Cr: 16.6784 )
00000482: 15.3835   (Y': 15.4357   Cb: 14.2259   Cr: 16.6776 )
00000483: 15.3846   (Y': 15.4398   Cb: 14.2584   Cr: 16.6085 )
00000484: 15.401    (Y': 15.453    Cb: 14.2568   Cr: 16.6727 )
00000485: 15.3811   (Y': 15.4137   Cb: 14.2892   Cr: 16.6651 )
00000486: 15.3871   (Y': 15.4392   Cb: 14.1814   Cr: 16.7679 )
00000487: 15.3985   (Y': 15.4197   Cb: 14.3125   Cr: 16.7336 )
00000488: 15.4101   (Y': 15.4508   Cb: 14.2937   Cr: 16.6931 )
00000489: 15.3806   (Y': 15.4414   Cb: 14.217    Cr: 16.6397 )
00000490: 15.3827   (Y': 15.4378   Cb: 14.2553   Cr: 16.6091 )
00000491: 15.3892   (Y': 15.4422   Cb: 14.2415   Cr: 16.662  )
00000492: 15.4116   (Y': 15.4457   Cb: 14.3461   Cr: 16.6427 )
00000493: 15.3971   (Y': 15.4633   Cb: 14.1874   Cr: 16.7085 )
00000494: 15.4149   (Y': 15.4468   Cb: 14.2649   Cr: 16.8046 )
00000495: 15.378    (Y': 15.4456   Cb: 14.2275   Cr: 16.5787 )
00000496: 15.4038   (Y': 15.4506   Cb: 14.2821   Cr: 16.6639 )
00000497: 15.4181   (Y': 15.4702   Cb: 14.2584   Cr: 16.7167 )
00000498: 15.4162   (Y': 15.4502   Cb: 14.3133   Cr: 16.7115 )
00000499: 15.3726   (Y': 15.4241   Cb: 14.2091   Cr: 16.6801 )
00000500: 15.392    (Y': 15.4438   Cb: 14.2452   Cr: 16.6694 )
00000501: 15.4056   (Y': 15.4539   Cb: 14.2531   Cr: 16.7111 )
00000502: 15.4008   (Y': 15.4293   Cb: 14.2914   Cr: 16.7375 )
00000503: 15.4035   (Y': 15.4598   Cb: 14.2356   Cr: 16.6936 )
00000504: 15.4133   (Y': 15.4793   Cb: 14.2575   Cr: 16.6318 )
00000505: 15.4117   (Y': 15.4289   Cb: 14.2886   Cr: 16.8339 )
00000506: 15.41     (Y': 15.4704   Cb: 14.2649   Cr: 16.639  )
00000507: 15.4249   (Y': 15.4617   Cb: 14.3284   Cr: 16.6949 )
00000508: 15.4104   (Y': 15.4392   Cb: 14.3472   Cr: 16.6652 )
00000509: 15.4207   (Y': 15.5012   Cb: 14.2514   Cr: 16.5872 )
00000510: 15.4449   (Y': 15.5321   Cb: 14.2651   Cr: 16.5947 )
00000511: 15.4384   (Y': 15.508    Cb: 14.2594   Cr: 16.6777 )
00000512: 15.4777   (Y': 15.5775   Cb: 14.2515   Cr: 16.643  )
00000513: 15.4521   (Y': 15.5164   Cb: 14.3193   Cr: 16.6394 )
00000514: 15.4324   (Y': 15.512    Cb: 14.245    Cr: 16.6341 )
00000516: 15.4764   (Y': 15.5332   Cb: 14.3007   Cr: 16.7781 )
00000515: 15.5024   (Y': 15.6057   Cb: 14.2952   Cr: 16.6176 )
00000517: 15.4583   (Y': 15.5389   Cb: 14.2556   Cr: 16.6815 )
00000518: 15.5734   (Y': 15.6895   Cb: 14.2559   Cr: 16.8163 )
00000519: 15.4957   (Y': 15.6048   Cb: 14.2358   Cr: 16.6728 )
00000520: 15.466    (Y': 15.571    Cb: 14.2314   Cr: 16.6197 )
00000521: 15.4618   (Y': 15.5447   Cb: 14.2305   Cr: 16.724  )
00000522: 15.5555   (Y': 15.6458   Cb: 14.3277   Cr: 16.7725 )
00000524: 15.4751   (Y': 15.5224   Cb: 14.3627   Cr: 16.7163 )
00000523: 15.5352   (Y': 15.6208   Cb: 14.2982   Cr: 16.7938 )
00000525: 15.475    (Y': 15.5443   Cb: 14.3059   Cr: 16.6986 )
00000526: 15.4709   (Y': 15.5583   Cb: 14.2474   Cr: 16.6956 )
00000527: 15.4088   (Y': 15.4859   Cb: 14.2394   Cr: 16.5929 )
00000528: 15.3993   (Y': 15.4553   Cb: 14.2787   Cr: 16.6093 )
00000529: 15.4142   (Y': 15.4883   Cb: 14.2041   Cr: 16.6847 )
00000530: 15.4076   (Y': 15.456    Cb: 14.2526   Cr: 16.7174 )
00000532: 15.4173   (Y': 15.4982   Cb: 14.2363   Cr: 16.6015 )
00000531: 15.4182   (Y': 15.478    Cb: 14.2398   Cr: 16.7084 )
00000533: 15.4223   (Y': 15.4819   Cb: 14.2506   Cr: 16.7024 )
00000534: 15.4252   (Y': 15.4831   Cb: 14.2291   Cr: 16.7567 )
00000535: 15.4389   (Y': 15.5166   Cb: 14.2253   Cr: 16.6968 )
00000536: 15.3931   (Y': 15.4428   Cb: 14.2499   Cr: 16.6756 )
00000537: 15.4089   (Y': 15.4653   Cb: 14.2297   Cr: 16.7184 )
00000538: 15.3953   (Y': 15.4308   Cb: 14.2862   Cr: 16.6935 )
00000539: 15.4275   (Y': 15.4907   Cb: 14.2505   Cr: 16.6974 )
00000540: 15.4494   (Y': 15.5308   Cb: 14.2272   Cr: 16.7033 )
00000541: 15.4975   (Y': 15.5482   Cb: 14.336    Cr: 16.8065 )
00000542: 15.4587   (Y': 15.5638   Cb: 14.2253   Cr: 16.6098 )
00000543: 15.4392   (Y': 15.4884   Cb: 14.306    Cr: 16.7071 )
00000544: 15.4216   (Y': 15.4839   Cb: 14.2197   Cr: 16.7401 )
00000545: 15.4208   (Y': 15.4822   Cb: 14.223    Cr: 16.7365 )
00000546: 15.4662   (Y': 15.525    Cb: 14.3284   Cr: 16.6908 )
00000547: 15.5268   (Y': 15.5808   Cb: 14.4057   Cr: 16.748  )
00000548: 15.5404   (Y': 15.6137   Cb: 14.3604   Cr: 16.7621 )
00000549: 15.5377   (Y': 15.6003   Cb: 14.3779   Cr: 16.7807 )
00000550: 15.5091   (Y': 15.579    Cb: 14.3226   Cr: 16.7601 )
00000551: 15.4671   (Y': 15.4826   Cb: 14.3483   Cr: 16.8909 )
00000552: 15.5174   (Y': 15.5939   Cb: 14.3677   Cr: 16.6706 )
00000553: 15.4401   (Y': 15.5056   Cb: 14.276    Cr: 16.6749 )
00000554: 15.4819   (Y': 15.5544   Cb: 14.2863   Cr: 16.7353 )
00000556: 15.5416   (Y': 15.6056   Cb: 14.3522   Cr: 16.8283 )
00000555: 15.4909   (Y': 15.5453   Cb: 14.3062   Cr: 16.8207 )
00000557: 15.543    (Y': 15.6381   Cb: 14.295    Cr: 16.771  )
00000558: 15.4919   (Y': 15.5743   Cb: 14.2592   Cr: 16.759  )
00000559: 15.5493   (Y': 15.6181   Cb: 14.3899   Cr: 16.7591 )
00000560: 15.5454   (Y': 15.6528   Cb: 14.3177   Cr: 16.6746 )
00000561: 15.516    (Y': 15.615    Cb: 14.2865   Cr: 16.6909 )
00000562: 15.5663   (Y': 15.6511   Cb: 14.3276   Cr: 16.8309 )
00000563: 15.586    (Y': 15.6638   Cb: 14.4008   Cr: 16.7932 )
00000564: 15.6638   (Y': 15.8374   Cb: 14.2839   Cr: 16.7276 )
00000565: 15.5867   (Y': 15.6942   Cb: 14.3188   Cr: 16.786  )
00000566: 15.565    (Y': 15.6795   Cb: 14.3217   Cr: 16.6856 )
00000567: 15.5252   (Y': 15.6124   Cb: 14.3292   Cr: 16.7027 )
00000568: 15.4578   (Y': 15.5525   Cb: 14.2024   Cr: 16.7005 )
00000569: 15.5071   (Y': 15.6263   Cb: 14.252    Cr: 16.6241 )
00000570: 15.5287   (Y': 15.6405   Cb: 14.2399   Cr: 16.7425 )
00000571: 15.4744   (Y': 15.5128   Cb: 14.322    Cr: 16.8332 )
00000572: 15.4549   (Y': 15.5505   Cb: 14.2715   Cr: 16.5685 )
00000573: 15.4508   (Y': 15.5019   Cb: 14.3145   Cr: 16.7132 )
00000574: 15.447    (Y': 15.5243   Cb: 14.2365   Cr: 16.7009 )
00000575: 15.4656   (Y': 15.5763   Cb: 14.2142   Cr: 16.6195 )
00000576: 15.5204   (Y': 15.6176   Cb: 14.2557   Cr: 16.7666 )
00000577: 15.5039   (Y': 15.6151   Cb: 14.2736   Cr: 16.6187 )
00000578: 15.5103   (Y': 15.6021   Cb: 14.2963   Cr: 16.6958 )
00000579: 15.526    (Y': 15.6158   Cb: 14.3037   Cr: 16.7366 )
00000580: 15.5165   (Y': 15.6119   Cb: 14.2787   Cr: 16.7249 )
00000581: 15.6514   (Y': 15.7822   Cb: 14.3007   Cr: 16.8784 )
00000582: 15.6029   (Y': 15.7533   Cb: 14.2912   Cr: 16.662  )
00000583: 15.4905   (Y': 15.5937   Cb: 14.2927   Cr: 16.5898 )
00000584: 15.5638   (Y': 15.6586   Cb: 14.3589   Cr: 16.7185 )
00000585: 15.5745   (Y': 15.698    Cb: 14.2723   Cr: 16.7518 )
00000586: 15.4692   (Y': 15.5969   Cb: 14.1544   Cr: 16.6476 )
00000587: 15.5156   (Y': 15.6696   Cb: 14.1742   Cr: 16.6088 )
00000588: 15.4223   (Y': 15.5336   Cb: 14.174    Cr: 16.568  )
00000590: 15.588    (Y': 15.7191   Cb: 14.2559   Cr: 16.7805 )
00000589: 15.4932   (Y': 15.5849   Cb: 14.2832   Cr: 16.672  )
00000591: 15.4908   (Y': 15.595    Cb: 14.2317   Cr: 16.6911 )
00000592: 15.4736   (Y': 15.5774   Cb: 14.2146   Cr: 16.6758 )
00000593: 15.5391   (Y': 15.6445   Cb: 14.2725   Cr: 16.7464 )
00000594: 15.46     (Y': 15.5626   Cb: 14.2202   Cr: 16.635  )
00000595: 15.5289   (Y': 15.6592   Cb: 14.2584   Cr: 16.6169 )
00000596: 15.5118   (Y': 15.6557   Cb: 14.2049   Cr: 16.5951 )
00000597: 15.5037   (Y': 15.6202   Cb: 14.2637   Cr: 16.608  )
00000598: 15.477    (Y': 15.5915   Cb: 14.2372   Cr: 16.5914 )
00000599: 15.439    (Y': 15.5253   Cb: 14.2117   Cr: 16.676  )
00000600: 15.4561   (Y': 15.5621   Cb: 14.2522   Cr: 16.5519 )
00000601: 15.4204   (Y': 15.5057   Cb: 14.2477   Cr: 16.5684 )
00000602: 15.4753   (Y': 15.615    Cb: 14.1716   Cr: 16.5734 )
00000603: 15.4846   (Y': 15.5984   Cb: 14.2352   Cr: 16.6193 )
00000604: 15.4604   (Y': 15.59     Cb: 14.1879   Cr: 16.5553 )
00000605: 15.4927   (Y': 15.593    Cb: 14.2541   Cr: 16.6771 )
00000606: 15.4866   (Y': 15.5838   Cb: 14.224    Cr: 16.7291 )
00000607: 15.504    (Y': 15.6434   Cb: 14.2047   Cr: 16.5966 )
00000608: 15.4895   (Y': 15.6239   Cb: 14.2312   Cr: 16.5363 )
00000609: 15.4885   (Y': 15.5643   Cb: 14.2863   Cr: 16.7362 )
00000610: 15.5025   (Y': 15.6015   Cb: 14.272    Cr: 16.6798 )
00000611: 15.4744   (Y': 15.5617   Cb: 14.2705   Cr: 16.6653 )
00000612: 15.4815   (Y': 15.5886   Cb: 14.2953   Cr: 16.5418 )
00000613: 15.5307   (Y': 15.6114   Cb: 14.3471   Cr: 16.72   )
00000614: 15.487    (Y': 15.5737   Cb: 14.2741   Cr: 16.6971 )
00000615: 15.4632   (Y': 15.5573   Cb: 14.2047   Cr: 16.715  )
00000616: 15.4868   (Y': 15.5654   Cb: 14.2439   Cr: 16.7925 )
00000617: 15.4546   (Y': 15.5575   Cb: 14.2114   Cr: 16.6335 )
00000618: 15.4269   (Y': 15.5146   Cb: 14.2206   Cr: 16.6197 )
00000619: 15.4586   (Y': 15.5456   Cb: 14.2488   Cr: 16.6614 )
00000620: 15.493    (Y': 15.596    Cb: 14.3021   Cr: 16.5816 )
00000621: 15.4298   (Y': 15.5071   Cb: 14.2395   Cr: 16.6494 )
00000622: 15.5118   (Y': 15.5984   Cb: 14.2924   Cr: 16.7334 )
00000623: 15.4648   (Y': 15.5683   Cb: 14.2122   Cr: 16.6572 )
00000624: 15.4332   (Y': 15.5172   Cb: 14.2637   Cr: 16.5816 )
00000625: 15.444    (Y': 15.5401   Cb: 14.2296   Cr: 16.6079 )
00000626: 15.4542   (Y': 15.5408   Cb: 14.2653   Cr: 16.6229 )
00000627: 15.4875   (Y': 15.5879   Cb: 14.2651   Cr: 16.643  )
00000628: 15.4953   (Y': 15.6044   Cb: 14.2384   Cr: 16.6663 )
00000629: 15.4592   (Y': 15.5606   Cb: 14.2599   Cr: 16.5706 )
00000630: 15.4721   (Y': 15.5716   Cb: 14.2421   Cr: 16.6458 )
00000631: 15.4446   (Y': 15.5328   Cb: 14.2299   Cr: 16.6496 )
00000632: 15.4152   (Y': 15.4892   Cb: 14.2522   Cr: 16.6043 )
00000633: 15.4396   (Y': 15.5188   Cb: 14.2633   Cr: 16.6248 )
00000634: 15.4332   (Y': 15.5113   Cb: 14.2347   Cr: 16.6627 )
00000635: 15.4451   (Y': 15.4919   Cb: 14.3161   Cr: 16.7176 )
00000636: 15.4417   (Y': 15.5132   Cb: 14.2535   Cr: 16.687  )
00000637: 15.4167   (Y': 15.4615   Cb: 14.27     Cr: 16.7311 )
00000638: 15.4092   (Y': 15.4427   Cb: 14.3398   Cr: 16.6495 )
00000639: 15.4013   (Y': 15.462    Cb: 14.2758   Cr: 16.595  )
00000640: 15.3968   (Y': 15.4602   Cb: 14.2533   Cr: 16.6073 )
00000641: 15.3677   (Y': 15.4133   Cb: 14.2586   Cr: 16.6122 )
00000642: 15.4359   (Y': 15.4843   Cb: 14.3159   Cr: 16.6849 )
00000643: 15.3903   (Y': 15.4409   Cb: 14.2684   Cr: 16.6303 )
00000644: 15.4052   (Y': 15.4624   Cb: 14.2568   Cr: 16.6567 )
00000645: 15.4002   (Y': 15.4517   Cb: 14.2715   Cr: 16.648  )
00000646: 15.3669   (Y': 15.4242   Cb: 14.2104   Cr: 16.6322 )
00000647: 15.3858   (Y': 15.4301   Cb: 14.2922   Cr: 16.6104 )
00000648: 15.4021   (Y': 15.485    Cb: 14.2066   Cr: 16.6011 )
00000649: 15.3825   (Y': 15.4509   Cb: 14.2921   Cr: 16.4774 )
00000650: 15.3835   (Y': 15.4478   Cb: 14.2777   Cr: 16.5249 )
00000652: 15.4268   (Y': 15.4833   Cb: 14.2534   Cr: 16.7261 )
00000651: 15.3904   (Y': 15.4499   Cb: 14.2241   Cr: 16.6609 )
00000653: 15.4039   (Y': 15.4582   Cb: 14.2216   Cr: 16.7302 )
00000654: 15.4403   (Y': 15.4926   Cb: 14.3011   Cr: 16.7014 )
00000655: 15.3988   (Y': 15.4414   Cb: 14.2562   Cr: 16.7179 )
00000656: 15.4029   (Y': 15.4477   Cb: 14.3135   Cr: 16.6174 )
00000657: 15.3935   (Y': 15.4314   Cb: 14.2707   Cr: 16.7023 )
00000658: 15.4163   (Y': 15.4661   Cb: 14.3048   Cr: 16.6432 )
00000659: 15.398    (Y': 15.4626   Cb: 14.2264   Cr: 16.6508 )
00000660: 15.4092   (Y': 15.4517   Cb: 14.2737   Cr: 16.7162 )
00000662: 15.4113   (Y': 15.446    Cb: 14.284    Cr: 16.7457 )
00000661: 15.4085   (Y': 15.4605   Cb: 14.2445   Cr: 16.7145 )
00000663: 15.3969   (Y': 15.469    Cb: 14.233    Cr: 16.597  )
00000664: 15.4086   (Y': 15.4734   Cb: 14.2076   Cr: 16.7125 )
00000665: 15.4055   (Y': 15.4579   Cb: 14.2764   Cr: 16.6488 )
00000666: 15.405    (Y': 15.4672   Cb: 14.2554   Cr: 16.6325 )
00000668: 15.4398   (Y': 15.5022   Cb: 14.2877   Cr: 16.6705 )
00000667: 15.3885   (Y': 15.4471   Cb: 14.2554   Cr: 16.606  )
00000669: 15.4364   (Y': 15.5032   Cb: 14.259    Cr: 16.6881 )
00000670: 15.4172   (Y': 15.4934   Cb: 14.233    Cr: 16.6317 )
00000671: 15.4888   (Y': 15.5697   Cb: 14.2588   Cr: 16.7586 )
00000672: 15.4709   (Y': 15.5727   Cb: 14.282    Cr: 16.5628 )
00000673: 15.4594   (Y': 15.5217   Cb: 14.2945   Cr: 16.7132 )
00000674: 15.462    (Y': 15.5642   Cb: 14.2494   Cr: 16.5921 )
00000675: 15.4523   (Y': 15.5343   Cb: 14.2941   Cr: 16.5925 )
00000676: 15.4021   (Y': 15.4943   Cb: 14.1834   Cr: 16.5936 )
00000677: 15.4127   (Y': 15.4843   Cb: 14.1902   Cr: 16.7182 )
00000678: 15.43     (Y': 15.4767   Cb: 14.2988   Cr: 16.7071 )
00000679: 15.4519   (Y': 15.5025   Cb: 14.3147   Cr: 16.7188 )
00000680: 15.4171   (Y': 15.4865   Cb: 14.2425   Cr: 16.6499 )
00000681: 15.3869   (Y': 15.4442   Cb: 14.2669   Cr: 16.5885 )
00000682: 15.4224   (Y': 15.4964   Cb: 14.2538   Cr: 16.6212 )
00000683: 15.3733   (Y': 15.4464   Cb: 14.1656   Cr: 16.6445 )
00000684: 15.3962   (Y': 15.4611   Cb: 14.2343   Cr: 16.6305 )
00000685: 15.362    (Y': 15.4126   Cb: 14.2243   Cr: 16.63   )
00000686: 15.4419   (Y': 15.5159   Cb: 14.2799   Cr: 16.6292 )
00000687: 15.4324   (Y': 15.4717   Cb: 14.2892   Cr: 16.77   )
00000688: 15.4368   (Y': 15.5157   Cb: 14.2494   Cr: 16.6429 )
00000689: 15.4251   (Y': 15.5044   Cb: 14.2382   Cr: 16.6279 )
00000690: 15.4437   (Y': 15.4976   Cb: 14.2533   Cr: 16.7867 )
00000692: 15.5092   (Y': 15.5949   Cb: 14.3009   Cr: 16.7156 )
00000691: 15.4941   (Y': 15.6058   Cb: 14.2141   Cr: 16.6929 )
00000693: 15.4655   (Y': 15.5406   Cb: 14.2459   Cr: 16.7474 )
00000694: 15.5424   (Y': 15.634    Cb: 14.2894   Cr: 16.798  )
00000695: 15.5796   (Y': 15.7115   Cb: 14.2775   Cr: 16.7142 )
00000696: 15.4658   (Y': 15.5559   Cb: 14.3013   Cr: 16.5753 )
00000697: 15.4449   (Y': 15.5462   Cb: 14.2139   Cr: 16.6108 )
00000698: 15.4722   (Y': 15.5451   Cb: 14.3206   Cr: 16.647  )
00000699: 15.4327   (Y': 15.517    Cb: 14.248    Cr: 16.6058 )
00000700: 15.43     (Y': 15.531    Cb: 14.1901   Cr: 16.613  )
00000701: 15.4172   (Y': 15.5071   Cb: 14.1781   Cr: 16.6562 )
00000702: 15.3893   (Y': 15.4807   Cb: 14.184    Cr: 16.5611 )
00000703: 15.4234   (Y': 15.5021   Cb: 14.2594   Cr: 16.5896 )
00000704: 15.4129   (Y': 15.4765   Cb: 14.2256   Cr: 16.6989 )
00000705: 15.3891   (Y': 15.4765   Cb: 14.1766   Cr: 16.5942 )
00000706: 15.3978   (Y': 15.443    Cb: 14.2659   Cr: 16.6839 )
00000707: 15.3559   (Y': 15.4452   Cb: 14.1768   Cr: 16.4943 )
00000708: 15.3792   (Y': 15.4461   Cb: 14.2073   Cr: 16.6204 )
00000709: 15.3984   (Y': 15.4593   Cb: 14.2581   Cr: 16.6164 )
00000710: 15.4675   (Y': 15.5628   Cb: 14.2676   Cr: 16.6104 )
00000711: 15.4684   (Y': 15.5624   Cb: 14.2486   Cr: 16.6526 )
00000712: 15.449    (Y': 15.5348   Cb: 14.2694   Cr: 16.6062 )
00000713: 15.4526   (Y': 15.5504   Cb: 14.229    Cr: 16.6238 )
00000714: 15.3878   (Y': 15.4724   Cb: 14.2699   Cr: 16.447  )
00000716: 15.4468   (Y': 15.5534   Cb: 14.1777   Cr: 16.6522 )
00000715: 15.4699   (Y': 15.5745   Cb: 14.2668   Cr: 16.5716 )
00000717: 15.4228   (Y': 15.4903   Cb: 14.2655   Cr: 16.6359 )
00000718: 15.3811   (Y': 15.4644   Cb: 14.2249   Cr: 16.5108 )
00000719: 15.4058   (Y': 15.4695   Cb: 14.3073   Cr: 16.538  )
00000720: 15.444    (Y': 15.5164   Cb: 14.2342   Cr: 16.723  )
00000721: 15.4213   (Y': 15.4944   Cb: 14.2759   Cr: 16.585  )
00000722: 15.4147   (Y': 15.493    Cb: 14.2284   Cr: 16.6214 )
00000723: 15.4014   (Y': 15.4439   Cb: 14.2857   Cr: 16.6742 )
00000724: 15.3986   (Y': 15.4636   Cb: 14.2593   Cr: 16.5932 )
00000726: 15.4115   (Y': 15.4779   Cb: 14.2593   Cr: 16.6215 )
00000725: 15.429    (Y': 15.4952   Cb: 14.2309   Cr: 16.7199 )
00000727: 15.4206   (Y': 15.5164   Cb: 14.1305   Cr: 16.7201 )
00000728: 15.4323   (Y': 15.4832   Cb: 14.3297   Cr: 16.6386 )
00000729: 15.4284   (Y': 15.4859   Cb: 14.2734   Cr: 16.6894 )
00000730: 15.4601   (Y': 15.5453   Cb: 14.2585   Cr: 16.6581 )
00000732: 15.4415   (Y': 15.5216   Cb: 14.2446   Cr: 16.6573 )
00000731: 15.4157   (Y': 15.4666   Cb: 14.2809   Cr: 16.6769 )
00000733: 15.4109   (Y': 15.4862   Cb: 14.2309   Cr: 16.6223 )
00000734: 15.4149   (Y': 15.5191   Cb: 14.1664   Cr: 16.5969 )
00000735: 15.4084   (Y': 15.474    Cb: 14.272    Cr: 16.5951 )
00000736: 15.429    (Y': 15.5347   Cb: 14.1725   Cr: 16.6172 )
00000737: 15.4147   (Y': 15.493    Cb: 14.2616   Cr: 16.5646 )
00000738: 15.4335   (Y': 15.5377   Cb: 14.1805   Cr: 16.6229 )
00000739: 15.4508   (Y': 15.5311   Cb: 14.2764   Cr: 16.6269 )
00000740: 15.4493   (Y': 15.5011   Cb: 14.3072   Cr: 16.7179 )
00000741: 15.3839   (Y': 15.4599   Cb: 14.2481   Cr: 16.516  )
00000742: 15.3893   (Y': 15.4858   Cb: 14.2037   Cr: 16.5015 )
00000743: 15.4244   (Y': 15.522    Cb: 14.2088   Cr: 16.5828 )
00000744: 15.4356   (Y': 15.5423   Cb: 14.1631   Cr: 16.6463 )
00000745: 15.4233   (Y': 15.489    Cb: 14.2508   Cr: 16.6717 )
00000746: 15.4411   (Y': 15.5013   Cb: 14.2641   Cr: 16.7271 )
00000747: 15.4619   (Y': 15.5198   Cb: 14.3366   Cr: 16.6694 )
00000748: 15.4465   (Y': 15.5258   Cb: 14.3004   Cr: 16.5798 )
00000749: 15.4559   (Y': 15.5299   Cb: 14.2332   Cr: 16.7498 )
00000750: 15.4397   (Y': 15.5005   Cb: 14.3156   Cr: 16.6304 )
00000751: 15.4389   (Y': 15.5056   Cb: 14.2815   Cr: 16.6557 )
00000752: 15.4525   (Y': 15.5082   Cb: 14.2789   Cr: 16.7557 )
00000753: 15.4247   (Y': 15.4647   Cb: 14.3089   Cr: 16.7109 )
00000754: 15.4402   (Y': 15.5118   Cb: 14.235    Cr: 16.715  )
00000755: 15.4336   (Y': 15.4818   Cb: 14.28     Cr: 16.7423 )
00000756: 15.4479   (Y': 15.5028   Cb: 14.2586   Cr: 16.7838 )
00000757: 15.4557   (Y': 15.5363   Cb: 14.2808   Cr: 16.6308 )
00000758: 15.4478   (Y': 15.5191   Cb: 14.2628   Cr: 16.6891 )
00000759: 15.4216   (Y': 15.4765   Cb: 14.2283   Cr: 16.7643 )
00000760: 15.4431   (Y': 15.5137   Cb: 14.262    Cr: 16.6813 )
00000761: 15.4355   (Y': 15.4816   Cb: 14.2973   Cr: 16.7278 )
00000762: 15.438    (Y': 15.4984   Cb: 14.2411   Cr: 16.7579 )
00000763: 15.4576   (Y': 15.5353   Cb: 14.276    Cr: 16.6599 )
00000764: 15.5167   (Y': 15.6154   Cb: 14.3323   Cr: 16.6159 )
00000765: 15.5877   (Y': 15.6931   Cb: 14.3261   Cr: 16.7867 )
00000766: 15.5257   (Y': 15.6015   Cb: 14.3421   Cr: 16.7414 )
00000767: 15.455    (Y': 15.5319   Cb: 14.252    Cr: 16.6981 )
00000768: 15.5009   (Y': 15.5892   Cb: 14.2615   Cr: 16.7487 )
00000769: 15.4755   (Y': 15.5506   Cb: 14.2671   Cr: 16.7379 )
00000770: 15.5173   (Y': 15.5914   Cb: 14.3209   Cr: 16.7634 )
00000771: 15.4791   (Y': 15.5339   Cb: 14.3155   Cr: 16.7699 )
00000772: 15.4561   (Y': 15.4926   Cb: 14.336    Cr: 16.7684 )
00000773: 15.4656   (Y': 15.5183   Cb: 14.3221   Cr: 16.7322 )
00000774: 15.428    (Y': 15.4895   Cb: 14.3111   Cr: 16.6028 )
00000775: 15.4527   (Y': 15.4998   Cb: 14.2718   Cr: 16.8157 )
00000776: 15.4376   (Y': 15.4903   Cb: 14.2728   Cr: 16.7419 )
00000777: 15.4616   (Y': 15.4951   Cb: 14.3482   Cr: 16.778  )
00000778: 15.4355   (Y': 15.473    Cb: 14.2901   Cr: 16.7862 )
00000779: 15.4517   (Y': 15.4891   Cb: 14.3068   Cr: 16.8024 )
00000780: 15.427    (Y': 15.4963   Cb: 14.275    Cr: 16.6212 )
00000781: 15.4321   (Y': 15.4928   Cb: 14.2336   Cr: 16.7526 )
00000782: 15.4405   (Y': 15.4958   Cb: 14.2974   Cr: 16.6927 )
00000784: 15.4532   (Y': 15.4953   Cb: 14.3092   Cr: 16.7768 )
00000783: 15.4394   (Y': 15.4758   Cb: 14.2824   Cr: 16.8174 )
00000785: 15.3866   (Y': 15.4396   Cb: 14.2488   Cr: 16.6421 )
00000786: 15.4367   (Y': 15.4865   Cb: 14.29     Cr: 16.724  )
00000787: 15.4636   (Y': 15.5097   Cb: 14.3062   Cr: 16.7901 )
00000788: 15.4635   (Y': 15.5134   Cb: 14.334    Cr: 16.7205 )
00000790: 15.3978   (Y': 15.4429   Cb: 14.2756   Cr: 16.6676 )
00000789: 15.4412   (Y': 15.4944   Cb: 14.2887   Cr: 16.7208 )
00000791: 15.4665   (Y': 15.5212   Cb: 14.3202   Cr: 16.7272 )
00000792: 15.4234   (Y': 15.4693   Cb: 14.2822   Cr: 16.7225 )
00000793: 15.4359   (Y': 15.4974   Cb: 14.2409   Cr: 16.7462 )
00000794: 15.4212   (Y': 15.4689   Cb: 14.2729   Cr: 16.7223 )
00000795: 15.4294   (Y': 15.4799   Cb: 14.2917   Cr: 16.6976 )
00000796: 15.4168   (Y': 15.4674   Cb: 14.2711   Cr: 16.6982 )
00000798: 15.4314   (Y': 15.5026   Cb: 14.2448   Cr: 16.6757 )
00000797: 15.4546   (Y': 15.4823   Cb: 14.3369   Cr: 16.81   )
00000799: 15.4382   (Y': 15.5072   Cb: 14.2535   Cr: 16.6905 )
00000800: 15.5038   (Y': 15.5401   Cb: 14.3232   Cr: 16.9253 )
00000801: 15.4595   (Y': 15.5248   Cb: 14.2521   Cr: 16.7723 )
00000802: 15.4233   (Y': 15.4794   Cb: 14.3106   Cr: 16.6189 )
00000803: 15.4527   (Y': 15.5075   Cb: 14.2986   Cr: 16.7269 )
00000804: 15.4554   (Y': 15.4912   Cb: 14.3212   Cr: 16.796  )
00000805: 15.4386   (Y': 15.4966   Cb: 14.2582   Cr: 16.742  )
00000806: 15.4316   (Y': 15.4993   Cb: 14.2387   Cr: 16.7054 )
00000807: 15.4426   (Y': 15.5033   Cb: 14.2451   Cr: 16.7621 )
00000808: 15.4767   (Y': 15.5315   Cb: 14.2838   Cr: 16.8189 )
00000809: 15.4265   (Y': 15.4755   Cb: 14.2395   Cr: 16.7903 )
00000810: 15.4378   (Y': 15.4967   Cb: 14.2553   Cr: 16.7402 )
00000811: 15.4849   (Y': 15.5572   Cb: 14.2813   Cr: 16.7533 )
00000812: 15.4543   (Y': 15.5131   Cb: 14.2697   Cr: 16.761  )
00000813: 15.4551   (Y': 15.519    Cb: 14.2787   Cr: 16.7197 )
00000814: 15.4486   (Y': 15.4981   Cb: 14.2914   Cr: 16.756  )
00000815: 15.4701   (Y': 15.5517   Cb: 14.2522   Cr: 16.7149 )
00000816: 15.488    (Y': 15.5758   Cb: 14.2193   Cr: 16.791  )
00000817: 15.4318   (Y': 15.4916   Cb: 14.2186   Cr: 16.7846 )
00000818: 15.4609   (Y': 15.4911   Cb: 14.3428   Cr: 16.8036 )
00000819: 15.4373   (Y': 15.4732   Cb: 14.3048   Cr: 16.774  )
00000820: 15.4485   (Y': 15.5201   Cb: 14.2164   Cr: 16.7717 )
00000821: 15.4208   (Y': 15.4603   Cb: 14.2653   Cr: 16.7796 )
00000822: 15.4272   (Y': 15.48     Cb: 14.2178   Cr: 16.8105 )
00000823: 15.4391   (Y': 15.499    Cb: 14.2738   Cr: 16.706  )
00000824: 15.4459   (Y': 15.4835   Cb: 14.3303   Cr: 16.7445 )
00000825: 15.4436   (Y': 15.4828   Cb: 14.3117   Cr: 16.762  )
00000826: 15.4357   (Y': 15.4812   Cb: 14.2597   Cr: 16.7982 )
00000827: 15.4378   (Y': 15.4823   Cb: 14.308    Cr: 16.7243 )
00000828: 15.4661   (Y': 15.524    Cb: 14.2721   Cr: 16.7943 )
00000829: 15.4443   (Y': 15.4725   Cb: 14.343    Cr: 16.7682 )
00000830: 15.4177   (Y': 15.4808   Cb: 14.2276   Cr: 16.7113 )
00000831: 15.4381   (Y': 15.4823   Cb: 14.2742   Cr: 16.7865 )
00000832: 15.4259   (Y': 15.4956   Cb: 14.2248   Cr: 16.704  )
00000833: 15.4278   (Y': 15.4616   Cb: 14.3301   Cr: 16.7154 )
00000834: 15.3925   (Y': 15.4466   Cb: 14.2318   Cr: 16.682  )
00000836: 15.4697   (Y': 15.5086   Cb: 14.3268   Cr: 16.8089 )
00000835: 15.4556   (Y': 15.4992   Cb: 14.3253   Cr: 16.7478 )
00000837: 15.4246   (Y': 15.4741   Cb: 14.3066   Cr: 16.6644 )
00000838: 15.4406   (Y': 15.4815   Cb: 14.3411   Cr: 16.6934 )
00000839: 15.4336   (Y': 15.4962   Cb: 14.2638   Cr: 16.6934 )
00000840: 15.4502   (Y': 15.5115   Cb: 14.2785   Cr: 16.721  )
00000841: 15.4495   (Y': 15.5296   Cb: 14.2279   Cr: 16.7091 )
00000842: 15.4742   (Y': 15.5368   Cb: 14.2993   Cr: 16.7436 )
00000844: 15.4469   (Y': 15.513    Cb: 14.3059   Cr: 16.6387 )
00000843: 15.466    (Y': 15.5171   Cb: 14.3297   Cr: 16.728  )
00000845: 15.4431   (Y': 15.4818   Cb: 14.3312   Cr: 16.7285 )
00000846: 15.4156   (Y': 15.4658   Cb: 14.2645   Cr: 16.7088 )
00000847: 15.4408   (Y': 15.5062   Cb: 14.2588   Cr: 16.7074 )
00000848: 15.4308   (Y': 15.4703   Cb: 14.2716   Cr: 16.7956 )
00000849: 15.433    (Y': 15.5083   Cb: 14.2378   Cr: 16.6712 )
00000850: 15.4454   (Y': 15.5148   Cb: 14.2302   Cr: 16.7501 )
00000851: 15.4278   (Y': 15.4747   Cb: 14.2412   Cr: 16.8022 )
00000852: 15.4209   (Y': 15.4851   Cb: 14.2631   Cr: 16.6522 )
00000853: 15.4636   (Y': 15.5285   Cb: 14.2978   Cr: 16.7045 )
00000854: 15.457    (Y': 15.5175   Cb: 14.2842   Cr: 16.7333 )
00000855: 15.4853   (Y': 15.5436   Cb: 14.344    Cr: 16.7189 )
00000856: 15.4619   (Y': 15.5215   Cb: 14.2776   Cr: 16.764  )
00000857: 15.4604   (Y': 15.5255   Cb: 14.2895   Cr: 16.709  )
00000858: 15.42     (Y': 15.4852   Cb: 14.2773   Cr: 16.6198 )
00000859: 15.4649   (Y': 15.5189   Cb: 14.2666   Cr: 16.8219 )
00000860: 15.4665   (Y': 15.5226   Cb: 14.297    Cr: 16.7606 )
00000862: 15.4665   (Y': 15.5381   Cb: 14.2946   Cr: 16.6828 )
00000861: 15.4804   (Y': 15.5328   Cb: 14.3256   Cr: 16.7681 )
00000863: 15.453    (Y': 15.5009   Cb: 14.2986   Cr: 16.7639 )
00000864: 15.4629   (Y': 15.5138   Cb: 14.3283   Cr: 16.7238 )
00000865: 15.4461   (Y': 15.514    Cb: 14.2588   Cr: 16.7096 )
00000866: 15.415    (Y': 15.5032   Cb: 14.2029   Cr: 16.6154 )
00000868: 15.4473   (Y': 15.5128   Cb: 14.2665   Cr: 16.7112 )
00000867: 15.4529   (Y': 15.5043   Cb: 14.3034   Cr: 16.7364 )
00000869: 15.4539   (Y': 15.5175   Cb: 14.2581   Cr: 16.7543 )
00000870: 15.4406   (Y': 15.4973   Cb: 14.2822   Cr: 16.7123 )
00000871: 15.4625   (Y': 15.5228   Cb: 14.255    Cr: 16.8022 )
00000872: 15.4493   (Y': 15.4894   Cb: 14.324    Cr: 16.7512 )
00000873: 15.4202   (Y': 15.4662   Cb: 14.282    Cr: 16.7131 )
00000874: 15.4536   (Y': 15.5101   Cb: 14.3141   Cr: 16.693  )
00000875: 15.4583   (Y': 15.497    Cb: 14.3286   Cr: 16.7753 )
00000876: 15.4486   (Y': 15.5036   Cb: 14.281    Cr: 16.7458 )
00000877: 15.445    (Y': 15.5324   Cb: 14.2634   Cr: 16.5968 )
00000878: 15.4176   (Y': 15.4843   Cb: 14.2813   Cr: 16.5987 )
00000879: 15.4496   (Y': 15.4964   Cb: 14.3172   Cr: 16.7285 )
00000880: 15.4159   (Y': 15.437    Cb: 14.2849   Cr: 16.8308 )
00000881: 15.4112   (Y': 15.4618   Cb: 14.2473   Cr: 16.7253 )
00000882: 15.4206   (Y': 15.4869   Cb: 14.2366   Cr: 16.6864 )
00000883: 15.4755   (Y': 15.5271   Cb: 14.3169   Cr: 16.7744 )
00000884: 15.4743   (Y': 15.5174   Cb: 14.3518   Cr: 16.7551 )
00000885: 15.4351   (Y': 15.4669   Cb: 14.3275   Cr: 16.7507 )
00000886: 15.4446   (Y': 15.5008   Cb: 14.3199   Cr: 16.6604 )
00000887: 15.4209   (Y': 15.501    Cb: 14.2565   Cr: 16.5809 )
00000888: 15.4075   (Y': 15.4761   Cb: 14.206    Cr: 16.6923 )
00000889: 15.4683   (Y': 15.5204   Cb: 14.3462   Cr: 16.7006 )
00000890: 15.4263   (Y': 15.4842   Cb: 14.3098   Cr: 16.619  )
00000891: 15.4656   (Y': 15.5211   Cb: 14.3048   Cr: 16.7471 )
00000892: 15.476    (Y': 15.5261   Cb: 14.3179   Cr: 16.7817 )
00000893: 15.4643   (Y': 15.505    Cb: 14.2877   Cr: 16.854  )
00000894: 15.4784   (Y': 15.5395   Cb: 14.31     Cr: 16.7438 )
00000895: 15.4501   (Y': 15.5079   Cb: 14.2988   Cr: 16.7031 )
00000896: 15.4432   (Y': 15.5136   Cb: 14.2506   Cr: 16.7025 )
00000897: 15.4689   (Y': 15.5387   Cb: 14.2854   Cr: 16.7151 )
00000898: 15.4538   (Y': 15.5032   Cb: 14.3334   Cr: 16.6978 )
00000899: 15.4705   (Y': 15.5398   Cb: 14.285    Cr: 16.7236 )
00000900: 15.4184   (Y': 15.4694   Cb: 14.2529   Cr: 16.7332 )
00000901: 15.4304   (Y': 15.4879   Cb: 14.265    Cr: 16.7104 )
00000902: 15.4572   (Y': 15.5102   Cb: 14.2859   Cr: 16.771  )
00000903: 15.4621   (Y': 15.5275   Cb: 14.2736   Cr: 16.7404 )
00000904: 15.4486   (Y': 15.4969   Cb: 14.3069   Cr: 16.7355 )
00000905: 15.4589   (Y': 15.5125   Cb: 14.2659   Cr: 16.8084 )
00000906: 15.4457   (Y': 15.5288   Cb: 14.1894   Cr: 16.7518 )
00000908: 15.4558   (Y': 15.4956   Cb: 14.3572   Cr: 16.7128 )
00000907: 15.4496   (Y': 15.5062   Cb: 14.2906   Cr: 16.7226 )
00000909: 15.4618   (Y': 15.4996   Cb: 14.3355   Cr: 16.7781 )
00000911: 15.4566   (Y': 15.5079   Cb: 14.3351   Cr: 16.6927 )
00000910: 15.4499   (Y': 15.4998   Cb: 14.3377   Cr: 16.6778 )
00000912: 15.4702   (Y': 15.5508   Cb: 14.3059   Cr: 16.6272 )
00000913: 15.4413   (Y': 15.4988   Cb: 14.2718   Cr: 16.7282 )
Total: 15.4474   (Y': 15.5043   Cb: 14.287    Cr: 16.7213 )
