00000006: 18.0541   (Y': 18.7021   Cb: 15.8158   Cr: 18.6087 )
00000002: 18.0589   (Y': 18.7332   Cb: 15.7418   Cr: 18.6626 )
00000000: 37.4581   (Y': INF       Cb: 32.6869   Cr: 32.6869 )
00000001: 17.8835   (Y': 18.558    Cb: 15.6084   Cr: 18.4048 )
00000005: 18.0545   (Y': 18.7129   Cb: 15.7946   Cr: 18.6097 )
00000004: 18.0273   (Y': 18.6922   Cb: 15.7304   Cr: 18.6283 )
00000003: 18.0793   (Y': 18.7407   Cb: 15.8342   Cr: 18.5941 )
00000007: 18.0506   (Y': 18.6966   Cb: 15.8071   Cr: 18.6229 )
00000008: 18.2407   (Y': 18.9827   Cb: 15.9039   Cr: 18.6242 )
00000009: 18.7536   (Y': 19.6692   Cb: 16.1616   Cr: 19.0038 )
00000010: 18.5994   (Y': 19.5143   Cb: 15.9826   Cr: 18.9001 )
00000011: 18.3315   (Y': 19.1184   Cb: 15.8937   Cr: 18.7419 )
00000013: 18.0836   (Y': 18.7467   Cb: 15.8319   Cr: 18.6048 )
00000014: 18.0594   (Y': 18.7015   Cb: 15.8272   Cr: 18.6255 )
00000012: 18.1011   (Y': 18.7927   Cb: 15.7765   Cr: 18.6516 )
00000015: 18.0406   (Y': 18.702    Cb: 15.7977   Cr: 18.5516 )
00000016: 18.0246   (Y': 18.6816   Cb: 15.7811   Cr: 18.5536 )
00000017: 18.0372   (Y': 18.6873   Cb: 15.7844   Cr: 18.6115 )
00000018: 18.0485   (Y': 18.6875   Cb: 15.8219   Cr: 18.616  )
00000019: 18.0508   (Y': 18.7018   Cb: 15.8162   Cr: 18.5861 )
00000020: 18.0754   (Y': 18.727    Cb: 15.8532   Cr: 18.585  )
00000022: 18.0341   (Y': 18.7088   Cb: 15.7668   Cr: 18.5401 )
00000021: 18.0526   (Y': 18.7021   Cb: 15.8038   Cr: 18.6214 )
00000023: 18.0795   (Y': 18.7453   Cb: 15.828    Cr: 18.59   )
00000024: 18.0595   (Y': 18.7323   Cb: 15.8027   Cr: 18.5529 )
00000026: 18.0431   (Y': 18.6969   Cb: 15.8275   Cr: 18.532  )
00000025: 18.058    (Y': 18.7041   Cb: 15.8335   Cr: 18.5936 )
00000027: 18.045    (Y': 18.7067   Cb: 15.7802   Cr: 18.5966 )
00000028: 18.0268   (Y': 18.6885   Cb: 15.7785   Cr: 18.5472 )
00000029: 18.0408   (Y': 18.6799   Cb: 15.8138   Cr: 18.6091 )
00000031: 18.0779   (Y': 18.7097   Cb: 15.8593   Cr: 18.6583 )
00000030: 18.0419   (Y': 18.6995   Cb: 15.8101   Cr: 18.5471 )
00000033: 18.048    (Y': 18.7001   Cb: 15.7715   Cr: 18.66   )
00000032: 18.0717   (Y': 18.7119   Cb: 15.8529   Cr: 18.6199 )
00000034: 18.0461   (Y': 18.6985   Cb: 15.7965   Cr: 18.6051 )
00000035: 18.0571   (Y': 18.7026   Cb: 15.8556   Cr: 18.552  )
00000036: 18.0776   (Y': 18.7025   Cb: 15.8696   Cr: 18.6656 )
00000037: 18.0502   (Y': 18.6978   Cb: 15.8229   Cr: 18.5855 )
00000038: 18.0411   (Y': 18.7085   Cb: 15.7941   Cr: 18.5368 )
00000039: 18.0359   (Y': 18.6833   Cb: 15.766    Cr: 18.6533 )
00000040: 18.0555   (Y': 18.7041   Cb: 15.8131   Cr: 18.6154 )
00000041: 18.0552   (Y': 18.7153   Cb: 15.7729   Cr: 18.6468 )
00000042: 18.0566   (Y': 18.7012   Cb: 15.8134   Cr: 18.6338 )
00000043: 18.0533   (Y': 18.6939   Cb: 15.8099   Cr: 18.6468 )
00000044: 18.0415   (Y': 18.7035   Cb: 15.7554   Cr: 18.6323 )
00000045: 18.0677   (Y': 18.7286   Cb: 15.8284   Cr: 18.5737 )
00000046: 18.0496   (Y': 18.7209   Cb: 15.7843   Cr: 18.5648 )
00000047: 18.0692   (Y': 18.7181   Cb: 15.8268   Cr: 18.6276 )
00000048: 18.0392   (Y': 18.6821   Cb: 15.7943   Cr: 18.6259 )
00000049: 18.0275   (Y': 18.6937   Cb: 15.7332   Cr: 18.618  )
00000050: 18.0679   (Y': 18.7162   Cb: 15.8385   Cr: 18.6045 )
00000052: 18.0489   (Y': 18.6841   Cb: 15.8592   Cr: 18.562  )
00000051: 18.0403   (Y': 18.6904   Cb: 15.8211   Cr: 18.5509 )
00000053: 18.0582   (Y': 18.7211   Cb: 15.7855   Cr: 18.6203 )
00000054: 18.0485   (Y': 18.703    Cb: 15.8032   Cr: 18.5907 )
00000055: 18.0263   (Y': 18.6905   Cb: 15.775    Cr: 18.5424 )
00000056: 18.0327   (Y': 18.7101   Cb: 15.7549   Cr: 18.5478 )
00000057: 18.074    (Y': 18.7217   Cb: 15.8319   Cr: 18.6366 )
00000058: 18.0396   (Y': 18.7041   Cb: 15.7633   Cr: 18.6023 )
00000059: 18.0568   (Y': 18.6973   Cb: 15.8189   Cr: 18.64   )
00000060: 18.0329   (Y': 18.6926   Cb: 15.7851   Cr: 18.56   )
00000061: 18.0778   (Y': 18.7247   Cb: 15.8552   Cr: 18.6071 )
00000062: 18.0764   (Y': 18.7302   Cb: 15.8438   Cr: 18.5974 )
00000063: 18.0845   (Y': 18.7619   Cb: 15.8087   Cr: 18.5961 )
00000064: 18.0485   (Y': 18.6949   Cb: 15.8176   Cr: 18.5947 )
00000065: 18.0419   (Y': 18.7064   Cb: 15.7662   Cr: 18.6036 )
00000066: 18.0445   (Y': 18.7112   Cb: 15.7821   Cr: 18.5722 )
00000067: 18.0424   (Y': 18.7433   Cb: 15.7361   Cr: 18.5219 )
00000068: 18.0404   (Y': 18.6967   Cb: 15.8071   Cr: 18.5534 )
00000070: 18.0552   (Y': 18.7099   Cb: 15.8004   Cr: 18.6151 )
00000069: 18.0655   (Y': 18.7202   Cb: 15.8171   Cr: 18.6128 )
00000071: 18.0332   (Y': 18.686    Cb: 15.7335   Cr: 18.6873 )
00000072: 18.0443   (Y': 18.6981   Cb: 15.8106   Cr: 18.5675 )
00000073: 18.0342   (Y': 18.6899   Cb: 15.7857   Cr: 18.5778 )
00000074: 18.0597   (Y': 18.7294   Cb: 15.8008   Cr: 18.5688 )
00000075: 18.0451   (Y': 18.7073   Cb: 15.785    Cr: 18.5852 )
00000076: 18.0693   (Y': 18.7057   Cb: 15.8278   Cr: 18.676  )
00000078: 18.0461   (Y': 18.6982   Cb: 15.7804   Cr: 18.637  )
00000077: 18.0264   (Y': 18.7184   Cb: 15.7262   Cr: 18.5279 )
00000079: 18.0627   (Y': 18.71     Cb: 15.8245   Cr: 18.6197 )
00000080: 18.0296   (Y': 18.693    Cb: 15.732    Cr: 18.6375 )
00000081: 18.0289   (Y': 18.6881   Cb: 15.7695   Cr: 18.5799 )
00000082: 18.0381   (Y': 18.6762   Cb: 15.823    Cr: 18.5873 )
00000083: 18.0332   (Y': 18.6696   Cb: 15.8198   Cr: 18.5861 )
00000085: 18.038    (Y': 18.6905   Cb: 15.7918   Cr: 18.5898 )
00000084: 18.0471   (Y': 18.7249   Cb: 15.7623   Cr: 18.5745 )
00000086: 18.0486   (Y': 18.7059   Cb: 15.7981   Cr: 18.5894 )
00000087: 18.0541   (Y': 18.6981   Cb: 15.8106   Cr: 18.634  )
00000090: 18.0466   (Y': 18.6808   Cb: 15.8408   Cr: 18.5935 )
00000089: 18.0578   (Y': 18.7087   Cb: 15.8258   Cr: 18.5889 )
00000088: 18.0508   (Y': 18.7113   Cb: 15.7841   Cr: 18.6102 )
00000091: 18.0647   (Y': 18.6907   Cb: 15.8606   Cr: 18.6411 )
00000092: 18.0253   (Y': 18.6581   Cb: 15.8189   Cr: 18.5786 )
00000093: 18.0732   (Y': 18.7403   Cb: 15.8245   Cr: 18.573  )
00000095: 18.0079   (Y': 18.6629   Cb: 15.7803   Cr: 18.5151 )
00000094: 18.0237   (Y': 18.6696   Cb: 15.7888   Cr: 18.5797 )
00000096: 18.0378   (Y': 18.6871   Cb: 15.8257   Cr: 18.5378 )
00000098: 18.031    (Y': 18.6695   Cb: 15.8024   Cr: 18.6043 )
00000097: 18.0315   (Y': 18.6597   Cb: 15.845    Cr: 18.5656 )
00000099: 18.0443   (Y': 18.6714   Cb: 15.8058   Cr: 18.682  )
00000100: 18.0544   (Y': 18.7206   Cb: 15.8302   Cr: 18.5124 )
00000101: 18.0296   (Y': 18.6902   Cb: 15.7894   Cr: 18.5384 )
00000102: 18.0411   (Y': 18.6764   Cb: 15.8457   Cr: 18.5645 )
00000103: 18.0181   (Y': 18.6608   Cb: 15.8055   Cr: 18.5445 )
00000104: 18.0362   (Y': 18.6802   Cb: 15.8397   Cr: 18.5273 )
00000105: 18.0516   (Y': 18.6926   Cb: 15.8439   Cr: 18.575  )
00000106: 18.0381   (Y': 18.6952   Cb: 15.8152   Cr: 18.5282 )
00000107: 18.0657   (Y': 18.7141   Cb: 15.8157   Cr: 18.6405 )
00000108: 18.0613   (Y': 18.7266   Cb: 15.8115   Cr: 18.57   )
00000109: 18.0627   (Y': 18.7132   Cb: 15.8128   Cr: 18.63   )
00000111: 18.066    (Y': 18.7425   Cb: 15.7776   Cr: 18.6051 )
00000110: 18.0636   (Y': 18.7094   Cb: 15.8391   Cr: 18.6009 )
00000112: 18.0398   (Y': 18.6923   Cb: 15.8206   Cr: 18.5404 )
00000114: 18.0194   (Y': 18.6852   Cb: 15.7598   Cr: 18.5453 )
00000113: 18.0261   (Y': 18.6636   Cb: 15.8158   Cr: 18.569  )
00000115: 18.0259   (Y': 18.7014   Cb: 15.797    Cr: 18.4572 )
00000116: 18.0351   (Y': 18.6984   Cb: 15.7984   Cr: 18.5268 )
00000117: 18.0545   (Y': 18.7072   Cb: 15.8296   Cr: 18.5654 )
00000119: 18.0262   (Y': 18.668    Cb: 15.8143   Cr: 18.555  )
00000118: 18.0488   (Y': 18.7039   Cb: 15.7757   Cr: 18.6419 )
00000120: 18.0774   (Y': 18.7361   Cb: 15.835    Cr: 18.5979 )
00000122: 18.0517   (Y': 18.7273   Cb: 15.7787   Cr: 18.5647 )
00000121: 18.059    (Y': 18.7118   Cb: 15.8334   Cr: 18.5708 )
00000123: 18.0652   (Y': 18.739    Cb: 15.8031   Cr: 18.5644 )
00000124: 18.0432   (Y': 18.7254   Cb: 15.7737   Cr: 18.5244 )
00000125: 18.0931   (Y': 18.7526   Cb: 15.8299   Cr: 18.6504 )
00000126: 18.0489   (Y': 18.7225   Cb: 15.7864   Cr: 18.5503 )
00000127: 18.054    (Y': 18.7254   Cb: 15.7718   Cr: 18.601  )
00000128: 18.057    (Y': 18.7138   Cb: 15.8235   Cr: 18.5685 )
00000130: 18.0537   (Y': 18.7024   Cb: 15.8087   Cr: 18.6181 )
00000129: 18.0845   (Y': 18.7574   Cb: 15.8362   Cr: 18.5613 )
00000131: 18.0454   (Y': 18.691    Cb: 15.8353   Cr: 18.5558 )
00000132: 18.0602   (Y': 18.6959   Cb: 15.8614   Cr: 18.588  )
00000133: 18.0588   (Y': 18.7371   Cb: 15.808    Cr: 18.5198 )
00000134: 18.0584   (Y': 18.7092   Cb: 15.8364   Cr: 18.5715 )
00000135: 18.072    (Y': 18.7452   Cb: 15.7964   Cr: 18.5996 )
00000136: 18.0634   (Y': 18.7269   Cb: 15.7808   Cr: 18.6424 )
00000137: 18.0599   (Y': 18.7172   Cb: 15.781    Cr: 18.6556 )
00000138: 18.072    (Y': 18.7178   Cb: 15.8277   Cr: 18.6465 )
00000140: 18.0291   (Y': 18.6972   Cb: 15.7676   Cr: 18.5493 )
00000139: 18.064    (Y': 18.7064   Cb: 15.8097   Cr: 18.6713 )
00000141: 18.0458   (Y': 18.7091   Cb: 15.7644   Cr: 18.623  )
00000142: 18.0566   (Y': 18.7057   Cb: 15.8275   Cr: 18.5891 )
00000143: 18.0512   (Y': 18.6949   Cb: 15.8051   Cr: 18.6375 )
00000144: 18.0959   (Y': 18.7342   Cb: 15.8616   Cr: 18.6804 )
00000145: 18.0642   (Y': 18.7135   Cb: 15.8438   Cr: 18.58   )
00000146: 18.0425   (Y': 18.6973   Cb: 15.781    Cr: 18.6147 )
00000148: 18.0818   (Y': 18.7348   Cb: 15.8383   Cr: 18.6267 )
00000147: 18.0735   (Y': 18.7451   Cb: 15.8323   Cr: 18.542  )
00000149: 18.089    (Y': 18.7587   Cb: 15.8074   Cr: 18.6413 )
00000150: 18.0539   (Y': 18.7018   Cb: 15.8466   Cr: 18.5506 )
00000151: 18.0542   (Y': 18.7252   Cb: 15.773    Cr: 18.601  )
00000153: 18.0574   (Y': 18.69     Cb: 15.8626   Cr: 18.5898 )
00000152: 18.0546   (Y': 18.7166   Cb: 15.8387   Cr: 18.513  )
00000154: 18.064    (Y': 18.6938   Cb: 15.8602   Cr: 18.6242 )
00000156: 18.0472   (Y': 18.6809   Cb: 15.807    Cr: 18.6616 )
00000155: 18.0832   (Y': 18.7014   Cb: 15.8843   Cr: 18.68   )
00000157: 18.0535   (Y': 18.6614   Cb: 15.862    Cr: 18.6777 )
00000159: 18.0623   (Y': 18.6925   Cb: 15.8357   Cr: 18.6646 )
00000158: 18.034    (Y': 18.6809   Cb: 15.8194   Cr: 18.548  )
00000160: 18.0776   (Y': 18.7309   Cb: 15.8518   Cr: 18.5873 )
00000161: 18.051    (Y': 18.703    Cb: 15.787    Cr: 18.6386 )
00000162: 18.0718   (Y': 18.6906   Cb: 15.8629   Cr: 18.6857 )
00000164: 18.0491   (Y': 18.6873   Cb: 15.8426   Cr: 18.5817 )
00000163: 18.0691   (Y': 18.687    Cb: 15.8678   Cr: 18.6719 )
00000166: 18.0266   (Y': 18.6704   Cb: 15.7681   Cr: 18.6363 )
00000165: 18.0287   (Y': 18.6487   Cb: 15.8184   Cr: 18.6399 )
00000167: 18.0377   (Y': 18.7026   Cb: 15.7636   Cr: 18.595  )
00000168: 18.0438   (Y': 18.6587   Cb: 15.8577   Cr: 18.6295 )
00000169: 18.0506   (Y': 18.685    Cb: 15.8344   Cr: 18.6161 )
00000170: 18.025    (Y': 18.6463   Cb: 15.8149   Cr: 18.6311 )
00000171: 18.0565   (Y': 18.6951   Cb: 15.839    Cr: 18.6085 )
00000172: 18.0338   (Y': 18.6607   Cb: 15.8246   Cr: 18.6161 )
00000173: 18.0543   (Y': 18.6694   Cb: 15.8774   Cr: 18.6217 )
00000174: 18.0772   (Y': 18.7051   Cb: 15.8532   Cr: 18.6832 )
00000175: 18.051    (Y': 18.6685   Cb: 15.8218   Cr: 18.7091 )
00000176: 18.0409   (Y': 18.6708   Cb: 15.8279   Cr: 18.6185 )
00000177: 18.0564   (Y': 18.7008   Cb: 15.809    Cr: 18.6421 )
00000178: 18.0725   (Y': 18.7313   Cb: 15.8316   Cr: 18.5898 )
00000179: 18.0499   (Y': 18.6873   Cb: 15.8494   Cr: 18.5743 )
00000180: 18.0461   (Y': 18.6802   Cb: 15.8409   Cr: 18.5922 )
00000181: 18.0574   (Y': 18.6849   Cb: 15.8629   Cr: 18.6094 )
00000182: 18.0703   (Y': 18.7184   Cb: 15.8586   Cr: 18.5742 )
00000183: 18.0273   (Y': 18.6732   Cb: 15.795    Cr: 18.5786 )
00000184: 18.0607   (Y': 18.68     Cb: 15.8607   Cr: 18.655  )
00000185: 18.0485   (Y': 18.703    Cb: 15.8097   Cr: 18.579  )
00000186: 18.0492   (Y': 18.7121   Cb: 15.7749   Cr: 18.6142 )
00000188: 18.0393   (Y': 18.6822   Cb: 15.8123   Cr: 18.5922 )
00000187: 18.0692   (Y': 18.6821   Cb: 15.8896   Cr: 18.6509 )
00000189: 18.0275   (Y': 18.6573   Cb: 15.8008   Cr: 18.6315 )
00000190: 18.0445   (Y': 18.6877   Cb: 15.7831   Cr: 18.6623 )
00000191: 18.0377   (Y': 18.6612   Cb: 15.8105   Cr: 18.668  )
00000193: 18.0851   (Y': 18.7087   Cb: 15.8573   Cr: 18.7164 )
00000192: 18.049    (Y': 18.7004   Cb: 15.8109   Cr: 18.5897 )
00000194: 18.0381   (Y': 18.6904   Cb: 15.7925   Cr: 18.5892 )
00000195: 18.0537   (Y': 18.6954   Cb: 15.8267   Cr: 18.6111 )
00000196: 18.0585   (Y': 18.6792   Cb: 15.8581   Cr: 18.6487 )
00000198: 18.0391   (Y': 18.6658   Cb: 15.8279   Cr: 18.6258 )
00000197: 18.0456   (Y': 18.6973   Cb: 15.8206   Cr: 18.5609 )
00000199: 18.0434   (Y': 18.6819   Cb: 15.8199   Cr: 18.6068 )
00000201: 18.0404   (Y': 18.6901   Cb: 15.8023   Cr: 18.5879 )
00000200: 18.0417   (Y': 18.7004   Cb: 15.7851   Cr: 18.5894 )
00000202: 18.0167   (Y': 18.6539   Cb: 15.7855   Cr: 18.6    )
00000204: 18.0273   (Y': 18.6658   Cb: 15.7912   Cr: 18.6147 )
00000203: 18.0646   (Y': 18.6997   Cb: 15.8188   Cr: 18.6843 )
00000205: 18.0331   (Y': 18.6672   Cb: 15.8333   Cr: 18.5692 )
00000206: 18.0646   (Y': 18.7026   Cb: 15.8673   Cr: 18.5811 )
00000207: 18.0412   (Y': 18.6929   Cb: 15.8164   Cr: 18.5557 )
00000208: 18.0519   (Y': 18.6869   Cb: 15.8596   Cr: 18.5705 )
00000210: 18.026    (Y': 18.6458   Cb: 15.7884   Cr: 18.6913 )
00000209: 18.0526   (Y': 18.6618   Cb: 15.8522   Cr: 18.6888 )
00000211: 18.0209   (Y': 18.6567   Cb: 15.7767   Cr: 18.6348 )
00000212: 18.0176   (Y': 18.6282   Cb: 15.8296   Cr: 18.6241 )
00000213: 18.0453   (Y': 18.6796   Cb: 15.8388   Cr: 18.5931 )
00000214: 18.0351   (Y': 18.6731   Cb: 15.8261   Cr: 18.5733 )
00000215: 18.0602   (Y': 18.6943   Cb: 15.8368   Cr: 18.6408 )
00000216: 18.0712   (Y': 18.7026   Cb: 15.8381   Cr: 18.6817 )
00000217: 18.0704   (Y': 18.6833   Cb: 15.8669   Cr: 18.6976 )
00000218: 18.0508   (Y': 18.6727   Cb: 15.8735   Cr: 18.5923 )
00000219: 18.08     (Y': 18.7222   Cb: 15.8456   Cr: 18.6495 )
00000220: 18.0608   (Y': 18.7231   Cb: 15.7863   Cr: 18.6285 )
00000222: 18.0736   (Y': 18.7216   Cb: 15.8428   Cr: 18.614  )
00000221: 18.0535   (Y': 18.7005   Cb: 15.8237   Cr: 18.5953 )
00000223: 18.068    (Y': 18.7108   Cb: 15.8516   Cr: 18.6013 )
00000224: 18.0687   (Y': 18.7058   Cb: 15.8251   Cr: 18.6761 )
00000225: 18.0659   (Y': 18.7004   Cb: 15.8518   Cr: 18.6274 )
00000226: 18.0537   (Y': 18.6609   Cb: 15.8689   Cr: 18.6677 )
00000227: 18.0301   (Y': 18.6575   Cb: 15.8336   Cr: 18.5864 )
00000228: 18.092    (Y': 18.7332   Cb: 15.8761   Cr: 18.6308 )
00000229: 18.04     (Y': 18.68     Cb: 15.8034   Cr: 18.6227 )
00000230: 18.0402   (Y': 18.6845   Cb: 15.7975   Cr: 18.6172 )
00000231: 18.0619   (Y': 18.6919   Cb: 15.838    Cr: 18.6599 )
00000232: 18.0437   (Y': 18.6839   Cb: 15.8219   Cr: 18.5974 )
00000233: 18.0341   (Y': 18.6722   Cb: 15.8353   Cr: 18.5527 )
00000234: 18.0784   (Y': 18.7129   Cb: 15.8598   Cr: 18.6482 )
00000235: 18.0433   (Y': 18.6688   Cb: 15.8126   Cr: 18.6723 )
00000236: 18.0206   (Y': 18.6577   Cb: 15.791    Cr: 18.6018 )
00000238: 18.0214   (Y': 18.6659   Cb: 15.7953   Cr: 18.5665 )
00000237: 18.0265   (Y': 18.6768   Cb: 15.7897   Cr: 18.5691 )
00000239: 18.0609   (Y': 18.7014   Cb: 15.8546   Cr: 18.5843 )
00000240: 18.0867   (Y': 18.7201   Cb: 15.8706   Cr: 18.6561 )
00000241: 18.0395   (Y': 18.6762   Cb: 15.8185   Cr: 18.6053 )
00000242: 18.0727   (Y': 18.7196   Cb: 15.8165   Cr: 18.6656 )
00000243: 18.0487   (Y': 18.6977   Cb: 15.8123   Cr: 18.5956 )
00000244: 18.057    (Y': 18.6939   Cb: 15.8277   Cr: 18.6377 )
00000246: 18.0684   (Y': 18.7094   Cb: 15.8354   Cr: 18.6402 )
00000245: 18.0648   (Y': 18.7113   Cb: 15.8482   Cr: 18.5838 )
00000247: 18.0318   (Y': 18.6907   Cb: 15.7434   Cr: 18.6397 )
00000248: 18.0391   (Y': 18.691    Cb: 15.8012   Cr: 18.5774 )
00000249: 18.0317   (Y': 18.6689   Cb: 15.816    Cr: 18.5853 )
00000250: 18.0556   (Y': 18.7045   Cb: 15.8082   Cr: 18.6242 )
00000251: 18.0381   (Y': 18.6854   Cb: 15.7922   Cr: 18.6095 )
00000252: 18.0268   (Y': 18.6668   Cb: 15.7946   Cr: 18.6013 )
00000253: 18.0409   (Y': 18.6873   Cb: 15.8299   Cr: 18.5499 )
00000255: 18.0717   (Y': 18.7041   Cb: 15.8505   Cr: 18.6544 )
00000254: 18.0629   (Y': 18.6964   Cb: 15.8585   Cr: 18.6099 )
00000256: 18.0316   (Y': 18.6882   Cb: 15.7761   Cr: 18.5852 )
00000257: 18.0551   (Y': 18.6839   Cb: 15.8355   Cr: 18.6496 )
00000258: 18.0651   (Y': 18.715    Cb: 15.8404   Cr: 18.5867 )
00000259: 18.0852   (Y': 18.7318   Cb: 15.8228   Cr: 18.6914 )
00000260: 18.0749   (Y': 18.7186   Cb: 15.8411   Cr: 18.6378 )
00000261: 18.0658   (Y': 18.6862   Cb: 15.8576   Cr: 18.6715 )
00000262: 18.0456   (Y': 18.6863   Cb: 15.7962   Cr: 18.6499 )
00000263: 18.0409   (Y': 18.6668   Cb: 15.8405   Cr: 18.6103 )
00000264: 18.0534   (Y': 18.6919   Cb: 15.8195   Cr: 18.6366 )
00000265: 18.048    (Y': 18.705    Cb: 15.8255   Cr: 18.5375 )
00000266: 18.048    (Y': 18.7087   Cb: 15.8177   Cr: 18.5381 )
00000267: 18.0721   (Y': 18.7135   Cb: 15.8265   Cr: 18.6661 )
00000268: 18.0527   (Y': 18.6775   Cb: 15.8533   Cr: 18.6244 )
00000269: 18.0819   (Y': 18.7434   Cb: 15.822    Cr: 18.6249 )
00000271: 18.0446   (Y': 18.6855   Cb: 15.8099   Cr: 18.6202 )
00000270: 18.0421   (Y': 18.6627   Cb: 15.8288   Cr: 18.6576 )
00000272: 18.0403   (Y': 18.682    Cb: 15.7928   Cr: 18.6372 )
00000274: 18.0547   (Y': 18.6914   Cb: 15.8628   Cr: 18.5655 )
00000273: 18.0299   (Y': 18.647    Cb: 15.8525   Cr: 18.5908 )
00000275: 18.0414   (Y': 18.6866   Cb: 15.7773   Cr: 18.6564 )
00000276: 18.0449   (Y': 18.6876   Cb: 15.8236   Cr: 18.5878 )
00000277: 18.0289   (Y': 18.6863   Cb: 15.744    Cr: 18.6357 )
00000278: 18.0383   (Y': 18.6795   Cb: 15.8229   Cr: 18.5758 )
00000279: 18.0518   (Y': 18.693    Cb: 15.8213   Cr: 18.6182 )
00000280: 18.0357   (Y': 18.678    Cb: 15.8265   Cr: 18.5577 )
00000281: 18.0437   (Y': 18.6971   Cb: 15.7588   Cr: 18.6665 )
00000282: 18.0525   (Y': 18.6604   Cb: 15.8601   Cr: 18.6786 )
00000283: 18.0828   (Y': 18.7008   Cb: 15.8811   Cr: 18.6862 )
00000284: 18.0543   (Y': 18.6758   Cb: 15.8322   Cr: 18.6827 )
00000285: 18.0628   (Y': 18.6789   Cb: 15.8902   Cr: 18.6188 )
00000286: 18.0511   (Y': 18.6941   Cb: 15.8533   Cr: 18.5491 )
00000287: 18.032    (Y': 18.6908   Cb: 15.75     Cr: 18.6281 )
00000288: 18.0384   (Y': 18.6974   Cb: 15.7839   Cr: 18.5803 )
00000289: 18.0605   (Y': 18.7203   Cb: 15.8295   Cr: 18.555  )
00000290: 18.0327   (Y': 18.6861   Cb: 15.7882   Cr: 18.5777 )
00000291: 18.0407   (Y': 18.6632   Cb: 15.842    Cr: 18.6205 )
00000292: 18.0408   (Y': 18.6792   Cb: 15.8223   Cr: 18.5953 )
00000293: 18.0567   (Y': 18.697    Cb: 15.8277   Cr: 18.6234 )
00000294: 18.0597   (Y': 18.6951   Cb: 15.8234   Cr: 18.6597 )
00000295: 18.0282   (Y': 18.6613   Cb: 15.8202   Cr: 18.5839 )
00000296: 18.0319   (Y': 18.6863   Cb: 15.8011   Cr: 18.5472 )
00000298: 18.0531   (Y': 18.6932   Cb: 15.8471   Cr: 18.5776 )
00000297: 18.0592   (Y': 18.6881   Cb: 15.8732   Cr: 18.5896 )
00000299: 18.0662   (Y': 18.6984   Cb: 15.8464   Cr: 18.6473 )
00000301: 18.0517   (Y': 18.6989   Cb: 15.7753   Cr: 18.6822 )
00000300: 18.0319   (Y': 18.6837   Cb: 15.7928   Cr: 18.5727 )
00000302: 18.0243   (Y': 18.6705   Cb: 15.7685   Cr: 18.6192 )
00000303: 18.0602   (Y': 18.7232   Cb: 15.7844   Cr: 18.6275 )
00000304: 18.011    (Y': 18.6644   Cb: 15.7793   Cr: 18.532  )
00000305: 18.0541   (Y': 18.6809   Cb: 15.8664   Cr: 18.5958 )
00000306: 18.0319   (Y': 18.6808   Cb: 15.8055   Cr: 18.5603 )
00000307: 18.0409   (Y': 18.6961   Cb: 15.7929   Cr: 18.5854 )
00000308: 18.0748   (Y': 18.7357   Cb: 15.7859   Cr: 18.6755 )
00000309: 18.0367   (Y': 18.6846   Cb: 15.808    Cr: 18.5731 )
00000310: 18.0505   (Y': 18.6962   Cb: 15.8104   Cr: 18.6172 )
00000311: 18.0435   (Y': 18.678    Cb: 15.8139   Cr: 18.6349 )
00000312: 18.0359   (Y': 18.7034   Cb: 15.7913   Cr: 18.5267 )
00000313: 18.0748   (Y': 18.713    Cb: 15.8451   Cr: 18.6516 )
00000314: 18.0287   (Y': 18.668    Cb: 15.7988   Cr: 18.6018 )
00000315: 18.0354   (Y': 18.6889   Cb: 15.7727   Cr: 18.6151 )
00000316: 18.0579   (Y': 18.7134   Cb: 15.7979   Cr: 18.6245 )
00000317: 18.0409   (Y': 18.6918   Cb: 15.8045   Cr: 18.5809 )
00000318: 18.0382   (Y': 18.669    Cb: 15.8473   Cr: 18.5705 )
00000319: 18.0474   (Y': 18.7027   Cb: 15.8189   Cr: 18.5547 )
00000320: 18.0349   (Y': 18.6748   Cb: 15.8181   Cr: 18.5806 )
00000322: 18.0293   (Y': 18.6737   Cb: 15.7958   Cr: 18.5893 )
00000321: 18.0266   (Y': 18.6768   Cb: 15.788    Cr: 18.5729 )
00000323: 18.0788   (Y': 18.7094   Cb: 15.8678   Cr: 18.65   )
00000324: 18.0485   (Y': 18.7187   Cb: 15.7764   Cr: 18.5805 )
00000325: 18.0421   (Y': 18.6853   Cb: 15.8413   Cr: 18.5447 )
00000326: 18.0485   (Y': 18.6926   Cb: 15.7719   Cr: 18.6926 )
00000327: 18.0492   (Y': 18.7256   Cb: 15.7806   Cr: 18.5508 )
00000328: 18.0594   (Y': 18.7066   Cb: 15.8449   Cr: 18.5721 )
00000329: 18.0454   (Y': 18.7098   Cb: 15.8      Cr: 18.5496 )
00000330: 18.0178   (Y': 18.6778   Cb: 15.7527   Cr: 18.5764 )
00000331: 18.0626   (Y': 18.7034   Cb: 15.8484   Cr: 18.5996 )
00000332: 18.028    (Y': 18.6607   Cb: 15.8261   Cr: 18.5732 )
00000333: 18.0677   (Y': 18.7331   Cb: 15.8074   Cr: 18.5961 )
00000334: 18.0593   (Y': 18.6858   Cb: 15.8399   Cr: 18.6624 )
00000335: 18.0517   (Y': 18.7141   Cb: 15.8204   Cr: 18.5372 )
00000336: 18.0586   (Y': 18.7152   Cb: 15.8246   Cr: 18.5713 )
00000337: 18.0216   (Y': 18.6778   Cb: 15.8155   Cr: 18.4839 )
00000338: 18.0427   (Y': 18.6851   Cb: 15.7961   Cr: 18.6346 )
00000339: 18.0816   (Y': 18.701    Cb: 15.889    Cr: 18.6617 )
00000340: 18.0967   (Y': 18.7441   Cb: 15.8315   Cr: 18.7052 )
00000342: 18.04     (Y': 18.6827   Cb: 15.8088   Cr: 18.6018 )
00000341: 18.0362   (Y': 18.6911   Cb: 15.7507   Cr: 18.6546 )
00000343: 18.0618   (Y': 18.6988   Cb: 15.8521   Cr: 18.605  )
00000344: 18.0795   (Y': 18.7196   Cb: 15.8008   Cr: 18.7436 )
00000345: 18.0481   (Y': 18.7084   Cb: 15.8076   Cr: 18.559  )
00000346: 18.0514   (Y': 18.6859   Cb: 15.8042   Cr: 18.6761 )
00000347: 18.056    (Y': 18.7021   Cb: 15.8268   Cr: 18.6008 )
00000348: 18.0682   (Y': 18.7145   Cb: 15.792    Cr: 18.7025 )
00000350: 18.0649   (Y': 18.7105   Cb: 15.8451   Cr: 18.5933 )
00000349: 18.0617   (Y': 18.7264   Cb: 15.7988   Cr: 18.5982 )
00000351: 18.0645   (Y': 18.6898   Cb: 15.8446   Cr: 18.6733 )
00000352: 18.0606   (Y': 18.7061   Cb: 15.8363   Cr: 18.5987 )
00000353: 18.0583   (Y': 18.6899   Cb: 15.8527   Cr: 18.6155 )
00000354: 18.077    (Y': 18.7416   Cb: 15.8362   Cr: 18.5719 )
00000355: 18.0541   (Y': 18.6923   Cb: 15.8548   Cr: 18.5733 )
00000356: 18.0463   (Y': 18.6982   Cb: 15.8336   Cr: 18.5373 )
00000357: 18.0558   (Y': 18.7093   Cb: 15.8225   Cr: 18.5795 )
00000358: 18.0513   (Y': 18.6975   Cb: 15.7932   Cr: 18.6508 )
00000359: 18.0447   (Y': 18.7073   Cb: 15.7732   Cr: 18.6052 )
00000360: 18.038    (Y': 18.7044   Cb: 15.7714   Cr: 18.5746 )
00000361: 18.0457   (Y': 18.7134   Cb: 15.7801   Cr: 18.575  )
00000362: 18.0551   (Y': 18.6988   Cb: 15.8411   Cr: 18.5808 )
00000363: 18.0577   (Y': 18.6882   Cb: 15.8734   Cr: 18.5784 )
00000364: 18.0668   (Y': 18.7188   Cb: 15.8453   Cr: 18.5741 )
00000365: 18.0781   (Y': 18.7391   Cb: 15.8263   Cr: 18.608  )
00000366: 18.0464   (Y': 18.7086   Cb: 15.7832   Cr: 18.5931 )
00000367: 18.0652   (Y': 18.6934   Cb: 15.8307   Cr: 18.6904 )
00000368: 18.0791   (Y': 18.728    Cb: 15.8411   Cr: 18.6292 )
00000369: 18.0446   (Y': 18.6919   Cb: 15.8041   Cr: 18.606  )
00000370: 18.0497   (Y': 18.7075   Cb: 15.7915   Cr: 18.6038 )
00000371: 18.0522   (Y': 18.7084   Cb: 15.7801   Cr: 18.6387 )
00000372: 18.0517   (Y': 18.6907   Cb: 15.8293   Cr: 18.6115 )
00000374: 18.0575   (Y': 18.7026   Cb: 15.84     Cr: 18.5841 )
00000373: 18.069    (Y': 18.7125   Cb: 15.8352   Cr: 18.6323 )
00000375: 18.0528   (Y': 18.6875   Cb: 15.8432   Cr: 18.6047 )
00000376: 18.0543   (Y': 18.7092   Cb: 15.8172   Cr: 18.5796 )
00000377: 18.0501   (Y': 18.6899   Cb: 15.8065   Cr: 18.6468 )
00000378: 18.0581   (Y': 18.7028   Cb: 15.8422   Cr: 18.5834 )
00000379: 18.0493   (Y': 18.674    Cb: 15.885    Cr: 18.5559 )
00000381: 18.0484   (Y': 18.7165   Cb: 15.8014   Cr: 18.5415 )
00000380: 18.0659   (Y': 18.7113   Cb: 15.8434   Cr: 18.6005 )
00000382: 18.0719   (Y': 18.727    Cb: 15.8307   Cr: 18.6041 )
00000383: 18.0408   (Y': 18.6783   Cb: 15.7996   Cr: 18.6424 )
00000384: 18.0652   (Y': 18.6918   Cb: 15.8502   Cr: 18.6597 )
00000385: 18.0728   (Y': 18.7238   Cb: 15.8549   Cr: 18.5773 )
00000386: 18.0745   (Y': 18.704    Cb: 15.8847   Cr: 18.6095 )
00000387: 18.0454   (Y': 18.6899   Cb: 15.8304   Cr: 18.5698 )
00000390: 18.0448   (Y': 18.6815   Cb: 15.8125   Cr: 18.632  )
00000388: 18.0467   (Y': 18.7019   Cb: 15.8161   Cr: 18.5584 )
00000389: 18.0548   (Y': 18.6939   Cb: 15.8278   Cr: 18.6224 )
00000391: 18.0228   (Y': 18.653    Cb: 15.8341   Cr: 18.5537 )
00000392: 18.0576   (Y': 18.682    Cb: 15.8752   Cr: 18.5994 )
00000393: 18.0493   (Y': 18.7024   Cb: 15.7991   Cr: 18.6067 )
00000394: 18.0572   (Y': 18.6875   Cb: 15.8623   Cr: 18.5986 )
00000395: 18.0817   (Y': 18.727    Cb: 15.8682   Cr: 18.6002 )
00000396: 18.0231   (Y': 18.697    Cb: 15.7499   Cr: 18.5432 )
00000397: 18.0332   (Y': 18.6736   Cb: 15.7825   Cr: 18.6416 )
00000398: 18.0737   (Y': 18.7348   Cb: 15.8167   Cr: 18.6127 )
00000399: 18.0364   (Y': 18.6907   Cb: 15.7928   Cr: 18.5759 )
00000400: 18.0723   (Y': 18.7149   Cb: 15.8672   Cr: 18.5855 )
00000401: 18.0376   (Y': 18.6981   Cb: 15.8077   Cr: 18.5279 )
00000402: 18.0698   (Y': 18.7242   Cb: 15.783    Cr: 18.6923 )
00000403: 18.0475   (Y': 18.6951   Cb: 15.8286   Cr: 18.5671 )
00000405: 18.0513   (Y': 18.7036   Cb: 15.8198   Cr: 18.5761 )
00000406: 18.023    (Y': 18.6765   Cb: 15.7841   Cr: 18.5573 )
00000404: 18.0348   (Y': 18.6741   Cb: 15.8163   Cr: 18.5859 )
00000407: 18.0359   (Y': 18.6893   Cb: 15.7855   Cr: 18.5925 )
00000408: 18.0413   (Y': 18.6846   Cb: 15.8151   Cr: 18.5911 )
00000409: 18.0564   (Y': 18.6879   Cb: 15.8352   Cr: 18.6433 )
00000410: 18.0542   (Y': 18.702    Cb: 15.8459   Cr: 18.553  )
00000411: 18.0337   (Y': 18.6779   Cb: 15.8081   Cr: 18.5786 )
00000412: 18.0495   (Y': 18.6772   Cb: 15.8474   Cr: 18.6155 )
00000413: 18.0631   (Y': 18.7054   Cb: 15.8142   Cr: 18.6601 )
00000414: 18.0517   (Y': 18.6969   Cb: 15.8198   Cr: 18.6044 )
00000415: 18.0494   (Y': 18.705    Cb: 15.822    Cr: 18.5535 )
00000416: 18.0533   (Y': 18.7009   Cb: 15.8046   Cr: 18.6294 )
00000417: 18.0702   (Y': 18.7185   Cb: 15.8142   Cr: 18.6571 )
00000418: 18.0704   (Y': 18.7242   Cb: 15.8534   Cr: 18.5624 )
00000419: 18.061    (Y': 18.7085   Cb: 15.8198   Cr: 18.6232 )
00000420: 18.0562   (Y': 18.7044   Cb: 15.8327   Cr: 18.5818 )
00000422: 18.0495   (Y': 18.7008   Cb: 15.8132   Cr: 18.5874 )
00000421: 18.0715   (Y': 18.6956   Cb: 15.8646   Cr: 18.6602 )
00000423: 18.0578   (Y': 18.6974   Cb: 15.8142   Cr: 18.6554 )
00000424: 18.069    (Y': 18.7077   Cb: 15.8169   Cr: 18.6866 )
00000425: 18.03     (Y': 18.6828   Cb: 15.7499   Cr: 18.6462 )
00000426: 18.0633   (Y': 18.6863   Cb: 15.878    Cr: 18.6154 )
00000427: 18.0162   (Y': 18.6513   Cb: 15.7784   Cr: 18.6203 )
00000428: 18.0385   (Y': 18.6972   Cb: 15.7815   Cr: 18.5869 )
00000429: 18.0392   (Y': 18.678    Cb: 15.7875   Cr: 18.6558 )
00000430: 18.0249   (Y': 18.6554   Cb: 15.811    Cr: 18.6018 )
00000431: 18.0744   (Y': 18.6942   Cb: 15.8545   Cr: 18.7054 )
00000433: 18.0522   (Y': 18.6968   Cb: 15.8109   Cr: 18.6255 )
00000432: 18.0495   (Y': 18.6956   Cb: 15.7829   Cr: 18.6655 )
00000434: 18.0375   (Y': 18.6611   Cb: 15.8582   Cr: 18.5764 )
00000435: 18.0263   (Y': 18.6879   Cb: 15.76     Cr: 18.5813 )
00000436: 18.0347   (Y': 18.6779   Cb: 15.8001   Cr: 18.6012 )
00000437: 18.0403   (Y': 18.6934   Cb: 15.7853   Cr: 18.6067 )
00000438: 18.0196   (Y': 18.6806   Cb: 15.7391   Cr: 18.6039 )
00000439: 18.0664   (Y': 18.7373   Cb: 15.8045   Cr: 18.5767 )
00000440: 18.0531   (Y': 18.6979   Cb: 15.8225   Cr: 18.6052 )
00000441: 18.0209   (Y': 18.6824   Cb: 15.7658   Cr: 18.5543 )
00000442: 18.0367   (Y': 18.6651   Cb: 15.8334   Cr: 18.6021 )
00000443: 18.071    (Y': 18.689    Cb: 15.8654   Cr: 18.6818 )
00000444: 18.0407   (Y': 18.6833   Cb: 15.8031   Cr: 18.6154 )
00000445: 18.0539   (Y': 18.6965   Cb: 15.8451   Cr: 18.5738 )
00000446: 18.0572   (Y': 18.687    Cb: 15.8369   Cr: 18.6488 )
00000447: 18.0624   (Y': 18.6982   Cb: 15.834    Cr: 18.6465 )
00000448: 18.0392   (Y': 18.712    Cb: 15.7781   Cr: 18.5404 )
00000449: 18.0265   (Y': 18.701    Cb: 15.7295   Cr: 18.5901 )
00000450: 18.0556   (Y': 18.7112   Cb: 15.7874   Cr: 18.6375 )
00000451: 18.0752   (Y': 18.7251   Cb: 15.8385   Cr: 18.6194 )
00000452: 18.023    (Y': 18.6823   Cb: 15.7885   Cr: 18.5265 )
00000453: 18.0361   (Y': 18.6707   Cb: 15.817    Cr: 18.6066 )
00000454: 18.0569   (Y': 18.6976   Cb: 15.813    Cr: 18.6506 )
00000455: 18.063    (Y': 18.688    Cb: 15.8342   Cr: 18.6905 )
00000456: 18.0723   (Y': 18.7143   Cb: 15.8532   Cr: 18.6139 )
00000457: 18.0474   (Y': 18.7078   Cb: 15.8076   Cr: 18.5567 )
00000458: 18.0355   (Y': 18.6905   Cb: 15.7958   Cr: 18.5654 )
00000459: 18.0591   (Y': 18.7035   Cb: 15.8162   Cr: 18.6363 )
00000460: 18.0483   (Y': 18.712    Cb: 15.7724   Cr: 18.6131 )
00000461: 18.0566   (Y': 18.7108   Cb: 15.8047   Cr: 18.6125 )
00000462: 18.0577   (Y': 18.7026   Cb: 15.8164   Cr: 18.6303 )
00000463: 18.0818   (Y': 18.7317   Cb: 15.8127   Cr: 18.6878 )
00000464: 18.0572   (Y': 18.702    Cb: 15.8544   Cr: 18.5569 )
00000465: 18.0526   (Y': 18.7005   Cb: 15.8178   Cr: 18.6008 )
00000466: 18.0782   (Y': 18.7287   Cb: 15.8001   Cr: 18.6993 )
00000467: 18.033    (Y': 18.6757   Cb: 15.766    Cr: 18.6637 )
00000468: 18.0496   (Y': 18.6778   Cb: 15.8577   Cr: 18.5941 )
00000469: 18.0712   (Y': 18.71     Cb: 15.8532   Cr: 18.6236 )
00000470: 18.0374   (Y': 18.6623   Cb: 15.8436   Cr: 18.5981 )
00000471: 18.0695   (Y': 18.7284   Cb: 15.8107   Cr: 18.62   )
00000472: 18.0777   (Y': 18.726    Cb: 15.859    Cr: 18.5939 )
00000473: 18.0504   (Y': 18.7138   Cb: 15.8014   Cr: 18.5657 )
00000474: 18.0752   (Y': 18.7339   Cb: 15.8314   Cr: 18.5983 )
00000475: 18.0692   (Y': 18.7016   Cb: 15.8461   Cr: 18.656  )
00000476: 18.0425   (Y': 18.7116   Cb: 15.7831   Cr: 18.5551 )
00000477: 18.0429   (Y': 18.6755   Cb: 15.8187   Cr: 18.6308 )
00000478: 18.0363   (Y': 18.6971   Cb: 15.8217   Cr: 18.4969 )
00000479: 18.0389   (Y': 18.6873   Cb: 15.7994   Cr: 18.5943 )
00000480: 18.0718   (Y': 18.698    Cb: 15.8808   Cr: 18.6222 )
00000481: 18.0487   (Y': 18.6998   Cb: 15.8219   Cr: 18.5696 )
00000482: 18.0341   (Y': 18.6785   Cb: 15.8242   Cr: 18.5489 )
00000483: 18.038    (Y': 18.6901   Cb: 15.7945   Cr: 18.5862 )
00000484: 18.0447   (Y': 18.696    Cb: 15.8046   Cr: 18.5896 )
00000485: 18.0558   (Y': 18.6931   Cb: 15.8578   Cr: 18.5761 )
00000486: 18.0598   (Y': 18.7111   Cb: 15.8207   Cr: 18.603  )
00000487: 18.0499   (Y': 18.6811   Cb: 15.8216   Cr: 18.6515 )
00000488: 18.0595   (Y': 18.6785   Cb: 15.8617   Cr: 18.6511 )
00000489: 18.0623   (Y': 18.6965   Cb: 15.8583   Cr: 18.6059 )
00000490: 18.0482   (Y': 18.6914   Cb: 15.8274   Cr: 18.5881 )
00000491: 18.0417   (Y': 18.6951   Cb: 15.7936   Cr: 18.5935 )
00000492: 18.0522   (Y': 18.6967   Cb: 15.821    Cr: 18.6068 )
00000493: 18.0519   (Y': 18.6925   Cb: 15.8246   Cr: 18.6148 )
00000494: 18.0581   (Y': 18.7276   Cb: 15.7977   Cr: 18.5708 )
00000495: 18.0367   (Y': 18.6811   Cb: 15.8325   Cr: 18.5409 )
00000496: 18.041    (Y': 18.6663   Cb: 15.8699   Cr: 18.5583 )
00000497: 18.0558   (Y': 18.7063   Cb: 15.8442   Cr: 18.5499 )
00000498: 18.0484   (Y': 18.6651   Cb: 15.8507   Cr: 18.6492 )
00000499: 18.0549   (Y': 18.6951   Cb: 15.8261   Cr: 18.6222 )
00000500: 18.0319   (Y': 18.6764   Cb: 15.8083   Cr: 18.5719 )
00000501: 18.0589   (Y': 18.6919   Cb: 15.8539   Cr: 18.609  )
00000502: 18.072    (Y': 18.7237   Cb: 15.8483   Cr: 18.5846 )
00000503: 18.0376   (Y': 18.6896   Cb: 15.7988   Cr: 18.5778 )
00000504: 18.0634   (Y': 18.7134   Cb: 15.8727   Cr: 18.521  )
00000505: 18.0513   (Y': 18.6891   Cb: 15.8381   Cr: 18.598  )
00000506: 18.0442   (Y': 18.665    Cb: 15.8236   Cr: 18.6726 )
00000507: 18.0364   (Y': 18.6996   Cb: 15.7978   Cr: 18.5323 )
00000508: 18.0413   (Y': 18.7002   Cb: 15.7947   Cr: 18.5693 )
00000509: 18.0672   (Y': 18.6948   Cb: 15.8625   Cr: 18.6378 )
00000510: 18.0308   (Y': 18.6899   Cb: 15.7917   Cr: 18.5438 )
00000511: 18.0408   (Y': 18.6809   Cb: 15.8446   Cr: 18.5467 )
00000512: 18.0612   (Y': 18.7282   Cb: 15.8025   Cr: 18.5805 )
00000513: 18.06     (Y': 18.6874   Cb: 15.8588   Cr: 18.6252 )
00000514: 18.0715   (Y': 18.6823   Cb: 15.9202   Cr: 18.6084 )
00000515: 18.0618   (Y': 18.7164   Cb: 15.8459   Cr: 18.5481 )
00000516: 18.0501   (Y': 18.6882   Cb: 15.8371   Cr: 18.5956 )
00000517: 18.0486   (Y': 18.6937   Cb: 15.8199   Cr: 18.5961 )
00000518: 18.0587   (Y': 18.7041   Cb: 15.8361   Cr: 18.5934 )
00000519: 18.0473   (Y': 18.6923   Cb: 15.845    Cr: 18.5456 )
00000520: 18.0367   (Y': 18.6895   Cb: 15.7989   Cr: 18.5716 )
00000521: 18.0524   (Y': 18.7023   Cb: 15.8171   Cr: 18.5938 )
00000522: 18.0693   (Y': 18.7011   Cb: 15.8462   Cr: 18.6582 )
00000523: 18.0605   (Y': 18.7055   Cb: 15.8373   Cr: 18.598  )
00000524: 18.014    (Y': 18.6729   Cb: 15.7579   Cr: 18.5598 )
00000525: 18.0783   (Y': 18.7372   Cb: 15.8707   Cr: 18.5331 )
00000526: 18.0457   (Y': 18.6797   Cb: 15.8318   Cr: 18.6089 )
00000527: 18.0746   (Y': 18.7209   Cb: 15.8841   Cr: 18.5462 )
00000528: 18.0466   (Y': 18.6812   Cb: 15.8442   Cr: 18.5852 )
00000529: 18.0394   (Y': 18.6737   Cb: 15.8517   Cr: 18.5517 )
00000530: 18.0653   (Y': 18.7223   Cb: 15.8065   Cr: 18.6242 )
00000531: 18.0751   (Y': 18.7093   Cb: 15.8252   Cr: 18.7063 )
00000532: 18.0725   (Y': 18.7247   Cb: 15.8141   Cr: 18.649  )
00000533: 18.0485   (Y': 18.6919   Cb: 15.8138   Cr: 18.6142 )
00000534: 18.0459   (Y': 18.7092   Cb: 15.8165   Cr: 18.5243 )
00000535: 18.0684   (Y': 18.6773   Cb: 15.8639   Cr: 18.7135 )
00000536: 18.0451   (Y': 18.6782   Cb: 15.8454   Cr: 18.5848 )
00000537: 18.0351   (Y': 18.6669   Cb: 15.833    Cr: 18.5841 )
00000538: 18.0453   (Y': 18.7077   Cb: 15.7954   Cr: 18.5656 )
00000539: 18.0728   (Y': 18.7106   Cb: 15.8389   Cr: 18.6586 )
00000540: 18.0373   (Y': 18.675    Cb: 15.821    Cr: 18.5903 )
00000541: 18.0317   (Y': 18.6889   Cb: 15.768    Cr: 18.5986 )
00000542: 18.052    (Y': 18.7133   Cb: 15.8135   Cr: 18.5551 )
00000543: 18.0451   (Y': 18.685    Cb: 15.8062   Cr: 18.6328 )
00000544: 18.0429   (Y': 18.6778   Cb: 15.8556   Cr: 18.5529 )
00000545: 18.0404   (Y': 18.6751   Cb: 15.8285   Cr: 18.5972 )
00000546: 18.0636   (Y': 18.6953   Cb: 15.8544   Cr: 18.6264 )
00000547: 18.0689   (Y': 18.6872   Cb: 15.887    Cr: 18.6335 )
00000548: 18.017    (Y': 18.6786   Cb: 15.7558   Cr: 18.5616 )
00000549: 18.0523   (Y': 18.6857   Cb: 15.8469   Cr: 18.6014 )
00000550: 18.063    (Y': 18.7215   Cb: 15.8128   Cr: 18.5995 )
00000551: 18.0613   (Y': 18.7149   Cb: 15.8386   Cr: 18.5643 )
00000552: 18.068    (Y': 18.7157   Cb: 15.8183   Cr: 18.6454 )
00000553: 18.0352   (Y': 18.6749   Cb: 15.7776   Cr: 18.6595 )
00000554: 18.0468   (Y': 18.7206   Cb: 15.764    Cr: 18.5857 )
00000555: 18.0395   (Y': 18.7076   Cb: 15.7839   Cr: 18.549  )
00000556: 18.0623   (Y': 18.7183   Cb: 15.8133   Cr: 18.6056 )
00000557: 18.0591   (Y': 18.6963   Cb: 15.8115   Cr: 18.6738 )
00000558: 18.0534   (Y': 18.6875   Cb: 15.8294   Cr: 18.6354 )
00000559: 18.0457   (Y': 18.7131   Cb: 15.7587   Cr: 18.6178 )
00000560: 18.016    (Y': 18.6916   Cb: 15.7347   Cr: 18.5453 )
00000561: 18.0518   (Y': 18.7234   Cb: 15.8003   Cr: 18.54   )
00000562: 18.0317   (Y': 18.6885   Cb: 15.7608   Cr: 18.614  )
00000563: 18.0554   (Y': 18.6893   Cb: 15.8457   Cr: 18.611  )
00000564: 18.0522   (Y': 18.6736   Cb: 15.8659   Cr: 18.6127 )
00000565: 18.0426   (Y': 18.702    Cb: 15.7918   Cr: 18.5763 )
00000566: 18.0518   (Y': 18.7125   Cb: 15.8074   Cr: 18.5684 )
00000567: 18.063    (Y': 18.6975   Cb: 15.8484   Cr: 18.6253 )
00000568: 18.0485   (Y': 18.7108   Cb: 15.7932   Cr: 18.5794 )
00000569: 18.0474   (Y': 18.7155   Cb: 15.7747   Cr: 18.5891 )
00000570: 18.0424   (Y': 18.6863   Cb: 15.8083   Cr: 18.6045 )
00000571: 18.0122   (Y': 18.6693   Cb: 15.7741   Cr: 18.5302 )
00000572: 18.0524   (Y': 18.7165   Cb: 15.7808   Cr: 18.6075 )
00000573: 18.0227   (Y': 18.7177   Cb: 15.7255   Cr: 18.5078 )
00000574: 18.0413   (Y': 18.689    Cb: 15.826    Cr: 18.5534 )
00000575: 18.096    (Y': 18.7252   Cb: 15.8676   Cr: 18.7062 )
00000576: 18.0907   (Y': 18.7499   Cb: 15.8387   Cr: 18.6278 )
00000577: 18.0612   (Y': 18.6988   Cb: 15.8745   Cr: 18.5591 )
00000578: 18.0778   (Y': 18.7147   Cb: 15.8438   Cr: 18.6674 )
00000579: 18.0478   (Y': 18.7028   Cb: 15.7958   Cr: 18.6012 )
00000580: 18.0227   (Y': 18.6943   Cb: 15.7633   Cr: 18.5255 )
00000581: 18.0579   (Y': 18.7013   Cb: 15.8255   Cr: 18.6188 )
00000582: 18.0692   (Y': 18.7256   Cb: 15.8027   Cr: 18.6448 )
00000583: 18.0581   (Y': 18.6892   Cb: 15.8402   Cr: 18.6402 )
00000584: 18.0725   (Y': 18.7287   Cb: 15.7938   Cr: 18.672  )
00000585: 18.0779   (Y': 18.7015   Cb: 15.8618   Cr: 18.6865 )
00000586: 18.0459   (Y': 18.7037   Cb: 15.793    Cr: 18.5898 )
00000587: 18.0711   (Y': 18.7664   Cb: 15.7541   Cr: 18.5923 )
00000588: 18.0758   (Y': 18.741    Cb: 15.8696   Cr: 18.5038 )
00000589: 18.0488   (Y': 18.7253   Cb: 15.7911   Cr: 18.5297 )
00000590: 18.0697   (Y': 18.7083   Cb: 15.84     Cr: 18.6442 )
00000591: 18.0524   (Y': 18.7115   Cb: 15.7829   Cr: 18.6228 )
00000592: 18.0601   (Y': 18.7269   Cb: 15.8366   Cr: 18.5138 )
00000593: 18.062    (Y': 18.7236   Cb: 15.7717   Cr: 18.6627 )
00000596: 18.0544   (Y': 18.6986   Cb: 15.7883   Cr: 18.6774 )
00000594: 18.0518   (Y': 18.6965   Cb: 15.792    Cr: 18.6603 )
00000595: 18.0511   (Y': 18.6996   Cb: 15.7995   Cr: 18.629  )
00000597: 18.053    (Y': 18.7065   Cb: 15.8116   Cr: 18.5914 )
00000598: 18.0433   (Y': 18.6824   Cb: 15.8231   Cr: 18.5986 )
00000599: 18.042    (Y': 18.7153   Cb: 15.7394   Cr: 18.6205 )
00000600: 18.0259   (Y': 18.6729   Cb: 15.8012   Cr: 18.5584 )
00000601: 18.0587   (Y': 18.6824   Cb: 15.778    Cr: 18.7933 )
00000603: 18.029    (Y': 18.6971   Cb: 15.7518   Cr: 18.5792 )
00000602: 18.0565   (Y': 18.7021   Cb: 15.8051   Cr: 18.6454 )
00000604: 18.0454   (Y': 18.6967   Cb: 15.8127   Cr: 18.5764 )
00000605: 18.0373   (Y': 18.6847   Cb: 15.7576   Cr: 18.6738 )
00000606: 18.051    (Y': 18.6885   Cb: 15.7935   Cr: 18.6842 )
00000607: 18.0436   (Y': 18.7019   Cb: 15.7919   Cr: 18.5834 )
00000608: 18.0581   (Y': 18.6994   Cb: 15.824    Cr: 18.6311 )
00000609: 18.0702   (Y': 18.7071   Cb: 15.8176   Cr: 18.6962 )
00000610: 18.0724   (Y': 18.701    Cb: 15.8336   Cr: 18.705  )
00000611: 18.0657   (Y': 18.7083   Cb: 15.788    Cr: 18.718  )
00000613: 18.0538   (Y': 18.7173   Cb: 15.7683   Cr: 18.6379 )
00000612: 18.0685   (Y': 18.7203   Cb: 15.8452   Cr: 18.5799 )
00000614: 18.0575   (Y': 18.7146   Cb: 15.8181   Cr: 18.5788 )
00000615: 18.0592   (Y': 18.7101   Cb: 15.8062   Cr: 18.63   )
00000616: 18.0855   (Y': 18.7383   Cb: 15.8498   Cr: 18.6157 )
00000617: 18.07     (Y': 18.7229   Cb: 15.8425   Cr: 18.5852 )
00000618: 18.0868   (Y': 18.7305   Cb: 15.8505   Cr: 18.6542 )
00000619: 18.0915   (Y': 18.7071   Cb: 15.9063   Cr: 18.673  )
00000621: 18.0945   (Y': 18.7551   Cb: 15.8222   Cr: 18.6648 )
00000620: 18.0695   (Y': 18.7237   Cb: 15.8055   Cr: 18.6486 )
00000622: 18.1187   (Y': 18.7813   Cb: 15.8668   Cr: 18.6417 )
00000623: 18.1235   (Y': 18.8039   Cb: 15.8128   Cr: 18.6903 )
00000624: 18.1491   (Y': 18.8232   Cb: 15.8483   Cr: 18.7216 )
00000625: 18.1463   (Y': 18.7915   Cb: 15.9001   Cr: 18.7266 )
00000626: 18.1346   (Y': 18.7744   Cb: 15.8451   Cr: 18.8209 )
00000627: 18.1216   (Y': 18.7881   Cb: 15.8061   Cr: 18.7526 )
00000628: 18.1356   (Y': 18.8199   Cb: 15.7944   Cr: 18.7474 )
00000629: 18.1114   (Y': 18.8115   Cb: 15.7773   Cr: 18.6472 )
00000630: 18.1166   (Y': 18.8149   Cb: 15.7681   Cr: 18.6875 )
00000631: 18.1077   (Y': 18.8236   Cb: 15.7496   Cr: 18.6297 )
00000632: 18.0978   (Y': 18.7906   Cb: 15.8027   Cr: 18.5873 )
00000633: 18.1399   (Y': 18.8269   Cb: 15.8302   Cr: 18.6794 )
00000634: 18.1229   (Y': 18.8516   Cb: 15.7629   Cr: 18.5998 )
00000635: 18.1066   (Y': 18.811    Cb: 15.7664   Cr: 18.6374 )
00000636: 18.6693   (Y': 19.5673   Cb: 16.0763   Cr: 18.9825 )
00000637: 19.0022   (Y': 19.888    Cb: 16.3279   Cr: 19.5235 )
00000638: 18.9096   (Y': 19.7911   Cb: 16.2602   Cr: 19.3951 )
00000639: 18.5428   (Y': 19.4476   Cb: 15.931    Cr: 18.8693 )
00000640: 18.3331   (Y': 19.1512   Cb: 15.8473   Cr: 18.7219 )
00000641: 18.1648   (Y': 18.9243   Cb: 15.7372   Cr: 18.6569 )
00000642: 18.1271   (Y': 18.8522   Cb: 15.7957   Cr: 18.5629 )
00000643: 18.129    (Y': 18.8711   Cb: 15.7488   Cr: 18.5943 )
00000644: 18.1033   (Y': 18.8236   Cb: 15.7791   Cr: 18.5434 )
00000646: 18.1383   (Y': 18.8111   Cb: 15.8718   Cr: 18.6497 )
00000645: 18.1375   (Y': 18.8232   Cb: 15.8068   Cr: 18.7231 )
00000647: 18.1024   (Y': 18.7824   Cb: 15.8292   Cr: 18.5994 )
00000648: 18.0893   (Y': 18.7539   Cb: 15.8224   Cr: 18.6334 )
00000649: 18.0856   (Y': 18.7567   Cb: 15.7979   Cr: 18.6442 )
00000650: 18.1114   (Y': 18.7578   Cb: 15.8627   Cr: 18.6916 )
00000651: 18.0833   (Y': 18.7419   Cb: 15.8125   Cr: 18.6587 )
00000652: 18.0911   (Y': 18.7361   Cb: 15.8433   Cr: 18.6755 )
00000653: 18.077    (Y': 18.731    Cb: 15.8387   Cr: 18.6081 )
00000654: 18.0863   (Y': 18.7268   Cb: 15.8392   Cr: 18.6872 )
00000655: 18.0988   (Y': 18.7533   Cb: 15.8477   Cr: 18.6522 )
00000656: 18.0891   (Y': 18.7207   Cb: 15.8413   Cr: 18.7265 )
00000657: 18.0501   (Y': 18.6923   Cb: 15.8147   Cr: 18.6217 )
00000658: 18.0721   (Y': 18.7123   Cb: 15.8299   Cr: 18.6649 )
00000659: 18.0677   (Y': 18.7179   Cb: 15.8168   Cr: 18.6372 )
00000660: 18.0705   (Y': 18.7429   Cb: 15.779    Cr: 18.6313 )
00000661: 18.0769   (Y': 18.7351   Cb: 15.8108   Cr: 18.6443 )
00000662: 18.045    (Y': 18.6867   Cb: 15.7901   Cr: 18.6565 )
00000663: 18.0669   (Y': 18.7091   Cb: 15.8135   Cr: 18.6735 )
00000664: 18.0849   (Y': 18.7069   Cb: 15.8606   Cr: 18.7154 )
00000665: 18.0713   (Y': 18.7568   Cb: 15.7475   Cr: 18.6439 )
00000666: 18.0387   (Y': 18.6999   Cb: 15.7524   Cr: 18.6337 )
00000667: 18.0819   (Y': 18.7241   Cb: 15.8594   Cr: 18.6292 )
00000668: 18.0831   (Y': 18.7153   Cb: 15.8316   Cr: 18.7255 )
00000669: 18.0624   (Y': 18.7139   Cb: 15.7867   Cr: 18.6747 )
00000671: 18.0622   (Y': 18.7039   Cb: 15.8206   Cr: 18.6479 )
00000670: 18.0826   (Y': 18.7372   Cb: 15.8383   Cr: 18.623  )
00000672: 18.0815   (Y': 18.7418   Cb: 15.8135   Cr: 18.6444 )
00000673: 18.1211   (Y': 18.7689   Cb: 15.8927   Cr: 18.6575 )
00000674: 18.0484   (Y': 18.6966   Cb: 15.7882   Cr: 18.644  )
00000675: 18.0794   (Y': 18.7442   Cb: 15.8062   Cr: 18.6352 )
00000676: 18.0848   (Y': 18.7223   Cb: 15.8736   Cr: 18.6294 )
00000677: 18.0709   (Y': 18.7409   Cb: 15.8248   Cr: 18.555  )
00000679: 18.0879   (Y': 18.7398   Cb: 15.8065   Cr: 18.7097 )
00000678: 18.062    (Y': 18.7016   Cb: 15.8642   Cr: 18.573  )
00000680: 18.0684   (Y': 18.7445   Cb: 15.792    Cr: 18.5863 )
00000681: 18.0654   (Y': 18.7285   Cb: 15.7797   Cr: 18.6519 )
00000682: 18.0779   (Y': 18.7274   Cb: 15.8044   Cr: 18.6942 )
00000683: 18.0554   (Y': 18.7557   Cb: 15.7335   Cr: 18.5675 )
00000684: 18.0688   (Y': 18.7403   Cb: 15.7827   Cr: 18.623  )
00000685: 18.0467   (Y': 18.7187   Cb: 15.7765   Cr: 18.5683 )
00000686: 18.0716   (Y': 18.724    Cb: 15.8039   Cr: 18.665  )
00000687: 18.0935   (Y': 18.7729   Cb: 15.7984   Cr: 18.6342 )
00000688: 18.0678   (Y': 18.7394   Cb: 15.8061   Cr: 18.5748 )
00000689: 18.0838   (Y': 18.7286   Cb: 15.8326   Cr: 18.6752 )
00000690: 18.0856   (Y': 18.7437   Cb: 15.83     Cr: 18.6333 )
00000691: 18.0598   (Y': 18.7398   Cb: 15.7754   Cr: 18.5778 )
00000692: 18.0918   (Y': 18.7249   Cb: 15.8591   Cr: 18.6947 )
00000693: 18.064    (Y': 18.7265   Cb: 15.7957   Cr: 18.6188 )
00000694: 18.0565   (Y': 18.7065   Cb: 15.8204   Cr: 18.5987 )
00000695: 18.0384   (Y': 18.7173   Cb: 15.7198   Cr: 18.6267 )
00000696: 18.054    (Y': 18.7125   Cb: 15.8055   Cr: 18.5868 )
00000697: 18.0574   (Y': 18.7044   Cb: 15.8336   Cr: 18.5886 )
00000698: 18.0732   (Y': 18.7506   Cb: 15.7702   Cr: 18.637  )
00000700: 18.0642   (Y': 18.7164   Cb: 15.8213   Cr: 18.611  )
00000699: 18.0461   (Y': 18.7099   Cb: 15.7786   Cr: 18.5948 )
00000701: 18.0957   (Y': 18.7616   Cb: 15.8312   Cr: 18.6303 )
00000702: 18.0601   (Y': 18.7316   Cb: 15.7935   Cr: 18.5766 )
00000703: 18.0553   (Y': 18.7209   Cb: 15.7896   Cr: 18.5933 )
00000704: 18.0594   (Y': 18.7063   Cb: 15.7827   Cr: 18.692  )
00000705: 18.0479   (Y': 18.7126   Cb: 15.7998   Cr: 18.5561 )
00000706: 18.0658   (Y': 18.7154   Cb: 15.8133   Cr: 18.6409 )
00000707: 18.0814   (Y': 18.7469   Cb: 15.8221   Cr: 18.6078 )
00000708: 18.064    (Y': 18.749    Cb: 15.7616   Cr: 18.5973 )
00000709: 18.075    (Y': 18.7548   Cb: 15.7798   Cr: 18.6139 )
00000710: 18.083    (Y': 18.7388   Cb: 15.8158   Cr: 18.6622 )
00000711: 18.0827   (Y': 18.7264   Cb: 15.8607   Cr: 18.623  )
00000712: 18.0602   (Y': 18.7431   Cb: 15.7609   Cr: 18.5952 )
00000713: 18.0909   (Y': 18.7608   Cb: 15.8349   Cr: 18.5936 )
00000714: 18.0773   (Y': 18.7402   Cb: 15.8326   Cr: 18.5862 )
00000715: 18.0858   (Y': 18.7498   Cb: 15.8062   Cr: 18.6566 )
00000716: 18.0825   (Y': 18.7573   Cb: 15.782    Cr: 18.6516 )
00000717: 18.0749   (Y': 18.7338   Cb: 15.8196   Cr: 18.6191 )
00000718: 18.0441   (Y': 18.7258   Cb: 15.7982   Cr: 18.4835 )
00000719: 18.0776   (Y': 18.7448   Cb: 15.8238   Cr: 18.5865 )
00000720: 18.0845   (Y': 18.7508   Cb: 15.8225   Cr: 18.6127 )
00000721: 18.0818   (Y': 18.7526   Cb: 15.781    Cr: 18.6675 )
00000722: 18.0549   (Y': 18.736    Cb: 15.8087   Cr: 18.4963 )
00000723: 18.0823   (Y': 18.7203   Cb: 15.844    Cr: 18.6763 )
00000724: 18.0844   (Y': 18.7423   Cb: 15.8186   Cr: 18.6526 )
00000725: 18.0559   (Y': 18.7248   Cb: 15.7942   Cr: 18.5736 )
00000726: 18.0904   (Y': 18.7437   Cb: 15.8479   Cr: 18.6324 )
00000727: 18.0675   (Y': 18.7201   Cb: 15.8084   Cr: 18.6433 )
00000728: 18.0774   (Y': 18.7472   Cb: 15.8065   Cr: 18.6092 )
00000729: 18.0549   (Y': 18.7244   Cb: 15.7681   Cr: 18.6186 )
00000730: 18.061    (Y': 18.7018   Cb: 15.8484   Cr: 18.5948 )
00000731: 18.0981   (Y': 18.7487   Cb: 15.8133   Cr: 18.7322 )
00000732: 18.0496   (Y': 18.7031   Cb: 15.8015   Cr: 18.601  )
00000733: 18.0989   (Y': 18.7464   Cb: 15.8792   Cr: 18.6201 )
00000735: 18.0734   (Y': 18.7321   Cb: 15.7907   Cr: 18.6713 )
00000734: 18.076    (Y': 18.7425   Cb: 15.8208   Cr: 18.5901 )
00000736: 18.0739   (Y': 18.7381   Cb: 15.8227   Cr: 18.5898 )
00000737: 18.0715   (Y': 18.7308   Cb: 15.8132   Cr: 18.6196 )
00000738: 18.0679   (Y': 18.7377   Cb: 15.8126   Cr: 18.5699 )
00000739: 18.0693   (Y': 18.7326   Cb: 15.7979   Cr: 18.6272 )
00000740: 18.0952   (Y': 18.7609   Cb: 15.8238   Cr: 18.6436 )
00000741: 18.0905   (Y': 18.7459   Cb: 15.8621   Cr: 18.5974 )
00000742: 18.1061   (Y': 18.7632   Cb: 15.8725   Cr: 18.6163 )
00000743: 18.0758   (Y': 18.7461   Cb: 15.7918   Cr: 18.631  )
00000744: 18.0687   (Y': 18.733    Cb: 15.8221   Cr: 18.5759 )
00000745: 18.0651   (Y': 18.7336   Cb: 15.7995   Cr: 18.5918 )
00000746: 18.0738   (Y': 18.736    Cb: 15.7906   Cr: 18.659  )
00000747: 18.0781   (Y': 18.7281   Cb: 15.8233   Cr: 18.6562 )
00000748: 18.0763   (Y': 18.7506   Cb: 15.8046   Cr: 18.5918 )
00000749: 18.0711   (Y': 18.7233   Cb: 15.8303   Cr: 18.6138 )
00000750: 18.0907   (Y': 18.7262   Cb: 15.8416   Cr: 18.7152 )
00000751: 18.0638   (Y': 18.7227   Cb: 15.8333   Cr: 18.5609 )
00000752: 18.0827   (Y': 18.7512   Cb: 15.7898   Cr: 18.662  )
00000753: 18.0907   (Y': 18.7681   Cb: 15.823    Cr: 18.5871 )
00000754: 18.0971   (Y': 18.7698   Cb: 15.8146   Cr: 18.6395 )
00000755: 18.087    (Y': 18.7391   Cb: 15.8474   Cr: 18.6277 )
00000756: 18.1055   (Y': 18.7686   Cb: 15.8323   Cr: 18.6676 )
00000757: 18.0951   (Y': 18.7531   Cb: 15.8622   Cr: 18.6002 )
00000758: 18.0791   (Y': 18.7309   Cb: 15.8188   Cr: 18.6609 )
00000759: 18.0638   (Y': 18.7348   Cb: 15.7825   Cr: 18.6107 )
00000760: 18.0884   (Y': 18.7693   Cb: 15.8386   Cr: 18.538  )
00000761: 18.0696   (Y': 18.7097   Cb: 15.8331   Cr: 18.6519 )
00000762: 18.0715   (Y': 18.7618   Cb: 15.7672   Cr: 18.5877 )
00000763: 18.051    (Y': 18.719    Cb: 15.7672   Cr: 18.6142 )
00000764: 18.0609   (Y': 18.732    Cb: 15.7755   Cr: 18.6157 )
00000765: 18.0732   (Y': 18.7066   Cb: 15.8541   Cr: 18.6487 )
00000766: 18.089    (Y': 18.7726   Cb: 15.7955   Cr: 18.6103 )
00000767: 18.1081   (Y': 18.7674   Cb: 15.8402   Cr: 18.6747 )
00000768: 18.0802   (Y': 18.7153   Cb: 15.861    Cr: 18.6493 )
00000769: 18.0697   (Y': 18.751    Cb: 15.7896   Cr: 18.5749 )
00000770: 18.0636   (Y': 18.723    Cb: 15.8154   Cr: 18.5924 )
00000771: 18.0592   (Y': 18.6975   Cb: 15.8198   Cr: 18.6537 )
00000772: 18.07     (Y': 18.7112   Cb: 15.8608   Cr: 18.5959 )
00000773: 18.0501   (Y': 18.7204   Cb: 15.8034   Cr: 18.5345 )
00000774: 18.0526   (Y': 18.7233   Cb: 15.7825   Cr: 18.5794 )
00000775: 18.1023   (Y': 18.7736   Cb: 15.8288   Cr: 18.6328 )
00000776: 18.0828   (Y': 18.7435   Cb: 15.867    Cr: 18.546  )
00000777: 18.0971   (Y': 18.7832   Cb: 15.8505   Cr: 18.5208 )
00000778: 18.1052   (Y': 18.7703   Cb: 15.8666   Cr: 18.5943 )
00000779: 18.0885   (Y': 18.777    Cb: 15.8001   Cr: 18.5815 )
00000780: 18.0858   (Y': 18.7832   Cb: 15.8201   Cr: 18.5021 )
00000781: 18.104    (Y': 18.7962   Cb: 15.8348   Cr: 18.547  )
00000782: 18.0856   (Y': 18.7651   Cb: 15.8351   Cr: 18.5417 )
00000783: 18.0653   (Y': 18.7361   Cb: 15.8143   Cr: 18.5555 )
00000784: 18.0519   (Y': 18.7224   Cb: 15.7974   Cr: 18.5498 )
00000785: 18.1087   (Y': 18.7725   Cb: 15.8671   Cr: 18.6082 )
00000786: 18.0681   (Y': 18.736    Cb: 15.8117   Cr: 18.5799 )
00000787: 18.0578   (Y': 18.7604   Cb: 15.7462   Cr: 18.5409 )
00000788: 18.0749   (Y': 18.769    Cb: 15.7867   Cr: 18.5459 )
00000789: 18.0697   (Y': 18.7609   Cb: 15.7545   Cr: 18.603  )
00000790: 18.0529   (Y': 18.7329   Cb: 15.7753   Cr: 18.5579 )
00000791: 18.0538   (Y': 18.7532   Cb: 15.7436   Cr: 18.5465 )
00000792: 18.0445   (Y': 18.7263   Cb: 15.805    Cr: 18.4712 )
00000793: 18.0776   (Y': 18.7617   Cb: 15.806    Cr: 18.5555 )
00000794: 18.07     (Y': 18.7477   Cb: 15.7948   Cr: 18.5795 )
00000795: 18.0589   (Y': 18.7513   Cb: 15.763    Cr: 18.5515 )
00000796: 18.0661   (Y': 18.7524   Cb: 15.8025   Cr: 18.5204 )
00000797: 18.0803   (Y': 18.7423   Cb: 15.8201   Cr: 18.6215 )
00000798: 18.0413   (Y': 18.7379   Cb: 15.7316   Cr: 18.5439 )
00000799: 18.0637   (Y': 18.7388   Cb: 15.7757   Cr: 18.6076 )
00000800: 18.0394   (Y': 18.7381   Cb: 15.725    Cr: 18.5429 )
00000801: 18.0538   (Y': 18.7418   Cb: 15.7511   Cr: 18.576  )
00000802: 18.054    (Y': 18.7658   Cb: 15.7302   Cr: 18.5253 )
00000803: 18.0471   (Y': 18.7096   Cb: 15.7707   Cr: 18.6174 )
00000804: 18.0424   (Y': 18.7561   Cb: 15.7224   Cr: 18.4995 )
00000805: 18.0506   (Y': 18.7423   Cb: 15.7398   Cr: 18.5741 )
00000806: 18.0632   (Y': 18.7495   Cb: 15.765    Cr: 18.5833 )
00000807: 18.0699   (Y': 18.7513   Cb: 15.7654   Cr: 18.6211 )
00000808: 18.0471   (Y': 18.7274   Cb: 15.7817   Cr: 18.5278 )
00000809: 18.0552   (Y': 18.7296   Cb: 15.7967   Cr: 18.5454 )
00000810: 18.0708   (Y': 18.7633   Cb: 15.744    Cr: 18.6219 )
00000811: 18.0787   (Y': 18.7626   Cb: 15.8218   Cr: 18.5297 )
00000812: 18.0962   (Y': 18.7688   Cb: 15.8275   Cr: 18.613  )
00000813: 18.0777   (Y': 18.7836   Cb: 15.7905   Cr: 18.5027 )
00000814: 18.0792   (Y': 18.768    Cb: 15.7976   Cr: 18.5582 )
00000815: 18.0684   (Y': 18.7775   Cb: 15.7515   Cr: 18.5372 )
00000816: 18.0715   (Y': 18.7731   Cb: 15.7556   Cr: 18.567  )
00000817: 18.0809   (Y': 18.77     Cb: 15.7721   Cr: 18.6104 )
00000818: 18.0591   (Y': 18.7428   Cb: 15.7636   Cr: 18.5837 )
00000819: 18.0625   (Y': 18.7423   Cb: 15.7635   Cr: 18.6095 )
00000820: 18.0807   (Y': 18.7377   Cb: 15.807    Cr: 18.6676 )
00000821: 18.0898   (Y': 18.7506   Cb: 15.821    Cr: 18.6524 )
00000822: 18.0763   (Y': 18.7343   Cb: 15.8075   Cr: 18.6497 )
00000823: 18.0204   (Y': 18.6771   Cb: 15.7775   Cr: 18.5495 )
00000824: 18.0461   (Y': 18.7128   Cb: 15.8182   Cr: 18.5089 )
00000825: 17.9964   (Y': 18.664    Cb: 15.7553   Cr: 18.4803 )
00000826: 18.0356   (Y': 18.7035   Cb: 15.7738   Cr: 18.5573 )
00000827: 18.0616   (Y': 18.7423   Cb: 15.8052   Cr: 18.5242 )
00000828: 18.0211   (Y': 18.7045   Cb: 15.765    Cr: 18.4725 )
00000829: 18.0156   (Y': 18.6938   Cb: 15.7466   Cr: 18.5116 )
00000830: 18.0373   (Y': 18.7226   Cb: 15.7417   Cr: 18.5564 )
00000831: 18.0412   (Y': 18.7212   Cb: 15.762    Cr: 18.5495 )
00000832: 18.0224   (Y': 18.6967   Cb: 15.7884   Cr: 18.4673 )
00000833: 18.0233   (Y': 18.6988   Cb: 15.7796   Cr: 18.482  )
00000834: 18.0418   (Y': 18.7039   Cb: 15.7947   Cr: 18.5579 )
00000836: 18.0521   (Y': 18.7076   Cb: 15.8027   Cr: 18.5983 )
00000835: 18.0668   (Y': 18.7198   Cb: 15.8196   Cr: 18.6183 )
00000837: 18.071    (Y': 18.7312   Cb: 15.8346   Cr: 18.5742 )
00000838: 18.1042   (Y': 18.7621   Cb: 15.8334   Cr: 18.6821 )
00000839: 18.0906   (Y': 18.7551   Cb: 15.8518   Cr: 18.5821 )
00000840: 18.062    (Y': 18.7509   Cb: 15.7453   Cr: 18.6073 )
00000841: 18.0829   (Y': 18.7631   Cb: 15.7985   Cr: 18.5999 )
00000842: 18.0996   (Y': 18.7508   Cb: 15.8522   Cr: 18.6592 )
00000843: 18.1029   (Y': 18.7664   Cb: 15.8616   Cr: 18.6028 )
00000844: 18.0688   (Y': 18.7363   Cb: 15.8036   Cr: 18.5987 )
00000845: 18.0941   (Y': 18.769    Cb: 15.8208   Cr: 18.6105 )
00000846: 18.0644   (Y': 18.7404   Cb: 15.8189   Cr: 18.5243 )
00000847: 18.0576   (Y': 18.73     Cb: 15.8161   Cr: 18.5234 )
00000848: 18.0803   (Y': 18.7454   Cb: 15.8673   Cr: 18.5217 )
00000849: 18.0584   (Y': 18.7265   Cb: 15.7986   Cr: 18.5756 )
00000850: 18.0932   (Y': 18.7662   Cb: 15.8341   Cr: 18.5902 )
00000852: 18.091    (Y': 18.7468   Cb: 15.8389   Cr: 18.6411 )
00000851: 18.0927   (Y': 18.769    Cb: 15.8222   Cr: 18.5985 )
00000853: 18.1025   (Y': 18.7702   Cb: 15.8168   Cr: 18.6709 )
00000854: 18.0753   (Y': 18.7501   Cb: 15.8126   Cr: 18.5719 )
00000855: 18.0734   (Y': 18.6921   Cb: 15.8445   Cr: 18.7261 )
00000856: 18.0851   (Y': 18.7517   Cb: 15.8049   Cr: 18.6466 )
00000857: 18.105    (Y': 18.7435   Cb: 15.8907   Cr: 18.6507 )
00000858: 18.1182   (Y': 18.7546   Cb: 15.8765   Cr: 18.7253 )
00000859: 18.0912   (Y': 18.7617   Cb: 15.7956   Cr: 18.6675 )
00000860: 18.0852   (Y': 18.7541   Cb: 15.8443   Cr: 18.5633 )
00000861: 18.0821   (Y': 18.7473   Cb: 15.8223   Cr: 18.6104 )
00000862: 18.0665   (Y': 18.7517   Cb: 15.8015   Cr: 18.5275 )
00000863: 18.0954   (Y': 18.7653   Cb: 15.8273   Cr: 18.6213 )
00000864: 18.0785   (Y': 18.7322   Cb: 15.8267   Cr: 18.6359 )
00000865: 18.0849   (Y': 18.7436   Cb: 15.8261   Cr: 18.6365 )
00000866: 18.0785   (Y': 18.7614   Cb: 15.8019   Cr: 18.5707 )
00000868: 18.1049   (Y': 18.7699   Cb: 15.8269   Cr: 18.6685 )
00000867: 18.0746   (Y': 18.7403   Cb: 15.8302   Cr: 18.5721 )
00000869: 18.099    (Y': 18.7681   Cb: 15.8508   Cr: 18.5906 )
00000870: 18.1084   (Y': 18.767    Cb: 15.8891   Cr: 18.586  )
00000871: 18.0891   (Y': 18.7519   Cb: 15.839    Cr: 18.6086 )
00000872: 18.0801   (Y': 18.7621   Cb: 15.8211   Cr: 18.5429 )
00000873: 18.0699   (Y': 18.7522   Cb: 15.812    Cr: 18.5291 )
00000874: 18.0931   (Y': 18.7527   Cb: 15.8724   Cr: 18.5691 )
00000875: 18.0856   (Y': 18.7507   Cb: 15.8112   Cr: 18.6418 )
00000876: 18.0863   (Y': 18.7659   Cb: 15.7945   Cr: 18.62   )
00000877: 18.1056   (Y': 18.7606   Cb: 15.8585   Cr: 18.6493 )
00000878: 18.0707   (Y': 18.719    Cb: 15.8519   Cr: 18.5869 )
00000879: 18.0889   (Y': 18.7611   Cb: 15.8143   Cr: 18.6182 )
00000880: 18.0592   (Y': 18.7191   Cb: 15.8526   Cr: 18.5081 )
00000881: 18.0851   (Y': 18.7686   Cb: 15.79     Cr: 18.6098 )
00000882: 18.0988   (Y': 18.7604   Cb: 15.8666   Cr: 18.589  )
00000883: 18.0835   (Y': 18.7754   Cb: 15.7948   Cr: 18.5641 )
00000884: 18.0929   (Y': 18.7704   Cb: 15.8278   Cr: 18.5836 )
00000885: 18.0916   (Y': 18.806    Cb: 15.7809   Cr: 18.5283 )
00000886: 18.0635   (Y': 18.7678   Cb: 15.7759   Cr: 18.4954 )
00000888: 18.0879   (Y': 18.7515   Cb: 15.8202   Cr: 18.6375 )
00000887: 18.097    (Y': 18.7643   Cb: 15.8304   Cr: 18.6302 )
00000889: 18.1001   (Y': 18.7504   Cb: 15.88     Cr: 18.6114 )
00000890: 18.0977   (Y': 18.7855   Cb: 15.7974   Cr: 18.6163 )
00000891: 18.0907   (Y': 18.7881   Cb: 15.7738   Cr: 18.6037 )
00000892: 18.0904   (Y': 18.7496   Cb: 15.8424   Cr: 18.6199 )
00000893: 18.0988   (Y': 18.7843   Cb: 15.7982   Cr: 18.6263 )
00000894: 18.1168   (Y': 18.7664   Cb: 15.8602   Cr: 18.7003 )
00000895: 18.0925   (Y': 18.75     Cb: 15.8565   Cr: 18.6053 )
00000896: 18.1008   (Y': 18.7684   Cb: 15.8254   Cr: 18.6493 )
00000897: 18.1006   (Y': 18.7764   Cb: 15.833    Cr: 18.6031 )
00000898: 18.1006   (Y': 18.7655   Cb: 15.8325   Cr: 18.6461 )
00000899: 18.104    (Y': 18.7717   Cb: 15.8522   Cr: 18.6073 )
00000900: 18.1012   (Y': 18.7756   Cb: 15.8454   Cr: 18.5866 )
00000901: 18.07     (Y': 18.7614   Cb: 15.7855   Cr: 18.5445 )
00000902: 18.1125   (Y': 18.7828   Cb: 15.8359   Cr: 18.653  )
00000903: 18.0846   (Y': 18.7643   Cb: 15.8024   Cr: 18.5993 )
00000904: 18.0826   (Y': 18.748    Cb: 15.8225   Cr: 18.6108 )
00000905: 18.0974   (Y': 18.7566   Cb: 15.8309   Cr: 18.662  )
00000906: 18.1089   (Y': 18.7702   Cb: 15.8638   Cr: 18.6245 )
00000908: 18.1016   (Y': 18.7547   Cb: 15.8405   Cr: 18.6796 )
00000907: 18.1251   (Y': 18.7704   Cb: 15.8898   Cr: 18.6844 )
00000909: 18.0993   (Y': 18.7687   Cb: 15.8578   Cr: 18.5768 )
00000910: 18.0822   (Y': 18.7398   Cb: 15.8313   Cr: 18.6231 )
00000911: 18.114    (Y': 18.7732   Cb: 15.8703   Cr: 18.6355 )
00000912: 18.0932   (Y': 18.745    Cb: 15.8633   Cr: 18.6169 )
00000913: 18.0794   (Y': 18.7598   Cb: 15.8023   Cr: 18.5817 )
00000914: 18.0929   (Y': 18.7722   Cb: 15.8158   Cr: 18.5995 )
00000915: 18.0873   (Y': 18.7413   Cb: 15.8111   Cr: 18.691  )
00000916: 18.1025   (Y': 18.7638   Cb: 15.8889   Cr: 18.5594 )
00000917: 18.1      (Y': 18.7551   Cb: 15.8221   Cr: 18.7029 )
00000918: 18.1067   (Y': 18.7763   Cb: 15.8382   Cr: 18.6349 )
00000919: 18.112    (Y': 18.7667   Cb: 15.8243   Cr: 18.7352 )
00000920: 18.0934   (Y': 18.7603   Cb: 15.814    Cr: 18.6527 )
00000921: 18.0995   (Y': 18.7621   Cb: 15.8334   Cr: 18.6499 )
00000922: 18.0956   (Y': 18.7733   Cb: 15.8306   Cr: 18.5855 )
00000923: 18.1008   (Y': 18.7612   Cb: 15.8319   Cr: 18.6654 )
00000924: 18.1152   (Y': 18.7895   Cb: 15.8329   Cr: 18.651  )
00000925: 18.1205   (Y': 18.7958   Cb: 15.8158   Cr: 18.6959 )
00000926: 18.0979   (Y': 18.7679   Cb: 15.8059   Cr: 18.6694 )
00000927: 18.0963   (Y': 18.7688   Cb: 15.8253   Cr: 18.6177 )
00000928: 18.1115   (Y': 18.7695   Cb: 15.8762   Cr: 18.6215 )
00000929: 18.1123   (Y': 18.7581   Cb: 15.8852   Cr: 18.6542 )
00000930: 18.0902   (Y': 18.7431   Cb: 15.8478   Cr: 18.6333 )
00000931: 18.1166   (Y': 18.7888   Cb: 15.8392   Cr: 18.6516 )
00000932: 18.0887   (Y': 18.751    Cb: 15.8622   Cr: 18.5651 )
00000933: 18.0985   (Y': 18.7615   Cb: 15.8298   Cr: 18.6522 )
00000934: 18.1073   (Y': 18.7478   Cb: 15.8316   Cr: 18.7634 )
00000935: 18.0673   (Y': 18.7303   Cb: 15.8381   Cr: 18.5465 )
00000936: 18.0934   (Y': 18.7557   Cb: 15.8298   Cr: 18.6404 )
00000937: 18.0629   (Y': 18.738    Cb: 15.7813   Cr: 18.5944 )
00000938: 18.0876   (Y': 18.7394   Cb: 15.8413   Cr: 18.6425 )
00000940: 18.0955   (Y': 18.7447   Cb: 15.8902   Cr: 18.5833 )
00000939: 18.0972   (Y': 18.7481   Cb: 15.8443   Cr: 18.6678 )
00000941: 18.0802   (Y': 18.7495   Cb: 15.8016   Cr: 18.6283 )
00000942: 18.0913   (Y': 18.7784   Cb: 15.8261   Cr: 18.5461 )
00000943: 18.0852   (Y': 18.7878   Cb: 15.7918   Cr: 18.5341 )
00000944: 18.0795   (Y': 18.7554   Cb: 15.8077   Cr: 18.5894 )
00000945: 18.0541   (Y': 18.7446   Cb: 15.7912   Cr: 18.4916 )
00000946: 18.0654   (Y': 18.7609   Cb: 15.8023   Cr: 18.484  )
00000947: 18.0778   (Y': 18.7635   Cb: 15.7797   Cr: 18.6    )
00000948: 18.0733   (Y': 18.7755   Cb: 15.7982   Cr: 18.4895 )
00000949: 18.0493   (Y': 18.7266   Cb: 15.8225   Cr: 18.4696 )
00000950: 18.0536   (Y': 18.7455   Cb: 15.7781   Cr: 18.5092 )
00000951: 18.0567   (Y': 18.7316   Cb: 15.8024   Cr: 18.5373 )
00000952: 18.0661   (Y': 18.748    Cb: 15.7696   Cr: 18.5997 )
00000953: 18.0833   (Y': 18.7716   Cb: 15.7962   Cr: 18.5746 )
00000954: 18.0938   (Y': 18.7876   Cb: 15.8001   Cr: 18.5766 )
00000956: 18.0912   (Y': 18.7745   Cb: 15.8034   Cr: 18.6028 )
00000955: 18.1132   (Y': 18.7888   Cb: 15.8384   Cr: 18.63   )
00000957: 18.0877   (Y': 18.7424   Cb: 15.845    Cr: 18.6243 )
00000958: 18.0668   (Y': 18.7482   Cb: 15.7712   Cr: 18.6006 )
00000959: 18.0687   (Y': 18.7174   Cb: 15.851    Cr: 18.5817 )
00000960: 18.0818   (Y': 18.7362   Cb: 15.8426   Cr: 18.6127 )
00000961: 18.055    (Y': 18.7192   Cb: 15.8007   Cr: 18.5767 )
00000962: 18.0627   (Y': 18.7078   Cb: 15.8378   Cr: 18.6035 )
00000963: 18.1121   (Y': 18.7756   Cb: 15.8603   Cr: 18.6321 )
00000965: 18.0825   (Y': 18.7286   Cb: 15.8405   Cr: 18.6516 )
00000964: 18.06     (Y': 18.7438   Cb: 15.7865   Cr: 18.5426 )
00000966: 18.0496   (Y': 18.7167   Cb: 15.8044   Cr: 18.5426 )
00000967: 18.0763   (Y': 18.7508   Cb: 15.7943   Cr: 18.6109 )
Total: 18.0708   (Y': 18.7271   Cb: 15.8217   Cr: 18.6136 )
