00000000: 31.3234   (Y': 44.3744   Cb: 26.6981   Cr: 26.6981 )
00000001: 14.5806   (Y': 14.5222   Cb: 13.7316   Cr: 15.9482 )
00000002: 14.5828   (Y': 14.5317   Cb: 13.7054   Cr: 15.9569 )
00000003: 14.4159   (Y': 14.2729   Cb: 13.6814   Cr: 16.079  )
00000005: 14.6035   (Y': 14.4837   Cb: 13.8939   Cr: 16.0873 )
00000004: 14.5598   (Y': 14.4404   Cb: 13.8318   Cr: 16.0716 )
00000006: 14.5035   (Y': 14.372    Cb: 13.7951   Cr: 16.0533 )
00000007: 14.6328   (Y': 14.4984   Cb: 13.9422   Cr: 16.1697 )
00000008: 14.6205   (Y': 14.4975   Cb: 13.9272   Cr: 16.0958 )
00000009: 14.5691   (Y': 14.4967   Cb: 13.7221   Cr: 16.0113 )
00000011: 14.5589   (Y': 14.503    Cb: 13.6598   Cr: 15.9965 )
00000010: 14.5825   (Y': 14.5046   Cb: 13.739    Cr: 16.0505 )
00000013: 14.5549   (Y': 14.4696   Cb: 13.7267   Cr: 16.0385 )
00000012: 14.5835   (Y': 14.5012   Cb: 13.7573   Cr: 16.047  )
00000014: 14.5912   (Y': 14.5132   Cb: 13.7871   Cr: 15.9935 )
00000015: 14.5831   (Y': 14.5057   Cb: 13.7817   Cr: 15.9771 )
00000016: 14.5832   (Y': 14.5028   Cb: 13.7645   Cr: 16.0236 )
00000017: 14.5455   (Y': 14.4737   Cb: 13.6939   Cr: 15.992  )
00000018: 14.5513   (Y': 14.4686   Cb: 13.7364   Cr: 15.9976 )
00000019: 14.5737   (Y': 14.4713   Cb: 13.8136   Cr: 16.041  )
00000022: 14.5565   (Y': 14.4617   Cb: 13.7863   Cr: 15.9974 )
00000020: 14.5519   (Y': 14.4704   Cb: 13.7808   Cr: 15.9188 )
00000021: 14.5617   (Y': 14.4676   Cb: 13.7791   Cr: 16.0193 )
00000023: 14.5647   (Y': 14.4957   Cb: 13.729    Cr: 15.9687 )
00000024: 14.5624   (Y': 14.4753   Cb: 13.7722   Cr: 15.9925 )
00000026: 14.5277   (Y': 14.4372   Cb: 13.7784   Cr: 15.9094 )
00000025: 14.5748   (Y': 14.4812   Cb: 13.7878   Cr: 16.0366 )
00000027: 14.5501   (Y': 14.4635   Cb: 13.7678   Cr: 15.9644 )
00000028: 14.5658   (Y': 14.4702   Cb: 13.775    Cr: 16.0457 )
00000030: 14.6202   (Y': 14.5533   Cb: 13.8124   Cr: 15.9666 )
00000029: 14.5681   (Y': 14.4987   Cb: 13.7622   Cr: 15.9247 )
00000031: 14.6024   (Y': 14.5288   Cb: 13.7987   Cr: 15.9785 )
00000032: 14.5845   (Y': 14.5109   Cb: 13.7559   Cr: 16.0022 )
00000033: 14.5588   (Y': 14.4792   Cb: 13.7467   Cr: 15.983  )
00000034: 14.5732   (Y': 14.5112   Cb: 13.7369   Cr: 15.9394 )
00000035: 14.5984   (Y': 14.5406   Cb: 13.7644   Cr: 15.9374 )
00000036: 14.6089   (Y': 14.5519   Cb: 13.7706   Cr: 15.9505 )
00000037: 14.5644   (Y': 14.48     Cb: 13.7813   Cr: 15.968  )
00000038: 14.5465   (Y': 14.4702   Cb: 13.713    Cr: 15.9876 )
00000039: 14.5483   (Y': 14.4802   Cb: 13.7321   Cr: 15.9151 )
00000040: 14.5926   (Y': 14.5076   Cb: 13.7765   Cr: 16.0543 )
00000041: 14.559    (Y': 14.4782   Cb: 13.7432   Cr: 15.9961 )
00000042: 14.5787   (Y': 14.4826   Cb: 13.7979   Cr: 16.0452 )
00000044: 14.5965   (Y': 14.4931   Cb: 13.8345   Cr: 16.0725 )
00000043: 14.5835   (Y': 14.5031   Cb: 13.7815   Cr: 15.9954 )
00000045: 14.6055   (Y': 14.5076   Cb: 13.8478   Cr: 16.0428 )
00000046: 14.6382   (Y': 14.5551   Cb: 13.8256   Cr: 16.083  )
00000047: 14.7327   (Y': 14.6956   Cb: 13.8379   Cr: 16.0588 )
00000048: 14.749    (Y': 14.6956   Cb: 13.873    Cr: 16.1337 )
00000049: 14.758    (Y': 14.7301   Cb: 13.8523   Cr: 16.052  )
00000050: 14.7729   (Y': 14.7396   Cb: 13.894    Cr: 16.0518 )
00000051: 14.7622   (Y': 14.7419   Cb: 13.8082   Cr: 16.0959 )
00000052: 14.7957   (Y': 14.7586   Cb: 13.898    Cr: 16.1261 )
00000053: 14.8311   (Y': 14.7857   Cb: 13.9376   Cr: 16.2008 )
00000054: 14.8123   (Y': 14.7535   Cb: 13.928    Cr: 16.2409 )
00000055: 14.7927   (Y': 14.7339   Cb: 13.9366   Cr: 16.1737 )
00000056: 14.7716   (Y': 14.7068   Cb: 13.9051   Cr: 16.2037 )
00000059: 14.7342   (Y': 14.6697   Cb: 13.862    Cr: 16.1748 )
00000057: 14.7449   (Y': 14.672    Cb: 13.8725   Cr: 16.2334 )
00000058: 14.7262   (Y': 14.6721   Cb: 13.8595   Cr: 16.0985 )
00000060: 14.7439   (Y': 14.7016   Cb: 13.8223   Cr: 16.1438 )
00000062: 14.6009   (Y': 14.5362   Cb: 13.7145   Cr: 16.0664 )
00000063: 14.613    (Y': 14.5364   Cb: 13.7845   Cr: 16.0481 )
00000061: 14.6381   (Y': 14.5593   Cb: 13.8271   Cr: 16.0565 )
00000064: 14.6082   (Y': 14.541    Cb: 13.7932   Cr: 15.9681 )
00000066: 14.6082   (Y': 14.5123   Cb: 13.8491   Cr: 16.0371 )
00000065: 14.6002   (Y': 14.5208   Cb: 13.795    Cr: 16.0118 )
00000067: 14.5646   (Y': 14.4862   Cb: 13.7244   Cr: 16.0293 )
00000068: 14.5743   (Y': 14.5167   Cb: 13.7261   Cr: 15.9358 )
00000069: 14.6426   (Y': 14.5789   Cb: 13.7966   Cr: 16.0339 )
00000070: 14.6368   (Y': 14.5578   Cb: 13.788    Cr: 16.1196 )
00000071: 14.609    (Y': 14.535    Cb: 13.7481   Cr: 16.0839 )
00000072: 14.612    (Y': 14.5481   Cb: 13.7847   Cr: 15.9734 )
00000073: 14.6551   (Y': 14.5881   Cb: 13.7941   Cr: 16.0905 )
00000075: 14.6107   (Y': 14.5428   Cb: 13.7871   Cr: 15.9882 )
00000074: 14.648    (Y': 14.5739   Cb: 13.8421   Cr: 16.0309 )
00000076: 14.6023   (Y': 14.5223   Cb: 13.7983   Cr: 16.0156 )
00000077: 14.6057   (Y': 14.5432   Cb: 13.7872   Cr: 15.9457 )
00000078: 14.6034   (Y': 14.5357   Cb: 13.7711   Cr: 15.9949 )
00000079: 14.5987   (Y': 14.5067   Cb: 13.831    Cr: 16.0195 )
00000080: 14.5932   (Y': 14.5181   Cb: 13.7482   Cr: 16.0473 )
00000082: 14.5862   (Y': 14.5234   Cb: 13.712    Cr: 16.0207 )
00000081: 14.5723   (Y': 14.5084   Cb: 13.7202   Cr: 15.975  )
00000083: 14.6267   (Y': 14.5467   Cb: 13.8225   Cr: 16.0399 )
00000084: 14.6172   (Y': 14.5545   Cb: 13.7479   Cr: 16.0423 )
00000085: 14.6061   (Y': 14.5324   Cb: 13.7868   Cr: 16.0094 )
00000086: 14.6395   (Y': 14.5876   Cb: 13.7559   Cr: 16.0287 )
00000087: 14.5932   (Y': 14.5269   Cb: 13.7853   Cr: 15.9359 )
00000088: 14.594    (Y': 14.5206   Cb: 13.7658   Cr: 16.0102 )
00000089: 14.5913   (Y': 14.5087   Cb: 13.7874   Cr: 16.0185 )
00000090: 14.6009   (Y': 14.5307   Cb: 13.7391   Cr: 16.056  )
00000091: 14.6132   (Y': 14.5535   Cb: 13.7491   Cr: 16.0128 )
00000092: 14.5982   (Y': 14.5304   Cb: 13.7791   Cr: 15.9679 )
00000093: 14.6383   (Y': 14.5679   Cb: 13.7896   Cr: 16.0727 )
00000094: 14.6072   (Y': 14.5565   Cb: 13.7375   Cr: 15.9661 )
00000095: 14.621    (Y': 14.5596   Cb: 13.7613   Cr: 16.0224 )
00000096: 14.5883   (Y': 14.5317   Cb: 13.7155   Cr: 15.9856 )
00000097: 14.577    (Y': 14.5036   Cb: 13.7769   Cr: 15.9465 )
00000098: 14.5929   (Y': 14.5426   Cb: 13.744    Cr: 15.9155 )
00000099: 14.585    (Y': 14.5195   Cb: 13.7503   Cr: 15.9675 )
00000100: 14.599    (Y': 14.5193   Cb: 13.8324   Cr: 15.9492 )
00000101: 14.6023   (Y': 14.522    Cb: 13.7885   Cr: 16.0335 )
00000102: 14.612    (Y': 14.5442   Cb: 13.7613   Cr: 16.035  )
00000103: 14.5997   (Y': 14.5306   Cb: 13.7489   Cr: 16.0296 )
00000104: 14.5987   (Y': 14.5314   Cb: 13.7571   Cr: 16.003  )
00000105: 14.5813   (Y': 14.494    Cb: 13.8072   Cr: 15.9859 )
00000106: 14.5621   (Y': 14.5203   Cb: 13.6476   Cr: 15.9476 )
00000107: 14.5892   (Y': 14.5201   Cb: 13.8082   Cr: 15.9036 )
00000108: 14.5921   (Y': 14.5346   Cb: 13.7389   Cr: 15.9618 )
00000109: 14.5991   (Y': 14.5377   Cb: 13.7552   Cr: 15.9742 )
00000110: 14.5998   (Y': 14.5307   Cb: 13.7555   Cr: 16.0187 )
00000111: 14.6011   (Y': 14.5413   Cb: 13.7728   Cr: 15.9416 )
00000112: 14.6168   (Y': 14.5509   Cb: 13.7632   Cr: 16.0336 )
00000113: 14.6618   (Y': 14.5979   Cb: 13.8164   Cr: 16.0535 )
00000114: 14.6374   (Y': 14.5617   Cb: 13.8048   Cr: 16.0739 )
00000115: 14.6472   (Y': 14.5677   Cb: 13.8434   Cr: 16.0575 )
00000116: 14.5813   (Y': 14.5002   Cb: 13.7881   Cr: 15.9824 )
00000117: 14.6073   (Y': 14.5201   Cb: 13.84     Cr: 15.9999 )
00000118: 14.5814   (Y': 14.5054   Cb: 13.7326   Cr: 16.0472 )
00000119: 14.6197   (Y': 14.5565   Cb: 13.7897   Cr: 15.9823 )
00000120: 14.6116   (Y': 14.533    Cb: 13.8162   Cr: 16.0025 )
00000122: 14.6256   (Y': 14.558    Cb: 13.8239   Cr: 15.9659 )
00000121: 14.5872   (Y': 14.5084   Cb: 13.7676   Cr: 16.0194 )
00000123: 14.6133   (Y': 14.5338   Cb: 13.7948   Cr: 16.0477 )
00000125: 14.5832   (Y': 14.5277   Cb: 13.7625   Cr: 15.8878 )
00000124: 14.5656   (Y': 14.5015   Cb: 13.7563   Cr: 15.8983 )
00000126: 14.5974   (Y': 14.5557   Cb: 13.7507   Cr: 15.8691 )
00000127: 14.6057   (Y': 14.5477   Cb: 13.7513   Cr: 15.9794 )
00000128: 14.6015   (Y': 14.5421   Cb: 13.7866   Cr: 15.918  )
00000131: 14.5496   (Y': 14.4712   Cb: 13.7504   Cr: 15.9455 )
00000130: 14.6043   (Y': 14.5292   Cb: 13.769    Cr: 16.0426 )
00000129: 14.6276   (Y': 14.5365   Cb: 13.8611   Cr: 16.0408 )
00000133: 14.6212   (Y': 14.5506   Cb: 13.8014   Cr: 16.0083 )
00000132: 14.6      (Y': 14.5309   Cb: 13.7643   Cr: 16.0045 )
00000134: 14.5784   (Y': 14.5044   Cb: 13.7626   Cr: 15.9773 )
00000135: 14.6188   (Y': 14.5588   Cb: 13.738    Cr: 16.0491 )
00000136: 14.602    (Y': 14.5301   Cb: 13.8136   Cr: 15.944  )
00000137: 14.6132   (Y': 14.5563   Cb: 13.7947   Cr: 15.9218 )
00000138: 14.6306   (Y': 14.5666   Cb: 13.792    Cr: 16.0111 )
00000140: 14.6094   (Y': 14.5539   Cb: 13.768    Cr: 15.9483 )
00000139: 14.636    (Y': 14.5805   Cb: 13.7698   Cr: 16.0152 )
00000141: 14.6111   (Y': 14.5482   Cb: 13.7131   Cr: 16.0868 )
00000142: 14.6113   (Y': 14.5438   Cb: 13.7662   Cr: 16.0223 )
00000143: 14.6233   (Y': 14.5473   Cb: 13.817    Cr: 16.0173 )
00000144: 14.587    (Y': 14.5168   Cb: 13.7655   Cr: 15.9746 )
00000147: 14.6234   (Y': 14.5546   Cb: 13.7538   Cr: 16.0835 )
00000148: 14.616    (Y': 14.5541   Cb: 13.8078   Cr: 15.935  )
00000146: 14.6346   (Y': 14.5515   Cb: 13.8081   Cr: 16.1031 )
00000149: 14.6287   (Y': 14.584    Cb: 13.762    Cr: 15.9495 )
00000145: 14.5896   (Y': 14.5365   Cb: 13.6975   Cr: 15.9997 )
00000150: 14.6162   (Y': 14.5176   Cb: 13.8611   Cr: 16.0532 )
00000151: 14.6189   (Y': 14.5396   Cb: 13.8361   Cr: 15.9932 )
00000152: 14.6239   (Y': 14.5801   Cb: 13.7359   Cr: 15.9754 )
00000153: 14.6087   (Y': 14.532    Cb: 13.7544   Cr: 16.0875 )
00000154: 14.6284   (Y': 14.5744   Cb: 13.7488   Cr: 16.0225 )
00000155: 14.5816   (Y': 14.5052   Cb: 13.763    Cr: 15.9988 )
00000156: 14.5856   (Y': 14.5401   Cb: 13.7277   Cr: 15.8965 )
00000157: 14.6541   (Y': 14.5949   Cb: 13.8095   Cr: 16.018  )
00000158: 14.6244   (Y': 14.5813   Cb: 13.71     Cr: 16.0163 )
00000159: 14.641    (Y': 14.5758   Cb: 13.7906   Cr: 16.0487 )
00000160: 14.5676   (Y': 14.5274   Cb: 13.7041   Cr: 15.8588 )
00000161: 14.6177   (Y': 14.5435   Cb: 13.7716   Cr: 16.0692 )
00000162: 14.6162   (Y': 14.5466   Cb: 13.8038   Cr: 15.9847 )
00000163: 14.5966   (Y': 14.5116   Cb: 13.7791   Cr: 16.0603 )
00000164: 14.6076   (Y': 14.5312   Cb: 13.7766   Cr: 16.0455 )
00000165: 14.6228   (Y': 14.5656   Cb: 13.7455   Cr: 16.0307 )
00000166: 14.6097   (Y': 14.5393   Cb: 13.759    Cr: 16.0471 )
00000167: 14.5876   (Y': 14.5174   Cb: 13.7382   Cr: 16.0213 )
00000168: 14.5897   (Y': 14.5214   Cb: 13.7734   Cr: 15.9573 )
00000170: 14.612    (Y': 14.5461   Cb: 13.7601   Cr: 16.026  )
00000169: 14.6282   (Y': 14.5582   Cb: 13.7979   Cr: 16.029  )
00000171: 14.6137   (Y': 14.5348   Cb: 13.7978   Cr: 16.0405 )
00000172: 14.5732   (Y': 14.5164   Cb: 13.7298   Cr: 15.9222 )
00000173: 14.5527   (Y': 14.4789   Cb: 13.739    Cr: 15.9475 )
00000174: 14.5912   (Y': 14.4999   Cb: 13.7732   Cr: 16.0921 )
00000175: 14.5711   (Y': 14.4958   Cb: 13.7243   Cr: 16.0299 )
00000176: 14.5784   (Y': 14.4934   Cb: 13.7683   Cr: 16.0296 )
00000178: 14.6222   (Y': 14.557    Cb: 13.7768   Cr: 16.0214 )
00000177: 14.6042   (Y': 14.5551   Cb: 13.7326   Cr: 15.9577 )
00000179: 14.6302   (Y': 14.5758   Cb: 13.7791   Cr: 15.9793 )
00000180: 14.5913   (Y': 14.5134   Cb: 13.7362   Cr: 16.0786 )
00000181: 14.6181   (Y': 14.5408   Cb: 13.7933   Cr: 16.0505 )
00000182: 14.6145   (Y': 14.5279   Cb: 13.8081   Cr: 16.0695 )
00000183: 14.6161   (Y': 14.558    Cb: 13.7913   Cr: 15.9416 )
00000184: 14.6362   (Y': 14.552    Cb: 13.8109   Cr: 16.1088 )
00000185: 14.6101   (Y': 14.5486   Cb: 13.7569   Cr: 16.0015 )
00000186: 14.6015   (Y': 14.5156   Cb: 13.791    Cr: 16.0585 )
00000187: 14.6009   (Y': 14.5268   Cb: 13.805    Cr: 15.9678 )
00000188: 14.5706   (Y': 14.5177   Cb: 13.7067   Cr: 15.9323 )
00000189: 14.6089   (Y': 14.5264   Cb: 13.7889   Cr: 16.0631 )
00000190: 14.6344   (Y': 14.594    Cb: 13.7141   Cr: 16.0216 )
00000191: 14.6154   (Y': 14.5619   Cb: 13.7338   Cr: 16.0105 )
00000192: 14.6325   (Y': 14.5672   Cb: 13.7816   Cr: 16.0411 )
00000193: 14.6417   (Y': 14.5825   Cb: 13.7563   Cr: 16.0745 )
00000194: 14.645    (Y': 14.6019   Cb: 13.8095   Cr: 15.9061 )
00000195: 14.6427   (Y': 14.5812   Cb: 13.7829   Cr: 16.0451 )
00000196: 14.6029   (Y': 14.5234   Cb: 13.7938   Cr: 16.022  )
00000197: 14.5717   (Y': 14.5041   Cb: 13.737    Cr: 15.9664 )
00000198: 14.5969   (Y': 14.53     Cb: 13.78     Cr: 15.9582 )
00000199: 14.6399   (Y': 14.5596   Cb: 13.7816   Cr: 16.1468 )
00000200: 14.6392   (Y': 14.5534   Cb: 13.8382   Cr: 16.0801 )
00000201: 14.6327   (Y': 14.5641   Cb: 13.7851   Cr: 16.0543 )
00000202: 14.6147   (Y': 14.5487   Cb: 13.7793   Cr: 16.0017 )
00000203: 14.6149   (Y': 14.5475   Cb: 13.7661   Cr: 16.0317 )
00000204: 14.6229   (Y': 14.554    Cb: 13.7775   Cr: 16.0424 )
00000205: 14.6139   (Y': 14.5342   Cb: 13.7656   Cr: 16.1003 )
00000206: 14.6378   (Y': 14.543    Cb: 13.8829   Cr: 16.0532 )
00000207: 14.5999   (Y': 14.5071   Cb: 13.7699   Cr: 16.1302 )
00000208: 14.5918   (Y': 14.5206   Cb: 13.7078   Cr: 16.0911 )
00000209: 14.589    (Y': 14.4845   Cb: 13.8342   Cr: 16.0594 )
00000210: 14.5601   (Y': 14.4549   Cb: 13.7802   Cr: 16.0767 )
00000211: 14.5465   (Y': 14.4355   Cb: 13.7779   Cr: 16.078  )
00000212: 14.5748   (Y': 14.4698   Cb: 13.8027   Cr: 16.0772 )
00000213: 14.5865   (Y': 14.4953   Cb: 13.8087   Cr: 16.0192 )
00000214: 14.5951   (Y': 14.5144   Cb: 13.7581   Cr: 16.0679 )
00000215: 14.5684   (Y': 14.4917   Cb: 13.7211   Cr: 16.0359 )
00000216: 14.6014   (Y': 14.5006   Cb: 13.8303   Cr: 16.078  )
00000217: 14.5773   (Y': 14.4806   Cb: 13.7804   Cr: 16.0738 )
00000218: 14.5767   (Y': 14.5156   Cb: 13.7594   Cr: 15.906  )
00000220: 14.5909   (Y': 14.5247   Cb: 13.7585   Cr: 15.9739 )
00000219: 14.6045   (Y': 14.507    Cb: 13.7826   Cr: 16.1485 )
00000221: 14.5959   (Y': 14.5296   Cb: 13.7102   Cr: 16.0698 )
00000222: 14.5868   (Y': 14.4901   Cb: 13.7879   Cr: 16.0865 )
00000223: 14.6185   (Y': 14.5418   Cb: 13.7803   Cr: 16.0704 )
00000224: 14.576    (Y': 14.501    Cb: 13.735    Cr: 16.0224 )
00000225: 14.6044   (Y': 14.541    Cb: 13.745    Cr: 16.0163 )
00000226: 14.5621   (Y': 14.4901   Cb: 13.7545   Cr: 15.9361 )
00000228: 14.5618   (Y': 14.4853   Cb: 13.731    Cr: 15.9997 )
00000227: 14.6043   (Y': 14.5196   Cb: 13.784    Cr: 16.0717 )
00000229: 14.5945   (Y': 14.5131   Cb: 13.8053   Cr: 15.9905 )
00000230: 14.6643   (Y': 14.6109   Cb: 13.7956   Cr: 16.0368 )
00000231: 14.6769   (Y': 14.6235   Cb: 13.8179   Cr: 16.0324 )
00000232: 14.5883   (Y': 14.5093   Cb: 13.7505   Cr: 16.0525 )
00000233: 14.5809   (Y': 14.5122   Cb: 13.7659   Cr: 15.9489 )
00000234: 14.632    (Y': 14.5468   Cb: 13.8275   Cr: 16.0749 )
00000235: 14.5811   (Y': 14.494    Cb: 13.7453   Cr: 16.0885 )
00000236: 14.5703   (Y': 14.4873   Cb: 13.7471   Cr: 16.0326 )
00000237: 14.6023   (Y': 14.5436   Cb: 13.7439   Cr: 15.9867 )
00000238: 14.5644   (Y': 14.4939   Cb: 13.766    Cr: 15.9154 )
00000239: 14.5489   (Y': 14.4522   Cb: 13.7508   Cr: 16.047  )
00000240: 14.5733   (Y': 14.5212   Cb: 13.7557   Cr: 15.8539 )
00000241: 14.6062   (Y': 14.5349   Cb: 13.7503   Cr: 16.0569 )
00000242: 14.5918   (Y': 14.5283   Cb: 13.746    Cr: 15.9817 )
00000243: 14.5989   (Y': 14.5306   Cb: 13.7654   Cr: 15.9956 )
00000244: 14.5858   (Y': 14.5217   Cb: 13.75     Cr: 15.9625 )
00000245: 14.5731   (Y': 14.5249   Cb: 13.6566   Cr: 15.9971 )
00000246: 14.6148   (Y': 14.5533   Cb: 13.7569   Cr: 16.0139 )
00000247: 14.6013   (Y': 14.525    Cb: 13.7915   Cr: 16.0033 )
00000248: 14.6035   (Y': 14.5459   Cb: 13.7239   Cr: 16.0181 )
00000249: 14.5897   (Y': 14.4977   Cb: 13.756    Cr: 16.1217 )
00000250: 14.5622   (Y': 14.4886   Cb: 13.7548   Cr: 15.9452 )
00000252: 14.5881   (Y': 14.5275   Cb: 13.7148   Cr: 16.008  )
00000251: 14.5807   (Y': 14.5251   Cb: 13.7105   Cr: 15.9678 )
00000253: 14.6017   (Y': 14.524    Cb: 13.7783   Cr: 16.0346 )
00000254: 14.5959   (Y': 14.5446   Cb: 13.7256   Cr: 15.9588 )
00000255: 14.5877   (Y': 14.5163   Cb: 13.7478   Cr: 16.0121 )
00000256: 14.5909   (Y': 14.5128   Cb: 13.7843   Cr: 15.9978 )
00000257: 14.5918   (Y': 14.5192   Cb: 13.7618   Cr: 16.0064 )
00000258: 14.5622   (Y': 14.4821   Cb: 13.733    Cr: 16.0185 )
00000259: 14.5927   (Y': 14.5338   Cb: 13.7224   Cr: 15.9979 )
00000260: 14.5804   (Y': 14.5016   Cb: 13.7554   Cr: 16.0222 )
00000261: 14.5678   (Y': 14.5168   Cb: 13.6843   Cr: 15.9513 )
00000262: 14.6001   (Y': 14.5409   Cb: 13.7207   Cr: 16.0229 )
00000263: 14.5891   (Y': 14.5164   Cb: 13.7967   Cr: 15.9418 )
00000264: 14.6167   (Y': 14.5576   Cb: 13.7203   Cr: 16.0682 )
00000265: 14.5976   (Y': 14.5273   Cb: 13.7644   Cr: 16.0051 )
00000266: 14.602    (Y': 14.5372   Cb: 13.7578   Cr: 15.9971 )
00000268: 14.5892   (Y': 14.5076   Cb: 13.7843   Cr: 16.0129 )
00000267: 14.5796   (Y': 14.5025   Cb: 13.7694   Cr: 15.9866 )
00000270: 14.5856   (Y': 14.5334   Cb: 13.742    Cr: 15.9101 )
00000269: 14.6113   (Y': 14.5508   Cb: 13.7449   Cr: 16.0194 )
00000271: 14.5897   (Y': 14.5401   Cb: 13.7318   Cr: 15.9229 )
00000272: 14.5989   (Y': 14.5321   Cb: 13.7608   Cr: 15.9944 )
00000273: 14.6706   (Y': 14.6447   Cb: 13.7245   Cr: 16.0215 )
00000274: 14.6641   (Y': 14.6195   Cb: 13.7687   Cr: 16.0327 )
00000275: 14.6762   (Y': 14.6121   Cb: 13.8406   Cr: 16.0528 )
00000276: 14.5836   (Y': 14.5262   Cb: 13.736    Cr: 15.9431 )
00000277: 14.614    (Y': 14.558    Cb: 13.7464   Cr: 15.9986 )
00000278: 14.6236   (Y': 14.5867   Cb: 13.7086   Cr: 15.9823 )
00000279: 14.6407   (Y': 14.5907   Cb: 13.7907   Cr: 15.9634 )
00000280: 14.63     (Y': 14.5762   Cb: 13.7725   Cr: 15.9858 )
00000281: 14.6516   (Y': 14.5934   Cb: 13.8201   Cr: 15.9884 )
00000282: 14.6054   (Y': 14.5358   Cb: 13.7577   Cr: 16.0329 )
00000284: 14.5958   (Y': 14.5509   Cb: 13.7276   Cr: 15.9203 )
00000283: 14.6006   (Y': 14.5538   Cb: 13.7288   Cr: 15.9413 )
00000285: 14.5841   (Y': 14.5382   Cb: 13.669    Cr: 15.9931 )
00000286: 14.5728   (Y': 14.5126   Cb: 13.7189   Cr: 15.9579 )
00000287: 14.5962   (Y': 14.524    Cb: 13.7723   Cr: 15.9987 )
00000288: 14.5912   (Y': 14.511    Cb: 13.826    Cr: 15.9413 )
00000289: 14.5813   (Y': 14.5101   Cb: 13.7626   Cr: 15.9693 )
00000290: 14.5724   (Y': 14.5119   Cb: 13.7199   Cr: 15.9567 )
00000291: 14.5627   (Y': 14.512    Cb: 13.6717   Cr: 15.9573 )
00000292: 14.5488   (Y': 14.4694   Cb: 13.7526   Cr: 15.9459 )
00000293: 14.5846   (Y': 14.4935   Cb: 13.7969   Cr: 16.034  )
00000294: 14.5921   (Y': 14.5211   Cb: 13.7664   Cr: 15.9906 )
00000295: 14.5516   (Y': 14.4929   Cb: 13.7018   Cr: 15.9217 )
00000296: 14.5605   (Y': 14.4897   Cb: 13.724    Cr: 15.9756 )
00000297: 14.5794   (Y': 14.5045   Cb: 13.7343   Cr: 16.0326 )
00000298: 14.5679   (Y': 14.4882   Cb: 13.7623   Cr: 15.9818 )
00000299: 14.5741   (Y': 14.5114   Cb: 13.7471   Cr: 15.9287 )
00000300: 14.5503   (Y': 14.4877   Cb: 13.7081   Cr: 15.93   )
00000302: 14.5604   (Y': 14.4896   Cb: 13.7508   Cr: 15.9312 )
00000301: 14.5589   (Y': 14.5013   Cb: 13.6976   Cr: 15.942  )
00000303: 14.5688   (Y': 14.491    Cb: 13.7413   Cr: 16.0087 )
00000304: 14.6021   (Y': 14.5049   Cb: 13.8028   Cr: 16.1051 )
00000305: 14.5938   (Y': 14.5043   Cb: 13.8088   Cr: 16.029  )
00000306: 14.5481   (Y': 14.4626   Cb: 13.7567   Cr: 15.9711 )
00000308: 14.5915   (Y': 14.5441   Cb: 13.7285   Cr: 15.9215 )
00000307: 14.5575   (Y': 14.4978   Cb: 13.7019   Cr: 15.9425 )
00000309: 14.6074   (Y': 14.5308   Cb: 13.7518   Cr: 16.0879 )
00000310: 14.583    (Y': 14.5255   Cb: 13.7473   Cr: 15.9229 )
00000311: 14.5885   (Y': 14.5218   Cb: 13.7467   Cr: 15.9898 )
00000312: 14.5996   (Y': 14.5391   Cb: 13.7529   Cr: 15.974  )
00000313: 14.5792   (Y': 14.5099   Cb: 13.7252   Cr: 16.0154 )
00000314: 14.6083   (Y': 14.5344   Cb: 13.7714   Cr: 16.0417 )
00000316: 14.5534   (Y': 14.4908   Cb: 13.7198   Cr: 15.9179 )
00000315: 14.5552   (Y': 14.5315   Cb: 13.6308   Cr: 15.857  )
00000317: 14.6107   (Y': 14.5382   Cb: 13.8123   Cr: 15.9727 )
00000318: 14.5995   (Y': 14.5345   Cb: 13.7734   Cr: 15.9656 )
00000319: 14.5698   (Y': 14.5142   Cb: 13.7037   Cr: 15.9497 )
00000320: 14.5842   (Y': 14.5316   Cb: 13.7258   Cr: 15.935  )
00000321: 14.5946   (Y': 14.517    Cb: 13.7603   Cr: 16.045  )
00000322: 14.5597   (Y': 14.4891   Cb: 13.7353   Cr: 15.9536 )
00000323: 14.5697   (Y': 14.4954   Cb: 13.7794   Cr: 15.9278 )
00000324: 14.5787   (Y': 14.5129   Cb: 13.709    Cr: 16.0217 )
00000325: 14.6154   (Y': 14.5788   Cb: 13.7163   Cr: 15.9455 )
00000326: 14.6455   (Y': 14.5933   Cb: 13.7608   Cr: 16.0381 )
00000327: 14.6879   (Y': 14.6418   Cb: 13.7895   Cr: 16.0691 )
00000328: 14.6649   (Y': 14.6169   Cb: 13.7666   Cr: 16.0567 )
00000329: 14.6988   (Y': 14.6488   Cb: 13.8005   Cr: 16.1022 )
00000330: 14.701    (Y': 14.6527   Cb: 13.8263   Cr: 16.055  )
00000332: 14.6357   (Y': 14.5833   Cb: 13.7497   Cr: 16.0315 )
00000331: 14.6541   (Y': 14.5889   Cb: 13.8196   Cr: 16.0353 )
00000333: 14.5841   (Y': 14.5132   Cb: 13.735    Cr: 16.0208 )
00000334: 14.5662   (Y': 14.493    Cb: 13.701    Cr: 16.0436 )
00000335: 14.5541   (Y': 14.4998   Cb: 13.6663   Cr: 15.9635 )
00000336: 14.5566   (Y': 14.4897   Cb: 13.6661   Cr: 16.0423 )
00000337: 14.5861   (Y': 14.526    Cb: 13.7035   Cr: 16.0194 )
00000338: 14.5716   (Y': 14.5202   Cb: 13.7005   Cr: 15.9373 )
00000339: 14.6088   (Y': 14.5553   Cb: 13.7251   Cr: 16.0069 )
00000340: 14.5686   (Y': 14.5225   Cb: 13.6646   Cr: 15.9601 )
00000341: 14.5851   (Y': 14.5233   Cb: 13.7019   Cr: 16.0291 )
00000342: 14.6064   (Y': 14.5579   Cb: 13.6986   Cr: 16.0176 )
00000343: 14.5704   (Y': 14.5278   Cb: 13.6922   Cr: 15.899  )
00000344: 14.5926   (Y': 14.5298   Cb: 13.7112   Cr: 16.0395 )
00000345: 14.575    (Y': 14.516    Cb: 13.7054   Cr: 15.9796 )
00000346: 14.5757   (Y': 14.5094   Cb: 13.773    Cr: 15.9097 )
00000347: 14.5855   (Y': 14.529    Cb: 13.7147   Cr: 15.9784 )
00000348: 14.5934   (Y': 14.542    Cb: 13.7048   Cr: 15.9878 )
00000349: 14.5995   (Y': 14.5558   Cb: 13.7047   Cr: 15.9615 )
00000350: 14.6002   (Y': 14.5529   Cb: 13.6962   Cr: 15.9977 )
00000351: 14.5961   (Y': 14.5426   Cb: 13.6962   Cr: 16.0218 )
00000352: 14.6216   (Y': 14.5747   Cb: 13.76     Cr: 15.9464 )
00000353: 14.6392   (Y': 14.5938   Cb: 13.7396   Cr: 16.019  )
00000354: 14.5897   (Y': 14.5444   Cb: 13.7372   Cr: 15.8902 )
00000356: 14.6454   (Y': 14.6299   Cb: 13.7387   Cr: 15.8746 )
00000355: 14.6222   (Y': 14.5707   Cb: 13.7393   Cr: 16.0077 )
00000357: 14.6425   (Y': 14.5967   Cb: 13.7687   Cr: 15.9814 )
00000359: 14.6634   (Y': 14.6176   Cb: 13.7552   Cr: 16.0602 )
00000358: 14.6085   (Y': 14.5515   Cb: 13.7745   Cr: 15.9434 )
00000360: 14.6558   (Y': 14.6052   Cb: 13.8004   Cr: 15.9906 )
00000361: 14.6293   (Y': 14.5582   Cb: 13.766    Cr: 16.0923 )
00000362: 14.5831   (Y': 14.5098   Cb: 13.7501   Cr: 16.0069 )
00000363: 14.6014   (Y': 14.5218   Cb: 13.8084   Cr: 15.994  )
00000364: 14.6126   (Y': 14.5451   Cb: 13.7718   Cr: 16.0164 )
00000365: 14.5808   (Y': 14.5128   Cb: 13.7595   Cr: 15.9551 )
00000366: 14.5799   (Y': 14.52     Cb: 13.7184   Cr: 15.976  )
00000367: 14.6039   (Y': 14.5618   Cb: 13.7254   Cr: 15.9304 )
00000368: 14.6365   (Y': 14.5916   Cb: 13.7252   Cr: 16.0338 )
00000369: 14.6404   (Y': 14.6031   Cb: 13.7123   Cr: 16.0236 )
00000370: 14.5982   (Y': 14.5176   Cb: 13.7533   Cr: 16.0834 )
00000371: 14.5931   (Y': 14.5268   Cb: 13.7323   Cr: 16.0237 )
00000372: 14.5989   (Y': 14.5313   Cb: 13.7452   Cr: 16.0251 )
00000373: 14.5786   (Y': 14.5473   Cb: 13.6713   Cr: 15.8939 )
00000374: 14.63     (Y': 14.5715   Cb: 13.7844   Cr: 15.9925 )
00000375: 14.6229   (Y': 14.5539   Cb: 13.7907   Cr: 16.021  )
00000376: 14.587    (Y': 14.5331   Cb: 13.712    Cr: 15.9723 )
00000377: 14.5912   (Y': 14.5235   Cb: 13.7378   Cr: 16.0184 )
00000378: 14.5946   (Y': 14.5249   Cb: 13.7527   Cr: 16.013  )
00000380: 14.6008   (Y': 14.5326   Cb: 13.7458   Cr: 16.033  )
00000379: 14.5963   (Y': 14.5321   Cb: 13.7602   Cr: 15.9738 )
00000381: 14.5805   (Y': 14.517    Cb: 13.7248   Cr: 15.9869 )
00000382: 14.5631   (Y': 14.5044   Cb: 13.694    Cr: 15.9658 )
00000383: 14.5577   (Y': 14.5066   Cb: 13.6881   Cr: 15.9189 )
00000384: 14.556    (Y': 14.4876   Cb: 13.7033   Cr: 15.985  )
00000385: 14.5828   (Y': 14.512    Cb: 13.7483   Cr: 15.9948 )
00000386: 14.6143   (Y': 14.5361   Cb: 13.8053   Cr: 16.0258 )
00000387: 14.5904   (Y': 14.5141   Cb: 13.7829   Cr: 15.9882 )
00000388: 14.5907   (Y': 14.5307   Cb: 13.7409   Cr: 15.9684 )
00000389: 14.5993   (Y': 14.5273   Cb: 13.7761   Cr: 15.9993 )
00000390: 14.6021   (Y': 14.5404   Cb: 13.7631   Cr: 15.9707 )
00000391: 14.582    (Y': 14.5206   Cb: 13.6995   Cr: 16.0225 )
00000392: 14.5903   (Y': 14.5277   Cb: 13.7429   Cr: 15.9781 )
00000393: 14.602    (Y': 14.539    Cb: 13.7337   Cr: 16.0274 )
00000394: 14.5503   (Y': 14.4623   Cb: 13.7343   Cr: 16.0292 )
00000396: 14.5616   (Y': 14.4874   Cb: 13.7111   Cr: 16.02   )
00000395: 14.5521   (Y': 14.4801   Cb: 13.7282   Cr: 15.9538 )
00000397: 14.5826   (Y': 14.4998   Cb: 13.7627   Cr: 16.0383 )
00000398: 14.5648   (Y': 14.49     Cb: 13.7391   Cr: 15.9848 )
00000399: 14.5351   (Y': 14.4592   Cb: 13.7135   Cr: 15.9544 )
00000400: 14.5531   (Y': 14.4757   Cb: 13.7121   Cr: 16.0138 )
00000401: 14.5461   (Y': 14.4755   Cb: 13.6996   Cr: 15.9775 )
00000402: 14.5706   (Y': 14.4956   Cb: 13.7628   Cr: 15.9618 )
00000403: 14.5771   (Y': 14.5085   Cb: 13.7594   Cr: 15.9495 )
00000404: 14.5745   (Y': 14.5144   Cb: 13.733    Cr: 15.9385 )
00000405: 14.5412   (Y': 14.4585   Cb: 13.7486   Cr: 15.9507 )
00000406: 14.572    (Y': 14.4982   Cb: 13.7821   Cr: 15.9273 )
00000407: 14.5989   (Y': 14.524    Cb: 13.7718   Cr: 16.0221 )
00000408: 14.555    (Y': 14.4782   Cb: 13.752    Cr: 15.9479 )
00000409: 14.5662   (Y': 14.4977   Cb: 13.7334   Cr: 15.9624 )
00000410: 14.5756   (Y': 14.4986   Cb: 13.7144   Cr: 16.0683 )
00000412: 14.5733   (Y': 14.5113   Cb: 13.7234   Cr: 15.9618 )
00000411: 14.564    (Y': 14.4827   Cb: 13.7338   Cr: 16.0282 )
00000413: 14.5434   (Y': 14.4909   Cb: 13.6856   Cr: 15.8924 )
00000414: 14.552    (Y': 14.4872   Cb: 13.6886   Cr: 15.9786 )
00000415: 14.5747   (Y': 14.53     Cb: 13.6767   Cr: 15.9476 )
00000416: 14.5555   (Y': 14.4773   Cb: 13.7318   Cr: 15.9915 )
00000417: 14.5794   (Y': 14.4924   Cb: 13.7683   Cr: 16.0434 )
00000418: 14.5656   (Y': 14.4882   Cb: 13.7239   Cr: 16.027  )
00000419: 14.5668   (Y': 14.4777   Cb: 13.761    Cr: 16.0345 )
00000420: 14.5848   (Y': 14.5324   Cb: 13.6705   Cr: 16.0288 )
00000421: 14.5716   (Y': 14.5042   Cb: 13.6913   Cr: 16.042  )
00000422: 14.6039   (Y': 14.538    Cb: 13.7435   Cr: 16.0321 )
00000423: 14.5727   (Y': 14.4911   Cb: 13.7469   Cr: 16.0319 )
00000424: 14.5882   (Y': 14.5021   Cb: 13.8099   Cr: 15.9925 )
00000425: 14.5705   (Y': 14.4999   Cb: 13.7499   Cr: 15.9584 )
00000426: 14.6119   (Y': 14.5334   Cb: 13.8037   Cr: 16.0236 )
00000427: 14.5849   (Y': 14.516    Cb: 13.7455   Cr: 15.9949 )
00000428: 14.5934   (Y': 14.5496   Cb: 13.6511   Cr: 16.0372 )
00000429: 14.5995   (Y': 14.5331   Cb: 13.7499   Cr: 16.0121 )
00000430: 14.6138   (Y': 14.5616   Cb: 13.7409   Cr: 15.9864 )
00000431: 14.612    (Y': 14.5391   Cb: 13.8053   Cr: 15.99   )
00000432: 14.608    (Y': 14.5917   Cb: 13.6694   Cr: 15.894  )
00000433: 14.6109   (Y': 14.5668   Cb: 13.7009   Cr: 16.0012 )
00000434: 14.595    (Y': 14.5169   Cb: 13.7541   Cr: 16.0592 )
00000435: 14.6349   (Y': 14.5825   Cb: 13.772    Cr: 15.9917 )
00000436: 14.6406   (Y': 14.6018   Cb: 13.725    Cr: 16.0112 )
00000437: 14.6148   (Y': 14.5744   Cb: 13.6992   Cr: 15.9939 )
00000438: 14.6442   (Y': 14.5981   Cb: 13.7224   Cr: 16.0663 )
00000439: 14.669    (Y': 14.6155   Cb: 13.787    Cr: 16.0642 )
00000440: 14.6275   (Y': 14.5799   Cb: 13.767    Cr: 15.9544 )
00000441: 14.6641   (Y': 14.6398   Cb: 13.7567   Cr: 15.9414 )
00000442: 14.6074   (Y': 14.5585   Cb: 13.7323   Cr: 15.9653 )
00000443: 14.5888   (Y': 14.5506   Cb: 13.6983   Cr: 15.9134 )
00000444: 14.6128   (Y': 14.5729   Cb: 13.7019   Cr: 15.9814 )
00000445: 14.5859   (Y': 14.5267   Cb: 13.7602   Cr: 15.9192 )
00000446: 14.5887   (Y': 14.5441   Cb: 13.7076   Cr: 15.9334 )
00000448: 14.6083   (Y': 14.5885   Cb: 13.7021   Cr: 15.8596 )
00000447: 14.5787   (Y': 14.5523   Cb: 13.6556   Cr: 15.8933 )
00000449: 14.5592   (Y': 14.5212   Cb: 13.6698   Cr: 15.881  )
00000450: 14.5951   (Y': 14.551    Cb: 13.7007   Cr: 15.959  )
00000451: 14.5423   (Y': 14.4878   Cb: 13.68     Cr: 15.9097 )
00000452: 14.573    (Y': 14.5322   Cb: 13.7208   Cr: 15.8491 )
00000453: 14.5468   (Y': 14.5165   Cb: 13.6375   Cr: 15.8601 )
00000454: 14.5951   (Y': 14.5688   Cb: 13.7042   Cr: 15.856  )
00000456: 14.5912   (Y': 14.5594   Cb: 13.6885   Cr: 15.9012 )
00000455: 14.5711   (Y': 14.5336   Cb: 13.6892   Cr: 15.8776 )
00000457: 14.586    (Y': 14.5576   Cb: 13.6875   Cr: 15.8709 )
00000458: 14.5703   (Y': 14.5304   Cb: 13.6929   Cr: 15.8828 )
00000459: 14.5562   (Y': 14.5365   Cb: 13.6631   Cr: 15.7856 )
00000460: 14.6032   (Y': 14.5755   Cb: 13.7008   Cr: 15.8904 )
00000461: 14.5758   (Y': 14.5358   Cb: 13.681    Cr: 15.9172 )
00000462: 14.5956   (Y': 14.5511   Cb: 13.7211   Cr: 15.9286 )
00000463: 14.6005   (Y': 14.5595   Cb: 13.695    Cr: 15.966  )
00000464: 14.5956   (Y': 14.5648   Cb: 13.7101   Cr: 15.8714 )
00000465: 14.6011   (Y': 14.5602   Cb: 13.6942   Cr: 15.9682 )
00000466: 14.6126   (Y': 14.5725   Cb: 13.7034   Cr: 15.9796 )
00000467: 14.6054   (Y': 14.5941   Cb: 13.6747   Cr: 15.8516 )
00000469: 14.6318   (Y': 14.5969   Cb: 13.7459   Cr: 15.9314 )
00000468: 14.6038   (Y': 14.5819   Cb: 13.707    Cr: 15.8507 )
00000470: 14.6286   (Y': 14.5964   Cb: 13.7153   Cr: 15.9587 )
00000471: 14.6253   (Y': 14.6021   Cb: 13.7222   Cr: 15.8895 )
00000472: 14.623    (Y': 14.6116   Cb: 13.703    Cr: 15.8523 )
00000473: 14.5833   (Y': 14.5853   Cb: 13.6394   Cr: 15.7803 )
00000474: 14.5867   (Y': 14.5618   Cb: 13.6741   Cr: 15.876  )
00000475: 14.6073   (Y': 14.593    Cb: 13.7183   Cr: 15.8015 )
00000476: 14.5885   (Y': 14.5602   Cb: 13.6666   Cr: 15.9114 )
00000477: 14.5957   (Y': 14.5843   Cb: 13.6846   Cr: 15.8103 )
00000478: 14.6291   (Y': 14.6303   Cb: 13.6687   Cr: 15.8576 )
00000480: 14.6423   (Y': 14.6399   Cb: 13.6694   Cr: 15.9108 )
00000479: 14.628    (Y': 14.6102   Cb: 13.7148   Cr: 15.88   )
00000481: 14.6443   (Y': 14.6208   Cb: 13.7068   Cr: 15.9679 )
00000482: 14.6083   (Y': 14.5674   Cb: 13.728    Cr: 15.9312 )
00000483: 14.6242   (Y': 14.6023   Cb: 13.7367   Cr: 15.8553 )
00000484: 14.621    (Y': 14.584    Cb: 13.7286   Cr: 15.9426 )
00000485: 14.6008   (Y': 14.5714   Cb: 13.6918   Cr: 15.9082 )
00000486: 14.5994   (Y': 14.5569   Cb: 13.7368   Cr: 15.9019 )
00000487: 14.583    (Y': 14.544    Cb: 13.684    Cr: 15.927  )
00000488: 14.5895   (Y': 14.5479   Cb: 13.7112   Cr: 15.9125 )
00000489: 14.5512   (Y': 14.5048   Cb: 13.6838   Cr: 15.8827 )
00000490: 14.5973   (Y': 14.5352   Cb: 13.7477   Cr: 15.9858 )
00000491: 14.5882   (Y': 14.5413   Cb: 13.7386   Cr: 15.8931 )
00000492: 14.579    (Y': 14.5406   Cb: 13.6688   Cr: 15.9385 )
00000493: 14.5706   (Y': 14.5667   Cb: 13.6216   Cr: 15.8072 )
00000494: 14.5768   (Y': 14.5506   Cb: 13.6855   Cr: 15.8377 )
00000495: 14.5911   (Y': 14.5519   Cb: 13.7148   Cr: 15.8974 )
00000496: 14.5724   (Y': 14.5329   Cb: 13.6666   Cr: 15.9304 )
00000497: 14.5591   (Y': 14.5235   Cb: 13.6811   Cr: 15.8489 )
00000498: 14.5673   (Y': 14.5403   Cb: 13.6793   Cr: 15.8274 )
00000499: 14.5663   (Y': 14.5228   Cb: 13.7002   Cr: 15.8795 )
00000500: 14.5888   (Y': 14.5344   Cb: 13.7418   Cr: 15.9301 )
00000501: 14.5834   (Y': 14.5593   Cb: 13.6664   Cr: 15.8759 )
00000502: 14.587    (Y': 14.5629   Cb: 13.6965   Cr: 15.835  )
00000503: 14.587    (Y': 14.5537   Cb: 13.6778   Cr: 15.9161 )
00000504: 14.5856   (Y': 14.5375   Cb: 13.7447   Cr: 15.8823 )
00000505: 14.5846   (Y': 14.5607   Cb: 13.6671   Cr: 15.8767 )
00000506: 14.5844   (Y': 14.5402   Cb: 13.7342   Cr: 15.876  )
00000507: 14.5777   (Y': 14.537    Cb: 13.6855   Cr: 15.9196 )
00000508: 14.566    (Y': 14.5267   Cb: 13.7072   Cr: 15.8442 )
00000510: 14.5681   (Y': 14.5303   Cb: 13.68     Cr: 15.8866 )
00000509: 14.6026   (Y': 14.5588   Cb: 13.7432   Cr: 15.9061 )
00000511: 14.5974   (Y': 14.573    Cb: 13.6803   Cr: 15.8917 )
00000512: 14.584    (Y': 14.5467   Cb: 13.7176   Cr: 15.8644 )
00000513: 14.635    (Y': 14.5865   Cb: 13.739    Cr: 16.026  )
00000515: 14.5719   (Y': 14.5409   Cb: 13.6281   Cr: 15.9465 )
00000514: 14.6101   (Y': 14.5763   Cb: 13.7047   Cr: 15.9355 )
00000516: 14.5674   (Y': 14.5253   Cb: 13.6685   Cr: 15.9278 )
00000517: 14.5894   (Y': 14.5688   Cb: 13.6411   Cr: 15.9148 )
00000518: 14.5605   (Y': 14.5112   Cb: 13.7074   Cr: 15.8845 )
00000519: 14.5709   (Y': 14.516    Cb: 13.7047   Cr: 15.9477 )
00000520: 14.5887   (Y': 14.543    Cb: 13.7101   Cr: 15.9348 )
00000521: 14.6033   (Y': 14.5595   Cb: 13.7255   Cr: 15.9376 )
00000522: 14.5773   (Y': 14.5464   Cb: 13.6691   Cr: 15.8915 )
00000523: 14.573    (Y': 14.538    Cb: 13.6658   Cr: 15.9078 )
00000524: 14.5807   (Y': 14.5467   Cb: 13.6947   Cr: 15.875  )
00000525: 14.5702   (Y': 14.525    Cb: 13.6721   Cr: 15.9463 )
00000526: 14.5698   (Y': 14.5547   Cb: 13.6007   Cr: 15.9005 )
00000527: 14.5844   (Y': 14.5464   Cb: 13.7464   Cr: 15.8221 )
00000528: 14.6005   (Y': 14.5723   Cb: 13.715    Cr: 15.8625 )
00000529: 14.5839   (Y': 14.5352   Cb: 13.682    Cr: 15.9859 )
00000530: 14.5748   (Y': 14.5226   Cb: 13.6835   Cr: 15.9784 )
00000531: 14.5795   (Y': 14.5553   Cb: 13.6503   Cr: 15.8932 )
00000532: 14.5599   (Y': 14.5224   Cb: 13.6787   Cr: 15.8657 )
00000533: 14.5803   (Y': 14.5197   Cb: 13.718    Cr: 15.9822 )
00000534: 14.576    (Y': 14.5173   Cb: 13.7357   Cr: 15.9305 )
00000535: 14.5521   (Y': 14.5022   Cb: 13.7042   Cr: 15.871  )
00000536: 14.5791   (Y': 14.5405   Cb: 13.6651   Cr: 15.9456 )
00000537: 14.5775   (Y': 14.5236   Cb: 13.6979   Cr: 15.9713 )
00000538: 14.5913   (Y': 14.5526   Cb: 13.7207   Cr: 15.886  )
00000539: 14.5442   (Y': 14.4978   Cb: 13.6768   Cr: 15.8753 )
00000540: 14.5357   (Y': 14.4914   Cb: 13.6368   Cr: 15.9082 )
00000541: 14.5495   (Y': 14.5157   Cb: 13.6353   Cr: 15.8899 )
00000542: 14.5635   (Y': 14.5045   Cb: 13.697    Cr: 15.9634 )
00000543: 14.5576   (Y': 14.4981   Cb: 13.7182   Cr: 15.9154 )
00000544: 14.5637   (Y': 14.5105   Cb: 13.6525   Cr: 16.007  )
00000545: 14.5584   (Y': 14.4954   Cb: 13.7668   Cr: 15.8567 )
00000546: 14.5503   (Y': 14.4691   Cb: 13.7113   Cr: 16.0295 )
00000547: 14.5212   (Y': 14.4574   Cb: 13.6627   Cr: 15.9342 )
00000548: 14.5407   (Y': 14.4956   Cb: 13.705    Cr: 15.8126 )
00000549: 14.5294   (Y': 14.4752   Cb: 13.6675   Cr: 15.8945 )
00000550: 14.5993   (Y': 14.5223   Cb: 13.7724   Cr: 16.034  )
00000552: 14.5828   (Y': 14.5695   Cb: 13.6066   Cr: 15.9159 )
00000551: 14.5697   (Y': 14.5317   Cb: 13.7111   Cr: 15.8407 )
00000553: 14.5975   (Y': 14.5442   Cb: 13.7043   Cr: 16.0104 )
00000554: 14.6329   (Y': 14.5782   Cb: 13.7874   Cr: 15.9739 )
00000555: 14.6439   (Y': 14.6099   Cb: 13.7134   Cr: 16.0128 )
00000556: 14.6106   (Y': 14.5643   Cb: 13.7789   Cr: 15.8831 )
00000557: 14.6132   (Y': 14.5649   Cb: 13.729    Cr: 15.9834 )
00000558: 14.6605   (Y': 14.6168   Cb: 13.7178   Cr: 16.1046 )
00000560: 14.6222   (Y': 14.5748   Cb: 13.75     Cr: 15.9673 )
00000559: 14.6386   (Y': 14.5833   Cb: 13.7774   Cr: 16.0088 )
00000561: 14.5946   (Y': 14.5392   Cb: 13.76     Cr: 15.9208 )
00000562: 14.6152   (Y': 14.5706   Cb: 13.702    Cr: 16.0132 )
00000563: 14.6463   (Y': 14.5855   Cb: 13.7801   Cr: 16.0554 )
00000564: 14.5689   (Y': 14.4881   Cb: 13.7875   Cr: 15.9486 )
00000565: 14.5779   (Y': 14.4875   Cb: 13.7844   Cr: 16.0319 )
00000566: 14.5857   (Y': 14.5083   Cb: 13.7677   Cr: 16.0075 )
00000567: 14.5816   (Y': 14.5337   Cb: 13.691    Cr: 15.9604 )
00000568: 14.5702   (Y': 14.4997   Cb: 13.7538   Cr: 15.9504 )
00000569: 14.5911   (Y': 14.529    Cb: 13.7157   Cr: 16.0237 )
00000570: 14.593    (Y': 14.5499   Cb: 13.72     Cr: 15.9157 )
00000571: 14.5854   (Y': 14.5056   Cb: 13.7909   Cr: 15.982  )
00000572: 14.6014   (Y': 14.5148   Cb: 13.809    Cr: 16.0325 )
00000573: 14.6003   (Y': 14.52     Cb: 13.8081   Cr: 15.9955 )
00000574: 14.5638   (Y': 14.5026   Cb: 13.7111   Cr: 15.9529 )
00000575: 14.5604   (Y': 14.4837   Cb: 13.7671   Cr: 15.9379 )
00000576: 14.5575   (Y': 14.4921   Cb: 13.6832   Cr: 16.0062 )
00000577: 14.5529   (Y': 14.4716   Cb: 13.7133   Cr: 16.0332 )
00000578: 14.5892   (Y': 14.4973   Cb: 13.7967   Cr: 16.0507 )
00000579: 14.5744   (Y': 14.5117   Cb: 13.7802   Cr: 15.8751 )
00000580: 14.5488   (Y': 14.4697   Cb: 13.7472   Cr: 15.9522 )
00000581: 14.5673   (Y': 14.4934   Cb: 13.7556   Cr: 15.9583 )
00000582: 14.5636   (Y': 14.5155   Cb: 13.6804   Cr: 15.9306 )
00000583: 14.6047   (Y': 14.5188   Cb: 13.7733   Cr: 16.0979 )
00000584: 14.5888   (Y': 14.5357   Cb: 13.7183   Cr: 15.9622 )
00000585: 14.574    (Y': 14.5039   Cb: 13.7174   Cr: 16.0193 )
00000586: 14.5766   (Y': 14.4936   Cb: 13.7615   Cr: 16.025  )
00000587: 14.562    (Y': 14.5035   Cb: 13.6998   Cr: 15.9519 )
00000588: 14.5789   (Y': 14.5042   Cb: 13.7133   Cr: 16.0657 )
00000589: 14.5902   (Y': 14.551    Cb: 13.683    Cr: 15.9484 )
00000590: 14.5713   (Y': 14.5012   Cb: 13.7469   Cr: 15.9626 )
00000591: 14.5715   (Y': 14.516    Cb: 13.7107   Cr: 15.9423 )
00000592: 14.5971   (Y': 14.5274   Cb: 13.7248   Cr: 16.0676 )
00000593: 14.6022   (Y': 14.5435   Cb: 13.7208   Cr: 16.0258 )
00000594: 14.6341   (Y': 14.5964   Cb: 13.7398   Cr: 15.9626 )
00000595: 14.6292   (Y': 14.5904   Cb: 13.7438   Cr: 15.9489 )
00000596: 14.588    (Y': 14.5358   Cb: 13.7065   Cr: 15.9755 )
00000598: 14.6241   (Y': 14.5861   Cb: 13.7412   Cr: 15.9354 )
00000597: 14.6164   (Y': 14.5481   Cb: 13.8005   Cr: 15.9835 )
00000599: 14.6075   (Y': 14.5547   Cb: 13.7082   Cr: 16.0282 )
00000600: 14.5891   (Y': 14.5478   Cb: 13.7074   Cr: 15.9157 )
00000601: 14.6222   (Y': 14.6061   Cb: 13.6422   Cr: 15.9776 )
00000602: 14.6057   (Y': 14.5844   Cb: 13.6696   Cr: 15.914  )
00000603: 14.6227   (Y': 14.5737   Cb: 13.7388   Cr: 15.9959 )
00000604: 14.6645   (Y': 14.6543   Cb: 13.7018   Cr: 15.9578 )
00000605: 14.6278   (Y': 14.6138   Cb: 13.6923   Cr: 15.8964 )
00000606: 14.6841   (Y': 14.6825   Cb: 13.7107   Cr: 15.9488 )
00000607: 14.6617   (Y': 14.6527   Cb: 13.7338   Cr: 15.8904 )
00000608: 14.654    (Y': 14.6087   Cb: 13.7591   Cr: 16.0251 )
00000609: 14.6117   (Y': 14.5568   Cb: 13.7757   Cr: 15.938  )
00000610: 14.6071   (Y': 14.559    Cb: 13.7742   Cr: 15.8915 )
00000611: 14.5978   (Y': 14.5653   Cb: 13.6966   Cr: 15.9095 )
00000612: 14.6546   (Y': 14.6209   Cb: 13.7431   Cr: 15.9898 )
00000613: 14.6407   (Y': 14.6205   Cb: 13.724    Cr: 15.9114 )
00000614: 14.6597   (Y': 14.6322   Cb: 13.7189   Cr: 16.0108 )
00000615: 14.6369   (Y': 14.5942   Cb: 13.7585   Cr: 15.9662 )
00000616: 14.6346   (Y': 14.5993   Cb: 13.7564   Cr: 15.9234 )
00000617: 14.6094   (Y': 14.5841   Cb: 13.695    Cr: 15.9042 )
00000618: 14.6038   (Y': 14.5625   Cb: 13.7554   Cr: 15.8764 )
00000619: 14.5779   (Y': 14.5329   Cb: 13.7002   Cr: 15.9189 )
00000620: 14.5953   (Y': 14.5634   Cb: 13.7128   Cr: 15.8727 )
00000621: 14.588    (Y': 14.5207   Cb: 13.7746   Cr: 15.9457 )
00000622: 14.5757   (Y': 14.522    Cb: 13.702    Cr: 15.958  )
00000623: 14.6067   (Y': 14.5584   Cb: 13.729    Cr: 15.9654 )
00000624: 14.6045   (Y': 14.552    Cb: 13.7239   Cr: 15.9921 )
00000625: 14.5939   (Y': 14.5399   Cb: 13.7548   Cr: 15.9207 )
00000626: 14.6336   (Y': 14.6027   Cb: 13.7261   Cr: 15.9468 )
00000627: 14.776    (Y': 14.7653   Cb: 13.8196   Cr: 16.062  )
00000628: 14.7396   (Y': 14.7155   Cb: 13.8298   Cr: 16.02   )
00000629: 14.8656   (Y': 14.9538   Cb: 13.7273   Cr: 15.9401 )
00000630: 14.76     (Y': 14.7786   Cb: 13.7779   Cr: 15.9329 )
00000632: 14.9355   (Y': 15.0283   Cb: 13.7541   Cr: 16.0599 )
00000631: 14.8819   (Y': 14.9472   Cb: 13.8524   Cr: 15.894  )
00000633: 14.7573   (Y': 14.7585   Cb: 13.811    Cr: 15.9632 )
00000634: 14.7106   (Y': 14.6971   Cb: 13.7687   Cr: 15.9871 )
00000635: 14.7038   (Y': 14.6996   Cb: 13.766    Cr: 15.9235 )
00000636: 14.6645   (Y': 14.6604   Cb: 13.7131   Cr: 15.9063 )
00000637: 14.7189   (Y': 14.7242   Cb: 13.7546   Cr: 15.9323 )
00000638: 14.6831   (Y': 14.6736   Cb: 13.7472   Cr: 15.9278 )
00000639: 14.622    (Y': 14.5919   Cb: 13.711    Cr: 15.9368 )
00000640: 14.623    (Y': 14.5896   Cb: 13.6954   Cr: 15.9844 )
00000641: 14.6389   (Y': 14.631    Cb: 13.6995   Cr: 15.8808 )
00000642: 14.6085   (Y': 14.5706   Cb: 13.7497   Cr: 15.8792 )
00000643: 14.5902   (Y': 14.5462   Cb: 13.7422   Cr: 15.8763 )
00000644: 14.6034   (Y': 14.6124   Cb: 13.591    Cr: 15.877  )
00000645: 14.6048   (Y': 14.5792   Cb: 13.7184   Cr: 15.8546 )
00000646: 14.6053   (Y': 14.579    Cb: 13.7025   Cr: 15.8858 )
00000647: 14.6228   (Y': 14.5987   Cb: 13.6882   Cr: 15.9443 )
00000648: 14.6514   (Y': 14.645    Cb: 13.7132   Cr: 15.884  )
00000649: 14.8056   (Y': 14.8797   Cb: 13.728    Cr: 15.851  )
00000650: 14.8593   (Y': 14.9599   Cb: 13.7144   Cr: 15.8833 )
00000651: 14.8476   (Y': 14.9272   Cb: 13.7479   Cr: 15.9014 )
00000652: 14.859    (Y': 14.9476   Cb: 13.693    Cr: 15.9782 )
00000653: 14.8761   (Y': 14.9262   Cb: 13.7998   Cr: 16.0419 )
00000654: 14.8671   (Y': 14.9535   Cb: 13.7149   Cr: 15.9741 )
00000655: 14.9082   (Y': 14.9968   Cb: 13.7707   Cr: 15.9799 )
00000656: 14.8061   (Y': 14.9033   Cb: 13.5945   Cr: 15.9596 )
00000657: 14.776    (Y': 14.8125   Cb: 13.7212   Cr: 15.976  )
00000658: 14.7357   (Y': 14.7888   Cb: 13.6287   Cr: 15.9374 )
00000659: 14.7461   (Y': 14.7647   Cb: 13.7415   Cr: 15.9565 )
00000660: 14.7646   (Y': 14.8024   Cb: 13.7174   Cr: 15.9452 )
00000661: 14.7829   (Y': 14.8124   Cb: 13.745    Cr: 15.9912 )
00000662: 14.8357   (Y': 14.8772   Cb: 13.8043   Cr: 15.9706 )
00000664: 14.8988   (Y': 14.9788   Cb: 13.7819   Cr: 15.9791 )
00000663: 14.9252   (Y': 15.0005   Cb: 13.8221   Cr: 16.0061 )
00000665: 14.9083   (Y': 14.9819   Cb: 13.7742   Cr: 16.0499 )
00000666: 14.7741   (Y': 14.7635   Cb: 13.8247   Cr: 16.0471 )
00000667: 14.7538   (Y': 14.7487   Cb: 13.7913   Cr: 16.0199 )
00000668: 14.782    (Y': 14.8122   Cb: 13.7395   Cr: 15.9945 )
00000669: 14.8822   (Y': 14.9659   Cb: 13.734    Cr: 15.9966 )
00000670: 14.7666   (Y': 14.7895   Cb: 13.7718   Cr: 15.9384 )
00000671: 14.7796   (Y': 14.8006   Cb: 13.7795   Cr: 15.9694 )
00000672: 14.7162   (Y': 14.6966   Cb: 13.7866   Cr: 16.0052 )
00000673: 14.7322   (Y': 14.7191   Cb: 13.7655   Cr: 16.0484 )
00000674: 14.7547   (Y': 14.7959   Cb: 13.6525   Cr: 16.0105 )
00000675: 14.758    (Y': 14.752    Cb: 13.7689   Cr: 16.0731 )
00000676: 14.7345   (Y': 14.7316   Cb: 13.7682   Cr: 15.9943 )
00000677: 14.7415   (Y': 14.7383   Cb: 13.7574   Cr: 16.0334 )
00000678: 14.7158   (Y': 14.7064   Cb: 13.7471   Cr: 16.0146 )
00000679: 14.7271   (Y': 14.711    Cb: 13.765    Cr: 16.0514 )
00000680: 14.7272   (Y': 14.7436   Cb: 13.7637   Cr: 15.8812 )
00000681: 14.7488   (Y': 14.7428   Cb: 13.8145   Cr: 15.9725 )
00000682: 14.6995   (Y': 14.7124   Cb: 13.7041   Cr: 15.9244 )
00000683: 14.7185   (Y': 14.6934   Cb: 13.7941   Cr: 16.0285 )
00000684: 14.6627   (Y': 14.6446   Cb: 13.7283   Cr: 15.951  )
00000685: 14.6547   (Y': 14.6319   Cb: 13.736    Cr: 15.9429 )
00000686: 14.6849   (Y': 14.664    Cb: 13.7273   Cr: 16.028  )
00000687: 14.659    (Y': 14.625    Cb: 13.7352   Cr: 16.0168 )
00000688: 14.6096   (Y': 14.5749   Cb: 13.7221   Cr: 15.9106 )
00000689: 14.6308   (Y': 14.5753   Cb: 13.7872   Cr: 15.973  )
00000690: 14.6379   (Y': 14.5965   Cb: 13.7261   Cr: 16.0157 )
00000691: 14.6207   (Y': 14.5786   Cb: 13.7149   Cr: 15.9925 )
00000692: 14.6226   (Y': 14.5742   Cb: 13.748    Cr: 15.9775 )
00000693: 14.6339   (Y': 14.5765   Cb: 13.7623   Cr: 16.0334 )
00000694: 14.6593   (Y': 14.6207   Cb: 13.759    Cr: 16.0029 )
00000695: 14.6518   (Y': 14.6267   Cb: 13.7005   Cr: 16.0068 )
00000696: 14.614    (Y': 14.5757   Cb: 13.698    Cr: 15.9824 )
00000697: 14.6364   (Y': 14.5861   Cb: 13.7823   Cr: 15.9672 )
00000698: 14.6585   (Y': 14.6141   Cb: 13.7648   Cr: 16.0231 )
00000699: 14.6256   (Y': 14.5777   Cb: 13.7236   Cr: 16.0238 )
00000700: 14.6516   (Y': 14.6222   Cb: 13.7262   Cr: 15.9867 )
00000701: 14.6546   (Y': 14.6142   Cb: 13.7699   Cr: 15.9816 )
00000702: 14.6473   (Y': 14.599    Cb: 13.7628   Cr: 16.0176 )
00000703: 14.6274   (Y': 14.5722   Cb: 13.7482   Cr: 16.0275 )
00000704: 14.6516   (Y': 14.5932   Cb: 13.7761   Cr: 16.0634 )
00000705: 14.6191   (Y': 14.584    Cb: 13.7527   Cr: 15.8871 )
00000706: 14.6216   (Y': 14.5683   Cb: 13.7199   Cr: 16.0491 )
00000707: 14.6084   (Y': 14.5559   Cb: 13.7617   Cr: 15.9393 )
00000708: 14.6157   (Y': 14.569    Cb: 13.7114   Cr: 16.0109 )
00000709: 14.6112   (Y': 14.5638   Cb: 13.7198   Cr: 15.9882 )
00000710: 14.6284   (Y': 14.5908   Cb: 13.7219   Cr: 15.9766 )
00000711: 14.6177   (Y': 14.5846   Cb: 13.7014   Cr: 15.9579 )
00000712: 14.6143   (Y': 14.5628   Cb: 13.7165   Cr: 16.0249 )
00000713: 14.6606   (Y': 14.6379   Cb: 13.7367   Cr: 15.9565 )
00000714: 14.7194   (Y': 14.7144   Cb: 13.7419   Cr: 16.0095 )
00000715: 14.7485   (Y': 14.746    Cb: 13.7582   Cr: 16.0475 )
00000716: 14.7549   (Y': 14.7409   Cb: 13.8112   Cr: 16.0366 )
00000717: 14.7437   (Y': 14.7617   Cb: 13.6866   Cr: 16.0454 )
00000718: 14.7407   (Y': 14.7114   Cb: 13.8393   Cr: 16.0353 )
00000719: 14.7645   (Y': 14.752    Cb: 13.8015   Cr: 16.0703 )
00000720: 14.7554   (Y': 14.7543   Cb: 13.7531   Cr: 16.0666 )
00000721: 14.668    (Y': 14.6239   Cb: 13.7446   Cr: 16.081  )
00000722: 14.635    (Y': 14.5916   Cb: 13.7291   Cr: 16.0147 )
00000723: 14.6791   (Y': 14.6394   Cb: 13.7824   Cr: 16.0231 )
00000724: 14.7328   (Y': 14.7167   Cb: 13.7847   Cr: 16.0334 )
00000725: 14.7685   (Y': 14.7908   Cb: 13.7665   Cr: 15.9552 )
00000726: 14.8131   (Y': 14.8471   Cb: 13.7584   Cr: 16.0259 )
00000727: 14.6883   (Y': 14.6563   Cb: 13.7854   Cr: 16.0003 )
00000728: 14.7451   (Y': 14.7303   Cb: 13.8364   Cr: 15.9736 )
00000729: 14.7658   (Y': 14.7626   Cb: 13.813    Cr: 16.0054 )
00000730: 14.7396   (Y': 14.7275   Cb: 13.8084   Cr: 15.9903 )
00000731: 14.8075   (Y': 14.8232   Cb: 13.8056   Cr: 16.0283 )
00000732: 14.8218   (Y': 14.8437   Cb: 13.8387   Cr: 15.9791 )
00000733: 14.7978   (Y': 14.7961   Cb: 13.8042   Cr: 16.0974 )
00000734: 14.7713   (Y': 14.7607   Cb: 13.7876   Cr: 16.1024 )
00000735: 14.7623   (Y': 14.7562   Cb: 13.8231   Cr: 15.9946 )
00000736: 14.7769   (Y': 14.7913   Cb: 13.7862   Cr: 15.9859 )
00000737: 14.7916   (Y': 14.8171   Cb: 13.792    Cr: 15.9569 )
00000738: 14.7175   (Y': 14.7124   Cb: 13.7561   Cr: 15.9819 )
00000739: 14.6985   (Y': 14.6786   Cb: 13.7762   Cr: 15.9766 )
00000740: 14.6542   (Y': 14.6106   Cb: 13.7267   Cr: 16.0715 )
00000741: 14.6573   (Y': 14.6208   Cb: 13.7293   Cr: 16.0361 )
00000742: 14.66     (Y': 14.6238   Cb: 13.7626   Cr: 15.9848 )
00000743: 14.6906   (Y': 14.6711   Cb: 13.7209   Cr: 16.0463 )
00000744: 14.7208   (Y': 14.6947   Cb: 13.8365   Cr: 15.9703 )
00000745: 14.6943   (Y': 14.7002   Cb: 13.6884   Cr: 15.9744 )
00000746: 14.6758   (Y': 14.6518   Cb: 13.762    Cr: 15.9617 )
00000747: 14.6493   (Y': 14.6169   Cb: 13.7111   Cr: 16.0225 )
00000748: 14.6844   (Y': 14.6733   Cb: 13.7689   Cr: 15.9039 )
00000749: 14.6502   (Y': 14.633    Cb: 13.7394   Cr: 15.895  )
00000750: 14.6657   (Y': 14.6466   Cb: 13.7354   Cr: 15.9526 )
00000751: 14.6834   (Y': 14.6607   Cb: 13.7672   Cr: 15.9665 )
00000752: 14.683    (Y': 14.6588   Cb: 13.7664   Cr: 15.9747 )
00000753: 14.6627   (Y': 14.6303   Cb: 13.7466   Cr: 15.999  )
00000754: 14.6958   (Y': 14.6898   Cb: 13.7345   Cr: 15.9638 )
00000755: 14.6769   (Y': 14.672    Cb: 13.7309   Cr: 15.9144 )
00000756: 14.7203   (Y': 14.6927   Cb: 13.7793   Cr: 16.0722 )
00000757: 14.7007   (Y': 14.6914   Cb: 13.7413   Cr: 15.9836 )
00000758: 14.7466   (Y': 14.7443   Cb: 13.7598   Cr: 16.0375 )
00000759: 14.7113   (Y': 14.6897   Cb: 13.7857   Cr: 16.0042 )
00000760: 14.7081   (Y': 14.6849   Cb: 13.7766   Cr: 16.0197 )
00000761: 14.7247   (Y': 14.7186   Cb: 13.7861   Cr: 15.9561 )
00000762: 14.7165   (Y': 14.7161   Cb: 13.7404   Cr: 15.9791 )
00000763: 14.7506   (Y': 14.7687   Cb: 13.7759   Cr: 15.9139 )
00000764: 14.7703   (Y': 14.7786   Cb: 13.7638   Cr: 16.0381 )
00000765: 14.7574   (Y': 14.7462   Cb: 13.7965   Cr: 16.0534 )
00000766: 14.7043   (Y': 14.7149   Cb: 13.7471   Cr: 15.8781 )
00000767: 14.6998   (Y': 14.6733   Cb: 13.7679   Cr: 16.0299 )
00000768: 14.6634   (Y': 14.6193   Cb: 13.7832   Cr: 16.0029 )
00000769: 14.6545   (Y': 14.6032   Cb: 13.7431   Cr: 16.0878 )
00000770: 14.6696   (Y': 14.6205   Cb: 13.8005   Cr: 16.0185 )
00000772: 14.666    (Y': 14.618    Cb: 13.7828   Cr: 16.0328 )
00000771: 14.6485   (Y': 14.5817   Cb: 13.817    Cr: 16.0336 )
00000773: 14.7052   (Y': 14.6692   Cb: 13.7832   Cr: 16.0705 )
00000774: 14.6496   (Y': 14.5918   Cb: 13.7664   Cr: 16.0705 )
00000775: 14.6121   (Y': 14.563    Cb: 13.7115   Cr: 16.0142 )
00000776: 14.665    (Y': 14.6003   Cb: 13.7889   Cr: 16.1133 )
00000777: 14.6557   (Y': 14.6039   Cb: 13.7714   Cr: 16.0451 )
00000778: 14.6641   (Y': 14.6305   Cb: 13.7333   Cr: 16.0317 )
00000779: 14.7289   (Y': 14.7043   Cb: 13.7938   Cr: 16.0541 )
00000780: 14.7615   (Y': 14.7476   Cb: 13.8023   Cr: 16.0691 )
00000781: 14.7256   (Y': 14.7157   Cb: 13.7645   Cr: 16.0145 )
00000782: 14.7067   (Y': 14.6913   Cb: 13.7938   Cr: 15.945  )
00000783: 14.7003   (Y': 14.6773   Cb: 13.7776   Cr: 15.9962 )
00000784: 14.7033   (Y': 14.6611   Cb: 13.8038   Cr: 16.0653 )
00000785: 14.6675   (Y': 14.6434   Cb: 13.7431   Cr: 15.9717 )
00000786: 14.6997   (Y': 14.6586   Cb: 13.8221   Cr: 16.0191 )
00000787: 14.6942   (Y': 14.6738   Cb: 13.767    Cr: 15.9836 )
00000788: 14.6836   (Y': 14.653    Cb: 13.7824   Cr: 15.9844 )
00000789: 14.6821   (Y': 14.6519   Cb: 13.7539   Cr: 16.0259 )
00000790: 14.7      (Y': 14.671    Cb: 13.7965   Cr: 15.9961 )
00000791: 14.6752   (Y': 14.6527   Cb: 13.7454   Cr: 15.98   )
00000792: 14.6423   (Y': 14.622    Cb: 13.723    Cr: 15.9183 )
00000793: 14.6685   (Y': 14.6525   Cb: 13.6836   Cr: 16.0313 )
00000794: 14.6664   (Y': 14.6461   Cb: 13.7366   Cr: 15.9594 )
00000795: 14.6732   (Y': 14.6744   Cb: 13.6845   Cr: 15.9484 )
00000796: 14.6902   (Y': 14.6646   Cb: 13.7712   Cr: 15.9943 )
00000797: 14.6727   (Y': 14.6616   Cb: 13.7076   Cr: 15.9752 )
00000798: 14.6601   (Y': 14.6393   Cb: 13.761    Cr: 15.905  )
00000799: 14.6885   (Y': 14.6864   Cb: 13.7066   Cr: 15.971  )
00000800: 14.739    (Y': 14.7582   Cb: 13.7163   Cr: 15.9759 )
00000801: 14.7543   (Y': 14.7723   Cb: 13.7122   Cr: 16.0305 )
00000802: 14.6978   (Y': 14.6719   Cb: 13.7904   Cr: 15.9837 )
00000803: 14.6863   (Y': 14.6918   Cb: 13.7158   Cr: 15.9089 )
00000804: 14.7008   (Y': 14.6808   Cb: 13.7598   Cr: 16.0111 )
00000805: 14.6906   (Y': 14.669    Cb: 13.7814   Cr: 15.9562 )
00000806: 14.6994   (Y': 14.6769   Cb: 13.7471   Cr: 16.0425 )
00000807: 14.7163   (Y': 14.691    Cb: 13.7552   Cr: 16.0895 )
00000808: 14.7097   (Y': 14.6936   Cb: 13.7507   Cr: 16.0287 )
00000809: 14.6676   (Y': 14.6226   Cb: 13.7657   Cr: 16.0495 )
00000810: 14.6606   (Y': 14.6183   Cb: 13.7771   Cr: 15.9959 )
00000811: 14.7132   (Y': 14.6991   Cb: 13.7591   Cr: 16.0136 )
00000812: 14.7115   (Y': 14.6905   Cb: 13.7587   Cr: 16.0467 )
00000814: 14.7035   (Y': 14.6842   Cb: 13.7419   Cr: 16.0449 )
00000813: 14.6875   (Y': 14.6698   Cb: 13.7392   Cr: 15.9977 )
00000815: 14.7002   (Y': 14.6788   Cb: 13.7548   Cr: 16.0248 )
00000817: 14.6819   (Y': 14.649    Cb: 13.7599   Cr: 16.0306 )
00000816: 14.6671   (Y': 14.6415   Cb: 13.7472   Cr: 15.9721 )
00000818: 14.6938   (Y': 14.69     Cb: 13.7078   Cr: 15.9916 )
00000819: 14.6802   (Y': 14.6528   Cb: 13.7678   Cr: 15.9827 )
00000820: 14.6683   (Y': 14.6304   Cb: 13.7937   Cr: 15.9646 )
00000821: 14.6554   (Y': 14.6356   Cb: 13.7156   Cr: 15.9621 )
00000822: 14.6843   (Y': 14.6495   Cb: 13.8018   Cr: 15.9774 )
00000823: 14.7069   (Y': 14.6845   Cb: 13.7591   Cr: 16.0416 )
00000824: 14.702    (Y': 14.7076   Cb: 13.7104   Cr: 15.9592 )
00000825: 14.7181   (Y': 14.734    Cb: 13.7317   Cr: 15.9124 )
00000826: 14.7656   (Y': 14.7467   Cb: 13.8218   Cr: 16.0741 )
00000827: 14.7641   (Y': 14.7816   Cb: 13.7584   Cr: 15.9818 )
00000828: 14.7522   (Y': 14.7595   Cb: 13.7534   Cr: 16.0121 )
00000829: 14.7391   (Y': 14.7377   Cb: 13.7861   Cr: 15.9687 )
00000830: 14.7562   (Y': 14.7749   Cb: 13.7434   Cr: 15.9794 )
00000831: 14.7135   (Y': 14.7219   Cb: 13.7011   Cr: 15.9911 )
00000833: 14.698    (Y': 14.6942   Cb: 13.7033   Cr: 16.0115 )
00000832: 14.7099   (Y': 14.6996   Cb: 13.7548   Cr: 15.9908 )
00000834: 14.7028   (Y': 14.6892   Cb: 13.7523   Cr: 15.994  )
00000835: 14.6815   (Y': 14.6734   Cb: 13.6899   Cr: 16.0129 )
00000836: 14.6971   (Y': 14.6748   Cb: 13.7522   Cr: 16.0262 )
00000837: 14.7025   (Y': 14.6752   Cb: 13.7747   Cr: 16.0298 )
00000838: 14.6791   (Y': 14.6688   Cb: 13.7467   Cr: 15.9229 )
00000839: 14.7176   (Y': 14.6992   Cb: 13.8053   Cr: 15.9715 )
00000841: 14.6884   (Y': 14.6601   Cb: 13.7635   Cr: 16.0165 )
00000840: 14.7175   (Y': 14.6948   Cb: 13.8162   Cr: 15.9764 )
00000842: 14.6998   (Y': 14.7064   Cb: 13.721    Cr: 15.9303 )
00000843: 14.7265   (Y': 14.7213   Cb: 13.7647   Cr: 15.9911 )
00000844: 14.776    (Y': 14.7852   Cb: 13.7946   Cr: 15.9968 )
00000845: 14.8527   (Y': 14.9023   Cb: 13.7953   Cr: 15.9895 )
00000846: 14.801    (Y': 14.8445   Cb: 13.7217   Cr: 16.0059 )
00000847: 14.8202   (Y': 14.8731   Cb: 13.7744   Cr: 15.9207 )
00000848: 14.8039   (Y': 14.8259   Cb: 13.7751   Cr: 16.0365 )
00000849: 14.7351   (Y': 14.7401   Cb: 13.7578   Cr: 15.9713 )
00000850: 14.6994   (Y': 14.6944   Cb: 13.7292   Cr: 15.9772 )
00000851: 14.6814   (Y': 14.6757   Cb: 13.6961   Cr: 15.989  )
00000852: 14.7063   (Y': 14.6984   Cb: 13.7611   Cr: 15.9579 )
00000853: 14.7374   (Y': 14.7491   Cb: 13.7468   Cr: 15.9603 )
00000854: 14.7239   (Y': 14.718    Cb: 13.7602   Cr: 15.9956 )
00000855: 14.7452   (Y': 14.7593   Cb: 13.7423   Cr: 15.9764 )
00000856: 14.7255   (Y': 14.7274   Cb: 13.7032   Cr: 16.0547 )
00000857: 14.7685   (Y': 14.7609   Cb: 13.8403   Cr: 15.9905 )
00000858: 14.7733   (Y': 14.7901   Cb: 13.7756   Cr: 15.981  )
00000859: 14.7448   (Y': 14.7406   Cb: 13.7451   Cr: 16.0682 )
00000860: 14.7473   (Y': 14.7505   Cb: 13.7157   Cr: 16.0856 )
00000861: 14.7797   (Y': 14.7686   Cb: 13.8529   Cr: 16.0179 )
00000862: 14.721    (Y': 14.7151   Cb: 13.7894   Cr: 15.9401 )
00000863: 14.7431   (Y': 14.7352   Cb: 13.7843   Cr: 16.0174 )
00000864: 14.7964   (Y': 14.8193   Cb: 13.8063   Cr: 15.9597 )
00000865: 14.8203   (Y': 14.837    Cb: 13.8119   Cr: 16.0471 )
00000866: 14.7701   (Y': 14.7966   Cb: 13.7438   Cr: 15.9748 )
00000867: 14.7727   (Y': 14.7897   Cb: 13.7454   Cr: 16.0298 )
00000868: 14.7329   (Y': 14.7453   Cb: 13.7491   Cr: 15.9413 )
00000869: 14.7498   (Y': 14.784    Cb: 13.7301   Cr: 15.9031 )
00000870: 14.7718   (Y': 14.7751   Cb: 13.7909   Cr: 16.023  )
00000871: 14.7575   (Y': 14.7814   Cb: 13.7258   Cr: 15.9849 )
00000872: 14.7679   (Y': 14.7785   Cb: 13.7772   Cr: 15.9967 )
00000873: 14.776    (Y': 14.7771   Cb: 13.7797   Cr: 16.0654 )
00000874: 14.7324   (Y': 14.715    Cb: 13.7867   Cr: 16.0362 )
00000875: 14.7171   (Y': 14.7449   Cb: 13.7416   Cr: 15.831  )
00000876: 14.7343   (Y': 14.7309   Cb: 13.7554   Cr: 16.0177 )
00000877: 14.7279   (Y': 14.7263   Cb: 13.7274   Cr: 16.0386 )
00000878: 14.6746   (Y': 14.6577   Cb: 13.7714   Cr: 15.9051 )
00000879: 14.7128   (Y': 14.7236   Cb: 13.7067   Cr: 15.9667 )
00000880: 14.7136   (Y': 14.7163   Cb: 13.712    Cr: 16.0031 )
00000881: 14.7392   (Y': 14.7468   Cb: 13.753    Cr: 15.9761 )
00000882: 14.7574   (Y': 14.7809   Cb: 13.7524   Cr: 15.9421 )
00000883: 14.7714   (Y': 14.8138   Cb: 13.6737   Cr: 16.013  )
00000884: 14.7858   (Y': 14.8454   Cb: 13.7032   Cr: 15.913  )
00000886: 14.748    (Y': 14.7638   Cb: 13.7531   Cr: 15.9566 )
00000885: 14.7704   (Y': 14.7845   Cb: 13.7754   Cr: 15.9883 )
00000887: 14.7503   (Y': 14.7655   Cb: 13.7354   Cr: 15.9957 )
00000888: 14.7397   (Y': 14.736    Cb: 13.7859   Cr: 15.9831 )
00000889: 14.7471   (Y': 14.7462   Cb: 13.7827   Cr: 15.993  )
00000890: 14.7107   (Y': 14.7221   Cb: 13.6959   Cr: 15.9754 )
00000891: 14.7609   (Y': 14.754    Cb: 13.7944   Cr: 16.043  )
00000892: 14.6731   (Y': 14.6706   Cb: 13.6796   Cr: 15.9769 )
00000893: 14.6944   (Y': 14.6769   Cb: 13.7451   Cr: 16.0047 )
00000894: 14.6633   (Y': 14.6387   Cb: 13.7353   Cr: 15.9768 )
00000895: 14.6636   (Y': 14.6265   Cb: 13.7493   Cr: 16.0221 )
00000896: 14.6839   (Y': 14.6645   Cb: 13.7244   Cr: 16.0224 )
00000897: 14.6901   (Y': 14.6683   Cb: 13.77     Cr: 15.9746 )
00000898: 14.6868   (Y': 14.6689   Cb: 13.7514   Cr: 15.9761 )
00000899: 14.666    (Y': 14.652    Cb: 13.6928   Cr: 15.9979 )
00000900: 14.6979   (Y': 14.6842   Cb: 13.7483   Cr: 15.9885 )
00000901: 14.6893   (Y': 14.6682   Cb: 13.7328   Cr: 16.0315 )
00000902: 14.644    (Y': 14.6215   Cb: 13.7187   Cr: 15.9409 )
00000903: 14.6704   (Y': 14.6275   Cb: 13.8065   Cr: 15.9769 )
00000904: 14.6483   (Y': 14.6251   Cb: 13.7086   Cr: 15.9737 )
00000905: 14.6734   (Y': 14.6654   Cb: 13.7258   Cr: 15.9294 )
00000906: 14.657    (Y': 14.6206   Cb: 13.7535   Cr: 15.9933 )
00000907: 14.6549   (Y': 14.6313   Cb: 13.7054   Cr: 15.9988 )
00000908: 14.7059   (Y': 14.68     Cb: 13.8038   Cr: 15.9834 )
00000909: 14.7165   (Y': 14.6912   Cb: 13.7773   Cr: 16.052  )
00000911: 14.6411   (Y': 14.6166   Cb: 13.6913   Cr: 15.9909 )
00000913: 14.6512   (Y': 14.6484   Cb: 13.6645   Cr: 15.9449 )
00000910: 14.666    (Y': 14.6624   Cb: 13.7347   Cr: 15.872  )
00000912: 14.6558   (Y': 14.6385   Cb: 13.6766   Cr: 16.0161 )
Total: 14.6389   (Y': 14.5946   Cb: 13.7531   Cr: 15.9896 )
