00000000: 31.3234   (Y': 44.3744   Cb: 26.6981   Cr: 26.6981 )
00000005: 15.9493   (Y': 16.5668   Cb: 13.9624   Cr: 16.1723 )
00000002: 15.9075   (Y': 16.5655   Cb: 13.846    Cr: 16.1083 )
00000001: 15.9202   (Y': 16.5726   Cb: 13.8483   Cr: 16.1588 )
00000003: 15.9418   (Y': 16.5638   Cb: 13.9295   Cr: 16.1907 )
00000004: 15.9518   (Y': 16.6395   Cb: 13.8521   Cr: 16.1103 )
00000006: 15.9327   (Y': 16.5807   Cb: 13.8841   Cr: 16.1477 )
00000007: 15.9546   (Y': 16.609    Cb: 13.9277   Cr: 16.11   )
00000009: 15.947    (Y': 16.6036   Cb: 13.9004   Cr: 16.1279 )
00000008: 15.9508   (Y': 16.5833   Cb: 13.9166   Cr: 16.1981 )
00000010: 15.9619   (Y': 16.6195   Cb: 13.9103   Cr: 16.1474 )
00000011: 15.9394   (Y': 16.567    Cb: 13.9439   Cr: 16.1397 )
00000012: 15.9534   (Y': 16.6031   Cb: 13.9322   Cr: 16.1165 )
00000013: 15.9354   (Y': 16.5706   Cb: 13.9405   Cr: 16.1069 )
00000014: 15.9325   (Y': 16.5501   Cb: 13.926    Cr: 16.1873 )
00000015: 15.9193   (Y': 16.5609   Cb: 13.8696   Cr: 16.1594 )
00000016: 15.8904   (Y': 16.5398   Cb: 13.853    Cr: 16.0813 )
00000017: 15.924    (Y': 16.5487   Cb: 13.8807   Cr: 16.2153 )
00000018: 15.8967   (Y': 16.5632   Cb: 13.8608   Cr: 16.0243 )
00000019: 15.923    (Y': 16.5737   Cb: 13.8977   Cr: 16.0895 )
00000020: 15.9292   (Y': 16.5742   Cb: 13.92     Cr: 16.0893 )
00000021: 15.9011   (Y': 16.5312   Cb: 13.8795   Cr: 16.1359 )
00000022: 15.9338   (Y': 16.5725   Cb: 13.9095   Cr: 16.1415 )
00000023: 15.9284   (Y': 16.5844   Cb: 13.8572   Cr: 16.1524 )
00000026: 15.932    (Y': 16.5815   Cb: 13.8765   Cr: 16.1533 )
00000027: 15.9366   (Y': 16.5871   Cb: 13.8846   Cr: 16.1486 )
00000025: 15.9409   (Y': 16.5653   Cb: 13.9194   Cr: 16.1962 )
00000024: 15.9185   (Y': 16.5645   Cb: 13.86     Cr: 16.1573 )
00000028: 15.9337   (Y': 16.5361   Cb: 13.9448   Cr: 16.2149 )
00000029: 15.9069   (Y': 16.5693   Cb: 13.8426   Cr: 16.0962 )
00000030: 15.9407   (Y': 16.5876   Cb: 13.9059   Cr: 16.1365 )
00000031: 15.8944   (Y': 16.5629   Cb: 13.8358   Cr: 16.0529 )
00000032: 15.9257   (Y': 16.5407   Cb: 13.9494   Cr: 16.1401 )
00000033: 15.9228   (Y': 16.5913   Cb: 13.8545   Cr: 16.097  )
00000034: 15.9352   (Y': 16.5931   Cb: 13.8695   Cr: 16.1434 )
00000035: 15.9113   (Y': 16.5444   Cb: 13.8984   Cr: 16.12   )
00000037: 15.9398   (Y': 16.5795   Cb: 13.959    Cr: 16.0722 )
00000036: 15.9213   (Y': 16.5888   Cb: 13.8777   Cr: 16.0583 )
00000038: 15.8999   (Y': 16.5597   Cb: 13.8451   Cr: 16.0825 )
00000039: 15.9455   (Y': 16.5827   Cb: 13.9364   Cr: 16.1334 )
00000040: 15.9352   (Y': 16.5654   Cb: 13.9346   Cr: 16.1343 )
00000041: 15.9072   (Y': 16.5693   Cb: 13.8801   Cr: 16.036  )
00000042: 15.917    (Y': 16.5346   Cb: 13.9121   Cr: 16.1692 )
00000043: 15.9114   (Y': 16.5744   Cb: 13.8662   Cr: 16.0666 )
00000044: 15.9277   (Y': 16.5646   Cb: 13.8633   Cr: 16.2097 )
00000045: 15.9484   (Y': 16.6018   Cb: 13.9098   Cr: 16.1273 )
00000046: 15.9192   (Y': 16.5738   Cb: 13.8765   Cr: 16.1008 )
00000047: 15.9278   (Y': 16.584    Cb: 13.8775   Cr: 16.1161 )
00000048: 15.9038   (Y': 16.5769   Cb: 13.8824   Cr: 15.9845 )
00000049: 15.9409   (Y': 16.5975   Cb: 13.8799   Cr: 16.1459 )
00000050: 15.8933   (Y': 16.5353   Cb: 13.8822   Cr: 16.0678 )
00000051: 15.9228   (Y': 16.5887   Cb: 13.8926   Cr: 16.0434 )
00000052: 15.9025   (Y': 16.5518   Cb: 13.8327   Cr: 16.1489 )
00000053: 15.9289   (Y': 16.5862   Cb: 13.8842   Cr: 16.1036 )
00000054: 15.9361   (Y': 16.5642   Cb: 13.9213   Cr: 16.1668 )
00000055: 15.9177   (Y': 16.566    Cb: 13.8508   Cr: 16.1626 )
00000056: 15.9271   (Y': 16.5468   Cb: 13.9361   Cr: 16.1486 )
00000059: 15.9195   (Y': 16.5588   Cb: 13.8822   Cr: 16.147  )
00000057: 15.9431   (Y': 16.5757   Cb: 13.9435   Cr: 16.1315 )
00000058: 15.9154   (Y': 16.5487   Cb: 13.906    Cr: 16.1179 )
00000060: 15.917    (Y': 16.5957   Cb: 13.8146   Cr: 16.1125 )
00000062: 15.9371   (Y': 16.5603   Cb: 13.9129   Cr: 16.2012 )
00000061: 15.9309   (Y': 16.5721   Cb: 13.886    Cr: 16.1643 )
00000063: 15.9038   (Y': 16.5522   Cb: 13.8915   Cr: 16.0567 )
00000064: 15.9555   (Y': 16.6295   Cb: 13.8543   Cr: 16.166  )
00000065: 15.9305   (Y': 16.5773   Cb: 13.9155   Cr: 16.0935 )
00000066: 15.9327   (Y': 16.5686   Cb: 13.9044   Cr: 16.1573 )
00000068: 15.9173   (Y': 16.5473   Cb: 13.9014   Cr: 16.1428 )
00000067: 15.9499   (Y': 16.5937   Cb: 13.9586   Cr: 16.0853 )
00000069: 15.9595   (Y': 16.6003   Cb: 13.9258   Cr: 16.1753 )
00000070: 15.9443   (Y': 16.5969   Cb: 13.8897   Cr: 16.1527 )
00000071: 15.9098   (Y': 16.5522   Cb: 13.906    Cr: 16.0701 )
00000072: 15.9299   (Y': 16.5873   Cb: 13.8601   Cr: 16.1467 )
00000073: 15.9333   (Y': 16.5757   Cb: 13.8734   Cr: 16.1876 )
00000075: 15.9776   (Y': 16.621    Cb: 13.9211   Cr: 16.2225 )
00000076: 15.9216   (Y': 16.6182   Cb: 13.83     Cr: 16.0356 )
00000074: 15.9172   (Y': 16.5441   Cb: 13.898    Cr: 16.1596 )
00000077: 15.8987   (Y': 16.5787   Cb: 13.807    Cr: 16.0714 )
00000078: 15.9031   (Y': 16.5338   Cb: 13.8628   Cr: 16.1674 )
00000079: 15.9347   (Y': 16.5753   Cb: 13.8628   Cr: 16.2161 )
00000080: 15.8959   (Y': 16.5627   Cb: 13.7994   Cr: 16.1242 )
00000081: 15.9212   (Y': 16.5776   Cb: 13.8474   Cr: 16.1483 )
00000082: 15.9505   (Y': 16.6071   Cb: 13.9151   Cr: 16.1127 )
00000083: 15.9077   (Y': 16.5747   Cb: 13.8182   Cr: 16.1232 )
00000085: 15.9134   (Y': 16.5637   Cb: 13.8508   Cr: 16.1438 )
00000086: 15.9165   (Y': 16.5718   Cb: 13.8558   Cr: 16.1255 )
00000087: 15.917    (Y': 16.55     Cb: 13.9232   Cr: 16.0949 )
00000084: 15.9283   (Y': 16.5574   Cb: 13.8907   Cr: 16.1936 )
00000088: 15.9184   (Y': 16.5567   Cb: 13.8845   Cr: 16.1436 )
00000089: 15.9417   (Y': 16.6139   Cb: 13.8736   Cr: 16.1023 )
00000090: 15.9454   (Y': 16.5916   Cb: 13.8648   Cr: 16.2213 )
00000091: 15.9326   (Y': 16.6043   Cb: 13.881    Cr: 16.0675 )
00000092: 15.939    (Y': 16.5847   Cb: 13.8739   Cr: 16.1904 )
00000093: 15.9237   (Y': 16.5516   Cb: 13.8947   Cr: 16.1792 )
00000094: 15.9064   (Y': 16.5556   Cb: 13.819    Cr: 16.1831 )
00000095: 15.9012   (Y': 16.5294   Cb: 13.8385   Cr: 16.2127 )
00000096: 15.8893   (Y': 16.5158   Cb: 13.8555   Cr: 16.1577 )
00000097: 15.9275   (Y': 16.5667   Cb: 13.9217   Cr: 16.1028 )
00000098: 15.9113   (Y': 16.5553   Cb: 13.8467   Cr: 16.1677 )
00000099: 15.9031   (Y': 16.5411   Cb: 13.8999   Cr: 16.0783 )
00000100: 15.9113   (Y': 16.5881   Cb: 13.8006   Cr: 16.1281 )
00000102: 15.9128   (Y': 16.5563   Cb: 13.8695   Cr: 16.1353 )
00000101: 15.9093   (Y': 16.575    Cb: 13.8186   Cr: 16.1318 )
00000103: 15.8973   (Y': 16.5295   Cb: 13.8595   Cr: 16.1516 )
00000104: 15.8915   (Y': 16.5514   Cb: 13.7954   Cr: 16.1444 )
00000105: 15.8987   (Y': 16.5059   Cb: 13.8797   Cr: 16.2136 )
00000106: 15.8921   (Y': 16.542    Cb: 13.8701   Cr: 16.0555 )
00000107: 15.9713   (Y': 16.6314   Cb: 13.922    Cr: 16.1441 )
00000108: 15.8945   (Y': 16.5364   Cb: 13.8337   Cr: 16.1522 )
00000109: 15.9156   (Y': 16.55     Cb: 13.887    Cr: 16.1464 )
00000111: 15.9122   (Y': 16.5323   Cb: 13.9155   Cr: 16.1414 )
00000110: 15.9088   (Y': 16.5373   Cb: 13.8597   Cr: 16.1964 )
00000112: 15.9085   (Y': 16.5566   Cb: 13.862    Cr: 16.1197 )
00000113: 15.9091   (Y': 16.5435   Cb: 13.8748   Cr: 16.1497 )
00000115: 15.8909   (Y': 16.5448   Cb: 13.8104   Cr: 16.1387 )
00000114: 15.9205   (Y': 16.5633   Cb: 13.8515   Cr: 16.1894 )
00000116: 15.9144   (Y': 16.5505   Cb: 13.8605   Cr: 16.1816 )
00000117: 15.9192   (Y': 16.5783   Cb: 13.8605   Cr: 16.1111 )
00000119: 15.9421   (Y': 16.5551   Cb: 13.951    Cr: 16.1879 )
00000118: 15.9249   (Y': 16.5738   Cb: 13.8695   Cr: 16.1482 )
00000120: 15.9022   (Y': 16.5479   Cb: 13.8606   Cr: 16.1137 )
00000121: 15.9192   (Y': 16.562    Cb: 13.9147   Cr: 16.0794 )
00000123: 15.9197   (Y': 16.5612   Cb: 13.8747   Cr: 16.1524 )
00000122: 15.9111   (Y': 16.5474   Cb: 13.878    Cr: 16.1424 )
00000124: 15.9135   (Y': 16.5736   Cb: 13.8362   Cr: 16.1331 )
00000125: 15.917    (Y': 16.5663   Cb: 13.8754   Cr: 16.1154 )
00000126: 15.8985   (Y': 16.5498   Cb: 13.826    Cr: 16.1422 )
00000127: 15.8942   (Y': 16.5212   Cb: 13.8786   Cr: 16.1305 )
00000128: 15.927    (Y': 16.6076   Cb: 13.8208   Cr: 16.1223 )
00000129: 15.8778   (Y': 16.5315   Cb: 13.8228   Cr: 16.083  )
00000130: 15.9286   (Y': 16.5714   Cb: 13.8787   Cr: 16.1647 )
00000131: 15.9295   (Y': 16.5811   Cb: 13.9045   Cr: 16.0921 )
00000132: 15.9023   (Y': 16.567    Cb: 13.812    Cr: 16.1275 )
00000134: 15.9396   (Y': 16.6169   Cb: 13.8808   Cr: 16.0673 )
00000133: 15.9433   (Y': 16.5864   Cb: 13.8738   Cr: 16.2112 )
00000135: 16.0056   (Y': 16.6303   Cb: 13.9974   Cr: 16.2372 )
00000136: 16.007    (Y': 16.6504   Cb: 13.9549   Cr: 16.2447 )
00000137: 15.9523   (Y': 16.6234   Cb: 13.8734   Cr: 16.135  )
00000139: 15.9674   (Y': 16.6119   Cb: 13.9255   Cr: 16.1837 )
00000138: 15.976    (Y': 16.6702   Cb: 13.8749   Cr: 16.1141 )
00000140: 16.0367   (Y': 16.7392   Cb: 13.9015   Cr: 16.2032 )
00000141: 15.9882   (Y': 16.6498   Cb: 13.9469   Cr: 16.142  )
00000142: 15.9514   (Y': 16.6013   Cb: 13.9509   Cr: 16.0799 )
00000143: 16.005    (Y': 16.7037   Cb: 13.8703   Cr: 16.1843 )
00000144: 15.9956   (Y': 16.6776   Cb: 13.9048   Cr: 16.1599 )
00000145: 16.0259   (Y': 16.7048   Cb: 13.8989   Cr: 16.2625 )
00000146: 16.0016   (Y': 16.6512   Cb: 13.9584   Cr: 16.2014 )
00000147: 16.0121   (Y': 16.6884   Cb: 13.9314   Cr: 16.1791 )
00000148: 15.9874   (Y': 16.6314   Cb: 13.9437   Cr: 16.2086 )
00000149: 16.0219   (Y': 16.6889   Cb: 13.9449   Cr: 16.2166 )
00000150: 16.0078   (Y': 16.6747   Cb: 13.9258   Cr: 16.2108 )
00000151: 15.9968   (Y': 16.6728   Cb: 13.92     Cr: 16.159  )
00000152: 15.9965   (Y': 16.647    Cb: 13.9415   Cr: 16.2133 )
00000153: 16.0296   (Y': 16.6897   Cb: 13.986    Cr: 16.1927 )
00000154: 15.9912   (Y': 16.6553   Cb: 13.8922   Cr: 16.2333 )
00000155: 16.006    (Y': 16.6631   Cb: 13.9422   Cr: 16.2138 )
00000156: 15.9879   (Y': 16.6437   Cb: 13.9542   Cr: 16.1503 )
00000157: 15.9664   (Y': 16.6383   Cb: 13.8927   Cr: 16.1376 )
00000158: 15.9706   (Y': 16.6309   Cb: 13.9078   Cr: 16.1654 )
00000159: 15.9095   (Y': 16.5967   Cb: 13.8171   Cr: 16.0579 )
00000160: 15.9516   (Y': 16.6615   Cb: 13.848    Cr: 16.0389 )
00000161: 15.9287   (Y': 16.6376   Cb: 13.804    Cr: 16.0546 )
00000162: 15.9693   (Y': 16.6375   Cb: 13.9121   Cr: 16.126  )
00000163: 15.9304   (Y': 16.6254   Cb: 13.8127   Cr: 16.0936 )
00000164: 15.9544   (Y': 16.6113   Cb: 13.9072   Cr: 16.1347 )
00000165: 15.9269   (Y': 16.576    Cb: 13.8879   Cr: 16.1215 )
00000166: 15.9321   (Y': 16.5989   Cb: 13.8769   Cr: 16.0903 )
00000167: 15.9005   (Y': 16.5335   Cb: 13.8684   Cr: 16.1423 )
00000168: 15.9137   (Y': 16.5038   Cb: 13.9053   Cr: 16.2749 )
00000169: 15.8711   (Y': 16.4831   Cb: 13.8747   Cr: 16.1296 )
00000170: 15.9196   (Y': 16.5325   Cb: 13.9305   Cr: 16.1625 )
00000171: 15.9699   (Y': 16.5817   Cb: 13.9387   Cr: 16.2885 )
00000172: 15.9066   (Y': 16.5139   Cb: 13.9019   Cr: 16.1967 )
00000173: 15.9262   (Y': 16.5638   Cb: 13.8398   Cr: 16.2438 )
00000174: 15.9425   (Y': 16.5717   Cb: 13.9159   Cr: 16.1889 )
00000175: 15.9479   (Y': 16.5607   Cb: 13.9525   Cr: 16.2016 )
00000176: 15.9096   (Y': 16.5273   Cb: 13.8846   Cr: 16.1957 )
00000177: 15.9124   (Y': 16.5325   Cb: 13.8621   Cr: 16.2332 )
00000178: 15.926    (Y': 16.5517   Cb: 13.8764   Cr: 16.2243 )
00000179: 15.9274   (Y': 16.5477   Cb: 13.8598   Cr: 16.2775 )
00000180: 15.9377   (Y': 16.5762   Cb: 13.9063   Cr: 16.1579 )
00000182: 15.9598   (Y': 16.5835   Cb: 13.9169   Cr: 16.2537 )
00000181: 15.9224   (Y': 16.5558   Cb: 13.8842   Cr: 16.1728 )
00000183: 15.937    (Y': 16.5551   Cb: 13.8953   Cr: 16.2503 )
00000184: 15.9431   (Y': 16.5586   Cb: 13.8867   Cr: 16.2911 )
00000185: 15.9289   (Y': 16.5337   Cb: 13.9343   Cr: 16.2111 )
00000186: 15.9139   (Y': 16.5604   Cb: 13.8396   Cr: 16.178  )
00000187: 15.8889   (Y': 16.5353   Cb: 13.8209   Cr: 16.1422 )
00000188: 15.9246   (Y': 16.5617   Cb: 13.8396   Cr: 16.242  )
00000189: 15.9048   (Y': 16.5316   Cb: 13.8538   Cr: 16.2015 )
00000190: 15.94     (Y': 16.5811   Cb: 13.8539   Cr: 16.2439 )
00000191: 15.8898   (Y': 16.5257   Cb: 13.8367   Cr: 16.1565 )
00000192: 15.9092   (Y': 16.5313   Cb: 13.8852   Cr: 16.1772 )
00000193: 15.9265   (Y': 16.569    Cb: 13.8441   Cr: 16.2188 )
00000194: 15.9373   (Y': 16.5872   Cb: 13.8772   Cr: 16.1649 )
00000195: 15.9249   (Y': 16.5609   Cb: 13.8834   Cr: 16.1713 )
00000196: 15.9336   (Y': 16.5567   Cb: 13.8903   Cr: 16.231  )
00000197: 15.9418   (Y': 16.5845   Cb: 13.8668   Cr: 16.221  )
00000198: 15.9269   (Y': 16.568    Cb: 13.8585   Cr: 16.2005 )
00000199: 15.9177   (Y': 16.5442   Cb: 13.8617   Cr: 16.2238 )
00000200: 15.9376   (Y': 16.5927   Cb: 13.8562   Cr: 16.1827 )
00000201: 15.9331   (Y': 16.5681   Cb: 13.8666   Cr: 16.226  )
00000202: 15.9237   (Y': 16.5379   Cb: 13.9084   Cr: 16.206  )
00000203: 15.9169   (Y': 16.5684   Cb: 13.8406   Cr: 16.1663 )
00000204: 15.908    (Y': 16.56     Cb: 13.7994   Cr: 16.2116 )
00000205: 15.909    (Y': 16.5505   Cb: 13.8614   Cr: 16.1462 )
00000206: 15.9597   (Y': 16.6486   Cb: 13.8694   Cr: 16.0985 )
00000207: 15.9389   (Y': 16.5757   Cb: 13.8672   Cr: 16.2343 )
00000208: 15.9603   (Y': 16.6055   Cb: 13.909    Cr: 16.1899 )
00000209: 15.9115   (Y': 16.5666   Cb: 13.8591   Cr: 16.1074 )
00000210: 15.9582   (Y': 16.5978   Cb: 13.9052   Cr: 16.2115 )
00000211: 15.9289   (Y': 16.5861   Cb: 13.8255   Cr: 16.2043 )
00000213: 15.947    (Y': 16.5951   Cb: 13.8838   Cr: 16.1864 )
00000214: 15.9552   (Y': 16.5979   Cb: 13.9113   Cr: 16.1813 )
00000212: 15.9382   (Y': 16.5927   Cb: 13.8814   Cr: 16.1435 )
00000215: 15.9709   (Y': 16.6276   Cb: 13.8827   Cr: 16.2213 )
00000216: 16.0095   (Y': 16.6686   Cb: 13.9256   Cr: 16.244  )
00000217: 16.0349   (Y': 16.6837   Cb: 13.9079   Cr: 16.3823 )
00000218: 16.0496   (Y': 16.6933   Cb: 13.9717   Cr: 16.3301 )
00000219: 16.0655   (Y': 16.7307   Cb: 13.9548   Cr: 16.3239 )
00000220: 16.0517   (Y': 16.726    Cb: 13.9412   Cr: 16.277  )
00000222: 16.0437   (Y': 16.7651   Cb: 13.8546   Cr: 16.2357 )
00000221: 16.0387   (Y': 16.7312   Cb: 13.902    Cr: 16.2434 )
00000223: 15.9976   (Y': 16.6922   Cb: 13.8697   Cr: 16.1798 )
00000224: 16.0008   (Y': 16.7051   Cb: 13.8613   Cr: 16.168  )
00000225: 15.988    (Y': 16.6753   Cb: 13.8578   Cr: 16.2003 )
00000226: 15.9562   (Y': 16.6272   Cb: 13.8235   Cr: 16.2313 )
00000227: 15.9806   (Y': 16.6653   Cb: 13.8297   Cr: 16.2377 )
00000228: 15.9799   (Y': 16.6663   Cb: 13.8792   Cr: 16.1452 )
00000229: 15.9835   (Y': 16.6665   Cb: 13.877    Cr: 16.1703 )
00000230: 16.0073   (Y': 16.6849   Cb: 13.8602   Cr: 16.2836 )
00000231: 16.027    (Y': 16.7063   Cb: 13.8981   Cr: 16.2657 )
00000232: 16.0208   (Y': 16.7091   Cb: 13.8684   Cr: 16.2675 )
00000233: 16.0476   (Y': 16.6901   Cb: 13.9184   Cr: 16.422  )
00000234: 16.0478   (Y': 16.7122   Cb: 13.8879   Cr: 16.3956 )
00000236: 16.0155   (Y': 16.6544   Cb: 13.8906   Cr: 16.3965 )
00000235: 16.059    (Y': 16.7261   Cb: 13.9072   Cr: 16.3819 )
00000238: 15.9747   (Y': 16.6474   Cb: 13.8078   Cr: 16.3043 )
00000237: 16.0369   (Y': 16.7294   Cb: 13.8286   Cr: 16.3671 )
00000239: 16.0143   (Y': 16.6821   Cb: 13.8164   Cr: 16.4174 )
00000240: 16.0106   (Y': 16.6673   Cb: 13.8236   Cr: 16.4361 )
00000241: 16.0153   (Y': 16.681    Cb: 13.8707   Cr: 16.3311 )
00000242: 16.0219   (Y': 16.6716   Cb: 13.8606   Cr: 16.4273 )
00000243: 16.0035   (Y': 16.67     Cb: 13.8097   Cr: 16.4043 )
00000246: 16.0222   (Y': 16.6882   Cb: 13.8884   Cr: 16.3176 )
00000245: 16.0382   (Y': 16.6901   Cb: 13.878    Cr: 16.4327 )
00000244: 16.0198   (Y': 16.6813   Cb: 13.8951   Cr: 16.3161 )
00000247: 16.0226   (Y': 16.6889   Cb: 13.8353   Cr: 16.4124 )
00000248: 16.0286   (Y': 16.6921   Cb: 13.836    Cr: 16.4382 )
00000249: 16.0108   (Y': 16.6831   Cb: 13.81     Cr: 16.4026 )
00000250: 16.011    (Y': 16.6783   Cb: 13.853    Cr: 16.3441 )
00000251: 16.0302   (Y': 16.6899   Cb: 13.8608   Cr: 16.4126 )
00000252: 16.0187   (Y': 16.7      Cb: 13.8146   Cr: 16.3823 )
00000254: 16.0479   (Y': 16.6742   Cb: 13.9178   Cr: 16.4858 )
00000253: 16.0649   (Y': 16.7485   Cb: 13.8577   Cr: 16.426  )
00000255: 16.0369   (Y': 16.702    Cb: 13.8618   Cr: 16.4092 )
00000256: 16.0548   (Y': 16.7156   Cb: 13.8564   Cr: 16.4854 )
00000257: 16.0553   (Y': 16.7296   Cb: 13.8488   Cr: 16.4497 )
00000258: 16.0466   (Y': 16.6817   Cb: 13.8781   Cr: 16.5205 )
00000259: 16.0318   (Y': 16.7012   Cb: 13.8015   Cr: 16.4884 )
00000260: 16.0355   (Y': 16.6715   Cb: 13.8705   Cr: 16.4995 )
00000261: 16.0184   (Y': 16.6834   Cb: 13.8354   Cr: 16.4054 )
00000262: 16.0052   (Y': 16.6649   Cb: 13.8162   Cr: 16.4232 )
00000263: 16.0249   (Y': 16.71     Cb: 13.8331   Cr: 16.3523 )
00000264: 16.0857   (Y': 16.7528   Cb: 13.889    Cr: 16.4894 )
00000265: 16.0838   (Y': 16.7147   Cb: 13.9498   Cr: 16.5112 )
00000266: 16.1023   (Y': 16.6876   Cb: 14.0769   Cr: 16.5115 )
00000267: 16.1059   (Y': 16.687    Cb: 14.0703   Cr: 16.5492 )
00000270: 16.0831   (Y': 16.721    Cb: 13.9884   Cr: 16.414  )
00000268: 16.1241   (Y': 16.7031   Cb: 14.0928   Cr: 16.5676 )
00000269: 16.1196   (Y': 16.6981   Cb: 14.101    Cr: 16.5425 )
00000271: 16.0636   (Y': 16.7126   Cb: 13.9755   Cr: 16.3426 )
00000272: 16.0986   (Y': 16.7625   Cb: 14.0068   Cr: 16.3292 )
00000273: 16.0217   (Y': 16.7219   Cb: 13.863    Cr: 16.2367 )
00000274: 16.0285   (Y': 16.7509   Cb: 13.8853   Cr: 16.1389 )
00000275: 16.025    (Y': 16.7539   Cb: 13.8817   Cr: 16.1132 )
00000278: 16.0033   (Y': 16.714    Cb: 13.8491   Cr: 16.1731 )
00000277: 15.989    (Y': 16.7368   Cb: 13.8433   Cr: 16.0162 )
00000276: 16.0168   (Y': 16.7375   Cb: 13.8513   Cr: 16.171  )
00000279: 15.9633   (Y': 16.6614   Cb: 13.8488   Cr: 16.1106 )
00000280: 15.9642   (Y': 16.6644   Cb: 13.8948   Cr: 16.0287 )
00000281: 15.9631   (Y': 16.697    Cb: 13.8174   Cr: 16.0379 )
00000282: 15.984    (Y': 16.7001   Cb: 13.848    Cr: 16.1039 )
00000283: 15.9738   (Y': 16.6722   Cb: 13.8559   Cr: 16.1256 )
00000284: 15.9811   (Y': 16.6623   Cb: 13.9083   Cr: 16.1178 )
00000285: 15.9581   (Y': 16.6311   Cb: 13.8793   Cr: 16.134  )
00000286: 15.9833   (Y': 16.6951   Cb: 13.88     Cr: 16.0635 )
00000287: 15.9911   (Y': 16.6573   Cb: 13.9316   Cr: 16.1593 )
00000288: 15.9907   (Y': 16.6504   Cb: 13.939    Cr: 16.1691 )
00000289: 15.9823   (Y': 16.6744   Cb: 13.8568   Cr: 16.1688 )
00000290: 15.9419   (Y': 16.6466   Cb: 13.8392   Cr: 16.0457 )
00000291: 15.9961   (Y': 16.64     Cb: 13.9681   Cr: 16.1913 )
00000292: 15.9532   (Y': 16.5914   Cb: 13.9235   Cr: 16.1718 )
00000293: 15.9461   (Y': 16.605    Cb: 13.9077   Cr: 16.1044 )
00000294: 15.9352   (Y': 16.6122   Cb: 13.8364   Cr: 16.1305 )
00000295: 15.9509   (Y': 16.6204   Cb: 13.8629   Cr: 16.1552 )
00000296: 15.9503   (Y': 16.634    Cb: 13.8619   Cr: 16.1043 )
00000297: 15.9499   (Y': 16.595    Cb: 13.895    Cr: 16.1863 )
00000298: 15.9251   (Y': 16.6027   Cb: 13.8606   Cr: 16.0605 )
00000299: 15.9618   (Y': 16.6262   Cb: 13.8783   Cr: 16.1762 )
00000300: 15.939    (Y': 16.5815   Cb: 13.8732   Cr: 16.2031 )
00000302: 15.9378   (Y': 16.6098   Cb: 13.8516   Cr: 16.1299 )
00000301: 15.9522   (Y': 16.6139   Cb: 13.8418   Cr: 16.2226 )
00000303: 15.9363   (Y': 16.6018   Cb: 13.8462   Cr: 16.1584 )
00000304: 15.9492   (Y': 16.588    Cb: 13.8565   Cr: 16.2735 )
00000305: 15.9265   (Y': 16.5748   Cb: 13.8535   Cr: 16.1819 )
00000306: 15.9517   (Y': 16.6262   Cb: 13.8421   Cr: 16.1747 )
00000307: 15.9524   (Y': 16.6111   Cb: 13.8939   Cr: 16.1452 )
00000308: 15.949    (Y': 16.6123   Cb: 13.8719   Cr: 16.1569 )
00000309: 15.9143   (Y': 16.5919   Cb: 13.8395   Cr: 16.067  )
00000310: 15.8964   (Y': 16.5853   Cb: 13.7509   Cr: 16.129  )
00000311: 15.9625   (Y': 16.638    Cb: 13.8551   Cr: 16.1783 )
00000312: 15.9334   (Y': 16.6033   Cb: 13.8494   Cr: 16.129  )
00000313: 15.9433   (Y': 16.599    Cb: 13.8885   Cr: 16.141  )
00000314: 15.9364   (Y': 16.6114   Cb: 13.8653   Cr: 16.0919 )
00000315: 15.9296   (Y': 16.6009   Cb: 13.8695   Cr: 16.0804 )
00000316: 15.9552   (Y': 16.636    Cb: 13.8516   Cr: 16.145  )
00000317: 15.94     (Y': 16.6057   Cb: 13.8574   Cr: 16.1482 )
00000318: 15.9513   (Y': 16.6226   Cb: 13.8473   Cr: 16.1759 )
00000319: 15.926    (Y': 16.611    Cb: 13.8059   Cr: 16.1289 )
00000320: 15.9853   (Y': 16.6852   Cb: 13.8526   Cr: 16.1568 )
00000321: 16.0047   (Y': 16.6691   Cb: 13.9205   Cr: 16.2207 )
00000322: 15.9912   (Y': 16.6431   Cb: 13.9243   Cr: 16.223  )
00000323: 15.9765   (Y': 16.6213   Cb: 13.9171   Cr: 16.2214 )
00000324: 16.0081   (Y': 16.6594   Cb: 13.9631   Cr: 16.2049 )
00000325: 15.9608   (Y': 16.6246   Cb: 13.9124   Cr: 16.1183 )
00000326: 15.9462   (Y': 16.614    Cb: 13.9221   Cr: 16.0501 )
00000327: 15.9488   (Y': 16.631    Cb: 13.8937   Cr: 16.0527 )
00000328: 15.9296   (Y': 16.6134   Cb: 13.8438   Cr: 16.0791 )
00000329: 15.959    (Y': 16.6352   Cb: 13.9119   Cr: 16.0711 )
00000330: 15.9423   (Y': 16.6126   Cb: 13.8847   Cr: 16.0923 )
00000331: 15.9558   (Y': 16.6122   Cb: 13.8927   Cr: 16.1646 )
00000332: 15.9721   (Y': 16.6251   Cb: 13.908    Cr: 16.1955 )
00000334: 15.9414   (Y': 16.5527   Cb: 13.93     Cr: 16.2279 )
00000333: 15.9624   (Y': 16.6257   Cb: 13.9005   Cr: 16.1448 )
00000335: 15.9476   (Y': 16.5641   Cb: 13.9467   Cr: 16.1977 )
00000336: 15.9251   (Y': 16.5615   Cb: 13.8687   Cr: 16.1957 )
00000337: 15.9242   (Y': 16.5502   Cb: 13.8802   Cr: 16.2117 )
00000338: 15.9265   (Y': 16.5472   Cb: 13.8855   Cr: 16.2289 )
00000339: 15.9633   (Y': 16.5973   Cb: 13.9156   Cr: 16.2279 )
00000340: 15.9806   (Y': 16.5741   Cb: 13.9638   Cr: 16.3434 )
00000341: 15.9062   (Y': 16.5465   Cb: 13.8441   Cr: 16.172  )
00000342: 15.9358   (Y': 16.5785   Cb: 13.864    Cr: 16.2092 )
00000343: 15.9474   (Y': 16.5723   Cb: 13.9061   Cr: 16.2343 )
00000344: 15.9393   (Y': 16.5554   Cb: 13.8991   Cr: 16.2569 )
00000345: 15.9425   (Y': 16.57     Cb: 13.9197   Cr: 16.1885 )
00000346: 15.9304   (Y': 16.5501   Cb: 13.8914   Cr: 16.2327 )
00000347: 15.9693   (Y': 16.5957   Cb: 13.9586   Cr: 16.1986 )
00000348: 15.9371   (Y': 16.5765   Cb: 13.8833   Cr: 16.1926 )
00000350: 15.9581   (Y': 16.5766   Cb: 13.9371   Cr: 16.2342 )
00000349: 15.9431   (Y': 16.5562   Cb: 13.9295   Cr: 16.227  )
00000351: 15.9361   (Y': 16.5972   Cb: 13.8452   Cr: 16.1751 )
00000353: 15.9322   (Y': 16.5637   Cb: 13.8774   Cr: 16.2179 )
00000352: 15.9298   (Y': 16.5725   Cb: 13.8338   Cr: 16.245  )
00000354: 15.9354   (Y': 16.5655   Cb: 13.8972   Cr: 16.1984 )
00000355: 15.9202   (Y': 16.5339   Cb: 13.8641   Cr: 16.2745 )
00000356: 15.9338   (Y': 16.5642   Cb: 13.9292   Cr: 16.1387 )
00000357: 15.9011   (Y': 16.541    Cb: 13.8336   Cr: 16.1782 )
00000358: 15.9114   (Y': 16.5318   Cb: 13.869    Cr: 16.2173 )
00000359: 15.9369   (Y': 16.5687   Cb: 13.8795   Cr: 16.2264 )
00000361: 15.9701   (Y': 16.5871   Cb: 13.9166   Cr: 16.3076 )
00000360: 15.9526   (Y': 16.6019   Cb: 13.8902   Cr: 16.1861 )
00000362: 15.9091   (Y': 16.5351   Cb: 13.8573   Cr: 16.2101 )
00000363: 15.9423   (Y': 16.5891   Cb: 13.8585   Cr: 16.2215 )
00000364: 15.9199   (Y': 16.5528   Cb: 13.8677   Cr: 16.1963 )
00000365: 15.913    (Y': 16.566    Cb: 13.842    Cr: 16.1474 )
00000366: 15.9008   (Y': 16.5106   Cb: 13.8626   Cr: 16.2389 )
00000367: 15.9206   (Y': 16.5617   Cb: 13.8702   Cr: 16.1637 )
00000369: 15.9214   (Y': 16.5784   Cb: 13.8504   Cr: 16.1416 )
00000368: 15.9424   (Y': 16.5787   Cb: 13.8679   Cr: 16.2447 )
00000370: 15.8813   (Y': 16.5341   Cb: 13.8204   Cr: 16.0997 )
00000371: 15.9155   (Y': 16.5634   Cb: 13.8297   Cr: 16.1942 )
00000372: 15.9029   (Y': 16.5381   Cb: 13.879    Cr: 16.1227 )
00000373: 15.9215   (Y': 16.5396   Cb: 13.914    Cr: 16.176  )
00000375: 15.9247   (Y': 16.5566   Cb: 13.9061   Cr: 16.1476 )
00000374: 15.9336   (Y': 16.5754   Cb: 13.8767   Cr: 16.1853 )
00000377: 15.9432   (Y': 16.5792   Cb: 13.8784   Cr: 16.2292 )
00000376: 15.945    (Y': 16.5593   Cb: 13.8855   Cr: 16.3034 )
00000378: 15.9265   (Y': 16.5673   Cb: 13.8763   Cr: 16.1703 )
00000379: 15.9247   (Y': 16.5588   Cb: 13.8625   Cr: 16.2134 )
00000380: 15.9172   (Y': 16.5537   Cb: 13.8966   Cr: 16.1271 )
00000381: 15.9277   (Y': 16.5808   Cb: 13.8577   Cr: 16.1606 )
00000382: 15.9247   (Y': 16.5668   Cb: 13.8431   Cr: 16.2172 )
00000383: 15.9327   (Y': 16.5673   Cb: 13.9009   Cr: 16.1681 )
00000384: 15.9333   (Y': 16.566    Cb: 13.8863   Cr: 16.2012 )
00000385: 15.9156   (Y': 16.5526   Cb: 13.8505   Cr: 16.1991 )
00000386: 15.9159   (Y': 16.5336   Cb: 13.9075   Cr: 16.1738 )
00000387: 15.9344   (Y': 16.5548   Cb: 13.9016   Cr: 16.2238 )
00000388: 15.9173   (Y': 16.5847   Cb: 13.8278   Cr: 16.1312 )
00000389: 15.9318   (Y': 16.5888   Cb: 13.8547   Cr: 16.1626 )
00000390: 15.8903   (Y': 16.4953   Cb: 13.9027   Cr: 16.1601 )
00000391: 15.9152   (Y': 16.5301   Cb: 13.8948   Cr: 16.2039 )
00000393: 15.9115   (Y': 16.56     Cb: 13.8466   Cr: 16.1523 )
00000392: 15.8954   (Y': 16.5102   Cb: 13.8808   Cr: 16.1746 )
00000394: 15.8903   (Y': 16.5406   Cb: 13.8138   Cr: 16.144  )
00000395: 15.9051   (Y': 16.5228   Cb: 13.8777   Cr: 16.1954 )
00000396: 15.8986   (Y': 16.5086   Cb: 13.8998   Cr: 16.1686 )
00000397: 15.8979   (Y': 16.5152   Cb: 13.8757   Cr: 16.1806 )
00000399: 15.9264   (Y': 16.5649   Cb: 13.8556   Cr: 16.2136 )
00000398: 15.8868   (Y': 16.5222   Cb: 13.8379   Cr: 16.1477 )
00000400: 15.9305   (Y': 16.5521   Cb: 13.8959   Cr: 16.2185 )
00000401: 15.9163   (Y': 16.5493   Cb: 13.8815   Cr: 16.1623 )
00000402: 15.9448   (Y': 16.5567   Cb: 13.9172   Cr: 16.2569 )
00000403: 15.9391   (Y': 16.5593   Cb: 13.8878   Cr: 16.2607 )
00000404: 15.9108   (Y': 16.5293   Cb: 13.8856   Cr: 16.1941 )
00000405: 15.9458   (Y': 16.5728   Cb: 13.8876   Cr: 16.254  )
00000406: 15.9115   (Y': 16.5321   Cb: 13.8584   Cr: 16.235  )
00000407: 15.9433   (Y': 16.5731   Cb: 13.9037   Cr: 16.2093 )
00000408: 15.9534   (Y': 16.5907   Cb: 13.8925   Cr: 16.2283 )
00000409: 15.922    (Y': 16.5638   Cb: 13.8788   Cr: 16.1504 )
00000410: 15.9302   (Y': 16.5357   Cb: 13.8772   Cr: 16.3101 )
00000411: 15.9416   (Y': 16.5515   Cb: 13.9054   Cr: 16.2757 )
00000412: 15.9708   (Y': 16.5906   Cb: 13.9243   Cr: 16.2856 )
00000413: 15.9482   (Y': 16.5695   Cb: 13.9255   Cr: 16.217  )
00000414: 15.9126   (Y': 16.5342   Cb: 13.9157   Cr: 16.1368 )
00000415: 15.9424   (Y': 16.5444   Cb: 13.935    Cr: 16.2567 )
00000416: 15.924    (Y': 16.5414   Cb: 13.8833   Cr: 16.2379 )
00000417: 15.9404   (Y': 16.5722   Cb: 13.8908   Cr: 16.2161 )
00000418: 15.9325   (Y': 16.5621   Cb: 13.9015   Cr: 16.1847 )
00000419: 15.9458   (Y': 16.5484   Cb: 13.9165   Cr: 16.2959 )
00000420: 15.9516   (Y': 16.5457   Cb: 13.9733   Cr: 16.2466 )
00000421: 15.9364   (Y': 16.5424   Cb: 13.9261   Cr: 16.2411 )
00000422: 15.9662   (Y': 16.5585   Cb: 13.9455   Cr: 16.3402 )
00000423: 15.9261   (Y': 16.5003   Cb: 13.9302   Cr: 16.3266 )
00000424: 15.9516   (Y': 16.5634   Cb: 13.934    Cr: 16.2469 )
00000425: 15.948    (Y': 16.5529   Cb: 13.9353   Cr: 16.261  )
00000426: 15.9692   (Y': 16.5907   Cb: 13.9152   Cr: 16.291  )
00000427: 15.9477   (Y': 16.5433   Cb: 13.9638   Cr: 16.2465 )
00000428: 15.9719   (Y': 16.5937   Cb: 13.9199   Cr: 16.289  )
00000429: 15.9868   (Y': 16.5943   Cb: 13.9241   Cr: 16.3762 )
00000431: 15.918    (Y': 16.5335   Cb: 13.9094   Cr: 16.1844 )
00000430: 15.9811   (Y': 16.5964   Cb: 13.9349   Cr: 16.3123 )
00000432: 15.9632   (Y': 16.592    Cb: 13.8981   Cr: 16.2762 )
00000433: 15.9369   (Y': 16.5375   Cb: 13.9782   Cr: 16.1745 )
00000435: 15.958    (Y': 16.5733   Cb: 13.9592   Cr: 16.2088 )
00000434: 15.9638   (Y': 16.596    Cb: 13.9279   Cr: 16.2146 )
00000436: 15.9843   (Y': 16.5923   Cb: 13.978    Cr: 16.2745 )
00000437: 16.0003   (Y': 16.6353   Cb: 13.9484   Cr: 16.2682 )
00000438: 15.9922   (Y': 16.6286   Cb: 13.9526   Cr: 16.234  )
00000439: 15.9752   (Y': 16.6145   Cb: 13.9321   Cr: 16.2124 )
00000440: 15.9904   (Y': 16.6234   Cb: 13.9469   Cr: 16.2517 )
00000441: 16.0038   (Y': 16.6448   Cb: 13.9788   Cr: 16.2044 )
00000443: 15.9652   (Y': 16.5921   Cb: 13.9618   Cr: 16.1808 )
00000442: 15.9679   (Y': 16.584    Cb: 14.0022   Cr: 16.1604 )
00000444: 15.9826   (Y': 16.5996   Cb: 13.9828   Cr: 16.2286 )
00000445: 15.9919   (Y': 16.6394   Cb: 13.9562   Cr: 16.1873 )
00000447: 15.9668   (Y': 16.6049   Cb: 13.9383   Cr: 16.1839 )
00000446: 15.9975   (Y': 16.6034   Cb: 13.9588   Cr: 16.351  )
00000448: 16.0038   (Y': 16.6298   Cb: 13.9793   Cr: 16.2579 )
00000449: 15.9751   (Y': 16.6085   Cb: 13.9534   Cr: 16.1979 )
00000450: 15.9854   (Y': 16.6281   Cb: 13.9357   Cr: 16.2215 )
00000451: 15.9546   (Y': 16.5858   Cb: 13.9493   Cr: 16.1581 )
00000452: 15.9648   (Y': 16.5881   Cb: 13.9301   Cr: 16.2464 )
00000453: 15.9987   (Y': 16.6257   Cb: 13.9535   Cr: 16.2849 )
00000454: 15.9583   (Y': 16.5886   Cb: 13.8971   Cr: 16.2599 )
00000455: 15.9648   (Y': 16.5838   Cb: 13.913    Cr: 16.2921 )
00000456: 15.9913   (Y': 16.628    Cb: 13.9344   Cr: 16.2617 )
00000457: 15.9749   (Y': 16.6175   Cb: 13.9146   Cr: 16.229  )
00000459: 15.9614   (Y': 16.5832   Cb: 13.9145   Cr: 16.2698 )
00000458: 15.9738   (Y': 16.5777   Cb: 13.9551   Cr: 16.3006 )
00000460: 15.9651   (Y': 16.5893   Cb: 14.0047   Cr: 16.12   )
00000461: 15.9751   (Y': 16.6153   Cb: 13.9083   Cr: 16.2491 )
00000462: 15.9383   (Y': 16.5783   Cb: 13.9043   Cr: 16.1575 )
00000463: 16.0128   (Y': 16.6572   Cb: 13.9975   Cr: 16.1847 )
00000464: 15.9417   (Y': 16.5657   Cb: 13.9169   Cr: 16.2041 )
00000465: 15.9846   (Y': 16.6394   Cb: 13.9463   Cr: 16.1583 )
00000466: 15.9597   (Y': 16.5888   Cb: 13.9402   Cr: 16.1944 )
00000467: 15.9843   (Y': 16.6472   Cb: 13.9174   Cr: 16.176  )
00000468: 15.9568   (Y': 16.5823   Cb: 13.9225   Cr: 16.2296 )
00000469: 15.9742   (Y': 16.6197   Cb: 13.9517   Cr: 16.1545 )
00000470: 15.9771   (Y': 16.6128   Cb: 13.9285   Cr: 16.2369 )
00000471: 15.983    (Y': 16.6191   Cb: 13.9447   Cr: 16.2237 )
00000472: 15.9505   (Y': 16.6162   Cb: 13.8603   Cr: 16.1716 )
00000473: 15.9486   (Y': 16.5875   Cb: 13.9323   Cr: 16.1425 )
00000474: 15.9776   (Y': 16.59     Cb: 13.9775   Cr: 16.241  )
00000475: 15.9797   (Y': 16.6019   Cb: 13.9685   Cr: 16.226  )
00000476: 15.9653   (Y': 16.5953   Cb: 13.9465   Cr: 16.1958 )
00000477: 15.9516   (Y': 16.5986   Cb: 13.9246   Cr: 16.1342 )
00000478: 15.9268   (Y': 16.5765   Cb: 13.866    Cr: 16.1559 )
00000479: 15.9812   (Y': 16.6354   Cb: 13.9344   Cr: 16.1707 )
00000480: 15.9511   (Y': 16.583    Cb: 13.9491   Cr: 16.1461 )
00000481: 15.9499   (Y': 16.6047   Cb: 13.877    Cr: 16.1811 )
00000482: 15.9429   (Y': 16.5525   Cb: 13.9246   Cr: 16.2477 )
00000483: 15.9532   (Y': 16.5767   Cb: 13.8877   Cr: 16.287  )
00000484: 15.9529   (Y': 16.578    Cb: 13.9278   Cr: 16.2121 )
00000485: 15.9809   (Y': 16.6122   Cb: 13.9528   Cr: 16.2222 )
00000486: 15.9591   (Y': 16.5969   Cb: 13.8776   Cr: 16.2673 )
00000487: 15.9814   (Y': 16.5861   Cb: 13.9603   Cr: 16.3095 )
00000488: 15.9522   (Y': 16.6035   Cb: 13.8951   Cr: 16.1694 )
00000489: 15.9442   (Y': 16.5722   Cb: 13.9066   Cr: 16.2138 )
00000490: 15.951    (Y': 16.5849   Cb: 13.8993   Cr: 16.2227 )
00000491: 15.9729   (Y': 16.5992   Cb: 13.9628   Cr: 16.2017 )
00000492: 15.9604   (Y': 16.6014   Cb: 13.9139   Cr: 16.197  )
00000493: 15.9549   (Y': 16.5947   Cb: 13.9092   Cr: 16.1948 )
00000494: 15.9608   (Y': 16.6095   Cb: 13.9223   Cr: 16.1564 )
00000495: 15.9586   (Y': 16.5934   Cb: 13.9516   Cr: 16.1517 )
00000496: 15.9754   (Y': 16.6242   Cb: 13.8797   Cr: 16.2677 )
00000497: 15.971    (Y': 16.5916   Cb: 13.9374   Cr: 16.261  )
00000498: 15.947    (Y': 16.5931   Cb: 13.9099   Cr: 16.1499 )
00000499: 16.0206   (Y': 16.6532   Cb: 13.991    Cr: 16.2601 )
00000500: 15.9472   (Y': 16.612    Cb: 13.8441   Cr: 16.1935 )
00000501: 15.967    (Y': 16.6046   Cb: 13.9166   Cr: 16.2227 )
00000502: 15.9583   (Y': 16.5859   Cb: 13.9077   Cr: 16.2516 )
00000503: 15.9428   (Y': 16.599    Cb: 13.869    Cr: 16.1709 )
00000504: 15.9167   (Y': 16.5383   Cb: 13.9131   Cr: 16.1524 )
00000505: 15.9818   (Y': 16.6312   Cb: 13.9557   Cr: 16.154  )
00000506: 15.9589   (Y': 16.6144   Cb: 13.901    Cr: 16.1621 )
00000507: 15.9712   (Y': 16.5894   Cb: 13.9311   Cr: 16.2811 )
00000508: 15.9591   (Y': 16.5844   Cb: 13.9438   Cr: 16.2008 )
00000509: 16.0088   (Y': 16.6446   Cb: 13.963    Cr: 16.2637 )
00000510: 15.9976   (Y': 16.6206   Cb: 13.9793   Cr: 16.2528 )
00000511: 16.0015   (Y': 16.6399   Cb: 13.9446   Cr: 16.2652 )
00000512: 15.9559   (Y': 16.5856   Cb: 13.9443   Cr: 16.1751 )
00000513: 15.9939   (Y': 16.6167   Cb: 13.9704   Cr: 16.2584 )
00000514: 15.9673   (Y': 16.5952   Cb: 13.9427   Cr: 16.2152 )
00000515: 15.9787   (Y': 16.6112   Cb: 13.9314   Cr: 16.2482 )
00000516: 15.9708   (Y': 16.609    Cb: 13.9119   Cr: 16.2391 )
00000517: 15.9876   (Y': 16.6284   Cb: 13.9204   Cr: 16.2602 )
00000518: 15.9643   (Y': 16.609    Cb: 13.8799   Cr: 16.2528 )
00000519: 15.9742   (Y': 16.6282   Cb: 13.9249   Cr: 16.1686 )
00000520: 15.9611   (Y': 16.5798   Cb: 13.9557   Cr: 16.2103 )
00000521: 15.9829   (Y': 16.6275   Cb: 13.919    Cr: 16.236  )
00000522: 15.9497   (Y': 16.6039   Cb: 13.8941   Cr: 16.1537 )
00000523: 15.9603   (Y': 16.6059   Cb: 13.92     Cr: 16.17   )
00000524: 15.9688   (Y': 16.627    Cb: 13.9193   Cr: 16.1487 )
00000525: 15.9865   (Y': 16.6091   Cb: 13.9604   Cr: 16.2565 )
00000526: 15.9531   (Y': 16.5945   Cb: 13.9052   Cr: 16.191  )
00000527: 15.9474   (Y': 16.5936   Cb: 13.8795   Cr: 16.2015 )
00000528: 15.9534   (Y': 16.573    Cb: 13.9309   Cr: 16.2279 )
00000529: 15.9802   (Y': 16.5919   Cb: 13.9718   Cr: 16.2603 )
00000530: 15.9402   (Y': 16.595    Cb: 13.8648   Cr: 16.1762 )
00000531: 15.9715   (Y': 16.595    Cb: 13.941    Cr: 16.2453 )
00000532: 15.9851   (Y': 16.6095   Cb: 13.9261   Cr: 16.3049 )
00000534: 15.9713   (Y': 16.5958   Cb: 13.9513   Cr: 16.224  )
00000533: 15.9787   (Y': 16.6074   Cb: 13.9073   Cr: 16.3033 )
00000535: 15.9835   (Y': 16.5857   Cb: 13.9684   Cr: 16.3108 )
00000536: 15.954    (Y': 16.5901   Cb: 13.8837   Cr: 16.2495 )
00000537: 15.9773   (Y': 16.6142   Cb: 13.9301   Cr: 16.2305 )
00000538: 15.9604   (Y': 16.6056   Cb: 13.8942   Cr: 16.2157 )
00000539: 15.9483   (Y': 16.5677   Cb: 13.9227   Cr: 16.2287 )
00000540: 15.9572   (Y': 16.608    Cb: 13.907    Cr: 16.1647 )
00000541: 15.9727   (Y': 16.6235   Cb: 13.929    Cr: 16.1695 )
00000542: 15.9998   (Y': 16.6359   Cb: 13.96     Cr: 16.2434 )
00000543: 15.9672   (Y': 16.5789   Cb: 13.9654   Cr: 16.2359 )
00000544: 15.973    (Y': 16.6092   Cb: 13.9394   Cr: 16.2056 )
00000545: 15.975    (Y': 16.6035   Cb: 13.9653   Cr: 16.1958 )
00000546: 15.9959   (Y': 16.6271   Cb: 13.9788   Cr: 16.219  )
00000547: 15.9621   (Y': 16.5888   Cb: 13.9403   Cr: 16.2095 )
00000548: 15.9643   (Y': 16.6022   Cb: 13.9472   Cr: 16.1632 )
00000549: 15.9819   (Y': 16.5888   Cb: 14.0021   Cr: 16.2314 )
00000550: 15.9997   (Y': 16.6073   Cb: 13.9725   Cr: 16.3276 )
00000551: 16.0002   (Y': 16.5944   Cb: 14.026    Cr: 16.2876 )
00000552: 15.9832   (Y': 16.6189   Cb: 13.956    Cr: 16.207  )
00000553: 15.9866   (Y': 16.6102   Cb: 13.9697   Cr: 16.237  )
00000554: 15.9604   (Y': 16.564    Cb: 13.9991   Cr: 16.1918 )
00000555: 15.9996   (Y': 16.615    Cb: 14.0225   Cr: 16.2135 )
00000556: 15.9543   (Y': 16.5648   Cb: 13.9431   Cr: 16.2433 )
00000557: 15.9562   (Y': 16.6203   Cb: 13.8892   Cr: 16.1441 )
00000558: 15.963    (Y': 16.588    Cb: 13.9766   Cr: 16.1576 )
00000559: 15.9387   (Y': 16.5662   Cb: 13.9067   Cr: 16.2003 )
00000561: 15.9999   (Y': 16.6494   Cb: 13.9679   Cr: 16.1819 )
00000560: 15.9512   (Y': 16.5635   Cb: 13.9314   Cr: 16.2485 )
00000562: 15.9677   (Y': 16.5692   Cb: 13.974    Cr: 16.2609 )
00000563: 15.9662   (Y': 16.611    Cb: 13.9444   Cr: 16.1477 )
00000564: 15.9527   (Y': 16.5716   Cb: 13.9587   Cr: 16.1819 )
00000565: 15.9615   (Y': 16.6016   Cb: 13.9495   Cr: 16.144  )
00000566: 15.9738   (Y': 16.5887   Cb: 13.9792   Cr: 16.2188 )
00000567: 15.9593   (Y': 16.5731   Cb: 13.9768   Cr: 16.1885 )
00000568: 15.9605   (Y': 16.568    Cb: 13.9648   Cr: 16.2347 )
00000569: 15.9623   (Y': 16.5944   Cb: 13.9382   Cr: 16.1941 )
00000570: 15.9747   (Y': 16.6096   Cb: 13.9828   Cr: 16.1424 )
00000571: 15.9484   (Y': 16.5804   Cb: 13.9389   Cr: 16.1559 )
00000572: 15.9758   (Y': 16.6023   Cb: 14.0205   Cr: 16.114  )
00000573: 15.9851   (Y': 16.6287   Cb: 13.9684   Cr: 16.1622 )
00000574: 15.9632   (Y': 16.6149   Cb: 13.9209   Cr: 16.1543 )
00000575: 15.9723   (Y': 16.5972   Cb: 13.9592   Cr: 16.2117 )
00000576: 15.9589   (Y': 16.5971   Cb: 13.939    Cr: 16.1613 )
00000577: 15.9969   (Y': 16.6215   Cb: 14.0199   Cr: 16.1778 )
00000578: 16.0001   (Y': 16.6231   Cb: 13.9855   Cr: 16.2492 )
00000579: 15.9791   (Y': 16.611    Cb: 13.9492   Cr: 16.2214 )
00000580: 15.9421   (Y': 16.5672   Cb: 13.941    Cr: 16.1605 )
00000581: 15.9455   (Y': 16.5584   Cb: 13.9514   Cr: 16.1968 )
00000582: 15.9721   (Y': 16.6125   Cb: 13.9224   Cr: 16.2166 )
00000583: 15.9698   (Y': 16.6022   Cb: 13.9914   Cr: 16.1245 )
00000584: 15.9594   (Y': 16.5799   Cb: 13.9503   Cr: 16.2084 )
00000585: 15.9864   (Y': 16.6115   Cb: 13.9421   Cr: 16.2783 )
00000586: 15.9354   (Y': 16.5648   Cb: 13.9041   Cr: 16.1887 )
00000587: 16.0001   (Y': 16.6532   Cb: 13.9298   Cr: 16.2332 )
00000588: 15.9402   (Y': 16.5513   Cb: 13.9385   Cr: 16.2109 )
00000589: 15.98     (Y': 16.6204   Cb: 13.9581   Cr: 16.1781 )
00000590: 15.9829   (Y': 16.6062   Cb: 13.9679   Cr: 16.2312 )
00000591: 15.9476   (Y': 16.5804   Cb: 13.9406   Cr: 16.1479 )
00000592: 15.9471   (Y': 16.5604   Cb: 13.9577   Cr: 16.1894 )
00000593: 15.9734   (Y': 16.6073   Cb: 13.968    Cr: 16.1669 )
00000594: 15.9802   (Y': 16.6268   Cb: 13.9296   Cr: 16.2038 )
00000595: 15.9825   (Y': 16.6485   Cb: 13.9479   Cr: 16.1097 )
00000596: 15.921    (Y': 16.5385   Cb: 13.8935   Cr: 16.2121 )
00000597: 15.9811   (Y': 16.6173   Cb: 13.9562   Cr: 16.1991 )
00000598: 15.9797   (Y': 16.6009   Cb: 13.971    Cr: 16.2253 )
00000599: 15.9894   (Y': 16.6079   Cb: 13.9781   Cr: 16.2493 )
00000600: 15.99     (Y': 16.6295   Cb: 13.9399   Cr: 16.2381 )
00000601: 15.9776   (Y': 16.6038   Cb: 13.9949   Cr: 16.1616 )
00000602: 15.9561   (Y': 16.5839   Cb: 13.9057   Cr: 16.2478 )
00000604: 15.977    (Y': 16.579    Cb: 13.9865   Cr: 16.2625 )
00000603: 15.9628   (Y': 16.603    Cb: 13.9362   Cr: 16.1688 )
00000606: 15.959    (Y': 16.5885   Cb: 13.9241   Cr: 16.2187 )
00000605: 15.9681   (Y': 16.6052   Cb: 13.9184   Cr: 16.2245 )
00000607: 15.9572   (Y': 16.59     Cb: 13.915    Cr: 16.2168 )
00000608: 15.9586   (Y': 16.5779   Cb: 13.9459   Cr: 16.218  )
00000609: 15.9589   (Y': 16.5969   Cb: 13.9291   Cr: 16.1789 )
00000610: 15.9787   (Y': 16.6128   Cb: 13.9799   Cr: 16.161  )
00000612: 15.9891   (Y': 16.6112   Cb: 13.9702   Cr: 16.2484 )
00000611: 15.9929   (Y': 16.6219   Cb: 13.9492   Cr: 16.2693 )
00000614: 15.9802   (Y': 16.6102   Cb: 13.9444   Cr: 16.2394 )
00000613: 16.0061   (Y': 16.6528   Cb: 13.9661   Cr: 16.2114 )
00000615: 15.9852   (Y': 16.6004   Cb: 13.9737   Cr: 16.2573 )
00000616: 15.9927   (Y': 16.6264   Cb: 13.9451   Cr: 16.258  )
00000617: 15.9853   (Y': 16.5979   Cb: 13.9611   Cr: 16.2886 )
00000618: 15.9751   (Y': 16.5919   Cb: 13.9692   Cr: 16.2319 )
00000620: 16.013    (Y': 16.6083   Cb: 14.0299   Cr: 16.3117 )
00000619: 15.9701   (Y': 16.6272   Cb: 13.9469   Cr: 16.1105 )
00000621: 15.9786   (Y': 16.5846   Cb: 13.9778   Cr: 16.2672 )
00000622: 16.0173   (Y': 16.6276   Cb: 14.0621   Cr: 16.2137 )
00000623: 15.9818   (Y': 16.585    Cb: 13.9776   Cr: 16.2863 )
00000624: 15.9655   (Y': 16.5955   Cb: 13.9089   Cr: 16.2602 )
00000626: 15.9658   (Y': 16.5353   Cb: 14.0229   Cr: 16.2931 )
00000625: 15.957    (Y': 16.5853   Cb: 13.9229   Cr: 16.2194 )
00000627: 15.9838   (Y': 16.5957   Cb: 13.9549   Cr: 16.298  )
00000628: 15.9913   (Y': 16.6029   Cb: 14.0015   Cr: 16.2399 )
00000629: 15.9654   (Y': 16.5768   Cb: 13.9774   Cr: 16.2125 )
00000630: 15.9484   (Y': 16.5604   Cb: 13.9449   Cr: 16.2186 )
00000631: 15.9854   (Y': 16.5818   Cb: 13.9757   Cr: 16.3252 )
00000632: 15.9814   (Y': 16.5778   Cb: 13.9498   Cr: 16.359  )
00000633: 15.9871   (Y': 16.597    Cb: 13.9839   Cr: 16.2648 )
00000634: 15.9733   (Y': 16.5629   Cb: 13.984    Cr: 16.3034 )
00000635: 15.9654   (Y': 16.5664   Cb: 13.9461   Cr: 16.3042 )
00000636: 15.9982   (Y': 16.5858   Cb: 14.0429   Cr: 16.2788 )
00000637: 15.9645   (Y': 16.5614   Cb: 13.9907   Cr: 16.2409 )
00000638: 15.9753   (Y': 16.5759   Cb: 13.9523   Cr: 16.3214 )
00000639: 15.9386   (Y': 16.51     Cb: 14.0077   Cr: 16.2385 )
00000640: 15.9444   (Y': 16.5427   Cb: 13.9895   Cr: 16.1845 )
00000641: 15.9624   (Y': 16.5612   Cb: 13.9927   Cr: 16.225  )
00000642: 15.9601   (Y': 16.5553   Cb: 13.9552   Cr: 16.2956 )
00000643: 15.9599   (Y': 16.5499   Cb: 13.9819   Cr: 16.2696 )
00000644: 15.9721   (Y': 16.5467   Cb: 14.0097   Cr: 16.3131 )
00000645: 15.9489   (Y': 16.5315   Cb: 13.9729   Cr: 16.2829 )
00000646: 15.9523   (Y': 16.5631   Cb: 13.9357   Cr: 16.2498 )
00000647: 15.9798   (Y': 16.58     Cb: 14.0133   Cr: 16.2318 )
00000648: 15.9496   (Y': 16.5319   Cb: 13.9938   Cr: 16.2503 )
00000649: 15.946    (Y': 16.5489   Cb: 13.9464   Cr: 16.2436 )
00000650: 15.9475   (Y': 16.5552   Cb: 13.9358   Cr: 16.2479 )
00000651: 15.9854   (Y': 16.587    Cb: 13.9973   Cr: 16.2686 )
00000652: 15.9511   (Y': 16.5212   Cb: 14.0129   Cr: 16.268  )
00000653: 15.9736   (Y': 16.5583   Cb: 13.9938   Cr: 16.3064 )
00000654: 16.0001   (Y': 16.5848   Cb: 14.0185   Cr: 16.3357 )
00000655: 15.9741   (Y': 16.5671   Cb: 13.9988   Cr: 16.2674 )
00000656: 15.9571   (Y': 16.5586   Cb: 13.9687   Cr: 16.241  )
00000657: 15.9342   (Y': 16.5504   Cb: 13.9089   Cr: 16.2263 )
00000658: 15.9553   (Y': 16.5251   Cb: 13.9998   Cr: 16.3028 )
00000659: 15.9314   (Y': 16.5219   Cb: 13.9566   Cr: 16.2338 )
00000660: 15.9677   (Y': 16.5869   Cb: 13.9122   Cr: 16.3005 )
00000661: 15.9593   (Y': 16.5442   Cb: 13.9998   Cr: 16.2568 )
00000662: 15.9486   (Y': 16.5531   Cb: 13.9558   Cr: 16.2288 )
00000663: 15.9728   (Y': 16.5982   Cb: 13.9418   Cr: 16.2407 )
00000664: 15.956    (Y': 16.5877   Cb: 13.9641   Cr: 16.1356 )
00000665: 15.9615   (Y': 16.5882   Cb: 13.9312   Cr: 16.2231 )
00000666: 15.9199   (Y': 16.5422   Cb: 13.9091   Cr: 16.165  )
00000667: 15.9502   (Y': 16.5234   Cb: 13.9904   Cr: 16.2924 )
00000668: 15.9661   (Y': 16.5874   Cb: 13.9179   Cr: 16.2785 )
00000669: 15.9352   (Y': 16.5317   Cb: 13.9361   Cr: 16.2561 )
00000670: 15.9645   (Y': 16.5789   Cb: 13.9311   Cr: 16.2771 )
00000671: 15.9658   (Y': 16.5887   Cb: 13.9352   Cr: 16.2421 )
00000672: 15.9584   (Y': 16.5534   Cb: 13.961    Cr: 16.2818 )
00000673: 15.9634   (Y': 16.5883   Cb: 13.9375   Cr: 16.2243 )
00000674: 15.9368   (Y': 16.5537   Cb: 13.9442   Cr: 16.1712 )
00000675: 15.9605   (Y': 16.5991   Cb: 13.9103   Cr: 16.2126 )
00000676: 15.9705   (Y': 16.5512   Cb: 14.0115   Cr: 16.2825 )
00000677: 15.9392   (Y': 16.5523   Cb: 13.9119   Cr: 16.2466 )
00000678: 15.9829   (Y': 16.5817   Cb: 13.9737   Cr: 16.3123 )
00000679: 15.9631   (Y': 16.553    Cb: 13.9981   Cr: 16.251  )
00000680: 15.962    (Y': 16.5678   Cb: 13.9578   Cr: 16.257  )
00000681: 15.999    (Y': 16.6022   Cb: 14.0031   Cr: 16.2892 )
00000682: 15.9822   (Y': 16.6069   Cb: 13.9566   Cr: 16.243  )
00000683: 15.9669   (Y': 16.5622   Cb: 13.9759   Cr: 16.2787 )
00000684: 15.9507   (Y': 16.5483   Cb: 14.0167   Cr: 16.1586 )
00000685: 15.9689   (Y': 16.5607   Cb: 13.9646   Cr: 16.3168 )
00000686: 15.9408   (Y': 16.5152   Cb: 13.9494   Cr: 16.3325 )
00000687: 15.9976   (Y': 16.5871   Cb: 14.0325   Cr: 16.2868 )
00000688: 15.9665   (Y': 16.5728   Cb: 13.935    Cr: 16.3062 )
00000690: 15.9226   (Y': 16.5389   Cb: 13.8853   Cr: 16.235  )
00000689: 15.9415   (Y': 16.5133   Cb: 13.9907   Cr: 16.2736 )
00000691: 15.9508   (Y': 16.5557   Cb: 13.9486   Cr: 16.2453 )
00000692: 15.9259   (Y': 16.5088   Cb: 13.9495   Cr: 16.2591 )
00000693: 15.9665   (Y': 16.5682   Cb: 13.975    Cr: 16.2548 )
00000694: 15.9718   (Y': 16.5933   Cb: 13.9495   Cr: 16.2393 )
00000695: 15.9321   (Y': 16.5178   Cb: 13.9771   Cr: 16.2188 )
00000696: 15.9485   (Y': 16.5435   Cb: 13.9663   Cr: 16.2463 )
00000698: 15.9578   (Y': 16.5522   Cb: 13.952    Cr: 16.2979 )
00000697: 15.9306   (Y': 16.5433   Cb: 13.8879   Cr: 16.2653 )
00000699: 15.9279   (Y': 16.5114   Cb: 13.9028   Cr: 16.3427 )
00000700: 15.934    (Y': 16.5482   Cb: 13.8806   Cr: 16.2821 )
00000701: 15.9837   (Y': 16.5393   Cb: 14.0577   Cr: 16.3351 )
00000702: 15.947    (Y': 16.5245   Cb: 14.0191   Cr: 16.219  )
00000703: 15.9434   (Y': 16.5119   Cb: 14.0035   Cr: 16.2693 )
00000704: 15.9528   (Y': 16.5164   Cb: 14.0382   Cr: 16.2553 )
00000705: 15.9537   (Y': 16.5338   Cb: 13.9927   Cr: 16.2715 )
00000706: 15.9345   (Y': 16.512    Cb: 13.9597   Cr: 16.2855 )
00000707: 15.95     (Y': 16.5417   Cb: 13.9425   Cr: 16.3036 )
00000708: 15.9351   (Y': 16.5482   Cb: 13.9074   Cr: 16.243  )
00000709: 15.9242   (Y': 16.4849   Cb: 13.9736   Cr: 16.2982 )
00000710: 15.9445   (Y': 16.5509   Cb: 13.9182   Cr: 16.2747 )
00000711: 15.9483   (Y': 16.5256   Cb: 13.9619   Cr: 16.3205 )
00000712: 15.9044   (Y': 16.463    Cb: 13.9574   Cr: 16.2804 )
00000713: 15.9158   (Y': 16.5225   Cb: 13.905    Cr: 16.2183 )
00000714: 15.9365   (Y': 16.5209   Cb: 13.9742   Cr: 16.2405 )
00000715: 15.9264   (Y': 16.5136   Cb: 13.9357   Cr: 16.2677 )
00000716: 15.955    (Y': 16.5493   Cb: 13.9594   Cr: 16.2782 )
00000717: 15.9174   (Y': 16.5417   Cb: 13.8306   Cr: 16.2858 )
00000718: 15.9352   (Y': 16.5244   Cb: 13.9516   Cr: 16.257  )
00000719: 15.9429   (Y': 16.5342   Cb: 13.9143   Cr: 16.3345 )
00000720: 15.8996   (Y': 16.4871   Cb: 13.8949   Cr: 16.2642 )
00000721: 15.9367   (Y': 16.5163   Cb: 13.9227   Cr: 16.3477 )
00000722: 15.9428   (Y': 16.5314   Cb: 13.9776   Cr: 16.2362 )
00000723: 15.945    (Y': 16.5403   Cb: 13.9718   Cr: 16.2265 )
00000724: 15.9223   (Y': 16.526    Cb: 13.897    Cr: 16.2612 )
00000725: 15.921    (Y': 16.5016   Cb: 13.9326   Cr: 16.2834 )
00000726: 15.9588   (Y': 16.5532   Cb: 13.9508   Cr: 16.3029 )
00000727: 15.928    (Y': 16.5184   Cb: 13.9307   Cr: 16.2687 )
00000728: 15.9532   (Y': 16.5416   Cb: 13.9598   Cr: 16.2948 )
00000729: 15.929    (Y': 16.5211   Cb: 13.9188   Cr: 16.2856 )
00000730: 15.9243   (Y': 16.5388   Cb: 13.9246   Cr: 16.1792 )
00000731: 15.9331   (Y': 16.518    Cb: 13.9399   Cr: 16.288  )
00000732: 15.9403   (Y': 16.5306   Cb: 13.915    Cr: 16.33   )
00000733: 15.9544   (Y': 16.5411   Cb: 13.963    Cr: 16.299  )
00000734: 15.9564   (Y': 16.5397   Cb: 13.9612   Cr: 16.3204 )
00000735: 15.9466   (Y': 16.5134   Cb: 13.9745   Cr: 16.3344 )
00000736: 15.9385   (Y': 16.5404   Cb: 13.9227   Cr: 16.2678 )
00000737: 15.922    (Y': 16.5157   Cb: 13.938    Cr: 16.2277 )
00000738: 15.9134   (Y': 16.4944   Cb: 13.9431   Cr: 16.2434 )
00000739: 15.9669   (Y': 16.5502   Cb: 13.9608   Cr: 16.3499 )
00000740: 15.9341   (Y': 16.5156   Cb: 13.9505   Cr: 16.2855 )
00000741: 15.9054   (Y': 16.4927   Cb: 13.8849   Cr: 16.2983 )
00000742: 15.9468   (Y': 16.5457   Cb: 13.9178   Cr: 16.3098 )
00000743: 15.9516   (Y': 16.5428   Cb: 13.9225   Cr: 16.3443 )
00000744: 15.9064   (Y': 16.4957   Cb: 13.9033   Cr: 16.2617 )
00000745: 15.965    (Y': 16.5495   Cb: 13.9657   Cr: 16.3315 )
00000746: 15.9689   (Y': 16.5599   Cb: 13.9439   Cr: 16.3549 )
00000747: 15.9418   (Y': 16.5463   Cb: 13.9405   Cr: 16.2363 )
00000748: 15.9412   (Y': 16.5206   Cb: 13.9598   Cr: 16.2965 )
00000749: 15.9335   (Y': 16.5083   Cb: 13.9744   Cr: 16.2678 )
00000750: 15.9535   (Y': 16.5522   Cb: 13.9422   Cr: 16.2867 )
00000751: 15.9547   (Y': 16.4951   Cb: 14.0157   Cr: 16.3872 )
00000752: 15.9149   (Y': 16.5052   Cb: 13.9037   Cr: 16.2802 )
00000753: 15.9565   (Y': 16.5541   Cb: 13.9396   Cr: 16.3035 )
00000754: 15.9341   (Y': 16.5079   Cb: 13.9275   Cr: 16.3544 )
00000755: 15.9355   (Y': 16.528    Cb: 13.9176   Cr: 16.3037 )
00000756: 15.9527   (Y': 16.5288   Cb: 13.9733   Cr: 16.3174 )
00000757: 15.938    (Y': 16.5023   Cb: 13.9947   Cr: 16.2855 )
00000758: 15.9847   (Y': 16.5545   Cb: 13.9986   Cr: 16.3851 )
00000759: 15.8873   (Y': 16.4593   Cb: 13.933    Cr: 16.2243 )
00000760: 15.9172   (Y': 16.5152   Cb: 13.8939   Cr: 16.2739 )
00000761: 15.9341   (Y': 16.5352   Cb: 13.9457   Cr: 16.2195 )
00000762: 15.9411   (Y': 16.5278   Cb: 13.9562   Cr: 16.2748 )
00000763: 15.9277   (Y': 16.5228   Cb: 13.9393   Cr: 16.2358 )
00000764: 15.9331   (Y': 16.5262   Cb: 13.9369   Cr: 16.2619 )
00000765: 15.9577   (Y': 16.5662   Cb: 13.8988   Cr: 16.3371 )
00000766: 15.95     (Y': 16.5463   Cb: 13.9322   Cr: 16.3036 )
00000767: 15.921    (Y': 16.5054   Cb: 13.9104   Cr: 16.3079 )
00000768: 15.9449   (Y': 16.5012   Cb: 13.9839   Cr: 16.3533 )
00000769: 15.941    (Y': 16.5136   Cb: 13.9528   Cr: 16.3341 )
00000770: 15.9609   (Y': 16.5528   Cb: 13.9564   Cr: 16.3083 )
00000771: 15.9296   (Y': 16.5129   Cb: 13.9119   Cr: 16.3329 )
00000772: 15.942    (Y': 16.5395   Cb: 13.9186   Cr: 16.3009 )
00000773: 15.952    (Y': 16.533    Cb: 13.957    Cr: 16.3246 )
00000774: 15.9201   (Y': 16.5191   Cb: 13.9419   Cr: 16.1965 )
00000775: 15.9551   (Y': 16.5141   Cb: 13.9937   Cr: 16.3542 )
00000776: 15.9364   (Y': 16.5173   Cb: 13.9287   Cr: 16.3314 )
00000777: 15.9481   (Y': 16.5384   Cb: 13.9527   Cr: 16.2862 )
00000778: 15.9163   (Y': 16.495    Cb: 13.9583   Cr: 16.2341 )
00000779: 15.9189   (Y': 16.5015   Cb: 13.9064   Cr: 16.3156 )
00000780: 15.9397   (Y': 16.513    Cb: 13.9534   Cr: 16.3266 )
00000781: 15.9445   (Y': 16.5431   Cb: 13.897    Cr: 16.3411 )
00000782: 15.938    (Y': 16.5146   Cb: 13.9358   Cr: 16.3399 )
00000783: 15.9537   (Y': 16.5565   Cb: 13.9877   Cr: 16.1955 )
00000784: 15.9157   (Y': 16.5154   Cb: 13.9224   Cr: 16.215  )
00000785: 15.9672   (Y': 16.5638   Cb: 13.9542   Cr: 16.3115 )
00000786: 15.9562   (Y': 16.5417   Cb: 13.9504   Cr: 16.3302 )
00000787: 15.9552   (Y': 16.5342   Cb: 14.0238   Cr: 16.2272 )
00000788: 15.9256   (Y': 16.486    Cb: 13.9729   Cr: 16.3045 )
00000789: 15.9415   (Y': 16.5224   Cb: 13.9519   Cr: 16.3051 )
00000790: 15.9403   (Y': 16.5571   Cb: 13.9528   Cr: 16.1664 )
00000791: 15.9451   (Y': 16.5296   Cb: 13.9126   Cr: 16.3697 )
00000792: 15.9634   (Y': 16.543    Cb: 13.9936   Cr: 16.298  )
00000793: 15.937    (Y': 16.5222   Cb: 13.9647   Cr: 16.2544 )
00000794: 15.956    (Y': 16.5577   Cb: 13.9641   Cr: 16.2453 )
00000795: 15.9531   (Y': 16.5517   Cb: 13.946    Cr: 16.2797 )
00000796: 15.9386   (Y': 16.5174   Cb: 13.9763   Cr: 16.2633 )
00000797: 15.9497   (Y': 16.5284   Cb: 13.9778   Cr: 16.2916 )
00000798: 15.9406   (Y': 16.5321   Cb: 13.9459   Cr: 16.273  )
00000799: 15.9183   (Y': 16.4839   Cb: 13.9453   Cr: 16.3118 )
00000800: 15.9345   (Y': 16.4951   Cb: 13.9683   Cr: 16.3353 )
00000801: 15.9131   (Y': 16.5052   Cb: 13.9355   Cr: 16.2141 )
00000802: 15.9287   (Y': 16.503    Cb: 13.9539   Cr: 16.2919 )
00000803: 15.9317   (Y': 16.5325   Cb: 13.8624   Cr: 16.3586 )
00000804: 15.9526   (Y': 16.5591   Cb: 13.9187   Cr: 16.296  )
00000805: 15.9215   (Y': 16.519    Cb: 13.9409   Cr: 16.2069 )
00000806: 15.9271   (Y': 16.5201   Cb: 13.9007   Cr: 16.3081 )
00000807: 15.9529   (Y': 16.5374   Cb: 13.9625   Cr: 16.3041 )
00000808: 15.9488   (Y': 16.5569   Cb: 13.9533   Cr: 16.2203 )
00000809: 15.9362   (Y': 16.5113   Cb: 13.9351   Cr: 16.3421 )
00000810: 15.9229   (Y': 16.5278   Cb: 13.9251   Cr: 16.2099 )
00000811: 15.939    (Y': 16.552    Cb: 13.9252   Cr: 16.2234 )
00000812: 15.914    (Y': 16.4821   Cb: 13.9588   Cr: 16.2672 )
00000813: 15.9634   (Y': 16.5179   Cb: 14.0098   Cr: 16.3664 )
00000814: 15.9474   (Y': 16.5554   Cb: 13.9243   Cr: 16.2661 )
00000815: 15.9803   (Y': 16.5873   Cb: 13.964    Cr: 16.2912 )
00000816: 15.9506   (Y': 16.5513   Cb: 13.9674   Cr: 16.2287 )
00000817: 15.9654   (Y': 16.5601   Cb: 13.9525   Cr: 16.3168 )
00000818: 15.9702   (Y': 16.5799   Cb: 13.9506   Cr: 16.2768 )
00000819: 15.9575   (Y': 16.5461   Cb: 13.9904   Cr: 16.2537 )
00000820: 15.9411   (Y': 16.5497   Cb: 13.9438   Cr: 16.2141 )
00000822: 15.9047   (Y': 16.5022   Cb: 13.935    Cr: 16.1721 )
00000821: 15.9009   (Y': 16.494    Cb: 13.928    Cr: 16.1904 )
00000823: 15.9532   (Y': 16.55     Cb: 13.9801   Cr: 16.2288 )
00000824: 15.9702   (Y': 16.5479   Cb: 13.9859   Cr: 16.3366 )
00000825: 15.9778   (Y': 16.5566   Cb: 14.0426   Cr: 16.2572 )
00000826: 15.9416   (Y': 16.5445   Cb: 13.927    Cr: 16.2647 )
00000827: 15.9681   (Y': 16.5566   Cb: 13.9951   Cr: 16.2748 )
00000828: 15.9539   (Y': 16.5295   Cb: 13.9733   Cr: 16.3223 )
00000829: 15.9478   (Y': 16.5481   Cb: 13.9246   Cr: 16.2956 )
00000830: 15.9864   (Y': 16.5517   Cb: 14.0455   Cr: 16.3263 )
00000831: 15.9745   (Y': 16.5491   Cb: 14.0168   Cr: 16.3073 )
00000832: 15.9501   (Y': 16.5117   Cb: 14.0383   Cr: 16.2553 )
00000833: 15.9483   (Y': 16.5282   Cb: 13.952    Cr: 16.3275 )
00000834: 15.9335   (Y': 16.5288   Cb: 13.9791   Cr: 16.1838 )
00000835: 15.9332   (Y': 16.5336   Cb: 13.9555   Cr: 16.2031 )
00000836: 15.9345   (Y': 16.5291   Cb: 13.9688   Cr: 16.2058 )
00000837: 15.9163   (Y': 16.4793   Cb: 13.9773   Cr: 16.262  )
00000838: 15.9443   (Y': 16.5433   Cb: 13.9582   Cr: 16.2337 )
00000839: 15.9635   (Y': 16.5534   Cb: 13.9483   Cr: 16.3371 )
00000840: 15.9515   (Y': 16.5414   Cb: 13.9788   Cr: 16.2523 )
00000841: 15.9483   (Y': 16.5644   Cb: 13.9665   Cr: 16.1677 )
00000842: 15.9557   (Y': 16.5738   Cb: 13.951    Cr: 16.2059 )
00000843: 15.9362   (Y': 16.5265   Cb: 13.9796   Cr: 16.2087 )
00000844: 15.9531   (Y': 16.5674   Cb: 13.9166   Cr: 16.2713 )
00000845: 15.9581   (Y': 16.5497   Cb: 13.9504   Cr: 16.3125 )
00000846: 15.953    (Y': 16.5096   Cb: 13.9916   Cr: 16.3612 )
00000847: 15.9732   (Y': 16.5618   Cb: 13.993    Cr: 16.2919 )
00000848: 15.9364   (Y': 16.5001   Cb: 14.0016   Cr: 16.2723 )
00000849: 15.9283   (Y': 16.5172   Cb: 13.9395   Cr: 16.2599 )
00000850: 15.972    (Y': 16.5779   Cb: 13.8947   Cr: 16.3932 )
00000851: 15.9155   (Y': 16.4801   Cb: 13.9628   Cr: 16.2779 )
00000852: 15.9159   (Y': 16.5087   Cb: 13.9079   Cr: 16.2661 )
00000853: 15.9213   (Y': 16.5159   Cb: 13.9184   Cr: 16.2561 )
00000854: 15.9019   (Y': 16.479    Cb: 13.9056   Cr: 16.2917 )
00000855: 15.937    (Y': 16.5092   Cb: 13.9957   Cr: 16.2511 )
00000856: 15.9448   (Y': 16.5425   Cb: 13.9071   Cr: 16.3279 )
00000857: 15.9514   (Y': 16.5345   Cb: 13.9692   Cr: 16.294  )
00000858: 15.9332   (Y': 16.5356   Cb: 13.9119   Cr: 16.2699 )
00000859: 15.9437   (Y': 16.545    Cb: 13.9702   Cr: 16.2034 )
00000860: 15.9441   (Y': 16.5456   Cb: 13.9603   Cr: 16.2202 )
00000861: 15.9332   (Y': 16.5254   Cb: 13.9455   Cr: 16.2513 )
00000862: 15.9396   (Y': 16.5283   Cb: 13.9487   Cr: 16.276  )
00000863: 15.9473   (Y': 16.5321   Cb: 13.9482   Cr: 16.3126 )
00000864: 15.9591   (Y': 16.5646   Cb: 13.9235   Cr: 16.3086 )
00000865: 15.9433   (Y': 16.5272   Cb: 13.9648   Cr: 16.2768 )
00000866: 15.9491   (Y': 16.5452   Cb: 13.921    Cr: 16.3217 )
00000867: 15.9581   (Y': 16.5442   Cb: 13.9787   Cr: 16.2845 )
00000868: 15.9584   (Y': 16.5917   Cb: 13.9121   Cr: 16.2231 )
00000869: 15.9912   (Y': 16.5953   Cb: 13.9661   Cr: 16.3284 )
00000870: 16.0098   (Y': 16.6052   Cb: 14.0161   Cr: 16.3256 )
00000871: 15.9966   (Y': 16.6195   Cb: 13.9834   Cr: 16.2433 )
00000872: 15.9751   (Y': 16.6143   Cb: 13.8855   Cr: 16.2923 )
00000873: 15.9928   (Y': 16.6127   Cb: 13.9454   Cr: 16.3094 )
00000874: 16.0114   (Y': 16.6577   Cb: 13.9724   Cr: 16.2168 )
00000875: 16.012    (Y': 16.6215   Cb: 13.9959   Cr: 16.313  )
00000876: 15.9983   (Y': 16.6623   Cb: 13.9039   Cr: 16.2327 )
00000877: 15.9905   (Y': 16.638    Cb: 13.8821   Cr: 16.3102 )
00000878: 16.0186   (Y': 16.6772   Cb: 13.9197   Cr: 16.2807 )
00000879: 15.9969   (Y': 16.6222   Cb: 13.9499   Cr: 16.2925 )
00000880: 15.9978   (Y': 16.6279   Cb: 13.9038   Cr: 16.357  )
00000881: 15.9753   (Y': 16.582    Cb: 13.9111   Cr: 16.3705 )
00000882: 15.9774   (Y': 16.6078   Cb: 13.9118   Cr: 16.2861 )
00000883: 15.9978   (Y': 16.6348   Cb: 13.9096   Cr: 16.3211 )
00000884: 16.0196   (Y': 16.6917   Cb: 13.8831   Cr: 16.2976 )
00000885: 16.031    (Y': 16.6997   Cb: 13.9062   Cr: 16.3012 )
00000886: 16.013    (Y': 16.6969   Cb: 13.8474   Cr: 16.299  )
00000887: 16.0364   (Y': 16.7369   Cb: 13.9066   Cr: 16.2007 )
00000888: 16.0228   (Y': 16.6948   Cb: 13.9074   Cr: 16.2642 )
00000889: 16.0302   (Y': 16.7028   Cb: 13.9155   Cr: 16.2688 )
00000890: 16.0217   (Y': 16.697    Cb: 13.9086   Cr: 16.2474 )
00000891: 16.0496   (Y': 16.6997   Cb: 13.9737   Cr: 16.3032 )
00000892: 16.0273   (Y': 16.7074   Cb: 13.919    Cr: 16.2279 )
00000893: 16.0095   (Y': 16.673    Cb: 13.8982   Cr: 16.275  )
00000894: 15.9951   (Y': 16.6561   Cb: 13.9016   Cr: 16.2391 )
00000895: 15.9965   (Y': 16.6731   Cb: 13.8665   Cr: 16.2468 )
00000896: 16.0161   (Y': 16.6844   Cb: 13.9279   Cr: 16.2244 )
00000897: 16.0288   (Y': 16.7059   Cb: 13.9174   Cr: 16.2454 )
00000898: 15.9969   (Y': 16.6572   Cb: 13.8927   Cr: 16.2616 )
00000899: 15.9767   (Y': 16.6687   Cb: 13.887    Cr: 16.1032 )
00000900: 15.9885   (Y': 16.6744   Cb: 13.892    Cr: 16.1485 )
00000901: 15.9948   (Y': 16.6476   Cb: 13.9299   Cr: 16.2198 )
00000902: 16.0023   (Y': 16.6738   Cb: 13.9125   Cr: 16.2022 )
00000903: 15.9955   (Y': 16.639    Cb: 13.9646   Cr: 16.1972 )
00000904: 16.0108   (Y': 16.6953   Cb: 13.9163   Cr: 16.1722 )
00000905: 15.9719   (Y': 16.6415   Cb: 13.8929   Cr: 16.1608 )
00000906: 15.9726   (Y': 16.6387   Cb: 13.941    Cr: 16.0944 )
00000907: 15.9523   (Y': 16.622    Cb: 13.8808   Cr: 16.1278 )
00000908: 15.9714   (Y': 16.6101   Cb: 13.9189   Cr: 16.2268 )
00000909: 15.9691   (Y': 16.6085   Cb: 13.9396   Cr: 16.1832 )
00000910: 15.9972   (Y': 16.6587   Cb: 13.9338   Cr: 16.1885 )
00000911: 15.9957   (Y': 16.6541   Cb: 13.9427   Cr: 16.1807 )
00000912: 16.0003   (Y': 16.6759   Cb: 13.9243   Cr: 16.1626 )
00000913: 15.978    (Y': 16.6298   Cb: 13.8925   Cr: 16.2421 )
00000914: 15.9705   (Y': 16.6539   Cb: 13.8645   Cr: 16.1552 )
00000915: 15.9529   (Y': 16.6319   Cb: 13.8561   Cr: 16.1378 )
00000916: 16.0089   (Y': 16.661    Cb: 13.9795   Cr: 16.1773 )
00000917: 15.9751   (Y': 16.6556   Cb: 13.8944   Cr: 16.1272 )
00000918: 15.9831   (Y': 16.6391   Cb: 13.9078   Cr: 16.2142 )
00000919: 15.9603   (Y': 16.634    Cb: 13.928    Cr: 16.0568 )
00000920: 15.9652   (Y': 16.6234   Cb: 13.9269   Cr: 16.1265 )
00000921: 16.0008   (Y': 16.6549   Cb: 13.9755   Cr: 16.1546 )
00000922: 15.9966   (Y': 16.6645   Cb: 13.8891   Cr: 16.2396 )
00000923: 15.9987   (Y': 16.6337   Cb: 13.9367   Cr: 16.2839 )
00000924: 16.0122   (Y': 16.6739   Cb: 13.9213   Cr: 16.2492 )
00000925: 16.0008   (Y': 16.6376   Cb: 13.9645   Cr: 16.2356 )
00000926: 15.9892   (Y': 16.6484   Cb: 13.9432   Cr: 16.1596 )
00000927: 16.0114   (Y': 16.6448   Cb: 13.9763   Cr: 16.2567 )
00000928: 15.9683   (Y': 16.6147   Cb: 13.8726   Cr: 16.2696 )
00000929: 15.9778   (Y': 16.623    Cb: 13.9488   Cr: 16.17   )
00000930: 15.9765   (Y': 16.6055   Cb: 13.9166   Cr: 16.28   )
00000931: 15.9944   (Y': 16.6621   Cb: 13.8913   Cr: 16.2307 )
00000932: 15.9699   (Y': 16.6124   Cb: 13.9476   Cr: 16.1607 )
00000933: 15.9795   (Y': 16.6192   Cb: 13.9611   Cr: 16.1739 )
00000934: 15.979    (Y': 16.5993   Cb: 13.9489   Cr: 16.264  )
00000935: 15.9673   (Y': 16.6046   Cb: 13.9637   Cr: 16.1458 )
00000936: 15.9898   (Y': 16.6414   Cb: 13.9214   Cr: 16.225  )
00000937: 15.9922   (Y': 16.6486   Cb: 13.9319   Cr: 16.1966 )
00000938: 15.9999   (Y': 16.6497   Cb: 13.9414   Cr: 16.2253 )
00000939: 16.0089   (Y': 16.6638   Cb: 13.9617   Cr: 16.1963 )
00000940: 15.9606   (Y': 16.6153   Cb: 13.9251   Cr: 16.1296 )
00000941: 15.9789   (Y': 16.6305   Cb: 13.9157   Cr: 16.2054 )
00000942: 15.9983   (Y': 16.6398   Cb: 13.9744   Cr: 16.1957 )
00000943: 15.9937   (Y': 16.6698   Cb: 13.8923   Cr: 16.1968 )
00000944: 15.9604   (Y': 16.6184   Cb: 13.8787   Cr: 16.1951 )
00000945: 15.9717   (Y': 16.6174   Cb: 13.9307   Cr: 16.1821 )
00000947: 15.9926   (Y': 16.6342   Cb: 14.0066   Cr: 16.1265 )
00000946: 15.9989   (Y': 16.6849   Cb: 13.8893   Cr: 16.1805 )
00000948: 15.9635   (Y': 16.6206   Cb: 13.9001   Cr: 16.1702 )
00000949: 15.9749   (Y': 16.6165   Cb: 13.9271   Cr: 16.2115 )
00000950: 15.9686   (Y': 16.6224   Cb: 13.8877   Cr: 16.2176 )
00000951: 15.992    (Y': 16.6505   Cb: 13.9219   Cr: 16.2054 )
00000952: 15.9919   (Y': 16.6615   Cb: 13.9204   Cr: 16.1675 )
00000953: 15.9958   (Y': 16.6249   Cb: 13.9776   Cr: 16.2285 )
00000955: 16.0009   (Y': 16.6358   Cb: 13.9454   Cr: 16.2758 )
00000954: 15.9992   (Y': 16.6659   Cb: 13.918    Cr: 16.2021 )
00000956: 15.9911   (Y': 16.6221   Cb: 13.9319   Cr: 16.2867 )
00000957: 15.978    (Y': 16.6366   Cb: 13.8938   Cr: 16.2148 )
00000958: 15.9797   (Y': 16.6524   Cb: 13.8547   Cr: 16.2355 )
Total: 15.9617   (Y': 16.5926   Cb: 13.9218   Cr: 16.2243 )
