00000000: 31.3234   (Y': 44.3744   Cb: 26.6981   Cr: 26.6981 )
00000001: 15.1275   (Y': 15.4412   Cb: 14.9294   Cr: 14.2213 )
00000003: 15.129    (Y': 15.423    Cb: 14.9528   Cr: 14.2643 )
00000004: 15.0961   (Y': 15.4092   Cb: 14.9277   Cr: 14.1664 )
00000002: 15.1411   (Y': 15.438    Cb: 14.9835   Cr: 14.2515 )
00000005: 15.0999   (Y': 15.419    Cb: 14.8931   Cr: 14.1847 )
00000007: 15.0961   (Y': 15.4252   Cb: 14.8985   Cr: 14.143  )
00000006: 15.0979   (Y': 15.4131   Cb: 14.8765   Cr: 14.2069 )
00000009: 15.076    (Y': 15.3952   Cb: 14.8617   Cr: 14.1668 )
00000008: 15.0839   (Y': 15.4077   Cb: 14.8804   Cr: 14.1519 )
00000010: 15.1048   (Y': 15.4185   Cb: 14.9138   Cr: 14.1927 )
00000011: 15.0971   (Y': 15.42     Cb: 14.8698   Cr: 14.1878 )
00000013: 15.0874   (Y': 15.396    Cb: 14.8927   Cr: 14.1938 )
00000014: 15.0832   (Y': 15.3893   Cb: 14.8982   Cr: 14.1886 )
00000012: 15.0947   (Y': 15.4066   Cb: 14.8755   Cr: 14.2121 )
00000015: 15.0922   (Y': 15.3705   Cb: 14.8965   Cr: 14.2922 )
00000019: 15.0833   (Y': 15.3985   Cb: 14.8677   Cr: 14.1874 )
00000016: 15.0767   (Y': 15.3802   Cb: 14.8933   Cr: 14.1891 )
00000017: 15.0832   (Y': 15.3723   Cb: 14.9094   Cr: 14.2311 )
00000018: 15.0683   (Y': 15.3756   Cb: 14.8814   Cr: 14.1719 )
00000021: 15.0635   (Y': 15.3618   Cb: 14.8843   Cr: 14.1878 )
00000020: 15.0646   (Y': 15.377    Cb: 14.8336   Cr: 14.1904 )
00000022: 15.0816   (Y': 15.3759   Cb: 14.8709   Cr: 14.2454 )
00000023: 15.0798   (Y': 15.3846   Cb: 14.8959   Cr: 14.1884 )
00000024: 15.0915   (Y': 15.3889   Cb: 14.9062   Cr: 14.2237 )
00000026: 15.0632   (Y': 15.3659   Cb: 14.8164   Cr: 14.2324 )
00000025: 15.0729   (Y': 15.3609   Cb: 14.905    Cr: 14.2193 )
00000027: 15.0882   (Y': 15.3838   Cb: 14.8973   Cr: 14.2307 )
00000028: 15.0839   (Y': 15.3582   Cb: 14.8913   Cr: 14.2942 )
00000029: 15.0695   (Y': 15.3668   Cb: 14.9037   Cr: 14.1857 )
00000030: 15.0677   (Y': 15.368    Cb: 14.9447   Cr: 14.1389 )
00000031: 15.0513   (Y': 15.322    Cb: 14.9073   Cr: 14.2304 )
00000032: 15.0692   (Y': 15.3625   Cb: 14.8862   Cr: 14.2119 )
00000034: 15.0616   (Y': 15.3481   Cb: 14.9076   Cr: 14.2008 )
00000036: 15.0923   (Y': 15.3827   Cb: 14.8934   Cr: 14.2575 )
00000033: 15.0658   (Y': 15.3473   Cb: 14.9438   Cr: 14.193  )
00000035: 15.0723   (Y': 15.3438   Cb: 14.9576   Cr: 14.2242 )
00000037: 15.0971   (Y': 15.3646   Cb: 14.91     Cr: 14.3238 )
00000038: 15.0944   (Y': 15.3905   Cb: 14.8862   Cr: 14.2503 )
00000039: 15.0482   (Y': 15.3121   Cb: 14.8841   Cr: 14.2663 )
00000040: 15.0867   (Y': 15.3607   Cb: 14.9636   Cr: 14.2378 )
00000042: 15.0596   (Y': 15.3502   Cb: 14.9071   Cr: 14.1848 )
00000041: 15.0776   (Y': 15.3613   Cb: 14.9072   Cr: 14.2392 )
00000043: 15.064    (Y': 15.3602   Cb: 14.896    Cr: 14.1854 )
00000044: 15.0879   (Y': 15.3661   Cb: 14.939    Cr: 14.2481 )
00000046: 15.0646   (Y': 15.3509   Cb: 14.8681   Cr: 14.2405 )
00000045: 15.0516   (Y': 15.3492   Cb: 14.8621   Cr: 14.1869 )
00000047: 15.0871   (Y': 15.3859   Cb: 14.9437   Cr: 14.1797 )
00000048: 15.0775   (Y': 15.355    Cb: 14.9251   Cr: 14.2429 )
00000049: 15.082    (Y': 15.3723   Cb: 14.8911   Cr: 14.2406 )
00000051: 15.0368   (Y': 15.3288   Cb: 14.8532   Cr: 14.1845 )
00000050: 15.0749   (Y': 15.3647   Cb: 14.898    Cr: 14.2232 )
00000053: 15.0485   (Y': 15.3488   Cb: 14.8658   Cr: 14.1694 )
00000052: 15.0703   (Y': 15.3791   Cb: 14.8583   Cr: 14.1907 )
00000054: 15.045    (Y': 15.3392   Cb: 14.8839   Cr: 14.1666 )
00000055: 15.101    (Y': 15.4032   Cb: 14.8558   Cr: 14.2704 )
00000056: 15.0483   (Y': 15.3536   Cb: 14.8479   Cr: 14.1695 )
00000057: 15.0759   (Y': 15.3615   Cb: 14.9239   Cr: 14.2161 )
00000059: 15.0462   (Y': 15.3362   Cb: 14.8813   Cr: 14.184  )
00000058: 15.0711   (Y': 15.3595   Cb: 14.8626   Cr: 14.2513 )
00000060: 15.0596   (Y': 15.3458   Cb: 14.9148   Cr: 14.1917 )
00000061: 15.0597   (Y': 15.3512   Cb: 14.8831   Cr: 14.2028 )
00000062: 15.0807   (Y': 15.3821   Cb: 14.8947   Cr: 14.2012 )
00000063: 15.0863   (Y': 15.3867   Cb: 14.9156   Cr: 14.1971 )
00000064: 15.0707   (Y': 15.3619   Cb: 14.8865   Cr: 14.2211 )
00000065: 15.0411   (Y': 15.3466   Cb: 14.8338   Cr: 14.1676 )
00000066: 15.0653   (Y': 15.3589   Cb: 14.8547   Cr: 14.2308 )
00000068: 15.0384   (Y': 15.334    Cb: 14.8534   Cr: 14.1759 )
00000067: 15.0417   (Y': 15.3307   Cb: 14.8272   Cr: 14.2252 )
00000070: 15.0584   (Y': 15.3619   Cb: 14.8087   Cr: 14.2275 )
00000069: 15.0415   (Y': 15.3337   Cb: 14.8731   Cr: 14.1751 )
00000071: 15.0389   (Y': 15.3524   Cb: 14.7876   Cr: 14.1791 )
00000072: 15.0791   (Y': 15.3898   Cb: 14.9041   Cr: 14.1621 )
00000073: 15.0281   (Y': 15.3337   Cb: 14.8533   Cr: 14.1266 )
00000074: 15.0373   (Y': 15.332    Cb: 14.8325   Cr: 14.1947 )
00000075: 15.0563   (Y': 15.3681   Cb: 14.8128   Cr: 14.195  )
00000076: 15.0425   (Y': 15.3562   Cb: 14.8654   Cr: 14.1185 )
00000077: 15.05     (Y': 15.3431   Cb: 14.9004   Cr: 14.1653 )
00000078: 15.0404   (Y': 15.3482   Cb: 14.8037   Cr: 14.1853 )
00000079: 15.0567   (Y': 15.3502   Cb: 14.8685   Cr: 14.2036 )
00000080: 15.0574   (Y': 15.3401   Cb: 14.8972   Cr: 14.2136 )
00000081: 15.0504   (Y': 15.3501   Cb: 14.8707   Cr: 14.171  )
00000082: 15.0366   (Y': 15.3303   Cb: 14.851    Cr: 14.1805 )
00000083: 15.0026   (Y': 15.2925   Cb: 14.8471   Cr: 14.1326 )
00000084: 15.0269   (Y': 15.3258   Cb: 14.8406   Cr: 14.1554 )
00000087: 15.0629   (Y': 15.3551   Cb: 14.8616   Cr: 14.2249 )
00000086: 15.0458   (Y': 15.3377   Cb: 14.8561   Cr: 14.1984 )
00000085: 15.0345   (Y': 15.3339   Cb: 14.8763   Cr: 14.1377 )
00000088: 15.0555   (Y': 15.3162   Cb: 14.9254   Cr: 14.2542 )
00000089: 15.035    (Y': 15.3222   Cb: 14.8607   Cr: 14.1892 )
00000090: 15.0534   (Y': 15.3555   Cb: 14.867    Cr: 14.1722 )
00000091: 15.0349   (Y': 15.3395   Cb: 14.8386   Cr: 14.1545 )
00000092: 15.044    (Y': 15.3513   Cb: 14.8277   Cr: 14.1727 )
00000094: 15.0388   (Y': 15.3429   Cb: 14.8169   Cr: 14.1819 )
00000093: 15.0607   (Y': 15.3484   Cb: 14.9036   Cr: 14.1987 )
00000095: 15.0228   (Y': 15.3051   Cb: 14.8349   Cr: 14.2038 )
00000096: 15.043    (Y': 15.3191   Cb: 14.8652   Cr: 14.2345 )
00000097: 15.074    (Y': 15.3859   Cb: 14.8562   Cr: 14.1901 )
00000098: 15.0385   (Y': 15.3271   Cb: 14.85     Cr: 14.2006 )
00000099: 15.0635   (Y': 15.367    Cb: 14.8537   Cr: 14.198  )
00000100: 15.0547   (Y': 15.3672   Cb: 14.8243   Cr: 14.1795 )
00000101: 15.0583   (Y': 15.3514   Cb: 14.8803   Cr: 14.1974 )
00000102: 15.0208   (Y': 15.3186   Cb: 14.8269   Cr: 14.1593 )
00000103: 15.0457   (Y': 15.3364   Cb: 14.8762   Cr: 14.1848 )
00000104: 15.059    (Y': 15.3612   Cb: 14.8655   Cr: 14.1836 )
00000105: 15.0471   (Y': 15.366    Cb: 14.7905   Cr: 14.1751 )
00000106: 15.0391   (Y': 15.3224   Cb: 14.878    Cr: 14.1941 )
00000107: 15.0416   (Y': 15.3388   Cb: 14.8383   Cr: 14.19   )
00000108: 15.0343   (Y': 15.3457   Cb: 14.8187   Cr: 14.1499 )
00000109: 15.0383   (Y': 15.3371   Cb: 14.8496   Cr: 14.1692 )
00000111: 15.0486   (Y': 15.3543   Cb: 14.8629   Cr: 14.1558 )
00000110: 15.0674   (Y': 15.3756   Cb: 14.8585   Cr: 14.1868 )
00000113: 15.0329   (Y': 15.311    Cb: 14.861    Cr: 14.2128 )
00000112: 15.0172   (Y': 15.2941   Cb: 14.8271   Cr: 14.2171 )
00000114: 15.0397   (Y': 15.3432   Cb: 14.8474   Cr: 14.1594 )
00000115: 15.0474   (Y': 15.3474   Cb: 14.8408   Cr: 14.1901 )
00000116: 15.0381   (Y': 15.3507   Cb: 14.8021   Cr: 14.1678 )
00000118: 15.0759   (Y': 15.372    Cb: 14.888    Cr: 14.2144 )
00000117: 15.0302   (Y': 15.3455   Cb: 14.8049   Cr: 14.1424 )
00000119: 15.0464   (Y': 15.3364   Cb: 14.8805   Cr: 14.1847 )
00000120: 15.0223   (Y': 15.3209   Cb: 14.8265   Cr: 14.16   )
00000121: 15.0382   (Y': 15.3481   Cb: 14.7882   Cr: 14.1881 )
00000122: 15.0179   (Y': 15.3369   Cb: 14.7901   Cr: 14.121  )
00000123: 15.0333   (Y': 15.3231   Cb: 14.882    Cr: 14.16   )
00000124: 15.0339   (Y': 15.3361   Cb: 14.803    Cr: 14.191  )
00000126: 15.0694   (Y': 15.3552   Cb: 14.9255   Cr: 14.2017 )
00000125: 15.0599   (Y': 15.3563   Cb: 14.8923   Cr: 14.1799 )
00000127: 15.0474   (Y': 15.3403   Cb: 14.8838   Cr: 14.1751 )
00000128: 15.0204   (Y': 15.3158   Cb: 14.8488   Cr: 14.1472 )
00000129: 15.0331   (Y': 15.3271   Cb: 14.8597   Cr: 14.1659 )
00000130: 15.0373   (Y': 15.3134   Cb: 14.8947   Cr: 14.1987 )
00000131: 15.056    (Y': 15.3832   Cb: 14.8148   Cr: 14.1459 )
00000132: 15.0675   (Y': 15.3657   Cb: 14.9082   Cr: 14.1751 )
00000133: 15.0769   (Y': 15.3894   Cb: 14.8969   Cr: 14.1588 )
00000134: 15.0246   (Y': 15.3311   Cb: 14.8461   Cr: 14.1235 )
00000135: 15.0668   (Y': 15.3621   Cb: 14.8942   Cr: 14.1947 )
00000136: 15.0489   (Y': 15.3628   Cb: 14.8339   Cr: 14.1561 )
00000137: 15.0642   (Y': 15.3409   Cb: 14.8999   Cr: 14.242  )
00000138: 15.0484   (Y': 15.354    Cb: 14.8015   Cr: 14.2085 )
00000139: 15.0325   (Y': 15.311    Cb: 14.8938   Cr: 14.1833 )
00000140: 15.0476   (Y': 15.3325   Cb: 14.8893   Cr: 14.195  )
00000141: 15.0548   (Y': 15.3486   Cb: 14.8919   Cr: 14.1789 )
00000142: 15.0227   (Y': 15.3052   Cb: 14.8321   Cr: 14.2052 )
00000143: 15.0222   (Y': 15.3187   Cb: 14.8329   Cr: 14.1607 )
00000144: 15.0595   (Y': 15.3509   Cb: 14.8829   Cr: 14.2027 )
00000145: 15.0642   (Y': 15.3664   Cb: 14.8572   Cr: 14.2006 )
00000146: 15.0274   (Y': 15.3374   Cb: 14.832    Cr: 14.1298 )
00000147: 15.0467   (Y': 15.3606   Cb: 14.8048   Cr: 14.1775 )
00000148: 15.0466   (Y': 15.3446   Cb: 14.8278   Cr: 14.2057 )
00000149: 15.0191   (Y': 15.3139   Cb: 14.8286   Cr: 14.1635 )
00000150: 15.0561   (Y': 15.3599   Cb: 14.8783   Cr: 14.1626 )
00000151: 15.0423   (Y': 15.357    Cb: 14.7899   Cr: 14.1795 )
00000152: 15.0457   (Y': 15.3444   Cb: 14.8728   Cr: 14.1634 )
00000153: 15.0246   (Y': 15.3051   Cb: 14.8591   Cr: 14.1918 )
00000154: 15.0463   (Y': 15.3403   Cb: 14.8721   Cr: 14.1795 )
00000155: 15.0485   (Y': 15.3426   Cb: 14.8804   Cr: 14.1763 )
00000156: 15.0722   (Y': 15.3871   Cb: 14.8204   Cr: 14.2081 )
00000157: 15.0565   (Y': 15.3533   Cb: 14.8686   Cr: 14.1928 )
00000158: 15.0723   (Y': 15.3711   Cb: 14.875    Cr: 14.2104 )
00000159: 15.0821   (Y': 15.3756   Cb: 14.9172   Cr: 14.2092 )
00000160: 15.1067   (Y': 15.4337   Cb: 14.8802   Cr: 14.1846 )
00000161: 15.0988   (Y': 15.4411   Cb: 14.8615   Cr: 14.1404 )
00000162: 15.0817   (Y': 15.3939   Cb: 14.8738   Cr: 14.1882 )
00000163: 15.0653   (Y': 15.376    Cb: 14.8456   Cr: 14.1862 )
00000164: 15.0816   (Y': 15.3902   Cb: 14.8148   Cr: 14.2505 )
00000165: 15.0746   (Y': 15.3877   Cb: 14.848    Cr: 14.1946 )
00000166: 15.0946   (Y': 15.4027   Cb: 14.8749   Cr: 14.2236 )
00000167: 15.0997   (Y': 15.4594   Cb: 14.7514   Cr: 14.1847 )
00000168: 15.1114   (Y': 15.4621   Cb: 14.797    Cr: 14.1937 )
00000171: 15.1453   (Y': 15.4702   Cb: 14.9102   Cr: 14.2369 )
00000170: 15.1485   (Y': 15.4886   Cb: 14.8541   Cr: 14.2452 )
00000169: 15.1486   (Y': 15.4928   Cb: 14.8859   Cr: 14.2058 )
00000172: 15.1133   (Y': 15.4786   Cb: 14.8125   Cr: 14.1408 )
00000173: 15.13     (Y': 15.4331   Cb: 14.9617   Cr: 14.2304 )
00000174: 15.0962   (Y': 15.3891   Cb: 14.9486   Cr: 14.2099 )
00000175: 15.1046   (Y': 15.4318   Cb: 14.8795   Cr: 14.1806 )
00000176: 15.1033   (Y': 15.4399   Cb: 14.8773   Cr: 14.152  )
00000177: 15.1026   (Y': 15.4177   Cb: 14.8489   Cr: 14.2396 )
00000178: 15.2015   (Y': 15.5966   Cb: 14.8387   Cr: 14.1957 )
00000179: 15.2666   (Y': 15.6678   Cb: 14.9061   Cr: 14.2408 )
00000180: 15.2606   (Y': 15.635    Cb: 14.9368   Cr: 14.2811 )
00000181: 15.2533   (Y': 15.6122   Cb: 14.9981   Cr: 14.2606 )
00000182: 15.2195   (Y': 15.5758   Cb: 14.9426   Cr: 14.2534 )
00000183: 15.2109   (Y': 15.5809   Cb: 14.8813   Cr: 14.2493 )
00000184: 15.2712   (Y': 15.5959   Cb: 15.0427   Cr: 14.3576 )
00000187: 15.1219   (Y': 15.4268   Cb: 14.8739   Cr: 14.2853 )
00000185: 15.2189   (Y': 15.5554   Cb: 14.9306   Cr: 14.3214 )
00000186: 15.1744   (Y': 15.5047   Cb: 14.881    Cr: 14.3002 )
00000188: 15.0456   (Y': 15.3135   Cb: 14.8024   Cr: 14.3204 )
00000189: 14.9743   (Y': 15.2083   Cb: 14.8329   Cr: 14.2678 )
00000190: 14.9197   (Y': 15.1482   Cb: 14.732    Cr: 14.2719 )
00000191: 14.8526   (Y': 15.0563   Cb: 14.7726   Cr: 14.1906 )
00000192: 14.8477   (Y': 15.0554   Cb: 14.7091   Cr: 14.2244 )
00000193: 14.8602   (Y': 15.0744   Cb: 14.7435   Cr: 14.196  )
00000195: 14.926    (Y': 15.1354   Cb: 14.8714   Cr: 14.2232 )
00000194: 14.9118   (Y': 15.1277   Cb: 14.8622   Cr: 14.1839 )
00000196: 14.9397   (Y': 15.1681   Cb: 14.8389   Cr: 14.2155 )
00000197: 14.9716   (Y': 15.2286   Cb: 14.8564   Cr: 14.1694 )
00000198: 15.0087   (Y': 15.2456   Cb: 14.8811   Cr: 14.2804 )
00000199: 15.024    (Y': 15.2926   Cb: 14.8899   Cr: 14.2015 )
00000200: 15.074    (Y': 15.3489   Cb: 14.8929   Cr: 14.2722 )
00000201: 15.1752   (Y': 15.4837   Cb: 14.9935   Cr: 14.2704 )
00000202: 15.263    (Y': 15.6101   Cb: 15.0187   Cr: 14.2957 )
00000203: 15.3275   (Y': 15.698    Cb: 14.986    Cr: 14.3751 )
00000204: 15.2737   (Y': 15.6749   Cb: 14.8484   Cr: 14.3042 )
00000205: 15.2037   (Y': 15.568    Cb: 14.9164   Cr: 14.2227 )
00000206: 15.2176   (Y': 15.5636   Cb: 14.95     Cr: 14.2734 )
00000207: 15.2884   (Y': 15.6719   Cb: 14.9733   Cr: 14.2751 )
00000208: 15.22     (Y': 15.6306   Cb: 14.9171   Cr: 14.1188 )
00000209: 15.1215   (Y': 15.4468   Cb: 14.8887   Cr: 14.2097 )
00000210: 15.1329   (Y': 15.4492   Cb: 14.9111   Cr: 14.2393 )
00000211: 15.0436   (Y': 15.3508   Cb: 14.861    Cr: 14.1439 )
00000212: 15.0424   (Y': 15.342    Cb: 14.837    Cr: 14.185  )
00000213: 15.0725   (Y': 15.3878   Cb: 14.8637   Cr: 14.1705 )
00000215: 15.1376   (Y': 15.4898   Cb: 14.872    Cr: 14.1739 )
00000214: 15.0651   (Y': 15.3685   Cb: 14.8919   Cr: 14.1689 )
00000216: 15.1513   (Y': 15.5211   Cb: 14.8651   Cr: 14.1533 )
00000217: 15.1986   (Y': 15.5482   Cb: 14.9029   Cr: 14.2684 )
00000218: 15.2279   (Y': 15.5911   Cb: 14.9732   Cr: 14.2223 )
00000219: 15.1797   (Y': 15.5503   Cb: 14.8866   Cr: 14.1852 )
00000220: 15.1931   (Y': 15.5456   Cb: 14.9293   Cr: 14.2265 )
00000221: 15.1909   (Y': 15.5641   Cb: 14.9233   Cr: 14.1671 )
00000222: 15.1696   (Y': 15.5349   Cb: 14.8639   Cr: 14.2011 )
00000223: 15.191    (Y': 15.5741   Cb: 14.8349   Cr: 14.2138 )
00000224: 15.1511   (Y': 15.5302   Cb: 14.769    Cr: 14.2086 )
00000226: 15.1623   (Y': 15.5255   Cb: 14.87     Cr: 14.1886 )
00000225: 15.1432   (Y': 15.5066   Cb: 14.7896   Cr: 14.2223 )
00000227: 15.1771   (Y': 15.5225   Cb: 14.8985   Cr: 14.2443 )
00000228: 15.205    (Y': 15.5809   Cb: 14.8389   Cr: 14.2578 )
00000229: 15.3254   (Y': 15.6957   Cb: 15.0112   Cr: 14.3499 )
00000230: 15.4133   (Y': 15.8013   Cb: 15.0751   Cr: 14.4067 )
00000231: 15.4171   (Y': 15.7859   Cb: 15.1128   Cr: 14.4377 )
00000232: 15.4162   (Y': 15.7631   Cb: 15.1095   Cr: 14.5031 )
00000234: 15.1858   (Y': 15.5141   Cb: 14.8606   Cr: 14.3454 )
00000233: 15.3209   (Y': 15.6723   Cb: 14.9297   Cr: 14.4693 )
00000235: 15.1012   (Y': 15.4576   Cb: 14.7585   Cr: 14.1914 )
00000236: 14.8385   (Y': 15.0998   Cb: 14.617    Cr: 14.1151 )
00000238: 14.7588   (Y': 15.0904   Cb: 14.4437   Cr: 13.8994 )
00000237: 14.6941   (Y': 14.9598   Cb: 14.4689   Cr: 13.96   )
00000239: 14.8609   (Y': 15.217    Cb: 14.4688   Cr: 13.9961 )
00000240: 14.9537   (Y': 15.3255   Cb: 14.5148   Cr: 14.0836 )
00000241: 14.9901   (Y': 15.3693   Cb: 14.5478   Cr: 14.1009 )
00000242: 14.9788   (Y': 15.3815   Cb: 14.556    Cr: 14.0026 )
00000243: 14.9912   (Y': 15.3827   Cb: 14.5764   Cr: 14.0407 )
00000244: 15.0193   (Y': 15.4195   Cb: 14.589    Cr: 14.0574 )
00000246: 14.9788   (Y': 15.3515   Cb: 14.6063   Cr: 14.0464 )
00000245: 14.9931   (Y': 15.3492   Cb: 14.6496   Cr: 14.0847 )
00000247: 15.0167   (Y': 15.4102   Cb: 14.6278   Cr: 14.0377 )
00000248: 15.0611   (Y': 15.4413   Cb: 14.676    Cr: 14.1178 )
00000249: 15.0913   (Y': 15.4805   Cb: 14.6991   Cr: 14.1278 )
00000250: 15.0876   (Y': 15.4605   Cb: 14.6965   Cr: 14.1714 )
00000251: 15.1313   (Y': 15.495    Cb: 14.7476   Cr: 14.236  )
00000252: 15.1332   (Y': 15.51     Cb: 14.8057   Cr: 14.15   )
00000254: 15.172    (Y': 15.5511   Cb: 14.8053   Cr: 14.2158 )
00000253: 15.1625   (Y': 15.5331   Cb: 14.8601   Cr: 14.1758 )
00000255: 15.1489   (Y': 15.5184   Cb: 14.8715   Cr: 14.1442 )
00000256: 15.162    (Y': 15.5518   Cb: 14.8454   Cr: 14.1317 )
00000258: 15.1328   (Y': 15.5132   Cb: 14.8462   Cr: 14.1044 )
00000257: 15.1608   (Y': 15.551    Cb: 14.7802   Cr: 14.1844 )
00000259: 15.1508   (Y': 15.5005   Cb: 14.8882   Cr: 14.1919 )
00000260: 15.1638   (Y': 15.5557   Cb: 14.7966   Cr: 14.1707 )
00000262: 15.1358   (Y': 15.5042   Cb: 14.828    Cr: 14.1602 )
00000261: 15.196    (Y': 15.6026   Cb: 14.8222   Cr: 14.1661 )
00000263: 15.095    (Y': 15.4402   Cb: 14.835    Cr: 14.1468 )
00000264: 15.1119   (Y': 15.457    Cb: 14.8581   Cr: 14.159  )
00000265: 15.1063   (Y': 15.4756   Cb: 14.8105   Cr: 14.1179 )
00000266: 15.1417   (Y': 15.4986   Cb: 14.8213   Cr: 14.2109 )
00000267: 15.2023   (Y': 15.5656   Cb: 14.8857   Cr: 14.2494 )
00000268: 15.2107   (Y': 15.5927   Cb: 14.91     Cr: 14.1892 )
00000269: 15.2414   (Y': 15.596    Cb: 14.9516   Cr: 14.2908 )
00000270: 15.1838   (Y': 15.5074   Cb: 14.9897   Cr: 14.2445 )
00000271: 15.1615   (Y': 15.4991   Cb: 14.8655   Cr: 14.2674 )
00000272: 15.0516   (Y': 15.3331   Cb: 14.8766   Cr: 14.224  )
00000273: 15.0041   (Y': 15.2597   Cb: 14.8838   Cr: 14.2104 )
00000274: 14.9712   (Y': 15.2029   Cb: 14.8627   Cr: 14.2433 )
00000275: 14.9632   (Y': 15.1748   Cb: 14.8884   Cr: 14.2707 )
00000276: 14.9681   (Y': 15.2034   Cb: 14.8606   Cr: 14.2275 )
00000277: 15.0064   (Y': 15.2852   Cb: 14.8381   Cr: 14.1813 )
00000278: 15.0445   (Y': 15.3057   Cb: 14.8751   Cr: 14.2754 )
00000279: 15.0105   (Y': 15.2905   Cb: 14.8528   Cr: 14.1726 )
00000280: 14.9991   (Y': 15.2557   Cb: 14.8894   Cr: 14.193  )
00000281: 14.9709   (Y': 15.2063   Cb: 14.8822   Cr: 14.2138 )
00000284: 14.9478   (Y': 15.1897   Cb: 14.8456   Cr: 14.1817 )
00000283: 14.9681   (Y': 15.2277   Cb: 14.8453   Cr: 14.1637 )
00000282: 14.9631   (Y': 15.1859   Cb: 14.9349   Cr: 14.195  )
00000286: 14.9536   (Y': 15.2019   Cb: 14.7833   Cr: 14.2265 )
00000287: 14.9471   (Y': 15.1784   Cb: 14.8668   Cr: 14.1961 )
00000285: 14.9562   (Y': 15.2114   Cb: 14.8527   Cr: 14.1494 )
00000288: 14.9545   (Y': 15.1803   Cb: 14.8511   Cr: 14.2407 )
00000289: 14.9152   (Y': 15.147    Cb: 14.7958   Cr: 14.1963 )
00000290: 14.9539   (Y': 15.1698   Cb: 14.9009   Cr: 14.229  )
00000292: 14.9289   (Y': 15.1494   Cb: 14.8853   Cr: 14.181  )
00000291: 14.9902   (Y': 15.2334   Cb: 14.8414   Cr: 14.2604 )
00000293: 14.9653   (Y': 15.1918   Cb: 14.9323   Cr: 14.1895 )
00000294: 14.9394   (Y': 15.1602   Cb: 14.8896   Cr: 14.1959 )
00000295: 14.9567   (Y': 15.1832   Cb: 14.8824   Cr: 14.216  )
00000296: 15.0179   (Y': 15.2714   Cb: 14.8968   Cr: 14.2314 )
00000298: 15.0405   (Y': 15.2917   Cb: 14.879    Cr: 14.2965 )
00000297: 15.008    (Y': 15.2682   Cb: 14.8598   Cr: 14.2236 )
00000299: 14.9981   (Y': 15.238    Cb: 14.9192   Cr: 14.2185 )
00000300: 14.9889   (Y': 15.2355   Cb: 14.8639   Cr: 14.2276 )
00000301: 14.9594   (Y': 15.2127   Cb: 14.848    Cr: 14.165  )
00000302: 14.9519   (Y': 15.1972   Cb: 14.8106   Cr: 14.2091 )
00000303: 14.9567   (Y': 15.2083   Cb: 14.7694   Cr: 14.2337 )
00000304: 15.005    (Y': 15.2493   Cb: 14.8965   Cr: 14.2368 )
00000306: 15.1581   (Y': 15.494    Cb: 14.8826   Cr: 14.2515 )
00000305: 15.0071   (Y': 15.297    Cb: 14.8161   Cr: 14.1671 )
00000307: 15.2423   (Y': 15.6011   Cb: 14.9267   Cr: 14.302  )
00000308: 15.2713   (Y': 15.6442   Cb: 14.9586   Cr: 14.2869 )
00000309: 15.2391   (Y': 15.6126   Cb: 14.8816   Cr: 14.2916 )
00000310: 15.2324   (Y': 15.6251   Cb: 14.8625   Cr: 14.2395 )
00000311: 15.2406   (Y': 15.6527   Cb: 14.8607   Cr: 14.2001 )
00000312: 15.2119   (Y': 15.6265   Cb: 14.8058   Cr: 14.1871 )
00000313: 15.199    (Y': 15.5955   Cb: 14.8269   Cr: 14.1969 )
00000314: 15.1726   (Y': 15.5513   Cb: 14.801    Cr: 14.2219 )
00000316: 15.055    (Y': 15.3983   Cb: 14.7642   Cr: 14.1392 )
00000315: 15.1068   (Y': 15.4674   Cb: 14.8296   Cr: 14.1278 )
00000317: 14.9665   (Y': 15.3019   Cb: 14.6512   Cr: 14.0958 )
00000319: 14.9122   (Y': 15.1894   Cb: 14.7332   Cr: 14.1012 )
00000318: 14.9109   (Y': 15.2268   Cb: 14.6835   Cr: 14.0227 )
00000320: 14.8759   (Y': 15.1491   Cb: 14.6668   Cr: 14.1039 )
00000322: 14.7709   (Y': 14.9601   Cb: 14.7604   Cr: 14.0962 )
00000321: 14.8362   (Y': 15.0896   Cb: 14.6454   Cr: 14.1108 )
00000323: 14.698    (Y': 14.8749   Cb: 14.7001   Cr: 14.053  )
00000325: 14.6903   (Y': 14.8625   Cb: 14.6245   Cr: 14.1205 )
00000327: 14.7378   (Y': 14.931    Cb: 14.6845   Cr: 14.087  )
00000326: 14.7134   (Y': 14.875    Cb: 14.7063   Cr: 14.1274 )
00000324: 14.6876   (Y': 14.8609   Cb: 14.673    Cr: 14.0686 )
00000328: 14.7369   (Y': 14.9588   Cb: 14.6338   Cr: 14.0358 )
00000329: 14.7422   (Y': 14.9402   Cb: 14.6676   Cr: 14.0941 )
00000330: 14.6986   (Y': 14.8582   Cb: 14.7226   Cr: 14.0925 )
00000331: 14.6939   (Y': 14.8566   Cb: 14.657    Cr: 14.1304 )
00000332: 14.6732   (Y': 14.8184   Cb: 14.6824   Cr: 14.1284 )
00000333: 14.6649   (Y': 14.8167   Cb: 14.6538   Cr: 14.1155 )
00000334: 14.6699   (Y': 14.8453   Cb: 14.6861   Cr: 14.0177 )
00000335: 14.7379   (Y': 14.9152   Cb: 14.6927   Cr: 14.1326 )
00000336: 14.9155   (Y': 15.2022   Cb: 14.703    Cr: 14.1045 )
00000337: 15.0554   (Y': 15.3782   Cb: 14.8085   Cr: 14.1634 )
00000338: 15.1222   (Y': 15.4568   Cb: 14.8244   Cr: 14.2385 )
00000339: 15.1546   (Y': 15.5066   Cb: 14.8332   Cr: 14.2393 )
00000340: 15.2221   (Y': 15.589    Cb: 14.8409   Cr: 14.3152 )
00000341: 15.2453   (Y': 15.6722   Cb: 14.82     Cr: 14.2017 )
00000343: 15.2657   (Y': 15.6506   Cb: 14.9094   Cr: 14.2834 )
00000342: 15.2347   (Y': 15.6281   Cb: 14.8396   Cr: 14.2615 )
00000344: 15.2308   (Y': 15.6277   Cb: 14.8665   Cr: 14.2205 )
00000345: 15.2035   (Y': 15.5706   Cb: 14.9105   Cr: 14.2189 )
00000346: 15.1136   (Y': 15.4753   Cb: 14.7752   Cr: 14.1841 )
00000347: 15.0578   (Y': 15.4002   Cb: 14.7864   Cr: 14.1279 )
00000348: 15.0364   (Y': 15.3641   Cb: 14.7763   Cr: 14.141  )
00000349: 15.0902   (Y': 15.425    Cb: 14.8469   Cr: 14.1589 )
00000350: 15.0126   (Y': 15.2801   Cb: 14.936    Cr: 14.1451 )
00000351: 14.9548   (Y': 15.2338   Cb: 14.7928   Cr: 14.1237 )
00000352: 14.9599   (Y': 15.2187   Cb: 14.8191   Cr: 14.1735 )
00000353: 14.969    (Y': 15.2542   Cb: 14.7893   Cr: 14.134  )
00000354: 14.9718   (Y': 15.2522   Cb: 14.8233   Cr: 14.1248 )
00000355: 14.9586   (Y': 15.2251   Cb: 14.8416   Cr: 14.1281 )
00000356: 14.9257   (Y': 15.1847   Cb: 14.7802   Cr: 14.1431 )
00000357: 14.9204   (Y': 15.2065   Cb: 14.6827   Cr: 14.1331 )
00000358: 14.9425   (Y': 15.2177   Cb: 14.7744   Cr: 14.1286 )
00000359: 14.9545   (Y': 15.221    Cb: 14.8501   Cr: 14.1131 )
00000360: 14.9413   (Y': 15.2099   Cb: 14.8032   Cr: 14.122  )
00000361: 14.9414   (Y': 15.2029   Cb: 14.8444   Cr: 14.1093 )
00000362: 14.9213   (Y': 15.1743   Cb: 14.8409   Cr: 14.1016 )
00000363: 14.941    (Y': 15.187    Cb: 14.8275   Cr: 14.1714 )
00000364: 14.9438   (Y': 15.2104   Cb: 14.8397   Cr: 14.1017 )
00000365: 14.9152   (Y': 15.1626   Cb: 14.8018   Cr: 14.1414 )
00000366: 14.9204   (Y': 15.1641   Cb: 14.8325   Cr: 14.1365 )
00000367: 14.913    (Y': 15.1486   Cb: 14.828    Cr: 14.1522 )
00000368: 14.9135   (Y': 15.1382   Cb: 14.8452   Cr: 14.1733 )
00000369: 14.9263   (Y': 15.1621   Cb: 14.8531   Cr: 14.1547 )
00000370: 14.9293   (Y': 15.1889   Cb: 14.7759   Cr: 14.1512 )
00000371: 14.9285   (Y': 15.1901   Cb: 14.7715   Cr: 14.1476 )
00000372: 14.9129   (Y': 15.1598   Cb: 14.8273   Cr: 14.1169 )
00000373: 14.904    (Y': 15.1495   Cb: 14.7543   Cr: 14.1676 )
00000374: 14.9249   (Y': 15.1906   Cb: 14.7908   Cr: 14.1112 )
00000375: 14.9132   (Y': 15.1782   Cb: 14.7743   Cr: 14.1061 )
00000376: 14.9351   (Y': 15.1941   Cb: 14.8212   Cr: 14.1251 )
00000377: 14.9078   (Y': 15.1641   Cb: 14.7696   Cr: 14.127  )
00000378: 14.9159   (Y': 15.1756   Cb: 14.7938   Cr: 14.1111 )
00000379: 14.9106   (Y': 15.1651   Cb: 14.7698   Cr: 14.1379 )
00000380: 14.9318   (Y': 15.184    Cb: 14.8265   Cr: 14.136  )
00000382: 14.9226   (Y': 15.1868   Cb: 14.8138   Cr: 14.0922 )
00000381: 14.9208   (Y': 15.1787   Cb: 14.7854   Cr: 14.1327 )
00000383: 14.909    (Y': 15.1551   Cb: 14.7785   Cr: 14.1542 )
00000384: 14.9383   (Y': 15.1788   Cb: 14.8865   Cr: 14.1342 )
00000385: 14.9664   (Y': 15.2098   Cb: 14.8633   Cr: 14.1965 )
00000386: 14.92     (Y': 15.1747   Cb: 14.7991   Cr: 14.1295 )
00000387: 14.9536   (Y': 15.2051   Cb: 14.8589   Cr: 14.1511 )
00000388: 15.2088   (Y': 15.5726   Cb: 14.8727   Cr: 14.2714 )
00000389: 15.1588   (Y': 15.5446   Cb: 14.8019   Cr: 14.1744 )
00000390: 15.0901   (Y': 15.4546   Cb: 14.7892   Cr: 14.1201 )
00000391: 15.081    (Y': 15.4284   Cb: 14.8462   Cr: 14.1051 )
00000392: 15.0907   (Y': 15.4172   Cb: 14.8179   Cr: 14.2098 )
00000393: 15.1005   (Y': 15.4414   Cb: 14.8103   Cr: 14.1911 )
00000395: 15.1887   (Y': 15.5427   Cb: 14.9097   Cr: 14.2308 )
00000394: 15.1512   (Y': 15.4787   Cb: 14.9003   Cr: 14.2484 )
00000396: 15.2423   (Y': 15.5983   Cb: 14.9717   Cr: 14.2715 )
00000398: 15.1967   (Y': 15.5332   Cb: 14.9646   Cr: 14.2507 )
00000397: 15.2426   (Y': 15.6497   Cb: 14.9049   Cr: 14.1804 )
00000399: 15.1427   (Y': 15.4812   Cb: 14.8675   Cr: 14.2277 )
00000400: 15.173    (Y': 15.5411   Cb: 14.8529   Cr: 14.2089 )
00000401: 15.2048   (Y': 15.6008   Cb: 14.8642   Cr: 14.1771 )
00000402: 15.2125   (Y': 15.5933   Cb: 14.8892   Cr: 14.2139 )
00000403: 15.2147   (Y': 15.5835   Cb: 14.9017   Cr: 14.2422 )
00000404: 15.2272   (Y': 15.5887   Cb: 14.9252   Cr: 14.2668 )
00000406: 15.1458   (Y': 15.431    Cb: 14.967    Cr: 14.3099 )
00000405: 15.1673   (Y': 15.5023   Cb: 14.9072   Cr: 14.2495 )
00000407: 15.1208   (Y': 15.4376   Cb: 14.8949   Cr: 14.229  )
00000408: 15.1321   (Y': 15.4424   Cb: 14.9538   Cr: 14.219  )
00000409: 15.1397   (Y': 15.4753   Cb: 14.8797   Cr: 14.2203 )
00000410: 15.1441   (Y': 15.4819   Cb: 14.935    Cr: 14.1749 )
00000411: 15.1972   (Y': 15.574    Cb: 14.8887   Cr: 14.1977 )
00000412: 15.2552   (Y': 15.6355   Cb: 14.9899   Cr: 14.2089 )
00000413: 15.2037   (Y': 15.5801   Cb: 14.8658   Cr: 14.2307 )
00000414: 15.1713   (Y': 15.5462   Cb: 14.8957   Cr: 14.1494 )
00000415: 15.1663   (Y': 15.5293   Cb: 14.8252   Cr: 14.2353 )
00000416: 15.1393   (Y': 15.5041   Cb: 14.8259   Cr: 14.1793 )
00000417: 15.1792   (Y': 15.54     Cb: 14.867    Cr: 14.2301 )
00000418: 15.1993   (Y': 15.5709   Cb: 14.8776   Cr: 14.2264 )
00000419: 15.162    (Y': 15.5365   Cb: 14.8302   Cr: 14.1889 )
00000420: 15.1835   (Y': 15.5388   Cb: 14.9125   Cr: 14.2148 )
00000421: 15.1811   (Y': 15.5326   Cb: 14.8959   Cr: 14.236  )
00000422: 15.1734   (Y': 15.535    Cb: 14.8928   Cr: 14.1944 )
00000423: 15.1244   (Y': 15.4666   Cb: 14.9152   Cr: 14.1421 )
00000424: 15.1066   (Y': 15.4467   Cb: 14.8654   Cr: 14.1577 )
00000425: 15.111    (Y': 15.441    Cb: 14.8534   Cr: 14.2061 )
00000426: 15.1962   (Y': 15.5673   Cb: 14.9332   Cr: 14.1746 )
00000427: 15.2282   (Y': 15.6103   Cb: 14.8729   Cr: 14.2535 )
00000428: 15.2143   (Y': 15.5909   Cb: 14.9104   Cr: 14.2115 )
00000430: 15.1146   (Y': 15.4609   Cb: 14.8384   Cr: 14.1769 )
00000429: 15.1585   (Y': 15.5012   Cb: 14.9109   Cr: 14.2072 )
00000431: 15.1359   (Y': 15.494    Cb: 14.9185   Cr: 14.114  )
00000432: 15.1279   (Y': 15.4881   Cb: 14.8306   Cr: 14.1675 )
00000433: 15.1149   (Y': 15.4514   Cb: 14.858    Cr: 14.1901 )
00000434: 15.0735   (Y': 15.4125   Cb: 14.8072   Cr: 14.1495 )
00000435: 15.0955   (Y': 15.4307   Cb: 14.8444   Cr: 14.17   )
00000436: 15.1329   (Y': 15.4764   Cb: 14.8822   Cr: 14.1818 )
00000437: 15.1348   (Y': 15.5021   Cb: 14.8278   Cr: 14.1616 )
00000438: 15.2183   (Y': 15.5998   Cb: 14.853    Cr: 14.2539 )
00000439: 15.1738   (Y': 15.5663   Cb: 14.8223   Cr: 14.1654 )
00000440: 15.2407   (Y': 15.6369   Cb: 14.8819   Cr: 14.228  )
00000441: 15.2553   (Y': 15.6278   Cb: 14.9239   Cr: 14.2881 )
00000442: 15.2401   (Y': 15.6334   Cb: 14.8552   Cr: 14.2583 )
00000443: 15.1396   (Y': 15.5074   Cb: 14.8789   Cr: 14.1259 )
00000444: 15.14     (Y': 15.478    Cb: 14.8601   Cr: 14.2306 )
00000445: 15.1385   (Y': 15.4757   Cb: 14.881    Cr: 14.2123 )
00000446: 15.1749   (Y': 15.5608   Cb: 14.8186   Cr: 14.19   )
00000447: 15.2664   (Y': 15.6651   Cb: 14.8743   Cr: 14.2751 )
00000448: 15.2157   (Y': 15.6162   Cb: 14.815    Cr: 14.2267 )
00000449: 15.1889   (Y': 15.5635   Cb: 14.8408   Cr: 14.2299 )
00000450: 15.1912   (Y': 15.5931   Cb: 14.8313   Cr: 14.1629 )
00000451: 15.1772   (Y': 15.5486   Cb: 14.8579   Cr: 14.2027 )
00000452: 15.1318   (Y': 15.4657   Cb: 14.8691   Cr: 14.2202 )
00000453: 15.1024   (Y': 15.4365   Cb: 14.886    Cr: 14.1505 )
00000454: 15.1863   (Y': 15.5449   Cb: 14.893    Cr: 14.2271 )
00000455: 15.1671   (Y': 15.514    Cb: 14.9127   Cr: 14.2091 )
00000456: 15.1498   (Y': 15.4897   Cb: 14.9096   Cr: 14.2008 )
00000457: 15.1408   (Y': 15.4907   Cb: 14.8533   Cr: 14.2027 )
00000458: 15.1809   (Y': 15.5093   Cb: 14.9197   Cr: 14.2842 )
00000459: 15.2394   (Y': 15.5911   Cb: 14.948    Cr: 14.299  )
00000460: 15.2254   (Y': 15.5612   Cb: 14.9755   Cr: 14.2967 )
00000461: 15.1782   (Y': 15.4895   Cb: 14.9836   Cr: 14.2764 )
00000462: 15.297    (Y': 15.6262   Cb: 15.0108   Cr: 14.4197 )
00000463: 15.3231   (Y': 15.6575   Cb: 15.0294   Cr: 14.4365 )
00000464: 15.393    (Y': 15.7807   Cb: 15.0027   Cr: 14.4325 )
00000465: 15.587    (Y': 15.9477   Cb: 15.3182   Cr: 14.6009 )
00000466: 15.7128   (Y': 16.0845   Cb: 15.3716   Cr: 14.7564 )
00000467: 15.8085   (Y': 16.1328   Cb: 15.5326   Cr: 14.937  )
00000468: 15.9467   (Y': 16.256    Cb: 15.697    Cr: 15.0983 )
00000469: 16.0755   (Y': 16.3312   Cb: 15.8662   Cr: 15.3589 )
00000470: 16.1237   (Y': 16.3319   Cb: 15.9668   Cr: 15.5152 )
00000471: 16.2647   (Y': 16.3922   Cb: 16.2674   Cr: 15.7869 )
00000472: 16.2973   (Y': 16.4446   Cb: 16.3599   Cr: 15.6987 )
00000473: 16.2204   (Y': 16.4452   Cb: 16.1347   Cr: 15.4946 )
00000474: 16.2077   (Y': 16.4293   Cb: 16.1614   Cr: 15.4586 )
00000475: 16.1309   (Y': 16.4496   Cb: 16.0067   Cr: 15.1481 )
00000476: 16.1491   (Y': 16.4103   Cb: 16.144    Cr: 15.2417 )
00000477: 16.0333   (Y': 16.337    Cb: 16.0901   Cr: 14.9505 )
00000478: 15.9018   (Y': 16.2419   Cb: 15.9353   Cr: 14.7325 )
00000479: 15.8655   (Y': 16.093    Cb: 16.073    Cr: 14.8935 )
00000481: 16.215    (Y': 16.4156   Cb: 16.4045   Cr: 15.3402 )
00000480: 16.0249   (Y': 16.2254   Cb: 16.2568   Cr: 15.1172 )
00000482: 16.3974   (Y': 16.5368   Cb: 16.6991   Cr: 15.6294 )
00000484: 16.579    (Y': 16.6748   Cb: 16.9663   Cr: 15.8877 )
00000483: 16.5742   (Y': 16.6591   Cb: 16.9774   Cr: 15.9065 )
00000485: 16.7042   (Y': 16.6918   Cb: 17.3685   Cr: 16.1719 )
00000486: 17.19     (Y': 17.2032   Cb: 17.802    Cr: 16.6072 )
00000487: 17.7962   (Y': 17.8715   Cb: 18.2761   Cr: 17.102  )
00000488: 17.6658   (Y': 17.7937   Cb: 17.9327   Cr: 16.9629 )
00000489: 16.6406   (Y': 16.7737   Cb: 17.068    Cr: 15.7967 )
00000490: 16.541    (Y': 16.6905   Cb: 16.9156   Cr: 15.6845 )
00000492: 15.9106   (Y': 16.1543   Cb: 16.0029   Cr: 14.9789 )
00000491: 16.1782   (Y': 16.406    Cb: 16.448    Cr: 15.1584 )
00000494: 15.4734   (Y': 15.7409   Cb: 15.3686   Cr: 14.6292 )
00000493: 15.6287   (Y': 15.8924   Cb: 15.6467   Cr: 14.6955 )
00000495: 15.2987   (Y': 15.5099   Cb: 15.3349   Cr: 14.5138 )
00000496: 15.1684   (Y': 15.3459   Cb: 15.3008   Cr: 14.412  )
00000497: 14.9348   (Y': 15.0898   Cb: 15.1249   Cr: 14.2045 )
00000498: 14.9518   (Y': 15.1033   Cb: 15.1229   Cr: 14.2486 )
00000499: 15.6303   (Y': 16.0022   Cb: 15.5189   Cr: 14.4833 )
00000500: 15.8876   (Y': 16.2634   Cb: 15.6829   Cr: 14.8044 )
00000501: 16.0108   (Y': 16.3826   Cb: 15.7963   Cr: 14.947  )
00000502: 16.0481   (Y': 16.3789   Cb: 15.9351   Cr: 15.02   )
00000503: 16.1357   (Y': 16.4526   Cb: 16.0449   Cr: 15.1307 )
00000504: 16.17     (Y': 16.493    Cb: 16.0706   Cr: 15.154  )
00000505: 16.2269   (Y': 16.4827   Cb: 16.2863   Cr: 15.2842 )
00000506: 16.2652   (Y': 16.5262   Cb: 16.4372   Cr: 15.2198 )
00000507: 16.2267   (Y': 16.5402   Cb: 16.2824   Cr: 15.1163 )
00000508: 16.1495   (Y': 16.4988   Cb: 16.147    Cr: 14.9816 )
00000509: 16.0464   (Y': 16.4223   Cb: 16.0112   Cr: 14.8291 )
00000510: 16.0194   (Y': 16.3134   Cb: 16.1043   Cr: 14.9434 )
00000511: 15.9889   (Y': 16.2923   Cb: 16.1532   Cr: 14.8257 )
00000512: 16.0309   (Y': 16.261    Cb: 16.256    Cr: 15.0376 )
00000513: 16.0821   (Y': 16.2643   Cb: 16.4631   Cr: 15.119  )
00000514: 16.0722   (Y': 16.2608   Cb: 16.4511   Cr: 15.0907 )
00000515: 16.1419   (Y': 16.3463   Cb: 16.4879   Cr: 15.1367 )
00000516: 16.2888   (Y': 16.4716   Cb: 16.7041   Cr: 15.2986 )
00000518: 16.2258   (Y': 16.3981   Cb: 16.5978   Cr: 15.2997 )
00000517: 16.2776   (Y': 16.4801   Cb: 16.6881   Cr: 15.231  )
00000519: 16.2593   (Y': 16.4187   Cb: 16.6796   Cr: 15.3377 )
00000520: 16.2688   (Y': 16.4143   Cb: 16.7516   Cr: 15.3449 )
00000521: 16.3235   (Y': 16.4608   Cb: 16.7893   Cr: 15.438  )
00000522: 16.3629   (Y': 16.4294   Cb: 16.9368   Cr: 15.6274 )
00000523: 16.3977   (Y': 16.4426   Cb: 17.0421   Cr: 15.6826 )
00000524: 16.4713   (Y': 16.4367   Cb: 17.2545   Cr: 15.929  )
00000525: 16.4939   (Y': 16.5002   Cb: 17.1038   Cr: 15.9372 )
00000526: 16.3899   (Y': 16.4256   Cb: 16.9397   Cr: 15.7768 )
00000527: 16.3581   (Y': 16.4072   Cb: 16.9303   Cr: 15.682  )
00000528: 16.3917   (Y': 16.4361   Cb: 17.0322   Cr: 15.681  )
00000529: 16.427    (Y': 16.4672   Cb: 16.9713   Cr: 15.8024 )
00000530: 16.5568   (Y': 16.5144   Cb: 17.3489   Cr: 16.0354 )
00000531: 16.4823   (Y': 16.4128   Cb: 17.4406   Cr: 15.9379 )
00000532: 16.3247   (Y': 16.2972   Cb: 17.0166   Cr: 15.8252 )
00000534: 15.738    (Y': 15.9826   Cb: 15.8021   Cr: 14.8261 )
00000533: 16.0725   (Y': 16.0994   Cb: 16.6901   Cr: 15.4383 )
00000535: 15.6125   (Y': 15.8143   Cb: 15.7516   Cr: 14.7733 )
00000536: 15.137    (Y': 15.5197   Cb: 14.8676   Cr: 14.0875 )
00000537: 14.9197   (Y': 15.2918   Cb: 14.715    Cr: 13.8471 )
00000538: 14.9424   (Y': 15.3027   Cb: 14.7529   Cr: 13.8913 )
00000539: 14.9536   (Y': 15.3252   Cb: 14.7371   Cr: 13.892  )
00000540: 15.0047   (Y': 15.3723   Cb: 14.7369   Cr: 13.9976 )
00000541: 15.0175   (Y': 15.3834   Cb: 14.7618   Cr: 14.0048 )
00000542: 15.0626   (Y': 15.4248   Cb: 14.8119   Cr: 14.0566 )
00000543: 15.9532   (Y': 16.4254   Cb: 15.4993   Cr: 14.8073 )
00000544: 16.6437   (Y': 17.2217   Cb: 16.0417   Cr: 15.3409 )
00000545: 16.4791   (Y': 17.0536   Cb: 15.8345   Cr: 15.2223 )
00000546: 15.6412   (Y': 16.0542   Cb: 15.2892   Cr: 14.5745 )
00000548: 15.0891   (Y': 15.3954   Cb: 14.9403   Cr: 14.1639 )
00000547: 15.4581   (Y': 15.8072   Cb: 15.2368   Cr: 14.466  )
00000549: 14.8955   (Y': 15.1917   Cb: 14.775    Cr: 13.9767 )
00000550: 14.8095   (Y': 15.064    Cb: 14.7364   Cr: 13.9791 )
00000551: 14.7616   (Y': 15.0687   Cb: 14.5726   Cr: 13.8674 )
00000552: 14.7761   (Y': 15.0836   Cb: 14.6371   Cr: 13.8384 )
00000553: 14.8193   (Y': 15.0772   Cb: 14.6331   Cr: 14.0757 )
00000554: 14.7847   (Y': 15.0144   Cb: 14.6052   Cr: 14.1254 )
00000556: 14.7597   (Y': 14.9577   Cb: 14.6391   Cr: 14.1527 )
00000555: 14.7769   (Y': 15.0077   Cb: 14.5906   Cr: 14.1203 )
00000557: 14.7697   (Y': 14.9873   Cb: 14.6175   Cr: 14.126  )
00000558: 14.7765   (Y': 14.9725   Cb: 14.6583   Cr: 14.1738 )
00000559: 14.8329   (Y': 15.0653   Cb: 14.6216   Cr: 14.1935 )
00000560: 14.8833   (Y': 15.148    Cb: 14.6314   Cr: 14.176  )
00000561: 14.8194   (Y': 15.0682   Cb: 14.5498   Cr: 14.1796 )
00000562: 14.718    (Y': 14.9121   Cb: 14.6026   Cr: 14.119  )
00000563: 14.7132   (Y': 14.9022   Cb: 14.6344   Cr: 14.0984 )
00000564: 14.7219   (Y': 14.9225   Cb: 14.5777   Cr: 14.1268 )
00000566: 14.7324   (Y': 14.9126   Cb: 14.668    Cr: 14.1345 )
00000565: 14.7282   (Y': 14.9189   Cb: 14.6257   Cr: 14.129  )
00000567: 14.7368   (Y': 14.9261   Cb: 14.6719   Cr: 14.1089 )
00000568: 14.7578   (Y': 14.9618   Cb: 14.6267   Cr: 14.1399 )
00000569: 14.7697   (Y': 14.9667   Cb: 14.6581   Cr: 14.1577 )
00000570: 14.8838   (Y': 15.1555   Cb: 14.6233   Cr: 14.162  )
00000571: 14.892    (Y': 15.1599   Cb: 14.6586   Cr: 14.1584 )
00000572: 14.8672   (Y': 15.1524   Cb: 14.6206   Cr: 14.0907 )
00000573: 14.9409   (Y': 15.2588   Cb: 14.6361   Cr: 14.1145 )
00000574: 15.1385   (Y': 15.5192   Cb: 14.7339   Cr: 14.2113 )
00000575: 15.1309   (Y': 15.514    Cb: 14.6884   Cr: 14.2304 )
00000576: 15.1227   (Y': 15.5113   Cb: 14.7014   Cr: 14.1864 )
00000577: 15.201    (Y': 15.5877   Cb: 14.7577   Cr: 14.2905 )
00000578: 15.1372   (Y': 15.5296   Cb: 14.6891   Cr: 14.2139 )
00000579: 15.1121   (Y': 15.4878   Cb: 14.6833   Cr: 14.2213 )
00000580: 15.1139   (Y': 15.4873   Cb: 14.6776   Cr: 14.2368 )
00000581: 15.067    (Y': 15.4245   Cb: 14.6438   Cr: 14.2256 )
00000582: 14.9685   (Y': 15.3204   Cb: 14.639    Cr: 14.0607 )
00000583: 15.0003   (Y': 15.3509   Cb: 14.6345   Cr: 14.1281 )
00000584: 14.9377   (Y': 15.2482   Cb: 14.6541   Cr: 14.1149 )
00000585: 14.8443   (Y': 15.1196   Cb: 14.6115   Cr: 14.0866 )
00000586: 14.8171   (Y': 15.0565   Cb: 14.6648   Cr: 14.1024 )
00000587: 14.7828   (Y': 15.0208   Cb: 14.6375   Cr: 14.0666 )
00000588: 14.8079   (Y': 15.0738   Cb: 14.6431   Cr: 14.0204 )
00000589: 14.8118   (Y': 15.059    Cb: 14.6557   Cr: 14.076  )
00000590: 14.8845   (Y': 15.1481   Cb: 14.6659   Cr: 14.1514 )
00000591: 15.0445   (Y': 15.3757   Cb: 14.7094   Cr: 14.2043 )
00000592: 15.0872   (Y': 15.4413   Cb: 14.7202   Cr: 14.2059 )
00000593: 15.1106   (Y': 15.4483   Cb: 14.7825   Cr: 14.2444 )
00000594: 15.1049   (Y': 15.4659   Cb: 14.7513   Cr: 14.191  )
00000595: 15.0551   (Y': 15.4172   Cb: 14.7119   Cr: 14.1289 )
00000596: 15.0603   (Y': 15.3924   Cb: 14.6837   Cr: 14.2546 )
00000597: 15.0216   (Y': 15.3204   Cb: 14.7163   Cr: 14.255  )
00000598: 14.9944   (Y': 15.3003   Cb: 14.6781   Cr: 14.2154 )
00000599: 14.9425   (Y': 15.2347   Cb: 14.5856   Cr: 14.2438 )
00000601: 14.8572   (Y': 15.0866   Cb: 14.6791   Cr: 14.1978 )
00000600: 14.8948   (Y': 15.1507   Cb: 14.669    Cr: 14.1926 )
00000602: 14.7422   (Y': 14.909    Cb: 14.6921   Cr: 14.1766 )
00000603: 14.7574   (Y': 14.9196   Cb: 14.7155   Cr: 14.2    )
00000604: 14.6947   (Y': 14.857    Cb: 14.6546   Cr: 14.135  )
00000605: 14.6827   (Y': 14.8277   Cb: 14.6651   Cr: 14.1624 )
00000606: 14.6851   (Y': 14.8217   Cb: 14.6808   Cr: 14.1818 )
00000607: 14.6908   (Y': 14.8417   Cb: 14.6411   Cr: 14.1786 )
00000608: 14.7116   (Y': 14.864    Cb: 14.6564   Cr: 14.1996 )
00000609: 14.6541   (Y': 14.7979   Cb: 14.6077   Cr: 14.1633 )
00000610: 14.6858   (Y': 14.8383   Cb: 14.6401   Cr: 14.1652 )
00000611: 14.674    (Y': 14.8178   Cb: 14.6646   Cr: 14.1502 )
00000612: 14.6669   (Y': 14.8076   Cb: 14.6626   Cr: 14.1496 )
00000613: 14.6906   (Y': 14.8421   Cb: 14.6456   Cr: 14.1727 )
00000614: 14.7483   (Y': 14.9225   Cb: 14.6804   Cr: 14.1737 )
00000615: 14.7722   (Y': 14.9761   Cb: 14.6228   Cr: 14.1713 )
00000616: 14.724    (Y': 14.8994   Cb: 14.6083   Cr: 14.1881 )
00000617: 14.7159   (Y': 14.8822   Cb: 14.6666   Cr: 14.1512 )
00000618: 14.7701   (Y': 14.9582   Cb: 14.6441   Cr: 14.2004 )
00000619: 14.752    (Y': 14.9145   Cb: 14.6751   Cr: 14.2253 )
00000620: 14.6844   (Y': 14.8316   Cb: 14.6431   Cr: 14.1778 )
00000621: 14.6845   (Y': 14.8174   Cb: 14.695    Cr: 14.1806 )
00000622: 14.6901   (Y': 14.8379   Cb: 14.6364   Cr: 14.1923 )
00000623: 14.6515   (Y': 14.8008   Cb: 14.5978   Cr: 14.1486 )
00000624: 14.7006   (Y': 14.8676   Cb: 14.5842   Cr: 14.1938 )
00000625: 14.683    (Y': 14.8354   Cb: 14.5873   Cr: 14.2075 )
00000626: 14.6756   (Y': 14.8325   Cb: 14.5937   Cr: 14.172  )
00000627: 14.682    (Y': 14.8471   Cb: 14.5726   Cr: 14.1754 )
00000628: 14.7323   (Y': 14.9107   Cb: 14.6267   Cr: 14.177  )
00000629: 14.7551   (Y': 14.9279   Cb: 14.6722   Cr: 14.1982 )
00000630: 14.7217   (Y': 14.8878   Cb: 14.6304   Cr: 14.1955 )
00000631: 14.6822   (Y': 14.8377   Cb: 14.629    Cr: 14.158  )
00000632: 14.7036   (Y': 14.8486   Cb: 14.656    Cr: 14.2102 )
00000633: 14.6746   (Y': 14.7959   Cb: 14.6469   Cr: 14.2459 )
00000634: 14.6545   (Y': 14.7665   Cb: 14.6636   Cr: 14.2252 )
00000635: 14.7071   (Y': 14.8492   Cb: 14.6131   Cr: 14.2661 )
00000636: 14.6896   (Y': 14.8425   Cb: 14.6305   Cr: 14.1793 )
00000637: 14.6838   (Y': 14.8072   Cb: 14.6692   Cr: 14.2356 )
00000638: 14.9958   (Y': 15.3015   Cb: 14.6376   Cr: 14.2552 )
00000639: 15.1063   (Y': 15.4945   Cb: 14.6887   Cr: 14.1683 )
00000641: 14.9865   (Y': 15.2946   Cb: 14.6554   Cr: 14.2136 )
00000640: 15.01     (Y': 15.3357   Cb: 14.6636   Cr: 14.1967 )
00000642: 15.0599   (Y': 15.4111   Cb: 14.6872   Cr: 14.1921 )
00000643: 14.8583   (Y': 15.0847   Cb: 14.6633   Cr: 14.2239 )
00000644: 14.7194   (Y': 14.8639   Cb: 14.6729   Cr: 14.2267 )
00000645: 14.7522   (Y': 14.934    Cb: 14.6158   Cr: 14.2133 )
00000646: 14.8025   (Y': 15.0022   Cb: 14.6783   Cr: 14.1926 )
00000647: 14.8792   (Y': 15.1233   Cb: 14.6729   Cr: 14.1975 )
00000648: 14.8439   (Y': 15.0572   Cb: 14.6941   Cr: 14.2119 )
00000649: 14.7984   (Y': 14.9927   Cb: 14.6791   Cr: 14.2019 )
00000650: 14.7566   (Y': 14.9292   Cb: 14.6512   Cr: 14.2207 )
00000651: 14.6945   (Y': 14.8243   Cb: 14.6688   Cr: 14.2343 )
00000652: 14.6337   (Y': 14.7308   Cb: 14.6832   Cr: 14.2207 )
00000653: 14.6797   (Y': 14.8082   Cb: 14.6359   Cr: 14.2404 )
00000654: 14.6814   (Y': 14.8002   Cb: 14.6853   Cr: 14.2331 )
00000655: 14.6787   (Y': 14.7975   Cb: 14.6864   Cr: 14.2265 )
00000656: 14.6813   (Y': 14.8071   Cb: 14.6844   Cr: 14.2091 )
00000657: 14.6836   (Y': 14.8065   Cb: 14.6932   Cr: 14.2153 )
00000658: 14.6508   (Y': 14.7756   Cb: 14.6661   Cr: 14.1709 )
00000659: 14.6575   (Y': 14.8013   Cb: 14.6283   Cr: 14.1515 )
00000660: 14.6786   (Y': 14.8204   Cb: 14.6781   Cr: 14.1542 )
00000661: 14.6415   (Y': 14.7587   Cb: 14.6583   Cr: 14.187  )
00000662: 14.6875   (Y': 14.795    Cb: 14.7237   Cr: 14.2499 )
00000663: 14.6525   (Y': 14.7774   Cb: 14.6449   Cr: 14.1927 )
00000664: 14.6633   (Y': 14.7881   Cb: 14.6584   Cr: 14.2014 )
00000666: 14.6344   (Y': 14.7556   Cb: 14.6554   Cr: 14.1619 )
00000665: 14.6747   (Y': 14.798    Cb: 14.6529   Cr: 14.2336 )
00000667: 14.638    (Y': 14.7711   Cb: 14.5985   Cr: 14.1787 )
00000668: 14.6423   (Y': 14.7737   Cb: 14.5814   Cr: 14.2085 )
00000669: 14.628    (Y': 14.7589   Cb: 14.5628   Cr: 14.2    )
00000670: 14.6321   (Y': 14.7525   Cb: 14.5801   Cr: 14.2289 )
00000671: 14.6511   (Y': 14.7513   Cb: 14.6679   Cr: 14.2566 )
00000672: 14.6501   (Y': 14.7515   Cb: 14.6936   Cr: 14.227  )
00000673: 14.6569   (Y': 14.7845   Cb: 14.6579   Cr: 14.1799 )
00000674: 14.6455   (Y': 14.7748   Cb: 14.6122   Cr: 14.194  )
00000676: 14.6883   (Y': 14.8191   Cb: 14.6242   Cr: 14.2591 )
00000675: 14.6439   (Y': 14.7646   Cb: 14.5886   Cr: 14.2427 )
00000677: 14.6513   (Y': 14.7718   Cb: 14.6636   Cr: 14.1893 )
00000678: 14.6842   (Y': 14.8175   Cb: 14.6455   Cr: 14.2233 )
00000679: 14.6511   (Y': 14.7799   Cb: 14.6378   Cr: 14.1831 )
00000681: 14.6708   (Y': 14.8002   Cb: 14.6614   Cr: 14.1973 )
00000680: 14.6607   (Y': 14.7752   Cb: 14.6352   Cr: 14.2538 )
00000682: 14.6414   (Y': 14.7638   Cb: 14.6154   Cr: 14.2075 )
00000684: 14.6752   (Y': 14.8153   Cb: 14.6191   Cr: 14.2065 )
00000683: 14.65     (Y': 14.771    Cb: 14.6412   Cr: 14.2051 )
00000685: 14.6813   (Y': 14.8044   Cb: 14.6303   Cr: 14.2676 )
00000686: 14.6637   (Y': 14.7988   Cb: 14.6083   Cr: 14.212  )
00000687: 14.6551   (Y': 14.7847   Cb: 14.6514   Cr: 14.1757 )
00000688: 14.688    (Y': 14.8003   Cb: 14.6867   Cr: 14.2668 )
00000689: 14.6505   (Y': 14.7705   Cb: 14.6339   Cr: 14.2162 )
00000690: 14.6404   (Y': 14.7605   Cb: 14.6299   Cr: 14.2    )
00000691: 14.6446   (Y': 14.744    Cb: 14.6946   Cr: 14.2228 )
00000692: 14.6841   (Y': 14.8113   Cb: 14.6152   Cr: 14.2723 )
00000693: 14.6456   (Y': 14.7896   Cb: 14.5935   Cr: 14.1597 )
00000694: 14.6537   (Y': 14.7929   Cb: 14.5963   Cr: 14.1893 )
00000695: 14.6887   (Y': 14.8398   Cb: 14.6252   Cr: 14.1884 )
00000696: 14.6354   (Y': 14.7819   Cb: 14.5633   Cr: 14.159  )
00000697: 14.6593   (Y': 14.7873   Cb: 14.6708   Cr: 14.1719 )
00000698: 14.6635   (Y': 14.796    Cb: 14.6282   Cr: 14.2023 )
00000699: 14.6604   (Y': 14.8033   Cb: 14.5269   Cr: 14.2536 )
00000700: 14.6715   (Y': 14.8136   Cb: 14.6503   Cr: 14.1643 )
00000701: 14.6776   (Y': 14.8325   Cb: 14.6371   Cr: 14.1437 )
00000702: 14.6507   (Y': 14.7661   Cb: 14.6603   Cr: 14.2091 )
00000703: 14.6543   (Y': 14.784    Cb: 14.6084   Cr: 14.2124 )
00000704: 14.6221   (Y': 14.7363   Cb: 14.5875   Cr: 14.2249 )
00000706: 14.6483   (Y': 14.7668   Cb: 14.6272   Cr: 14.2234 )
00000705: 14.6386   (Y': 14.7744   Cb: 14.5824   Cr: 14.185  )
00000707: 14.6445   (Y': 14.773    Cb: 14.5995   Cr: 14.2064 )
00000708: 14.6652   (Y': 14.8308   Cb: 14.5829   Cr: 14.1326 )
00000709: 14.6973   (Y': 14.8406   Cb: 14.6082   Cr: 14.2475 )
00000710: 14.6827   (Y': 14.8226   Cb: 14.6168   Cr: 14.2238 )
00000711: 14.6919   (Y': 14.8619   Cb: 14.5784   Cr: 14.1725 )
00000712: 14.6911   (Y': 14.8285   Cb: 14.6828   Cr: 14.1889 )
00000714: 14.6875   (Y': 14.8195   Cb: 14.6438   Cr: 14.2358 )
00000713: 14.7108   (Y': 14.8548   Cb: 14.6416   Cr: 14.2404 )
00000715: 14.6802   (Y': 14.8072   Cb: 14.6495   Cr: 14.2341 )
00000716: 14.6884   (Y': 14.8231   Cb: 14.6592   Cr: 14.2142 )
00000717: 14.7044   (Y': 14.832    Cb: 14.6678   Cr: 14.2615 )
00000718: 14.6466   (Y': 14.7842   Cb: 14.5481   Cr: 14.2256 )
00000719: 14.657    (Y': 14.7939   Cb: 14.5823   Cr: 14.2161 )
00000720: 14.6644   (Y': 14.8057   Cb: 14.6394   Cr: 14.1632 )
00000722: 14.6429   (Y': 14.7698   Cb: 14.6203   Cr: 14.1897 )
00000721: 14.6906   (Y': 14.8233   Cb: 14.5996   Cr: 14.2802 )
00000723: 14.6895   (Y': 14.8242   Cb: 14.6567   Cr: 14.2184 )
00000724: 14.6929   (Y': 14.8292   Cb: 14.642    Cr: 14.2323 )
00000725: 14.6817   (Y': 14.8085   Cb: 14.6387   Cr: 14.2477 )
00000726: 14.6716   (Y': 14.8337   Cb: 14.5619   Cr: 14.1755 )
00000727: 14.6651   (Y': 14.8082   Cb: 14.6014   Cr: 14.193  )
00000728: 14.6456   (Y': 14.7754   Cb: 14.5872   Cr: 14.2149 )
00000730: 14.6592   (Y': 14.7747   Cb: 14.6425   Cr: 14.2409 )
00000729: 14.6591   (Y': 14.8188   Cb: 14.583    Cr: 14.141  )
00000732: 14.6635   (Y': 14.7935   Cb: 14.6306   Cr: 14.2086 )
00000731: 14.6341   (Y': 14.7468   Cb: 14.6269   Cr: 14.2167 )
00000733: 14.6581   (Y': 14.7749   Cb: 14.6458   Cr: 14.2312 )
00000734: 14.6498   (Y': 14.7841   Cb: 14.6316   Cr: 14.1669 )
00000735: 14.6539   (Y': 14.7797   Cb: 14.6448   Cr: 14.1926 )
00000736: 14.6771   (Y': 14.8282   Cb: 14.5737   Cr: 14.2131 )
00000737: 14.664    (Y': 14.796    Cb: 14.6342   Cr: 14.1996 )
00000738: 14.6572   (Y': 14.7792   Cb: 14.6314   Cr: 14.2244 )
00000739: 14.6603   (Y': 14.8126   Cb: 14.5969   Cr: 14.1562 )
00000740: 14.6417   (Y': 14.7655   Cb: 14.6139   Cr: 14.2043 )
00000741: 14.6458   (Y': 14.763    Cb: 14.6165   Cr: 14.233  )
00000742: 14.6845   (Y': 14.8169   Cb: 14.6276   Cr: 14.2434 )
00000743: 14.6808   (Y': 14.8333   Cb: 14.6053   Cr: 14.1867 )
00000744: 14.6691   (Y': 14.8183   Cb: 14.5937   Cr: 14.1862 )
00000745: 14.6732   (Y': 14.8113   Cb: 14.6061   Cr: 14.2214 )
00000746: 14.6637   (Y': 14.8138   Cb: 14.5898   Cr: 14.1763 )
00000748: 14.6774   (Y': 14.8277   Cb: 14.6021   Cr: 14.1911 )
00000747: 14.6461   (Y': 14.7739   Cb: 14.6379   Cr: 14.1769 )
00000749: 14.6716   (Y': 14.8068   Cb: 14.6228   Cr: 14.2135 )
00000750: 14.6756   (Y': 14.7939   Cb: 14.6534   Cr: 14.2523 )
00000751: 14.6688   (Y': 14.8157   Cb: 14.6114   Cr: 14.1775 )
00000752: 14.689    (Y': 14.8128   Cb: 14.6221   Cr: 14.2875 )
00000754: 14.6879   (Y': 14.8148   Cb: 14.677    Cr: 14.224  )
00000753: 14.6753   (Y': 14.7872   Cb: 14.6798   Cr: 14.2505 )
00000755: 14.6733   (Y': 14.8003   Cb: 14.646    Cr: 14.2243 )
00000756: 14.6735   (Y': 14.8111   Cb: 14.6552   Cr: 14.1794 )
00000757: 14.6545   (Y': 14.798    Cb: 14.6265   Cr: 14.1487 )
00000758: 14.9423   (Y': 15.2425   Cb: 14.6352   Cr: 14.173  )
00000759: 15.0855   (Y': 15.4125   Cb: 14.6738   Cr: 14.3277 )
00000760: 15.056    (Y': 15.411    Cb: 14.6811   Cr: 14.1791 )
00000761: 14.9541   (Y': 15.2939   Cb: 14.6029   Cr: 14.1017 )
00000762: 14.8972   (Y': 15.1905   Cb: 14.6312   Cr: 14.1121 )
00000763: 15.0768   (Y': 15.4317   Cb: 14.6526   Cr: 14.2448 )
00000764: 15.1431   (Y': 15.5626   Cb: 14.6339   Cr: 14.1953 )
00000765: 15.1947   (Y': 15.5793   Cb: 14.763    Cr: 14.2799 )
00000766: 15.3018   (Y': 15.7449   Cb: 14.7578   Cr: 14.317  )
00000767: 15.3505   (Y': 15.7657   Cb: 14.8664   Cr: 14.3924 )
00000768: 15.3461   (Y': 15.7615   Cb: 14.8622   Cr: 14.3875 )
00000770: 15.2442   (Y': 15.6476   Cb: 14.8263   Cr: 14.2618 )
00000769: 15.2368   (Y': 15.6509   Cb: 14.8033   Cr: 14.2373 )
00000771: 15.1793   (Y': 15.5397   Cb: 14.8023   Cr: 14.2879 )
00000772: 15.1444   (Y': 15.4842   Cb: 14.7724   Cr: 14.3105 )
00000773: 15.147    (Y': 15.5154   Cb: 14.7495   Cr: 14.2497 )
00000774: 15.0968   (Y': 15.469    Cb: 14.678    Cr: 14.2071 )
00000775: 15.046    (Y': 15.4166   Cb: 14.6763   Cr: 14.1179 )
00000778: 15.0069   (Y': 15.355    Cb: 14.6822   Cr: 14.1061 )
00000777: 14.9865   (Y': 15.3267   Cb: 14.6568   Cr: 14.1137 )
00000776: 15.0225   (Y': 15.3681   Cb: 14.7052   Cr: 14.123  )
00000779: 14.9732   (Y': 15.3064   Cb: 14.6738   Cr: 14.0954 )
00000780: 14.9788   (Y': 15.3205   Cb: 14.6663   Cr: 14.0869 )
00000781: 14.9883   (Y': 15.3302   Cb: 14.6427   Cr: 14.1249 )
00000782: 15.0044   (Y': 15.356    Cb: 14.6311   Cr: 14.1361 )
00000783: 14.9809   (Y': 15.3388   Cb: 14.6292   Cr: 14.0744 )
00000784: 15.0468   (Y': 15.4024   Cb: 14.6942   Cr: 14.1482 )
00000785: 15.0277   (Y': 15.3658   Cb: 14.6722   Cr: 14.1844 )
00000786: 15.0201   (Y': 15.3657   Cb: 14.6356   Cr: 14.1798 )
00000787: 14.9535   (Y': 15.2733   Cb: 14.6591   Cr: 14.1117 )
00000788: 14.9263   (Y': 15.227    Cb: 14.6802   Cr: 14.1009 )
00000789: 14.931    (Y': 15.2362   Cb: 14.6324   Cr: 14.138  )
00000790: 14.9226   (Y': 15.2267   Cb: 14.6345   Cr: 14.124  )
00000791: 14.8953   (Y': 15.1845   Cb: 14.619    Cr: 14.1327 )
00000792: 15.0306   (Y': 15.3675   Cb: 14.6913   Cr: 14.1766 )
00000793: 15.1861   (Y': 15.5455   Cb: 14.8281   Cr: 14.2809 )
00000794: 15.2325   (Y': 15.6318   Cb: 14.743    Cr: 14.3265 )
00000795: 15.1957   (Y': 15.5939   Cb: 14.7147   Cr: 14.2847 )
00000796: 15.2056   (Y': 15.5575   Cb: 14.8399   Cr: 14.3296 )
00000797: 15.2153   (Y': 15.5664   Cb: 14.8132   Cr: 14.3741 )
00000798: 15.2157   (Y': 15.5959   Cb: 14.7949   Cr: 14.3038 )
00000799: 15.1648   (Y': 15.508    Cb: 14.8239   Cr: 14.2931 )
00000800: 15.0733   (Y': 15.3975   Cb: 14.7269   Cr: 14.2649 )
00000801: 15.0362   (Y': 15.3114   Cb: 14.7437   Cr: 14.3327 )
00000802: 14.8859   (Y': 15.1053   Cb: 14.6926   Cr: 14.2731 )
00000803: 14.7368   (Y': 14.8915   Cb: 14.6562   Cr: 14.2397 )
00000804: 14.6738   (Y': 14.7821   Cb: 14.665    Cr: 14.2738 )
00000805: 14.6736   (Y': 14.7845   Cb: 14.6819   Cr: 14.2484 )
00000806: 14.6561   (Y': 14.7713   Cb: 14.6364   Cr: 14.2414 )
00000807: 14.695    (Y': 14.8285   Cb: 14.5963   Cr: 14.2885 )
00000808: 14.7035   (Y': 14.8342   Cb: 14.6226   Cr: 14.2908 )
00000809: 14.7438   (Y': 14.8954   Cb: 14.6677   Cr: 14.2535 )
00000810: 14.778    (Y': 14.961    Cb: 14.6394   Cr: 14.237  )
00000811: 14.7578   (Y': 14.9335   Cb: 14.6233   Cr: 14.2383 )
00000812: 14.7662   (Y': 14.9129   Cb: 14.7126   Cr: 14.2722 )
00000813: 14.734    (Y': 14.8685   Cb: 14.7106   Cr: 14.255  )
00000814: 14.7434   (Y': 14.9105   Cb: 14.6593   Cr: 14.2071 )
00000815: 14.7381   (Y': 14.9037   Cb: 14.6107   Cr: 14.2465 )
00000816: 15.1213   (Y': 15.4912   Cb: 14.6642   Cr: 14.2735 )
00000817: 15.2997   (Y': 15.7099   Cb: 14.7729   Cr: 14.3954 )
00000818: 15.2461   (Y': 15.6402   Cb: 14.7681   Cr: 14.3449 )
00000819: 15.1804   (Y': 15.5461   Cb: 14.7662   Cr: 14.3065 )
00000820: 15.0463   (Y': 15.3857   Cb: 14.7554   Cr: 14.1423 )
00000821: 15.0774   (Y': 15.4486   Cb: 14.6891   Cr: 14.1636 )
00000822: 15.0983   (Y': 15.4639   Cb: 14.6857   Cr: 14.2232 )
00000823: 15.0531   (Y': 15.4117   Cb: 14.6997   Cr: 14.1462 )
00000824: 15.0422   (Y': 15.3525   Cb: 14.7405   Cr: 14.2363 )
00000826: 15.2056   (Y': 15.5554   Cb: 14.7903   Cr: 14.3808 )
00000825: 15.0239   (Y': 15.3337   Cb: 14.6868   Cr: 14.2513 )
00000827: 15.3022   (Y': 15.6777   Cb: 14.8597   Cr: 14.4239 )
00000828: 15.341    (Y': 15.7577   Cb: 14.8253   Cr: 14.4075 )
00000829: 15.1872   (Y': 15.589    Cb: 14.7493   Cr: 14.2272 )
00000830: 15.1276   (Y': 15.4864   Cb: 14.7785   Cr: 14.2163 )
00000831: 15.1021   (Y': 15.4662   Cb: 14.7246   Cr: 14.1997 )
00000832: 15.0894   (Y': 15.4609   Cb: 14.7143   Cr: 14.1634 )
00000833: 15.0549   (Y': 15.4322   Cb: 14.6799   Cr: 14.1112 )
00000834: 15.1425   (Y': 15.5158   Cb: 14.7562   Cr: 14.2206 )
00000835: 15.3001   (Y': 15.6965   Cb: 14.8494   Cr: 14.3674 )
00000836: 15.32     (Y': 15.7553   Cb: 14.7972   Cr: 14.3388 )
00000837: 15.27     (Y': 15.665    Cb: 14.8063   Cr: 14.3532 )
00000838: 15.185    (Y': 15.5757   Cb: 14.7225   Cr: 14.2797 )
00000839: 15.0409   (Y': 15.3816   Cb: 14.6901   Cr: 14.1856 )
00000840: 15.0244   (Y': 15.3676   Cb: 14.7017   Cr: 14.1368 )
00000841: 15.069    (Y': 15.433    Cb: 14.6626   Cr: 14.1927 )
00000842: 15.0467   (Y': 15.4088   Cb: 14.6303   Cr: 14.1854 )
00000843: 15.0857   (Y': 15.4541   Cb: 14.6758   Cr: 14.1995 )
00000844: 15.0409   (Y': 15.3968   Cb: 14.671    Cr: 14.1565 )
00000845: 14.9991   (Y': 15.3419   Cb: 14.6324   Cr: 14.1517 )
00000846: 14.9878   (Y': 15.3716   Cb: 14.5478   Cr: 14.0826 )
00000847: 14.9949   (Y': 15.3656   Cb: 14.5875   Cr: 14.0998 )
00000848: 14.9954   (Y': 15.3372   Cb: 14.6105   Cr: 14.1673 )
00000849: 15.0523   (Y': 15.3936   Cb: 14.6374   Cr: 14.253  )
00000850: 15.0071   (Y': 15.357    Cb: 14.613    Cr: 14.1625 )
00000851: 14.9791   (Y': 15.2674   Cb: 14.7125   Cr: 14.2104 )
00000852: 14.9321   (Y': 15.1961   Cb: 14.6401   Cr: 14.2638 )
00000853: 14.8678   (Y': 15.1306   Cb: 14.6748   Cr: 14.1144 )
00000854: 14.8808   (Y': 15.1509   Cb: 14.6132   Cr: 14.1705 )
00000855: 14.8587   (Y': 15.1318   Cb: 14.5909   Cr: 14.139  )
00000856: 14.8768   (Y': 15.1534   Cb: 14.6435   Cr: 14.1153 )
00000857: 14.8808   (Y': 15.1441   Cb: 14.622    Cr: 14.1842 )
00000858: 14.9219   (Y': 15.2003   Cb: 14.6993   Cr: 14.1452 )
00000859: 14.9115   (Y': 15.1673   Cb: 14.706    Cr: 14.1913 )
00000860: 14.8735   (Y': 15.1061   Cb: 14.7019   Cr: 14.1979 )
00000861: 14.8614   (Y': 15.0967   Cb: 14.7099   Cr: 14.1593 )
00000862: 14.8956   (Y': 15.1411   Cb: 14.7469   Cr: 14.1584 )
00000863: 14.8988   (Y': 15.1424   Cb: 14.7237   Cr: 14.191  )
00000864: 14.9      (Y': 15.164    Cb: 14.6284   Cr: 14.2133 )
00000865: 14.9872   (Y': 15.263    Cb: 14.7266   Cr: 14.2523 )
00000866: 15.231    (Y': 15.5653   Cb: 14.8708   Cr: 14.4038 )
00000867: 15.2603   (Y': 15.6058   Cb: 14.9383   Cr: 14.365  )
00000869: 15.0514   (Y': 15.3769   Cb: 14.692    Cr: 14.2501 )
00000868: 15.2136   (Y': 15.555    Cb: 14.8706   Cr: 14.3493 )
00000870: 15.1007   (Y': 15.4365   Cb: 14.7272   Cr: 14.2809 )
00000871: 15.2      (Y': 15.5793   Cb: 14.7392   Cr: 14.327  )
00000872: 15.2285   (Y': 15.5818   Cb: 14.8718   Cr: 14.3404 )
00000873: 15.1742   (Y': 15.5101   Cb: 14.8123   Cr: 14.3435 )
00000874: 15.1303   (Y': 15.4168   Cb: 14.8363   Cr: 14.3917 )
00000875: 15.0969   (Y': 15.3904   Cb: 14.8196   Cr: 14.3215 )
00000876: 14.9787   (Y': 15.2419   Cb: 14.7906   Cr: 14.2199 )
00000877: 15.0893   (Y': 15.3771   Cb: 14.8519   Cr: 14.2962 )
00000878: 15.1789   (Y': 15.5117   Cb: 14.8493   Cr: 14.329  )
00000879: 15.0199   (Y': 15.2873   Cb: 14.8112   Cr: 14.2657 )
00000880: 15.0132   (Y': 15.3256   Cb: 14.7003   Cr: 14.2106 )
00000881: 15.2001   (Y': 15.5185   Cb: 14.8814   Cr: 14.3845 )
00000882: 15.221    (Y': 15.5518   Cb: 14.8767   Cr: 14.3898 )
00000883: 15.2633   (Y': 15.582    Cb: 14.9341   Cr: 14.4558 )
00000884: 15.2752   (Y': 15.6323   Cb: 14.8533   Cr: 14.4339 )
00000885: 15.292    (Y': 15.6798   Cb: 14.8117   Cr: 14.4115 )
00000886: 15.2587   (Y': 15.6454   Cb: 14.833    Cr: 14.3325 )
00000887: 15.1864   (Y': 15.5495   Cb: 14.7139   Cr: 14.3731 )
00000888: 15.0911   (Y': 15.4332   Cb: 14.7034   Cr: 14.2646 )
00000889: 15.1018   (Y': 15.4536   Cb: 14.6462   Cr: 14.3077 )
00000890: 15.066    (Y': 15.3951   Cb: 14.6817   Cr: 14.2767 )
00000891: 14.9711   (Y': 15.2541   Cb: 14.6365   Cr: 14.281  )
00000892: 14.8384   (Y': 15.058    Cb: 14.6095   Cr: 14.2576 )
00000893: 14.7356   (Y': 14.9156   Cb: 14.6242   Cr: 14.18   )
00000894: 14.6602   (Y': 14.801    Cb: 14.5974   Cr: 14.1953 )
00000895: 14.7229   (Y': 14.8784   Cb: 14.6376   Cr: 14.2272 )
00000896: 14.7147   (Y': 14.873    Cb: 14.5999   Cr: 14.2366 )
00000898: 14.7354   (Y': 14.8944   Cb: 14.6445   Cr: 14.2329 )
00000897: 14.7116   (Y': 14.8525   Cb: 14.6959   Cr: 14.2035 )
00000899: 14.6907   (Y': 14.8356   Cb: 14.6238   Cr: 14.2152 )
00000900: 14.6444   (Y': 14.7632   Cb: 14.6117   Cr: 14.2291 )
00000901: 14.6504   (Y': 14.792    Cb: 14.6192   Cr: 14.1538 )
00000902: 14.6392   (Y': 14.7456   Cb: 14.6538   Cr: 14.2247 )
00000903: 14.6155   (Y': 14.7449   Cb: 14.5796   Cr: 14.1655 )
00000904: 14.6498   (Y': 14.7719   Cb: 14.6114   Cr: 14.2281 )
00000906: 14.6114   (Y': 14.7256   Cb: 14.5735   Cr: 14.217  )
00000905: 14.6208   (Y': 14.7446   Cb: 14.6011   Cr: 14.1758 )
00000907: 14.6458   (Y': 14.7535   Cb: 14.646    Cr: 14.2395 )
00000908: 14.6321   (Y': 14.7381   Cb: 14.6042   Cr: 14.2578 )
00000909: 14.6224   (Y': 14.7085   Cb: 14.6591   Cr: 14.2603 )
00000910: 14.6217   (Y': 14.7444   Cb: 14.5548   Cr: 14.2239 )
00000911: 14.6226   (Y': 14.7389   Cb: 14.5779   Cr: 14.227  )
00000912: 14.6226   (Y': 14.7089   Cb: 14.638    Cr: 14.2796 )
00000913: 14.6476   (Y': 14.7627   Cb: 14.6339   Cr: 14.2278 )
00000914: 14.6228   (Y': 14.727    Cb: 14.6852   Cr: 14.173  )
00000915: 14.6343   (Y': 14.7406   Cb: 14.6199   Cr: 14.2462 )
00000917: 14.6255   (Y': 14.7315   Cb: 14.6446   Cr: 14.208  )
00000916: 14.65     (Y': 14.775    Cb: 14.5789   Cr: 14.2483 )
00000918: 14.6184   (Y': 14.7291   Cb: 14.6582   Cr: 14.1658 )
00000919: 14.6102   (Y': 14.7264   Cb: 14.5813   Cr: 14.2005 )
00000920: 14.6325   (Y': 14.7559   Cb: 14.5743   Cr: 14.2241 )
00000922: 14.7217   (Y': 14.8705   Cb: 14.6331   Cr: 14.2525 )
00000921: 14.6639   (Y': 14.7885   Cb: 14.6405   Cr: 14.2194 )
00000923: 14.7696   (Y': 14.9555   Cb: 14.608    Cr: 14.2399 )
00000924: 14.7839   (Y': 14.9947   Cb: 14.5816   Cr: 14.2077 )
00000925: 14.6807   (Y': 14.8271   Cb: 14.5769   Cr: 14.2337 )
00000926: 14.7015   (Y': 14.8837   Cb: 14.5881   Cr: 14.1402 )
00000927: 14.7696   (Y': 14.9902   Cb: 14.5709   Cr: 14.1579 )
00000928: 14.8611   (Y': 15.1094   Cb: 14.6033   Cr: 14.2126 )
00000929: 14.7971   (Y': 15.0465   Cb: 14.5879   Cr: 14.1009 )
00000930: 14.859    (Y': 15.0966   Cb: 14.6928   Cr: 14.1625 )
00000931: 14.8556   (Y': 15.1143   Cb: 14.5416   Cr: 14.2247 )
00000932: 14.8238   (Y': 15.0579   Cb: 14.6088   Cr: 14.1825 )
00000933: 14.8391   (Y': 15.0599   Cb: 14.6619   Cr: 14.2074 )
00000934: 14.7907   (Y': 15.0243   Cb: 14.5753   Cr: 14.1514 )
00000935: 14.788    (Y': 14.9868   Cb: 14.5744   Cr: 14.2628 )
00000936: 14.8731   (Y': 15.1014   Cb: 14.6037   Cr: 14.3009 )
00000937: 14.9951   (Y': 15.3218   Cb: 14.6324   Cr: 14.1931 )
00000938: 15.1386   (Y': 15.4828   Cb: 14.7273   Cr: 14.3272 )
00000939: 15.2214   (Y': 15.6361   Cb: 14.7027   Cr: 14.2964 )
00000941: 14.9917   (Y': 15.2662   Cb: 14.6793   Cr: 14.3082 )
00000940: 15.1696   (Y': 15.5281   Cb: 14.7405   Cr: 14.3308 )
00000942: 14.8578   (Y': 15.1057   Cb: 14.6002   Cr: 14.2103 )
00000943: 14.499    (Y': 14.6177   Cb: 14.5085   Cr: 14.0454 )
00000944: 14.4665   (Y': 14.5809   Cb: 14.4837   Cr: 14.0211 )
00000946: 14.9606   (Y': 15.2278   Cb: 14.6393   Cr: 14.3087 )
00000945: 14.7045   (Y': 14.9078   Cb: 14.5289   Cr: 14.129  )
00000947: 15.2497   (Y': 15.5666   Cb: 14.8794   Cr: 14.4856 )
00000948: 15.2908   (Y': 15.6447   Cb: 14.8006   Cr: 14.5225 )
00000949: 15.3963   (Y': 15.7765   Cb: 14.9094   Cr: 14.5447 )
00000950: 15.3924   (Y': 15.7787   Cb: 14.8999   Cr: 14.5277 )
00000951: 15.4501   (Y': 15.7802   Cb: 15.0751   Cr: 14.649  )
00000952: 15.5111   (Y': 15.8865   Cb: 15.0033   Cr: 14.6934 )
00000953: 15.5759   (Y': 15.9683   Cb: 15.0876   Cr: 14.6892 )
00000954: 15.7038   (Y': 16.0956   Cb: 15.2419   Cr: 14.7946 )
00000955: 15.7797   (Y': 16.1783   Cb: 15.3128   Cr: 14.8552 )
00000956: 15.9098   (Y': 16.2519   Cb: 15.5094   Cr: 15.095  )
00000957: 15.9531   (Y': 16.3246   Cb: 15.522    Cr: 15.0768 )
00000958: 16.0349   (Y': 16.4      Cb: 15.6031   Cr: 15.1787 )
00000959: 16.0949   (Y': 16.4197   Cb: 15.8714   Cr: 15.1768 )
00000960: 16.1093   (Y': 16.4532   Cb: 15.8252   Cr: 15.1859 )
00000961: 16.2551   (Y': 16.5257   Cb: 16.1117   Cr: 15.4345 )
00000962: 16.2699   (Y': 16.5434   Cb: 16.2489   Cr: 15.3382 )
00000963: 16.1709   (Y': 16.4092   Cb: 16.2495   Cr: 15.2668 )
00000965: 16.3038   (Y': 16.5806   Cb: 16.4659   Cr: 15.2195 )
00000964: 16.1094   (Y': 16.3652   Cb: 16.1985   Cr: 15.1432 )
00000966: 16.3303   (Y': 16.5914   Cb: 16.5606   Cr: 15.2411 )
00000967: 16.2096   (Y': 16.497    Cb: 16.3714   Cr: 15.0946 )
00000968: 16.3522   (Y': 16.576    Cb: 16.5405   Cr: 15.4062 )
00000969: 16.3383   (Y': 16.5118   Cb: 16.6875   Cr: 15.4255 )
00000970: 16.3741   (Y': 16.5792   Cb: 16.6693   Cr: 15.4043 )
00000971: 16.3101   (Y': 16.4923   Cb: 16.7004   Cr: 15.3398 )
00000972: 16.2732   (Y': 16.449    Cb: 16.6869   Cr: 15.3059 )
00000973: 16.2201   (Y': 16.3801   Cb: 16.6876   Cr: 15.2622 )
00000974: 16.2086   (Y': 16.3635   Cb: 16.7087   Cr: 15.2434 )
00000975: 16.178    (Y': 16.3327   Cb: 16.6756   Cr: 15.2149 )
00000976: 16.1592   (Y': 16.3444   Cb: 16.6441   Cr: 15.1125 )
00000977: 16.1883   (Y': 16.3567   Cb: 16.6822   Cr: 15.1858 )
00000978: 16.1156   (Y': 16.2602   Cb: 16.7172   Cr: 15.1105 )
00000979: 16.1384   (Y': 16.3009   Cb: 16.6968   Cr: 15.109  )
00000980: 16.1329   (Y': 16.2886   Cb: 16.6698   Cr: 15.1388 )
00000981: 16.1175   (Y': 16.3038   Cb: 16.5983   Cr: 15.0699 )
00000982: 16.0334   (Y': 16.17     Cb: 16.6222   Cr: 15.062  )
00000983: 16.0912   (Y': 16.2541   Cb: 16.6148   Cr: 15.0845 )
00000984: 16.0582   (Y': 16.2231   Cb: 16.6108   Cr: 15.025  )
00000985: 16.0482   (Y': 16.1758   Cb: 16.61     Cr: 15.124  )
00000986: 16.083    (Y': 16.2429   Cb: 16.5853   Cr: 15.1005 )
00000987: 16.0829   (Y': 16.2326   Cb: 16.5672   Cr: 15.1451 )
00000988: 16.1324   (Y': 16.3016   Cb: 16.6209   Cr: 15.1316 )
00000989: 16.1351   (Y': 16.3071   Cb: 16.5519   Cr: 15.1771 )
00000990: 16.1071   (Y': 16.2974   Cb: 16.548    Cr: 15.076  )
00000991: 16.0398   (Y': 16.1784   Cb: 16.5859   Cr: 15.092  )
00000992: 16.0159   (Y': 16.1838   Cb: 16.5534   Cr: 14.9842 )
00000993: 16.0381   (Y': 16.2114   Cb: 16.494    Cr: 15.0478 )
00000994: 16.1202   (Y': 16.274    Cb: 16.6362   Cr: 15.1466 )
00000995: 16.0803   (Y': 16.2344   Cb: 16.5616   Cr: 15.1309 )
00000998: 16.0738   (Y': 16.2536   Cb: 16.4955   Cr: 15.0883 )
00000997: 16.0593   (Y': 16.2174   Cb: 16.5752   Cr: 15.0729 )
00000996: 16.0681   (Y': 16.2142   Cb: 16.566    Cr: 15.1314 )
Total: 15.0952   (Y': 15.3586   Cb: 14.9295   Cr: 14.3162 )
