00000000: 37.4581   (Y': INF       Cb: 32.6869   Cr: 32.6869 )
00000002: 16.4822   (Y': 17.9792   Cb: 14.3717   Cr: 14.6055 )
00000001: 16.4176   (Y': 17.873    Cb: 14.343    Cr: 14.5801 )
00000003: 16.2636   (Y': 17.8461   Cb: 14.0793   Cr: 14.3104 )
00000004: 16.2803   (Y': 17.8561   Cb: 14.1026   Cr: 14.332  )
00000006: 16.1814   (Y': 17.8049   Cb: 13.9598   Cr: 14.1956 )
00000007: 16.2019   (Y': 17.7857   Cb: 14.0066   Cr: 14.258  )
00000005: 16.3011   (Y': 17.8752   Cb: 14.1163   Cr: 14.3633 )
00000008: 16.1336   (Y': 17.7143   Cb: 13.9456   Cr: 14.1875 )
00000009: 16.5762   (Y': 18.0668   Cb: 14.4586   Cr: 14.7187 )
00000010: 16.5759   (Y': 18.0579   Cb: 14.4664   Cr: 14.7259 )
00000011: 16.572    (Y': 18.0691   Cb: 14.432    Cr: 14.7265 )
00000012: 16.5523   (Y': 18.0544   Cb: 14.4384   Cr: 14.6701 )
00000013: 16.5824   (Y': 18.0852   Cb: 14.4572   Cr: 14.7109 )
00000015: 16.5508   (Y': 18.0694   Cb: 14.4095   Cr: 14.6669 )
00000014: 16.5732   (Y': 18.0888   Cb: 14.4239   Cr: 14.7037 )
00000016: 16.56     (Y': 18.0454   Cb: 14.4562   Cr: 14.6977 )
00000017: 16.5869   (Y': 18.0912   Cb: 14.4696   Cr: 14.7038 )
00000018: 16.6002   (Y': 18.0967   Cb: 14.5182   Cr: 14.6947 )
00000019: 16.5789   (Y': 18.0727   Cb: 14.5009   Cr: 14.674  )
00000020: 16.5818   (Y': 18.0522   Cb: 14.4751   Cr: 14.7507 )
00000021: 16.5769   (Y': 18.067    Cb: 14.4486   Cr: 14.7318 )
00000022: 16.6094   (Y': 18.0835   Cb: 14.5073   Cr: 14.766  )
00000023: 16.6022   (Y': 18.0541   Cb: 14.526    Cr: 14.7732 )
00000024: 16.6054   (Y': 18.0722   Cb: 14.5123   Cr: 14.7663 )
00000025: 16.5811   (Y': 18.0455   Cb: 14.5232   Cr: 14.7094 )
00000026: 16.5807   (Y': 18.0423   Cb: 14.5205   Cr: 14.7167 )
00000028: 16.5558   (Y': 18.0209   Cb: 14.5068   Cr: 14.6735 )
00000027: 16.575    (Y': 18.03     Cb: 14.5304   Cr: 14.7067 )
00000029: 16.5826   (Y': 18.0251   Cb: 14.5296   Cr: 14.7469 )
00000030: 16.5682   (Y': 18.0179   Cb: 14.498    Cr: 14.7368 )
00000031: 16.5777   (Y': 18.0444   Cb: 14.4983   Cr: 14.7242 )
00000032: 16.566    (Y': 18.0236   Cb: 14.521    Cr: 14.6937 )
00000033: 16.5556   (Y': 18.0097   Cb: 14.5039   Cr: 14.6966 )
00000034: 16.5801   (Y': 18.0204   Cb: 14.555    Cr: 14.7191 )
00000036: 16.5605   (Y': 18.0026   Cb: 14.4703   Cr: 14.765  )
00000035: 16.5637   (Y': 18.0011   Cb: 14.5281   Cr: 14.7193 )
00000037: 16.6031   (Y': 18.0385   Cb: 14.5554   Cr: 14.775  )
00000038: 16.5761   (Y': 18.0085   Cb: 14.556    Cr: 14.725  )
00000039: 16.5885   (Y': 18.0331   Cb: 14.5512   Cr: 14.7322 )
00000040: 16.5836   (Y': 18.0234   Cb: 14.5649   Cr: 14.7171 )
00000042: 16.5649   (Y': 18.0017   Cb: 14.5248   Cr: 14.7261 )
00000041: 16.5681   (Y': 17.9798   Cb: 14.5433   Cr: 14.7608 )
00000045: 16.5809   (Y': 18.0294   Cb: 14.5059   Cr: 14.7571 )
00000043: 16.5717   (Y': 17.9914   Cb: 14.5461   Cr: 14.75   )
00000047: 16.5757   (Y': 18.0074   Cb: 14.5553   Cr: 14.7261 )
00000046: 16.5917   (Y': 18.0239   Cb: 14.5288   Cr: 14.7858 )
00000044: 16.5779   (Y': 18.0165   Cb: 14.5709   Cr: 14.7014 )
00000048: 16.5852   (Y': 18.0057   Cb: 14.5704   Cr: 14.7509 )
00000049: 16.5622   (Y': 17.9739   Cb: 14.5424   Cr: 14.7496 )
00000050: 16.5898   (Y': 18.0104   Cb: 14.5595   Cr: 14.7715 )
00000051: 16.5712   (Y': 17.9921   Cb: 14.551    Cr: 14.7417 )
00000052: 16.5495   (Y': 17.9683   Cb: 14.5201   Cr: 14.7334 )
00000053: 16.5976   (Y': 18.0231   Cb: 14.5495   Cr: 14.7887 )
00000054: 16.6254   (Y': 18.037    Cb: 14.5786   Cr: 14.8418 )
00000055: 16.5778   (Y': 18.0165   Cb: 14.5238   Cr: 14.7501 )
00000056: 16.6152   (Y': 18.0225   Cb: 14.558    Cr: 14.8506 )
00000057: 16.6273   (Y': 18.0539   Cb: 14.5625   Cr: 14.8338 )
00000058: 16.5918   (Y': 18.0043   Cb: 14.5398   Cr: 14.812  )
00000059: 16.6052   (Y': 17.9915   Cb: 14.5955   Cr: 14.831  )
00000060: 16.5889   (Y': 18.0049   Cb: 14.5796   Cr: 14.7571 )
00000062: 16.5896   (Y': 18.0079   Cb: 14.5205   Cr: 14.8166 )
00000061: 16.5584   (Y': 18.0163   Cb: 14.4581   Cr: 14.7438 )
00000063: 16.5749   (Y': 18.0377   Cb: 14.4891   Cr: 14.7358 )
00000064: 16.5294   (Y': 17.993    Cb: 14.4718   Cr: 14.6591 )
00000065: 16.587    (Y': 18.018    Cb: 14.5155   Cr: 14.7924 )
00000066: 16.5844   (Y': 18.0003   Cb: 14.5525   Cr: 14.7767 )
00000068: 16.5872   (Y': 18.0334   Cb: 14.5188   Cr: 14.7606 )
00000067: 16.5864   (Y': 18.0455   Cb: 14.4994   Cr: 14.7554 )
00000069: 16.5598   (Y': 17.976    Cb: 14.5625   Cr: 14.7153 )
00000070: 16.5607   (Y': 17.9721   Cb: 14.5156   Cr: 14.7752 )
00000071: 16.5966   (Y': 18.0093   Cb: 14.5383   Cr: 14.823  )
00000072: 16.5797   (Y': 18.0085   Cb: 14.4842   Cr: 14.8152 )
00000073: 16.5621   (Y': 18.0099   Cb: 14.46     Cr: 14.7684 )
00000074: 16.5878   (Y': 17.9855   Cb: 14.5493   Cr: 14.8219 )
00000075: 16.5878   (Y': 18.0058   Cb: 14.5432   Cr: 14.7896 )
00000076: 16.5945   (Y': 18.0064   Cb: 14.5518   Cr: 14.8057 )
00000077: 16.5697   (Y': 17.9718   Cb: 14.5269   Cr: 14.7997 )
00000078: 16.5708   (Y': 17.9731   Cb: 14.5624   Cr: 14.7642 )
00000079: 16.6061   (Y': 18.0352   Cb: 14.5422   Cr: 14.8072 )
00000080: 16.6012   (Y': 18.0185   Cb: 14.5497   Cr: 14.8116 )
00000081: 16.5823   (Y': 18.0029   Cb: 14.5359   Cr: 14.781  )
00000082: 16.573    (Y': 17.9553   Cb: 14.5688   Cr: 14.8005 )
00000083: 16.596    (Y': 17.9696   Cb: 14.6051   Cr: 14.8263 )
00000085: 16.6055   (Y': 18.0007   Cb: 14.5665   Cr: 14.8448 )
00000084: 16.6015   (Y': 18.0254   Cb: 14.5424   Cr: 14.8071 )
00000086: 16.6005   (Y': 18.0243   Cb: 14.5418   Cr: 14.806  )
00000087: 16.6058   (Y': 18.0258   Cb: 14.5507   Cr: 14.8147 )
00000088: 16.563    (Y': 18.0285   Cb: 14.4476   Cr: 14.75   )
00000089: 16.6022   (Y': 18.076    Cb: 14.4804   Cr: 14.7805 )
00000090: 16.5604   (Y': 18.0535   Cb: 14.4745   Cr: 14.665  )
00000091: 16.5854   (Y': 18.0615   Cb: 14.5072   Cr: 14.7136 )
00000093: 16.5684   (Y': 18.0535   Cb: 14.5037   Cr: 14.6656 )
00000092: 16.5847   (Y': 18.0584   Cb: 14.5014   Cr: 14.7224 )
00000094: 16.5699   (Y': 18.0381   Cb: 14.5073   Cr: 14.696  )
00000095: 16.5495   (Y': 18.038    Cb: 14.4592   Cr: 14.6672 )
00000096: 16.5836   (Y': 18.0554   Cb: 14.4775   Cr: 14.7489 )
00000097: 16.5685   (Y': 18.0267   Cb: 14.5292   Cr: 14.6889 )
00000098: 16.5507   (Y': 18.0144   Cb: 14.4712   Cr: 14.7029 )
00000099: 16.5762   (Y': 18.0268   Cb: 14.5222   Cr: 14.726  )
00000100: 16.5536   (Y': 18.0296   Cb: 14.4531   Cr: 14.705  )
00000101: 16.5677   (Y': 18.0285   Cb: 14.4829   Cr: 14.7309 )
00000102: 16.5639   (Y': 18.0569   Cb: 14.4634   Cr: 14.6839 )
00000103: 16.5542   (Y': 18.0213   Cb: 14.4537   Cr: 14.7225 )
00000104: 16.5495   (Y': 18.0391   Cb: 14.4177   Cr: 14.7092 )
00000105: 16.5707   (Y': 18.0457   Cb: 14.464    Cr: 14.7308 )
00000106: 16.5424   (Y': 18.0001   Cb: 14.449    Cr: 14.7206 )
00000107: 16.5473   (Y': 18.0047   Cb: 14.4396   Cr: 14.7414 )
00000108: 16.5704   (Y': 18.0393   Cb: 14.488    Cr: 14.7159 )
00000109: 16.5796   (Y': 18.0323   Cb: 14.5293   Cr: 14.7217 )
00000110: 16.5488   (Y': 18.0002   Cb: 14.4909   Cr: 14.7012 )
00000111: 16.5617   (Y': 18.0648   Cb: 14.4332   Cr: 14.6926 )
00000112: 16.5608   (Y': 18.0207   Cb: 14.4626   Cr: 14.7402 )
00000113: 16.5818   (Y': 18.0747   Cb: 14.4743   Cr: 14.7094 )
00000114: 16.5667   (Y': 18.0366   Cb: 14.4727   Cr: 14.7226 )
00000115: 16.5595   (Y': 18.0531   Cb: 14.4506   Cr: 14.6873 )
00000116: 16.5298   (Y': 18.0156   Cb: 14.3925   Cr: 14.7026 )
00000118: 16.5627   (Y': 18.0567   Cb: 14.4248   Cr: 14.7208 )
00000117: 16.567    (Y': 18.0429   Cb: 14.4613   Cr: 14.7242 )
00000119: 16.5505   (Y': 18.0506   Cb: 14.4092   Cr: 14.701  )
00000120: 16.554    (Y': 18.0198   Cb: 14.5028   Cr: 14.6728 )
00000121: 16.5497   (Y': 18.0197   Cb: 14.4483   Cr: 14.7134 )
00000122: 16.5601   (Y': 18.0422   Cb: 14.4294   Cr: 14.7327 )
00000123: 16.5637   (Y': 18.0372   Cb: 14.4307   Cr: 14.7547 )
00000124: 16.557    (Y': 18.0278   Cb: 14.4678   Cr: 14.7063 )
00000126: 16.5325   (Y': 18.0067   Cb: 14.4624   Cr: 14.6555 )
00000125: 16.5653   (Y': 18.0224   Cb: 14.4789   Cr: 14.7372 )
00000127: 16.5452   (Y': 18.017    Cb: 14.4437   Cr: 14.7056 )
00000128: 16.5464   (Y': 18.0261   Cb: 14.4377   Cr: 14.6999 )
00000129: 16.5394   (Y': 18.0259   Cb: 14.4547   Cr: 14.655  )
00000130: 16.5642   (Y': 18.0236   Cb: 14.4839   Cr: 14.7251 )
00000131: 16.5594   (Y': 18.049    Cb: 14.4766   Cr: 14.6674 )
00000132: 16.5477   (Y': 18.0283   Cb: 14.4373   Cr: 14.7012 )
00000134: 16.5673   (Y': 18.0262   Cb: 14.5068   Cr: 14.7086 )
00000133: 16.5798   (Y': 18.0512   Cb: 14.4881   Cr: 14.7306 )
00000135: 16.5428   (Y': 18.0206   Cb: 14.4348   Cr: 14.6991 )
00000136: 16.5306   (Y': 18.0263   Cb: 14.4243   Cr: 14.6519 )
00000137: 16.5608   (Y': 18.0224   Cb: 14.4721   Cr: 14.7267 )
00000138: 16.5467   (Y': 18.0149   Cb: 14.4682   Cr: 14.6898 )
00000139: 16.5235   (Y': 18.0139   Cb: 14.408    Cr: 14.6644 )
00000140: 16.4227   (Y': 17.9659   Cb: 14.3962   Cr: 14.3768 )
00000141: 16.4725   (Y': 17.9929   Cb: 14.5361   Cr: 14.3785 )
00000142: 16.4278   (Y': 17.9764   Cb: 14.4702   Cr: 14.305  )
00000143: 16.5337   (Y': 17.9866   Cb: 14.4758   Cr: 14.6833 )
00000144: 16.5221   (Y': 17.976    Cb: 14.4759   Cr: 14.6579 )
00000145: 16.545    (Y': 17.9997   Cb: 14.4962   Cr: 14.6818 )
00000146: 16.5306   (Y': 17.9815   Cb: 14.4398   Cr: 14.7188 )
00000147: 16.5133   (Y': 17.9819   Cb: 14.4172   Cr: 14.6739 )
00000148: 16.5153   (Y': 17.9833   Cb: 14.4237   Cr: 14.6724 )
00000149: 16.5057   (Y': 17.977    Cb: 14.4028   Cr: 14.6685 )
00000150: 16.5395   (Y': 17.9772   Cb: 14.503    Cr: 14.6952 )
00000151: 16.5436   (Y': 17.9815   Cb: 14.4704   Cr: 14.7376 )
00000152: 16.5266   (Y': 17.9701   Cb: 14.4372   Cr: 14.7275 )
00000153: 16.5439   (Y': 17.9977   Cb: 14.4381   Cr: 14.7427 )
00000154: 16.5565   (Y': 17.9937   Cb: 14.4772   Cr: 14.7584 )
00000155: 16.5379   (Y': 18.0104   Cb: 14.4521   Cr: 14.6806 )
00000156: 16.5473   (Y': 18.0152   Cb: 14.4501   Cr: 14.7107 )
00000157: 16.5181   (Y': 17.9829   Cb: 14.4275   Cr: 14.6801 )
00000158: 16.5498   (Y': 18.0081   Cb: 14.4899   Cr: 14.6915 )
00000159: 16.6053   (Y': 18.051    Cb: 14.5132   Cr: 14.805  )
00000160: 16.5989   (Y': 18.0071   Cb: 14.5714   Cr: 14.801  )
00000161: 16.5878   (Y': 17.9889   Cb: 14.563    Cr: 14.8008 )
00000162: 16.5937   (Y': 17.9915   Cb: 14.5648   Cr: 14.8176 )
00000163: 16.5715   (Y': 17.9681   Cb: 14.5239   Cr: 14.8175 )
00000164: 16.528    (Y': 17.9626   Cb: 14.4393   Cr: 14.7451 )
00000165: 16.5624   (Y': 17.9791   Cb: 14.5247   Cr: 14.759  )
00000166: 16.5428   (Y': 17.9813   Cb: 14.4523   Cr: 14.7544 )
00000167: 16.5563   (Y': 17.9643   Cb: 14.5086   Cr: 14.7806 )
00000168: 16.5683   (Y': 17.9803   Cb: 14.5056   Cr: 14.8009 )
00000169: 16.5495   (Y': 17.9718   Cb: 14.5356   Cr: 14.7109 )
00000170: 16.5234   (Y': 17.9508   Cb: 14.4881   Cr: 14.6976 )
00000171: 16.5565   (Y': 17.974    Cb: 14.5069   Cr: 14.7643 )
00000172: 16.5313   (Y': 17.9691   Cb: 14.4582   Cr: 14.7256 )
00000173: 16.5179   (Y': 17.9461   Cb: 14.4685   Cr: 14.7053 )
00000174: 16.555    (Y': 17.9887   Cb: 14.5073   Cr: 14.7302 )
00000175: 16.5397   (Y': 17.9636   Cb: 14.4712   Cr: 14.7554 )
00000176: 16.5558   (Y': 17.9716   Cb: 14.4884   Cr: 14.786  )
00000177: 16.5239   (Y': 17.9467   Cb: 14.4575   Cr: 14.7395 )
00000178: 16.5638   (Y': 17.9739   Cb: 14.5372   Cr: 14.7615 )
00000179: 16.5281   (Y': 17.9739   Cb: 14.4123   Cr: 14.7531 )
00000180: 16.5263   (Y': 17.9693   Cb: 14.4498   Cr: 14.7144 )
00000181: 16.5365   (Y': 17.9544   Cb: 14.4961   Cr: 14.7342 )
00000182: 16.522    (Y': 17.9688   Cb: 14.4339   Cr: 14.7154 )
00000183: 16.5292   (Y': 17.9734   Cb: 14.4459   Cr: 14.7223 )
00000184: 16.5308   (Y': 17.9526   Cb: 14.4938   Cr: 14.7172 )
00000185: 16.539    (Y': 17.958    Cb: 14.4961   Cr: 14.7369 )
00000186: 16.5357   (Y': 17.9586   Cb: 14.4791   Cr: 14.7407 )
00000187: 16.5662   (Y': 17.9745   Cb: 14.5417   Cr: 14.7651 )
00000188: 16.5367   (Y': 17.9579   Cb: 14.4888   Cr: 14.7358 )
00000189: 16.5413   (Y': 17.9604   Cb: 14.4631   Cr: 14.7765 )
00000190: 16.5364   (Y': 17.9653   Cb: 14.4625   Cr: 14.7486 )
00000191: 16.5197   (Y': 17.9369   Cb: 14.455    Cr: 14.7443 )
00000192: 16.5174   (Y': 17.9212   Cb: 14.4839   Cr: 14.7342 )
00000193: 16.5519   (Y': 17.9623   Cb: 14.5139   Cr: 14.7611 )
00000194: 16.5354   (Y': 17.9497   Cb: 14.4968   Cr: 14.7376 )
00000195: 16.5393   (Y': 17.948    Cb: 14.4674   Cr: 14.7882 )
00000196: 16.5481   (Y': 17.9723   Cb: 14.4695   Cr: 14.7741 )
00000197: 16.5356   (Y': 17.9584   Cb: 14.4911   Cr: 14.7281 )
00000198: 16.5794   (Y': 18.0078   Cb: 14.5225   Cr: 14.7744 )
00000199: 16.5573   (Y': 17.9689   Cb: 14.5614   Cr: 14.7201 )
00000200: 16.5486   (Y': 17.9737   Cb: 14.4922   Cr: 14.7494 )
00000201: 16.5404   (Y': 17.9468   Cb: 14.5061   Cr: 14.7531 )
00000202: 16.5692   (Y': 17.9867   Cb: 14.5293   Cr: 14.767  )
00000203: 16.5259   (Y': 17.9403   Cb: 14.4505   Cr: 14.7673 )
00000205: 16.5281   (Y': 17.9504   Cb: 14.4925   Cr: 14.7119 )
00000204: 16.5701   (Y': 17.9842   Cb: 14.5094   Cr: 14.7963 )
00000206: 16.5731   (Y': 18.0043   Cb: 14.5021   Cr: 14.7776 )
00000207: 16.5356   (Y': 17.9699   Cb: 14.4506   Cr: 14.7492 )
00000208: 16.5443   (Y': 17.9923   Cb: 14.4516   Cr: 14.7403 )
00000209: 16.5311   (Y': 17.963    Cb: 14.5084   Cr: 14.6835 )
00000210: 16.5445   (Y': 17.9677   Cb: 14.4825   Cr: 14.7547 )
00000211: 16.5546   (Y': 17.9886   Cb: 14.4619   Cr: 14.7771 )
00000212: 16.5346   (Y': 17.9648   Cb: 14.4605   Cr: 14.7444 )
00000213: 16.5352   (Y': 17.9693   Cb: 14.5063   Cr: 14.6898 )
00000214: 16.5648   (Y': 18.0092   Cb: 14.4803   Cr: 14.7586 )
00000215: 16.5416   (Y': 17.9594   Cb: 14.4914   Cr: 14.7493 )
00000216: 16.5256   (Y': 17.961    Cb: 14.4894   Cr: 14.6856 )
00000217: 16.5346   (Y': 17.9518   Cb: 14.4912   Cr: 14.7364 )
00000218: 16.5523   (Y': 17.9455   Cb: 14.5097   Cr: 14.7997 )
00000219: 16.5343   (Y': 17.9361   Cb: 14.5047   Cr: 14.7509 )
00000220: 16.5162   (Y': 17.9207   Cb: 14.4615   Cr: 14.7543 )
00000221: 16.5536   (Y': 17.9645   Cb: 14.501    Cr: 14.7775 )
00000222: 16.5183   (Y': 17.9707   Cb: 14.4303   Cr: 14.7009 )
00000223: 16.5404   (Y': 17.967    Cb: 14.5075   Cr: 14.7135 )
00000224: 16.5113   (Y': 17.9446   Cb: 14.4677   Cr: 14.6829 )
00000225: 16.5493   (Y': 17.9626   Cb: 14.5419   Cr: 14.7209 )
00000226: 16.5343   (Y': 17.9377   Cb: 14.5144   Cr: 14.7377 )
00000227: 16.5285   (Y': 17.9447   Cb: 14.4817   Cr: 14.7357 )
00000228: 16.5215   (Y': 17.9475   Cb: 14.4884   Cr: 14.696  )
00000229: 16.5058   (Y': 17.9509   Cb: 14.4211   Cr: 14.6986 )
00000230: 16.5218   (Y': 17.9517   Cb: 14.4476   Cr: 14.7324 )
00000231: 16.519    (Y': 17.9657   Cb: 14.4393   Cr: 14.7034 )
00000232: 16.5443   (Y': 17.9692   Cb: 14.52     Cr: 14.7115 )
00000233: 16.5003   (Y': 17.9283   Cb: 14.4664   Cr: 14.6719 )
00000234: 16.5573   (Y': 17.9805   Cb: 14.5014   Cr: 14.7612 )
00000235: 16.5139   (Y': 17.92     Cb: 14.4435   Cr: 14.7659 )
00000236: 16.5526   (Y': 17.9611   Cb: 14.5086   Cr: 14.772  )
00000237: 16.4971   (Y': 17.9311   Cb: 14.4201   Cr: 14.7027 )
00000238: 16.5131   (Y': 17.9467   Cb: 14.4695   Cr: 14.6839 )
00000239: 16.5114   (Y': 17.9292   Cb: 14.4488   Cr: 14.7324 )
00000240: 16.5456   (Y': 17.9431   Cb: 14.4974   Cr: 14.7905 )
00000241: 16.5307   (Y': 17.9469   Cb: 14.4825   Cr: 14.7395 )
00000242: 16.5242   (Y': 17.9514   Cb: 14.4348   Cr: 14.7561 )
00000243: 16.5519   (Y': 17.9693   Cb: 14.4961   Cr: 14.7669 )
00000244: 16.5432   (Y': 17.9625   Cb: 14.5197   Cr: 14.7202 )
00000245: 16.5294   (Y': 17.9628   Cb: 14.4545   Cr: 14.7341 )
00000246: 16.5232   (Y': 17.9423   Cb: 14.4865   Cr: 14.7144 )
00000247: 16.5299   (Y': 17.9553   Cb: 14.4702   Cr: 14.7335 )
00000248: 16.5627   (Y': 17.9867   Cb: 14.5407   Cr: 14.7292 )
00000249: 16.6038   (Y': 18.0394   Cb: 14.5305   Cr: 14.8023 )
00000250: 16.6224   (Y': 18.0476   Cb: 14.5599   Cr: 14.8292 )
00000251: 16.6068   (Y': 18.0065   Cb: 14.5443   Cr: 14.8628 )
00000252: 16.6233   (Y': 18.0016   Cb: 14.5927   Cr: 14.8867 )
00000253: 16.544    (Y': 17.9618   Cb: 14.4918   Cr: 14.754  )
00000254: 16.5741   (Y': 17.9669   Cb: 14.5148   Cr: 14.84   )
00000255: 16.5513   (Y': 17.9346   Cb: 14.5195   Cr: 14.8063 )
00000256: 16.5154   (Y': 17.9213   Cb: 14.4996   Cr: 14.7097 )
00000257: 16.518    (Y': 17.9431   Cb: 14.4599   Cr: 14.7204 )
00000258: 16.4983   (Y': 17.9161   Cb: 14.4614   Cr: 14.6922 )
00000259: 16.5268   (Y': 17.9411   Cb: 14.5224   Cr: 14.6931 )
00000260: 16.531    (Y': 17.9185   Cb: 14.4906   Cr: 14.7868 )
00000261: 16.5194   (Y': 17.9327   Cb: 14.4827   Cr: 14.7217 )
00000262: 16.515    (Y': 17.9218   Cb: 14.4635   Cr: 14.7452 )
00000263: 16.5183   (Y': 17.9151   Cb: 14.5392   Cr: 14.6919 )
00000264: 16.5132   (Y': 17.9335   Cb: 14.4825   Cr: 14.6958 )
00000265: 16.5197   (Y': 17.9248   Cb: 14.4851   Cr: 14.7355 )
00000266: 16.5067   (Y': 17.9246   Cb: 14.438    Cr: 14.7344 )
00000267: 16.511    (Y': 17.8942   Cb: 14.498    Cr: 14.7459 )
00000268: 16.5384   (Y': 17.94     Cb: 14.4714   Cr: 14.7955 )
00000269: 16.4991   (Y': 17.946    Cb: 14.4397   Cr: 14.6618 )
00000270: 16.4918   (Y': 17.9076   Cb: 14.4578   Cr: 14.6866 )
00000271: 16.4794   (Y': 17.8808   Cb: 14.435    Cr: 14.7127 )
00000272: 16.4796   (Y': 17.9023   Cb: 14.4337   Cr: 14.6737 )
00000273: 16.4838   (Y': 17.8876   Cb: 14.4559   Cr: 14.6948 )
00000274: 16.4889   (Y': 17.8948   Cb: 14.4468   Cr: 14.7113 )
00000275: 16.5027   (Y': 17.9079   Cb: 14.4933   Cr: 14.6919 )
00000276: 16.5084   (Y': 17.8998   Cb: 14.5107   Cr: 14.7116 )
00000277: 16.4846   (Y': 17.8938   Cb: 14.4452   Cr: 14.6975 )
00000278: 16.5053   (Y': 17.9074   Cb: 14.4745   Cr: 14.7229 )
00000279: 16.4763   (Y': 17.8954   Cb: 14.4222   Cr: 14.6858 )
00000280: 16.5074   (Y': 17.9283   Cb: 14.4458   Cr: 14.7213 )
00000281: 16.5039   (Y': 17.9077   Cb: 14.4759   Cr: 14.7153 )
00000282: 16.5164   (Y': 17.903    Cb: 14.4634   Cr: 14.7874 )
00000283: 16.4897   (Y': 17.8979   Cb: 14.4478   Cr: 14.7073 )
00000284: 16.4825   (Y': 17.8776   Cb: 14.4365   Cr: 14.7298 )
00000285: 16.4917   (Y': 17.8637   Cb: 14.526    Cr: 14.6988 )
00000286: 16.477    (Y': 17.8801   Cb: 14.4635   Cr: 14.6745 )
00000287: 16.487    (Y': 17.9132   Cb: 14.4623   Cr: 14.6523 )
00000288: 16.4962   (Y': 17.909    Cb: 14.4945   Cr: 14.6629 )
00000289: 16.4851   (Y': 17.8962   Cb: 14.4638   Cr: 14.6756 )
00000290: 16.513    (Y': 17.9114   Cb: 14.4899   Cr: 14.7293 )
00000291: 16.5104   (Y': 17.885    Cb: 14.4908   Cr: 14.7693 )
00000292: 16.5038   (Y': 17.9094   Cb: 14.4802   Cr: 14.7069 )
00000293: 16.497    (Y': 17.9027   Cb: 14.4811   Cr: 14.6917 )
00000294: 16.5014   (Y': 17.8954   Cb: 14.4949   Cr: 14.7089 )
00000295: 16.4839   (Y': 17.908    Cb: 14.44     Cr: 14.6734 )
00000296: 16.5101   (Y': 17.9032   Cb: 14.4872   Cr: 14.7363 )
00000297: 16.5183   (Y': 17.9464   Cb: 14.4312   Cr: 14.746  )
00000298: 16.5909   (Y': 18.003    Cb: 14.4976   Cr: 14.8562 )
00000299: 16.6036   (Y': 17.978    Cb: 14.5836   Cr: 14.8632 )
00000300: 16.5887   (Y': 18.0162   Cb: 14.5293   Cr: 14.7877 )
00000301: 16.6415   (Y': 18.0774   Cb: 14.5594   Cr: 14.8489 )
00000302: 16.6631   (Y': 18.1004   Cb: 14.567    Cr: 14.8829 )
00000303: 16.6847   (Y': 18.116    Cb: 14.5667   Cr: 14.9397 )
00000304: 16.6843   (Y': 18.1133   Cb: 14.6107   Cr: 14.896  )
00000305: 16.7107   (Y': 18.1124   Cb: 14.6622   Cr: 14.9478 )
00000306: 16.7575   (Y': 18.1118   Cb: 14.7079   Cr: 15.0885 )
00000307: 16.7354   (Y': 18.107    Cb: 14.7085   Cr: 15.008  )
00000308: 16.7729   (Y': 18.0992   Cb: 14.8002   Cr: 15.077  )
00000309: 16.7867   (Y': 18.1108   Cb: 14.7855   Cr: 15.1256 )
00000310: 16.7978   (Y': 18.0867   Cb: 14.8261   Cr: 15.1763 )
00000311: 16.7582   (Y': 18.0591   Cb: 14.7517   Cr: 15.1502 )
00000312: 16.7404   (Y': 18.0365   Cb: 14.7921   Cr: 15.0792 )
00000313: 16.7275   (Y': 17.9833   Cb: 14.7932   Cr: 15.1339 )
00000314: 16.6717   (Y': 17.9339   Cb: 14.7345   Cr: 15.0676 )
00000315: 16.7366   (Y': 17.9731   Cb: 14.8223   Cr: 15.1617 )
00000316: 16.6605   (Y': 17.8816   Cb: 14.8037   Cr: 15.0563 )
00000317: 17.2411   (Y': 18.568    Cb: 15.1511   Cr: 15.6728 )
00000318: 17.3089   (Y': 18.6398   Cb: 15.2009   Cr: 15.7526 )
00000319: 17.4376   (Y': 18.8084   Cb: 15.3008   Cr: 15.8325 )
00000320: 17.4881   (Y': 18.8417   Cb: 15.3272   Cr: 15.9455 )
00000321: 17.6551   (Y': 18.9769   Cb: 15.5709   Cr: 16.0904 )
00000322: 17.7283   (Y': 19.0035   Cb: 15.6481   Cr: 16.2565 )
00000324: 17.5173   (Y': 18.8901   Cb: 15.4271   Cr: 15.8565 )
00000323: 17.5489   (Y': 18.9026   Cb: 15.4542   Cr: 15.9312 )
00000325: 17.5428   (Y': 18.9056   Cb: 15.412    Cr: 15.9471 )
00000326: 17.5627   (Y': 18.9119   Cb: 15.4894   Cr: 15.9302 )
00000327: 17.5838   (Y': 18.9439   Cb: 15.4407   Cr: 16.0076 )
00000328: 17.5926   (Y': 18.9635   Cb: 15.4505   Cr: 15.9932 )
00000329: 17.584    (Y': 18.93     Cb: 15.5012   Cr: 15.9685 )
00000330: 17.5771   (Y': 18.9173   Cb: 15.4587   Cr: 16.0136 )
00000332: 17.5594   (Y': 18.8986   Cb: 15.4311   Cr: 16.0092 )
00000331: 17.5998   (Y': 18.9392   Cb: 15.4758   Cr: 16.0441 )
00000333: 17.5487   (Y': 18.9266   Cb: 15.4526   Cr: 15.884  )
00000334: 17.522    (Y': 18.91     Cb: 15.4112   Cr: 15.8536 )
00000335: 17.5726   (Y': 18.9549   Cb: 15.5027   Cr: 15.8704 )
00000336: 17.5846   (Y': 18.9788   Cb: 15.4465   Cr: 15.9343 )
00000337: 17.5628   (Y': 18.9695   Cb: 15.396    Cr: 15.9201 )
00000338: 17.5553   (Y': 18.9646   Cb: 15.4349   Cr: 15.8555 )
00000340: 17.564    (Y': 18.9935   Cb: 15.4072   Cr: 15.8654 )
00000339: 17.5658   (Y': 18.9708   Cb: 15.462    Cr: 15.8561 )
00000341: 17.5846   (Y': 19.005    Cb: 15.4319   Cr: 15.8991 )
00000342: 17.597    (Y': 19.0524   Cb: 15.4009   Cr: 15.8916 )
00000343: 17.5858   (Y': 19.061    Cb: 15.4123   Cr: 15.8179 )
00000344: 17.5755   (Y': 19.0519   Cb: 15.3759   Cr: 15.834  )
00000345: 17.5798   (Y': 19.0552   Cb: 15.4079   Cr: 15.8095 )
00000346: 17.5431   (Y': 19.039    Cb: 15.3496   Cr: 15.7579 )
00000347: 17.5298   (Y': 19.0153   Cb: 15.3283   Cr: 15.7729 )
00000348: 17.5606   (Y': 19.0423   Cb: 15.3483   Cr: 15.8229 )
00000349: 17.5595   (Y': 19.0444   Cb: 15.3478   Cr: 15.8151 )
00000350: 17.354    (Y': 18.8713   Cb: 15.1796   Cr: 15.508  )
00000351: 17.366    (Y': 18.8781   Cb: 15.1802   Cr: 15.5421 )
00000352: 17.3099   (Y': 18.8517   Cb: 15.0746   Cr: 15.4852 )
00000353: 17.2166   (Y': 18.7331   Cb: 15.0288   Cr: 15.3865 )
00000354: 17.1223   (Y': 18.6339   Cb: 14.9759   Cr: 15.2571 )
00000355: 16.9045   (Y': 18.34     Cb: 14.8      Cr: 15.1365 )
00000356: 16.8749   (Y': 18.3522   Cb: 14.7594   Cr: 15.04   )
00000357: 16.8785   (Y': 18.3272   Cb: 14.826    Cr: 15.0303 )
00000358: 16.8322   (Y': 18.283    Cb: 14.7145   Cr: 15.0497 )
00000359: 16.749    (Y': 18.2016   Cb: 14.6417   Cr: 14.9516 )
00000360: 16.7671   (Y': 18.2215   Cb: 14.6532   Cr: 14.9735 )
00000361: 16.5029   (Y': 17.8583   Cb: 14.5321   Cr: 14.7477 )
00000362: 16.5113   (Y': 17.8623   Cb: 14.5148   Cr: 14.7916 )
00000363: 16.5032   (Y': 17.8783   Cb: 14.5313   Cr: 14.7109 )
00000364: 16.4989   (Y': 17.8906   Cb: 14.4863   Cr: 14.7171 )
00000365: 16.5021   (Y': 17.8895   Cb: 14.4766   Cr: 14.7421 )
00000366: 16.5058   (Y': 17.8859   Cb: 14.4926   Cr: 14.7473 )
00000367: 16.4987   (Y': 17.8947   Cb: 14.4699   Cr: 14.7257 )
00000368: 16.4955   (Y': 17.8606   Cb: 14.5242   Cr: 14.7219 )
00000369: 16.4886   (Y': 17.8782   Cb: 14.4881   Cr: 14.6983 )
00000370: 16.4984   (Y': 17.8899   Cb: 14.4695   Cr: 14.7342 )
00000371: 16.5109   (Y': 17.8815   Cb: 14.5003   Cr: 14.7679 )
00000372: 16.49     (Y': 17.8741   Cb: 14.4539   Cr: 14.7481 )
00000374: 16.4944   (Y': 17.8618   Cb: 14.4826   Cr: 14.7589 )
00000373: 16.4724   (Y': 17.8762   Cb: 14.4325   Cr: 14.6962 )
00000375: 16.4998   (Y': 17.8602   Cb: 14.5145   Cr: 14.7501 )
00000376: 16.521    (Y': 17.9074   Cb: 14.5013   Cr: 14.7569 )
00000377: 16.4957   (Y': 17.8647   Cb: 14.4959   Cr: 14.7446 )
00000378: 16.4911   (Y': 17.885    Cb: 14.5144   Cr: 14.6677 )
00000380: 16.4819   (Y': 17.8617   Cb: 14.458    Cr: 14.7351 )
00000379: 16.5123   (Y': 17.9184   Cb: 14.4829   Cr: 14.7206 )
00000382: 16.4905   (Y': 17.8817   Cb: 14.4812   Cr: 14.7064 )
00000381: 16.5102   (Y': 17.9016   Cb: 14.4878   Cr: 14.7392 )
00000383: 16.487    (Y': 17.8571   Cb: 14.4416   Cr: 14.7825 )
00000384: 16.4749   (Y': 17.8691   Cb: 14.4417   Cr: 14.7101 )
00000385: 16.5041   (Y': 17.8837   Cb: 14.4788   Cr: 14.7595 )
00000386: 16.5096   (Y': 17.9143   Cb: 14.4465   Cr: 14.7563 )
00000387: 16.499    (Y': 17.888    Cb: 14.513    Cr: 14.6943 )
00000388: 16.4984   (Y': 17.869    Cb: 14.4949   Cr: 14.7481 )
00000390: 16.5112   (Y': 17.8837   Cb: 14.5217   Cr: 14.7423 )
00000389: 16.467    (Y': 17.8399   Cb: 14.4742   Cr: 14.7007 )
00000391: 16.5456   (Y': 17.9414   Cb: 14.496    Cr: 14.7952 )
00000392: 16.511    (Y': 17.8916   Cb: 14.4943   Cr: 14.7549 )
00000393: 16.509    (Y': 17.8825   Cb: 14.5031   Cr: 14.7554 )
00000394: 16.5231   (Y': 17.8857   Cb: 14.54     Cr: 14.7665 )
00000395: 16.5522   (Y': 17.9169   Cb: 14.5341   Cr: 14.8288 )
00000396: 16.487    (Y': 17.8661   Cb: 14.477    Cr: 14.7267 )
00000397: 16.5313   (Y': 17.9207   Cb: 14.4905   Cr: 14.784  )
00000398: 16.553    (Y': 17.9215   Cb: 14.5349   Cr: 14.8221 )
00000399: 16.5339   (Y': 17.9305   Cb: 14.4773   Cr: 14.7897 )
00000400: 16.5458   (Y': 17.9239   Cb: 14.5016   Cr: 14.824  )
00000401: 16.5505   (Y': 17.9069   Cb: 14.5505   Cr: 14.8242 )
00000402: 16.5398   (Y': 17.895    Cb: 14.5474   Cr: 14.8076 )
00000403: 16.5057   (Y': 17.8706   Cb: 14.526    Cr: 14.7411 )
00000404: 16.5908   (Y': 17.9553   Cb: 14.5464   Cr: 14.8961 )
00000405: 16.5982   (Y': 17.95     Cb: 14.5796   Cr: 14.9008 )
00000406: 16.5      (Y': 17.8485   Cb: 14.4943   Cr: 14.7951 )
00000407: 16.5074   (Y': 17.8721   Cb: 14.5295   Cr: 14.7414 )
00000408: 16.497    (Y': 17.9085   Cb: 14.4397   Cr: 14.7246 )
00000409: 16.5857   (Y': 17.9564   Cb: 14.5542   Cr: 14.865  )
00000410: 16.5611   (Y': 17.9575   Cb: 14.5126   Cr: 14.8083 )
00000412: 16.4991   (Y': 17.8204   Cb: 14.5423   Cr: 14.7962 )
00000411: 16.5177   (Y': 17.8855   Cb: 14.5131   Cr: 14.7737 )
00000413: 16.5      (Y': 17.8511   Cb: 14.4972   Cr: 14.7871 )
00000414: 16.4669   (Y': 17.8258   Cb: 14.4577   Cr: 14.7456 )
00000415: 16.5352   (Y': 17.8913   Cb: 14.5236   Cr: 14.8216 )
00000416: 16.5024   (Y': 17.8762   Cb: 14.4898   Cr: 14.7553 )
00000417: 16.5204   (Y': 17.8546   Cb: 14.5015   Cr: 14.8586 )
00000418: 16.5179   (Y': 17.9016   Cb: 14.4756   Cr: 14.7832 )
00000419: 16.4981   (Y': 17.8801   Cb: 14.4618   Cr: 14.7605 )
00000420: 16.5302   (Y': 17.909    Cb: 14.5174   Cr: 14.7735 )
00000421: 16.5946   (Y': 17.956    Cb: 14.5923   Cr: 14.8607 )
00000422: 16.5982   (Y': 17.9735   Cb: 14.5662   Cr: 14.869  )
00000423: 16.5242   (Y': 17.8714   Cb: 14.5084   Cr: 14.8329 )
00000424: 16.5598   (Y': 17.9076   Cb: 14.5271   Cr: 14.8857 )
00000425: 16.5518   (Y': 17.9089   Cb: 14.5708   Cr: 14.804  )
00000426: 16.641    (Y': 17.9892   Cb: 14.6463   Cr: 14.9252 )
00000428: 16.679    (Y': 18.0731   Cb: 14.6067   Cr: 14.9565 )
00000427: 16.6334   (Y': 17.9892   Cb: 14.621    Cr: 14.9215 )
00000430: 16.6592   (Y': 17.9799   Cb: 14.6658   Cr: 14.9969 )
00000429: 16.6332   (Y': 17.9697   Cb: 14.6282   Cr: 14.9514 )
00000431: 16.6818   (Y': 17.9936   Cb: 14.6795   Cr: 15.0469 )
00000432: 16.6932   (Y': 18.0443   Cb: 14.6239   Cr: 15.0525 )
00000433: 16.7081   (Y': 18.0297   Cb: 14.7188   Cr: 15.0393 )
00000434: 16.7179   (Y': 18.0559   Cb: 14.7022   Cr: 15.0448 )
00000436: 16.7913   (Y': 18.085    Cb: 14.8322   Cr: 15.1465 )
00000435: 16.7928   (Y': 18.0908   Cb: 14.7957   Cr: 15.1803 )
00000437: 16.7877   (Y': 18.1493   Cb: 14.7239   Cr: 15.1199 )
00000438: 16.802    (Y': 18.173    Cb: 14.7608   Cr: 15.0909 )
00000439: 16.7837   (Y': 18.1399   Cb: 14.7219   Cr: 15.1245 )
00000440: 16.7726   (Y': 18.1519   Cb: 14.6842   Cr: 15.0965 )
00000441: 16.7683   (Y': 18.143    Cb: 14.7101   Cr: 15.0683 )
00000442: 16.717    (Y': 18.1494   Cb: 14.6336   Cr: 14.9324 )
00000444: 16.5795   (Y': 17.9985   Cb: 14.501    Cr: 14.8154 )
00000443: 16.6259   (Y': 18.074    Cb: 14.5182   Cr: 14.8377 )
00000445: 16.5044   (Y': 17.8921   Cb: 14.5      Cr: 14.7216 )
00000446: 16.4152   (Y': 17.8321   Cb: 14.3814   Cr: 14.6077 )
00000447: 16.3873   (Y': 17.836    Cb: 14.2904   Cr: 14.586  )
00000448: 16.4351   (Y': 17.8942   Cb: 14.3453   Cr: 14.6071 )
00000449: 16.4719   (Y': 17.9647   Cb: 14.3209   Cr: 14.6464 )
00000450: 16.4713   (Y': 17.9217   Cb: 14.3878   Cr: 14.6526 )
00000452: 16.5413   (Y': 17.9407   Cb: 14.5118   Cr: 14.7628 )
00000451: 16.4628   (Y': 17.8617   Cb: 14.3853   Cr: 14.7365 )
00000453: 16.525    (Y': 17.9808   Cb: 14.4176   Cr: 14.7219 )
00000455: 16.4754   (Y': 17.8673   Cb: 14.4118   Cr: 14.7475 )
00000454: 16.4956   (Y': 17.9195   Cb: 14.4554   Cr: 14.6813 )
00000456: 16.4516   (Y': 17.882    Cb: 14.3927   Cr: 14.6447 )
00000457: 16.4441   (Y': 17.8443   Cb: 14.3766   Cr: 14.7044 )
00000458: 16.4708   (Y': 17.8589   Cb: 14.4327   Cr: 14.7231 )
00000459: 16.4575   (Y': 17.8109   Cb: 14.4741   Cr: 14.7194 )
00000460: 16.4501   (Y': 17.8116   Cb: 14.4297   Cr: 14.7353 )
00000461: 16.4163   (Y': 17.7782   Cb: 14.4194   Cr: 14.6759 )
00000462: 16.3951   (Y': 17.7188   Cb: 14.4152   Cr: 14.7121 )
00000463: 16.3495   (Y': 17.6901   Cb: 14.3859   Cr: 14.6155 )
00000464: 16.337    (Y': 17.6625   Cb: 14.3829   Cr: 14.6232 )
00000465: 16.3204   (Y': 17.6453   Cb: 14.343    Cr: 14.6324 )
00000466: 16.4525   (Y': 17.7833   Cb: 14.4636   Cr: 14.7651 )
00000467: 16.489    (Y': 17.847    Cb: 14.4957   Cr: 14.7521 )
00000468: 16.4623   (Y': 17.8408   Cb: 14.4014   Cr: 14.7578 )
00000469: 16.4061   (Y': 17.7508   Cb: 14.4154   Cr: 14.6932 )
00000470: 16.3979   (Y': 17.7301   Cb: 14.3965   Cr: 14.7208 )
00000471: 16.4256   (Y': 17.8083   Cb: 14.3982   Cr: 14.6771 )
00000472: 16.4599   (Y': 17.8055   Cb: 14.4296   Cr: 14.7877 )
00000473: 16.477    (Y': 17.8549   Cb: 14.449    Cr: 14.7383 )
00000474: 16.4567   (Y': 17.8158   Cb: 14.4257   Cr: 14.758  )
00000475: 16.3621   (Y': 17.7073   Cb: 14.3899   Cr: 14.6281 )
00000476: 16.4255   (Y': 17.7438   Cb: 14.4418   Cr: 14.7576 )
00000477: 16.4275   (Y': 17.7768   Cb: 14.4203   Cr: 14.7229 )
00000478: 16.3962   (Y': 17.7323   Cb: 14.3858   Cr: 14.7213 )
00000479: 16.3424   (Y': 17.6586   Cb: 14.3885   Cr: 14.6465 )
00000480: 16.3727   (Y': 17.6682   Cb: 14.4253   Cr: 14.7118 )
00000481: 16.3516   (Y': 17.6754   Cb: 14.4051   Cr: 14.6331 )
00000482: 16.3172   (Y': 17.6566   Cb: 14.3392   Cr: 14.601  )
00000483: 16.3161   (Y': 17.634    Cb: 14.3611   Cr: 14.6183 )
00000484: 16.3578   (Y': 17.6779   Cb: 14.403    Cr: 14.6554 )
00000485: 16.3776   (Y': 17.6821   Cb: 14.4003   Cr: 14.7302 )
00000486: 16.3439   (Y': 17.6622   Cb: 14.3982   Cr: 14.6354 )
00000487: 16.3337   (Y': 17.6584   Cb: 14.356    Cr: 14.6466 )
00000488: 16.3436   (Y': 17.6785   Cb: 14.378    Cr: 14.6229 )
00000489: 16.3925   (Y': 17.7091   Cb: 14.4192   Cr: 14.7166 )
00000490: 16.406    (Y': 17.7356   Cb: 14.4526   Cr: 14.6832 )
00000491: 16.4304   (Y': 17.7613   Cb: 14.4574   Cr: 14.726  )
00000492: 16.4619   (Y': 17.858    Cb: 14.4461   Cr: 14.6751 )
00000493: 16.4648   (Y': 17.8688   Cb: 14.4132   Cr: 14.7007 )
00000494: 16.4857   (Y': 17.927    Cb: 14.3793   Cr: 14.7089 )
00000495: 16.5073   (Y': 17.9609   Cb: 14.3697   Cr: 14.7408 )
00000496: 16.5014   (Y': 17.9927   Cb: 14.3442   Cr: 14.6851 )
00000497: 16.4805   (Y': 17.9719   Cb: 14.3518   Cr: 14.6336 )
00000498: 16.4805   (Y': 17.9673   Cb: 14.3354   Cr: 14.6596 )
00000499: 16.4621   (Y': 17.933    Cb: 14.3327   Cr: 14.6541 )
00000500: 16.4099   (Y': 17.889    Cb: 14.304    Cr: 14.5614 )
00000501: 16.4206   (Y': 17.8733   Cb: 14.3218   Cr: 14.614  )
00000502: 16.3874   (Y': 17.8564   Cb: 14.2719   Cr: 14.5682 )
00000503: 16.3661   (Y': 17.8196   Cb: 14.2501   Cr: 14.5766 )
00000504: 16.381    (Y': 17.8586   Cb: 14.2797   Cr: 14.5304 )
00000505: 16.3648   (Y': 17.8525   Cb: 14.2498   Cr: 14.51   )
00000506: 16.4081   (Y': 17.842    Cb: 14.3039   Cr: 14.6434 )
00000507: 16.4179   (Y': 17.8507   Cb: 14.3286   Cr: 14.6391 )
00000508: 16.3996   (Y': 17.8476   Cb: 14.3088   Cr: 14.5935 )
00000509: 16.3886   (Y': 17.8462   Cb: 14.2579   Cr: 14.607  )
00000511: 16.3683   (Y': 17.8312   Cb: 14.2928   Cr: 14.518  )
00000510: 16.4086   (Y': 17.8526   Cb: 14.3286   Cr: 14.5983 )
00000512: 16.3867   (Y': 17.843    Cb: 14.2793   Cr: 14.5826 )
00000513: 16.3634   (Y': 17.8218   Cb: 14.2743   Cr: 14.5359 )
00000514: 16.3581   (Y': 17.8085   Cb: 14.2871   Cr: 14.5265 )
00000515: 16.3474   (Y': 17.8123   Cb: 14.2482   Cr: 14.5184 )
00000516: 16.3616   (Y': 17.7854   Cb: 14.3046   Cr: 14.5654 )
00000517: 16.4028   (Y': 17.8482   Cb: 14.3146   Cr: 14.5987 )
00000518: 16.3802   (Y': 17.8079   Cb: 14.3216   Cr: 14.5782 )
00000519: 16.4014   (Y': 17.8424   Cb: 14.3047   Cr: 14.6148 )
00000520: 16.407    (Y': 17.8556   Cb: 14.3435   Cr: 14.5706 )
00000521: 16.3816   (Y': 17.8197   Cb: 14.3029   Cr: 14.581  )
00000522: 16.3804   (Y': 17.8039   Cb: 14.3448   Cr: 14.5621 )
00000523: 16.3829   (Y': 17.8229   Cb: 14.2896   Cr: 14.5944 )
00000524: 16.3618   (Y': 17.8018   Cb: 14.2922   Cr: 14.5482 )
00000525: 16.3908   (Y': 17.8535   Cb: 14.311    Cr: 14.5451 )
00000527: 16.3817   (Y': 17.8002   Cb: 14.3386   Cr: 14.5807 )
00000526: 16.3673   (Y': 17.7977   Cb: 14.3086   Cr: 14.5603 )
00000529: 16.3744   (Y': 17.804    Cb: 14.3269   Cr: 14.557  )
00000528: 16.3804   (Y': 17.814    Cb: 14.3056   Cr: 14.5845 )
00000530: 16.3572   (Y': 17.7954   Cb: 14.2699   Cr: 14.5657 )
00000531: 16.3421   (Y': 17.7845   Cb: 14.2764   Cr: 14.5198 )
00000532: 16.3378   (Y': 17.7826   Cb: 14.243    Cr: 14.542  )
00000533: 16.3531   (Y': 17.7879   Cb: 14.2784   Cr: 14.5547 )
00000534: 16.3439   (Y': 17.7852   Cb: 14.2809   Cr: 14.521  )
00000535: 16.3277   (Y': 17.7836   Cb: 14.2356   Cr: 14.5079 )
00000537: 16.3554   (Y': 17.7745   Cb: 14.3097   Cr: 14.5563 )
00000536: 16.3631   (Y': 17.7762   Cb: 14.2898   Cr: 14.6048 )
00000538: 16.3616   (Y': 17.7958   Cb: 14.2931   Cr: 14.5576 )
00000539: 16.3422   (Y': 17.7665   Cb: 14.2789   Cr: 14.5516 )
00000541: 16.3497   (Y': 17.804    Cb: 14.2604   Cr: 14.53   )
00000540: 16.3218   (Y': 17.7682   Cb: 14.2352   Cr: 14.5142 )
00000542: 16.3444   (Y': 17.7608   Cb: 14.2861   Cr: 14.5634 )
00000543: 16.3419   (Y': 17.7634   Cb: 14.3003   Cr: 14.5334 )
00000545: 16.3571   (Y': 17.7863   Cb: 14.3005   Cr: 14.5502 )
00000544: 16.3524   (Y': 17.7821   Cb: 14.2849   Cr: 14.5561 )
00000546: 16.3532   (Y': 17.8096   Cb: 14.2676   Cr: 14.5256 )
00000547: 16.3655   (Y': 17.7811   Cb: 14.3048   Cr: 14.5887 )
00000548: 16.3585   (Y': 17.813    Cb: 14.2574   Cr: 14.5509 )
00000549: 16.3525   (Y': 17.7873   Cb: 14.2927   Cr: 14.5384 )
00000550: 16.3716   (Y': 17.7945   Cb: 14.3196   Cr: 14.5716 )
00000551: 16.3655   (Y': 17.7944   Cb: 14.2814   Cr: 14.5886 )
00000552: 16.3483   (Y': 17.7811   Cb: 14.2836   Cr: 14.5429 )
00000553: 16.351    (Y': 17.7844   Cb: 14.2596   Cr: 14.5733 )
00000554: 16.3528   (Y': 17.7791   Cb: 14.2871   Cr: 14.5611 )
00000555: 16.3751   (Y': 17.8075   Cb: 14.2953   Cr: 14.5868 )
00000556: 16.3621   (Y': 17.8114   Cb: 14.2733   Cr: 14.5513 )
00000557: 16.3545   (Y': 17.7937   Cb: 14.258    Cr: 14.5711 )
00000558: 16.3376   (Y': 17.785    Cb: 14.2673   Cr: 14.5109 )
00000559: 16.3557   (Y': 17.7837   Cb: 14.3045   Cr: 14.5453 )
00000560: 16.3589   (Y': 17.7654   Cb: 14.3129   Cr: 14.584  )
00000561: 16.3656   (Y': 17.7793   Cb: 14.3105   Cr: 14.5866 )
00000562: 16.3498   (Y': 17.7722   Cb: 14.3021   Cr: 14.5465 )
00000563: 16.3477   (Y': 17.7655   Cb: 14.2998   Cr: 14.5534 )
00000564: 16.3635   (Y': 17.7958   Cb: 14.275    Cr: 14.5845 )
00000565: 16.3381   (Y': 17.761    Cb: 14.2818   Cr: 14.5427 )
00000566: 16.3749   (Y': 17.7879   Cb: 14.3184   Cr: 14.5986 )
00000567: 16.3545   (Y': 17.7997   Cb: 14.2506   Cr: 14.5676 )
00000568: 16.3586   (Y': 17.7953   Cb: 14.2578   Cr: 14.5847 )
00000569: 16.3537   (Y': 17.7877   Cb: 14.2719   Cr: 14.5643 )
00000570: 16.3498   (Y': 17.7963   Cb: 14.2719   Cr: 14.5328 )
00000571: 16.332    (Y': 17.7854   Cb: 14.2227   Cr: 14.5354 )
00000572: 16.3574   (Y': 17.8145   Cb: 14.2564   Cr: 14.5449 )
00000573: 16.363    (Y': 17.7971   Cb: 14.3004   Cr: 14.5531 )
00000574: 16.3518   (Y': 17.7913   Cb: 14.2715   Cr: 14.5503 )
00000575: 16.3588   (Y': 17.7984   Cb: 14.2815   Cr: 14.554  )
00000576: 16.3404   (Y': 17.7776   Cb: 14.2949   Cr: 14.5067 )
00000577: 16.3729   (Y': 17.8226   Cb: 14.3022   Cr: 14.5422 )
00000578: 16.3669   (Y': 17.7936   Cb: 14.2821   Cr: 14.5947 )
00000579: 16.4044   (Y': 17.8012   Cb: 14.352    Cr: 14.6553 )
00000580: 16.3457   (Y': 17.792    Cb: 14.229    Cr: 14.5705 )
00000581: 16.3557   (Y': 17.8015   Cb: 14.2485   Cr: 14.5715 )
00000582: 16.3461   (Y': 17.7676   Cb: 14.2878   Cr: 14.5558 )
00000583: 16.3736   (Y': 17.8051   Cb: 14.2967   Cr: 14.584  )
00000584: 16.3873   (Y': 17.7998   Cb: 14.3619   Cr: 14.5792 )
00000585: 16.3377   (Y': 17.7737   Cb: 14.2764   Cr: 14.5229 )
00000586: 16.3569   (Y': 17.7819   Cb: 14.3058   Cr: 14.5522 )
00000587: 16.3533   (Y': 17.7983   Cb: 14.257    Cr: 14.5587 )
00000588: 16.347    (Y': 17.7743   Cb: 14.2794   Cr: 14.5553 )
00000589: 16.3636   (Y': 17.7995   Cb: 14.2977   Cr: 14.5535 )
00000590: 16.355    (Y': 17.807    Cb: 14.2696   Cr: 14.5354 )
00000591: 16.3644   (Y': 17.7835   Cb: 14.3202   Cr: 14.5636 )
00000593: 16.3728   (Y': 17.7905   Cb: 14.3126   Cr: 14.5915 )
00000592: 16.357    (Y': 17.7794   Cb: 14.2904   Cr: 14.5735 )
00000594: 16.3623   (Y': 17.7879   Cb: 14.3362   Cr: 14.5301 )
00000595: 16.3606   (Y': 17.7857   Cb: 14.2896   Cr: 14.5766 )
00000596: 16.3639   (Y': 17.8171   Cb: 14.2935   Cr: 14.526  )
00000597: 16.3705   (Y': 17.8034   Cb: 14.3202   Cr: 14.55   )
00000598: 16.3443   (Y': 17.7959   Cb: 14.2677   Cr: 14.5162 )
00000599: 16.3537   (Y': 17.7828   Cb: 14.2836   Cr: 14.5612 )
00000600: 16.3793   (Y': 17.8109   Cb: 14.306    Cr: 14.5856 )
00000601: 16.3498   (Y': 17.7716   Cb: 14.3449   Cr: 14.5026 )
00000602: 16.3596   (Y': 17.7928   Cb: 14.2882   Cr: 14.561  )
00000603: 16.3741   (Y': 17.7886   Cb: 14.3139   Cr: 14.5991 )
00000604: 16.3765   (Y': 17.8063   Cb: 14.3237   Cr: 14.5644 )
00000605: 16.3544   (Y': 17.7697   Cb: 14.3154   Cr: 14.5554 )
00000606: 16.3537   (Y': 17.7799   Cb: 14.2673   Cr: 14.5841 )
00000607: 16.3422   (Y': 17.8011   Cb: 14.2406   Cr: 14.5269 )
00000608: 16.3569   (Y': 17.7895   Cb: 14.2791   Cr: 14.5659 )
00000609: 16.343    (Y': 17.783    Cb: 14.2656   Cr: 14.5375 )
00000610: 16.3709   (Y': 17.8229   Cb: 14.2883   Cr: 14.5485 )
00000611: 16.3489   (Y': 17.8021   Cb: 14.2781   Cr: 14.5115 )
00000612: 16.3521   (Y': 17.7828   Cb: 14.3017   Cr: 14.5359 )
00000613: 16.3523   (Y': 17.7913   Cb: 14.2816   Cr: 14.5416 )
00000614: 16.3483   (Y': 17.7783   Cb: 14.3117   Cr: 14.5189 )
00000615: 16.3542   (Y': 17.7936   Cb: 14.3075   Cr: 14.5175 )
00000617: 16.3146   (Y': 17.7459   Cb: 14.2885   Cr: 14.4717 )
00000616: 16.3668   (Y': 17.792    Cb: 14.3122   Cr: 14.5652 )
00000618: 16.3587   (Y': 17.7928   Cb: 14.2633   Cr: 14.5836 )
00000619: 16.3404   (Y': 17.7644   Cb: 14.277    Cr: 14.5505 )
00000620: 16.3396   (Y': 17.7733   Cb: 14.2807   Cr: 14.5267 )
00000621: 16.3493   (Y': 17.7806   Cb: 14.2726   Cr: 14.5598 )
00000622: 16.3808   (Y': 17.7896   Cb: 14.3117   Cr: 14.6264 )
00000623: 16.3601   (Y': 17.78     Cb: 14.3221   Cr: 14.5511 )
00000625: 16.3455   (Y': 17.7587   Cb: 14.3217   Cr: 14.5345 )
00000624: 16.3699   (Y': 17.7605   Cb: 14.3703   Cr: 14.5766 )
00000626: 16.3254   (Y': 17.7612   Cb: 14.2465   Cr: 14.5297 )
00000627: 16.3602   (Y': 17.7919   Cb: 14.3251   Cr: 14.5258 )
00000628: 16.3521   (Y': 17.8021   Cb: 14.2628   Cr: 14.5405 )
00000629: 16.3624   (Y': 17.799    Cb: 14.2898   Cr: 14.5581 )
00000630: 16.3405   (Y': 17.7739   Cb: 14.2728   Cr: 14.5373 )
00000631: 16.3595   (Y': 17.7926   Cb: 14.2791   Cr: 14.5704 )
00000633: 16.3541   (Y': 17.7835   Cb: 14.2776   Cr: 14.5679 )
00000632: 16.3583   (Y': 17.7857   Cb: 14.2838   Cr: 14.5737 )
00000634: 16.3629   (Y': 17.7771   Cb: 14.3169   Cr: 14.5734 )
00000635: 16.3494   (Y': 17.802    Cb: 14.2807   Cr: 14.5109 )
00000636: 16.3253   (Y': 17.7685   Cb: 14.2759   Cr: 14.4844 )
00000637: 16.3483   (Y': 17.7616   Cb: 14.3153   Cr: 14.5468 )
00000638: 16.3641   (Y': 17.7993   Cb: 14.2619   Cr: 14.5942 )
00000639: 16.3496   (Y': 17.7736   Cb: 14.2818   Cr: 14.5644 )
00000640: 16.3455   (Y': 17.7523   Cb: 14.2961   Cr: 14.5736 )
00000641: 16.3614   (Y': 17.7969   Cb: 14.2813   Cr: 14.5676 )
00000642: 16.3606   (Y': 17.7715   Cb: 14.3248   Cr: 14.5666 )
00000643: 16.3612   (Y': 17.7887   Cb: 14.2893   Cr: 14.5739 )
00000644: 16.3542   (Y': 17.785    Cb: 14.274    Cr: 14.5693 )
00000645: 16.3534   (Y': 17.7735   Cb: 14.2874   Cr: 14.574  )
00000646: 16.3729   (Y': 17.815    Cb: 14.2975   Cr: 14.5613 )
00000647: 16.3708   (Y': 17.8065   Cb: 14.3156   Cr: 14.5499 )
00000649: 16.3355   (Y': 17.7666   Cb: 14.2757   Cr: 14.5283 )
00000648: 16.3733   (Y': 17.7777   Cb: 14.3412   Cr: 14.5874 )
00000650: 16.3568   (Y': 17.8063   Cb: 14.2655   Cr: 14.5482 )
00000651: 16.3809   (Y': 17.8119   Cb: 14.2998   Cr: 14.5967 )
00000652: 16.3619   (Y': 17.7949   Cb: 14.3046   Cr: 14.5484 )
00000653: 16.3747   (Y': 17.807    Cb: 14.304    Cr: 14.5767 )
00000654: 16.3549   (Y': 17.7733   Cb: 14.3195   Cr: 14.5459 )
00000655: 16.375    (Y': 17.7927   Cb: 14.334    Cr: 14.5732 )
00000656: 16.3568   (Y': 17.8039   Cb: 14.2647   Cr: 14.5537 )
00000657: 16.3651   (Y': 17.7785   Cb: 14.3402   Cr: 14.5549 )
00000658: 16.3794   (Y': 17.7842   Cb: 14.3233   Cr: 14.6185 )
00000659: 16.3612   (Y': 17.816    Cb: 14.2847   Cr: 14.527  )
00000660: 16.3717   (Y': 17.813    Cb: 14.2842   Cr: 14.5746 )
00000661: 16.3698   (Y': 17.7911   Cb: 14.2977   Cr: 14.5947 )
00000662: 16.325    (Y': 17.7643   Cb: 14.2818   Cr: 14.4846 )
00000663: 16.3536   (Y': 17.7998   Cb: 14.2757   Cr: 14.5371 )
00000664: 16.3516   (Y': 17.7959   Cb: 14.2693   Cr: 14.5434 )
00000665: 16.3565   (Y': 17.8004   Cb: 14.3033   Cr: 14.5181 )
00000666: 16.3354   (Y': 17.7715   Cb: 14.2779   Cr: 14.5166 )
00000667: 16.3506   (Y': 17.7822   Cb: 14.2757   Cr: 14.5584 )
00000668: 16.3584   (Y': 17.8072   Cb: 14.2669   Cr: 14.5513 )
00000669: 16.3671   (Y': 17.7993   Cb: 14.3023   Cr: 14.5633 )
00000670: 16.3526   (Y': 17.7839   Cb: 14.291    Cr: 14.547  )
00000671: 16.3749   (Y': 17.8074   Cb: 14.3382   Cr: 14.5408 )
00000673: 16.3308   (Y': 17.754    Cb: 14.2974   Cr: 14.5107 )
00000672: 16.3718   (Y': 17.7974   Cb: 14.2949   Cr: 14.5933 )
00000674: 16.3654   (Y': 17.7619   Cb: 14.3356   Cr: 14.5924 )
00000675: 16.3691   (Y': 17.7844   Cb: 14.3277   Cr: 14.5725 )
00000676: 16.3619   (Y': 17.798    Cb: 14.297    Cr: 14.5506 )
00000677: 16.3742   (Y': 17.7734   Cb: 14.3525   Cr: 14.5875 )
00000678: 16.3717   (Y': 17.815    Cb: 14.2957   Cr: 14.5586 )
00000679: 16.3594   (Y': 17.769    Cb: 14.302    Cr: 14.5907 )
00000681: 16.3644   (Y': 17.7846   Cb: 14.321    Cr: 14.5606 )
00000680: 16.3542   (Y': 17.7805   Cb: 14.287    Cr: 14.5638 )
00000682: 16.3539   (Y': 17.7912   Cb: 14.2905   Cr: 14.539  )
00000683: 16.3411   (Y': 17.7644   Cb: 14.2879   Cr: 14.5416 )
00000684: 16.349    (Y': 17.7733   Cb: 14.3267   Cr: 14.5154 )
00000685: 16.3401   (Y': 17.7495   Cb: 14.2789   Cr: 14.5759 )
00000686: 16.3602   (Y': 17.7795   Cb: 14.2893   Cr: 14.5873 )
00000687: 16.3661   (Y': 17.7872   Cb: 14.3276   Cr: 14.5554 )
00000688: 16.3565   (Y': 17.774    Cb: 14.3185   Cr: 14.5521 )
00000689: 16.3461   (Y': 17.7779   Cb: 14.3005   Cr: 14.5226 )
00000690: 16.3578   (Y': 17.8037   Cb: 14.2861   Cr: 14.5352 )
00000691: 16.3848   (Y': 17.8052   Cb: 14.3474   Cr: 14.5743 )
00000692: 16.3552   (Y': 17.7751   Cb: 14.2894   Cr: 14.5756 )
00000693: 16.3584   (Y': 17.7747   Cb: 14.3091   Cr: 14.5682 )
00000695: 16.3522   (Y': 17.7567   Cb: 14.3383   Cr: 14.5471 )
00000694: 16.3454   (Y': 17.7765   Cb: 14.2858   Cr: 14.5378 )
00000696: 16.3532   (Y': 17.7612   Cb: 14.2878   Cr: 14.5959 )
00000697: 16.3557   (Y': 17.7575   Cb: 14.331    Cr: 14.5674 )
00000698: 16.371    (Y': 17.7738   Cb: 14.3092   Cr: 14.6201 )
00000699: 16.3477   (Y': 17.7742   Cb: 14.3172   Cr: 14.5185 )
00000700: 16.3255   (Y': 17.7521   Cb: 14.2815   Cr: 14.51   )
00000701: 16.3408   (Y': 17.7842   Cb: 14.3019   Cr: 14.4886 )
00000702: 16.3747   (Y': 17.7993   Cb: 14.3238   Cr: 14.5704 )
00000703: 16.3711   (Y': 17.8043   Cb: 14.2987   Cr: 14.5733 )
00000704: 16.3568   (Y': 17.768    Cb: 14.3184   Cr: 14.5649 )
00000705: 16.3716   (Y': 17.7746   Cb: 14.3546   Cr: 14.5727 )
00000706: 16.3423   (Y': 17.7534   Cb: 14.2952   Cr: 14.5598 )
00000707: 16.3424   (Y': 17.7791   Cb: 14.2866   Cr: 14.5207 )
00000708: 16.3661   (Y': 17.7897   Cb: 14.2879   Cr: 14.5927 )
00000709: 16.3466   (Y': 17.7736   Cb: 14.2749   Cr: 14.5599 )
00000710: 16.3689   (Y': 17.7919   Cb: 14.3358   Cr: 14.5489 )
00000711: 16.3725   (Y': 17.778    Cb: 14.3708   Cr: 14.553  )
00000713: 16.3548   (Y': 17.7874   Cb: 14.2958   Cr: 14.5438 )
00000712: 16.3313   (Y': 17.7673   Cb: 14.2544   Cr: 14.5329 )
00000714: 16.3663   (Y': 17.794    Cb: 14.3188   Cr: 14.5526 )
00000715: 16.3698   (Y': 17.7976   Cb: 14.3151   Cr: 14.5637 )
00000716: 16.371    (Y': 17.8115   Cb: 14.3284   Cr: 14.528  )
00000717: 16.3651   (Y': 17.7951   Cb: 14.3072   Cr: 14.5581 )
00000718: 16.3462   (Y': 17.7864   Cb: 14.2785   Cr: 14.5302 )
00000719: 16.3481   (Y': 17.775    Cb: 14.2879   Cr: 14.5493 )
00000720: 16.3621   (Y': 17.7876   Cb: 14.3192   Cr: 14.5476 )
00000721: 16.3752   (Y': 17.7933   Cb: 14.3424   Cr: 14.5643 )
00000722: 16.3458   (Y': 17.767    Cb: 14.2934   Cr: 14.5497 )
00000723: 16.3273   (Y': 17.7617   Cb: 14.2466   Cr: 14.5362 )
00000724: 16.372    (Y': 17.7903   Cb: 14.3047   Cr: 14.5973 )
00000725: 16.3711   (Y': 17.8054   Cb: 14.3156   Cr: 14.5532 )
00000726: 16.3755   (Y': 17.7849   Cb: 14.3394   Cr: 14.5846 )
00000727: 16.3672   (Y': 17.7792   Cb: 14.3261   Cr: 14.5765 )
00000728: 16.3394   (Y': 17.7818   Cb: 14.2582   Cr: 14.5337 )
00000729: 16.3546   (Y': 17.7831   Cb: 14.301    Cr: 14.5458 )
00000730: 16.3542   (Y': 17.7856   Cb: 14.2867   Cr: 14.5546 )
00000731: 16.3646   (Y': 17.7893   Cb: 14.3135   Cr: 14.5602 )
00000732: 16.3438   (Y': 17.7868   Cb: 14.2626   Cr: 14.5369 )
00000733: 16.3646   (Y': 17.7916   Cb: 14.3083   Cr: 14.5616 )
00000734: 16.3689   (Y': 17.7989   Cb: 14.2938   Cr: 14.5801 )
00000735: 16.3827   (Y': 17.797    Cb: 14.3304   Cr: 14.5994 )
00000736: 16.369    (Y': 17.7825   Cb: 14.3194   Cr: 14.5846 )
00000737: 16.3337   (Y': 17.7698   Cb: 14.2396   Cr: 14.5535 )
00000738: 16.3411   (Y': 17.7601   Cb: 14.2724   Cr: 14.5666 )
00000739: 16.3795   (Y': 17.8182   Cb: 14.2968   Cr: 14.5822 )
00000740: 16.3566   (Y': 17.7767   Cb: 14.3211   Cr: 14.5449 )
00000741: 16.3574   (Y': 17.7793   Cb: 14.311    Cr: 14.5535 )
00000743: 16.3575   (Y': 17.7725   Cb: 14.3083   Cr: 14.57   )
00000742: 16.3731   (Y': 17.7925   Cb: 14.3287   Cr: 14.5719 )
00000744: 16.354    (Y': 17.7789   Cb: 14.2712   Cr: 14.5832 )
00000745: 16.3549   (Y': 17.7812   Cb: 14.3088   Cr: 14.5424 )
00000746: 16.3839   (Y': 17.821    Cb: 14.3123   Cr: 14.578  )
00000747: 16.3367   (Y': 17.7682   Cb: 14.276    Cr: 14.5299 )
00000748: 16.3604   (Y': 17.7951   Cb: 14.2899   Cr: 14.5575 )
00000749: 16.3662   (Y': 17.8076   Cb: 14.3224   Cr: 14.5225 )
00000750: 16.3731   (Y': 17.8014   Cb: 14.325    Cr: 14.5587 )
00000751: 16.3535   (Y': 17.8036   Cb: 14.2423   Cr: 14.5653 )
00000752: 16.362    (Y': 17.8004   Cb: 14.2708   Cr: 14.5743 )
00000753: 16.3651   (Y': 17.7927   Cb: 14.3003   Cr: 14.5701 )
00000754: 16.3584   (Y': 17.7884   Cb: 14.2825   Cr: 14.5705 )
00000755: 16.3985   (Y': 17.8216   Cb: 14.3462   Cr: 14.5984 )
00000756: 16.3765   (Y': 17.7922   Cb: 14.3405   Cr: 14.5734 )
00000757: 16.3512   (Y': 17.7795   Cb: 14.2642   Cr: 14.5784 )
00000759: 16.3558   (Y': 17.7962   Cb: 14.3218   Cr: 14.504  )
00000758: 16.3363   (Y': 17.7749   Cb: 14.2446   Cr: 14.549  )
00000760: 16.4028   (Y': 17.8297   Cb: 14.3947   Cr: 14.5493 )
00000761: 16.4159   (Y': 17.8435   Cb: 14.3479   Cr: 14.6242 )
00000762: 16.4816   (Y': 17.9312   Cb: 14.3631   Cr: 14.7023 )
00000763: 16.4209   (Y': 17.8666   Cb: 14.3534   Cr: 14.5945 )
00000764: 16.4565   (Y': 17.9191   Cb: 14.3678   Cr: 14.6206 )
00000765: 16.4526   (Y': 17.8926   Cb: 14.3675   Cr: 14.6554 )
00000766: 16.3957   (Y': 17.8774   Cb: 14.2452   Cr: 14.5901 )
00000767: 16.3781   (Y': 17.8285   Cb: 14.2895   Cr: 14.5652 )
00000768: 16.3753   (Y': 17.8525   Cb: 14.2539   Cr: 14.547  )
00000769: 16.4098   (Y': 17.8769   Cb: 14.295    Cr: 14.5932 )
00000770: 16.3915   (Y': 17.8375   Cb: 14.2801   Cr: 14.6112 )
00000771: 16.4102   (Y': 17.8575   Cb: 14.3266   Cr: 14.5976 )
00000772: 16.3472   (Y': 17.8023   Cb: 14.2732   Cr: 14.5098 )
00000773: 16.3988   (Y': 17.8568   Cb: 14.305    Cr: 14.5769 )
00000774: 16.3637   (Y': 17.8428   Cb: 14.2324   Cr: 14.5424 )
00000775: 16.4216   (Y': 17.8852   Cb: 14.3356   Cr: 14.5809 )
00000776: 16.358    (Y': 17.7975   Cb: 14.248    Cr: 14.5885 )
00000777: 16.3669   (Y': 17.8256   Cb: 14.2645   Cr: 14.553  )
00000778: 16.3703   (Y': 17.8212   Cb: 14.2796   Cr: 14.5585 )
00000779: 16.3761   (Y': 17.8249   Cb: 14.3024   Cr: 14.5501 )
00000780: 16.3972   (Y': 17.8197   Cb: 14.3433   Cr: 14.6    )
00000781: 16.3688   (Y': 17.8297   Cb: 14.2824   Cr: 14.5335 )
00000782: 16.3984   (Y': 17.8463   Cb: 14.2982   Cr: 14.6026 )
00000783: 16.4273   (Y': 17.8677   Cb: 14.3699   Cr: 14.6    )
00000784: 16.3954   (Y': 17.8641   Cb: 14.3455   Cr: 14.5073 )
00000785: 16.3731   (Y': 17.8148   Cb: 14.2937   Cr: 14.5667 )
00000786: 16.3388   (Y': 17.7843   Cb: 14.273    Cr: 14.5107 )
00000787: 16.339    (Y': 17.7791   Cb: 14.2749   Cr: 14.5192 )
00000788: 16.349    (Y': 17.7955   Cb: 14.2979   Cr: 14.5036 )
00000789: 16.376    (Y': 17.813    Cb: 14.2606   Cr: 14.6169 )
00000790: 16.3508   (Y': 17.7924   Cb: 14.2887   Cr: 14.5262 )
00000791: 16.346    (Y': 17.7898   Cb: 14.2981   Cr: 14.5024 )
00000792: 16.3772   (Y': 17.8418   Cb: 14.2746   Cr: 14.5522 )
00000793: 16.335    (Y': 17.7796   Cb: 14.2422   Cr: 14.5371 )
00000794: 16.3303   (Y': 17.7941   Cb: 14.2221   Cr: 14.5127 )
00000795: 16.3491   (Y': 17.8037   Cb: 14.2609   Cr: 14.5275 )
00000796: 16.3238   (Y': 17.7756   Cb: 14.2512   Cr: 14.491  )
00000797: 16.3715   (Y': 17.7996   Cb: 14.2958   Cr: 14.5868 )
00000798: 16.3496   (Y': 17.8022   Cb: 14.2962   Cr: 14.495  )
00000799: 16.3503   (Y': 17.8042   Cb: 14.2672   Cr: 14.5248 )
00000800: 16.3376   (Y': 17.79     Cb: 14.2637   Cr: 14.5051 )
00000801: 16.3709   (Y': 17.8089   Cb: 14.3042   Cr: 14.5579 )
00000802: 16.3409   (Y': 17.7843   Cb: 14.279    Cr: 14.5126 )
00000803: 16.3556   (Y': 17.7847   Cb: 14.2929   Cr: 14.5553 )
00000804: 16.3539   (Y': 17.808    Cb: 14.2747   Cr: 14.5237 )
00000805: 16.3429   (Y': 17.7993   Cb: 14.2537   Cr: 14.519  )
00000806: 16.3372   (Y': 17.8111   Cb: 14.2597   Cr: 14.4685 )
00000807: 16.3488   (Y': 17.7835   Cb: 14.2531   Cr: 14.5732 )
00000808: 16.3241   (Y': 17.7843   Cb: 14.2255   Cr: 14.5031 )
00000809: 16.3546   (Y': 17.7744   Cb: 14.3146   Cr: 14.5481 )
00000810: 16.3413   (Y': 17.7864   Cb: 14.3016   Cr: 14.4868 )
00000811: 16.3588   (Y': 17.7888   Cb: 14.2921   Cr: 14.5611 )
00000812: 16.3351   (Y': 17.7972   Cb: 14.2607   Cr: 14.4852 )
00000813: 16.3384   (Y': 17.7654   Cb: 14.282    Cr: 14.5353 )
00000814: 16.351    (Y': 17.7934   Cb: 14.279    Cr: 14.5352 )
00000815: 16.3552   (Y': 17.7983   Cb: 14.2906   Cr: 14.5305 )
00000816: 16.3273   (Y': 17.7746   Cb: 14.2593   Cr: 14.4984 )
00000817: 16.3512   (Y': 17.7887   Cb: 14.2754   Cr: 14.5487 )
00000818: 16.3358   (Y': 17.7933   Cb: 14.2552   Cr: 14.5008 )
00000819: 16.3554   (Y': 17.7884   Cb: 14.3069   Cr: 14.5328 )
00000820: 16.3512   (Y': 17.774    Cb: 14.2894   Cr: 14.5618 )
00000821: 16.3298   (Y': 17.7826   Cb: 14.2444   Cr: 14.5087 )
00000822: 16.3512   (Y': 17.7908   Cb: 14.2716   Cr: 14.5487 )
00000823: 16.3234   (Y': 17.769    Cb: 14.2643   Cr: 14.4883 )
00000824: 16.3524   (Y': 17.7914   Cb: 14.2794   Cr: 14.5443 )
00000825: 16.3403   (Y': 17.7805   Cb: 14.2534   Cr: 14.5446 )
00000826: 16.36     (Y': 17.7973   Cb: 14.2921   Cr: 14.5496 )
00000827: 16.3422   (Y': 17.7844   Cb: 14.2653   Cr: 14.5321 )
00000828: 16.3366   (Y': 17.7767   Cb: 14.2425   Cr: 14.5489 )
00000829: 16.3625   (Y': 17.8243   Cb: 14.2915   Cr: 14.5096 )
00000830: 16.3222   (Y': 17.7724   Cb: 14.2475   Cr: 14.495  )
00000831: 16.3207   (Y': 17.7595   Cb: 14.2534   Cr: 14.507  )
00000832: 16.3565   (Y': 17.8122   Cb: 14.2562   Cr: 14.5457 )
00000833: 16.3636   (Y': 17.8041   Cb: 14.294    Cr: 14.5492 )
00000834: 16.345    (Y': 17.784    Cb: 14.2648   Cr: 14.5444 )
00000835: 16.3439   (Y': 17.7891   Cb: 14.2744   Cr: 14.5202 )
00000836: 16.3536   (Y': 17.8049   Cb: 14.2782   Cr: 14.525  )
00000837: 16.3564   (Y': 17.8024   Cb: 14.2579   Cr: 14.5624 )
00000838: 16.3419   (Y': 17.7991   Cb: 14.2533   Cr: 14.516  )
00000839: 16.3526   (Y': 17.7965   Cb: 14.2901   Cr: 14.5243 )
00000840: 16.3613   (Y': 17.7815   Cb: 14.2905   Cr: 14.5869 )
00000841: 16.3486   (Y': 17.7848   Cb: 14.2933   Cr: 14.5272 )
00000842: 16.3516   (Y': 17.7936   Cb: 14.2994   Cr: 14.5156 )
00000843: 16.3464   (Y': 17.7868   Cb: 14.2524   Cr: 14.5579 )
00000844: 16.3376   (Y': 17.7843   Cb: 14.2232   Cr: 14.5592 )
00000845: 16.3473   (Y': 17.7635   Cb: 14.2918   Cr: 14.5638 )
00000846: 16.329    (Y': 17.7626   Cb: 14.2881   Cr: 14.4972 )
00000848: 16.3591   (Y': 17.8143   Cb: 14.2874   Cr: 14.5191 )
00000847: 16.3652   (Y': 17.8051   Cb: 14.269    Cr: 14.5803 )
00000849: 16.3321   (Y': 17.7796   Cb: 14.2385   Cr: 14.5299 )
00000850: 16.3342   (Y': 17.7784   Cb: 14.2435   Cr: 14.5351 )
00000851: 16.3605   (Y': 17.7902   Cb: 14.3113   Cr: 14.5447 )
00000852: 16.3507   (Y': 17.7758   Cb: 14.2717   Cr: 14.5756 )
00000853: 16.3455   (Y': 17.7916   Cb: 14.2376   Cr: 14.5611 )
00000854: 16.3359   (Y': 17.7787   Cb: 14.2571   Cr: 14.5265 )
00000855: 16.3574   (Y': 17.7806   Cb: 14.3069   Cr: 14.5556 )
00000856: 16.3292   (Y': 17.7918   Cb: 14.2409   Cr: 14.4928 )
00000857: 16.3554   (Y': 17.8057   Cb: 14.2438   Cr: 14.5671 )
00000858: 16.3504   (Y': 17.7534   Cb: 14.3043   Cr: 14.5823 )
00000859: 16.3526   (Y': 17.7726   Cb: 14.3392   Cr: 14.5178 )
00000860: 16.3382   (Y': 17.779    Cb: 14.2917   Cr: 14.4986 )
00000861: 16.3557   (Y': 17.7918   Cb: 14.281    Cr: 14.5549 )
00000862: 16.3544   (Y': 17.8046   Cb: 14.2626   Cr: 14.5448 )
00000863: 16.3428   (Y': 17.7606   Cb: 14.2861   Cr: 14.5576 )
00000864: 16.3274   (Y': 17.7898   Cb: 14.2508   Cr: 14.4791 )
00000865: 16.352    (Y': 17.7963   Cb: 14.2734   Cr: 14.54   )
00000866: 16.3398   (Y': 17.7965   Cb: 14.254    Cr: 14.5119 )
00000867: 16.3422   (Y': 17.8006   Cb: 14.2609   Cr: 14.5063 )
00000868: 16.332    (Y': 17.7802   Cb: 14.2502   Cr: 14.5156 )
00000869: 16.3595   (Y': 17.7989   Cb: 14.2868   Cr: 14.5501 )
00000870: 16.346    (Y': 17.7944   Cb: 14.2792   Cr: 14.5136 )
00000871: 16.3297   (Y': 17.7674   Cb: 14.251    Cr: 14.5301 )
00000873: 16.357    (Y': 17.7822   Cb: 14.2905   Cr: 14.568  )
00000872: 16.3383   (Y': 17.7771   Cb: 14.2656   Cr: 14.53   )
00000874: 16.3647   (Y': 17.8192   Cb: 14.2988   Cr: 14.5197 )
00000875: 16.3431   (Y': 17.7779   Cb: 14.2817   Cr: 14.5304 )
00000876: 16.3533   (Y': 17.787    Cb: 14.2773   Cr: 14.5584 )
00000877: 16.3474   (Y': 17.8008   Cb: 14.2752   Cr: 14.511  )
00000878: 16.3544   (Y': 17.814    Cb: 14.2592   Cr: 14.5311 )
00000879: 16.3493   (Y': 17.7893   Cb: 14.2688   Cr: 14.5472 )
00000880: 16.3631   (Y': 17.7926   Cb: 14.3187   Cr: 14.5427 )
00000881: 16.3489   (Y': 17.79     Cb: 14.2802   Cr: 14.5321 )
00000882: 16.3296   (Y': 17.7653   Cb: 14.2547   Cr: 14.5299 )
00000883: 16.3243   (Y': 17.7821   Cb: 14.2406   Cr: 14.4923 )
00000884: 16.3481   (Y': 17.7929   Cb: 14.2677   Cr: 14.537  )
00000885: 16.3563   (Y': 17.8039   Cb: 14.2811   Cr: 14.534  )
00000886: 16.3497   (Y': 17.7762   Cb: 14.3036   Cr: 14.5368 )
00000887: 16.3311   (Y': 17.771    Cb: 14.2577   Cr: 14.5218 )
00000888: 16.3615   (Y': 17.7904   Cb: 14.291    Cr: 14.5696 )
00000889: 16.3352   (Y': 17.7707   Cb: 14.2891   Cr: 14.505  )
00000890: 16.3355   (Y': 17.7754   Cb: 14.2679   Cr: 14.5198 )
00000891: 16.3337   (Y': 17.7965   Cb: 14.2363   Cr: 14.5065 )
00000892: 16.365    (Y': 17.7982   Cb: 14.3114   Cr: 14.5474 )
00000893: 16.3425   (Y': 17.7866   Cb: 14.281    Cr: 14.5124 )
00000894: 16.3549   (Y': 17.7836   Cb: 14.3161   Cr: 14.5304 )
00000895: 16.3511   (Y': 17.8062   Cb: 14.2564   Cr: 14.5356 )
00000896: 16.3981   (Y': 17.8575   Cb: 14.2941   Cr: 14.5843 )
00000897: 16.4001   (Y': 17.8488   Cb: 14.2827   Cr: 14.6211 )
00000898: 16.3791   (Y': 17.8535   Cb: 14.2699   Cr: 14.543  )
00000899: 16.3955   (Y': 17.8538   Cb: 14.2787   Cr: 14.5977 )
00000900: 16.3797   (Y': 17.8197   Cb: 14.31     Cr: 14.5661 )
00000901: 16.3379   (Y': 17.7489   Cb: 14.2747   Cr: 14.5727 )
00000902: 16.3578   (Y': 17.7859   Cb: 14.2946   Cr: 14.56   )
00000903: 16.3379   (Y': 17.7516   Cb: 14.296    Cr: 14.5449 )
00000904: 16.3315   (Y': 17.7641   Cb: 14.2611   Cr: 14.5328 )
00000905: 16.348    (Y': 17.756    Cb: 14.3357   Cr: 14.5349 )
00000906: 16.3419   (Y': 17.7806   Cb: 14.2746   Cr: 14.5286 )
00000907: 16.353    (Y': 17.779    Cb: 14.2997   Cr: 14.5487 )
00000908: 16.3653   (Y': 17.7961   Cb: 14.2993   Cr: 14.5653 )
00000910: 16.3459   (Y': 17.8062   Cb: 14.2567   Cr: 14.515  )
00000909: 16.3537   (Y': 17.8106   Cb: 14.2808   Cr: 14.5119 )
00000911: 16.3681   (Y': 17.8094   Cb: 14.2626   Cr: 14.5903 )
00000912: 16.3515   (Y': 17.7674   Cb: 14.3055   Cr: 14.5588 )
00000913: 16.3466   (Y': 17.7735   Cb: 14.2596   Cr: 14.5763 )
00000914: 16.3667   (Y': 17.8176   Cb: 14.2848   Cr: 14.5455 )
00000915: 16.3501   (Y': 17.7863   Cb: 14.2791   Cr: 14.5453 )
00000916: 16.3592   (Y': 17.7913   Cb: 14.2968   Cr: 14.5531 )
00000918: 16.3578   (Y': 17.8255   Cb: 14.2704   Cr: 14.511  )
00000917: 16.3499   (Y': 17.8124   Cb: 14.2455   Cr: 14.5309 )
00000919: 16.3421   (Y': 17.7983   Cb: 14.2836   Cr: 14.4865 )
00000921: 16.349    (Y': 17.7919   Cb: 14.2613   Cr: 14.5494 )
00000920: 16.3611   (Y': 17.8086   Cb: 14.2878   Cr: 14.5373 )
00000922: 16.3431   (Y': 17.7919   Cb: 14.2655   Cr: 14.5214 )
Total: 16.4965   (Y': 17.922    Cb: 14.4349   Cr: 14.7018 )
