00000007: 16.9627   (Y': 17.112    Cb: 15.4256   Cr: 18.4469 )
00000000: 37.4581   (Y': INF       Cb: 32.6869   Cr: 32.6869 )
00000001: 16.9166   (Y': 17.0653   Cb: 15.3545   Cr: 18.4545 )
00000004: 16.97     (Y': 17.1034   Cb: 15.4334   Cr: 18.5411 )
00000003: 16.913    (Y': 17.0521   Cb: 15.3826   Cr: 18.4395 )
00000005: 16.9471   (Y': 17.0956   Cb: 15.3773   Cr: 18.502  )
00000002: 16.9006   (Y': 17.0462   Cb: 15.3508   Cr: 18.4309 )
00000006: 16.941    (Y': 17.0766   Cb: 15.4313   Cr: 18.4455 )
00000008: 16.9606   (Y': 17.1047   Cb: 15.435    Cr: 18.45   )
00000009: 16.9538   (Y': 17.085    Cb: 15.4133   Cr: 18.5455 )
00000010: 16.9175   (Y': 17.0499   Cb: 15.3934   Cr: 18.4683 )
00000011: 16.9361   (Y': 17.0786   Cb: 15.3843   Cr: 18.4879 )
00000012: 16.9571   (Y': 17.0988   Cb: 15.4246   Cr: 18.474  )
00000013: 16.9379   (Y': 17.0832   Cb: 15.3933   Cr: 18.4589 )
00000014: 16.9208   (Y': 17.0659   Cb: 15.3616   Cr: 18.473  )
00000015: 16.9551   (Y': 17.0653   Cb: 15.4609   Cr: 18.5692 )
00000016: 16.9104   (Y': 17.0439   Cb: 15.4013   Cr: 18.425  )
00000017: 16.9423   (Y': 17.07     Cb: 15.4457   Cr: 18.4638 )
00000018: 16.9405   (Y': 17.0874   Cb: 15.3871   Cr: 18.4709 )
00000019: 16.9391   (Y': 17.0754   Cb: 15.4095   Cr: 18.4797 )
00000021: 16.9099   (Y': 17.0643   Cb: 15.3625   Cr: 18.387  )
00000020: 16.9295   (Y': 17.0768   Cb: 15.391    Cr: 18.427  )
00000022: 16.9365   (Y': 17.0739   Cb: 15.42     Cr: 18.4446 )
00000023: 16.9043   (Y': 17.0156   Cb: 15.3982   Cr: 18.5365 )
00000024: 16.9281   (Y': 17.0468   Cb: 15.4511   Cr: 18.4601 )
00000025: 16.9255   (Y': 17.0655   Cb: 15.4244   Cr: 18.3888 )
00000026: 16.9342   (Y': 17.0678   Cb: 15.412    Cr: 18.4741 )
00000027: 16.928    (Y': 17.0589   Cb: 15.4171   Cr: 18.4608 )
00000028: 16.9436   (Y': 17.0477   Cb: 15.4965   Cr: 18.497  )
00000029: 16.9322   (Y': 17.0585   Cb: 15.3959   Cr: 18.5415 )
00000030: 16.9344   (Y': 17.0942   Cb: 15.3696   Cr: 18.4177 )
00000031: 16.9319   (Y': 17.0611   Cb: 15.4321   Cr: 18.4512 )
00000032: 16.9137   (Y': 17.042    Cb: 15.3829   Cr: 18.5013 )
00000033: 16.9372   (Y': 17.0794   Cb: 15.3951   Cr: 18.4704 )
00000034: 16.9577   (Y': 17.0968   Cb: 15.4064   Cr: 18.5266 )
00000035: 16.9479   (Y': 17.0919   Cb: 15.3891   Cr: 18.5052 )
00000036: 16.9465   (Y': 17.0841   Cb: 15.4008   Cr: 18.5123 )
00000037: 16.9354   (Y': 17.0833   Cb: 15.3803   Cr: 18.4635 )
00000039: 16.9573   (Y': 17.106    Cb: 15.3893   Cr: 18.5075 )
00000038: 16.9709   (Y': 17.1402   Cb: 15.3735   Cr: 18.4683 )
00000040: 16.9486   (Y': 17.1143   Cb: 15.3612   Cr: 18.4454 )
00000041: 16.9407   (Y': 17.0868   Cb: 15.3916   Cr: 18.467  )
00000042: 16.9552   (Y': 17.1066   Cb: 15.3991   Cr: 18.466  )
00000043: 16.9786   (Y': 17.1206   Cb: 15.4403   Cr: 18.5048 )
00000045: 16.9361   (Y': 17.0865   Cb: 15.3684   Cr: 18.4765 )
00000044: 16.9601   (Y': 17.0917   Cb: 15.4206   Cr: 18.5469 )
00000046: 16.9439   (Y': 17.0828   Cb: 15.402    Cr: 18.4951 )
00000047: 16.9542   (Y': 17.0988   Cb: 15.3957   Cr: 18.5078 )
00000048: 16.9476   (Y': 17.0993   Cb: 15.3775   Cr: 18.4856 )
00000049: 16.9243   (Y': 17.0783   Cb: 15.3629   Cr: 18.4321 )
00000050: 16.9464   (Y': 17.0843   Cb: 15.4049   Cr: 18.5017 )
00000051: 16.9659   (Y': 17.1185   Cb: 15.4107   Cr: 18.4688 )
00000053: 16.9637   (Y': 17.1139   Cb: 15.4189   Cr: 18.4587 )
00000052: 16.9355   (Y': 17.0655   Cb: 15.3793   Cr: 18.5653 )
00000054: 16.9061   (Y': 17.0592   Cb: 15.3575   Cr: 18.3926 )
00000055: 16.9417   (Y': 17.0557   Cb: 15.4476   Cr: 18.5341 )
00000056: 16.941    (Y': 17.1084   Cb: 15.3589   Cr: 18.4173 )
00000057: 16.9495   (Y': 17.0796   Cb: 15.4354   Cr: 18.4922 )
00000058: 16.944    (Y': 17.093    Cb: 15.4222   Cr: 18.3993 )
00000059: 16.9682   (Y': 17.0998   Cb: 15.4269   Cr: 18.5588 )
00000061: 16.932    (Y': 17.0671   Cb: 15.4027   Cr: 18.4789 )
00000060: 16.9332   (Y': 17.1036   Cb: 15.3533   Cr: 18.3889 )
00000062: 16.9395   (Y': 17.0876   Cb: 15.3595   Cr: 18.5181 )
00000063: 16.9327   (Y': 17.0831   Cb: 15.3629   Cr: 18.4767 )
00000065: 16.9786   (Y': 17.1373   Cb: 15.4421   Cr: 18.4104 )
00000064: 16.9382   (Y': 17.0849   Cb: 15.365    Cr: 18.5104 )
00000066: 16.9716   (Y': 17.1216   Cb: 15.4065   Cr: 18.5087 )
00000067: 16.9838   (Y': 17.132    Cb: 15.4396   Cr: 18.4888 )
00000069: 17.0283   (Y': 17.1615   Cb: 15.4977   Cr: 18.588  )
00000068: 16.9961   (Y': 17.1542   Cb: 15.3864   Cr: 18.5806 )
00000070: 16.9864   (Y': 17.1289   Cb: 15.4411   Cr: 18.5251 )
00000071: 16.9689   (Y': 17.1194   Cb: 15.439    Cr: 18.4318 )
00000072: 16.963    (Y': 17.0946   Cb: 15.4508   Cr: 18.4939 )
00000073: 16.9388   (Y': 17.0746   Cb: 15.4054   Cr: 18.4894 )
00000074: 16.9347   (Y': 17.0664   Cb: 15.4045   Cr: 18.5021 )
00000075: 16.9088   (Y': 17.0257   Cb: 15.4371   Cr: 18.4404 )
00000076: 16.8974   (Y': 17.0327   Cb: 15.3659   Cr: 18.4472 )
00000077: 16.9122   (Y': 17.0394   Cb: 15.3845   Cr: 18.4989 )
00000078: 16.9065   (Y': 17.0197   Cb: 15.4274   Cr: 18.4728 )
00000079: 16.8968   (Y': 17.0311   Cb: 15.3659   Cr: 18.451  )
00000080: 16.9252   (Y': 17.0526   Cb: 15.4085   Cr: 18.4887 )
00000081: 16.9037   (Y': 17.0128   Cb: 15.4056   Cr: 18.5316 )
00000082: 16.9194   (Y': 17.0425   Cb: 15.3916   Cr: 18.5299 )
00000083: 16.9449   (Y': 17.0922   Cb: 15.3967   Cr: 18.4631 )
00000084: 16.9624   (Y': 17.0726   Cb: 15.4977   Cr: 18.5172 )
00000085: 16.9647   (Y': 17.0898   Cb: 15.4381   Cr: 18.5618 )
00000086: 16.9438   (Y': 17.0816   Cb: 15.3956   Cr: 18.5137 )
00000087: 16.9205   (Y': 17.0559   Cb: 15.3541   Cr: 18.541  )
00000088: 16.8891   (Y': 17.0304   Cb: 15.33     Cr: 18.462  )
00000089: 16.9029   (Y': 17.0273   Cb: 15.379    Cr: 18.4982 )
00000090: 16.8894   (Y': 17.0148   Cb: 15.3895   Cr: 18.4298 )
00000091: 16.9108   (Y': 17.0546   Cb: 15.3562   Cr: 18.4605 )
00000092: 16.9314   (Y': 17.0612   Cb: 15.4237   Cr: 18.463  )
00000093: 16.9264   (Y': 17.0494   Cb: 15.3954   Cr: 18.5434 )
00000094: 16.9823   (Y': 17.0956   Cb: 15.4997   Cr: 18.5557 )
00000095: 16.9924   (Y': 17.1396   Cb: 15.4647   Cr: 18.4696 )
00000096: 16.9611   (Y': 17.1172   Cb: 15.3978   Cr: 18.461  )
00000097: 17.0072   (Y': 17.1385   Cb: 15.4745   Cr: 18.5814 )
00000098: 17.0269   (Y': 17.1714   Cb: 15.4608   Cr: 18.5963 )
00000099: 17.0099   (Y': 17.1431   Cb: 15.4982   Cr: 18.5306 )
00000100: 16.9433   (Y': 17.0658   Cb: 15.4544   Cr: 18.4779 )
00000101: 16.9738   (Y': 17.1069   Cb: 15.4411   Cr: 18.5383 )
00000102: 16.9704   (Y': 17.0827   Cb: 15.499    Cr: 18.5262 )
00000103: 16.9353   (Y': 17.0564   Cb: 15.4217   Cr: 18.5285 )
00000104: 16.9127   (Y': 17.0583   Cb: 15.3637   Cr: 18.4409 )
00000105: 16.9098   (Y': 17.0497   Cb: 15.3729   Cr: 18.4453 )
00000106: 16.9209   (Y': 17.0581   Cb: 15.3941   Cr: 18.4509 )
00000107: 16.914    (Y': 17.0472   Cb: 15.3936   Cr: 18.4525 )
00000108: 16.9283   (Y': 17.0756   Cb: 15.3438   Cr: 18.5201 )
00000109: 16.9465   (Y': 17.0734   Cb: 15.4264   Cr: 18.5196 )
00000110: 16.9438   (Y': 17.0953   Cb: 15.3784   Cr: 18.4736 )
00000111: 16.9535   (Y': 17.0988   Cb: 15.4019   Cr: 18.4885 )
00000112: 16.9318   (Y': 17.0549   Cb: 15.4311   Cr: 18.4867 )
00000113: 16.9139   (Y': 17.0538   Cb: 15.3922   Cr: 18.4181 )
00000114: 16.9126   (Y': 17.0586   Cb: 15.326    Cr: 18.516  )
00000115: 16.9485   (Y': 17.0778   Cb: 15.4195   Cr: 18.5266 )
00000116: 16.9457   (Y': 17.0823   Cb: 15.385    Cr: 18.5479 )
00000117: 16.9473   (Y': 17.0998   Cb: 15.389    Cr: 18.457  )
00000118: 16.9174   (Y': 17.0741   Cb: 15.3536   Cr: 18.4153 )
00000119: 16.9425   (Y': 17.1069   Cb: 15.3664   Cr: 18.4234 )
00000120: 16.9343   (Y': 17.0882   Cb: 15.3937   Cr: 18.4005 )
00000121: 16.9289   (Y': 17.0866   Cb: 15.3601   Cr: 18.4313 )
00000122: 16.9448   (Y': 17.0936   Cb: 15.4305   Cr: 18.3861 )
00000123: 16.9182   (Y': 17.0955   Cb: 15.2847   Cr: 18.4462 )
00000124: 16.9187   (Y': 17.0808   Cb: 15.3543   Cr: 18.3886 )
00000125: 16.9304   (Y': 17.0804   Cb: 15.3619   Cr: 18.4741 )
00000126: 16.9385   (Y': 17.1019   Cb: 15.3775   Cr: 18.3948 )
00000127: 16.9246   (Y': 17.0673   Cb: 15.4017   Cr: 18.4162 )
00000128: 16.9349   (Y': 17.09     Cb: 15.4004   Cr: 18.3825 )
00000129: 16.9413   (Y': 17.1131   Cb: 15.3676   Cr: 18.3769 )
00000130: 16.9083   (Y': 17.0749   Cb: 15.3264   Cr: 18.3892 )
00000131: 16.9203   (Y': 17.077    Cb: 15.3507   Cr: 18.4296 )
00000132: 16.9311   (Y': 17.0909   Cb: 15.3692   Cr: 18.4082 )
00000133: 16.9123   (Y': 17.0571   Cb: 15.3537   Cr: 18.465  )
00000134: 16.9579   (Y': 17.1043   Cb: 15.4236   Cr: 18.4528 )
00000135: 16.9467   (Y': 17.1131   Cb: 15.3634   Cr: 18.4312 )
00000136: 16.9617   (Y': 17.1074   Cb: 15.4055   Cr: 18.5045 )
00000137: 16.9763   (Y': 17.1218   Cb: 15.3929   Cr: 18.5761 )
00000138: 16.9549   (Y': 17.1067   Cb: 15.3863   Cr: 18.4898 )
00000139: 16.9265   (Y': 17.0965   Cb: 15.3497   Cr: 18.3787 )
00000140: 16.9378   (Y': 17.0886   Cb: 15.4033   Cr: 18.4082 )
00000141: 16.9697   (Y': 17.1281   Cb: 15.4084   Cr: 18.4533 )
00000142: 16.9191   (Y': 17.064    Cb: 15.3888   Cr: 18.4134 )
00000143: 16.9373   (Y': 17.099    Cb: 15.3596   Cr: 18.4364 )
00000144: 16.9424   (Y': 17.0823   Cb: 15.3804   Cr: 18.5292 )
00000146: 16.9242   (Y': 17.0898   Cb: 15.3475   Cr: 18.4    )
00000145: 16.9264   (Y': 17.0593   Cb: 15.4158   Cr: 18.4473 )
00000147: 16.9205   (Y': 17.0839   Cb: 15.3419   Cr: 18.4118 )
00000148: 16.9303   (Y': 17.0857   Cb: 15.3587   Cr: 18.4511 )
00000149: 16.8965   (Y': 17.0413   Cb: 15.3702   Cr: 18.3838 )
00000150: 16.9174   (Y': 17.064    Cb: 15.3325   Cr: 18.5137 )
00000151: 16.9073   (Y': 17.0336   Cb: 15.4314   Cr: 18.3949 )
00000152: 16.9005   (Y': 17.0387   Cb: 15.3617   Cr: 18.4493 )
00000153: 16.9335   (Y': 17.0629   Cb: 15.4293   Cr: 18.4607 )
00000154: 16.9335   (Y': 17.1043   Cb: 15.3383   Cr: 18.4185 )
00000155: 16.927    (Y': 17.0625   Cb: 15.3827   Cr: 18.5015 )
00000156: 16.9153   (Y': 17.0547   Cb: 15.3982   Cr: 18.4139 )
00000157: 16.9172   (Y': 17.071    Cb: 15.3476   Cr: 18.4431 )
00000158: 16.9538   (Y': 17.0908   Cb: 15.4228   Cr: 18.4931 )
00000159: 16.937    (Y': 17.0891   Cb: 15.366    Cr: 18.4745 )
00000160: 16.9438   (Y': 17.1137   Cb: 15.3235   Cr: 18.4851 )
00000161: 16.9399   (Y': 17.1007   Cb: 15.3743   Cr: 18.4191 )
00000162: 16.9291   (Y': 17.0897   Cb: 15.3689   Cr: 18.3988 )
00000163: 16.9114   (Y': 17.0723   Cb: 15.3387   Cr: 18.404  )
00000164: 16.9256   (Y': 17.068    Cb: 15.3991   Cr: 18.426  )
00000165: 16.9431   (Y': 17.0863   Cb: 15.3891   Cr: 18.495  )
00000166: 16.9311   (Y': 17.0876   Cb: 15.4001   Cr: 18.364  )
00000167: 16.935    (Y': 17.0967   Cb: 15.3591   Cr: 18.43   )
00000168: 16.8981   (Y': 17.0418   Cb: 15.3671   Cr: 18.4007 )
00000169: 16.9314   (Y': 17.0911   Cb: 15.368    Cr: 18.4124 )
00000170: 16.9433   (Y': 17.0997   Cb: 15.3707   Cr: 18.4607 )
00000171: 16.9309   (Y': 17.0861   Cb: 15.3628   Cr: 18.4457 )
00000172: 16.9404   (Y': 17.0967   Cb: 15.3951   Cr: 18.4034 )
00000173: 16.9402   (Y': 17.1007   Cb: 15.3693   Cr: 18.4318 )
00000174: 16.9392   (Y': 17.086    Cb: 15.3831   Cr: 18.4755 )
00000175: 16.9393   (Y': 17.0855   Cb: 15.4056   Cr: 18.4337 )
00000176: 16.9452   (Y': 17.0576   Cb: 15.4663   Cr: 18.5157 )
00000177: 16.954    (Y': 17.0984   Cb: 15.428    Cr: 18.4427 )
00000178: 16.9317   (Y': 17.0716   Cb: 15.3816   Cr: 18.494  )
00000179: 16.916    (Y': 17.069    Cb: 15.37     Cr: 18.3982 )
00000180: 16.9324   (Y': 17.068    Cb: 15.4228   Cr: 18.4359 )
00000181: 16.9343   (Y': 17.0808   Cb: 15.3919   Cr: 18.4443 )
00000182: 16.9443   (Y': 17.0865   Cb: 15.4218   Cr: 18.4375 )
00000183: 16.9504   (Y': 17.0848   Cb: 15.4118   Cr: 18.5197 )
00000184: 16.9577   (Y': 17.0987   Cb: 15.4225   Cr: 18.484  )
00000185: 16.9577   (Y': 17.1017   Cb: 15.4368   Cr: 18.4385 )
00000186: 16.9457   (Y': 17.0774   Cb: 15.4256   Cr: 18.4919 )
00000187: 16.9627   (Y': 17.0992   Cb: 15.4164   Cr: 18.5359 )
00000188: 16.9239   (Y': 17.0486   Cb: 15.4181   Cr: 18.4809 )
00000189: 16.9336   (Y': 17.0716   Cb: 15.4037   Cr: 18.4648 )
00000190: 16.9349   (Y': 17.075    Cb: 15.4026   Cr: 18.4595 )
00000191: 16.9399   (Y': 17.0779   Cb: 15.4073   Cr: 18.4773 )
00000192: 16.9762   (Y': 17.1338   Cb: 15.4107   Cr: 18.4727 )
00000193: 17.0105   (Y': 17.1701   Cb: 15.4544   Cr: 18.4766 )
00000194: 16.9949   (Y': 17.1473   Cb: 15.4116   Cr: 18.5564 )
00000195: 16.9585   (Y': 17.1032   Cb: 15.4276   Cr: 18.4547 )
00000196: 16.9369   (Y': 17.0944   Cb: 15.346    Cr: 18.4856 )
00000197: 16.9332   (Y': 17.084    Cb: 15.3846   Cr: 18.4322 )
00000198: 16.9203   (Y': 17.0721   Cb: 15.3734   Cr: 18.4106 )
00000199: 16.9165   (Y': 17.0845   Cb: 15.333    Cr: 18.393  )
00000200: 16.9364   (Y': 17.0789   Cb: 15.3976   Cr: 18.4617 )
00000201: 16.9244   (Y': 17.0579   Cb: 15.3982   Cr: 18.4734 )
00000202: 16.9259   (Y': 17.0714   Cb: 15.3815   Cr: 18.4453 )
00000203: 16.9406   (Y': 17.085    Cb: 15.3879   Cr: 18.4837 )
00000204: 16.9484   (Y': 17.083    Cb: 15.3973   Cr: 18.5424 )
00000205: 16.96     (Y': 17.1003   Cb: 15.4255   Cr: 18.4881 )
00000206: 16.9549   (Y': 17.0873   Cb: 15.4141   Cr: 18.5399 )
00000207: 16.9328   (Y': 17.071    Cb: 15.3984   Cr: 18.4724 )
00000208: 16.9508   (Y': 17.101    Cb: 15.3996   Cr: 18.4587 )
00000209: 16.9448   (Y': 17.0658   Cb: 15.4287   Cr: 18.5426 )
00000210: 16.927    (Y': 17.0703   Cb: 15.4071   Cr: 18.4098 )
00000211: 16.9369   (Y': 17.0836   Cb: 15.4014   Cr: 18.4316 )
00000212: 16.9142   (Y': 17.0442   Cb: 15.3999   Cr: 18.4583 )
00000213: 16.9304   (Y': 17.0571   Cb: 15.4162   Cr: 18.4926 )
00000214: 16.9232   (Y': 17.0587   Cb: 15.4059   Cr: 18.443  )
00000215: 16.9187   (Y': 17.053    Cb: 15.4089   Cr: 18.4301 )
00000216: 16.936    (Y': 17.0713   Cb: 15.3983   Cr: 18.4977 )
00000217: 16.9319   (Y': 17.0711   Cb: 15.4083   Cr: 18.4441 )
00000218: 16.9478   (Y': 17.108    Cb: 15.3809   Cr: 18.4332 )
00000219: 16.9527   (Y': 17.0887   Cb: 15.4452   Cr: 18.4502 )
00000220: 16.8999   (Y': 17.0514   Cb: 15.3526   Cr: 18.3925 )
00000221: 16.9176   (Y': 17.0479   Cb: 15.3887   Cr: 18.4903 )
00000222: 16.9389   (Y': 17.1006   Cb: 15.3316   Cr: 18.4982 )
00000223: 16.9373   (Y': 17.0803   Cb: 15.4102   Cr: 18.4358 )
00000224: 16.972    (Y': 17.1403   Cb: 15.391    Cr: 18.4414 )
00000225: 16.9436   (Y': 17.0795   Cb: 15.4243   Cr: 18.4651 )
00000226: 16.9147   (Y': 17.0571   Cb: 15.3477   Cr: 18.4971 )
00000227: 16.9753   (Y': 17.1319   Cb: 15.4194   Cr: 18.4571 )
00000228: 16.9681   (Y': 17.1235   Cb: 15.402    Cr: 18.4774 )
00000229: 16.9626   (Y': 17.1061   Cb: 15.3942   Cr: 18.5426 )
00000230: 17.0008   (Y': 17.137    Cb: 15.46     Cr: 18.5643 )
00000231: 17.0157   (Y': 17.1654   Cb: 15.4411   Cr: 18.5741 )
00000232: 17.0174   (Y': 17.1905   Cb: 15.3989   Cr: 18.5371 )
00000233: 17.0211   (Y': 17.198    Cb: 15.4106   Cr: 18.5036 )
00000234: 17.0238   (Y': 17.2001   Cb: 15.4085   Cr: 18.5198 )
00000235: 17.0057   (Y': 17.1679   Cb: 15.4181   Cr: 18.5213 )
00000236: 17.0523   (Y': 17.2348   Cb: 15.4518   Cr: 18.4856 )
00000237: 17.0241   (Y': 17.2109   Cb: 15.3792   Cr: 18.5243 )
00000238: 17.0618   (Y': 17.2175   Cb: 15.4852   Cr: 18.5912 )
00000239: 17.9944   (Y': 18.5107   Cb: 15.7079   Cr: 19.2134 )
00000240: 18.3973   (Y': 19.0045   Cb: 15.963    Cr: 19.5306 )
00000241: 18.2882   (Y': 18.8439   Cb: 15.9458   Cr: 19.4487 )
00000242: 17.657    (Y': 18.0275   Cb: 15.6626   Cr: 18.9397 )
00000243: 17.246    (Y': 17.4701   Cb: 15.4966   Cr: 18.763  )
00000244: 17.0534   (Y': 17.2316   Cb: 15.4174   Cr: 18.5821 )
00000245: 16.9825   (Y': 17.1587   Cb: 15.3595   Cr: 18.4947 )
00000246: 16.9528   (Y': 17.1354   Cb: 15.3002   Cr: 18.4914 )
00000247: 16.9892   (Y': 17.1628   Cb: 15.3651   Cr: 18.5176 )
00000248: 16.9612   (Y': 17.12     Cb: 15.4013   Cr: 18.4396 )
00000249: 16.9654   (Y': 17.1436   Cb: 15.3563   Cr: 18.4389 )
00000250: 16.9345   (Y': 17.1167   Cb: 15.2776   Cr: 18.4844 )
00000251: 16.9641   (Y': 17.1478   Cb: 15.3156   Cr: 18.4887 )
00000252: 16.9537   (Y': 17.1121   Cb: 15.3602   Cr: 18.5028 )
00000253: 16.9805   (Y': 17.1336   Cb: 15.4009   Cr: 18.5304 )
00000254: 16.9441   (Y': 17.1183   Cb: 15.3425   Cr: 18.4241 )
00000255: 16.9484   (Y': 17.1243   Cb: 15.3224   Cr: 18.4682 )
00000256: 16.9452   (Y': 17.1043   Cb: 15.3348   Cr: 18.5255 )
00000257: 16.9722   (Y': 17.1481   Cb: 15.3322   Cr: 18.5218 )
00000258: 16.9551   (Y': 17.104    Cb: 15.3796   Cr: 18.5197 )
00000259: 16.9472   (Y': 17.1055   Cb: 15.344    Cr: 18.5166 )
00000260: 16.9587   (Y': 17.1195   Cb: 15.3674   Cr: 18.4901 )
00000261: 16.9634   (Y': 17.1276   Cb: 15.3653   Cr: 18.4904 )
00000262: 16.9678   (Y': 17.1285   Cb: 15.3844   Cr: 18.4834 )
00000263: 16.9968   (Y': 17.1589   Cb: 15.4148   Cr: 18.502  )
00000264: 16.966    (Y': 17.1215   Cb: 15.3826   Cr: 18.5101 )
00000265: 16.9725   (Y': 17.1511   Cb: 15.3258   Cr: 18.5207 )
00000266: 17.0115   (Y': 17.1571   Cb: 15.474    Cr: 18.5168 )
00000267: 16.9947   (Y': 17.1609   Cb: 15.393    Cr: 18.518  )
00000268: 16.9412   (Y': 17.0815   Cb: 15.3624   Cr: 18.5602 )
00000270: 16.9408   (Y': 17.0997   Cb: 15.3368   Cr: 18.5091 )
00000269: 16.9466   (Y': 17.1002   Cb: 15.3884   Cr: 18.4498 )
00000271: 16.9437   (Y': 17.0831   Cb: 15.4082   Cr: 18.4783 )
00000272: 16.9611   (Y': 17.0962   Cb: 15.4352   Cr: 18.5009 )
00000273: 16.943    (Y': 17.0915   Cb: 15.3834   Cr: 18.4773 )
00000274: 16.936    (Y': 17.0873   Cb: 15.3794   Cr: 18.4484 )
00000275: 16.9249   (Y': 17.1138   Cb: 15.2907   Cr: 18.3921 )
00000276: 16.9473   (Y': 17.1033   Cb: 15.3686   Cr: 18.4795 )
00000277: 16.9217   (Y': 17.072    Cb: 15.3676   Cr: 18.4344 )
00000278: 16.9311   (Y': 17.0832   Cb: 15.4008   Cr: 18.387  )
00000279: 16.9419   (Y': 17.1158   Cb: 15.3359   Cr: 18.432  )
00000280: 16.9229   (Y': 17.0813   Cb: 15.3646   Cr: 18.4    )
00000281: 16.9085   (Y': 17.0569   Cb: 15.3694   Cr: 18.4019 )
00000282: 16.9205   (Y': 17.0855   Cb: 15.3447   Cr: 18.3973 )
00000283: 16.9631   (Y': 17.1067   Cb: 15.417    Cr: 18.4962 )
00000284: 16.9469   (Y': 17.0956   Cb: 15.3942   Cr: 18.4662 )
00000285: 16.9309   (Y': 17.0751   Cb: 15.366    Cr: 18.4996 )
00000286: 16.9408   (Y': 17.1013   Cb: 15.3626   Cr: 18.447  )
00000287: 16.9524   (Y': 17.1148   Cb: 15.3576   Cr: 18.4821 )
00000288: 16.9408   (Y': 17.1056   Cb: 15.3569   Cr: 18.4353 )
00000289: 16.949    (Y': 17.1061   Cb: 15.3939   Cr: 18.4269 )
00000290: 16.9257   (Y': 17.0818   Cb: 15.3571   Cr: 18.4363 )
00000291: 16.9384   (Y': 17.112    Cb: 15.3401   Cr: 18.4145 )
00000292: 16.9445   (Y': 17.0961   Cb: 15.4185   Cr: 18.3943 )
00000293: 16.9978   (Y': 17.1503   Cb: 15.4276   Cr: 18.5319 )
00000294: 16.984    (Y': 17.1397   Cb: 15.3815   Cr: 18.5669 )
00000295: 17.0154   (Y': 17.1689   Cb: 15.4447   Cr: 18.5447 )
00000296: 17.0062   (Y': 17.175    Cb: 15.4355   Cr: 18.4522 )
00000297: 17.0466   (Y': 17.1992   Cb: 15.5036   Cr: 18.5252 )
00000298: 17.0526   (Y': 17.2093   Cb: 15.4615   Cr: 18.6067 )
00000299: 17.0821   (Y': 17.2389   Cb: 15.5113   Cr: 18.5935 )
00000300: 17.0664   (Y': 17.2493   Cb: 15.4628   Cr: 18.5031 )
00000301: 17.081    (Y': 17.2489   Cb: 15.4785   Cr: 18.5967 )
00000302: 17.0803   (Y': 17.2274   Cb: 15.5157   Cr: 18.6326 )
00000303: 17.0903   (Y': 17.2543   Cb: 15.493    Cr: 18.6161 )
00000304: 17.0776   (Y': 17.2286   Cb: 15.5086   Cr: 18.617  )
00000305: 17.0808   (Y': 17.2597   Cb: 15.4437   Cr: 18.608  )
00000306: 17.0805   (Y': 17.2523   Cb: 15.4708   Cr: 18.5892 )
00000307: 17.0464   (Y': 17.2176   Cb: 15.4354   Cr: 18.5616 )
00000308: 17.0542   (Y': 17.2169   Cb: 15.4396   Cr: 18.6235 )
00000309: 17.0275   (Y': 17.1807   Cb: 15.458    Cr: 18.5563 )
00000310: 17.0266   (Y': 17.1859   Cb: 15.4461   Cr: 18.5448 )
00000311: 17.0162   (Y': 17.1604   Cb: 15.446    Cr: 18.5957 )
00000312: 16.9944   (Y': 17.1413   Cb: 15.4417   Cr: 18.5234 )
00000313: 16.9588   (Y': 17.1073   Cb: 15.3857   Cr: 18.521  )
00000314: 16.9507   (Y': 17.1033   Cb: 15.3905   Cr: 18.4638 )
00000315: 16.9397   (Y': 17.0842   Cb: 15.3794   Cr: 18.4975 )
00000316: 16.9523   (Y': 17.1146   Cb: 15.3478   Cr: 18.5027 )
00000317: 16.942    (Y': 17.0953   Cb: 15.3842   Cr: 18.4457 )
00000318: 16.9699   (Y': 17.1206   Cb: 15.4015   Cr: 18.5096 )
00000319: 16.9385   (Y': 17.0791   Cb: 15.3637   Cr: 18.5482 )
00000320: 16.9325   (Y': 17.067    Cb: 15.3942   Cr: 18.5011 )
00000321: 16.9379   (Y': 17.0987   Cb: 15.3719   Cr: 18.4179 )
00000322: 16.9564   (Y': 17.1179   Cb: 15.3765   Cr: 18.4607 )
00000323: 16.9364   (Y': 17.0995   Cb: 15.3352   Cr: 18.4759 )
00000324: 16.9477   (Y': 17.1069   Cb: 15.3709   Cr: 18.4577 )
00000325: 16.9368   (Y': 17.1024   Cb: 15.3545   Cr: 18.424  )
00000326: 16.9638   (Y': 17.1306   Cb: 15.3916   Cr: 18.4232 )
00000327: 16.9541   (Y': 17.1067   Cb: 15.3672   Cr: 18.5217 )
00000328: 16.9558   (Y': 17.1219   Cb: 15.3691   Cr: 18.4492 )
00000329: 16.9308   (Y': 17.0943   Cb: 15.347    Cr: 18.4323 )
00000330: 16.9516   (Y': 17.103    Cb: 15.3614   Cr: 18.5324 )
00000331: 16.9489   (Y': 17.1132   Cb: 15.3367   Cr: 18.5041 )
00000332: 16.9421   (Y': 17.0942   Cb: 15.3872   Cr: 18.4465 )
00000333: 16.9402   (Y': 17.1113   Cb: 15.3067   Cr: 18.502  )
00000334: 16.9561   (Y': 17.1251   Cb: 15.3885   Cr: 18.3946 )
00000335: 16.9526   (Y': 17.1106   Cb: 15.3469   Cr: 18.5288 )
00000336: 16.9764   (Y': 17.129    Cb: 15.4165   Cr: 18.4892 )
00000337: 16.9562   (Y': 17.1305   Cb: 15.3206   Cr: 18.5052 )
00000338: 16.9766   (Y': 17.1169   Cb: 15.4512   Cr: 18.486  )
00000339: 16.9563   (Y': 17.1061   Cb: 15.3932   Cr: 18.4901 )
00000340: 16.9755   (Y': 17.1295   Cb: 15.3884   Cr: 18.5354 )
00000341: 16.9802   (Y': 17.1374   Cb: 15.4138   Cr: 18.4804 )
00000342: 16.9662   (Y': 17.1285   Cb: 15.3719   Cr: 18.4959 )
00000343: 16.9528   (Y': 17.1148   Cb: 15.3479   Cr: 18.5057 )
00000344: 16.9369   (Y': 17.1004   Cb: 15.3517   Cr: 18.4411 )
00000345: 16.9677   (Y': 17.1477   Cb: 15.3548   Cr: 18.4392 )
00000346: 16.9519   (Y': 17.1239   Cb: 15.3      Cr: 18.5474 )
00000347: 16.9516   (Y': 17.106    Cb: 15.3888   Cr: 18.46   )
00000348: 16.937    (Y': 17.1064   Cb: 15.3138   Cr: 18.4873 )
00000349: 16.9521   (Y': 17.0958   Cb: 15.4308   Cr: 18.4351 )
00000350: 16.9153   (Y': 17.0617   Cb: 15.3586   Cr: 18.4555 )
00000351: 16.9465   (Y': 17.0928   Cb: 15.403    Cr: 18.4601 )
00000352: 16.9401   (Y': 17.0846   Cb: 15.4078   Cr: 18.4413 )
00000353: 16.9543   (Y': 17.113    Cb: 15.3877   Cr: 18.4468 )
00000354: 16.9566   (Y': 17.1136   Cb: 15.3705   Cr: 18.4981 )
00000355: 16.9572   (Y': 17.1114   Cb: 15.3959   Cr: 18.4638 )
00000356: 16.9141   (Y': 17.0599   Cb: 15.3376   Cr: 18.4977 )
00000357: 16.9193   (Y': 17.0675   Cb: 15.3477   Cr: 18.4796 )
00000358: 16.9113   (Y': 17.0688   Cb: 15.3292   Cr: 18.4414 )
00000359: 16.9396   (Y': 17.096    Cb: 15.3492   Cr: 18.4933 )
00000360: 16.8977   (Y': 17.0394   Cb: 15.3428   Cr: 18.4599 )
00000361: 16.9417   (Y': 17.1016   Cb: 15.3489   Cr: 18.4813 )
00000362: 16.9493   (Y': 17.1045   Cb: 15.3506   Cr: 18.5265 )
00000363: 16.9189   (Y': 17.0628   Cb: 15.3689   Cr: 18.459  )
00000364: 16.9433   (Y': 17.0926   Cb: 15.3706   Cr: 18.4999 )
00000365: 16.9247   (Y': 17.0672   Cb: 15.369    Cr: 18.4835 )
00000366: 16.9179   (Y': 17.0527   Cb: 15.3619   Cr: 18.5214 )
00000367: 16.9637   (Y': 17.1111   Cb: 15.4121   Cr: 18.4874 )
00000368: 16.9317   (Y': 17.087    Cb: 15.3736   Cr: 18.4255 )
00000369: 16.9443   (Y': 17.105    Cb: 15.377    Cr: 18.4271 )
00000370: 16.9148   (Y': 17.0866   Cb: 15.2848   Cr: 18.466  )
00000371: 16.9242   (Y': 17.0798   Cb: 15.3448   Cr: 18.4598 )
00000372: 16.9443   (Y': 17.1184   Cb: 15.3374   Cr: 18.4355 )
00000373: 16.9392   (Y': 17.0925   Cb: 15.3498   Cr: 18.5084 )
00000374: 16.9478   (Y': 17.0994   Cb: 15.3734   Cr: 18.4953 )
00000375: 16.9498   (Y': 17.0994   Cb: 15.4289   Cr: 18.4004 )
00000376: 16.9658   (Y': 17.127    Cb: 15.3882   Cr: 18.4671 )
00000377: 16.9456   (Y': 17.1087   Cb: 15.3567   Cr: 18.4595 )
00000378: 16.9599   (Y': 17.1338   Cb: 15.3498   Cr: 18.4587 )
00000379: 16.9755   (Y': 17.1331   Cb: 15.3988   Cr: 18.4942 )
00000380: 17.0101   (Y': 17.1913   Cb: 15.3817   Cr: 18.5068 )
00000381: 16.9837   (Y': 17.1393   Cb: 15.404    Cr: 18.5199 )
00000382: 16.984    (Y': 17.1348   Cb: 15.4348   Cr: 18.4845 )
00000383: 16.9849   (Y': 17.1522   Cb: 15.4066   Cr: 18.4543 )
00000384: 16.953    (Y': 17.1063   Cb: 15.4057   Cr: 18.4362 )
00000385: 16.9305   (Y': 17.0908   Cb: 15.3674   Cr: 18.4072 )
00000386: 16.9701   (Y': 17.1564   Cb: 15.3606   Cr: 18.4006 )
00000387: 16.9549   (Y': 17.0956   Cb: 15.4149   Cr: 18.4924 )
00000388: 16.9676   (Y': 17.1353   Cb: 15.3671   Cr: 18.4801 )
00000389: 16.9736   (Y': 17.1243   Cb: 15.4211   Cr: 18.4812 )
00000390: 16.9756   (Y': 17.1396   Cb: 15.4028   Cr: 18.452  )
00000391: 16.9574   (Y': 17.1346   Cb: 15.3333   Cr: 18.4673 )
00000392: 16.9703   (Y': 17.1029   Cb: 15.4209   Cr: 18.5715 )
00000393: 16.9434   (Y': 17.0999   Cb: 15.356    Cr: 18.4904 )
00000394: 16.9324   (Y': 17.0733   Cb: 15.3818   Cr: 18.4898 )
00000395: 16.9365   (Y': 17.0859   Cb: 15.3719   Cr: 18.4761 )
00000396: 16.9516   (Y': 17.1243   Cb: 15.3265   Cr: 18.488  )
00000398: 16.9518   (Y': 17.1223   Cb: 15.3499   Cr: 18.4521 )
00000397: 16.9407   (Y': 17.1026   Cb: 15.351    Cr: 18.4623 )
00000399: 16.9418   (Y': 17.0903   Cb: 15.3942   Cr: 18.4515 )
00000400: 16.9355   (Y': 17.1071   Cb: 15.3303   Cr: 18.436  )
00000401: 16.9609   (Y': 17.1364   Cb: 15.377    Cr: 18.3973 )
00000402: 16.923    (Y': 17.1018   Cb: 15.3077   Cr: 18.4059 )
00000403: 16.9422   (Y': 17.1085   Cb: 15.3574   Cr: 18.4304 )
00000404: 16.9323   (Y': 17.0805   Cb: 15.3829   Cr: 18.4478 )
00000405: 16.9436   (Y': 17.1071   Cb: 15.3733   Cr: 18.4175 )
00000406: 16.9342   (Y': 17.0681   Cb: 15.388    Cr: 18.5217 )
00000407: 16.925    (Y': 17.084    Cb: 15.3409   Cr: 18.4517 )
00000408: 16.9723   (Y': 17.1174   Cb: 15.4537   Cr: 18.4428 )
00000409: 16.9565   (Y': 17.1039   Cb: 15.3921   Cr: 18.5063 )
00000410: 16.9585   (Y': 17.1224   Cb: 15.3847   Cr: 18.4374 )
00000411: 16.922    (Y': 17.0863   Cb: 15.3614   Cr: 18.3722 )
00000412: 16.955    (Y': 17.1154   Cb: 15.3844   Cr: 18.4467 )
00000414: 16.9525   (Y': 17.1045   Cb: 15.4041   Cr: 18.4447 )
00000413: 16.9427   (Y': 17.103    Cb: 15.3677   Cr: 18.4436 )
00000415: 16.9508   (Y': 17.0985   Cb: 15.3868   Cr: 18.4985 )
00000416: 16.969    (Y': 17.1197   Cb: 15.4359   Cr: 18.4375 )
00000417: 16.9681   (Y': 17.1313   Cb: 15.3932   Cr: 18.4528 )
00000418: 16.9422   (Y': 17.0997   Cb: 15.3696   Cr: 18.453  )
00000419: 16.9457   (Y': 17.1011   Cb: 15.3771   Cr: 18.4605 )
00000420: 16.9434   (Y': 17.0958   Cb: 15.3718   Cr: 18.4807 )
00000421: 16.9605   (Y': 17.1139   Cb: 15.3832   Cr: 18.5038 )
00000422: 16.9295   (Y': 17.0824   Cb: 15.3824   Cr: 18.414  )
00000423: 16.9326   (Y': 17.0884   Cb: 15.3731   Cr: 18.4269 )
00000424: 16.9406   (Y': 17.1192   Cb: 15.3359   Cr: 18.4026 )
00000425: 16.9386   (Y': 17.1028   Cb: 15.3664   Cr: 18.4125 )
00000426: 16.9492   (Y': 17.1005   Cb: 15.3827   Cr: 18.482  )
00000427: 16.9466   (Y': 17.1237   Cb: 15.3469   Cr: 18.4068 )
00000428: 16.94     (Y': 17.1258   Cb: 15.3302   Cr: 18.3738 )
00000429: 16.9362   (Y': 17.1283   Cb: 15.2763   Cr: 18.4386 )
00000430: 16.9415   (Y': 17.1076   Cb: 15.3404   Cr: 18.4642 )
00000431: 16.9571   (Y': 17.128    Cb: 15.3736   Cr: 18.4175 )
00000432: 16.9739   (Y': 17.1442   Cb: 15.3874   Cr: 18.4434 )
00000434: 16.9624   (Y': 17.1149   Cb: 15.4175   Cr: 18.4451 )
00000433: 16.9516   (Y': 17.1122   Cb: 15.3759   Cr: 18.4523 )
00000435: 16.9633   (Y': 17.1435   Cb: 15.3366   Cr: 18.4615 )
00000436: 16.9701   (Y': 17.1496   Cb: 15.3153   Cr: 18.5308 )
00000438: 16.9584   (Y': 17.1129   Cb: 15.3706   Cr: 18.5172 )
00000437: 16.9705   (Y': 17.1509   Cb: 15.345    Cr: 18.4653 )
00000439: 16.9479   (Y': 17.1166   Cb: 15.3427   Cr: 18.4645 )
00000440: 16.9437   (Y': 17.1178   Cb: 15.3334   Cr: 18.4414 )
00000441: 16.9609   (Y': 17.122    Cb: 15.4098   Cr: 18.4092 )
00000442: 16.9576   (Y': 17.1248   Cb: 15.365    Cr: 18.4568 )
00000443: 16.9374   (Y': 17.1046   Cb: 15.3412   Cr: 18.4438 )
00000444: 16.9273   (Y': 17.0865   Cb: 15.3443   Cr: 18.4505 )
00000446: 16.9263   (Y': 17.0747   Cb: 15.3759   Cr: 18.4425 )
00000445: 16.9176   (Y': 17.0805   Cb: 15.3142   Cr: 18.4626 )
00000447: 16.9122   (Y': 17.0535   Cb: 15.3872   Cr: 18.4157 )
00000448: 16.9474   (Y': 17.1106   Cb: 15.3533   Cr: 18.4712 )
00000449: 16.9461   (Y': 17.0998   Cb: 15.3696   Cr: 18.486  )
00000450: 16.9358   (Y': 17.095    Cb: 15.3516   Cr: 18.4614 )
00000451: 16.9116   (Y': 17.0721   Cb: 15.3601   Cr: 18.3645 )
00000452: 16.9532   (Y': 17.1191   Cb: 15.3454   Cr: 18.4903 )
00000453: 16.9527   (Y': 17.0993   Cb: 15.4198   Cr: 18.4427 )
00000454: 16.9566   (Y': 17.1138   Cb: 15.3646   Cr: 18.5089 )
00000455: 16.9677   (Y': 17.1452   Cb: 15.3445   Cr: 18.4732 )
00000456: 16.9739   (Y': 17.1319   Cb: 15.4339   Cr: 18.4173 )
00000458: 16.9689   (Y': 17.1436   Cb: 15.3616   Cr: 18.4568 )
00000457: 16.944    (Y': 17.0902   Cb: 15.3844   Cr: 18.4908 )
00000459: 16.9519   (Y': 17.1225   Cb: 15.3621   Cr: 18.4267 )
00000460: 16.9631   (Y': 17.141    Cb: 15.3434   Cr: 18.4601 )
00000461: 16.9059   (Y': 17.0666   Cb: 15.33     Cr: 18.4062 )
00000462: 16.9492   (Y': 17.129    Cb: 15.3057   Cr: 18.4844 )
00000463: 16.9475   (Y': 17.1197   Cb: 15.3334   Cr: 18.4634 )
00000464: 16.9674   (Y': 17.1409   Cb: 15.3652   Cr: 18.4515 )
00000465: 16.9435   (Y': 17.1138   Cb: 15.3613   Cr: 18.4047 )
00000466: 16.9599   (Y': 17.1153   Cb: 15.3658   Cr: 18.5265 )
00000467: 16.9528   (Y': 17.1208   Cb: 15.3484   Cr: 18.4713 )
00000468: 16.9533   (Y': 17.12     Cb: 15.3457   Cr: 18.4862 )
00000469: 16.9748   (Y': 17.1603   Cb: 15.3727   Cr: 18.3951 )
00000470: 16.9665   (Y': 17.1387   Cb: 15.3714   Cr: 18.4439 )
00000471: 16.9597   (Y': 17.1027   Cb: 15.416    Cr: 18.4919 )
00000472: 16.9834   (Y': 17.1384   Cb: 15.432    Cr: 18.4658 )
00000474: 16.9698   (Y': 17.1321   Cb: 15.3655   Cr: 18.5194 )
00000473: 16.9509   (Y': 17.1144   Cb: 15.3898   Cr: 18.4063 )
00000475: 16.9898   (Y': 17.1547   Cb: 15.3952   Cr: 18.5056 )
00000476: 16.9861   (Y': 17.1522   Cb: 15.43     Cr: 18.4176 )
00000477: 16.9533   (Y': 17.1213   Cb: 15.3792   Cr: 18.4106 )
00000478: 16.9652   (Y': 17.1463   Cb: 15.3264   Cr: 18.4831 )
00000479: 16.961    (Y': 17.1336   Cb: 15.3473   Cr: 18.4737 )
00000480: 16.9587   (Y': 17.1361   Cb: 15.3537   Cr: 18.4279 )
00000481: 16.9797   (Y': 17.1582   Cb: 15.3657   Cr: 18.4614 )
00000482: 16.9453   (Y': 17.1106   Cb: 15.3478   Cr: 18.4651 )
00000483: 16.9625   (Y': 17.1245   Cb: 15.3993   Cr: 18.4301 )
00000484: 16.9719   (Y': 17.1239   Cb: 15.4176   Cr: 18.476  )
00000485: 16.9464   (Y': 17.1      Cb: 15.3817   Cr: 18.4629 )
00000486: 16.9452   (Y': 17.1203   Cb: 15.3189   Cr: 18.4703 )
00000487: 16.9456   (Y': 17.1185   Cb: 15.3199   Cr: 18.482  )
00000488: 16.9459   (Y': 17.1087   Cb: 15.3636   Cr: 18.448  )
00000489: 16.9531   (Y': 17.122    Cb: 15.3665   Cr: 18.4312 )
00000490: 16.9431   (Y': 17.1092   Cb: 15.3467   Cr: 18.4557 )
00000491: 16.9154   (Y': 17.0874   Cb: 15.3072   Cr: 18.4204 )
00000492: 16.9454   (Y': 17.114    Cb: 15.3643   Cr: 18.4135 )
00000493: 16.9584   (Y': 17.1229   Cb: 15.3683   Cr: 18.4666 )
00000494: 16.9685   (Y': 17.12     Cb: 15.421    Cr: 18.4622 )
00000495: 16.9357   (Y': 17.0898   Cb: 15.3345   Cr: 18.5244 )
00000496: 16.9446   (Y': 17.0968   Cb: 15.39     Cr: 18.4479 )
00000497: 16.9322   (Y': 17.0705   Cb: 15.3855   Cr: 18.4959 )
00000498: 16.9524   (Y': 17.0979   Cb: 15.3966   Cr: 18.4951 )
00000499: 16.9244   (Y': 17.0769   Cb: 15.3396   Cr: 18.4883 )
00000500: 16.9107   (Y': 17.0594   Cb: 15.3359   Cr: 18.4752 )
00000501: 16.9808   (Y': 17.1268   Cb: 15.4383   Cr: 18.494  )
00000502: 17.0397   (Y': 17.2263   Cb: 15.4146   Cr: 18.5001 )
00000503: 17.044    (Y': 17.2186   Cb: 15.4325   Cr: 18.5416 )
00000504: 17.1024   (Y': 17.2812   Cb: 15.4686   Cr: 18.6232 )
00000505: 17.0833   (Y': 17.247    Cb: 15.5063   Cr: 18.5693 )
00000506: 17.0254   (Y': 17.1863   Cb: 15.4407   Cr: 18.5427 )
00000507: 17.0491   (Y': 17.1995   Cb: 15.4809   Cr: 18.5903 )
00000508: 17.1099   (Y': 17.253    Cb: 15.5296   Cr: 18.7163 )
00000509: 17.0829   (Y': 17.2435   Cb: 15.5253   Cr: 18.5468 )
00000510: 17.1324   (Y': 17.3232   Cb: 15.5117   Cr: 18.5615 )
00000511: 17.1537   (Y': 17.3713   Cb: 15.4863   Cr: 18.5357 )
00000512: 17.031    (Y': 17.1906   Cb: 15.4517   Cr: 18.5445 )
00000513: 17.0162   (Y': 17.1546   Cb: 15.4724   Cr: 18.5741 )
00000514: 17.0345   (Y': 17.1852   Cb: 15.4569   Cr: 18.5932 )
00000515: 17.0316   (Y': 17.1874   Cb: 15.4684   Cr: 18.533  )
00000516: 16.9857   (Y': 17.1317   Cb: 15.4445   Cr: 18.4966 )
00000517: 16.9571   (Y': 17.1001   Cb: 15.4278   Cr: 18.4603 )
00000518: 16.9571   (Y': 17.1099   Cb: 15.3953   Cr: 18.4721 )
00000519: 16.9605   (Y': 17.0975   Cb: 15.4262   Cr: 18.5061 )
00000520: 16.9562   (Y': 17.1174   Cb: 15.3974   Cr: 18.4195 )
00000521: 16.9356   (Y': 17.105    Cb: 15.361    Cr: 18.3862 )
00000522: 16.926    (Y': 17.0601   Cb: 15.4362   Cr: 18.3984 )
00000523: 16.9242   (Y': 17.0768   Cb: 15.3637   Cr: 18.4379 )
00000524: 16.9002   (Y': 17.0424   Cb: 15.3668   Cr: 18.4156 )
00000525: 16.9778   (Y': 17.1338   Cb: 15.4159   Cr: 18.4754 )
00000526: 17.0213   (Y': 17.1896   Cb: 15.4637   Cr: 18.4441 )
00000527: 17.0393   (Y': 17.179    Cb: 15.5181   Cr: 18.5446 )
00000528: 17.0186   (Y': 17.1501   Cb: 15.4553   Cr: 18.6552 )
00000529: 17.0095   (Y': 17.1579   Cb: 15.4662   Cr: 18.511  )
00000530: 17.0248   (Y': 17.1733   Cb: 15.47     Cr: 18.5489 )
00000532: 17.0769   (Y': 17.2243   Cb: 15.5144   Cr: 18.6229 )
00000531: 17.0667   (Y': 17.2281   Cb: 15.4944   Cr: 18.5555 )
00000533: 17.0568   (Y': 17.2199   Cb: 15.4554   Cr: 18.5968 )
00000534: 17.0748   (Y': 17.2284   Cb: 15.522    Cr: 18.5671 )
00000535: 17.0371   (Y': 17.1932   Cb: 15.471    Cr: 18.5428 )
00000536: 17.0266   (Y': 17.1706   Cb: 15.434    Cr: 18.6542 )
00000537: 16.9793   (Y': 17.1155   Cb: 15.406    Cr: 18.6099 )
00000538: 16.9754   (Y': 17.1005   Cb: 15.4731   Cr: 18.5226 )
00000540: 16.9622   (Y': 17.0807   Cb: 15.4529   Cr: 18.5601 )
00000539: 16.9433   (Y': 17.0555   Cb: 15.4262   Cr: 18.5937 )
00000541: 16.961    (Y': 17.0701   Cb: 15.4395   Cr: 18.6382 )
00000542: 18.0071   (Y': 18.4606   Cb: 15.8442   Cr: 19.2499 )
00000543: 18.4135   (Y': 18.9896   Cb: 15.9758   Cr: 19.6985 )
00000544: 18.3119   (Y': 18.8617   Cb: 15.9242   Cr: 19.6036 )
00000545: 17.7175   (Y': 18.0534   Cb: 15.7535   Cr: 19.1087 )
00000546: 17.2426   (Y': 17.402    Cb: 15.5927   Cr: 18.905  )
00000547: 17.0184   (Y': 17.1302   Cb: 15.4766   Cr: 18.7222 )
00000548: 16.9421   (Y': 17.0507   Cb: 15.4193   Cr: 18.6248 )
00000549: 16.9369   (Y': 17.036    Cb: 15.4454   Cr: 18.6093 )
00000550: 16.9414   (Y': 17.0331   Cb: 15.4464   Cr: 18.6631 )
00000551: 16.9568   (Y': 17.0668   Cb: 15.4424   Cr: 18.6142 )
00000552: 16.9317   (Y': 17.0626   Cb: 15.3848   Cr: 18.5371 )
00000553: 16.9449   (Y': 17.0667   Cb: 15.4342   Cr: 18.5278 )
00000554: 16.9469   (Y': 17.0486   Cb: 15.4334   Cr: 18.6497 )
00000555: 17.0175   (Y': 17.1599   Cb: 15.4478   Cr: 18.6058 )
00000556: 17.0161   (Y': 17.1655   Cb: 15.4438   Cr: 18.5713 )
00000557: 16.9984   (Y': 17.1209   Cb: 15.4603   Cr: 18.6336 )
00000558: 16.936    (Y': 17.0493   Cb: 15.4434   Cr: 18.5297 )
00000559: 16.9345   (Y': 17.0467   Cb: 15.4458   Cr: 18.526  )
00000560: 16.8931   (Y': 16.9868   Cb: 15.4219   Cr: 18.554  )
00000561: 16.8697   (Y': 16.949    Cb: 15.4434   Cr: 18.5212 )
00000562: 16.8446   (Y': 16.9356   Cb: 15.3963   Cr: 18.474  )
00000563: 16.8384   (Y': 16.9074   Cb: 15.4184   Cr: 18.5371 )
00000564: 16.851    (Y': 16.9429   Cb: 15.3913   Cr: 18.499  )
00000565: 16.7942   (Y': 16.8849   Cb: 15.3238   Cr: 18.4711 )
00000566: 16.8241   (Y': 16.9288   Cb: 15.3711   Cr: 18.3855 )
00000567: 16.887    (Y': 16.9836   Cb: 15.4206   Cr: 18.5215 )
00000568: 16.8473   (Y': 16.9205   Cb: 15.4227   Cr: 18.5311 )
00000569: 16.8376   (Y': 16.9257   Cb: 15.4004   Cr: 18.4614 )
00000570: 16.8733   (Y': 16.9817   Cb: 15.3777   Cr: 18.5007 )
00000571: 16.9906   (Y': 17.1065   Cb: 15.5066   Cr: 18.552  )
00000572: 16.9925   (Y': 17.1039   Cb: 15.4651   Cr: 18.6683 )
00000573: 17.0094   (Y': 17.1159   Cb: 15.5055   Cr: 18.6645 )
00000574: 17.012    (Y': 17.1383   Cb: 15.523    Cr: 18.5261 )
00000575: 16.99     (Y': 17.1123   Cb: 15.4932   Cr: 18.5417 )
00000576: 16.9764   (Y': 17.1037   Cb: 15.4532   Cr: 18.5533 )
00000577: 17.0089   (Y': 17.1151   Cb: 15.5322   Cr: 18.61   )
00000578: 16.9979   (Y': 17.1254   Cb: 15.4873   Cr: 18.5479 )
00000579: 16.9898   (Y': 17.1127   Cb: 15.505    Cr: 18.5137 )
00000580: 17.0233   (Y': 17.1523   Cb: 15.4968   Cr: 18.598  )
00000581: 17.0084   (Y': 17.1455   Cb: 15.4634   Cr: 18.5755 )
00000583: 17.0183   (Y': 17.1498   Cb: 15.4965   Cr: 18.5702 )
00000582: 17.0075   (Y': 17.1391   Cb: 15.4759   Cr: 18.5779 )
00000584: 17.037    (Y': 17.2026   Cb: 15.4398   Cr: 18.5543 )
00000585: 16.9761   (Y': 17.1009   Cb: 15.466    Cr: 18.5404 )
00000586: 16.9705   (Y': 17.1006   Cb: 15.4336   Cr: 18.5602 )
00000587: 16.962    (Y': 17.0935   Cb: 15.427    Cr: 18.5394 )
00000588: 18.2821   (Y': 18.8986   Cb: 15.8748   Cr: 19.3132 )
00000589: 18.4229   (Y': 19.0538   Cb: 15.9643   Cr: 19.5051 )
00000591: 17.4834   (Y': 17.7766   Cb: 15.6087   Cr: 18.9022 )
00000590: 17.9403   (Y': 18.3866   Cb: 15.8128   Cr: 19.1405 )
00000592: 17.1267   (Y': 17.319    Cb: 15.4761   Cr: 18.609  )
00000593: 17.0925   (Y': 17.2752   Cb: 15.453    Cr: 18.604  )
00000594: 16.9516   (Y': 17.1023   Cb: 15.3969   Cr: 18.4641 )
00000595: 16.9265   (Y': 17.0698   Cb: 15.3695   Cr: 18.4843 )
00000596: 16.9494   (Y': 17.103    Cb: 15.3948   Cr: 18.4448 )
00000597: 16.9441   (Y': 17.1021   Cb: 15.3691   Cr: 18.4576 )
00000599: 16.9231   (Y': 17.073    Cb: 15.3828   Cr: 18.411  )
00000598: 16.9485   (Y': 17.0929   Cb: 15.3982   Cr: 18.4861 )
00000600: 16.9073   (Y': 17.0643   Cb: 15.3187   Cr: 18.4535 )
00000601: 16.9253   (Y': 17.076    Cb: 15.3508   Cr: 18.478  )
00000602: 16.9428   (Y': 17.1078   Cb: 15.3831   Cr: 18.3878 )
00000603: 16.9395   (Y': 17.0773   Cb: 15.4128   Cr: 18.4659 )
00000604: 16.9494   (Y': 17.1023   Cb: 15.3882   Cr: 18.4631 )
00000605: 16.9636   (Y': 17.1257   Cb: 15.4021   Cr: 18.4272 )
00000606: 16.9634   (Y': 17.1035   Cb: 15.3935   Cr: 18.5655 )
00000607: 16.9744   (Y': 17.1168   Cb: 15.4242   Cr: 18.5226 )
00000608: 17.0522   (Y': 17.2703   Cb: 15.385    Cr: 18.4308 )
00000609: 17.0848   (Y': 17.2803   Cb: 15.4634   Cr: 18.4909 )
00000610: 17.3371   (Y': 17.6252   Cb: 15.5687   Cr: 18.5629 )
00000611: 17.5138   (Y': 17.8915   Cb: 15.5864   Cr: 18.6231 )
00000612: 17.547    (Y': 17.9299   Cb: 15.6125   Cr: 18.6464 )
00000613: 17.5072   (Y': 17.875    Cb: 15.5804   Cr: 18.663  )
00000614: 17.5646   (Y': 17.9954   Cb: 15.5453   Cr: 18.6117 )
00000615: 17.5897   (Y': 18.0143   Cb: 15.5863   Cr: 18.6333 )
00000616: 17.474    (Y': 17.8405   Cb: 15.5455   Cr: 18.6391 )
00000617: 17.2803   (Y': 17.6013   Cb: 15.4192   Cr: 18.5301 )
00000618: 17.0647   (Y': 17.2959   Cb: 15.3788   Cr: 18.4138 )
00000619: 17.2712   (Y': 17.6076   Cb: 15.3908   Cr: 18.4842 )
00000620: 17.529    (Y': 17.9381   Cb: 15.5422   Cr: 18.6103 )
00000621: 17.4016   (Y': 17.7475   Cb: 15.5207   Cr: 18.5697 )
00000623: 17.4076   (Y': 17.7295   Cb: 15.5611   Cr: 18.6227 )
00000622: 17.4795   (Y': 17.8682   Cb: 15.4975   Cr: 18.6476 )
00000624: 17.3491   (Y': 17.6449   Cb: 15.5412   Cr: 18.6159 )
00000625: 17.2666   (Y': 17.5491   Cb: 15.472    Cr: 18.5735 )
00000626: 17.1577   (Y': 17.3984   Cb: 15.4258   Cr: 18.5504 )
00000627: 17.0819   (Y': 17.3073   Cb: 15.4088   Cr: 18.4352 )
00000628: 17.0718   (Y': 17.3013   Cb: 15.3592   Cr: 18.4835 )
00000629: 17.0938   (Y': 17.3234   Cb: 15.3942   Cr: 18.478  )
00000630: 17.0887   (Y': 17.3241   Cb: 15.3762   Cr: 18.4693 )
00000631: 17.1362   (Y': 17.3708   Cb: 15.4664   Cr: 18.4349 )
00000632: 17.2126   (Y': 17.4945   Cb: 15.4218   Cr: 18.5138 )
00000633: 17.1936   (Y': 17.4342   Cb: 15.4944   Cr: 18.5205 )
00000634: 17.2127   (Y': 17.4652   Cb: 15.478    Cr: 18.5499 )
00000635: 17.1951   (Y': 17.4502   Cb: 15.4728   Cr: 18.4946 )
00000636: 17.1447   (Y': 17.3853   Cb: 15.4423   Cr: 18.4782 )
00000637: 17.1568   (Y': 17.4109   Cb: 15.4024   Cr: 18.5259 )
00000638: 17.1541   (Y': 17.404    Cb: 15.42     Cr: 18.5031 )
00000639: 17.195    (Y': 17.4436   Cb: 15.4866   Cr: 18.4994 )
00000640: 17.1671   (Y': 17.4437   Cb: 15.384    Cr: 18.4797 )
00000641: 17.1687   (Y': 17.4475   Cb: 15.3782   Cr: 18.4856 )
00000642: 17.1775   (Y': 17.4645   Cb: 15.3654   Cr: 18.4973 )
00000643: 17.1344   (Y': 17.4105   Cb: 15.3592   Cr: 18.4332 )
00000644: 17.1319   (Y': 17.4033   Cb: 15.3391   Cr: 18.4912 )
00000645: 17.117    (Y': 17.3624   Cb: 15.3908   Cr: 18.474  )
00000646: 17.1209   (Y': 17.3684   Cb: 15.379    Cr: 18.499  )
00000647: 17.1204   (Y': 17.3351   Cb: 15.4736   Cr: 18.4763 )
00000648: 17.0809   (Y': 17.3101   Cb: 15.3763   Cr: 18.4777 )
00000649: 17.063    (Y': 17.2859   Cb: 15.3951   Cr: 18.4182 )
00000650: 17.0469   (Y': 17.2671   Cb: 15.3613   Cr: 18.4526 )
00000651: 17.0715   (Y': 17.2922   Cb: 15.4243   Cr: 18.3968 )
00000652: 17.064    (Y': 17.2926   Cb: 15.3863   Cr: 18.4099 )
00000653: 17.028    (Y': 17.2467   Cb: 15.3405   Cr: 18.4449 )
00000654: 17.009    (Y': 17.2317   Cb: 15.316    Cr: 18.4163 )
00000655: 17.0258   (Y': 17.2514   Cb: 15.3399   Cr: 18.4029 )
00000656: 17.0544   (Y': 17.2908   Cb: 15.344    Cr: 18.4254 )
00000657: 17.0223   (Y': 17.2596   Cb: 15.3127   Cr: 18.3872 )
00000658: 17.0586   (Y': 17.2993   Cb: 15.3259   Cr: 18.4532 )
00000659: 17.0389   (Y': 17.2404   Cb: 15.3929   Cr: 18.4624 )
00000660: 17.0189   (Y': 17.2469   Cb: 15.3429   Cr: 18.364  )
00000661: 17.0314   (Y': 17.2369   Cb: 15.3796   Cr: 18.4451 )
00000662: 17.0363   (Y': 17.2847   Cb: 15.3006   Cr: 18.3965 )
00000663: 17.0519   (Y': 17.283    Cb: 15.3476   Cr: 18.4383 )
00000664: 17.0385   (Y': 17.2547   Cb: 15.3741   Cr: 18.4214 )
00000665: 17.0284   (Y': 17.2265   Cb: 15.3945   Cr: 18.4451 )
00000666: 16.9861   (Y': 17.1871   Cb: 15.343    Cr: 18.4068 )
00000667: 17.016    (Y': 17.2326   Cb: 15.3469   Cr: 18.407  )
00000669: 16.9686   (Y': 17.1787   Cb: 15.3178   Cr: 18.3569 )
00000668: 16.9787   (Y': 17.1756   Cb: 15.3053   Cr: 18.4831 )
00000670: 17.01     (Y': 17.2176   Cb: 15.3648   Cr: 18.4001 )
00000671: 17.1254   (Y': 17.334    Cb: 15.4483   Cr: 18.5753 )
00000672: 17.208    (Y': 17.4515   Cb: 15.4753   Cr: 18.5874 )
00000673: 17.1734   (Y': 17.42     Cb: 15.4627   Cr: 18.4926 )
00000674: 17.1247   (Y': 17.3486   Cb: 15.4153   Cr: 18.5595 )
00000675: 17.1646   (Y': 17.3816   Cb: 15.4879   Cr: 18.5691 )
00000676: 17.2675   (Y': 17.5396   Cb: 15.4588   Cr: 18.6563 )
00000677: 17.4042   (Y': 17.6983   Cb: 15.6003   Cr: 18.6706 )
00000679: 17.4637   (Y': 17.7962   Cb: 15.5979   Cr: 18.6659 )
00000678: 17.453    (Y': 17.7721   Cb: 15.5993   Cr: 18.6968 )
00000680: 17.5161   (Y': 17.8766   Cb: 15.6003   Cr: 18.6838 )
00000681: 17.4909   (Y': 17.8542   Cb: 15.5637   Cr: 18.6683 )
00000682: 17.3802   (Y': 17.686    Cb: 15.5566   Cr: 18.6285 )
00000683: 17.5241   (Y': 17.9097   Cb: 15.5574   Cr: 18.6761 )
00000684: 17.4555   (Y': 17.8432   Cb: 15.5196   Cr: 18.5349 )
00000685: 17.3912   (Y': 17.6844   Cb: 15.5765   Cr: 18.6848 )
00000686: 17.3574   (Y': 17.686    Cb: 15.4875   Cr: 18.5871 )
00000687: 17.4842   (Y': 17.8321   Cb: 15.5604   Cr: 18.7303 )
00000688: 17.571    (Y': 17.9477   Cb: 15.6051   Cr: 18.7644 )
00000689: 17.4639   (Y': 17.7818   Cb: 15.5893   Cr: 18.7565 )
00000690: 17.26     (Y': 17.481    Cb: 15.5421   Cr: 18.728  )
00000691: 17.1894   (Y': 17.3769   Cb: 15.5182   Cr: 18.7403 )
00000692: 17.2724   (Y': 17.531    Cb: 15.4887   Cr: 18.6789 )
00000693: 17.2455   (Y': 17.4774   Cb: 15.4941   Cr: 18.725  )
00000695: 18.423    (Y': 19.01     Cb: 16.0074   Cr: 19.6054 )
00000694: 18.0125   (Y': 18.4998   Cb: 15.7783   Cr: 19.2508 )
00000696: 18.3249   (Y': 18.8684   Cb: 15.9474   Cr: 19.6226 )
00000697: 17.6871   (Y': 18.0285   Cb: 15.7242   Cr: 19.0481 )
00000698: 17.312    (Y': 17.5306   Cb: 15.5617   Cr: 18.8606 )
00000699: 17.1563   (Y': 17.3468   Cb: 15.4721   Cr: 18.7187 )
00000700: 17.3061   (Y': 17.5526   Cb: 15.5572   Cr: 18.7037 )
00000701: 17.3392   (Y': 17.6493   Cb: 15.4795   Cr: 18.6396 )
00000702: 17.2735   (Y': 17.5276   Cb: 15.5227   Cr: 18.6357 )
00000703: 17.1849   (Y': 17.4274   Cb: 15.452    Cr: 18.57   )
00000704: 17.1203   (Y': 17.3475   Cb: 15.4308   Cr: 18.4971 )
00000705: 17.0911   (Y': 17.3409   Cb: 15.3717   Cr: 18.411  )
00000706: 17.0857   (Y': 17.3101   Cb: 15.3674   Cr: 18.5359 )
00000707: 17.135    (Y': 17.3738   Cb: 15.3985   Cr: 18.5469 )
00000708: 17.1741   (Y': 17.4212   Cb: 15.4002   Cr: 18.62   )
00000709: 17.1501   (Y': 17.3828   Cb: 15.4347   Cr: 18.5505 )
00000710: 17.1359   (Y': 17.3784   Cb: 15.4208   Cr: 18.4846 )
00000711: 17.1132   (Y': 17.3348   Cb: 15.4473   Cr: 18.4717 )
00000712: 17.0878   (Y': 17.291    Cb: 15.4273   Cr: 18.5321 )
00000713: 17.0933   (Y': 17.3074   Cb: 15.3844   Cr: 18.5795 )
00000714: 17.0855   (Y': 17.2918   Cb: 15.4013   Cr: 18.5619 )
00000715: 17.0615   (Y': 17.2634   Cb: 15.3847   Cr: 18.5462 )
00000716: 17.0547   (Y': 17.2728   Cb: 15.3404   Cr: 18.5302 )
00000717: 17.0618   (Y': 17.2871   Cb: 15.3508   Cr: 18.4921 )
00000718: 17.0704   (Y': 17.2974   Cb: 15.3757   Cr: 18.4591 )
00000719: 17.0649   (Y': 17.3053   Cb: 15.3319   Cr: 18.4617 )
00000720: 17.0565   (Y': 17.2937   Cb: 15.3434   Cr: 18.4294 )
00000721: 17.0571   (Y': 17.2984   Cb: 15.3169   Cr: 18.4638 )
00000722: 17.0451   (Y': 17.2649   Cb: 15.3613   Cr: 18.4487 )
00000723: 17.0467   (Y': 17.2583   Cb: 15.3558   Cr: 18.5078 )
00000724: 17.0763   (Y': 17.3025   Cb: 15.4219   Cr: 18.3883 )
00000725: 17.0668   (Y': 17.2877   Cb: 15.3862   Cr: 18.4582 )
00000726: 17.0542   (Y': 17.2875   Cb: 15.3203   Cr: 18.4898 )
00000727: 17.0192   (Y': 17.245    Cb: 15.3149   Cr: 18.4329 )
00000728: 17.0407   (Y': 17.2757   Cb: 15.3391   Cr: 18.4013 )
00000729: 17.0101   (Y': 17.249    Cb: 15.2881   Cr: 18.3925 )
00000730: 17.0328   (Y': 17.2432   Cb: 15.3915   Cr: 18.4002 )
00000731: 17.0518   (Y': 17.3007   Cb: 15.2997   Cr: 18.4436 )
00000732: 17.2174   (Y': 17.4424   Cb: 15.5121   Cr: 18.6379 )
00000733: 17.3071   (Y': 17.5828   Cb: 15.5069   Cr: 18.6599 )
00000734: 17.2845   (Y': 17.5622   Cb: 15.4827   Cr: 18.6302 )
00000735: 17.3462   (Y': 17.6067   Cb: 15.5746   Cr: 18.7177 )
00000736: 17.2787   (Y': 17.5408   Cb: 15.505    Cr: 18.6463 )
00000737: 17.1559   (Y': 17.3731   Cb: 15.4673   Cr: 18.5836 )
00000738: 17.1543   (Y': 17.3774   Cb: 15.429    Cr: 18.626  )
00000739: 17.2389   (Y': 17.4869   Cb: 15.5258   Cr: 18.5558 )
00000740: 17.2447   (Y': 17.5288   Cb: 15.4423   Cr: 18.5586 )
00000741: 17.2451   (Y': 17.515    Cb: 15.4596   Cr: 18.597  )
00000742: 17.1512   (Y': 17.4192   Cb: 15.3758   Cr: 18.4917 )
00000743: 17.1192   (Y': 17.3634   Cb: 15.4001   Cr: 18.4678 )
00000744: 17.085    (Y': 17.3443   Cb: 15.3533   Cr: 18.3816 )
00000745: 17.1172   (Y': 17.383    Cb: 15.3644   Cr: 18.4235 )
00000746: 17.065    (Y': 17.3091   Cb: 15.2928   Cr: 18.5236 )
00000747: 17.1841   (Y': 17.4283   Cb: 15.4344   Cr: 18.5955 )
00000748: 17.1506   (Y': 17.4038   Cb: 15.3712   Cr: 18.5767 )
00000749: 17.1213   (Y': 17.3618   Cb: 15.398    Cr: 18.4978 )
00000750: 17.1012   (Y': 17.3281   Cb: 15.3933   Cr: 18.5172 )
00000751: 17.1066   (Y': 17.3603   Cb: 15.3644   Cr: 18.4526 )
00000752: 17.1252   (Y': 17.3823   Cb: 15.3542   Cr: 18.5126 )
00000753: 17.106    (Y': 17.3088   Cb: 15.4626   Cr: 18.5171 )
00000754: 17.1035   (Y': 17.3305   Cb: 15.3879   Cr: 18.5342 )
00000755: 17.1325   (Y': 17.3621   Cb: 15.3892   Cr: 18.6073 )
00000756: 17.1333   (Y': 17.3503   Cb: 15.4076   Cr: 18.6382 )
00000757: 17.078    (Y': 17.2947   Cb: 15.3813   Cr: 18.5248 )
00000758: 17.1143   (Y': 17.3623   Cb: 15.3543   Cr: 18.5268 )
00000759: 17.0638   (Y': 17.3276   Cb: 15.2567   Cr: 18.493  )
00000760: 17.0873   (Y': 17.3286   Cb: 15.3488   Cr: 18.4904 )
00000761: 17.088    (Y': 17.3303   Cb: 15.3143   Cr: 18.5597 )
00000762: 17.1318   (Y': 17.3535   Cb: 15.4426   Cr: 18.5365 )
00000763: 17.1801   (Y': 17.3964   Cb: 15.4826   Cr: 18.6302 )
00000764: 17.1403   (Y': 17.3657   Cb: 15.4504   Cr: 18.5275 )
00000765: 17.131    (Y': 17.373    Cb: 15.4106   Cr: 18.4931 )
00000766: 17.1472   (Y': 17.378    Cb: 15.4229   Cr: 18.576  )
00000767: 17.1464   (Y': 17.4032   Cb: 15.3752   Cr: 18.5365 )
00000768: 17.0473   (Y': 17.2919   Cb: 15.3204   Cr: 18.4097 )
00000769: 17.1315   (Y': 17.3756   Cb: 15.3897   Cr: 18.5268 )
00000770: 17.1416   (Y': 17.3713   Cb: 15.4397   Cr: 18.5306 )
00000771: 17.1098   (Y': 17.3476   Cb: 15.386    Cr: 18.5012 )
00000772: 17.1071   (Y': 17.3544   Cb: 15.354    Cr: 18.5088 )
00000773: 17.1073   (Y': 17.3387   Cb: 15.3912   Cr: 18.5158 )
00000774: 17.1002   (Y': 17.3363   Cb: 15.3749   Cr: 18.5036 )
00000775: 17.1438   (Y': 17.3724   Cb: 15.4298   Cr: 18.5627 )
00000776: 17.1168   (Y': 17.3344   Cb: 15.3958   Cr: 18.609  )
00000777: 17.1082   (Y': 17.3531   Cb: 15.3695   Cr: 18.4933 )
00000778: 17.0965   (Y': 17.3164   Cb: 15.3696   Cr: 18.5894 )
00000779: 17.0965   (Y': 17.3228   Cb: 15.3707   Cr: 18.5521 )
00000780: 17.1501   (Y': 17.4021   Cb: 15.4155   Cr: 18.4898 )
00000781: 17.0926   (Y': 17.3404   Cb: 15.3474   Cr: 18.4757 )
00000782: 17.0943   (Y': 17.3624   Cb: 15.3036   Cr: 18.4663 )
00000783: 17.0846   (Y': 17.3428   Cb: 15.3241   Cr: 18.445  )
00000784: 17.0871   (Y': 17.3404   Cb: 15.3329   Cr: 18.4602 )
00000785: 17.1126   (Y': 17.372    Cb: 15.3581   Cr: 18.4551 )
00000786: 17.0719   (Y': 17.3264   Cb: 15.3274   Cr: 18.4186 )
00000787: 17.1532   (Y': 17.3971   Cb: 15.3875   Cr: 18.5994 )
00000788: 17.1213   (Y': 17.3659   Cb: 15.3742   Cr: 18.5245 )
00000789: 17.0926   (Y': 17.3226   Cb: 15.3408   Cr: 18.5828 )
00000790: 17.1219   (Y': 17.3667   Cb: 15.4072   Cr: 18.4587 )
00000791: 17.0747   (Y': 17.317    Cb: 15.3536   Cr: 18.4368 )
00000792: 17.0902   (Y': 17.338    Cb: 15.3466   Cr: 18.4704 )
00000793: 17.0868   (Y': 17.3295   Cb: 15.3634   Cr: 18.4518 )
00000794: 17.0824   (Y': 17.3213   Cb: 15.3693   Cr: 18.4464 )
00000795: 17.1014   (Y': 17.3567   Cb: 15.3658   Cr: 18.4263 )
00000796: 17.1708   (Y': 17.4462   Cb: 15.3901   Cr: 18.4846 )
00000797: 17.149    (Y': 17.3973   Cb: 15.3722   Cr: 18.5953 )
00000798: 17.1307   (Y': 17.369    Cb: 15.4377   Cr: 18.457  )
00000799: 17.1892   (Y': 17.4248   Cb: 15.4684   Cr: 18.5862 )
00000800: 17.1371   (Y': 17.3969   Cb: 15.3819   Cr: 18.4786 )
00000801: 17.1235   (Y': 17.3812   Cb: 15.3851   Cr: 18.4421 )
00000802: 17.1113   (Y': 17.3651   Cb: 15.3594   Cr: 18.4769 )
00000803: 17.0973   (Y': 17.3559   Cb: 15.3568   Cr: 18.4152 )
00000804: 17.1174   (Y': 17.3906   Cb: 15.3381   Cr: 18.4399 )
00000805: 17.1089   (Y': 17.3922   Cb: 15.3225   Cr: 18.3945 )
00000806: 17.1339   (Y': 17.4143   Cb: 15.3339   Cr: 18.4621 )
00000808: 17.133    (Y': 17.4083   Cb: 15.3459   Cr: 18.4611 )
00000807: 17.1529   (Y': 17.4172   Cb: 15.3826   Cr: 18.5024 )
00000809: 17.1421   (Y': 17.4146   Cb: 15.3285   Cr: 18.5389 )
00000810: 17.1339   (Y': 17.401    Cb: 15.337    Cr: 18.524  )
00000811: 17.1519   (Y': 17.4224   Cb: 15.3919   Cr: 18.4487 )
00000812: 17.1452   (Y': 17.4149   Cb: 15.3473   Cr: 18.5236 )
00000813: 17.088    (Y': 17.3406   Cb: 15.3221   Cr: 18.4887 )
00000814: 17.1222   (Y': 17.3871   Cb: 15.3569   Cr: 18.4584 )
00000815: 17.0962   (Y': 17.3545   Cb: 15.3356   Cr: 18.4562 )
00000816: 17.0706   (Y': 17.3418   Cb: 15.2693   Cr: 18.4484 )
00000817: 17.0393   (Y': 17.2953   Cb: 15.2761   Cr: 18.4168 )
00000818: 17.0584   (Y': 17.3193   Cb: 15.2952   Cr: 18.4105 )
00000819: 17.0884   (Y': 17.34     Cb: 15.3306   Cr: 18.4782 )
00000820: 17.0961   (Y': 17.3525   Cb: 15.3237   Cr: 18.4904 )
00000822: 17.2028   (Y': 17.4674   Cb: 15.42     Cr: 18.5762 )
00000821: 17.121    (Y': 17.3902   Cb: 15.3442   Cr: 18.459  )
00000823: 17.2085   (Y': 17.486    Cb: 15.4361   Cr: 18.495  )
00000824: 17.1397   (Y': 17.3741   Cb: 15.4336   Cr: 18.5124 )
00000825: 17.1086   (Y': 17.3525   Cb: 15.3767   Cr: 18.4848 )
00000826: 17.0824   (Y': 17.3181   Cb: 15.3819   Cr: 18.4371 )
00000827: 17.076    (Y': 17.3277   Cb: 15.3327   Cr: 18.4352 )
00000828: 17.1066   (Y': 17.3514   Cb: 15.3445   Cr: 18.5403 )
00000829: 17.091    (Y': 17.3184   Cb: 15.3723   Cr: 18.5263 )
00000830: 17.0824   (Y': 17.3203   Cb: 15.3617   Cr: 18.4664 )
00000831: 17.0969   (Y': 17.3523   Cb: 15.3792   Cr: 18.3855 )
00000832: 17.0562   (Y': 17.2736   Cb: 15.3879   Cr: 18.4416 )
00000833: 17.0404   (Y': 17.2667   Cb: 15.3317   Cr: 18.4607 )
00000834: 17.0639   (Y': 17.3124   Cb: 15.3311   Cr: 18.4178 )
00000835: 17.0283   (Y': 17.2722   Cb: 15.3308   Cr: 18.3345 )
00000836: 17.0251   (Y': 17.2661   Cb: 15.3076   Cr: 18.3869 )
00000837: 17.0413   (Y': 17.2981   Cb: 15.3082   Cr: 18.3532 )
00000838: 17.0354   (Y': 17.2598   Cb: 15.3697   Cr: 18.3788 )
00000839: 17.0555   (Y': 17.2957   Cb: 15.3466   Cr: 18.4037 )
00000840: 17.0206   (Y': 17.2727   Cb: 15.302    Cr: 18.3283 )
00000841: 17.0203   (Y': 17.2581   Cb: 15.2909   Cr: 18.423  )
00000842: 17.0266   (Y': 17.2596   Cb: 15.3111   Cr: 18.4257 )
00000843: 17.026    (Y': 17.281    Cb: 15.3069   Cr: 18.3195 )
00000844: 17.0467   (Y': 17.2727   Cb: 15.357    Cr: 18.4299 )
00000845: 17.0473   (Y': 17.2954   Cb: 15.3112   Cr: 18.4102 )
00000846: 17.0368   (Y': 17.2735   Cb: 15.3165   Cr: 18.4268 )
00000847: 17.0208   (Y': 17.251    Cb: 15.2945   Cr: 18.4572 )
00000848: 17.0567   (Y': 17.2871   Cb: 15.3551   Cr: 18.4412 )
00000849: 17.0736   (Y': 17.3053   Cb: 15.3596   Cr: 18.4764 )
00000850: 17.0735   (Y': 17.2902   Cb: 15.3942   Cr: 18.4839 )
00000851: 17.0364   (Y': 17.27     Cb: 15.3435   Cr: 18.387  )
00000852: 17.05     (Y': 17.2823   Cb: 15.3396   Cr: 18.4423 )
00000854: 17.0469   (Y': 17.2844   Cb: 15.3328   Cr: 18.42   )
00000853: 17.0186   (Y': 17.251    Cb: 15.2906   Cr: 18.4469 )
00000855: 17.0221   (Y': 17.2528   Cb: 15.3088   Cr: 18.4292 )
00000856: 17.0422   (Y': 17.2718   Cb: 15.3463   Cr: 18.4195 )
00000857: 17.0571   (Y': 17.2695   Cb: 15.3796   Cr: 18.4873 )
00000858: 17.0964   (Y': 17.3227   Cb: 15.3778   Cr: 18.5371 )
00000859: 17.121    (Y': 17.3514   Cb: 15.4129   Cr: 18.519  )
00000860: 17.1995   (Y': 17.446    Cb: 15.4596   Cr: 18.5788 )
00000862: 17.2224   (Y': 17.4764   Cb: 15.486    Cr: 18.5551 )
00000861: 17.2392   (Y': 17.4898   Cb: 15.5029   Cr: 18.5898 )
00000863: 17.2495   (Y': 17.5353   Cb: 15.4536   Cr: 18.5416 )
00000864: 17.3125   (Y': 17.6248   Cb: 15.4666   Cr: 18.5742 )
00000865: 17.2676   (Y': 17.5485   Cb: 15.4937   Cr: 18.5401 )
00000866: 17.1423   (Y': 17.3497   Cb: 15.4944   Cr: 18.538  )
00000867: 17.1171   (Y': 17.3222   Cb: 15.4471   Cr: 18.5706 )
00000868: 17.1218   (Y': 17.3192   Cb: 15.505    Cr: 18.5084 )
00000870: 17.0869   (Y': 17.2988   Cb: 15.4517   Cr: 18.434  )
00000869: 17.107    (Y': 17.2842   Cb: 15.5119   Cr: 18.5573 )
00000871: 17.0531   (Y': 17.2521   Cb: 15.4285   Cr: 18.4472 )
00000872: 17.0487   (Y': 17.2359   Cb: 15.4403   Cr: 18.4719 )
00000873: 17.0806   (Y': 17.3076   Cb: 15.4113   Cr: 18.4176 )
00000874: 17.1234   (Y': 17.3359   Cb: 15.4382   Cr: 18.5684 )
00000875: 17.4734   (Y': 17.879    Cb: 15.5035   Cr: 18.5373 )
00000876: 18.3551   (Y': 19.0083   Cb: 15.933    Cr: 19.2598 )
00000877: 18.4251   (Y': 19.079    Cb: 15.958    Cr: 19.4253 )
00000878: 17.9604   (Y': 18.4393   Cb: 15.8057   Cr: 19.066  )
00000879: 17.7508   (Y': 18.1761   Cb: 15.7114   Cr: 18.8646 )
00000880: 17.2772   (Y': 17.5692   Cb: 15.4437   Cr: 18.6158 )
00000881: 17.031    (Y': 17.2746   Cb: 15.3302   Cr: 18.3458 )
00000882: 17.014    (Y': 17.2422   Cb: 15.332    Cr: 18.3705 )
00000883: 17.0183   (Y': 17.233    Cb: 15.3699   Cr: 18.3777 )
00000884: 17.0408   (Y': 17.2587   Cb: 15.3745   Cr: 18.4189 )
00000885: 17.0283   (Y': 17.244    Cb: 15.3232   Cr: 18.4978 )
00000886: 17.0411   (Y': 17.2689   Cb: 15.3613   Cr: 18.3954 )
00000887: 17.0579   (Y': 17.2764   Cb: 15.3797   Cr: 18.4572 )
00000888: 17.1439   (Y': 17.3969   Cb: 15.3752   Cr: 18.548  )
00000889: 17.2104   (Y': 17.4437   Cb: 15.5239   Cr: 18.549  )
00000890: 17.19     (Y': 17.4599   Cb: 15.4328   Cr: 18.4842 )
00000891: 17.2052   (Y': 17.4675   Cb: 15.4673   Cr: 18.4986 )
00000892: 17.2728   (Y': 17.5863   Cb: 15.4474   Cr: 18.4871 )
00000893: 17.2024   (Y': 17.4835   Cb: 15.4561   Cr: 18.4184 )
00000894: 17.2066   (Y': 17.4727   Cb: 15.4541   Cr: 18.5112 )
00000895: 17.2806   (Y': 17.5789   Cb: 15.478    Cr: 18.5239 )
00000896: 17.3251   (Y': 17.6354   Cb: 15.5095   Cr: 18.5355 )
00000897: 17.2627   (Y': 17.5547   Cb: 15.4261   Cr: 18.6071 )
00000898: 17.1705   (Y': 17.4455   Cb: 15.3488   Cr: 18.5717 )
00000899: 17.202    (Y': 17.4499   Cb: 15.4474   Cr: 18.6035 )
00000900: 17.2876   (Y': 17.5395   Cb: 15.4849   Cr: 18.7697 )
00000901: 17.2976   (Y': 17.5948   Cb: 15.4209   Cr: 18.6994 )
00000902: 17.2759   (Y': 17.6226   Cb: 15.3666   Cr: 18.4978 )
00000903: 17.2802   (Y': 17.6504   Cb: 15.3538   Cr: 18.4235 )
00000904: 17.28     (Y': 17.609    Cb: 15.3976   Cr: 18.5338 )
00000905: 17.3212   (Y': 17.6598   Cb: 15.3938   Cr: 18.6209 )
00000906: 17.2964   (Y': 17.6427   Cb: 15.359    Cr: 18.5789 )
00000907: 17.3133   (Y': 17.6721   Cb: 15.3792   Cr: 18.5267 )
00000908: 17.2158   (Y': 17.5755   Cb: 15.2637   Cr: 18.4632 )
00000911: 17.263    (Y': 17.574    Cb: 15.3576   Cr: 18.6561 )
00000910: 17.2248   (Y': 17.6031   Cb: 15.3064   Cr: 18.3132 )
00000909: 17.2675   (Y': 17.6337   Cb: 15.3422   Cr: 18.4274 )
00000912: 17.2445   (Y': 17.5809   Cb: 15.3588   Cr: 18.4685 )
00000913: 17.2838   (Y': 17.6442   Cb: 15.3321   Cr: 18.5263 )
Total: 17.0464   (Y': 17.2352   Cb: 15.4124   Cr: 18.5131 )
