00000000: 31.3193   (Y': 40.8341   Cb: 26.8846   Cr: 26.8846 )
00000001: 11.1395   (Y': 10.3751   Cb: 13.5458   Cr: 12.9725 )
00000002: 11.1182   (Y': 10.3405   Cb: 13.601    Cr: 12.9826 )
00000004: 11.1306   (Y': 10.4161   Cb: 13.3617   Cr: 12.7643 )
00000003: 11.1048   (Y': 10.3321   Cb: 13.5918   Cr: 12.9289 )
00000005: 11.1483   (Y': 10.4356   Cb: 13.3468   Cr: 12.7988 )
00000006: 11.2326   (Y': 10.5082   Cb: 13.5085   Cr: 12.8957 )
00000007: 11.192    (Y': 10.453    Cb: 13.5457   Cr: 12.8904 )
00000008: 11.1633   (Y': 10.415    Cb: 13.5336   Cr: 12.913  )
00000009: 11.1694   (Y': 10.4379   Cb: 13.4689   Cr: 12.862  )
00000010: 11.1514   (Y': 10.4035   Cb: 13.5392   Cr: 12.8829 )
00000011: 11.1196   (Y': 10.3695   Cb: 13.5075   Cr: 12.8664 )
00000012: 11.1572   (Y': 10.4098   Cb: 13.557    Cr: 12.8744 )
00000013: 11.2273   (Y': 10.4982   Cb: 13.5283   Cr: 12.9015 )
00000014: 11.1948   (Y': 10.4511   Cb: 13.5362   Cr: 12.9366 )
00000015: 11.1519   (Y': 10.4078   Cb: 13.5247   Cr: 12.8691 )
00000016: 11.1686   (Y': 10.4313   Cb: 13.5049   Cr: 12.8696 )
00000017: 11.2312   (Y': 10.5044   Cb: 13.5146   Cr: 12.9052 )
00000018: 11.8021   (Y': 11.1166   Cb: 13.9579   Cr: 13.3054 )
00000019: 12.3398   (Y': 11.7213   Cb: 14.2701   Cr: 13.6089 )
00000020: 12.7239   (Y': 12.1451   Cb: 14.4839   Cr: 13.8993 )
00000021: 12.9852   (Y': 12.4268   Cb: 14.575    Cr: 14.1899 )
00000023: 12.7891   (Y': 12.2184   Cb: 14.5136   Cr: 13.9465 )
00000022: 12.8841   (Y': 12.299    Cb: 14.5983   Cr: 14.1373 )
00000024: 12.2957   (Y': 11.7078   Cb: 14.1843   Cr: 13.415  )
00000025: 11.9948   (Y': 11.3697   Cb: 13.9611   Cr: 13.2742 )
00000026: 11.8569   (Y': 11.2095   Cb: 13.867    Cr: 13.2386 )
00000028: 11.6855   (Y': 11.0125   Cb: 13.7949   Cr: 13.1465 )
00000027: 11.7353   (Y': 11.0623   Cb: 13.8889   Cr: 13.1595 )
00000029: 11.6194   (Y': 10.9463   Cb: 13.8083   Cr: 13.0144 )
00000030: 11.5468   (Y': 10.8714   Cb: 13.6937   Cr: 12.9914 )
00000031: 11.1609   (Y': 10.4248   Cb: 13.4957   Cr: 12.855  )
00000032: 11.1834   (Y': 10.4287   Cb: 13.5962   Cr: 12.9411 )
00000034: 11.1907   (Y': 10.4508   Cb: 13.5567   Cr: 12.8844 )
00000033: 11.1571   (Y': 10.4177   Cb: 13.4981   Cr: 12.8685 )
00000035: 11.2041   (Y': 10.4684   Cb: 13.5343   Cr: 12.8994 )
00000036: 11.1728   (Y': 10.4314   Cb: 13.5319   Cr: 12.8828 )
00000037: 11.1959   (Y': 10.4588   Cb: 13.5474   Cr: 12.8825 )
00000038: 11.1763   (Y': 10.4314   Cb: 13.5556   Cr: 12.8938 )
00000039: 11.1716   (Y': 10.4355   Cb: 13.5335   Cr: 12.8424 )
00000040: 11.1657   (Y': 10.4157   Cb: 13.5575   Cr: 12.9081 )
00000041: 11.1556   (Y': 10.4153   Cb: 13.4867   Cr: 12.882  )
00000042: 11.1793   (Y': 10.4426   Cb: 13.4984   Cr: 12.8912 )
00000043: 11.2068   (Y': 10.4659   Cb: 13.5552   Cr: 12.9227 )
00000045: 11.1639   (Y': 10.4379   Cb: 13.4228   Cr: 12.8531 )
00000044: 11.1519   (Y': 10.3944   Cb: 13.5869   Cr: 12.9108 )
00000047: 11.1383   (Y': 10.3804   Cb: 13.5401   Cr: 12.9291 )
00000046: 11.1272   (Y': 10.3626   Cb: 13.5559   Cr: 12.9424 )
00000048: 11.19     (Y': 10.4465   Cb: 13.52     Cr: 12.9408 )
00000050: 11.1886   (Y': 10.4415   Cb: 13.5151   Cr: 12.9681 )
00000049: 11.2004   (Y': 10.4562   Cb: 13.5816   Cr: 12.9113 )
00000051: 11.1968   (Y': 10.4733   Cb: 13.4754   Cr: 12.8518 )
00000053: 11.167    (Y': 10.4213   Cb: 13.5259   Cr: 12.9081 )
00000052: 11.1668   (Y': 10.4231   Cb: 13.5155   Cr: 12.902  )
00000054: 11.1968   (Y': 10.4519   Cb: 13.5604   Cr: 12.9281 )
00000055: 11.1418   (Y': 10.3886   Cb: 13.5298   Cr: 12.9104 )
00000056: 11.1867   (Y': 10.4467   Cb: 13.581    Cr: 12.8567 )
00000057: 11.1811   (Y': 10.438    Cb: 13.545    Cr: 12.8992 )
00000058: 11.1612   (Y': 10.405    Cb: 13.6017   Cr: 12.9064 )
00000059: 11.1802   (Y': 10.4326   Cb: 13.5325   Cr: 12.9399 )
00000060: 11.2019   (Y': 10.4505   Cb: 13.5585   Cr: 12.9853 )
00000061: 11.1724   (Y': 10.4222   Cb: 13.5416   Cr: 12.9361 )
00000062: 11.2046   (Y': 10.4704   Cb: 13.5456   Cr: 12.8796 )
00000063: 11.2008   (Y': 10.4591   Cb: 13.5563   Cr: 12.9163 )
00000064: 11.2224   (Y': 10.491    Cb: 13.5449   Cr: 12.8934 )
00000065: 11.1738   (Y': 10.4277   Cb: 13.4975   Cr: 12.9475 )
00000066: 11.1918   (Y': 10.443    Cb: 13.5376   Cr: 12.9662 )
00000067: 11.1977   (Y': 10.4505   Cb: 13.5456   Cr: 12.959  )
00000068: 11.2095   (Y': 10.4677   Cb: 13.5643   Cr: 12.9269 )
00000070: 11.1867   (Y': 10.4331   Cb: 13.5406   Cr: 12.9879 )
00000069: 11.1943   (Y': 10.4619   Cb: 13.5377   Cr: 12.8546 )
00000071: 11.213    (Y': 10.4771   Cb: 13.5347   Cr: 12.9163 )
00000074: 11.3121   (Y': 10.5948   Cb: 13.5444   Cr: 12.9642 )
00000072: 11.2574   (Y': 10.5309   Cb: 13.5422   Cr: 12.9277 )
00000073: 11.3354   (Y': 10.615    Cb: 13.6322   Cr: 12.9536 )
00000076: 11.3304   (Y': 10.6075   Cb: 13.5961   Cr: 12.9921 )
00000075: 11.3091   (Y': 10.5773   Cb: 13.6146   Cr: 12.998  )
00000077: 11.3246   (Y': 10.603    Cb: 13.5407   Cr: 13.0215 )
00000078: 11.2505   (Y': 10.5105   Cb: 13.5971   Cr: 12.9621 )
00000079: 11.2129   (Y': 10.4614   Cb: 13.5669   Cr: 12.9997 )
00000081: 11.2654   (Y': 10.5449   Cb: 13.4936   Cr: 12.9435 )
00000080: 11.244    (Y': 10.4949   Cb: 13.5885   Cr: 13.0218 )
00000082: 11.2825   (Y': 10.5545   Cb: 13.5616   Cr: 12.9682 )
00000083: 11.3254   (Y': 10.6132   Cb: 13.5037   Cr: 12.9898 )
00000084: 11.2736   (Y': 10.5561   Cb: 13.4901   Cr: 12.9408 )
00000085: 11.2049   (Y': 10.4897   Cb: 13.4241   Cr: 12.8543 )
00000086: 11.2053   (Y': 10.4897   Cb: 13.4397   Cr: 12.8441 )
00000087: 11.073    (Y': 10.3229   Cb: 13.4373   Cr: 12.8399 )
00000089: 11.0351   (Y': 10.2796   Cb: 13.4548   Cr: 12.7927 )
00000088: 11.113    (Y': 10.3781   Cb: 13.4391   Cr: 12.8058 )
00000090: 11.0785   (Y': 10.3413   Cb: 13.4135   Cr: 12.7796 )
00000091: 11.0937   (Y': 10.3552   Cb: 13.4162   Cr: 12.8152 )
00000092: 11.048    (Y': 10.293    Cb: 13.4616   Cr: 12.8075 )
00000093: 11.0811   (Y': 10.3592   Cb: 13.3355   Cr: 12.746  )
00000094: 11.0626   (Y': 10.3404   Cb: 13.3391   Cr: 12.7103 )
00000095: 11.0079   (Y': 10.2591   Cb: 13.3979   Cr: 12.7442 )
00000096: 11.1006   (Y': 10.3721   Cb: 13.4118   Cr: 12.7621 )
00000097: 11.1081   (Y': 10.3707   Cb: 13.4632   Cr: 12.7933 )
00000098: 11.1382   (Y': 10.416    Cb: 13.4418   Cr: 12.7622 )
00000099: 11.0564   (Y': 10.3205   Cb: 13.3458   Cr: 12.7886 )
00000100: 11.077    (Y': 10.3346   Cb: 13.4403   Cr: 12.7907 )
00000101: 11.0857   (Y': 10.3414   Cb: 13.4419   Cr: 12.8189 )
00000102: 11.0954   (Y': 10.3618   Cb: 13.4059   Cr: 12.7929 )
00000103: 11.0704   (Y': 10.3355   Cb: 13.4179   Cr: 12.7449 )
00000104: 11.0257   (Y': 10.2775   Cb: 13.3858   Cr: 12.7827 )
00000105: 11.027    (Y': 10.2908   Cb: 13.3883   Cr: 12.6988 )
00000106: 11.0513   (Y': 10.3177   Cb: 13.3554   Cr: 12.7541 )
00000107: 11.1016   (Y': 10.3801   Cb: 13.3788   Cr: 12.7436 )
00000108: 11.0719   (Y': 10.3348   Cb: 13.4144   Cr: 12.7658 )
00000109: 11.046    (Y': 10.3003   Cb: 13.3951   Cr: 12.7947 )
00000110: 11.0335   (Y': 10.2854   Cb: 13.4273   Cr: 12.7611 )
00000111: 11.1026   (Y': 10.3736   Cb: 13.372    Cr: 12.804  )
00000112: 11.0717   (Y': 10.3336   Cb: 13.4267   Cr: 12.762  )
00000113: 11.1252   (Y': 10.3878   Cb: 13.4409   Cr: 12.8445 )
00000114: 11.2063   (Y': 10.4777   Cb: 13.4854   Cr: 12.8961 )
00000115: 11.2855   (Y': 10.568    Cb: 13.589    Cr: 12.8775 )
00000116: 11.3074   (Y': 10.5756   Cb: 13.5895   Cr: 13.0164 )
00000117: 11.33     (Y': 10.6351   Cb: 13.5438   Cr: 12.8462 )
00000119: 11.3597   (Y': 10.6409   Cb: 13.6172   Cr: 13.0004 )
00000118: 11.24     (Y': 10.5554   Cb: 13.4581   Cr: 12.6847 )
00000120: 11.3813   (Y': 10.6596   Cb: 13.6309   Cr: 13.0487 )
00000121: 11.319    (Y': 10.5952   Cb: 13.5394   Cr: 13.027  )
00000122: 11.3056   (Y': 10.577    Cb: 13.6153   Cr: 12.9691 )
00000123: 11.3372   (Y': 10.6353   Cb: 13.5312   Cr: 12.9173 )
00000124: 11.2308   (Y': 10.5112   Cb: 13.5012   Cr: 12.8656 )
00000125: 11.2487   (Y': 10.5294   Cb: 13.5399   Cr: 12.864  )
00000127: 11.2449   (Y': 10.5205   Cb: 13.5277   Cr: 12.9021 )
00000126: 11.2146   (Y': 10.4864   Cb: 13.5352   Cr: 12.8655 )
00000128: 11.153    (Y': 10.4147   Cb: 13.5254   Cr: 12.8302 )
00000129: 11.2202   (Y': 10.4952   Cb: 13.5018   Cr: 12.8827 )
00000130: 11.1938   (Y': 10.4567   Cb: 13.5305   Cr: 12.8926 )
00000131: 11.1652   (Y': 10.4348   Cb: 13.4605   Cr: 12.8538 )
00000132: 11.1872   (Y': 10.4566   Cb: 13.4838   Cr: 12.8759 )
00000133: 11.2054   (Y': 10.4899   Cb: 13.4714   Cr: 12.8163 )
00000134: 11.1895   (Y': 10.4721   Cb: 13.4762   Cr: 12.7955 )
00000135: 11.1787   (Y': 10.4567   Cb: 13.4478   Cr: 12.8312 )
00000138: 11.2193   (Y': 10.504    Cb: 13.4767   Cr: 12.8361 )
00000136: 11.1816   (Y': 10.4492   Cb: 13.4953   Cr: 12.8675 )
00000137: 11.2311   (Y': 10.5108   Cb: 13.5283   Cr: 12.8483 )
00000139: 11.201    (Y': 10.479    Cb: 13.5011   Cr: 12.8265 )
00000140: 11.1379   (Y': 10.4032   Cb: 13.4866   Cr: 12.8096 )
00000141: 11.2451   (Y': 10.5288   Cb: 13.5105   Cr: 12.8615 )
00000142: 11.1876   (Y': 10.4537   Cb: 13.5414   Cr: 12.8497 )
00000143: 11.1665   (Y': 10.4326   Cb: 13.4955   Cr: 12.8502 )
00000144: 11.1408   (Y': 10.4063   Cb: 13.4674   Cr: 12.8308 )
00000145: 11.1972   (Y': 10.4688   Cb: 13.5213   Cr: 12.8462 )
00000146: 11.1775   (Y': 10.4424   Cb: 13.5079   Cr: 12.8681 )
00000148: 11.1665   (Y': 10.4253   Cb: 13.5072   Cr: 12.8907 )
00000147: 11.1879   (Y': 10.451    Cb: 13.558    Cr: 12.8567 )
00000149: 11.1717   (Y': 10.4309   Cb: 13.5182   Cr: 12.8884 )
00000150: 11.1796   (Y': 10.4432   Cb: 13.5352   Cr: 12.8576 )
00000151: 11.1936   (Y': 10.4658   Cb: 13.5071   Cr: 12.8477 )
00000152: 11.1823   (Y': 10.4457   Cb: 13.5779   Cr: 12.8279 )
00000154: 11.1987   (Y': 10.4676   Cb: 13.5389   Cr: 12.8529 )
00000153: 11.161    (Y': 10.4247   Cb: 13.5054   Cr: 12.848  )
00000155: 11.1876   (Y': 10.4531   Cb: 13.5506   Cr: 12.846  )
00000156: 11.1708   (Y': 10.4267   Cb: 13.5244   Cr: 12.9049 )
00000157: 11.1801   (Y': 10.4495   Cb: 13.4666   Cr: 12.8771 )
00000158: 11.1753   (Y': 10.4414   Cb: 13.5184   Cr: 12.8471 )
00000159: 11.1815   (Y': 10.4502   Cb: 13.5168   Cr: 12.8415 )
00000160: 11.2044   (Y': 10.4739   Cb: 13.4918   Cr: 12.9    )
00000161: 11.2159   (Y': 10.4864   Cb: 13.517    Cr: 12.8926 )
00000162: 11.233    (Y': 10.5126   Cb: 13.5266   Cr: 12.8542 )
00000164: 11.2055   (Y': 10.4835   Cb: 13.4866   Cr: 12.848  )
00000163: 11.1342   (Y': 10.3991   Cb: 13.4611   Cr: 12.8279 )
00000165: 11.1953   (Y': 10.4708   Cb: 13.4821   Cr: 12.8504 )
00000166: 11.2286   (Y': 10.5162   Cb: 13.4853   Cr: 12.8259 )
00000167: 11.1897   (Y': 10.4794   Cb: 13.436    Cr: 12.7824 )
00000168: 11.1952   (Y': 10.4689   Cb: 13.5032   Cr: 12.8445 )
00000169: 11.2063   (Y': 10.4852   Cb: 13.4883   Cr: 12.8418 )
00000170: 11.2129   (Y': 10.4971   Cb: 13.4909   Cr: 12.8147 )
00000171: 11.2005   (Y': 10.4605   Cb: 13.5771   Cr: 12.8854 )
00000172: 11.1855   (Y': 10.4529   Cb: 13.5243   Cr: 12.8518 )
00000173: 11.1997   (Y': 10.4696   Cb: 13.5391   Cr: 12.8481 )
00000174: 11.2009   (Y': 10.4815   Cb: 13.4985   Cr: 12.8115 )
00000175: 11.2374   (Y': 10.5216   Cb: 13.5253   Cr: 12.8313 )
00000176: 11.2433   (Y': 10.5251   Cb: 13.5351   Cr: 12.8505 )
00000177: 11.1635   (Y': 10.4316   Cb: 13.4759   Cr: 12.8473 )
00000178: 11.1854   (Y': 10.4548   Cb: 13.5272   Cr: 12.835  )
00000180: 11.1834   (Y': 10.4404   Cb: 13.549    Cr: 12.8993 )
00000179: 11.2075   (Y': 10.4741   Cb: 13.5659   Cr: 12.8624 )
00000181: 11.177    (Y': 10.442    Cb: 13.5462   Cr: 12.8337 )
00000182: 11.1511   (Y': 10.4192   Cb: 13.4762   Cr: 12.8243 )
00000183: 11.2134   (Y': 10.4927   Cb: 13.4908   Cr: 12.8501 )
00000184: 11.2426   (Y': 10.5249   Cb: 13.4853   Cr: 12.8884 )
00000185: 11.2169   (Y': 10.493    Cb: 13.5358   Cr: 12.8391 )
00000186: 11.1807   (Y': 10.4528   Cb: 13.5224   Cr: 12.8119 )
00000187: 11.1919   (Y': 10.4641   Cb: 13.4987   Cr: 12.8525 )
00000188: 11.1596   (Y': 10.4202   Cb: 13.5321   Cr: 12.8448 )
00000189: 11.1623   (Y': 10.4311   Cb: 13.505    Cr: 12.8147 )
00000190: 11.1586   (Y': 10.426    Cb: 13.4769   Cr: 12.8421 )
00000191: 11.1621   (Y': 10.424    Cb: 13.5468   Cr: 12.8276 )
00000192: 11.1538   (Y': 10.4111   Cb: 13.4786   Cr: 12.903  )
00000193: 11.136    (Y': 10.3873   Cb: 13.5009   Cr: 12.8927 )
00000194: 11.1168   (Y': 10.3797   Cb: 13.4956   Cr: 12.7796 )
00000195: 11.1495   (Y': 10.4184   Cb: 13.467    Cr: 12.8232 )
00000196: 11.1185   (Y': 10.3757   Cb: 13.4688   Cr: 12.8465 )
00000198: 11.2515   (Y': 10.5339   Cb: 13.5132   Cr: 12.8802 )
00000197: 11.1885   (Y': 10.4598   Cb: 13.4898   Cr: 12.8602 )
00000199: 11.1878   (Y': 10.4558   Cb: 13.5072   Cr: 12.8663 )
00000200: 11.1868   (Y': 10.4455   Cb: 13.526    Cr: 12.9135 )
00000201: 11.1725   (Y': 10.455    Cb: 13.4585   Cr: 12.7791 )
00000202: 11.2062   (Y': 10.4776   Cb: 13.5545   Cr: 12.8364 )
00000203: 11.1935   (Y': 10.4708   Cb: 13.4683   Cr: 12.8463 )
00000204: 11.1734   (Y': 10.4487   Cb: 13.4869   Cr: 12.8062 )
00000205: 11.1495   (Y': 10.4234   Cb: 13.4608   Cr: 12.7939 )
00000206: 11.2222   (Y': 10.505    Cb: 13.478    Cr: 12.8535 )
00000207: 11.2097   (Y': 10.4848   Cb: 13.5109   Cr: 12.8549 )
00000209: 11.1695   (Y': 10.443    Cb: 13.4715   Cr: 12.825  )
00000208: 11.2031   (Y': 10.4765   Cb: 13.5082   Cr: 12.857  )
00000210: 11.1649   (Y': 10.4353   Cb: 13.4967   Cr: 12.8166 )
00000211: 11.1614   (Y': 10.4276   Cb: 13.4931   Cr: 12.8421 )
00000212: 11.2046   (Y': 10.4842   Cb: 13.4719   Cr: 12.8478 )
00000213: 11.1855   (Y': 10.4559   Cb: 13.4713   Cr: 12.876  )
00000214: 11.1795   (Y': 10.438    Cb: 13.5807   Cr: 12.8547 )
00000215: 11.2003   (Y': 10.4654   Cb: 13.5538   Cr: 12.8702 )
00000216: 11.2163   (Y': 10.4899   Cb: 13.542    Cr: 12.8506 )
00000217: 11.2177   (Y': 10.5027   Cb: 13.504    Cr: 12.8075 )
00000218: 11.2092   (Y': 10.4947   Cb: 13.508    Cr: 12.7851 )
00000219: 11.1268   (Y': 10.3847   Cb: 13.5024   Cr: 12.8274 )
00000220: 11.1689   (Y': 10.4488   Cb: 13.4506   Cr: 12.7978 )
00000221: 11.2668   (Y': 10.5544   Cb: 13.5149   Cr: 12.8716 )
00000222: 11.1438   (Y': 10.4101   Cb: 13.4679   Cr: 12.8296 )
00000223: 11.2045   (Y': 10.4814   Cb: 13.5116   Cr: 12.8318 )
00000224: 11.2038   (Y': 10.4725   Cb: 13.5454   Cr: 12.8586 )
00000225: 11.1622   (Y': 10.4343   Cb: 13.4736   Cr: 12.8189 )
00000226: 11.1734   (Y': 10.4449   Cb: 13.4934   Cr: 12.8264 )
00000227: 11.1666   (Y': 10.4214   Cb: 13.5374   Cr: 12.8937 )
00000229: 11.2471   (Y': 10.5208   Cb: 13.5262   Cr: 12.9203 )
00000230: 11.2022   (Y': 10.4787   Cb: 13.4696   Cr: 12.8674 )
00000228: 11.2023   (Y': 10.4783   Cb: 13.5368   Cr: 12.8127 )
00000231: 11.2116   (Y': 10.4926   Cb: 13.552    Cr: 12.7832 )
00000232: 11.1992   (Y': 10.4787   Cb: 13.4685   Cr: 12.8416 )
00000233: 11.1729   (Y': 10.4417   Cb: 13.5031   Cr: 12.8363 )
00000234: 11.1973   (Y': 10.465    Cb: 13.5166   Cr: 12.8781 )
00000235: 11.1358   (Y': 10.3837   Cb: 13.5576   Cr: 12.8677 )
00000237: 11.1819   (Y': 10.4405   Cb: 13.5556   Cr: 12.8801 )
00000236: 11.2203   (Y': 10.5015   Cb: 13.5416   Cr: 12.8058 )
00000238: 11.1404   (Y': 10.4051   Cb: 13.5197   Cr: 12.7906 )
00000239: 11.2024   (Y': 10.4769   Cb: 13.509    Cr: 12.8469 )
00000240: 11.1648   (Y': 10.4311   Cb: 13.4821   Cr: 12.8573 )
00000241: 11.224    (Y': 10.4894   Cb: 13.5313   Cr: 12.9312 )
00000242: 11.214    (Y': 10.4825   Cb: 13.5598   Cr: 12.8664 )
00000243: 11.1972   (Y': 10.472    Cb: 13.4485   Cr: 12.8879 )
00000244: 11.1634   (Y': 10.424    Cb: 13.5348   Cr: 12.8486 )
00000245: 11.2235   (Y': 10.4931   Cb: 13.5856   Cr: 12.8547 )
00000246: 11.2408   (Y': 10.5127   Cb: 13.534    Cr: 12.9149 )
00000247: 11.2119   (Y': 10.4803   Cb: 13.5348   Cr: 12.8847 )
00000248: 11.1744   (Y': 10.4297   Cb: 13.5653   Cr: 12.8804 )
00000249: 11.2678   (Y': 10.5608   Cb: 13.5041   Cr: 12.8464 )
00000250: 11.2784   (Y': 10.5672   Cb: 13.5652   Cr: 12.8419 )
00000251: 11.3362   (Y': 10.6292   Cb: 13.5763   Cr: 12.9117 )
00000253: 11.3464   (Y': 10.6351   Cb: 13.6153   Cr: 12.9261 )
00000252: 11.2876   (Y': 10.565    Cb: 13.557    Cr: 12.9441 )
00000254: 11.2584   (Y': 10.5224   Cb: 13.5912   Cr: 12.9537 )
00000255: 11.3183   (Y': 10.5877   Cb: 13.6454   Cr: 12.9805 )
00000257: 11.3328   (Y': 10.6128   Cb: 13.6382   Cr: 12.941  )
00000256: 11.3516   (Y': 10.6273   Cb: 13.6605   Cr: 12.9856 )
00000258: 11.2919   (Y': 10.572    Cb: 13.6005   Cr: 12.8964 )
00000259: 11.213    (Y': 10.4614   Cb: 13.6543   Cr: 12.925  )
00000260: 11.3656   (Y': 10.6475   Cb: 13.6741   Cr: 12.9575 )
00000261: 11.3471   (Y': 10.6267   Cb: 13.6489   Cr: 12.9602 )
00000262: 11.3657   (Y': 10.6282   Cb: 13.7238   Cr: 13.0491 )
00000263: 11.3453   (Y': 10.6187   Cb: 13.6884   Cr: 12.966  )
00000264: 11.1674   (Y': 10.4092   Cb: 13.6422   Cr: 12.8978 )
00000265: 11.2771   (Y': 10.5538   Cb: 13.5874   Cr: 12.9035 )
00000266: 11.4234   (Y': 10.7025   Cb: 13.7226   Cr: 13.0429 )
00000267: 11.3539   (Y': 10.6256   Cb: 13.6969   Cr: 12.9863 )
00000268: 11.3644   (Y': 10.6398   Cb: 13.7225   Cr: 12.9589 )
00000269: 11.2478   (Y': 10.5158   Cb: 13.5687   Cr: 12.9247 )
00000270: 11.3507   (Y': 10.6135   Cb: 13.7627   Cr: 12.9869 )
00000271: 11.3182   (Y': 10.5649   Cb: 13.7852   Cr: 13.0206 )
00000272: 11.3587   (Y': 10.6169   Cb: 13.7144   Cr: 13.0745 )
00000273: 11.2781   (Y': 10.5349   Cb: 13.6958   Cr: 12.9508 )
00000274: 11.2621   (Y': 10.5214   Cb: 13.6633   Cr: 12.9321 )
00000275: 11.3409   (Y': 10.5998   Cb: 13.7316   Cr: 13.0221 )
00000276: 11.3539   (Y': 10.621    Cb: 13.7204   Cr: 12.9982 )
00000278: 11.3033   (Y': 10.5757   Cb: 13.6517   Cr: 12.9272 )
00000277: 11.2957   (Y': 10.5514   Cb: 13.7501   Cr: 12.9455 )
00000279: 11.2577   (Y': 10.5209   Cb: 13.6286   Cr: 12.9257 )
00000280: 11.3139   (Y': 10.5723   Cb: 13.7377   Cr: 12.97   )
00000281: 11.3006   (Y': 10.5606   Cb: 13.6926   Cr: 12.9722 )
00000282: 11.265    (Y': 10.5291   Cb: 13.6255   Cr: 12.9351 )
00000283: 11.1903   (Y': 10.4423   Cb: 13.6445   Cr: 12.8657 )
00000284: 11.2619   (Y': 10.5082   Cb: 13.7125   Cr: 12.981  )
00000285: 11.2584   (Y': 10.5045   Cb: 13.71     Cr: 12.978  )
00000286: 11.2898   (Y': 10.5513   Cb: 13.6604   Cr: 12.9697 )
00000287: 11.2699   (Y': 10.5235   Cb: 13.6964   Cr: 12.9576 )
00000288: 11.2009   (Y': 10.4471   Cb: 13.6346   Cr: 12.9349 )
00000289: 11.2784   (Y': 10.5434   Cb: 13.6426   Cr: 12.9396 )
00000290: 11.2963   (Y': 10.5707   Cb: 13.5955   Cr: 12.9479 )
00000291: 11.3223   (Y': 10.6057   Cb: 13.6318   Cr: 12.9034 )
00000292: 11.2641   (Y': 10.5176   Cb: 13.6647   Cr: 12.9746 )
00000293: 11.2014   (Y': 10.4679   Cb: 13.5597   Cr: 12.857  )
00000294: 11.2093   (Y': 10.46     Cb: 13.646    Cr: 12.9084 )
00000295: 11.3109   (Y': 10.5873   Cb: 13.6636   Cr: 12.9034 )
00000296: 11.2716   (Y': 10.5449   Cb: 13.5972   Cr: 12.9081 )
00000297: 11.2678   (Y': 10.5363   Cb: 13.6309   Cr: 12.9057 )
00000298: 11.2564   (Y': 10.517    Cb: 13.6475   Cr: 12.9251 )
00000299: 11.2876   (Y': 10.5412   Cb: 13.6697   Cr: 13.0129 )
00000300: 11.3259   (Y': 10.5964   Cb: 13.7027   Cr: 12.9384 )
00000301: 11.2281   (Y': 10.4858   Cb: 13.622    Cr: 12.9148 )
00000302: 11.227    (Y': 10.4948   Cb: 13.5934   Cr: 12.8669 )
00000303: 11.2893   (Y': 10.5674   Cb: 13.6211   Cr: 12.8873 )
00000304: 11.299    (Y': 10.5811   Cb: 13.5707   Cr: 12.9208 )
00000305: 11.2838   (Y': 10.5663   Cb: 13.564    Cr: 12.896  )
00000306: 11.2769   (Y': 10.5506   Cb: 13.5664   Cr: 12.9411 )
00000307: 11.1806   (Y': 10.4374   Cb: 13.5741   Cr: 12.8739 )
00000308: 11.2386   (Y': 10.5059   Cb: 13.5644   Cr: 12.9166 )
00000309: 11.2947   (Y': 10.5733   Cb: 13.5451   Cr: 12.9598 )
00000310: 11.2256   (Y': 10.4951   Cb: 13.5567   Cr: 12.8833 )
00000311: 11.2173   (Y': 10.4838   Cb: 13.5649   Cr: 12.882  )
00000312: 11.2511   (Y': 10.5308   Cb: 13.5673   Cr: 12.8515 )
00000313: 11.2541   (Y': 10.5289   Cb: 13.5363   Cr: 12.9179 )
00000314: 11.2791   (Y': 10.559    Cb: 13.5574   Cr: 12.91   )
00000315: 11.3209   (Y': 10.6003   Cb: 13.562    Cr: 12.9883 )
00000316: 11.2398   (Y': 10.4926   Cb: 13.6289   Cr: 12.9646 )
00000317: 11.174    (Y': 10.4211   Cb: 13.636    Cr: 12.8773 )
00000318: 11.2083   (Y': 10.4682   Cb: 13.5718   Cr: 12.9059 )
00000319: 11.3399   (Y': 10.6298   Cb: 13.6182   Cr: 12.903  )
00000320: 11.2847   (Y': 10.5543   Cb: 13.595    Cr: 12.96   )
00000321: 11.2419   (Y': 10.5116   Cb: 13.5713   Cr: 12.8995 )
00000322: 11.1661   (Y': 10.4348   Cb: 13.5255   Cr: 12.8059 )
00000323: 11.2062   (Y': 10.4747   Cb: 13.5404   Cr: 12.8681 )
00000324: 11.2684   (Y': 10.5467   Cb: 13.543    Cr: 12.9145 )
00000325: 11.1787   (Y': 10.439    Cb: 13.4766   Cr: 12.9297 )
00000326: 11.1673   (Y': 10.4339   Cb: 13.5073   Cr: 12.8373 )
00000327: 11.1342   (Y': 10.4055   Cb: 13.4525   Cr: 12.7907 )
00000328: 11.2528   (Y': 10.5513   Cb: 13.4659   Cr: 12.8136 )
00000329: 11.2127   (Y': 10.4762   Cb: 13.5645   Cr: 12.8945 )
00000330: 11.2779   (Y': 10.5549   Cb: 13.5791   Cr: 12.9095 )
00000331: 11.1394   (Y': 10.3904   Cb: 13.5087   Cr: 12.8938 )
00000332: 11.2161   (Y': 10.4941   Cb: 13.5147   Cr: 12.8435 )
00000333: 11.2027   (Y': 10.4648   Cb: 13.598    Cr: 12.8577 )
00000334: 11.222    (Y': 10.4765   Cb: 13.6233   Cr: 12.9253 )
00000335: 11.2107   (Y': 10.4701   Cb: 13.5904   Cr: 12.8977 )
00000336: 11.2181   (Y': 10.4895   Cb: 13.5657   Cr: 12.8493 )
00000337: 11.1213   (Y': 10.3621   Cb: 13.5863   Cr: 12.8674 )
00000338: 11.1854   (Y': 10.4243   Cb: 13.624    Cr: 12.9674 )
00000339: 11.2446   (Y': 10.5045   Cb: 13.5889   Cr: 12.9584 )
00000340: 11.1825   (Y': 10.4375   Cb: 13.6121   Cr: 12.8573 )
00000341: 11.1104   (Y': 10.3738   Cb: 13.47     Cr: 12.7863 )
00000342: 11.1305   (Y': 10.3844   Cb: 13.5488   Cr: 12.8228 )
00000343: 11.1399   (Y': 10.3976   Cb: 13.5605   Cr: 12.8043 )
00000344: 11.1645   (Y': 10.4238   Cb: 13.5489   Cr: 12.8481 )
00000345: 11.1719   (Y': 10.4351   Cb: 13.5108   Cr: 12.8671 )
00000346: 11.1589   (Y': 10.4115   Cb: 13.539    Cr: 12.8935 )
00000347: 11.1674   (Y': 10.4272   Cb: 13.5657   Cr: 12.8354 )
00000348: 11.2442   (Y': 10.5072   Cb: 13.6167   Cr: 12.9119 )
00000349: 11.2197   (Y': 10.4729   Cb: 13.5868   Cr: 12.9608 )
00000350: 11.1845   (Y': 10.4382   Cb: 13.5682   Cr: 12.9077 )
00000351: 11.242    (Y': 10.5252   Cb: 13.5034   Cr: 12.8656 )
00000352: 11.3312   (Y': 10.6227   Cb: 13.5365   Cr: 12.9468 )
00000353: 11.3405   (Y': 10.6383   Cb: 13.609    Cr: 12.8592 )
00000354: 11.27     (Y': 10.5413   Cb: 13.6151   Cr: 12.9035 )
00000355: 11.3017   (Y': 10.5766   Cb: 13.5945   Cr: 12.9548 )
00000356: 11.2326   (Y': 10.4999   Cb: 13.5845   Cr: 12.8883 )
00000357: 11.1914   (Y': 10.4469   Cb: 13.6026   Cr: 12.8783 )
00000358: 11.276    (Y': 10.5559   Cb: 13.6203   Cr: 12.852  )
00000359: 11.1847   (Y': 10.4523   Cb: 13.5397   Cr: 12.8353 )
00000360: 11.1622   (Y': 10.4278   Cb: 13.5289   Cr: 12.8176 )
00000361: 11.1735   (Y': 10.4504   Cb: 13.4744   Cr: 12.8062 )
00000362: 11.2093   (Y': 10.4799   Cb: 13.5008   Cr: 12.8941 )
00000363: 11.2132   (Y': 10.497    Cb: 13.5248   Cr: 12.7895 )
00000364: 11.2281   (Y': 10.4989   Cb: 13.6222   Cr: 12.8241 )
00000365: 11.2225   (Y': 10.5083   Cb: 13.5278   Cr: 12.7905 )
00000366: 11.2288   (Y': 10.4875   Cb: 13.6217   Cr: 12.9089 )
00000367: 11.2837   (Y': 10.5515   Cb: 13.6298   Cr: 12.9405 )
00000368: 11.1916   (Y': 10.4732   Cb: 13.4714   Cr: 12.8098 )
00000369: 11.1299   (Y': 10.3887   Cb: 13.496    Cr: 12.8321 )
00000370: 11.2525   (Y': 10.5319   Cb: 13.5812   Cr: 12.845  )
00000371: 11.2316   (Y': 10.494    Cb: 13.6071   Cr: 12.9009 )
00000372: 11.2135   (Y': 10.4833   Cb: 13.5712   Cr: 12.847  )
00000373: 11.1483   (Y': 10.4143   Cb: 13.5088   Cr: 12.8056 )
00000374: 11.1992   (Y': 10.466    Cb: 13.536    Cr: 12.8711 )
00000375: 11.2347   (Y': 10.5103   Cb: 13.5646   Cr: 12.8517 )
00000376: 11.2335   (Y': 10.4987   Cb: 13.6017   Cr: 12.8892 )
00000377: 11.2143   (Y': 10.4784   Cb: 13.57     Cr: 12.8889 )
00000378: 11.1428   (Y': 10.4086   Cb: 13.4834   Cr: 12.8187 )
00000379: 11.2257   (Y': 10.4926   Cb: 13.5778   Cr: 12.8836 )
00000380: 11.191    (Y': 10.4529   Cb: 13.5701   Cr: 12.8607 )
00000381: 11.2126   (Y': 10.481    Cb: 13.611    Cr: 12.8213 )
00000382: 11.272    (Y': 10.5471   Cb: 13.577    Cr: 12.9136 )
00000383: 11.1889   (Y': 10.4598   Cb: 13.5325   Cr: 12.8266 )
00000384: 11.2501   (Y': 10.5324   Cb: 13.5584   Cr: 12.8396 )
00000385: 11.2311   (Y': 10.4987   Cb: 13.5809   Cr: 12.8867 )
00000386: 11.228    (Y': 10.5134   Cb: 13.5328   Cr: 12.7994 )
00000387: 11.1784   (Y': 10.4429   Cb: 13.5545   Cr: 12.8325 )
00000388: 11.1976   (Y': 10.4786   Cb: 13.4739   Cr: 12.8234 )
00000389: 11.1808   (Y': 10.4463   Cb: 13.4972   Cr: 12.8792 )
00000390: 11.1695   (Y': 10.4217   Cb: 13.5954   Cr: 12.8678 )
00000391: 11.2363   (Y': 10.5105   Cb: 13.5352   Cr: 12.8894 )
00000392: 11.2022   (Y': 10.4821   Cb: 13.5091   Cr: 12.8092 )
00000393: 11.2498   (Y': 10.5314   Cb: 13.5769   Cr: 12.8284 )
00000394: 11.2025   (Y': 10.4628   Cb: 13.5615   Cr: 12.9007 )
00000395: 11.2263   (Y': 10.4821   Cb: 13.5769   Cr: 12.9639 )
00000396: 11.1977   (Y': 10.4451   Cb: 13.6328   Cr: 12.9219 )
00000397: 11.2359   (Y': 10.4938   Cb: 13.5993   Cr: 12.9471 )
00000398: 11.2464   (Y': 10.5173   Cb: 13.5451   Cr: 12.9222 )
00000399: 11.2658   (Y': 10.5378   Cb: 13.5624   Cr: 12.9361 )
00000400: 11.2694   (Y': 10.5332   Cb: 13.6117   Cr: 12.9573 )
00000401: 11.2267   (Y': 10.4859   Cb: 13.6249   Cr: 12.8996 )
00000402: 11.1881   (Y': 10.4503   Cb: 13.5507   Cr: 12.8703 )
00000403: 11.1694   (Y': 10.4113   Cb: 13.6015   Cr: 12.9358 )
00000404: 11.2351   (Y': 10.4998   Cb: 13.5927   Cr: 12.9041 )
00000405: 11.2215   (Y': 10.4787   Cb: 13.626    Cr: 12.9029 )
00000406: 11.1704   (Y': 10.4254   Cb: 13.5861   Cr: 12.857  )
00000407: 11.2261   (Y': 10.4904   Cb: 13.5961   Cr: 12.8872 )
00000408: 11.1989   (Y': 10.4521   Cb: 13.5841   Cr: 12.9249 )
00000409: 11.1679   (Y': 10.4219   Cb: 13.5584   Cr: 12.8836 )
00000410: 11.1815   (Y': 10.4409   Cb: 13.5685   Cr: 12.8626 )
00000411: 11.1384   (Y': 10.3964   Cb: 13.5647   Cr: 12.7955 )
00000412: 11.2366   (Y': 10.5066   Cb: 13.5635   Cr: 12.8949 )
00000413: 11.2379   (Y': 10.5071   Cb: 13.5992   Cr: 12.873  )
00000414: 11.2326   (Y': 10.496    Cb: 13.6069   Cr: 12.8964 )
00000415: 11.2179   (Y': 10.4873   Cb: 13.5541   Cr: 12.8721 )
00000416: 11.2437   (Y': 10.5298   Cb: 13.5128   Cr: 12.8407 )
00000417: 11.2545   (Y': 10.5242   Cb: 13.6045   Cr: 12.8953 )
00000418: 11.2059   (Y': 10.4665   Cb: 13.5572   Cr: 12.9087 )
00000419: 11.1661   (Y': 10.4128   Cb: 13.5548   Cr: 12.9349 )
00000420: 11.1727   (Y': 10.4454   Cb: 13.5145   Cr: 12.799  )
00000421: 11.2096   (Y': 10.4873   Cb: 13.5173   Cr: 12.831  )
00000422: 11.2664   (Y': 10.5356   Cb: 13.6259   Cr: 12.9021 )
00000423: 11.2018   (Y': 10.4697   Cb: 13.5872   Cr: 12.8252 )
00000424: 11.244    (Y': 10.5179   Cb: 13.5526   Cr: 12.8906 )
00000425: 11.2138   (Y': 10.4903   Cb: 13.5212   Cr: 12.8431 )
00000426: 11.2551   (Y': 10.5305   Cb: 13.5301   Cr: 12.9201 )
00000427: 11.2626   (Y': 10.529    Cb: 13.6171   Cr: 12.922  )
00000428: 11.2311   (Y': 10.4789   Cb: 13.6541   Cr: 12.9629 )
00000429: 11.2686   (Y': 10.5371   Cb: 13.5562   Cr: 12.9714 )
00000430: 11.2524   (Y': 10.5301   Cb: 13.5691   Cr: 12.8659 )
00000431: 11.2763   (Y': 10.5404   Cb: 13.626    Cr: 12.9557 )
00000432: 11.2729   (Y': 10.5186   Cb: 13.7175   Cr: 13.0006 )
00000433: 11.2832   (Y': 10.5266   Cb: 13.7408   Cr: 13.0171 )
00000434: 11.23     (Y': 10.4906   Cb: 13.5976   Cr: 12.9194 )
00000435: 11.215    (Y': 10.4847   Cb: 13.5819   Cr: 12.8413 )
00000436: 11.2615   (Y': 10.5175   Cb: 13.6548   Cr: 12.9613 )
00000437: 11.3095   (Y': 10.5798   Cb: 13.6228   Cr: 12.9773 )
00000438: 11.2599   (Y': 10.5369   Cb: 13.587    Cr: 12.8701 )
00000439: 11.1773   (Y': 10.4308   Cb: 13.595    Cr: 12.8734 )
00000440: 11.2894   (Y': 10.5668   Cb: 13.535    Cr: 12.9665 )
00000441: 11.2856   (Y': 10.5542   Cb: 13.6429   Cr: 12.927  )
00000442: 11.2501   (Y': 10.5203   Cb: 13.5524   Cr: 12.9282 )
00000443: 11.2961   (Y': 10.562    Cb: 13.6785   Cr: 12.9351 )
00000444: 11.2637   (Y': 10.5481   Cb: 13.4971   Cr: 12.9025 )
00000445: 11.2574   (Y': 10.528    Cb: 13.5778   Cr: 12.9169 )
00000446: 11.3178   (Y': 10.5884   Cb: 13.6706   Cr: 12.9498 )
00000447: 11.2444   (Y': 10.4959   Cb: 13.6968   Cr: 12.9254 )
00000448: 11.2512   (Y': 10.5233   Cb: 13.5844   Cr: 12.8895 )
00000449: 11.2641   (Y': 10.5269   Cb: 13.609    Cr: 12.9574 )
00000450: 11.273    (Y': 10.5282   Cb: 13.6674   Cr: 12.9767 )
00000451: 11.2297   (Y': 10.4726   Cb: 13.7098   Cr: 12.9475 )
00000452: 11.261    (Y': 10.5381   Cb: 13.5733   Cr: 12.8826 )
00000453: 11.1927   (Y': 10.4402   Cb: 13.5847   Cr: 12.9529 )
00000454: 11.2245   (Y': 10.4825   Cb: 13.5775   Cr: 12.9441 )
00000455: 11.2342   (Y': 10.4859   Cb: 13.6041   Cr: 12.9839 )
00000456: 11.2609   (Y': 10.5364   Cb: 13.5631   Cr: 12.9025 )
00000457: 11.1997   (Y': 10.4515   Cb: 13.5965   Cr: 12.9255 )
00000458: 11.1988   (Y': 10.4598   Cb: 13.5647   Cr: 12.8864 )
00000459: 11.2476   (Y': 10.5163   Cb: 13.5941   Cr: 12.8976 )
00000460: 11.196    (Y': 10.46     Cb: 13.5269   Cr: 12.893  )
00000461: 11.2409   (Y': 10.4981   Cb: 13.6499   Cr: 12.9187 )
00000462: 11.2289   (Y': 10.4964   Cb: 13.6043   Cr: 12.863  )
00000463: 11.1912   (Y': 10.4586   Cb: 13.533    Cr: 12.8544 )
00000464: 11.1932   (Y': 10.4624   Cb: 13.4922   Cr: 12.8807 )
00000465: 11.1994   (Y': 10.4596   Cb: 13.582    Cr: 12.8784 )
00000466: 11.1733   (Y': 10.4287   Cb: 13.564    Cr: 12.8788 )
00000467: 11.2275   (Y': 10.4796   Cb: 13.6232   Cr: 12.9523 )
00000468: 11.276    (Y': 10.5564   Cb: 13.5665   Cr: 12.8936 )
00000469: 11.2801   (Y': 10.56     Cb: 13.5487   Cr: 12.9197 )
00000470: 11.2312   (Y': 10.4977   Cb: 13.6336   Cr: 12.8498 )
00000471: 11.2066   (Y': 10.4728   Cb: 13.5359   Cr: 12.8894 )
00000472: 11.2213   (Y': 10.4866   Cb: 13.5364   Cr: 12.9224 )
00000473: 11.2533   (Y': 10.5215   Cb: 13.5663   Cr: 12.9362 )
00000474: 11.2501   (Y': 10.5281   Cb: 13.5511   Cr: 12.8756 )
00000475: 11.2745   (Y': 10.5583   Cb: 13.5038   Cr: 12.9215 )
00000476: 11.2969   (Y': 10.5862   Cb: 13.5242   Cr: 12.9088 )
00000477: 11.3506   (Y': 10.657    Cb: 13.5006   Cr: 12.9132 )
00000478: 11.2987   (Y': 10.5944   Cb: 13.5147   Cr: 12.8761 )
00000479: 11.2432   (Y': 10.5389   Cb: 13.4515   Cr: 12.8276 )
00000480: 11.1579   (Y': 10.4443   Cb: 13.4169   Cr: 12.7614 )
00000481: 11.0921   (Y': 10.3609   Cb: 13.4197   Cr: 12.758  )
00000482: 11.1324   (Y': 10.3926   Cb: 13.4655   Cr: 12.854  )
00000483: 11.1261   (Y': 10.386    Cb: 13.4747   Cr: 12.8365 )
00000484: 11.1584   (Y': 10.4191   Cb: 13.4983   Cr: 12.8698 )
00000485: 11.1418   (Y': 10.4188   Cb: 13.4217   Cr: 12.7924 )
00000486: 11.1565   (Y': 10.4284   Cb: 13.4702   Cr: 12.8125 )
00000487: 11.1224   (Y': 10.3915   Cb: 13.4661   Cr: 12.7724 )
00000488: 11.1547   (Y': 10.4294   Cb: 13.4642   Cr: 12.7956 )
00000489: 11.1769   (Y': 10.4624   Cb: 13.4296   Cr: 12.7924 )
00000490: 11.1512   (Y': 10.4331   Cb: 13.3945   Cr: 12.799  )
00000491: 11.1764   (Y': 10.465    Cb: 13.4246   Cr: 12.7742 )
00000492: 11.1008   (Y': 10.3717   Cb: 13.4276   Cr: 12.753  )
00000493: 11.1327   (Y': 10.4329   Cb: 13.3368   Cr: 12.6898 )
00000494: 11.1876   (Y': 10.4666   Cb: 13.4355   Cr: 12.8517 )
00000495: 11.1642   (Y': 10.4539   Cb: 13.3841   Cr: 12.779  )
00000496: 11.1825   (Y': 10.4821   Cb: 13.3849   Cr: 12.7457 )
00000497: 11.1689   (Y': 10.466    Cb: 13.3627   Cr: 12.7563 )
00000498: 11.1611   (Y': 10.4447   Cb: 13.4623   Cr: 12.7479 )
00000499: 11.1742   (Y': 10.4572   Cb: 13.3924   Cr: 12.8368 )
00000500: 11.2085   (Y': 10.4945   Cb: 13.4458   Cr: 12.8336 )
00000501: 11.1838   (Y': 10.4696   Cb: 13.4371   Cr: 12.7965 )
00000502: 11.1712   (Y': 10.4573   Cb: 13.4517   Cr: 12.7583 )
00000503: 11.214    (Y': 10.5155   Cb: 13.4354   Cr: 12.7481 )
00000504: 11.2158   (Y': 10.5189   Cb: 13.3776   Cr: 12.7906 )
00000505: 11.209    (Y': 10.4835   Cb: 13.5237   Cr: 12.8459 )
00000506: 11.2255   (Y': 10.514    Cb: 13.4577   Cr: 12.838  )
00000507: 11.2815   (Y': 10.5846   Cb: 13.4682   Cr: 12.8346 )
00000508: 11.2759   (Y': 10.5707   Cb: 13.5479   Cr: 12.8121 )
00000509: 11.314    (Y': 10.6046   Cb: 13.552    Cr: 12.9069 )
00000510: 11.3377   (Y': 10.6296   Cb: 13.5691   Cr: 12.928  )
00000511: 11.3369   (Y': 10.6406   Cb: 13.4845   Cr: 12.9198 )
00000512: 11.3478   (Y': 10.6443   Cb: 13.5326   Cr: 12.9471 )
00000513: 11.3131   (Y': 10.6008   Cb: 13.592    Cr: 12.8913 )
00000514: 11.2658   (Y': 10.5401   Cb: 13.5728   Cr: 12.9113 )
00000515: 11.3212   (Y': 10.5988   Cb: 13.6723   Cr: 12.9065 )
00000516: 11.2123   (Y': 10.4665   Cb: 13.6488   Cr: 12.8869 )
00000517: 11.2745   (Y': 10.5384   Cb: 13.6248   Cr: 12.9546 )
00000518: 11.2791   (Y': 10.5554   Cb: 13.5839   Cr: 12.9128 )
00000519: 11.2786   (Y': 10.5458   Cb: 13.6469   Cr: 12.921  )
00000520: 11.3202   (Y': 10.5849   Cb: 13.7421   Cr: 12.9345 )
00000521: 11.3109   (Y': 10.5796   Cb: 13.7025   Cr: 12.9235 )
00000522: 11.2525   (Y': 10.5314   Cb: 13.5811   Cr: 12.8484 )
00000523: 11.2664   (Y': 10.5444   Cb: 13.6036   Cr: 12.8612 )
00000524: 11.2314   (Y': 10.4692   Cb: 13.7291   Cr: 12.9706 )
00000525: 11.2932   (Y': 10.5455   Cb: 13.7595   Cr: 12.9567 )
00000526: 11.2254   (Y': 10.5004   Cb: 13.5503   Cr: 12.8509 )
00000527: 11.1912   (Y': 10.4356   Cb: 13.653    Cr: 12.9135 )
00000528: 11.2559   (Y': 10.5064   Cb: 13.6847   Cr: 12.9638 )
00000529: 11.2737   (Y': 10.5273   Cb: 13.7004   Cr: 12.9617 )
00000530: 11.3508   (Y': 10.6518   Cb: 13.6063   Cr: 12.8589 )
00000531: 11.2054   (Y': 10.4815   Cb: 13.5595   Cr: 12.7983 )
00000532: 11.2466   (Y': 10.5206   Cb: 13.5478   Cr: 12.8996 )
00000533: 11.3146   (Y': 10.5918   Cb: 13.6415   Cr: 12.9236 )
00000534: 11.2928   (Y': 10.5586   Cb: 13.6864   Cr: 12.9237 )
00000535: 11.251    (Y': 10.5115   Cb: 13.6631   Cr: 12.9033 )
00000536: 11.1717   (Y': 10.4415   Cb: 13.4828   Cr: 12.8443 )
00000537: 11.1428   (Y': 10.4164   Cb: 13.4832   Cr: 12.7647 )
00000538: 11.298    (Y': 10.5635   Cb: 13.672    Cr: 12.9467 )
00000539: 11.2748   (Y': 10.5372   Cb: 13.6487   Cr: 12.9453 )
00000540: 11.2713   (Y': 10.5636   Cb: 13.5445   Cr: 12.8229 )
00000541: 11.2326   (Y': 10.4974   Cb: 13.6403   Cr: 12.8585 )
00000542: 11.3046   (Y': 10.5833   Cb: 13.6097   Cr: 12.9212 )
00000543: 11.3368   (Y': 10.6277   Cb: 13.6325   Cr: 12.8792 )
00000544: 11.2673   (Y': 10.5312   Cb: 13.6417   Cr: 12.927  )
00000545: 11.1958   (Y': 10.4674   Cb: 13.5484   Cr: 12.8212 )
00000546: 11.2652   (Y': 10.5455   Cb: 13.5745   Cr: 12.8677 )
00000547: 11.2063   (Y': 10.4516   Cb: 13.6854   Cr: 12.9078 )
00000548: 11.2742   (Y': 10.5247   Cb: 13.6648   Cr: 13.0143 )
00000549: 11.2985   (Y': 10.5542   Cb: 13.7479   Cr: 12.9525 )
00000550: 11.1977   (Y': 10.4668   Cb: 13.542    Cr: 12.8476 )
00000551: 11.1148   (Y': 10.3621   Cb: 13.54     Cr: 12.8485 )
00000552: 11.2815   (Y': 10.5447   Cb: 13.6895   Cr: 12.9176 )
00000554: 11.1644   (Y': 10.4244   Cb: 13.5775   Cr: 12.8191 )
00000553: 11.2729   (Y': 10.5323   Cb: 13.6355   Cr: 12.9741 )
00000555: 11.1995   (Y': 10.4536   Cb: 13.6274   Cr: 12.8823 )
00000556: 11.2668   (Y': 10.5301   Cb: 13.6165   Cr: 12.9517 )
00000557: 11.2427   (Y': 10.5195   Cb: 13.5382   Cr: 12.8808 )
00000558: 11.2792   (Y': 10.55     Cb: 13.6163   Cr: 12.9235 )
00000559: 11.2357   (Y': 10.5003   Cb: 13.5836   Cr: 12.9133 )
00000560: 11.3016   (Y': 10.5839   Cb: 13.5875   Cr: 12.9103 )
00000561: 11.3419   (Y': 10.6225   Cb: 13.6296   Cr: 12.9607 )
00000562: 11.3617   (Y': 10.6405   Cb: 13.6415   Cr: 12.9994 )
00000563: 11.2994   (Y': 10.5771   Cb: 13.547    Cr: 12.9729 )
00000564: 11.2808   (Y': 10.5591   Cb: 13.5721   Cr: 12.9126 )
00000565: 11.276    (Y': 10.5366   Cb: 13.6672   Cr: 12.9443 )
00000566: 11.2556   (Y': 10.5163   Cb: 13.6684   Cr: 12.9053 )
00000567: 11.2806   (Y': 10.5554   Cb: 13.6361   Cr: 12.8811 )
00000568: 11.2751   (Y': 10.5537   Cb: 13.5418   Cr: 12.9257 )
00000569: 11.2695   (Y': 10.5399   Cb: 13.6019   Cr: 12.9203 )
00000570: 11.3158   (Y': 10.5938   Cb: 13.642    Cr: 12.9197 )
00000571: 11.3153   (Y': 10.6034   Cb: 13.5867   Cr: 12.8968 )
00000572: 11.2796   (Y': 10.5623   Cb: 13.5577   Cr: 12.8918 )
00000574: 11.2227   (Y': 10.5016   Cb: 13.5181   Cr: 12.8461 )
00000573: 11.2      (Y': 10.4763   Cb: 13.5011   Cr: 12.8372 )
00000575: 11.251    (Y': 10.535    Cb: 13.5602   Cr: 12.828  )
00000576: 11.2568   (Y': 10.5324   Cb: 13.5745   Cr: 12.8843 )
00000577: 11.2073   (Y': 10.477    Cb: 13.5813   Cr: 12.827  )
00000578: 11.2446   (Y': 10.5186   Cb: 13.6157   Cr: 12.8383 )
00000579: 11.1977   (Y': 10.4781   Cb: 13.5161   Cr: 12.7919 )
00000580: 11.132    (Y': 10.3985   Cb: 13.4906   Cr: 12.7875 )
00000581: 11.2408   (Y': 10.5117   Cb: 13.5909   Cr: 12.8724 )
00000582: 11.224    (Y': 10.4929   Cb: 13.5841   Cr: 12.8615 )
00000583: 11.2564   (Y': 10.5317   Cb: 13.5817   Cr: 12.8795 )
00000584: 11.2582   (Y': 10.5427   Cb: 13.5579   Cr: 12.8405 )
00000585: 11.2658   (Y': 10.5325   Cb: 13.6552   Cr: 12.8935 )
00000586: 11.1899   (Y': 10.4575   Cb: 13.5701   Cr: 12.8191 )
00000587: 11.2336   (Y': 10.5158   Cb: 13.5387   Cr: 12.8265 )
00000588: 11.2701   (Y': 10.536    Cb: 13.6503   Cr: 12.9113 )
00000589: 11.3189   (Y': 10.6043   Cb: 13.6431   Cr: 12.8743 )
00000590: 11.2096   (Y': 10.4569   Cb: 13.7118   Cr: 12.879  )
00000591: 11.2042   (Y': 10.4737   Cb: 13.5522   Cr: 12.8479 )
00000592: 11.2969   (Y': 10.5827   Cb: 13.5989   Cr: 12.8685 )
00000593: 11.2606   (Y': 10.5353   Cb: 13.586    Cr: 12.8872 )
00000594: 11.2814   (Y': 10.554    Cb: 13.6442   Cr: 12.8911 )
00000595: 11.2241   (Y': 10.4942   Cb: 13.6038   Cr: 12.8361 )
00000596: 11.3014   (Y': 10.6059   Cb: 13.5172   Cr: 12.8195 )
00000597: 11.2502   (Y': 10.5262   Cb: 13.5978   Cr: 12.8493 )
00000599: 11.2543   (Y': 10.5177   Cb: 13.6404   Cr: 12.9084 )
00000598: 11.2966   (Y': 10.5921   Cb: 13.5494   Cr: 12.8443 )
00000600: 11.2767   (Y': 10.5435   Cb: 13.6519   Cr: 12.9157 )
00000601: 11.2919   (Y': 10.6025   Cb: 13.5114   Cr: 12.7675 )
00000602: 11.1997   (Y': 10.4825   Cb: 13.526    Cr: 12.771  )
00000603: 11.2006   (Y': 10.4753   Cb: 13.521    Cr: 12.832  )
00000604: 11.1832   (Y': 10.4304   Cb: 13.5955   Cr: 12.9286 )
00000605: 11.2038   (Y': 10.479    Cb: 13.5562   Cr: 12.8047 )
00000607: 11.2042   (Y': 10.5003   Cb: 13.4865   Cr: 12.7226 )
00000606: 11.2318   (Y': 10.5136   Cb: 13.5275   Cr: 12.8361 )
00000608: 11.2213   (Y': 10.4961   Cb: 13.5438   Cr: 12.8497 )
00000609: 11.2741   (Y': 10.5433   Cb: 13.6436   Cr: 12.9015 )
00000610: 11.277    (Y': 10.56     Cb: 13.5806   Cr: 12.8659 )
00000611: 11.2027   (Y': 10.4831   Cb: 13.5177   Cr: 12.7989 )
00000612: 11.2597   (Y': 10.5522   Cb: 13.5426   Cr: 12.8019 )
00000613: 11.2685   (Y': 10.5519   Cb: 13.5655   Cr: 12.8603 )
00000614: 11.195    (Y': 10.448    Cb: 13.624    Cr: 12.8848 )
00000615: 11.2519   (Y': 10.513    Cb: 13.6603   Cr: 12.9026 )
00000616: 11.2041   (Y': 10.4697   Cb: 13.5874   Cr: 12.8444 )
00000618: 11.2918   (Y': 10.5723   Cb: 13.5995   Cr: 12.8942 )
00000617: 11.2275   (Y': 10.5045   Cb: 13.57     Cr: 12.8241 )
00000619: 11.2317   (Y': 10.4976   Cb: 13.5771   Cr: 12.9017 )
00000620: 11.2713   (Y': 10.5498   Cb: 13.5681   Cr: 12.897  )
00000621: 11.2093   (Y': 10.486    Cb: 13.5535   Cr: 12.8065 )
00000622: 11.263    (Y': 10.5435   Cb: 13.5908   Cr: 12.8481 )
00000623: 11.2287   (Y': 10.49     Cb: 13.5852   Cr: 12.922  )
00000624: 11.2276   (Y': 10.4802   Cb: 13.6723   Cr: 12.9074 )
00000626: 11.217    (Y': 10.4779   Cb: 13.6218   Cr: 12.8725 )
00000625: 11.2573   (Y': 10.5277   Cb: 13.5481   Cr: 12.9441 )
00000627: 11.2155   (Y': 10.4759   Cb: 13.6057   Cr: 12.887  )
00000628: 11.2517   (Y': 10.5117   Cb: 13.6502   Cr: 12.9187 )
00000629: 11.2318   (Y': 10.5048   Cb: 13.5633   Cr: 12.8649 )
00000630: 11.1811   (Y': 10.4367   Cb: 13.5987   Cr: 12.862  )
00000631: 11.2214   (Y': 10.4993   Cb: 13.5077   Cr: 12.8596 )
00000632: 11.162    (Y': 10.4244   Cb: 13.602    Cr: 12.7772 )
00000634: 11.2279   (Y': 10.5011   Cb: 13.5524   Cr: 12.8663 )
00000635: 11.1802   (Y': 10.4435   Cb: 13.5395   Cr: 12.8573 )
00000633: 11.1888   (Y': 10.4401   Cb: 13.599    Cr: 12.9064 )
00000636: 11.2101   (Y': 10.4825   Cb: 13.552    Cr: 12.8385 )
00000637: 11.1626   (Y': 10.4169   Cb: 13.5543   Cr: 12.8745 )
00000638: 11.2297   (Y': 10.4963   Cb: 13.5786   Cr: 12.893  )
00000639: 11.1724   (Y': 10.4275   Cb: 13.5578   Cr: 12.8845 )
00000640: 11.1891   (Y': 10.4552   Cb: 13.567    Cr: 12.831  )
00000641: 11.1845   (Y': 10.4494   Cb: 13.5432   Cr: 12.8508 )
00000642: 11.2146   (Y': 10.4888   Cb: 13.4976   Cr: 12.8817 )
00000643: 11.2245   (Y': 10.4916   Cb: 13.617    Cr: 12.8475 )
00000644: 11.2371   (Y': 10.5062   Cb: 13.56     Cr: 12.9042 )
00000645: 11.2118   (Y': 10.4943   Cb: 13.5432   Cr: 12.7807 )
00000646: 11.2629   (Y': 10.5353   Cb: 13.596    Cr: 12.8997 )
00000647: 11.2448   (Y': 10.5313   Cb: 13.523    Cr: 12.8312 )
00000648: 11.2291   (Y': 10.513    Cb: 13.5566   Cr: 12.7911 )
00000650: 11.2601   (Y': 10.5412   Cb: 13.5443   Cr: 12.8788 )
00000651: 11.2192   (Y': 10.4924   Cb: 13.5802   Cr: 12.826  )
00000649: 11.2613   (Y': 10.5607   Cb: 13.5268   Cr: 12.7718 )
00000652: 11.2679   (Y': 10.544    Cb: 13.612    Cr: 12.8691 )
00000653: 11.2193   (Y': 10.4926   Cb: 13.5845   Cr: 12.8228 )
00000654: 11.205    (Y': 10.4745   Cb: 13.5552   Cr: 12.8465 )
00000655: 11.1929   (Y': 10.4534   Cb: 13.6094   Cr: 12.8409 )
00000656: 11.1435   (Y': 10.3937   Cb: 13.6178   Cr: 12.815  )
00000657: 11.1984   (Y': 10.4747   Cb: 13.5391   Cr: 12.802  )
00000658: 11.2315   (Y': 10.5143   Cb: 13.5795   Cr: 12.7848 )
00000659: 11.2556   (Y': 10.532    Cb: 13.5827   Cr: 12.8689 )
00000660: 11.284    (Y': 10.5525   Cb: 13.6267   Cr: 12.9393 )
00000661: 11.2668   (Y': 10.53     Cb: 13.6375   Cr: 12.935  )
00000662: 11.2128   (Y': 10.4711   Cb: 13.6141   Cr: 12.8885 )
00000663: 11.2146   (Y': 10.4764   Cb: 13.6032   Cr: 12.8777 )
00000664: 11.243    (Y': 10.4937   Cb: 13.6621   Cr: 12.9574 )
00000665: 11.2467   (Y': 10.4977   Cb: 13.684    Cr: 12.9435 )
00000666: 11.2504   (Y': 10.5068   Cb: 13.6721   Cr: 12.9231 )
00000667: 11.2976   (Y': 10.5746   Cb: 13.6489   Cr: 12.8869 )
00000668: 11.3605   (Y': 10.6418   Cb: 13.6448   Cr: 12.9772 )
00000669: 11.4239   (Y': 10.7282   Cb: 13.6473   Cr: 12.9373 )
00000670: 11.3847   (Y': 10.6695   Cb: 13.6692   Cr: 12.9776 )
00000671: 11.3422   (Y': 10.6332   Cb: 13.6131   Cr: 12.9044 )
00000672: 11.3366   (Y': 10.6266   Cb: 13.6254   Cr: 12.8906 )
00000673: 11.2688   (Y': 10.5463   Cb: 13.6137   Cr: 12.8599 )
00000675: 11.3267   (Y': 10.6175   Cb: 13.5825   Cr: 12.904  )
00000674: 11.2947   (Y': 10.5527   Cb: 13.7092   Cr: 12.9615 )
00000676: 11.2511   (Y': 10.5261   Cb: 13.5745   Cr: 12.8772 )
00000677: 11.3426   (Y': 10.6382   Cb: 13.6354   Cr: 12.8558 )
00000678: 11.3106   (Y': 10.5712   Cb: 13.6989   Cr: 12.9815 )
00000679: 11.379    (Y': 10.6611   Cb: 13.6997   Cr: 12.9593 )
00000680: 11.3006   (Y': 10.591    Cb: 13.5644   Cr: 12.873  )
00000681: 11.3168   (Y': 10.6051   Cb: 13.5315   Cr: 12.9454 )
00000682: 11.3176   (Y': 10.5904   Cb: 13.6634   Cr: 12.941  )
00000683: 11.3101   (Y': 10.587    Cb: 13.629    Cr: 12.9274 )
00000684: 11.2069   (Y': 10.4723   Cb: 13.6125   Cr: 12.8309 )
00000685: 11.2667   (Y': 10.5526   Cb: 13.5565   Cr: 12.8474 )
00000686: 11.2546   (Y': 10.5049   Cb: 13.6532   Cr: 12.9895 )
00000687: 11.2365   (Y': 10.4871   Cb: 13.6674   Cr: 12.9411 )
00000688: 11.2694   (Y': 10.5334   Cb: 13.5972   Cr: 12.9693 )
00000689: 11.1837   (Y': 10.4452   Cb: 13.572    Cr: 12.8491 )
00000690: 11.1934   (Y': 10.4505   Cb: 13.5843   Cr: 12.8867 )
00000691: 11.2304   (Y': 10.4885   Cb: 13.6271   Cr: 12.912  )
00000692: 11.2423   (Y': 10.4953   Cb: 13.684    Cr: 12.9209 )
00000693: 11.2352   (Y': 10.4988   Cb: 13.6368   Cr: 12.8741 )
00000694: 11.0992   (Y': 10.3568   Cb: 13.4777   Cr: 12.7996 )
00000695: 11.1915   (Y': 10.4596   Cb: 13.5406   Cr: 12.8436 )
00000696: 11.1577   (Y': 10.4244   Cb: 13.5167   Cr: 12.8116 )
00000697: 11.126    (Y': 10.3978   Cb: 13.4711   Cr: 12.7564 )
00000698: 11.1952   (Y': 10.4871   Cb: 13.4982   Cr: 12.7248 )
00000699: 11.1288   (Y': 10.4083   Cb: 13.4917   Cr: 12.692  )
00000700: 11.1949   (Y': 10.4652   Cb: 13.5593   Cr: 12.8189 )
00000701: 11.2403   (Y': 10.505    Cb: 13.635    Cr: 12.8779 )
00000702: 11.2324   (Y': 10.4919   Cb: 13.6112   Cr: 12.9188 )
00000703: 11.2733   (Y': 10.5665   Cb: 13.5305   Cr: 12.8324 )
00000704: 11.2188   (Y': 10.4869   Cb: 13.5645   Cr: 12.8738 )
00000705: 11.2275   (Y': 10.4995   Cb: 13.5904   Cr: 12.8415 )
00000706: 11.2458   (Y': 10.5141   Cb: 13.5944   Cr: 12.8972 )
00000707: 11.1838   (Y': 10.4507   Cb: 13.5353   Cr: 12.8425 )
00000708: 11.1925   (Y': 10.4607   Cb: 13.5311   Cr: 12.8535 )
00000709: 11.2993   (Y': 10.5939   Cb: 13.5608   Cr: 12.8454 )
00000710: 11.319    (Y': 10.5954   Cb: 13.6331   Cr: 12.9445 )
00000711: 11.2759   (Y': 10.5493   Cb: 13.6742   Cr: 12.8506 )
00000712: 11.2755   (Y': 10.5675   Cb: 13.5267   Cr: 12.8474 )
00000713: 11.3078   (Y': 10.6049   Cb: 13.5402   Cr: 12.8621 )
00000714: 11.3288   (Y': 10.6      Cb: 13.6728   Cr: 12.9641 )
00000715: 11.3358   (Y': 10.6276   Cb: 13.6177   Cr: 12.8833 )
00000716: 11.2775   (Y': 10.5638   Cb: 13.5377   Cr: 12.8806 )
00000717: 11.2779   (Y': 10.5735   Cb: 13.5604   Cr: 12.7992 )
00000718: 11.3159   (Y': 10.6044   Cb: 13.671    Cr: 12.8244 )
00000719: 11.2765   (Y': 10.5483   Cb: 13.6428   Cr: 12.8887 )
00000720: 11.2849   (Y': 10.5689   Cb: 13.547    Cr: 12.9018 )
00000721: 11.2809   (Y': 10.5635   Cb: 13.6059   Cr: 12.8547 )
00000722: 11.2626   (Y': 10.5448   Cb: 13.5561   Cr: 12.8654 )
00000723: 11.3176   (Y': 10.605    Cb: 13.5772   Cr: 12.9141 )
00000724: 11.2436   (Y': 10.5004   Cb: 13.627    Cr: 12.9459 )
00000725: 11.2035   (Y': 10.4911   Cb: 13.4597   Cr: 12.8014 )
00000726: 11.2199   (Y': 10.5248   Cb: 13.4308   Cr: 12.7407 )
00000727: 11.1706   (Y': 10.4529   Cb: 13.4789   Cr: 12.7598 )
00000728: 11.1624   (Y': 10.4288   Cb: 13.5369   Cr: 12.8045 )
00000729: 11.2067   (Y': 10.4794   Cb: 13.5438   Cr: 12.8375 )
00000730: 11.1882   (Y': 10.465    Cb: 13.4929   Cr: 12.8184 )
00000731: 11.1913   (Y': 10.4744   Cb: 13.4678   Cr: 12.8018 )
00000732: 11.1787   (Y': 10.4418   Cb: 13.5173   Cr: 12.8754 )
00000733: 11.2636   (Y': 10.5231   Cb: 13.5988   Cr: 12.9884 )
00000734: 11.2699   (Y': 10.5541   Cb: 13.566    Cr: 12.8571 )
00000735: 11.2568   (Y': 10.523    Cb: 13.5913   Cr: 12.9348 )
00000736: 11.2703   (Y': 10.5532   Cb: 13.5638   Cr: 12.8681 )
00000737: 11.2442   (Y': 10.5071   Cb: 13.6016   Cr: 12.926  )
00000738: 11.2914   (Y': 10.5611   Cb: 13.6455   Cr: 12.9284 )
00000739: 11.2742   (Y': 10.5516   Cb: 13.5895   Cr: 12.8914 )
00000740: 11.32     (Y': 10.6182   Cb: 13.5781   Cr: 12.8452 )
00000741: 11.2412   (Y': 10.508    Cb: 13.61     Cr: 12.8859 )
00000742: 11.2286   (Y': 10.4963   Cb: 13.6163   Cr: 12.8514 )
00000743: 11.167    (Y': 10.4332   Cb: 13.5221   Cr: 12.8272 )
00000744: 11.1993   (Y': 10.4725   Cb: 13.5697   Cr: 12.7985 )
00000745: 11.1944   (Y': 10.4835   Cb: 13.5061   Cr: 12.7355 )
00000746: 11.2484   (Y': 10.505    Cb: 13.6634   Cr: 12.925  )
00000747: 11.2906   (Y': 10.576    Cb: 13.5632   Cr: 12.8896 )
00000748: 11.1749   (Y': 10.4436   Cb: 13.5365   Cr: 12.8129 )
00000749: 11.2421   (Y': 10.5123   Cb: 13.5811   Cr: 12.8883 )
00000750: 11.251    (Y': 10.5275   Cb: 13.5678   Cr: 12.8726 )
00000751: 11.2897   (Y': 10.5498   Cb: 13.646    Cr: 12.9915 )
00000752: 11.2854   (Y': 10.5615   Cb: 13.6569   Cr: 12.8642 )
00000753: 11.2118   (Y': 10.4907   Cb: 13.5566   Cr: 12.7935 )
00000754: 11.1687   (Y': 10.4154   Cb: 13.6188   Cr: 12.8857 )
00000755: 11.3291   (Y': 10.6014   Cb: 13.6393   Cr: 12.9858 )
00000756: 11.1872   (Y': 10.4268   Cb: 13.6866   Cr: 12.9126 )
00000757: 11.2287   (Y': 10.4981   Cb: 13.5975   Cr: 12.8555 )
00000758: 11.2044   (Y': 10.4753   Cb: 13.5849   Cr: 12.8111 )
00000759: 11.2952   (Y': 10.5815   Cb: 13.628    Cr: 12.8369 )
00000760: 11.2424   (Y': 10.5111   Cb: 13.6147   Cr: 12.871  )
00000761: 11.3008   (Y': 10.5745   Cb: 13.6622   Cr: 12.9046 )
00000762: 11.2321   (Y': 10.5013   Cb: 13.6148   Cr: 12.8482 )
00000763: 11.1457   (Y': 10.4033   Cb: 13.5374   Cr: 12.8351 )
00000764: 11.2738   (Y': 10.5541   Cb: 13.5681   Cr: 12.8889 )
00000765: 11.2509   (Y': 10.5116   Cb: 13.6523   Cr: 12.9101 )
00000766: 11.2048   (Y': 10.4631   Cb: 13.5548   Cr: 12.9253 )
00000767: 11.2116   (Y': 10.4768   Cb: 13.5965   Cr: 12.8533 )
00000768: 11.2439   (Y': 10.5172   Cb: 13.6111   Cr: 12.8447 )
00000769: 11.2544   (Y': 10.5185   Cb: 13.6407   Cr: 12.9026 )
00000770: 11.2909   (Y': 10.552    Cb: 13.693    Cr: 12.9476 )
00000771: 11.2475   (Y': 10.5244   Cb: 13.5805   Cr: 12.8529 )
00000772: 11.248    (Y': 10.5173   Cb: 13.608    Cr: 12.8822 )
00000773: 11.2528   (Y': 10.5158   Cb: 13.6764   Cr: 12.8776 )
00000774: 11.2513   (Y': 10.5198   Cb: 13.6005   Cr: 12.9001 )
00000775: 11.2721   (Y': 10.5494   Cb: 13.6137   Cr: 12.868  )
00000776: 11.2459   (Y': 10.507    Cb: 13.6347   Cr: 12.9131 )
00000777: 11.2558   (Y': 10.5367   Cb: 13.559    Cr: 12.859  )
00000778: 11.1557   (Y': 10.4209   Cb: 13.5402   Cr: 12.7979 )
00000779: 11.2518   (Y': 10.5343   Cb: 13.5304   Cr: 12.8654 )
00000780: 11.2667   (Y': 10.5362   Cb: 13.6603   Cr: 12.8723 )
00000781: 11.2007   (Y': 10.4597   Cb: 13.6477   Cr: 12.8338 )
00000782: 11.1809   (Y': 10.4675   Cb: 13.5271   Cr: 12.7098 )
00000783: 11.1944   (Y': 10.4822   Cb: 13.4515   Cr: 12.7906 )
00000784: 11.2292   (Y': 10.5119   Cb: 13.5462   Cr: 12.8086 )
00000785: 11.2253   (Y': 10.4925   Cb: 13.6207   Cr: 12.8452 )
00000786: 11.2228   (Y': 10.4973   Cb: 13.5697   Cr: 12.8331 )
00000787: 11.1866   (Y': 10.4752   Cb: 13.4931   Cr: 12.7351 )
00000788: 11.222    (Y': 10.5044   Cb: 13.5237   Cr: 12.8162 )
00000789: 11.2652   (Y': 10.5326   Cb: 13.6475   Cr: 12.8949 )
00000790: 11.1605   (Y': 10.4022   Cb: 13.6117   Cr: 12.9108 )
00000791: 11.2809   (Y': 10.5715   Cb: 13.5811   Cr: 12.8209 )
00000792: 11.2987   (Y': 10.5911   Cb: 13.5697   Cr: 12.8515 )
00000793: 11.2806   (Y': 10.5644   Cb: 13.5813   Cr: 12.8665 )
00000794: 11.3246   (Y': 10.615    Cb: 13.6161   Cr: 12.8732 )
00000795: 11.1732   (Y': 10.4204   Cb: 13.6273   Cr: 12.8834 )
00000797: 11.1535   (Y': 10.3994   Cb: 13.6243   Cr: 12.858  )
00000796: 11.1906   (Y': 10.449    Cb: 13.6127   Cr: 12.8486 )
00000798: 11.1913   (Y': 10.4765   Cb: 13.5117   Cr: 12.7514 )
00000799: 11.2493   (Y': 10.5341   Cb: 13.5686   Cr: 12.8129 )
00000800: 11.2015   (Y': 10.4766   Cb: 13.5168   Cr: 12.8349 )
00000801: 11.2263   (Y': 10.5031   Cb: 13.5616   Cr: 12.8307 )
00000802: 11.1904   (Y': 10.4416   Cb: 13.6563   Cr: 12.8621 )
00000803: 11.1349   (Y': 10.3965   Cb: 13.5523   Cr: 12.7746 )
00000804: 11.1465   (Y': 10.3984   Cb: 13.5932   Cr: 12.8294 )
00000805: 11.1629   (Y': 10.4122   Cb: 13.5865   Cr: 12.8839 )
00000806: 11.1702   (Y': 10.4166   Cb: 13.6356   Cr: 12.8755 )
00000807: 11.1957   (Y': 10.4449   Cb: 13.627    Cr: 12.9106 )
00000808: 11.2043   (Y': 10.4859   Cb: 13.5033   Cr: 12.8065 )
00000809: 11.1852   (Y': 10.4478   Cb: 13.5505   Cr: 12.8615 )
00000810: 11.1894   (Y': 10.441    Cb: 13.6164   Cr: 12.8909 )
00000811: 11.1256   (Y': 10.3631   Cb: 13.5963   Cr: 12.89   )
00000812: 11.1844   (Y': 10.4366   Cb: 13.5905   Cr: 12.8995 )
00000813: 11.1405   (Y': 10.3999   Cb: 13.5644   Cr: 12.7898 )
00000814: 11.2155   (Y': 10.4838   Cb: 13.6126   Cr: 12.8265 )
00000815: 11.212    (Y': 10.4736   Cb: 13.5782   Cr: 12.8953 )
00000816: 11.1863   (Y': 10.4483   Cb: 13.5852   Cr: 12.8387 )
00000817: 11.1841   (Y': 10.4448   Cb: 13.5782   Cr: 12.8492 )
00000818: 11.1756   (Y': 10.432    Cb: 13.6057   Cr: 12.8412 )
00000819: 11.1814   (Y': 10.442    Cb: 13.6032   Cr: 12.824  )
00000820: 11.2264   (Y': 10.4917   Cb: 13.6039   Cr: 12.8743 )
00000821: 11.1901   (Y': 10.4597   Cb: 13.5926   Cr: 12.7877 )
00000822: 11.1899   (Y': 10.4699   Cb: 13.5102   Cr: 12.7853 )
00000823: 11.1754   (Y': 10.435    Cb: 13.606    Cr: 12.8179 )
00000824: 11.2175   (Y': 10.4842   Cb: 13.5732   Cr: 12.8742 )
00000825: 11.1949   (Y': 10.4495   Cb: 13.6121   Cr: 12.8841 )
00000826: 11.1936   (Y': 10.4608   Cb: 13.5583   Cr: 12.839  )
00000827: 11.1714   (Y': 10.4224   Cb: 13.6165   Cr: 12.862  )
00000828: 11.1583   (Y': 10.3999   Cb: 13.6282   Cr: 12.8939 )
00000829: 11.14     (Y': 10.3909   Cb: 13.5786   Cr: 12.8366 )
00000830: 11.2552   (Y': 10.5126   Cb: 13.6609   Cr: 12.934  )
00000831: 11.2175   (Y': 10.4856   Cb: 13.6247   Cr: 12.8208 )
00000832: 11.1922   (Y': 10.4579   Cb: 13.5521   Cr: 12.8518 )
00000833: 11.2411   (Y': 10.4985   Cb: 13.6674   Cr: 12.9031 )
00000834: 11.2374   (Y': 10.5202   Cb: 13.5655   Cr: 12.8068 )
00000835: 11.1378   (Y': 10.3939   Cb: 13.6089   Cr: 12.7713 )
00000836: 11.1834   (Y': 10.4538   Cb: 13.5233   Cr: 12.8274 )
00000837: 11.2286   (Y': 10.5072   Cb: 13.5518   Cr: 12.8305 )
00000838: 11.2173   (Y': 10.4888   Cb: 13.5976   Cr: 12.8203 )
00000839: 11.1759   (Y': 10.4447   Cb: 13.5237   Cr: 12.8247 )
00000840: 11.1881   (Y': 10.4604   Cb: 13.5471   Cr: 12.8028 )
00000841: 11.2228   (Y': 10.5141   Cb: 13.4709   Cr: 12.8029 )
00000842: 11.1978   (Y': 10.4714   Cb: 13.5492   Cr: 12.8099 )
00000843: 11.2658   (Y': 10.5693   Cb: 13.5065   Cr: 12.77   )
00000844: 11.2052   (Y': 10.4722   Cb: 13.6142   Cr: 12.8143 )
00000845: 11.1888   (Y': 10.4713   Cb: 13.5025   Cr: 12.7724 )
00000846: 11.2487   (Y': 10.5465   Cb: 13.5082   Cr: 12.7748 )
00000847: 11.2741   (Y': 10.5562   Cb: 13.5959   Cr: 12.8535 )
00000848: 11.2564   (Y': 10.5337   Cb: 13.6044   Cr: 12.8466 )
00000850: 11.2146   (Y': 10.4922   Cb: 13.5316   Cr: 12.8286 )
00000849: 11.3194   (Y': 10.6076   Cb: 13.6343   Cr: 12.8639 )
00000851: 11.2106   (Y': 10.4683   Cb: 13.5778   Cr: 12.9196 )
00000852: 11.2574   (Y': 10.526    Cb: 13.5853   Cr: 12.9243 )
00000853: 11.1612   (Y': 10.4271   Cb: 13.5403   Cr: 12.8031 )
00000854: 11.193    (Y': 10.4614   Cb: 13.6253   Cr: 12.7735 )
00000855: 11.2122   (Y': 10.5005   Cb: 13.5091   Cr: 12.7709 )
00000856: 11.2109   (Y': 10.4746   Cb: 13.6212   Cr: 12.8424 )
00000857: 11.2247   (Y': 10.5025   Cb: 13.5766   Cr: 12.8087 )
00000858: 11.1876   (Y': 10.4666   Cb: 13.5716   Cr: 12.736  )
00000859: 11.206    (Y': 10.4881   Cb: 13.5203   Cr: 12.7917 )
00000860: 11.2221   (Y': 10.492    Cb: 13.5693   Cr: 12.8639 )
00000861: 11.2471   (Y': 10.507    Cb: 13.6588   Cr: 12.9039 )
00000862: 11.2231   (Y': 10.4983   Cb: 13.5751   Cr: 12.8239 )
00000863: 11.1685   (Y': 10.445    Cb: 13.517    Cr: 12.7638 )
00000864: 11.217    (Y': 10.491    Cb: 13.6018   Cr: 12.7991 )
00000865: 11.1931   (Y': 10.4668   Cb: 13.5629   Cr: 12.7891 )
00000866: 11.1755   (Y': 10.4361   Cb: 13.5382   Cr: 12.8683 )
00000867: 11.1986   (Y': 10.4718   Cb: 13.5218   Cr: 12.8374 )
00000868: 11.2164   (Y': 10.5061   Cb: 13.507    Cr: 12.771  )
00000869: 11.2455   (Y': 10.5298   Cb: 13.5689   Cr: 12.8093 )
00000870: 11.2135   (Y': 10.4904   Cb: 13.5498   Cr: 12.8162 )
00000871: 11.2789   (Y': 10.5668   Cb: 13.5643   Cr: 12.8494 )
00000872: 11.2461   (Y': 10.5386   Cb: 13.5447   Cr: 12.7751 )
00000873: 11.2139   (Y': 10.4874   Cb: 13.5631   Cr: 12.8287 )
00000874: 11.2446   (Y': 10.5331   Cb: 13.4968   Cr: 12.8397 )
00000875: 11.1982   (Y': 10.4554   Cb: 13.5804   Cr: 12.8984 )
00000876: 11.1736   (Y': 10.4509   Cb: 13.4953   Cr: 12.7857 )
00000877: 11.2116   (Y': 10.4926   Cb: 13.5305   Cr: 12.8005 )
00000878: 11.2108   (Y': 10.4916   Cb: 13.4795   Cr: 12.8448 )
00000879: 11.2498   (Y': 10.5304   Cb: 13.5449   Cr: 12.8623 )
00000880: 11.2843   (Y': 10.5767   Cb: 13.5608   Cr: 12.8322 )
00000882: 11.2715   (Y': 10.5383   Cb: 13.6087   Cr: 12.943  )
00000881: 11.2494   (Y': 10.5403   Cb: 13.5298   Cr: 12.8044 )
00000883: 11.2286   (Y': 10.5077   Cb: 13.559    Cr: 12.8216 )
00000885: 11.2437   (Y': 10.5318   Cb: 13.5639   Cr: 12.7838 )
00000884: 11.1946   (Y': 10.4756   Cb: 13.5138   Cr: 12.7839 )
00000886: 11.2685   (Y': 10.5615   Cb: 13.5601   Cr: 12.8003 )
00000887: 11.2238   (Y': 10.4943   Cb: 13.5826   Cr: 12.8514 )
00000888: 11.2485   (Y': 10.5435   Cb: 13.5218   Cr: 12.7825 )
00000889: 11.2662   (Y': 10.5566   Cb: 13.5512   Cr: 12.821  )
00000890: 11.2106   (Y': 10.4994   Cb: 13.5068   Cr: 12.7667 )
00000891: 11.2445   (Y': 10.5269   Cb: 13.5626   Cr: 12.8252 )
00000892: 11.2894   (Y': 10.5848   Cb: 13.5381   Cr: 12.8409 )
00000893: 11.1952   (Y': 10.4806   Cb: 13.511    Cr: 12.7573 )
00000894: 11.2931   (Y': 10.5801   Cb: 13.5932   Cr: 12.8578 )
00000895: 11.2649   (Y': 10.545    Cb: 13.5606   Cr: 12.8801 )
00000896: 11.2572   (Y': 10.5313   Cb: 13.5937   Cr: 12.8793 )
00000897: 11.2668   (Y': 10.5552   Cb: 13.5712   Cr: 12.8181 )
00000899: 11.2139   (Y': 10.4921   Cb: 13.5685   Cr: 12.7917 )
00000898: 11.2153   (Y': 10.5246   Cb: 13.4562   Cr: 12.6811 )
00000900: 11.2286   (Y': 10.5077   Cb: 13.5468   Cr: 12.8322 )
00000901: 11.2399   (Y': 10.5305   Cb: 13.5076   Cr: 12.8084 )
00000902: 11.2852   (Y': 10.593    Cb: 13.4779   Cr: 12.8017 )
00000903: 11.2515   (Y': 10.5438   Cb: 13.5138   Cr: 12.8128 )
00000904: 11.2463   (Y': 10.5315   Cb: 13.5023   Cr: 12.8608 )
00000905: 11.2722   (Y': 10.5648   Cb: 13.5386   Cr: 12.8275 )
00000906: 11.2067   (Y': 10.4681   Cb: 13.5735   Cr: 12.8909 )
00000907: 11.1982   (Y': 10.4581   Cb: 13.5873   Cr: 12.8739 )
00000908: 11.2582   (Y': 10.5218   Cb: 13.6361   Cr: 12.9171 )
00000909: 11.2843   (Y': 10.5616   Cb: 13.6155   Cr: 12.8883 )
00000911: 11.2346   (Y': 10.5003   Cb: 13.6247   Cr: 12.8684 )
00000910: 11.166    (Y': 10.4206   Cb: 13.5989   Cr: 12.8415 )
00000912: 11.2428   (Y': 10.5135   Cb: 13.6253   Cr: 12.8493 )
00000915: 11.1687   (Y': 10.4154   Cb: 13.6372   Cr: 12.8695 )
00000913: 11.2554   (Y': 10.5094   Cb: 13.6737   Cr: 12.9476 )
00000914: 11.1755   (Y': 10.443    Cb: 13.564    Cr: 12.7988 )
00000916: 11.169    (Y': 10.4263   Cb: 13.5766   Cr: 12.8467 )
00000917: 11.2205   (Y': 10.4844   Cb: 13.5872   Cr: 12.8871 )
00000918: 11.2365   (Y': 10.491    Cb: 13.6506   Cr: 12.9283 )
00000919: 11.258    (Y': 10.5354   Cb: 13.6207   Cr: 12.8356 )
00000920: 11.2392   (Y': 10.5035   Cb: 13.6282   Cr: 12.8844 )
00000921: 11.2055   (Y': 10.4619   Cb: 13.6169   Cr: 12.8867 )
00000922: 11.2059   (Y': 10.4602   Cb: 13.664    Cr: 12.8619 )
00000923: 11.2264   (Y': 10.4836   Cb: 13.623    Cr: 12.9139 )
00000924: 11.2437   (Y': 10.5066   Cb: 13.6634   Cr: 12.8731 )
00000925: 11.2419   (Y': 10.5177   Cb: 13.5811   Cr: 12.8497 )
00000926: 11.2266   (Y': 10.4878   Cb: 13.5854   Cr: 12.9185 )
00000927: 11.1906   (Y': 10.4363   Cb: 13.6399   Cr: 12.915  )
00000928: 11.2874   (Y': 10.5641   Cb: 13.6227   Cr: 12.8918 )
00000929: 11.2521   (Y': 10.5315   Cb: 13.5564   Cr: 12.8647 )
00000930: 11.2266   (Y': 10.5109   Cb: 13.547    Cr: 12.7927 )
00000932: 11.367    (Y': 10.6632   Cb: 13.5926   Cr: 12.9328 )
00000931: 11.3064   (Y': 10.5828   Cb: 13.6166   Cr: 12.9347 )
00000933: 11.2132   (Y': 10.4763   Cb: 13.6265   Cr: 12.8463 )
00000935: 11.3975   (Y': 10.6794   Cb: 13.746    Cr: 12.9554 )
00000934: 11.2754   (Y': 10.5588   Cb: 13.5786   Cr: 12.8613 )
00000936: 11.285    (Y': 10.554    Cb: 13.6392   Cr: 12.9262 )
00000937: 11.3283   (Y': 10.6156   Cb: 13.6204   Cr: 12.8978 )
00000939: 11.2869   (Y': 10.5794   Cb: 13.5431   Cr: 12.8522 )
00000938: 11.3333   (Y': 10.6374   Cb: 13.5275   Cr: 12.8732 )
00000940: 11.2037   (Y': 10.4649   Cb: 13.5667   Cr: 12.8921 )
00000941: 11.3243   (Y': 10.5861   Cb: 13.7181   Cr: 12.9821 )
00000942: 11.2699   (Y': 10.5359   Cb: 13.6624   Cr: 12.9    )
00000943: 11.2673   (Y': 10.5555   Cb: 13.5853   Cr: 12.8086 )
00000944: 11.2309   (Y': 10.4996   Cb: 13.6045   Cr: 12.8579 )
00000945: 11.32     (Y': 10.5924   Cb: 13.6717   Cr: 12.9403 )
00000946: 11.3111   (Y': 10.589    Cb: 13.6691   Cr: 12.8887 )
00000947: 11.3174   (Y': 10.6042   Cb: 13.5934   Cr: 12.9039 )
00000948: 11.214    (Y': 10.5104   Cb: 13.5194   Cr: 12.711  )
00000950: 11.3426   (Y': 10.6077   Cb: 13.7066   Cr: 13.0031 )
00000949: 11.2146   (Y': 10.4837   Cb: 13.5437   Cr: 12.8775 )
00000951: 11.3166   (Y': 10.5814   Cb: 13.6854   Cr: 12.9745 )
00000952: 11.3253   (Y': 10.6191   Cb: 13.5967   Cr: 12.8677 )
00000953: 11.1889   (Y': 10.4609   Cb: 13.5329   Cr: 12.8187 )
00000954: 11.2704   (Y': 10.5463   Cb: 13.6343   Cr: 12.8571 )
00000956: 11.2584   (Y': 10.5468   Cb: 13.5699   Cr: 12.8041 )
00000955: 11.3892   (Y': 10.6893   Cb: 13.6282   Cr: 12.9175 )
00000958: 11.2304   (Y': 10.4989   Cb: 13.615    Cr: 12.8503 )
00000959: 11.3291   (Y': 10.6011   Cb: 13.7035   Cr: 12.9333 )
00000957: 11.2522   (Y': 10.556    Cb: 13.5129   Cr: 12.7375 )
00000960: 11.3142   (Y': 10.5909   Cb: 13.633    Cr: 12.9327 )
00000961: 11.2857   (Y': 10.5708   Cb: 13.6337   Cr: 12.8234 )
00000963: 11.2897   (Y': 10.5716   Cb: 13.6371   Cr: 12.8491 )
00000964: 11.3053   (Y': 10.5746   Cb: 13.6764   Cr: 12.9307 )
00000962: 11.2407   (Y': 10.5278   Cb: 13.5471   Cr: 12.7997 )
00000965: 11.2725   (Y': 10.5575   Cb: 13.5772   Cr: 12.8471 )
00000967: 11.2097   (Y': 10.4798   Cb: 13.5612   Cr: 12.8466 )
00000966: 11.2948   (Y': 10.5697   Cb: 13.6389   Cr: 12.9045 )
00000968: 11.2548   (Y': 10.5338   Cb: 13.6039   Cr: 12.8326 )
00000969: 11.1865   (Y': 10.4521   Cb: 13.5667   Cr: 12.8296 )
00000970: 11.2507   (Y': 10.5259   Cb: 13.5779   Cr: 12.8728 )
00000971: 11.2328   (Y': 10.502    Cb: 13.5911   Cr: 12.8698 )
00000972: 11.1896   (Y': 10.4534   Cb: 13.5802   Cr: 12.8367 )
00000973: 11.2495   (Y': 10.5277   Cb: 13.5641   Cr: 12.862  )
00000976: 11.2801   (Y': 10.5682   Cb: 13.5647   Cr: 12.8499 )
00000975: 11.3032   (Y': 10.5719   Cb: 13.6721   Cr: 12.9349 )
00000974: 11.1725   (Y': 10.4374   Cb: 13.5495   Cr: 12.8234 )
00000977: 11.2573   (Y': 10.5378   Cb: 13.5624   Cr: 12.8614 )
00000978: 11.2777   (Y': 10.5564   Cb: 13.6096   Cr: 12.8716 )
00000979: 11.2295   (Y': 10.5068   Cb: 13.5534   Cr: 12.8396 )
00000980: 11.2606   (Y': 10.5356   Cb: 13.6197   Cr: 12.8567 )
00000981: 11.2635   (Y': 10.5543   Cb: 13.6221   Cr: 12.7543 )
00000982: 11.207    (Y': 10.4804   Cb: 13.522    Cr: 12.8513 )
00000984: 11.2662   (Y': 10.5464   Cb: 13.5728   Cr: 12.8714 )
00000983: 11.2701   (Y': 10.5582   Cb: 13.5338   Cr: 12.8588 )
00000985: 11.3137   (Y': 10.6203   Cb: 13.535    Cr: 12.8137 )
00000986: 11.2683   (Y': 10.5722   Cb: 13.5132   Cr: 12.766  )
00000987: 11.31     (Y': 10.5798   Cb: 13.6754   Cr: 12.9369 )
00000988: 11.3068   (Y': 10.5723   Cb: 13.717    Cr: 12.9257 )
00000989: 11.2777   (Y': 10.5618   Cb: 13.6058   Cr: 12.8381 )
00000991: 11.2289   (Y': 10.5126   Cb: 13.5623   Cr: 12.7881 )
00000990: 11.2552   (Y': 10.5468   Cb: 13.609    Cr: 12.7446 )
00000992: 11.3658   (Y': 10.6418   Cb: 13.7306   Cr: 12.9504 )
00000994: 11.2922   (Y': 10.5811   Cb: 13.6042   Cr: 12.8334 )
00000993: 11.2263   (Y': 10.4964   Cb: 13.5727   Cr: 12.8665 )
00000996: 11.1758   (Y': 10.4375   Cb: 13.5514   Cr: 12.8498 )
00000995: 11.2262   (Y': 10.5017   Cb: 13.5297   Cr: 12.866  )
00000997: 11.2338   (Y': 10.5005   Cb: 13.5713   Cr: 12.9057 )
00000998: 11.2201   (Y': 10.4878   Cb: 13.6447   Cr: 12.8115 )
00000999: 11.2663   (Y': 10.5475   Cb: 13.5897   Cr: 12.8509 )
00001000: 11.2449   (Y': 10.514    Cb: 13.5686   Cr: 12.9118 )
00001002: 11.2656   (Y': 10.5454   Cb: 13.6115   Cr: 12.8407 )
00001001: 11.3365   (Y': 10.6056   Cb: 13.7181   Cr: 12.9544 )
00001003: 11.2359   (Y': 10.5068   Cb: 13.6049   Cr: 12.8523 )
00001004: 11.2168   (Y': 10.4875   Cb: 13.5845   Cr: 12.8354 )
00001005: 11.2955   (Y': 10.5684   Cb: 13.675    Cr: 12.8888 )
00001006: 11.2735   (Y': 10.5306   Cb: 13.7062   Cr: 12.9324 )
00001007: 11.224    (Y': 10.4791   Cb: 13.6243   Cr: 12.9237 )
00001008: 11.2139   (Y': 10.4927   Cb: 13.5211   Cr: 12.828  )
00001009: 11.2956   (Y': 10.5782   Cb: 13.5635   Cr: 12.9179 )
00001010: 11.291    (Y': 10.5618   Cb: 13.5927   Cr: 12.9651 )
00001011: 11.2524   (Y': 10.5231   Cb: 13.579    Cr: 12.9066 )
00001012: 11.2456   (Y': 10.5269   Cb: 13.5944   Cr: 12.808  )
00001013: 11.2415   (Y': 10.5267   Cb: 13.5545   Cr: 12.8078 )
00001014: 11.2363   (Y': 10.5134   Cb: 13.606    Cr: 12.809  )
00001015: 11.2729   (Y': 10.5375   Cb: 13.6102   Cr: 12.9598 )
00001016: 11.2709   (Y': 10.5327   Cb: 13.6648   Cr: 12.9291 )
00001017: 11.2449   (Y': 10.5267   Cb: 13.563    Cr: 12.8294 )
00001018: 11.1746   (Y': 10.4473   Cb: 13.5515   Cr: 12.7721 )
00001019: 11.209    (Y': 10.4768   Cb: 13.5694   Cr: 12.8533 )
00001020: 11.2651   (Y': 10.5192   Cb: 13.7143   Cr: 12.9304 )
00001021: 11.2394   (Y': 10.5      Cb: 13.6461   Cr: 12.8951 )
00001022: 11.1613   (Y': 10.4255   Cb: 13.547    Cr: 12.8102 )
00001023: 11.242    (Y': 10.5228   Cb: 13.5447   Cr: 12.8461 )
00001024: 11.2345   (Y': 10.5062   Cb: 13.55     Cr: 12.8912 )
00001025: 11.2708   (Y': 10.5436   Cb: 13.6174   Cr: 12.8932 )
00001028: 11.214    (Y': 10.4885   Cb: 13.5816   Cr: 12.8061 )
00001027: 11.2129   (Y': 10.4896   Cb: 13.5478   Cr: 12.818  )
00001026: 11.2455   (Y': 10.5297   Cb: 13.549    Cr: 12.8256 )
Total: 11.2411   (Y': 10.5127   Cb: 13.5759   Cr: 12.8815 )
