00000001: 12.7674   (Y': 12.4795   Cb: 12.7263   Cr: 14.216  )
00000002: 12.7698   (Y': 12.5672   Cb: 12.4485   Cr: 14.1233 )
00000003: 12.7132   (Y': 12.4997   Cb: 12.4635   Cr: 14.0253 )
00000004: 12.6661   (Y': 12.4245   Cb: 12.4334   Cr: 14.1162 )
00000000: 31.7036   (Y': 40.8341   Cb: 27.3013   Cr: 27.3013 )
00000005: 12.63     (Y': 12.3942   Cb: 12.3981   Cr: 14.0445 )
00000006: 12.5719   (Y': 12.3346   Cb: 12.3599   Cr: 13.9667 )
00000007: 12.5456   (Y': 12.3093   Cb: 12.3356   Cr: 13.9311 )
00000008: 12.6228   (Y': 12.3994   Cb: 12.3772   Cr: 13.9853 )
00000009: 12.7479   (Y': 12.5802   Cb: 12.372    Cr: 13.9851 )
00000011: 12.8248   (Y': 12.6756   Cb: 12.4155   Cr: 14.009  )
00000012: 12.799    (Y': 12.64     Cb: 12.4109   Cr: 14.0058 )
00000010: 12.8241   (Y': 12.657    Cb: 12.4343   Cr: 14.0781 )
00000013: 12.7374   (Y': 12.5624   Cb: 12.403    Cr: 13.9554 )
00000014: 12.7942   (Y': 12.6322   Cb: 12.4029   Cr: 14.0219 )
00000015: 12.8884   (Y': 12.7361   Cb: 12.5138   Cr: 14.0395 )
00000016: 12.928    (Y': 12.7855   Cb: 12.5      Cr: 14.1028 )
00000017: 12.9044   (Y': 12.788    Cb: 12.4147   Cr: 14.0283 )
00000018: 12.7189   (Y': 12.5285   Cb: 12.4376   Cr: 13.9466 )
00000019: 12.9192   (Y': 12.7888   Cb: 12.478    Cr: 14.0477 )
00000020: 12.8897   (Y': 12.7369   Cb: 12.493    Cr: 14.0757 )
00000021: 12.9161   (Y': 12.7591   Cb: 12.5367   Cr: 14.1    )
00000022: 12.9571   (Y': 12.8116   Cb: 12.5588   Cr: 14.1053 )
00000023: 12.9239   (Y': 12.7711   Cb: 12.5308   Cr: 14.1046 )
00000024: 13.0269   (Y': 12.9056   Cb: 12.5881   Cr: 14.1043 )
00000025: 13.0808   (Y': 12.9742   Cb: 12.5671   Cr: 14.1872 )
00000026: 13.0533   (Y': 12.9286   Cb: 12.6012   Cr: 14.1667 )
00000028: 13.0577   (Y': 12.9403   Cb: 12.5338   Cr: 14.237  )
00000030: 12.9602   (Y': 12.8129   Cb: 12.552    Cr: 14.1324 )
00000027: 13.0887   (Y': 12.9652   Cb: 12.6424   Cr: 14.1881 )
00000029: 13.043    (Y': 12.9068   Cb: 12.6347   Cr: 14.1555 )
00000031: 12.9721   (Y': 12.7856   Cb: 12.6438   Cr: 14.2452 )
00000032: 12.9958   (Y': 12.8002   Cb: 12.6466   Cr: 14.3504 )
00000033: 12.9885   (Y': 12.8021   Cb: 12.5987   Cr: 14.351  )
00000035: 13.1687   (Y': 13.0146   Cb: 12.6541   Cr: 14.5367 )
00000036: 13.172    (Y': 13.0019   Cb: 12.6939   Cr: 14.5755 )
00000038: 12.8796   (Y': 12.6539   Cb: 12.5391   Cr: 14.3968 )
00000037: 13.0619   (Y': 12.9195   Cb: 12.5738   Cr: 14.3241 )
00000034: 13.0882   (Y': 12.9037   Cb: 12.6772   Cr: 14.4719 )
00000039: 12.8835   (Y': 12.666    Cb: 12.5391   Cr: 14.3586 )
00000040: 12.9938   (Y': 12.7816   Cb: 12.6269   Cr: 14.4717 )
00000041: 13.0233   (Y': 12.8455   Cb: 12.5827   Cr: 14.4129 )
00000042: 13.0158   (Y': 12.8471   Cb: 12.5741   Cr: 14.3559 )
00000043: 12.8311   (Y': 12.6146   Cb: 12.4835   Cr: 14.3053 )
00000044: 12.6063   (Y': 12.3348   Cb: 12.3765   Cr: 14.2328 )
00000045: 12.5507   (Y': 12.2752   Cb: 12.3716   Cr: 14.1251 )
00000046: 12.5937   (Y': 12.3183   Cb: 12.3664   Cr: 14.2409 )
00000047: 12.6287   (Y': 12.3649   Cb: 12.4243   Cr: 14.1692 )
00000048: 12.821    (Y': 12.59     Cb: 12.5215   Cr: 14.3079 )
00000049: 12.7925   (Y': 12.5713   Cb: 12.452    Cr: 14.2832 )
00000050: 12.7807   (Y': 12.5635   Cb: 12.4352   Cr: 14.2556 )
00000051: 12.8082   (Y': 12.5821   Cb: 12.4664   Cr: 14.33   )
00000052: 12.8358   (Y': 12.632    Cb: 12.4875   Cr: 14.2366 )
00000053: 12.9416   (Y': 12.7469   Cb: 12.5434   Cr: 14.3644 )
00000054: 13.0818   (Y': 12.9585   Cb: 12.5832   Cr: 14.2555 )
00000055: 13.1281   (Y': 13.014    Cb: 12.583    Cr: 14.3208 )
00000056: 13.1646   (Y': 13.0336   Cb: 12.6692   Cr: 14.3754 )
00000057: 13.2185   (Y': 13.1247   Cb: 12.6253   Cr: 14.3748 )
00000058: 13.1778   (Y': 13.0888   Cb: 12.6514   Cr: 14.2109 )
00000059: 13.0768   (Y': 12.9815   Cb: 12.5773   Cr: 14.1044 )
00000060: 12.9701   (Y': 12.858    Cb: 12.4798   Cr: 14.0723 )
00000061: 12.8295   (Y': 12.6743   Cb: 12.4314   Cr: 14.0295 )
00000062: 12.8325   (Y': 12.6642   Cb: 12.4877   Cr: 14.0282 )
00000063: 12.7355   (Y': 12.5348   Cb: 12.4264   Cr: 14.0605 )
00000064: 12.7809   (Y': 12.5679   Cb: 12.4964   Cr: 14.14   )
00000065: 12.8358   (Y': 12.6863   Cb: 12.4224   Cr: 14.0274 )
00000066: 12.8259   (Y': 12.6761   Cb: 12.4453   Cr: 13.9719 )
00000068: 12.5616   (Y': 12.3276   Cb: 12.3645   Cr: 13.9157 )
00000067: 12.6873   (Y': 12.5048   Cb: 12.3659   Cr: 13.928  )
00000069: 12.5453   (Y': 12.2782   Cb: 12.3972   Cr: 14.0235 )
00000070: 12.5408   (Y': 12.2598   Cb: 12.3952   Cr: 14.0988 )
00000071: 12.5922   (Y': 12.3422   Cb: 12.4226   Cr: 13.9998 )
00000072: 12.4424   (Y': 12.1577   Cb: 12.3741   Cr: 13.9107 )
00000073: 12.4256   (Y': 12.1458   Cb: 12.3097   Cr: 13.9328 )
00000074: 12.4346   (Y': 12.1575   Cb: 12.3325   Cr: 13.9059 )
00000076: 12.4243   (Y': 12.1407   Cb: 12.3305   Cr: 13.922  )
00000075: 12.4281   (Y': 12.147    Cb: 12.3088   Cr: 13.9478 )
00000077: 12.3958   (Y': 12.0863   Cb: 12.3803   Cr: 13.9391 )
00000078: 12.4543   (Y': 12.1804   Cb: 12.3265   Cr: 13.9436 )
00000079: 12.4141   (Y': 12.1258   Cb: 12.3292   Cr: 13.928  )
00000080: 12.4115   (Y': 12.1305   Cb: 12.2726   Cr: 13.9599 )
00000081: 12.431    (Y': 12.1475   Cb: 12.3204   Cr: 13.9532 )
00000082: 12.4747   (Y': 12.2057   Cb: 12.3357   Cr: 13.9509 )
00000083: 12.4501   (Y': 12.1851   Cb: 12.3191   Cr: 13.891  )
00000085: 12.4188   (Y': 12.1328   Cb: 12.3209   Cr: 13.9376 )
00000084: 12.459    (Y': 12.1606   Cb: 12.3779   Cr: 14.0293 )
00000086: 12.4316   (Y': 12.1356   Cb: 12.3543   Cr: 13.9813 )
00000087: 12.4012   (Y': 12.0967   Cb: 12.4005   Cr: 13.8929 )
00000088: 12.4085   (Y': 12.1097   Cb: 12.3278   Cr: 13.9802 )
00000089: 12.3927   (Y': 12.0956   Cb: 12.3321   Cr: 13.925  )
00000090: 12.4392   (Y': 12.1456   Cb: 12.3567   Cr: 13.9816 )
00000091: 12.4332   (Y': 12.1382   Cb: 12.3667   Cr: 13.9615 )
00000092: 12.4447   (Y': 12.1549   Cb: 12.3585   Cr: 13.9694 )
00000093: 12.4333   (Y': 12.1388   Cb: 12.3449   Cr: 13.9898 )
00000094: 12.4619   (Y': 12.1903   Cb: 12.3348   Cr: 13.936  )
00000095: 12.4008   (Y': 12.0998   Cb: 12.341    Cr: 13.9559 )
00000096: 12.4903   (Y': 12.2016   Cb: 12.3817   Cr: 14.0408 )
00000097: 12.4213   (Y': 12.123    Cb: 12.3226   Cr: 14.0165 )
00000098: 12.4318   (Y': 12.1397   Cb: 12.3546   Cr: 13.9574 )
00000099: 12.4314   (Y': 12.1544   Cb: 12.3366   Cr: 13.8915 )
00000101: 12.4505   (Y': 12.1738   Cb: 12.3242   Cr: 13.9544 )
00000100: 12.4333   (Y': 12.1358   Cb: 12.3544   Cr: 13.9945 )
00000102: 12.4461   (Y': 12.1602   Cb: 12.3406   Cr: 13.9753 )
00000103: 12.4019   (Y': 12.0979   Cb: 12.33     Cr: 13.9932 )
00000104: 12.4156   (Y': 12.1021   Cb: 12.3655   Cr: 14.0336 )
00000105: 12.4095   (Y': 12.096    Cb: 12.3543   Cr: 14.0353 )
00000106: 12.4214   (Y': 12.1204   Cb: 12.3633   Cr: 13.9737 )
00000107: 12.4191   (Y': 12.1177   Cb: 12.3483   Cr: 13.9929 )
00000109: 12.4577   (Y': 12.1727   Cb: 12.3337   Cr: 14.0082 )
00000108: 12.4273   (Y': 12.1197   Cb: 12.389    Cr: 13.991  )
00000110: 12.423    (Y': 12.1436   Cb: 12.3107   Cr: 13.9226 )
00000111: 12.4505   (Y': 12.1492   Cb: 12.3945   Cr: 14.002  )
00000112: 12.4329   (Y': 12.1261   Cb: 12.3944   Cr: 13.9926 )
00000113: 12.4192   (Y': 12.1187   Cb: 12.3271   Cr: 14.0177 )
00000114: 12.4102   (Y': 12.1232   Cb: 12.2806   Cr: 13.9814 )
00000115: 12.4233   (Y': 12.1251   Cb: 12.3038   Cr: 14.049  )
00000116: 12.4583   (Y': 12.1534   Cb: 12.4133   Cr: 14.0154 )
00000117: 12.463    (Y': 12.1715   Cb: 12.357    Cr: 14.0268 )
00000118: 12.4456   (Y': 12.1671   Cb: 12.3096   Cr: 13.9745 )
00000119: 12.432    (Y': 12.1143   Cb: 12.404    Cr: 14.0439 )
00000120: 12.4587   (Y': 12.1794   Cb: 12.3081   Cr: 14.0143 )
00000121: 12.4543   (Y': 12.1563   Cb: 12.4109   Cr: 13.9673 )
00000122: 12.4644   (Y': 12.1859   Cb: 12.3102   Cr: 14.0204 )
00000123: 12.4355   (Y': 12.1323   Cb: 12.3465   Cr: 14.047  )
00000124: 12.4548   (Y': 12.1495   Cb: 12.3572   Cr: 14.0918 )
00000125: 12.4426   (Y': 12.1442   Cb: 12.3629   Cr: 14.0105 )
00000126: 12.4399   (Y': 12.1185   Cb: 12.4056   Cr: 14.0837 )
00000127: 12.4934   (Y': 12.2184   Cb: 12.3681   Cr: 13.985  )
00000128: 12.4465   (Y': 12.1473   Cb: 12.3678   Cr: 14.018  )
00000129: 12.4432   (Y': 12.1551   Cb: 12.3597   Cr: 13.9541 )
00000130: 12.471    (Y': 12.1863   Cb: 12.3812   Cr: 13.9703 )
00000131: 12.4417   (Y': 12.1508   Cb: 12.3252   Cr: 14.0172 )
00000132: 12.4292   (Y': 12.1438   Cb: 12.2887   Cr: 14.0069 )
00000133: 12.4604   (Y': 12.1847   Cb: 12.3021   Cr: 14.0045 )
00000134: 12.4101   (Y': 12.1052   Cb: 12.3642   Cr: 13.9689 )
00000135: 12.4625   (Y': 12.1764   Cb: 12.3791   Cr: 13.9612 )
00000136: 12.4635   (Y': 12.1688   Cb: 12.4084   Cr: 13.9729 )
00000137: 12.4463   (Y': 12.1692   Cb: 12.3411   Cr: 13.9215 )
00000138: 12.4493   (Y': 12.1596   Cb: 12.3511   Cr: 13.9904 )
00000139: 12.4594   (Y': 12.1811   Cb: 12.3339   Cr: 13.972  )
00000140: 12.4223   (Y': 12.1261   Cb: 12.3495   Cr: 13.9665 )
00000141: 12.3968   (Y': 12.0975   Cb: 12.3518   Cr: 13.9199 )
00000142: 12.4454   (Y': 12.1533   Cb: 12.348    Cr: 14.0008 )
00000143: 12.4776   (Y': 12.2074   Cb: 12.3214   Cr: 13.9856 )
00000144: 12.4371   (Y': 12.1363   Cb: 12.3517   Cr: 14.0275 )
00000145: 12.4797   (Y': 12.1771   Cb: 12.418    Cr: 14.0469 )
00000146: 12.4098   (Y': 12.11     Cb: 12.3829   Cr: 13.9096 )
00000147: 12.4255   (Y': 12.1195   Cb: 12.3506   Cr: 14.033  )
00000148: 12.4193   (Y': 12.1313   Cb: 12.3432   Cr: 13.9184 )
00000149: 12.4529   (Y': 12.1662   Cb: 12.3302   Cr: 14.0123 )
00000150: 12.4034   (Y': 12.1033   Cb: 12.3635   Cr: 13.9237 )
00000151: 12.4149   (Y': 12.1061   Cb: 12.4013   Cr: 13.9512 )
00000152: 12.428    (Y': 12.1358   Cb: 12.3979   Cr: 13.8868 )
00000153: 12.4475   (Y': 12.1638   Cb: 12.3236   Cr: 13.9898 )
00000154: 12.4515   (Y': 12.1503   Cb: 12.3868   Cr: 14.0147 )
00000155: 12.4663   (Y': 12.1869   Cb: 12.3751   Cr: 13.9355 )
00000156: 12.4946   (Y': 12.2346   Cb: 12.3281   Cr: 13.9568 )
00000157: 12.5192   (Y': 12.266    Cb: 12.3417   Cr: 13.9565 )
00000158: 12.4837   (Y': 12.2279   Cb: 12.3469   Cr: 13.8785 )
00000159: 12.4713   (Y': 12.2083   Cb: 12.3367   Cr: 13.9056 )
00000160: 12.4694   (Y': 12.1985   Cb: 12.3375   Cr: 13.9459 )
00000161: 12.4872   (Y': 12.1973   Cb: 12.4224   Cr: 13.9819 )
00000162: 12.4908   (Y': 12.2008   Cb: 12.3811   Cr: 14.0512 )
00000163: 12.4751   (Y': 12.2102   Cb: 12.3224   Cr: 13.9461 )
00000164: 12.4888   (Y': 12.2034   Cb: 12.3849   Cr: 14.0123 )
00000165: 12.4905   (Y': 12.2214   Cb: 12.3609   Cr: 13.9531 )
00000166: 12.4855   (Y': 12.2008   Cb: 12.3637   Cr: 14.0304 )
00000167: 12.5246   (Y': 12.2777   Cb: 12.3413   Cr: 13.9335 )
00000168: 12.4831   (Y': 12.1914   Cb: 12.4175   Cr: 13.99   )
00000169: 12.5019   (Y': 12.2332   Cb: 12.3286   Cr: 14.0262 )
00000170: 12.4671   (Y': 12.1955   Cb: 12.3103   Cr: 13.9841 )
00000171: 12.509    (Y': 12.2547   Cb: 12.3299   Cr: 13.9552 )
00000172: 12.4549   (Y': 12.1806   Cb: 12.307    Cr: 13.9758 )
00000173: 12.5369   (Y': 12.2659   Cb: 12.3621   Cr: 14.0773 )
00000174: 12.4896   (Y': 12.2249   Cb: 12.3545   Cr: 13.9348 )
00000175: 12.5022   (Y': 12.2469   Cb: 12.3583   Cr: 13.9046 )
00000176: 12.4807   (Y': 12.2092   Cb: 12.3592   Cr: 13.9465 )
00000177: 12.4867   (Y': 12.2154   Cb: 12.3663   Cr: 13.9492 )
00000178: 12.5061   (Y': 12.2519   Cb: 12.3456   Cr: 13.9259 )
00000179: 12.4883   (Y': 12.2044   Cb: 12.3874   Cr: 13.9988 )
00000180: 12.5357   (Y': 12.2896   Cb: 12.3484   Cr: 13.9456 )
00000182: 12.7667   (Y': 12.5835   Cb: 12.4295   Cr: 14.0342 )
00000181: 12.6188   (Y': 12.4119   Cb: 12.3309   Cr: 13.9482 )
00000183: 12.7312   (Y': 12.5458   Cb: 12.3651   Cr: 14.0527 )
00000184: 12.7708   (Y': 12.6076   Cb: 12.3601   Cr: 14.0341 )
00000185: 13.0198   (Y': 12.8623   Cb: 12.5526   Cr: 14.3347 )
00000186: 13.2815   (Y': 13.2357   Cb: 12.5506   Cr: 14.3923 )
00000187: 13.1407   (Y': 13.0367   Cb: 12.5579   Cr: 14.3356 )
00000188: 12.6933   (Y': 12.4903   Cb: 12.3795   Cr: 14.0385 )
00000189: 13.0102   (Y': 12.8551   Cb: 12.5284   Cr: 14.3341 )
00000190: 13.2014   (Y': 13.0822   Cb: 12.6212   Cr: 14.4755 )
00000191: 13.1705   (Y': 13.0475   Cb: 12.6209   Cr: 14.4184 )
00000192: 12.9269   (Y': 12.7614   Cb: 12.4704   Cr: 14.2717 )
00000193: 12.7307   (Y': 12.5103   Cb: 12.4112   Cr: 14.1854 )
00000194: 12.9175   (Y': 12.7614   Cb: 12.4605   Cr: 14.2097 )
00000195: 12.7719   (Y': 12.5532   Cb: 12.4613   Cr: 14.2027 )
00000196: 12.7541   (Y': 12.544    Cb: 12.4092   Cr: 14.186  )
00000197: 12.8893   (Y': 12.7084   Cb: 12.4812   Cr: 14.2483 )
00000198: 12.7491   (Y': 12.5573   Cb: 12.3681   Cr: 14.1291 )
00000199: 12.8909   (Y': 12.7293   Cb: 12.4842   Cr: 14.1393 )
00000200: 12.8755   (Y': 12.6923   Cb: 12.5002   Cr: 14.1986 )
00000201: 12.8127   (Y': 12.6247   Cb: 12.4327   Cr: 14.1695 )
00000202: 12.8844   (Y': 12.7208   Cb: 12.42     Cr: 14.2298 )
00000203: 12.6907   (Y': 12.4552   Cb: 12.4292   Cr: 14.1476 )
00000204: 12.8401   (Y': 12.6566   Cb: 12.4838   Cr: 14.137  )
00000205: 12.9093   (Y': 12.7244   Cb: 12.5212   Cr: 14.2605 )
00000206: 12.8105   (Y': 12.6196   Cb: 12.435    Cr: 14.1775 )
00000207: 13.0395   (Y': 12.9237   Cb: 12.4482   Cr: 14.3122 )
00000208: 12.898    (Y': 12.7492   Cb: 12.4783   Cr: 14.0951 )
00000209: 12.781    (Y': 12.6259   Cb: 12.3603   Cr: 14.0139 )
00000210: 12.8503   (Y': 12.6844   Cb: 12.4123   Cr: 14.1689 )
00000211: 12.5946   (Y': 12.3768   Cb: 12.3127   Cr: 13.9781 )
00000212: 12.5658   (Y': 12.3358   Cb: 12.3267   Cr: 13.9577 )
00000213: 12.5483   (Y': 12.3134   Cb: 12.3089   Cr: 13.9688 )
00000214: 12.5337   (Y': 12.2988   Cb: 12.2951   Cr: 13.9527 )
00000215: 12.6785   (Y': 12.4633   Cb: 12.374    Cr: 14.0804 )
00000216: 12.7051   (Y': 12.5009   Cb: 12.367    Cr: 14.0931 )
00000217: 12.6546   (Y': 12.4398   Cb: 12.3879   Cr: 13.9983 )
00000218: 12.6678   (Y': 12.4396   Cb: 12.416    Cr: 14.0679 )
00000219: 12.5134   (Y': 12.2602   Cb: 12.3227   Cr: 13.9708 )
00000220: 12.482    (Y': 12.2037   Cb: 12.3495   Cr: 14.0043 )
00000221: 12.5784   (Y': 12.3037   Cb: 12.4376   Cr: 14.091  )
00000222: 12.5196   (Y': 12.2377   Cb: 12.3817   Cr: 14.0714 )
00000223: 12.4589   (Y': 12.1822   Cb: 12.3267   Cr: 13.9712 )
00000224: 12.4415   (Y': 12.1471   Cb: 12.3629   Cr: 13.9837 )
00000225: 12.5764   (Y': 12.343    Cb: 12.3285   Cr: 14.0002 )
00000226: 12.5756   (Y': 12.3254   Cb: 12.4005   Cr: 13.9926 )
00000227: 12.4903   (Y': 12.2065   Cb: 12.3736   Cr: 14.0224 )
00000228: 12.4767   (Y': 12.1926   Cb: 12.3893   Cr: 13.9685 )
00000229: 12.4287   (Y': 12.1338   Cb: 12.3349   Cr: 13.9957 )
00000230: 12.4234   (Y': 12.1223   Cb: 12.4054   Cr: 13.9183 )
00000231: 12.4155   (Y': 12.1155   Cb: 12.3544   Cr: 13.9656 )
00000232: 12.4041   (Y': 12.1043   Cb: 12.3471   Cr: 13.9478 )
00000233: 12.4105   (Y': 12.1219   Cb: 12.3019   Cr: 13.9605 )
00000234: 12.45     (Y': 12.1575   Cb: 12.3692   Cr: 13.983  )
00000235: 12.4232   (Y': 12.1461   Cb: 12.3285   Cr: 13.8838 )
00000236: 12.4109   (Y': 12.109    Cb: 12.3598   Cr: 13.9589 )
00000237: 12.3889   (Y': 12.1094   Cb: 12.2495   Cr: 13.9282 )
00000238: 12.4322   (Y': 12.1318   Cb: 12.3523   Cr: 14.0128 )
00000239: 12.4161   (Y': 12.1036   Cb: 12.4167   Cr: 13.9543 )
00000240: 12.4158   (Y': 12.1295   Cb: 12.3386   Cr: 13.9069 )
00000241: 12.4191   (Y': 12.1229   Cb: 12.3324   Cr: 13.9834 )
00000242: 12.3981   (Y': 12.0755   Cb: 12.3875   Cr: 14.0149 )
00000243: 12.4015   (Y': 12.1127   Cb: 12.3402   Cr: 13.8838 )
00000244: 12.387    (Y': 12.0957   Cb: 12.3243   Cr: 13.8866 )
00000246: 12.4281   (Y': 12.1534   Cb: 12.3139   Cr: 13.9027 )
00000245: 12.4183   (Y': 12.1308   Cb: 12.3123   Cr: 13.9581 )
00000247: 12.3969   (Y': 12.0964   Cb: 12.3676   Cr: 13.9051 )
00000248: 12.4297   (Y': 12.1558   Cb: 12.3335   Cr: 13.8732 )
00000249: 12.4821   (Y': 12.2202   Cb: 12.3422   Cr: 13.9175 )
00000250: 12.4825   (Y': 12.214    Cb: 12.3167   Cr: 13.994  )
00000251: 12.475    (Y': 12.1984   Cb: 12.339    Cr: 13.9928 )
00000252: 12.4576   (Y': 12.1738   Cb: 12.3329   Cr: 14.0021 )
00000253: 12.4681   (Y': 12.1892   Cb: 12.3135   Cr: 14.0271 )
00000254: 12.4228   (Y': 12.1329   Cb: 12.3407   Cr: 13.9422 )
00000255: 12.4349   (Y': 12.1296   Cb: 12.3832   Cr: 14.0045 )
00000256: 12.4294   (Y': 12.1086   Cb: 12.4351   Cr: 14.0117 )
00000257: 12.4348   (Y': 12.1288   Cb: 12.3294   Cr: 14.0879 )
00000258: 12.4418   (Y': 12.1467   Cb: 12.3304   Cr: 14.036  )
00000259: 12.4272   (Y': 12.1164   Cb: 12.4006   Cr: 13.9943 )
00000260: 12.4445   (Y': 12.1406   Cb: 12.4112   Cr: 13.9787 )
00000261: 12.4331   (Y': 12.1338   Cb: 12.342    Cr: 14.0232 )
00000262: 12.408    (Y': 12.1033   Cb: 12.3196   Cr: 14.0276 )
00000263: 12.4471   (Y': 12.16     Cb: 12.3176   Cr: 14.0184 )
00000264: 12.4455   (Y': 12.151    Cb: 12.3739   Cr: 13.9782 )
00000265: 12.4362   (Y': 12.1389   Cb: 12.3456   Cr: 14.0127 )
00000266: 12.392    (Y': 12.1047   Cb: 12.3068   Cr: 13.8997 )
00000267: 12.3864   (Y': 12.0881   Cb: 12.3188   Cr: 13.9355 )
00000268: 12.4141   (Y': 12.1104   Cb: 12.3696   Cr: 13.9634 )
00000269: 12.4278   (Y': 12.1213   Cb: 12.3831   Cr: 13.9942 )
00000270: 12.4372   (Y': 12.1414   Cb: 12.3637   Cr: 13.9801 )
00000271: 12.4353   (Y': 12.129    Cb: 12.3827   Cr: 14.0121 )
00000272: 12.3776   (Y': 12.0913   Cb: 12.2307   Cr: 13.9702 )
00000273: 12.4218   (Y': 12.1359   Cb: 12.3078   Cr: 13.9635 )
00000274: 12.4185   (Y': 12.1282   Cb: 12.3278   Cr: 13.9527 )
00000275: 12.4421   (Y': 12.1501   Cb: 12.3402   Cr: 14.0028 )
00000276: 12.3848   (Y': 12.0747   Cb: 12.3569   Cr: 13.9492 )
00000277: 12.3966   (Y': 12.1018   Cb: 12.3272   Cr: 13.9274 )
00000278: 12.4301   (Y': 12.1443   Cb: 12.3184   Cr: 13.9674 )
00000279: 12.4511   (Y': 12.1635   Cb: 12.3704   Cr: 13.9547 )
00000280: 12.4191   (Y': 12.1252   Cb: 12.3289   Cr: 13.9751 )
00000281: 12.4184   (Y': 12.1432   Cb: 12.2688   Cr: 13.9472 )
00000282: 12.4241   (Y': 12.138    Cb: 12.3269   Cr: 13.9423 )
00000283: 12.4204   (Y': 12.1412   Cb: 12.2996   Cr: 13.9309 )
00000284: 12.4144   (Y': 12.112    Cb: 12.3517   Cr: 13.9824 )
00000285: 12.3944   (Y': 12.1046   Cb: 12.2532   Cr: 13.9998 )
00000286: 12.4343   (Y': 12.1502   Cb: 12.3137   Cr: 13.974  )
00000287: 12.4353   (Y': 12.1452   Cb: 12.3411   Cr: 13.9734 )
00000288: 12.4018   (Y': 12.1026   Cb: 12.3235   Cr: 13.9719 )
00000289: 12.4135   (Y': 12.1311   Cb: 12.3048   Cr: 13.9266 )
00000290: 12.4254   (Y': 12.1342   Cb: 12.3199   Cr: 13.9868 )
00000291: 12.4627   (Y': 12.1738   Cb: 12.3686   Cr: 13.9936 )
00000293: 12.5081   (Y': 12.2374   Cb: 12.3909   Cr: 13.9633 )
00000292: 12.5105   (Y': 12.2401   Cb: 12.3823   Cr: 13.9794 )
00000294: 12.4295   (Y': 12.1307   Cb: 12.3736   Cr: 13.9654 )
00000295: 12.4778   (Y': 12.1962   Cb: 12.3767   Cr: 13.9749 )
00000296: 12.4944   (Y': 12.2195   Cb: 12.3754   Cr: 13.9763 )
00000297: 12.4872   (Y': 12.2029   Cb: 12.3699   Cr: 14.0239 )
00000298: 12.4553   (Y': 12.1711   Cb: 12.3791   Cr: 13.9312 )
00000299: 12.4796   (Y': 12.2184   Cb: 12.3295   Cr: 13.9253 )
00000300: 12.4118   (Y': 12.126    Cb: 12.3302   Cr: 13.9058 )
00000301: 12.459    (Y': 12.1938   Cb: 12.3109   Cr: 13.9251 )
00000303: 12.4405   (Y': 12.1503   Cb: 12.368    Cr: 13.9481 )
00000302: 12.4368   (Y': 12.1535   Cb: 12.3281   Cr: 13.9549 )
00000304: 12.4613   (Y': 12.1724   Cb: 12.3665   Cr: 13.9925 )
00000305: 12.469    (Y': 12.2018   Cb: 12.338    Cr: 13.9227 )
00000306: 12.4423   (Y': 12.1733   Cb: 12.3257   Cr: 13.886  )
00000307: 12.4913   (Y': 12.2126   Cb: 12.3716   Cr: 13.9973 )
00000309: 12.4418   (Y': 12.1426   Cb: 12.3868   Cr: 13.9784 )
00000308: 12.4461   (Y': 12.16     Cb: 12.3523   Cr: 13.9593 )
00000310: 12.3991   (Y': 12.0958   Cb: 12.3371   Cr: 13.971  )
00000311: 12.4263   (Y': 12.1357   Cb: 12.4005   Cr: 13.8696 )
00000312: 12.4406   (Y': 12.1558   Cb: 12.3846   Cr: 13.8917 )
00000313: 12.4205   (Y': 12.1257   Cb: 12.3556   Cr: 13.9443 )
00000314: 12.4726   (Y': 12.1891   Cb: 12.3886   Cr: 13.9563 )
00000315: 12.58     (Y': 12.3345   Cb: 12.4184   Cr: 13.9496 )
00000317: 12.7715   (Y': 12.5725   Cb: 12.3658   Cr: 14.2314 )
00000316: 12.705    (Y': 12.5025   Cb: 12.3648   Cr: 14.0863 )
00000318: 12.8328   (Y': 12.6461   Cb: 12.4982   Cr: 14.1161 )
00000319: 12.9313   (Y': 12.7478   Cb: 12.5154   Cr: 14.3169 )
00000320: 12.9239   (Y': 12.7152   Cb: 12.5513   Cr: 14.3902 )
00000321: 12.9149   (Y': 12.7133   Cb: 12.5385   Cr: 14.3457 )
00000322: 12.9202   (Y': 12.7159   Cb: 12.5866   Cr: 14.3022 )
00000323: 12.7854   (Y': 12.5548   Cb: 12.5245   Cr: 14.2126 )
00000324: 12.746    (Y': 12.4915   Cb: 12.5093   Cr: 14.2789 )
00000325: 12.7005   (Y': 12.4611   Cb: 12.4592   Cr: 14.1508 )
00000326: 12.6281   (Y': 12.3517   Cb: 12.4322   Cr: 14.2335 )
00000327: 12.6177   (Y': 12.3363   Cb: 12.4842   Cr: 14.1607 )
00000328: 12.7651   (Y': 12.5512   Cb: 12.3989   Cr: 14.2524 )
00000329: 12.7821   (Y': 12.5719   Cb: 12.4803   Cr: 14.1509 )
00000330: 12.7471   (Y': 12.5099   Cb: 12.4667   Cr: 14.2422 )
00000331: 12.7542   (Y': 12.5232   Cb: 12.4707   Cr: 14.217  )
00000332: 12.8194   (Y': 12.5972   Cb: 12.5023   Cr: 14.2809 )
00000333: 12.8126   (Y': 12.5813   Cb: 12.5059   Cr: 14.3119 )
00000334: 12.7965   (Y': 12.5858   Cb: 12.4764   Cr: 14.1956 )
00000335: 12.7977   (Y': 12.5831   Cb: 12.5048   Cr: 14.1788 )
00000336: 12.7665   (Y': 12.5527   Cb: 12.4239   Cr: 14.2167 )
00000337: 12.7342   (Y': 12.5377   Cb: 12.4195   Cr: 14.043  )
00000338: 12.7326   (Y': 12.5311   Cb: 12.4039   Cr: 14.0905 )
00000339: 12.6669   (Y': 12.4289   Cb: 12.4408   Cr: 14.0864 )
00000340: 12.5393   (Y': 12.3012   Cb: 12.3554   Cr: 13.8985 )
00000341: 12.5331   (Y': 12.2673   Cb: 12.4196   Cr: 13.9534 )
00000342: 12.5094   (Y': 12.2331   Cb: 12.4016   Cr: 13.9843 )
00000343: 12.5466   (Y': 12.2867   Cb: 12.4067   Cr: 13.97   )
00000344: 12.5168   (Y': 12.2692   Cb: 12.3367   Cr: 13.9253 )
00000345: 12.5787   (Y': 12.3327   Cb: 12.4067   Cr: 13.9667 )
00000346: 12.5518   (Y': 12.2849   Cb: 12.3958   Cr: 14.04   )
00000347: 12.4672   (Y': 12.1656   Cb: 12.394    Cr: 14.0447 )
00000349: 12.5131   (Y': 12.235    Cb: 12.3761   Cr: 14.0409 )
00000348: 12.4831   (Y': 12.1983   Cb: 12.4096   Cr: 13.9595 )
00000351: 12.535    (Y': 12.2746   Cb: 12.369    Cr: 13.9987 )
00000350: 12.514    (Y': 12.2452   Cb: 12.3529   Cr: 14.0209 )
00000352: 12.5095   (Y': 12.2451   Cb: 12.3584   Cr: 13.9758 )
00000353: 12.4903   (Y': 12.2266   Cb: 12.361    Cr: 13.9204 )
00000354: 12.4658   (Y': 12.202    Cb: 12.3288   Cr: 13.9078 )
00000355: 12.484    (Y': 12.2246   Cb: 12.2904   Cr: 13.9826 )
00000357: 12.4986   (Y': 12.2277   Cb: 12.3471   Cr: 14.0041 )
00000356: 12.4847   (Y': 12.217    Cb: 12.3376   Cr: 13.9644 )
00000358: 12.5419   (Y': 12.3021   Cb: 12.3025   Cr: 13.9911 )
00000359: 12.5517   (Y': 12.3118   Cb: 12.3255   Cr: 13.9823 )
00000360: 12.4699   (Y': 12.208    Cb: 12.3071   Cr: 13.9384 )
00000361: 12.4833   (Y': 12.1905   Cb: 12.4248   Cr: 13.9862 )
00000363: 12.5288   (Y': 12.2739   Cb: 12.3698   Cr: 13.9501 )
00000362: 12.4696   (Y': 12.2082   Cb: 12.3058   Cr: 13.9365 )
00000364: 12.4974   (Y': 12.2228   Cb: 12.3794   Cr: 13.9759 )
00000365: 12.4985   (Y': 12.2446   Cb: 12.325    Cr: 13.9345 )
00000366: 12.5123   (Y': 12.2609   Cb: 12.3156   Cr: 13.9676 )
00000367: 12.5096   (Y': 12.2654   Cb: 12.2657   Cr: 13.992  )
00000368: 12.4695   (Y': 12.1981   Cb: 12.3029   Cr: 14.0003 )
00000369: 12.4906   (Y': 12.2476   Cb: 12.2644   Cr: 13.9392 )
00000370: 12.4786   (Y': 12.2155   Cb: 12.2973   Cr: 13.9807 )
00000371: 12.4979   (Y': 12.259    Cb: 12.3036   Cr: 13.8758 )
00000372: 12.4844   (Y': 12.2169   Cb: 12.3319   Cr: 13.9711 )
00000373: 12.5027   (Y': 12.2508   Cb: 12.2994   Cr: 13.9706 )
00000374: 12.4869   (Y': 12.2327   Cb: 12.2983   Cr: 13.9464 )
00000375: 12.4845   (Y': 12.2334   Cb: 12.3122   Cr: 13.9025 )
00000376: 12.522    (Y': 12.2568   Cb: 12.3393   Cr: 14.039  )
00000377: 12.5236   (Y': 12.287    Cb: 12.2958   Cr: 13.937  )
00000378: 12.5181   (Y': 12.2645   Cb: 12.3551   Cr: 13.9375 )
00000379: 12.4606   (Y': 12.2073   Cb: 12.2896   Cr: 13.8894 )
00000380: 12.5186   (Y': 12.2488   Cb: 12.3892   Cr: 13.9851 )
00000381: 12.502    (Y': 12.2484   Cb: 12.3408   Cr: 13.9184 )
00000382: 12.5241   (Y': 12.2645   Cb: 12.369    Cr: 13.9677 )
00000383: 12.5205   (Y': 12.2567   Cb: 12.3849   Cr: 13.961  )
00000384: 12.5409   (Y': 12.3121   Cb: 12.2759   Cr: 13.963  )
00000385: 12.4824   (Y': 12.2265   Cb: 12.3019   Cr: 13.9402 )
00000386: 12.5367   (Y': 12.267    Cb: 12.3985   Cr: 14.0152 )
00000387: 12.5696   (Y': 12.347    Cb: 12.327    Cr: 13.9236 )
00000389: 12.5648   (Y': 12.3316   Cb: 12.328    Cr: 13.9718 )
00000390: 12.5257   (Y': 12.2735   Cb: 12.354    Cr: 13.9493 )
00000388: 12.5746   (Y': 12.355    Cb: 12.3014   Cr: 13.9551 )
00000391: 12.5471   (Y': 12.3027   Cb: 12.3736   Cr: 13.9273 )
00000392: 12.4819   (Y': 12.2105   Cb: 12.3429   Cr: 13.9723 )
00000393: 12.4885   (Y': 12.2392   Cb: 12.3046   Cr: 13.913  )
00000394: 12.4606   (Y': 12.1887   Cb: 12.3125   Cr: 13.967  )
00000395: 12.4473   (Y': 12.1711   Cb: 12.3257   Cr: 13.9407 )
00000396: 12.4525   (Y': 12.1833   Cb: 12.3404   Cr: 13.8908 )
00000397: 12.4509   (Y': 12.1815   Cb: 12.3171   Cr: 13.9214 )
00000398: 12.4541   (Y': 12.1733   Cb: 12.372    Cr: 13.9186 )
00000399: 12.4267   (Y': 12.1383   Cb: 12.3101   Cr: 13.9874 )
00000400: 12.4407   (Y': 12.1775   Cb: 12.2902   Cr: 13.8987 )
00000401: 12.4762   (Y': 12.207    Cb: 12.3497   Cr: 13.9353 )
00000402: 12.4784   (Y': 12.2103   Cb: 12.3361   Cr: 13.9542 )
00000403: 12.4582   (Y': 12.1935   Cb: 12.3178   Cr: 13.9111 )
00000404: 12.432    (Y': 12.1607   Cb: 12.3102   Cr: 13.8964 )
00000405: 12.4317   (Y': 12.1621   Cb: 12.2675   Cr: 13.9481 )
00000406: 12.4717   (Y': 12.2023   Cb: 12.3308   Cr: 13.9522 )
00000407: 12.4763   (Y': 12.1952   Cb: 12.3835   Cr: 13.9578 )
00000408: 12.4252   (Y': 12.1543   Cb: 12.2635   Cr: 13.9457 )
00000409: 12.4672   (Y': 12.1958   Cb: 12.355    Cr: 13.9186 )
00000410: 12.4738   (Y': 12.2102   Cb: 12.3161   Cr: 13.9451 )
00000411: 12.4655   (Y': 12.1859   Cb: 12.3758   Cr: 13.9345 )
00000412: 12.4946   (Y': 12.228    Cb: 12.336    Cr: 13.9846 )
00000413: 12.4659   (Y': 12.2089   Cb: 12.2956   Cr: 13.9161 )
00000414: 12.4817   (Y': 12.2003   Cb: 12.3726   Cr: 13.9889 )
00000415: 12.4684   (Y': 12.1899   Cb: 12.3361   Cr: 13.9916 )
00000416: 12.4575   (Y': 12.1603   Cb: 12.3931   Cr: 13.9959 )
00000417: 12.4657   (Y': 12.1855   Cb: 12.3763   Cr: 13.9368 )
00000418: 12.4869   (Y': 12.224    Cb: 12.3525   Cr: 13.9198 )
00000419: 12.4863   (Y': 12.2438   Cb: 12.3192   Cr: 13.8462 )
00000420: 12.3988   (Y': 12.1118   Cb: 12.2937   Cr: 13.9341 )
00000421: 12.4661   (Y': 12.2032   Cb: 12.3266   Cr: 13.9061 )
00000422: 12.4651   (Y': 12.1841   Cb: 12.3561   Cr: 13.9694 )
00000423: 12.4622   (Y': 12.2011   Cb: 12.2953   Cr: 13.9311 )
00000424: 12.4408   (Y': 12.1613   Cb: 12.3478   Cr: 13.9137 )
00000425: 12.4846   (Y': 12.2217   Cb: 12.3332   Cr: 13.9422 )
00000426: 12.4406   (Y': 12.1644   Cb: 12.3036   Cr: 13.9567 )
00000427: 12.4648   (Y': 12.1824   Cb: 12.3401   Cr: 14.0002 )
00000428: 12.4603   (Y': 12.1829   Cb: 12.3142   Cr: 13.9972 )
00000429: 12.4607   (Y': 12.1874   Cb: 12.3234   Cr: 13.9597 )
00000430: 12.4293   (Y': 12.1572   Cb: 12.2829   Cr: 13.9345 )
00000431: 12.4455   (Y': 12.1676   Cb: 12.3329   Cr: 13.9368 )
00000432: 12.4622   (Y': 12.1893   Cb: 12.3483   Cr: 13.9252 )
00000433: 12.4619   (Y': 12.1854   Cb: 12.341    Cr: 13.9567 )
00000434: 12.4834   (Y': 12.221    Cb: 12.3087   Cr: 13.9716 )
00000435: 12.4381   (Y': 12.1692   Cb: 12.2771   Cr: 13.945  )
00000436: 12.4227   (Y': 12.135    Cb: 12.3046   Cr: 13.9812 )
00000437: 12.4494   (Y': 12.1677   Cb: 12.3244   Cr: 13.9812 )
00000438: 12.4433   (Y': 12.1604   Cb: 12.3571   Cr: 13.9266 )
00000439: 12.4375   (Y': 12.1672   Cb: 12.2878   Cr: 13.9369 )
00000440: 12.4684   (Y': 12.1843   Cb: 12.3706   Cr: 13.9752 )
00000441: 12.4481   (Y': 12.1962   Cb: 12.2508   Cr: 13.9073 )
00000442: 12.4884   (Y': 12.2177   Cb: 12.3368   Cr: 13.9929 )
00000443: 12.4638   (Y': 12.1863   Cb: 12.3468   Cr: 13.9591 )
00000445: 12.441    (Y': 12.1678   Cb: 12.2692   Cr: 13.9902 )
00000446: 12.4559   (Y': 12.1741   Cb: 12.3388   Cr: 13.9769 )
00000444: 12.4656   (Y': 12.2031   Cb: 12.2937   Cr: 13.95   )
00000447: 12.4803   (Y': 12.219    Cb: 12.298    Cr: 13.9732 )
00000448: 12.4218   (Y': 12.1403   Cb: 12.3109   Cr: 13.932  )
00000449: 12.4356   (Y': 12.17     Cb: 12.2876   Cr: 13.9044 )
00000450: 12.4571   (Y': 12.2011   Cb: 12.2739   Cr: 13.9192 )
00000451: 12.4508   (Y': 12.1794   Cb: 12.3321   Cr: 13.9114 )
00000452: 12.4452   (Y': 12.1815   Cb: 12.2679   Cr: 13.9453 )
00000453: 12.4344   (Y': 12.1568   Cb: 12.3028   Cr: 13.9512 )
00000454: 12.4424   (Y': 12.1571   Cb: 12.3178   Cr: 13.9955 )
00000455: 12.438    (Y': 12.1707   Cb: 12.3073   Cr: 13.8918 )
00000456: 12.4383   (Y': 12.1728   Cb: 12.3103   Cr: 13.8777 )
00000457: 12.439    (Y': 12.158    Cb: 12.3076   Cr: 13.9763 )
00000458: 12.4536   (Y': 12.1839   Cb: 12.2905   Cr: 13.9692 )
00000459: 12.4171   (Y': 12.126    Cb: 12.3047   Cr: 13.988  )
00000460: 12.4862   (Y': 12.2206   Cb: 12.3095   Cr: 13.9963 )
00000461: 12.4833   (Y': 12.2207   Cb: 12.3433   Cr: 13.9226 )
00000462: 12.4836   (Y': 12.2295   Cb: 12.3051   Cr: 13.928  )
00000463: 12.4353   (Y': 12.1543   Cb: 12.3096   Cr: 13.964  )
00000464: 12.4241   (Y': 12.1388   Cb: 12.3297   Cr: 13.9333 )
00000465: 12.4731   (Y': 12.2028   Cb: 12.3107   Cr: 13.991  )
00000466: 12.4566   (Y': 12.1732   Cb: 12.3702   Cr: 13.9429 )
00000467: 12.4449   (Y': 12.1639   Cb: 12.3487   Cr: 13.9309 )
00000468: 12.4724   (Y': 12.1999   Cb: 12.3183   Cr: 13.9912 )
00000469: 12.4963   (Y': 12.2415   Cb: 12.3015   Cr: 13.9689 )
00000470: 12.6309   (Y': 12.4172   Cb: 12.3262   Cr: 14.0246 )
00000471: 12.7783   (Y': 12.5801   Cb: 12.4601   Cr: 14.1019 )
00000472: 12.7555   (Y': 12.5649   Cb: 12.4265   Cr: 14.0522 )
00000473: 12.8306   (Y': 12.6622   Cb: 12.4418   Cr: 14.0907 )
00000474: 12.8434   (Y': 12.6717   Cb: 12.5149   Cr: 14.0342 )
00000475: 12.5915   (Y': 12.3266   Cb: 12.4371   Cr: 14.0653 )
00000476: 12.6429   (Y': 12.3931   Cb: 12.4613   Cr: 14.0669 )
00000478: 12.7049   (Y': 12.4781   Cb: 12.4886   Cr: 14.0453 )
00000477: 12.6239   (Y': 12.3796   Cb: 12.393    Cr: 14.0874 )
00000479: 12.5278   (Y': 12.2404   Cb: 12.4274   Cr: 14.0586 )
00000480: 12.5572   (Y': 12.2961   Cb: 12.3624   Cr: 14.068  )
00000481: 12.564    (Y': 12.287    Cb: 12.4463   Cr: 14.0569 )
00000482: 12.7345   (Y': 12.5249   Cb: 12.4848   Cr: 14.0243 )
00000483: 12.6301   (Y': 12.383    Cb: 12.4465   Cr: 14.0408 )
00000484: 12.6166   (Y': 12.3706   Cb: 12.3831   Cr: 14.0943 )
00000485: 12.6054   (Y': 12.337    Cb: 12.4319   Cr: 14.128  )
00000486: 12.5856   (Y': 12.3276   Cb: 12.4126   Cr: 14.0452 )
00000487: 12.5728   (Y': 12.3026   Cb: 12.412    Cr: 14.0881 )
00000488: 12.6311   (Y': 12.3754   Cb: 12.4052   Cr: 14.1548 )
00000489: 12.5341   (Y': 12.2178   Cb: 12.4959   Cr: 14.1521 )
00000490: 12.4659   (Y': 12.1507   Cb: 12.4263   Cr: 14.0798 )
00000491: 12.4403   (Y': 12.1267   Cb: 12.3951   Cr: 14.0519 )
00000492: 12.4649   (Y': 12.1435   Cb: 12.4118   Cr: 14.1366 )
00000494: 12.5746   (Y': 12.3046   Cb: 12.4426   Cr: 14.0465 )
00000493: 12.5517   (Y': 12.2699   Cb: 12.4048   Cr: 14.1169 )
00000495: 12.6103   (Y': 12.3406   Cb: 12.3956   Cr: 14.2025 )
00000496: 12.4935   (Y': 12.1954   Cb: 12.3869   Cr: 14.0991 )
00000497: 12.5457   (Y': 12.2845   Cb: 12.3832   Cr: 14.0092 )
00000498: 12.5113   (Y': 12.221    Cb: 12.3961   Cr: 14.0811 )
00000499: 12.5645   (Y': 12.2899   Cb: 12.4023   Cr: 14.1078 )
00000500: 12.5076   (Y': 12.2241   Cb: 12.3499   Cr: 14.0996 )
00000501: 12.4812   (Y': 12.1736   Cb: 12.3667   Cr: 14.1579 )
00000502: 12.4607   (Y': 12.1552   Cb: 12.3447   Cr: 14.1269 )
00000503: 12.439    (Y': 12.1188   Cb: 12.3807   Cr: 14.1105 )
00000504: 12.4521   (Y': 12.1378   Cb: 12.3946   Cr: 14.0857 )
00000505: 12.4496   (Y': 12.1396   Cb: 12.3642   Cr: 14.0979 )
00000506: 12.4789   (Y': 12.1864   Cb: 12.3966   Cr: 14.0143 )
00000507: 12.4714   (Y': 12.17     Cb: 12.3821   Cr: 14.0715 )
00000508: 12.4714   (Y': 12.1859   Cb: 12.3638   Cr: 14.001  )
00000509: 12.4521   (Y': 12.1568   Cb: 12.3465   Cr: 14.0389 )
00000510: 12.4743   (Y': 12.1552   Cb: 12.4299   Cr: 14.1189 )
00000511: 12.4599   (Y': 12.1594   Cb: 12.3626   Cr: 14.066  )
00000512: 12.4712   (Y': 12.1663   Cb: 12.4269   Cr: 14.0277 )
00000513: 12.5192   (Y': 12.2085   Cb: 12.4659   Cr: 14.1244 )
00000514: 12.4892   (Y': 12.1964   Cb: 12.3853   Cr: 14.0577 )
00000515: 12.4856   (Y': 12.1801   Cb: 12.431    Cr: 14.0605 )
00000516: 12.4709   (Y': 12.1746   Cb: 12.3329   Cr: 14.1122 )
00000517: 12.4613   (Y': 12.1475   Cb: 12.3983   Cr: 14.1006 )
00000518: 12.4445   (Y': 12.1439   Cb: 12.3472   Cr: 14.0516 )
00000519: 12.4837   (Y': 12.1803   Cb: 12.3511   Cr: 14.161  )
00000520: 12.4584   (Y': 12.1618   Cb: 12.3415   Cr: 14.0698 )
00000521: 12.4096   (Y': 12.0856   Cb: 12.3679   Cr: 14.0812 )
00000522: 12.4719   (Y': 12.1588   Cb: 12.3799   Cr: 14.1502 )
00000523: 12.4545   (Y': 12.1456   Cb: 12.3711   Cr: 14.0931 )
00000524: 12.4241   (Y': 12.1104   Cb: 12.3548   Cr: 14.0721 )
00000526: 12.4448   (Y': 12.1377   Cb: 12.3751   Cr: 14.0519 )
00000527: 12.4891   (Y': 12.1982   Cb: 12.3849   Cr: 14.0465 )
00000525: 12.4693   (Y': 12.1592   Cb: 12.3853   Cr: 14.1163 )
00000528: 12.4915   (Y': 12.2089   Cb: 12.3429   Cr: 14.064  )
00000529: 12.4701   (Y': 12.1637   Cb: 12.3865   Cr: 14.0925 )
00000530: 12.4499   (Y': 12.1489   Cb: 12.3323   Cr: 14.0894 )
00000531: 12.4324   (Y': 12.1345   Cb: 12.2966   Cr: 14.0805 )
00000532: 12.4439   (Y': 12.1398   Cb: 12.3716   Cr: 14.0364 )
00000533: 12.469    (Y': 12.1688   Cb: 12.3815   Cr: 14.0591 )
00000535: 12.4476   (Y': 12.1499   Cb: 12.3424   Cr: 14.0486 )
00000534: 12.4524   (Y': 12.1449   Cb: 12.3584   Cr: 14.0981 )
00000536: 12.4499   (Y': 12.1357   Cb: 12.3948   Cr: 14.0789 )
00000537: 12.4646   (Y': 12.1529   Cb: 12.4377   Cr: 14.0381 )
00000538: 12.4585   (Y': 12.1546   Cb: 12.3449   Cr: 14.1103 )
00000539: 12.4155   (Y': 12.0992   Cb: 12.36     Cr: 14.0589 )
00000540: 12.4696   (Y': 12.1708   Cb: 12.3481   Cr: 14.1016 )
00000542: 12.4918   (Y': 12.2034   Cb: 12.3471   Cr: 14.0939 )
00000541: 12.4682   (Y': 12.1662   Cb: 12.389    Cr: 14.058  )
00000543: 12.4533   (Y': 12.1363   Cb: 12.4241   Cr: 14.0622 )
00000544: 12.4944   (Y': 12.1821   Cb: 12.4403   Cr: 14.111  )
00000545: 12.467    (Y': 12.1515   Cb: 12.4051   Cr: 14.1154 )
00000546: 12.4669   (Y': 12.1493   Cb: 12.4386   Cr: 14.0784 )
00000547: 12.4636   (Y': 12.1488   Cb: 12.4127   Cr: 14.0906 )
00000548: 12.501    (Y': 12.2002   Cb: 12.3884   Cr: 14.1327 )
00000549: 12.496    (Y': 12.2003   Cb: 12.3832   Cr: 14.0959 )
00000550: 12.4684   (Y': 12.1701   Cb: 12.3807   Cr: 14.0478 )
00000551: 12.4616   (Y': 12.1485   Cb: 12.38     Cr: 14.1234 )
00000552: 12.4922   (Y': 12.1859   Cb: 12.415    Cr: 14.1055 )
00000553: 12.4809   (Y': 12.1786   Cb: 12.378    Cr: 14.1072 )
00000554: 12.4548   (Y': 12.1518   Cb: 12.3528   Cr: 14.084  )
00000555: 12.4269   (Y': 12.1208   Cb: 12.3355   Cr: 14.0597 )
00000556: 12.4447   (Y': 12.1232   Cb: 12.4324   Cr: 14.0575 )
00000557: 12.4715   (Y': 12.1759   Cb: 12.3657   Cr: 14.0602 )
00000558: 12.4453   (Y': 12.1182   Cb: 12.3945   Cr: 14.1497 )
00000559: 12.4928   (Y': 12.195    Cb: 12.41     Cr: 14.0612 )
00000560: 12.4255   (Y': 12.1194   Cb: 12.3208   Cr: 14.0781 )
00000561: 12.4796   (Y': 12.1959   Cb: 12.3733   Cr: 13.9964 )
00000562: 12.4569   (Y': 12.1474   Cb: 12.3903   Cr: 14.0742 )
00000563: 12.4629   (Y': 12.1518   Cb: 12.4008   Cr: 14.084  )
00000564: 12.4532   (Y': 12.167    Cb: 12.2753   Cr: 14.0915 )
00000565: 12.5223   (Y': 12.2392   Cb: 12.3454   Cr: 14.1403 )
00000566: 12.5261   (Y': 12.2417   Cb: 12.3949   Cr: 14.0831 )
00000567: 12.4683   (Y': 12.1512   Cb: 12.4445   Cr: 14.071  )
00000568: 12.4847   (Y': 12.1943   Cb: 12.3504   Cr: 14.0837 )
00000569: 12.5312   (Y': 12.2712   Cb: 12.3397   Cr: 14.0306 )
00000570: 12.553    (Y': 12.2672   Cb: 12.3906   Cr: 14.1663 )
00000571: 12.5087   (Y': 12.2332   Cb: 12.3376   Cr: 14.0706 )
00000572: 12.556    (Y': 12.292    Cb: 12.3844   Cr: 14.0497 )
00000573: 12.4851   (Y': 12.1962   Cb: 12.3589   Cr: 14.0635 )
00000574: 12.5625   (Y': 12.2988   Cb: 12.3511   Cr: 14.113  )
00000575: 12.5316   (Y': 12.2377   Cb: 12.4388   Cr: 14.0906 )
00000576: 12.417    (Y': 12.1083   Cb: 12.3195   Cr: 14.0754 )
00000577: 12.4518   (Y': 12.1587   Cb: 12.3476   Cr: 14.0233 )
00000578: 12.4483   (Y': 12.1603   Cb: 12.3235   Cr: 14.0184 )
00000579: 12.4679   (Y': 12.1612   Cb: 12.3978   Cr: 14.0723 )
00000580: 12.4426   (Y': 12.1518   Cb: 12.3111   Cr: 14.0398 )
00000581: 12.4662   (Y': 12.1899   Cb: 12.3239   Cr: 13.9909 )
00000582: 12.4344   (Y': 12.1202   Cb: 12.3507   Cr: 14.1064 )
00000583: 12.4725   (Y': 12.162    Cb: 12.3948   Cr: 14.1119 )
00000584: 12.4648   (Y': 12.1796   Cb: 12.3157   Cr: 14.0541 )
00000585: 12.451    (Y': 12.1327   Cb: 12.3869   Cr: 14.1196 )
00000586: 12.4628   (Y': 12.1442   Cb: 12.3908   Cr: 14.146  )
00000587: 12.4366   (Y': 12.1349   Cb: 12.4031   Cr: 13.958  )
00000588: 12.4375   (Y': 12.1326   Cb: 12.3675   Cr: 14.0315 )
00000589: 12.4318   (Y': 12.1385   Cb: 12.331    Cr: 13.999  )
00000590: 12.4857   (Y': 12.1996   Cb: 12.3467   Cr: 14.0655 )
00000591: 12.5118   (Y': 12.2381   Cb: 12.3435   Cr: 14.0589 )
00000592: 12.484    (Y': 12.1906   Cb: 12.3765   Cr: 14.0619 )
00000593: 12.5033   (Y': 12.2059   Cb: 12.406    Cr: 14.091  )
00000594: 12.4353   (Y': 12.1256   Cb: 12.3444   Cr: 14.0902 )
00000595: 12.4381   (Y': 12.1262   Cb: 12.3316   Cr: 14.1301 )
00000596: 12.5157   (Y': 12.2242   Cb: 12.3632   Cr: 14.1495 )
00000597: 12.5106   (Y': 12.2315   Cb: 12.3663   Cr: 14.0555 )
00000598: 12.4926   (Y': 12.211    Cb: 12.375    Cr: 14.0128 )
00000599: 12.4481   (Y': 12.1711   Cb: 12.2893   Cr: 14.001  )
00000601: 12.4698   (Y': 12.1716   Cb: 12.3679   Cr: 14.0689 )
00000600: 12.541    (Y': 12.2547   Cb: 12.4174   Cr: 14.0991 )
00000602: 12.471    (Y': 12.1871   Cb: 12.2907   Cr: 14.0993 )
00000603: 12.4752   (Y': 12.184    Cb: 12.38     Cr: 14.021  )
00000604: 12.4781   (Y': 12.2004   Cb: 12.3226   Cr: 14.0304 )
00000605: 12.4905   (Y': 12.1927   Cb: 12.3908   Cr: 14.0842 )
00000606: 12.4718   (Y': 12.1909   Cb: 12.3533   Cr: 13.9897 )
00000607: 12.4377   (Y': 12.1435   Cb: 12.3375   Cr: 14.0094 )
00000609: 12.4827   (Y': 12.1982   Cb: 12.3652   Cr: 14.0211 )
00000608: 12.4895   (Y': 12.208    Cb: 12.3689   Cr: 14.0139 )
00000610: 12.4569   (Y': 12.1657   Cb: 12.3569   Cr: 14.01   )
00000611: 12.4409   (Y': 12.14     Cb: 12.3636   Cr: 14.0204 )
00000612: 12.4235   (Y': 12.1453   Cb: 12.2635   Cr: 13.9857 )
00000613: 12.4713   (Y': 12.1876   Cb: 12.321    Cr: 14.0524 )
00000614: 12.5238   (Y': 12.2602   Cb: 12.3351   Cr: 14.0397 )
00000615: 12.4607   (Y': 12.1719   Cb: 12.3317   Cr: 14.0422 )
00000616: 12.4253   (Y': 12.1398   Cb: 12.3349   Cr: 13.9304 )
00000617: 12.4338   (Y': 12.1424   Cb: 12.3242   Cr: 14.0027 )
00000618: 12.4545   (Y': 12.1623   Cb: 12.3685   Cr: 13.9933 )
00000619: 12.492    (Y': 12.2247   Cb: 12.3508   Cr: 13.9612 )
00000620: 12.4044   (Y': 12.1184   Cb: 12.2788   Cr: 13.9632 )
00000621: 12.4621   (Y': 12.1601   Cb: 12.3882   Cr: 14.0434 )
00000622: 12.4721   (Y': 12.1873   Cb: 12.3568   Cr: 14.0084 )
00000623: 12.4782   (Y': 12.1877   Cb: 12.3778   Cr: 14.0283 )
00000625: 12.4426   (Y': 12.157    Cb: 12.2911   Cr: 14.0375 )
00000624: 12.4583   (Y': 12.1623   Cb: 12.3665   Cr: 14.029  )
00000626: 12.4757   (Y': 12.211    Cb: 12.3266   Cr: 13.9405 )
00000627: 12.4699   (Y': 12.1543   Cb: 12.4322   Cr: 14.0828 )
00000628: 12.4558   (Y': 12.1622   Cb: 12.3441   Cr: 14.0413 )
00000629: 12.453    (Y': 12.1595   Cb: 12.3428   Cr: 14.0349 )
00000630: 12.4409   (Y': 12.1405   Cb: 12.347    Cr: 14.0416 )
00000631: 12.4557   (Y': 12.164    Cb: 12.3235   Cr: 14.0596 )
00000632: 12.4704   (Y': 12.1939   Cb: 12.3013   Cr: 14.0359 )
00000633: 12.4516   (Y': 12.1553   Cb: 12.3362   Cr: 14.0595 )
00000634: 12.4477   (Y': 12.1516   Cb: 12.3661   Cr: 14.0041 )
00000635: 12.5134   (Y': 12.2369   Cb: 12.3568   Cr: 14.0605 )
00000636: 12.445    (Y': 12.1316   Cb: 12.4093   Cr: 14.041  )
00000637: 12.471    (Y': 12.1695   Cb: 12.3833   Cr: 14.07   )
00000638: 12.472    (Y': 12.181    Cb: 12.3569   Cr: 14.0466 )
00000639: 12.4692   (Y': 12.1872   Cb: 12.323    Cr: 14.034  )
00000641: 12.48     (Y': 12.1821   Cb: 12.4039   Cr: 14.0394 )
00000640: 12.4359   (Y': 12.147    Cb: 12.3611   Cr: 13.9385 )
00000642: 12.4499   (Y': 12.1452   Cb: 12.3672   Cr: 14.0614 )
00000643: 12.4406   (Y': 12.1353   Cb: 12.3442   Cr: 14.0754 )
00000644: 12.436    (Y': 12.1389   Cb: 12.301    Cr: 14.0777 )
00000645: 12.4515   (Y': 12.1822   Cb: 12.2695   Cr: 13.9916 )
00000646: 12.4515   (Y': 12.1604   Cb: 12.334    Cr: 14.0299 )
00000647: 12.4531   (Y': 12.1618   Cb: 12.3576   Cr: 14.0005 )
00000648: 12.4823   (Y': 12.185    Cb: 12.3974   Cr: 14.0513 )
00000649: 12.4674   (Y': 12.1667   Cb: 12.3612   Cr: 14.0885 )
00000650: 12.4912   (Y': 12.1899   Cb: 12.423    Cr: 14.0605 )
00000651: 12.4555   (Y': 12.16     Cb: 12.3479   Cr: 14.0461 )
00000652: 12.4626   (Y': 12.1697   Cb: 12.3603   Cr: 14.0297 )
00000653: 12.4691   (Y': 12.1628   Cb: 12.3792   Cr: 14.101  )
00000654: 12.441    (Y': 12.159    Cb: 12.3232   Cr: 13.9647 )
00000655: 12.4564   (Y': 12.1708   Cb: 12.3418   Cr: 13.9973 )
00000656: 12.4802   (Y': 12.2135   Cb: 12.3053   Cr: 13.9945 )
00000657: 12.4771   (Y': 12.1733   Cb: 12.4195   Cr: 14.0455 )
00000658: 12.4633   (Y': 12.1798   Cb: 12.3139   Cr: 14.0423 )
00000659: 12.4583   (Y': 12.1689   Cb: 12.3352   Cr: 14.0345 )
00000660: 12.4461   (Y': 12.1563   Cb: 12.3488   Cr: 13.987  )
00000661: 12.4133   (Y': 12.1194   Cb: 12.3131   Cr: 13.9838 )
00000662: 12.428    (Y': 12.1282   Cb: 12.3545   Cr: 13.9958 )
00000663: 12.4312   (Y': 12.1378   Cb: 12.3075   Cr: 14.0332 )
00000665: 12.4446   (Y': 12.116    Cb: 12.4217   Cr: 14.1175 )
00000664: 12.4665   (Y': 12.1701   Cb: 12.3743   Cr: 14.0404 )
00000666: 12.4643   (Y': 12.1678   Cb: 12.3219   Cr: 14.1133 )
00000667: 12.4488   (Y': 12.1405   Cb: 12.3557   Cr: 14.098  )
00000668: 12.4103   (Y': 12.1078   Cb: 12.337    Cr: 13.9938 )
00000669: 12.4438   (Y': 12.1388   Cb: 12.3994   Cr: 14.0011 )
00000670: 12.4156   (Y': 12.1227   Cb: 12.2638   Cr: 14.0563 )
00000671: 12.4739   (Y': 12.1809   Cb: 12.3424   Cr: 14.0853 )
00000672: 12.4826   (Y': 12.2042   Cb: 12.371    Cr: 13.9748 )
00000673: 12.511    (Y': 12.2404   Cb: 12.3574   Cr: 14.0179 )
00000674: 12.5775   (Y': 12.3027   Cb: 12.4278   Cr: 14.1038 )
00000675: 12.4732   (Y': 12.1914   Cb: 12.3235   Cr: 14.0426 )
00000676: 12.4682   (Y': 12.1668   Cb: 12.3762   Cr: 14.0726 )
00000677: 12.4599   (Y': 12.1749   Cb: 12.3411   Cr: 14.0033 )
00000678: 12.4271   (Y': 12.1146   Cb: 12.3683   Cr: 14.0509 )
00000679: 12.4663   (Y': 12.1594   Cb: 12.4212   Cr: 14.0363 )
00000680: 12.4437   (Y': 12.1441   Cb: 12.3674   Cr: 14.0144 )
00000681: 12.4516   (Y': 12.15     Cb: 12.3694   Cr: 14.0425 )
00000682: 12.5385   (Y': 12.2636   Cb: 12.3809   Cr: 14.0772 )
00000683: 12.4654   (Y': 12.1683   Cb: 12.348    Cr: 14.0809 )
00000684: 12.4448   (Y': 12.1495   Cb: 12.3223   Cr: 14.0572 )
00000685: 12.4616   (Y': 12.1461   Cb: 12.4006   Cr: 14.1083 )
00000686: 12.5133   (Y': 12.2224   Cb: 12.3859   Cr: 14.1052 )
00000687: 12.3833   (Y': 12.0594   Cb: 12.3681   Cr: 14.0148 )
00000689: 12.4512   (Y': 12.145    Cb: 12.3714   Cr: 14.0671 )
00000688: 12.4598   (Y': 12.1403   Cb: 12.4294   Cr: 14.0858 )
00000690: 12.4215   (Y': 12.123    Cb: 12.3377   Cr: 13.9959 )
00000691: 12.4193   (Y': 12.1257   Cb: 12.3066   Cr: 14.0056 )
00000692: 12.4794   (Y': 12.1784   Cb: 12.3713   Cr: 14.1047 )
00000693: 12.4492   (Y': 12.1487   Cb: 12.3559   Cr: 14.0497 )
00000694: 12.4602   (Y': 12.1598   Cb: 12.3763   Cr: 14.0468 )
00000695: 12.4763   (Y': 12.2004   Cb: 12.3127   Cr: 14.03   )
00000697: 12.4487   (Y': 12.1506   Cb: 12.3665   Cr: 14.0177 )
00000696: 12.4096   (Y': 12.1091   Cb: 12.3513   Cr: 13.9594 )
00000698: 12.4765   (Y': 12.1753   Cb: 12.3879   Cr: 14.0746 )
00000699: 12.4821   (Y': 12.1959   Cb: 12.3824   Cr: 14.0045 )
00000700: 12.4507   (Y': 12.164    Cb: 12.3329   Cr: 14.0024 )
00000701: 12.3985   (Y': 12.0819   Cb: 12.3809   Cr: 13.988  )
00000702: 12.4313   (Y': 12.1347   Cb: 12.3424   Cr: 14.0016 )
00000703: 12.4393   (Y': 12.1435   Cb: 12.3362   Cr: 14.0255 )
00000704: 12.4523   (Y': 12.1573   Cb: 12.358    Cr: 14.0205 )
00000705: 12.4348   (Y': 12.1435   Cb: 12.329    Cr: 13.9975 )
00000706: 12.4462   (Y': 12.15     Cb: 12.3887   Cr: 13.9686 )
00000707: 12.467    (Y': 12.185    Cb: 12.3511   Cr: 13.9877 )
00000708: 12.5663   (Y': 12.3138   Cb: 12.3729   Cr: 14.0228 )
00000709: 12.7519   (Y': 12.542    Cb: 12.4506   Cr: 14.1181 )
00000710: 12.9618   (Y': 12.7891   Cb: 12.4966   Cr: 14.3605 )
00000711: 12.9939   (Y': 12.8237   Cb: 12.5593   Cr: 14.3317 )
00000712: 12.8051   (Y': 12.6028   Cb: 12.4122   Cr: 14.2641 )
00000713: 12.8958   (Y': 12.7228   Cb: 12.451    Cr: 14.2648 )
00000714: 12.6588   (Y': 12.4447   Cb: 12.2946   Cr: 14.144  )
00000715: 13.0398   (Y': 12.8757   Cb: 12.5796   Cr: 14.3814 )
00000716: 12.9941   (Y': 12.8279   Cb: 12.5435   Cr: 14.3333 )
00000717: 13.0794   (Y': 12.9449   Cb: 12.5314   Cr: 14.3885 )
00000718: 13.1574   (Y': 13.0709   Cb: 12.5208   Cr: 14.3397 )
00000719: 13.1076   (Y': 12.9838   Cb: 12.4951   Cr: 14.4569 )
00000720: 13.2496   (Y': 13.1997   Cb: 12.5148   Cr: 14.3879 )
00000721: 13.1562   (Y': 13.0734   Cb: 12.4953   Cr: 14.3563 )
00000722: 13.1647   (Y': 13.0941   Cb: 12.4625   Cr: 14.3628 )
00000723: 13.0328   (Y': 12.9124   Cb: 12.4425   Cr: 14.3291 )
00000724: 12.819    (Y': 12.6476   Cb: 12.346    Cr: 14.2225 )
00000725: 12.9932   (Y': 12.8823   Cb: 12.4192   Cr: 14.2128 )
00000726: 12.8737   (Y': 12.7414   Cb: 12.3299   Cr: 14.1647 )
00000727: 12.9154   (Y': 12.7742   Cb: 12.3939   Cr: 14.2216 )
00000728: 12.8927   (Y': 12.7198   Cb: 12.4348   Cr: 14.2812 )
00000729: 12.967    (Y': 12.8063   Cb: 12.4841   Cr: 14.3246 )
00000730: 12.9143   (Y': 12.7699   Cb: 12.4473   Cr: 14.1564 )
00000731: 12.7365   (Y': 12.5538   Cb: 12.3707   Cr: 14.0431 )
00000732: 12.7187   (Y': 12.5393   Cb: 12.3229   Cr: 14.0511 )
00000733: 12.7765   (Y': 12.5973   Cb: 12.4055   Cr: 14.0703 )
00000734: 12.7232   (Y': 12.5313   Cb: 12.3912   Cr: 14.0318 )
00000735: 12.6082   (Y': 12.3737   Cb: 12.3795   Cr: 14.0108 )
00000736: 12.639    (Y': 12.4068   Cb: 12.3986   Cr: 14.0452 )
00000737: 12.7395   (Y': 12.4802   Cb: 12.4381   Cr: 14.4018 )
00000738: 12.6384   (Y': 12.4272   Cb: 12.3031   Cr: 14.0623 )
00000739: 12.8236   (Y': 12.6571   Cb: 12.4263   Cr: 14.0856 )
00000740: 12.5325   (Y': 12.2672   Cb: 12.3853   Cr: 13.9984 )
00000741: 12.6971   (Y': 12.4707   Cb: 12.4329   Cr: 14.1039 )
00000742: 12.525    (Y': 12.251    Cb: 12.3671   Cr: 14.0582 )
00000743: 12.545    (Y': 12.2931   Cb: 12.3593   Cr: 13.9875 )
00000744: 12.6149   (Y': 12.3649   Cb: 12.4097   Cr: 14.0744 )
00000745: 12.682    (Y': 12.4579   Cb: 12.3968   Cr: 14.1069 )
00000746: 12.6378   (Y': 12.4231   Cb: 12.3371   Cr: 14.0304 )
00000747: 12.4673   (Y': 12.1988   Cb: 12.3504   Cr: 13.9083 )
00000748: 12.5833   (Y': 12.3449   Cb: 12.3711   Cr: 13.9845 )
00000749: 12.5955   (Y': 12.3499   Cb: 12.3914   Cr: 14.027  )
00000750: 12.656    (Y': 12.4213   Cb: 12.4097   Cr: 14.0855 )
00000751: 12.7505   (Y': 12.541    Cb: 12.4285   Cr: 14.1455 )
00000752: 12.6599   (Y': 12.4096   Cb: 12.4216   Cr: 14.1705 )
00000753: 12.671    (Y': 12.4395   Cb: 12.3985   Cr: 14.1199 )
00000754: 12.5816   (Y': 12.3352   Cb: 12.3561   Cr: 14.0499 )
00000755: 12.5434   (Y': 12.2723   Cb: 12.3879   Cr: 14.0559 )
00000756: 12.4699   (Y': 12.1664   Cb: 12.3741   Cr: 14.0931 )
00000757: 12.7007   (Y': 12.4986   Cb: 12.3985   Cr: 14.0242 )
00000758: 12.6775   (Y': 12.4417   Cb: 12.4361   Cr: 14.106  )
00000759: 12.6272   (Y': 12.4022   Cb: 12.3849   Cr: 13.9941 )
00000760: 12.5186   (Y': 12.2554   Cb: 12.3318   Cr: 14.0302 )
00000761: 12.5059   (Y': 12.2457   Cb: 12.3387   Cr: 13.9702 )
00000762: 12.4543   (Y': 12.1752   Cb: 12.3165   Cr: 13.9898 )
00000763: 12.4956   (Y': 12.2334   Cb: 12.3222   Cr: 13.9807 )
00000764: 12.4582   (Y': 12.1717   Cb: 12.3198   Cr: 14.0394 )
00000765: 12.4466   (Y': 12.1496   Cb: 12.3477   Cr: 14.0336 )
00000766: 12.4441   (Y': 12.1572   Cb: 12.3038   Cr: 14.0306 )
00000767: 12.4354   (Y': 12.1368   Cb: 12.3364   Cr: 14.0327 )
00000768: 12.4484   (Y': 12.1511   Cb: 12.3736   Cr: 14.0021 )
00000769: 12.4262   (Y': 12.1371   Cb: 12.3447   Cr: 13.9402 )
00000770: 12.4821   (Y': 12.1924   Cb: 12.3871   Cr: 14.0185 )
00000771: 12.5665   (Y': 12.3166   Cb: 12.3924   Cr: 13.9804 )
00000772: 12.8208   (Y': 12.6459   Cb: 12.4269   Cr: 14.1247 )
00000773: 12.7325   (Y': 12.5149   Cb: 12.4213   Cr: 14.1574 )
00000774: 12.7935   (Y': 12.5606   Cb: 12.5329   Cr: 14.2338 )
00000775: 12.6813   (Y': 12.4475   Cb: 12.462    Cr: 14.0658 )
00000776: 12.6472   (Y': 12.4018   Cb: 12.3916   Cr: 14.1541 )
00000777: 12.7801   (Y': 12.5705   Cb: 12.4697   Cr: 14.158  )
00000778: 12.776    (Y': 12.5529   Cb: 12.4642   Cr: 14.2346 )
00000779: 12.7284   (Y': 12.4789   Cb: 12.4937   Cr: 14.2285 )
00000780: 12.8741   (Y': 12.6584   Cb: 12.5299   Cr: 14.3385 )
00000781: 12.9582   (Y': 12.7518   Cb: 12.5779   Cr: 14.4226 )
00000782: 12.879    (Y': 12.6835   Cb: 12.5009   Cr: 14.2769 )
00000783: 12.9162   (Y': 12.7173   Cb: 12.5425   Cr: 14.3271 )
00000784: 12.7779   (Y': 12.5205   Cb: 12.5719   Cr: 14.2826 )
00000785: 12.5675   (Y': 12.2776   Cb: 12.3682   Cr: 14.2616 )
00000786: 12.6761   (Y': 12.3963   Cb: 12.4428   Cr: 14.3601 )
00000787: 12.932    (Y': 12.7163   Cb: 12.5198   Cr: 14.5014 )
00000788: 12.9814   (Y': 12.7705   Cb: 12.6261   Cr: 14.4343 )
00000789: 13.1494   (Y': 12.9986   Cb: 12.6238   Cr: 14.5159 )
00000790: 13.1382   (Y': 12.9838   Cb: 12.6431   Cr: 14.4786 )
00000791: 13.1103   (Y': 12.9281   Cb: 12.6809   Cr: 14.5087 )
00000792: 13.0985   (Y': 12.8915   Cb: 12.7227   Cr: 14.5591 )
00000793: 12.9998   (Y': 12.7719   Cb: 12.6685   Cr: 14.5166 )
00000794: 13.1169   (Y': 12.9716   Cb: 12.6139   Cr: 14.4181 )
00000795: 12.8982   (Y': 12.6697   Cb: 12.6369   Cr: 14.3133 )
00000796: 13.1149   (Y': 13.0047   Cb: 12.6222   Cr: 14.2107 )
00000797: 13.2956   (Y': 13.2537   Cb: 12.6391   Cr: 14.2758 )
00000798: 13.2979   (Y': 13.2388   Cb: 12.6908   Cr: 14.2931 )
00000799: 13.2147   (Y': 13.1541   Cb: 12.6669   Cr: 14.1329 )
00000800: 13.072    (Y': 12.9705   Cb: 12.5782   Cr: 14.1233 )
00000801: 13.0913   (Y': 13.0414   Cb: 12.5022   Cr: 14.0145 )
00000802: 13.1477   (Y': 13.1171   Cb: 12.453    Cr: 14.1263 )
00000803: 13.1927   (Y': 13.1116   Cb: 12.6281   Cr: 14.2402 )
00000804: 13.0745   (Y': 12.9811   Cb: 12.4932   Cr: 14.2108 )
00000805: 12.8043   (Y': 12.5741   Cb: 12.5414   Cr: 14.2315 )
00000806: 12.7309   (Y': 12.4929   Cb: 12.4908   Cr: 14.1701 )
00000807: 12.9169   (Y': 12.725    Cb: 12.5336   Cr: 14.3014 )
00000808: 12.8878   (Y': 12.6935   Cb: 12.5039   Cr: 14.2872 )
00000809: 12.682    (Y': 12.4402   Cb: 12.4114   Cr: 14.1895 )
00000811: 12.5952   (Y': 12.3108   Cb: 12.415    Cr: 14.2263 )
00000810: 12.5371   (Y': 12.2335   Cb: 12.3956   Cr: 14.2296 )
00000812: 12.5888   (Y': 12.2988   Cb: 12.4318   Cr: 14.2195 )
00000813: 12.6958   (Y': 12.4567   Cb: 12.4329   Cr: 14.1759 )
00000814: 12.5839   (Y': 12.3181   Cb: 12.3928   Cr: 14.1173 )
00000815: 12.9061   (Y': 12.7376   Cb: 12.4507   Cr: 14.2658 )
00000816: 12.9001   (Y': 12.7286   Cb: 12.5031   Cr: 14.1895 )
00000817: 12.6126   (Y': 12.3669   Cb: 12.3722   Cr: 14.0986 )
00000818: 12.5078   (Y': 12.2418   Cb: 12.2915   Cr: 14.0794 )
00000819: 12.5093   (Y': 12.2384   Cb: 12.3748   Cr: 13.9899 )
00000820: 12.5265   (Y': 12.2693   Cb: 12.3804   Cr: 13.9431 )
00000821: 12.4661   (Y': 12.1976   Cb: 12.3239   Cr: 13.9444 )
00000822: 12.4428   (Y': 12.1906   Cb: 12.244    Cr: 13.9055 )
00000823: 12.4922   (Y': 12.2485   Cb: 12.2719   Cr: 13.9368 )
00000824: 12.5156   (Y': 12.2267   Cb: 12.3893   Cr: 14.0938 )
00000825: 12.4802   (Y': 12.1987   Cb: 12.3662   Cr: 13.9955 )
00000826: 12.5092   (Y': 12.2484   Cb: 12.3234   Cr: 14.0043 )
00000827: 12.495    (Y': 12.2166   Cb: 12.3758   Cr: 13.998  )
00000828: 12.4149   (Y': 12.1221   Cb: 12.3193   Cr: 13.9716 )
00000829: 12.4066   (Y': 12.1118   Cb: 12.3079   Cr: 13.98   )
00000830: 12.4303   (Y': 12.1417   Cb: 12.3088   Cr: 13.9993 )
00000831: 12.4144   (Y': 12.1088   Cb: 12.3408   Cr: 14.0176 )
00000832: 12.3833   (Y': 12.0981   Cb: 12.2873   Cr: 13.8945 )
00000833: 12.3787   (Y': 12.0775   Cb: 12.3084   Cr: 13.9505 )
00000834: 12.3681   (Y': 12.0571   Cb: 12.3477   Cr: 13.9271 )
00000835: 12.33     (Y': 12.0246   Cb: 12.2637   Cr: 13.9208 )
00000836: 12.3407   (Y': 12.0462   Cb: 12.25     Cr: 13.9004 )
00000837: 12.3516   (Y': 12.0539   Cb: 12.3123   Cr: 13.8564 )
00000838: 12.3813   (Y': 12.0952   Cb: 12.279    Cr: 13.9071 )
00000839: 12.4071   (Y': 12.1284   Cb: 12.2972   Cr: 13.8993 )
00000840: 12.3908   (Y': 12.0943   Cb: 12.3378   Cr: 13.9086 )
00000841: 12.3695   (Y': 12.0793   Cb: 12.2874   Cr: 13.8909 )
00000842: 12.3722   (Y': 12.0639   Cb: 12.3288   Cr: 13.9482 )
00000843: 12.3753   (Y': 12.0824   Cb: 12.2994   Cr: 13.9035 )
00000844: 12.358    (Y': 12.0472   Cb: 12.3023   Cr: 13.9678 )
00000845: 12.3754   (Y': 12.0705   Cb: 12.3067   Cr: 13.9677 )
00000846: 12.4069   (Y': 12.1166   Cb: 12.3367   Cr: 13.9113 )
00000847: 12.4202   (Y': 12.1229   Cb: 12.3438   Cr: 13.9765 )
00000848: 12.3833   (Y': 12.0864   Cb: 12.3083   Cr: 13.9349 )
00000849: 12.3907   (Y': 12.0943   Cb: 12.2712   Cr: 14.005  )
00000850: 12.3989   (Y': 12.1144   Cb: 12.3029   Cr: 13.9059 )
00000851: 12.431    (Y': 12.1458   Cb: 12.3396   Cr: 13.9361 )
00000852: 12.4648   (Y': 12.1928   Cb: 12.3381   Cr: 13.9407 )
00000853: 12.3881   (Y': 12.1101   Cb: 12.3027   Cr: 13.8406 )
00000854: 12.3812   (Y': 12.0853   Cb: 12.2789   Cr: 13.9669 )
00000855: 12.4189   (Y': 12.1425   Cb: 12.3039   Cr: 13.9039 )
00000856: 12.4216   (Y': 12.1333   Cb: 12.3064   Cr: 13.9795 )
00000857: 12.3856   (Y': 12.0866   Cb: 12.3096   Cr: 13.9513 )
00000858: 12.4445   (Y': 12.1719   Cb: 12.3375   Cr: 13.8958 )
00000859: 12.3904   (Y': 12.0992   Cb: 12.2989   Cr: 13.9314 )
00000860: 12.417    (Y': 12.1313   Cb: 12.2987   Cr: 13.9635 )
00000861: 12.4687   (Y': 12.196    Cb: 12.3448   Cr: 13.9452 )
00000862: 12.3919   (Y': 12.0995   Cb: 12.3099   Cr: 13.9266 )
00000863: 12.3992   (Y': 12.104    Cb: 12.3337   Cr: 13.9271 )
00000864: 12.492    (Y': 12.2203   Cb: 12.3542   Cr: 13.9821 )
00000865: 12.5717   (Y': 12.317    Cb: 12.3994   Cr: 14.0113 )
00000866: 12.615    (Y': 12.3919   Cb: 12.3695   Cr: 13.976  )
00000867: 12.4899   (Y': 12.2357   Cb: 12.264    Cr: 14.0051 )
00000868: 12.4226   (Y': 12.1795   Cb: 12.2733   Cr: 13.7612 )
00000869: 12.3923   (Y': 12.1303   Cb: 12.2551   Cr: 13.8242 )
00000870: 12.3983   (Y': 12.1555   Cb: 12.2232   Cr: 13.7722 )
00000871: 12.2996   (Y': 12.0362   Cb: 12.1751   Cr: 13.722  )
00000872: 12.2784   (Y': 12.0016   Cb: 12.2035   Cr: 13.7088 )
00000873: 12.2651   (Y': 11.998    Cb: 12.1549   Cr: 13.688  )
00000874: 12.2793   (Y': 12.0184   Cb: 12.1709   Cr: 13.664  )
00000875: 12.2362   (Y': 11.9654   Cb: 12.1737   Cr: 13.6138 )
00000876: 12.2988   (Y': 12.0358   Cb: 12.1886   Cr: 13.6978 )
00000877: 12.2858   (Y': 12.0297   Cb: 12.1643   Cr: 13.6603 )
00000878: 12.3093   (Y': 12.0536   Cb: 12.1779   Cr: 13.6954 )
00000879: 12.2788   (Y': 11.9977   Cb: 12.2221   Cr: 13.7093 )
00000880: 12.2758   (Y': 11.9912   Cb: 12.1998   Cr: 13.7548 )
00000881: 12.2406   (Y': 11.9579   Cb: 12.1738   Cr: 13.6943 )
00000882: 12.2488   (Y': 11.9621   Cb: 12.1909   Cr: 13.7139 )
00000883: 12.2742   (Y': 11.9906   Cb: 12.1833   Cr: 13.7684 )
00000884: 12.2818   (Y': 12.0152   Cb: 12.1482   Cr: 13.7358 )
00000885: 12.2815   (Y': 12.0241   Cb: 12.1595   Cr: 13.6643 )
00000886: 12.305    (Y': 12.026    Cb: 12.2334   Cr: 13.7437 )
00000887: 12.3433   (Y': 12.0802   Cb: 12.233    Cr: 13.7427 )
00000888: 12.3674   (Y': 12.0955   Cb: 12.2472   Cr: 13.8334 )
00000889: 12.3762   (Y': 12.0939   Cb: 12.2769   Cr: 13.8743 )
00000890: 12.4624   (Y': 12.2098   Cb: 12.2891   Cr: 13.8911 )
00000891: 12.4917   (Y': 12.2424   Cb: 12.3388   Cr: 13.8718 )
00000892: 12.4106   (Y': 12.1636   Cb: 12.2096   Cr: 13.8461 )
00000893: 12.4631   (Y': 12.2043   Cb: 12.2936   Cr: 13.9224 )
00000894: 12.4435   (Y': 12.1907   Cb: 12.2695   Cr: 13.8738 )
00000895: 12.5953   (Y': 12.3734   Cb: 12.3578   Cr: 13.9375 )
00000896: 12.5353   (Y': 12.3051   Cb: 12.3335   Cr: 13.8744 )
00000897: 12.606    (Y': 12.3861   Cb: 12.3711   Cr: 13.9337 )
00000898: 12.5666   (Y': 12.3237   Cb: 12.3806   Cr: 13.9562 )
00000899: 12.7142   (Y': 12.5574   Cb: 12.3553   Cr: 13.8669 )
00000900: 12.5505   (Y': 12.3296   Cb: 12.3277   Cr: 13.8664 )
00000901: 12.7394   (Y': 12.554    Cb: 12.4108   Cr: 14.0071 )
00000902: 12.652    (Y': 12.4448   Cb: 12.3828   Cr: 13.9561 )
00000903: 12.7217   (Y': 12.5351   Cb: 12.4288   Cr: 13.9442 )
00000904: 12.7649   (Y': 12.5648   Cb: 12.4604   Cr: 14.0797 )
00000905: 13.0253   (Y': 12.8915   Cb: 12.5714   Cr: 14.1902 )
00000906: 12.9097   (Y': 12.7383   Cb: 12.4464   Cr: 14.2984 )
00000907: 12.7842   (Y': 12.5799   Cb: 12.4656   Cr: 14.1438 )
00000908: 12.7209   (Y': 12.5086   Cb: 12.4025   Cr: 14.1259 )
00000909: 12.9133   (Y': 12.7255   Cb: 12.5275   Cr: 14.2784 )
00000910: 13.0328   (Y': 12.8945   Cb: 12.5251   Cr: 14.3026 )
00000911: 12.9584   (Y': 12.7869   Cb: 12.4993   Cr: 14.3406 )
00000912: 12.6805   (Y': 12.4324   Cb: 12.4232   Cr: 14.2062 )
00000913: 12.9582   (Y': 12.792    Cb: 12.5207   Cr: 14.2773 )
Total: 12.5616   (Y': 12.3012   Cb: 12.3831   Cr: 14.0439 )
