00000000: 31.7036   (Y': 40.8341   Cb: 27.3013   Cr: 27.3013 )
00000002: 12.7785   (Y': 12.5007   Cb: 12.6684   Cr: 14.2651 )
00000001: 12.7755   (Y': 12.5131   Cb: 12.6112   Cr: 14.2485 )
00000004: 12.7102   (Y': 12.4341   Cb: 12.5744   Cr: 14.2248 )
00000003: 12.8173   (Y': 12.545    Cb: 12.701    Cr: 14.2803 )
00000005: 12.7158   (Y': 12.4673   Cb: 12.4835   Cr: 14.2063 )
00000006: 12.7076   (Y': 12.4343   Cb: 12.5645   Cr: 14.2153 )
00000007: 12.6289   (Y': 12.3369   Cb: 12.4888   Cr: 14.2466 )
00000008: 12.6486   (Y': 12.3763   Cb: 12.4759   Cr: 14.1937 )
00000009: 12.6806   (Y': 12.4173   Cb: 12.5161   Cr: 14.1592 )
00000010: 12.6407   (Y': 12.3716   Cb: 12.4919   Cr: 14.1311 )
00000011: 12.6787   (Y': 12.4158   Cb: 12.4681   Cr: 14.2234 )
00000012: 12.6879   (Y': 12.4195   Cb: 12.5065   Cr: 14.2227 )
00000015: 12.6571   (Y': 12.3746   Cb: 12.4986   Cr: 14.2439 )
00000014: 12.6555   (Y': 12.3766   Cb: 12.5018   Cr: 14.2129 )
00000013: 12.6554   (Y': 12.3934   Cb: 12.4603   Cr: 14.1715 )
00000016: 12.6409   (Y': 12.3624   Cb: 12.4655   Cr: 14.228  )
00000017: 12.6549   (Y': 12.4006   Cb: 12.4417   Cr: 14.1516 )
00000018: 12.6695   (Y': 12.4261   Cb: 12.4303   Cr: 14.1401 )
00000019: 12.6482   (Y': 12.3924   Cb: 12.4089   Cr: 14.1934 )
00000020: 12.6489   (Y': 12.3663   Cb: 12.4974   Cr: 14.2256 )
00000021: 12.6611   (Y': 12.4022   Cb: 12.4372   Cr: 14.2009 )
00000022: 12.6447   (Y': 12.3771   Cb: 12.4392   Cr: 14.2108 )
00000023: 12.6425   (Y': 12.3614   Cb: 12.4698   Cr: 14.2423 )
00000024: 12.7726   (Y': 12.539    Cb: 12.4925   Cr: 14.246  )
00000025: 12.8581   (Y': 12.6443   Cb: 12.535    Cr: 14.2797 )
00000026: 12.8332   (Y': 12.619    Cb: 12.5205   Cr: 14.2409 )
00000028: 12.7856   (Y': 12.5424   Cb: 12.5062   Cr: 14.3144 )
00000027: 12.8096   (Y': 12.592    Cb: 12.4932   Cr: 14.2433 )
00000029: 12.7297   (Y': 12.474    Cb: 12.48     Cr: 14.2892 )
00000030: 12.7481   (Y': 12.5069   Cb: 12.4635   Cr: 14.273  )
00000031: 12.798    (Y': 12.5676   Cb: 12.5108   Cr: 14.2635 )
00000032: 12.7518   (Y': 12.502    Cb: 12.4891   Cr: 14.2961 )
00000033: 12.751    (Y': 12.5284   Cb: 12.4324   Cr: 14.2166 )
00000034: 12.6838   (Y': 12.4204   Cb: 12.465    Cr: 14.2438 )
00000036: 12.8569   (Y': 12.6467   Cb: 12.5377   Cr: 14.2507 )
00000035: 12.7155   (Y': 12.4479   Cb: 12.4921   Cr: 14.3082 )
00000038: 12.767    (Y': 12.5459   Cb: 12.4448   Cr: 14.2299 )
00000037: 12.8575   (Y': 12.6588   Cb: 12.4902   Cr: 14.2578 )
00000039: 12.7538   (Y': 12.5359   Cb: 12.433    Cr: 14.1948 )
00000040: 12.7152   (Y': 12.4778   Cb: 12.428    Cr: 14.2221 )
00000041: 12.8061   (Y': 12.5898   Cb: 12.5022   Cr: 14.2129 )
00000042: 12.7958   (Y': 12.5863   Cb: 12.4909   Cr: 14.1649 )
00000043: 12.7584   (Y': 12.5268   Cb: 12.5335   Cr: 14.1383 )
00000044: 12.7123   (Y': 12.4635   Cb: 12.4664   Cr: 14.2254 )
00000046: 12.6896   (Y': 12.4434   Cb: 12.476    Cr: 14.1389 )
00000045: 12.6792   (Y': 12.4247   Cb: 12.4517   Cr: 14.1989 )
00000047: 12.6929   (Y': 12.4473   Cb: 12.4765   Cr: 14.1429 )
00000048: 12.6611   (Y': 12.3981   Cb: 12.4503   Cr: 14.2064 )
00000049: 12.6479   (Y': 12.4048   Cb: 12.4134   Cr: 14.1094 )
00000051: 12.6756   (Y': 12.4205   Cb: 12.4553   Cr: 14.1876 )
00000050: 12.6971   (Y': 12.4476   Cb: 12.4499   Cr: 14.2162 )
00000052: 12.6828   (Y': 12.4274   Cb: 12.4515   Cr: 14.2131 )
00000054: 12.6366   (Y': 12.375    Cb: 12.4451   Cr: 14.1447 )
00000053: 12.672    (Y': 12.4173   Cb: 12.4095   Cr: 14.2449 )
00000055: 12.6753   (Y': 12.4406   Cb: 12.3878   Cr: 14.1665 )
00000056: 12.657    (Y': 12.3749   Cb: 12.4761   Cr: 14.2751 )
00000057: 12.6758   (Y': 12.4095   Cb: 12.4487   Cr: 14.2661 )
00000059: 12.7191   (Y': 12.4764   Cb: 12.4631   Cr: 14.2105 )
00000058: 12.6944   (Y': 12.4447   Cb: 12.4347   Cr: 14.2331 )
00000060: 12.6867   (Y': 12.4462   Cb: 12.4274   Cr: 14.1699 )
00000061: 12.6864   (Y': 12.4189   Cb: 12.5117   Cr: 14.2058 )
00000062: 12.6415   (Y': 12.3811   Cb: 12.4476   Cr: 14.1459 )
00000063: 12.6598   (Y': 12.3916   Cb: 12.48     Cr: 14.1908 )
00000064: 12.6436   (Y': 12.3772   Cb: 12.4503   Cr: 14.1836 )
00000065: 12.6765   (Y': 12.4224   Cb: 12.4865   Cr: 14.1374 )
00000066: 12.6822   (Y': 12.4361   Cb: 12.4311   Cr: 14.1865 )
00000068: 12.6562   (Y': 12.3853   Cb: 12.443    Cr: 14.2535 )
00000067: 12.6865   (Y': 12.4161   Cb: 12.4863   Cr: 14.2619 )
00000069: 12.6608   (Y': 12.3857   Cb: 12.5159   Cr: 14.1817 )
00000070: 12.6905   (Y': 12.4301   Cb: 12.4662   Cr: 14.2409 )
00000071: 12.6856   (Y': 12.4364   Cb: 12.4571   Cr: 14.1748 )
00000072: 12.6265   (Y': 12.361    Cb: 12.428    Cr: 14.1686 )
00000073: 12.6588   (Y': 12.401    Cb: 12.4642   Cr: 14.1493 )
00000074: 12.7018   (Y': 12.447    Cb: 12.4412   Cr: 14.2724 )
00000075: 12.6987   (Y': 12.4408   Cb: 12.4927   Cr: 14.2066 )
00000076: 12.7121   (Y': 12.461    Cb: 12.4715   Cr: 14.2306 )
00000078: 12.7903   (Y': 12.5666   Cb: 12.4745   Cr: 14.2589 )
00000077: 12.7115   (Y': 12.4545   Cb: 12.449    Cr: 14.2986 )
00000079: 12.8181   (Y': 12.5888   Cb: 12.5229   Cr: 14.2879 )
00000080: 12.8523   (Y': 12.6362   Cb: 12.5036   Cr: 14.3254 )
00000082: 12.9071   (Y': 12.7008   Cb: 12.5497   Cr: 14.3355 )
00000081: 12.8926   (Y': 12.6815   Cb: 12.5018   Cr: 14.4004 )
00000084: 12.8254   (Y': 12.594    Cb: 12.4755   Cr: 14.3925 )
00000083: 12.8759   (Y': 12.6503   Cb: 12.5282   Cr: 14.4038 )
00000085: 12.8702   (Y': 12.6598   Cb: 12.5116   Cr: 14.3249 )
00000086: 12.8768   (Y': 12.6617   Cb: 12.4798   Cr: 14.4185 )
00000087: 12.7998   (Y': 12.5597   Cb: 12.5055   Cr: 14.3329 )
00000088: 12.7959   (Y': 12.5334   Cb: 12.548    Cr: 14.3949 )
00000089: 12.9451   (Y': 12.7416   Cb: 12.5654   Cr: 14.3918 )
00000090: 12.9737   (Y': 12.7919   Cb: 12.5271   Cr: 14.3963 )
00000091: 13.0732   (Y': 12.8843   Cb: 12.631    Cr: 14.5305 )
00000092: 13.0881   (Y': 12.9029   Cb: 12.6583   Cr: 14.5042 )
00000093: 13.0713   (Y': 12.8746   Cb: 12.6638   Cr: 14.5198 )
00000094: 13.0586   (Y': 12.8707   Cb: 12.6173   Cr: 14.5084 )
00000095: 13.0608   (Y': 12.8609   Cb: 12.6365   Cr: 14.5548 )
00000096: 13.142    (Y': 12.9522   Cb: 12.6637   Cr: 14.6606 )
00000097: 13.2156   (Y': 13.0449   Cb: 12.7342   Cr: 14.6282 )
00000099: 13.1325   (Y': 12.8853   Cb: 12.7592   Cr: 14.8333 )
00000098: 13.2366   (Y': 13.0458   Cb: 12.7415   Cr: 14.7884 )
00000100: 12.8429   (Y': 12.5352   Cb: 12.6417   Cr: 14.6551 )
00000102: 13.2961   (Y': 13.094    Cb: 12.8208   Cr: 14.8835 )
00000101: 12.9552   (Y': 12.6728   Cb: 12.6974   Cr: 14.6936 )
00000103: 13.4316   (Y': 13.2441   Cb: 12.9288   Cr: 14.9756 )
00000104: 13.4139   (Y': 13.2316   Cb: 12.8628   Cr: 15.0052 )
00000108: 13.3316   (Y': 13.2319   Cb: 12.7208   Cr: 14.5463 )
00000105: 13.3525   (Y': 13.183    Cb: 12.8506   Cr: 14.7895 )
00000106: 13.2517   (Y': 13.0913   Cb: 12.6919   Cr: 14.7272 )
00000107: 13.3072   (Y': 13.1828   Cb: 12.6918   Cr: 14.6645 )
00000109: 13.2951   (Y': 13.2041   Cb: 12.6966   Cr: 14.4437 )
00000110: 13.3519   (Y': 13.3051   Cb: 12.6641   Cr: 14.4028 )
00000111: 13.0503   (Y': 12.9376   Cb: 12.5867   Cr: 14.1177 )
00000112: 12.9063   (Y': 12.8252   Cb: 12.3626   Cr: 13.9233 )
00000113: 12.9665   (Y': 12.8734   Cb: 12.394    Cr: 14.088  )
00000114: 12.9101   (Y': 12.7883   Cb: 12.4362   Cr: 14.0397 )
00000115: 12.8468   (Y': 12.6953   Cb: 12.4095   Cr: 14.0843 )
00000116: 13.0579   (Y': 12.9415   Cb: 12.5461   Cr: 14.2139 )
00000117: 13.1055   (Y': 12.9974   Cb: 12.5695   Cr: 14.2529 )
00000118: 13.0402   (Y': 12.8881   Cb: 12.5765   Cr: 14.3208 )
00000119: 12.8569   (Y': 12.6537   Cb: 12.4675   Cr: 14.3163 )
00000120: 12.8174   (Y': 12.5874   Cb: 12.5353   Cr: 14.272  )
00000121: 12.8346   (Y': 12.6178   Cb: 12.5012   Cr: 14.2888 )
00000122: 12.8524   (Y': 12.635    Cb: 12.5299   Cr: 14.2935 )
00000123: 12.8944   (Y': 12.6825   Cb: 12.5545   Cr: 14.3301 )
00000124: 12.9775   (Y': 12.8024   Cb: 12.5302   Cr: 14.3624 )
00000125: 13.0281   (Y': 12.8966   Cb: 12.5029   Cr: 14.2867 )
00000126: 13.0329   (Y': 12.8856   Cb: 12.5412   Cr: 14.3281 )
00000127: 13.0342   (Y': 12.8842   Cb: 12.614    Cr: 14.238  )
00000128: 12.9088   (Y': 12.7219   Cb: 12.5112   Cr: 14.2859 )
00000129: 12.874    (Y': 12.7136   Cb: 12.4903   Cr: 14.0828 )
00000130: 12.6954   (Y': 12.4616   Cb: 12.4327   Cr: 14.1442 )
00000131: 12.7331   (Y': 12.521    Cb: 12.4027   Cr: 14.1551 )
00000132: 12.8088   (Y': 12.6186   Cb: 12.4231   Cr: 14.1874 )
00000133: 12.7984   (Y': 12.6112   Cb: 12.3867   Cr: 14.1987 )
00000134: 13.0156   (Y': 12.8785   Cb: 12.4874   Cr: 14.309  )
00000135: 13.1458   (Y': 13.0203   Cb: 12.5895   Cr: 14.4182 )
00000136: 13.1469   (Y': 12.9764   Cb: 12.6545   Cr: 14.5751 )
00000137: 13.1764   (Y': 13.0355   Cb: 12.6162   Cr: 14.5402 )
00000138: 13.0422   (Y': 12.8914   Cb: 12.5238   Cr: 14.3974 )
00000139: 12.9175   (Y': 12.7308   Cb: 12.5302   Cr: 14.2785 )
00000140: 12.7462   (Y': 12.53     Cb: 12.381    Cr: 14.2456 )
00000141: 12.7464   (Y': 12.5274   Cb: 12.3892   Cr: 14.2494 )
00000142: 12.8118   (Y': 12.5942   Cb: 12.4411   Cr: 14.3277 )
00000143: 12.8115   (Y': 12.6068   Cb: 12.4242   Cr: 14.2768 )
00000144: 12.791    (Y': 12.5803   Cb: 12.4648   Cr: 14.199  )
00000145: 12.861    (Y': 12.6578   Cb: 12.5208   Cr: 14.246  )
00000146: 12.9208   (Y': 12.7536   Cb: 12.4892   Cr: 14.2368 )
00000147: 12.8959   (Y': 12.7017   Cb: 12.522    Cr: 14.2797 )
00000148: 12.7973   (Y': 12.5929   Cb: 12.4583   Cr: 14.188  )
00000149: 12.8521   (Y': 12.6654   Cb: 12.4736   Cr: 14.1997 )
00000150: 12.8056   (Y': 12.6159   Cb: 12.4486   Cr: 14.1383 )
00000151: 12.7894   (Y': 12.5988   Cb: 12.4534   Cr: 14.0959 )
00000152: 12.7358   (Y': 12.5142   Cb: 12.4603   Cr: 14.132  )
00000153: 12.7073   (Y': 12.4748   Cb: 12.4527   Cr: 14.1362 )
00000155: 12.8959   (Y': 12.7298   Cb: 12.4692   Cr: 14.1987 )
00000154: 12.7554   (Y': 12.5524   Cb: 12.4438   Cr: 14.0975 )
00000157: 13.0942   (Y': 12.9873   Cb: 12.5421   Cr: 14.2596 )
00000156: 13.0267   (Y': 12.8685   Cb: 12.5533   Cr: 14.3552 )
00000158: 13.1916   (Y': 13.0839   Cb: 12.6475   Cr: 14.349  )
00000159: 13.1727   (Y': 13.0939   Cb: 12.5929   Cr: 14.2302 )
00000160: 13.1183   (Y': 12.9733   Cb: 12.6374   Cr: 14.3841 )
00000161: 13.0303   (Y': 12.8752   Cb: 12.5776   Cr: 14.3104 )
00000162: 12.9067   (Y': 12.7288   Cb: 12.4924   Cr: 14.2576 )
00000163: 12.8081   (Y': 12.6014   Cb: 12.4638   Cr: 14.219  )
00000164: 12.6383   (Y': 12.3928   Cb: 12.424    Cr: 14.0841 )
00000165: 12.6805   (Y': 12.4251   Cb: 12.4106   Cr: 14.2696 )
00000166: 12.6874   (Y': 12.4188   Cb: 12.4922   Cr: 14.2439 )
00000167: 12.8549   (Y': 12.6318   Cb: 12.5526   Cr: 14.2994 )
00000168: 12.8363   (Y': 12.6236   Cb: 12.5015   Cr: 14.2686 )
00000169: 12.7671   (Y': 12.517    Cb: 12.53     Cr: 14.2737 )
00000170: 12.8405   (Y': 12.6244   Cb: 12.5145   Cr: 14.2797 )
00000171: 13.0116   (Y': 12.8358   Cb: 12.5417   Cr: 14.4353 )
00000172: 12.9916   (Y': 12.8147   Cb: 12.5241   Cr: 14.4185 )
00000173: 12.9221   (Y': 12.7214   Cb: 12.5146   Cr: 14.3951 )
00000174: 12.9556   (Y': 12.7731   Cb: 12.4816   Cr: 14.4242 )
00000175: 12.9447   (Y': 12.7476   Cb: 12.4704   Cr: 14.5    )
00000176: 12.9211   (Y': 12.745    Cb: 12.4651   Cr: 14.3253 )
00000177: 13.0238   (Y': 12.8896   Cb: 12.5031   Cr: 14.2899 )
00000178: 13.0118   (Y': 12.8662   Cb: 12.5325   Cr: 14.2787 )
00000179: 13.0118   (Y': 12.8748   Cb: 12.5274   Cr: 14.2387 )
00000181: 13.0994   (Y': 12.9723   Cb: 12.5539   Cr: 14.3645 )
00000180: 13.0723   (Y': 12.9414   Cb: 12.5695   Cr: 14.2935 )
00000182: 12.7959   (Y': 12.549    Cb: 12.5234   Cr: 14.3367 )
00000183: 12.8786   (Y': 12.7089   Cb: 12.41     Cr: 14.2652 )
00000184: 12.9051   (Y': 12.7118   Cb: 12.5118   Cr: 14.3133 )
00000185: 12.9867   (Y': 12.7824   Cb: 12.616    Cr: 14.4242 )
00000186: 12.929    (Y': 12.7478   Cb: 12.5167   Cr: 14.2958 )
00000187: 12.9665   (Y': 12.7832   Cb: 12.5389   Cr: 14.3682 )
00000189: 12.9911   (Y': 12.799    Cb: 12.5772   Cr: 14.4231 )
00000188: 13.0336   (Y': 12.8815   Cb: 12.5672   Cr: 14.3175 )
00000190: 12.8624   (Y': 12.6376   Cb: 12.6018   Cr: 14.2553 )
00000191: 12.7522   (Y': 12.5168   Cb: 12.446    Cr: 14.2756 )
00000192: 12.914    (Y': 12.7101   Cb: 12.6003   Cr: 14.2639 )
00000193: 13.1604   (Y': 13.0188   Cb: 12.6447   Cr: 14.4603 )
00000194: 13.2035   (Y': 13.064    Cb: 12.6658   Cr: 14.5248 )
00000195: 13.2315   (Y': 13.1253   Cb: 12.632    Cr: 14.4635 )
00000196: 13.1532   (Y': 13.0256   Cb: 12.5912   Cr: 14.4458 )
00000197: 13.229    (Y': 13.1241   Cb: 12.6039   Cr: 14.4935 )
00000198: 13.1865   (Y': 13.0691   Cb: 12.5924   Cr: 14.472  )
00000199: 13.0845   (Y': 12.9393   Cb: 12.5525   Cr: 14.4294 )
00000200: 12.868    (Y': 12.6302   Cb: 12.5836   Cr: 14.3724 )
00000201: 12.8426   (Y': 12.6399   Cb: 12.4714   Cr: 14.2717 )
00000202: 12.783    (Y': 12.5686   Cb: 12.4231   Cr: 14.2626 )
00000204: 13.2778   (Y': 13.1922   Cb: 12.6186   Cr: 14.4901 )
00000205: 13.3679   (Y': 13.3124   Cb: 12.665    Cr: 14.4866 )
00000203: 12.8754   (Y': 12.6857   Cb: 12.4579   Cr: 14.2988 )
00000206: 13.2741   (Y': 13.1706   Cb: 12.6316   Cr: 14.5576 )
00000207: 13.0444   (Y': 12.894    Cb: 12.5244   Cr: 14.3999 )
00000208: 13.0363   (Y': 12.8908   Cb: 12.5345   Cr: 14.3366 )
00000209: 13.1467   (Y': 13.0413   Cb: 12.5816   Cr: 14.3231 )
00000210: 13.2618   (Y': 13.1507   Cb: 12.681    Cr: 14.492  )
00000211: 13.2629   (Y': 13.1572   Cb: 12.6669   Cr: 14.4869 )
00000213: 13.2023   (Y': 13.0873   Cb: 12.6039   Cr: 14.4818 )
00000212: 13.1895   (Y': 13.0618   Cb: 12.6032   Cr: 14.5202 )
00000214: 13.2147   (Y': 13.125    Cb: 12.6568   Cr: 14.2964 )
00000215: 13.177    (Y': 13.0372   Cb: 12.6917   Cr: 14.4212 )
00000216: 13.1386   (Y': 12.9955   Cb: 12.6459   Cr: 14.412  )
00000217: 13.0503   (Y': 12.9116   Cb: 12.5619   Cr: 14.2925 )
00000218: 12.7572   (Y': 12.5327   Cb: 12.5212   Cr: 14.1123 )
00000219: 12.9292   (Y': 12.7694   Cb: 12.4303   Cr: 14.3057 )
00000220: 12.9031   (Y': 12.7302   Cb: 12.4506   Cr: 14.283  )
00000222: 12.7858   (Y': 12.5628   Cb: 12.4961   Cr: 14.2115 )
00000221: 12.8179   (Y': 12.6144   Cb: 12.481    Cr: 14.2    )
00000223: 12.7935   (Y': 12.5574   Cb: 12.4397   Cr: 14.3947 )
00000224: 12.9233   (Y': 12.7397   Cb: 12.4864   Cr: 14.3411 )
00000225: 13.0276   (Y': 12.8643   Cb: 12.5478   Cr: 14.3951 )
00000226: 13.0553   (Y': 12.9041   Cb: 12.5732   Cr: 14.3577 )
00000227: 13.0265   (Y': 12.8552   Cb: 12.6605   Cr: 14.2692 )
00000228: 12.976    (Y': 12.7611   Cb: 12.5958   Cr: 14.4906 )
00000230: 13.1049   (Y': 12.9232   Cb: 12.646    Cr: 14.5463 )
00000229: 13.0871   (Y': 12.9137   Cb: 12.5941   Cr: 14.5332 )
00000231: 13.0695   (Y': 12.8812   Cb: 12.601    Cr: 14.5637 )
00000232: 13.1029   (Y': 12.9379   Cb: 12.6255   Cr: 14.4758 )
00000233: 13.2122   (Y': 13.0816   Cb: 12.6583   Cr: 14.5096 )
00000234: 13.122    (Y': 12.9897   Cb: 12.5979   Cr: 14.3825 )
00000235: 12.9982   (Y': 12.8359   Cb: 12.5762   Cr: 14.2732 )
00000236: 12.8909   (Y': 12.7019   Cb: 12.4953   Cr: 14.2775 )
00000237: 12.8701   (Y': 12.6791   Cb: 12.503    Cr: 14.2255 )
00000238: 12.8343   (Y': 12.6333   Cb: 12.4694   Cr: 14.2442 )
00000239: 12.8494   (Y': 12.647    Cb: 12.5432   Cr: 14.1797 )
00000240: 13.0728   (Y': 12.9431   Cb: 12.537    Cr: 14.337  )
00000241: 13.1172   (Y': 12.9902   Cb: 12.6099   Cr: 14.3242 )
00000242: 13.1936   (Y': 13.0698   Cb: 12.557    Cr: 14.5815 )
00000244: 12.9107   (Y': 12.6811   Cb: 12.5558   Cr: 14.4745 )
00000243: 13.133    (Y': 13.0002   Cb: 12.5787   Cr: 14.4421 )
00000245: 12.8834   (Y': 12.6464   Cb: 12.5258   Cr: 14.4964 )
00000246: 12.7602   (Y': 12.4706   Cb: 12.5314   Cr: 14.499  )
00000247: 12.9997   (Y': 12.8118   Cb: 12.5695   Cr: 14.4326 )
00000248: 13.241    (Y': 13.1312   Cb: 12.6183   Cr: 14.5282 )
00000249: 12.928    (Y': 12.7216   Cb: 12.5088   Cr: 14.4523 )
00000250: 13.1818   (Y': 13.0462   Cb: 12.627    Cr: 14.5075 )
00000252: 12.8636   (Y': 12.6546   Cb: 12.4775   Cr: 14.3521 )
00000253: 12.7164   (Y': 12.4378   Cb: 12.4934   Cr: 14.3763 )
00000251: 13.0196   (Y': 12.8204   Cb: 12.5845   Cr: 14.526  )
00000254: 13.2977   (Y': 13.1863   Cb: 12.6395   Cr: 14.6502 )
00000255: 13.3873   (Y': 13.305    Cb: 12.6887   Cr: 14.6426 )
00000256: 13.1195   (Y': 12.9735   Cb: 12.5562   Cr: 14.5179 )
00000257: 12.8736   (Y': 12.6608   Cb: 12.4635   Cr: 14.4222 )
00000258: 13.0083   (Y': 12.8552   Cb: 12.4933   Cr: 14.3715 )
00000259: 13.024    (Y': 12.9249   Cb: 12.4086   Cr: 14.2422 )
00000260: 12.9961   (Y': 12.8756   Cb: 12.471    Cr: 14.1938 )
00000261: 13.0106   (Y': 12.8901   Cb: 12.4975   Cr: 14.1911 )
00000262: 13.3642   (Y': 13.3208   Cb: 12.6411   Cr: 14.4507 )
00000263: 13.3584   (Y': 13.3508   Cb: 12.5581   Cr: 14.3784 )
00000264: 13.0528   (Y': 13.0327   Cb: 12.3816   Cr: 13.945  )
00000265: 12.8751   (Y': 12.7911   Cb: 12.3183   Cr: 13.9259 )
00000266: 12.8304   (Y': 12.7256   Cb: 12.2948   Cr: 13.9599 )
00000267: 12.8737   (Y': 12.7749   Cb: 12.3188   Cr: 13.9992 )
00000268: 13.013    (Y': 12.9184   Cb: 12.4865   Cr: 14.0751 )
00000269: 13.0913   (Y': 13.0356   Cb: 12.4197   Cr: 14.1639 )
00000270: 13.1855   (Y': 13.1      Cb: 12.499    Cr: 14.4397 )
00000271: 13.1706   (Y': 13.0922   Cb: 12.5408   Cr: 14.2999 )
00000272: 13.0864   (Y': 12.9756   Cb: 12.4573   Cr: 14.3894 )
00000273: 13.4413   (Y': 13.4079   Cb: 12.6375   Cr: 14.5997 )
00000274: 13.5309   (Y': 13.4993   Cb: 12.7594   Cr: 14.63   )
00000276: 13.3288   (Y': 13.2155   Cb: 12.68     Cr: 14.6771 )
00000275: 13.4161   (Y': 13.3325   Cb: 12.7062   Cr: 14.6959 )
00000277: 13.2309   (Y': 13.1576   Cb: 12.5555   Cr: 14.4017 )
00000278: 13.2567   (Y': 13.1442   Cb: 12.5779   Cr: 14.6487 )
00000279: 13.4498   (Y': 13.2578   Cb: 12.8222   Cr: 15.2305 )
00000280: 13.487    (Y': 13.4149   Cb: 12.731    Cr: 14.7777 )
00000281: 13.3799   (Y': 13.2738   Cb: 12.688    Cr: 14.7566 )
00000282: 13.2943   (Y': 13.1799   Cb: 12.7059   Cr: 14.5545 )
00000283: 13.3678   (Y': 13.2561   Cb: 12.7285   Cr: 14.6918 )
00000284: 13.4071   (Y': 13.2757   Cb: 12.8221   Cr: 14.7567 )
00000285: 13.2423   (Y': 13.0809   Cb: 12.7005   Cr: 14.6952 )
00000286: 13.1769   (Y': 13.0105   Cb: 12.6684   Cr: 14.6059 )
00000287: 13.1729   (Y': 12.9943   Cb: 12.6911   Cr: 14.6312 )
00000288: 13.2858   (Y': 13.1244   Cb: 12.7014   Cr: 14.8066 )
00000289: 13.4671   (Y': 13.2936   Cb: 12.9565   Cr: 14.9412 )
00000290: 13.4619   (Y': 13.3255   Cb: 12.8829   Cr: 14.8301 )
00000292: 13.2722   (Y': 13.1334   Cb: 12.6994   Cr: 14.6445 )
00000291: 13.3172   (Y': 13.142    Cb: 12.8108   Cr: 14.7944 )
00000293: 13.3436   (Y': 13.2207   Cb: 12.8085   Cr: 14.5693 )
00000294: 13.5322   (Y': 13.464    Cb: 12.887    Cr: 14.631  )
00000295: 13.3791   (Y': 13.3058   Cb: 12.7842   Cr: 14.4292 )
00000296: 13.4547   (Y': 13.3871   Cb: 12.816    Cr: 14.5405 )
00000297: 13.2297   (Y': 13.1512   Cb: 12.6732   Cr: 14.2518 )
00000298: 13.2092   (Y': 13.1659   Cb: 12.5919   Cr: 14.1393 )
00000299: 13.2027   (Y': 13.1322   Cb: 12.6021   Cr: 14.2475 )
00000301: 13.0383   (Y': 12.8842   Cb: 12.6109   Cr: 14.2753 )
00000300: 13.23     (Y': 13.1415   Cb: 12.6549   Cr: 14.3311 )
00000302: 12.9435   (Y': 12.7785   Cb: 12.5316   Cr: 14.218  )
00000303: 13.1344   (Y': 13.0202   Cb: 12.5961   Cr: 14.3183 )
00000304: 13.2279   (Y': 13.147    Cb: 12.6351   Cr: 14.3153 )
00000305: 13.0741   (Y': 12.9522   Cb: 12.5359   Cr: 14.2997 )
00000306: 12.8534   (Y': 12.6664   Cb: 12.4729   Cr: 14.2057 )
00000307: 12.8476   (Y': 12.6685   Cb: 12.4347   Cr: 14.2032 )
00000308: 12.8568   (Y': 12.6796   Cb: 12.4075   Cr: 14.2574 )
00000309: 12.7086   (Y': 12.4663   Cb: 12.481    Cr: 14.1552 )
00000310: 12.6735   (Y': 12.4141   Cb: 12.4712   Cr: 14.1841 )
00000311: 12.6471   (Y': 12.3896   Cb: 12.4134   Cr: 14.1937 )
00000312: 12.6986   (Y': 12.4648   Cb: 12.4638   Cr: 14.106  )
00000314: 12.661    (Y': 12.4333   Cb: 12.3975   Cr: 14.075  )
00000313: 12.707    (Y': 12.4771   Cb: 12.4589   Cr: 14.1114 )
00000315: 12.7216   (Y': 12.4876   Cb: 12.4977   Cr: 14.1144 )
00000316: 12.7623   (Y': 12.5176   Cb: 12.5467   Cr: 14.2056 )
00000318: 12.9613   (Y': 12.7708   Cb: 12.5738   Cr: 14.3443 )
00000317: 12.9774   (Y': 12.7921   Cb: 12.5591   Cr: 14.3773 )
00000319: 12.9268   (Y': 12.7546   Cb: 12.5284   Cr: 14.2221 )
00000320: 12.7783   (Y': 12.538    Cb: 12.5019   Cr: 14.2853 )
00000321: 12.6989   (Y': 12.4462   Cb: 12.4576   Cr: 14.2277 )
00000322: 12.6438   (Y': 12.3747   Cb: 12.438    Cr: 14.2196 )
00000323: 12.6456   (Y': 12.3713   Cb: 12.4287   Cr: 14.2697 )
00000324: 12.7732   (Y': 12.5472   Cb: 12.4703   Cr: 14.2354 )
00000325: 12.812    (Y': 12.5876   Cb: 12.4603   Cr: 14.3391 )
00000327: 12.8725   (Y': 12.6672   Cb: 12.4795   Cr: 14.3496 )
00000326: 12.8436   (Y': 12.616    Cb: 12.4917   Cr: 14.3902 )
00000328: 12.8088   (Y': 12.5864   Cb: 12.4492   Cr: 14.3364 )
00000329: 12.79     (Y': 12.5351   Cb: 12.521    Cr: 14.3746 )
00000330: 12.8337   (Y': 12.6031   Cb: 12.5389   Cr: 14.3112 )
00000332: 12.8529   (Y': 12.6322   Cb: 12.537    Cr: 14.3039 )
00000331: 12.782    (Y': 12.568    Cb: 12.4276   Cr: 14.2512 )
00000335: 13.0363   (Y': 12.8882   Cb: 12.5341   Cr: 14.3514 )
00000334: 13.0961   (Y': 12.9379   Cb: 12.6219   Cr: 14.4262 )
00000333: 12.8936   (Y': 12.7133   Cb: 12.5017   Cr: 14.2242 )
00000336: 12.8659   (Y': 12.6479   Cb: 12.5519   Cr: 14.2981 )
00000337: 12.935    (Y': 12.7063   Cb: 12.6353   Cr: 14.4085 )
00000338: 12.8849   (Y': 12.687    Cb: 12.5368   Cr: 14.2516 )
00000339: 12.8409   (Y': 12.6349   Cb: 12.4778   Cr: 14.2769 )
00000340: 12.7431   (Y': 12.5043   Cb: 12.444    Cr: 14.2755 )
00000341: 12.826    (Y': 12.6117   Cb: 12.4713   Cr: 14.2975 )
00000342: 12.8746   (Y': 12.6563   Cb: 12.522    Cr: 14.3665 )
00000343: 12.8874   (Y': 12.6822   Cb: 12.5226   Cr: 14.3215 )
00000344: 12.9742   (Y': 12.7888   Cb: 12.5014   Cr: 14.4589 )
00000345: 13.0484   (Y': 12.8852   Cb: 12.5742   Cr: 14.4064 )
00000346: 12.9209   (Y': 12.7265   Cb: 12.5318   Cr: 14.3289 )
00000347: 12.8951   (Y': 12.7114   Cb: 12.4731   Cr: 14.2916 )
00000348: 12.7933   (Y': 12.5648   Cb: 12.5159   Cr: 14.2325 )
00000349: 12.7353   (Y': 12.4995   Cb: 12.484    Cr: 14.1782 )
00000351: 12.6883   (Y': 12.4375   Cb: 12.4528   Cr: 14.1976 )
00000350: 12.7245   (Y': 12.4882   Cb: 12.465    Cr: 14.183  )
00000352: 12.6873   (Y': 12.4621   Cb: 12.4064   Cr: 14.1119 )
00000353: 12.7091   (Y': 12.4944   Cb: 12.4201   Cr: 14.085  )
00000354: 12.6439   (Y': 12.4019   Cb: 12.4367   Cr: 14.0589 )
00000355: 12.615    (Y': 12.3545   Cb: 12.418    Cr: 14.125  )
00000356: 12.7247   (Y': 12.494    Cb: 12.4558   Cr: 14.1637 )
00000359: 12.7724   (Y': 12.5551   Cb: 12.459    Cr: 14.199  )
00000357: 12.694    (Y': 12.4588   Cb: 12.4148   Cr: 14.175  )
00000358: 12.7699   (Y': 12.5416   Cb: 12.5088   Cr: 14.1835 )
00000360: 12.7896   (Y': 12.5886   Cb: 12.421    Cr: 14.2051 )
00000361: 12.7604   (Y': 12.5264   Cb: 12.459    Cr: 14.2677 )
00000362: 12.7739   (Y': 12.5503   Cb: 12.4366   Cr: 14.2741 )
00000363: 12.755    (Y': 12.518    Cb: 12.4817   Cr: 14.2378 )
00000364: 12.7314   (Y': 12.5029   Cb: 12.4132   Cr: 14.2319 )
00000367: 12.927    (Y': 12.7399   Cb: 12.5417   Cr: 14.2876 )
00000365: 12.7478   (Y': 12.5049   Cb: 12.5278   Cr: 14.1869 )
00000366: 12.8715   (Y': 12.6485   Cb: 12.5557   Cr: 14.3354 )
00000368: 13.07     (Y': 12.9055   Cb: 12.5902   Cr: 14.4444 )
00000369: 13.175    (Y': 13.0349   Cb: 12.699    Cr: 14.4066 )
00000370: 13.2073   (Y': 13.0794   Cb: 12.7156   Cr: 14.3958 )
00000371: 13.2451   (Y': 13.1356   Cb: 12.632    Cr: 14.5163 )
00000372: 13.2611   (Y': 13.1237   Cb: 12.6851   Cr: 14.63   )
00000373: 13.3039   (Y': 13.1553   Cb: 12.7767   Cr: 14.6606 )
00000374: 13.5058   (Y': 13.4149   Cb: 12.7824   Cr: 14.8481 )
00000375: 13.775    (Y': 13.6467   Cb: 13.1401   Cr: 15.1857 )
00000376: 13.8438   (Y': 13.6982   Cb: 13.1996   Cr: 15.3702 )
00000377: 13.9724   (Y': 13.7994   Cb: 13.3214   Cr: 15.6748 )
00000378: 13.8792   (Y': 13.6806   Cb: 13.3155   Cr: 15.5911 )
00000379: 13.649    (Y': 13.4124   Cb: 13.1844   Cr: 15.4333 )
00000380: 13.5481   (Y': 13.2556   Cb: 13.1452   Cr: 15.5957 )
00000381: 13.4927   (Y': 13.2042   Cb: 13.1093   Cr: 15.479  )
00000382: 13.6167   (Y': 13.3726   Cb: 13.1362   Cr: 15.4757 )
00000383: 13.4082   (Y': 13.1544   Cb: 12.981    Cr: 15.2391 )
00000384: 13.635    (Y': 13.3913   Cb: 13.294    Cr: 15.2628 )
00000385: 14.1819   (Y': 14.0239   Cb: 13.6004   Cr: 15.6784 )
00000386: 14.1957   (Y': 13.9819   Cb: 13.7025   Cr: 15.8844 )
00000387: 14.3042   (Y': 14.0323   Cb: 14.0045   Cr: 16.0433 )
00000388: 14.2324   (Y': 13.9783   Cb: 13.9407   Cr: 15.8471 )
00000389: 13.9018   (Y': 13.5828   Cb: 13.8436   Cr: 15.5657 )
00000390: 13.9701   (Y': 13.6894   Cb: 13.8788   Cr: 15.4469 )
00000391: 14.0308   (Y': 13.7712   Cb: 13.8385   Cr: 15.5283 )
00000392: 13.9918   (Y': 13.7528   Cb: 13.7811   Cr: 15.3944 )
00000393: 14.0499   (Y': 13.8936   Cb: 13.6888   Cr: 15.2032 )
00000394: 13.9973   (Y': 13.8668   Cb: 13.6465   Cr: 14.9998 )
00000395: 13.9308   (Y': 13.8064   Cb: 13.6081   Cr: 14.8639 )
00000397: 13.7463   (Y': 13.6518   Cb: 13.3441   Cr: 14.6349 )
00000398: 13.6328   (Y': 13.4943   Cb: 13.3223   Cr: 14.6225 )
00000396: 13.8376   (Y': 13.7537   Cb: 13.4015   Cr: 14.7188 )
00000399: 13.5833   (Y': 13.4637   Cb: 13.1857   Cr: 14.5938 )
00000400: 13.3547   (Y': 13.1876   Cb: 13.0845   Cr: 14.4398 )
00000401: 13.2876   (Y': 13.0749   Cb: 13.1036   Cr: 14.503  )
00000402: 13.4501   (Y': 13.2719   Cb: 13.143    Cr: 14.6468 )
00000403: 13.4571   (Y': 13.2921   Cb: 13.1476   Cr: 14.585  )
00000404: 14.3601   (Y': 14.3752   Cb: 13.5389   Cr: 15.2983 )
00000406: 13.7964   (Y': 13.7089   Cb: 13.1185   Cr: 15.0475 )
00000405: 14.3206   (Y': 14.2869   Cb: 13.5387   Cr: 15.4463 )
00000407: 13.7802   (Y': 13.6842   Cb: 13.0807   Cr: 15.1123 )
00000408: 13.2239   (Y': 13.0514   Cb: 12.6348   Cr: 14.8189 )
00000409: 13.0935   (Y': 12.7879   Cb: 12.8715   Cr: 14.9249 )
00000410: 12.9893   (Y': 12.7505   Cb: 12.5651   Cr: 14.72   )
00000411: 12.8437   (Y': 12.641    Cb: 12.2818   Cr: 14.5778 )
00000412: 13.0542   (Y': 12.9631   Cb: 12.1691   Cr: 14.6708 )
00000413: 13.0044   (Y': 12.9037   Cb: 12.1483   Cr: 14.6268 )
00000414: 12.5213   (Y': 12.4078   Cb: 11.6107   Cr: 14.3202 )
00000415: 12.4916   (Y': 12.363    Cb: 11.6536   Cr: 14.2509 )
00000416: 12.8438   (Y': 12.9565   Cb: 11.5204   Cr: 14.1151 )
00000417: 12.8591   (Y': 12.9385   Cb: 11.5917   Cr: 14.2046 )
00000418: 13.1587   (Y': 13.3588   Cb: 11.6979   Cr: 14.2361 )
00000419: 13.2538   (Y': 13.4767   Cb: 11.7351   Cr: 14.3247 )
00000420: 13.1304   (Y': 13.3624   Cb: 11.661    Cr: 14.0703 )
00000421: 13.0394   (Y': 13.2049   Cb: 11.6507   Cr: 14.1592 )
00000423: 13.0273   (Y': 13.2457   Cb: 11.62     Cr: 13.9236 )
00000422: 13.228    (Y': 13.5158   Cb: 11.6842   Cr: 14.0388 )
00000424: 12.8105   (Y': 12.8732   Cb: 11.7575   Cr: 13.8733 )
00000425: 12.7571   (Y': 12.7901   Cb: 11.7704   Cr: 13.8631 )
00000426: 13.0046   (Y': 13.0406   Cb: 12.0587   Cr: 14.0303 )
00000427: 12.7589   (Y': 12.7159   Cb: 11.9714   Cr: 13.9429 )
00000428: 13.0893   (Y': 13.0134   Cb: 12.4049   Cr: 14.2886 )
00000429: 13.3318   (Y': 13.2548   Cb: 12.7201   Cr: 14.4269 )
00000430: 13.5555   (Y': 13.4595   Cb: 12.9917   Cr: 14.6792 )
00000431: 13.616    (Y': 13.5165   Cb: 13.024    Cr: 14.8006 )
00000432: 13.6162   (Y': 13.4694   Cb: 13.1089   Cr: 14.9322 )
00000433: 13.4633   (Y': 13.3412   Cb: 12.8627   Cr: 14.7845 )
00000434: 13.4576   (Y': 13.2659   Cb: 13.064    Cr: 14.8567 )
00000435: 13.5138   (Y': 13.3116   Cb: 13.0984   Cr: 15.0079 )
00000436: 13.4141   (Y': 13.1836   Cb: 13.0414   Cr: 15.0106 )
00000437: 13.3571   (Y': 13.0562   Cb: 13.1571   Cr: 15.1233 )
00000438: 13.3634   (Y': 13.0612   Cb: 13.1822   Cr: 15.1084 )
00000439: 13.258    (Y': 12.9071   Cb: 13.1943   Cr: 15.1379 )
00000440: 13.4396   (Y': 13.1348   Cb: 13.2095   Cr: 15.2783 )
00000441: 13.5515   (Y': 13.2848   Cb: 13.2156   Cr: 15.3157 )
00000442: 13.6626   (Y': 13.3443   Cb: 13.4389   Cr: 15.5803 )
00000443: 13.9097   (Y': 13.5938   Cb: 13.6743   Cr: 15.8311 )
00000444: 14.4488   (Y': 14.2565   Cb: 13.8969   Cr: 16.1019 )
00000445: 14.399    (Y': 14.1685   Cb: 13.9183   Cr: 16.172  )
00000446: 13.1222   (Y': 12.6568   Cb: 13.2941   Cr: 15.4406 )
00000447: 13.2443   (Y': 12.7672   Cb: 13.4897   Cr: 15.5322 )
00000448: 14.0512   (Y': 13.8134   Cb: 13.6475   Cr: 15.7422 )
00000449: 14.098    (Y': 13.8666   Cb: 13.6595   Cr: 15.8055 )
00000450: 14.2379   (Y': 13.9653   Cb: 14.0655   Cr: 15.7847 )
00000451: 14.2178   (Y': 13.9557   Cb: 14.045    Cr: 15.7018 )
00000452: 14.2625   (Y': 14.0652   Cb: 13.9155   Cr: 15.6232 )
00000454: 13.4845   (Y': 13.3634   Cb: 12.8629   Cr: 14.8332 )
00000455: 13.3768   (Y': 13.2775   Cb: 12.705    Cr: 14.6831 )
00000453: 13.9358   (Y': 13.7601   Cb: 13.5327   Cr: 15.2577 )
00000456: 13.2732   (Y': 13.2025   Cb: 12.567    Cr: 14.4779 )
00000457: 13.2896   (Y': 13.2224   Cb: 12.6336   Cr: 14.3994 )
00000458: 13.1912   (Y': 13.08     Cb: 12.6023   Cr: 14.4342 )
00000459: 13.1987   (Y': 13.0821   Cb: 12.6779   Cr: 14.3693 )
00000460: 13.0787   (Y': 12.8944   Cb: 12.809    Cr: 14.2563 )
00000462: 12.8769   (Y': 12.7347   Cb: 12.3867   Cr: 14.1416 )
00000463: 12.9157   (Y': 12.7761   Cb: 12.4365   Cr: 14.1492 )
00000461: 12.9974   (Y': 12.8131   Cb: 12.6843   Cr: 14.2358 )
00000464: 12.7079   (Y': 12.523    Cb: 12.2955   Cr: 14.0962 )
00000465: 12.7008   (Y': 12.4928   Cb: 12.3859   Cr: 14.0765 )
00000466: 12.7216   (Y': 12.5425   Cb: 12.3238   Cr: 14.0547 )
00000467: 12.8022   (Y': 12.6418   Cb: 12.3546   Cr: 14.1043 )
00000468: 12.7977   (Y': 12.633    Cb: 12.3754   Cr: 14.086  )
00000469: 12.6715   (Y': 12.4581   Cb: 12.3875   Cr: 14.0329 )
00000470: 12.6509   (Y': 12.4338   Cb: 12.3488   Cr: 14.0603 )
00000471: 12.7229   (Y': 12.5157   Cb: 12.3809   Cr: 14.1342 )
00000472: 12.7683   (Y': 12.5778   Cb: 12.387    Cr: 14.1417 )
00000473: 12.7744   (Y': 12.5985   Cb: 12.3778   Cr: 14.0875 )
00000474: 12.8256   (Y': 12.6817   Cb: 12.3538   Cr: 14.0725 )
00000475: 12.8554   (Y': 12.7298   Cb: 12.3602   Cr: 14.037  )
00000476: 12.8633   (Y': 12.7146   Cb: 12.3973   Cr: 14.1277 )
00000477: 12.7788   (Y': 12.5985   Cb: 12.4171   Cr: 14.0656 )
00000478: 12.7272   (Y': 12.538    Cb: 12.3601   Cr: 14.0722 )
00000479: 12.6782   (Y': 12.4848   Cb: 12.3157   Cr: 14.0403 )
00000480: 12.6697   (Y': 12.4618   Cb: 12.3403   Cr: 14.0656 )
00000481: 12.5825   (Y': 12.3498   Cb: 12.3108   Cr: 14.0379 )
00000482: 12.6492   (Y': 12.4375   Cb: 12.3479   Cr: 14.0251 )
00000483: 12.7259   (Y': 12.5199   Cb: 12.3923   Cr: 14.1176 )
00000484: 12.7237   (Y': 12.5141   Cb: 12.4062   Cr: 14.1122 )
00000485: 12.7259   (Y': 12.526    Cb: 12.3789   Cr: 14.1021 )
00000486: 12.6848   (Y': 12.4794   Cb: 12.3476   Cr: 14.0782 )
00000487: 12.7351   (Y': 12.5391   Cb: 12.3811   Cr: 14.0992 )
00000488: 12.7047   (Y': 12.471    Cb: 12.4558   Cr: 14.1325 )
00000489: 12.6323   (Y': 12.3996   Cb: 12.3771   Cr: 14.0631 )
00000490: 12.6515   (Y': 12.4012   Cb: 12.402    Cr: 14.1784 )
00000491: 12.5871   (Y': 12.327    Cb: 12.3783   Cr: 14.1124 )
00000492: 12.6357   (Y': 12.3842   Cb: 12.3975   Cr: 14.1526 )
00000493: 12.6501   (Y': 12.4205   Cb: 12.3661   Cr: 14.1056 )
00000494: 12.6419   (Y': 12.4076   Cb: 12.3488   Cr: 14.1391 )
00000495: 12.7296   (Y': 12.5272   Cb: 12.4001   Cr: 14.0939 )
00000496: 12.6813   (Y': 12.454    Cb: 12.4112   Cr: 14.1029 )
00000497: 12.651    (Y': 12.4044   Cb: 12.4333   Cr: 14.1083 )
00000498: 12.6104   (Y': 12.3825   Cb: 12.3161   Cr: 14.0714 )
00000499: 12.5877   (Y': 12.3413   Cb: 12.3125   Cr: 14.1298 )
00000500: 12.642    (Y': 12.4266   Cb: 12.2848   Cr: 14.1239 )
00000502: 12.7011   (Y': 12.4791   Cb: 12.382    Cr: 14.1639 )
00000501: 12.6309   (Y': 12.4102   Cb: 12.326    Cr: 14.0653 )
00000503: 12.7732   (Y': 12.6011   Cb: 12.3057   Cr: 14.1717 )
00000504: 12.7578   (Y': 12.5791   Cb: 12.3703   Cr: 14.0733 )
00000505: 12.7225   (Y': 12.5566   Cb: 12.2874   Cr: 14.0371 )
00000506: 12.7924   (Y': 12.6529   Cb: 12.3257   Cr: 14.0072 )
00000507: 12.8879   (Y': 12.7966   Cb: 12.3105   Cr: 14.0075 )
00000508: 12.8615   (Y': 12.7598   Cb: 12.2687   Cr: 14.0598 )
00000509: 12.839    (Y': 12.7392   Cb: 12.2239   Cr: 14.0603 )
00000510: 12.9526   (Y': 12.8426   Cb: 12.3452   Cr: 14.2176 )
00000511: 13.0289   (Y': 12.9347   Cb: 12.3903   Cr: 14.2561 )
00000512: 12.895    (Y': 12.7429   Cb: 12.4116   Cr: 14.2049 )
00000513: 12.903    (Y': 12.748    Cb: 12.4259   Cr: 14.2188 )
00000514: 13.1835   (Y': 13.1074   Cb: 12.5663   Cr: 14.2819 )
00000515: 13.2354   (Y': 13.1499   Cb: 12.6269   Cr: 14.3703 )
00000516: 13.2212   (Y': 13.1533   Cb: 12.5729   Cr: 14.3225 )
00000518: 13.1857   (Y': 13.0968   Cb: 12.5671   Cr: 14.3532 )
00000517: 13.24     (Y': 13.1719   Cb: 12.607    Cr: 14.3194 )
00000519: 13.1877   (Y': 13.0882   Cb: 12.5453   Cr: 14.4495 )
00000520: 13.0346   (Y': 12.9063   Cb: 12.5179   Cr: 14.2626 )
00000521: 12.8716   (Y': 12.6902   Cb: 12.4418   Cr: 14.266  )
00000522: 12.6351   (Y': 12.3828   Cb: 12.3713   Cr: 14.1956 )
00000523: 12.7159   (Y': 12.4887   Cb: 12.3869   Cr: 14.2253 )
00000524: 12.8358   (Y': 12.6267   Cb: 12.5189   Cr: 14.2205 )
00000525: 12.7955   (Y': 12.5821   Cb: 12.4883   Cr: 14.1908 )
00000526: 12.7517   (Y': 12.5323   Cb: 12.4588   Cr: 14.1602 )
00000527: 12.7077   (Y': 12.4856   Cb: 12.4119   Cr: 14.1366 )
00000528: 12.6467   (Y': 12.3844   Cb: 12.4541   Cr: 14.1613 )
00000529: 12.6389   (Y': 12.407    Cb: 12.3281   Cr: 14.1482 )
00000530: 12.5619   (Y': 12.3101   Cb: 12.3587   Cr: 14.0292 )
00000531: 12.5576   (Y': 12.3091   Cb: 12.3304   Cr: 14.0402 )
00000532: 12.498    (Y': 12.2274   Cb: 12.2904   Cr: 14.0855 )
00000534: 12.5854   (Y': 12.3486   Cb: 12.3194   Cr: 14.0568 )
00000533: 12.5726   (Y': 12.3282   Cb: 12.3201   Cr: 14.0684 )
00000535: 12.5752   (Y': 12.3397   Cb: 12.3306   Cr: 14.007  )
00000536: 12.5968   (Y': 12.3602   Cb: 12.3038   Cr: 14.1076 )
00000537: 12.5989   (Y': 12.3654   Cb: 12.3441   Cr: 14.0335 )
00000538: 12.527    (Y': 12.2597   Cb: 12.3485   Cr: 14.0508 )
00000539: 12.5685   (Y': 12.3272   Cb: 12.315    Cr: 14.0472 )
00000540: 12.557    (Y': 12.3156   Cb: 12.323    Cr: 14.0075 )
00000542: 12.5753   (Y': 12.3366   Cb: 12.3226   Cr: 14.038  )
00000541: 12.5525   (Y': 12.3142   Cb: 12.2802   Cr: 14.0423 )
00000543: 12.6057   (Y': 12.3487   Cb: 12.3922   Cr: 14.1195 )
00000544: 12.6182   (Y': 12.3859   Cb: 12.3223   Cr: 14.1072 )
00000545: 12.6462   (Y': 12.4108   Cb: 12.3953   Cr: 14.0866 )
00000546: 12.7068   (Y': 12.5046   Cb: 12.3971   Cr: 14.0418 )
00000547: 12.6233   (Y': 12.4095   Cb: 12.3112   Cr: 14.0279 )
00000548: 12.6165   (Y': 12.3809   Cb: 12.3408   Cr: 14.0944 )
00000549: 12.5759   (Y': 12.3477   Cb: 12.3209   Cr: 13.9806 )
00000550: 12.5478   (Y': 12.2918   Cb: 12.3308   Cr: 14.0604 )
00000551: 12.5558   (Y': 12.3149   Cb: 12.3139   Cr: 14.0152 )
00000552: 12.5527   (Y': 12.3115   Cb: 12.2958   Cr: 14.0362 )
00000553: 12.5984   (Y': 12.3748   Cb: 12.3153   Cr: 14.0171 )
00000554: 12.5617   (Y': 12.3388   Cb: 12.2702   Cr: 13.989  )
00000555: 12.57     (Y': 12.342    Cb: 12.3119   Cr: 13.9779 )
00000556: 12.5506   (Y': 12.3248   Cb: 12.2657   Cr: 13.9845 )
00000557: 12.5622   (Y': 12.3343   Cb: 12.3221   Cr: 13.9434 )
00000558: 12.5217   (Y': 12.2646   Cb: 12.3354   Cr: 13.9954 )
00000559: 12.5228   (Y': 12.2562   Cb: 12.3577   Cr: 14.023  )
00000560: 12.618    (Y': 12.3906   Cb: 12.3402   Cr: 14.051  )
00000561: 12.5723   (Y': 12.3219   Cb: 12.324    Cr: 14.0982 )
00000562: 12.5589   (Y': 12.3334   Cb: 12.2766   Cr: 13.9873 )
00000563: 12.544    (Y': 12.3002   Cb: 12.2908   Cr: 14.0375 )
00000564: 12.5481   (Y': 12.3013   Cb: 12.3052   Cr: 14.0443 )
00000565: 12.575    (Y': 12.3166   Cb: 12.3728   Cr: 14.0798 )
00000566: 12.558    (Y': 12.2913   Cb: 12.3733   Cr: 14.0875 )
00000567: 12.539    (Y': 12.2923   Cb: 12.2909   Cr: 14.0421 )
00000568: 12.5516   (Y': 12.2998   Cb: 12.3263   Cr: 14.0514 )
00000569: 12.5366   (Y': 12.2546   Cb: 12.3768   Cr: 14.1222 )
00000570: 12.5299   (Y': 12.2681   Cb: 12.3478   Cr: 14.0253 )
00000571: 12.5432   (Y': 12.2796   Cb: 12.3635   Cr: 14.0464 )
00000572: 12.5258   (Y': 12.2519   Cb: 12.3395   Cr: 14.1014 )
00000574: 12.5393   (Y': 12.2707   Cb: 12.3302   Cr: 14.1159 )
00000573: 12.5343   (Y': 12.2748   Cb: 12.3411   Cr: 14.0327 )
00000575: 12.5331   (Y': 12.265    Cb: 12.37     Cr: 14.0386 )
00000576: 12.531    (Y': 12.2739   Cb: 12.321    Cr: 14.04   )
00000577: 12.5024   (Y': 12.2469   Cb: 12.2671   Cr: 14.0398 )
00000578: 12.5321   (Y': 12.2646   Cb: 12.3555   Cr: 14.0542 )
00000579: 12.5104   (Y': 12.2316   Cb: 12.3179   Cr: 14.1253 )
00000580: 12.5186   (Y': 12.2531   Cb: 12.3297   Cr: 14.0467 )
00000582: 12.5217   (Y': 12.2553   Cb: 12.3061   Cr: 14.0954 )
00000581: 12.5238   (Y': 12.2561   Cb: 12.3409   Cr: 14.0558 )
00000583: 12.5488   (Y': 12.2869   Cb: 12.3386   Cr: 14.0868 )
00000584: 12.6073   (Y': 12.3588   Cb: 12.3826   Cr: 14.0866 )
00000585: 12.609    (Y': 12.349    Cb: 12.4092   Cr: 14.1205 )
00000586: 12.7072   (Y': 12.521    Cb: 12.388    Cr: 13.9653 )
00000587: 12.9568   (Y': 12.8228   Cb: 12.4856   Cr: 14.1486 )
00000588: 12.9666   (Y': 12.8111   Cb: 12.5157   Cr: 14.2464 )
00000589: 12.907    (Y': 12.7635   Cb: 12.4577   Cr: 14.1184 )
00000590: 12.8353   (Y': 12.6488   Cb: 12.5074   Cr: 14.1073 )
00000591: 12.7846   (Y': 12.6111   Cb: 12.3702   Cr: 14.1113 )
00000592: 12.767    (Y': 12.583    Cb: 12.3651   Cr: 14.1341 )
00000593: 12.7135   (Y': 12.5189   Cb: 12.3694   Cr: 14.0555 )
00000594: 12.591    (Y': 12.3581   Cb: 12.3071   Cr: 14.0662 )
00000595: 12.5627   (Y': 12.3157   Cb: 12.3374   Cr: 14.0338 )
00000596: 12.5782   (Y': 12.3282   Cb: 12.3393   Cr: 14.0876 )
00000597: 12.5678   (Y': 12.3372   Cb: 12.2938   Cr: 14.0138 )
00000598: 12.5619   (Y': 12.332    Cb: 12.2722   Cr: 14.0274 )
00000599: 12.6864   (Y': 12.4647   Cb: 12.4122   Cr: 14.0812 )
00000600: 12.676    (Y': 12.4532   Cb: 12.3997   Cr: 14.0799 )
00000601: 12.7212   (Y': 12.5157   Cb: 12.4126   Cr: 14.0727 )
00000602: 12.7255   (Y': 12.5425   Cb: 12.3588   Cr: 14.0348 )
00000603: 12.8267   (Y': 12.656    Cb: 12.4369   Cr: 14.101  )
00000604: 12.7091   (Y': 12.4941   Cb: 12.3875   Cr: 14.1352 )
00000606: 12.6815   (Y': 12.4665   Cb: 12.3662   Cr: 14.0983 )
00000605: 12.6907   (Y': 12.4716   Cb: 12.374    Cr: 14.1327 )
00000607: 12.7043   (Y': 12.5035   Cb: 12.3693   Cr: 14.0682 )
00000608: 12.6548   (Y': 12.4304   Cb: 12.3916   Cr: 14.0489 )
00000609: 12.6581   (Y': 12.4271   Cb: 12.4234   Cr: 14.049  )
00000610: 12.5875   (Y': 12.3397   Cb: 12.3262   Cr: 14.1171 )
00000611: 12.5778   (Y': 12.3225   Cb: 12.3482   Cr: 14.1054 )
00000612: 12.5556   (Y': 12.3157   Cb: 12.2696   Cr: 14.0755 )
00000613: 12.5171   (Y': 12.2728   Cb: 12.2656   Cr: 14.0115 )
00000614: 12.6323   (Y': 12.412    Cb: 12.381    Cr: 13.9857 )
00000615: 12.6427   (Y': 12.4278   Cb: 12.3404   Cr: 14.0391 )
00000616: 12.6276   (Y': 12.4082   Cb: 12.312    Cr: 14.0702 )
00000617: 12.5836   (Y': 12.3506   Cb: 12.3365   Cr: 14.0047 )
00000618: 12.5569   (Y': 12.3069   Cb: 12.3508   Cr: 14.0178 )
00000619: 12.5712   (Y': 12.3312   Cb: 12.3247   Cr: 14.0321 )
00000620: 12.553    (Y': 12.3062   Cb: 12.3794   Cr: 13.9475 )
00000621: 12.5769   (Y': 12.3367   Cb: 12.3392   Cr: 14.0261 )
00000623: 12.5626   (Y': 12.3132   Cb: 12.3255   Cr: 14.0655 )
00000622: 12.6292   (Y': 12.3829   Cb: 12.4158   Cr: 14.0783 )
00000624: 12.6046   (Y': 12.357    Cb: 12.3734   Cr: 14.0882 )
00000625: 12.6593   (Y': 12.4447   Cb: 12.3019   Cr: 14.1372 )
00000626: 12.8847   (Y': 12.7183   Cb: 12.462    Cr: 14.183  )
00000627: 12.9597   (Y': 12.8049   Cb: 12.4843   Cr: 14.2722 )
00000628: 12.7976   (Y': 12.6115   Cb: 12.3866   Cr: 14.1911 )
00000629: 12.7003   (Y': 12.473    Cb: 12.3322   Cr: 14.2707 )
00000630: 12.6162   (Y': 12.4013   Cb: 12.2519   Cr: 14.1062 )
00000631: 12.7671   (Y': 12.5838   Cb: 12.341    Cr: 14.1669 )
00000632: 12.8218   (Y': 12.616    Cb: 12.4235   Cr: 14.3103 )
00000633: 12.8009   (Y': 12.5987   Cb: 12.4469   Cr: 14.2009 )
00000634: 12.6436   (Y': 12.4261   Cb: 12.3119   Cr: 14.099  )
00000635: 12.5969   (Y': 12.3683   Cb: 12.2858   Cr: 14.0873 )
00000636: 12.6292   (Y': 12.3974   Cb: 12.3709   Cr: 14.0589 )
00000637: 12.7082   (Y': 12.5055   Cb: 12.3739   Cr: 14.0817 )
00000638: 12.9474   (Y': 12.8098   Cb: 12.4145   Cr: 14.2508 )
00000639: 13.0014   (Y': 12.8829   Cb: 12.4216   Cr: 14.2705 )
00000640: 12.9598   (Y': 12.8058   Cb: 12.5067   Cr: 14.2347 )
00000641: 12.9338   (Y': 12.7763   Cb: 12.4748   Cr: 14.2368 )
00000642: 12.8255   (Y': 12.6511   Cb: 12.4605   Cr: 14.0836 )
00000643: 12.7386   (Y': 12.533    Cb: 12.4131   Cr: 14.1159 )
00000644: 12.6319   (Y': 12.4041   Cb: 12.3241   Cr: 14.1125 )
00000645: 12.6972   (Y': 12.4805   Cb: 12.3807   Cr: 14.1254 )
00000646: 12.8031   (Y': 12.5941   Cb: 12.4518   Cr: 14.2387 )
00000647: 12.7995   (Y': 12.6006   Cb: 12.4583   Cr: 14.1613 )
00000648: 12.7464   (Y': 12.5422   Cb: 12.4031   Cr: 14.1425 )
00000649: 12.6877   (Y': 12.471    Cb: 12.3368   Cr: 14.1672 )
00000650: 12.6607   (Y': 12.4463   Cb: 12.3171   Cr: 14.1158 )
00000651: 12.6032   (Y': 12.3474   Cb: 12.4109   Cr: 14.0786 )
00000652: 12.541    (Y': 12.2788   Cb: 12.3213   Cr: 14.0955 )
00000653: 12.5186   (Y': 12.2171   Cb: 12.4446   Cr: 14.0968 )
00000654: 12.5287   (Y': 12.2612   Cb: 12.3397   Cr: 14.0687 )
00000655: 12.5182   (Y': 12.2408   Cb: 12.35     Cr: 14.0883 )
00000656: 12.5683   (Y': 12.2988   Cb: 12.4205   Cr: 14.0598 )
00000657: 12.521    (Y': 12.2523   Cb: 12.339    Cr: 14.058  )
00000658: 12.5722   (Y': 12.2945   Cb: 12.4421   Cr: 14.087  )
00000659: 12.557    (Y': 12.2987   Cb: 12.3594   Cr: 14.0546 )
00000660: 12.528    (Y': 12.2752   Cb: 12.2975   Cr: 14.0415 )
00000661: 12.5339   (Y': 12.2837   Cb: 12.3446   Cr: 13.9713 )
00000663: 12.5653   (Y': 12.3101   Cb: 12.3572   Cr: 14.0598 )
00000662: 12.5504   (Y': 12.2995   Cb: 12.3567   Cr: 13.9988 )
00000664: 12.5569   (Y': 12.2874   Cb: 12.3643   Cr: 14.1153 )
00000665: 12.5474   (Y': 12.2882   Cb: 12.3308   Cr: 14.0792 )
00000666: 12.5927   (Y': 12.3425   Cb: 12.4041   Cr: 14.029  )
00000667: 12.5809   (Y': 12.3183   Cb: 12.3696   Cr: 14.1247 )
00000668: 12.5457   (Y': 12.3063   Cb: 12.2962   Cr: 14.0074 )
00000669: 12.5583   (Y': 12.2944   Cb: 12.3558   Cr: 14.0975 )
00000670: 12.5823   (Y': 12.3287   Cb: 12.3602   Cr: 14.0881 )
00000671: 12.5635   (Y': 12.2976   Cb: 12.3429   Cr: 14.1413 )
00000672: 12.5128   (Y': 12.2245   Cb: 12.3692   Cr: 14.1124 )
00000673: 12.5522   (Y': 12.2803   Cb: 12.3212   Cr: 14.1834 )
00000674: 12.5362   (Y': 12.2633   Cb: 12.3278   Cr: 14.139  )
00000675: 12.5392   (Y': 12.2621   Cb: 12.364    Cr: 14.1176 )
00000676: 12.5172   (Y': 12.2525   Cb: 12.3055   Cr: 14.0745 )
00000677: 12.5362   (Y': 12.2628   Cb: 12.3345   Cr: 14.1321 )
00000678: 12.5299   (Y': 12.2657   Cb: 12.3179   Cr: 14.085  )
00000679: 12.5069   (Y': 12.2388   Cb: 12.3216   Cr: 14.0461 )
00000680: 12.5332   (Y': 12.2601   Cb: 12.321    Cr: 14.1422 )
00000681: 12.5534   (Y': 12.2892   Cb: 12.3246   Cr: 14.1335 )
00000682: 12.5114   (Y': 12.2376   Cb: 12.314    Cr: 14.1027 )
00000683: 12.5324   (Y': 12.2491   Cb: 12.3697   Cr: 14.1301 )
00000684: 12.552    (Y': 12.2978   Cb: 12.3564   Cr: 14.0222 )
00000685: 12.5147   (Y': 12.2318   Cb: 12.3798   Cr: 14.0685 )
00000686: 12.5265   (Y': 12.2482   Cb: 12.3704   Cr: 14.0834 )
00000687: 12.5686   (Y': 12.3067   Cb: 12.3454   Cr: 14.1256 )
00000688: 12.5506   (Y': 12.2682   Cb: 12.3732   Cr: 14.1647 )
00000689: 12.5396   (Y': 12.2777   Cb: 12.3251   Cr: 14.0842 )
00000690: 12.5926   (Y': 12.3312   Cb: 12.344    Cr: 14.1851 )
00000691: 12.5046   (Y': 12.2207   Cb: 12.3758   Cr: 14.0552 )
00000692: 12.5548   (Y': 12.2877   Cb: 12.3438   Cr: 14.1258 )
00000693: 12.54     (Y': 12.2795   Cb: 12.3618   Cr: 14.0222 )
00000694: 12.5506   (Y': 12.2811   Cb: 12.4012   Cr: 14.0448 )
00000696: 12.5595   (Y': 12.2993   Cb: 12.3482   Cr: 14.089  )
00000695: 12.5471   (Y': 12.2962   Cb: 12.326    Cr: 14.0354 )
00000697: 12.549    (Y': 12.2779   Cb: 12.3781   Cr: 14.0842 )
00000698: 12.5542   (Y': 12.2936   Cb: 12.3612   Cr: 14.0594 )
00000699: 12.5546   (Y': 12.3049   Cb: 12.3331   Cr: 14.0358 )
00000700: 12.5763   (Y': 12.3064   Cb: 12.3989   Cr: 14.1137 )
00000701: 12.5729   (Y': 12.2959   Cb: 12.3994   Cr: 14.1477 )
00000702: 12.5821   (Y': 12.2947   Cb: 12.426    Cr: 14.1956 )
00000703: 12.6141   (Y': 12.3509   Cb: 12.4013   Cr: 14.1634 )
00000704: 12.6043   (Y': 12.3416   Cb: 12.3886   Cr: 14.1559 )
00000705: 12.6085   (Y': 12.3404   Cb: 12.3929   Cr: 14.1924 )
00000706: 12.5721   (Y': 12.3084   Cb: 12.3755   Cr: 14.1011 )
00000707: 12.5796   (Y': 12.318    Cb: 12.3792   Cr: 14.1009 )
00000708: 12.5518   (Y': 12.2894   Cb: 12.3239   Cr: 14.1197 )
00000709: 12.5062   (Y': 12.2289   Cb: 12.3062   Cr: 14.1231 )
00000710: 12.558    (Y': 12.2852   Cb: 12.3472   Cr: 14.1642 )
00000712: 12.5475   (Y': 12.288    Cb: 12.3499   Cr: 14.0521 )
00000711: 12.5632   (Y': 12.2908   Cb: 12.3634   Cr: 14.1501 )
00000713: 12.5223   (Y': 12.2563   Cb: 12.3096   Cr: 14.089  )
00000714: 12.4937   (Y': 12.2244   Cb: 12.2948   Cr: 14.0599 )
00000715: 12.5276   (Y': 12.2508   Cb: 12.3939   Cr: 14.0427 )
00000716: 12.5533   (Y': 12.2926   Cb: 12.3658   Cr: 14.05   )
00000717: 12.5412   (Y': 12.2846   Cb: 12.3264   Cr: 14.0542 )
00000718: 12.5259   (Y': 12.2524   Cb: 12.3406   Cr: 14.0976 )
00000720: 12.5326   (Y': 12.2733   Cb: 12.3524   Cr: 14.0103 )
00000719: 12.5273   (Y': 12.2561   Cb: 12.3482   Cr: 14.0754 )
00000721: 12.51     (Y': 12.2515   Cb: 12.3016   Cr: 14.0249 )
00000722: 12.5199   (Y': 12.2624   Cb: 12.2726   Cr: 14.0873 )
00000723: 12.5317   (Y': 12.2577   Cb: 12.3458   Cr: 14.1074 )
00000724: 12.512    (Y': 12.251    Cb: 12.2971   Cr: 14.0514 )
00000725: 12.5372   (Y': 12.2784   Cb: 12.2941   Cr: 14.1063 )
00000726: 12.55     (Y': 12.2916   Cb: 12.3253   Cr: 14.0891 )
00000727: 12.535    (Y': 12.2755   Cb: 12.3264   Cr: 14.0561 )
00000728: 12.539    (Y': 12.272    Cb: 12.3735   Cr: 14.0411 )
00000729: 12.5272   (Y': 12.2531   Cb: 12.3227   Cr: 14.1313 )
00000730: 12.5107   (Y': 12.2397   Cb: 12.3343   Cr: 14.0535 )
00000731: 12.5154   (Y': 12.2294   Cb: 12.3681   Cr: 14.107  )
00000732: 12.5352   (Y': 12.269    Cb: 12.345    Cr: 14.069  )
00000733: 12.5411   (Y': 12.283    Cb: 12.3064   Cr: 14.0934 )
00000734: 12.5328   (Y': 12.2702   Cb: 12.309    Cr: 14.0955 )
00000735: 12.5453   (Y': 12.3065   Cb: 12.2889   Cr: 14.0138 )
00000736: 12.5317   (Y': 12.2703   Cb: 12.3383   Cr: 14.0424 )
00000737: 12.543    (Y': 12.2898   Cb: 12.3487   Cr: 14.0055 )
00000738: 12.5325   (Y': 12.2757   Cb: 12.3132   Cr: 14.0532 )
00000739: 12.5425   (Y': 12.2767   Cb: 12.3543   Cr: 14.0713 )
00000740: 12.5376   (Y': 12.2628   Cb: 12.3541   Cr: 14.1147 )
00000741: 12.549    (Y': 12.2786   Cb: 12.3616   Cr: 14.1045 )
00000742: 12.5631   (Y': 12.3003   Cb: 12.3962   Cr: 14.043  )
00000743: 12.5343   (Y': 12.2845   Cb: 12.2723   Cr: 14.0777 )
00000744: 12.4935   (Y': 12.212    Cb: 12.3433   Cr: 14.0616 )
00000745: 12.5564   (Y': 12.2979   Cb: 12.3616   Cr: 14.051  )
00000746: 12.5921   (Y': 12.3418   Cb: 12.3933   Cr: 14.0432 )
00000747: 12.5513   (Y': 12.3155   Cb: 12.3017   Cr: 13.9917 )
00000748: 12.6432   (Y': 12.4112   Cb: 12.3652   Cr: 14.1038 )
00000749: 12.5798   (Y': 12.327    Cb: 12.3464   Cr: 14.0982 )
00000750: 12.6252   (Y': 12.3875   Cb: 12.3707   Cr: 14.0842 )
00000751: 12.61     (Y': 12.3855   Cb: 12.3379   Cr: 14.0174 )
00000753: 12.6125   (Y': 12.3945   Cb: 12.3092   Cr: 14.0288 )
00000752: 12.6811   (Y': 12.4504   Cb: 12.393    Cr: 14.1489 )
00000754: 12.5944   (Y': 12.3633   Cb: 12.3172   Cr: 14.0486 )
00000755: 12.6053   (Y': 12.3512   Cb: 12.385    Cr: 14.1116 )
00000756: 12.5815   (Y': 12.3355   Cb: 12.3763   Cr: 14.0173 )
00000757: 12.6119   (Y': 12.3724   Cb: 12.3861   Cr: 14.0394 )
00000758: 12.6164   (Y': 12.3985   Cb: 12.3048   Cr: 14.0443 )
00000759: 12.6165   (Y': 12.3986   Cb: 12.3044   Cr: 14.045  )
00000761: 12.5847   (Y': 12.3238   Cb: 12.3951   Cr: 14.086  )
00000760: 12.5777   (Y': 12.3217   Cb: 12.3649   Cr: 14.0838 )
00000762: 12.5881   (Y': 12.3416   Cb: 12.3454   Cr: 14.0816 )
00000763: 12.5474   (Y': 12.2769   Cb: 12.3557   Cr: 14.11   )
00000764: 12.5707   (Y': 12.3123   Cb: 12.3239   Cr: 14.1422 )
00000765: 12.5404   (Y': 12.2763   Cb: 12.3222   Cr: 14.1043 )
00000766: 12.52     (Y': 12.2404   Cb: 12.3671   Cr: 14.0806 )
00000767: 12.5653   (Y': 12.305    Cb: 12.3588   Cr: 14.0876 )
00000768: 12.5236   (Y': 12.2415   Cb: 12.3973   Cr: 14.0603 )
00000769: 12.5167   (Y': 12.2281   Cb: 12.3692   Cr: 14.124  )
00000770: 12.5527   (Y': 12.2871   Cb: 12.3807   Cr: 14.0559 )
00000771: 12.5147   (Y': 12.2505   Cb: 12.3186   Cr: 14.0455 )
00000772: 12.546    (Y': 12.2835   Cb: 12.346    Cr: 14.0724 )
00000773: 12.5056   (Y': 12.2221   Cb: 12.3369   Cr: 14.1138 )
00000774: 12.5519   (Y': 12.289    Cb: 12.3327   Cr: 14.1095 )
00000775: 12.5824   (Y': 12.3443   Cb: 12.3296   Cr: 14.0412 )
00000776: 12.5512   (Y': 12.2934   Cb: 12.3595   Cr: 14.0367 )
00000778: 12.5579   (Y': 12.2917   Cb: 12.3275   Cr: 14.1532 )
00000777: 12.5312   (Y': 12.2585   Cb: 12.3437   Cr: 14.1015 )
00000779: 12.6596   (Y': 12.4163   Cb: 12.3766   Cr: 14.1955 )
00000780: 12.6735   (Y': 12.4253   Cb: 12.4073   Cr: 14.2127 )
00000781: 12.7243   (Y': 12.4892   Cb: 12.4724   Cr: 14.1643 )
00000783: 12.6654   (Y': 12.4509   Cb: 12.3357   Cr: 14.1    )
00000782: 12.7185   (Y': 12.5105   Cb: 12.3701   Cr: 14.1437 )
00000784: 12.6197   (Y': 12.3719   Cb: 12.3954   Cr: 14.0945 )
00000785: 12.6204   (Y': 12.3851   Cb: 12.3487   Cr: 14.0911 )
00000786: 12.7027   (Y': 12.4812   Cb: 12.3813   Cr: 14.1664 )
00000787: 12.7146   (Y': 12.5088   Cb: 12.3606   Cr: 14.1359 )
00000788: 12.7607   (Y': 12.5625   Cb: 12.3898   Cr: 14.1635 )
00000789: 12.7738   (Y': 12.5914   Cb: 12.3528   Cr: 14.1608 )
00000790: 12.7805   (Y': 12.5958   Cb: 12.3822   Cr: 14.1462 )
00000791: 12.7473   (Y': 12.5691   Cb: 12.2883   Cr: 14.1675 )
00000792: 12.7116   (Y': 12.521    Cb: 12.3214   Cr: 14.099  )
00000793: 12.6811   (Y': 12.4815   Cb: 12.3067   Cr: 14.0966 )
00000794: 12.775    (Y': 12.6056   Cb: 12.303    Cr: 14.1652 )
00000795: 12.8018   (Y': 12.6372   Cb: 12.3128   Cr: 14.1911 )
00000796: 12.7894   (Y': 12.6225   Cb: 12.3266   Cr: 14.1509 )
00000797: 12.7715   (Y': 12.6071   Cb: 12.3015   Cr: 14.1298 )
00000798: 12.695    (Y': 12.5047   Cb: 12.3277   Cr: 14.0469 )
00000799: 12.6942   (Y': 12.5002   Cb: 12.3372   Cr: 14.0516 )
00000800: 12.791    (Y': 12.6458   Cb: 12.2939   Cr: 14.0822 )
00000801: 12.8521   (Y': 12.7247   Cb: 12.3301   Cr: 14.083  )
00000802: 12.8326   (Y': 12.6811   Cb: 12.3266   Cr: 14.1733 )
00000803: 12.8247   (Y': 12.6704   Cb: 12.2677   Cr: 14.2607 )
00000804: 12.7553   (Y': 12.6104   Cb: 12.2219   Cr: 14.101  )
00000805: 12.7082   (Y': 12.5512   Cb: 12.2268   Cr: 14.0422 )
00000806: 12.7569   (Y': 12.6171   Cb: 12.2654   Cr: 14.0101 )
00000807: 12.8337   (Y': 12.7437   Cb: 12.2045   Cr: 14.0236 )
00000808: 12.9287   (Y': 12.8408   Cb: 12.3266   Cr: 14.0667 )
00000809: 13.0685   (Y': 13.0248   Cb: 12.3148   Cr: 14.2036 )
00000811: 13.2349   (Y': 13.1683   Cb: 12.5539   Cr: 14.3786 )
00000810: 13.1877   (Y': 13.1023   Cb: 12.5205   Cr: 14.4112 )
00000812: 13.0812   (Y': 13.0206   Cb: 12.3982   Cr: 14.1966 )
00000813: 13.0024   (Y': 12.8793   Cb: 12.4413   Cr: 14.2689 )
00000815: 13.334    (Y': 13.2765   Cb: 12.6053   Cr: 14.5027 )
00000814: 13.1561   (Y': 13.0578   Cb: 12.5354   Cr: 14.3784 )
00000816: 13.4457   (Y': 13.4298   Cb: 12.6558   Cr: 14.4928 )
00000817: 13.4919   (Y': 13.4824   Cb: 12.6625   Cr: 14.5667 )
00000818: 13.4573   (Y': 13.4083   Cb: 12.6945   Cr: 14.6342 )
00000819: 13.4296   (Y': 13.4201   Cb: 12.5997   Cr: 14.5053 )
00000820: 13.1161   (Y': 12.9792   Cb: 12.5493   Cr: 14.4677 )
00000821: 12.9421   (Y': 12.7309   Cb: 12.5375   Cr: 14.4724 )
00000823: 13.0237   (Y': 12.8496   Cb: 12.5593   Cr: 14.4294 )
00000822: 12.8603   (Y': 12.645    Cb: 12.4997   Cr: 14.3469 )
00000824: 13.2224   (Y': 13.1106   Cb: 12.5899   Cr: 14.5362 )
00000825: 13.3324   (Y': 13.2748   Cb: 12.604    Cr: 14.5018 )
00000826: 13.3599   (Y': 13.3098   Cb: 12.6262   Cr: 14.498  )
00000827: 13.283    (Y': 13.2084   Cb: 12.6777   Cr: 14.3562 )
00000828: 13.2579   (Y': 13.1812   Cb: 12.5652   Cr: 14.4736 )
00000829: 13.2919   (Y': 13.2489   Cb: 12.6068   Cr: 14.3194 )
00000830: 13.2058   (Y': 13.1195   Cb: 12.5855   Cr: 14.3623 )
00000831: 13.0221   (Y': 12.952    Cb: 12.3708   Cr: 14.1399 )
00000832: 12.9572   (Y': 12.8798   Cb: 12.3184   Cr: 14.0944 )
00000833: 12.842    (Y': 12.7051   Cb: 12.2788   Cr: 14.1881 )
00000834: 12.7666   (Y': 12.6354   Cb: 12.1894   Cr: 14.103  )
00000835: 12.9308   (Y': 12.8409   Cb: 12.2241   Cr: 14.2407 )
00000836: 12.9434   (Y': 12.8441   Cb: 12.2509   Cr: 14.283  )
00000837: 12.907    (Y': 12.7654   Cb: 12.3164   Cr: 14.3227 )
00000839: 13.062    (Y': 12.9472   Cb: 12.477    Cr: 14.3194 )
00000838: 12.9426   (Y': 12.8338   Cb: 12.2882   Cr: 14.2743 )
00000840: 13.028    (Y': 12.9053   Cb: 12.4506   Cr: 14.317  )
00000841: 13.0627   (Y': 12.9158   Cb: 12.541    Cr: 14.4011 )
00000842: 12.9671   (Y': 12.7961   Cb: 12.4638   Cr: 14.415  )
00000844: 12.8096   (Y': 12.5941   Cb: 12.4218   Cr: 14.3393 )
00000843: 12.9115   (Y': 12.7234   Cb: 12.48     Cr: 14.3477 )
00000845: 12.8506   (Y': 12.6238   Cb: 12.4975   Cr: 14.3945 )
00000847: 13.0135   (Y': 12.8648   Cb: 12.5077   Cr: 14.3381 )
00000846: 12.9882   (Y': 12.8209   Cb: 12.506    Cr: 14.3822 )
00000848: 13.0017   (Y': 12.8485   Cb: 12.5114   Cr: 14.3279 )
00000849: 12.9482   (Y': 12.772    Cb: 12.5269   Cr: 14.3002 )
00000850: 12.9365   (Y': 12.8076   Cb: 12.3716   Cr: 14.2409 )
00000851: 12.7992   (Y': 12.626    Cb: 12.3652   Cr: 14.1532 )
00000852: 12.7097   (Y': 12.5157   Cb: 12.3573   Cr: 14.0596 )
00000853: 12.6167   (Y': 12.3968   Cb: 12.3317   Cr: 14.0167 )
00000854: 12.5369   (Y': 12.2863   Cb: 12.3165   Cr: 14.0223 )
00000855: 12.5674   (Y': 12.3448   Cb: 12.2741   Cr: 13.9951 )
00000856: 12.6124   (Y': 12.3941   Cb: 12.3447   Cr: 13.978  )
00000857: 12.5602   (Y': 12.3405   Cb: 12.2633   Cr: 13.9766 )
00000858: 12.5992   (Y': 12.3711   Cb: 12.3045   Cr: 14.0618 )
00000860: 12.597    (Y': 12.3642   Cb: 12.3227   Cr: 14.0568 )
00000859: 12.5379   (Y': 12.298    Cb: 12.2939   Cr: 13.9947 )
00000861: 12.5905   (Y': 12.3597   Cb: 12.2971   Cr: 14.0668 )
00000862: 12.5801   (Y': 12.3376   Cb: 12.3288   Cr: 14.0629 )
00000863: 12.5988   (Y': 12.3635   Cb: 12.2976   Cr: 14.1135 )
00000864: 12.5996   (Y': 12.3613   Cb: 12.3069   Cr: 14.1199 )
00000865: 12.6304   (Y': 12.4113   Cb: 12.3275   Cr: 14.0523 )
00000866: 12.6021   (Y': 12.375    Cb: 12.3107   Cr: 14.0536 )
00000867: 12.6525   (Y': 12.4452   Cb: 12.2926   Cr: 14.0914 )
00000868: 12.6053   (Y': 12.3799   Cb: 12.3068   Cr: 14.0578 )
00000869: 12.6926   (Y': 12.5125   Cb: 12.2979   Cr: 14.0267 )
00000870: 12.7077   (Y': 12.5275   Cb: 12.3009   Cr: 14.0603 )
00000871: 12.7461   (Y': 12.552    Cb: 12.3794   Cr: 14.1179 )
00000872: 12.6983   (Y': 12.5017   Cb: 12.2887   Cr: 14.1504 )
00000873: 12.6789   (Y': 12.474    Cb: 12.2874   Cr: 14.1514 )
00000874: 12.7253   (Y': 12.531    Cb: 12.3141   Cr: 14.1661 )
00000875: 12.6997   (Y': 12.4786   Cb: 12.3298   Cr: 14.2349 )
00000876: 12.6173   (Y': 12.3884   Cb: 12.2808   Cr: 14.1479 )
00000877: 12.6052   (Y': 12.3772   Cb: 12.3226   Cr: 14.0494 )
00000878: 12.5856   (Y': 12.3529   Cb: 12.2948   Cr: 14.0691 )
00000879: 12.6156   (Y': 12.3894   Cb: 12.3138   Cr: 14.0778 )
00000880: 12.613    (Y': 12.3872   Cb: 12.2752   Cr: 14.1266 )
00000881: 12.6137   (Y': 12.3996   Cb: 12.2443   Cr: 14.1065 )
00000882: 12.6015   (Y': 12.3533   Cb: 12.3455   Cr: 14.1254 )
00000883: 12.5711   (Y': 12.3261   Cb: 12.282    Cr: 14.1265 )
00000884: 12.5648   (Y': 12.3321   Cb: 12.2639   Cr: 14.0645 )
00000885: 12.5694   (Y': 12.3419   Cb: 12.2801   Cr: 14.0206 )
00000886: 12.6213   (Y': 12.3956   Cb: 12.2777   Cr: 14.1431 )
00000887: 12.5871   (Y': 12.3459   Cb: 12.2841   Cr: 14.141  )
00000888: 12.6294   (Y': 12.4095   Cb: 12.3156   Cr: 14.0718 )
00000889: 12.5774   (Y': 12.3258   Cb: 12.3008   Cr: 14.1537 )
00000890: 12.5555   (Y': 12.3212   Cb: 12.2702   Cr: 14.0405 )
00000891: 12.6031   (Y': 12.3531   Cb: 12.3639   Cr: 14.113  )
00000892: 12.6418   (Y': 12.3991   Cb: 12.387    Cr: 14.1309 )
00000893: 12.6398   (Y': 12.4096   Cb: 12.3431   Cr: 14.1174 )
00000894: 12.6381   (Y': 12.4114   Cb: 12.3376   Cr: 14.1007 )
00000895: 12.5908   (Y': 12.3413   Cb: 12.3487   Cr: 14.102  )
00000896: 12.6289   (Y': 12.4091   Cb: 12.3243   Cr: 14.0576 )
00000897: 12.5981   (Y': 12.3572   Cb: 12.3272   Cr: 14.1006 )
00000898: 12.594    (Y': 12.3358   Cb: 12.35     Cr: 14.1606 )
00000899: 12.6169   (Y': 12.3777   Cb: 12.3543   Cr: 14.0972 )
00000900: 12.5765   (Y': 12.3229   Cb: 12.3245   Cr: 14.1269 )
00000901: 12.5829   (Y': 12.3281   Cb: 12.3103   Cr: 14.1723 )
00000902: 12.6042   (Y': 12.3802   Cb: 12.2608   Cr: 14.1161 )
00000903: 12.5663   (Y': 12.329    Cb: 12.3093   Cr: 14.0266 )
00000904: 12.5972   (Y': 12.3535   Cb: 12.3231   Cr: 14.1219 )
00000905: 12.5727   (Y': 12.3213   Cb: 12.3334   Cr: 14.0912 )
00000906: 12.616    (Y': 12.3678   Cb: 12.372    Cr: 14.1219 )
00000907: 12.7001   (Y': 12.4852   Cb: 12.3873   Cr: 14.1126 )
00000908: 12.6977   (Y': 12.4665   Cb: 12.3692   Cr: 14.2301 )
00000909: 12.7372   (Y': 12.547    Cb: 12.3168   Cr: 14.168  )
00000910: 12.7158   (Y': 12.5067   Cb: 12.3705   Cr: 14.1424 )
00000911: 12.6234   (Y': 12.3727   Cb: 12.3674   Cr: 14.1625 )
00000912: 12.7635   (Y': 12.5622   Cb: 12.4009   Cr: 14.1715 )
00000913: 12.7841   (Y': 12.5616   Cb: 12.4572   Cr: 14.2627 )
00000914: 12.8425   (Y': 12.6644   Cb: 12.4019   Cr: 14.2346 )
00000915: 12.7288   (Y': 12.5158   Cb: 12.4034   Cr: 14.1494 )
00000916: 12.8382   (Y': 12.6577   Cb: 12.3766   Cr: 14.2767 )
00000917: 12.9987   (Y': 12.8637   Cb: 12.4567   Cr: 14.3011 )
00000918: 12.8668   (Y': 12.7186   Cb: 12.3816   Cr: 14.1573 )
00000919: 12.767    (Y': 12.5795   Cb: 12.3538   Cr: 14.1711 )
00000920: 12.7618   (Y': 12.5754   Cb: 12.365    Cr: 14.1345 )
00000921: 12.7694   (Y': 12.572    Cb: 12.4463   Cr: 14.0962 )
00000922: 12.7228   (Y': 12.5303   Cb: 12.4056   Cr: 14.0129 )
00000923: 12.7396   (Y': 12.5442   Cb: 12.3691   Cr: 14.1254 )
00000924: 12.8496   (Y': 12.6622   Cb: 12.4643   Cr: 14.2117 )
00000925: 12.9273   (Y': 12.7534   Cb: 12.5027   Cr: 14.2711 )
00000926: 13.0358   (Y': 12.9089   Cb: 12.5025   Cr: 14.2809 )
00000927: 13.067    (Y': 12.9297   Cb: 12.5005   Cr: 14.4213 )
00000928: 12.9283   (Y': 12.7623   Cb: 12.4679   Cr: 14.2811 )
00000929: 12.8444   (Y': 12.6495   Cb: 12.4709   Cr: 14.2313 )
00000930: 12.7904   (Y': 12.5771   Cb: 12.4047   Cr: 14.304  )
00000931: 12.7013   (Y': 12.4434   Cb: 12.404    Cr: 14.3483 )
00000932: 12.667    (Y': 12.4259   Cb: 12.3704   Cr: 14.2097 )
00000933: 12.6837   (Y': 12.4273   Cb: 12.4161   Cr: 14.2756 )
00000934: 12.8188   (Y': 12.5956   Cb: 12.5126   Cr: 14.2699 )
00000935: 12.8743   (Y': 12.676    Cb: 12.4476   Cr: 14.3624 )
00000936: 12.8462   (Y': 12.6237   Cb: 12.4752   Cr: 14.3919 )
00000937: 12.8021   (Y': 12.6042   Cb: 12.3952   Cr: 14.2579 )
00000938: 12.7039   (Y': 12.4529   Cb: 12.4355   Cr: 14.2637 )
00000939: 12.7682   (Y': 12.5557   Cb: 12.4012   Cr: 14.2478 )
00000940: 12.9087   (Y': 12.7435   Cb: 12.4827   Cr: 14.2054 )
00000941: 12.962    (Y': 12.8002   Cb: 12.4891   Cr: 14.3104 )
00000942: 12.9155   (Y': 12.7395   Cb: 12.4893   Cr: 14.2734 )
00000943: 12.9045   (Y': 12.7029   Cb: 12.516    Cr: 14.3534 )
00000944: 12.9046   (Y': 12.7231   Cb: 12.5014   Cr: 14.2596 )
00000945: 12.8537   (Y': 12.6444   Cb: 12.4965   Cr: 14.2998 )
00000946: 12.742    (Y': 12.4843   Cb: 12.4613   Cr: 14.3615 )
00000947: 12.7346   (Y': 12.4952   Cb: 12.4666   Cr: 14.2238 )
00000948: 12.7529   (Y': 12.5084   Cb: 12.4719   Cr: 14.293  )
00000949: 12.8147   (Y': 12.593    Cb: 12.4697   Cr: 14.3155 )
00000950: 12.7654   (Y': 12.5135   Cb: 12.5054   Cr: 14.3175 )
00000951: 12.7967   (Y': 12.5801   Cb: 12.4734   Cr: 14.2348 )
00000952: 12.7374   (Y': 12.5      Cb: 12.4205   Cr: 14.2895 )
00000953: 12.8849   (Y': 12.6876   Cb: 12.5111   Cr: 14.2862 )
00000954: 12.8992   (Y': 12.7119   Cb: 12.4621   Cr: 14.3391 )
00000956: 12.8611   (Y': 12.6622   Cb: 12.4386   Cr: 14.3457 )
00000955: 12.8866   (Y': 12.7023   Cb: 12.4787   Cr: 14.2646 )
00000957: 12.8027   (Y': 12.5937   Cb: 12.4714   Cr: 14.2083 )
00000958: 12.7674   (Y': 12.5534   Cb: 12.4136   Cr: 14.2359 )
Total: 12.8575   (Y': 12.6555   Cb: 12.4881   Cr: 14.2796 )
