00000007: 12.54     (Y': 12.0966   Cb: 12.7428   Cr: 14.6464 )
00000000: 31.7036   (Y': 40.8341   Cb: 27.3013   Cr: 27.3013 )
00000001: 12.3993   (Y': 11.9581   Cb: 12.5975   Cr: 14.4973 )
00000003: 12.4886   (Y': 12.0235   Cb: 12.756    Cr: 14.6529 )
00000004: 12.4943   (Y': 12.0359   Cb: 12.7828   Cr: 14.5772 )
00000005: 12.6444   (Y': 12.2031   Cb: 12.8969   Cr: 14.6604 )
00000002: 12.4624   (Y': 11.9899   Cb: 12.7867   Cr: 14.5941 )
00000006: 12.607    (Y': 12.1538   Cb: 12.8655   Cr: 14.699  )
00000008: 12.5575   (Y': 12.1332   Cb: 12.7004   Cr: 14.6211 )
00000009: 12.5285   (Y': 12.1022   Cb: 12.7299   Cr: 14.5163 )
00000010: 12.5588   (Y': 12.1372   Cb: 12.7112   Cr: 14.5883 )
00000013: 12.5402   (Y': 12.1244   Cb: 12.6483   Cr: 14.5982 )
00000012: 12.5505   (Y': 12.1111   Cb: 12.7394   Cr: 14.6497 )
00000011: 12.5616   (Y': 12.1422   Cb: 12.6984   Cr: 14.599  )
00000014: 12.5339   (Y': 12.106    Cb: 12.7139   Cr: 14.5655 )
00000015: 12.5464   (Y': 12.1206   Cb: 12.7362   Cr: 14.5476 )
00000016: 12.5205   (Y': 12.1023   Cb: 12.6747   Cr: 14.5233 )
00000017: 12.5363   (Y': 12.1076   Cb: 12.6887   Cr: 14.6157 )
00000018: 12.5723   (Y': 12.1495   Cb: 12.7116   Cr: 14.6306 )
00000021: 12.5129   (Y': 12.0766   Cb: 12.6729   Cr: 14.6355 )
00000020: 12.5667   (Y': 12.1519   Cb: 12.6998   Cr: 14.5784 )
00000019: 12.5754   (Y': 12.1564   Cb: 12.6952   Cr: 14.637  )
00000023: 12.5412   (Y': 12.1327   Cb: 12.6338   Cr: 14.5707 )
00000022: 12.5546   (Y': 12.1281   Cb: 12.7447   Cr: 14.5605 )
00000024: 12.5746   (Y': 12.1511   Cb: 12.733    Cr: 14.608  )
00000025: 12.5395   (Y': 12.1182   Cb: 12.6805   Cr: 14.5849 )
00000026: 12.4846   (Y': 12.0456   Cb: 12.6539   Cr: 14.6111 )
00000027: 12.556    (Y': 12.1389   Cb: 12.6851   Cr: 14.5897 )
00000029: 12.5661   (Y': 12.1654   Cb: 12.6272   Cr: 14.5908 )
00000028: 12.5749   (Y': 12.1604   Cb: 12.7298   Cr: 14.5505 )
00000031: 12.5755   (Y': 12.1687   Cb: 12.7004   Cr: 14.5441 )
00000030: 12.6048   (Y': 12.1814   Cb: 12.7504   Cr: 14.6573 )
00000032: 12.566    (Y': 12.1485   Cb: 12.7167   Cr: 14.5695 )
00000033: 12.6334   (Y': 12.2492   Cb: 12.7137   Cr: 14.5158 )
00000034: 12.5186   (Y': 12.0776   Cb: 12.7257   Cr: 14.6014 )
00000037: 12.6063   (Y': 12.1862   Cb: 12.712    Cr: 14.6979 )
00000035: 12.568    (Y': 12.1323   Cb: 12.75     Cr: 14.6512 )
00000036: 12.5782   (Y': 12.1624   Cb: 12.7388   Cr: 14.5545 )
00000038: 12.5727   (Y': 12.1369   Cb: 12.7234   Cr: 14.706  )
00000039: 12.5109   (Y': 12.0539   Cb: 12.7363   Cr: 14.6811 )
00000040: 12.4934   (Y': 12.0416   Cb: 12.7182   Cr: 14.6273 )
00000041: 12.4915   (Y': 12.0311   Cb: 12.7209   Cr: 14.6808 )
00000042: 12.525    (Y': 12.0635   Cb: 12.7396   Cr: 14.7455 )
00000043: 12.5271   (Y': 12.0865   Cb: 12.6933   Cr: 14.6701 )
00000044: 12.623    (Y': 12.18     Cb: 12.765    Cr: 14.8226 )
00000045: 12.6565   (Y': 12.2226   Cb: 12.8228   Cr: 14.7519 )
00000046: 12.7001   (Y': 12.2606   Cb: 12.7863   Cr: 14.9647 )
00000047: 12.5888   (Y': 12.1275   Cb: 12.7981   Cr: 14.8163 )
00000048: 12.5061   (Y': 12.0122   Cb: 12.7687   Cr: 14.8953 )
00000050: 12.4593   (Y': 11.9533   Cb: 12.7913   Cr: 14.83   )
00000049: 12.5041   (Y': 11.9894   Cb: 12.8438   Cr: 14.9315 )
00000051: 12.4679   (Y': 11.9589   Cb: 12.7794   Cr: 14.895  )
00000052: 12.4801   (Y': 11.9955   Cb: 12.7107   Cr: 14.8491 )
00000053: 13.5551   (Y': 13.302    Cb: 13.1764   Cr: 15.3021 )
00000054: 14.1648   (Y': 14.0301   Cb: 13.4662   Cr: 15.7173 )
00000055: 14.0459   (Y': 13.8987   Cb: 13.4073   Cr: 15.5715 )
00000056: 13.3835   (Y': 13.1175   Cb: 13.0777   Cr: 15.0942 )
00000058: 12.6206   (Y': 12.1943   Cb: 12.7077   Cr: 14.7862 )
00000057: 12.9128   (Y': 12.5394   Cb: 12.8578   Cr: 14.9321 )
00000059: 12.5909   (Y': 12.1496   Cb: 12.7421   Cr: 14.7631 )
00000060: 12.6044   (Y': 12.1903   Cb: 12.7001   Cr: 14.669  )
00000061: 12.7434   (Y': 12.3572   Cb: 12.7694   Cr: 14.7224 )
00000062: 12.759    (Y': 12.3731   Cb: 12.7264   Cr: 14.8298 )
00000063: 12.6521   (Y': 12.2367   Cb: 12.768    Cr: 14.6941 )
00000064: 12.6221   (Y': 12.1783   Cb: 12.7929   Cr: 14.7815 )
00000065: 12.3986   (Y': 11.9263   Cb: 12.6346   Cr: 14.6659 )
00000066: 12.4352   (Y': 11.9543   Cb: 12.6878   Cr: 14.7404 )
00000067: 12.4054   (Y': 11.9252   Cb: 12.6779   Cr: 14.6736 )
00000068: 12.4368   (Y': 11.9704   Cb: 12.6797   Cr: 14.6488 )
00000069: 12.4891   (Y': 12.0424   Cb: 12.6639   Cr: 14.6632 )
00000070: 12.4728   (Y': 12.0262   Cb: 12.7132   Cr: 14.544  )
00000071: 12.5139   (Y': 12.0494   Cb: 12.7633   Cr: 14.7011 )
00000072: 12.5134   (Y': 12.0688   Cb: 12.6821   Cr: 14.6824 )
00000073: 12.5487   (Y': 12.1221   Cb: 12.6825   Cr: 14.6421 )
00000074: 12.5583   (Y': 12.1279   Cb: 12.6979   Cr: 14.6704 )
00000075: 12.5303   (Y': 12.0835   Cb: 12.7119   Cr: 14.6949 )
00000076: 12.524    (Y': 12.0681   Cb: 12.7481   Cr: 14.6874 )
00000077: 12.4515   (Y': 11.9947   Cb: 12.6579   Cr: 14.65   )
00000078: 12.4755   (Y': 12.0157   Cb: 12.7095   Cr: 14.653  )
00000079: 12.4986   (Y': 12.0366   Cb: 12.7326   Cr: 14.6928 )
00000080: 12.5473   (Y': 12.0998   Cb: 12.7285   Cr: 14.7173 )
00000081: 12.4943   (Y': 12.0257   Cb: 12.7547   Cr: 14.6949 )
00000082: 12.6197   (Y': 12.1559   Cb: 12.8373   Cr: 14.8518 )
00000083: 12.6103   (Y': 12.1695   Cb: 12.7924   Cr: 14.7298 )
00000085: 12.4682   (Y': 11.9613   Cb: 12.8671   Cr: 14.741  )
00000084: 12.5049   (Y': 12.0262   Cb: 12.7699   Cr: 14.7736 )
00000087: 12.442    (Y': 11.9403   Cb: 12.7688   Cr: 14.7874 )
00000086: 12.4582   (Y': 11.9616   Cb: 12.7498   Cr: 14.8209 )
00000088: 12.3624   (Y': 11.8397   Cb: 12.7475   Cr: 14.7789 )
00000089: 12.3855   (Y': 11.8645   Cb: 12.7681   Cr: 14.793  )
00000090: 12.3464   (Y': 11.8127   Cb: 12.813    Cr: 14.7203 )
00000091: 12.3484   (Y': 11.8273   Cb: 12.7253   Cr: 14.7655 )
00000092: 12.411    (Y': 11.8935   Cb: 12.8265   Cr: 14.7395 )
00000093: 12.3924   (Y': 11.8815   Cb: 12.7712   Cr: 14.7276 )
00000094: 12.424    (Y': 11.8987   Cb: 12.8073   Cr: 14.8638 )
00000095: 12.4272   (Y': 11.9385   Cb: 12.6795   Cr: 14.7925 )
00000096: 12.392    (Y': 11.8788   Cb: 12.7552   Cr: 14.7695 )
00000098: 12.3671   (Y': 11.8594   Cb: 12.7426   Cr: 14.6819 )
00000097: 12.3692   (Y': 11.853    Cb: 12.7503   Cr: 14.742  )
00000099: 12.3452   (Y': 11.82     Cb: 12.7583   Cr: 14.7367 )
00000101: 12.3591   (Y': 11.8495   Cb: 12.7082   Cr: 14.7308 )
00000100: 12.3885   (Y': 11.8842   Cb: 12.6941   Cr: 14.7887 )
00000102: 12.4541   (Y': 11.9478   Cb: 12.7967   Cr: 14.811  )
00000103: 12.4243   (Y': 11.938    Cb: 12.7177   Cr: 14.7058 )
00000104: 12.5845   (Y': 12.1068   Cb: 12.8239   Cr: 14.8867 )
00000105: 12.5323   (Y': 12.0652   Cb: 12.7382   Cr: 14.8081 )
00000106: 12.5623   (Y': 12.1073   Cb: 12.7609   Cr: 14.7599 )
00000107: 12.63     (Y': 12.1939   Cb: 12.7612   Cr: 14.7966 )
00000109: 12.6358   (Y': 12.2258   Cb: 12.6637   Cr: 14.7801 )
00000108: 12.6448   (Y': 12.2312   Cb: 12.7221   Cr: 14.7346 )
00000110: 12.6099   (Y': 12.2015   Cb: 12.6624   Cr: 14.7021 )
00000111: 12.6396   (Y': 12.2468   Cb: 12.6923   Cr: 14.6226 )
00000113: 12.6076   (Y': 12.2104   Cb: 12.6829   Cr: 14.5859 )
00000112: 12.6366   (Y': 12.2309   Cb: 12.6957   Cr: 14.7001 )
00000114: 12.6072   (Y': 12.2212   Cb: 12.597    Cr: 14.6427 )
00000115: 12.5862   (Y': 12.1743   Cb: 12.6623   Cr: 14.6665 )
00000116: 12.5623   (Y': 12.1638   Cb: 12.594    Cr: 14.6177 )
00000118: 12.5408   (Y': 12.1496   Cb: 12.5521   Cr: 14.5774 )
00000117: 12.5301   (Y': 12.134    Cb: 12.555    Cr: 14.58   )
00000119: 12.538    (Y': 12.1253   Cb: 12.6079   Cr: 14.6336 )
00000121: 12.5142   (Y': 12.0799   Cb: 12.6471   Cr: 14.6648 )
00000120: 12.5204   (Y': 12.11     Cb: 12.5975   Cr: 14.5877 )
00000122: 12.4931   (Y': 12.0675   Cb: 12.5992   Cr: 14.624  )
00000123: 12.5113   (Y': 12.0893   Cb: 12.5742   Cr: 14.6852 )
00000124: 12.5042   (Y': 12.0899   Cb: 12.6244   Cr: 14.5326 )
00000125: 12.5302   (Y': 12.1194   Cb: 12.6112   Cr: 14.595  )
00000126: 12.5591   (Y': 12.166    Cb: 12.5854   Cr: 14.5859 )
00000127: 12.6021   (Y': 12.1895   Cb: 12.6668   Cr: 14.7051 )
00000129: 12.682    (Y': 12.2862   Cb: 12.6888   Cr: 14.7583 )
00000131: 12.6384   (Y': 12.2449   Cb: 12.681    Cr: 14.6421 )
00000130: 12.6583   (Y': 12.2777   Cb: 12.6116   Cr: 14.7145 )
00000128: 12.608    (Y': 12.2086   Cb: 12.6399   Cr: 14.6696 )
00000132: 12.601    (Y': 12.1964   Cb: 12.6516   Cr: 14.6694 )
00000133: 12.5018   (Y': 12.0766   Cb: 12.6163   Cr: 14.6157 )
00000135: 12.4736   (Y': 12.0141   Cb: 12.6645   Cr: 14.7171 )
00000134: 12.4713   (Y': 12.0132   Cb: 12.6528   Cr: 14.719  )
00000136: 12.4816   (Y': 12.0634   Cb: 12.5464   Cr: 14.6254 )
00000137: 12.4952   (Y': 12.0478   Cb: 12.6534   Cr: 14.7005 )
00000139: 12.5448   (Y': 12.1178   Cb: 12.6329   Cr: 14.714  )
00000138: 12.5311   (Y': 12.0889   Cb: 12.6824   Cr: 14.71   )
00000140: 12.6053   (Y': 12.1834   Cb: 12.6908   Cr: 14.742  )
00000141: 12.6341   (Y': 12.2186   Cb: 12.6971   Cr: 14.7609 )
00000143: 12.6109   (Y': 12.2064   Cb: 12.6724   Cr: 14.6612 )
00000142: 12.6382   (Y': 12.2331   Cb: 12.691    Cr: 14.7076 )
00000144: 12.5467   (Y': 12.1259   Cb: 12.646    Cr: 14.6541 )
00000147: 12.493    (Y': 12.0458   Cb: 12.6487   Cr: 14.7012 )
00000148: 12.5335   (Y': 12.1126   Cb: 12.6445   Cr: 14.6227 )
00000146: 12.4993   (Y': 12.0593   Cb: 12.6428   Cr: 14.6746 )
00000145: 12.5064   (Y': 12.0774   Cb: 12.6418   Cr: 14.6144 )
00000149: 12.5241   (Y': 12.0884   Cb: 12.6719   Cr: 14.661  )
00000150: 12.5415   (Y': 12.1293   Cb: 12.609    Cr: 14.6375 )
00000151: 12.6826   (Y': 12.2776   Cb: 12.7302   Cr: 14.7589 )
00000152: 12.6415   (Y': 12.2567   Cb: 12.6512   Cr: 14.637  )
00000155: 12.7318   (Y': 12.3775   Cb: 12.6578   Cr: 14.6508 )
00000153: 12.6519   (Y': 12.2812   Cb: 12.6383   Cr: 14.5869 )
00000154: 12.6908   (Y': 12.3336   Cb: 12.6244   Cr: 14.618  )
00000156: 12.7225   (Y': 12.3484   Cb: 12.7056   Cr: 14.6864 )
00000157: 12.7001   (Y': 12.3285   Cb: 12.6867   Cr: 14.6407 )
00000159: 12.726    (Y': 12.3581   Cb: 12.6644   Cr: 14.7179 )
00000158: 12.7002   (Y': 12.3259   Cb: 12.7127   Cr: 14.6194 )
00000160: 12.7054   (Y': 12.3271   Cb: 12.6764   Cr: 14.7168 )
00000161: 12.6435   (Y': 12.2446   Cb: 12.677    Cr: 14.7    )
00000162: 12.6755   (Y': 12.2811   Cb: 12.7128   Cr: 14.6938 )
00000163: 12.7104   (Y': 12.3162   Cb: 12.7316   Cr: 14.7524 )
00000164: 12.743    (Y': 12.3597   Cb: 12.759    Cr: 14.7184 )
00000165: 12.6767   (Y': 12.2769   Cb: 12.708    Cr: 14.7421 )
00000166: 12.6572   (Y': 12.2676   Cb: 12.679    Cr: 14.6669 )
00000167: 12.5788   (Y': 12.157    Cb: 12.6972   Cr: 14.6623 )
00000168: 12.5574   (Y': 12.1231   Cb: 12.6922   Cr: 14.7056 )
00000169: 12.5817   (Y': 12.1662   Cb: 12.7046   Cr: 14.6143 )
00000170: 12.6353   (Y': 12.2098   Cb: 12.7432   Cr: 14.7618 )
00000171: 12.6658   (Y': 12.2665   Cb: 12.6592   Cr: 14.7892 )
00000172: 12.7727   (Y': 12.4008   Cb: 12.7247   Cr: 14.7701 )
00000173: 12.7893   (Y': 12.4143   Cb: 12.7903   Cr: 14.7308 )
00000174: 12.7655   (Y': 12.3584   Cb: 12.7898   Cr: 14.8945 )
00000175: 12.733    (Y': 12.312    Cb: 12.8421   Cr: 14.8253 )
00000176: 12.6771   (Y': 12.2945   Cb: 12.6661   Cr: 14.6898 )
00000177: 12.6132   (Y': 12.1999   Cb: 12.6726   Cr: 14.7298 )
00000178: 12.5579   (Y': 12.1343   Cb: 12.6593   Cr: 14.6815 )
00000179: 12.6799   (Y': 12.2928   Cb: 12.6887   Cr: 14.6926 )
00000180: 12.7382   (Y': 12.346    Cb: 12.7841   Cr: 14.7282 )
00000183: 12.8135   (Y': 12.4432   Cb: 12.807    Cr: 14.7348 )
00000182: 12.8107   (Y': 12.4356   Cb: 12.8149   Cr: 14.7473 )
00000181: 12.7839   (Y': 12.4072   Cb: 12.7631   Cr: 14.7717 )
00000185: 12.9336   (Y': 12.6056   Cb: 12.8251   Cr: 14.7327 )
00000184: 12.8426   (Y': 12.4787   Cb: 12.7959   Cr: 14.7836 )
00000187: 13.1153   (Y': 12.8687   Cb: 12.7672   Cr: 14.7718 )
00000188: 13.1729   (Y': 12.9654   Cb: 12.7363   Cr: 14.7319 )
00000186: 13.0618   (Y': 12.7938   Cb: 12.7704   Cr: 14.7625 )
00000189: 13.1454   (Y': 12.9207   Cb: 12.7211   Cr: 14.7892 )
00000191: 13.1099   (Y': 12.8746   Cb: 12.7572   Cr: 14.7044 )
00000190: 13.1305   (Y': 12.9314   Cb: 12.6511   Cr: 14.7066 )
00000192: 13.0921   (Y': 12.8602   Cb: 12.7473   Cr: 14.6541 )
00000193: 13.0887   (Y': 12.8508   Cb: 12.6925   Cr: 14.7681 )
00000194: 13.057    (Y': 12.8215   Cb: 12.7127   Cr: 14.6397 )
00000195: 13.005    (Y': 12.7497   Cb: 12.7036   Cr: 14.6424 )
00000196: 12.8665   (Y': 12.5593   Cb: 12.6443   Cr: 14.7087 )
00000197: 12.7709   (Y': 12.4374   Cb: 12.6376   Cr: 14.6448 )
00000198: 12.7679   (Y': 12.4263   Cb: 12.6484   Cr: 14.6743 )
00000199: 12.6588   (Y': 12.256    Cb: 12.7004   Cr: 14.7291 )
00000200: 12.6832   (Y': 12.3084   Cb: 12.6158   Cr: 14.7326 )
00000201: 13.6601   (Y': 13.5324   Cb: 12.9588   Cr: 15.1759 )
00000204: 13.517    (Y': 13.3478   Cb: 12.9271   Cr: 15.0933 )
00000202: 14.0475   (Y': 13.9351   Cb: 13.2759   Cr: 15.5926 )
00000203: 14.0899   (Y': 14.0055   Cb: 13.2348   Cr: 15.6148 )
00000205: 13.3586   (Y': 13.1371   Cb: 12.9058   Cr: 15.0283 )
00000206: 13.0354   (Y': 12.7433   Cb: 12.7716   Cr: 14.8456 )
00000207: 13.0337   (Y': 12.766    Cb: 12.7014   Cr: 14.7984 )
00000208: 13.0783   (Y': 12.8073   Cb: 12.7355   Cr: 14.8801 )
00000211: 13.0614   (Y': 12.8098   Cb: 12.6768   Cr: 14.8077 )
00000209: 13.0241   (Y': 12.746    Cb: 12.705    Cr: 14.8334 )
00000210: 13.0952   (Y': 12.8481   Cb: 12.6858   Cr: 14.8545 )
00000212: 13.1045   (Y': 12.8264   Cb: 12.8273   Cr: 14.8466 )
00000213: 13.0543   (Y': 12.8007   Cb: 12.7278   Cr: 14.7203 )
00000214: 13.0244   (Y': 12.7536   Cb: 12.7502   Cr: 14.7153 )
00000215: 12.9829   (Y': 12.6809   Cb: 12.7708   Cr: 14.7748 )
00000216: 12.8072   (Y': 12.4593   Cb: 12.7246   Cr: 14.6969 )
00000218: 12.7647   (Y': 12.3926   Cb: 12.7239   Cr: 14.7525 )
00000217: 12.7939   (Y': 12.4385   Cb: 12.7468   Cr: 14.6778 )
00000219: 12.7726   (Y': 12.3978   Cb: 12.7264   Cr: 14.7874 )
00000220: 12.7855   (Y': 12.3865   Cb: 12.8188   Cr: 14.8426 )
00000221: 12.6999   (Y': 12.298    Cb: 12.7733   Cr: 14.7143 )
00000222: 12.6341   (Y': 12.2224   Cb: 12.7489   Cr: 14.652  )
00000223: 12.6023   (Y': 12.1815   Cb: 12.7554   Cr: 14.6254 )
00000224: 12.636    (Y': 12.2088   Cb: 12.75     Cr: 14.7657 )
00000228: 12.7      (Y': 12.3177   Cb: 12.7082   Cr: 14.6807 )
00000225: 12.6972   (Y': 12.3139   Cb: 12.7106   Cr: 14.6769 )
00000226: 12.6596   (Y': 12.2656   Cb: 12.6631   Cr: 14.7295 )
00000227: 12.7223   (Y': 12.3643   Cb: 12.695    Cr: 14.5932 )
00000229: 12.6829   (Y': 12.3042   Cb: 12.7005   Cr: 14.6238 )
00000230: 12.6657   (Y': 12.2805   Cb: 12.7011   Cr: 14.624  )
00000231: 12.6314   (Y': 12.2286   Cb: 12.6984   Cr: 14.6622 )
00000232: 12.5872   (Y': 12.1738   Cb: 12.7079   Cr: 14.6076 )
00000233: 12.56     (Y': 12.1425   Cb: 12.6691   Cr: 14.6274 )
00000235: 12.5765   (Y': 12.1604   Cb: 12.6677   Cr: 14.6625 )
00000234: 12.5284   (Y': 12.1182   Cb: 12.6422   Cr: 14.538  )
00000236: 12.5986   (Y': 12.2023   Cb: 12.671    Cr: 14.5757 )
00000237: 12.5913   (Y': 12.1994   Cb: 12.6129   Cr: 14.6168 )
00000238: 12.6106   (Y': 12.2069   Cb: 12.6869   Cr: 14.6326 )
00000239: 12.6442   (Y': 12.2593   Cb: 12.6904   Cr: 14.5834 )
00000240: 12.6635   (Y': 12.2864   Cb: 12.6731   Cr: 14.6059 )
00000243: 12.631    (Y': 12.2374   Cb: 12.6555   Cr: 14.6646 )
00000242: 12.6229   (Y': 12.2242   Cb: 12.6959   Cr: 14.6156 )
00000241: 12.591    (Y': 12.2105   Cb: 12.6241   Cr: 14.5208 )
00000245: 12.6794   (Y': 12.2845   Cb: 12.7166   Cr: 14.7016 )
00000244: 12.7251   (Y': 12.3405   Cb: 12.7404   Cr: 14.7107 )
00000246: 12.6649   (Y': 12.2623   Cb: 12.7307   Cr: 14.6953 )
00000247: 12.475    (Y': 12.0101   Cb: 12.6926   Cr: 14.7157 )
00000248: 12.4841   (Y': 12.0248   Cb: 12.695    Cr: 14.6942 )
00000250: 12.5448   (Y': 12.104    Cb: 12.6679   Cr: 14.7592 )
00000251: 12.4483   (Y': 11.9905   Cb: 12.6443   Cr: 14.6708 )
00000249: 12.5634   (Y': 12.1458   Cb: 12.6383   Cr: 14.6861 )
00000252: 12.4301   (Y': 11.9774   Cb: 12.6545   Cr: 14.5702 )
00000254: 12.4218   (Y': 11.9479   Cb: 12.6779   Cr: 14.6682 )
00000253: 12.4315   (Y': 11.9874   Cb: 12.6001   Cr: 14.5972 )
00000255: 12.4934   (Y': 12.0701   Cb: 12.6565   Cr: 14.5187 )
00000256: 12.5423   (Y': 12.1252   Cb: 12.671    Cr: 14.5764 )
00000257: 12.6079   (Y': 12.203    Cb: 12.6329   Cr: 14.7199 )
00000258: 12.6275   (Y': 12.2146   Cb: 12.7045   Cr: 14.7128 )
00000259: 12.7283   (Y': 12.3455   Cb: 12.7      Cr: 14.7703 )
00000261: 12.4964   (Y': 12.0446   Cb: 12.6999   Cr: 14.6622 )
00000260: 12.5817   (Y': 12.1469   Cb: 12.7128   Cr: 14.739  )
00000262: 12.4872   (Y': 12.0307   Cb: 12.6945   Cr: 14.6821 )
00000263: 12.5368   (Y': 12.1096   Cb: 12.6533   Cr: 14.6622 )
00000264: 12.516    (Y': 12.0873   Cb: 12.6058   Cr: 14.695  )
00000266: 12.6029   (Y': 12.1791   Cb: 12.7498   Cr: 14.6562 )
00000265: 12.5554   (Y': 12.1273   Cb: 12.6871   Cr: 14.6633 )
00000267: 12.5811   (Y': 12.1674   Cb: 12.6979   Cr: 14.6101 )
00000268: 12.5845   (Y': 12.16     Cb: 12.7353   Cr: 14.6369 )
00000269: 12.6739   (Y': 12.2697   Cb: 12.7491   Cr: 14.7008 )
00000270: 12.7488   (Y': 12.3584   Cb: 12.7765   Cr: 14.7545 )
00000271: 12.7912   (Y': 12.4078   Cb: 12.7468   Cr: 14.8637 )
00000272: 12.7304   (Y': 12.3473   Cb: 12.7533   Cr: 14.6932 )
00000273: 12.7343   (Y': 12.3719   Cb: 12.7068   Cr: 14.6353 )
00000274: 12.7027   (Y': 12.3343   Cb: 12.6717   Cr: 14.6499 )
00000275: 12.6953   (Y': 12.3295   Cb: 12.6352   Cr: 14.6701 )
00000277: 12.6276   (Y': 12.2353   Cb: 12.6918   Cr: 14.5899 )
00000276: 12.5955   (Y': 12.1993   Cb: 12.6606   Cr: 14.5827 )
00000278: 12.5167   (Y': 12.0813   Cb: 12.6744   Cr: 14.6355 )
00000279: 12.5707   (Y': 12.1308   Cb: 12.6811   Cr: 14.7984 )
00000280: 12.6361   (Y': 12.2133   Cb: 12.7235   Cr: 14.7766 )
00000281: 12.6081   (Y': 12.1899   Cb: 12.6851   Cr: 14.7316 )
00000282: 12.559    (Y': 12.12     Cb: 12.6686   Cr: 14.7813 )
00000283: 12.539    (Y': 12.0832   Cb: 12.7225   Cr: 14.7665 )
00000285: 12.5226   (Y': 12.0807   Cb: 12.6698   Cr: 14.7057 )
00000284: 12.4889   (Y': 12.0211   Cb: 12.6745   Cr: 14.8027 )
00000286: 12.4659   (Y': 11.9923   Cb: 12.7214   Cr: 14.7109 )
00000287: 12.4406   (Y': 11.9753   Cb: 12.6556   Cr: 14.6888 )
00000288: 12.5115   (Y': 12.0773   Cb: 12.5992   Cr: 14.7346 )
00000289: 12.5075   (Y': 12.0423   Cb: 12.6802   Cr: 14.8227 )
00000290: 12.5169   (Y': 12.0441   Cb: 12.7109   Cr: 14.8553 )
00000291: 12.4828   (Y': 12.0105   Cb: 12.698    Cr: 14.7828 )
00000292: 12.4777   (Y': 11.9944   Cb: 12.6731   Cr: 14.8952 )
00000293: 12.4711   (Y': 11.9919   Cb: 12.7252   Cr: 14.7616 )
00000294: 12.482    (Y': 11.9989   Cb: 12.7641   Cr: 14.7568 )
00000295: 12.4229   (Y': 11.9471   Cb: 12.6437   Cr: 14.741  )
00000297: 12.5168   (Y': 12.055    Cb: 12.7532   Cr: 14.7057 )
00000296: 12.5357   (Y': 12.0737   Cb: 12.7381   Cr: 14.7795 )
00000298: 12.4809   (Y': 11.9893   Cb: 12.7734   Cr: 14.8035 )
00000299: 12.4939   (Y': 12.0271   Cb: 12.6927   Cr: 14.7788 )
00000301: 12.5715   (Y': 12.1346   Cb: 12.6919   Cr: 14.7614 )
00000300: 12.5008   (Y': 12.0594   Cb: 12.6543   Cr: 14.6706 )
00000302: 12.6284   (Y': 12.209    Cb: 12.7236   Cr: 14.7323 )
00000303: 12.5396   (Y': 12.1126   Cb: 12.6422   Cr: 14.6864 )
00000304: 12.6465   (Y': 12.2151   Cb: 12.7686   Cr: 14.7934 )
00000305: 12.6996   (Y': 12.3069   Cb: 12.7368   Cr: 14.7067 )
00000306: 12.5904   (Y': 12.1615   Cb: 12.6968   Cr: 14.7442 )
00000307: 12.7159   (Y': 12.3295   Cb: 12.7418   Cr: 14.6963 )
00000308: 12.7402   (Y': 12.3665   Cb: 12.7483   Cr: 14.6621 )
00000309: 12.6249   (Y': 12.2263   Cb: 12.6946   Cr: 14.622  )
00000310: 12.5556   (Y': 12.1455   Cb: 12.6458   Cr: 14.6009 )
00000311: 12.6667   (Y': 12.2871   Cb: 12.6984   Cr: 14.5916 )
00000312: 12.6052   (Y': 12.2168   Cb: 12.6653   Cr: 14.5466 )
00000313: 12.7199   (Y': 12.3598   Cb: 12.6747   Cr: 14.633  )
00000314: 12.676    (Y': 12.3033   Cb: 12.6758   Cr: 14.6037 )
00000315: 12.5812   (Y': 12.1814   Cb: 12.6547   Cr: 14.5811 )
00000316: 12.7036   (Y': 12.3228   Cb: 12.7604   Cr: 14.5985 )
00000317: 12.6464   (Y': 12.2671   Cb: 12.639    Cr: 14.6311 )
00000318: 12.6189   (Y': 12.249    Cb: 12.6363   Cr: 14.5009 )
00000319: 12.7129   (Y': 12.3366   Cb: 12.7182   Cr: 14.6568 )
00000320: 12.6771   (Y': 12.3061   Cb: 12.6276   Cr: 14.6709 )
00000321: 12.686    (Y': 12.3002   Cb: 12.6785   Cr: 14.7154 )
00000322: 12.6616   (Y': 12.2698   Cb: 12.6977   Cr: 14.6637 )
00000323: 12.6107   (Y': 12.2203   Cb: 12.6547   Cr: 14.5909 )
00000324: 12.6533   (Y': 12.2859   Cb: 12.6      Cr: 14.6288 )
00000326: 12.6587   (Y': 12.2794   Cb: 12.6778   Cr: 14.6013 )
00000325: 12.595    (Y': 12.2006   Cb: 12.6048   Cr: 14.6567 )
00000327: 12.7423   (Y': 12.3731   Cb: 12.7167   Cr: 14.6856 )
00000328: 12.8458   (Y': 12.5519   Cb: 12.6439   Cr: 14.57   )
00000329: 12.8595   (Y': 12.5428   Cb: 12.6875   Cr: 14.6844 )
00000330: 12.8538   (Y': 12.5394   Cb: 12.6556   Cr: 14.7046 )
00000331: 12.8714   (Y': 12.583    Cb: 12.6095   Cr: 14.655  )
00000332: 12.8681   (Y': 12.5794   Cb: 12.5896   Cr: 14.6801 )
00000334: 12.9266   (Y': 12.669    Cb: 12.6095   Cr: 14.6026 )
00000333: 12.9558   (Y': 12.708    Cb: 12.6002   Cr: 14.6316 )
00000335: 12.7881   (Y': 12.4539   Cb: 12.6511   Cr: 14.6722 )
00000336: 12.8154   (Y': 12.4932   Cb: 12.6545   Cr: 14.6581 )
00000337: 12.6248   (Y': 12.2616   Cb: 12.5798   Cr: 14.5585 )
00000338: 12.7087   (Y': 12.3525   Cb: 12.686    Cr: 14.5598 )
00000339: 12.6672   (Y': 12.3006   Cb: 12.6732   Cr: 14.5444 )
00000340: 12.6653   (Y': 12.3196   Cb: 12.5725   Cr: 14.5567 )
00000341: 12.6038   (Y': 12.2272   Cb: 12.6383   Cr: 14.5044 )
00000342: 12.6551   (Y': 12.2802   Cb: 12.6273   Cr: 14.6416 )
00000343: 12.6412   (Y': 12.2469   Cb: 12.6187   Cr: 14.7551 )
00000344: 12.6558   (Y': 12.2748   Cb: 12.6532   Cr: 14.6448 )
00000345: 12.7556   (Y': 12.4033   Cb: 12.6904   Cr: 14.6476 )
00000346: 12.7242   (Y': 12.3682   Cb: 12.6691   Cr: 14.6255 )
00000347: 12.733    (Y': 12.3708   Cb: 12.6644   Cr: 14.6977 )
00000348: 12.7891   (Y': 12.4415   Cb: 12.6582   Cr: 14.7538 )
00000349: 12.8826   (Y': 12.5385   Cb: 12.7394   Cr: 14.8441 )
00000350: 12.8282   (Y': 12.4673   Cb: 12.7624   Cr: 14.7792 )
00000351: 12.9308   (Y': 12.5938   Cb: 12.76     Cr: 14.8882 )
00000352: 12.9632   (Y': 12.6469   Cb: 12.757    Cr: 14.8396 )
00000354: 13.0887   (Y': 12.8011   Cb: 12.8384   Cr: 14.8487 )
00000353: 13.0609   (Y': 12.7659   Cb: 12.8387   Cr: 14.824  )
00000355: 13.1078   (Y': 12.8399   Cb: 12.8075   Cr: 14.8213 )
00000356: 12.9987   (Y': 12.7019   Cb: 12.7925   Cr: 14.7474 )
00000357: 12.9531   (Y': 12.6232   Cb: 12.7998   Cr: 14.8349 )
00000358: 12.8369   (Y': 12.4774   Cb: 12.8331   Cr: 14.6814 )
00000359: 12.7537   (Y': 12.3572   Cb: 12.7821   Cr: 14.8012 )
00000360: 12.6973   (Y': 12.2846   Cb: 12.7776   Cr: 14.7761 )
00000362: 12.5807   (Y': 12.1382   Cb: 12.7727   Cr: 14.6978 )
00000361: 12.6331   (Y': 12.1986   Cb: 12.7995   Cr: 14.7316 )
00000363: 12.5383   (Y': 12.1111   Cb: 12.6768   Cr: 14.6297 )
00000364: 12.5471   (Y': 12.0962   Cb: 12.7675   Cr: 14.6807 )
00000365: 12.5487   (Y': 12.1012   Cb: 12.7086   Cr: 14.7527 )
00000366: 12.5764   (Y': 12.1379   Cb: 12.7421   Cr: 14.7053 )
00000367: 12.5104   (Y': 12.0538   Cb: 12.734    Cr: 14.6807 )
00000368: 12.5386   (Y': 12.0855   Cb: 12.7427   Cr: 14.7139 )
00000371: 12.5616   (Y': 12.1134   Cb: 12.7507   Cr: 14.7248 )
00000370: 12.5455   (Y': 12.1061   Cb: 12.7115   Cr: 14.6813 )
00000369: 12.5848   (Y': 12.1416   Cb: 12.7723   Cr: 14.7138 )
00000372: 12.515    (Y': 12.0568   Cb: 12.7677   Cr: 14.6509 )
00000373: 12.5135   (Y': 12.0525   Cb: 12.7718   Cr: 14.662  )
00000374: 12.5276   (Y': 12.0838   Cb: 12.7391   Cr: 14.6241 )
00000375: 12.5817   (Y': 12.1331   Cb: 12.7707   Cr: 14.7473 )
00000376: 12.6075   (Y': 12.1662   Cb: 12.8135   Cr: 14.694  )
00000377: 12.6752   (Y': 12.2516   Cb: 12.7818   Cr: 14.79   )
00000378: 12.6173   (Y': 12.1908   Cb: 12.7625   Cr: 14.6929 )
00000379: 12.5853   (Y': 12.1625   Cb: 12.7282   Cr: 14.6375 )
00000380: 12.5714   (Y': 12.1544   Cb: 12.7096   Cr: 14.5906 )
00000381: 12.5631   (Y': 12.1072   Cb: 12.8222   Cr: 14.6729 )
00000382: 12.5163   (Y': 12.0665   Cb: 12.71     Cr: 14.684  )
00000383: 12.5131   (Y': 12.0689   Cb: 12.7127   Cr: 14.6301 )
00000384: 12.5323   (Y': 12.0711   Cb: 12.7856   Cr: 14.6894 )
00000385: 12.5244   (Y': 12.0793   Cb: 12.6675   Cr: 14.7375 )
00000386: 12.4962   (Y': 12.0434   Cb: 12.7334   Cr: 14.6178 )
00000387: 12.4879   (Y': 12.0134   Cb: 12.7915   Cr: 14.6653 )
00000388: 12.5225   (Y': 12.0598   Cb: 12.7762   Cr: 14.6897 )
00000389: 12.5421   (Y': 12.097    Cb: 12.7346   Cr: 14.6769 )
00000390: 12.4705   (Y': 12.0144   Cb: 12.6906   Cr: 14.6421 )
00000391: 12.467    (Y': 12.0073   Cb: 12.694    Cr: 14.655  )
00000392: 12.4464   (Y': 11.9763   Cb: 12.7162   Cr: 14.6437 )
00000393: 12.4956   (Y': 12.0431   Cb: 12.723    Cr: 14.6296 )
00000394: 12.5804   (Y': 12.1373   Cb: 12.7668   Cr: 14.7096 )
00000395: 12.7183   (Y': 12.3362   Cb: 12.7589   Cr: 14.6463 )
00000396: 12.6666   (Y': 12.2576   Cb: 12.7682   Cr: 14.6858 )
00000397: 12.5842   (Y': 12.1485   Cb: 12.7184   Cr: 14.7436 )
00000398: 12.5414   (Y': 12.1077   Cb: 12.6918   Cr: 14.6599 )
00000399: 12.7484   (Y': 12.3796   Cb: 12.7219   Cr: 14.6909 )
00000400: 12.7191   (Y': 12.3393   Cb: 12.728    Cr: 14.6808 )
00000401: 12.5395   (Y': 12.0997   Cb: 12.7061   Cr: 14.6773 )
00000402: 12.5656   (Y': 12.1204   Cb: 12.7746   Cr: 14.6754 )
00000403: 12.6449   (Y': 12.2415   Cb: 12.7312   Cr: 14.6496 )
00000404: 12.573    (Y': 12.1407   Cb: 12.742    Cr: 14.6527 )
00000405: 12.5371   (Y': 12.1018   Cb: 12.7352   Cr: 14.5928 )
00000406: 12.5693   (Y': 12.1556   Cb: 12.7059   Cr: 14.5672 )
00000407: 12.4968   (Y': 12.0793   Cb: 12.616    Cr: 14.5491 )
00000408: 12.5311   (Y': 12.0981   Cb: 12.6849   Cr: 14.639  )
00000409: 12.5193   (Y': 12.0745   Cb: 12.6961   Cr: 14.6763 )
00000410: 12.5152   (Y': 12.0722   Cb: 12.722    Cr: 14.6125 )
00000411: 12.5056   (Y': 12.0619   Cb: 12.7336   Cr: 14.5759 )
00000412: 12.5325   (Y': 12.0963   Cb: 12.7071   Cr: 14.6315 )
00000414: 12.504    (Y': 12.0629   Cb: 12.712    Cr: 14.5867 )
00000413: 12.4887   (Y': 12.0338   Cb: 12.7437   Cr: 14.5977 )
00000415: 12.5037   (Y': 12.0645   Cb: 12.6577   Cr: 14.6568 )
00000416: 12.5145   (Y': 12.0781   Cb: 12.6921   Cr: 14.6105 )
00000417: 12.527    (Y': 12.0876   Cb: 12.7313   Cr: 14.6023 )
00000418: 12.4647   (Y': 12.0102   Cb: 12.7173   Cr: 14.5749 )
00000419: 12.5432   (Y': 12.1228   Cb: 12.6801   Cr: 14.5883 )
00000420: 12.5104   (Y': 12.0834   Cb: 12.6778   Cr: 14.5548 )
00000421: 12.5341   (Y': 12.1165   Cb: 12.6621   Cr: 14.573  )
00000422: 12.5404   (Y': 12.12     Cb: 12.6843   Cr: 14.5742 )
00000423: 12.4669   (Y': 12.0292   Cb: 12.6689   Cr: 14.5342 )
00000424: 12.4744   (Y': 12.0294   Cb: 12.6573   Cr: 14.6236 )
00000425: 12.5119   (Y': 12.0812   Cb: 12.6732   Cr: 14.5923 )
00000426: 12.4918   (Y': 12.0671   Cb: 12.6442   Cr: 14.5438 )
00000427: 12.508    (Y': 12.0643   Cb: 12.7035   Cr: 14.6285 )
00000428: 12.4789   (Y': 12.0338   Cb: 12.6487   Cr: 14.6499 )
00000430: 12.5208   (Y': 12.1063   Cb: 12.6173   Cr: 14.5865 )
00000429: 12.4921   (Y': 12.0368   Cb: 12.7314   Cr: 14.6281 )
00000431: 12.5238   (Y': 12.077    Cb: 12.7688   Cr: 14.5898 )
00000432: 12.5097   (Y': 12.0691   Cb: 12.6786   Cr: 14.649  )
00000433: 12.5351   (Y': 12.0756   Cb: 12.7516   Cr: 14.7379 )
00000434: 12.5396   (Y': 12.096    Cb: 12.6988   Cr: 14.7163 )
00000435: 12.4725   (Y': 12.0101   Cb: 12.7421   Cr: 14.6138 )
00000436: 12.4551   (Y': 11.9872   Cb: 12.712    Cr: 14.6558 )
00000437: 12.4276   (Y': 11.9655   Cb: 12.6564   Cr: 14.6301 )
00000438: 12.4529   (Y': 11.9825   Cb: 12.7024   Cr: 14.6844 )
00000439: 12.4287   (Y': 11.986    Cb: 12.632    Cr: 14.5298 )
00000440: 12.4022   (Y': 11.9238   Cb: 12.6765   Cr: 14.654  )
00000441: 12.4344   (Y': 11.9753   Cb: 12.6944   Cr: 14.5661 )
00000442: 12.3989   (Y': 11.9344   Cb: 12.6234   Cr: 14.6252 )
00000443: 12.4088   (Y': 11.9527   Cb: 12.6163   Cr: 14.5998 )
00000444: 12.404    (Y': 11.9384   Cb: 12.658    Cr: 14.5931 )
00000445: 12.4303   (Y': 11.9596   Cb: 12.6771   Cr: 14.6689 )
00000446: 12.4116   (Y': 11.9349   Cb: 12.6894   Cr: 14.6456 )
00000447: 12.4402   (Y': 11.9792   Cb: 12.6505   Cr: 14.6642 )
00000448: 12.4606   (Y': 11.9939   Cb: 12.7185   Cr: 14.6517 )
00000449: 12.4257   (Y': 11.9683   Cb: 12.6586   Cr: 14.5877 )
00000450: 12.4238   (Y': 11.9504   Cb: 12.7277   Cr: 14.5922 )
00000451: 12.4516   (Y': 12.0175   Cb: 12.6013   Cr: 14.5743 )
00000452: 12.3967   (Y': 11.9381   Cb: 12.5991   Cr: 14.6148 )
00000454: 12.4864   (Y': 12.0182   Cb: 12.7574   Cr: 14.6678 )
00000453: 12.4328   (Y': 11.9577   Cb: 12.7124   Cr: 14.652  )
00000455: 12.4522   (Y': 11.9781   Cb: 12.7409   Cr: 14.6497 )
00000456: 12.4284   (Y': 11.9545   Cb: 12.6896   Cr: 14.6674 )
00000457: 12.4496   (Y': 12.0084   Cb: 12.6213   Cr: 14.5894 )
00000458: 12.4073   (Y': 11.9192   Cb: 12.6849   Cr: 14.7277 )
00000459: 12.4507   (Y': 11.9799   Cb: 12.7309   Cr: 14.6369 )
00000460: 12.3841   (Y': 11.8996   Cb: 12.6843   Cr: 14.6408 )
00000462: 12.4322   (Y': 11.9627   Cb: 12.6736   Cr: 14.6692 )
00000461: 12.4096   (Y': 11.9435   Cb: 12.6313   Cr: 14.6526 )
00000463: 12.4279   (Y': 11.9677   Cb: 12.6542   Cr: 14.6196 )
00000464: 12.4714   (Y': 12.011    Cb: 12.7177   Cr: 14.6337 )
00000465: 12.4077   (Y': 11.934    Cb: 12.7133   Cr: 14.5755 )
00000466: 12.4281   (Y': 11.9724   Cb: 12.6869   Cr: 14.5372 )
00000467: 12.4026   (Y': 11.9321   Cb: 12.6929   Cr: 14.5712 )
00000468: 12.4119   (Y': 11.9328   Cb: 12.7108   Cr: 14.6311 )
00000469: 12.4178   (Y': 11.952    Cb: 12.673    Cr: 14.6061 )
00000470: 12.4233   (Y': 11.9532   Cb: 12.6867   Cr: 14.63   )
00000471: 12.3984   (Y': 11.9286   Cb: 12.6968   Cr: 14.5496 )
00000472: 12.4494   (Y': 11.9777   Cb: 12.7323   Cr: 14.6383 )
00000473: 12.4814   (Y': 12.0146   Cb: 12.6941   Cr: 14.7444 )
00000474: 12.5562   (Y': 12.1186   Cb: 12.7053   Cr: 14.7044 )
00000475: 12.5942   (Y': 12.1747   Cb: 12.7057   Cr: 14.672  )
00000476: 12.5995   (Y': 12.1621   Cb: 12.7723   Cr: 14.7097 )
00000477: 12.6708   (Y': 12.2593   Cb: 12.7198   Cr: 14.7913 )
00000478: 12.6442   (Y': 12.2274   Cb: 12.7656   Cr: 14.688  )
00000479: 12.6451   (Y': 12.242    Cb: 12.7525   Cr: 14.6143 )
00000480: 12.6908   (Y': 12.2735   Cb: 12.8023   Cr: 14.7533 )
00000481: 12.6813   (Y': 12.2949   Cb: 12.7078   Cr: 14.6618 )
00000482: 12.6176   (Y': 12.2018   Cb: 12.7314   Cr: 14.6661 )
00000483: 12.6694   (Y': 12.2649   Cb: 12.732    Cr: 14.7189 )
00000484: 12.5865   (Y': 12.168    Cb: 12.6688   Cr: 14.7045 )
00000485: 12.574    (Y': 12.157    Cb: 12.6989   Cr: 14.6133 )
00000486: 12.5664   (Y': 12.1184   Cb: 12.7467   Cr: 14.7416 )
00000487: 12.5079   (Y': 12.0895   Cb: 12.6291   Cr: 14.5637 )
00000488: 12.5192   (Y': 12.0999   Cb: 12.6432   Cr: 14.5763 )
00000489: 12.5285   (Y': 12.1102   Cb: 12.6166   Cr: 14.6347 )
00000490: 12.4925   (Y': 12.0665   Cb: 12.6293   Cr: 14.5772 )
00000491: 12.4954   (Y': 12.0774   Cb: 12.5994   Cr: 14.5748 )
00000492: 12.4871   (Y': 12.0522   Cb: 12.6471   Cr: 14.5988 )
00000493: 12.5822   (Y': 12.182    Cb: 12.6189   Cr: 14.6415 )
00000494: 12.6006   (Y': 12.2123   Cb: 12.6225   Cr: 14.6012 )
00000495: 12.6046   (Y': 12.1981   Cb: 12.7068   Cr: 14.606  )
00000496: 12.6416   (Y': 12.251    Cb: 12.6814   Cr: 14.6293 )
00000497: 12.5554   (Y': 12.1443   Cb: 12.6542   Cr: 14.5947 )
00000498: 12.5434   (Y': 12.1411   Cb: 12.6525   Cr: 14.5044 )
00000499: 12.5601   (Y': 12.1631   Cb: 12.6497   Cr: 14.5152 )
00000500: 12.5782   (Y': 12.1762   Cb: 12.6403   Cr: 14.6111 )
00000502: 12.5088   (Y': 12.1006   Cb: 12.6072   Cr: 14.5278 )
00000501: 12.5679   (Y': 12.1666   Cb: 12.638    Cr: 14.5832 )
00000503: 12.4742   (Y': 12.0354   Cb: 12.6409   Cr: 14.6041 )
00000504: 12.4326   (Y': 11.9932   Cb: 12.593    Cr: 14.5763 )
00000505: 12.4621   (Y': 12.0147   Cb: 12.6886   Cr: 14.5616 )
00000506: 12.4716   (Y': 12.0273   Cb: 12.6686   Cr: 14.5936 )
00000507: 12.4582   (Y': 12.0096   Cb: 12.6158   Cr: 14.6736 )
00000508: 12.4802   (Y': 12.0613   Cb: 12.5814   Cr: 14.5705 )
00000510: 12.4743   (Y': 12.0509   Cb: 12.6056   Cr: 14.5499 )
00000511: 12.5374   (Y': 12.1065   Cb: 12.6727   Cr: 14.6594 )
00000509: 12.4692   (Y': 12.0264   Cb: 12.6227   Cr: 14.6486 )
00000512: 12.4818   (Y': 12.0617   Cb: 12.613    Cr: 14.5332 )
00000513: 12.5252   (Y': 12.1078   Cb: 12.6309   Cr: 14.5976 )
00000514: 12.5642   (Y': 12.1452   Cb: 12.681    Cr: 14.6298 )
00000515: 12.5409   (Y': 12.1453   Cb: 12.5688   Cr: 14.583  )
00000516: 12.6201   (Y': 12.229    Cb: 12.6275   Cr: 14.6631 )
00000517: 12.6663   (Y': 12.2858   Cb: 12.6731   Cr: 14.6369 )
00000518: 12.6364   (Y': 12.2363   Cb: 12.7042   Cr: 14.6468 )
00000519: 12.6999   (Y': 12.3295   Cb: 12.6581   Cr: 14.6773 )
00000520: 12.6014   (Y': 12.2105   Cb: 12.6373   Cr: 14.5978 )
00000521: 12.5158   (Y': 12.0956   Cb: 12.6479   Cr: 14.5672 )
00000522: 12.5103   (Y': 12.1006   Cb: 12.5902   Cr: 14.5682 )
00000523: 12.5247   (Y': 12.1181   Cb: 12.6003   Cr: 14.5681 )
00000524: 12.4893   (Y': 12.0769   Cb: 12.5863   Cr: 14.5397 )
00000525: 12.5059   (Y': 12.0772   Cb: 12.611    Cr: 14.6605 )
00000526: 12.5035   (Y': 12.0785   Cb: 12.6528   Cr: 14.562  )
00000527: 12.535    (Y': 12.1247   Cb: 12.6098   Cr: 14.6061 )
00000528: 12.5986   (Y': 12.2025   Cb: 12.624    Cr: 14.6478 )
00000529: 12.6512   (Y': 12.2694   Cb: 12.6856   Cr: 14.5871 )
00000530: 12.6204   (Y': 12.2518   Cb: 12.5764   Cr: 14.5889 )
00000531: 12.6273   (Y': 12.2423   Cb: 12.6447   Cr: 14.6123 )
00000532: 12.6482   (Y': 12.2788   Cb: 12.5951   Cr: 14.6365 )
00000533: 12.634    (Y': 12.244    Cb: 12.6805   Cr: 14.6073 )
00000534: 12.6228   (Y': 12.2195   Cb: 12.712    Cr: 14.6216 )
00000535: 12.5765   (Y': 12.1724   Cb: 12.6555   Cr: 14.5965 )
00000536: 12.5953   (Y': 12.2234   Cb: 12.6001   Cr: 14.5102 )
00000537: 12.5188   (Y': 12.1168   Cb: 12.6083   Cr: 14.5086 )
00000538: 12.4994   (Y': 12.0982   Cb: 12.5619   Cr: 14.5255 )
00000539: 12.5047   (Y': 12.1193   Cb: 12.5448   Cr: 14.4567 )
00000540: 12.551    (Y': 12.1538   Cb: 12.5966   Cr: 14.5761 )
00000541: 12.5628   (Y': 12.1549   Cb: 12.6583   Cr: 14.5847 )
00000543: 12.5161   (Y': 12.1024   Cb: 12.6081   Cr: 14.5844 )
00000542: 12.5523   (Y': 12.1361   Cb: 12.6932   Cr: 14.5619 )
00000544: 12.5249   (Y': 12.1257   Cb: 12.6157   Cr: 14.493  )
00000545: 12.598    (Y': 12.209    Cb: 12.6532   Cr: 14.5508 )
00000546: 12.5832   (Y': 12.184    Cb: 12.6345   Cr: 14.6127 )
00000547: 12.5584   (Y': 12.1498   Cb: 12.5886   Cr: 14.688  )
00000548: 12.5287   (Y': 12.1168   Cb: 12.6209   Cr: 14.5833 )
00000549: 12.5582   (Y': 12.1483   Cb: 12.6388   Cr: 14.6166 )
00000550: 12.5823   (Y': 12.169    Cb: 12.6767   Cr: 14.6436 )
00000551: 12.5377   (Y': 12.1257   Cb: 12.6385   Cr: 14.5799 )
00000552: 12.5217   (Y': 12.0932   Cb: 12.681    Cr: 14.5893 )
00000553: 12.5258   (Y': 12.0827   Cb: 12.6986   Cr: 14.6772 )
00000554: 12.4694   (Y': 12.0225   Cb: 12.6515   Cr: 14.6334 )
00000555: 12.4494   (Y': 12.0117   Cb: 12.6228   Cr: 14.5606 )
00000556: 12.423    (Y': 11.9748   Cb: 12.6066   Cr: 14.5944 )
00000557: 12.4625   (Y': 12.0211   Cb: 12.6205   Cr: 14.6254 )
00000558: 12.575    (Y': 12.1458   Cb: 12.6909   Cr: 14.7156 )
00000559: 12.6282   (Y': 12.2368   Cb: 12.6546   Cr: 14.6429 )
00000560: 12.6728   (Y': 12.3001   Cb: 12.6541   Cr: 14.6292 )
00000561: 12.6124   (Y': 12.2461   Cb: 12.5421   Cr: 14.6078 )
00000562: 12.642    (Y': 12.2653   Cb: 12.6222   Cr: 14.6279 )
00000563: 12.6246   (Y': 12.2421   Cb: 12.618    Cr: 14.6297 )
00000564: 12.5458   (Y': 12.1478   Cb: 12.5627   Cr: 14.6216 )
00000566: 12.558    (Y': 12.1587   Cb: 12.5811   Cr: 14.6331 )
00000567: 12.5611   (Y': 12.1672   Cb: 12.5723   Cr: 14.6177 )
00000565: 12.5806   (Y': 12.1889   Cb: 12.6153   Cr: 14.5842 )
00000568: 12.5547   (Y': 12.1544   Cb: 12.6073   Cr: 14.5904 )
00000569: 12.5628   (Y': 12.1594   Cb: 12.5986   Cr: 14.6467 )
00000570: 12.5225   (Y': 12.0992   Cb: 12.6333   Cr: 14.6287 )
00000571: 12.5496   (Y': 12.1428   Cb: 12.6008   Cr: 14.6338 )
00000572: 12.6358   (Y': 12.2449   Cb: 12.6538   Cr: 14.661  )
00000573: 12.6985   (Y': 12.3209   Cb: 12.6663   Cr: 14.7099 )
00000574: 12.728    (Y': 12.3721   Cb: 12.6716   Cr: 14.6301 )
00000575: 12.7209   (Y': 12.363    Cb: 12.6417   Cr: 14.6729 )
00000576: 12.7198   (Y': 12.3779   Cb: 12.6661   Cr: 14.5248 )
00000577: 12.7109   (Y': 12.3601   Cb: 12.6431   Cr: 14.5965 )
00000578: 12.6965   (Y': 12.344    Cb: 12.6138   Cr: 14.6174 )
00000579: 12.6589   (Y': 12.2773   Cb: 12.6821   Cr: 14.611  )
00000580: 12.703    (Y': 12.347    Cb: 12.6472   Cr: 14.6051 )
00000581: 12.6921   (Y': 12.3172   Cb: 12.7131   Cr: 14.6026 )
00000583: 12.6359   (Y': 12.2646   Cb: 12.6163   Cr: 14.5849 )
00000582: 12.6318   (Y': 12.2553   Cb: 12.6285   Cr: 14.5901 )
00000584: 12.6247   (Y': 12.2301   Cb: 12.6969   Cr: 14.5903 )
00000585: 12.6216   (Y': 12.2311   Cb: 12.6881   Cr: 14.5677 )
00000586: 12.6234   (Y': 12.2487   Cb: 12.579    Cr: 14.6351 )
00000587: 12.5834   (Y': 12.1983   Cb: 12.616    Cr: 14.5452 )
00000588: 12.5832   (Y': 12.1934   Cb: 12.6388   Cr: 14.5413 )
00000589: 12.599    (Y': 12.2036   Cb: 12.6562   Cr: 14.5932 )
00000591: 12.5883   (Y': 12.175    Cb: 12.7254   Cr: 14.5829 )
00000590: 12.6053   (Y': 12.2022   Cb: 12.6918   Cr: 14.6076 )
00000592: 12.5389   (Y': 12.1383   Cb: 12.6102   Cr: 14.5473 )
00000593: 12.5683   (Y': 12.1743   Cb: 12.6006   Cr: 14.5919 )
00000594: 12.5454   (Y': 12.1414   Cb: 12.6326   Cr: 14.5523 )
00000595: 12.5328   (Y': 12.1103   Cb: 12.6363   Cr: 14.6443 )
00000596: 12.5654   (Y': 12.1529   Cb: 12.669    Cr: 14.6064 )
00000597: 12.5587   (Y': 12.1468   Cb: 12.6164   Cr: 14.6684 )
00000598: 12.5401   (Y': 12.1277   Cb: 12.6307   Cr: 14.601  )
00000599: 12.5833   (Y': 12.164    Cb: 12.6586   Cr: 14.7171 )
00000600: 12.5369   (Y': 12.1018   Cb: 12.6793   Cr: 14.679  )
00000601: 12.5069   (Y': 12.0644   Cb: 12.6813   Cr: 14.6518 )
00000602: 12.568    (Y': 12.1501   Cb: 12.6568   Cr: 14.6704 )
00000603: 12.5454   (Y': 12.1317   Cb: 12.6678   Cr: 14.5662 )
00000604: 12.5668   (Y': 12.1507   Cb: 12.6417   Cr: 14.6791 )
00000605: 12.5826   (Y': 12.1753   Cb: 12.6453   Cr: 14.652  )
00000606: 12.5481   (Y': 12.1148   Cb: 12.6774   Cr: 14.6969 )
00000607: 12.5093   (Y': 12.096    Cb: 12.5573   Cr: 14.6449 )
00000608: 12.5485   (Y': 12.1271   Cb: 12.6575   Cr: 14.6444 )
00000609: 12.5317   (Y': 12.1092   Cb: 12.6533   Cr: 14.6157 )
00000610: 12.5186   (Y': 12.0989   Cb: 12.6738   Cr: 14.5308 )
00000611: 12.5378   (Y': 12.0927   Cb: 12.7157   Cr: 14.6955 )
00000612: 12.5271   (Y': 12.1037   Cb: 12.6643   Cr: 14.5931 )
00000613: 12.4991   (Y': 12.0522   Cb: 12.6788   Cr: 14.6679 )
00000614: 12.5355   (Y': 12.1384   Cb: 12.6021   Cr: 14.5267 )
00000615: 12.6321   (Y': 12.235    Cb: 12.6636   Cr: 14.6782 )
00000616: 12.7584   (Y': 12.384    Cb: 12.7264   Cr: 14.748  )
00000617: 12.7314   (Y': 12.3718   Cb: 12.69     Cr: 14.6348 )
00000618: 12.7182   (Y': 12.3612   Cb: 12.648    Cr: 14.6494 )
00000619: 12.7333   (Y': 12.3934   Cb: 12.6644   Cr: 14.5486 )
00000620: 12.7491   (Y': 12.4125   Cb: 12.6305   Cr: 14.6207 )
00000621: 12.7864   (Y': 12.4895   Cb: 12.5784   Cr: 14.5391 )
00000622: 12.6794   (Y': 12.3717   Cb: 12.5207   Cr: 14.424  )
00000623: 12.6616   (Y': 12.3677   Cb: 12.4774   Cr: 14.3583 )
00000624: 12.7059   (Y': 12.4349   Cb: 12.4422   Cr: 14.3812 )
00000625: 12.6458   (Y': 12.3893   Cb: 12.3763   Cr: 14.2406 )
00000626: 12.5866   (Y': 12.317    Cb: 12.3553   Cr: 14.2034 )
00000627: 12.485    (Y': 12.2082   Cb: 12.2518   Cr: 14.1494 )
00000628: 12.5322   (Y': 12.2361   Cb: 12.3631   Cr: 14.2191 )
00000629: 12.5095   (Y': 12.2225   Cb: 12.295    Cr: 14.2091 )
00000630: 12.5268   (Y': 12.2623   Cb: 12.3019   Cr: 14.1027 )
00000631: 12.5025   (Y': 12.2317   Cb: 12.2811   Cr: 14.1117 )
00000632: 12.48     (Y': 12.2122   Cb: 12.2568   Cr: 14.0733 )
00000633: 12.469    (Y': 12.1705   Cb: 12.271    Cr: 14.2165 )
00000634: 12.4815   (Y': 12.1859   Cb: 12.277    Cr: 14.2199 )
00000635: 12.4747   (Y': 12.17     Cb: 12.3202   Cr: 14.1943 )
00000636: 12.5369   (Y': 12.2612   Cb: 12.2884   Cr: 14.2185 )
00000637: 12.5293   (Y': 12.255    Cb: 12.3311   Cr: 14.1255 )
00000638: 12.5695   (Y': 12.3057   Cb: 12.2544   Cr: 14.2813 )
00000639: 12.5845   (Y': 12.3143   Cb: 12.345    Cr: 14.2183 )
00000640: 12.6416   (Y': 12.3969   Cb: 12.3186   Cr: 14.2471 )
00000641: 12.7299   (Y': 12.4755   Cb: 12.4093   Cr: 14.3914 )
00000642: 12.6135   (Y': 12.2686   Cb: 12.537    Cr: 14.4736 )
00000643: 12.6265   (Y': 12.3004   Cb: 12.5107   Cr: 14.4244 )
00000644: 12.6818   (Y': 12.3479   Cb: 12.6303   Cr: 14.4319 )
00000645: 12.6599   (Y': 12.2955   Cb: 12.6152   Cr: 14.6015 )
00000646: 12.5387   (Y': 12.127    Cb: 12.6305   Cr: 14.5927 )
00000647: 12.4742   (Y': 12.0574   Cb: 12.6505   Cr: 14.4342 )
00000648: 12.4103   (Y': 11.9958   Cb: 12.557    Cr: 14.3983 )
00000649: 12.3913   (Y': 11.9639   Cb: 12.5874   Cr: 14.3952 )
00000650: 12.41     (Y': 11.9747   Cb: 12.5924   Cr: 14.4906 )
00000651: 12.3952   (Y': 11.951    Cb: 12.57     Cr: 14.552  )
00000652: 12.3657   (Y': 11.931    Cb: 12.5268   Cr: 14.4748 )
00000653: 12.4075   (Y': 11.9759   Cb: 12.5702   Cr: 14.4915 )
00000654: 12.4122   (Y': 11.9759   Cb: 12.5999   Cr: 14.4916 )
00000655: 12.3831   (Y': 11.946    Cb: 12.5677   Cr: 14.4728 )
00000656: 12.4426   (Y': 12.0442   Cb: 12.5383   Cr: 14.398  )
00000657: 12.6875   (Y': 12.3338   Cb: 12.6598   Cr: 14.5306 )
00000658: 12.7133   (Y': 12.3748   Cb: 12.6554   Cr: 14.503  )
00000659: 12.5696   (Y': 12.1839   Cb: 12.5844   Cr: 14.5629 )
00000660: 12.6137   (Y': 12.2365   Cb: 12.6081   Cr: 14.5804 )
00000661: 12.6662   (Y': 12.3126   Cb: 12.6183   Cr: 14.5401 )
00000662: 12.6423   (Y': 12.2734   Cb: 12.6211   Cr: 14.5775 )
00000663: 12.5605   (Y': 12.1843   Cb: 12.5751   Cr: 14.4888 )
00000664: 12.5683   (Y': 12.1804   Cb: 12.605    Cr: 14.5424 )
00000665: 12.5127   (Y': 12.1294   Cb: 12.5746   Cr: 14.4161 )
00000666: 12.5462   (Y': 12.16     Cb: 12.564    Cr: 14.5383 )
00000667: 12.5      (Y': 12.1102   Cb: 12.5674   Cr: 14.439  )
00000668: 12.5789   (Y': 12.2023   Cb: 12.6002   Cr: 14.4997 )
00000669: 12.497    (Y': 12.0971   Cb: 12.5496   Cr: 14.5292 )
00000670: 12.3693   (Y': 11.9389   Cb: 12.5646   Cr: 14.3943 )
00000671: 12.4075   (Y': 11.9745   Cb: 12.582    Cr: 14.4834 )
00000672: 12.5086   (Y': 12.1012   Cb: 12.6034   Cr: 14.5273 )
00000673: 12.5169   (Y': 12.1321   Cb: 12.595    Cr: 14.4062 )
00000674: 12.4925   (Y': 12.0978   Cb: 12.5985   Cr: 14.4073 )
00000675: 12.6013   (Y': 12.1875   Cb: 12.7132   Cr: 14.6381 )
00000676: 12.666    (Y': 12.3144   Cb: 12.6672   Cr: 14.4514 )
00000677: 12.6546   (Y': 12.3177   Cb: 12.573    Cr: 14.4694 )
00000678: 12.7432   (Y': 12.3864   Cb: 12.7198   Cr: 14.5999 )
00000679: 12.6534   (Y': 12.3015   Cb: 12.608    Cr: 14.5113 )
00000680: 12.6265   (Y': 12.2772   Cb: 12.5804   Cr: 14.4688 )
00000681: 12.6826   (Y': 12.3251   Cb: 12.6647   Cr: 14.535  )
00000682: 12.8042   (Y': 12.5067   Cb: 12.5992   Cr: 14.5558 )
00000683: 12.8728   (Y': 12.5803   Cb: 12.6627   Cr: 14.6007 )
00000684: 12.8905   (Y': 12.5787   Cb: 12.7106   Cr: 14.6948 )
00000685: 12.8827   (Y': 12.578    Cb: 12.6682   Cr: 14.6965 )
00000686: 12.7757   (Y': 12.483    Cb: 12.5601   Cr: 14.5137 )
00000687: 12.8453   (Y': 12.5744   Cb: 12.5328   Cr: 14.5975 )
00000688: 12.8951   (Y': 12.6398   Cb: 12.5467   Cr: 14.6067 )
00000689: 12.9557   (Y': 12.6848   Cb: 12.6627   Cr: 14.6769 )
00000690: 12.9517   (Y': 12.6645   Cb: 12.6825   Cr: 14.7398 )
00000691: 12.8622   (Y': 12.5444   Cb: 12.6457   Cr: 14.765  )
00000692: 12.8279   (Y': 12.4837   Cb: 12.7206   Cr: 14.7325 )
00000693: 12.8212   (Y': 12.504    Cb: 12.6557   Cr: 14.6386 )
00000694: 12.8576   (Y': 12.5446   Cb: 12.6872   Cr: 14.6559 )
00000695: 12.8316   (Y': 12.4988   Cb: 12.7206   Cr: 14.6659 )
00000696: 12.8073   (Y': 12.4488   Cb: 12.733    Cr: 14.7553 )
00000697: 12.6685   (Y': 12.278    Cb: 12.727    Cr: 14.627  )
00000698: 12.6955   (Y': 12.3166   Cb: 12.6511   Cr: 14.7363 )
00000699: 12.5943   (Y': 12.1826   Cb: 12.6727   Cr: 14.6698 )
00000700: 12.662    (Y': 12.2586   Cb: 12.6895   Cr: 14.7593 )
00000701: 12.8544   (Y': 12.5078   Cb: 12.7273   Cr: 14.8057 )
00000702: 14.0385   (Y': 13.9981   Cb: 13.1941   Cr: 15.2994 )
00000703: 14.1738   (Y': 14.1112   Cb: 13.3152   Cr: 15.5807 )
00000704: 14.0699   (Y': 13.9994   Cb: 13.2418   Cr: 15.4694 )
00000705: 13.3794   (Y': 13.1849   Cb: 12.8918   Cr: 14.9408 )
00000706: 12.7966   (Y': 12.432    Cb: 12.7161   Cr: 14.7959 )
00000707: 12.7995   (Y': 12.4595   Cb: 12.7011   Cr: 14.6609 )
00000708: 12.8561   (Y': 12.5389   Cb: 12.7095   Cr: 14.6442 )
00000709: 12.9165   (Y': 12.6073   Cb: 12.7593   Cr: 14.6693 )
00000710: 12.9639   (Y': 12.648    Cb: 12.7534   Cr: 14.8448 )
00000711: 12.9906   (Y': 12.674    Cb: 12.799    Cr: 14.8449 )
00000712: 12.9263   (Y': 12.6137   Cb: 12.7164   Cr: 14.7839 )
00000713: 12.8962   (Y': 12.5672   Cb: 12.7136   Cr: 14.8191 )
00000714: 12.8139   (Y': 12.4653   Cb: 12.7167   Cr: 14.732  )
00000715: 12.7458   (Y': 12.3565   Cb: 12.7512   Cr: 14.7792 )
00000716: 12.7005   (Y': 12.329    Cb: 12.6958   Cr: 14.6272 )
00000717: 12.7421   (Y': 12.3653   Cb: 12.7687   Cr: 14.6565 )
00000718: 12.683    (Y': 12.3077   Cb: 12.6906   Cr: 14.6162 )
00000719: 12.6149   (Y': 12.2115   Cb: 12.7352   Cr: 14.5669 )
00000720: 12.5812   (Y': 12.1672   Cb: 12.6402   Cr: 14.7033 )
00000721: 12.5383   (Y': 12.1113   Cb: 12.659    Cr: 14.6559 )
00000722: 12.5236   (Y': 12.0855   Cb: 12.6888   Cr: 14.6504 )
00000723: 12.4912   (Y': 12.0489   Cb: 12.6593   Cr: 14.6441 )
00000724: 12.4662   (Y': 12.0209   Cb: 12.6223   Cr: 14.6603 )
00000725: 12.4764   (Y': 12.0571   Cb: 12.5321   Cr: 14.6432 )
00000726: 12.4868   (Y': 12.0455   Cb: 12.6734   Cr: 14.6032 )
00000727: 12.4734   (Y': 12.0234   Cb: 12.6615   Cr: 14.6511 )
00000728: 12.4689   (Y': 12.0137   Cb: 12.6826   Cr: 14.6448 )
00000729: 12.4723   (Y': 12.0205   Cb: 12.6539   Cr: 14.6742 )
00000730: 12.4999   (Y': 12.0646   Cb: 12.6543   Cr: 14.6242 )
00000731: 12.4524   (Y': 11.9946   Cb: 12.6869   Cr: 14.6144 )
00000732: 12.4695   (Y': 12.0218   Cb: 12.6693   Cr: 14.6124 )
00000733: 12.4776   (Y': 12.0389   Cb: 12.6162   Cr: 14.6509 )
00000734: 12.4428   (Y': 11.9917   Cb: 12.6573   Cr: 14.5869 )
00000735: 12.4818   (Y': 12.0352   Cb: 12.626    Cr: 14.7046 )
00000736: 12.4485   (Y': 12.0169   Cb: 12.5918   Cr: 14.5629 )
00000737: 12.4434   (Y': 11.9861   Cb: 12.6709   Cr: 14.6127 )
00000738: 12.428    (Y': 11.9795   Cb: 12.6207   Cr: 14.5868 )
00000739: 12.4708   (Y': 12.012    Cb: 12.6852   Cr: 14.671  )
00000740: 12.5009   (Y': 12.047    Cb: 12.6946   Cr: 14.698  )
00000741: 12.4493   (Y': 11.993    Cb: 12.6372   Cr: 14.6736 )
00000742: 12.4798   (Y': 12.0208   Cb: 12.6862   Cr: 14.6943 )
00000743: 12.4731   (Y': 12.0127   Cb: 12.7111   Cr: 14.6485 )
00000744: 12.4596   (Y': 11.9997   Cb: 12.6701   Cr: 14.6748 )
00000745: 12.4427   (Y': 11.9938   Cb: 12.613    Cr: 14.641  )
00000746: 12.4594   (Y': 11.9919   Cb: 12.6736   Cr: 14.7255 )
00000747: 12.4459   (Y': 11.9813   Cb: 12.6729   Cr: 14.6694 )
00000748: 12.453    (Y': 11.9999   Cb: 12.6227   Cr: 14.6831 )
00000749: 12.4713   (Y': 12.0113   Cb: 12.6704   Cr: 14.7051 )
00000750: 12.485    (Y': 12.0413   Cb: 12.6912   Cr: 14.5883 )
00000751: 12.4861   (Y': 12.0394   Cb: 12.6214   Cr: 14.724  )
00000752: 12.4482   (Y': 11.9951   Cb: 12.6262   Cr: 14.665  )
00000753: 12.4515   (Y': 11.9808   Cb: 12.6712   Cr: 14.732  )
00000754: 12.4571   (Y': 11.9947   Cb: 12.6868   Cr: 14.6604 )
00000755: 12.4622   (Y': 11.9926   Cb: 12.7352   Cr: 14.6504 )
00000756: 12.4682   (Y': 12.0169   Cb: 12.6586   Cr: 14.6508 )
00000757: 12.4745   (Y': 12.0032   Cb: 12.7058   Cr: 14.7413 )
00000758: 12.4776   (Y': 12.0192   Cb: 12.6792   Cr: 14.6954 )
00000759: 12.4639   (Y': 12.0029   Cb: 12.697    Cr: 14.6512 )
00000760: 12.4587   (Y': 11.9904   Cb: 12.6742   Cr: 14.7281 )
00000761: 12.466    (Y': 12.0036   Cb: 12.6866   Cr: 14.6831 )
00000762: 12.4329   (Y': 11.9711   Cb: 12.6665   Cr: 14.6252 )
00000763: 12.4909   (Y': 12.0284   Cb: 12.7204   Cr: 14.6947 )
00000764: 12.5209   (Y': 12.0697   Cb: 12.7237   Cr: 14.6838 )
00000765: 12.5099   (Y': 12.0555   Cb: 12.7151   Cr: 14.6925 )
00000766: 12.4655   (Y': 12.0071   Cb: 12.6738   Cr: 14.6731 )
00000767: 12.4611   (Y': 12.0038   Cb: 12.6986   Cr: 14.6148 )
00000768: 12.5053   (Y': 12.0442   Cb: 12.7054   Cr: 14.7455 )
00000769: 12.491    (Y': 12.0275   Cb: 12.6806   Cr: 14.7667 )
00000770: 12.5497   (Y': 12.1085   Cb: 12.7219   Cr: 14.6879 )
00000771: 12.6338   (Y': 12.2136   Cb: 12.7051   Cr: 14.7807 )
00000772: 12.6259   (Y': 12.1898   Cb: 12.7546   Cr: 14.7965 )
00000773: 12.6147   (Y': 12.1878   Cb: 12.7275   Cr: 14.7441 )
00000774: 12.6545   (Y': 12.2387   Cb: 12.7752   Cr: 14.6922 )
00000775: 12.6426   (Y': 12.2193   Cb: 12.7318   Cr: 14.7836 )
00000776: 12.5346   (Y': 12.075    Cb: 12.7663   Cr: 14.7144 )
00000777: 12.4856   (Y': 11.9982   Cb: 12.7349   Cr: 14.8461 )
00000778: 12.454    (Y': 11.9715   Cb: 12.6962   Cr: 14.7879 )
00000779: 12.3873   (Y': 11.8814   Cb: 12.6939   Cr: 14.7981 )
00000780: 12.3816   (Y': 11.889    Cb: 12.6502   Cr: 14.7506 )
00000781: 12.3735   (Y': 11.856    Cb: 12.7402   Cr: 14.7792 )
00000782: 12.3631   (Y': 11.841    Cb: 12.759    Cr: 14.7582 )
00000783: 13.5191   (Y': 13.2958   Cb: 13.0548   Cr: 15.2189 )
00000784: 14.1245   (Y': 14.0029   Cb: 13.3593   Cr: 15.712  )
00000785: 14.0723   (Y': 13.9411   Cb: 13.3476   Cr: 15.6479 )
00000786: 13.5283   (Y': 13.3121   Cb: 13.0796   Cr: 15.1586 )
00000787: 13.0596   (Y': 12.7208   Cb: 12.9138   Cr: 14.989  )
00000788: 12.4903   (Y': 12.0238   Cb: 12.6988   Cr: 14.7576 )
00000789: 12.417    (Y': 11.9104   Cb: 12.7526   Cr: 14.7868 )
00000790: 12.3794   (Y': 11.8845   Cb: 12.6621   Cr: 14.744  )
00000791: 12.3913   (Y': 11.9193   Cb: 12.6397   Cr: 14.6365 )
00000792: 12.3407   (Y': 11.8315   Cb: 12.6959   Cr: 14.6993 )
00000793: 12.3789   (Y': 11.8765   Cb: 12.6923   Cr: 14.752  )
00000794: 12.3791   (Y': 11.8798   Cb: 12.711    Cr: 14.6982 )
00000795: 12.3575   (Y': 11.8627   Cb: 12.6736   Cr: 14.6675 )
00000796: 12.4167   (Y': 11.9317   Cb: 12.6772   Cr: 14.7407 )
00000797: 12.3547   (Y': 11.8693   Cb: 12.6543   Cr: 14.6194 )
00000798: 12.3769   (Y': 11.8822   Cb: 12.6613   Cr: 14.7367 )
00000799: 12.3641   (Y': 11.8654   Cb: 12.6835   Cr: 14.698  )
00000800: 12.3805   (Y': 11.8838   Cb: 12.6919   Cr: 14.7117 )
00000801: 12.3977   (Y': 11.9044   Cb: 12.6694   Cr: 14.7672 )
00000802: 12.3803   (Y': 11.8794   Cb: 12.6828   Cr: 14.7595 )
00000803: 12.3915   (Y': 11.8963   Cb: 12.7141   Cr: 14.6943 )
00000804: 12.3994   (Y': 11.9149   Cb: 12.6467   Cr: 14.7401 )
00000805: 12.4121   (Y': 11.932    Cb: 12.6844   Cr: 14.68   )
00000806: 12.3982   (Y': 11.914    Cb: 12.6814   Cr: 14.6796 )
00000807: 12.4137   (Y': 11.9317   Cb: 12.6776   Cr: 14.7087 )
00000808: 12.3622   (Y': 11.8652   Cb: 12.6997   Cr: 14.6554 )
00000809: 12.3615   (Y': 11.8726   Cb: 12.674    Cr: 14.6319 )
00000810: 12.3803   (Y': 11.8885   Cb: 12.7219   Cr: 14.628  )
00000811: 12.4033   (Y': 11.9334   Cb: 12.6127   Cr: 14.6947 )
00000812: 12.3776   (Y': 11.8978   Cb: 12.6749   Cr: 14.6033 )
00000813: 12.3803   (Y': 11.9096   Cb: 12.6409   Cr: 14.5958 )
00000814: 12.4622   (Y': 11.9955   Cb: 12.7218   Cr: 14.6503 )
00000815: 12.6469   (Y': 12.2096   Cb: 12.784    Cr: 14.8119 )
00000816: 12.829    (Y': 12.4546   Cb: 12.8057   Cr: 14.8041 )
00000817: 12.9086   (Y': 12.5793   Cb: 12.7581   Cr: 14.7816 )
00000818: 12.8382   (Y': 12.4842   Cb: 12.7597   Cr: 14.7621 )
00000819: 12.7632   (Y': 12.4017   Cb: 12.7458   Cr: 14.6418 )
00000820: 12.727    (Y': 12.3632   Cb: 12.6883   Cr: 14.6549 )
00000821: 12.716    (Y': 12.3552   Cb: 12.6861   Cr: 14.6102 )
00000822: 12.7251   (Y': 12.364    Cb: 12.6547   Cr: 14.6847 )
00000823: 12.7184   (Y': 12.3584   Cb: 12.6824   Cr: 14.6161 )
00000824: 12.6359   (Y': 12.2497   Cb: 12.6711   Cr: 14.6008 )
00000825: 12.6076   (Y': 12.2413   Cb: 12.6199   Cr: 14.4733 )
00000826: 12.6094   (Y': 12.2232   Cb: 12.6286   Cr: 14.5994 )
00000827: 12.7206   (Y': 12.361    Cb: 12.6855   Cr: 14.6138 )
00000828: 12.8202   (Y': 12.4704   Cb: 12.7663   Cr: 14.6772 )
00000829: 12.6933   (Y': 12.3035   Cb: 12.744    Cr: 14.6589 )
00000830: 12.7343   (Y': 12.3718   Cb: 12.7081   Cr: 14.6335 )
00000831: 12.7005   (Y': 12.3275   Cb: 12.6749   Cr: 14.6697 )
00000832: 12.6965   (Y': 12.3049   Cb: 12.7329   Cr: 14.6967 )
00000833: 12.8101   (Y': 12.4596   Cb: 12.7477   Cr: 14.6856 )
00000834: 12.7981   (Y': 12.4601   Cb: 12.714    Cr: 14.6237 )
00000835: 12.7867   (Y': 12.4574   Cb: 12.6613   Cr: 14.6204 )
00000836: 12.6941   (Y': 12.3324   Cb: 12.6506   Cr: 14.6148 )
00000837: 12.5931   (Y': 12.1874   Cb: 12.6507   Cr: 14.659  )
00000838: 12.5588   (Y': 12.149    Cb: 12.6373   Cr: 14.62   )
00000839: 12.6564   (Y': 12.2539   Cb: 12.6937   Cr: 14.7311 )
00000840: 12.6914   (Y': 12.3083   Cb: 12.7155   Cr: 14.6524 )
00000841: 12.7039   (Y': 12.3342   Cb: 12.686    Cr: 14.6393 )
00000842: 12.7392   (Y': 12.3641   Cb: 12.7521   Cr: 14.6628 )
00000843: 12.7908   (Y': 12.4246   Cb: 12.7898   Cr: 14.6755 )
00000844: 12.7876   (Y': 12.4326   Cb: 12.7167   Cr: 14.706  )
00000845: 12.9187   (Y': 12.6178   Cb: 12.7229   Cr: 14.6781 )
00000846: 13.0374   (Y': 12.7957   Cb: 12.699    Cr: 14.6487 )
00000847: 13.0533   (Y': 12.8092   Cb: 12.6773   Cr: 14.7392 )
00000848: 13.0398   (Y': 12.7903   Cb: 12.7138   Cr: 14.6801 )
00000849: 12.9629   (Y': 12.7044   Cb: 12.6752   Cr: 14.5978 )
00000850: 12.8975   (Y': 12.6018   Cb: 12.6885   Cr: 14.6442 )
00000851: 12.7587   (Y': 12.4826   Cb: 12.4891   Cr: 14.4755 )
00000852: 12.7182   (Y': 12.4331   Cb: 12.4504   Cr: 14.4898 )
00000853: 12.7648   (Y': 12.4917   Cb: 12.4496   Cr: 14.5359 )
00000854: 12.8463   (Y': 12.5891   Cb: 12.5099   Cr: 14.5512 )
00000855: 12.7859   (Y': 12.5192   Cb: 12.4963   Cr: 14.4757 )
00000856: 12.8158   (Y': 12.5447   Cb: 12.5347   Cr: 14.5199 )
00000858: 13.7854   (Y': 13.6476   Cb: 13.1069   Cr: 15.322  )
00000857: 13.5415   (Y': 13.4106   Cb: 12.8926   Cr: 14.99   )
00000859: 13.7212   (Y': 13.5897   Cb: 13.0222   Cr: 15.2556 )
00000860: 13.1739   (Y': 12.9721   Cb: 12.6692   Cr: 14.8075 )
00000861: 13.0242   (Y': 12.7621   Cb: 12.6618   Cr: 14.8018 )
00000862: 12.5595   (Y': 12.1865   Cb: 12.4792   Cr: 14.6169 )
00000863: 12.5401   (Y': 12.1491   Cb: 12.5422   Cr: 14.591  )
00000864: 12.7619   (Y': 12.4379   Cb: 12.5521   Cr: 14.6958 )
00000865: 12.7761   (Y': 12.4808   Cb: 12.5052   Cr: 14.6188 )
00000866: 12.7056   (Y': 12.4117   Cb: 12.4684   Cr: 14.4853 )
00000867: 12.6796   (Y': 12.3725   Cb: 12.4816   Cr: 14.4823 )
00000868: 12.6136   (Y': 12.2952   Cb: 12.4135   Cr: 14.4944 )
00000869: 12.5241   (Y': 12.1844   Cb: 12.4139   Cr: 14.4028 )
00000870: 12.4331   (Y': 12.0576   Cb: 12.3906   Cr: 14.4477 )
00000871: 12.4169   (Y': 12.0303   Cb: 12.4012   Cr: 14.4649 )
00000872: 12.4266   (Y': 12.0521   Cb: 12.406    Cr: 14.3987 )
00000874: 12.545    (Y': 12.1807   Cb: 12.4672   Cr: 14.5388 )
00000873: 12.3978   (Y': 12.0014   Cb: 12.4238   Cr: 14.4483 )
00000875: 12.4905   (Y': 12.1114   Cb: 12.4453   Cr: 14.5334 )
00000876: 12.4882   (Y': 12.1131   Cb: 12.4575   Cr: 14.4804 )
00000877: 12.5473   (Y': 12.2015   Cb: 12.4554   Cr: 14.4372 )
00000878: 12.5308   (Y': 12.1759   Cb: 12.4447   Cr: 14.473  )
00000879: 12.5257   (Y': 12.1914   Cb: 12.3835   Cr: 14.4192 )
00000880: 12.4906   (Y': 12.1446   Cb: 12.3978   Cr: 14.3834 )
00000882: 12.7651   (Y': 12.4833   Cb: 12.4842   Cr: 14.5368 )
00000881: 12.6466   (Y': 12.33     Cb: 12.4297   Cr: 14.542  )
00000883: 12.6997   (Y': 12.4162   Cb: 12.4243   Cr: 14.474  )
00000884: 12.6861   (Y': 12.4285   Cb: 12.3956   Cr: 14.3209 )
00000885: 12.5978   (Y': 12.2932   Cb: 12.3826   Cr: 14.4114 )
00000886: 12.6284   (Y': 12.3389   Cb: 12.4172   Cr: 14.3391 )
00000887: 12.5862   (Y': 12.3001   Cb: 12.3292   Cr: 14.3472 )
00000888: 12.5225   (Y': 12.2028   Cb: 12.3447   Cr: 14.3761 )
00000890: 12.4211   (Y': 12.0837   Cb: 12.2755   Cr: 14.3411 )
00000889: 12.5038   (Y': 12.2103   Cb: 12.258    Cr: 14.2949 )
00000891: 12.4467   (Y': 12.123    Cb: 12.2763   Cr: 14.3148 )
00000892: 12.4338   (Y': 12.1163   Cb: 12.2534   Cr: 14.2763 )
00000893: 12.4512   (Y': 12.1014   Cb: 12.3356   Cr: 14.4058 )
00000895: 12.6763   (Y': 12.3646   Cb: 12.4766   Cr: 14.512  )
00000894: 12.5803   (Y': 12.2493   Cb: 12.4283   Cr: 14.4674 )
00000896: 12.758    (Y': 12.4908   Cb: 12.4365   Cr: 14.501  )
00000897: 12.7446   (Y': 12.5032   Cb: 12.3731   Cr: 14.4066 )
00000898: 12.7603   (Y': 12.5248   Cb: 12.376    Cr: 14.4059 )
00000899: 12.7255   (Y': 12.5113   Cb: 12.32     Cr: 14.2753 )
00000900: 12.8432   (Y': 12.662    Cb: 12.3618   Cr: 14.3165 )
00000901: 12.9362   (Y': 12.7474   Cb: 12.4327   Cr: 14.4898 )
00000903: 12.7384   (Y': 12.3431   Cb: 12.6533   Cr: 14.9637 )
00000902: 12.8698   (Y': 12.5734   Cb: 12.6053   Cr: 14.7099 )
00000904: 12.7058   (Y': 12.3011   Cb: 12.6637   Cr: 14.9277 )
00000906: 12.6042   (Y': 12.2097   Cb: 12.6217   Cr: 14.6548 )
00000905: 12.6329   (Y': 12.2353   Cb: 12.6232   Cr: 14.7494 )
00000907: 12.5734   (Y': 12.1681   Cb: 12.6004   Cr: 14.685  )
00000908: 12.5708   (Y': 12.1695   Cb: 12.5758   Cr: 14.6895 )
00000909: 12.5814   (Y': 12.1859   Cb: 12.5854   Cr: 14.6606 )
00000910: 12.5551   (Y': 12.1182   Cb: 12.6778   Cr: 14.7404 )
00000911: 12.5864   (Y': 12.176    Cb: 12.6135   Cr: 14.7347 )
00000912: 12.612    (Y': 12.2029   Cb: 12.6646   Cr: 14.7091 )
00000914: 12.7773   (Y': 12.4214   Cb: 12.7016   Cr: 14.7096 )
00000913: 12.6857   (Y': 12.3014   Cb: 12.6425   Cr: 14.7623 )
00000915: 12.7491   (Y': 12.3933   Cb: 12.6749   Cr: 14.679  )
00000916: 12.5804   (Y': 12.1721   Cb: 12.6131   Cr: 14.7041 )
00000917: 12.5158   (Y': 12.0619   Cb: 12.7338   Cr: 14.6746 )
00000918: 12.4912   (Y': 12.0481   Cb: 12.656    Cr: 14.6555 )
00000919: 12.4154   (Y': 11.9698   Cb: 12.5846   Cr: 14.5908 )
00000920: 12.3673   (Y': 11.9295   Cb: 12.529    Cr: 14.4973 )
00000921: 12.6172   (Y': 12.2068   Cb: 12.6516   Cr: 14.7532 )
00000922: 12.9069   (Y': 12.5825   Cb: 12.7324   Cr: 14.7865 )
00000923: 12.7504   (Y': 12.3835   Cb: 12.734    Cr: 14.6643 )
00000924: 12.6223   (Y': 12.2427   Cb: 12.5541   Cr: 14.7071 )
00000925: 12.5758   (Y': 12.1687   Cb: 12.5812   Cr: 14.7356 )
00000926: 12.7544   (Y': 12.3713   Cb: 12.6783   Cr: 14.8767 )
00000927: 12.9809   (Y': 12.764    Cb: 12.5346   Cr: 14.6112 )
00000928: 12.9546   (Y': 12.7827   Cb: 12.4622   Cr: 14.3907 )
00000929: 12.7747   (Y': 12.6159   Cb: 12.2571   Cr: 14.1746 )
00000931: 13.0238   (Y': 12.8994   Cb: 12.4247   Cr: 14.3562 )
00000930: 12.802    (Y': 12.6885   Cb: 12.1604   Cr: 14.14   )
00000932: 12.6579   (Y': 12.277    Cb: 12.5495   Cr: 14.8186 )
00000933: 12.7496   (Y': 12.4099   Cb: 12.4782   Cr: 14.8961 )
00000934: 12.8688   (Y': 12.531    Cb: 12.6381   Cr: 14.9317 )
00000935: 12.8057   (Y': 12.484    Cb: 12.5904   Cr: 14.7331 )
00000936: 12.6547   (Y': 12.2885   Cb: 12.5683   Cr: 14.6752 )
00000937: 12.584    (Y': 12.1697   Cb: 12.6192   Cr: 14.7475 )
00000938: 12.6004   (Y': 12.2087   Cb: 12.5745   Cr: 14.7015 )
00000939: 12.5568   (Y': 12.1575   Cb: 12.5382   Cr: 14.6997 )
00000940: 12.5768   (Y': 12.1746   Cb: 12.5895   Cr: 14.6902 )
00000941: 12.5651   (Y': 12.1553   Cb: 12.6311   Cr: 14.6466 )
00000942: 12.5422   (Y': 12.1283   Cb: 12.6324   Cr: 14.6145 )
00000943: 12.6042   (Y': 12.2008   Cb: 12.7218   Cr: 14.5607 )
00000944: 12.6587   (Y': 12.3002   Cb: 12.589    Cr: 14.5995 )
00000945: 12.6269   (Y': 12.2529   Cb: 12.5928   Cr: 14.6175 )
00000946: 12.626    (Y': 12.238    Cb: 12.6323   Cr: 14.6495 )
00000947: 12.624    (Y': 12.2323   Cb: 12.6613   Cr: 14.6233 )
00000948: 12.6932   (Y': 12.3064   Cb: 12.7167   Cr: 14.6806 )
00000949: 12.6769   (Y': 12.2961   Cb: 12.638    Cr: 14.722  )
00000950: 12.6924   (Y': 12.3144   Cb: 12.6874   Cr: 14.6639 )
00000952: 12.5995   (Y': 12.1908   Cb: 12.6619   Cr: 14.6791 )
00000951: 12.6232   (Y': 12.2591   Cb: 12.5943   Cr: 14.5378 )
00000953: 12.6138   (Y': 12.2266   Cb: 12.6632   Cr: 14.5637 )
00000954: 12.6048   (Y': 12.1988   Cb: 12.6625   Cr: 14.6725 )
00000955: 12.6476   (Y': 12.2644   Cb: 12.6594   Cr: 14.6287 )
00000956: 12.6541   (Y': 12.2555   Cb: 12.694    Cr: 14.6984 )
00000957: 12.7445   (Y': 12.3897   Cb: 12.6848   Cr: 14.6445 )
00000958: 12.7421   (Y': 12.3678   Cb: 12.7023   Cr: 14.7434 )
Total: 12.6253   (Y': 12.2265   Cb: 12.6735   Cr: 14.6576 )
