00000000: 31.7036   (Y': 40.8341   Cb: 27.3013   Cr: 27.3013 )
00000004: 12.0629   (Y': 12.0697   Cb: 12.1875   Cr: 11.9152 )
00000002: 12.0281   (Y': 12.0417   Cb: 12.1237   Cr: 11.8813 )
00000001: 12.133    (Y': 12.1043   Cb: 12.3408   Cr: 12.0464 )
00000003: 12.0733   (Y': 12.0886   Cb: 12.1765   Cr: 11.9136 )
00000005: 12.0215   (Y': 12.0596   Cb: 11.9952   Cr: 11.8979 )
00000006: 12.0342   (Y': 12.0634   Cb: 12.1007   Cr: 11.8556 )
00000007: 11.9806   (Y': 12.0038   Cb: 12.0314   Cr: 11.8397 )
00000008: 12.2288   (Y': 12.1772   Cb: 12.5139   Cr: 12.1612 )
00000009: 12.1962   (Y': 12.1313   Cb: 12.4861   Cr: 12.1777 )
00000010: 12.1817   (Y': 12.1202   Cb: 12.454    Cr: 12.1657 )
00000011: 12.2302   (Y': 12.1781   Cb: 12.4966   Cr: 12.1821 )
00000012: 12.2108   (Y': 12.1502   Cb: 12.5281   Cr: 12.1491 )
00000013: 12.2092   (Y': 12.1372   Cb: 12.5135   Cr: 12.2054 )
00000014: 12.2219   (Y': 12.1645   Cb: 12.5005   Cr: 12.1831 )
00000015: 12.2221   (Y': 12.1573   Cb: 12.5068   Cr: 12.2076 )
00000016: 12.2117   (Y': 12.1641   Cb: 12.4673   Cr: 12.155  )
00000017: 12.1909   (Y': 12.1166   Cb: 12.4803   Cr: 12.2107 )
00000018: 12.1809   (Y': 12.1334   Cb: 12.4547   Cr: 12.1072 )
00000019: 12.2134   (Y': 12.1684   Cb: 12.4431   Cr: 12.1709 )
00000020: 12.1825   (Y': 12.131    Cb: 12.4612   Cr: 12.1198 )
00000021: 12.192    (Y': 12.138    Cb: 12.4462   Cr: 12.1624 )
00000022: 12.2064   (Y': 12.1459   Cb: 12.4496   Cr: 12.2137 )
00000023: 12.1639   (Y': 12.1153   Cb: 12.4052   Cr: 12.1248 )
00000024: 12.1556   (Y': 12.1291   Cb: 12.4323   Cr: 11.9972 )
00000025: 12.1883   (Y': 12.1147   Cb: 12.4643   Cr: 12.218  )
00000027: 12.1746   (Y': 12.1167   Cb: 12.467    Cr: 12.1253 )
00000026: 12.1689   (Y': 12.1481   Cb: 12.394    Cr: 12.0351 )
00000029: 12.1939   (Y': 12.1323   Cb: 12.4693   Cr: 12.1753 )
00000028: 12.1728   (Y': 12.1335   Cb: 12.4172   Cr: 12.0942 )
00000031: 12.1925   (Y': 12.1352   Cb: 12.4242   Cr: 12.1976 )
00000030: 12.1632   (Y': 12.1107   Cb: 12.4057   Cr: 12.1388 )
00000032: 12.1651   (Y': 12.1182   Cb: 12.3755   Cr: 12.1484 )
00000033: 12.1786   (Y': 12.1264   Cb: 12.4156   Cr: 12.1585 )
00000034: 12.1933   (Y': 12.1459   Cb: 12.4485   Cr: 12.1366 )
00000035: 12.1865   (Y': 12.1543   Cb: 12.4068   Cr: 12.1014 )
00000036: 12.1875   (Y': 12.1378   Cb: 12.4479   Cr: 12.1352 )
00000038: 12.187    (Y': 12.1276   Cb: 12.4585   Cr: 12.1629 )
00000037: 12.1842   (Y': 12.1105   Cb: 12.4718   Cr: 12.2029 )
00000039: 12.1467   (Y': 12.0791   Cb: 12.438    Cr: 12.1372 )
00000041: 12.1681   (Y': 12.1295   Cb: 12.4592   Cr: 12.0434 )
00000040: 12.1853   (Y': 12.1322   Cb: 12.4592   Cr: 12.134  )
00000042: 12.1762   (Y': 12.1156   Cb: 12.4289   Cr: 12.1751 )
00000043: 12.1948   (Y': 12.1364   Cb: 12.4452   Cr: 12.187  )
00000044: 12.2092   (Y': 12.139    Cb: 12.533    Cr: 12.1808 )
00000047: 12.176    (Y': 12.1309   Cb: 12.4323   Cr: 12.109  )
00000045: 12.1418   (Y': 12.1037   Cb: 12.4007   Cr: 12.0443 )
00000046: 12.1774   (Y': 12.1289   Cb: 12.4475   Cr: 12.1107 )
00000049: 12.2073   (Y': 12.1429   Cb: 12.488    Cr: 12.1951 )
00000048: 12.1682   (Y': 12.1262   Cb: 12.4138   Cr: 12.0987 )
00000050: 12.2048   (Y': 12.1497   Cb: 12.4967   Cr: 12.1447 )
00000051: 12.1728   (Y': 12.1202   Cb: 12.4069   Cr: 12.1565 )
00000052: 12.1918   (Y': 12.1481   Cb: 12.4291   Cr: 12.1369 )
00000053: 12.1671   (Y': 12.1281   Cb: 12.4053   Cr: 12.0926 )
00000054: 12.2209   (Y': 12.171    Cb: 12.4999   Cr: 12.1519 )
00000055: 12.2005   (Y': 12.1332   Cb: 12.4679   Cr: 12.2127 )
00000056: 12.1851   (Y': 12.1276   Cb: 12.4591   Cr: 12.1514 )
00000058: 12.1777   (Y': 12.1358   Cb: 12.4112   Cr: 12.1194 )
00000057: 12.1778   (Y': 12.1457   Cb: 12.4012   Cr: 12.0899 )
00000059: 12.1788   (Y': 12.129    Cb: 12.4336   Cr: 12.1322 )
00000060: 12.1951   (Y': 12.1495   Cb: 12.3745   Cr: 12.2027 )
00000061: 12.186    (Y': 12.1194   Cb: 12.466    Cr: 12.1832 )
00000062: 12.1978   (Y': 12.1437   Cb: 12.4663   Cr: 12.1555 )
00000063: 12.1626   (Y': 12.1201   Cb: 12.4072   Cr: 12.0962 )
00000064: 12.162    (Y': 12.0934   Cb: 12.4017   Cr: 12.2058 )
00000065: 12.1822   (Y': 12.1362   Cb: 12.4507   Cr: 12.1077 )
00000066: 12.173    (Y': 12.1378   Cb: 12.426    Cr: 12.0699 )
00000068: 12.1753   (Y': 12.1311   Cb: 12.4532   Cr: 12.085  )
00000067: 12.1711   (Y': 12.1191   Cb: 12.4497   Cr: 12.1107 )
00000070: 12.1587   (Y': 12.128    Cb: 12.4541   Cr: 11.9996 )
00000069: 12.1942   (Y': 12.1465   Cb: 12.4727   Cr: 12.1167 )
00000071: 12.1638   (Y': 12.1109   Cb: 12.4712   Cr: 12.0807 )
00000072: 12.1621   (Y': 12.112    Cb: 12.426    Cr: 12.1079 )
00000073: 12.1824   (Y': 12.1303   Cb: 12.472    Cr: 12.1124 )
00000074: 12.1958   (Y': 12.1551   Cb: 12.4214   Cr: 12.14   )
00000076: 12.1629   (Y': 12.1159   Cb: 12.3838   Cr: 12.1367 )
00000075: 12.2048   (Y': 12.1629   Cb: 12.4427   Cr: 12.1421 )
00000077: 12.148    (Y': 12.1103   Cb: 12.3481   Cr: 12.1043 )
00000078: 12.1749   (Y': 12.127    Cb: 12.4398   Cr: 12.1106 )
00000079: 12.1577   (Y': 12.0986   Cb: 12.4494   Cr: 12.1139 )
00000080: 12.1622   (Y': 12.09     Cb: 12.4653   Cr: 12.1604 )
00000081: 12.1389   (Y': 12.0924   Cb: 12.4544   Cr: 12.0233 )
00000083: 12.1678   (Y': 12.1184   Cb: 12.3976   Cr: 12.1428 )
00000082: 12.1773   (Y': 12.1206   Cb: 12.4414   Cr: 12.1495 )
00000084: 12.1693   (Y': 12.1358   Cb: 12.3739   Cr: 12.1044 )
00000085: 12.1455   (Y': 12.0819   Cb: 12.4109   Cr: 12.1444 )
00000087: 12.2136   (Y': 12.1813   Cb: 12.4681   Cr: 12.0972 )
00000086: 12.1963   (Y': 12.1313   Cb: 12.4935   Cr: 12.1711 )
00000088: 12.1723   (Y': 12.1077   Cb: 12.4646   Cr: 12.15   )
00000089: 12.1864   (Y': 12.1331   Cb: 12.4318   Cr: 12.1626 )
00000091: 12.1766   (Y': 12.1333   Cb: 12.4274   Cr: 12.1074 )
00000090: 12.1966   (Y': 12.1284   Cb: 12.4452   Cr: 12.2299 )
00000092: 12.1556   (Y': 12.1082   Cb: 12.3851   Cr: 12.1227 )
00000093: 12.1753   (Y': 12.1345   Cb: 12.4152   Cr: 12.1067 )
00000094: 12.1899   (Y': 12.1418   Cb: 12.444    Cr: 12.1369 )
00000095: 12.2137   (Y': 12.1797   Cb: 12.3922   Cr: 12.1754 )
00000096: 12.1798   (Y': 12.1337   Cb: 12.3865   Cr: 12.1635 )
00000097: 12.1637   (Y': 12.106    Cb: 12.409    Cr: 12.1575 )
00000098: 12.166    (Y': 12.1132   Cb: 12.4229   Cr: 12.1291 )
00000099: 12.1298   (Y': 12.0956   Cb: 12.3399   Cr: 12.0628 )
00000100: 12.1748   (Y': 12.132    Cb: 12.4008   Cr: 12.1272 )
00000101: 12.1423   (Y': 12.1317   Cb: 12.3424   Cr: 11.9915 )
00000102: 11.983    (Y': 12.0843   Cb: 12.0969   Cr: 11.4981 )
00000103: 11.9523   (Y': 12.0862   Cb: 12.1009   Cr: 11.3259 )
00000104: 12.1268   (Y': 12.1111   Cb: 12.2763   Cr: 12.0438 )
00000105: 12.0828   (Y': 12.0692   Cb: 12.2236   Cr: 11.9994 )
00000106: 12.1134   (Y': 12.1124   Cb: 12.1812   Cr: 12.0507 )
00000107: 12.1135   (Y': 12.125    Cb: 12.2766   Cr: 11.9123 )
00000108: 12.0697   (Y': 12.0574   Cb: 12.2194   Cr: 11.9733 )
00000111: 12.0931   (Y': 12.0829   Cb: 12.2599   Cr: 11.9718 )
00000109: 12.0994   (Y': 12.0821   Cb: 12.2498   Cr: 12.0218 )
00000110: 12.0703   (Y': 12.0343   Cb: 12.2796   Cr: 12.0108 )
00000112: 12.1102   (Y': 12.0898   Cb: 12.3004   Cr: 12.0074 )
00000113: 12.1461   (Y': 12.1393   Cb: 12.2385   Cr: 12.0821 )
00000115: 12.1141   (Y': 12.0937   Cb: 12.2458   Cr: 12.0667 )
00000114: 12.0973   (Y': 12.0863   Cb: 12.2277   Cr: 12.0134 )
00000117: 12.1629   (Y': 12.1627   Cb: 12.2681   Cr: 12.0609 )
00000118: 12.1171   (Y': 12.1119   Cb: 12.2269   Cr: 12.0303 )
00000116: 12.0971   (Y': 12.0765   Cb: 12.204    Cr: 12.074  )
00000119: 12.0993   (Y': 12.0899   Cb: 12.2164   Cr: 12.0222 )
00000120: 12.1451   (Y': 12.1554   Cb: 12.2682   Cr: 11.9856 )
00000121: 12.1222   (Y': 12.1207   Cb: 12.3187   Cr: 11.9403 )
00000122: 12.1517   (Y': 12.1514   Cb: 12.2269   Cr: 12.0788 )
00000123: 12.1383   (Y': 12.1359   Cb: 12.2854   Cr: 12.0051 )
00000126: 12.1293   (Y': 12.0921   Cb: 12.315    Cr: 12.0972 )
00000125: 12.1896   (Y': 12.1866   Cb: 12.3012   Cr: 12.0926 )
00000127: 12.1154   (Y': 12.0875   Cb: 12.3082   Cr: 12.0395 )
00000124: 12.1619   (Y': 12.1613   Cb: 12.2895   Cr: 12.0404 )
00000128: 12.1349   (Y': 12.1009   Cb: 12.3903   Cr: 12.0248 )
00000129: 12.1383   (Y': 12.085    Cb: 12.3471   Cr: 12.1492 )
00000130: 12.1413   (Y': 12.0679   Cb: 12.3838   Cr: 12.2019 )
00000131: 12.1299   (Y': 12.0655   Cb: 12.3572   Cr: 12.1682 )
00000132: 12.1059   (Y': 12.048    Cb: 12.3417   Cr: 12.1095 )
00000135: 12.1496   (Y': 12.1148   Cb: 12.356    Cr: 12.0884 )
00000134: 12.1354   (Y': 12.0903   Cb: 12.2994   Cr: 12.1559 )
00000133: 12.1033   (Y': 12.0456   Cb: 12.328    Cr: 12.1165 )
00000136: 12.1279   (Y': 12.0919   Cb: 12.3097   Cr: 12.0947 )
00000137: 12.1431   (Y': 12.1114   Cb: 12.2984   Cr: 12.1176 )
00000138: 12.154    (Y': 12.1413   Cb: 12.3098   Cr: 12.0526 )
00000139: 12.1228   (Y': 12.0883   Cb: 12.3004   Cr: 12.0877 )
00000140: 12.1161   (Y': 12.1165   Cb: 12.2086   Cr: 12.024  )
00000141: 12.1638   (Y': 12.1589   Cb: 12.2958   Cr: 12.0545 )
00000142: 12.1771   (Y': 12.1529   Cb: 12.295    Cr: 12.1583 )
00000143: 12.1375   (Y': 12.1089   Cb: 12.2784   Cr: 12.1137 )
00000145: 12.1084   (Y': 12.0917   Cb: 12.2427   Cr: 12.0437 )
00000144: 12.0823   (Y': 12.0539   Cb: 12.2525   Cr: 12.0297 )
00000146: 12.1414   (Y': 12.1206   Cb: 12.265    Cr: 12.1029 )
00000147: 12.0998   (Y': 12.0833   Cb: 12.1995   Cr: 12.0674 )
00000148: 12.0809   (Y': 12.0471   Cb: 12.2606   Cr: 12.0408 )
00000149: 12.1488   (Y': 12.125    Cb: 12.2589   Cr: 12.1358 )
00000151: 12.1497   (Y': 12.1303   Cb: 12.2727   Cr: 12.1067 )
00000150: 12.1543   (Y': 12.1206   Cb: 12.3423   Cr: 12.106  )
00000153: 12.1746   (Y': 12.1561   Cb: 12.3138   Cr: 12.1122 )
00000152: 12.1608   (Y': 12.1542   Cb: 12.3425   Cr: 12.012  )
00000154: 12.1516   (Y': 12.1485   Cb: 12.2753   Cr: 12.0438 )
00000155: 12.1372   (Y': 12.1251   Cb: 12.2303   Cr: 12.0936 )
00000156: 12.1285   (Y': 12.1224   Cb: 12.2378   Cr: 12.0461 )
00000157: 12.1009   (Y': 12.0765   Cb: 12.2118   Cr: 12.0892 )
00000158: 12.1148   (Y': 12.1014   Cb: 12.2106   Cr: 12.0742 )
00000159: 12.1125   (Y': 12.0922   Cb: 12.2428   Cr: 12.0657 )
00000160: 12.1351   (Y': 12.1282   Cb: 12.228    Cr: 12.0713 )
00000161: 12.1622   (Y': 12.1342   Cb: 12.3101   Cr: 12.1292 )
00000162: 12.1      (Y': 12.0859   Cb: 12.2241   Cr: 12.0344 )
00000163: 12.1164   (Y': 12.108    Cb: 12.235    Cr: 12.0337 )
00000164: 12.1212   (Y': 12.1039   Cb: 12.2263   Cr: 12.0868 )
00000165: 12.1369   (Y': 12.1166   Cb: 12.2847   Cr: 12.0732 )
00000166: 12.1146   (Y': 12.1052   Cb: 12.2267   Cr: 12.0419 )
00000167: 12.1031   (Y': 12.0888   Cb: 12.2104   Cr: 12.0549 )
00000168: 12.0934   (Y': 12.0882   Cb: 12.2506   Cr: 11.9615 )
00000169: 12.0983   (Y': 12.0695   Cb: 12.2442   Cr: 12.0707 )
00000170: 12.0931   (Y': 12.0645   Cb: 12.2749   Cr: 12.0299 )
00000171: 12.1081   (Y': 12.086    Cb: 12.2042   Cr: 12.1014 )
00000172: 12.1058   (Y': 12.1049   Cb: 12.1765   Cr: 12.0397 )
00000173: 12.0893   (Y': 12.0844   Cb: 12.1797   Cr: 12.02   )
00000174: 12.1149   (Y': 12.114    Cb: 12.1691   Cr: 12.0653 )
00000175: 12.0934   (Y': 12.1008   Cb: 12.1738   Cr: 11.9854 )
00000176: 12.0608   (Y': 12.0468   Cb: 12.1573   Cr: 12.022  )
00000177: 12.1091   (Y': 12.1009   Cb: 12.2379   Cr: 12.0159 )
00000178: 12.113    (Y': 12.0976   Cb: 12.2465   Cr: 12.0437 )
00000179: 12.0829   (Y': 12.0818   Cb: 12.1947   Cr: 11.9784 )
00000180: 12.1015   (Y': 12.0843   Cb: 12.276    Cr: 12.0005 )
00000181: 12.0955   (Y': 12.0778   Cb: 12.2572   Cr: 12.0083 )
00000182: 12.0742   (Y': 12.0484   Cb: 12.2063   Cr: 12.048  )
00000183: 12.1121   (Y': 12.1049   Cb: 12.1633   Cr: 12.0901 )
00000185: 12.0864   (Y': 12.0573   Cb: 12.2393   Cr: 12.0529 )
00000184: 12.0912   (Y': 12.0674   Cb: 12.2516   Cr: 12.0297 )
00000186: 12.0769   (Y': 12.0446   Cb: 12.2348   Cr: 12.0517 )
00000187: 12.0827   (Y': 12.061    Cb: 12.2243   Cr: 12.0309 )
00000188: 12.1278   (Y': 12.1472   Cb: 12.1847   Cr: 11.996  )
00000189: 12.0814   (Y': 12.0642   Cb: 12.1719   Cr: 12.0609 )
00000190: 12.129    (Y': 12.1135   Cb: 12.2552   Cr: 12.0675 )
00000191: 12.072    (Y': 12.0558   Cb: 12.1726   Cr: 12.0378 )
00000192: 12.0826   (Y': 12.0845   Cb: 12.2068   Cr: 11.9541 )
00000193: 12.1069   (Y': 12.0868   Cb: 12.2277   Cr: 12.0689 )
00000194: 12.0575   (Y': 12.0256   Cb: 12.2298   Cr: 12.0169 )
00000195: 12.0868   (Y': 12.0682   Cb: 12.2145   Cr: 12.0359 )
00000196: 12.1045   (Y': 12.0755   Cb: 12.2326   Cr: 12.0946 )
00000198: 12.0493   (Y': 12.0165   Cb: 12.291    Cr: 11.9474 )
00000197: 12.0885   (Y': 12.0667   Cb: 12.2059   Cr: 12.06   )
00000199: 12.1242   (Y': 12.1095   Cb: 12.2412   Cr: 12.0682 )
00000200: 12.0932   (Y': 12.0947   Cb: 12.1398   Cr: 12.0415 )
00000201: 12.0571   (Y': 12.0422   Cb: 12.177    Cr: 11.9989 )
00000202: 12.0842   (Y': 12.0626   Cb: 12.246    Cr: 12.0127 )
00000203: 12.094    (Y': 12.0556   Cb: 12.2743   Cr: 12.0721 )
00000204: 12.1044   (Y': 12.0943   Cb: 12.202    Cr: 12.0487 )
00000205: 12.0526   (Y': 12.0342   Cb: 12.2148   Cr: 11.9682 )
00000206: 12.1187   (Y': 12.1015   Cb: 12.2488   Cr: 12.0599 )
00000207: 12.06     (Y': 12.064    Cb: 12.1346   Cr: 11.971  )
00000208: 12.0512   (Y': 12.0472   Cb: 12.1676   Cr: 11.9535 )
00000210: 12.0892   (Y': 12.0745   Cb: 12.2132   Cr: 12.0264 )
00000209: 12.1126   (Y': 12.0886   Cb: 12.2528   Cr: 12.071  )
00000211: 12.0867   (Y': 12.0546   Cb: 12.184    Cr: 12.1193 )
00000212: 12.0683   (Y': 12.0528   Cb: 12.2207   Cr: 11.9812 )
00000213: 12.0939   (Y': 12.0651   Cb: 12.2694   Cr: 12.038  )
00000214: 12.0887   (Y': 12.0753   Cb: 12.2373   Cr: 11.9973 )
00000215: 12.0681   (Y': 12.0187   Cb: 12.2426   Cr: 12.0963 )
00000216: 12.0858   (Y': 12.0633   Cb: 12.2259   Cr: 12.0387 )
00000217: 12.0777   (Y': 12.0791   Cb: 12.1839   Cr: 11.9688 )
00000218: 12.0314   (Y': 12.0352   Cb: 12.1993   Cr: 11.8549 )
00000219: 12.0789   (Y': 12.0419   Cb: 12.2344   Cr: 12.0749 )
00000220: 12.0889   (Y': 12.1003   Cb: 12.2317   Cr: 11.9067 )
00000221: 12.096    (Y': 12.0566   Cb: 12.2806   Cr: 12.0739 )
00000222: 12.1055   (Y': 12.0801   Cb: 12.242    Cr: 12.0731 )
00000223: 12.1297   (Y': 12.1041   Cb: 12.2403   Cr: 12.1231 )
00000224: 12.0696   (Y': 12.0558   Cb: 12.2599   Cr: 11.9408 )
00000225: 12.1081   (Y': 12.0855   Cb: 12.2229   Cr: 12.0856 )
00000226: 12.0601   (Y': 12.0217   Cb: 12.2078   Cr: 12.0694 )
00000227: 12.0908   (Y': 12.0722   Cb: 12.2514   Cr: 12.0081 )
00000228: 12.073    (Y': 12.0335   Cb: 12.219    Cr: 12.0883 )
00000229: 12.0773   (Y': 12.0585   Cb: 12.1654   Cr: 12.0656 )
00000230: 12.0658   (Y': 12.0318   Cb: 12.1996   Cr: 12.0704 )
00000231: 12.0828   (Y': 12.0665   Cb: 12.1867   Cr: 12.0456 )
00000232: 12.1238   (Y': 12.1156   Cb: 12.2207   Cr: 12.0609 )
00000233: 12.0927   (Y': 12.0502   Cb: 12.2736   Cr: 12.0862 )
00000234: 12.0898   (Y': 12.0683   Cb: 12.2028   Cr: 12.0646 )
00000235: 12.0622   (Y': 12.0133   Cb: 12.246    Cr: 12.0789 )
00000236: 12.0821   (Y': 12.0882   Cb: 12.2291   Cr: 11.9167 )
00000237: 12.0772   (Y': 12.0483   Cb: 12.2479   Cr: 12.026  )
00000238: 12.1132   (Y': 12.0905   Cb: 12.2254   Cr: 12.0935 )
00000239: 12.0922   (Y': 12.085    Cb: 12.1648   Cr: 12.0493 )
00000240: 12.0846   (Y': 12.0749   Cb: 12.1834   Cr: 12.0261 )
00000241: 12.121    (Y': 12.0858   Cb: 12.2511   Cr: 12.1343 )
00000242: 12.0792   (Y': 12.0499   Cb: 12.1954   Cr: 12.0823 )
00000243: 12.0708   (Y': 12.0501   Cb: 12.2206   Cr: 12.0071 )
00000244: 12.1028   (Y': 12.1061   Cb: 12.2051   Cr: 11.99   )
00000245: 12.1167   (Y': 12.1232   Cb: 12.2433   Cr: 11.9688 )
00000246: 12.0449   (Y': 12.0294   Cb: 12.1972   Cr: 11.9584 )
00000247: 12.0999   (Y': 12.0979   Cb: 12.1845   Cr: 12.0251 )
00000248: 12.1032   (Y': 12.0801   Cb: 12.2439   Cr: 12.0575 )
00000249: 12.1319   (Y': 12.1108   Cb: 12.2161   Cr: 12.1332 )
00000250: 12.0935   (Y': 12.0977   Cb: 12.1519   Cr: 12.0195 )
00000251: 12.0935   (Y': 12.1082   Cb: 12.2424   Cr: 11.8933 )
00000252: 12.1009   (Y': 12.0857   Cb: 12.2162   Cr: 12.0484 )
00000253: 12.1251   (Y': 12.0875   Cb: 12.3102   Cr: 12.0954 )
00000254: 12.0863   (Y': 12.0621   Cb: 12.1885   Cr: 12.0823 )
00000255: 12.1054   (Y': 12.0661   Cb: 12.2981   Cr: 12.0749 )
00000256: 12.094    (Y': 12.0779   Cb: 12.1841   Cr: 12.0692 )
00000257: 12.09     (Y': 12.0908   Cb: 12.1937   Cr: 11.9854 )
00000258: 12.0798   (Y': 12.0604   Cb: 12.2272   Cr: 12.013  )
00000260: 12.1115   (Y': 12.1112   Cb: 12.1573   Cr: 12.0675 )
00000259: 12.0676   (Y': 12.0376   Cb: 12.1979   Cr: 12.06   )
00000261: 12.0977   (Y': 12.0685   Cb: 12.256    Cr: 12.0595 )
00000262: 12.0906   (Y': 12.0669   Cb: 12.2227   Cr: 12.0556 )
00000263: 12.0983   (Y': 12.0558   Cb: 12.2698   Cr: 12.1007 )
00000264: 12.1      (Y': 12.0816   Cb: 12.2353   Cr: 12.0412 )
00000265: 12.095    (Y': 12.0551   Cb: 12.303    Cr: 12.0525 )
00000266: 12.096    (Y': 12.0724   Cb: 12.2241   Cr: 12.0648 )
00000268: 12.0866   (Y': 12.0507   Cb: 12.2808   Cr: 12.0411 )
00000267: 12.1138   (Y': 12.0968   Cb: 12.309    Cr: 11.9925 )
00000269: 12.0913   (Y': 12.0866   Cb: 12.2195   Cr: 11.9855 )
00000271: 12.1093   (Y': 12.1254   Cb: 12.2237   Cr: 11.9353 )
00000270: 12.0474   (Y': 12.0333   Cb: 12.1971   Cr: 11.9576 )
00000272: 12.0837   (Y': 12.0596   Cb: 12.2102   Cr: 12.0554 )
00000273: 12.1075   (Y': 12.0906   Cb: 12.2622   Cr: 12.0239 )
00000274: 12.1025   (Y': 12.0739   Cb: 12.2212   Cr: 12.1004 )
00000275: 12.0469   (Y': 12.0355   Cb: 12.1746   Cr: 11.9672 )
00000277: 12.0415   (Y': 12.0189   Cb: 12.1932   Cr: 11.9837 )
00000276: 12.0979   (Y': 12.0883   Cb: 12.1945   Cr: 12.0412 )
00000279: 12.1034   (Y': 12.0607   Cb: 12.2508   Cr: 12.1303 )
00000278: 12.1099   (Y': 12.104    Cb: 12.1761   Cr: 12.068  )
00000280: 12.0874   (Y': 12.074    Cb: 12.2313   Cr: 12.0006 )
00000281: 12.0758   (Y': 12.0389   Cb: 12.2667   Cr: 12.0376 )
00000282: 12.107    (Y': 12.0989   Cb: 12.2397   Cr: 12.0097 )
00000283: 12.1178   (Y': 12.0837   Cb: 12.2546   Cr: 12.1202 )
00000285: 12.0684   (Y': 12.0389   Cb: 12.2483   Cr: 12.0113 )
00000284: 12.0787   (Y': 12.0543   Cb: 12.2762   Cr: 11.9849 )
00000287: 12.0934   (Y': 12.07     Cb: 12.2762   Cr: 12.009  )
00000286: 12.0929   (Y': 12.0689   Cb: 12.2749   Cr: 12.0119 )
00000288: 12.1382   (Y': 12.1193   Cb: 12.2548   Cr: 12.0991 )
00000289: 12.0739   (Y': 12.0537   Cb: 12.1802   Cr: 12.0502 )
00000290: 12.0964   (Y': 12.0885   Cb: 12.1783   Cr: 12.047  )
00000291: 12.0958   (Y': 12.0776   Cb: 12.2219   Cr: 12.0447 )
00000292: 12.0897   (Y': 12.0864   Cb: 12.2559   Cr: 11.9422 )
00000293: 12.0881   (Y': 12.0808   Cb: 12.2334   Cr: 11.9758 )
00000294: 12.0545   (Y': 12.0356   Cb: 12.2313   Cr: 11.9577 )
00000295: 12.1      (Y': 12.0842   Cb: 12.2216   Cr: 12.0439 )
00000296: 12.0821   (Y': 12.0447   Cb: 12.2663   Cr: 12.0518 )
00000297: 12.1306   (Y': 12.0989   Cb: 12.2884   Cr: 12.1032 )
00000298: 12.0939   (Y': 12.0881   Cb: 12.2035   Cr: 12.0097 )
00000299: 12.0619   (Y': 12.0403   Cb: 12.1972   Cr: 12.0159 )
00000300: 12.1159   (Y': 12.0953   Cb: 12.2074   Cr: 12.1076 )
00000301: 12.089    (Y': 12.0681   Cb: 12.2111   Cr: 12.0523 )
00000302: 12.0668   (Y': 12.0554   Cb: 12.1894   Cr: 11.992  )
00000303: 12.1058   (Y': 12.0913   Cb: 12.2379   Cr: 12.0348 )
00000304: 12.1004   (Y': 12.069    Cb: 12.2297   Cr: 12.0991 )
00000305: 12.0963   (Y': 12.0965   Cb: 12.1852   Cr: 12.0082 )
00000306: 12.0642   (Y': 12.0418   Cb: 12.2679   Cr: 11.9565 )
00000307: 12.0799   (Y': 12.0776   Cb: 12.2149   Cr: 11.958  )
00000308: 12.137    (Y': 12.1267   Cb: 12.2796   Cr: 12.0389 )
00000309: 12.0734   (Y': 12.0567   Cb: 12.1702   Cr: 12.0446 )
00000310: 12.0838   (Y': 12.0449   Cb: 12.2265   Cr: 12.0995 )
00000311: 12.0801   (Y': 12.0678   Cb: 12.2283   Cr: 11.9847 )
00000312: 12.1178   (Y': 12.1067   Cb: 12.191    Cr: 12.09   )
00000313: 12.0654   (Y': 12.0387   Cb: 12.2309   Cr: 12.0106 )
00000314: 12.1254   (Y': 12.119    Cb: 12.2983   Cr: 11.984  )
00000315: 12.1136   (Y': 12.1204   Cb: 12.2122   Cr: 11.9904 )
00000317: 12.0978   (Y': 12.0862   Cb: 12.1922   Cr: 12.0511 )
00000316: 12.0999   (Y': 12.09     Cb: 12.1863   Cr: 12.0545 )
00000318: 12.0886   (Y': 12.062    Cb: 12.247    Cr: 12.0399 )
00000319: 12.1056   (Y': 12.072    Cb: 12.3196   Cr: 12.0323 )
00000320: 12.0982   (Y': 12.096    Cb: 12.1956   Cr: 12.0113 )
00000321: 12.1127   (Y': 12.0835   Cb: 12.2355   Cr: 12.1086 )
00000322: 12.0548   (Y': 12.0459   Cb: 12.1867   Cr: 11.9615 )
00000323: 12.093    (Y': 12.061    Cb: 12.2836   Cr: 12.0351 )
00000325: 12.094    (Y': 12.0665   Cb: 12.2725   Cr: 12.0302 )
00000324: 12.0776   (Y': 12.045    Cb: 12.2309   Cr: 12.0574 )
00000327: 12.088    (Y': 12.0565   Cb: 12.2366   Cr: 12.0681 )
00000326: 12.0943   (Y': 12.061    Cb: 12.2582   Cr: 12.0671 )
00000328: 12.0824   (Y': 12.0445   Cb: 12.2905   Cr: 12.0319 )
00000329: 12.0762   (Y': 12.0879   Cb: 12.1784   Cr: 11.9308 )
00000330: 12.0508   (Y': 12.0249   Cb: 12.1938   Cr: 12.0144 )
00000331: 12.1059   (Y': 12.1035   Cb: 12.17     Cr: 12.0521 )
00000333: 12.0937   (Y': 12.0697   Cb: 12.2043   Cr: 12.081  )
00000332: 12.0908   (Y': 12.0578   Cb: 12.2547   Cr: 12.0626 )
00000334: 12.1305   (Y': 12.1294   Cb: 12.2243   Cr: 12.0429 )
00000335: 12.0797   (Y': 12.043    Cb: 12.3182   Cr: 11.996  )
00000336: 12.1246   (Y': 12.1031   Cb: 12.236    Cr: 12.1007 )
00000337: 12.1137   (Y': 12.0999   Cb: 12.2473   Cr: 12.0384 )
00000338: 12.0989   (Y': 12.0589   Cb: 12.272    Cr: 12.0899 )
00000339: 12.0723   (Y': 12.0679   Cb: 12.1849   Cr: 11.9797 )
00000340: 12.1252   (Y': 12.1267   Cb: 12.2141   Cr: 12.032  )
00000341: 12.1145   (Y': 12.0909   Cb: 12.2329   Cr: 12.0928 )
00000343: 12.0923   (Y': 12.06     Cb: 12.2411   Cr: 12.0759 )
00000342: 12.1491   (Y': 12.1544   Cb: 12.2413   Cr: 12.0378 )
00000344: 12.1087   (Y': 12.0948   Cb: 12.2438   Cr: 12.0322 )
00000346: 12.0638   (Y': 12.0238   Cb: 12.2476   Cr: 12.0444 )
00000345: 12.081    (Y': 12.042    Cb: 12.2662   Cr: 12.0565 )
00000347: 12.0855   (Y': 12.0668   Cb: 12.2372   Cr: 12.0116 )
00000348: 12.0502   (Y': 12.024    Cb: 12.2292   Cr: 11.9803 )
00000349: 12.0808   (Y': 12.0555   Cb: 12.2141   Cr: 12.0508 )
00000350: 12.0516   (Y': 12.023    Cb: 12.1607   Cr: 12.0586 )
00000351: 12.0821   (Y': 12.049    Cb: 12.2461   Cr: 12.0544 )
00000352: 12.0656   (Y': 12.0201   Cb: 12.1884   Cr: 12.1279 )
00000353: 12.0837   (Y': 12.0782   Cb: 12.1531   Cr: 12.0368 )
00000354: 12.0963   (Y': 12.0785   Cb: 12.2308   Cr: 12.0356 )
00000355: 12.1014   (Y': 12.0805   Cb: 12.2178   Cr: 12.0703 )
00000356: 12.1089   (Y': 12.1      Cb: 12.1886   Cr: 12.0656 )
00000357: 12.0937   (Y': 12.0784   Cb: 12.2464   Cr: 12.0057 )
00000358: 12.0813   (Y': 12.0624   Cb: 12.2193   Cr: 12.0214 )
00000359: 12.0832   (Y': 12.0662   Cb: 12.212    Cr: 12.0251 )
00000360: 12.0929   (Y': 12.0824   Cb: 12.2476   Cr: 11.9843 )
00000361: 12.0836   (Y': 12.0591   Cb: 12.2184   Cr: 12.0491 )
00000362: 12.0932   (Y': 12.0738   Cb: 12.2056   Cr: 12.0603 )
00000363: 12.0754   (Y': 12.0485   Cb: 12.2116   Cr: 12.0491 )
00000364: 12.0904   (Y': 12.0765   Cb: 12.2101   Cr: 12.0287 )
00000365: 12.0839   (Y': 12.0466   Cb: 12.2617   Cr: 12.0598 )
00000366: 12.0982   (Y': 12.0858   Cb: 12.2088   Cr: 12.039  )
00000367: 12.1035   (Y': 12.0686   Cb: 12.2626   Cr: 12.0875 )
00000368: 12.0999   (Y': 12.0727   Cb: 12.235    Cr: 12.0759 )
00000369: 12.1179   (Y': 12.1026   Cb: 12.2593   Cr: 12.0409 )
00000370: 12.1254   (Y': 12.1051   Cb: 12.2627   Cr: 12.0717 )
00000371: 12.0854   (Y': 12.0561   Cb: 12.245    Cr: 12.0463 )
00000372: 12.1047   (Y': 12.0716   Cb: 12.2209   Cr: 12.1228 )
00000373: 12.0936   (Y': 12.0559   Cb: 12.2367   Cr: 12.1043 )
00000374: 12.1348   (Y': 12.1073   Cb: 12.2779   Cr: 12.1043 )
00000375: 12.1199   (Y': 12.1108   Cb: 12.2247   Cr: 12.0534 )
00000376: 12.1459   (Y': 12.121    Cb: 12.3327   Cr: 12.0639 )
00000377: 12.1096   (Y': 12.0731   Cb: 12.2359   Cr: 12.1316 )
00000378: 12.0808   (Y': 12.0521   Cb: 12.2516   Cr: 12.0286 )
00000379: 12.102    (Y': 12.0758   Cb: 12.2294   Cr: 12.0815 )
00000380: 12.1089   (Y': 12.0863   Cb: 12.2423   Cr: 12.0685 )
00000381: 12.1111   (Y': 12.0804   Cb: 12.2464   Cr: 12.1015 )
00000382: 12.1122   (Y': 12.0699   Cb: 12.2758   Cr: 12.1215 )
00000383: 12.0731   (Y': 12.056    Cb: 12.2223   Cr: 11.9953 )
00000384: 12.0921   (Y': 12.0553   Cb: 12.2285   Cr: 12.1055 )
00000385: 12.0869   (Y': 12.0604   Cb: 12.2488   Cr: 12.0345 )
00000386: 12.1088   (Y': 12.0975   Cb: 12.2119   Cr: 12.0524 )
00000387: 12.0787   (Y': 12.0628   Cb: 12.2294   Cr: 11.9949 )
00000388: 12.1015   (Y': 12.0758   Cb: 12.2656   Cr: 12.0441 )
00000389: 12.0922   (Y': 12.0746   Cb: 12.2213   Cr: 12.0361 )
00000390: 12.0666   (Y': 12.0267   Cb: 12.2142   Cr: 12.0817 )
00000391: 12.1141   (Y': 12.0977   Cb: 12.2199   Cr: 12.0754 )
00000392: 12.1005   (Y': 12.1055   Cb: 12.188    Cr: 11.9953 )
00000393: 12.0755   (Y': 12.0588   Cb: 12.1927   Cr: 12.0272 )
00000394: 12.0703   (Y': 12.0702   Cb: 12.1923   Cr: 11.9522 )
00000395: 12.0826   (Y': 12.0821   Cb: 12.1737   Cr: 11.9953 )
00000396: 12.0789   (Y': 12.0527   Cb: 12.2118   Cr: 12.0535 )
00000397: 12.083    (Y': 12.0625   Cb: 12.241    Cr: 12.0105 )
00000398: 12.0861   (Y': 12.0706   Cb: 12.2173   Cr: 12.0195 )
00000399: 12.0955   (Y': 12.0643   Cb: 12.2523   Cr: 12.067  )
00000400: 12.1029   (Y': 12.0818   Cb: 12.2258   Cr: 12.0663 )
00000401: 12.124    (Y': 12.1105   Cb: 12.1819   Cr: 12.1203 )
00000402: 12.0965   (Y': 12.0821   Cb: 12.2054   Cr: 12.0474 )
00000403: 12.0551   (Y': 12.0327   Cb: 12.1701   Cr: 12.0316 )
00000404: 12.1067   (Y': 12.0879   Cb: 12.2678   Cr: 12.0247 )
00000405: 12.1161   (Y': 12.1011   Cb: 12.2304   Cr: 12.0634 )
00000406: 12.0946   (Y': 12.092    Cb: 12.1985   Cr: 12.0032 )
00000407: 12.0969   (Y': 12.0645   Cb: 12.2766   Cr: 12.0516 )
00000408: 12.1151   (Y': 12.0875   Cb: 12.2597   Cr: 12.0834 )
00000409: 12.0928   (Y': 12.0613   Cb: 12.2631   Cr: 12.0524 )
00000410: 12.0954   (Y': 12.0747   Cb: 12.2137   Cr: 12.0615 )
00000411: 12.0834   (Y': 12.0517   Cb: 12.2467   Cr: 12.0503 )
00000412: 12.076    (Y': 12.0623   Cb: 12.1764   Cr: 12.032  )
00000413: 12.1275   (Y': 12.1133   Cb: 12.2578   Cr: 12.0566 )
00000414: 12.0989   (Y': 12.0795   Cb: 12.2778   Cr: 12.0024 )
00000415: 12.0924   (Y': 12.0642   Cb: 12.2393   Cr: 12.0613 )
00000416: 12.1119   (Y': 12.097    Cb: 12.2137   Cr: 12.071  )
00000417: 12.0911   (Y': 12.0505   Cb: 12.2795   Cr: 12.0704 )
00000418: 12.1163   (Y': 12.1088   Cb: 12.2532   Cr: 12.0129 )
00000419: 12.0793   (Y': 12.0418   Cb: 12.2638   Cr: 12.0495 )
00000420: 12.1292   (Y': 12.1268   Cb: 12.2546   Cr: 12.0169 )
00000421: 12.1304   (Y': 12.1092   Cb: 12.3091   Cr: 12.0414 )
00000422: 12.1088   (Y': 12.1065   Cb: 12.2321   Cr: 11.9977 )
00000423: 12.1184   (Y': 12.0949   Cb: 12.2758   Cr: 12.0584 )
00000424: 12.1526   (Y': 12.1314   Cb: 12.2186   Cr: 12.1719 )
00000425: 12.0842   (Y': 12.0738   Cb: 12.1555   Cr: 12.0552 )
00000426: 12.0663   (Y': 12.033    Cb: 12.1936   Cr: 12.0745 )
00000427: 12.1316   (Y': 12.1221   Cb: 12.2113   Cr: 12.0912 )
00000428: 12.1163   (Y': 12.0963   Cb: 12.2625   Cr: 12.0529 )
00000429: 12.1362   (Y': 12.1321   Cb: 12.2005   Cr: 12.0891 )
00000430: 12.1139   (Y': 12.0988   Cb: 12.2244   Cr: 12.0657 )
00000431: 12.1254   (Y': 12.0898   Cb: 12.2638   Cr: 12.132  )
00000432: 12.1563   (Y': 12.1452   Cb: 12.2421   Cr: 12.1164 )
00000433: 12.1363   (Y': 12.1189   Cb: 12.2067   Cr: 12.1362 )
00000434: 12.1311   (Y': 12.1011   Cb: 12.2975   Cr: 12.0884 )
00000435: 12.1337   (Y': 12.122    Cb: 12.2399   Cr: 12.0758 )
00000436: 12.1282   (Y': 12.1345   Cb: 12.2272   Cr: 12.0068 )
00000437: 12.1053   (Y': 12.0783   Cb: 12.213    Cr: 12.1074 )
00000438: 12.0938   (Y': 12.0647   Cb: 12.1637   Cr: 12.1413 )
00000439: 12.1249   (Y': 12.0953   Cb: 12.2758   Cr: 12.0955 )
00000440: 12.1161   (Y': 12.1059   Cb: 12.2279   Cr: 12.0469 )
00000441: 12.127    (Y': 12.1191   Cb: 12.26     Cr: 12.0289 )
00000442: 12.0988   (Y': 12.0806   Cb: 12.2099   Cr: 12.0621 )
00000443: 12.1197   (Y': 12.0959   Cb: 12.2582   Cr: 12.0794 )
00000444: 12.1053   (Y': 12.0993   Cb: 12.1786   Cr: 12.0573 )
00000445: 12.0832   (Y': 12.0546   Cb: 12.2486   Cr: 12.0362 )
00000446: 12.0899   (Y': 12.0848   Cb: 12.1785   Cr: 12.0232 )
00000447: 12.1272   (Y': 12.1148   Cb: 12.2216   Cr: 12.0836 )
00000448: 12.1472   (Y': 12.1223   Cb: 12.2628   Cr: 12.1331 )
00000449: 12.1457   (Y': 12.1153   Cb: 12.2862   Cr: 12.1296 )
00000450: 12.119    (Y': 12.1057   Cb: 12.223    Cr: 12.0702 )
00000451: 12.1165   (Y': 12.1024   Cb: 12.1952   Cr: 12.0949 )
00000452: 12.1236   (Y': 12.0955   Cb: 12.2595   Cr: 12.1026 )
00000453: 12.0943   (Y': 12.08     Cb: 12.2318   Cr: 12.017  )
00000454: 12.1405   (Y': 12.1277   Cb: 12.2209   Cr: 12.1121 )
00000455: 12.1311   (Y': 12.1274   Cb: 12.2487   Cr: 12.0311 )
00000456: 12.1392   (Y': 12.1335   Cb: 12.2727   Cr: 12.0321 )
00000457: 12.0914   (Y': 12.0911   Cb: 12.1205   Cr: 12.0635 )
00000459: 12.0969   (Y': 12.0701   Cb: 12.2616   Cr: 12.0432 )
00000458: 12.1455   (Y': 12.1416   Cb: 12.2541   Cr: 12.0547 )
00000460: 12.117    (Y': 12.0873   Cb: 12.3216   Cr: 12.0372 )
00000461: 12.0643   (Y': 12.0186   Cb: 12.2811   Cr: 12.0367 )
00000462: 12.1141   (Y': 12.0702   Cb: 12.2848   Cr: 12.1229 )
00000463: 12.1171   (Y': 12.1131   Cb: 12.243    Cr: 12.0104 )
00000464: 12.0854   (Y': 12.06     Cb: 12.2225   Cr: 12.0524 )
00000465: 12.1321   (Y': 12.1246   Cb: 12.2474   Cr: 12.049  )
00000466: 12.145    (Y': 12.1257   Cb: 12.291    Cr: 12.079  )
00000467: 12.149    (Y': 12.1539   Cb: 12.2067   Cr: 12.0727 )
00000468: 12.0878   (Y': 12.051    Cb: 12.267    Cr: 12.0602 )
00000469: 12.0928   (Y': 12.0732   Cb: 12.2262   Cr: 12.0403 )
00000470: 12.0977   (Y': 12.0724   Cb: 12.2431   Cr: 12.0568 )
00000471: 12.1589   (Y': 12.161    Cb: 12.2685   Cr: 12.044  )
00000472: 12.1479   (Y': 12.1444   Cb: 12.328    Cr: 11.9882 )
00000473: 12.2276   (Y': 12.2206   Cb: 12.351    Cr: 12.1352 )
00000474: 12.3231   (Y': 12.3172   Cb: 12.4152   Cr: 12.256  )
00000475: 12.3329   (Y': 12.3141   Cb: 12.4341   Cr: 12.3085 )
00000476: 12.3459   (Y': 12.3349   Cb: 12.3695   Cr: 12.3667 )
00000477: 12.4074   (Y': 12.3981   Cb: 12.5187   Cr: 12.3355 )
00000479: 12.3529   (Y': 12.3157   Cb: 12.527    Cr: 12.3313 )
00000478: 12.4005   (Y': 12.3668   Cb: 12.5532   Cr: 12.3858 )
00000480: 12.3899   (Y': 12.3264   Cb: 12.6009   Cr: 12.4403 )
00000481: 12.39     (Y': 12.3216   Cb: 12.592    Cr: 12.469  )
00000482: 12.3634   (Y': 12.2597   Cb: 12.6571   Cr: 12.5015 )
00000483: 12.3399   (Y': 12.2519   Cb: 12.5982   Cr: 12.4459 )
00000484: 12.3439   (Y': 12.2467   Cb: 12.6277   Cr: 12.4635 )
00000485: 12.4374   (Y': 12.3465   Cb: 12.6879   Cr: 12.5633 )
00000486: 12.3447   (Y': 12.2515   Cb: 12.6448   Cr: 12.4328 )
00000487: 12.2764   (Y': 12.1518   Cb: 12.5783   Cr: 12.496  )
00000488: 12.3368   (Y': 12.2206   Cb: 12.6529   Cr: 12.5063 )
00000489: 12.2469   (Y': 12.1369   Cb: 12.5611   Cr: 12.3919 )
00000490: 12.305    (Y': 12.182    Cb: 12.6189   Cr: 12.506  )
00000491: 12.354    (Y': 12.2377   Cb: 12.6034   Cr: 12.5895 )
00000492: 12.2954   (Y': 12.176    Cb: 12.6025   Cr: 12.4874 )
00000493: 12.2949   (Y': 12.1674   Cb: 12.6195   Cr: 12.5048 )
00000494: 12.2362   (Y': 12.0727   Cb: 12.6743   Cr: 12.4934 )
00000495: 12.2455   (Y': 12.1108   Cb: 12.6226   Cr: 12.4353 )
00000496: 12.2662   (Y': 12.1131   Cb: 12.6615   Cr: 12.5187 )
00000497: 12.212    (Y': 12.0767   Cb: 12.6357   Cr: 12.3603 )
00000498: 12.2855   (Y': 12.1629   Cb: 12.6073   Cr: 12.4767 )
00000499: 12.2735   (Y': 12.14     Cb: 12.5988   Cr: 12.5087 )
00000500: 12.2592   (Y': 12.1196   Cb: 12.6265   Cr: 12.48   )
00000501: 12.3439   (Y': 12.2161   Cb: 12.6291   Cr: 12.5939 )
00000503: 12.4743   (Y': 12.3838   Cb: 12.7284   Cr: 12.5947 )
00000502: 12.3683   (Y': 12.2458   Cb: 12.7014   Cr: 12.5483 )
00000504: 12.433    (Y': 12.3514   Cb: 12.7182   Cr: 12.4871 )
00000505: 12.3673   (Y': 12.3136   Cb: 12.5524   Cr: 12.4023 )
00000506: 12.3874   (Y': 12.3806   Cb: 12.5101   Cr: 12.2943 )
00000507: 12.322    (Y': 12.2977   Cb: 12.4275   Cr: 12.3148 )
00000508: 12.32     (Y': 12.3023   Cb: 12.4827   Cr: 12.2321 )
00000509: 12.3125   (Y': 12.2949   Cb: 12.4206   Cr: 12.2766 )
00000510: 12.2824   (Y': 12.2628   Cb: 12.4107   Cr: 12.2349 )
00000511: 12.259    (Y': 12.2443   Cb: 12.3784   Cr: 12.2008 )
00000512: 12.2718   (Y': 12.2796   Cb: 12.3793   Cr: 12.1364 )
00000513: 12.2297   (Y': 12.2317   Cb: 12.3032   Cr: 12.1495 )
00000514: 12.1627   (Y': 12.152    Cb: 12.2635   Cr: 12.1062 )
00000515: 12.1826   (Y': 12.1707   Cb: 12.2958   Cr: 12.1189 )
00000516: 12.1676   (Y': 12.1359   Cb: 12.3519   Cr: 12.1146 )
00000517: 12.1309   (Y': 12.1126   Cb: 12.2487   Cr: 12.0881 )
00000518: 12.1097   (Y': 12.0594   Cb: 12.3117   Cr: 12.1151 )
00000519: 12.1763   (Y': 12.1546   Cb: 12.349    Cr: 12.0951 )
00000520: 12.1348   (Y': 12.1007   Cb: 12.3026   Cr: 12.1072 )
00000521: 12.1395   (Y': 12.1326   Cb: 12.2881   Cr: 12.0225 )
00000522: 12.1434   (Y': 12.1111   Cb: 12.2778   Cr: 12.1409 )
00000523: 12.1429   (Y': 12.0919   Cb: 12.3411   Cr: 12.1546 )
00000524: 12.1493   (Y': 12.0864   Cb: 12.3658   Cr: 12.1916 )
00000525: 12.1285   (Y': 12.1109   Cb: 12.2665   Cr: 12.0637 )
00000526: 12.1687   (Y': 12.1539   Cb: 12.2897   Cr: 12.1088 )
00000527: 12.1606   (Y': 12.142    Cb: 12.2859   Cr: 12.112  )
00000528: 12.1295   (Y': 12.1153   Cb: 12.239    Cr: 12.0781 )
00000529: 12.1534   (Y': 12.1229   Cb: 12.2695   Cr: 12.1616 )
00000530: 12.1359   (Y': 12.1177   Cb: 12.2917   Cr: 12.0563 )
00000531: 12.1467   (Y': 12.1027   Cb: 12.3539   Cr: 12.1217 )
00000532: 12.1585   (Y': 12.1456   Cb: 12.2153   Cr: 12.1539 )
00000533: 12.1635   (Y': 12.1214   Cb: 12.3251   Cr: 12.1743 )
00000534: 12.2005   (Y': 12.1724   Cb: 12.3575   Cr: 12.1596 )
00000535: 12.2353   (Y': 12.2002   Cb: 12.3626   Cr: 12.2508 )
00000536: 12.1818   (Y': 12.1453   Cb: 12.3362   Cr: 12.1769 )
00000537: 12.186    (Y': 12.1673   Cb: 12.2592   Cr: 12.1886 )
00000538: 12.2033   (Y': 12.1901   Cb: 12.3283   Cr: 12.1339 )
00000539: 12.1712   (Y': 12.1471   Cb: 12.3407   Cr: 12.1025 )
00000540: 12.1798   (Y': 12.1728   Cb: 12.2987   Cr: 12.0913 )
00000541: 12.1962   (Y': 12.185    Cb: 12.2914   Cr: 12.1474 )
00000542: 12.2005   (Y': 12.1902   Cb: 12.285    Cr: 12.1583 )
00000543: 12.1854   (Y': 12.164    Cb: 12.3207   Cr: 12.1388 )
00000544: 12.1832   (Y': 12.1525   Cb: 12.3529   Cr: 12.1403 )
00000545: 12.1846   (Y': 12.1853   Cb: 12.2618   Cr: 12.1062 )
00000546: 12.1703   (Y': 12.1347   Cb: 12.293    Cr: 12.1923 )
00000547: 12.1577   (Y': 12.1516   Cb: 12.2463   Cr: 12.0946 )
00000548: 12.1546   (Y': 12.1187   Cb: 12.2901   Cr: 12.1652 )
00000549: 12.1619   (Y': 12.1371   Cb: 12.2572   Cr: 12.1668 )
00000550: 12.1738   (Y': 12.1617   Cb: 12.2953   Cr: 12.103  )
00000551: 12.1699   (Y': 12.1511   Cb: 12.3124   Cr: 12.106  )
00000552: 12.1267   (Y': 12.11     Cb: 12.2657   Cr: 12.0573 )
00000553: 12.1431   (Y': 12.1457   Cb: 12.2195   Cr: 12.058  )
00000554: 12.1675   (Y': 12.1708   Cb: 12.2705   Cr: 12.0542 )
00000555: 12.1329   (Y': 12.1213   Cb: 12.2923   Cr: 12.024  )
00000556: 12.1447   (Y': 12.1464   Cb: 12.2374   Cr: 12.0475 )
00000557: 12.1448   (Y': 12.1336   Cb: 12.3049   Cr: 12.034  )
00000558: 12.1109   (Y': 12.0933   Cb: 12.2662   Cr: 12.03   )
00000559: 12.1142   (Y': 12.072    Cb: 12.3018   Cr: 12.1    )
00000560: 12.1575   (Y': 12.1535   Cb: 12.2776   Cr: 12.0565 )
00000561: 12.1563   (Y': 12.1485   Cb: 12.3157   Cr: 12.0328 )
00000562: 12.2378   (Y': 12.219    Cb: 12.3987   Cr: 12.156  )
00000563: 12.2017   (Y': 12.196    Cb: 12.3353   Cr: 12.0946 )
00000564: 12.2603   (Y': 12.2686   Cb: 12.3441   Cr: 12.1456 )
00000565: 12.2435   (Y': 12.2675   Cb: 12.3237   Cr: 12.0718 )
00000566: 12.2909   (Y': 12.2868   Cb: 12.3202   Cr: 12.2783 )
00000567: 12.2538   (Y': 12.2481   Cb: 12.3283   Cr: 12.2032 )
00000568: 12.2464   (Y': 12.2456   Cb: 12.3701   Cr: 12.1291 )
00000569: 12.2332   (Y': 12.2481   Cb: 12.2691   Cr: 12.1388 )
00000570: 12.2248   (Y': 12.2045   Cb: 12.351    Cr: 12.1818 )
00000571: 12.1953   (Y': 12.1679   Cb: 12.3538   Cr: 12.1502 )
00000572: 12.2442   (Y': 12.2272   Cb: 12.3768   Cr: 12.1821 )
00000573: 12.1853   (Y': 12.1469   Cb: 12.3941   Cr: 12.1362 )
00000574: 12.1494   (Y': 12.1287   Cb: 12.2769   Cr: 12.1069 )
00000575: 12.1134   (Y': 12.0779   Cb: 12.2666   Cr: 12.1054 )
00000576: 12.1704   (Y': 12.1445   Cb: 12.3197   Cr: 12.1278 )
00000577: 12.1425   (Y': 12.1156   Cb: 12.2894   Cr: 12.1066 )
00000578: 12.1307   (Y': 12.0835   Cb: 12.2777   Cr: 12.176  )
00000579: 12.1338   (Y': 12.079    Cb: 12.3351   Cr: 12.1575 )
00000580: 12.1141   (Y': 12.0482   Cb: 12.312    Cr: 12.1871 )
00000581: 12.1619   (Y': 12.1231   Cb: 12.3574   Cr: 12.127  )
00000582: 12.1754   (Y': 12.1431   Cb: 12.2862   Cr: 12.196  )
00000583: 12.1481   (Y': 12.1184   Cb: 12.337    Cr: 12.083  )
00000584: 12.1209   (Y': 12.0824   Cb: 12.3786   Cr: 12.0265 )
00000585: 12.0974   (Y': 12.0565   Cb: 12.3597   Cr: 12.0079 )
00000586: 12.0868   (Y': 12.0865   Cb: 12.2786   Cr: 11.9045 )
00000588: 12.0781   (Y': 12.0443   Cb: 12.2303   Cr: 12.0643 )
00000587: 12.0908   (Y': 12.0551   Cb: 12.2829   Cr: 12.0467 )
00000589: 12.128    (Y': 12.0833   Cb: 12.3238   Cr: 12.1164 )
00000590: 12.0872   (Y': 12.0497   Cb: 12.2655   Cr: 12.0634 )
00000591: 12.0919   (Y': 12.0429   Cb: 12.3297   Cr: 12.0581 )
00000592: 12.1328   (Y': 12.0995   Cb: 12.3017   Cr: 12.1008 )
00000593: 12.1151   (Y': 12.0571   Cb: 12.3041   Cr: 12.1638 )
00000594: 12.1057   (Y': 12.0652   Cb: 12.304    Cr: 12.0752 )
00000595: 12.084    (Y': 12.0424   Cb: 12.2827   Cr: 12.0572 )
00000596: 12.1219   (Y': 12.0834   Cb: 12.2913   Cr: 12.1106 )
00000597: 12.1291   (Y': 12.1024   Cb: 12.2827   Cr: 12.0855 )
00000598: 12.1277   (Y': 12.0827   Cb: 12.3136   Cr: 12.1265 )
00000599: 12.0852   (Y': 12.0284   Cb: 12.3135   Cr: 12.0913 )
00000600: 12.1043   (Y': 12.0706   Cb: 12.3116   Cr: 12.0376 )
00000601: 12.0682   (Y': 12.0323   Cb: 12.2201   Cr: 12.063  )
00000602: 12.0936   (Y': 12.0601   Cb: 12.2637   Cr: 12.0617 )
00000604: 12.0654   (Y': 12.0137   Cb: 12.2498   Cr: 12.0931 )
00000603: 12.0552   (Y': 12.0215   Cb: 12.2136   Cr: 12.035  )
00000605: 12.1048   (Y': 12.0553   Cb: 12.2786   Cr: 12.1339 )
00000606: 12.0896   (Y': 12.0783   Cb: 12.2742   Cr: 11.9559 )
00000607: 12.0744   (Y': 12.0534   Cb: 12.2357   Cr: 12.001  )
00000608: 12.064    (Y': 12.0249   Cb: 12.2308   Cr: 12.0574 )
00000609: 12.0943   (Y': 12.0586   Cb: 12.2708   Cr: 12.0646 )
00000610: 12.0606   (Y': 12.038    Cb: 12.2246   Cr: 11.9904 )
00000611: 12.0989   (Y': 12.0663   Cb: 12.2252   Cr: 12.1052 )
00000612: 12.0777   (Y': 12.0336   Cb: 12.283    Cr: 12.0544 )
00000613: 12.0776   (Y': 12.0658   Cb: 12.2347   Cr: 11.9717 )
00000614: 12.1057   (Y': 12.0666   Cb: 12.2872   Cr: 12.0852 )
00000615: 12.0929   (Y': 12.0524   Cb: 12.2943   Cr: 12.0592 )
00000616: 12.1041   (Y': 12.0738   Cb: 12.2645   Cr: 12.0686 )
00000617: 12.101    (Y': 12.0544   Cb: 12.2378   Cr: 12.1539 )
00000618: 12.0567   (Y': 12.0003   Cb: 12.275    Cr: 12.0713 )
00000619: 12.0737   (Y': 12.0519   Cb: 12.1584   Cr: 12.0774 )
00000620: 12.0314   (Y': 11.9744   Cb: 12.2503   Cr: 12.0477 )
00000621: 12.0894   (Y': 12.075    Cb: 12.27     Cr: 11.9719 )
00000622: 12.0585   (Y': 12.0353   Cb: 12.2543   Cr: 11.9614 )
00000623: 12.0916   (Y': 12.064    Cb: 12.2652   Cr: 12.0327 )
00000624: 12.0863   (Y': 12.0419   Cb: 12.3099   Cr: 12.0472 )
00000625: 12.124    (Y': 12.0917   Cb: 12.2759   Cr: 12.1048 )
00000626: 12.0778   (Y': 12.0335   Cb: 12.2857   Cr: 12.0531 )
00000627: 12.0559   (Y': 12.018    Cb: 12.236    Cr: 12.0318 )
00000628: 12.0754   (Y': 12.0528   Cb: 12.2355   Cr: 12.0094 )
00000629: 12.0622   (Y': 11.9986   Cb: 12.2782   Cr: 12.1081 )
00000630: 12.1019   (Y': 12.0753   Cb: 12.2839   Cr: 12.0307 )
00000631: 12.0664   (Y': 12.0187   Cb: 12.2525   Cr: 12.0759 )
00000632: 12.1144   (Y': 12.0662   Cb: 12.3021   Cr: 12.1249 )
00000633: 12.0954   (Y': 12.0784   Cb: 12.2337   Cr: 12.0277 )
00000634: 12.1094   (Y': 12.0704   Cb: 12.2848   Cr: 12.0945 )
00000635: 12.1056   (Y': 12.0763   Cb: 12.2662   Cr: 12.066  )
00000636: 12.1211   (Y': 12.0964   Cb: 12.2599   Cr: 12.0839 )
00000637: 12.0877   (Y': 12.0457   Cb: 12.2835   Cr: 12.0655 )
00000638: 12.0875   (Y': 12.0662   Cb: 12.2525   Cr: 12.0115 )
00000639: 12.0986   (Y': 12.0616   Cb: 12.2516   Cr: 12.0973 )
00000640: 12.0797   (Y': 12.0479   Cb: 12.2184   Cr: 12.0704 )
00000641: 12.0782   (Y': 12.0527   Cb: 12.2612   Cr: 12.0022 )
00000642: 12.0945   (Y': 12.0988   Cb: 12.2614   Cr: 11.9175 )
00000643: 12.101    (Y': 12.065    Cb: 12.2875   Cr: 12.063  )
00000644: 12.0789   (Y': 12.0557   Cb: 12.1819   Cr: 12.0698 )
00000645: 12.0872   (Y': 12.0563   Cb: 12.2868   Cr: 12.0168 )
00000646: 12.086    (Y': 12.0436   Cb: 12.2712   Cr: 12.0748 )
00000647: 12.0682   (Y': 12.0394   Cb: 12.2363   Cr: 12.0191 )
00000648: 12.0725   (Y': 12.0456   Cb: 12.2397   Cr: 12.0167 )
00000649: 12.0738   (Y': 12.0308   Cb: 12.2921   Cr: 12.0338 )
00000650: 12.1099   (Y': 12.0833   Cb: 12.2509   Cr: 12.0777 )
00000651: 12.102    (Y': 12.093    Cb: 12.1977   Cr: 12.0435 )
00000652: 12.0784   (Y': 12.0609   Cb: 12.2144   Cr: 12.0151 )
00000653: 12.0684   (Y': 12.0327   Cb: 12.2167   Cr: 12.0661 )
00000654: 12.1097   (Y': 12.0825   Cb: 12.2593   Cr: 12.0716 )
00000655: 12.0967   (Y': 12.0667   Cb: 12.271    Cr: 12.0463 )
00000656: 12.0759   (Y': 12.0591   Cb: 12.2412   Cr: 11.9824 )
00000657: 12.0899   (Y': 12.0654   Cb: 12.2537   Cr: 12.0279 )
00000658: 12.0738   (Y': 12.034    Cb: 12.2253   Cr: 12.0849 )
00000659: 12.0958   (Y': 12.0778   Cb: 12.1949   Cr: 12.0702 )
00000660: 12.0324   (Y': 12.0048   Cb: 12.1888   Cr: 11.9897 )
00000661: 12.0995   (Y': 12.0689   Cb: 12.2605   Cr: 12.0641 )
00000662: 12.1342   (Y': 12.099    Cb: 12.3281   Cr: 12.0861 )
00000663: 12.1329   (Y': 12.0894   Cb: 12.2936   Cr: 12.15   )
00000664: 12.1249   (Y': 12.1119   Cb: 12.268    Cr: 12.0374 )
00000665: 12.1603   (Y': 12.1479   Cb: 12.2446   Cr: 12.1265 )
00000666: 12.1922   (Y': 12.1748   Cb: 12.304    Cr: 12.1517 )
00000668: 12.3657   (Y': 12.335    Cb: 12.5337   Cr: 12.3243 )
00000667: 12.2348   (Y': 12.222    Cb: 12.3608   Cr: 12.1625 )
00000669: 12.3658   (Y': 12.2461   Cb: 12.746    Cr: 12.4887 )
00000670: 12.3617   (Y': 12.2094   Cb: 12.7928   Cr: 12.5762 )
00000671: 12.3216   (Y': 12.1785   Cb: 12.744    Cr: 12.5047 )
00000672: 12.319    (Y': 12.1672   Cb: 12.7      Cr: 12.5802 )
00000673: 12.2366   (Y': 12.1218   Cb: 12.5586   Cr: 12.3948 )
00000674: 12.2979   (Y': 12.1402   Cb: 12.7284   Cr: 12.5367 )
00000675: 12.2713   (Y': 12.1356   Cb: 12.6231   Cr: 12.4904 )
00000676: 12.1997   (Y': 12.0568   Cb: 12.6277   Cr: 12.377  )
00000677: 12.1862   (Y': 12.0396   Cb: 12.5641   Cr: 12.4269 )
00000678: 12.2593   (Y': 12.1186   Cb: 12.6544   Cr: 12.4581 )
00000679: 12.201    (Y': 12.0611   Cb: 12.6037   Cr: 12.389  )
00000680: 12.1842   (Y': 12.0589   Cb: 12.5431   Cr: 12.3515 )
00000681: 12.0863   (Y': 11.9489   Cb: 12.4975   Cr: 12.2555 )
00000682: 12.1657   (Y': 12.0427   Cb: 12.5252   Cr: 12.3226 )
00000684: 12.1378   (Y': 12.0216   Cb: 12.4773   Cr: 12.2847 )
00000683: 12.1425   (Y': 12.0362   Cb: 12.439    Cr: 12.2892 )
00000685: 12.0577   (Y': 11.9471   Cb: 12.3583   Cr: 12.2182 )
00000686: 12.0529   (Y': 11.9352   Cb: 12.4476   Cr: 12.1538 )
00000687: 12.0648   (Y': 11.9527   Cb: 12.3769   Cr: 12.2209 )
00000688: 12.1962   (Y': 12.1045   Cb: 12.4881   Cr: 12.2856 )
00000689: 12.9874   (Y': 13.0632   Cb: 12.9384   Cr: 12.7429 )
00000690: 13.006    (Y': 13.046    Cb: 12.9658   Cr: 12.8886 )
00000691: 12.7684   (Y': 12.8107   Cb: 12.7609   Cr: 12.6106 )
00000692: 12.6873   (Y': 12.7166   Cb: 12.7518   Cr: 12.5103 )
00000693: 12.5242   (Y': 12.5521   Cb: 12.5948   Cr: 12.3467 )
00000694: 12.5242   (Y': 12.5352   Cb: 12.62     Cr: 12.3876 )
00000695: 12.4972   (Y': 12.4937   Cb: 12.5754   Cr: 12.434  )
00000696: 12.4921   (Y': 12.4511   Cb: 12.6302   Cr: 12.5208 )
00000697: 12.204    (Y': 12.1595   Cb: 12.3601   Cr: 12.2301 )
00000698: 12.2125   (Y': 12.1743   Cb: 12.4044   Cr: 12.1783 )
00000699: 12.1414   (Y': 12.1772   Cb: 12.2198   Cr: 11.9263 )
00000700: 12.168    (Y': 12.2347   Cb: 12.1301   Cr: 11.9469 )
00000701: 12.2651   (Y': 12.3232   Cb: 12.2375   Cr: 12.0666 )
00000702: 12.2451   (Y': 12.2594   Cb: 12.3327   Cr: 12.1038 )
00000703: 12.2664   (Y': 12.2679   Cb: 12.3401   Cr: 12.1884 )
00000704: 12.2816   (Y': 12.3009   Cb: 12.3653   Cr: 12.1249 )
00000705: 12.2237   (Y': 12.2214   Cb: 12.3047   Cr: 12.1532 )
00000706: 12.2853   (Y': 12.2892   Cb: 12.4031   Cr: 12.1555 )
00000707: 12.3693   (Y': 12.3718   Cb: 12.4384   Cr: 12.2914 )
00000708: 12.337    (Y': 12.3039   Cb: 12.5023   Cr: 12.3075 )
00000709: 12.3733   (Y': 12.3336   Cb: 12.5096   Cr: 12.3989 )
00000710: 12.3671   (Y': 12.3792   Cb: 12.4503   Cr: 12.2382 )
00000711: 12.3765   (Y': 12.3181   Cb: 12.5408   Cr: 12.4507 )
00000712: 12.3306   (Y': 12.2958   Cb: 12.4686   Cr: 12.3348 )
00000713: 12.1964   (Y': 12.1489   Cb: 12.3712   Cr: 12.2157 )
00000714: 12.169    (Y': 12.1387   Cb: 12.2722   Cr: 12.1883 )
00000715: 12.1778   (Y': 12.1299   Cb: 12.3978   Cr: 12.1563 )
00000716: 12.2152   (Y': 12.1738   Cb: 12.4448   Cr: 12.1584 )
00000717: 12.1934   (Y': 12.1628   Cb: 12.3701   Cr: 12.1436 )
00000718: 12.2322   (Y': 12.1836   Cb: 12.4111   Cr: 12.2522 )
00000719: 12.2398   (Y': 12.2185   Cb: 12.3694   Cr: 12.1976 )
00000720: 12.2136   (Y': 12.1676   Cb: 12.4223   Cr: 12.1951 )
00000721: 12.1564   (Y': 12.0926   Cb: 12.3974   Cr: 12.1791 )
00000722: 12.1515   (Y': 12.0902   Cb: 12.3438   Cr: 12.2109 )
00000723: 12.1461   (Y': 12.0932   Cb: 12.3684   Cr: 12.1425 )
00000724: 12.1924   (Y': 12.1367   Cb: 12.3744   Cr: 12.2387 )
00000725: 12.1468   (Y': 12.0965   Cb: 12.3625   Cr: 12.1387 )
00000726: 12.0546   (Y': 12.1177   Cb: 11.9727   Cr: 11.8902 )
00000727: 12.0388   (Y': 12.0913   Cb: 11.9749   Cr: 11.8966 )
00000728: 12.0836   (Y': 12.1082   Cb: 12.1289   Cr: 11.9431 )
00000729: 12.1008   (Y': 12.155    Cb: 12.0765   Cr: 11.9142 )
00000730: 12.1042   (Y': 12.1373   Cb: 12.1396   Cr: 11.9401 )
00000731: 12.1149   (Y': 12.1537   Cb: 12.1347   Cr: 11.944  )
00000732: 12.0958   (Y': 12.1021   Cb: 12.1791   Cr: 11.9895 )
00000733: 12.0818   (Y': 12.1256   Cb: 12.0989   Cr: 11.8944 )
00000734: 12.0999   (Y': 12.1352   Cb: 12.124    Cr: 11.9379 )
00000735: 12.0689   (Y': 12.0976   Cb: 12.0468   Cr: 11.9777 )
00000736: 12.0861   (Y': 12.1039   Cb: 12.1154   Cr: 11.987  )
00000737: 12.1021   (Y': 12.1218   Cb: 12.1803   Cr: 11.9489 )
00000738: 12.0809   (Y': 12.1164   Cb: 12.1087   Cr: 11.9147 )
00000739: 12.071    (Y': 12.0733   Cb: 12.0929   Cr: 12.0402 )
00000740: 12.076    (Y': 12.0965   Cb: 12.1091   Cr: 11.9631 )
00000741: 12.1202   (Y': 12.154    Cb: 12.1199   Cr: 11.9874 )
00000742: 12.0878   (Y': 12.1338   Cb: 12.0948   Cr: 11.9015 )
00000743: 12.0931   (Y': 12.1291   Cb: 12.1457   Cr: 11.9018 )
00000744: 12.0469   (Y': 12.089    Cb: 12.089    Cr: 11.8422 )
00000745: 12.0707   (Y': 12.0858   Cb: 12.0812   Cr: 12.0006 )
00000746: 12.0862   (Y': 12.1157   Cb: 12.1258   Cr: 11.9318 )
00000747: 12.0882   (Y': 12.0938   Cb: 12.1517   Cr: 12.0036 )
00000748: 12.1021   (Y': 12.1233   Cb: 12.0997   Cr: 12.0207 )
00000749: 12.109    (Y': 12.1374   Cb: 12.155    Cr: 11.9529 )
00000750: 12.0693   (Y': 12.0998   Cb: 12.1294   Cr: 11.8917 )
00000751: 12.0665   (Y': 12.1025   Cb: 12.0808   Cr: 11.9114 )
00000752: 12.162    (Y': 12.1969   Cb: 12.1722   Cr: 12.015  )
00000753: 12.1242   (Y': 12.1626   Cb: 12.1485   Cr: 11.9508 )
00000754: 12.0705   (Y': 12.0742   Cb: 12.0858   Cr: 12.0405 )
00000755: 12.0726   (Y': 12.1321   Cb: 12.0469   Cr: 11.8669 )
00000756: 12.0774   (Y': 12.0889   Cb: 12.1125   Cr: 11.9975 )
00000757: 12.0789   (Y': 12.1235   Cb: 12.0931   Cr: 11.8914 )
00000758: 12.0844   (Y': 12.1175   Cb: 12.1115   Cr: 11.9286 )
00000759: 12.0956   (Y': 12.1305   Cb: 12.0754   Cr: 11.9783 )
00000760: 12.0533   (Y': 12.0723   Cb: 12.14     Cr: 11.8944 )
00000761: 12.0722   (Y': 12.1161   Cb: 12.0994   Cr: 11.8751 )
00000762: 12.104    (Y': 12.1238   Cb: 12.144    Cr: 11.9865 )
00000763: 12.0955   (Y': 12.1214   Cb: 12.138    Cr: 11.9522 )
00000764: 12.0132   (Y': 12.014    Cb: 12.1274   Cr: 11.8989 )
00000765: 12.0859   (Y': 12.0976   Cb: 12.1795   Cr: 11.949  )
00000766: 12.0713   (Y': 12.1023   Cb: 12.064    Cr: 11.9563 )
00000767: 12.055    (Y': 12.0659   Cb: 12.1152   Cr: 11.9528 )
00000768: 12.0832   (Y': 12.0958   Cb: 12.1421   Cr: 11.9757 )
00000769: 12.0754   (Y': 12.098    Cb: 12.1046   Cr: 11.9573 )
00000770: 12.1195   (Y': 12.1378   Cb: 12.1797   Cr: 11.9888 )
00000771: 12.0764   (Y': 12.1077   Cb: 12.0361   Cr: 11.9926 )
00000772: 12.0618   (Y': 12.0813   Cb: 12.1051   Cr: 11.9427 )
00000773: 12.0707   (Y': 12.0991   Cb: 12.1261   Cr: 11.9058 )
00000774: 12.134    (Y': 12.1642   Cb: 12.1549   Cr: 11.9952 )
00000775: 12.0841   (Y': 12.1039   Cb: 12.153    Cr: 11.9394 )
00000776: 12.059    (Y': 12.1065   Cb: 12.0908   Cr: 11.8438 )
00000777: 12.0823   (Y': 12.1354   Cb: 12.0504   Cr: 11.9066 )
00000778: 12.1055   (Y': 12.1477   Cb: 12.1628   Cr: 11.886  )
00000779: 12.109    (Y': 12.1706   Cb: 12.1071   Cr: 11.8725 )
00000780: 12.026    (Y': 12.056    Cb: 12.0797   Cr: 11.8563 )
00000781: 12.0862   (Y': 12.1235   Cb: 12.1395   Cr: 11.8893 )
00000782: 12.0958   (Y': 12.1212   Cb: 12.1143   Cr: 11.9776 )
00000783: 12.1039   (Y': 12.1196   Cb: 12.174    Cr: 11.9735 )
00000784: 12.0581   (Y': 12.0786   Cb: 12.1116   Cr: 11.9251 )
00000785: 12.0956   (Y': 12.1198   Cb: 12.0957   Cr: 12.0003 )
00000786: 12.0593   (Y': 12.1094   Cb: 12.0908   Cr: 11.8344 )
00000787: 12.1161   (Y': 12.1551   Cb: 12.1062   Cr: 11.9727 )
00000788: 12.0939   (Y': 12.1216   Cb: 12.1668   Cr: 11.9146 )
00000789: 12.0681   (Y': 12.0876   Cb: 12.1776   Cr: 11.8858 )
00000790: 12.105    (Y': 12.1156   Cb: 12.1388   Cr: 12.0296 )
00000791: 12.062    (Y': 12.0873   Cb: 12.1188   Cr: 11.9072 )
00000792: 12.0761   (Y': 12.0796   Cb: 12.1399   Cr: 11.9996 )
00000793: 12.08     (Y': 12.1018   Cb: 12.101    Cr: 11.973  )
00000794: 12.0378   (Y': 12.0395   Cb: 12.1196   Cr: 11.9509 )
00000795: 12.0553   (Y': 12.0667   Cb: 12.1239   Cr: 11.9434 )
00000796: 12.0987   (Y': 12.0954   Cb: 12.1643   Cr: 12.0473 )
00000797: 12.0369   (Y': 12.0518   Cb: 12.1376   Cr: 11.881  )
00000798: 12.0834   (Y': 12.0963   Cb: 12.1781   Cr: 11.9404 )
00000799: 12.0891   (Y': 12.1146   Cb: 12.22     Cr: 11.8645 )
00000800: 12.0993   (Y': 12.1233   Cb: 12.1436   Cr: 11.9617 )
00000801: 12.0798   (Y': 12.081    Cb: 12.1857   Cr: 11.972  )
00000802: 12.0922   (Y': 12.1341   Cb: 12.0976   Cr: 11.9232 )
00000803: 12.0894   (Y': 12.1181   Cb: 12.1396   Cr: 11.928  )
00000804: 12.0853   (Y': 12.1195   Cb: 12.1257   Cr: 11.9123 )
00000805: 12.0293   (Y': 12.0364   Cb: 12.1295   Cr: 11.9041 )
00000806: 12.1059   (Y': 12.1215   Cb: 12.2092   Cr: 11.9445 )
00000807: 12.0529   (Y': 12.0456   Cb: 12.128    Cr: 12.0077 )
00000808: 12.0688   (Y': 12.0846   Cb: 12.1729   Cr: 11.9063 )
00000809: 12.0655   (Y': 12.0901   Cb: 12.1143   Cr: 11.9212 )
00000810: 12.0288   (Y': 12.0409   Cb: 12.1229   Cr: 11.8898 )
00000811: 12.0261   (Y': 12.033    Cb: 12.0684   Cr: 11.9569 )
00000812: 12.0564   (Y': 12.0787   Cb: 12.123    Cr: 11.9044 )
00000813: 12.1064   (Y': 12.1436   Cb: 12.1302   Cr: 11.9373 )
00000814: 12.0647   (Y': 12.0981   Cb: 12.1203   Cr: 11.8807 )
00000815: 12.0396   (Y': 12.0563   Cb: 12.146    Cr: 11.8712 )
00000816: 12.0495   (Y': 12.052    Cb: 12.1171   Cr: 11.9729 )
00000817: 12.0576   (Y': 12.0848   Cb: 12.0804   Cr: 11.9285 )
00000818: 12.1195   (Y': 12.1513   Cb: 12.1253   Cr: 11.989  )
00000819: 12.1392   (Y': 12.1593   Cb: 12.2098   Cr: 11.9916 )
00000820: 12.158    (Y': 12.1935   Cb: 12.214    Cr: 11.9654 )
00000821: 12.1563   (Y': 12.1916   Cb: 12.1278   Cr: 12.0457 )
00000822: 12.1778   (Y': 12.189    Cb: 12.2456   Cr: 12.0675 )
00000824: 12.1611   (Y': 12.1963   Cb: 12.1667   Cr: 12.0178 )
00000823: 12.1952   (Y': 12.2077   Cb: 12.2692   Cr: 12.0736 )
00000825: 12.1344   (Y': 12.1497   Cb: 12.2076   Cr: 12.0029 )
00000826: 12.1044   (Y': 12.0904   Cb: 12.1847   Cr: 12.081  )
00000827: 12.1396   (Y': 12.1453   Cb: 12.2367   Cr: 12.0226 )
00000828: 12.1238   (Y': 12.1077   Cb: 12.23     Cr: 12.0838 )
00000829: 12.3075   (Y': 12.3464   Cb: 12.3691   Cr: 12.0962 )
00000830: 13.1557   (Y': 13.3858   Cb: 12.6887   Cr: 12.7701 )
00000831: 13.539    (Y': 13.7902   Cb: 12.9997   Cr: 13.1549 )
00000832: 13.5352   (Y': 13.7706   Cb: 13.0038   Cr: 13.1976 )
00000833: 13.0285   (Y': 13.2672   Cb: 12.5691   Cr: 12.6053 )
00000834: 12.8719   (Y': 13.0593   Cb: 12.5715   Cr: 12.4686 )
00000835: 12.6903   (Y': 12.8571   Cb: 12.4238   Cr: 12.3265 )
00000836: 12.6462   (Y': 12.7986   Cb: 12.3771   Cr: 12.336  )
00000837: 12.5231   (Y': 12.6406   Cb: 12.3687   Cr: 12.227  )
00000838: 12.3803   (Y': 12.4549   Cb: 12.2804   Cr: 12.1898 )
00000839: 12.1431   (Y': 12.1538   Cb: 12.2101   Cr: 12.0352 )
00000840: 12.1314   (Y': 12.1495   Cb: 12.1283   Cr: 12.063  )
00000841: 12.2074   (Y': 12.2274   Cb: 12.2168   Cr: 12.1191 )
00000842: 12.1758   (Y': 12.2082   Cb: 12.1501   Cr: 12.0735 )
00000843: 12.1526   (Y': 12.1681   Cb: 12.1961   Cr: 12.0489 )
00000844: 12.1848   (Y': 12.1823   Cb: 12.3301   Cr: 12.0538 )
00000845: 12.1289   (Y': 12.1332   Cb: 12.2253   Cr: 12.0176 )
00000846: 12.1876   (Y': 12.2021   Cb: 12.278    Cr: 12.0427 )
00000847: 12.1415   (Y': 12.1548   Cb: 12.1637   Cr: 12.0669 )
00000848: 12.1556   (Y': 12.1703   Cb: 12.2356   Cr: 12.0199 )
00000849: 12.1345   (Y': 12.1415   Cb: 12.2096   Cr: 12.0335 )
00000850: 12.1603   (Y': 12.1681   Cb: 12.1975   Cr: 12.0928 )
00000851: 12.1633   (Y': 12.1865   Cb: 12.1752   Cr: 12.0603 )
00000852: 12.1925   (Y': 12.2419   Cb: 12.1872   Cr: 12.0055 )
00000853: 12.1784   (Y': 12.1981   Cb: 12.2144   Cr: 12.0654 )
00000854: 12.2355   (Y': 12.2542   Cb: 12.2497   Cr: 12.1476 )
00000856: 12.1951   (Y': 12.2223   Cb: 12.2622   Cr: 12.0236 )
00000855: 12.2338   (Y': 12.2802   Cb: 12.1992   Cr: 12.0865 )
00000857: 12.2305   (Y': 12.277    Cb: 12.2075   Cr: 12.0714 )
00000858: 12.1291   (Y': 12.1799   Cb: 12.1208   Cr: 11.9397 )
00000859: 12.1082   (Y': 12.1682   Cb: 12.1274   Cr: 11.8582 )
00000860: 12.0152   (Y': 12.0352   Cb: 12.0945   Cr: 11.8596 )
00000861: 12.0946   (Y': 12.1341   Cb: 12.0961   Cr: 11.9389 )
00000862: 12.1618   (Y': 12.1956   Cb: 12.2148   Cr: 11.9788 )
00000864: 12.1288   (Y': 12.1524   Cb: 12.2065   Cr: 11.9611 )
00000863: 12.187    (Y': 12.2346   Cb: 12.2044   Cr: 11.9847 )
00000865: 12.1566   (Y': 12.1916   Cb: 12.2361   Cr: 11.9435 )
00000866: 12.1375   (Y': 12.1664   Cb: 12.1549   Cr: 12.007  )
00000867: 12.1501   (Y': 12.1755   Cb: 12.1934   Cr: 12.0082 )
00000868: 12.1356   (Y': 12.1606   Cb: 12.1841   Cr: 11.9902 )
00000869: 12.1259   (Y': 12.1537   Cb: 12.1443   Cr: 11.9986 )
00000870: 12.1212   (Y': 12.141    Cb: 12.1541   Cr: 12.0109 )
00000871: 12.1115   (Y': 12.1353   Cb: 12.1286   Cr: 12.0009 )
00000872: 12.096    (Y': 12.1083   Cb: 12.1317   Cr: 12.0121 )
00000873: 12.1366   (Y': 12.139    Cb: 12.1885   Cr: 12.0758 )
00000874: 12.0945   (Y': 12.0966   Cb: 12.1482   Cr: 12.0334 )
00000875: 12.12     (Y': 12.1473   Cb: 12.1475   Cr: 11.9856 )
00000876: 12.0773   (Y': 12.1258   Cb: 12.0415   Cr: 11.9232 )
00000877: 12.1094   (Y': 12.1519   Cb: 12.0918   Cr: 11.9602 )
00000878: 12.0878   (Y': 12.0935   Cb: 12.1654   Cr: 11.9894 )
00000879: 12.0793   (Y': 12.0944   Cb: 12.1214   Cr: 11.9784 )
00000880: 12.0969   (Y': 12.1229   Cb: 12.1557   Cr: 11.9376 )
00000881: 12.0976   (Y': 12.1306   Cb: 12.142    Cr: 11.9254 )
00000883: 12.1053   (Y': 12.1176   Cb: 12.1882   Cr: 11.9756 )
00000882: 12.096    (Y': 12.1044   Cb: 12.1692   Cr: 11.9909 )
00000884: 12.079    (Y': 12.0941   Cb: 12.1569   Cr: 11.9434 )
00000885: 12.1114   (Y': 12.1318   Cb: 12.2174   Cr: 11.9292 )
00000886: 12.0874   (Y': 12.0914   Cb: 12.1883   Cr: 11.9734 )
00000887: 12.0521   (Y': 12.0551   Cb: 12.1255   Cr: 11.9686 )
00000888: 12.0976   (Y': 12.1057   Cb: 12.1416   Cr: 12.0219 )
00000889: 12.1243   (Y': 12.1626   Cb: 12.1783   Cr: 11.9228 )
00000890: 12.106    (Y': 12.1161   Cb: 12.1666   Cr: 12.0064 )
00000891: 12.1184   (Y': 12.1491   Cb: 12.148    Cr: 11.969  )
00000892: 12.0619   (Y': 12.0758   Cb: 12.1106   Cr: 11.959  )
00000893: 12.082    (Y': 12.1418   Cb: 12.0725   Cr: 11.8598 )
00000894: 12.0704   (Y': 12.1014   Cb: 12.0734   Cr: 11.9457 )
00000895: 12.0722   (Y': 12.0887   Cb: 12.0825   Cr: 11.9968 )
00000896: 12.0871   (Y': 12.1026   Cb: 12.1592   Cr: 11.9558 )
00000897: 12.069    (Y': 12.1045   Cb: 12.061    Cr: 11.9378 )
00000898: 12.0324   (Y': 12.0649   Cb: 12.0791   Cr: 11.8599 )
00000900: 12.0456   (Y': 12.0924   Cb: 12.0589   Cr: 11.8509 )
00000899: 12.0643   (Y': 12.0919   Cb: 12.0737   Cr: 11.9462 )
00000901: 12.0777   (Y': 12.1035   Cb: 12.1369   Cr: 11.919  )
00000902: 12.0575   (Y': 12.0841   Cb: 12.1079   Cr: 11.9043 )
00000903: 12.0666   (Y': 12.0823   Cb: 12.1229   Cr: 11.9498 )
00000904: 12.0569   (Y': 12.0622   Cb: 12.1457   Cr: 11.9493 )
00000905: 12.0432   (Y': 12.0638   Cb: 12.1028   Cr: 11.9038 )
00000906: 12.0633   (Y': 12.0758   Cb: 12.1541   Cr: 11.9261 )
00000907: 12.0611   (Y': 12.0938   Cb: 12.0869   Cr: 11.9079 )
00000908: 12.0364   (Y': 12.0464   Cb: 12.1532   Cr: 11.8839 )
00000909: 12.064    (Y': 12.1137   Cb: 12.107    Cr: 11.8301 )
00000910: 12.0691   (Y': 12.0985   Cb: 12.1009   Cr: 11.9225 )
00000911: 12.0465   (Y': 12.0441   Cb: 12.1013   Cr: 12.002  )
00000912: 12.0332   (Y': 12.0475   Cb: 12.0996   Cr: 11.9118 )
00000913: 12.0418   (Y': 12.0729   Cb: 12.0872   Cr: 11.876  )
00000914: 12.0541   (Y': 12.0846   Cb: 12.123    Cr: 11.8679 )
00000915: 12.0816   (Y': 12.0698   Cb: 12.178    Cr: 12.0337 )
00000916: 12.0487   (Y': 12.0704   Cb: 12.0839   Cr: 11.9287 )
00000917: 12.0535   (Y': 12.0696   Cb: 12.1601   Cr: 11.887  )
00000918: 12.0734   (Y': 12.105    Cb: 12.0929   Cr: 11.9302 )
00000919: 12.0617   (Y': 12.0615   Cb: 12.1562   Cr: 11.9698 )
00000920: 12.0615   (Y': 12.0737   Cb: 12.1212   Cr: 11.955  )
00000921: 12.046    (Y': 12.0824   Cb: 12.0756   Cr: 11.8749 )
00000922: 12.0364   (Y': 12.0712   Cb: 12.0799   Cr: 11.8583 )
00000923: 12.0545   (Y': 12.0659   Cb: 12.0919   Cr: 11.9726 )
00000924: 12.0935   (Y': 12.1231   Cb: 12.1202   Cr: 11.9513 )
00000925: 12.0626   (Y': 12.085    Cb: 12.0962   Cr: 11.9417 )
00000926: 12.099    (Y': 12.1476   Cb: 12.1187   Cr: 11.8911 )
00000927: 12.0802   (Y': 12.1026   Cb: 12.1225   Cr: 11.9505 )
00000928: 12.0813   (Y': 12.1013   Cb: 12.1259   Cr: 11.9585 )
00000929: 12.0379   (Y': 12.0625   Cb: 12.1029   Cr: 11.8784 )
00000930: 12.0437   (Y': 12.0506   Cb: 12.1186   Cr: 11.9433 )
00000931: 12.0497   (Y': 12.0828   Cb: 12.0706   Cr: 11.8997 )
00000932: 12.0431   (Y': 12.0633   Cb: 12.0879   Cr: 11.9196 )
00000933: 12.0446   (Y': 12.0727   Cb: 12.0812   Cr: 11.8982 )
00000934: 12.035    (Y': 12.0596   Cb: 12.1339   Cr: 11.8435 )
00000935: 12.0333   (Y': 12.0631   Cb: 12.0816   Cr: 11.8693 )
00000936: 12.0356   (Y': 12.0716   Cb: 12.0601   Cr: 11.8707 )
00000937: 12.0549   (Y': 12.0754   Cb: 12.0634   Cr: 11.9657 )
00000938: 12.0505   (Y': 12.0871   Cb: 12.068    Cr: 11.8905 )
00000940: 12.0306   (Y': 12.0616   Cb: 12.0821   Cr: 11.8591 )
00000939: 12.0249   (Y': 12.0531   Cb: 12.0771   Cr: 11.8634 )
00000941: 12.0108   (Y': 12.0425   Cb: 12.0792   Cr: 11.821  )
00000942: 12.0254   (Y': 12.0336   Cb: 12.0585   Cr: 11.9602 )
00000943: 12.03     (Y': 12.0439   Cb: 12.104    Cr: 11.9031 )
00000944: 12.0626   (Y': 12.0827   Cb: 12.1166   Cr: 11.9306 )
00000945: 12.0302   (Y': 12.0587   Cb: 12.0857   Cr: 11.8644 )
00000946: 12.0244   (Y': 12.0604   Cb: 12.0195   Cr: 11.888  )
00000947: 12.0186   (Y': 12.049    Cb: 12.0772   Cr: 11.8432 )
00000948: 12.0273   (Y': 12.0579   Cb: 12.0579   Cr: 11.8771 )
00000949: 12.0207   (Y': 12.0616   Cb: 12.0643   Cr: 11.8192 )
00000950: 12.0389   (Y': 12.0806   Cb: 12.059    Cr: 11.8567 )
00000951: 12.0084   (Y': 12.0339   Cb: 12.0676   Cr: 11.8507 )
00000952: 12.0679   (Y': 12.095    Cb: 12.0938   Cr: 11.9361 )
00000953: 11.9949   (Y': 12.0248   Cb: 12.0506   Cr: 11.824  )
00000954: 12.0277   (Y': 12.064    Cb: 12.0531   Cr: 11.861  )
00000955: 12.024    (Y': 12.0444   Cb: 12.056    Cr: 11.9118 )
00000956: 12.0185   (Y': 12.0092   Cb: 12.1423   Cr: 11.9346 )
00000957: 11.9987   (Y': 12.0392   Cb: 12.0061   Cr: 11.833  )
00000958: 12.0203   (Y': 12.0379   Cb: 12.0841   Cr: 11.8889 )
00000959: 12.0677   (Y': 12.0851   Cb: 12.1211   Cr: 11.9468 )
00000961: 12.048    (Y': 12.0607   Cb: 12.068    Cr: 11.9775 )
00000960: 12.023    (Y': 12.0608   Cb: 12.0738   Cr: 11.8263 )
00000962: 12.027    (Y': 12.037    Cb: 12.0753   Cr: 11.9396 )
00000963: 12.0458   (Y': 12.0703   Cb: 12.0805   Cr: 11.9156 )
00000964: 12.0762   (Y': 12.1195   Cb: 12.0765   Cr: 11.9071 )
00000965: 12.0066   (Y': 12.0253   Cb: 12.1399   Cr: 11.8055 )
00000966: 12.0722   (Y': 12.095    Cb: 12.1195   Cr: 11.9365 )
00000967: 12.0535   (Y': 12.09     Cb: 12.0654   Cr: 11.8994 )
00000968: 12.0267   (Y': 12.059    Cb: 12.0462   Cr: 11.8809 )
00000969: 12.0344   (Y': 12.0605   Cb: 12.0545   Cr: 11.9119 )
00000970: 12.0294   (Y': 12.0356   Cb: 12.1264   Cr: 11.9105 )
00000971: 12.0019   (Y': 12.0262   Cb: 12.0315   Cr: 11.8774 )
00000972: 11.9939   (Y': 12.015    Cb: 12.0079   Cr: 11.8968 )
00000973: 12        (Y': 12.0181   Cb: 12.0432   Cr: 11.8863 )
00000974: 12.0312   (Y': 12.0669   Cb: 12.0412   Cr: 11.8817 )
00000975: 12.0301   (Y': 12.0746   Cb: 12.025    Cr: 11.8614 )
00000976: 12.0503   (Y': 12.1      Cb: 12.0254   Cr: 11.8806 )
00000977: 12.0629   (Y': 12.0874   Cb: 12.083    Cr: 11.9468 )
00000978: 12.0598   (Y': 12.0938   Cb: 12.0804   Cr: 11.9065 )
00000979: 12.0262   (Y': 12.0472   Cb: 12.1026   Cr: 11.8696 )
00000980: 12.0145   (Y': 12.035    Cb: 12.0781   Cr: 11.8719 )
00000981: 12.0476   (Y': 12.0693   Cb: 12.1091   Cr: 11.9024 )
00000982: 12.068    (Y': 12.1149   Cb: 12.0312   Cr: 11.9206 )
00000983: 12.0499   (Y': 12.0864   Cb: 12.0506   Cr: 11.9061 )
00000984: 12.0371   (Y': 12.0766   Cb: 12.0382   Cr: 11.8817 )
00000985: 12.0526   (Y': 12.0811   Cb: 12.0806   Cr: 11.9134 )
00000986: 12.0574   (Y': 12.0897   Cb: 12.0439   Cr: 11.9438 )
00000987: 12.039    (Y': 12.053    Cb: 12.0858   Cr: 11.9377 )
00000988: 12.0163   (Y': 12.0481   Cb: 12.0376   Cr: 11.8709 )
00000989: 12.0402   (Y': 12.0803   Cb: 12.0931   Cr: 11.8331 )
00000990: 12.0297   (Y': 12.0573   Cb: 12.0261   Cr: 11.9245 )
00000991: 12.047    (Y': 12.0575   Cb: 12.1869   Cr: 11.871  )
00000992: 12.0316   (Y': 12.0589   Cb: 12.0585   Cr: 11.898  )
00000993: 12.0443   (Y': 12.0793   Cb: 12.069    Cr: 11.8834 )
00000994: 12.0352   (Y': 12.052    Cb: 12.0891   Cr: 11.9158 )
00000995: 12.0632   (Y': 12.0986   Cb: 12.0875   Cr: 11.901  )
00000996: 12.0315   (Y': 12.052    Cb: 12.0619   Cr: 11.9206 )
00000997: 12.0895   (Y': 12.1287   Cb: 12.0767   Cr: 11.9484 )
00000998: 12.0498   (Y': 12.083    Cb: 12.1115   Cr: 11.8603 )
00000999: 12.0586   (Y': 12.0887   Cb: 12.0839   Cr: 11.9158 )
00001000: 12.0272   (Y': 12.0551   Cb: 12.0974   Cr: 11.8502 )
00001001: 12.0582   (Y': 12.0735   Cb: 12.102    Cr: 11.9549 )
00001002: 12.0376   (Y': 12.0552   Cb: 12.1079   Cr: 11.8998 )
00001003: 12.0478   (Y': 12.0744   Cb: 12.0761   Cr: 11.9152 )
00001004: 12.0392   (Y': 12.0595   Cb: 12.0859   Cr: 11.9138 )
00001005: 12.0476   (Y': 12.0775   Cb: 12.0584   Cr: 11.9192 )
00001006: 12.0336   (Y': 12.0435   Cb: 12.0791   Cr: 11.9495 )
00001007: 12.045    (Y': 12.1021   Cb: 11.9932   Cr: 11.8735 )
00001008: 12.0252   (Y': 12.0624   Cb: 12.0213   Cr: 11.883  )
00001009: 12.046    (Y': 12.0571   Cb: 12.1006   Cr: 11.9482 )
00001010: 12.0427   (Y': 12.0623   Cb: 12.0768   Cr: 11.9318 )
00001011: 12.0605   (Y': 12.0867   Cb: 12.1339   Cr: 11.8867 )
00001012: 12.0437   (Y': 12.0671   Cb: 12.0671   Cr: 11.9284 )
00001013: 12.0475   (Y': 12.0491   Cb: 12.1584   Cr: 11.9327 )
00001014: 12.0441   (Y': 12.0643   Cb: 12.1027   Cr: 11.9077 )
00001015: 12.0607   (Y': 12.0744   Cb: 12.0866   Cr: 11.9809 )
00001016: 12.0109   (Y': 12.0388   Cb: 12.0386   Cr: 11.8743 )
00001017: 12.0528   (Y': 12.0785   Cb: 12.0486   Cr: 11.9557 )
00001018: 12.0245   (Y': 12.0464   Cb: 12.0419   Cr: 11.921  )
00001019: 12.0416   (Y': 12.0577   Cb: 12.1101   Cr: 11.9111 )
00001020: 12.056    (Y': 12.0825   Cb: 12.0699   Cr: 11.938  )
00001021: 12.0389   (Y': 12.0697   Cb: 12.0674   Cr: 11.8905 )
00001022: 12.0184   (Y': 12.0519   Cb: 12.0427   Cr: 11.8633 )
00001023: 12.0045   (Y': 12.0403   Cb: 12.0603   Cr: 11.8109 )
00001024: 12.0536   (Y': 12.0897   Cb: 12.0389   Cr: 11.9265 )
00001025: 12.0574   (Y': 12.0838   Cb: 12.0327   Cr: 11.9777 )
00001026: 12.0563   (Y': 12.0639   Cb: 12.1206   Cr: 11.9632 )
00001027: 12.038    (Y': 12.0665   Cb: 12.0859   Cr: 11.8795 )
00001028: 12.0019   (Y': 12.0256   Cb: 12.028    Cr: 11.8833 )
00001029: 12.0679   (Y': 12.1101   Cb: 12.0915   Cr: 11.8806 )
00001030: 12.0699   (Y': 12.1023   Cb: 12.0713   Cr: 11.9409 )
00001031: 11.9975   (Y': 12.0335   Cb: 12.0279   Cr: 11.8268 )
00001032: 12.0728   (Y': 12.0984   Cb: 12.104    Cr: 11.9418 )
00001033: 12.1237   (Y': 12.1464   Cb: 12.1475   Cr: 12.0108 )
00001035: 12.0983   (Y': 12.1309   Cb: 12.1269   Cr: 11.9426 )
00001034: 12.1171   (Y': 12.1547   Cb: 12.1089   Cr: 11.9775 )
00001036: 12.0903   (Y': 12.1145   Cb: 12.0852   Cr: 11.9999 )
00001037: 12.1243   (Y': 12.1636   Cb: 12.0903   Cr: 12.004  )
00001038: 12.1706   (Y': 12.2094   Cb: 12.1609   Cr: 12.028  )
00001039: 12.1906   (Y': 12.2354   Cb: 12.1633   Cr: 12.0422 )
00001041: 12.2306   (Y': 12.269    Cb: 12.1949   Cr: 12.1146 )
00001040: 12.1933   (Y': 12.2388   Cb: 12.1964   Cr: 12.0128 )
00001043: 12.111    (Y': 12.1412   Cb: 12.0851   Cr: 12.0175 )
00001042: 12.1696   (Y': 12.1776   Cb: 12.2691   Cr: 12.0414 )
Total: 12.1343   (Y': 12.1222   Cb: 12.2574   Cr: 12.0622 )
