00000001: 13.3593   (Y': 13.107    Cb: 12.9555   Cr: 15.1417 )
00000005: 13.3723   (Y': 13.1337   Cb: 12.9155   Cr: 15.1564 )
00000000: 31.7036   (Y': 40.8341   Cb: 27.3013   Cr: 27.3013 )
00000003: 13.3615   (Y': 13.1137   Cb: 12.9096   Cr: 15.1961 )
00000002: 13.3495   (Y': 13.1079   Cb: 12.9155   Cr: 15.1147 )
00000006: 13.3435   (Y': 13.1005   Cb: 12.9126   Cr: 15.1123 )
00000007: 13.332    (Y': 13.0819   Cb: 12.9339   Cr: 15.0912 )
00000004: 13.3545   (Y': 13.1075   Cb: 12.9286   Cr: 15.1401 )
00000008: 13.3683   (Y': 13.1434   Cb: 12.8852   Cr: 15.1087 )
00000009: 13.3495   (Y': 13.1191   Cb: 12.8816   Cr: 15.0995 )
00000010: 13.3703   (Y': 13.1386   Cb: 12.8968   Cr: 15.138  )
00000011: 13.3274   (Y': 13.0893   Cb: 12.8657   Cr: 15.1155 )
00000012: 13.3207   (Y': 13.0644   Cb: 12.9386   Cr: 15.0938 )
00000013: 13.2994   (Y': 13.0707   Cb: 12.8379   Cr: 15.0285 )
00000014: 13.3166   (Y': 13.0666   Cb: 12.9334   Cr: 15.0513 )
00000015: 13.2948   (Y': 13.0696   Cb: 12.789    Cr: 15.0759 )
00000016: 13.3039   (Y': 13.0697   Cb: 12.8394   Cr: 15.0721 )
00000017: 13.3409   (Y': 13.1113   Cb: 12.8592   Cr: 15.1092 )
00000019: 13.3593   (Y': 13.1204   Cb: 12.9035   Cr: 15.1431 )
00000018: 13.3273   (Y': 13.0797   Cb: 12.89     Cr: 15.1364 )
00000020: 13.2804   (Y': 13.0162   Cb: 12.9178   Cr: 15.0716 )
00000021: 13.2897   (Y': 13.049    Cb: 12.8475   Cr: 15.0625 )
00000022: 13.3025   (Y': 13.0725   Cb: 12.794    Cr: 15.1185 )
00000023: 13.3216   (Y': 13.077    Cb: 12.8552   Cr: 15.16   )
00000024: 13.3095   (Y': 13.0684   Cb: 12.8646   Cr: 15.0892 )
00000025: 13.3018   (Y': 13.0656   Cb: 12.8315   Cr: 15.0926 )
00000026: 13.3497   (Y': 13.1178   Cb: 12.876    Cr: 15.1188 )
00000027: 13.3051   (Y': 13.046    Cb: 12.8957   Cr: 15.1414 )
00000028: 13.3491   (Y': 13.1233   Cb: 12.8417   Cr: 15.1368 )
00000029: 13.2662   (Y': 12.9943   Cb: 12.9059   Cr: 15.1032 )
00000030: 13.2901   (Y': 13.0395   Cb: 12.8733   Cr: 15.0832 )
00000031: 13.3269   (Y': 13.098    Cb: 12.8302   Cr: 15.1161 )
00000032: 13.3583   (Y': 13.1402   Cb: 12.8509   Cr: 15.0969 )
00000033: 13.3459   (Y': 13.1124   Cb: 12.8707   Cr: 15.1281 )
00000034: 13.3443   (Y': 13.1053   Cb: 12.9145   Cr: 15.0856 )
00000035: 13.3469   (Y': 13.15     Cb: 12.7941   Cr: 15.0306 )
00000037: 13.3011   (Y': 13.0396   Cb: 12.9113   Cr: 15.1198 )
00000036: 13.3509   (Y': 13.112    Cb: 12.8719   Cr: 15.1747 )
00000038: 13.3172   (Y': 13.076    Cb: 12.8658   Cr: 15.1085 )
00000039: 13.3747   (Y': 13.1444   Cb: 12.9417   Cr: 15.0673 )
00000040: 13.3651   (Y': 13.1524   Cb: 12.8364   Cr: 15.1054 )
00000041: 13.3935   (Y': 13.1612   Cb: 12.9071   Cr: 15.1866 )
00000042: 13.402    (Y': 13.1787   Cb: 12.8622   Cr: 15.229  )
00000043: 13.3394   (Y': 13.0721   Cb: 12.9359   Cr: 15.2191 )
00000044: 13.3969   (Y': 13.1568   Cb: 12.9447   Cr: 15.1818 )
00000045: 13.3584   (Y': 13.1062   Cb: 12.9236   Cr: 15.1923 )
00000046: 13.3601   (Y': 13.1102   Cb: 12.9371   Cr: 15.1598 )
00000047: 13.3951   (Y': 13.1451   Cb: 12.9483   Cr: 15.2352 )
00000048: 13.3286   (Y': 13.0818   Cb: 12.9044   Cr: 15.1109 )
00000049: 13.333    (Y': 13.0643   Cb: 12.9317   Cr: 15.2174 )
00000050: 13.3108   (Y': 13.0441   Cb: 12.9225   Cr: 15.1611 )
00000052: 13.2846   (Y': 13.0169   Cb: 12.8812   Cr: 15.1665 )
00000051: 13.3412   (Y': 13.0754   Cb: 12.9477   Cr: 15.1936 )
00000053: 13.36     (Y': 13.1109   Cb: 12.9449   Cr: 15.1406 )
00000054: 13.3088   (Y': 13.0411   Cb: 12.9293   Cr: 15.1504 )
00000055: 13.3214   (Y': 13.0625   Cb: 12.9032   Cr: 15.1709 )
00000056: 13.3084   (Y': 13.0542   Cb: 12.8911   Cr: 15.1257 )
00000057: 13.3108   (Y': 13.0579   Cb: 12.8935   Cr: 15.1206 )
00000058: 13.3497   (Y': 13.1004   Cb: 12.9238   Cr: 15.1497 )
00000059: 13.3207   (Y': 13.0755   Cb: 12.8865   Cr: 15.1092 )
00000060: 13.3189   (Y': 13.0739   Cb: 12.9227   Cr: 15.0432 )
00000062: 13.2867   (Y': 13.0347   Cb: 12.8702   Cr: 15.0893 )
00000061: 13.2774   (Y': 13.0165   Cb: 12.8899   Cr: 15.0883 )
00000063: 13.3416   (Y': 13.0926   Cb: 12.9217   Cr: 15.13   )
00000064: 13.3078   (Y': 13.038    Cb: 12.9216   Cr: 15.1747 )
00000065: 13.2794   (Y': 13.0162   Cb: 12.8956   Cr: 15.0996 )
00000066: 13.3189   (Y': 13.0588   Cb: 12.9026   Cr: 15.1728 )
00000067: 13.3075   (Y': 13.0594   Cb: 12.8792   Cr: 15.1044 )
00000068: 13.3065   (Y': 13.0588   Cb: 12.8625   Cr: 15.1274 )
00000069: 13.3293   (Y': 13.0733   Cb: 12.9331   Cr: 15.1227 )
00000070: 13.2948   (Y': 13.0394   Cb: 12.8753   Cr: 15.1243 )
00000071: 13.3559   (Y': 13.1287   Cb: 12.848    Cr: 15.1533 )
00000072: 13.3206   (Y': 13.0711   Cb: 12.9231   Cr: 15.0754 )
00000073: 13.3131   (Y': 13.0608   Cb: 12.8697   Cr: 15.1622 )
00000074: 13.3061   (Y': 13.0393   Cb: 12.9113   Cr: 15.1681 )
00000075: 13.2858   (Y': 13.0132   Cb: 12.9071   Cr: 15.1582 )
00000076: 13.3065   (Y': 13.0501   Cb: 12.8917   Cr: 15.1346 )
00000078: 13.3315   (Y': 13.0869   Cb: 12.8939   Cr: 15.1211 )
00000077: 13.3032   (Y': 13.0551   Cb: 12.8702   Cr: 15.1082 )
00000079: 13.3134   (Y': 13.0606   Cb: 12.8762   Cr: 15.1555 )
00000080: 13.3326   (Y': 13.0877   Cb: 12.8947   Cr: 15.1254 )
00000082: 13.34     (Y': 13.0957   Cb: 12.9118   Cr: 15.1127 )
00000081: 13.3331   (Y': 13.0978   Cb: 12.8891   Cr: 15.0747 )
00000083: 13.3574   (Y': 13.1087   Cb: 12.947    Cr: 15.1287 )
00000084: 13.3301   (Y': 13.0685   Cb: 12.9437   Cr: 15.144  )
00000086: 13.347    (Y': 13.0986   Cb: 12.8982   Cr: 15.1795 )
00000085: 13.3217   (Y': 13.0834   Cb: 12.8738   Cr: 15.0888 )
00000087: 13.3318   (Y': 13.0926   Cb: 12.9101   Cr: 15.0609 )
00000088: 13.3103   (Y': 13.0754   Cb: 12.8413   Cr: 15.0908 )
00000089: 13.3324   (Y': 13.085    Cb: 12.9362   Cr: 15.0718 )
00000090: 13.3425   (Y': 13.0991   Cb: 12.9037   Cr: 15.1268 )
00000091: 13.3166   (Y': 13.0883   Cb: 12.8588   Cr: 15.0365 )
00000092: 13.3152   (Y': 13.0678   Cb: 12.8983   Cr: 15.0886 )
00000094: 13.283    (Y': 13.019    Cb: 12.8922   Cr: 15.12   )
00000093: 13.3116   (Y': 13.065    Cb: 12.8835   Cr: 15.0983 )
00000095: 13.2934   (Y': 13.0398   Cb: 12.8723   Cr: 15.113  )
00000096: 13.3104   (Y': 13.0753   Cb: 12.8373   Cr: 15.0987 )
00000097: 13.363    (Y': 13.118    Cb: 12.9345   Cr: 15.1396 )
00000098: 13.3214   (Y': 13.0689   Cb: 12.8974   Cr: 15.1395 )
00000099: 13.2981   (Y': 13.058    Cb: 12.8065   Cr: 15.1501 )
00000100: 13.3268   (Y': 13.0855   Cb: 12.8414   Cr: 15.1762 )
00000102: 13.326    (Y': 13.0647   Cb: 12.9475   Cr: 15.1248 )
00000101: 13.3258   (Y': 13.1029   Cb: 12.8388   Cr: 15.0612 )
00000103: 13.2999   (Y': 13.0592   Cb: 12.8391   Cr: 15.1035 )
00000104: 13.34     (Y': 13.0924   Cb: 12.9125   Cr: 15.132  )
00000105: 13.3068   (Y': 13.0445   Cb: 12.8868   Cr: 15.1816 )
00000106: 13.3437   (Y': 13.0959   Cb: 12.9078   Cr: 15.1517 )
00000107: 13.3323   (Y': 13.0856   Cb: 12.8919   Cr: 15.1401 )
00000108: 13.3342   (Y': 13.0977   Cb: 12.8561   Cr: 15.1406 )
00000109: 13.3335   (Y': 13.0904   Cb: 12.8823   Cr: 15.1373 )
00000110: 13.3368   (Y': 13.1175   Cb: 12.8149   Cr: 15.1081 )
00000111: 13.3222   (Y': 13.0874   Cb: 12.8318   Cr: 15.138  )
00000112: 13.3175   (Y': 13.0634   Cb: 12.9095   Cr: 15.1186 )
00000113: 13.3432   (Y': 13.0864   Cb: 12.9748   Cr: 15.0961 )
00000114: 13.3292   (Y': 13.0858   Cb: 12.8883   Cr: 15.1169 )
00000115: 13.3218   (Y': 13.0777   Cb: 12.8899   Cr: 15.0995 )
00000116: 13.3091   (Y': 13.0635   Cb: 12.8478   Cr: 15.1451 )
00000117: 13.3173   (Y': 13.0689   Cb: 12.8567   Cr: 15.1705 )
00000118: 13.3138   (Y': 13.0672   Cb: 12.871    Cr: 15.1253 )
00000119: 13.272    (Y': 13.0172   Cb: 12.8841   Cr: 15.0447 )
00000120: 13.3428   (Y': 13.0885   Cb: 12.8755   Cr: 15.2462 )
00000121: 13.3102   (Y': 13.0359   Cb: 12.9021   Cr: 15.2429 )
00000123: 13.3085   (Y': 13.0505   Cb: 12.888    Cr: 15.1561 )
00000122: 13.3069   (Y': 13.0619   Cb: 12.8574   Cr: 15.1196 )
00000124: 13.3268   (Y': 13.0958   Cb: 12.8491   Cr: 15.0976 )
00000125: 13.3487   (Y': 13.1081   Cb: 12.8958   Cr: 15.138  )
00000126: 13.3179   (Y': 13.0773   Cb: 12.8779   Cr: 15.0865 )
00000127: 13.3179   (Y': 13.0754   Cb: 12.8788   Cr: 15.097  )
00000128: 13.3502   (Y': 13.1148   Cb: 12.8861   Cr: 15.126  )
00000129: 13.2995   (Y': 13.0315   Cb: 12.9229   Cr: 15.138  )
00000130: 13.307    (Y': 13.0669   Cb: 12.8759   Cr: 15.0571 )
00000131: 13.3186   (Y': 13.0555   Cb: 12.9131   Cr: 15.1737 )
00000132: 13.2928   (Y': 13.0373   Cb: 12.8732   Cr: 15.1224 )
00000133: 13.3334   (Y': 13.1034   Cb: 12.8692   Cr: 15.0749 )
00000134: 13.3109   (Y': 13.0697   Cb: 12.8418   Cr: 15.1324 )
00000135: 13.3529   (Y': 13.1134   Cb: 12.9199   Cr: 15.1034 )
00000136: 13.3077   (Y': 13.0554   Cb: 12.8862   Cr: 15.1201 )
00000137: 13.3147   (Y': 13.0572   Cb: 12.8653   Cr: 15.2083 )
00000138: 13.2884   (Y': 13.0283   Cb: 12.8716   Cr: 15.1436 )
00000139: 13.3461   (Y': 13.0974   Cb: 12.9168   Cr: 15.1483 )
00000140: 13.3183   (Y': 13.0707   Cb: 12.8956   Cr: 15.1021 )
00000141: 13.2988   (Y': 13.0439   Cb: 12.8655   Cr: 15.1477 )
00000142: 13.2933   (Y': 13.036    Cb: 12.8745   Cr: 15.1333 )
00000143: 13.2833   (Y': 13.0324   Cb: 12.8464   Cr: 15.1128 )
00000144: 13.281    (Y': 13.04     Cb: 12.8356   Cr: 15.0612 )
00000145: 13.2768   (Y': 13.0272   Cb: 12.8417   Cr: 15.0951 )
00000146: 13.318    (Y': 13.0852   Cb: 12.8474   Cr: 15.0876 )
00000147: 13.3051   (Y': 13.0591   Cb: 12.865    Cr: 15.1087 )
00000149: 13.3054   (Y': 13.041    Cb: 12.8826   Cr: 15.1981 )
00000148: 13.3049   (Y': 13.0483   Cb: 12.8664   Cr: 15.174  )
00000150: 13.3268   (Y': 13.0807   Cb: 12.8689   Cr: 15.161  )
00000151: 13.2925   (Y': 13.0366   Cb: 12.86     Cr: 15.1469 )
00000152: 13.2886   (Y': 13.0469   Cb: 12.8675   Cr: 15.0331 )
00000153: 13.3089   (Y': 13.0577   Cb: 12.8562   Cr: 15.1664 )
00000154: 13.3332   (Y': 13.0824   Cb: 12.8367   Cr: 15.2636 )
00000155: 13.3218   (Y': 13.0627   Cb: 12.9068   Cr: 15.1669 )
00000156: 13.2913   (Y': 13.0447   Cb: 12.84     Cr: 15.1168 )
00000157: 13.3167   (Y': 13.0598   Cb: 12.8975   Cr: 15.1552 )
00000158: 13.2885   (Y': 13.0312   Cb: 12.8488   Cr: 15.1642 )
00000159: 13.3201   (Y': 13.0656   Cb: 12.8724   Cr: 15.1909 )
00000160: 13.3311   (Y': 13.0992   Cb: 12.8651   Cr: 15.0876 )
00000161: 13.3489   (Y': 13.1068   Cb: 12.8876   Cr: 15.1629 )
00000162: 13.3149   (Y': 13.0623   Cb: 12.8865   Cr: 15.1407 )
00000163: 13.3031   (Y': 13.047    Cb: 12.8828   Cr: 15.1382 )
00000164: 13.3074   (Y': 13.0471   Cb: 12.8992   Cr: 15.1493 )
00000165: 13.3134   (Y': 13.0777   Cb: 12.8516   Cr: 15.0868 )
00000166: 13.3402   (Y': 13.0906   Cb: 12.9003   Cr: 15.1663 )
00000167: 13.3126   (Y': 13.0626   Cb: 12.8511   Cr: 15.1777 )
00000168: 13.3065   (Y': 13.0725   Cb: 12.8339   Cr: 15.0875 )
00000169: 13.3259   (Y': 13.0967   Cb: 12.8295   Cr: 15.1161 )
00000170: 13.3055   (Y': 13.057    Cb: 12.842    Cr: 15.1638 )
00000171: 13.3332   (Y': 13.0721   Cb: 12.8816   Cr: 15.2547 )
00000172: 13.3205   (Y': 13.0708   Cb: 12.8849   Cr: 15.1398 )
00000173: 13.343    (Y': 13.1128   Cb: 12.8861   Cr: 15.0733 )
00000174: 13.3139   (Y': 13.0858   Cb: 12.8421   Cr: 15.0557 )
00000175: 13.2991   (Y': 13.0578   Cb: 12.7875   Cr: 15.1935 )
00000176: 13.2901   (Y': 13.0331   Cb: 12.8577   Cr: 15.1512 )
00000177: 13.3371   (Y': 13.122    Cb: 12.7722   Cr: 15.1554 )
00000179: 13.3176   (Y': 13.0743   Cb: 12.8151   Cr: 15.2094 )
00000178: 13.3235   (Y': 13.0627   Cb: 12.9269   Cr: 15.1493 )
00000181: 13.3102   (Y': 13.0684   Cb: 12.8565   Cr: 15.1088 )
00000180: 13.3359   (Y': 13.1054   Cb: 12.844    Cr: 15.1269 )
00000182: 13.2895   (Y': 13.0208   Cb: 12.8756   Cr: 15.1958 )
00000183: 13.2902   (Y': 13.032    Cb: 12.8755   Cr: 15.1294 )
00000184: 13.374    (Y': 13.1313   Cb: 12.9003   Cr: 15.2127 )
00000185: 13.294    (Y': 13.0349   Cb: 12.8674   Cr: 15.1593 )
00000186: 13.3515   (Y': 13.0936   Cb: 12.9203   Cr: 15.2169 )
00000187: 13.3276   (Y': 13.0854   Cb: 12.8524   Cr: 15.1651 )
00000188: 13.3099   (Y': 13.0558   Cb: 12.8725   Cr: 15.1609 )
00000189: 13.323    (Y': 13.0722   Cb: 12.8842   Cr: 15.1551 )
00000190: 13.3197   (Y': 13.0581   Cb: 12.9058   Cr: 15.1797 )
00000191: 13.308    (Y': 13.0616   Cb: 12.8762   Cr: 15.0994 )
00000192: 13.3152   (Y': 13.0735   Cb: 12.8588   Cr: 15.1176 )
00000193: 13.358    (Y': 13.1242   Cb: 12.8731   Cr: 15.1577 )
00000194: 13.2959   (Y': 13.0341   Cb: 12.8604   Cr: 15.1938 )
00000195: 13.339    (Y': 13.0866   Cb: 12.9207   Cr: 15.147  )
00000196: 13.3277   (Y': 13.0871   Cb: 12.8367   Cr: 15.1826 )
00000197: 13.2907   (Y': 13.0362   Cb: 12.8568   Cr: 15.1381 )
00000198: 13.3281   (Y': 13.0935   Cb: 12.8565   Cr: 15.1105 )
00000199: 13.2883   (Y': 13.047    Cb: 12.832    Cr: 15.0882 )
00000200: 13.3073   (Y': 13.0607   Cb: 12.8352   Cr: 15.1683 )
00000201: 13.3436   (Y': 13.112    Cb: 12.8723   Cr: 15.1074 )
00000202: 13.2955   (Y': 13.0491   Cb: 12.8702   Cr: 15.0764 )
00000203: 13.2958   (Y': 13.0354   Cb: 12.8575   Cr: 15.1891 )
00000204: 13.3077   (Y': 13.0411   Cb: 12.9074   Cr: 15.177  )
00000205: 13.317    (Y': 13.0656   Cb: 12.8774   Cr: 15.1534 )
00000206: 13.2997   (Y': 13.0421   Cb: 12.893    Cr: 15.1211 )
00000207: 13.3109   (Y': 13.0654   Cb: 12.864    Cr: 15.1222 )
00000208: 13.3087   (Y': 13.0483   Cb: 12.8899   Cr: 15.1691 )
00000209: 13.2974   (Y': 13.0344   Cb: 12.9076   Cr: 15.1259 )
00000210: 13.3072   (Y': 13.0635   Cb: 12.8139   Cr: 15.1851 )
00000211: 13.2822   (Y': 13.0428   Cb: 12.8153   Cr: 15.0875 )
00000212: 13.3061   (Y': 13.0676   Cb: 12.8259   Cr: 15.1289 )
00000213: 13.3304   (Y': 13.0901   Cb: 12.8417   Cr: 15.1792 )
00000214: 13.3147   (Y': 13.1029   Cb: 12.7771   Cr: 15.0652 )
00000215: 13.3266   (Y': 13.0971   Cb: 12.8216   Cr: 15.1335 )
00000216: 13.3119   (Y': 13.062    Cb: 12.8819   Cr: 15.1228 )
00000217: 13.2944   (Y': 13.0337   Cb: 12.8782   Cr: 15.1526 )
00000218: 13.3012   (Y': 13.0261   Cb: 12.9463   Cr: 15.1504 )
00000221: 13.2446   (Y': 12.9633   Cb: 12.8517   Cr: 15.1992 )
00000219: 13.2645   (Y': 13.0135   Cb: 12.8191   Cr: 15.1089 )
00000220: 13.2569   (Y': 12.9716   Cb: 12.9152   Cr: 15.1514 )
00000222: 13.2583   (Y': 12.979    Cb: 12.8732   Cr: 15.1858 )
00000223: 13.2167   (Y': 12.9197   Cb: 12.8912   Cr: 15.161  )
00000224: 13.2081   (Y': 12.9348   Cb: 12.8366   Cr: 15.0725 )
00000225: 13.2492   (Y': 12.9598   Cb: 12.9316   Cr: 15.1299 )
00000226: 13.2197   (Y': 12.9545   Cb: 12.8551   Cr: 15.0206 )
00000227: 13.2404   (Y': 12.969    Cb: 12.8733   Cr: 15.0857 )
00000229: 13.2176   (Y': 12.9418   Cb: 12.8523   Cr: 15.0887 )
00000228: 13.2456   (Y': 12.9859   Cb: 12.8315   Cr: 15.0933 )
00000230: 13.258    (Y': 13.0181   Cb: 12.8053   Cr: 15.043  )
00000231: 13.2841   (Y': 13.0459   Cb: 12.807    Cr: 15.0997 )
00000232: 13.237    (Y': 12.9875   Cb: 12.8277   Cr: 15.0112 )
00000233: 13.2271   (Y': 12.9649   Cb: 12.8024   Cr: 15.1085 )
00000234: 13.28     (Y': 13.0178   Cb: 12.8699   Cr: 15.1374 )
00000235: 13.2698   (Y': 13.0162   Cb: 12.825    Cr: 15.1303 )
00000237: 13.2464   (Y': 12.9966   Cb: 12.8161   Cr: 15.0569 )
00000236: 13.2356   (Y': 12.9555   Cb: 12.8771   Cr: 15.1238 )
00000238: 13.2386   (Y': 12.9637   Cb: 12.8555   Cr: 15.1331 )
00000239: 13.2632   (Y': 13.0348   Cb: 12.7932   Cr: 15.0039 )
00000240: 13.2485   (Y': 13.0143   Cb: 12.803    Cr: 14.9854 )
00000241: 13.2329   (Y': 12.983    Cb: 12.7969   Cr: 15.0536 )
00000242: 13.226    (Y': 12.9528   Cb: 12.8463   Cr: 15.1046 )
00000243: 13.2232   (Y': 12.9434   Cb: 12.8448   Cr: 15.1426 )
00000245: 13.2235   (Y': 12.9659   Cb: 12.7966   Cr: 15.0796 )
00000244: 13.2136   (Y': 12.9458   Cb: 12.8057   Cr: 15.1042 )
00000246: 13.2399   (Y': 12.964    Cb: 12.871    Cr: 15.1175 )
00000247: 13.2347   (Y': 12.968    Cb: 12.8168   Cr: 15.1349 )
00000248: 13.2517   (Y': 13.0018   Cb: 12.7837   Cr: 15.1272 )
00000249: 13.2576   (Y': 13.0041   Cb: 12.8528   Cr: 15.0499 )
00000250: 13.2398   (Y': 12.9777   Cb: 12.8268   Cr: 15.1015 )
00000251: 13.1796   (Y': 12.8966   Cb: 12.8421   Cr: 15.0517 )
00000252: 13.2558   (Y': 13.0034   Cb: 12.7964   Cr: 15.133  )
00000253: 13.2374   (Y': 12.967    Cb: 12.8444   Cr: 15.1194 )
00000254: 13.2043   (Y': 12.9268   Cb: 12.8631   Cr: 15.0464 )
00000255: 13.2072   (Y': 12.9285   Cb: 12.8485   Cr: 15.0858 )
00000256: 13.2514   (Y': 13.0057   Cb: 12.8273   Cr: 15.026  )
00000257: 13.2179   (Y': 12.9475   Cb: 12.8036   Cr: 15.1358 )
00000258: 13.1946   (Y': 12.9134   Cb: 12.8638   Cr: 15.0433 )
00000260: 13.198    (Y': 12.9246   Cb: 12.8466   Cr: 15.0308 )
00000259: 13.2269   (Y': 12.9623   Cb: 12.8326   Cr: 15.0732 )
00000261: 13.2452   (Y': 12.9913   Cb: 12.8508   Cr: 15.023  )
00000262: 13.2423   (Y': 12.954    Cb: 12.868    Cr: 15.2113 )
00000263: 13.2073   (Y': 12.9254   Cb: 12.8544   Cr: 15.0977 )
00000264: 13.2301   (Y': 12.9561   Cb: 12.8481   Cr: 15.1175 )
00000265: 13.2398   (Y': 12.967    Cb: 12.8708   Cr: 15.0974 )
00000266: 13.2354   (Y': 12.9564   Cb: 12.8716   Cr: 15.1254 )
00000268: 13.2053   (Y': 12.9366   Cb: 12.8148   Cr: 15.0728 )
00000269: 13.2396   (Y': 12.9636   Cb: 12.8644   Cr: 15.1282 )
00000267: 13.238    (Y': 12.9672   Cb: 12.8388   Cr: 15.1332 )
00000270: 13.2484   (Y': 12.9832   Cb: 12.8647   Cr: 15.0814 )
00000271: 13.2732   (Y': 13.0049   Cb: 12.8966   Cr: 15.114  )
00000272: 13.2222   (Y': 12.9536   Cb: 12.813    Cr: 15.1197 )
00000273: 13.213    (Y': 12.9231   Cb: 12.8715   Cr: 15.1373 )
00000274: 13.2305   (Y': 12.9552   Cb: 12.8207   Cr: 15.173  )
00000275: 13.2373   (Y': 12.9583   Cb: 12.8352   Cr: 15.1918 )
00000276: 13.2335   (Y': 12.9345   Cb: 12.9318   Cr: 15.1518 )
00000277: 13.2147   (Y': 12.9348   Cb: 12.8263   Cr: 15.1513 )
00000278: 13.257    (Y': 12.9924   Cb: 12.8489   Cr: 15.1267 )
00000279: 13.2548   (Y': 12.963    Cb: 12.9592   Cr: 15.1156 )
00000280: 13.2552   (Y': 12.9815   Cb: 12.8757   Cr: 15.1366 )
00000281: 13.2463   (Y': 12.964    Cb: 12.8819   Cr: 15.159  )
00000282: 13.2334   (Y': 12.9524   Cb: 12.8998   Cr: 15.0859 )
00000283: 13.2441   (Y': 12.9835   Cb: 12.8307   Cr: 15.097  )
00000284: 13.2217   (Y': 12.9412   Cb: 12.8489   Cr: 15.136  )
00000285: 13.2599   (Y': 12.9811   Cb: 12.8974   Cr: 15.1456 )
00000286: 13.2289   (Y': 12.9654   Cb: 12.8375   Cr: 15.0634 )
00000287: 13.2519   (Y': 12.9786   Cb: 12.8824   Cr: 15.113  )
00000288: 13.2472   (Y': 12.9692   Cb: 12.8969   Cr: 15.1071 )
00000289: 13.2379   (Y': 12.9732   Cb: 12.8311   Cr: 15.1061 )
00000290: 13.2617   (Y': 12.9915   Cb: 12.8686   Cr: 15.1422 )
00000291: 13.251    (Y': 12.9881   Cb: 12.8528   Cr: 15.093  )
00000292: 13.2191   (Y': 12.9506   Cb: 12.8657   Cr: 15.0232 )
00000293: 13.2469   (Y': 12.9878   Cb: 12.8191   Cr: 15.1143 )
00000294: 13.2675   (Y': 13.0073   Cb: 12.8401   Cr: 15.1409 )
00000295: 13.2498   (Y': 12.9956   Cb: 12.8163   Cr: 15.0945 )
00000296: 13.2425   (Y': 12.9827   Cb: 12.8328   Cr: 15.0834 )
00000297: 13.2442   (Y': 12.973    Cb: 12.8738   Cr: 15.0938 )
00000298: 13.2697   (Y': 13.0005   Cb: 12.8981   Cr: 15.1077 )
00000299: 13.1825   (Y': 12.9027   Cb: 12.8203   Cr: 15.0742 )
00000300: 13.2502   (Y': 12.9833   Cb: 12.9023   Cr: 15.0347 )
00000301: 13.255    (Y': 12.9856   Cb: 12.8584   Cr: 15.1364 )
00000302: 13.214    (Y': 12.9334   Cb: 12.8578   Cr: 15.1009 )
00000303: 13.2373   (Y': 12.9652   Cb: 12.8602   Cr: 15.1035 )
00000304: 13.2292   (Y': 12.9413   Cb: 12.8685   Cr: 15.1725 )
00000305: 13.2393   (Y': 12.9766   Cb: 12.8641   Cr: 15.0418 )
00000306: 13.1952   (Y': 12.9104   Cb: 12.8888   Cr: 15.0275 )
00000307: 13.256    (Y': 12.9882   Cb: 12.8939   Cr: 15.0696 )
00000308: 13.242    (Y': 12.9835   Cb: 12.8415   Cr: 15.0597 )
00000309: 13.2484   (Y': 12.9806   Cb: 12.8435   Cr: 15.133  )
00000310: 13.2514   (Y': 12.9844   Cb: 12.8906   Cr: 15.0571 )
00000311: 13.2424   (Y': 12.9818   Cb: 12.8171   Cr: 15.1148 )
00000312: 13.2592   (Y': 13.0039   Cb: 12.8472   Cr: 15.0747 )
00000313: 13.2701   (Y': 13.0126   Cb: 12.8419   Cr: 15.1269 )
00000314: 13.226    (Y': 12.9663   Cb: 12.842    Cr: 15.0234 )
00000315: 13.2455   (Y': 12.9711   Cb: 12.9059   Cr: 15.0649 )
00000316: 13.2381   (Y': 12.9534   Cb: 12.8813   Cr: 15.1536 )
00000317: 13.2437   (Y': 12.9697   Cb: 12.8597   Cr: 15.1343 )
00000318: 13.2384   (Y': 12.9707   Cb: 12.889    Cr: 15.0307 )
00000319: 13.2292   (Y': 12.9496   Cb: 12.8571   Cr: 15.1365 )
00000320: 13.2691   (Y': 13.0053   Cb: 12.8842   Cr: 15.0942 )
00000321: 13.2666   (Y': 12.991    Cb: 12.896    Cr: 15.1446 )
00000322: 13.2606   (Y': 13.0006   Cb: 12.8757   Cr: 15.0619 )
00000323: 13.277    (Y': 13.0088   Cb: 12.877    Cr: 15.1565 )
00000324: 13.2269   (Y': 12.9582   Cb: 12.8483   Cr: 15.0737 )
00000325: 13.2977   (Y': 13.0433   Cb: 12.9012   Cr: 15.0819 )
00000326: 13.2419   (Y': 12.9777   Cb: 12.8707   Cr: 15.0465 )
00000327: 13.2533   (Y': 12.9657   Cb: 12.9201   Cr: 15.148  )
00000328: 13.269    (Y': 13.0131   Cb: 12.8631   Cr: 15.0782 )
00000329: 13.2542   (Y': 12.9771   Cb: 12.8626   Cr: 15.178  )
00000330: 13.3138   (Y': 13.0538   Cb: 12.9153   Cr: 15.1373 )
00000331: 13.272    (Y': 12.9937   Cb: 12.922    Cr: 15.1331 )
00000332: 13.2739   (Y': 13.023    Cb: 12.8551   Cr: 15.073  )
00000333: 13.2765   (Y': 13.009    Cb: 12.8705   Cr: 15.1617 )
00000334: 13.2823   (Y': 13.0183   Cb: 12.8887   Cr: 15.1236 )
00000335: 13.2378   (Y': 12.9506   Cb: 12.8931   Cr: 15.1492 )
00000336: 13.2884   (Y': 13.0264   Cb: 12.8945   Cr: 15.1175 )
00000337: 13.2748   (Y': 13.0076   Cb: 12.9002   Cr: 15.105  )
00000338: 13.2871   (Y': 13.0221   Cb: 12.9097   Cr: 15.1076 )
00000339: 13.2427   (Y': 12.9799   Cb: 12.81     Cr: 15.1416 )
00000340: 13.2432   (Y': 12.971    Cb: 12.8696   Cr: 15.104  )
00000341: 13.2374   (Y': 12.963    Cb: 12.869    Cr: 15.104  )
00000342: 13.2389   (Y': 12.9652   Cb: 12.8873   Cr: 15.0734 )
00000343: 13.2626   (Y': 12.994    Cb: 12.873    Cr: 15.1272 )
00000344: 13.2735   (Y': 13.0176   Cb: 12.8399   Cr: 15.1294 )
00000345: 13.3244   (Y': 13.0698   Cb: 12.9125   Cr: 15.1361 )
00000346: 13.2779   (Y': 13.0097   Cb: 12.8687   Cr: 15.173  )
00000347: 13.3076   (Y': 13.0649   Cb: 12.861    Cr: 15.1004 )
00000348: 13.2865   (Y': 13.0376   Cb: 12.8639   Cr: 15.0789 )
00000349: 13.2733   (Y': 13.0325   Cb: 12.8172   Cr: 15.0697 )
00000351: 13.2961   (Y': 13.0439   Cb: 12.8782   Cr: 15.1021 )
00000350: 13.292    (Y': 13.041    Cb: 12.861    Cr: 15.1121 )
00000352: 13.2642   (Y': 12.9999   Cb: 12.8596   Cr: 15.1263 )
00000353: 13.2707   (Y': 12.9917   Cb: 12.9061   Cr: 15.1613 )
00000354: 13.2964   (Y': 13.0377   Cb: 12.8802   Cr: 15.1408 )
00000355: 13.2595   (Y': 12.9875   Cb: 12.8539   Cr: 15.1735 )
00000356: 13.2942   (Y': 13.0365   Cb: 12.9121   Cr: 15.0764 )
00000357: 13.2618   (Y': 12.9919   Cb: 12.8963   Cr: 15.0939 )
00000358: 13.2516   (Y': 12.9843   Cb: 12.8734   Cr: 15.0887 )
00000359: 13.303    (Y': 13.0502   Cb: 12.9202   Cr: 15.0551 )
00000360: 13.2802   (Y': 13.0234   Cb: 12.8559   Cr: 15.1257 )
00000361: 13.2711   (Y': 13.0187   Cb: 12.8723   Cr: 15.0464 )
00000362: 13.2846   (Y': 13.031    Cb: 12.8676   Cr: 15.0975 )
00000363: 13.2809   (Y': 13.033    Cb: 12.8455   Cr: 15.088  )
00000364: 13.3018   (Y': 13.0468   Cb: 12.9041   Cr: 15.0916 )
00000365: 13.314    (Y': 13.0615   Cb: 12.8709   Cr: 15.1637 )
00000366: 13.3493   (Y': 13.1076   Cb: 12.9114   Cr: 15.122  )
00000367: 13.2881   (Y': 13.0081   Cb: 12.9734   Cr: 15.1027 )
00000368: 13.4027   (Y': 13.1879   Cb: 12.8725   Cr: 15.1591 )
00000369: 13.2794   (Y': 13.006    Cb: 12.9182   Cr: 15.1277 )
00000370: 13.3371   (Y': 13.088    Cb: 12.8984   Cr: 15.158  )
00000371: 13.3877   (Y': 13.1686   Cb: 12.8892   Cr: 15.1174 )
00000373: 13.2934   (Y': 13.0194   Cb: 12.9385   Cr: 15.1354 )
00000372: 13.3314   (Y': 13.0684   Cb: 12.8923   Cr: 15.2433 )
00000375: 13.3545   (Y': 13.1236   Cb: 12.858    Cr: 15.1556 )
00000374: 13.3464   (Y': 13.0953   Cb: 12.9126   Cr: 15.1715 )
00000376: 13.3817   (Y': 13.142    Cb: 12.9397   Cr: 15.1473 )
00000377: 13.3293   (Y': 13.0719   Cb: 12.9368   Cr: 15.1264 )
00000378: 13.2788   (Y': 13.0242   Cb: 12.8188   Cr: 15.1718 )
00000379: 13.2873   (Y': 13.0201   Cb: 12.8907   Cr: 15.1543 )
00000380: 13.3388   (Y': 13.1008   Cb: 12.8738   Cr: 15.1318 )
00000381: 13.3103   (Y': 13.064    Cb: 12.8335   Cr: 15.1772 )
00000382: 13.2897   (Y': 13.0186   Cb: 12.9042   Cr: 15.1635 )
00000383: 13.2977   (Y': 13.032    Cb: 12.8815   Cr: 15.189  )
00000384: 13.2718   (Y': 12.9993   Cb: 12.8884   Cr: 15.152  )
00000385: 13.3245   (Y': 13.0677   Cb: 12.8985   Cr: 15.1736 )
00000386: 13.2784   (Y': 13.0021   Cb: 12.9002   Cr: 15.1739 )
00000387: 13.2808   (Y': 13.0187   Cb: 12.8816   Cr: 15.1193 )
00000389: 13.3239   (Y': 13.0556   Cb: 12.9287   Cr: 15.1953 )
00000388: 13.2562   (Y': 12.9693   Cb: 12.9269   Cr: 15.1401 )
00000390: 13.2819   (Y': 13.0186   Cb: 12.8823   Cr: 15.1294 )
00000391: 13.2614   (Y': 13.0004   Cb: 12.8248   Cr: 15.1556 )
00000392: 13.2948   (Y': 13.0264   Cb: 12.8937   Cr: 15.1776 )
00000393: 13.3229   (Y': 13.0747   Cb: 12.896    Cr: 15.1175 )
00000394: 13.3336   (Y': 13.0934   Cb: 12.8499   Cr: 15.1731 )
00000395: 13.2664   (Y': 12.9882   Cb: 12.908    Cr: 15.142  )
00000397: 13.2767   (Y': 13.0101   Cb: 12.8742   Cr: 15.15   )
00000396: 13.2663   (Y': 13.0184   Cb: 12.8711   Cr: 15.0063 )
00000398: 13.2788   (Y': 13.021    Cb: 12.8807   Cr: 15.0877 )
00000399: 13.317    (Y': 13.068    Cb: 12.8592   Cr: 15.1692 )
00000400: 13.2582   (Y': 13.0081   Cb: 12.8087   Cr: 15.1035 )
00000401: 13.3073   (Y': 13.054    Cb: 12.9029   Cr: 15.0978 )
00000402: 13.2761   (Y': 13.0325   Cb: 12.8319   Cr: 15.0707 )
00000403: 13.2991   (Y': 13.0431   Cb: 12.8458   Cr: 15.1897 )
00000404: 13.2856   (Y': 13.0117   Cb: 12.9293   Cr: 15.1289 )
00000405: 13.2748   (Y': 13.012    Cb: 12.8822   Cr: 15.1073 )
00000407: 13.3104   (Y': 13.0506   Cb: 12.8922   Cr: 15.1663 )
00000406: 13.2915   (Y': 13.0188   Cb: 12.9047   Cr: 15.1776 )
00000408: 13.3149   (Y': 13.0668   Cb: 12.8538   Cr: 15.1667 )
00000409: 13.3458   (Y': 13.1086   Cb: 12.8382   Cr: 15.2075 )
00000410: 13.3839   (Y': 13.1536   Cb: 12.8929   Cr: 15.1717 )
00000411: 13.3692   (Y': 13.1223   Cb: 12.9446   Cr: 15.1526 )
00000412: 13.3828   (Y': 13.1458   Cb: 12.9038   Cr: 15.1939 )
00000413: 13.3274   (Y': 13.0686   Cb: 12.9021   Cr: 15.1879 )
00000414: 13.3479   (Y': 13.1061   Cb: 12.9012   Cr: 15.1348 )
00000415: 13.2912   (Y': 13.0363   Cb: 12.8771   Cr: 15.1083 )
00000416: 13.3196   (Y': 13.0762   Cb: 12.8672   Cr: 15.1267 )
00000417: 13.3134   (Y': 13.0514   Cb: 12.8744   Cr: 15.2182 )
00000418: 13.2959   (Y': 13.0389   Cb: 12.8856   Cr: 15.1198 )
00000419: 13.2607   (Y': 12.9869   Cb: 12.8865   Cr: 15.1336 )
00000421: 13.2833   (Y': 13.0118   Cb: 12.9152   Cr: 15.1311 )
00000420: 13.2923   (Y': 13.0333   Cb: 12.8558   Cr: 15.1735 )
00000422: 13.2921   (Y': 13.0391   Cb: 12.8519   Cr: 15.1401 )
00000423: 13.2693   (Y': 13.0063   Cb: 12.8824   Cr: 15.0927 )
00000424: 13.3074   (Y': 13.0612   Cb: 12.8318   Cr: 15.1725 )
00000425: 13.2468   (Y': 12.9799   Cb: 12.8148   Cr: 15.1719 )
00000426: 13.2853   (Y': 13.0228   Cb: 12.8768   Cr: 15.1418 )
00000427: 13.2668   (Y': 13.0031   Cb: 12.8616   Cr: 15.1257 )
00000428: 13.294    (Y': 13.0353   Cb: 12.8579   Cr: 15.1725 )
00000429: 13.3091   (Y': 13.0621   Cb: 12.8664   Cr: 15.1225 )
00000431: 13.2859   (Y': 13.0416   Cb: 12.8595   Cr: 15.0553 )
00000430: 13.302    (Y': 13.0526   Cb: 12.8254   Cr: 15.1889 )
00000432: 13.3002   (Y': 13.0457   Cb: 12.8542   Cr: 15.1684 )
00000433: 13.3005   (Y': 13.0488   Cb: 12.8541   Cr: 15.1505 )
00000434: 13.2809   (Y': 13.0318   Cb: 12.8245   Cr: 15.1315 )
00000435: 13.2712   (Y': 13.0121   Cb: 12.8348   Cr: 15.1522 )
00000436: 13.3053   (Y': 13.0627   Cb: 12.8381   Cr: 15.1325 )
00000438: 13.2992   (Y': 13.0458   Cb: 12.8918   Cr: 15.0956 )
00000439: 13.2968   (Y': 13.0483   Cb: 12.8516   Cr: 15.1244 )
00000437: 13.304    (Y': 13.0444   Cb: 12.8955   Cr: 15.1419 )
00000440: 13.2957   (Y': 13.0536   Cb: 12.8484   Cr: 15.0865 )
00000441: 13.3179   (Y': 13.0825   Cb: 12.836    Cr: 15.1231 )
00000442: 13.2953   (Y': 13.0334   Cb: 12.8836   Cr: 15.1532 )
00000443: 13.3116   (Y': 13.0571   Cb: 12.8372   Cr: 15.2284 )
00000444: 13.2985   (Y': 13.0509   Cb: 12.8238   Cr: 15.1709 )
00000446: 13.3017   (Y': 13.0612   Cb: 12.8342   Cr: 15.1157 )
00000445: 13.2831   (Y': 13.0407   Cb: 12.8557   Cr: 15.0422 )
00000447: 13.337    (Y': 13.1142   Cb: 12.7965   Cr: 15.1622 )
00000448: 13.2905   (Y': 13.0401   Cb: 12.8721   Cr: 15.0856 )
00000449: 13.3365   (Y': 13.1073   Cb: 12.8621   Cr: 15.0904 )
00000450: 13.3385   (Y': 13.0755   Cb: 12.9291   Cr: 15.1996 )
00000451: 13.3429   (Y': 13.0973   Cb: 12.8845   Cr: 15.1743 )
00000452: 13.3069   (Y': 13.0507   Cb: 12.8701   Cr: 15.1703 )
00000453: 13.3127   (Y': 13.0465   Cb: 12.8945   Cr: 15.2098 )
00000454: 13.4076   (Y': 13.1728   Cb: 12.892    Cr: 15.2666 )
00000455: 13.3151   (Y': 13.0473   Cb: 12.9056   Cr: 15.2083 )
00000456: 13.3673   (Y': 13.1046   Cb: 12.9543   Cr: 15.2326 )
00000457: 13.3303   (Y': 13.0882   Cb: 12.896    Cr: 15.0992 )
00000458: 13.3464   (Y': 13.1099   Cb: 12.9076   Cr: 15.0867 )
00000459: 13.3207   (Y': 13.0576   Cb: 12.913    Cr: 15.1798 )
00000460: 13.324    (Y': 13.0781   Cb: 12.887    Cr: 15.1214 )
00000461: 13.3598   (Y': 13.1304   Cb: 12.8561   Cr: 15.1636 )
00000462: 13.4413   (Y': 13.2357   Cb: 12.9115   Cr: 15.1397 )
00000463: 13.3881   (Y': 13.1545   Cb: 12.8643   Cr: 15.254  )
00000464: 13.2737   (Y': 13.0045   Cb: 12.8836   Cr: 15.1427 )
00000465: 13.2727   (Y': 13.0101   Cb: 12.858    Cr: 15.1399 )
00000466: 13.333    (Y': 13.0887   Cb: 12.8817   Cr: 15.1436 )
00000467: 13.3434   (Y': 13.1078   Cb: 12.8801   Cr: 15.1191 )
00000468: 13.311    (Y': 13.0518   Cb: 12.881    Cr: 15.1829 )
00000470: 13.3459   (Y': 13.103    Cb: 12.8801   Cr: 15.1721 )
00000469: 13.3052   (Y': 13.0359   Cb: 12.8935   Cr: 15.2115 )
00000471: 13.2924   (Y': 13.0412   Cb: 12.8744   Cr: 15.0915 )
00000472: 13.3532   (Y': 13.105    Cb: 12.9147   Cr: 15.1676 )
00000473: 13.3061   (Y': 13.0465   Cb: 12.8974   Cr: 15.1439 )
00000474: 13.3249   (Y': 13.0687   Cb: 12.911    Cr: 15.15   )
00000475: 13.3175   (Y': 13.0593   Cb: 12.8912   Cr: 15.1756 )
00000476: 13.2614   (Y': 12.9974   Cb: 12.8522   Cr: 15.1296 )
00000477: 13.2729   (Y': 12.9959   Cb: 12.8795   Cr: 15.1992 )
00000478: 13.3119   (Y': 13.055    Cb: 12.8878   Cr: 15.1587 )
00000479: 13.3075   (Y': 13.0579   Cb: 12.8735   Cr: 15.1238 )
00000480: 13.2918   (Y': 13.0327   Cb: 12.8771   Cr: 15.1365 )
00000481: 13.2591   (Y': 13.021    Cb: 12.8103   Cr: 15.0259 )
00000482: 13.2567   (Y': 12.9801   Cb: 12.8676   Cr: 15.1733 )
00000483: 13.2983   (Y': 13.0512   Cb: 12.8324   Cr: 15.1524 )
00000484: 13.2909   (Y': 13.0367   Cb: 12.875    Cr: 15.1062 )
00000485: 13.2828   (Y': 13.0199   Cb: 12.87     Cr: 15.1492 )
00000486: 13.308    (Y': 13.0669   Cb: 12.8341   Cr: 15.1362 )
00000487: 13.2794   (Y': 13.0223   Cb: 12.8474   Cr: 15.1408 )
00000488: 13.3056   (Y': 13.0406   Cb: 12.8984   Cr: 15.1765 )
00000489: 13.2823   (Y': 13.016    Cb: 12.8858   Cr: 15.1436 )
00000490: 13.2805   (Y': 13.0372   Cb: 12.8615   Cr: 15.0313 )
00000491: 13.2711   (Y': 13.0001   Cb: 12.8592   Cr: 15.1895 )
00000492: 13.3277   (Y': 13.0574   Cb: 12.9445   Cr: 15.1926 )
00000493: 13.2681   (Y': 13.0109   Cb: 12.8826   Cr: 15.0516 )
00000494: 13.2923   (Y': 13.0426   Cb: 12.8691   Cr: 15.0905 )
00000495: 13.3017   (Y': 13.0442   Cb: 12.8867   Cr: 15.1368 )
00000496: 13.3202   (Y': 13.0786   Cb: 12.8351   Cr: 15.1712 )
00000497: 13.2317   (Y': 12.9685   Cb: 12.854    Cr: 15.0414 )
00000498: 13.2786   (Y': 13.048    Cb: 12.8288   Cr: 15.0002 )
00000499: 13.262    (Y': 12.9937   Cb: 12.8514   Cr: 15.1605 )
00000500: 13.2862   (Y': 13.0282   Cb: 12.8516   Cr: 15.1574 )
00000501: 13.2981   (Y': 13.0361   Cb: 12.8508   Cr: 15.217  )
00000502: 13.3134   (Y': 13.0847   Cb: 12.8556   Cr: 15.0364 )
00000503: 13.32     (Y': 13.0931   Cb: 12.8564   Cr: 15.0416 )
00000504: 13.2886   (Y': 13.0373   Cb: 12.8239   Cr: 15.1677 )
00000505: 13.3568   (Y': 13.1071   Cb: 12.9187   Cr: 15.1798 )
00000506: 13.2842   (Y': 13.0403   Cb: 12.7985   Cr: 15.1513 )
00000507: 13.2855   (Y': 13.0446   Cb: 12.8556   Cr: 15.0383 )
00000508: 13.319    (Y': 13.0563   Cb: 12.8947   Cr: 15.2035 )
00000510: 13.3248   (Y': 13.0971   Cb: 12.8009   Cr: 15.1521 )
00000509: 13.3081   (Y': 13.084    Cb: 12.806    Cr: 15.076  )
00000511: 13.3146   (Y': 13.0827   Cb: 12.8329   Cr: 15.0972 )
00000512: 13.338    (Y': 13.106    Cb: 12.8923   Cr: 15.061  )
00000513: 13.3099   (Y': 13.0553   Cb: 12.8739   Cr: 15.1622 )
00000514: 13.3155   (Y': 13.0831   Cb: 12.8633   Cr: 15.0517 )
00000515: 13.3027   (Y': 13.0483   Cb: 12.8863   Cr: 15.1195 )
00000516: 13.3122   (Y': 13.0638   Cb: 12.8514   Cr: 15.165  )
00000517: 13.3021   (Y': 13.0581   Cb: 12.8344   Cr: 15.1395 )
00000518: 13.2923   (Y': 13.0573   Cb: 12.8249   Cr: 15.0713 )
00000519: 13.3318   (Y': 13.0785   Cb: 12.912    Cr: 15.1475 )
00000520: 13.3213   (Y': 13.057    Cb: 12.9308   Cr: 15.1595 )
00000521: 13.288    (Y': 13.0356   Cb: 12.8349   Cr: 15.1543 )
00000522: 13.2897   (Y': 13.0421   Cb: 12.8139   Cr: 15.1638 )
00000523: 13.3064   (Y': 13.0563   Cb: 12.8658   Cr: 15.1366 )
00000524: 13.3269   (Y': 13.0907   Cb: 12.8539   Cr: 15.1223 )
00000525: 13.3304   (Y': 13.1011   Cb: 12.8536   Cr: 15.0882 )
00000526: 13.326    (Y': 13.077    Cb: 12.8709   Cr: 15.1731 )
00000527: 13.304    (Y': 13.076    Cb: 12.8511   Cr: 15.015  )
00000528: 13.3274   (Y': 13.0992   Cb: 12.8222   Cr: 15.1267 )
00000529: 13.2968   (Y': 13.059    Cb: 12.8229   Cr: 15.1041 )
00000530: 13.3347   (Y': 13.1096   Cb: 12.8436   Cr: 15.0905 )
00000531: 13.3616   (Y': 13.1206   Cb: 12.9242   Cr: 15.1287 )
00000532: 13.3025   (Y': 13.0713   Cb: 12.7983   Cr: 15.1183 )
00000533: 13.3059   (Y': 13.0775   Cb: 12.8083   Cr: 15.0934 )
00000535: 13.3366   (Y': 13.0858   Cb: 12.8835   Cr: 15.1925 )
00000534: 13.3441   (Y': 13.0993   Cb: 12.8987   Cr: 15.1488 )
00000536: 13.3125   (Y': 13.0789   Cb: 12.837    Cr: 15.096  )
00000537: 13.3434   (Y': 13.1261   Cb: 12.8095   Cr: 15.1226 )
00000538: 13.3154   (Y': 13.0699   Cb: 12.8592   Cr: 15.1419 )
00000539: 13.2573   (Y': 13.0009   Cb: 12.8182   Cr: 15.1262 )
00000540: 13.3376   (Y': 13.0889   Cb: 12.8828   Cr: 15.1829 )
00000541: 13.3205   (Y': 13.0771   Cb: 12.8555   Cr: 15.1487 )
00000543: 13.3095   (Y': 13.0566   Cb: 12.8706   Cr: 15.1554 )
00000542: 13.3102   (Y': 13.0687   Cb: 12.8757   Cr: 15.0751 )
00000544: 13.2734   (Y': 13.0288   Cb: 12.8235   Cr: 15.0836 )
00000545: 13.2642   (Y': 13.0251   Cb: 12.8318   Cr: 15.0102 )
00000546: 13.311    (Y': 13.0633   Cb: 12.8956   Cr: 15.0835 )
00000547: 13.3247   (Y': 13.0878   Cb: 12.8674   Cr: 15.0987 )
00000548: 13.3246   (Y': 13.0887   Cb: 12.8538   Cr: 15.1144 )
00000549: 13.3445   (Y': 13.1105   Cb: 12.8686   Cr: 15.1307 )
00000550: 13.3076   (Y': 13.0648   Cb: 12.8466   Cr: 15.1251 )
00000551: 13.3242   (Y': 13.0949   Cb: 12.8035   Cr: 15.1566 )
00000552: 13.3232   (Y': 13.0954   Cb: 12.825    Cr: 15.1077 )
00000553: 13.2854   (Y': 13.0351   Cb: 12.8288   Cr: 15.1438 )
00000554: 13.2772   (Y': 13.0026   Cb: 12.8972   Cr: 15.1651 )
00000555: 13.2621   (Y': 13.0078   Cb: 12.8302   Cr: 15.1047 )
00000556: 13.3083   (Y': 13.059    Cb: 12.8451   Cr: 15.1721 )
00000557: 13.2537   (Y': 12.9871   Cb: 12.8437   Cr: 15.14   )
00000558: 13.2935   (Y': 13.0438   Cb: 12.846    Cr: 15.1328 )
00000559: 13.2988   (Y': 13.0429   Cb: 12.8497   Cr: 15.1809 )
00000560: 13.2786   (Y': 13.0286   Cb: 12.8288   Cr: 15.1235 )
00000561: 13.3023   (Y': 13.0467   Cb: 12.8887   Cr: 15.1225 )
00000562: 13.2761   (Y': 13.0359   Cb: 12.801    Cr: 15.1013 )
00000563: 13.3301   (Y': 13.1044   Cb: 12.8289   Cr: 15.1067 )
00000564: 13.2715   (Y': 13.0434   Cb: 12.7905   Cr: 15.0289 )
00000565: 13.3286   (Y': 13.0788   Cb: 12.8982   Cr: 15.14   )
00000566: 13.2865   (Y': 13.0433   Cb: 12.804    Cr: 15.1434 )
00000567: 13.3014   (Y': 13.0369   Cb: 12.8969   Cr: 15.1642 )
00000568: 13.3311   (Y': 13.1023   Cb: 12.7974   Cr: 15.183  )
00000569: 13.3029   (Y': 13.0656   Cb: 12.8243   Cr: 15.1148 )
00000570: 13.3189   (Y': 13.089    Cb: 12.8606   Cr: 15.0498 )
00000571: 13.32     (Y': 13.0889   Cb: 12.7994   Cr: 15.1636 )
00000572: 13.2976   (Y': 13.0483   Cb: 12.8754   Cr: 15.0914 )
00000573: 13.3126   (Y': 13.0674   Cb: 12.8417   Cr: 15.1622 )
00000575: 13.2438   (Y': 12.9944   Cb: 12.78     Cr: 15.1093 )
00000574: 13.3012   (Y': 13.048    Cb: 12.8799   Cr: 15.1185 )
00000576: 13.3227   (Y': 13.0775   Cb: 12.8864   Cr: 15.1145 )
00000577: 13.2848   (Y': 13.0515   Cb: 12.7913   Cr: 15.0961 )
00000578: 13.2532   (Y': 13.0064   Cb: 12.7518   Cr: 15.1667 )
00000579: 13.3643   (Y': 13.1505   Cb: 12.8749   Cr: 15.0464 )
00000580: 13.3016   (Y': 13.0645   Cb: 12.8338   Cr: 15.0947 )
00000581: 13.3254   (Y': 13.0977   Cb: 12.8225   Cr: 15.1171 )
00000582: 13.275    (Y': 13.0205   Cb: 12.854    Cr: 15.1002 )
00000583: 13.2794   (Y': 13.0222   Cb: 12.8545   Cr: 15.1297 )
00000584: 13.2808   (Y': 13.0367   Cb: 12.8539   Cr: 15.0495 )
00000585: 13.2942   (Y': 13.0562   Cb: 12.8677   Cr: 15.0242 )
00000586: 13.2558   (Y': 12.9815   Cb: 12.8959   Cr: 15.1078 )
00000587: 13.3154   (Y': 13.0587   Cb: 12.8806   Cr: 15.1787 )
00000588: 13.2715   (Y': 13.0295   Cb: 12.8026   Cr: 15.0974 )
00000589: 13.3105   (Y': 13.076    Cb: 12.8322   Cr: 15.1039 )
00000590: 13.3102   (Y': 13.0628   Cb: 12.874    Cr: 15.1154 )
00000591: 13.3183   (Y': 13.0773   Cb: 12.856    Cr: 15.1269 )
00000592: 13.2649   (Y': 13.0054   Cb: 12.8682   Cr: 15.082  )
00000593: 13.2965   (Y': 13.0667   Cb: 12.8097   Cr: 15.0748 )
00000594: 13.3145   (Y': 13.0786   Cb: 12.8548   Cr: 15.0857 )
00000595: 13.3219   (Y': 13.0782   Cb: 12.8469   Cr: 15.1692 )
00000596: 13.2564   (Y': 12.9939   Cb: 12.8172   Cr: 15.1653 )
00000597: 13.2891   (Y': 13.0372   Cb: 12.8471   Cr: 15.1332 )
00000598: 13.2949   (Y': 13.044    Cb: 12.8216   Cr: 15.1865 )
00000599: 13.3245   (Y': 13.0929   Cb: 12.8102   Cr: 15.161  )
00000600: 13.3225   (Y': 13.0978   Cb: 12.8109   Cr: 15.1105 )
00000601: 13.2714   (Y': 13.0281   Cb: 12.8491   Cr: 15.0276 )
00000602: 13.3099   (Y': 13.0686   Cb: 12.8607   Cr: 15.0981 )
00000603: 13.2838   (Y': 13.0268   Cb: 12.8755   Cr: 15.1043 )
00000604: 13.3085   (Y': 13.0541   Cb: 12.8724   Cr: 15.1589 )
00000605: 13.3217   (Y': 13.0813   Cb: 12.8369   Cr: 15.1641 )
00000606: 13.3146   (Y': 13.0764   Cb: 12.8455   Cr: 15.116  )
00000607: 13.3181   (Y': 13.0909   Cb: 12.7891   Cr: 15.1513 )
00000608: 13.3243   (Y': 13.0884   Cb: 12.8141   Cr: 15.1815 )
00000609: 13.3037   (Y': 13.0536   Cb: 12.8316   Cr: 15.1875 )
00000610: 13.2778   (Y': 13.0117   Cb: 12.8671   Cr: 15.1619 )
00000611: 13.2957   (Y': 13.0447   Cb: 12.8576   Cr: 15.128  )
00000612: 13.2965   (Y': 13.0716   Cb: 12.807    Cr: 15.0481 )
00000613: 13.3212   (Y': 13.0873   Cb: 12.8094   Cr: 15.1685 )
00000614: 13.2595   (Y': 13.0058   Cb: 12.8505   Cr: 15.0604 )
00000615: 13.2942   (Y': 13.0463   Cb: 12.8267   Cr: 15.1556 )
00000616: 13.3046   (Y': 13.0556   Cb: 12.8551   Cr: 15.1425 )
00000617: 13.3203   (Y': 13.0702   Cb: 12.8689   Cr: 15.1687 )
00000618: 13.3072   (Y': 13.0781   Cb: 12.8749   Cr: 14.991  )
00000619: 13.2926   (Y': 13.0451   Cb: 12.8255   Cr: 15.1512 )
00000620: 13.2975   (Y': 13.0459   Cb: 12.8683   Cr: 15.1184 )
00000621: 13.2746   (Y': 13.0243   Cb: 12.8311   Cr: 15.111  )
00000622: 13.3153   (Y': 13.077    Cb: 12.8569   Cr: 15.1003 )
00000623: 13.2818   (Y': 13.0489   Cb: 12.8185   Cr: 15.0405 )
00000624: 13.3651   (Y': 13.1399   Cb: 12.8288   Cr: 15.1982 )
00000625: 13.3037   (Y': 13.0549   Cb: 12.87     Cr: 15.1144 )
00000626: 13.2797   (Y': 13.0321   Cb: 12.8067   Cr: 15.1489 )
00000627: 13.3167   (Y': 13.0855   Cb: 12.837    Cr: 15.0923 )
00000628: 13.3126   (Y': 13.0669   Cb: 12.8494   Cr: 15.1527 )
00000629: 13.3115   (Y': 13.0648   Cb: 12.8611   Cr: 15.1363 )
00000630: 13.326    (Y': 13.0717   Cb: 12.8781   Cr: 15.196  )
00000631: 13.313    (Y': 13.0601   Cb: 12.8747   Cr: 15.1573 )
00000632: 13.2949   (Y': 13.0462   Cb: 12.8379   Cr: 15.144  )
00000633: 13.2916   (Y': 13.0411   Cb: 12.8457   Cr: 15.1335 )
00000634: 13.2961   (Y': 13.0389   Cb: 12.8772   Cr: 15.1361 )
00000635: 13.3193   (Y': 13.0925   Cb: 12.8256   Cr: 15.0905 )
00000636: 13.3348   (Y': 13.0907   Cb: 12.8863   Cr: 15.1399 )
00000637: 13.3065   (Y': 13.0694   Cb: 12.8276   Cr: 15.118  )
00000638: 13.3177   (Y': 13.0916   Cb: 12.7902   Cr: 15.1412 )
00000639: 13.2845   (Y': 13.0477   Cb: 12.817    Cr: 15.0754 )
00000640: 13.275    (Y': 13.0446   Cb: 12.7818   Cr: 15.0681 )
00000641: 13.3149   (Y': 13.0769   Cb: 12.8644   Cr: 15.0845 )
00000642: 13.3179   (Y': 13.0771   Cb: 12.8637   Cr: 15.111  )
00000643: 13.3067   (Y': 13.0509   Cb: 12.8585   Cr: 15.1864 )
00000644: 13.3141   (Y': 13.0735   Cb: 12.8423   Cr: 15.1363 )
00000645: 13.2967   (Y': 13.0562   Cb: 12.8201   Cr: 15.1255 )
00000646: 13.2714   (Y': 13.0241   Cb: 12.8137   Cr: 15.113  )
00000647: 13.301    (Y': 13.0757   Cb: 12.8385   Cr: 15.0097 )
00000648: 13.2653   (Y': 13.0148   Cb: 12.8056   Cr: 15.1307 )
00000649: 13.2803   (Y': 13.0304   Cb: 12.8609   Cr: 15.0742 )
00000650: 13.3082   (Y': 13.079    Cb: 12.7996   Cr: 15.1189 )
00000651: 13.2734   (Y': 13.0031   Cb: 12.8662   Cr: 15.1782 )
00000652: 13.3507   (Y': 13.1111   Cb: 12.9278   Cr: 15.0849 )
00000653: 13.3069   (Y': 13.0773   Cb: 12.8172   Cr: 15.0887 )
00000654: 13.2594   (Y': 13.0243   Cb: 12.815    Cr: 15.0004 )
00000655: 13.2634   (Y': 13.0081   Cb: 12.8582   Cr: 15.0679 )
00000656: 13.2958   (Y': 13.0631   Cb: 12.8574   Cr: 15.0118 )
00000657: 13.2747   (Y': 13.0173   Cb: 12.834    Cr: 15.1525 )
00000658: 13.3025   (Y': 13.0527   Cb: 12.8639   Cr: 15.1275 )
00000659: 13.2833   (Y': 13.0394   Cb: 12.854    Cr: 15.0544 )
00000660: 13.2614   (Y': 13.0207   Cb: 12.8045   Cr: 15.0582 )
00000661: 13.3058   (Y': 13.0535   Cb: 12.8862   Cr: 15.1145 )
00000662: 13.3065   (Y': 13.0756   Cb: 12.8152   Cr: 15.0989 )
00000663: 13.3318   (Y': 13.0858   Cb: 12.8556   Cr: 15.1959 )
00000664: 13.2901   (Y': 13.0546   Cb: 12.7913   Cr: 15.1251 )
00000665: 13.3002   (Y': 13.0373   Cb: 12.8898   Cr: 15.1622 )
00000666: 13.301    (Y': 13.0522   Cb: 12.8701   Cr: 15.1069 )
00000667: 13.3077   (Y': 13.0674   Cb: 12.8168   Cr: 15.1601 )
00000668: 13.27     (Y': 13.0088   Cb: 12.8388   Cr: 15.1562 )
00000669: 13.2957   (Y': 13.0544   Cb: 12.8242   Cr: 15.1212 )
00000670: 13.295    (Y': 13.0387   Cb: 12.8601   Cr: 15.1557 )
00000671: 13.2771   (Y': 13.0274   Cb: 12.8397   Cr: 15.0993 )
00000672: 13.3191   (Y': 13.0726   Cb: 12.8269   Cr: 15.2136 )
00000673: 13.3041   (Y': 13.0539   Cb: 12.8596   Cr: 15.1414 )
00000674: 13.3011   (Y': 13.0618   Cb: 12.8059   Cr: 15.1544 )
00000675: 13.2818   (Y': 13.0308   Cb: 12.8148   Cr: 15.1621 )
00000676: 13.2733   (Y': 13.0114   Cb: 12.9036   Cr: 15.0615 )
00000677: 13.3134   (Y': 13.0559   Cb: 12.9004   Cr: 15.1452 )
00000678: 13.3366   (Y': 13.0831   Cb: 12.9062   Cr: 15.1717 )
00000679: 13.3026   (Y': 13.0619   Cb: 12.8459   Cr: 15.0999 )
00000680: 13.2916   (Y': 13.0372   Cb: 12.8187   Cr: 15.2054 )
00000681: 13.2717   (Y': 13.0185   Cb: 12.7811   Cr: 15.2086 )
00000682: 13.2735   (Y': 13.0446   Cb: 12.7782   Cr: 15.0603 )
00000683: 13.2782   (Y': 13.0487   Cb: 12.7734   Cr: 15.0849 )
00000684: 13.2718   (Y': 13.0397   Cb: 12.7616   Cr: 15.1048 )
00000685: 13.3064   (Y': 13.0886   Cb: 12.7416   Cr: 15.1412 )
00000686: 13.3192   (Y': 13.0718   Cb: 12.8712   Cr: 15.1443 )
00000687: 13.3097   (Y': 13.0584   Cb: 12.8627   Cr: 15.1583 )
00000688: 13.3195   (Y': 13.0669   Cb: 12.8705   Cr: 15.1805 )
00000689: 13.3256   (Y': 13.1014   Cb: 12.8158   Cr: 15.1067 )
00000690: 13.2558   (Y': 13.0159   Cb: 12.7672   Cr: 15.1017 )
00000691: 13.2916   (Y': 13.048    Cb: 12.8279   Cr: 15.1186 )
00000692: 13.2627   (Y': 13.0075   Cb: 12.7992   Cr: 15.1644 )
00000693: 13.2953   (Y': 13.0579   Cb: 12.7879   Cr: 15.1571 )
00000694: 13.326    (Y': 13.0779   Cb: 12.88     Cr: 15.1527 )
00000695: 13.2913   (Y': 13.012    Cb: 12.9294   Cr: 15.1799 )
00000696: 13.2837   (Y': 13.0432   Cb: 12.8348   Cr: 15.0663 )
00000697: 13.2846   (Y': 13.0324   Cb: 12.8384   Cr: 15.1376 )
00000698: 13.3236   (Y': 13.0621   Cb: 12.9101   Cr: 15.1816 )
00000699: 13.2615   (Y': 12.9763   Cb: 12.9046   Cr: 15.1805 )
00000700: 13.2793   (Y': 13.0246   Cb: 12.8419   Cr: 15.1341 )
00000701: 13.3491   (Y': 13.0986   Cb: 12.8888   Cr: 15.2155 )
00000702: 13.3424   (Y': 13.1082   Cb: 12.8385   Cr: 15.1778 )
00000703: 13.2851   (Y': 13.0227   Cb: 12.88     Cr: 15.135  )
00000704: 13.407    (Y': 13.1898   Cb: 12.8915   Cr: 15.1543 )
00000705: 13.3028   (Y': 13.0525   Cb: 12.8575   Cr: 15.1427 )
00000706: 13.3112   (Y': 13.0609   Cb: 12.8722   Cr: 15.1401 )
00000707: 13.2962   (Y': 13.0449   Cb: 12.8304   Cr: 15.1769 )
00000708: 13.3325   (Y': 13.1038   Cb: 12.8424   Cr: 15.1093 )
00000709: 13.3519   (Y': 13.1326   Cb: 12.8239   Cr: 15.1336 )
00000710: 13.3319   (Y': 13.085    Cb: 12.9116   Cr: 15.1077 )
00000711: 13.3785   (Y': 13.1576   Cb: 12.882    Cr: 15.1164 )
00000712: 13.3369   (Y': 13.0899   Cb: 12.9113   Cr: 15.1224 )
00000713: 13.3185   (Y': 13.0673   Cb: 12.8963   Cr: 15.125  )
00000714: 13.3335   (Y': 13.0904   Cb: 12.8748   Cr: 15.1491 )
00000715: 13.3238   (Y': 13.0791   Cb: 12.881    Cr: 15.1232 )
00000716: 13.3812   (Y': 13.1677   Cb: 12.8465   Cr: 15.1368 )
00000717: 13.3367   (Y': 13.0985   Cb: 12.9155   Cr: 15.0588 )
00000719: 13.3708   (Y': 13.1468   Cb: 12.8808   Cr: 15.1182 )
00000718: 13.2955   (Y': 13.0314   Cb: 12.8915   Cr: 15.1547 )
00000720: 13.3539   (Y': 13.125    Cb: 12.8654   Cr: 15.1289 )
00000721: 13.3487   (Y': 13.0923   Cb: 12.9522   Cr: 15.1454 )
00000722: 13.302    (Y': 13.0412   Cb: 12.901    Cr: 15.1352 )
00000723: 13.309    (Y': 13.0732   Cb: 12.8414   Cr: 15.0927 )
00000724: 13.332    (Y': 13.0892   Cb: 12.8608   Cr: 15.1668 )
00000725: 13.3221   (Y': 13.0769   Cb: 12.9138   Cr: 15.0666 )
00000727: 13.2925   (Y': 13.0427   Cb: 12.85     Cr: 15.1238 )
00000726: 13.3051   (Y': 13.0762   Cb: 12.8095   Cr: 15.0918 )
00000728: 13.2889   (Y': 13.0304   Cb: 12.8698   Cr: 15.1371 )
00000729: 13.3296   (Y': 13.0952   Cb: 12.8457   Cr: 15.1318 )
00000730: 13.2894   (Y': 13.0443   Cb: 12.8329   Cr: 15.1141 )
00000731: 13.3306   (Y': 13.0938   Cb: 12.84     Cr: 15.1604 )
00000732: 13.3096   (Y': 13.0538   Cb: 12.8694   Cr: 15.1764 )
00000733: 13.2615   (Y': 12.9964   Cb: 12.8448   Cr: 15.149  )
00000734: 13.2744   (Y': 13.0192   Cb: 12.8435   Cr: 15.1214 )
00000735: 13.2953   (Y': 13.0589   Cb: 12.8163   Cr: 15.1023 )
00000736: 13.3202   (Y': 13.0682   Cb: 12.8709   Cr: 15.1776 )
00000737: 13.294    (Y': 13.0344   Cb: 12.891    Cr: 15.1228 )
00000738: 13.2984   (Y': 13.0516   Cb: 12.8534   Cr: 15.1141 )
00000739: 13.2955   (Y': 13.0419   Cb: 12.8445   Cr: 15.1662 )
00000740: 13.291    (Y': 13.0585   Cb: 12.8126   Cr: 15.0717 )
00000741: 13.3191   (Y': 13.0883   Cb: 12.8032   Cr: 15.1531 )
00000742: 13.3122   (Y': 13.0841   Cb: 12.8031   Cr: 15.1172 )
00000743: 13.2845   (Y': 13.0227   Cb: 12.883    Cr: 15.1247 )
00000744: 13.3023   (Y': 13.0455   Cb: 12.8895   Cr: 15.1291 )
00000745: 13.2835   (Y': 13.0269   Cb: 12.8608   Cr: 15.1264 )
00000746: 13.3047   (Y': 13.0661   Cb: 12.8561   Cr: 15.0747 )
00000748: 13.3453   (Y': 13.1218   Cb: 12.8502   Cr: 15.0979 )
00000747: 13.2951   (Y': 13.0354   Cb: 12.8527   Cr: 15.1912 )
00000749: 13.3113   (Y': 13.0558   Cb: 12.9201   Cr: 15.0942 )
00000750: 13.3113   (Y': 13.0738   Cb: 12.837    Cr: 15.1175 )
00000751: 13.3151   (Y': 13.0765   Cb: 12.8308   Cr: 15.145  )
00000752: 13.2808   (Y': 13.0443   Cb: 12.8598   Cr: 14.9919 )
00000753: 13.3007   (Y': 13.0555   Cb: 12.818    Cr: 15.1702 )
00000754: 13.3176   (Y': 13.0669   Cb: 12.8584   Cr: 15.1835 )
00000756: 13.2687   (Y': 13.0263   Cb: 12.8252   Cr: 15.0542 )
00000755: 13.3312   (Y': 13.0871   Cb: 12.8495   Cr: 15.1928 )
00000757: 13.3314   (Y': 13.0855   Cb: 12.8905   Cr: 15.135  )
00000758: 13.3319   (Y': 13.0862   Cb: 12.8741   Cr: 15.1627 )
00000759: 13.3243   (Y': 13.0676   Cb: 12.9486   Cr: 15.0889 )
00000760: 13.3232   (Y': 13.0895   Cb: 12.8315   Cr: 15.134  )
00000761: 13.3211   (Y': 13.0907   Cb: 12.8145   Cr: 15.1364 )
00000762: 13.2989   (Y': 13.0475   Cb: 12.8298   Cr: 15.1862 )
00000763: 13.3346   (Y': 13.1073   Cb: 12.8294   Cr: 15.1276 )
00000764: 13.3175   (Y': 13.0671   Cb: 12.8957   Cr: 15.1186 )
00000765: 13.3027   (Y': 13.0501   Cb: 12.8481   Cr: 15.1732 )
00000766: 13.3155   (Y': 13.0793   Cb: 12.8391   Cr: 15.1172 )
00000767: 13.2929   (Y': 13.0523   Cb: 12.8479   Cr: 15.0696 )
00000768: 13.3322   (Y': 13.0847   Cb: 12.878    Cr: 15.1692 )
00000769: 13.3185   (Y': 13.0839   Cb: 12.8369   Cr: 15.118  )
00000770: 13.2969   (Y': 13.0416   Cb: 12.8633   Cr: 15.1492 )
00000772: 13.3407   (Y': 13.1121   Cb: 12.8788   Cr: 15.0696 )
00000771: 13.2797   (Y': 13.0224   Cb: 12.8573   Cr: 15.1258 )
00000773: 13.3145   (Y': 13.067    Cb: 12.8757   Cr: 15.125  )
00000774: 13.3144   (Y': 13.0742   Cb: 12.8495   Cr: 15.1221 )
00000775: 13.3579   (Y': 13.1135   Cb: 12.8955   Cr: 15.1883 )
00000776: 13.3152   (Y': 13.0785   Cb: 12.843    Cr: 15.1123 )
00000777: 13.3481   (Y': 13.1147   Cb: 12.8538   Cr: 15.1621 )
00000778: 13.302    (Y': 13.0479   Cb: 12.8774   Cr: 15.1312 )
00000779: 13.3119   (Y': 13.0589   Cb: 12.8479   Cr: 15.2003 )
00000780: 13.2999   (Y': 13.0521   Cb: 12.8408   Cr: 15.1465 )
00000781: 13.3273   (Y': 13.089    Cb: 12.8437   Cr: 15.1541 )
00000782: 13.3238   (Y': 13.0828   Cb: 12.8462   Cr: 15.1578 )
00000783: 13.2886   (Y': 13.0265   Cb: 12.8634   Cr: 15.1713 )
00000784: 13.323    (Y': 13.0748   Cb: 12.8598   Cr: 15.1788 )
00000785: 13.337    (Y': 13.0936   Cb: 12.8788   Cr: 15.1543 )
00000786: 13.2631   (Y': 12.9974   Cb: 12.8578   Cr: 15.1357 )
00000787: 13.2961   (Y': 13.0468   Cb: 12.8246   Cr: 15.1741 )
00000788: 13.2771   (Y': 13.0379   Cb: 12.8144   Cr: 15.0744 )
00000789: 13.3356   (Y': 13.092    Cb: 12.9117   Cr: 15.0961 )
00000790: 13.3175   (Y': 13.0713   Cb: 12.867    Cr: 15.1398 )
00000791: 13.3349   (Y': 13.0921   Cb: 12.9003   Cr: 15.1083 )
00000792: 13.3162   (Y': 13.0961   Cb: 12.7849   Cr: 15.1081 )
00000793: 13.3186   (Y': 13.0877   Cb: 12.8597   Cr: 15.057  )
00000794: 13.349    (Y': 13.1302   Cb: 12.8455   Cr: 15.086  )
00000795: 13.3912   (Y': 13.1833   Cb: 12.8434   Cr: 15.1346 )
00000797: 13.4406   (Y': 13.2451   Cb: 12.8651   Cr: 15.1528 )
00000796: 13.4294   (Y': 13.244    Cb: 12.8264   Cr: 15.1257 )
00000798: 13.4493   (Y': 13.2755   Cb: 12.8405   Cr: 15.0844 )
00000799: 13.3992   (Y': 13.1909   Cb: 12.8503   Cr: 15.1465 )
00000800: 13.416    (Y': 13.2381   Cb: 12.8352   Cr: 15.0298 )
00000801: 13.4364   (Y': 13.2743   Cb: 12.7914   Cr: 15.0619 )
00000802: 13.4386   (Y': 13.2731   Cb: 12.8234   Cr: 15.0342 )
00000803: 13.408    (Y': 13.2312   Cb: 12.8016   Cr: 15.0575 )
00000804: 13.3931   (Y': 13.1963   Cb: 12.8443   Cr: 15.0689 )
00000805: 13.3886   (Y': 13.2157   Cb: 12.7862   Cr: 15.0083 )
00000806: 13.414    (Y': 13.2559   Cb: 12.793    Cr: 14.9752 )
00000807: 13.4033   (Y': 13.2361   Cb: 12.7876   Cr: 15.0106 )
00000808: 13.4254   (Y': 13.2469   Cb: 12.8147   Cr: 15.0926 )
00000809: 13.4134   (Y': 13.2491   Cb: 12.8002   Cr: 14.9991 )
00000810: 13.4      (Y': 13.2194   Cb: 12.7982   Cr: 15.0654 )
00000811: 13.4287   (Y': 13.2549   Cb: 12.828    Cr: 15.0505 )
00000812: 13.4317   (Y': 13.2607   Cb: 12.7988   Cr: 15.0908 )
00000813: 13.3984   (Y': 13.199    Cb: 12.8407   Cr: 15.1044 )
00000814: 13.4183   (Y': 13.2075   Cb: 12.9047   Cr: 15.1216 )
00000815: 13.3681   (Y': 13.1587   Cb: 12.8691   Cr: 15.0394 )
00000816: 13.3832   (Y': 13.177    Cb: 12.8634   Cr: 15.0681 )
00000817: 13.3683   (Y': 13.1367   Cb: 12.8978   Cr: 15.1303 )
00000818: 13.3551   (Y': 13.1447   Cb: 12.8476   Cr: 15.0462 )
00000819: 13.3583   (Y': 13.1317   Cb: 12.852    Cr: 15.1494 )
00000820: 13.3625   (Y': 13.1726   Cb: 12.8137   Cr: 14.9962 )
00000822: 13.354    (Y': 13.1262   Cb: 12.9274   Cr: 15.0201 )
00000821: 13.3223   (Y': 13.0787   Cb: 12.9077   Cr: 15.0676 )
00000823: 13.3487   (Y': 13.1332   Cb: 12.8344   Cr: 15.0824 )
00000824: 13.3325   (Y': 13.1029   Cb: 12.8542   Cr: 15.0957 )
00000825: 13.3247   (Y': 13.1037   Cb: 12.8509   Cr: 15.0252 )
00000826: 13.3865   (Y': 13.1693   Cb: 12.8574   Cr: 15.1561 )
00000827: 13.3704   (Y': 13.1395   Cb: 12.8701   Cr: 15.1782 )
00000828: 13.3287   (Y': 13.0951   Cb: 12.8369   Cr: 15.1397 )
00000829: 13.357    (Y': 13.1373   Cb: 12.8797   Cr: 15.0552 )
00000830: 13.3255   (Y': 13.0994   Cb: 12.84     Cr: 15.078  )
00000831: 13.3266   (Y': 13.0948   Cb: 12.8538   Cr: 15.0936 )
00000832: 13.3562   (Y': 13.1308   Cb: 12.8421   Cr: 15.1521 )
00000833: 13.3099   (Y': 13.0501   Cb: 12.8932   Cr: 15.1629 )
00000834: 13.3599   (Y': 13.1474   Cb: 12.8346   Cr: 15.0937 )
00000835: 13.3347   (Y': 13.1116   Cb: 12.8552   Cr: 15.0586 )
00000836: 13.3434   (Y': 13.1006   Cb: 12.8837   Cr: 15.1587 )
00000837: 13.3491   (Y': 13.1105   Cb: 12.8785   Cr: 15.1559 )
00000838: 13.3323   (Y': 13.1119   Cb: 12.847    Cr: 15.0492 )
00000839: 13.2988   (Y': 13.052    Cb: 12.8617   Cr: 15.102  )
00000840: 13.3346   (Y': 13.1116   Cb: 12.8199   Cr: 15.1168 )
00000841: 13.3259   (Y': 13.1115   Cb: 12.7695   Cr: 15.1249 )
00000842: 13.3229   (Y': 13.0984   Cb: 12.8123   Cr: 15.1074 )
00000843: 13.3687   (Y': 13.1623   Cb: 12.844    Cr: 15.0632 )
00000844: 13.3066   (Y': 13.0893   Cb: 12.7964   Cr: 15.0452 )
00000845: 13.34     (Y': 13.1207   Cb: 12.8497   Cr: 15.0583 )
00000847: 13.3461   (Y': 13.118    Cb: 12.8982   Cr: 15.049  )
00000846: 13.3615   (Y': 13.1303   Cb: 12.8715   Cr: 15.1536 )
00000848: 13.3728   (Y': 13.1829   Cb: 12.7808   Cr: 15.0783 )
00000849: 13.3127   (Y': 13.0916   Cb: 12.8148   Cr: 15.0542 )
00000850: 13.3233   (Y': 13.0981   Cb: 12.8385   Cr: 15.0694 )
00000851: 13.3441   (Y': 13.1341   Cb: 12.8175   Cr: 15.0646 )
00000852: 13.3621   (Y': 13.1506   Cb: 12.8276   Cr: 15.1056 )
00000853: 13.3267   (Y': 13.0942   Cb: 12.8727   Cr: 15.0665 )
00000854: 13.3689   (Y': 13.1358   Cb: 12.9122   Cr: 15.1177 )
00000855: 13.3039   (Y': 13.0506   Cb: 12.8866   Cr: 15.1155 )
00000856: 13.3516   (Y': 13.11     Cb: 12.8933   Cr: 15.1567 )
00000857: 13.3331   (Y': 13.0995   Cb: 12.8729   Cr: 15.0902 )
00000858: 13.3449   (Y': 13.1349   Cb: 12.7994   Cr: 15.0968 )
00000859: 13.3469   (Y': 13.121    Cb: 12.8689   Cr: 15.0853 )
00000860: 13.2998   (Y': 13.0626   Cb: 12.848    Cr: 15.066  )
00000861: 13.3201   (Y': 13.0941   Cb: 12.8002   Cr: 15.1304 )
00000862: 13.3395   (Y': 13.1168   Cb: 12.8533   Cr: 15.0714 )
00000863: 13.4745   (Y': 13.2916   Cb: 12.8922   Cr: 15.1208 )
00000864: 13.4699   (Y': 13.2979   Cb: 12.8457   Cr: 15.1204 )
00000865: 13.4128   (Y': 13.2179   Cb: 12.8202   Cr: 15.1506 )
00000866: 13.4303   (Y': 13.2445   Cb: 12.8695   Cr: 15.0586 )
00000867: 13.4597   (Y': 13.2579   Cb: 12.9241   Cr: 15.1441 )
00000868: 13.5025   (Y': 13.3376   Cb: 12.8916   Cr: 15.0875 )
00000869: 13.4029   (Y': 13.1954   Cb: 12.8536   Cr: 15.1458 )
00000870: 13.3676   (Y': 13.1392   Cb: 12.8644   Cr: 15.1641 )
00000871: 13.351    (Y': 13.1343   Cb: 12.8605   Cr: 15.0532 )
00000872: 13.31     (Y': 13.0494   Cb: 12.9433   Cr: 15.0851 )
00000873: 13.3314   (Y': 13.0942   Cb: 12.8616   Cr: 15.128  )
00000874: 13.3365   (Y': 13.1067   Cb: 12.8963   Cr: 15.0371 )
00000875: 13.3548   (Y': 13.1226   Cb: 12.8735   Cr: 15.1393 )
00000876: 13.3527   (Y': 13.1341   Cb: 12.8604   Cr: 15.0693 )
00000877: 13.391    (Y': 13.1588   Cb: 12.9214   Cr: 15.1557 )
00000878: 13.4591   (Y': 13.2575   Cb: 12.9202   Cr: 15.1481 )
00000879: 13.4458   (Y': 13.2413   Cb: 12.904    Cr: 15.1572 )
00000880: 13.3901   (Y': 13.1656   Cb: 12.9351   Cr: 15.082  )
00000881: 13.4305   (Y': 13.2243   Cb: 12.9149   Cr: 15.109  )
00000882: 13.3877   (Y': 13.1677   Cb: 12.8827   Cr: 15.1347 )
00000883: 13.4293   (Y': 13.1978   Cb: 12.9721   Cr: 15.169  )
00000884: 13.4355   (Y': 13.2421   Cb: 12.8796   Cr: 15.1021 )
00000885: 13.4513   (Y': 13.2622   Cb: 12.8932   Cr: 15.0954 )
00000886: 13.3786   (Y': 13.1662   Cb: 12.9099   Cr: 15.0181 )
00000887: 13.4964   (Y': 13.3153   Cb: 12.9226   Cr: 15.1175 )
00000888: 13.4898   (Y': 13.3101   Cb: 12.9023   Cr: 15.1257 )
00000889: 13.4342   (Y': 13.2314   Cb: 12.9312   Cr: 15.0711 )
00000890: 13.4779   (Y': 13.2938   Cb: 12.8882   Cr: 15.144  )
00000891: 13.5085   (Y': 13.3375   Cb: 12.9218   Cr: 15.0907 )
00000892: 13.43     (Y': 13.2451   Cb: 12.9006   Cr: 15.0015 )
00000894: 13.4177   (Y': 13.2365   Cb: 12.8374   Cr: 15.0508 )
00000893: 13.4255   (Y': 13.2369   Cb: 12.8562   Cr: 15.0846 )
00000895: 13.3836   (Y': 13.1822   Cb: 12.8678   Cr: 15.0329 )
00000896: 13.3275   (Y': 13.1042   Cb: 12.9248   Cr: 14.927  )
00000897: 13.3055   (Y': 13.0655   Cb: 12.8803   Cr: 15.0458 )
00000898: 13.343    (Y': 13.1299   Cb: 12.8496   Cr: 15.027  )
00000899: 13.3479   (Y': 13.1303   Cb: 12.8476   Cr: 15.072  )
00000900: 13.3645   (Y': 13.1425   Cb: 12.8709   Cr: 15.1046 )
00000901: 13.3297   (Y': 13.1109   Cb: 12.8308   Cr: 15.0586 )
00000902: 13.3224   (Y': 13.0761   Cb: 12.8817   Cr: 15.1284 )
00000903: 13.3118   (Y': 13.0677   Cb: 12.9271   Cr: 15.0118 )
00000904: 13.3084   (Y': 13.0777   Cb: 12.8817   Cr: 14.9926 )
00000905: 13.3364   (Y': 13.1039   Cb: 12.8608   Cr: 15.1131 )
00000906: 13.3623   (Y': 13.1539   Cb: 12.8587   Cr: 15.0346 )
00000907: 13.3147   (Y': 13.0898   Cb: 12.8862   Cr: 14.9665 )
00000908: 13.277    (Y': 13.026    Cb: 12.8607   Cr: 15.0728 )
00000909: 13.3145   (Y': 13.0811   Cb: 12.884    Cr: 15.0211 )
00000910: 13.3596   (Y': 13.1427   Cb: 12.8913   Cr: 15.0264 )
00000911: 13.3294   (Y': 13.1025   Cb: 12.8538   Cr: 15.0709 )
00000912: 13.345    (Y': 13.1019   Cb: 12.9197   Cr: 15.1047 )
00000913: 13.3782   (Y': 13.1471   Cb: 12.93     Cr: 15.1007 )
00000914: 13.3476   (Y': 13.1114   Cb: 12.8914   Cr: 15.115  )
00000915: 13.3452   (Y': 13.114    Cb: 12.8892   Cr: 15.0806 )
00000916: 13.3403   (Y': 13.1061   Cb: 12.8825   Cr: 15.0978 )
00000917: 13.377    (Y': 13.1562   Cb: 12.9052   Cr: 15.0735 )
00000918: 13.3096   (Y': 13.0614   Cb: 12.9176   Cr: 15.0467 )
00000919: 13.3388   (Y': 13.1057   Cb: 12.8413   Cr: 15.1565 )
00000920: 13.3281   (Y': 13.0879   Cb: 12.9118   Cr: 15.055  )
00000921: 13.3693   (Y': 13.157    Cb: 12.8619   Cr: 15.0714 )
00000922: 13.3068   (Y': 13.0682   Cb: 12.8869   Cr: 15.0291 )
00000923: 13.3463   (Y': 13.1132   Cb: 12.8925   Cr: 15.0899 )
00000924: 13.3321   (Y': 13.0949   Cb: 12.8861   Cr: 15.0888 )
00000925: 13.3179   (Y': 13.086    Cb: 12.8519   Cr: 15.0742 )
00000926: 13.3353   (Y': 13.1098   Cb: 12.8449   Cr: 15.0926 )
00000927: 13.3173   (Y': 13.0834   Cb: 12.842    Cr: 15.1022 )
00000928: 13.2888   (Y': 13.0388   Cb: 12.8749   Cr: 15.0736 )
00000929: 13.3714   (Y': 13.1602   Cb: 12.8728   Cr: 15.0529 )
00000930: 13.3225   (Y': 13.085    Cb: 12.8551   Cr: 15.1169 )
00000931: 13.2826   (Y': 13.0166   Cb: 12.8903   Cr: 15.1348 )
00000932: 13.3457   (Y': 13.1251   Cb: 12.8771   Cr: 15.0354 )
00000933: 13.302    (Y': 13.0503   Cb: 12.8942   Cr: 15.0881 )
00000934: 13.3384   (Y': 13.1088   Cb: 12.88     Cr: 15.0677 )
00000935: 13.3382   (Y': 13.1057   Cb: 12.8835   Cr: 15.0798 )
00000936: 13.3113   (Y': 13.0655   Cb: 12.909    Cr: 15.0507 )
00000937: 13.3088   (Y': 13.0539   Cb: 12.9033   Cr: 15.1108 )
00000938: 13.3574   (Y': 13.1315   Cb: 12.8762   Cr: 15.1013 )
00000939: 13.3371   (Y': 13.0688   Cb: 12.9528   Cr: 15.1909 )
00000940: 13.3222   (Y': 13.0928   Cb: 12.8748   Cr: 15.032  )
00000942: 13.3395   (Y': 13.0836   Cb: 12.9408   Cr: 15.1364 )
00000943: 13.341    (Y': 13.1196   Cb: 12.812    Cr: 15.1366 )
00000941: 13.3216   (Y': 13.1019   Cb: 12.8851   Cr: 14.9535 )
Total: 13.3147   (Y': 13.0692   Cb: 12.8689   Cr: 15.1241 )
