00000000: 31.3234   (Y': 44.3744   Cb: 26.6981   Cr: 26.6981 )
00000001: 14.6425   (Y': 15.5471   Cb: 13.2034   Cr: 13.3094 )
00000002: 14.6178   (Y': 15.5434   Cb: 13.1704   Cr: 13.2432 )
00000003: 14.4819   (Y': 15.3839   Cb: 13.063    Cr: 13.1344 )
00000004: 14.4883   (Y': 15.3788   Cb: 13.0406   Cr: 13.198  )
00000005: 14.4881   (Y': 15.4153   Cb: 12.989    Cr: 13.1634 )
00000006: 14.4023   (Y': 15.3395   Cb: 12.9381   Cr: 13.0178 )
00000007: 14.4014   (Y': 15.3365   Cb: 12.9206   Cr: 13.0389 )
00000008: 14.4164   (Y': 15.3287   Cb: 12.9523   Cr: 13.0907 )
00000010: 14.704    (Y': 15.545    Cb: 13.4067   Cr: 13.381  )
00000009: 14.7139   (Y': 15.5272   Cb: 13.3986   Cr: 13.4773 )
00000012: 14.7287   (Y': 15.5464   Cb: 13.4942   Cr: 13.4006 )
00000011: 14.709    (Y': 15.5533   Cb: 13.383    Cr: 13.4068 )
00000013: 14.6998   (Y': 15.5233   Cb: 13.3705   Cr: 13.4524 )
00000014: 14.7001   (Y': 15.5235   Cb: 13.4255   Cr: 13.3977 )
00000015: 14.6985   (Y': 15.5321   Cb: 13.3639   Cr: 13.4313 )
00000016: 14.7008   (Y': 15.5421   Cb: 13.3717   Cr: 13.409  )
00000017: 14.7013   (Y': 15.518    Cb: 13.4154   Cr: 13.4266 )
00000018: 14.6841   (Y': 15.4963   Cb: 13.4076   Cr: 13.411  )
00000020: 14.6782   (Y': 15.518    Cb: 13.3885   Cr: 13.3508 )
00000019: 14.6751   (Y': 15.5082   Cb: 13.3902   Cr: 13.3593 )
00000021: 14.6641   (Y': 15.502    Cb: 13.3404   Cr: 13.375  )
00000022: 14.7016   (Y': 15.5389   Cb: 13.3632   Cr: 13.4288 )
00000023: 14.6793   (Y': 15.5124   Cb: 13.3532   Cr: 13.4044 )
00000024: 14.6925   (Y': 15.5158   Cb: 13.3956   Cr: 13.4125 )
00000025: 14.6972   (Y': 15.5364   Cb: 13.3907   Cr: 13.388  )
00000026: 14.6959   (Y': 15.515    Cb: 13.4177   Cr: 13.4075 )
00000027: 14.6946   (Y': 15.532    Cb: 13.3801   Cr: 13.3978 )
00000028: 14.69     (Y': 15.5155   Cb: 13.3965   Cr: 13.4015 )
00000029: 14.714    (Y': 15.5473   Cb: 13.3724   Cr: 13.4545 )
00000030: 14.7109   (Y': 15.5521   Cb: 13.3698   Cr: 13.4314 )
00000031: 14.7063   (Y': 15.537    Cb: 13.423    Cr: 13.3947 )
00000032: 14.7116   (Y': 15.5763   Cb: 13.4109   Cr: 13.3349 )
00000033: 14.7049   (Y': 15.5488   Cb: 13.3667   Cr: 13.4162 )
00000034: 14.7038   (Y': 15.5345   Cb: 13.3868   Cr: 13.426  )
00000035: 14.7384   (Y': 15.5749   Cb: 13.4028   Cr: 13.4652 )
00000036: 14.6953   (Y': 15.5318   Cb: 13.4261   Cr: 13.3555 )
00000037: 14.6688   (Y': 15.5129   Cb: 13.3341   Cr: 13.3758 )
00000038: 14.7155   (Y': 15.5444   Cb: 13.3855   Cr: 13.4553 )
00000039: 14.6512   (Y': 15.4885   Cb: 13.3216   Cr: 13.3697 )
00000040: 14.6771   (Y': 15.5098   Cb: 13.3217   Cr: 13.4334 )
00000041: 14.6931   (Y': 15.5623   Cb: 13.3057   Cr: 13.3924 )
00000042: 14.6893   (Y': 15.5067   Cb: 13.3644   Cr: 13.4525 )
00000043: 14.7013   (Y': 15.5541   Cb: 13.3817   Cr: 13.372  )
00000044: 14.6855   (Y': 15.5418   Cb: 13.3163   Cr: 13.3975 )
00000045: 14.6841   (Y': 15.5332   Cb: 13.3525   Cr: 13.3757 )
00000046: 14.6996   (Y': 15.533    Cb: 13.368    Cr: 13.4297 )
00000047: 14.7039   (Y': 15.5634   Cb: 13.3439   Cr: 13.3987 )
00000048: 14.7232   (Y': 15.5486   Cb: 13.4091   Cr: 13.4554 )
00000049: 14.6699   (Y': 15.499    Cb: 13.3597   Cr: 13.3889 )
00000050: 14.6915   (Y': 15.5124   Cb: 13.3962   Cr: 13.4158 )
00000051: 14.6793   (Y': 15.4932   Cb: 13.3945   Cr: 13.4106 )
00000052: 14.6952   (Y': 15.5548   Cb: 13.3165   Cr: 13.4091 )
00000053: 14.6759   (Y': 15.5119   Cb: 13.3697   Cr: 13.3739 )
00000054: 14.6928   (Y': 15.5132   Cb: 13.3775   Cr: 13.4384 )
00000055: 14.6915   (Y': 15.5252   Cb: 13.361    Cr: 13.42   )
00000056: 14.7159   (Y': 15.5549   Cb: 13.3926   Cr: 13.4242 )
00000057: 14.7037   (Y': 15.551    Cb: 13.4001   Cr: 13.3717 )
00000058: 14.6815   (Y': 15.5117   Cb: 13.357    Cr: 13.4125 )
00000059: 14.7009   (Y': 15.5371   Cb: 13.3647   Cr: 13.429  )
00000061: 14.6839   (Y': 15.5529   Cb: 13.3335   Cr: 13.3465 )
00000060: 14.6755   (Y': 15.5182   Cb: 13.3379   Cr: 13.3888 )
00000063: 14.6846   (Y': 15.5244   Cb: 13.3565   Cr: 13.3957 )
00000062: 14.6948   (Y': 15.5426   Cb: 13.3474   Cr: 13.4058 )
00000064: 14.6995   (Y': 15.5347   Cb: 13.3815   Cr: 13.4114 )
00000065: 14.6976   (Y': 15.5457   Cb: 13.3349   Cr: 13.4232 )
00000066: 14.7026   (Y': 15.5692   Cb: 13.3315   Cr: 13.3917 )
00000067: 14.7143   (Y': 15.5565   Cb: 13.3825   Cr: 13.4228 )
00000069: 14.6846   (Y': 15.536    Cb: 13.3349   Cr: 13.3888 )
00000068: 14.7016   (Y': 15.5354   Cb: 13.3762   Cr: 13.4245 )
00000070: 14.6606   (Y': 15.5037   Cb: 13.3227   Cr: 13.3732 )
00000071: 14.695    (Y': 15.5579   Cb: 13.3433   Cr: 13.3735 )
00000072: 14.7015   (Y': 15.5428   Cb: 13.3808   Cr: 13.401  )
00000073: 14.7081   (Y': 15.5508   Cb: 13.4156   Cr: 13.3764 )
00000074: 14.6987   (Y': 15.549    Cb: 13.3504   Cr: 13.4043 )
00000075: 14.6755   (Y': 15.5132   Cb: 13.3501   Cr: 13.3889 )
00000077: 14.7166   (Y': 15.5725   Cb: 13.3859   Cr: 13.3908 )
00000076: 14.6957   (Y': 15.5088   Cb: 13.4195   Cr: 13.4199 )
00000078: 14.714    (Y': 15.5554   Cb: 13.387    Cr: 13.4199 )
00000079: 14.7127   (Y': 15.5592   Cb: 13.4104   Cr: 13.3816 )
00000080: 14.6978   (Y': 15.5487   Cb: 13.3452   Cr: 13.4062 )
00000081: 14.6867   (Y': 15.5227   Cb: 13.3314   Cr: 13.4347 )
00000082: 14.6862   (Y': 15.5196   Cb: 13.4074   Cr: 13.3636 )
00000083: 14.7064   (Y': 15.5507   Cb: 13.3177   Cr: 13.4681 )
00000085: 14.6909   (Y': 15.5216   Cb: 13.3517   Cr: 13.4357 )
00000084: 14.6959   (Y': 15.5407   Cb: 13.3612   Cr: 13.4011 )
00000087: 14.7103   (Y': 15.5668   Cb: 13.3531   Cr: 13.4098 )
00000086: 14.6921   (Y': 15.535    Cb: 13.3722   Cr: 13.3874 )
00000088: 14.6906   (Y': 15.5084   Cb: 13.444    Cr: 13.374  )
00000089: 14.6944   (Y': 15.5464   Cb: 13.3307   Cr: 13.4114 )
00000090: 14.6388   (Y': 15.47     Cb: 13.2793   Cr: 13.4029 )
00000091: 14.6596   (Y': 15.5081   Cb: 13.3545   Cr: 13.326  )
00000092: 14.6676   (Y': 15.5091   Cb: 13.343    Cr: 13.3709 )
00000093: 14.7223   (Y': 15.5703   Cb: 13.3831   Cr: 13.4243 )
00000094: 14.6685   (Y': 15.5075   Cb: 13.3653   Cr: 13.3561 )
00000095: 14.6843   (Y': 15.5016   Cb: 13.3611   Cr: 13.4459 )
00000096: 14.697    (Y': 15.526    Cb: 13.3924   Cr: 13.4106 )
00000097: 14.6876   (Y': 15.523    Cb: 13.3875   Cr: 13.3811 )
00000098: 14.7065   (Y': 15.5678   Cb: 13.3859   Cr: 13.3576 )
00000099: 14.6969   (Y': 15.5226   Cb: 13.3783   Cr: 13.4331 )
00000100: 14.718    (Y': 15.5879   Cb: 13.3444   Cr: 13.4017 )
00000101: 14.7627   (Y': 15.6356   Cb: 13.4238   Cr: 13.4042 )
00000102: 14.6995   (Y': 15.5789   Cb: 13.335    Cr: 13.351  )
00000103: 14.6508   (Y': 15.5401   Cb: 13.2881   Cr: 13.2771 )
00000104: 14.6321   (Y': 15.4707   Cb: 13.257    Cr: 13.3941 )
00000105: 14.6054   (Y': 15.431    Cb: 13.3123   Cr: 13.3157 )
00000106: 14.5787   (Y': 15.341    Cb: 13.3119   Cr: 13.4217 )
00000107: 14.5712   (Y': 15.3417   Cb: 13.2914   Cr: 13.4064 )
00000108: 14.5761   (Y': 15.2883   Cb: 13.3997   Cr: 13.4574 )
00000109: 14.604    (Y': 15.3377   Cb: 13.3354   Cr: 13.5231 )
00000110: 14.5744   (Y': 15.2269   Cb: 13.4436   Cr: 13.5686 )
00000111: 14.6051   (Y': 15.2621   Cb: 13.4964   Cr: 13.5645 )
00000112: 14.5979   (Y': 15.2697   Cb: 13.4803   Cr: 13.5265 )
00000113: 14.5994   (Y': 15.2873   Cb: 13.4502   Cr: 13.517  )
00000114: 14.5953   (Y': 15.32     Cb: 13.4273   Cr: 13.4354 )
00000116: 14.5873   (Y': 15.324    Cb: 13.3795   Cr: 13.436  )
00000117: 14.4035   (Y': 15.1955   Cb: 13.0824   Cr: 13.2266 )
00000115: 14.588    (Y': 15.2997   Cb: 13.3871   Cr: 13.4955 )
00000118: 14.4706   (Y': 15.2775   Cb: 13.1126   Cr: 13.2944 )
00000119: 14.5068   (Y': 15.2394   Cb: 13.3481   Cr: 13.3171 )
00000120: 14.5194   (Y': 15.286    Cb: 13.2759   Cr: 13.3278 )
00000121: 14.4672   (Y': 15.2309   Cb: 13.2486   Cr: 13.2578 )
00000122: 14.47     (Y': 15.2073   Cb: 13.2777   Cr: 13.302  )
00000123: 14.49     (Y': 15.2074   Cb: 13.3371   Cr: 13.3339 )
00000125: 14.4828   (Y': 15.1844   Cb: 13.3291   Cr: 13.3684 )
00000124: 14.4768   (Y': 15.1993   Cb: 13.2779   Cr: 13.3535 )
00000126: 14.4783   (Y': 15.1913   Cb: 13.307    Cr: 13.3521 )
00000127: 14.4727   (Y': 15.1835   Cb: 13.2914   Cr: 13.3625 )
00000128: 14.4589   (Y': 15.1835   Cb: 13.2608   Cr: 13.3295 )
00000129: 14.4661   (Y': 15.1806   Cb: 13.2717   Cr: 13.3592 )
00000130: 14.4655   (Y': 15.164    Cb: 13.3126   Cr: 13.359  )
00000131: 14.4449   (Y': 15.1698   Cb: 13.2414   Cr: 13.3202 )
00000133: 14.4746   (Y': 15.1835   Cb: 13.2874   Cr: 13.3754 )
00000132: 14.4449   (Y': 15.1685   Cb: 13.2942   Cr: 13.2702 )
00000134: 14.4664   (Y': 15.156    Cb: 13.2741   Cr: 13.4235 )
00000135: 14.4706   (Y': 15.1929   Cb: 13.266    Cr: 13.3541 )
00000136: 14.4703   (Y': 15.168    Cb: 13.3231   Cr: 13.3598 )
00000137: 14.4619   (Y': 15.1694   Cb: 13.2866   Cr: 13.3539 )
00000138: 14.4802   (Y': 15.1968   Cb: 13.305    Cr: 13.3487 )
00000139: 14.4904   (Y': 15.2114   Cb: 13.2841   Cr: 13.3788 )
00000140: 14.4639   (Y': 15.1881   Cb: 13.27     Cr: 13.3309 )
00000141: 14.4745   (Y': 15.2011   Cb: 13.2868   Cr: 13.3294 )
00000142: 14.4505   (Y': 15.1401   Cb: 13.2814   Cr: 13.3838 )
00000143: 14.4377   (Y': 15.1323   Cb: 13.2459   Cr: 13.3808 )
00000144: 14.4766   (Y': 15.1913   Cb: 13.2884   Cr: 13.3628 )
00000145: 14.4426   (Y': 15.1453   Cb: 13.2992   Cr: 13.3154 )
00000146: 14.4398   (Y': 15.1505   Cb: 13.2743   Cr: 13.3136 )
00000147: 14.4699   (Y': 15.1975   Cb: 13.2731   Cr: 13.3314 )
00000148: 14.4722   (Y': 15.2002   Cb: 13.2978   Cr: 13.3101 )
00000149: 14.455    (Y': 15.1707   Cb: 13.3198   Cr: 13.2856 )
00000150: 14.4626   (Y': 15.1831   Cb: 13.2654   Cr: 13.3428 )
00000151: 14.4502   (Y': 15.1802   Cb: 13.2542   Cr: 13.3044 )
00000152: 14.4686   (Y': 15.1678   Cb: 13.3348   Cr: 13.341  )
00000153: 14.4311   (Y': 15.1611   Cb: 13.2494   Cr: 13.271  )
00000154: 14.4634   (Y': 15.1598   Cb: 13.3238   Cr: 13.3491 )
00000155: 14.4455   (Y': 15.1435   Cb: 13.2939   Cr: 13.339  )
00000156: 14.4567   (Y': 15.1763   Cb: 13.2343   Cr: 13.3656 )
00000157: 14.4801   (Y': 15.2108   Cb: 13.27     Cr: 13.3467 )
00000158: 14.4818   (Y': 15.2005   Cb: 13.2856   Cr: 13.3659 )
00000159: 14.4789   (Y': 15.1843   Cb: 13.2856   Cr: 13.3953 )
00000160: 14.4607   (Y': 15.1881   Cb: 13.2474   Cr: 13.3394 )
00000161: 14.4891   (Y': 15.1755   Cb: 13.3621   Cr: 13.3884 )
00000162: 14.4863   (Y': 15.1903   Cb: 13.3135   Cr: 13.3855 )
00000163: 14.443    (Y': 15.1601   Cb: 13.2363   Cr: 13.3421 )
00000164: 14.4596   (Y': 15.1909   Cb: 13.2055   Cr: 13.3701 )
00000165: 14.4234   (Y': 15.1465   Cb: 13.244    Cr: 13.2791 )
00000166: 14.412    (Y': 15.113    Cb: 13.2281   Cr: 13.3303 )
00000167: 14.4537   (Y': 15.176    Cb: 13.2208   Cr: 13.3659 )
00000169: 14.4413   (Y': 15.1568   Cb: 13.2533   Cr: 13.3257 )
00000168: 14.4423   (Y': 15.1667   Cb: 13.236    Cr: 13.3216 )
00000170: 14.4495   (Y': 15.1596   Cb: 13.2071   Cr: 13.404  )
00000171: 14.4253   (Y': 15.1222   Cb: 13.2453   Cr: 13.3503 )
00000172: 14.4055   (Y': 15.1173   Cb: 13.1882   Cr: 13.3297 )
00000173: 14.449    (Y': 15.1821   Cb: 13.2314   Cr: 13.3174 )
00000174: 14.4768   (Y': 15.2019   Cb: 13.2611   Cr: 13.3641 )
00000175: 14.4556   (Y': 15.2248   Cb: 13.1894   Cr: 13.2804 )
00000176: 14.4269   (Y': 15.1772   Cb: 13.1816   Cr: 13.2791 )
00000177: 14.4477   (Y': 15.1869   Cb: 13.2041   Cr: 13.3266 )
00000178: 14.4596   (Y': 15.2069   Cb: 13.2013   Cr: 13.333  )
00000179: 14.4667   (Y': 15.223    Cb: 13.1957   Cr: 13.3296 )
00000180: 14.4359   (Y': 15.1892   Cb: 13.1545   Cr: 13.3174 )
00000181: 14.3973   (Y': 15.1391   Cb: 13.1359   Cr: 13.2877 )
00000183: 14.4213   (Y': 15.1631   Cb: 13.1881   Cr: 13.2829 )
00000182: 14.4598   (Y': 15.2197   Cb: 13.2168   Cr: 13.2845 )
00000184: 14.446    (Y': 15.1742   Cb: 13.2342   Cr: 13.3213 )
00000185: 14.4433   (Y': 15.1679   Cb: 13.2494   Cr: 13.3098 )
00000186: 14.4688   (Y': 15.2264   Cb: 13.1943   Cr: 13.3319 )
00000187: 14.4855   (Y': 15.258    Cb: 13.2087   Cr: 13.3127 )
00000188: 14.4727   (Y': 15.206    Cb: 13.2454   Cr: 13.3504 )
00000189: 14.4541   (Y': 15.1884   Cb: 13.2367   Cr: 13.3192 )
00000190: 14.4593   (Y': 15.2212   Cb: 13.2358   Cr: 13.2593 )
00000191: 14.4665   (Y': 15.2194   Cb: 13.209    Cr: 13.3245 )
00000192: 14.4805   (Y': 15.2197   Cb: 13.1922   Cr: 13.4058 )
00000193: 14.4517   (Y': 15.2131   Cb: 13.1183   Cr: 13.3668 )
00000194: 14.4619   (Y': 15.2181   Cb: 13.2021   Cr: 13.3137 )
00000195: 14.4518   (Y': 15.19     Cb: 13.2473   Cr: 13.2934 )
00000196: 14.4356   (Y': 15.2075   Cb: 13.1888   Cr: 13.2339 )
00000197: 14.418    (Y': 15.1973   Cb: 13.1053   Cr: 13.2649 )
00000198: 14.4502   (Y': 15.1933   Cb: 13.2499   Cr: 13.2753 )
00000199: 14.4502   (Y': 15.2066   Cb: 13.1897   Cr: 13.3019 )
00000201: 14.4389   (Y': 15.1842   Cb: 13.2017   Cr: 13.2957 )
00000200: 14.4586   (Y': 15.1942   Cb: 13.2415   Cr: 13.3199 )
00000202: 14.4262   (Y': 15.1916   Cb: 13.1639   Cr: 13.2567 )
00000203: 14.4558   (Y': 15.2097   Cb: 13.1997   Cr: 13.3094 )
00000204: 14.4517   (Y': 15.1929   Cb: 13.2148   Cr: 13.3184 )
00000205: 14.4278   (Y': 15.193    Cb: 13.1686   Cr: 13.2554 )
00000206: 14.4334   (Y': 15.1991   Cb: 13.1361   Cr: 13.2993 )
00000207: 14.4634   (Y': 15.2274   Cb: 13.1992   Cr: 13.2995 )
00000208: 14.473    (Y': 15.1965   Cb: 13.2692   Cr: 13.3524 )
00000209: 14.4322   (Y': 15.1715   Cb: 13.2047   Cr: 13.2944 )
00000210: 14.4501   (Y': 15.2248   Cb: 13.1545   Cr: 13.2911 )
00000211: 14.4637   (Y': 15.2185   Cb: 13.1693   Cr: 13.3544 )
00000212: 14.4437   (Y': 15.2044   Cb: 13.1601   Cr: 13.308  )
00000213: 14.4356   (Y': 15.1766   Cb: 13.19     Cr: 13.312  )
00000214: 14.4403   (Y': 15.1936   Cb: 13.1748   Cr: 13.3052 )
00000215: 14.4434   (Y': 15.1921   Cb: 13.2143   Cr: 13.2831 )
00000217: 14.4261   (Y': 15.1776   Cb: 13.1851   Cr: 13.2707 )
00000216: 14.4652   (Y': 15.1855   Cb: 13.262    Cr: 13.3523 )
00000218: 14.4457   (Y': 15.1746   Cb: 13.1832   Cr: 13.3715 )
00000219: 14.4254   (Y': 15.164    Cb: 13.1847   Cr: 13.3031 )
00000220: 14.463    (Y': 15.222    Cb: 13.2047   Cr: 13.3061 )
00000221: 14.4408   (Y': 15.1757   Cb: 13.1933   Cr: 13.335  )
00000222: 14.4503   (Y': 15.1982   Cb: 13.1906   Cr: 13.3232 )
00000223: 14.4348   (Y': 15.1635   Cb: 13.1793   Cr: 13.3537 )
00000224: 14.426    (Y': 15.1496   Cb: 13.2156   Cr: 13.3116 )
00000225: 14.4617   (Y': 15.1877   Cb: 13.2668   Cr: 13.3255 )
00000226: 14.4481   (Y': 15.1995   Cb: 13.182    Cr: 13.3186 )
00000227: 14.4251   (Y': 15.1646   Cb: 13.1843   Cr: 13.3002 )
00000229: 14.4352   (Y': 15.1722   Cb: 13.1818   Cr: 13.3303 )
00000228: 14.436    (Y': 15.1879   Cb: 13.1418   Cr: 13.3341 )
00000231: 14.4101   (Y': 15.1517   Cb: 13.1746   Cr: 13.2745 )
00000230: 14.4514   (Y': 15.1915   Cb: 13.1937   Cr: 13.3427 )
00000232: 14.433    (Y': 15.1781   Cb: 13.1565   Cr: 13.3304 )
00000234: 14.4521   (Y': 15.2072   Cb: 13.1946   Cr: 13.3039 )
00000233: 14.4341   (Y': 15.1435   Cb: 13.2493   Cr: 13.3307 )
00000235: 14.4544   (Y': 15.1676   Cb: 13.2505   Cr: 13.3605 )
00000236: 14.4676   (Y': 15.2001   Cb: 13.2379   Cr: 13.3499 )
00000237: 14.4431   (Y': 15.1739   Cb: 13.1853   Cr: 13.3591 )
00000238: 14.4499   (Y': 15.1763   Cb: 13.2263   Cr: 13.3419 )
00000239: 14.442    (Y': 15.1685   Cb: 13.2732   Cr: 13.2781 )
00000240: 14.4416   (Y': 15.1703   Cb: 13.2089   Cr: 13.3371 )
00000241: 14.4345   (Y': 15.1747   Cb: 13.199    Cr: 13.3024 )
00000243: 14.429    (Y': 15.1631   Cb: 13.1644   Cr: 13.343  )
00000242: 14.4578   (Y': 15.2235   Cb: 13.2078   Cr: 13.2749 )
00000245: 14.4319   (Y': 15.189    Cb: 13.1731   Cr: 13.2803 )
00000244: 14.4245   (Y': 15.1656   Cb: 13.1851   Cr: 13.2943 )
00000246: 14.4681   (Y': 15.2097   Cb: 13.2299   Cr: 13.3351 )
00000247: 14.438    (Y': 15.1782   Cb: 13.1854   Cr: 13.3237 )
00000249: 14.443    (Y': 15.1731   Cb: 13.2334   Cr: 13.311  )
00000250: 14.4213   (Y': 15.1699   Cb: 13.1979   Cr: 13.2555 )
00000251: 14.4662   (Y': 15.2219   Cb: 13.1953   Cr: 13.3304 )
00000248: 14.4255   (Y': 15.1616   Cb: 13.1581   Cr: 13.3373 )
00000252: 14.4719   (Y': 15.2095   Cb: 13.2087   Cr: 13.3755 )
00000253: 14.4331   (Y': 15.1876   Cb: 13.1586   Cr: 13.3043 )
00000254: 14.4876   (Y': 15.2526   Cb: 13.226    Cr: 13.3182 )
00000255: 14.4595   (Y': 15.2146   Cb: 13.2293   Cr: 13.2837 )
00000257: 14.4519   (Y': 15.2056   Cb: 13.1899   Cr: 13.3123 )
00000256: 14.4676   (Y': 15.2365   Cb: 13.1622   Cr: 13.3335 )
00000258: 14.4642   (Y': 15.23     Cb: 13.2152   Cr: 13.2802 )
00000259: 14.4586   (Y': 15.2227   Cb: 13.1793   Cr: 13.3099 )
00000261: 14.4819   (Y': 15.2136   Cb: 13.2381   Cr: 13.3808 )
00000260: 14.4514   (Y': 15.1891   Cb: 13.2107   Cr: 13.3316 )
00000262: 14.4541   (Y': 15.2007   Cb: 13.1848   Cr: 13.3405 )
00000263: 14.4606   (Y': 15.1993   Cb: 13.2154   Cr: 13.3427 )
00000264: 14.4628   (Y': 15.2178   Cb: 13.2253   Cr: 13.295  )
00000265: 14.4625   (Y': 15.2062   Cb: 13.2336   Cr: 13.3148 )
00000266: 14.4478   (Y': 15.1857   Cb: 13.2058   Cr: 13.3285 )
00000267: 14.4687   (Y': 15.23     Cb: 13.205    Cr: 13.3112 )
00000269: 14.4401   (Y': 15.2122   Cb: 13.1694   Cr: 13.2623 )
00000268: 14.4625   (Y': 15.2164   Cb: 13.1683   Cr: 13.3559 )
00000270: 14.4645   (Y': 15.2195   Cb: 13.22     Cr: 13.3037 )
00000271: 14.467    (Y': 15.243    Cb: 13.1683   Cr: 13.3076 )
00000273: 14.468    (Y': 15.2075   Cb: 13.2167   Cr: 13.354  )
00000272: 14.46     (Y': 15.2187   Cb: 13.2395   Cr: 13.2653 )
00000274: 14.4526   (Y': 15.1925   Cb: 13.2248   Cr: 13.3135 )
00000277: 14.4797   (Y': 15.2443   Cb: 13.2117   Cr: 13.3181 )
00000276: 14.4607   (Y': 15.2178   Cb: 13.2028   Cr: 13.3077 )
00000275: 14.4516   (Y': 15.2065   Cb: 13.1866   Cr: 13.3119 )
00000278: 14.4715   (Y': 15.2164   Cb: 13.2277   Cr: 13.336  )
00000279: 14.4762   (Y': 15.2361   Cb: 13.2673   Cr: 13.2669 )
00000280: 14.4607   (Y': 15.2304   Cb: 13.1456   Cr: 13.3347 )
00000282: 14.4733   (Y': 15.2367   Cb: 13.192    Cr: 13.3281 )
00000281: 14.459    (Y': 15.2343   Cb: 13.1789   Cr: 13.2822 )
00000284: 14.4726   (Y': 15.214    Cb: 13.2482   Cr: 13.3263 )
00000283: 14.4454   (Y': 15.2219   Cb: 13.148    Cr: 13.2832 )
00000285: 14.4753   (Y': 15.244    Cb: 13.2297   Cr: 13.2803 )
00000286: 14.5169   (Y': 15.2813   Cb: 13.2087   Cr: 13.3975 )
00000287: 14.5149   (Y': 15.2794   Cb: 13.215    Cr: 13.3862 )
00000288: 14.4598   (Y': 15.2398   Cb: 13.1836   Cr: 13.2673 )
00000290: 14.4808   (Y': 15.2299   Cb: 13.2301   Cr: 13.3412 )
00000289: 14.4725   (Y': 15.2292   Cb: 13.1985   Cr: 13.3373 )
00000292: 14.4675   (Y': 15.2406   Cb: 13.1554   Cr: 13.3297 )
00000291: 14.4969   (Y': 15.2456   Cb: 13.1935   Cr: 13.4135 )
00000293: 14.4842   (Y': 15.2336   Cb: 13.2026   Cr: 13.3757 )
00000294: 14.4677   (Y': 15.2076   Cb: 13.2047   Cr: 13.3648 )
00000295: 14.4644   (Y': 15.2169   Cb: 13.1971   Cr: 13.3336 )
00000296: 14.4343   (Y': 15.1691   Cb: 13.2036   Cr: 13.3116 )
00000298: 14.4809   (Y': 15.2286   Cb: 13.1955   Cr: 13.3811 )
00000297: 14.4592   (Y': 15.1918   Cb: 13.2011   Cr: 13.3706 )
00000299: 14.2585   (Y': 15.1084   Cb: 12.8229   Cr: 13.0553 )
00000300: 14.2749   (Y': 15.0951   Cb: 12.8852   Cr: 13.0978 )
00000301: 14.3344   (Y': 15.1374   Cb: 12.9729   Cr: 13.1713 )
00000302: 14.3184   (Y': 15.1384   Cb: 12.9451   Cr: 13.1249 )
00000303: 14.3523   (Y': 15.1476   Cb: 13.0078   Cr: 13.1915 )
00000304: 14.3271   (Y': 15.124    Cb: 12.9875   Cr: 13.1568 )
00000305: 14.3613   (Y': 15.1704   Cb: 13.0099   Cr: 13.1724 )
00000306: 14.3667   (Y': 15.1605   Cb: 13.0668   Cr: 13.1632 )
00000307: 14.3517   (Y': 15.1562   Cb: 13.018    Cr: 13.1562 )
00000308: 14.335    (Y': 15.1166   Cb: 13.0359   Cr: 13.1618 )
00000310: 14.3186   (Y': 15.101    Cb: 13.0121   Cr: 13.1508 )
00000309: 14.3609   (Y': 15.174    Cb: 13.0155   Cr: 13.1555 )
00000311: 14.3298   (Y': 15.1334   Cb: 13.0021   Cr: 13.1303 )
00000312: 14.3363   (Y': 15.1387   Cb: 13.0349   Cr: 13.113  )
00000313: 14.3415   (Y': 15.1266   Cb: 13.0324   Cr: 13.1696 )
00000314: 14.3319   (Y': 15.1447   Cb: 13.0128   Cr: 13.1007 )
00000315: 14.3201   (Y': 15.1119   Cb: 13.0023   Cr: 13.14   )
00000316: 14.3449   (Y': 15.1245   Cb: 13.0474   Cr: 13.1752 )
00000317: 14.3534   (Y': 15.1306   Cb: 13.0458   Cr: 13.2004 )
00000318: 14.3402   (Y': 15.1427   Cb: 13.0174   Cr: 13.1385 )
00000319: 14.3321   (Y': 15.1129   Cb: 13.0521   Cr: 13.1415 )
00000320: 14.3458   (Y': 15.1573   Cb: 12.9984   Cr: 13.1467 )
00000321: 14.3176   (Y': 15.111    Cb: 13.0046   Cr: 13.1289 )
00000323: 14.3373   (Y': 15.1302   Cb: 13.0308   Cr: 13.143  )
00000322: 14.3355   (Y': 15.12     Cb: 13.0552   Cr: 13.1358 )
00000324: 14.3197   (Y': 15.0898   Cb: 13.0472   Cr: 13.1484 )
00000325: 14.3394   (Y': 15.1071   Cb: 13.0725   Cr: 13.1688 )
00000326: 14.349    (Y': 15.1381   Cb: 13.0486   Cr: 13.1581 )
00000327: 14.3438   (Y': 15.1593   Cb: 13.0124   Cr: 13.1185 )
00000328: 14.3355   (Y': 15.1438   Cb: 13.0279   Cr: 13.1036 )
00000329: 14.326    (Y': 15.1299   Cb: 13.0392   Cr: 13.0841 )
00000330: 14.3189   (Y': 15.1056   Cb: 12.9846   Cr: 13.1692 )
00000331: 14.3268   (Y': 15.1144   Cb: 13.0253   Cr: 13.141  )
00000332: 14.3346   (Y': 15.1315   Cb: 13.0059   Cr: 13.1533 )
00000334: 14.3338   (Y': 15.1276   Cb: 13.0129   Cr: 13.1522 )
00000333: 14.3537   (Y': 15.1256   Cb: 13.0534   Cr: 13.2065 )
00000335: 14.3242   (Y': 15.1204   Cb: 13.025    Cr: 13.1141 )
00000336: 14.3476   (Y': 15.1243   Cb: 13.0902   Cr: 13.1443 )
00000337: 14.3486   (Y': 15.1013   Cb: 13.0971   Cr: 13.2007 )
00000338: 14.3345   (Y': 15.1332   Cb: 13.0224   Cr: 13.1317 )
00000339: 14.3338   (Y': 15.1348   Cb: 13.0117   Cr: 13.1353 )
00000340: 14.3317   (Y': 15.1086   Cb: 13.0105   Cr: 13.1935 )
00000342: 14.335    (Y': 15.1668   Cb: 12.9859   Cr: 13.0871 )
00000341: 14.3311   (Y': 15.1331   Cb: 12.994    Cr: 13.1451 )
00000343: 14.3442   (Y': 15.14     Cb: 13.0372   Cr: 13.1429 )
00000345: 14.36     (Y': 15.1475   Cb: 13.0523   Cr: 13.1809 )
00000344: 14.3144   (Y': 15.1057   Cb: 13.0022   Cr: 13.1301 )
00000346: 14.3454   (Y': 15.1173   Cb: 13.044    Cr: 13.1994 )
00000347: 14.3473   (Y': 15.1561   Cb: 13.0427   Cr: 13.1112 )
00000349: 14.3495   (Y': 15.154    Cb: 13.0271   Cr: 13.1423 )
00000348: 14.3164   (Y': 15.0975   Cb: 13.0329   Cr: 13.1287 )
00000350: 14.3315   (Y': 15.1409   Cb: 13.0127   Cr: 13.1086 )
00000351: 14.3667   (Y': 15.1554   Cb: 13.0887   Cr: 13.154  )
00000352: 14.3242   (Y': 15.1346   Cb: 12.9465   Cr: 13.1595 )
00000353: 14.3271   (Y': 15.1197   Cb: 13.056    Cr: 13.0973 )
00000354: 14.3184   (Y': 15.1064   Cb: 13.0318   Cr: 13.1164 )
00000355: 14.3331   (Y': 15.0979   Cb: 13.0886   Cr: 13.1473 )
00000356: 14.3224   (Y': 15.107    Cb: 13.0071   Cr: 13.1584 )
00000357: 14.3446   (Y': 15.1427   Cb: 13.018    Cr: 13.1576 )
00000358: 14.3311   (Y': 15.117    Cb: 13.0413   Cr: 13.1375 )
00000359: 14.334    (Y': 15.1114   Cb: 13.017    Cr: 13.1903 )
00000360: 14.3534   (Y': 15.1696   Cb: 13.037    Cr: 13.1107 )
00000361: 14.3364   (Y': 15.139    Cb: 12.9855   Cr: 13.1637 )
00000362: 14.3457   (Y': 15.136    Cb: 13.0421   Cr: 13.155  )
00000363: 14.3305   (Y': 15.116    Cb: 12.9929   Cr: 13.1875 )
00000364: 14.3492   (Y': 15.1482   Cb: 13.0175   Cr: 13.1655 )
00000365: 14.329    (Y': 15.1218   Cb: 13.0341   Cr: 13.1233 )
00000366: 14.3626   (Y': 15.1486   Cb: 13.0927   Cr: 13.1483 )
00000367: 14.343    (Y': 15.1566   Cb: 13.0101   Cr: 13.1236 )
00000368: 14.3108   (Y': 15.1076   Cb: 13.0029   Cr: 13.108  )
00000369: 14.3171   (Y': 15.1248   Cb: 13.0107   Cr: 13.0858 )
00000370: 14.3331   (Y': 15.1344   Cb: 13.0228   Cr: 13.1213 )
00000371: 14.3204   (Y': 15.1143   Cb: 13.0293   Cr: 13.1081 )
00000372: 14.3016   (Y': 15.0963   Cb: 13.0052   Cr: 13.0925 )
00000374: 14.3366   (Y': 15.1195   Cb: 13.0554   Cr: 13.1417 )
00000373: 14.3441   (Y': 15.1689   Cb: 13.0079   Cr: 13.1002 )
00000375: 14.3538   (Y': 15.149    Cb: 13.0417   Cr: 13.1594 )
00000376: 14.301    (Y': 15.1051   Cb: 12.9808   Cr: 13.0926 )
00000377: 14.3219   (Y': 15.1326   Cb: 13.0356   Cr: 13.0626 )
00000378: 14.3238   (Y': 15.1321   Cb: 13.0454   Cr: 13.0623 )
00000379: 14.3425   (Y': 15.1347   Cb: 13.0413   Cr: 13.1446 )
00000380: 14.2968   (Y': 15.0878   Cb: 13.0258   Cr: 13.0714 )
00000381: 14.318    (Y': 15.1275   Cb: 13.0085   Cr: 13.0852 )
00000382: 14.336    (Y': 15.1341   Cb: 13.019    Cr: 13.1395 )
00000383: 14.3263   (Y': 15.1424   Cb: 12.9983   Cr: 13.0958 )
00000384: 14.3417   (Y': 15.1426   Cb: 13.0563   Cr: 13.1059 )
00000385: 14.328    (Y': 15.1303   Cb: 13.0043   Cr: 13.1279 )
00000386: 14.3102   (Y': 15.1305   Cb: 13.0395   Cr: 13.0114 )
00000387: 14.3455   (Y': 15.1765   Cb: 12.9858   Cr: 13.1105 )
00000388: 14.3735   (Y': 15.1804   Cb: 13.0437   Cr: 13.1678 )
00000389: 14.3374   (Y': 15.1534   Cb: 13.0031   Cr: 13.1136 )
00000390: 14.3493   (Y': 15.1702   Cb: 13.0255   Cr: 13.1023 )
00000391: 14.3811   (Y': 15.1843   Cb: 13.0302   Cr: 13.2065 )
00000392: 14.3494   (Y': 15.153    Cb: 13.0336   Cr: 13.1377 )
00000393: 14.3522   (Y': 15.1386   Cb: 13.0489   Cr: 13.1712 )
00000394: 14.3537   (Y': 15.1383   Cb: 13.0394   Cr: 13.1886 )
00000395: 14.3647   (Y': 15.1603   Cb: 13.0445   Cr: 13.1778 )
00000396: 14.3474   (Y': 15.1402   Cb: 13.0662   Cr: 13.1273 )
00000397: 14.3404   (Y': 15.1333   Cb: 13.0356   Cr: 13.1445 )
00000398: 14.3342   (Y': 15.1421   Cb: 12.9912   Cr: 13.1397 )
00000399: 14.349    (Y': 15.1467   Cb: 13.0525   Cr: 13.1327 )
00000400: 14.3336   (Y': 15.1108   Cb: 13.0422   Cr: 13.1637 )
00000401: 14.3404   (Y': 15.1499   Cb: 13.0004   Cr: 13.1386 )
00000402: 14.3173   (Y': 15.1169   Cb: 13.0152   Cr: 13.1016 )
00000403: 14.3053   (Y': 15.0973   Cb: 12.9986   Cr: 13.1135 )
00000404: 14.3227   (Y': 15.1219   Cb: 13.0007   Cr: 13.1285 )
00000405: 14.3248   (Y': 15.1365   Cb: 13.0249   Cr: 13.0766 )
00000406: 14.3302   (Y': 15.1477   Cb: 13.0044   Cr: 13.0939 )
00000407: 14.3285   (Y': 15.1253   Cb: 13.0331   Cr: 13.1132 )
00000408: 14.3134   (Y': 15.1175   Cb: 12.9834   Cr: 13.1153 )
00000409: 14.3546   (Y': 15.1766   Cb: 13.0321   Cr: 13.1036 )
00000410: 14.3347   (Y': 15.1371   Cb: 13.0244   Cr: 13.1201 )
00000411: 14.3201   (Y': 15.1313   Cb: 12.9731   Cr: 13.1216 )
00000412: 14.3532   (Y': 15.1639   Cb: 13.0366   Cr: 13.1244 )
00000413: 14.3501   (Y': 15.1547   Cb: 13.0051   Cr: 13.1663 )
00000414: 14.3144   (Y': 15.13     Cb: 12.9642   Cr: 13.108  )
00000415: 14.3098   (Y': 15.1383   Cb: 12.9712   Cr: 13.0591 )
00000416: 14.3207   (Y': 15.104    Cb: 13.0412   Cr: 13.1228 )
00000417: 14.3345   (Y': 15.1463   Cb: 13.0182   Cr: 13.1027 )
00000418: 14.3517   (Y': 15.1464   Cb: 13.0267   Cr: 13.1718 )
00000419: 14.3423   (Y': 15.1613   Cb: 13.0191   Cr: 13.0998 )
00000420: 14.3341   (Y': 15.1483   Cb: 13.0153   Cr: 13.0989 )
00000421: 14.3319   (Y': 15.1342   Cb: 12.9951   Cr: 13.1449 )
00000422: 14.3102   (Y': 15.1466   Cb: 12.959    Cr: 13.0528 )
00000423: 14.3156   (Y': 15.1379   Cb: 13.0006   Cr: 13.0562 )
00000424: 14.3216   (Y': 15.1163   Cb: 12.994    Cr: 13.1445 )
00000425: 14.3489   (Y': 15.1529   Cb: 13.0131   Cr: 13.1566 )
00000426: 14.3221   (Y': 15.1564   Cb: 12.9878   Cr: 13.0529 )
00000427: 14.3284   (Y': 15.1339   Cb: 13.0117   Cr: 13.1128 )
00000428: 14.3415   (Y': 15.1334   Cb: 13.0461   Cr: 13.1382 )
00000429: 14.3501   (Y': 15.1496   Cb: 13.0106   Cr: 13.1731 )
00000430: 14.3409   (Y': 15.1637   Cb: 12.9763   Cr: 13.1315 )
00000431: 14.3463   (Y': 15.1479   Cb: 13.0292   Cr: 13.1409 )
00000432: 14.3409   (Y': 15.1656   Cb: 12.9646   Cr: 13.1388 )
00000433: 14.3163   (Y': 15.1227   Cb: 12.9765   Cr: 13.1222 )
00000434: 14.35     (Y': 15.1168   Cb: 13.0551   Cr: 13.2107 )
00000435: 14.3584   (Y': 15.1733   Cb: 13.0431   Cr: 13.118  )
00000436: 14.3434   (Y': 15.1641   Cb: 12.9896   Cr: 13.128  )
00000437: 14.3392   (Y': 15.1493   Cb: 13.0131   Cr: 13.1219 )
00000438: 14.3426   (Y': 15.1388   Cb: 13.0419   Cr: 13.134  )
00000439: 14.3306   (Y': 15.1526   Cb: 13.0023   Cr: 13.0855 )
00000441: 14.3531   (Y': 15.1333   Cb: 13.0374   Cr: 13.201  )
00000440: 14.3466   (Y': 15.1384   Cb: 13.0498   Cr: 13.1451 )
00000442: 14.3391   (Y': 15.1343   Cb: 13.037    Cr: 13.1347 )
00000443: 14.3232   (Y': 15.1113   Cb: 13.0597   Cr: 13.0973 )
00000444: 14.3086   (Y': 15.0719   Cb: 13.0362   Cr: 13.1547 )
00000445: 14.3071   (Y': 15.0764   Cb: 13.0389   Cr: 13.1337 )
00000447: 14.3058   (Y': 15.0834   Cb: 13.0171   Cr: 13.1324 )
00000446: 14.3188   (Y': 15.0973   Cb: 13.0127   Cr: 13.161  )
00000448: 14.3149   (Y': 15.0964   Cb: 13.0288   Cr: 13.1286 )
00000449: 14.2899   (Y': 15.0484   Cb: 13.0187   Cr: 13.1472 )
00000450: 14.2999   (Y': 15.0857   Cb: 13.0276   Cr: 13.0888 )
00000451: 14.3042   (Y': 15.0732   Cb: 13.0151   Cr: 13.1527 )
00000452: 14.3348   (Y': 15.1316   Cb: 13.0052   Cr: 13.1546 )
00000453: 14.3106   (Y': 15.1201   Cb: 12.966    Cr: 13.1136 )
00000454: 14.2978   (Y': 15.087    Cb: 12.9681   Cr: 13.1368 )
00000455: 14.3303   (Y': 15.0928   Cb: 13.0351   Cr: 13.2022 )
00000456: 14.3174   (Y': 15.1012   Cb: 13.0257   Cr: 13.131  )
00000457: 14.2905   (Y': 15.0764   Cb: 12.9974   Cr: 13.1001 )
00000458: 14.3175   (Y': 15.0981   Cb: 13.0383   Cr: 13.1266 )
00000459: 14.323    (Y': 15.0982   Cb: 13.0473   Cr: 13.1422 )
00000460: 14.2859   (Y': 15.0844   Cb: 12.9644   Cr: 13.0928 )
00000461: 14.304    (Y': 15.1126   Cb: 12.9605   Cr: 13.1083 )
00000462: 14.2991   (Y': 15.0564   Cb: 13.0302   Cr: 13.1572 )
00000463: 14.3171   (Y': 15.1014   Cb: 12.9912   Cr: 13.1649 )
00000464: 14.3039   (Y': 15.0785   Cb: 12.999    Cr: 13.1544 )
00000465: 14.3151   (Y': 15.091    Cb: 13.0139   Cr: 13.1587 )
00000466: 14.2935   (Y': 15.0728   Cb: 12.9896   Cr: 13.1311 )
00000467: 14.3374   (Y': 15.1035   Cb: 13.0609   Cr: 13.1807 )
00000468: 14.3066   (Y': 15.0749   Cb: 13.0059   Cr: 13.1692 )
00000469: 14.293    (Y': 15.07     Cb: 12.9984   Cr: 13.127  )
00000470: 14.3265   (Y': 15.1105   Cb: 13.02     Cr: 13.1548 )
00000471: 14.2992   (Y': 15.0899   Cb: 12.978    Cr: 13.1259 )
00000472: 14.3223   (Y': 15.1196   Cb: 13.0187   Cr: 13.1139 )
00000473: 14.3013   (Y': 15.0952   Cb: 12.996    Cr: 13.1031 )
00000474: 14.3478   (Y': 15.1607   Cb: 13.028    Cr: 13.117  )
00000475: 14.3018   (Y': 15.0947   Cb: 13.0169   Cr: 13.0856 )
00000476: 14.3341   (Y': 15.1262   Cb: 13.0168   Cr: 13.1531 )
00000477: 14.3247   (Y': 15.1268   Cb: 13.0448   Cr: 13.0805 )
00000478: 14.322    (Y': 15.1207   Cb: 13.0095   Cr: 13.1195 )
00000479: 14.3609   (Y': 15.1481   Cb: 13.058    Cr: 13.1772 )
00000480: 14.3213   (Y': 15.1325   Cb: 12.985    Cr: 13.1115 )
00000481: 14.3195   (Y': 15.1116   Cb: 13.0337   Cr: 13.1062 )
00000482: 14.3424   (Y': 15.1565   Cb: 13.0199   Cr: 13.1112 )
00000483: 14.3627   (Y': 15.1578   Cb: 13.0221   Cr: 13.198  )
00000484: 14.3379   (Y': 15.1325   Cb: 13.0362   Cr: 13.1344 )
00000485: 14.3416   (Y': 15.1467   Cb: 13.0385   Cr: 13.1131 )
00000486: 14.3622   (Y': 15.1747   Cb: 13.0354   Cr: 13.1393 )
00000487: 14.3225   (Y': 15.1431   Cb: 12.9751   Cr: 13.1007 )
00000488: 14.3395   (Y': 15.1406   Cb: 13.0317   Cr: 13.126  )
00000489: 14.3228   (Y': 15.1515   Cb: 12.9964   Cr: 13.0594 )
00000490: 14.3134   (Y': 15.1271   Cb: 12.9855   Cr: 13.0887 )
00000491: 14.2962   (Y': 15.1176   Cb: 12.9584   Cr: 13.0624 )
00000492: 14.3502   (Y': 15.159    Cb: 13.0277   Cr: 13.1325 )
00000493: 14.3514   (Y': 15.1472   Cb: 13.0669   Cr: 13.1274 )
00000494: 14.3276   (Y': 15.095    Cb: 13.0612   Cr: 13.1572 )
00000495: 14.3245   (Y': 15.1117   Cb: 13.0516   Cr: 13.1104 )
00000496: 14.3348   (Y': 15.1342   Cb: 13.0146   Cr: 13.138  )
00000497: 14.336    (Y': 15.1431   Cb: 13        Cr: 13.1364 )
00000498: 14.3381   (Y': 15.1262   Cb: 13.0233   Cr: 13.1647 )
00000499: 14.3372   (Y': 15.1507   Cb: 13.0255   Cr: 13.0967 )
00000500: 14.3192   (Y': 15.1413   Cb: 12.9996   Cr: 13.0653 )
00000501: 14.339    (Y': 15.1304   Cb: 13.0548   Cr: 13.1256 )
00000502: 14.356    (Y': 15.1683   Cb: 13.0339   Cr: 13.1291 )
00000503: 14.3574   (Y': 15.1649   Cb: 13.0076   Cr: 13.1707 )
00000504: 14.3264   (Y': 15.1365   Cb: 12.958    Cr: 13.1526 )
00000505: 14.3423   (Y': 15.1404   Cb: 13.0141   Cr: 13.157  )
00000506: 14.3332   (Y': 15.1432   Cb: 13.0212   Cr: 13.1014 )
00000507: 14.3572   (Y': 15.1752   Cb: 12.9962   Cr: 13.1558 )
00000508: 14.3768   (Y': 15.2022   Cb: 13.0412   Cr: 13.1309 )
00000509: 14.3891   (Y': 15.2212   Cb: 13.0425   Cr: 13.1378 )
00000510: 14.3713   (Y': 15.1675   Cb: 13.0838   Cr: 13.149  )
00000511: 14.3688   (Y': 15.1741   Cb: 13.0482   Cr: 13.1578 )
00000512: 14.3692   (Y': 15.1687   Cb: 13.0698   Cr: 13.1508 )
00000513: 14.3425   (Y': 15.1392   Cb: 13.0133   Cr: 13.1623 )
00000515: 14.3662   (Y': 15.1515   Cb: 13.0533   Cr: 13.1977 )
00000514: 14.38     (Y': 15.208    Cb: 13.0367   Cr: 13.1355 )
00000516: 14.3676   (Y': 15.1777   Cb: 13.026    Cr: 13.1658 )
00000517: 14.3807   (Y': 15.1781   Cb: 13.0474   Cr: 13.2028 )
00000519: 14.3709   (Y': 15.1831   Cb: 13.0119   Cr: 13.1821 )
00000518: 14.3749   (Y': 15.1762   Cb: 13.0493   Cr: 13.1789 )
00000520: 14.3752   (Y': 15.1809   Cb: 13.0477   Cr: 13.17   )
00000521: 14.3566   (Y': 15.1721   Cb: 13.0556   Cr: 13.1    )
00000523: 14.342    (Y': 15.1278   Cb: 13.0324   Cr: 13.1688 )
00000522: 14.3423   (Y': 15.1395   Cb: 13.0437   Cr: 13.1294 )
00000524: 14.3534   (Y': 15.1482   Cb: 13.0619   Cr: 13.1392 )
00000526: 14.3622   (Y': 15.1635   Cb: 13.0357   Cr: 13.1676 )
00000525: 14.3505   (Y': 15.1409   Cb: 12.9972   Cr: 13.2113 )
00000527: 14.3757   (Y': 15.1621   Cb: 13.1019   Cr: 13.1646 )
00000528: 14.3722   (Y': 15.1899   Cb: 13.0461   Cr: 13.1358 )
00000529: 14.3492   (Y': 15.148    Cb: 13.0232   Cr: 13.1603 )
00000530: 14.3575   (Y': 15.1523   Cb: 13.0589   Cr: 13.15   )
00000531: 14.3567   (Y': 15.1488   Cb: 13.0296   Cr: 13.1856 )
00000532: 14.3444   (Y': 15.1407   Cb: 13.05     Cr: 13.129  )
00000533: 14.3522   (Y': 15.156    Cb: 13.0062   Cr: 13.1709 )
00000534: 14.3308   (Y': 15.1088   Cb: 13.0044   Cr: 13.1952 )
00000535: 14.3285   (Y': 15.1075   Cb: 13.0142   Cr: 13.1777 )
00000537: 14.3441   (Y': 15.1375   Cb: 13.0679   Cr: 13.1176 )
00000536: 14.344    (Y': 15.1506   Cb: 13.027    Cr: 13.126  )
00000538: 14.3488   (Y': 15.1678   Cb: 13.0044   Cr: 13.1278 )
00000539: 14.3909   (Y': 15.1959   Cb: 13.0413   Cr: 13.2106 )
00000540: 14.3347   (Y': 15.1293   Cb: 13.0347   Cr: 13.1294 )
00000541: 14.3557   (Y': 15.1598   Cb: 13.0335   Cr: 13.1492 )
00000542: 14.3928   (Y': 15.2023   Cb: 13.0319   Cr: 13.2128 )
00000543: 14.4022   (Y': 15.2208   Cb: 13.0832   Cr: 13.1562 )
00000544: 14.3739   (Y': 15.2116   Cb: 12.993    Cr: 13.1437 )
00000545: 14.3746   (Y': 15.1431   Cb: 13.099    Cr: 13.2106 )
00000546: 14.355    (Y': 15.1391   Cb: 13.0427   Cr: 13.1891 )
00000547: 14.3643   (Y': 15.1622   Cb: 13.0667   Cr: 13.1482 )
00000548: 14.3916   (Y': 15.1868   Cb: 13.0681   Cr: 13.2092 )
00000549: 14.3291   (Y': 15.1081   Cb: 13.0386   Cr: 13.1539 )
00000550: 14.325    (Y': 15.1237   Cb: 13.0356   Cr: 13.0986 )
00000551: 14.3362   (Y': 15.1236   Cb: 13.0396   Cr: 13.1457 )
00000552: 14.3433   (Y': 15.1045   Cb: 13.0407   Cr: 13.2263 )
00000553: 14.3671   (Y': 15.1178   Cb: 13.1374   Cr: 13.2022 )
00000554: 14.3417   (Y': 15.112    Cb: 13.0392   Cr: 13.2013 )
00000555: 14.374    (Y': 15.1568   Cb: 13.0643   Cr: 13.2088 )
00000556: 14.379    (Y': 15.1799   Cb: 13.0336   Cr: 13.2044 )
00000557: 14.3339   (Y': 15.1202   Cb: 13.0775   Cr: 13.1052 )
00000558: 14.3368   (Y': 15.1287   Cb: 13.0118   Cr: 13.164  )
00000559: 14.3417   (Y': 15.1341   Cb: 13.036    Cr: 13.1481 )
00000560: 14.3431   (Y': 15.1131   Cb: 13.065    Cr: 13.178  )
00000561: 14.3498   (Y': 15.1434   Cb: 13.035    Cr: 13.1622 )
00000562: 14.3371   (Y': 15.1273   Cb: 13.0534   Cr: 13.1263 )
00000563: 14.3278   (Y': 15.1041   Cb: 13.0214   Cr: 13.1758 )
00000564: 14.3427   (Y': 15.123    Cb: 13.1044   Cr: 13.1111 )
00000565: 14.3636   (Y': 15.1306   Cb: 13.0885   Cr: 13.2029 )
00000566: 14.3317   (Y': 15.0908   Cb: 13.0455   Cr: 13.203  )
00000567: 14.3404   (Y': 15.1401   Cb: 13.0463   Cr: 13.1164 )
00000568: 14.3371   (Y': 15.1578   Cb: 12.9803   Cr: 13.1248 )
00000569: 14.3564   (Y': 15.1346   Cb: 13.067    Cr: 13.182  )
00000570: 14.3506   (Y': 15.1555   Cb: 13.0691   Cr: 13.1007 )
00000571: 14.3169   (Y': 15.1543   Cb: 12.9708   Cr: 13.0521 )
00000572: 14.3419   (Y': 15.1226   Cb: 13.0345   Cr: 13.1796 )
00000573: 14.358    (Y': 15.1679   Cb: 13.0442   Cr: 13.1285 )
00000574: 14.3601   (Y': 15.1532   Cb: 13.0526   Cr: 13.1662 )
00000575: 14.3467   (Y': 15.1796   Cb: 12.9532   Cr: 13.142  )
00000576: 14.3562   (Y': 15.1725   Cb: 13.0004   Cr: 13.1538 )
00000577: 14.3287   (Y': 15.1378   Cb: 13.0078   Cr: 13.1083 )
00000578: 14.3266   (Y': 15.1688   Cb: 12.9608   Cr: 13.07   )
00000579: 14.3452   (Y': 15.1335   Cb: 13.0575   Cr: 13.1431 )
00000580: 14.3172   (Y': 15.1379   Cb: 12.9806   Cr: 13.0839 )
00000581: 14.3526   (Y': 15.1627   Cb: 13.0042   Cr: 13.1584 )
00000582: 14.3204   (Y': 15.1243   Cb: 13.0079   Cr: 13.1045 )
00000583: 14.3195   (Y': 15.1426   Cb: 12.9892   Cr: 13.0738 )
00000584: 14.3337   (Y': 15.178    Cb: 12.9331   Cr: 13.1077 )
00000585: 14.3535   (Y': 15.1774   Cb: 12.9962   Cr: 13.1335 )
00000586: 14.3353   (Y': 15.1922   Cb: 12.9571   Cr: 13.0552 )
00000587: 14.3519   (Y': 15.1679   Cb: 13.0388   Cr: 13.1065 )
00000588: 14.3627   (Y': 15.1845   Cb: 13.0074   Cr: 13.1458 )
00000589: 14.3446   (Y': 15.1682   Cb: 13.0079   Cr: 13.104  )
00000590: 14.3474   (Y': 15.1752   Cb: 12.9638   Cr: 13.1447 )
00000591: 14.3469   (Y': 15.1694   Cb: 13.0083   Cr: 13.111  )
00000592: 14.3539   (Y': 15.1505   Cb: 13.0542   Cr: 13.1434 )
00000593: 14.3319   (Y': 15.1707   Cb: 12.9869   Cr: 13.0624 )
00000594: 14.3555   (Y': 15.1889   Cb: 13.0038   Cr: 13.1062 )
00000595: 14.3204   (Y': 15.1206   Cb: 12.9873   Cr: 13.1348 )
00000596: 14.309    (Y': 15.1034   Cb: 13.0478   Cr: 13.0651 )
00000598: 14.3157   (Y': 15.1202   Cb: 13.022    Cr: 13.0791 )
00000597: 14.3279   (Y': 15.1465   Cb: 13.0179   Cr: 13.0729 )
00000599: 14.3513   (Y': 15.1613   Cb: 13.0144   Cr: 13.1452 )
00000600: 14.3518   (Y': 15.1973   Cb: 12.9961   Cr: 13.0765 )
00000601: 14.3284   (Y': 15.1551   Cb: 13.0358   Cr: 13.0358 )
00000602: 14.347    (Y': 15.1775   Cb: 13.0179   Cr: 13.0817 )
00000603: 14.3479   (Y': 15.1696   Cb: 13.0167   Cr: 13.1067 )
00000604: 14.3277   (Y': 15.1569   Cb: 12.9791   Cr: 13.0858 )
00000605: 14.3349   (Y': 15.1328   Cb: 13.0113   Cr: 13.1459 )
00000606: 14.322    (Y': 15.1559   Cb: 12.9554   Cr: 13.0868 )
00000607: 14.3774   (Y': 15.1835   Cb: 13.0511   Cr: 13.1704 )
00000608: 14.3354   (Y': 15.1434   Cb: 13.0219   Cr: 13.1104 )
00000609: 14.3591   (Y': 15.1704   Cb: 13.0097   Cr: 13.1625 )
00000610: 14.3733   (Y': 15.1965   Cb: 13.016    Cr: 13.1548 )
00000611: 14.3688   (Y': 15.1951   Cb: 13.0273   Cr: 13.1265 )
00000612: 14.3398   (Y': 15.1442   Cb: 13.0171   Cr: 13.1333 )
00000613: 14.3381   (Y': 15.1852   Cb: 12.9387   Cr: 13.1039 )
00000614: 14.3505   (Y': 15.1751   Cb: 13.0503   Cr: 13.0708 )
00000615: 14.3265   (Y': 15.1278   Cb: 13.0062   Cr: 13.1251 )
00000616: 14.3318   (Y': 15.1383   Cb: 12.9951   Cr: 13.134  )
00000617: 14.3355   (Y': 15.1431   Cb: 13.0245   Cr: 13.1089 )
00000618: 14.3325   (Y': 15.1278   Cb: 13.0227   Cr: 13.1355 )
00000619: 14.333    (Y': 15.1419   Cb: 12.9826   Cr: 13.1435 )
00000620: 14.3667   (Y': 15.1586   Cb: 13.088    Cr: 13.1464 )
00000622: 14.3295   (Y': 15.1526   Cb: 13.0402   Cr: 13.0424 )
00000621: 14.3295   (Y': 15.1356   Cb: 13.012    Cr: 13.1134 )
00000623: 14.3285   (Y': 15.1539   Cb: 12.9877   Cr: 13.088  )
00000624: 14.3618   (Y': 15.1596   Cb: 13.0744   Cr: 13.1355 )
00000625: 14.3334   (Y': 15.1589   Cb: 13.0054   Cr: 13.0795 )
00000626: 14.3518   (Y': 15.164    Cb: 13.0057   Cr: 13.1497 )
00000627: 14.3348   (Y': 15.1479   Cb: 13.0075   Cr: 13.1112 )
00000628: 14.3382   (Y': 15.1479   Cb: 13.0328   Cr: 13.1006 )
00000629: 14.3318   (Y': 15.1347   Cb: 13.0404   Cr: 13.097  )
00000630: 14.3466   (Y': 15.155    Cb: 13.0562   Cr: 13.0971 )
00000631: 14.3247   (Y': 15.1337   Cb: 13.0122   Cr: 13.0963 )
00000632: 14.3244   (Y': 15.1355   Cb: 13.0053   Cr: 13.0973 )
00000633: 14.3431   (Y': 15.1459   Cb: 13.0414   Cr: 13.1189 )
00000634: 14.3575   (Y': 15.1522   Cb: 13.0533   Cr: 13.1563 )
00000635: 14.3485   (Y': 15.1536   Cb: 13.0403   Cr: 13.1253 )
00000636: 14.33     (Y': 15.1568   Cb: 12.9546   Cr: 13.1216 )
00000637: 14.3347   (Y': 15.12     Cb: 13.0558   Cr: 13.1312 )
00000638: 14.3272   (Y': 15.1459   Cb: 12.9843   Cr: 13.1055 )
00000639: 14.3361   (Y': 15.1492   Cb: 13.0111   Cr: 13.1099 )
00000640: 14.3278   (Y': 15.1114   Cb: 13.0397   Cr: 13.1383 )
00000641: 14.3188   (Y': 15.1202   Cb: 13.0266   Cr: 13.0886 )
00000642: 14.3359   (Y': 15.1475   Cb: 12.9876   Cr: 13.1373 )
00000643: 14.308    (Y': 15.1194   Cb: 12.9923   Cr: 13.0768 )
00000644: 14.3367   (Y': 15.1402   Cb: 13.0533   Cr: 13.0921 )
00000645: 14.3596   (Y': 15.168    Cb: 13.0427   Cr: 13.1369 )
00000646: 14.348    (Y': 15.173    Cb: 13.0346   Cr: 13.0806 )
00000647: 14.3481   (Y': 15.1333   Cb: 13.0372   Cr: 13.1779 )
00000648: 14.3518   (Y': 15.1345   Cb: 13.0909   Cr: 13.1371 )
00000649: 14.3262   (Y': 15.1434   Cb: 13.0106   Cr: 13.0804 )
00000650: 14.3312   (Y': 15.1331   Cb: 13.0419   Cr: 13.0966 )
00000651: 14.3369   (Y': 15.1512   Cb: 13.0061   Cr: 13.1135 )
00000652: 14.3522   (Y': 15.1457   Cb: 13.049    Cr: 13.1529 )
00000653: 14.341    (Y': 15.1561   Cb: 12.9837   Cr: 13.1432 )
00000654: 14.3249   (Y': 15.1383   Cb: 13.0138   Cr: 13.0839 )
00000655: 14.3333   (Y': 15.1412   Cb: 12.996    Cr: 13.1326 )
00000656: 14.3365   (Y': 15.1285   Cb: 13.0369   Cr: 13.1376 )
00000657: 14.3658   (Y': 15.1533   Cb: 13.0972   Cr: 13.1467 )
00000658: 14.3292   (Y': 15.1485   Cb: 12.9852   Cr: 13.107  )
00000659: 14.3466   (Y': 15.1646   Cb: 12.9623   Cr: 13.1693 )
00000660: 14.3439   (Y': 15.15     Cb: 13.0477   Cr: 13.1059 )
00000661: 14.3463   (Y': 15.1746   Cb: 13.0176   Cr: 13.0863 )
00000662: 14.3685   (Y': 15.1628   Cb: 13.0481   Cr: 13.1852 )
00000663: 14.3425   (Y': 15.1489   Cb: 13.0231   Cr: 13.1274 )
00000664: 14.3544   (Y': 15.1662   Cb: 13.0594   Cr: 13.1008 )
00000665: 14.3183   (Y': 15.1235   Cb: 12.9705   Cr: 13.1355 )
00000666: 14.361    (Y': 15.1707   Cb: 13.0829   Cr: 13.0957 )
00000667: 14.3386   (Y': 15.1141   Cb: 13.0399   Cr: 13.181  )
00000668: 14.3409   (Y': 15.1548   Cb: 13.0433   Cr: 13.0849 )
00000670: 14.3382   (Y': 15.1533   Cb: 13.0206   Cr: 13.0994 )
00000669: 14.3539   (Y': 15.1572   Cb: 13.0729   Cr: 13.1076 )
00000671: 14.3327   (Y': 15.1356   Cb: 13.042    Cr: 13.0972 )
00000672: 14.3521   (Y': 15.1212   Cb: 13.0934   Cr: 13.1693 )
00000673: 14.3384   (Y': 15.1346   Cb: 13.033    Cr: 13.1348 )
00000674: 14.3595   (Y': 15.1763   Cb: 13.0664   Cr: 13.0917 )
00000675: 14.3356   (Y': 15.1355   Cb: 13.0654   Cr: 13.0871 )
00000676: 14.2997   (Y': 15.1      Cb: 13.0301   Cr: 13.0497 )
00000677: 14.3613   (Y': 15.1458   Cb: 13.0707   Cr: 13.1722 )
00000678: 14.322    (Y': 15.1146   Cb: 13.0489   Cr: 13.0942 )
00000679: 14.3498   (Y': 15.1363   Cb: 13.0528   Cr: 13.1622 )
00000680: 14.3402   (Y': 15.1475   Cb: 13.0259   Cr: 13.1179 )
00000681: 14.3182   (Y': 15.1273   Cb: 12.9714   Cr: 13.1244 )
00000682: 14.3234   (Y': 15.1279   Cb: 13.0297   Cr: 13.0869 )
00000683: 14.3231   (Y': 15.1069   Cb: 13.0848   Cr: 13.0825 )
00000684: 14.3567   (Y': 15.1595   Cb: 13.0245   Cr: 13.1639 )
00000685: 14.3419   (Y': 15.1514   Cb: 13.022    Cr: 13.1196 )
00000686: 14.3535   (Y': 15.1481   Cb: 13.0557   Cr: 13.1458 )
00000687: 14.3423   (Y': 15.147    Cb: 13.0262   Cr: 13.1279 )
00000688: 14.3686   (Y': 15.1612   Cb: 13.0486   Cr: 13.1889 )
00000689: 14.3494   (Y': 15.1369   Cb: 13.037    Cr: 13.175  )
00000690: 14.3738   (Y': 15.1757   Cb: 13.0747   Cr: 13.1492 )
00000691: 14.3697   (Y': 15.2021   Cb: 13.0256   Cr: 13.1151 )
00000692: 14.3521   (Y': 15.1904   Cb: 12.998    Cr: 13.0929 )
00000693: 14.3355   (Y': 15.1481   Cb: 13.0199   Cr: 13.1011 )
00000694: 14.3611   (Y': 15.1477   Cb: 13.0479   Cr: 13.1896 )
00000695: 14.367    (Y': 15.1565   Cb: 13.0704   Cr: 13.1713 )
00000696: 14.3126   (Y': 15.1337   Cb: 12.9562   Cr: 13.0988 )
00000697: 14.351    (Y': 15.1697   Cb: 13.032    Cr: 13.1048 )
00000698: 14.3227   (Y': 15.1213   Cb: 13.0362   Cr: 13.0935 )
00000699: 14.3407   (Y': 15.14     Cb: 13.0562   Cr: 13.108  )
00000700: 14.3337   (Y': 15.1182   Cb: 13.0623   Cr: 13.1247 )
00000701: 14.3464   (Y': 15.1349   Cb: 13.0034   Cr: 13.2012 )
00000702: 14.3219   (Y': 15.1401   Cb: 13.0127   Cr: 13.0668 )
00000703: 14.3382   (Y': 15.1188   Cb: 13.0367   Cr: 13.1701 )
00000705: 14.3543   (Y': 15.1439   Cb: 13.044    Cr: 13.1725 )
00000704: 14.3473   (Y': 15.1482   Cb: 13.0442   Cr: 13.1296 )
00000706: 14.371    (Y': 15.1659   Cb: 13.0732   Cr: 13.1628 )
00000707: 14.3287   (Y': 15.1655   Cb: 12.939    Cr: 13.11   )
00000708: 14.3516   (Y': 15.1456   Cb: 13.0818   Cr: 13.1172 )
00000709: 14.3683   (Y': 15.1523   Cb: 13.0924   Cr: 13.165  )
00000710: 14.3478   (Y': 15.1622   Cb: 12.9874   Cr: 13.1549 )
00000711: 14.3684   (Y': 15.1766   Cb: 13.0944   Cr: 13.1027 )
00000712: 14.3533   (Y': 15.1455   Cb: 13.0641   Cr: 13.1433 )
00000713: 14.3258   (Y': 15.1256   Cb: 13.0557   Cr: 13.0773 )
00000714: 14.3547   (Y': 15.163    Cb: 13.028    Cr: 13.1423 )
00000715: 14.3402   (Y': 15.1463   Cb: 13.0013   Cr: 13.1461 )
00000716: 14.3509   (Y': 15.1636   Cb: 13.0539   Cr: 13.0975 )
00000717: 14.3515   (Y': 15.1387   Cb: 13.0459   Cr: 13.1706 )
00000718: 14.3266   (Y': 15.1465   Cb: 13.0085   Cr: 13.0764 )
00000719: 14.3288   (Y': 15.1504   Cb: 13.011    Cr: 13.0741 )
00000720: 14.3367   (Y': 15.1133   Cb: 13.0513   Cr: 13.1622 )
00000721: 14.3529   (Y': 15.1792   Cb: 13.0383   Cr: 13.0836 )
00000722: 14.3554   (Y': 15.1597   Cb: 13.0699   Cr: 13.1109 )
00000723: 14.371    (Y': 15.1705   Cb: 13.0773   Cr: 13.1468 )
00000724: 14.3626   (Y': 15.1433   Cb: 13.0846   Cr: 13.1699 )
00000725: 14.3663   (Y': 15.165    Cb: 13.102    Cr: 13.1146 )
00000727: 14.3474   (Y': 15.1251   Cb: 13.1235   Cr: 13.1081 )
00000726: 14.3624   (Y': 15.1483   Cb: 13.0861   Cr: 13.1551 )
00000728: 14.3506   (Y': 15.1444   Cb: 13.0346   Cr: 13.164  )
00000729: 14.375    (Y': 15.1799   Cb: 13.0583   Cr: 13.1611 )
00000730: 14.3558   (Y': 15.1582   Cb: 13.0441   Cr: 13.1427 )
00000731: 14.357    (Y': 15.1712   Cb: 13.0566   Cr: 13.1033 )
00000732: 14.3412   (Y': 15.1184   Cb: 13.1194   Cr: 13.1009 )
00000733: 14.3439   (Y': 15.1405   Cb: 13.0198   Cr: 13.1582 )
00000734: 14.3504   (Y': 15.1714   Cb: 13.0131   Cr: 13.1173 )
00000735: 14.3525   (Y': 15.1372   Cb: 13.0715   Cr: 13.153  )
00000736: 14.3544   (Y': 15.1382   Cb: 13.0852   Cr: 13.1452 )
00000737: 14.364    (Y': 15.1506   Cb: 13.093    Cr: 13.1495 )
00000738: 14.3272   (Y': 15.1324   Cb: 13.0506   Cr: 13.0718 )
00000739: 14.3337   (Y': 15.1327   Cb: 13.0662   Cr: 13.0847 )
00000740: 14.351    (Y': 15.1392   Cb: 13.0805   Cr: 13.1323 )
00000741: 14.3506   (Y': 15.1345   Cb: 13.0634   Cr: 13.1592 )
00000742: 14.3551   (Y': 15.1425   Cb: 13.0562   Cr: 13.167  )
00000743: 14.3375   (Y': 15.1282   Cb: 13.0757   Cr: 13.1033 )
00000744: 14.3464   (Y': 15.1434   Cb: 13.0644   Cr: 13.1168 )
00000745: 14.354    (Y': 15.1224   Cb: 13.0671   Cr: 13.2021 )
00000746: 14.3679   (Y': 15.1632   Cb: 13.0661   Cr: 13.1629 )
00000747: 14.3428   (Y': 15.1487   Cb: 13.0488   Cr: 13.1034 )
00000748: 14.359    (Y': 15.165    Cb: 13.0639   Cr: 13.1201 )
00000749: 14.3575   (Y': 15.1709   Cb: 13.0641   Cr: 13.0984 )
00000750: 14.349    (Y': 15.1736   Cb: 12.983    Cr: 13.1362 )
00000751: 14.3385   (Y': 15.1296   Cb: 13.0932   Cr: 13.0866 )
00000752: 14.3539   (Y': 15.1446   Cb: 13.0755   Cr: 13.1364 )
00000753: 14.3603   (Y': 15.1447   Cb: 13.0719   Cr: 13.1688 )
00000754: 14.3516   (Y': 15.1496   Cb: 13.0738   Cr: 13.1153 )
00000755: 14.3386   (Y': 15.1106   Cb: 13.0518   Cr: 13.1771 )
00000756: 14.3521   (Y': 15.1548   Cb: 13.0515   Cr: 13.127  )
00000757: 14.3591   (Y': 15.1317   Cb: 13.08     Cr: 13.1886 )
00000758: 14.3319   (Y': 15.1253   Cb: 13.0767   Cr: 13.0843 )
00000759: 14.3461   (Y': 15.1386   Cb: 13.0584   Cr: 13.1336 )
00000760: 14.3678   (Y': 15.1679   Cb: 13.072    Cr: 13.1446 )
00000761: 14.3237   (Y': 15.1025   Cb: 13.0467   Cr: 13.1349 )
00000762: 14.3272   (Y': 15.141    Cb: 13.0077   Cr: 13.0936 )
00000763: 14.3678   (Y': 15.1614   Cb: 13.062    Cr: 13.1709 )
00000764: 14.3653   (Y': 15.1533   Cb: 13.0767   Cr: 13.1649 )
00000765: 14.3419   (Y': 15.1461   Cb: 13.0404   Cr: 13.114  )
00000766: 14.3613   (Y': 15.1731   Cb: 13.0598   Cr: 13.1145 )
00000767: 14.3374   (Y': 15.1461   Cb: 13.0295   Cr: 13.1047 )
00000768: 14.3431   (Y': 15.1479   Cb: 13.0603   Cr: 13.0946 )
00000769: 14.3579   (Y': 15.1475   Cb: 13.0568   Cr: 13.1665 )
00000770: 14.3333   (Y': 15.1207   Cb: 13.0204   Cr: 13.1596 )
00000771: 14.3405   (Y': 15.1539   Cb: 13.019    Cr: 13.1103 )
00000772: 14.3562   (Y': 15.1534   Cb: 13.0727   Cr: 13.1278 )
00000773: 14.3534   (Y': 15.141    Cb: 13.0549   Cr: 13.1645 )
00000774: 14.3333   (Y': 15.1344   Cb: 13.0489   Cr: 13.0959 )
00000775: 14.3253   (Y': 15.1254   Cb: 13.041    Cr: 13.0902 )
00000776: 14.3529   (Y': 15.1245   Cb: 13.0973   Cr: 13.1607 )
00000777: 14.3309   (Y': 15.1222   Cb: 13.0357   Cr: 13.1292 )
00000778: 14.3678   (Y': 15.1582   Cb: 13.0837   Cr: 13.1569 )
00000779: 14.3507   (Y': 15.1538   Cb: 12.9933   Cr: 13.1834 )
00000780: 14.3483   (Y': 15.1714   Cb: 13.0086   Cr: 13.1122 )
00000781: 14.3646   (Y': 15.1706   Cb: 13.074    Cr: 13.1211 )
00000782: 14.3572   (Y': 15.1597   Cb: 13.0517   Cr: 13.1376 )
00000783: 14.3621   (Y': 15.1885   Cb: 13.0187   Cr: 13.1217 )
00000784: 14.3455   (Y': 15.1471   Cb: 13.0574   Cr: 13.1105 )
00000785: 14.3557   (Y': 15.1349   Cb: 13.1221   Cr: 13.122  )
00000786: 14.3455   (Y': 15.1363   Cb: 13.0452   Cr: 13.15   )
00000787: 14.3736   (Y': 15.1849   Cb: 13.0658   Cr: 13.1345 )
00000788: 14.3439   (Y': 15.1371   Cb: 13.0204   Cr: 13.1664 )
00000789: 14.3474   (Y': 15.1449   Cb: 13.0322   Cr: 13.1504 )
00000790: 14.3774   (Y': 15.1733   Cb: 13.0826   Cr: 13.1637 )
00000791: 14.3245   (Y': 15.0916   Cb: 13.0798   Cr: 13.1326 )
00000792: 14.3838   (Y': 15.1942   Cb: 13.1035   Cr: 13.1189 )
00000793: 14.3574   (Y': 15.155    Cb: 13.0839   Cr: 13.1177 )
00000794: 14.3254   (Y': 15.1559   Cb: 12.9646   Cr: 13.0924 )
00000795: 14.3429   (Y': 15.1532   Cb: 13.0635   Cr: 13.0778 )
00000796: 14.3565   (Y': 15.1332   Cb: 13.1284   Cr: 13.1235 )
00000797: 14.3373   (Y': 15.1498   Cb: 13.0252   Cr: 13.0995 )
00000798: 14.3181   (Y': 15.1399   Cb: 12.9815   Cr: 13.0821 )
00000799: 14.3028   (Y': 15.1256   Cb: 13.0085   Cr: 13.0216 )
00000800: 14.3389   (Y': 15.1638   Cb: 13.0525   Cr: 13.0447 )
00000801: 14.3209   (Y': 15.138    Cb: 13.006    Cr: 13.0745 )
00000802: 14.3623   (Y': 15.1957   Cb: 13.0076   Cr: 13.1161 )
00000803: 14.299    (Y': 15.0948   Cb: 12.9902   Cr: 13.0996 )
00000804: 14.3389   (Y': 15.1242   Cb: 13.058    Cr: 13.1378 )
00000805: 14.3366   (Y': 15.1408   Cb: 13.0349   Cr: 13.1089 )
00000806: 14.34     (Y': 15.1311   Cb: 13.0426   Cr: 13.1412 )
00000807: 14.3461   (Y': 15.1675   Cb: 13.0253   Cr: 13.0953 )
00000808: 14.351    (Y': 15.176    Cb: 13.0166   Cr: 13.105  )
00000809: 14.3131   (Y': 15.1017   Cb: 13.0102   Cr: 13.1259 )
00000810: 14.3128   (Y': 15.1249   Cb: 13.014    Cr: 13.0627 )
00000811: 14.3147   (Y': 15.1276   Cb: 12.9963   Cr: 13.0824 )
00000812: 14.3456   (Y': 15.1589   Cb: 13.0352   Cr: 13.104  )
00000813: 14.3261   (Y': 15.143    Cb: 12.99     Cr: 13.1019 )
00000814: 14.3061   (Y': 15.1162   Cb: 13.008    Cr: 13.0602 )
00000815: 14.3335   (Y': 15.1352   Cb: 13.011    Cr: 13.1336 )
00000816: 14.3168   (Y': 15.144    Cb: 12.9839   Cr: 13.0636 )
00000817: 14.3452   (Y': 15.1591   Cb: 13.042    Cr: 13.0949 )
00000818: 14.3603   (Y': 15.1951   Cb: 13.0286   Cr: 13.0872 )
00000819: 14.373    (Y': 15.1964   Cb: 13.06     Cr: 13.1091 )
00000820: 14.3651   (Y': 15.1764   Cb: 13.0591   Cr: 13.1239 )
00000821: 14.3786   (Y': 15.1876   Cb: 13.078    Cr: 13.1378 )
00000822: 14.3615   (Y': 15.1734   Cb: 13.0602   Cr: 13.1145 )
00000823: 14.3799   (Y': 15.1897   Cb: 13.0484   Cr: 13.1688 )
00000824: 14.3687   (Y': 15.174    Cb: 13.0434   Cr: 13.1624 )
00000825: 14.3755   (Y': 15.1827   Cb: 13.0737   Cr: 13.1407 )
00000826: 14.3691   (Y': 15.1833   Cb: 13.0409   Cr: 13.1434 )
00000827: 14.3359   (Y': 15.1578   Cb: 12.9842   Cr: 13.115  )
00000828: 14.3308   (Y': 15.1669   Cb: 12.9802   Cr: 13.0737 )
00000829: 14.3477   (Y': 15.156    Cb: 13.0098   Cr: 13.147  )
00000830: 14.3623   (Y': 15.1797   Cb: 13.0372   Cr: 13.1255 )
00000831: 14.3666   (Y': 15.1975   Cb: 13.048    Cr: 13.0897 )
00000832: 14.3451   (Y': 15.1627   Cb: 13.0127   Cr: 13.1153 )
00000833: 14.3792   (Y': 15.2023   Cb: 13.0467   Cr: 13.1357 )
00000834: 14.3376   (Y': 15.1653   Cb: 12.9872   Cr: 13.1013 )
00000835: 14.3265   (Y': 15.1292   Cb: 13.0409   Cr: 13.0863 )
00000836: 14.3284   (Y': 15.1568   Cb: 12.996    Cr: 13.0715 )
00000837: 14.3539   (Y': 15.1612   Cb: 13.0464   Cr: 13.1242 )
00000838: 14.3585   (Y': 15.1524   Cb: 13.0752   Cr: 13.1381 )
00000839: 14.3595   (Y': 15.1527   Cb: 13.0654   Cr: 13.152  )
00000840: 14.3613   (Y': 15.1748   Cb: 13.0649   Cr: 13.1049 )
00000841: 14.3278   (Y': 15.1391   Cb: 13.0348   Cr: 13.0735 )
00000842: 14.3299   (Y': 15.1245   Cb: 13.0325   Cr: 13.1219 )
00000843: 14.3283   (Y': 15.1399   Cb: 13.0373   Cr: 13.0711 )
00000844: 14.3481   (Y': 15.1715   Cb: 13.0237   Cr: 13.0957 )
00000845: 14.3311   (Y': 15.1228   Cb: 13.0792   Cr: 13.0845 )
00000846: 14.3596   (Y': 15.1444   Cb: 13.082    Cr: 13.1564 )
00000847: 14.355    (Y': 15.1533   Cb: 13.0397   Cr: 13.1562 )
00000848: 14.3456   (Y': 15.1606   Cb: 13.0681   Cr: 13.0667 )
00000849: 14.3432   (Y': 15.1599   Cb: 12.9974   Cr: 13.1293 )
00000850: 14.3499   (Y': 15.1426   Cb: 13.0652   Cr: 13.1339 )
00000851: 14.3529   (Y': 15.142    Cb: 13.0826   Cr: 13.1313 )
00000852: 14.3521   (Y': 15.1262   Cb: 13.1014   Cr: 13.1488 )
00000853: 14.3451   (Y': 15.1197   Cb: 13.0858   Cr: 13.1491 )
00000854: 14.3657   (Y': 15.1801   Cb: 13.0509   Cr: 13.126  )
00000855: 14.3423   (Y': 15.1529   Cb: 13.0569   Cr: 13.0822 )
00000856: 14.3551   (Y': 15.1629   Cb: 13.0578   Cr: 13.1139 )
00000857: 14.3498   (Y': 15.1422   Cb: 13.0666   Cr: 13.1332 )
00000858: 14.3418   (Y': 15.1272   Cb: 13.0896   Cr: 13.1116 )
00000859: 14.3453   (Y': 15.1394   Cb: 13.054    Cr: 13.1324 )
00000860: 14.364    (Y': 15.1603   Cb: 13.0639   Cr: 13.1548 )
00000861: 14.3338   (Y': 15.129    Cb: 13.0703   Cr: 13.09   )
00000862: 14.3664   (Y': 15.1558   Cb: 13.0851   Cr: 13.1554 )
00000863: 14.3259   (Y': 15.0995   Cb: 13.0444   Cr: 13.1551 )
00000864: 14.3393   (Y': 15.1371   Cb: 13.0177   Cr: 13.1482 )
00000865: 14.3373   (Y': 15.1496   Cb: 13.0198   Cr: 13.1056 )
00000866: 14.3677   (Y': 15.1596   Cb: 13.0775   Cr: 13.1593 )
00000867: 14.3445   (Y': 15.1444   Cb: 13.0613   Cr: 13.1088 )
00000868: 14.3314   (Y': 15.1409   Cb: 13.0158   Cr: 13.1047 )
00000869: 14.3495   (Y': 15.1518   Cb: 13.08     Cr: 13.0942 )
00000870: 14.3423   (Y': 15.1507   Cb: 13.0195   Cr: 13.1257 )
00000871: 14.3392   (Y': 15.125    Cb: 13.0646   Cr: 13.1302 )
00000872: 14.3317   (Y': 15.1425   Cb: 13.0325   Cr: 13.0849 )
00000873: 14.3543   (Y': 15.1417   Cb: 13.0418   Cr: 13.1804 )
00000874: 14.3788   (Y': 15.1736   Cb: 13.0417   Cr: 13.2111 )
00000875: 14.3498   (Y': 15.1434   Cb: 13.0776   Cr: 13.1188 )
00000876: 14.3392   (Y': 15.1513   Cb: 13.0741   Cr: 13.0548 )
00000877: 14.3408   (Y': 15.1299   Cb: 13.0164   Cr: 13.1748 )
00000878: 14.341    (Y': 15.1341   Cb: 13.096    Cr: 13.0841 )
00000879: 14.3271   (Y': 15.1434   Cb: 13        Cr: 13.095  )
00000880: 14.3398   (Y': 15.1507   Cb: 13.0186   Cr: 13.115  )
00000881: 14.3291   (Y': 15.1295   Cb: 13.031    Cr: 13.1073 )
00000882: 14.3507   (Y': 15.1527   Cb: 13.0514   Cr: 13.1263 )
00000883: 14.3995   (Y': 15.203    Cb: 13.0954   Cr: 13.1759 )
00000884: 14.3712   (Y': 15.1763   Cb: 13.0955   Cr: 13.115  )
00000885: 14.3621   (Y': 15.1881   Cb: 13.0494   Cr: 13.0914 )
00000886: 14.3436   (Y': 15.1651   Cb: 13.0614   Cr: 13.0533 )
00000887: 14.3503   (Y': 15.1909   Cb: 12.9971   Cr: 13.0848 )
00000888: 14.324    (Y': 15.1117   Cb: 13.0229   Cr: 13.1374 )
00000889: 14.3484   (Y': 15.142    Cb: 13.0735   Cr: 13.1201 )
00000890: 14.3538   (Y': 15.1619   Cb: 13.0282   Cr: 13.1408 )
00000891: 14.3509   (Y': 15.1743   Cb: 13.0249   Cr: 13.0999 )
00000892: 14.3716   (Y': 15.1643   Cb: 13.0851   Cr: 13.1574 )
00000893: 14.3548   (Y': 15.1636   Cb: 13.0293   Cr: 13.1398 )
00000894: 14.3668   (Y': 15.1718   Cb: 13.0402   Cr: 13.1626 )
00000895: 14.3706   (Y': 15.1686   Cb: 13.061    Cr: 13.1666 )
00000896: 14.3783   (Y': 15.1815   Cb: 13.0639   Cr: 13.1659 )
00000897: 14.3641   (Y': 15.1972   Cb: 13.0008   Cr: 13.1277 )
00000898: 14.3708   (Y': 15.1839   Cb: 13.0623   Cr: 13.1278 )
00000899: 14.3965   (Y': 15.2192   Cb: 13.0844   Cr: 13.1335 )
00000900: 14.3621   (Y': 15.165    Cb: 13.0839   Cr: 13.1141 )
00000901: 14.3627   (Y': 15.1445   Cb: 13.0741   Cr: 13.1784 )
00000902: 14.3925   (Y': 15.2067   Cb: 13.0755   Cr: 13.1556 )
00000903: 14.3865   (Y': 15.1749   Cb: 13.1003   Cr: 13.1829 )
00000904: 14.4009   (Y': 15.2009   Cb: 13.1097   Cr: 13.1733 )
00000905: 14.371    (Y': 15.1621   Cb: 13.0573   Cr: 13.1886 )
00000906: 14.3696   (Y': 15.1677   Cb: 13.0688   Cr: 13.1565 )
00000907: 14.3706   (Y': 15.1558   Cb: 13.0728   Cr: 13.187  )
00000908: 14.3647   (Y': 15.168    Cb: 13.0375   Cr: 13.1654 )
00000909: 14.3787   (Y': 15.1634   Cb: 13.1327   Cr: 13.1435 )
00000910: 14.3434   (Y': 15.1251   Cb: 13.0846   Cr: 13.1288 )
00000911: 14.3287   (Y': 15.1264   Cb: 13.0511   Cr: 13.0927 )
00000912: 14.3692   (Y': 15.1552   Cb: 13.0767   Cr: 13.1779 )
00000913: 14.3664   (Y': 15.1517   Cb: 13.0761   Cr: 13.175  )
00000914: 14.3327   (Y': 15.1305   Cb: 13.0567   Cr: 13.0952 )
00000915: 14.3355   (Y': 15.1178   Cb: 13.0267   Cr: 13.1707 )
00000916: 14.3726   (Y': 15.1564   Cb: 13.0907   Cr: 13.1761 )
00000917: 14.3425   (Y': 15.1713   Cb: 12.9943   Cr: 13.1011 )
00000918: 14.3304   (Y': 15.1154   Cb: 13.0503   Cr: 13.1292 )
00000919: 14.3645   (Y': 15.162    Cb: 13.016    Cr: 13.2021 )
00000920: 14.3755   (Y': 15.1567   Cb: 13.115    Cr: 13.1639 )
00000921: 14.33     (Y': 15.1322   Cb: 13.0323   Cr: 13.1034 )
00000922: 14.3519   (Y': 15.1485   Cb: 13.0481   Cr: 13.1452 )
00000923: 14.3275   (Y': 15.1107   Cb: 13.0511   Cr: 13.127  )
00000924: 14.3677   (Y': 15.1632   Cb: 13.0976   Cr: 13.1301 )
00000925: 14.3465   (Y': 15.1349   Cb: 13.068    Cr: 13.1352 )
00000926: 14.3857   (Y': 15.1779   Cb: 13.0813   Cr: 13.1914 )
00000927: 14.3504   (Y': 15.1467   Cb: 13.0321   Cr: 13.1594 )
00000928: 14.3253   (Y': 15.1002   Cb: 13.0388   Cr: 13.1563 )
00000929: 14.3591   (Y': 15.1417   Cb: 13.0717   Cr: 13.1713 )
00000930: 14.3605   (Y': 15.1719   Cb: 12.9941   Cr: 13.1816 )
00000931: 14.374    (Y': 15.1836   Cb: 13.0709   Cr: 13.1344 )
00000932: 14.3285   (Y': 15.1124   Cb: 13.0209   Cr: 13.1581 )
00000933: 14.3796   (Y': 15.1596   Cb: 13.0855   Cr: 13.2051 )
00000934: 14.3661   (Y': 15.1587   Cb: 13.1125   Cr: 13.1192 )
00000935: 14.3729   (Y': 15.1623   Cb: 13.0895   Cr: 13.1638 )
00000936: 14.3932   (Y': 15.1987   Cb: 13.0708   Cr: 13.1835 )
00000937: 14.3567   (Y': 15.1559   Cb: 13.0501   Cr: 13.1468 )
00000938: 14.358    (Y': 15.1628   Cb: 13.0854   Cr: 13.0993 )
00000939: 14.364    (Y': 15.1669   Cb: 13.0651   Cr: 13.1369 )
00000940: 14.3552   (Y': 15.1513   Cb: 13.0521   Cr: 13.1495 )
00000941: 14.3587   (Y': 15.175    Cb: 13.0284   Cr: 13.1299 )
00000942: 14.3713   (Y': 15.1519   Cb: 13.1034   Cr: 13.1686 )
00000943: 14.3554   (Y': 15.1656   Cb: 13.1039   Cr: 13.0625 )
00000944: 14.3647   (Y': 15.1841   Cb: 13.0426   Cr: 13.1199 )
00000945: 14.3316   (Y': 15.148    Cb: 13.0304   Cr: 13.0733 )
00000946: 14.3647   (Y': 15.1671   Cb: 13.0691   Cr: 13.1354 )
00000947: 14.3708   (Y': 15.1556   Cb: 13.1272   Cr: 13.1329 )
00000948: 14.3763   (Y': 15.1549   Cb: 13.106    Cr: 13.1814 )
00000949: 14.3544   (Y': 15.1595   Cb: 13.0757   Cr: 13.1011 )
00000950: 14.3462   (Y': 15.1571   Cb: 13.0304   Cr: 13.1164 )
00000951: 14.3317   (Y': 15.1104   Cb: 13.0937   Cr: 13.1035 )
00000952: 14.3551   (Y': 15.1446   Cb: 13.0985   Cr: 13.1188 )
00000953: 14.3466   (Y': 15.1402   Cb: 13.0341   Cr: 13.1569 )
00000954: 14.367    (Y': 15.1768   Cb: 13.0585   Cr: 13.1323 )
00000955: 14.3691   (Y': 15.1492   Cb: 13.0806   Cr: 13.1889 )
00000956: 14.3264   (Y': 15.1255   Cb: 13.043    Cr: 13.0928 )
00000957: 14.3418   (Y': 15.1228   Cb: 13.0374   Cr: 13.1754 )
00000958: 14.3135   (Y': 15.0975   Cb: 13.0399   Cr: 13.1081 )
00000959: 14.3257   (Y': 15.1093   Cb: 13.0675   Cr: 13.1057 )
00000960: 14.3513   (Y': 15.1192   Cb: 13.1016   Cr: 13.1624 )
00000961: 14.3385   (Y': 15.1294   Cb: 13.0856   Cr: 13.0949 )
00000962: 14.3528   (Y': 15.1163   Cb: 13.11     Cr: 13.1682 )
00000963: 14.3617   (Y': 15.162    Cb: 13.0543   Cr: 13.1495 )
00000964: 14.3469   (Y': 15.1532   Cb: 13.0468   Cr: 13.1125 )
00000965: 14.328    (Y': 15.106    Cb: 13.066    Cr: 13.126  )
00000966: 14.3666   (Y': 15.1636   Cb: 13.0788   Cr: 13.1426 )
00000967: 14.3511   (Y': 15.1414   Cb: 13.0678   Cr: 13.1397 )
00000968: 14.3324   (Y': 15.0905   Cb: 13.0924   Cr: 13.1589 )
00000969: 14.3597   (Y': 15.1413   Cb: 13.1091   Cr: 13.1371 )
00000970: 14.3327   (Y': 15.1404   Cb: 13.0495   Cr: 13.0776 )
00000971: 14.3404   (Y': 15.1495   Cb: 13.0145   Cr: 13.1251 )
00000972: 14.3279   (Y': 15.097    Cb: 13.0629   Cr: 13.1518 )
00000973: 14.35     (Y': 15.1144   Cb: 13.108    Cr: 13.1626 )
00000974: 14.3404   (Y': 15.1551   Cb: 13.0358   Cr: 13.0893 )
00000975: 14.3699   (Y': 15.1498   Cb: 13.1043   Cr: 13.1669 )
00000976: 14.3498   (Y': 15.1404   Cb: 13.0437   Cr: 13.161  )
00000977: 14.3501   (Y': 15.1087   Cb: 13.1218   Cr: 13.1636 )
00000978: 14.3491   (Y': 15.1453   Cb: 13.0389   Cr: 13.1504 )
00000979: 14.3375   (Y': 15.1402   Cb: 13.0427   Cr: 13.1067 )
00000980: 14.3554   (Y': 15.1242   Cb: 13.0947   Cr: 13.1754 )
00000981: 14.3252   (Y': 15.1114   Cb: 13.0416   Cr: 13.1245 )
00000982: 14.3657   (Y': 15.1292   Cb: 13.0755   Cr: 13.2298 )
00000983: 14.3817   (Y': 15.1831   Cb: 13.0648   Cr: 13.1767 )
00000984: 14.3616   (Y': 15.1601   Cb: 13.0482   Cr: 13.1604 )
00000985: 14.3745   (Y': 15.1873   Cb: 13.0344   Cr: 13.1646 )
00000986: 14.3531   (Y': 15.156    Cb: 13.0422   Cr: 13.138  )
00000987: 14.3571   (Y': 15.1584   Cb: 13.0586   Cr: 13.1335 )
00000988: 14.3404   (Y': 15.1279   Cb: 13.094    Cr: 13.0985 )
00000989: 14.3706   (Y': 15.1692   Cb: 13.0585   Cr: 13.1677 )
00000990: 14.3602   (Y': 15.1705   Cb: 13.0489   Cr: 13.127  )
00000991: 14.3558   (Y': 15.1702   Cb: 13.0651   Cr: 13.0917 )
00000992: 14.3377   (Y': 15.146    Cb: 13.0704   Cr: 13.0654 )
00000993: 14.3615   (Y': 15.1627   Cb: 13.0472   Cr: 13.1541 )
00000994: 14.3426   (Y': 15.1499   Cb: 13.0242   Cr: 13.1244 )
00000995: 14.387    (Y': 15.1829   Cb: 13.0672   Cr: 13.1986 )
00000996: 14.361    (Y': 15.188    Cb: 13.0553   Cr: 13.0807 )
00000997: 14.4206   (Y': 15.2137   Cb: 13.1107   Cr: 13.2292 )
00000998: 14.3331   (Y': 15.1372   Cb: 13.0558   Cr: 13.0811 )
00000999: 14.3586   (Y': 15.1702   Cb: 13.0369   Cr: 13.1326 )
00001000: 14.3727   (Y': 15.1603   Cb: 13.0519   Cr: 13.2067 )
00001001: 14.3614   (Y': 15.1456   Cb: 13.0579   Cr: 13.1858 )
00001002: 14.3438   (Y': 15.1367   Cb: 13.0402   Cr: 13.1468 )
00001003: 14.386    (Y': 15.1833   Cb: 13.1219   Cr: 13.1377 )
00001004: 14.3887   (Y': 15.1972   Cb: 13.0883   Cr: 13.1489 )
00001005: 14.3919   (Y': 15.1623   Cb: 13.1127   Cr: 13.2271 )
00001006: 14.3929   (Y': 15.1696   Cb: 13.0969   Cr: 13.2289 )
00001007: 14.3471   (Y': 15.1147   Cb: 13.0908   Cr: 13.1657 )
00001008: 14.3394   (Y': 15.1083   Cb: 13.0705   Cr: 13.1679 )
00001009: 14.3347   (Y': 15.0939   Cb: 13.0816   Cr: 13.1719 )
00001010: 14.3538   (Y': 15.0988   Cb: 13.1341   Cr: 13.1937 )
00001011: 14.3464   (Y': 15.1283   Cb: 13.0497   Cr: 13.1698 )
00001012: 14.3774   (Y': 15.1404   Cb: 13.124    Cr: 13.2049 )
00001013: 14.329    (Y': 15.1018   Cb: 13.0647   Cr: 13.1427 )
00001014: 14.3609   (Y': 15.1346   Cb: 13.0553   Cr: 13.2146 )
00001015: 14.3502   (Y': 15.1234   Cb: 13.0422   Cr: 13.2077 )
00001016: 14.3961   (Y': 15.1282   Cb: 13.1792   Cr: 13.2663 )
00001017: 14.3763   (Y': 15.1199   Cb: 13.1612   Cr: 13.2146 )
00001018: 14.36     (Y': 15.0923   Cb: 13.1024   Cr: 13.2715 )
00001019: 14.3571   (Y': 15.0858   Cb: 13.1328   Cr: 13.2438 )
00001020: 14.4152   (Y': 15.1807   Cb: 13.1241   Cr: 13.2751 )
00001021: 14.3561   (Y': 15.1026   Cb: 13.1299   Cr: 13.1985 )
00001022: 14.3604   (Y': 15.0922   Cb: 13.1336   Cr: 13.2415 )
00001023: 14.3895   (Y': 15.1191   Cb: 13.1599   Cr: 13.2795 )
00001025: 14.3497   (Y': 15.0811   Cb: 13.1123   Cr: 13.243  )
00001024: 14.3889   (Y': 15.1403   Cb: 13.1075   Cr: 13.2754 )
00001027: 14.3759   (Y': 15.0795   Cb: 13.1555   Cr: 13.3249 )
00001026: 14.3661   (Y': 15.1104   Cb: 13.1471   Cr: 13.2069 )
00001028: 14.3626   (Y': 15.0931   Cb: 13.1276   Cr: 13.2555 )
Total: 14.4039   (Y': 15.1959   Cb: 13.109    Cr: 13.1999 )
