00000000: 31.3234   (Y': 44.3744   Cb: 26.6981   Cr: 26.6981 )
00000001: 15.6533   (Y': 16.4219   Cb: 13.4445   Cr: 15.7148 )
00000002: 15.6696   (Y': 16.4335   Cb: 13.5009   Cr: 15.6809 )
00000003: 15.6762   (Y': 16.4262   Cb: 13.5291   Cr: 15.6982 )
00000005: 15.821    (Y': 16.5685   Cb: 13.6218   Cr: 15.9387 )
00000006: 15.8064   (Y': 16.5622   Cb: 13.5875   Cr: 15.9294 )
00000004: 15.8061   (Y': 16.5838   Cb: 13.566    Cr: 15.8903 )
00000007: 15.8712   (Y': 16.5921   Cb: 13.7368   Cr: 15.9719 )
00000008: 15.8825   (Y': 16.6233   Cb: 13.702    Cr: 15.9921 )
00000009: 15.8722   (Y': 16.5882   Cb: 13.7278   Cr: 16.0066 )
00000010: 15.9292   (Y': 16.6638   Cb: 13.7293   Cr: 16.0934 )
00000011: 15.912    (Y': 16.6485   Cb: 13.7038   Cr: 16.0836 )
00000012: 15.9555   (Y': 16.6806   Cb: 13.7856   Cr: 16.1013 )
00000014: 15.9295   (Y': 16.6799   Cb: 13.753    Cr: 15.9989 )
00000013: 15.953    (Y': 16.7012   Cb: 13.7606   Cr: 16.0567 )
00000015: 15.9235   (Y': 16.6632   Cb: 13.7097   Cr: 16.0939 )
00000017: 15.919    (Y': 16.6537   Cb: 13.7408   Cr: 16.0456 )
00000018: 16.1133   (Y': 16.9684   Cb: 13.7667   Cr: 16.1207 )
00000020: 16.8145   (Y': 17.8352   Cb: 14.28     Cr: 16.6216 )
00000019: 16.5669   (Y': 17.5864   Cb: 14.0415   Cr: 16.3623 )
00000022: 16.9276   (Y': 17.8725   Cb: 14.4731   Cr: 16.8318 )
00000021: 16.9664   (Y': 17.8618   Cb: 14.541    Cr: 16.9785 )
00000016: 15.9231   (Y': 16.6544   Cb: 13.7439   Cr: 16.0635 )
00000023: 16.813    (Y': 17.7871   Cb: 14.3121   Cr: 16.7057 )
00000024: 16.5378   (Y': 17.4962   Cb: 14.0747   Cr: 16.4144 )
00000025: 16.3868   (Y': 17.3466   Cb: 13.911    Cr: 16.2809 )
00000026: 16.2091   (Y': 17.1354   Cb: 13.7716   Cr: 16.1422 )
00000027: 16.1315   (Y': 16.9749   Cb: 13.8308   Cr: 16.0992 )
00000029: 15.9716   (Y': 16.758    Cb: 13.7212   Cr: 16.0436 )
00000028: 15.9931   (Y': 16.7785   Cb: 13.7433   Cr: 16.0672 )
00000030: 15.9371   (Y': 16.6912   Cb: 13.7493   Cr: 16.0127 )
00000031: 15.8631   (Y': 16.5753   Cb: 13.7192   Cr: 16.0101 )
00000032: 15.9037   (Y': 16.6042   Cb: 13.7974   Cr: 16.0285 )
00000033: 15.9037   (Y': 16.5622   Cb: 13.8333   Cr: 16.1176 )
00000034: 15.8754   (Y': 16.5487   Cb: 13.7979   Cr: 16.048  )
00000035: 15.9144   (Y': 16.58     Cb: 13.7995   Cr: 16.1782 )
00000036: 15.897    (Y': 16.5868   Cb: 13.7855   Cr: 16.0687 )
00000037: 15.8879   (Y': 16.5731   Cb: 13.7738   Cr: 16.0799 )
00000038: 15.8711   (Y': 16.5703   Cb: 13.7562   Cr: 16.0148 )
00000039: 15.8846   (Y': 16.5859   Cb: 13.7334   Cr: 16.0829 )
00000040: 15.8717   (Y': 16.5748   Cb: 13.7135   Cr: 16.0752 )
00000041: 15.8886   (Y': 16.6014   Cb: 13.7389   Cr: 16.0434 )
00000042: 15.8683   (Y': 16.5846   Cb: 13.7358   Cr: 15.9818 )
00000043: 15.8871   (Y': 16.5872   Cb: 13.7662   Cr: 16.0374 )
00000044: 15.8857   (Y': 16.592    Cb: 13.7413   Cr: 16.0547 )
00000045: 15.8777   (Y': 16.5592   Cb: 13.7625   Cr: 16.0849 )
00000047: 15.9098   (Y': 16.6092   Cb: 13.7807   Cr: 16.077  )
00000046: 15.9062   (Y': 16.5842   Cb: 13.8147   Cr: 16.0857 )
00000048: 15.8681   (Y': 16.5815   Cb: 13.7202   Cr: 16.0175 )
00000049: 15.8729   (Y': 16.5841   Cb: 13.721    Cr: 16.037  )
00000050: 15.8843   (Y': 16.587    Cb: 13.7338   Cr: 16.0761 )
00000051: 15.8949   (Y': 16.5831   Cb: 13.7722   Cr: 16.0908 )
00000053: 15.9153   (Y': 16.5974   Cb: 13.8171   Cr: 16.0914 )
00000052: 15.898    (Y': 16.5848   Cb: 13.7637   Cr: 16.1185 )
00000054: 15.8887   (Y': 16.5464   Cb: 13.8408   Cr: 16.0677 )
00000055: 15.9016   (Y': 16.579    Cb: 13.7864   Cr: 16.1234 )
00000056: 15.9169   (Y': 16.5955   Cb: 13.8074   Cr: 16.1245 )
00000057: 15.904    (Y': 16.6126   Cb: 13.7489   Cr: 16.0832 )
00000058: 15.8878   (Y': 16.585    Cb: 13.7458   Cr: 16.0843 )
00000059: 15.8793   (Y': 16.5989   Cb: 13.7082   Cr: 16.047  )
00000060: 15.9216   (Y': 16.6214   Cb: 13.7985   Cr: 16.0772 )
00000061: 15.8578   (Y': 16.5562   Cb: 13.7341   Cr: 16.0193 )
00000062: 15.9004   (Y': 16.5734   Cb: 13.8403   Cr: 16.045  )
00000063: 15.9182   (Y': 16.596    Cb: 13.8063   Cr: 16.1326 )
00000064: 15.8908   (Y': 16.6017   Cb: 13.7696   Cr: 16.0038 )
00000067: 15.8862   (Y': 16.5922   Cb: 13.7315   Cr: 16.0737 )
00000066: 15.906    (Y': 16.5777   Cb: 13.8088   Cr: 16.1178 )
00000065: 15.8968   (Y': 16.5874   Cb: 13.8106   Cr: 16.0227 )
00000068: 15.8872   (Y': 16.5885   Cb: 13.7467   Cr: 16.0667 )
00000069: 15.8905   (Y': 16.5904   Cb: 13.7883   Cr: 16.0106 )
00000070: 15.8824   (Y': 16.5961   Cb: 13.7338   Cr: 16.0318 )
00000071: 15.9335   (Y': 16.6247   Cb: 13.77     Cr: 16.1891 )
00000072: 15.8794   (Y': 16.5872   Cb: 13.7385   Cr: 16.0368 )
00000073: 15.9083   (Y': 16.6088   Cb: 13.7556   Cr: 16.1117 )
00000075: 15.9137   (Y': 16.6271   Cb: 13.758    Cr: 16.0768 )
00000074: 15.8892   (Y': 16.5882   Cb: 13.7705   Cr: 16.04   )
00000076: 15.8735   (Y': 16.5538   Cb: 13.7615   Cr: 16.0795 )
00000077: 15.8781   (Y': 16.5829   Cb: 13.7532   Cr: 16.0194 )
00000078: 15.8811   (Y': 16.579    Cb: 13.7441   Cr: 16.0669 )
00000079: 15.9002   (Y': 16.6026   Cb: 13.7401   Cr: 16.1097 )
00000080: 15.8761   (Y': 16.5801   Cb: 13.7405   Cr: 16.0381 )
00000082: 15.8853   (Y': 16.6034   Cb: 13.7445   Cr: 16.0067 )
00000081: 15.8793   (Y': 16.5769   Cb: 13.7635   Cr: 16.0303 )
00000083: 15.8795   (Y': 16.5677   Cb: 13.7665   Cr: 16.0591 )
00000084: 15.8732   (Y': 16.5675   Cb: 13.7134   Cr: 16.1111 )
00000085: 15.8695   (Y': 16.5732   Cb: 13.7427   Cr: 16.0173 )
00000086: 15.8643   (Y': 16.6088   Cb: 13.6981   Cr: 15.9368 )
00000087: 15.8529   (Y': 16.5556   Cb: 13.7103   Cr: 16.0315 )
00000088: 15.8814   (Y': 16.6091   Cb: 13.7166   Cr: 16.0098 )
00000090: 15.9018   (Y': 16.6322   Cb: 13.7083   Cr: 16.0692 )
00000089: 15.8546   (Y': 16.5746   Cb: 13.7032   Cr: 15.9871 )
00000092: 15.8653   (Y': 16.5783   Cb: 13.7088   Cr: 16.0306 )
00000091: 15.8849   (Y': 16.6189   Cb: 13.7068   Cr: 16.0142 )
00000093: 15.898    (Y': 16.627    Cb: 13.7314   Cr: 16.0247 )
00000094: 15.8824   (Y': 16.6074   Cb: 13.7404   Cr: 15.9817 )
00000095: 15.93     (Y': 16.6569   Cb: 13.7811   Cr: 16.0339 )
00000096: 15.8894   (Y': 16.6021   Cb: 13.7575   Cr: 16.0147 )
00000097: 15.8735   (Y': 16.5521   Cb: 13.7972   Cr: 16.0255 )
00000098: 15.8518   (Y': 16.5529   Cb: 13.7417   Cr: 15.9805 )
00000099: 15.8797   (Y': 16.5897   Cb: 13.7202   Cr: 16.0613 )
00000100: 15.8887   (Y': 16.5825   Cb: 13.7562   Cr: 16.0815 )
00000101: 15.8954   (Y': 16.6037   Cb: 13.7504   Cr: 16.0582 )
00000102: 15.8584   (Y': 16.5887   Cb: 13.6768   Cr: 16.0061 )
00000103: 15.856    (Y': 16.5521   Cb: 13.76     Cr: 15.9791 )
00000104: 15.874    (Y': 16.5759   Cb: 13.7374   Cr: 16.045  )
00000105: 15.8537   (Y': 16.5646   Cb: 13.7044   Cr: 16.0146 )
00000107: 15.856    (Y': 16.5352   Cb: 13.7825   Cr: 16.0012 )
00000106: 15.8554   (Y': 16.5708   Cb: 13.7052   Cr: 16.0018 )
00000108: 15.8701   (Y': 16.5694   Cb: 13.7418   Cr: 16.0365 )
00000109: 15.8771   (Y': 16.574    Cb: 13.7707   Cr: 16.015  )
00000110: 15.8696   (Y': 16.5977   Cb: 13.718    Cr: 15.9741 )
00000111: 15.8416   (Y': 16.5361   Cb: 13.7166   Cr: 16.0194 )
00000112: 15.9058   (Y': 16.6092   Cb: 13.7614   Cr: 16.0845 )
00000113: 15.9027   (Y': 16.6143   Cb: 13.7782   Cr: 16.0192 )
00000114: 15.8815   (Y': 16.5831   Cb: 13.7387   Cr: 16.0639 )
00000116: 15.8494   (Y': 16.5477   Cb: 13.7549   Cr: 15.9624 )
00000115: 15.8764   (Y': 16.5956   Cb: 13.7182   Cr: 16.0231 )
00000117: 15.8643   (Y': 16.5769   Cb: 13.717    Cr: 16.0155 )
00000118: 15.8609   (Y': 16.5927   Cb: 13.6918   Cr: 15.9821 )
00000119: 15.8726   (Y': 16.593    Cb: 13.7114   Cr: 16.0202 )
00000120: 15.8762   (Y': 16.5595   Cb: 13.7602   Cr: 16.078  )
00000121: 15.9046   (Y': 16.6115   Cb: 13.7741   Cr: 16.0475 )
00000122: 15.8904   (Y': 16.5879   Cb: 13.7739   Cr: 16.0427 )
00000123: 15.8906   (Y': 16.593    Cb: 13.7709   Cr: 16.0308 )
00000124: 15.8675   (Y': 16.5539   Cb: 13.7285   Cr: 16.0979 )
00000125: 15.8818   (Y': 16.5821   Cb: 13.7272   Cr: 16.0893 )
00000127: 15.9064   (Y': 16.6425   Cb: 13.7226   Cr: 16.0377 )
00000126: 15.8752   (Y': 16.5818   Cb: 13.7538   Cr: 16.0035 )
00000128: 15.8619   (Y': 16.5569   Cb: 13.7296   Cr: 16.0499 )
00000129: 15.8545   (Y': 16.5648   Cb: 13.7088   Cr: 16.0113 )
00000130: 15.8926   (Y': 16.588    Cb: 13.752    Cr: 16.0934 )
00000131: 15.8955   (Y': 16.6027   Cb: 13.7459   Cr: 16.0702 )
00000132: 15.8835   (Y': 16.5845   Cb: 13.7376   Cr: 16.0732 )
00000133: 15.8611   (Y': 16.583    Cb: 13.7019   Cr: 15.9998 )
00000134: 15.8765   (Y': 16.593    Cb: 13.7512   Cr: 15.9774 )
00000135: 15.8732   (Y': 16.5919   Cb: 13.7272   Cr: 16.0012 )
00000136: 15.9109   (Y': 16.6251   Cb: 13.744    Cr: 16.0903 )
00000137: 15.9181   (Y': 16.6051   Cb: 13.7907   Cr: 16.1263 )
00000138: 15.8671   (Y': 16.5603   Cb: 13.7405   Cr: 16.0516 )
00000139: 15.9207   (Y': 16.6144   Cb: 13.7924   Cr: 16.1069 )
00000140: 15.8859   (Y': 16.6041   Cb: 13.7549   Cr: 15.9904 )
00000141: 15.8975   (Y': 16.5905   Cb: 13.7781   Cr: 16.0705 )
00000142: 15.9283   (Y': 16.6285   Cb: 13.785    Cr: 16.1168 )
00000143: 15.8831   (Y': 16.5881   Cb: 13.7227   Cr: 16.0833 )
00000144: 15.9181   (Y': 16.6302   Cb: 13.7434   Cr: 16.1186 )
00000145: 15.9551   (Y': 16.6612   Cb: 13.8326   Cr: 16.0875 )
00000146: 15.9061   (Y': 16.5976   Cb: 13.8029   Cr: 16.0575 )
00000147: 15.9245   (Y': 16.6344   Cb: 13.7886   Cr: 16.0658 )
00000148: 15.9467   (Y': 16.6656   Cb: 13.8086   Cr: 16.0606 )
00000149: 15.9213   (Y': 16.6192   Cb: 13.7894   Cr: 16.0981 )
00000150: 15.9133   (Y': 16.5912   Cb: 13.7735   Cr: 16.1759 )
00000151: 15.9151   (Y': 16.6147   Cb: 13.7441   Cr: 16.1532 )
00000152: 15.9047   (Y': 16.6073   Cb: 13.7403   Cr: 16.1209 )
00000153: 15.9204   (Y': 16.6096   Cb: 13.7492   Cr: 16.1969 )
00000154: 15.9286   (Y': 16.6244   Cb: 13.7442   Cr: 16.2042 )
00000155: 15.8765   (Y': 16.5558   Cb: 13.7152   Cr: 16.1712 )
00000156: 15.8952   (Y': 16.6004   Cb: 13.7282   Cr: 16.1066 )
00000157: 15.8902   (Y': 16.5788   Cb: 13.7672   Cr: 16.0853 )
00000158: 15.8831   (Y': 16.5835   Cb: 13.7308   Cr: 16.0864 )
00000159: 15.8686   (Y': 16.5851   Cb: 13.7251   Cr: 16.0001 )
00000160: 15.8834   (Y': 16.5853   Cb: 13.7492   Cr: 16.0505 )
00000161: 15.8997   (Y': 16.5744   Cb: 13.789    Cr: 16.1234 )
00000162: 15.8961   (Y': 16.5678   Cb: 13.7921   Cr: 16.1197 )
00000163: 15.8601   (Y': 16.5529   Cb: 13.7332   Cr: 16.0467 )
00000164: 15.9157   (Y': 16.5975   Cb: 13.7903   Cr: 16.1388 )
00000165: 15.9342   (Y': 16.6082   Cb: 13.7996   Cr: 16.202  )
00000166: 15.9242   (Y': 16.6142   Cb: 13.8075   Cr: 16.1036 )
00000167: 15.8917   (Y': 16.5709   Cb: 13.779    Cr: 16.1033 )
00000168: 15.9179   (Y': 16.6319   Cb: 13.7223   Cr: 16.1471 )
00000169: 15.9038   (Y': 16.6061   Cb: 13.7446   Cr: 16.1124 )
00000170: 15.9071   (Y': 16.6094   Cb: 13.7764   Cr: 16.0669 )
00000171: 15.9012   (Y': 16.6148   Cb: 13.6836   Cr: 16.1713 )
00000172: 15.9026   (Y': 16.6307   Cb: 13.6911   Cr: 16.1099 )
00000173: 15.9074   (Y': 16.6124   Cb: 13.7422   Cr: 16.1162 )
00000174: 15.8923   (Y': 16.5964   Cb: 13.7509   Cr: 16.0633 )
00000175: 15.9141   (Y': 16.5816   Cb: 13.7742   Cr: 16.2148 )
00000176: 15.8899   (Y': 16.5708   Cb: 13.7649   Cr: 16.1163 )
00000177: 15.8878   (Y': 16.6142   Cb: 13.7038   Cr: 16.0536 )
00000179: 15.8949   (Y': 16.5694   Cb: 13.7877   Cr: 16.1134 )
00000178: 15.8864   (Y': 16.5934   Cb: 13.698    Cr: 16.1285 )
00000180: 15.9264   (Y': 16.6306   Cb: 13.7786   Cr: 16.1085 )
00000181: 15.8673   (Y': 16.5961   Cb: 13.6714   Cr: 16.0451 )
00000182: 15.9084   (Y': 16.6353   Cb: 13.7129   Cr: 16.0921 )
00000183: 15.8918   (Y': 16.597    Cb: 13.725    Cr: 16.1028 )
00000184: 15.889    (Y': 16.5901   Cb: 13.746    Cr: 16.0735 )
00000185: 15.8949   (Y': 16.5824   Cb: 13.7829   Cr: 16.0751 )
00000186: 15.8839   (Y': 16.5986   Cb: 13.7308   Cr: 16.0379 )
00000187: 15.8989   (Y': 16.5781   Cb: 13.8205   Cr: 16.0521 )
00000188: 15.9107   (Y': 16.6261   Cb: 13.7445   Cr: 16.0842 )
00000189: 15.914    (Y': 16.6097   Cb: 13.7661   Cr: 16.1264 )
00000190: 15.8775   (Y': 16.5784   Cb: 13.7486   Cr: 16.0386 )
00000191: 15.9057   (Y': 16.6142   Cb: 13.7974   Cr: 16.006  )
00000192: 15.9098   (Y': 16.6111   Cb: 13.7607   Cr: 16.104  )
00000193: 15.901    (Y': 16.6132   Cb: 13.728    Cr: 16.0975 )
00000194: 15.9094   (Y': 16.6019   Cb: 13.7949   Cr: 16.0762 )
00000195: 15.9009   (Y': 16.5994   Cb: 13.7626   Cr: 16.0869 )
00000196: 15.9058   (Y': 16.6329   Cb: 13.7611   Cr: 16.0022 )
00000197: 15.8887   (Y': 16.6047   Cb: 13.7429   Cr: 16.0255 )
00000198: 15.9006   (Y': 16.6075   Cb: 13.7552   Cr: 16.0691 )
00000199: 15.899    (Y': 16.6083   Cb: 13.757    Cr: 16.0532 )
00000200: 15.8789   (Y': 16.5906   Cb: 13.7458   Cr: 16.0093 )
00000201: 15.8804   (Y': 16.5676   Cb: 13.7814   Cr: 16.0396 )
00000202: 15.8981   (Y': 16.5945   Cb: 13.7803   Cr: 16.0567 )
00000203: 15.9247   (Y': 16.6334   Cb: 13.7386   Cr: 16.1569 )
00000204: 15.9219   (Y': 16.609    Cb: 13.81     Cr: 16.1037 )
00000205: 15.9437   (Y': 16.6341   Cb: 13.8166   Cr: 16.1392 )
00000206: 15.8865   (Y': 16.5946   Cb: 13.7411   Cr: 16.0504 )
00000207: 15.8959   (Y': 16.5704   Cb: 13.7935   Cr: 16.1064 )
00000208: 15.9152   (Y': 16.5704   Cb: 13.8379   Cr: 16.1527 )
00000209: 15.8918   (Y': 16.5981   Cb: 13.7487   Cr: 16.0584 )
00000210: 15.891    (Y': 16.5871   Cb: 13.7758   Cr: 16.0463 )
00000211: 15.875    (Y': 16.5461   Cb: 13.791    Cr: 16.0665 )
00000212: 15.8717   (Y': 16.5715   Cb: 13.7879   Cr: 15.9616 )
00000213: 15.8588   (Y': 16.5603   Cb: 13.7075   Cr: 16.0563 )
00000214: 15.8846   (Y': 16.5762   Cb: 13.7881   Cr: 16.0239 )
00000215: 15.9126   (Y': 16.6027   Cb: 13.7968   Cr: 16.0903 )
00000216: 15.9087   (Y': 16.6084   Cb: 13.7977   Cr: 16.0438 )
00000217: 15.9087   (Y': 16.6089   Cb: 13.7478   Cr: 16.1276 )
00000218: 15.9102   (Y': 16.5746   Cb: 13.8409   Cr: 16.1007 )
00000220: 15.8934   (Y': 16.6101   Cb: 13.7558   Cr: 16.0141 )
00000219: 15.907    (Y': 16.6039   Cb: 13.7711   Cr: 16.0945 )
00000222: 15.9374   (Y': 16.6095   Cb: 13.86     Cr: 16.1143 )
00000221: 15.8992   (Y': 16.6009   Cb: 13.7541   Cr: 16.0851 )
00000223: 15.8831   (Y': 16.6016   Cb: 13.7191   Cr: 16.0421 )
00000224: 15.9301   (Y': 16.6086   Cb: 13.8388   Cr: 16.1077 )
00000225: 15.8926   (Y': 16.5674   Cb: 13.744    Cr: 16.1818 )
00000226: 15.8547   (Y': 16.5779   Cb: 13.7028   Cr: 15.977  )
00000228: 15.8972   (Y': 16.5876   Cb: 13.7735   Cr: 16.0869 )
00000227: 15.9079   (Y': 16.5963   Cb: 13.7615   Cr: 16.1439 )
00000229: 15.9318   (Y': 16.6165   Cb: 13.8199   Cr: 16.1217 )
00000230: 15.8748   (Y': 16.5678   Cb: 13.7764   Cr: 16.0125 )
00000231: 15.8795   (Y': 16.572    Cb: 13.7629   Cr: 16.0495 )
00000232: 15.9014   (Y': 16.5761   Cb: 13.7937   Cr: 16.1202 )
00000233: 15.8915   (Y': 16.5662   Cb: 13.7839   Cr: 16.1098 )
00000234: 15.8918   (Y': 16.5824   Cb: 13.7706   Cr: 16.0768 )
00000235: 15.8781   (Y': 16.5747   Cb: 13.7757   Cr: 16.0099 )
00000236: 15.8761   (Y': 16.5577   Cb: 13.7767   Cr: 16.0562 )
00000238: 15.9055   (Y': 16.5882   Cb: 13.8019   Cr: 16.0888 )
00000237: 15.909    (Y': 16.609    Cb: 13.7673   Cr: 16.0953 )
00000239: 15.8969   (Y': 16.586    Cb: 13.7709   Cr: 16.0955 )
00000240: 15.8577   (Y': 16.5422   Cb: 13.7843   Cr: 15.9838 )
00000241: 15.9003   (Y': 16.601    Cb: 13.7887   Cr: 16.0331 )
00000242: 15.8758   (Y': 16.569    Cb: 13.7461   Cr: 16.0658 )
00000243: 15.8856   (Y': 16.5602   Cb: 13.7832   Cr: 16.0962 )
00000244: 15.8637   (Y': 16.5454   Cb: 13.7333   Cr: 16.0962 )
00000245: 15.9055   (Y': 16.5708   Cb: 13.8144   Cr: 16.1298 )
00000246: 15.8869   (Y': 16.538    Cb: 13.8315   Cr: 16.1019 )
00000247: 15.8775   (Y': 16.5651   Cb: 13.7584   Cr: 16.0698 )
00000248: 15.9116   (Y': 16.5961   Cb: 13.774    Cr: 16.1459 )
00000249: 15.8931   (Y': 16.5665   Cb: 13.79     Cr: 16.1088 )
00000250: 15.8773   (Y': 16.5691   Cb: 13.7376   Cr: 16.0896 )
00000251: 15.9      (Y': 16.5906   Cb: 13.7747   Cr: 16.0919 )
00000252: 15.8771   (Y': 16.6015   Cb: 13.716    Cr: 16.0106 )
00000253: 15.8744   (Y': 16.5846   Cb: 13.7469   Cr: 16.0005 )
00000254: 15.8913   (Y': 16.5911   Cb: 13.7895   Cr: 16.0111 )
00000255: 15.9022   (Y': 16.6131   Cb: 13.7262   Cr: 16.1089 )
00000256: 15.8935   (Y': 16.573    Cb: 13.7817   Cr: 16.1021 )
00000257: 15.8486   (Y': 16.5817   Cb: 13.7009   Cr: 15.9291 )
00000258: 15.9023   (Y': 16.6093   Cb: 13.7513   Cr: 16.0799 )
00000260: 15.8833   (Y': 16.5735   Cb: 13.7456   Cr: 16.0975 )
00000259: 15.9031   (Y': 16.6196   Cb: 13.7709   Cr: 16.0153 )
00000261: 15.8877   (Y': 16.5569   Cb: 13.7902   Cr: 16.1087 )
00000262: 15.9056   (Y': 16.5955   Cb: 13.7977   Cr: 16.0702 )
00000263: 15.9005   (Y': 16.5697   Cb: 13.8141   Cr: 16.1026 )
00000264: 15.8955   (Y': 16.5677   Cb: 13.817    Cr: 16.0739 )
00000265: 15.8919   (Y': 16.5796   Cb: 13.7768   Cr: 16.077  )
00000266: 15.8832   (Y': 16.5707   Cb: 13.7715   Cr: 16.0629 )
00000268: 15.8931   (Y': 16.5864   Cb: 13.7532   Cr: 16.0999 )
00000267: 15.8735   (Y': 16.5542   Cb: 13.7762   Cr: 16.0529 )
00000269: 15.892    (Y': 16.5585   Cb: 13.7618   Cr: 16.1794 )
00000270: 15.8979   (Y': 16.5984   Cb: 13.7616   Cr: 16.0733 )
00000271: 15.8942   (Y': 16.5641   Cb: 13.8048   Cr: 16.0994 )
00000272: 15.8717   (Y': 16.5612   Cb: 13.7457   Cr: 16.069  )
00000273: 15.8893   (Y': 16.5562   Cb: 13.7996   Cr: 16.1056 )
00000274: 15.9237   (Y': 16.606    Cb: 13.8044   Cr: 16.1352 )
00000275: 15.8545   (Y': 16.5539   Cb: 13.747    Cr: 15.9852 )
00000276: 15.8892   (Y': 16.5857   Cb: 13.7844   Cr: 16.0257 )
00000277: 15.874    (Y': 16.5538   Cb: 13.7624   Cr: 16.0813 )
00000279: 15.8698   (Y': 16.5515   Cb: 13.7889   Cr: 16.0187 )
00000278: 15.8914   (Y': 16.5862   Cb: 13.7825   Cr: 16.0404 )
00000280: 15.8746   (Y': 16.5558   Cb: 13.7549   Cr: 16.0908 )
00000281: 15.8723   (Y': 16.5264   Cb: 13.7861   Cr: 16.1288 )
00000282: 15.8963   (Y': 16.5548   Cb: 13.8169   Cr: 16.1257 )
00000283: 15.8659   (Y': 16.5417   Cb: 13.7534   Cr: 16.089  )
00000284: 15.8934   (Y': 16.5574   Cb: 13.8221   Cr: 16.0891 )
00000285: 15.8808   (Y': 16.5869   Cb: 13.7408   Cr: 16.043  )
00000286: 15.8489   (Y': 16.5336   Cb: 13.7711   Cr: 15.9817 )
00000287: 15.9088   (Y': 16.5989   Cb: 13.7686   Cr: 16.1278 )
00000288: 15.8868   (Y': 16.5683   Cb: 13.7581   Cr: 16.1173 )
00000289: 15.8668   (Y': 16.5569   Cb: 13.7386   Cr: 16.0653 )
00000290: 15.8862   (Y': 16.5704   Cb: 13.7671   Cr: 16.0903 )
00000291: 15.9082   (Y': 16.5854   Cb: 13.7786   Cr: 16.1555 )
00000292: 15.8998   (Y': 16.6078   Cb: 13.7336   Cr: 16.0997 )
00000293: 15.8872   (Y': 16.5666   Cb: 13.7651   Cr: 16.1141 )
00000295: 15.8601   (Y': 16.5405   Cb: 13.7465   Cr: 16.0685 )
00000294: 15.8833   (Y': 16.5496   Cb: 13.7879   Cr: 16.1111 )
00000296: 15.8844   (Y': 16.5808   Cb: 13.7542   Cr: 16.0638 )
00000297: 15.8852   (Y': 16.5718   Cb: 13.8025   Cr: 16.0195 )
00000298: 15.864    (Y': 16.579    Cb: 13.7064   Cr: 16.0241 )
00000299: 15.8693   (Y': 16.5746   Cb: 13.7095   Cr: 16.0675 )
00000301: 15.8776   (Y': 16.5638   Cb: 13.7586   Cr: 16.0743 )
00000300: 15.8746   (Y': 16.5801   Cb: 13.7297   Cr: 16.0472 )
00000302: 15.8589   (Y': 16.5254   Cb: 13.7693   Cr: 16.0762 )
00000303: 15.8892   (Y': 16.5738   Cb: 13.8317   Cr: 15.9887 )
00000304: 15.9089   (Y': 16.5868   Cb: 13.8039   Cr: 16.1117 )
00000305: 15.8625   (Y': 16.5206   Cb: 13.7677   Cr: 16.1192 )
00000306: 15.8892   (Y': 16.5826   Cb: 13.7524   Cr: 16.0908 )
00000307: 15.8745   (Y': 16.5636   Cb: 13.7743   Cr: 16.0294 )
00000308: 15.8628   (Y': 16.5632   Cb: 13.7204   Cr: 16.0486 )
00000309: 15.873    (Y': 16.5344   Cb: 13.7771   Cr: 16.1199 )
00000311: 15.9078   (Y': 16.5902   Cb: 13.7996   Cr: 16.0997 )
00000310: 15.9001   (Y': 16.5591   Cb: 13.8372   Cr: 16.0993 )
00000312: 15.8817   (Y': 16.5722   Cb: 13.7611   Cr: 16.066  )
00000313: 15.8984   (Y': 16.614    Cb: 13.7487   Cr: 16.0432 )
00000314: 15.8509   (Y': 16.5563   Cb: 13.7236   Cr: 15.9938 )
00000315: 15.8611   (Y': 16.5618   Cb: 13.7155   Cr: 16.0517 )
00000316: 15.8982   (Y': 16.5781   Cb: 13.7607   Cr: 16.1497 )
00000317: 15.8478   (Y': 16.5452   Cb: 13.7783   Cr: 15.9223 )
00000318: 15.8898   (Y': 16.5571   Cb: 13.7457   Cr: 16.1986 )
00000319: 15.8641   (Y': 16.5676   Cb: 13.7113   Cr: 16.0566 )
00000320: 15.8912   (Y': 16.5883   Cb: 13.7373   Cr: 16.1091 )
00000321: 15.8646   (Y': 16.5507   Cb: 13.7401   Cr: 16.0716 )
00000322: 15.8765   (Y': 16.5661   Cb: 13.7414   Cr: 16.089  )
00000323: 15.8822   (Y': 16.5855   Cb: 13.7405   Cr: 16.0567 )
00000325: 15.8752   (Y': 16.5856   Cb: 13.7145   Cr: 16.057  )
00000324: 15.8756   (Y': 16.5422   Cb: 13.8007   Cr: 16.0676 )
00000326: 15.8914   (Y': 16.584    Cb: 13.7648   Cr: 16.078  )
00000327: 15.8571   (Y': 16.5784   Cb: 13.6411   Cr: 16.0965 )
00000328: 15.8828   (Y': 16.5643   Cb: 13.7445   Cr: 16.1294 )
00000329: 15.8817   (Y': 16.5548   Cb: 13.7759   Cr: 16.1028 )
00000330: 15.8801   (Y': 16.5837   Cb: 13.7393   Cr: 16.0521 )
00000331: 15.8727   (Y': 16.5489   Cb: 13.7781   Cr: 16.0635 )
00000332: 15.8727   (Y': 16.5578   Cb: 13.7499   Cr: 16.0801 )
00000333: 15.8811   (Y': 16.5522   Cb: 13.7911   Cr: 16.0825 )
00000334: 15.8885   (Y': 16.6069   Cb: 13.7166   Cr: 16.0613 )
00000335: 15.8917   (Y': 16.5811   Cb: 13.7574   Cr: 16.1033 )
00000336: 15.8615   (Y': 16.5703   Cb: 13.7276   Cr: 16.0037 )
00000337: 15.8699   (Y': 16.596    Cb: 13.686    Cr: 16.0366 )
00000338: 15.866    (Y': 16.5542   Cb: 13.7596   Cr: 16.0341 )
00000339: 15.8448   (Y': 16.5433   Cb: 13.7316   Cr: 15.9886 )
00000340: 15.8607   (Y': 16.5468   Cb: 13.8042   Cr: 15.9536 )
00000341: 15.8592   (Y': 16.5656   Cb: 13.7358   Cr: 15.9919 )
00000342: 15.8624   (Y': 16.5796   Cb: 13.7047   Cr: 16.015  )
00000343: 15.8968   (Y': 16.6076   Cb: 13.7299   Cr: 16.088  )
00000344: 15.8762   (Y': 16.574    Cb: 13.7232   Cr: 16.0896 )
00000345: 15.8939   (Y': 16.5814   Cb: 13.815    Cr: 16.0189 )
00000346: 15.8984   (Y': 16.6014   Cb: 13.7309   Cr: 16.1183 )
00000347: 15.8634   (Y': 16.548    Cb: 13.7702   Cr: 16.0222 )
00000348: 15.8566   (Y': 16.5463   Cb: 13.7559   Cr: 16.0101 )
00000349: 15.8746   (Y': 16.5797   Cb: 13.7491   Cr: 16.0152 )
00000350: 15.9044   (Y': 16.6521   Cb: 13.7064   Cr: 16.0197 )
00000351: 15.9313   (Y': 16.6445   Cb: 13.7899   Cr: 16.0703 )
00000352: 15.914    (Y': 16.6457   Cb: 13.7816   Cr: 15.9744 )
00000353: 15.9395   (Y': 16.6631   Cb: 13.7429   Cr: 16.1366 )
00000354: 15.926    (Y': 16.6179   Cb: 13.8171   Cr: 16.0853 )
00000355: 15.9635   (Y': 16.6613   Cb: 13.8097   Cr: 16.1787 )
00000357: 15.9483   (Y': 16.6663   Cb: 13.7696   Cr: 16.1344 )
00000356: 15.9782   (Y': 16.6788   Cb: 13.8557   Cr: 16.1297 )
00000358: 15.9343   (Y': 16.6431   Cb: 13.7795   Cr: 16.1118 )
00000359: 15.9516   (Y': 16.6527   Cb: 13.7729   Cr: 16.1976 )
00000360: 15.8832   (Y': 16.5978   Cb: 13.6935   Cr: 16.1004 )
00000361: 15.8842   (Y': 16.5769   Cb: 13.6936   Cr: 16.182  )
00000362: 15.8651   (Y': 16.59     Cb: 13.6326   Cr: 16.1207 )
00000363: 15.9207   (Y': 16.6396   Cb: 13.7155   Cr: 16.1497 )
00000364: 15.9155   (Y': 16.5887   Cb: 13.7866   Cr: 16.1761 )
00000365: 15.9805   (Y': 16.6396   Cb: 13.8843   Cr: 16.2359 )
00000366: 15.9883   (Y': 16.6569   Cb: 13.8702   Cr: 16.2474 )
00000367: 15.95     (Y': 16.6122   Cb: 13.8718   Cr: 16.1639 )
00000368: 15.959    (Y': 16.6449   Cb: 13.8238   Cr: 16.1846 )
00000369: 15.9881   (Y': 16.693    Cb: 13.8098   Cr: 16.2201 )
00000370: 15.9153   (Y': 16.6117   Cb: 13.7518   Cr: 16.1522 )
00000371: 15.9208   (Y': 16.6332   Cb: 13.7289   Cr: 16.1499 )
00000372: 15.9042   (Y': 16.5994   Cb: 13.7653   Cr: 16.1027 )
00000373: 15.8682   (Y': 16.6026   Cb: 13.7136   Cr: 15.9563 )
00000374: 15.8561   (Y': 16.5686   Cb: 13.72     Cr: 15.9888 )
00000375: 15.8525   (Y': 16.5667   Cb: 13.7065   Cr: 15.996  )
00000376: 15.8516   (Y': 16.5587   Cb: 13.7061   Cr: 16.0195 )
00000377: 15.8562   (Y': 16.5541   Cb: 13.7542   Cr: 15.9832 )
00000378: 15.8719   (Y': 16.5917   Cb: 13.7177   Cr: 16.0097 )
00000379: 15.8395   (Y': 16.5299   Cb: 13.7346   Cr: 15.9977 )
00000380: 15.8536   (Y': 16.5292   Cb: 13.7665   Cr: 16.0346 )
00000382: 15.8487   (Y': 16.5444   Cb: 13.7393   Cr: 15.9954 )
00000381: 15.8431   (Y': 16.5467   Cb: 13.7183   Cr: 15.9881 )
00000383: 15.8767   (Y': 16.5996   Cb: 13.768    Cr: 15.9281 )
00000384: 15.8734   (Y': 16.5785   Cb: 13.7681   Cr: 15.9806 )
00000385: 15.8583   (Y': 16.5486   Cb: 13.7551   Cr: 16.014  )
00000386: 15.8699   (Y': 16.5704   Cb: 13.7644   Cr: 15.9934 )
00000387: 15.8666   (Y': 16.5631   Cb: 13.7587   Cr: 16.0081 )
00000388: 15.8647   (Y': 16.5349   Cb: 13.8002   Cr: 16.0267 )
00000389: 15.861    (Y': 16.5437   Cb: 13.7508   Cr: 16.0552 )
00000390: 15.894    (Y': 16.5874   Cb: 13.8006   Cr: 16.0222 )
00000391: 15.8571   (Y': 16.5565   Cb: 13.7091   Cr: 16.0562 )
00000392: 15.8396   (Y': 16.546    Cb: 13.7207   Cr: 15.9649 )
00000393: 15.8931   (Y': 16.583    Cb: 13.7397   Cr: 16.1361 )
00000394: 15.9026   (Y': 16.5737   Cb: 13.8077   Cr: 16.1125 )
00000395: 15.8788   (Y': 16.5643   Cb: 13.7642   Cr: 16.0708 )
00000396: 15.8317   (Y': 16.5261   Cb: 13.7182   Cr: 15.9898 )
00000397: 15.8518   (Y': 16.5722   Cb: 13.7234   Cr: 15.9444 )
00000398: 15.8559   (Y': 16.5847   Cb: 13.72     Cr: 15.9321 )
00000399: 15.8455   (Y': 16.546    Cb: 13.7269   Cr: 15.9912 )
00000400: 15.8607   (Y': 16.5558   Cb: 13.7498   Cr: 16.0123 )
00000401: 15.8679   (Y': 16.5392   Cb: 13.7594   Cr: 16.1006 )
00000402: 15.8478   (Y': 16.5404   Cb: 13.6939   Cr: 16.0819 )
00000403: 15.8477   (Y': 16.5415   Cb: 13.7082   Cr: 16.0523 )
00000404: 15.844    (Y': 16.5457   Cb: 13.7179   Cr: 15.9983 )
00000405: 15.8872   (Y': 16.5741   Cb: 13.7989   Cr: 16.03   )
00000406: 15.8429   (Y': 16.5359   Cb: 13.703    Cr: 16.0511 )
00000407: 15.846    (Y': 16.5191   Cb: 13.7645   Cr: 16.0262 )
00000408: 15.856    (Y': 16.5397   Cb: 13.757    Cr: 16.0276 )
00000409: 15.879    (Y': 16.5411   Cb: 13.8075   Cr: 16.0818 )
00000410: 15.8919   (Y': 16.5272   Cb: 13.8621   Cr: 16.1211 )
00000411: 15.8703   (Y': 16.5404   Cb: 13.7728   Cr: 16.0884 )
00000412: 15.8746   (Y': 16.5673   Cb: 13.7621   Cr: 16.0373 )
00000413: 15.8708   (Y': 16.5329   Cb: 13.8135   Cr: 16.0497 )
00000414: 15.8233   (Y': 16.5159   Cb: 13.7327   Cr: 15.9498 )
00000415: 15.8438   (Y': 16.5373   Cb: 13.7554   Cr: 15.9635 )
00000416: 15.8829   (Y': 16.5361   Cb: 13.8261   Cr: 16.0928 )
00000417: 15.8677   (Y': 16.5448   Cb: 13.78     Cr: 16.0442 )
00000418: 15.868    (Y': 16.5353   Cb: 13.7977   Cr: 16.0498 )
00000419: 15.8998   (Y': 16.5857   Cb: 13.8045   Cr: 16.0575 )
00000420: 15.8792   (Y': 16.5338   Cb: 13.7949   Cr: 16.1311 )
00000422: 15.8901   (Y': 16.5658   Cb: 13.8179   Cr: 16.0452 )
00000421: 15.876    (Y': 16.5721   Cb: 13.75     Cr: 16.0494 )
00000423: 15.889    (Y': 16.5785   Cb: 13.7921   Cr: 16.0369 )
00000424: 15.8426   (Y': 16.5229   Cb: 13.757    Cr: 16.0042 )
00000425: 15.8885   (Y': 16.5881   Cb: 13.7653   Cr: 16.0448 )
00000426: 15.8705   (Y': 16.5557   Cb: 13.7391   Cr: 16.0918 )
00000427: 15.9106   (Y': 16.5899   Cb: 13.8112   Cr: 16.0991 )
00000428: 15.892    (Y': 16.5841   Cb: 13.7856   Cr: 16.0461 )
00000429: 15.8649   (Y': 16.5976   Cb: 13.6997   Cr: 15.9766 )
00000430: 15.8928   (Y': 16.6017   Cb: 13.7376   Cr: 16.0704 )
00000431: 15.8975   (Y': 16.5936   Cb: 13.7666   Cr: 16.0797 )
00000432: 15.8806   (Y': 16.5687   Cb: 13.7755   Cr: 16.0472 )
00000433: 15.9157   (Y': 16.647    Cb: 13.7547   Cr: 16.0249 )
00000434: 15.8497   (Y': 16.5457   Cb: 13.7474   Cr: 15.9835 )
00000435: 15.8887   (Y': 16.5774   Cb: 13.8079   Cr: 16.0125 )
00000436: 15.8959   (Y': 16.607    Cb: 13.7503   Cr: 16.0497 )
00000437: 15.9042   (Y': 16.6111   Cb: 13.7838   Cr: 16.0301 )
00000438: 15.9191   (Y': 16.6153   Cb: 13.765    Cr: 16.1402 )
00000439: 15.9004   (Y': 16.5973   Cb: 13.7689   Cr: 16.0806 )
00000440: 15.8974   (Y': 16.5474   Cb: 13.8013   Cr: 16.1864 )
00000441: 15.9024   (Y': 16.5908   Cb: 13.7869   Cr: 16.0854 )
00000442: 15.871    (Y': 16.5551   Cb: 13.7805   Cr: 16.027  )
00000443: 15.8714   (Y': 16.5766   Cb: 13.7188   Cr: 16.0579 )
00000444: 15.8902   (Y': 16.5821   Cb: 13.765    Cr: 16.0774 )
00000445: 15.9003   (Y': 16.6016   Cb: 13.7442   Cr: 16.1071 )
00000446: 15.8882   (Y': 16.5661   Cb: 13.8051   Cr: 16.0537 )
00000447: 15.8717   (Y': 16.5735   Cb: 13.7416   Cr: 16.0321 )
00000448: 15.8721   (Y': 16.5791   Cb: 13.7721   Cr: 15.964  )
00000449: 15.8784   (Y': 16.5803   Cb: 13.7508   Cr: 16.0344 )
00000450: 15.8909   (Y': 16.5863   Cb: 13.7756   Cr: 16.0485 )
00000451: 15.8828   (Y': 16.5905   Cb: 13.695    Cr: 16.1218 )
00000454: 15.8913   (Y': 16.5729   Cb: 13.7797   Cr: 16.0918 )
00000452: 15.888    (Y': 16.5832   Cb: 13.749    Cr: 16.0869 )
00000453: 15.8901   (Y': 16.5825   Cb: 13.7453   Cr: 16.1089 )
00000455: 15.8888   (Y': 16.5893   Cb: 13.8036   Cr: 15.9785 )
00000456: 15.8902   (Y': 16.5956   Cb: 13.7606   Cr: 16.0374 )
00000457: 15.9088   (Y': 16.5898   Cb: 13.8017   Cr: 16.104  )
00000458: 15.8738   (Y': 16.5593   Cb: 13.7629   Cr: 16.0596 )
00000459: 15.934    (Y': 16.623    Cb: 13.8076   Cr: 16.1336 )
00000461: 15.8814   (Y': 16.5602   Cb: 13.7877   Cr: 16.0619 )
00000460: 15.883    (Y': 16.5636   Cb: 13.7862   Cr: 16.0623 )
00000462: 15.8768   (Y': 16.5789   Cb: 13.702    Cr: 16.1129 )
00000463: 15.8716   (Y': 16.5871   Cb: 13.7405   Cr: 15.9855 )
00000464: 15.886    (Y': 16.5648   Cb: 13.8061   Cr: 16.0432 )
00000465: 15.8563   (Y': 16.5718   Cb: 13.7065   Cr: 16.002  )
00000466: 15.8547   (Y': 16.5629   Cb: 13.7126   Cr: 16.0124 )
00000467: 15.9083   (Y': 16.59     Cb: 13.7535   Cr: 16.1831 )
00000469: 15.8637   (Y': 16.5625   Cb: 13.7221   Cr: 16.0538 )
00000468: 15.857    (Y': 16.5382   Cb: 13.7554   Cr: 16.0422 )
00000470: 15.8848   (Y': 16.565    Cb: 13.8082   Cr: 16.0317 )
00000471: 15.8716   (Y': 16.5622   Cb: 13.7403   Cr: 16.0735 )
00000472: 15.8678   (Y': 16.5768   Cb: 13.717    Cr: 16.0381 )
00000473: 15.8882   (Y': 16.5999   Cb: 13.7167   Cr: 16.0845 )
00000474: 15.8907   (Y': 16.5782   Cb: 13.7728   Cr: 16.0811 )
00000475: 15.895    (Y': 16.6219   Cb: 13.7092   Cr: 16.0621 )
00000476: 15.905    (Y': 16.6223   Cb: 13.7078   Cr: 16.1259 )
00000478: 15.91     (Y': 16.6409   Cb: 13.7353   Cr: 16.0443 )
00000477: 15.8913   (Y': 16.5939   Cb: 13.7593   Cr: 16.0518 )
00000479: 15.8819   (Y': 16.6041   Cb: 13.7051   Cr: 16.0499 )
00000480: 15.8696   (Y': 16.5535   Cb: 13.7568   Cr: 16.0638 )
00000481: 15.8969   (Y': 16.6029   Cb: 13.7434   Cr: 16.0821 )
00000482: 15.8908   (Y': 16.5653   Cb: 13.7876   Cr: 16.1026 )
00000483: 15.861    (Y': 16.5792   Cb: 13.7003   Cr: 16.0157 )
00000485: 15.883    (Y': 16.6      Cb: 13.7108   Cr: 16.0614 )
00000484: 15.8809   (Y': 16.634    Cb: 13.6721   Cr: 15.9961 )
00000486: 15.8992   (Y': 16.604    Cb: 13.7566   Cr: 16.0697 )
00000487: 15.8981   (Y': 16.5952   Cb: 13.7674   Cr: 16.0761 )
00000488: 15.8912   (Y': 16.6079   Cb: 13.6933   Cr: 16.1156 )
00000489: 15.8874   (Y': 16.5719   Cb: 13.78     Cr: 16.0708 )
00000490: 15.8709   (Y': 16.5753   Cb: 13.7143   Cr: 16.0675 )
00000491: 15.8791   (Y': 16.5754   Cb: 13.7291   Cr: 16.093  )
00000492: 15.883    (Y': 16.5759   Cb: 13.7721   Cr: 16.0419 )
00000494: 15.8988   (Y': 16.6067   Cb: 13.7357   Cr: 16.0935 )
00000493: 15.9008   (Y': 16.593    Cb: 13.7714   Cr: 16.0942 )
00000495: 15.8948   (Y': 16.5756   Cb: 13.7791   Cr: 16.105  )
00000496: 15.8712   (Y': 16.5493   Cb: 13.7678   Cr: 16.0703 )
00000497: 15.8764   (Y': 16.5954   Cb: 13.7386   Cr: 15.9894 )
00000498: 15.8761   (Y': 16.5742   Cb: 13.746    Cr: 16.0497 )
00000499: 15.8974   (Y': 16.5741   Cb: 13.7969   Cr: 16.0967 )
00000500: 15.868    (Y': 16.5381   Cb: 13.7736   Cr: 16.0804 )
00000501: 15.8501   (Y': 16.569    Cb: 13.6934   Cr: 15.9953 )
00000502: 15.8939   (Y': 16.5804   Cb: 13.755    Cr: 16.124  )
00000503: 15.8448   (Y': 16.5405   Cb: 13.692    Cr: 16.066  )
00000504: 15.8832   (Y': 16.5795   Cb: 13.754    Cr: 16.0611 )
00000505: 15.857    (Y': 16.5776   Cb: 13.6897   Cr: 16.0142 )
00000506: 15.8721   (Y': 16.5764   Cb: 13.7364   Cr: 16.033  )
00000507: 15.8815   (Y': 16.5844   Cb: 13.7067   Cr: 16.1149 )
00000508: 15.894    (Y': 16.5747   Cb: 13.7782   Cr: 16.1049 )
00000509: 15.9002   (Y': 16.5901   Cb: 13.7868   Cr: 16.074  )
00000510: 15.9316   (Y': 16.6261   Cb: 13.8225   Cr: 16.0824 )
00000511: 15.8833   (Y': 16.5711   Cb: 13.7752   Cr: 16.0564 )
00000512: 15.87     (Y': 16.56     Cb: 13.7727   Cr: 16.0167 )
00000513: 15.8877   (Y': 16.5815   Cb: 13.8018   Cr: 16.0023 )
00000514: 15.8722   (Y': 16.5631   Cb: 13.74     Cr: 16.0751 )
00000515: 15.9137   (Y': 16.6298   Cb: 13.7358   Cr: 16.1048 )
00000516: 15.8516   (Y': 16.5557   Cb: 13.7271   Cr: 15.9944 )
00000517: 15.8639   (Y': 16.5483   Cb: 13.7447   Cr: 16.0673 )
00000518: 15.859    (Y': 16.5528   Cb: 13.7313   Cr: 16.0435 )
00000519: 15.8823   (Y': 16.6099   Cb: 13.7107   Cr: 16.0224 )
00000520: 15.8942   (Y': 16.647    Cb: 13.7191   Cr: 15.9534 )
00000521: 15.8702   (Y': 16.6132   Cb: 13.695    Cr: 15.963  )
00000522: 15.8609   (Y': 16.5835   Cb: 13.7222   Cr: 15.9628 )
00000523: 15.898    (Y': 16.6142   Cb: 13.7608   Cr: 16.0199 )
00000524: 15.8877   (Y': 16.5795   Cb: 13.7656   Cr: 16.0698 )
00000525: 15.8744   (Y': 16.6008   Cb: 13.6832   Cr: 16.0522 )
00000526: 15.8926   (Y': 16.5849   Cb: 13.7847   Cr: 16.0494 )
00000527: 15.8818   (Y': 16.5718   Cb: 13.7546   Cr: 16.0789 )
00000528: 15.8795   (Y': 16.5948   Cb: 13.7306   Cr: 16.0241 )
00000529: 15.8843   (Y': 16.6301   Cb: 13.7021   Cr: 15.9793 )
00000530: 15.8639   (Y': 16.5811   Cb: 13.7396   Cr: 15.9603 )
00000531: 15.8638   (Y': 16.5908   Cb: 13.7375   Cr: 15.9298 )
00000532: 15.8845   (Y': 16.5803   Cb: 13.8005   Cr: 15.9884 )
00000533: 15.8645   (Y': 16.5906   Cb: 13.6784   Cr: 16.0348 )
00000534: 15.9247   (Y': 16.6789   Cb: 13.6927   Cr: 16.0756 )
00000536: 15.8887   (Y': 16.6338   Cb: 13.7009   Cr: 15.9955 )
00000535: 15.8904   (Y': 16.6378   Cb: 13.6694   Cr: 16.0458 )
00000537: 15.8739   (Y': 16.614    Cb: 13.6745   Cr: 16.018  )
00000538: 15.8793   (Y': 16.6385   Cb: 13.6674   Cr: 15.9785 )
00000539: 15.885    (Y': 16.6197   Cb: 13.7128   Cr: 16.0011 )
00000540: 15.8518   (Y': 16.5644   Cb: 13.6561   Cr: 16.0869 )
00000541: 15.8863   (Y': 16.6152   Cb: 13.6998   Cr: 16.0474 )
00000542: 15.8696   (Y': 16.6366   Cb: 13.6468   Cr: 15.9607 )
00000543: 15.8575   (Y': 16.6048   Cb: 13.6157   Cr: 16.0496 )
00000544: 15.8673   (Y': 16.5866   Cb: 13.7081   Cr: 16.0152 )
00000545: 15.8978   (Y': 16.6239   Cb: 13.6772   Cr: 16.1284 )
00000546: 15.8726   (Y': 16.6183   Cb: 13.6457   Cr: 16.0443 )
00000547: 15.8807   (Y': 16.6274   Cb: 13.6479   Cr: 16.0594 )
00000548: 15.8873   (Y': 16.6573   Cb: 13.6396   Cr: 16.0108 )
00000549: 15.8671   (Y': 16.6203   Cb: 13.6761   Cr: 15.9514 )
00000550: 15.9042   (Y': 16.6447   Cb: 13.7006   Cr: 16.0539 )
00000551: 15.8854   (Y': 16.642    Cb: 13.617    Cr: 16.0914 )
00000552: 15.9151   (Y': 16.6729   Cb: 13.6783   Cr: 16.0621 )
00000553: 15.8991   (Y': 16.6965   Cb: 13.6155   Cr: 15.991  )
00000554: 15.875    (Y': 16.6542   Cb: 13.5812   Cr: 16.0474 )
00000555: 15.877    (Y': 16.6464   Cb: 13.6277   Cr: 16.0052 )
00000556: 15.8378   (Y': 16.604    Cb: 13.5988   Cr: 15.9592 )
00000558: 15.9172   (Y': 16.7041   Cb: 13.6245   Cr: 16.0609 )
00000557: 15.8405   (Y': 16.6101   Cb: 13.6109   Cr: 15.9345 )
00000559: 15.9185   (Y': 16.7101   Cb: 13.6457   Cr: 16.0117 )
00000560: 15.8949   (Y': 16.665    Cb: 13.6396   Cr: 16.0311 )
00000561: 15.8693   (Y': 16.6604   Cb: 13.5578   Cr: 16.0316 )
00000562: 15.8852   (Y': 16.6358   Cb: 13.6506   Cr: 16.0536 )
00000563: 15.8867   (Y': 16.6421   Cb: 13.6345   Cr: 16.069  )
00000564: 15.8777   (Y': 16.6715   Cb: 13.6056   Cr: 15.9619 )
00000565: 15.9053   (Y': 16.6964   Cb: 13.6469   Cr: 15.9748 )
00000566: 15.9023   (Y': 16.6889   Cb: 13.6367   Cr: 15.9997 )
00000567: 15.8683   (Y': 16.642    Cb: 13.6174   Cr: 15.9848 )
00000568: 15.9021   (Y': 16.6603   Cb: 13.6974   Cr: 15.9927 )
00000569: 15.9236   (Y': 16.7142   Cb: 13.6555   Cr: 16.0121 )
00000570: 15.903    (Y': 16.6826   Cb: 13.6806   Cr: 15.9505 )
00000571: 15.8963   (Y': 16.6741   Cb: 13.6784   Cr: 15.9423 )
00000572: 15.8829   (Y': 16.6229   Cb: 13.6875   Cr: 16.0205 )
00000573: 15.8982   (Y': 16.6555   Cb: 13.7179   Cr: 15.9506 )
00000574: 15.8846   (Y': 16.6401   Cb: 13.6971   Cr: 15.9552 )
00000575: 15.8448   (Y': 16.5961   Cb: 13.6665   Cr: 15.9144 )
00000576: 15.8883   (Y': 16.6255   Cb: 13.7368   Cr: 15.9614 )
00000577: 15.8491   (Y': 16.636    Cb: 13.6261   Cr: 15.8735 )
00000578: 15.8665   (Y': 16.6343   Cb: 13.6539   Cr: 15.9377 )
00000579: 15.8557   (Y': 16.606    Cb: 13.6832   Cr: 15.9191 )
00000580: 15.9095   (Y': 16.6561   Cb: 13.7366   Cr: 15.9865 )
00000581: 15.8822   (Y': 16.6507   Cb: 13.6926   Cr: 15.9121 )
00000582: 15.8937   (Y': 16.6645   Cb: 13.6618   Cr: 15.9873 )
00000583: 15.8574   (Y': 16.6091   Cb: 13.6678   Cr: 15.9446 )
00000584: 15.8412   (Y': 16.5585   Cb: 13.7031   Cr: 15.9609 )
00000585: 15.8789   (Y': 16.6153   Cb: 13.7266   Cr: 15.9557 )
00000586: 15.8779   (Y': 16.6239   Cb: 13.6759   Cr: 16.0057 )
00000587: 15.9143   (Y': 16.6529   Cb: 13.7567   Cr: 15.9928 )
00000588: 15.8934   (Y': 16.6584   Cb: 13.6812   Cr: 15.9736 )
00000589: 15.9025   (Y': 16.6311   Cb: 13.7244   Cr: 16.0506 )
00000590: 15.8702   (Y': 16.595    Cb: 13.7276   Cr: 15.9712 )
00000591: 15.8746   (Y': 16.6141   Cb: 13.6963   Cr: 15.9845 )
00000592: 15.889    (Y': 16.633    Cb: 13.6809   Cr: 16.0342 )
00000593: 15.9167   (Y': 16.6943   Cb: 13.6958   Cr: 15.9688 )
00000594: 15.9081   (Y': 16.6771   Cb: 13.7309   Cr: 15.9157 )
00000595: 15.8804   (Y': 16.6279   Cb: 13.7132   Cr: 15.9445 )
00000596: 15.9501   (Y': 16.6859   Cb: 13.7579   Cr: 16.0968 )
00000597: 15.9652   (Y': 16.7175   Cb: 13.7599   Cr: 16.0771 )
00000598: 15.9272   (Y': 16.705    Cb: 13.6925   Cr: 16.0018 )
00000599: 15.9562   (Y': 16.7691   Cb: 13.709    Cr: 15.9341 )
00000600: 15.9547   (Y': 16.7269   Cb: 13.7577   Cr: 15.9847 )
00000601: 15.9149   (Y': 16.6843   Cb: 13.6956   Cr: 15.9919 )
00000602: 15.9147   (Y': 16.6677   Cb: 13.7145   Cr: 16.0154 )
00000603: 15.9343   (Y': 16.7083   Cb: 13.7349   Cr: 15.9619 )
00000604: 15.9309   (Y': 16.6664   Cb: 13.7514   Cr: 16.0572 )
00000605: 15.9499   (Y': 16.6812   Cb: 13.7323   Cr: 16.1565 )
00000606: 16        (Y': 16.7756   Cb: 13.7474   Cr: 16.1123 )
00000607: 16.0139   (Y': 16.7202   Cb: 13.84     Cr: 16.2333 )
00000608: 15.9651   (Y': 16.6607   Cb: 13.8131   Cr: 16.1849 )
00000609: 16.0377   (Y': 16.7473   Cb: 13.8735   Cr: 16.2285 )
00000610: 16.056    (Y': 16.7108   Cb: 13.9616   Cr: 16.3242 )
00000611: 16.0422   (Y': 16.719    Cb: 13.9165   Cr: 16.2842 )
00000612: 16.0803   (Y': 16.7727   Cb: 13.8849   Cr: 16.388  )
00000613: 16.0676   (Y': 16.776    Cb: 13.8473   Cr: 16.3613 )
00000614: 16.1173   (Y': 16.8028   Cb: 13.9378   Cr: 16.4217 )
00000615: 16.0822   (Y': 16.7995   Cb: 13.888    Cr: 16.2974 )
00000616: 16.1082   (Y': 16.885    Cb: 13.7978   Cr: 16.3185 )
00000617: 16.1823   (Y': 16.9636   Cb: 13.8688   Cr: 16.3822 )
00000618: 16.1056   (Y': 16.953    Cb: 13.7263   Cr: 16.1953 )
00000619: 16.126    (Y': 17.0255   Cb: 13.7039   Cr: 16.1191 )
00000620: 16.0981   (Y': 16.991    Cb: 13.6567   Cr: 16.1467 )
00000621: 16.138    (Y': 17.2006   Cb: 13.5051   Cr: 15.9905 )
00000622: 16.7526   (Y': 17.9497   Cb: 14.0353   Cr: 16.362  )
00000623: 16.8825   (Y': 18.043    Cb: 14.1964   Cr: 16.541  )
00000624: 17.0764   (Y': 18.1741   Cb: 14.3938   Cr: 16.9113 )
00000625: 16.5701   (Y': 17.8224   Cb: 13.8415   Cr: 16.0484 )
00000626: 16.5611   (Y': 17.8108   Cb: 13.7919   Cr: 16.1149 )
00000627: 16.5688   (Y': 17.7974   Cb: 13.8282   Cr: 16.1314 )
00000628: 16.5462   (Y': 17.7861   Cb: 13.7903   Cr: 16.1036 )
00000629: 16.5327   (Y': 17.7744   Cb: 13.7854   Cr: 16.0707 )
00000630: 16.472    (Y': 17.7561   Cb: 13.6939   Cr: 15.9488 )
00000631: 16.4469   (Y': 17.7627   Cb: 13.6503   Cr: 15.872  )
00000632: 16.3706   (Y': 17.663    Cb: 13.5762   Cr: 15.853  )
00000633: 16.183    (Y': 17.389    Cb: 13.4242   Cr: 15.8391 )
00000634: 16.0147   (Y': 17.1023   Cb: 13.3571   Cr: 15.8355 )
00000635: 15.9915   (Y': 17.0277   Cb: 13.4153   Cr: 15.8239 )
00000636: 15.9371   (Y': 17.0045   Cb: 13.2971   Cr: 15.7874 )
00000637: 15.9302   (Y': 16.9679   Cb: 13.3638   Cr: 15.7414 )
00000638: 15.8879   (Y': 16.9058   Cb: 13.3592   Cr: 15.694  )
00000639: 15.8784   (Y': 16.913    Cb: 13.302    Cr: 15.7163 )
00000640: 15.8681   (Y': 16.9039   Cb: 13.2977   Cr: 15.6916 )
00000641: 15.86     (Y': 16.8967   Cb: 13.2768   Cr: 15.7031 )
00000642: 15.87     (Y': 16.9219   Cb: 13.2857   Cr: 15.6692 )
00000643: 15.7955   (Y': 16.7875   Cb: 13.2349   Cr: 15.7371 )
00000644: 15.8486   (Y': 16.8855   Cb: 13.2576   Cr: 15.7052 )
00000645: 15.917    (Y': 16.9263   Cb: 13.3625   Cr: 15.7936 )
00000646: 15.9605   (Y': 16.9454   Cb: 13.4487   Cr: 15.8384 )
00000647: 15.9657   (Y': 16.97     Cb: 13.4907   Cr: 15.7221 )
00000648: 15.9926   (Y': 17.0107   Cb: 13.4698   Cr: 15.788  )
00000649: 16.0233   (Y': 16.9695   Cb: 13.5321   Cr: 15.9872 )
00000650: 16.0494   (Y': 16.921    Cb: 13.6731   Cr: 16.0535 )
00000651: 16.0287   (Y': 16.9007   Cb: 13.6917   Cr: 15.9644 )
00000652: 16.0357   (Y': 16.9093   Cb: 13.6604   Cr: 16.0316 )
00000653: 16.0134   (Y': 16.8674   Cb: 13.6768   Cr: 16.0067 )
00000654: 16.0458   (Y': 16.928    Cb: 13.7026   Cr: 15.9595 )
00000655: 16.0278   (Y': 16.871    Cb: 13.6974   Cr: 16.0463 )
00000656: 16.097    (Y': 16.8709   Cb: 13.8165   Cr: 16.2643 )
00000657: 16.0409   (Y': 16.8157   Cb: 13.7634   Cr: 16.1994 )
00000658: 16.0457   (Y': 16.7985   Cb: 13.7756   Cr: 16.2682 )
00000659: 16.0117   (Y': 16.8099   Cb: 13.6629   Cr: 16.2159 )
00000660: 15.9998   (Y': 16.8386   Cb: 13.5837   Cr: 16.1848 )
00000662: 15.9897   (Y': 16.7757   Cb: 13.6761   Cr: 16.1729 )
00000661: 15.991    (Y': 16.8189   Cb: 13.6284   Cr: 16.1173 )
00000663: 15.9933   (Y': 16.7773   Cb: 13.7014   Cr: 16.1457 )
00000664: 15.9109   (Y': 16.7276   Cb: 13.6223   Cr: 15.9462 )
00000665: 15.8478   (Y': 16.698    Cb: 13.5087   Cr: 15.8587 )
00000666: 15.8213   (Y': 16.715    Cb: 13.437    Cr: 15.7679 )
00000667: 15.8153   (Y': 16.7236   Cb: 13.4021   Cr: 15.7646 )
00000668: 15.8203   (Y': 16.6947   Cb: 13.4436   Cr: 15.8163 )
00000669: 15.8487   (Y': 16.7227   Cb: 13.4958   Cr: 15.8051 )
00000670: 15.8152   (Y': 16.6796   Cb: 13.468    Cr: 15.7934 )
00000671: 15.8111   (Y': 16.6489   Cb: 13.4703   Cr: 15.8658 )
00000672: 15.9515   (Y': 16.89     Cb: 13.5063   Cr: 15.8593 )
00000673: 16.7233   (Y': 17.8243   Cb: 14.0584   Cr: 16.517  )
00000674: 16.8896   (Y': 17.8487   Cb: 14.3933   Cr: 16.8213 )
00000675: 16.4284   (Y': 17.4703   Cb: 13.8967   Cr: 16.1676 )
00000676: 16.2181   (Y': 17.2089   Cb: 13.6932   Cr: 16.1008 )
00000678: 15.8698   (Y': 16.6892   Cb: 13.5967   Cr: 15.8696 )
00000677: 15.9391   (Y': 16.8222   Cb: 13.5547   Cr: 15.92   )
00000679: 15.8535   (Y': 16.6838   Cb: 13.5834   Cr: 15.8125 )
00000680: 15.8517   (Y': 16.6831   Cb: 13.5527   Cr: 15.856  )
00000681: 15.8568   (Y': 16.6643   Cb: 13.6119   Cr: 15.8487 )
00000682: 15.8217   (Y': 16.6247   Cb: 13.5371   Cr: 15.896  )
00000683: 15.8113   (Y': 16.5883   Cb: 13.6017   Cr: 15.8458 )
00000684: 15.819    (Y': 16.6266   Cb: 13.5451   Cr: 15.8591 )
00000685: 15.8812   (Y': 16.6971   Cb: 13.6094   Cr: 15.8904 )
00000686: 15.941    (Y': 16.7053   Cb: 13.6892   Cr: 16.0912 )
00000687: 15.9223   (Y': 16.6858   Cb: 13.7151   Cr: 15.999  )
00000688: 15.9279   (Y': 16.6804   Cb: 13.7261   Cr: 16.0332 )
00000689: 15.9228   (Y': 16.7129   Cb: 13.6952   Cr: 15.9436 )
00000690: 15.9195   (Y': 16.7214   Cb: 13.6505   Cr: 15.9711 )
00000691: 15.9263   (Y': 16.6689   Cb: 13.6915   Cr: 16.1233 )
00000692: 15.9363   (Y': 16.6639   Cb: 13.764    Cr: 16.0775 )
00000693: 15.9105   (Y': 16.6787   Cb: 13.6582   Cr: 16.0484 )
00000694: 15.8839   (Y': 16.6646   Cb: 13.5737   Cr: 16.08   )
00000695: 15.8545   (Y': 16.6087   Cb: 13.6074   Cr: 16.0316 )
00000696: 15.8754   (Y': 16.6595   Cb: 13.5418   Cr: 16.1011 )
00000697: 15.8832   (Y': 16.6615   Cb: 13.6013   Cr: 16.0378 )
00000698: 15.922    (Y': 16.6851   Cb: 13.6506   Cr: 16.1106 )
00000699: 15.9173   (Y': 16.6932   Cb: 13.6317   Cr: 16.0864 )
00000700: 15.9079   (Y': 16.6702   Cb: 13.6821   Cr: 16.0201 )
00000701: 15.9114   (Y': 16.689    Cb: 13.6037   Cr: 16.1137 )
00000702: 15.8692   (Y': 16.6412   Cb: 13.576    Cr: 16.0654 )
00000703: 15.8661   (Y': 16.6457   Cb: 13.5729   Cr: 16.0359 )
00000704: 15.8529   (Y': 16.6372   Cb: 13.5548   Cr: 16.0153 )
00000705: 15.8705   (Y': 16.6688   Cb: 13.5534   Cr: 16.0176 )
00000706: 15.8728   (Y': 16.6799   Cb: 13.5109   Cr: 16.069  )
00000707: 15.8744   (Y': 16.6472   Cb: 13.5977   Cr: 16.0384 )
00000708: 15.8719   (Y': 16.6867   Cb: 13.5885   Cr: 15.9046 )
00000709: 15.8852   (Y': 16.6804   Cb: 13.6297   Cr: 15.936  )
00000710: 15.859    (Y': 16.656    Cb: 13.5557   Cr: 15.9864 )
00000711: 15.9014   (Y': 16.6677   Cb: 13.6487   Cr: 16.0463 )
00000712: 15.9152   (Y': 16.6944   Cb: 13.6449   Cr: 16.0458 )
00000713: 15.872    (Y': 16.6857   Cb: 13.5802   Cr: 15.9229 )
00000714: 15.8433   (Y': 16.6413   Cb: 13.5638   Cr: 15.9257 )
00000715: 15.9051   (Y': 16.6737   Cb: 13.6998   Cr: 15.9606 )
00000716: 15.8914   (Y': 16.6401   Cb: 13.7088   Cr: 15.9771 )
00000717: 15.9157   (Y': 16.6656   Cb: 13.7079   Cr: 16.0403 )
00000718: 15.8823   (Y': 16.6297   Cb: 13.6466   Cr: 16.0638 )
00000719: 15.9033   (Y': 16.6539   Cb: 13.6773   Cr: 16.0569 )
00000721: 15.876    (Y': 16.619    Cb: 13.6454   Cr: 16.0634 )
00000720: 15.8794   (Y': 16.6101   Cb: 13.7261   Cr: 15.9781 )
00000722: 15.8938   (Y': 16.6672   Cb: 13.7068   Cr: 15.9031 )
00000723: 15.88     (Y': 16.6281   Cb: 13.6892   Cr: 15.9815 )
00000724: 15.8773   (Y': 16.5875   Cb: 13.7407   Cr: 16.0191 )
00000725: 15.8792   (Y': 16.6256   Cb: 13.6666   Cr: 16.0244 )
00000726: 15.8896   (Y': 16.6355   Cb: 13.744    Cr: 15.9233 )
00000727: 15.8664   (Y': 16.6044   Cb: 13.6965   Cr: 15.9675 )
00000729: 15.8697   (Y': 16.6071   Cb: 13.693    Cr: 15.9842 )
00000728: 15.8799   (Y': 16.6077   Cb: 13.7388   Cr: 15.9681 )
00000730: 15.8621   (Y': 16.633    Cb: 13.6908   Cr: 15.8537 )
00000731: 15.8895   (Y': 16.6105   Cb: 13.7068   Cr: 16.0714 )
00000732: 15.8919   (Y': 16.5852   Cb: 13.7899   Cr: 16.0344 )
00000733: 15.8609   (Y': 16.6002   Cb: 13.7036   Cr: 15.9364 )
00000734: 15.8441   (Y': 16.5628   Cb: 13.7096   Cr: 15.9526 )
00000735: 15.849    (Y': 16.5577   Cb: 13.7071   Cr: 16.0049 )
00000736: 15.846    (Y': 16.5921   Cb: 13.6762   Cr: 15.9193 )
00000737: 15.8784   (Y': 16.6145   Cb: 13.7413   Cr: 15.9312 )
00000738: 15.8884   (Y': 16.6184   Cb: 13.7527   Cr: 15.96   )
00000739: 15.8494   (Y': 16.5565   Cb: 13.7549   Cr: 15.9319 )
00000740: 15.8807   (Y': 16.6129   Cb: 13.7439   Cr: 15.9462 )
00000742: 15.8462   (Y': 16.5765   Cb: 13.703    Cr: 15.9294 )
00000741: 15.8835   (Y': 16.5698   Cb: 13.7898   Cr: 16.037  )
00000743: 15.8672   (Y': 16.5898   Cb: 13.7229   Cr: 15.9786 )
00000744: 15.8119   (Y': 16.5475   Cb: 13.6879   Cr: 15.8452 )
00000745: 15.8752   (Y': 16.6065   Cb: 13.72     Cr: 15.9748 )
00000746: 15.8536   (Y': 16.5797   Cb: 13.7113   Cr: 15.9494 )
00000747: 15.8616   (Y': 16.5687   Cb: 13.756    Cr: 15.9623 )
00000748: 15.8505   (Y': 16.5823   Cb: 13.726    Cr: 15.897  )
00000749: 15.8327   (Y': 16.5635   Cb: 13.6999   Cr: 15.8964 )
00000750: 15.8616   (Y': 16.5911   Cb: 13.6857   Cr: 16.0026 )
00000751: 15.8499   (Y': 16.5555   Cb: 13.7432   Cr: 15.9576 )
00000752: 15.8583   (Y': 16.5738   Cb: 13.7066   Cr: 16.0069 )
00000753: 15.8385   (Y': 16.5683   Cb: 13.6747   Cr: 15.9577 )
00000754: 15.8758   (Y': 16.603    Cb: 13.678    Cr: 16.0623 )
00000755: 15.8326   (Y': 16.5442   Cb: 13.6958   Cr: 15.9695 )
00000756: 15.8356   (Y': 16.5604   Cb: 13.7288   Cr: 15.8772 )
00000757: 15.8709   (Y': 16.58     Cb: 13.7548   Cr: 15.9818 )
00000758: 15.8636   (Y': 16.5745   Cb: 13.7443   Cr: 15.9734 )
00000759: 15.8389   (Y': 16.5576   Cb: 13.6932   Cr: 15.9658 )
00000760: 15.8365   (Y': 16.5555   Cb: 13.6954   Cr: 15.9549 )
00000761: 15.8302   (Y': 16.5628   Cb: 13.6738   Cr: 15.9272 )
00000762: 15.8546   (Y': 16.6009   Cb: 13.6809   Cr: 15.9334 )
00000763: 15.8425   (Y': 16.5632   Cb: 13.6827   Cr: 15.9869 )
00000764: 15.8471   (Y': 16.5774   Cb: 13.6857   Cr: 15.9609 )
00000765: 15.8339   (Y': 16.553    Cb: 13.7186   Cr: 15.9089 )
00000766: 15.8621   (Y': 16.5803   Cb: 13.7308   Cr: 15.9671 )
00000767: 15.8589   (Y': 16.5934   Cb: 13.6921   Cr: 15.9669 )
00000768: 15.8476   (Y': 16.5725   Cb: 13.7242   Cr: 15.916  )
00000770: 15.8185   (Y': 16.5655   Cb: 13.6569   Cr: 15.8749 )
00000769: 15.8415   (Y': 16.5669   Cb: 13.6727   Cr: 15.9844 )
00000771: 15.8707   (Y': 16.5858   Cb: 13.7246   Cr: 16.0112 )
00000772: 15.8641   (Y': 16.589    Cb: 13.6976   Cr: 16.005  )
00000773: 15.8787   (Y': 16.6146   Cb: 13.6944   Cr: 16.0115 )
00000774: 15.8653   (Y': 16.5944   Cb: 13.7287   Cr: 15.9417 )
00000775: 15.8642   (Y': 16.6001   Cb: 13.7097   Cr: 15.9462 )
00000776: 15.8631   (Y': 16.6083   Cb: 13.747    Cr: 15.8508 )
00000777: 15.888    (Y': 16.6232   Cb: 13.7386   Cr: 15.9646 )
00000778: 15.8714   (Y': 16.6258   Cb: 13.6795   Cr: 15.953  )
00000779: 15.9062   (Y': 16.6805   Cb: 13.6606   Cr: 16.0116 )
00000780: 15.8873   (Y': 16.667    Cb: 13.6633   Cr: 15.937  )
00000781: 15.8961   (Y': 16.6565   Cb: 13.7409   Cr: 15.8963 )
00000782: 15.8948   (Y': 16.6542   Cb: 13.7007   Cr: 15.9635 )
00000783: 15.9332   (Y': 16.6818   Cb: 13.7571   Cr: 16.0081 )
00000784: 15.8943   (Y': 16.6304   Cb: 13.6898   Cr: 16.061  )
00000785: 15.9032   (Y': 16.6627   Cb: 13.713    Cr: 15.9648 )
00000786: 15.9139   (Y': 16.6142   Cb: 13.7859   Cr: 16.0761 )
00000787: 15.8746   (Y': 16.5993   Cb: 13.706    Cr: 16.0198 )
00000788: 15.8739   (Y': 16.6075   Cb: 13.6819   Cr: 16.0279 )
00000789: 15.8719   (Y': 16.5924   Cb: 13.6764   Cr: 16.078  )
00000790: 15.8669   (Y': 16.5593   Cb: 13.7189   Cr: 16.0913 )
00000791: 15.8456   (Y': 16.5526   Cb: 13.6858   Cr: 16.0384 )
00000792: 15.8522   (Y': 16.5614   Cb: 13.6895   Cr: 16.042  )
00000793: 15.8269   (Y': 16.5254   Cb: 13.6993   Cr: 15.9947 )
00000794: 15.872    (Y': 16.5897   Cb: 13.6945   Cr: 16.0571 )
00000795: 15.852    (Y': 16.5585   Cb: 13.7101   Cr: 16.016  )
00000796: 15.8429   (Y': 16.5999   Cb: 13.6177   Cr: 15.9726 )
00000797: 15.8495   (Y': 16.5883   Cb: 13.6571   Cr: 15.9858 )
00000798: 15.8348   (Y': 16.5468   Cb: 13.6942   Cr: 15.9771 )
00000799: 15.8636   (Y': 16.6102   Cb: 13.6469   Cr: 16.0147 )
00000800: 15.8571   (Y': 16.5896   Cb: 13.6602   Cr: 16.0231 )
00000801: 15.8511   (Y': 16.5708   Cb: 13.6806   Cr: 16.0172 )
00000802: 15.8221   (Y': 16.5446   Cb: 13.6682   Cr: 15.9497 )
00000803: 15.8369   (Y': 16.5539   Cb: 13.668    Cr: 16.0099 )
00000804: 15.8478   (Y': 16.57     Cb: 13.6578   Cr: 16.0383 )
00000805: 15.8321   (Y': 16.555    Cb: 13.6047   Cr: 16.0858 )
00000806: 15.8187   (Y': 16.5634   Cb: 13.6169   Cr: 15.951  )
00000807: 15.8163   (Y': 16.5784   Cb: 13.5975   Cr: 15.9174 )
00000808: 15.866    (Y': 16.5893   Cb: 13.6841   Cr: 16.039  )
00000809: 15.8176   (Y': 16.5532   Cb: 13.6499   Cr: 15.9229 )
00000810: 15.8494   (Y': 16.6006   Cb: 13.6701   Cr: 15.9211 )
00000811: 15.8721   (Y': 16.589    Cb: 13.7277   Cr: 16.0034 )
00000812: 15.8591   (Y': 16.5609   Cb: 13.7148   Cr: 16.0437 )
00000813: 15.8858   (Y': 16.6148   Cb: 13.7059   Cr: 16.0351 )
00000814: 15.8566   (Y': 16.5807   Cb: 13.7106   Cr: 15.9656 )
00000815: 15.9117   (Y': 16.6447   Cb: 13.735    Cr: 16.0416 )
00000816: 15.9194   (Y': 16.6429   Cb: 13.7146   Cr: 16.131  )
00000817: 15.9318   (Y': 16.6484   Cb: 13.7743   Cr: 16.0867 )
00000818: 15.8952   (Y': 16.6294   Cb: 13.7238   Cr: 16.0123 )
00000819: 15.877    (Y': 16.6031   Cb: 13.7027   Cr: 16.0273 )
00000820: 15.8295   (Y': 16.611    Cb: 13.5948   Cr: 15.8911 )
00000821: 15.8613   (Y': 16.5832   Cb: 13.7536   Cr: 15.9144 )
00000822: 15.8742   (Y': 16.5985   Cb: 13.7308   Cr: 15.978  )
00000823: 15.8603   (Y': 16.5631   Cb: 13.752    Cr: 15.9809 )
00000824: 15.8656   (Y': 16.5836   Cb: 13.7121   Cr: 16.0085 )
00000825: 15.8748   (Y': 16.6256   Cb: 13.6845   Cr: 15.9662 )
00000826: 15.9028   (Y': 16.6516   Cb: 13.743    Cr: 15.9501 )
00000827: 15.8951   (Y': 16.6282   Cb: 13.7296   Cr: 16.0058 )
00000828: 15.9002   (Y': 16.6389   Cb: 13.6827   Cr: 16.0806 )
00000829: 15.8708   (Y': 16.5976   Cb: 13.7331   Cr: 15.9565 )
00000830: 15.8534   (Y': 16.5685   Cb: 13.7257   Cr: 15.9629 )
00000831: 15.8874   (Y': 16.6148   Cb: 13.7374   Cr: 15.9916 )
00000832: 15.8261   (Y': 16.576    Cb: 13.6346   Cr: 15.9228 )
00000833: 15.8727   (Y': 16.5879   Cb: 13.7291   Cr: 16.0085 )
00000834: 15.8412   (Y': 16.5967   Cb: 13.6387   Cr: 15.9372 )
00000835: 15.8606   (Y': 16.5828   Cb: 13.7273   Cr: 15.9549 )
00000836: 15.8639   (Y': 16.6058   Cb: 13.6916   Cr: 15.9556 )
00000837: 15.8371   (Y': 16.5703   Cb: 13.6635   Cr: 15.9611 )
00000838: 15.8546   (Y': 16.5704   Cb: 13.7203   Cr: 15.9733 )
00000839: 15.873    (Y': 16.6159   Cb: 13.7263   Cr: 15.9182 )
00000840: 15.8721   (Y': 16.5976   Cb: 13.6961   Cr: 16.0275 )
00000841: 15.8726   (Y': 16.6428   Cb: 13.6637   Cr: 15.9292 )
00000843: 15.8563   (Y': 16.6417   Cb: 13.5961   Cr: 15.9486 )
00000842: 15.8706   (Y': 16.6219   Cb: 13.649    Cr: 16.0138 )
00000844: 15.8512   (Y': 16.6037   Cb: 13.6435   Cr: 15.9665 )
00000845: 15.8672   (Y': 16.6165   Cb: 13.6718   Cr: 15.9726 )
00000846: 15.8741   (Y': 16.6248   Cb: 13.6845   Cr: 15.9645 )
00000847: 15.8879   (Y': 16.6235   Cb: 13.7028   Cr: 16.0233 )
00000848: 15.8786   (Y': 16.5693   Cb: 13.7885   Cr: 16.011  )
00000849: 15.8656   (Y': 16.6192   Cb: 13.6909   Cr: 15.9214 )
00000850: 15.8556   (Y': 16.5954   Cb: 13.6966   Cr: 15.9321 )
00000851: 15.8795   (Y': 16.6006   Cb: 13.7214   Cr: 16.0194 )
00000852: 15.848    (Y': 16.5792   Cb: 13.701    Cr: 15.9341 )
00000853: 15.8606   (Y': 16.6142   Cb: 13.6744   Cr: 15.9357 )
00000854: 15.8912   (Y': 16.6393   Cb: 13.7255   Cr: 15.9506 )
00000855: 15.8494   (Y': 16.5884   Cb: 13.6692   Cr: 15.9648 )
00000856: 15.8229   (Y': 16.5589   Cb: 13.6445   Cr: 15.945  )
00000857: 15.885    (Y': 16.643    Cb: 13.7096   Cr: 15.9266 )
00000858: 15.8953   (Y': 16.6439   Cb: 13.7326   Cr: 15.9477 )
00000859: 15.8806   (Y': 16.596    Cb: 13.7533   Cr: 15.9888 )
00000860: 15.8331   (Y': 16.5519   Cb: 13.6761   Cr: 15.9793 )
00000861: 15.8583   (Y': 16.5972   Cb: 13.678    Cr: 15.9743 )
00000862: 15.8676   (Y': 16.6052   Cb: 13.7095   Cr: 15.9502 )
00000863: 15.8721   (Y': 16.6163   Cb: 13.7117   Cr: 15.936  )
00000864: 15.8585   (Y': 16.6072   Cb: 13.6576   Cr: 15.9754 )
00000865: 15.8672   (Y': 16.622    Cb: 13.6765   Cr: 15.9458 )
00000866: 15.879    (Y': 16.6113   Cb: 13.6942   Cr: 16.0256 )
00000867: 15.8636   (Y': 16.5959   Cb: 13.7231   Cr: 15.9351 )
00000868: 15.9128   (Y': 16.6567   Cb: 13.729    Cr: 16.0168 )
00000869: 15.8663   (Y': 16.5802   Cb: 13.7307   Cr: 15.9934 )
00000870: 15.9238   (Y': 16.6735   Cb: 13.7367   Cr: 16.0137 )
00000871: 15.8785   (Y': 16.6054   Cb: 13.7247   Cr: 15.9911 )
00000872: 15.8903   (Y': 16.6292   Cb: 13.7367   Cr: 15.9612 )
00000873: 15.885    (Y': 16.6005   Cb: 13.7196   Cr: 16.0572 )
00000874: 15.8458   (Y': 16.6138   Cb: 13.624    Cr: 15.932  )
00000875: 15.8439   (Y': 16.5826   Cb: 13.6752   Cr: 15.9403 )
00000876: 15.8732   (Y': 16.611    Cb: 13.6923   Cr: 15.9938 )
00000877: 15.8744   (Y': 16.6082   Cb: 13.7129   Cr: 15.9757 )
00000878: 15.9054   (Y': 16.6782   Cb: 13.6927   Cr: 15.9596 )
00000879: 15.8696   (Y': 16.6153   Cb: 13.7126   Cr: 15.9229 )
00000880: 15.8437   (Y': 16.5917   Cb: 13.6547   Cr: 15.9423 )
00000881: 15.8581   (Y': 16.5955   Cb: 13.6839   Cr: 15.9684 )
00000882: 15.8896   (Y': 16.611    Cb: 13.7354   Cr: 16.0218 )
00000883: 15.8575   (Y': 16.5679   Cb: 13.7388   Cr: 15.9684 )
00000884: 15.8857   (Y': 16.6203   Cb: 13.7014   Cr: 16.0229 )
00000885: 15.8891   (Y': 16.6384   Cb: 13.6992   Cr: 15.9851 )
00000886: 15.8565   (Y': 16.6095   Cb: 13.6918   Cr: 15.8974 )
00000887: 15.8472   (Y': 16.5589   Cb: 13.7056   Cr: 15.992  )
00000888: 15.8653   (Y': 16.5916   Cb: 13.6785   Cr: 16.0362 )
00000889: 15.8909   (Y': 16.6276   Cb: 13.7428   Cr: 15.9596 )
00000890: 15.8544   (Y': 16.5966   Cb: 13.7066   Cr: 15.9045 )
00000891: 15.8403   (Y': 16.5648   Cb: 13.7029   Cr: 15.9334 )
00000892: 15.8495   (Y': 16.5785   Cb: 13.6988   Cr: 15.9494 )
00000893: 15.8764   (Y': 16.588    Cb: 13.7582   Cr: 15.9826 )
00000894: 15.8634   (Y': 16.6125   Cb: 13.6623   Cr: 15.979  )
00000895: 15.8524   (Y': 16.5641   Cb: 13.7116   Cr: 15.9961 )
00000896: 15.8501   (Y': 16.5894   Cb: 13.6912   Cr: 15.9283 )
00000897: 15.8926   (Y': 16.6108   Cb: 13.7261   Cr: 16.0572 )
00000898: 15.853    (Y': 16.5761   Cb: 13.7087   Cr: 15.9627 )
00000899: 15.8415   (Y': 16.6094   Cb: 13.6177   Cr: 15.9311 )
00000900: 15.8774   (Y': 16.636    Cb: 13.6662   Cr: 15.9776 )
00000901: 15.8295   (Y': 16.5677   Cb: 13.6832   Cr: 15.8907 )
00000902: 15.8895   (Y': 16.6163   Cb: 13.7193   Cr: 16.0297 )
00000903: 15.8871   (Y': 16.6073   Cb: 13.7176   Cr: 16.0491 )
00000904: 15.8753   (Y': 16.6225   Cb: 13.7198   Cr: 15.9205 )
00000905: 15.8423   (Y': 16.5848   Cb: 13.6463   Cr: 15.9721 )
00000906: 15.839    (Y': 16.5899   Cb: 13.6585   Cr: 15.9136 )
00000907: 15.8514   (Y': 16.5737   Cb: 13.6989   Cr: 15.9779 )
00000908: 15.863    (Y': 16.6174   Cb: 13.6903   Cr: 15.9127 )
00000909: 15.8598   (Y': 16.5807   Cb: 13.6858   Cr: 16.0274 )
00000910: 15.8617   (Y': 16.5825   Cb: 13.713    Cr: 15.9869 )
00000911: 15.8479   (Y': 16.5824   Cb: 13.6663   Cr: 15.981  )
00000912: 15.8534   (Y': 16.5846   Cb: 13.6696   Cr: 16.0017 )
00000913: 15.8406   (Y': 16.5788   Cb: 13.6606   Cr: 15.9582 )
00000914: 15.799    (Y': 16.5265   Cb: 13.6544   Cr: 15.8942 )
00000915: 15.8576   (Y': 16.592    Cb: 13.6821   Cr: 15.9806 )
00000916: 15.8464   (Y': 16.5601   Cb: 13.7194   Cr: 15.9597 )
00000917: 15.8614   (Y': 16.5654   Cb: 13.7529   Cr: 15.9779 )
00000918: 15.8408   (Y': 16.5741   Cb: 13.6664   Cr: 15.9661 )
00000919: 15.8774   (Y': 16.6085   Cb: 13.6966   Cr: 16.0211 )
00000920: 15.8714   (Y': 16.5936   Cb: 13.7114   Cr: 16.0105 )
00000921: 15.8394   (Y': 16.5915   Cb: 13.6346   Cr: 15.9506 )
00000922: 15.8765   (Y': 16.6156   Cb: 13.7387   Cr: 15.9203 )
00000923: 15.8816   (Y': 16.6235   Cb: 13.7224   Cr: 15.9515 )
00000924: 15.8467   (Y': 16.6117   Cb: 13.6714   Cr: 15.8645 )
00000925: 15.8699   (Y': 16.604    Cb: 13.719    Cr: 15.9528 )
00000926: 15.8358   (Y': 16.5672   Cb: 13.6616   Cr: 15.9671 )
00000927: 15.8346   (Y': 16.5504   Cb: 13.6946   Cr: 15.9624 )
00000928: 15.8412   (Y': 16.5762   Cb: 13.6877   Cr: 15.9253 )
00000929: 15.8324   (Y': 16.559    Cb: 13.6832   Cr: 15.9382 )
00000930: 15.8425   (Y': 16.5798   Cb: 13.6721   Cr: 15.9468 )
00000931: 15.8704   (Y': 16.6151   Cb: 13.6743   Cr: 15.9927 )
00000932: 15.845    (Y': 16.5828   Cb: 13.652    Cr: 15.9864 )
00000933: 15.8539   (Y': 16.6154   Cb: 13.6661   Cr: 15.9048 )
00000935: 15.8477   (Y': 16.5996   Cb: 13.6688   Cr: 15.9165 )
00000934: 15.8536   (Y': 16.5829   Cb: 13.6941   Cr: 15.9675 )
00000936: 15.8587   (Y': 16.5986   Cb: 13.6692   Cr: 15.9864 )
00000937: 15.8626   (Y': 16.6129   Cb: 13.6548   Cr: 15.9859 )
00000940: 15.8235   (Y': 16.5557   Cb: 13.6266   Cr: 15.9911 )
00000938: 15.8436   (Y': 16.5864   Cb: 13.6856   Cr: 15.908  )
00000939: 15.8712   (Y': 16.5972   Cb: 13.7221   Cr: 15.979  )
00000941: 15.8267   (Y': 16.5622   Cb: 13.651    Cr: 15.9461 )
00000943: 15.8665   (Y': 16.5878   Cb: 13.7512   Cr: 15.9342 )
00000942: 15.8639   (Y': 16.6095   Cb: 13.6727   Cr: 15.9745 )
Total: 15.9081   (Y': 16.6423   Cb: 13.7289   Cr: 16.0385 )
