00000006: 17.1824   (Y': 18.0919   Cb: 15.9414   Cr: 15.6444 )
00000000: 37.4581   (Y': INF       Cb: 32.6869   Cr: 32.6869 )
00000002: 17.2434   (Y': 18.1758   Cb: 15.9944   Cr: 15.6611 )
00000001: 17.5093   (Y': 18.6342   Cb: 16.0722   Cr: 15.6891 )
00000005: 17.1634   (Y': 18.0424   Cb: 15.9402   Cr: 15.6784 )
00000004: 17.2407   (Y': 18.1696   Cb: 15.9701   Cr: 15.6863 )
00000003: 17.2518   (Y': 18.1868   Cb: 15.9846   Cr: 15.6802 )
00000007: 17.1863   (Y': 18.1105   Cb: 15.9304   Cr: 15.6287 )
00000008: 17.2022   (Y': 18.1111   Cb: 15.9671   Cr: 15.6598 )
00000009: 17.1865   (Y': 18.1051   Cb: 15.9152   Cr: 15.6559 )
00000011: 17.1375   (Y': 18.0552   Cb: 15.8901   Cr: 15.5865 )
00000010: 17.1422   (Y': 18.0617   Cb: 15.8655   Cr: 15.6147 )
00000012: 17.1435   (Y': 18.0802   Cb: 15.9029   Cr: 15.5437 )
00000013: 17.174    (Y': 18.0687   Cb: 15.9739   Cr: 15.6316 )
00000014: 17.1721   (Y': 18.0622   Cb: 15.9865   Cr: 15.6269 )
00000015: 17.1352   (Y': 18.0245   Cb: 15.9235   Cr: 15.6156 )
00000016: 17.1521   (Y': 18.0291   Cb: 15.9552   Cr: 15.6473 )
00000017: 17.1707   (Y': 18.0271   Cb: 15.9926   Cr: 15.6961 )
00000018: 17.171    (Y': 18.0153   Cb: 16.0365   Cr: 15.6846 )
00000019: 17.1539   (Y': 17.9817   Cb: 16.024    Cr: 15.702  )
00000020: 17.1917   (Y': 18.0441   Cb: 16.0464   Cr: 15.6961 )
00000021: 17.2005   (Y': 18.0478   Cb: 16.0572   Cr: 15.7151 )
00000022: 17.2189   (Y': 18.0414   Cb: 16.1359   Cr: 15.7361 )
00000023: 17.2091   (Y': 18.0526   Cb: 16.1153   Cr: 15.6873 )
00000024: 17.2308   (Y': 18.0609   Cb: 16.1474   Cr: 15.7306 )
00000025: 17.2209   (Y': 18.0561   Cb: 16.1456   Cr: 15.7016 )
00000027: 17.2437   (Y': 18.0313   Cb: 16.1855   Cr: 15.8213 )
00000028: 17.18     (Y': 17.9823   Cb: 16.1364   Cr: 15.7093 )
00000029: 17.1978   (Y': 18.0003   Cb: 16.1774   Cr: 15.7055 )
00000026: 17.2342   (Y': 18.0352   Cb: 16.1791   Cr: 15.7769 )
00000030: 17.2      (Y': 18.0078   Cb: 16.1758   Cr: 15.6988 )
00000031: 17.1646   (Y': 18.0601   Cb: 15.9542   Cr: 15.6298 )
00000032: 17.167    (Y': 18.0896   Cb: 15.968    Cr: 15.5605 )
00000033: 17.1628   (Y': 18.0751   Cb: 15.8965   Cr: 15.6421 )
00000034: 17.1708   (Y': 18.1164   Cb: 15.8788   Cr: 15.5987 )
00000036: 17.1945   (Y': 18.104    Cb: 15.9435   Cr: 15.6658 )
00000035: 17.1897   (Y': 18.0919   Cb: 15.9763   Cr: 15.6425 )
00000037: 17.1654   (Y': 18.0898   Cb: 15.9055   Cr: 15.6113 )
00000039: 17.1884   (Y': 18.1014   Cb: 15.977    Cr: 15.6149 )
00000038: 17.1606   (Y': 18.0991   Cb: 15.8941   Cr: 15.5805 )
00000040: 17.1645   (Y': 18.0952   Cb: 15.9205   Cr: 15.5814 )
00000041: 17.1616   (Y': 18.0673   Cb: 15.9349   Cr: 15.6187 )
00000042: 17.1572   (Y': 18.0893   Cb: 15.8614   Cr: 15.619  )
00000043: 17.1425   (Y': 18.0621   Cb: 15.8976   Cr: 15.5851 )
00000046: 17.1384   (Y': 18.0442   Cb: 15.9525   Cr: 15.5576 )
00000044: 17.1504   (Y': 18.0688   Cb: 15.9141   Cr: 15.5875 )
00000045: 17.1548   (Y': 18.0772   Cb: 15.9068   Cr: 15.5938 )
00000047: 17.1198   (Y': 18.0207   Cb: 15.9222   Cr: 15.5607 )
00000048: 17.1235   (Y': 18.0286   Cb: 15.9384   Cr: 15.5438 )
00000049: 17.1444   (Y': 18.0425   Cb: 15.9432   Cr: 15.5953 )
00000050: 17.1268   (Y': 18.0328   Cb: 15.9277   Cr: 15.558  )
00000051: 17.1623   (Y': 18.053    Cb: 15.935    Cr: 15.6542 )
00000052: 17.1403   (Y': 18.0381   Cb: 15.9728   Cr: 15.561  )
00000053: 17.1297   (Y': 18.02     Cb: 15.931    Cr: 15.596  )
00000054: 17.1211   (Y': 18.0029   Cb: 15.9292   Cr: 15.6005 )
00000055: 17.1122   (Y': 18.004    Cb: 15.9067   Cr: 15.5814 )
00000056: 17.0992   (Y': 17.9924   Cb: 15.9073   Cr: 15.5527 )
00000057: 17.1019   (Y': 17.9593   Cb: 15.944    Cr: 15.6063 )
00000058: 17.1427   (Y': 18.034    Cb: 15.9553   Cr: 15.5963 )
00000059: 17.127    (Y': 18.0249   Cb: 15.9426   Cr: 15.5629 )
00000061: 17.133    (Y': 18.0288   Cb: 15.9345   Cr: 15.5867 )
00000060: 17.1081   (Y': 18.0009   Cb: 15.9387   Cr: 15.5417 )
00000062: 17.1302   (Y': 18.0382   Cb: 15.896    Cr: 15.5892 )
00000063: 17.1361   (Y': 18.025    Cb: 15.9386   Cr: 15.6042 )
00000064: 17.1148   (Y': 18.0056   Cb: 15.8822   Cr: 15.6116 )
00000065: 17.1137   (Y': 18.013    Cb: 15.9123   Cr: 15.5621 )
00000066: 17.1052   (Y': 18.0065   Cb: 15.8767   Cr: 15.574  )
00000067: 17.1265   (Y': 18.026    Cb: 15.9281   Cr: 15.5716 )
00000068: 17.1075   (Y': 18.0014   Cb: 15.9189   Cr: 15.5564 )
00000070: 17.1237   (Y': 18.0044   Cb: 15.9817   Cr: 15.5602 )
00000069: 17.1095   (Y': 18.0018   Cb: 15.9042   Cr: 15.5773 )
00000071: 17.1175   (Y': 18.0051   Cb: 15.9287   Cr: 15.5807 )
00000072: 17.1186   (Y': 17.9922   Cb: 15.9274   Cr: 15.6162 )
00000073: 17.1277   (Y': 18.0322   Cb: 15.9082   Cr: 15.5811 )
00000074: 17.1086   (Y': 17.9943   Cb: 15.9386   Cr: 15.559  )
00000075: 17.0991   (Y': 17.9987   Cb: 15.8894   Cr: 15.5543 )
00000077: 17.1331   (Y': 18.0209   Cb: 15.922    Cr: 15.6166 )
00000076: 17.1329   (Y': 18.0172   Cb: 15.8963   Cr: 15.6485 )
00000078: 17.1056   (Y': 17.9926   Cb: 15.9163   Cr: 15.5707 )
00000079: 17.1207   (Y': 18.0029   Cb: 15.9071   Cr: 15.6194 )
00000080: 17.1283   (Y': 17.9906   Cb: 15.9562   Cr: 15.6347 )
00000081: 17.1125   (Y': 17.9996   Cb: 15.9093   Cr: 15.5904 )
00000082: 17.109    (Y': 17.9837   Cb: 15.9575   Cr: 15.5676 )
00000083: 17.1036   (Y': 18.0034   Cb: 15.9267   Cr: 15.5285 )
00000085: 17.1502   (Y': 18.0328   Cb: 15.951    Cr: 15.6347 )
00000084: 17.1326   (Y': 17.9986   Cb: 15.9619   Cr: 15.6289 )
00000086: 17.1464   (Y': 18.0426   Cb: 15.9545   Cr: 15.5929 )
00000087: 17.1223   (Y': 18.0266   Cb: 15.9409   Cr: 15.5408 )
00000088: 17.1295   (Y': 18.0346   Cb: 15.9382   Cr: 15.5551 )
00000089: 17.1288   (Y': 18.0181   Cb: 15.8889   Cr: 15.6359 )
00000090: 17.1329   (Y': 18.0136   Cb: 15.9165   Cr: 15.6378 )
00000091: 17.127    (Y': 17.9927   Cb: 15.9613   Cr: 15.6196 )
00000092: 17.1184   (Y': 18.0179   Cb: 15.8908   Cr: 15.5905 )
00000093: 17.134    (Y': 18.0367   Cb: 15.9547   Cr: 15.5545 )
00000094: 17.1204   (Y': 18.0029   Cb: 15.9252   Cr: 15.6014 )
00000095: 17.0947   (Y': 18.0037   Cb: 15.9055   Cr: 15.5096 )
00000096: 17.1064   (Y': 18.0151   Cb: 15.8925   Cr: 15.5449 )
00000097: 17.1148   (Y': 18.0184   Cb: 15.8938   Cr: 15.5714 )
00000098: 17.1356   (Y': 18.0071   Cb: 15.975    Cr: 15.61   )
00000099: 17.1022   (Y': 18.0077   Cb: 15.9036   Cr: 15.5338 )
00000100: 17.1249   (Y': 18.0125   Cb: 15.911    Cr: 15.6114 )
00000101: 17.1142   (Y': 18.0204   Cb: 15.9056   Cr: 15.5531 )
00000102: 17.1177   (Y': 18.0201   Cb: 15.9109   Cr: 15.564  )
00000103: 17.1119   (Y': 17.999    Cb: 15.9345   Cr: 15.5657 )
00000104: 17.1246   (Y': 18.0411   Cb: 15.9188   Cr: 15.538  )
00000105: 17.1119   (Y': 18.0044   Cb: 15.956    Cr: 15.5341 )
00000106: 17.1202   (Y': 18.0088   Cb: 15.9823   Cr: 15.5348 )
00000107: 17.1171   (Y': 18.0167   Cb: 15.9398   Cr: 15.5427 )
00000108: 17.099    (Y': 17.9872   Cb: 15.9014   Cr: 15.5691 )
00000109: 17.1188   (Y': 18.0064   Cb: 15.9632   Cr: 15.5516 )
00000110: 17.1003   (Y': 17.9954   Cb: 15.9221   Cr: 15.537  )
00000111: 17.1222   (Y': 18.0058   Cb: 15.9501   Cr: 15.579  )
00000112: 17.1196   (Y': 18.0257   Cb: 15.9322   Cr: 15.5395 )
00000113: 17.1231   (Y': 18.0211   Cb: 15.9159   Cr: 15.5795 )
00000114: 17.1134   (Y': 17.9909   Cb: 15.9662   Cr: 15.5616 )
00000115: 17.1146   (Y': 17.9891   Cb: 15.9342   Cr: 15.6003 )
00000116: 17.0995   (Y': 18.0046   Cb: 15.9113   Cr: 15.5223 )
00000117: 17.0877   (Y': 17.9393   Cb: 15.8737   Cr: 15.6583 )
00000118: 17.095    (Y': 17.9695   Cb: 15.898    Cr: 15.5962 )
00000119: 17.1361   (Y': 18.073    Cb: 15.8841   Cr: 15.5463 )
00000120: 17.1364   (Y': 18.0727   Cb: 15.9015   Cr: 15.5323 )
00000121: 17.1124   (Y': 18.0592   Cb: 15.8489   Cr: 15.5112 )
00000122: 17.1254   (Y': 18.0449   Cb: 15.9152   Cr: 15.536  )
00000123: 17.1036   (Y': 18.0396   Cb: 15.8486   Cr: 15.5185 )
00000124: 17.1436   (Y': 18.0765   Cb: 15.9119   Cr: 15.544  )
00000125: 17.1018   (Y': 18.0323   Cb: 15.8519   Cr: 15.5242 )
00000126: 17.123    (Y': 18.0517   Cb: 15.8741   Cr: 15.5486 )
00000127: 17.1204   (Y': 18.0698   Cb: 15.8597   Cr: 15.5107 )
00000128: 17.1202   (Y': 18.0599   Cb: 15.837    Cr: 15.5531 )
00000129: 17.1017   (Y': 18.0438   Cb: 15.8436   Cr: 15.5059 )
00000131: 17.1142   (Y': 18.0328   Cb: 15.8978   Cr: 15.5324 )
00000130: 17.1263   (Y': 18.0601   Cb: 15.8819   Cr: 15.5363 )
00000132: 17.1176   (Y': 18.025    Cb: 15.8786   Cr: 15.5821 )
00000134: 17.1      (Y': 18.0406   Cb: 15.8461   Cr: 15.5035 )
00000133: 17.1441   (Y': 18.0587   Cb: 15.9133   Cr: 15.585  )
00000135: 17.1049   (Y': 18.0273   Cb: 15.8804   Cr: 15.5221 )
00000136: 17.109    (Y': 18.0306   Cb: 15.8815   Cr: 15.531  )
00000137: 17.0946   (Y': 18.0186   Cb: 15.8631   Cr: 15.5146 )
00000139: 17.1223   (Y': 18.0509   Cb: 15.8678   Cr: 15.5536 )
00000138: 17.0967   (Y': 18.0276   Cb: 15.8367   Cr: 15.5278 )
00000140: 17.0985   (Y': 18.0409   Cb: 15.8713   Cr: 15.4739 )
00000142: 17.1049   (Y': 18.0353   Cb: 15.828    Cr: 15.5528 )
00000141: 17.1096   (Y': 18.0425   Cb: 15.906    Cr: 15.4842 )
00000143: 17.1229   (Y': 18.0489   Cb: 15.8827   Cr: 15.5466 )
00000144: 17.1462   (Y': 18.0477   Cb: 15.9339   Cr: 15.5993 )
00000145: 17.1163   (Y': 18.0544   Cb: 15.8541   Cr: 15.5333 )
00000146: 17.1367   (Y': 18.0662   Cb: 15.9135   Cr: 15.5366 )
00000148: 17.1308   (Y': 18.0671   Cb: 15.8649   Cr: 15.5551 )
00000147: 17.1215   (Y': 18.0451   Cb: 15.8448   Cr: 15.585  )
00000149: 17.149    (Y': 18.0711   Cb: 15.9268   Cr: 15.5648 )
00000150: 17.1382   (Y': 18.0636   Cb: 15.8943   Cr: 15.5667 )
00000151: 17.1131   (Y': 18.0441   Cb: 15.855    Cr: 15.5421 )
00000152: 17.1346   (Y': 18.0493   Cb: 15.9      Cr: 15.5787 )
00000153: 17.1102   (Y': 18.0213   Cb: 15.8904   Cr: 15.5485 )
00000154: 17.1223   (Y': 18.0196   Cb: 15.9086   Cr: 15.5866 )
00000156: 17.1379   (Y': 18.0436   Cb: 15.931    Cr: 15.5767 )
00000155: 17.1069   (Y': 18.0259   Cb: 15.8774   Cr: 15.5368 )
00000157: 17.1319   (Y': 18.0453   Cb: 15.914    Cr: 15.5632 )
00000158: 17.1112   (Y': 18.0205   Cb: 15.8922   Cr: 15.5529 )
00000159: 17.1161   (Y': 18.022    Cb: 15.936    Cr: 15.5301 )
00000160: 17.1004   (Y': 18.0133   Cb: 15.8558   Cr: 15.558  )
00000161: 17.1112   (Y': 18.0227   Cb: 15.8955   Cr: 15.5447 )
00000162: 17.0875   (Y': 17.9767   Cb: 15.8883   Cr: 15.5566 )
00000163: 17.0783   (Y': 17.9906   Cb: 15.8297   Cr: 15.541  )
00000164: 17.0812   (Y': 17.981    Cb: 15.8544   Cr: 15.5519 )
00000165: 17.0579   (Y': 17.9708   Cb: 15.7897   Cr: 15.5377 )
00000166: 17.0593   (Y': 17.9538   Cb: 15.8588   Cr: 15.5175 )
00000167: 17.1035   (Y': 18.0055   Cb: 15.9016   Cr: 15.546  )
00000168: 17.0828   (Y': 17.9885   Cb: 15.8509   Cr: 15.5448 )
00000169: 17.0715   (Y': 17.9734   Cb: 15.8724   Cr: 15.5117 )
00000170: 17.0884   (Y': 17.9893   Cb: 15.8954   Cr: 15.5255 )
00000171: 17.0761   (Y': 17.9826   Cb: 15.8788   Cr: 15.5042 )
00000172: 17.0937   (Y': 17.9808   Cb: 15.895    Cr: 15.5673 )
00000173: 17.0718   (Y': 17.9717   Cb: 15.8619   Cr: 15.5266 )
00000174: 17.0874   (Y': 18.0169   Cb: 15.7978   Cr: 15.5494 )
00000175: 17.0793   (Y': 17.9758   Cb: 15.8535   Cr: 15.5566 )
00000176: 17.1125   (Y': 18.0135   Cb: 15.8948   Cr: 15.5719 )
00000177: 17.0942   (Y': 17.9984   Cb: 15.84     Cr: 15.5806 )
00000178: 17.0865   (Y': 17.9902   Cb: 15.85     Cr: 15.5572 )
00000179: 17.076    (Y': 17.9978   Cb: 15.8377   Cr: 15.5076 )
00000180: 17.0916   (Y': 18.0056   Cb: 15.8432   Cr: 15.5502 )
00000181: 17.0914   (Y': 18.0093   Cb: 15.8366   Cr: 15.5468 )
00000182: 17.09     (Y': 18.0186   Cb: 15.8619   Cr: 15.4966 )
00000183: 17.1031   (Y': 18.0324   Cb: 15.8789   Cr: 15.5046 )
00000184: 17.1164   (Y': 18.0156   Cb: 15.8968   Cr: 15.5818 )
00000185: 17.0982   (Y': 18.0221   Cb: 15.8414   Cr: 15.5421 )
00000186: 17.0903   (Y': 17.9739   Cb: 15.8973   Cr: 15.5667 )
00000187: 17.0916   (Y': 18.0252   Cb: 15.7948   Cr: 15.5513 )
00000188: 17.085    (Y': 18.0002   Cb: 15.8721   Cr: 15.5079 )
00000189: 17.0616   (Y': 17.9846   Cb: 15.787    Cr: 15.5243 )
00000190: 17.1147   (Y': 18.0547   Cb: 15.8389   Cr: 15.5403 )
00000191: 17.0692   (Y': 18.01     Cb: 15.7994   Cr: 15.4872 )
00000192: 17.0781   (Y': 17.9908   Cb: 15.8712   Cr: 15.5009 )
00000193: 17.0681   (Y': 17.9568   Cb: 15.8427   Cr: 15.563  )
00000194: 17.0618   (Y': 17.9846   Cb: 15.8273   Cr: 15.4877 )
00000195: 17.0767   (Y': 18.0185   Cb: 15.8042   Cr: 15.4951 )
00000196: 17.0778   (Y': 18.001    Cb: 15.8569   Cr: 15.4901 )
00000197: 17.0708   (Y': 18.0034   Cb: 15.8146   Cr: 15.4947 )
00000199: 17.0715   (Y': 17.9942   Cb: 15.783    Cr: 15.5479 )
00000198: 17.0832   (Y': 18.0128   Cb: 15.8108   Cr: 15.5287 )
00000200: 17.075    (Y': 18.0153   Cb: 15.7875   Cr: 15.5106 )
00000201: 17.055    (Y': 17.975    Cb: 15.7771   Cr: 15.5273 )
00000202: 17.0524   (Y': 17.987    Cb: 15.7666   Cr: 15.4992 )
00000203: 17.0572   (Y': 17.9703   Cb: 15.777    Cr: 15.5477 )
00000205: 17.0663   (Y': 18.0047   Cb: 15.7813   Cr: 15.504  )
00000204: 17.0533   (Y': 17.9796   Cb: 15.7846   Cr: 15.503  )
00000206: 17.0662   (Y': 18.0208   Cb: 15.7738   Cr: 15.4745 )
00000207: 17.0605   (Y': 17.9652   Cb: 15.8251   Cr: 15.5279 )
00000208: 17.049    (Y': 17.97     Cb: 15.7782   Cr: 15.5128 )
00000209: 17.0572   (Y': 18.005    Cb: 15.7892   Cr: 15.4582 )
00000210: 17.0437   (Y': 17.9816   Cb: 15.7705   Cr: 15.4711 )
00000211: 17.0198   (Y': 17.9705   Cb: 15.6929   Cr: 15.4692 )
00000212: 17.0403   (Y': 17.9957   Cb: 15.691    Cr: 15.5007 )
00000214: 17.4037   (Y': 18.5783   Cb: 15.8961   Cr: 15.5485 )
00000213: 17.0436   (Y': 17.9861   Cb: 15.7493   Cr: 15.4807 )
00000215: 17.2547   (Y': 18.5094   Cb: 15.5999   Cr: 15.3799 )
00000216: 17.2551   (Y': 18.5017   Cb: 15.5701   Cr: 15.4252 )
00000217: 17.2403   (Y': 18.4738   Cb: 15.5787   Cr: 15.4136 )
00000219: 17.2058   (Y': 18.4633   Cb: 15.5414   Cr: 15.3346 )
00000218: 17.2509   (Y': 18.4791   Cb: 15.6102   Cr: 15.4146 )
00000220: 17.1995   (Y': 18.4316   Cb: 15.5631   Cr: 15.3515 )
00000222: 17.1606   (Y': 18.383    Cb: 15.5241   Cr: 15.3316 )
00000221: 17.1364   (Y': 18.3514   Cb: 15.4761   Cr: 15.3451 )
00000223: 17.1321   (Y': 18.3469   Cb: 15.5531   Cr: 15.2638 )
00000224: 17.0978   (Y': 18.3562   Cb: 15.4651   Cr: 15.195  )
00000225: 17.0963   (Y': 18.3551   Cb: 15.4482   Cr: 15.207  )
00000226: 17.0893   (Y': 18.3776   Cb: 15.408    Cr: 15.1747 )
00000227: 17.14     (Y': 18.4109   Cb: 15.3983   Cr: 15.3173 )
00000229: 17.0646   (Y': 18.3567   Cb: 15.2997   Cr: 15.2233 )
00000228: 17.1253   (Y': 18.3832   Cb: 15.3993   Cr: 15.313  )
00000230: 17.0858   (Y': 18.4032   Cb: 15.2854   Cr: 15.2306 )
00000231: 17.1315   (Y': 18.411    Cb: 15.392    Cr: 15.2898 )
00000232: 17.1589   (Y': 18.4418   Cb: 15.4194   Cr: 15.3107 )
00000233: 17.1846   (Y': 18.4333   Cb: 15.4464   Cr: 15.4025 )
00000234: 17.2035   (Y': 18.4592   Cb: 15.4896   Cr: 15.3837 )
00000235: 17.1971   (Y': 18.4342   Cb: 15.4897   Cr: 15.4076 )
00000236: 17.2034   (Y': 18.4304   Cb: 15.5054   Cr: 15.4247 )
00000237: 17.2299   (Y': 18.4598   Cb: 15.536    Cr: 15.4415 )
00000238: 17.228    (Y': 18.4639   Cb: 15.5508   Cr: 15.4118 )
00000239: 17.2518   (Y': 18.4833   Cb: 15.5745   Cr: 15.4441 )
00000240: 17.2571   (Y': 18.5151   Cb: 15.5539   Cr: 15.4223 )
00000241: 17.2797   (Y': 18.537    Cb: 15.5795   Cr: 15.4434 )
00000242: 17.2808   (Y': 18.4992   Cb: 15.635    Cr: 15.4687 )
00000243: 17.2597   (Y': 18.4862   Cb: 15.6089   Cr: 15.4365 )
00000244: 17.2893   (Y': 18.4946   Cb: 15.6843   Cr: 15.4644 )
00000246: 17.2571   (Y': 18.4778   Cb: 15.6498   Cr: 15.4038 )
00000245: 17.2604   (Y': 18.4883   Cb: 15.6348   Cr: 15.4103 )
00000247: 17.2488   (Y': 18.4826   Cb: 15.5703   Cr: 15.4379 )
00000248: 17.2729   (Y': 18.5027   Cb: 15.6061   Cr: 15.4584 )
00000249: 17.3018   (Y': 18.5292   Cb: 15.6511   Cr: 15.4767 )
00000251: 17.2981   (Y': 18.5383   Cb: 15.6375   Cr: 15.4573 )
00000250: 17.2642   (Y': 18.4917   Cb: 15.6071   Cr: 15.445  )
00000252: 17.2662   (Y': 18.5148   Cb: 15.5806   Cr: 15.433  )
00000254: 17.2592   (Y': 18.4828   Cb: 15.6436   Cr: 15.408  )
00000253: 17.2646   (Y': 18.4836   Cb: 15.6014   Cr: 15.4682 )
00000255: 17.2545   (Y': 18.4732   Cb: 15.5981   Cr: 15.452  )
00000256: 17.2513   (Y': 18.4726   Cb: 15.5934   Cr: 15.4451 )
00000257: 17.2546   (Y': 18.4732   Cb: 15.6225   Cr: 15.4292 )
00000258: 17.212    (Y': 18.4437   Cb: 15.5051   Cr: 15.4331 )
00000259: 17.2352   (Y': 18.4557   Cb: 15.5886   Cr: 15.4198 )
00000261: 17.2267   (Y': 18.4672   Cb: 15.5057   Cr: 15.444  )
00000260: 17.2361   (Y': 18.4885   Cb: 15.5199   Cr: 15.4251 )
00000263: 17.3413   (Y': 18.4796   Cb: 15.6904   Cr: 15.6985 )
00000262: 17.2443   (Y': 18.4884   Cb: 15.4941   Cr: 15.4834 )
00000264: 17.2923   (Y': 18.4638   Cb: 15.614    Cr: 15.6074 )
00000265: 17.3474   (Y': 18.5009   Cb: 15.6714   Cr: 15.6975 )
00000266: 17.317    (Y': 18.4948   Cb: 15.6022   Cr: 15.6555 )
00000267: 17.3366   (Y': 18.5005   Cb: 15.6624   Cr: 15.6633 )
00000268: 17.3239   (Y': 18.4781   Cb: 15.6556   Cr: 15.665  )
00000269: 17.2823   (Y': 18.4603   Cb: 15.5721   Cr: 15.6159 )
00000270: 17.3214   (Y': 18.4939   Cb: 15.6659   Cr: 15.6118 )
00000271: 17.3204   (Y': 18.4905   Cb: 15.6393   Cr: 15.6412 )
00000272: 17.3128   (Y': 18.4672   Cb: 15.6633   Cr: 15.6346 )
00000273: 17.3306   (Y': 18.4854   Cb: 15.6521   Cr: 15.6808 )
00000274: 17.3106   (Y': 18.4575   Cb: 15.6501   Cr: 15.6591 )
00000275: 17.3249   (Y': 18.5027   Cb: 15.6309   Cr: 15.6427 )
00000276: 17.3075   (Y': 18.4732   Cb: 15.6347   Cr: 15.6293 )
00000278: 17.2923   (Y': 18.4363   Cb: 15.6277   Cr: 15.651  )
00000279: 17.2767   (Y': 18.4602   Cb: 15.5761   Cr: 15.5892 )
00000277: 17.2971   (Y': 18.4649   Cb: 15.613    Cr: 15.6255 )
00000280: 17.2467   (Y': 18.3996   Cb: 15.6048   Cr: 15.5641 )
00000281: 17.262    (Y': 18.4019   Cb: 15.6233   Cr: 15.6034 )
00000282: 17.2469   (Y': 18.4141   Cb: 15.5784   Cr: 15.5609 )
00000284: 17.2418   (Y': 18.4092   Cb: 15.5544   Cr: 15.5744 )
00000283: 17.2512   (Y': 18.3989   Cb: 15.5912   Cr: 15.5978 )
00000285: 17.2285   (Y': 18.4007   Cb: 15.5653   Cr: 15.5271 )
00000287: 17.2846   (Y': 18.435    Cb: 15.5816   Cr: 15.6686 )
00000286: 17.2614   (Y': 18.4283   Cb: 15.5748   Cr: 15.5945 )
00000288: 17.3184   (Y': 18.4979   Cb: 15.629    Cr: 15.6282 )
00000289: 17.3388   (Y': 18.5079   Cb: 15.6693   Cr: 15.6501 )
00000290: 17.3164   (Y': 18.4814   Cb: 15.6283   Cr: 15.655  )
00000291: 17.3208   (Y': 18.4992   Cb: 15.6328   Cr: 15.6315 )
00000293: 17.3175   (Y': 18.4949   Cb: 15.6205   Cr: 15.6392 )
00000292: 17.3371   (Y': 18.4972   Cb: 15.6447   Cr: 15.6901 )
00000294: 17.3142   (Y': 18.4769   Cb: 15.6385   Cr: 15.6449 )
00000295: 17.3393   (Y': 18.5056   Cb: 15.6717   Cr: 15.6545 )
00000296: 17.321    (Y': 18.4881   Cb: 15.6459   Cr: 15.6419 )
00000297: 17.3367   (Y': 18.517    Cb: 15.633    Cr: 15.6589 )
00000298: 17.3187   (Y': 18.5116   Cb: 15.6161   Cr: 15.6142 )
00000299: 17.3214   (Y': 18.5023   Cb: 15.6103   Cr: 15.6501 )
00000300: 17.3431   (Y': 18.5426   Cb: 15.6292   Cr: 15.6363 )
00000301: 17.3033   (Y': 18.4982   Cb: 15.5669   Cr: 15.6284 )
00000302: 17.3408   (Y': 18.5133   Cb: 15.6704   Cr: 15.6458 )
00000303: 17.3563   (Y': 18.5386   Cb: 15.636    Cr: 15.6911 )
00000304: 17.3448   (Y': 18.5576   Cb: 15.6356   Cr: 15.6061 )
00000305: 17.3908   (Y': 18.542    Cb: 15.7386   Cr: 15.7223 )
00000306: 17.386    (Y': 18.5451   Cb: 15.7137   Cr: 15.7209 )
00000307: 17.3442   (Y': 18.5123   Cb: 15.6877   Cr: 15.6444 )
00000309: 17.411    (Y': 18.5584   Cb: 15.756    Cr: 15.7531 )
00000308: 17.3643   (Y': 18.5253   Cb: 15.6499   Cr: 15.7378 )
00000310: 17.4271   (Y': 18.596    Cb: 15.703    Cr: 15.7938 )
00000311: 17.4398   (Y': 18.5778   Cb: 15.799    Cr: 15.7875 )
00000312: 17.3956   (Y': 18.5287   Cb: 15.7466   Cr: 15.7617 )
00000313: 17.3906   (Y': 18.5001   Cb: 15.7828   Cr: 15.7656 )
00000314: 17.3804   (Y': 18.4655   Cb: 15.7956   Cr: 15.7851 )
00000315: 17.3967   (Y': 18.5031   Cb: 15.7535   Cr: 15.814  )
00000316: 17.421    (Y': 18.4667   Cb: 15.8623   Cr: 15.8853 )
00000317: 17.4231   (Y': 18.4756   Cb: 15.8353   Cr: 15.9021 )
00000318: 17.4272   (Y': 18.4262   Cb: 15.8585   Cr: 16.0067 )
00000319: 17.4641   (Y': 18.4548   Cb: 15.9151   Cr: 16.0424 )
00000320: 17.4021   (Y': 18.462    Cb: 15.8673   Cr: 15.8116 )
00000321: 17.3404   (Y': 18.388    Cb: 15.8318   Cr: 15.7505 )
00000322: 17.3408   (Y': 18.3804   Cb: 15.8075   Cr: 15.7933 )
00000323: 17.3102   (Y': 18.3264   Cb: 15.8819   Cr: 15.7112 )
00000324: 17.2697   (Y': 18.2695   Cb: 15.7948   Cr: 15.7527 )
00000325: 17.2418   (Y': 18.2304   Cb: 15.7853   Cr: 15.7317 )
00000327: 17.0249   (Y': 17.714    Cb: 15.9933   Cr: 15.8233 )
00000326: 17.2221   (Y': 18.1493   Cb: 15.8718   Cr: 15.7474 )
00000328: 17.0589   (Y': 17.7522   Cb: 16.0502   Cr: 15.8248 )
00000329: 17.2747   (Y': 17.9236   Cb: 16.33     Cr: 16.0952 )
00000330: 17.3547   (Y': 17.9197   Cb: 16.4566   Cr: 16.3568 )
00000331: 17.3456   (Y': 17.8881   Cb: 16.5098   Cr: 16.3507 )
00000332: 17.4325   (Y': 17.9532   Cb: 16.6604   Cr: 16.4375 )
00000333: 17.4649   (Y': 17.9324   Cb: 16.8035   Cr: 16.5179 )
00000334: 17.499    (Y': 18.0297   Cb: 16.7137   Cr: 16.4888 )
00000335: 17.6394   (Y': 18.1771   Cb: 16.965    Cr: 16.5073 )
00000336: 17.5812   (Y': 18.1999   Cb: 16.9195   Cr: 16.2247 )
00000337: 17.6257   (Y': 18.2601   Cb: 16.9123   Cr: 16.274  )
00000338: 17.6019   (Y': 18.2936   Cb: 16.8696   Cr: 16.1243 )
00000339: 17.6386   (Y': 18.3575   Cb: 16.7981   Cr: 16.1874 )
00000340: 17.6879   (Y': 18.4116   Cb: 16.8858   Cr: 16.1922 )
00000341: 17.7243   (Y': 18.4634   Cb: 16.8376   Cr: 16.2648 )
00000342: 17.6922   (Y': 18.4365   Cb: 16.816    Cr: 16.2109 )
00000343: 17.6061   (Y': 18.3863   Cb: 16.6696   Cr: 16.0919 )
00000344: 17.5563   (Y': 18.3542   Cb: 16.6189   Cr: 16.0016 )
00000345: 17.6241   (Y': 18.3213   Cb: 16.8552   Cr: 16.1642 )
00000346: 17.5109   (Y': 18.2333   Cb: 16.7277   Cr: 16.0021 )
00000347: 17.552    (Y': 18.2103   Cb: 16.7046   Cr: 16.2582 )
00000349: 17.459    (Y': 18.3321   Cb: 16.2649   Cr: 15.9604 )
00000348: 17.5741   (Y': 18.277    Cb: 16.6429   Cr: 16.2433 )
00000350: 17.5006   (Y': 18.3713   Cb: 16.2799   Cr: 16.0328 )
00000351: 17.513    (Y': 18.389    Cb: 16.3352   Cr: 15.9929 )
00000352: 17.4407   (Y': 18.3021   Cb: 16.2643   Cr: 15.9529 )
00000353: 17.2897   (Y': 18.1743   Cb: 16.0474   Cr: 15.8101 )
00000354: 17.1563   (Y': 18.0449   Cb: 15.8656   Cr: 15.7135 )
00000355: 17.166    (Y': 18.0667   Cb: 15.9032   Cr: 15.6685 )
00000356: 17.0544   (Y': 17.9521   Cb: 15.7477   Cr: 15.6059 )
00000357: 17.0609   (Y': 17.9695   Cb: 15.7404   Cr: 15.6001 )
00000358: 17.0591   (Y': 17.9524   Cb: 15.7572   Cr: 15.6164 )
00000359: 17.056    (Y': 17.9441   Cb: 15.7702   Cr: 15.6095 )
00000360: 17.0752   (Y': 17.9822   Cb: 15.7723   Cr: 15.6014 )
00000361: 17.0712   (Y': 17.9618   Cb: 15.7648   Cr: 15.6388 )
00000362: 17.0481   (Y': 17.9538   Cb: 15.7652   Cr: 15.5582 )
00000363: 17.0503   (Y': 17.9531   Cb: 15.7648   Cr: 15.5694 )
00000364: 17.0497   (Y': 17.9594   Cb: 15.7927   Cr: 15.5262 )
00000365: 17.0353   (Y': 17.9352   Cb: 15.7451   Cr: 15.5656 )
00000366: 17.0572   (Y': 17.9258   Cb: 15.8134   Cr: 15.6164 )
00000367: 17.0383   (Y': 17.9215   Cb: 15.7571   Cr: 15.5992 )
00000368: 17.0485   (Y': 17.9657   Cb: 15.7305   Cr: 15.5656 )
00000369: 17.0515   (Y': 17.9441   Cb: 15.8088   Cr: 15.5535 )
00000370: 17.0413   (Y': 17.948    Cb: 15.7598   Cr: 15.5478 )
00000371: 17.0417   (Y': 17.938    Cb: 15.7563   Cr: 15.5756 )
00000373: 17.0426   (Y': 17.9197   Cb: 15.8208   Cr: 15.5611 )
00000372: 17.0337   (Y': 17.9251   Cb: 15.7452   Cr: 15.5822 )
00000374: 17.0531   (Y': 17.9348   Cb: 15.7415   Cr: 15.6467 )
00000375: 17.0889   (Y': 17.9584   Cb: 15.8641   Cr: 15.6277 )
00000376: 17.0855   (Y': 17.9767   Cb: 15.802    Cr: 15.6299 )
00000377: 17.0333   (Y': 17.9367   Cb: 15.7488   Cr: 15.5502 )
00000378: 17.0411   (Y': 17.9285   Cb: 15.7823   Cr: 15.5705 )
00000379: 17.0426   (Y': 17.9086   Cb: 15.8182   Cr: 15.5893 )
00000380: 17.0358   (Y': 17.9103   Cb: 15.7666   Cr: 15.6052 )
00000381: 17.0333   (Y': 17.923    Cb: 15.7909   Cr: 15.5416 )
00000382: 17.0582   (Y': 17.9428   Cb: 15.8185   Cr: 15.5762 )
00000383: 17.0584   (Y': 17.9499   Cb: 15.8099   Cr: 15.5682 )
00000384: 17.0654   (Y': 17.9329   Cb: 15.8063   Cr: 15.6415 )
00000385: 17.0589   (Y': 17.9392   Cb: 15.8098   Cr: 15.5957 )
00000386: 17.0477   (Y': 17.9482   Cb: 15.7767   Cr: 15.5584 )
00000387: 17.0473   (Y': 17.9434   Cb: 15.7873   Cr: 15.5576 )
00000388: 17.047    (Y': 17.9339   Cb: 15.7858   Cr: 15.5798 )
00000389: 17.0274   (Y': 17.9267   Cb: 15.7502   Cr: 15.5469 )
00000390: 17.0171   (Y': 17.9005   Cb: 15.709    Cr: 15.6033 )
00000391: 17.0318   (Y': 17.9108   Cb: 15.7654   Cr: 15.588  )
00000392: 17.0431   (Y': 17.9182   Cb: 15.7865   Cr: 15.5992 )
00000393: 17.043    (Y': 17.9087   Cb: 15.8477   Cr: 15.5629 )
00000394: 17.0473   (Y': 17.9318   Cb: 15.7684   Cr: 15.6024 )
00000395: 17.0281   (Y': 17.9204   Cb: 15.7226   Cr: 15.5908 )
00000396: 17.0148   (Y': 17.8994   Cb: 15.7656   Cr: 15.5414 )
00000397: 17.054    (Y': 17.9246   Cb: 15.8417   Cr: 15.5785 )
00000398: 17.0297   (Y': 17.9129   Cb: 15.7659   Cr: 15.5738 )
00000399: 17.0262   (Y': 17.93     Cb: 15.7495   Cr: 15.5347 )
00000400: 17.0438   (Y': 17.924    Cb: 15.774    Cr: 15.6007 )
00000401: 17.0189   (Y': 17.9273   Cb: 15.7242   Cr: 15.5339 )
00000402: 17.0477   (Y': 17.9348   Cb: 15.8209   Cr: 15.5474 )
00000403: 17.0407   (Y': 17.9421   Cb: 15.7319   Cr: 15.5856 )
00000404: 17.0501   (Y': 17.9491   Cb: 15.7775   Cr: 15.5659 )
00000405: 17.0402   (Y': 17.9272   Cb: 15.7618   Cr: 15.589  )
00000406: 17.0357   (Y': 17.939    Cb: 15.7841   Cr: 15.5217 )
00000407: 17.0471   (Y': 17.9564   Cb: 15.7833   Cr: 15.5307 )
00000408: 17.0183   (Y': 17.9031   Cb: 15.7357   Cr: 15.5766 )
00000409: 17.0459   (Y': 17.9386   Cb: 15.7456   Cr: 15.603  )
00000410: 17.0402   (Y': 17.913    Cb: 15.7827   Cr: 15.6025 )
00000411: 17.0515   (Y': 17.9607   Cb: 15.8091   Cr: 15.5151 )
00000412: 17.051    (Y': 17.9391   Cb: 15.762    Cr: 15.6077 )
00000413: 17.0439   (Y': 17.9597   Cb: 15.7584   Cr: 15.5334 )
00000414: 17.0409   (Y': 17.9068   Cb: 15.785    Cr: 15.6179 )
00000415: 17.0773   (Y': 17.974    Cb: 15.8409   Cr: 15.5638 )
00000416: 17.0368   (Y': 17.9342   Cb: 15.7577   Cr: 15.5625 )
00000417: 17.0507   (Y': 17.9368   Cb: 15.7764   Cr: 15.598  )
00000418: 17.0329   (Y': 17.9226   Cb: 15.7464   Cr: 15.5834 )
00000419: 17.047    (Y': 17.9656   Cb: 15.7463   Cr: 15.5442 )
00000420: 17.0468   (Y': 17.9463   Cb: 15.7532   Cr: 15.5813 )
00000422: 17.0167   (Y': 17.9108   Cb: 15.777    Cr: 15.5127 )
00000421: 17.057    (Y': 17.9748   Cb: 15.7339   Cr: 15.5777 )
00000423: 17.0411   (Y': 17.938    Cb: 15.7456   Cr: 15.5834 )
00000424: 17.0209   (Y': 17.9225   Cb: 15.704    Cr: 15.5732 )
00000425: 17.0399   (Y': 17.9203   Cb: 15.7705   Cr: 15.596  )
00000426: 17.0082   (Y': 17.9164   Cb: 15.7362   Cr: 15.5019 )
00000427: 17.0275   (Y': 17.9293   Cb: 15.7475   Cr: 15.5435 )
00000428: 17.0452   (Y': 17.9322   Cb: 15.7573   Cr: 15.6036 )
00000429: 17.0192   (Y': 17.9226   Cb: 15.7509   Cr: 15.5207 )
00000430: 17.0323   (Y': 17.9323   Cb: 15.7631   Cr: 15.5425 )
00000431: 17.0375   (Y': 17.9184   Cb: 15.8064   Cr: 15.5556 )
00000432: 17.0292   (Y': 17.9588   Cb: 15.7556   Cr: 15.4758 )
00000433: 17.0398   (Y': 17.9207   Cb: 15.7693   Cr: 15.5955 )
00000434: 17.0399   (Y': 17.9286   Cb: 15.7504   Cr: 15.5958 )
00000435: 17.0394   (Y': 17.9312   Cb: 15.7549   Cr: 15.5829 )
00000436: 17.0339   (Y': 17.9202   Cb: 15.7537   Cr: 15.5862 )
00000437: 17.0325   (Y': 17.9255   Cb: 15.7933   Cr: 15.5303 )
00000438: 17.0193   (Y': 17.8946   Cb: 15.7684   Cr: 15.5693 )
00000439: 17.0178   (Y': 17.9002   Cb: 15.736    Cr: 15.5807 )
00000440: 17.0217   (Y': 17.9122   Cb: 15.7382   Cr: 15.5678 )
00000441: 17.0474   (Y': 17.9577   Cb: 15.7489   Cr: 15.562  )
00000442: 17.0254   (Y': 17.95     Cb: 15.6929   Cr: 15.5397 )
00000443: 17.0366   (Y': 17.9447   Cb: 15.7211   Cr: 15.5726 )
00000444: 17.0246   (Y': 17.9464   Cb: 15.7394   Cr: 15.4998 )
00000445: 17.042    (Y': 17.9488   Cb: 15.7435   Cr: 15.5646 )
00000446: 17.0366   (Y': 17.9263   Cb: 15.7447   Cr: 15.5926 )
00000447: 17.0495   (Y': 17.9604   Cb: 15.7317   Cr: 15.5813 )
00000448: 17.0226   (Y': 17.9122   Cb: 15.7803   Cr: 15.5312 )
00000449: 17.0074   (Y': 17.9227   Cb: 15.7349   Cr: 15.4855 )
00000450: 17.0406   (Y': 17.9522   Cb: 15.7205   Cr: 15.5727 )
00000451: 17.0085   (Y': 17.907    Cb: 15.7409   Cr: 15.5206 )
00000452: 17.0143   (Y': 17.9436   Cb: 15.7138   Cr: 15.4871 )
00000453: 17.0624   (Y': 17.9852   Cb: 15.7683   Cr: 15.544  )
00000454: 17.0315   (Y': 17.9649   Cb: 15.699    Cr: 15.5256 )
00000455: 17.036    (Y': 17.912    Cb: 15.8183   Cr: 15.5533 )
00000456: 17.0643   (Y': 17.957    Cb: 15.7648   Cr: 15.6206 )
00000457: 17.0433   (Y': 17.9588   Cb: 15.7214   Cr: 15.5681 )
00000458: 17.0009   (Y': 17.9191   Cb: 15.7078   Cr: 15.492  )
00000459: 17.018    (Y': 17.9241   Cb: 15.7182   Cr: 15.5433 )
00000460: 17.0225   (Y': 17.935    Cb: 15.7291   Cr: 15.5272 )
00000461: 17.017    (Y': 17.9368   Cb: 15.7069   Cr: 15.5206 )
00000462: 17.0323   (Y': 17.9542   Cb: 15.7463   Cr: 15.5083 )
00000463: 17.0342   (Y': 17.9471   Cb: 15.7062   Cr: 15.5711 )
00000464: 17.0401   (Y': 17.9373   Cb: 15.7495   Cr: 15.577  )
00000465: 17.0544   (Y': 17.9476   Cb: 15.7359   Cr: 15.6278 )
00000466: 17.0288   (Y': 17.9307   Cb: 15.7888   Cr: 15.507  )
00000467: 17.0183   (Y': 17.9487   Cb: 15.7071   Cr: 15.4987 )
00000468: 17.0277   (Y': 17.9331   Cb: 15.726    Cr: 15.5564 )
00000469: 17.0396   (Y': 17.9582   Cb: 15.7351   Cr: 15.5406 )
00000470: 17.0417   (Y': 17.9593   Cb: 15.7372   Cr: 15.5449 )
00000471: 17.0357   (Y': 17.9646   Cb: 15.7384   Cr: 15.5061 )
00000472: 17.0525   (Y': 17.9687   Cb: 15.7804   Cr: 15.5283 )
00000473: 17.0435   (Y': 17.9378   Cb: 15.7689   Cr: 15.5718 )
00000474: 17.0567   (Y': 17.9803   Cb: 15.7623   Cr: 15.5369 )
00000475: 17.0565   (Y': 17.9615   Cb: 15.7487   Cr: 15.592  )
00000476: 17.0896   (Y': 18.0092   Cb: 15.7083   Cr: 15.6632 )
00000477: 17.0804   (Y': 17.9919   Cb: 15.7824   Cr: 15.5917 )
00000478: 17.0504   (Y': 17.9496   Cb: 15.721    Cr: 15.6204 )
00000479: 17.1419   (Y': 18.0487   Cb: 15.8256   Cr: 15.6816 )
00000480: 17.1725   (Y': 18.0995   Cb: 15.8018   Cr: 15.7184 )
00000481: 17.1507   (Y': 18.0671   Cb: 15.8049   Cr: 15.6966 )
00000482: 17.1408   (Y': 18.0616   Cb: 15.8114   Cr: 15.6608 )
00000483: 17.1325   (Y': 18.0509   Cb: 15.7905   Cr: 15.6703 )
00000484: 17.1044   (Y': 18.007    Cb: 15.7871   Cr: 15.6548 )
00000485: 17.115    (Y': 18.0363   Cb: 15.7665   Cr: 15.6521 )
00000486: 17.0937   (Y': 18.0264   Cb: 15.7482   Cr: 15.6018 )
00000487: 17.0813   (Y': 18.0047   Cb: 15.7208   Cr: 15.6255 )
00000488: 17.0929   (Y': 17.9978   Cb: 15.7612   Cr: 15.6519 )
00000489: 17.1034   (Y': 18.0301   Cb: 15.7299   Cr: 15.6525 )
00000490: 17.1062   (Y': 18.0236   Cb: 15.7392   Cr: 15.6708 )
00000491: 17.0737   (Y': 17.9935   Cb: 15.7341   Cr: 15.6056 )
00000492: 17.0895   (Y': 18.0097   Cb: 15.7526   Cr: 15.6181 )
00000493: 17.0757   (Y': 17.9718   Cb: 15.7722   Cr: 15.628  )
00000494: 17.0927   (Y': 18.0013   Cb: 15.7447   Cr: 15.6588 )
00000495: 17.1092   (Y': 18.0293   Cb: 15.7738   Cr: 15.6366 )
00000496: 17.0852   (Y': 18.0011   Cb: 15.7758   Cr: 15.5971 )
00000497: 17.0511   (Y': 17.9654   Cb: 15.7406   Cr: 15.568  )
00000498: 17.0811   (Y': 18.0195   Cb: 15.6844   Cr: 15.6263 )
00000499: 17.0991   (Y': 18.0283   Cb: 15.7366   Cr: 15.6316 )
00000500: 17.0819   (Y': 17.9861   Cb: 15.736    Cr: 15.6563 )
00000501: 17.0966   (Y': 17.9872   Cb: 15.7928   Cr: 15.6617 )
00000502: 17.0802   (Y': 17.9632   Cb: 15.8199   Cr: 15.621  )
00000503: 17.0957   (Y': 17.9883   Cb: 15.7576   Cr: 15.6899 )
00000504: 17.0655   (Y': 17.9612   Cb: 15.7883   Cr: 15.5935 )
00000505: 17.0877   (Y': 17.9737   Cb: 15.7643   Cr: 15.6825 )
00000506: 17.0705   (Y': 17.9699   Cb: 15.7499   Cr: 15.6312 )
00000507: 17.0743   (Y': 17.9832   Cb: 15.7183   Cr: 15.6474 )
00000508: 17.1003   (Y': 17.9876   Cb: 15.7886   Cr: 15.6808 )
00000509: 17.0633   (Y': 17.983    Cb: 15.7265   Cr: 15.5928 )
00000511: 17.0788   (Y': 17.9954   Cb: 15.7546   Cr: 15.6035 )
00000510: 17.0813   (Y': 17.9681   Cb: 15.8173   Cr: 15.6172 )
00000512: 17.0766   (Y': 17.9857   Cb: 15.7463   Cr: 15.6242 )
00000513: 17.0855   (Y': 17.9911   Cb: 15.7244   Cr: 15.6715 )
00000514: 17.0933   (Y': 17.9886   Cb: 15.7743   Cr: 15.662  )
00000515: 17.0767   (Y': 17.9761   Cb: 15.7818   Cr: 15.613  )
00000516: 17.0938   (Y': 17.9917   Cb: 15.7832   Cr: 15.6486 )
00000517: 17.081    (Y': 17.9836   Cb: 15.7804   Cr: 15.615  )
00000518: 17.1017   (Y': 18.0123   Cb: 15.7709   Cr: 15.6463 )
00000519: 17.0752   (Y': 17.994    Cb: 15.7217   Cr: 15.623  )
00000520: 17.0839   (Y': 17.9846   Cb: 15.7207   Cr: 15.6834 )
00000521: 17.0702   (Y': 17.9695   Cb: 15.7544   Cr: 15.6269 )
00000522: 17.0945   (Y': 17.9923   Cb: 15.7429   Cr: 15.6896 )
00000523: 17.0731   (Y': 17.9813   Cb: 15.7697   Cr: 15.5968 )
00000524: 17.1021   (Y': 17.9954   Cb: 15.7804   Cr: 15.6783 )
00000526: 17.117    (Y': 18.0101   Cb: 15.8307   Cr: 15.6594 )
00000525: 17.11     (Y': 18.0122   Cb: 15.7836   Cr: 15.6702 )
00000527: 17.1241   (Y': 18.0345   Cb: 15.7913   Cr: 15.6714 )
00000528: 17.1066   (Y': 18.0128   Cb: 15.7907   Cr: 15.6473 )
00000529: 17.1086   (Y': 18.0102   Cb: 15.7867   Cr: 15.6659 )
00000530: 17.1023   (Y': 18.0016   Cb: 15.7749   Cr: 15.6702 )
00000531: 17.0783   (Y': 17.9941   Cb: 15.7497   Cr: 15.6089 )
00000532: 17.117    (Y': 18.0193   Cb: 15.7874   Cr: 15.6798 )
00000533: 17.0773   (Y': 17.9877   Cb: 15.7609   Cr: 15.6084 )
00000534: 17.1015   (Y': 17.9912   Cb: 15.804    Cr: 15.6627 )
00000535: 17.0917   (Y': 18.0173   Cb: 15.7224   Cr: 15.6392 )
00000536: 17.103    (Y': 18.0089   Cb: 15.7726   Cr: 15.6581 )
00000537: 17.0677   (Y': 17.9953   Cb: 15.7349   Cr: 15.5753 )
00000538: 17.0916   (Y': 18.0125   Cb: 15.7623   Cr: 15.611  )
00000539: 17.0828   (Y': 17.9914   Cb: 15.7591   Cr: 15.6253 )
00000540: 17.096    (Y': 18.0014   Cb: 15.7964   Cr: 15.6225 )
00000541: 17.0809   (Y': 17.9942   Cb: 15.7676   Cr: 15.6026 )
00000542: 17.0775   (Y': 18.0034   Cb: 15.7162   Cr: 15.6167 )
00000543: 17.0782   (Y': 17.9759   Cb: 15.7748   Cr: 15.6266 )
00000544: 17.0765   (Y': 17.9864   Cb: 15.7735   Cr: 15.5961 )
00000545: 17.0986   (Y': 17.9965   Cb: 15.7778   Cr: 15.6631 )
00000546: 17.077    (Y': 18.0153   Cb: 15.7072   Cr: 15.596  )
00000547: 17.0916   (Y': 17.983    Cb: 15.7574   Cr: 15.6848 )
00000548: 17.0662   (Y': 17.9689   Cb: 15.7802   Cr: 15.586  )
00000549: 17.0801   (Y': 17.9796   Cb: 15.7275   Cr: 15.6722 )
00000550: 17.1033   (Y': 18.0135   Cb: 15.7637   Cr: 15.6574 )
00000551: 17.0997   (Y': 18.0199   Cb: 15.7746   Cr: 15.6167 )
00000552: 17.0865   (Y': 17.9856   Cb: 15.804    Cr: 15.6112 )
00000553: 17.0847   (Y': 18.018    Cb: 15.71     Cr: 15.6197 )
00000554: 17.0797   (Y': 17.9645   Cb: 15.7487   Cr: 15.6851 )
00000555: 17.0937   (Y': 17.9943   Cb: 15.7784   Cr: 15.6467 )
00000556: 17.0905   (Y': 17.996    Cb: 15.7942   Cr: 15.614  )
00000557: 17.1009   (Y': 18.0223   Cb: 15.7564   Cr: 15.6338 )
00000558: 17.0717   (Y': 17.9817   Cb: 15.7285   Cr: 15.6299 )
00000559: 17.0866   (Y': 17.9865   Cb: 15.7774   Cr: 15.6356 )
00000560: 17.094    (Y': 17.9896   Cb: 15.7773   Cr: 15.66   )
00000561: 17.0919   (Y': 17.9927   Cb: 15.7471   Cr: 15.6731 )
00000562: 17.0831   (Y': 17.993    Cb: 15.7259   Cr: 15.6553 )
00000563: 17.0695   (Y': 18.0002   Cb: 15.6624   Cr: 15.6427 )
00000564: 17.1041   (Y': 18.0145   Cb: 15.7995   Cr: 15.624  )
00000565: 17.0717   (Y': 17.9919   Cb: 15.7763   Cr: 15.5602 )
00000566: 17.0608   (Y': 17.9654   Cb: 15.7687   Cr: 15.5821 )
00000567: 17.0847   (Y': 17.998    Cb: 15.786    Cr: 15.5923 )
00000568: 17.0823   (Y': 17.9651   Cb: 15.8097   Cr: 15.6356 )
00000569: 17.0578   (Y': 17.9768   Cb: 15.7229   Cr: 15.5871 )
00000570: 17.0766   (Y': 17.9824   Cb: 15.7103   Cr: 15.6675 )
00000571: 17.0628   (Y': 17.9817   Cb: 15.7149   Cr: 15.6048 )
00000572: 17.1179   (Y': 18.02     Cb: 15.8052   Cr: 15.6647 )
00000573: 17.0885   (Y': 18.0057   Cb: 15.7658   Cr: 15.6099 )
00000574: 17.0926   (Y': 18.0028   Cb: 15.7577   Cr: 15.6421 )
00000575: 17.0902   (Y': 17.9893   Cb: 15.7647   Cr: 15.6567 )
00000576: 17.0673   (Y': 18.0064   Cb: 15.7073   Cr: 15.5748 )
00000577: 17.0638   (Y': 17.9918   Cb: 15.6974   Cr: 15.6031 )
00000578: 17.079    (Y': 17.9946   Cb: 15.7485   Cr: 15.6117 )
00000579: 17.0942   (Y': 18.0123   Cb: 15.7713   Cr: 15.6139 )
00000580: 17.086    (Y': 18.0097   Cb: 15.7243   Cr: 15.6306 )
00000581: 17.1004   (Y': 18.0278   Cb: 15.7513   Cr: 15.6243 )
00000582: 17.0874   (Y': 18.0035   Cb: 15.7868   Cr: 15.5905 )
00000584: 17.0952   (Y': 17.9992   Cb: 15.7795   Cr: 15.6408 )
00000583: 17.064    (Y': 18.0049   Cb: 15.7182   Cr: 15.5537 )
00000585: 17.0938   (Y': 18.0159   Cb: 15.7463   Cr: 15.6281 )
00000586: 17.0987   (Y': 18.0298   Cb: 15.7472   Cr: 15.6164 )
00000587: 17.0732   (Y': 17.9907   Cb: 15.7377   Cr: 15.6064 )
00000588: 17.0976   (Y': 18.0138   Cb: 15.7542   Cr: 15.6418 )
00000589: 17.0958   (Y': 18.0267   Cb: 15.7193   Cr: 15.6384 )
00000590: 17.1086   (Y': 18.0267   Cb: 15.8208   Cr: 15.595  )
00000592: 17.0799   (Y': 18.0007   Cb: 15.7597   Cr: 15.591  )
00000591: 17.0605   (Y': 17.9794   Cb: 15.7379   Cr: 15.5781 )
00000594: 17.1105   (Y': 18.0064   Cb: 15.8036   Cr: 15.6666 )
00000593: 17.0995   (Y': 17.9944   Cb: 15.8017   Cr: 15.6487 )
00000595: 17.0766   (Y': 17.9868   Cb: 15.7789   Cr: 15.5906 )
00000596: 17.1006   (Y': 18.0154   Cb: 15.777    Cr: 15.6288 )
00000597: 17.0801   (Y': 17.9901   Cb: 15.7362   Cr: 15.639  )
00000598: 17.0833   (Y': 17.998    Cb: 15.7517   Cr: 15.6196 )
00000599: 17.0831   (Y': 18.0258   Cb: 15.7264   Cr: 15.5791 )
00000600: 17.1013   (Y': 17.9979   Cb: 15.7751   Cr: 15.6743 )
00000601: 17.0986   (Y': 18.0031   Cb: 15.7749   Cr: 15.6508 )
00000602: 17.1077   (Y': 18.0112   Cb: 15.7539   Cr: 15.6917 )
00000603: 17.0755   (Y': 17.9897   Cb: 15.7446   Cr: 15.6118 )
00000604: 17.0706   (Y': 17.9814   Cb: 15.7151   Cr: 15.6392 )
00000606: 17.0845   (Y': 17.9679   Cb: 15.7892   Cr: 15.6583 )
00000605: 17.0544   (Y': 17.9733   Cb: 15.6645   Cr: 15.6377 )
00000607: 17.0934   (Y': 17.9843   Cb: 15.8095   Cr: 15.6387 )
00000608: 17.1069   (Y': 18.0085   Cb: 15.7704   Cr: 15.6782 )
00000610: 17.084    (Y': 17.982    Cb: 15.7871   Cr: 15.6253 )
00000609: 17.0768   (Y': 17.9836   Cb: 15.7398   Cr: 15.6366 )
00000611: 17.0607   (Y': 17.9672   Cb: 15.6936   Cr: 15.6506 )
00000612: 17.118    (Y': 18.0201   Cb: 15.7862   Cr: 15.6836 )
00000613: 17.0795   (Y': 18.005    Cb: 15.7597   Cr: 15.5793 )
00000614: 17.094    (Y': 18.0085   Cb: 15.7618   Cr: 15.631  )
00000615: 17.0822   (Y': 18.0149   Cb: 15.7317   Cr: 15.5952 )
00000616: 17.0897   (Y': 18.0049   Cb: 15.7746   Cr: 15.6088 )
00000617: 17.096    (Y': 18.0015   Cb: 15.7404   Cr: 15.6769 )
00000618: 17.1112   (Y': 18.0125   Cb: 15.833    Cr: 15.6266 )
00000619: 17.1028   (Y': 18.015    Cb: 15.7969   Cr: 15.6199 )
00000620: 17.1078   (Y': 18.0097   Cb: 15.7647   Cr: 15.6851 )
00000622: 17.0998   (Y': 17.9889   Cb: 15.7778   Cr: 15.686  )
00000621: 17.0584   (Y': 17.9849   Cb: 15.701    Cr: 15.5927 )
00000623: 17.066    (Y': 17.9535   Cb: 15.7718   Cr: 15.6291 )
00000624: 17.1017   (Y': 18.0248   Cb: 15.782    Cr: 15.6071 )
00000625: 17.0827   (Y': 17.9917   Cb: 15.7481   Cr: 15.6348 )
00000626: 17.0977   (Y': 18.011    Cb: 15.7601   Cr: 15.6428 )
00000627: 17.0934   (Y': 18.0032   Cb: 15.7149   Cr: 15.6872 )
00000628: 17.1067   (Y': 18.0211   Cb: 15.7809   Cr: 15.6381 )
00000629: 17.0762   (Y': 17.9898   Cb: 15.7727   Cr: 15.5877 )
00000630: 17.0904   (Y': 17.9981   Cb: 15.7287   Cr: 15.6722 )
00000631: 17.1002   (Y': 18.0138   Cb: 15.755    Cr: 15.6524 )
00000632: 17.0883   (Y': 18.0107   Cb: 15.7415   Cr: 15.6217 )
00000633: 17.0887   (Y': 18.0201   Cb: 15.7345   Cr: 15.6083 )
00000634: 17.0843   (Y': 17.9826   Cb: 15.7739   Cr: 15.6377 )
00000635: 17.0839   (Y': 17.9955   Cb: 15.7718   Cr: 15.608  )
00000636: 17.094    (Y': 18.0303   Cb: 15.7286   Cr: 15.6131 )
00000638: 17.0964   (Y': 18.0078   Cb: 15.744    Cr: 15.6604 )
00000637: 17.0907   (Y': 17.9954   Cb: 15.7688   Cr: 15.6405 )
00000639: 17.0725   (Y': 17.9859   Cb: 15.7072   Cr: 15.6446 )
00000640: 17.0786   (Y': 17.9929   Cb: 15.7164   Cr: 15.6455 )
00000641: 17.0758   (Y': 18.0026   Cb: 15.7271   Cr: 15.6006 )
00000642: 17.1014   (Y': 17.9995   Cb: 15.7698   Cr: 15.6762 )
00000643: 17.0854   (Y': 18.0076   Cb: 15.7345   Cr: 15.6231 )
00000644: 17.0925   (Y': 17.9992   Cb: 15.7945   Cr: 15.6148 )
00000645: 17.074    (Y': 17.9915   Cb: 15.7492   Cr: 15.5972 )
00000646: 17.0759   (Y': 18.0171   Cb: 15.7296   Cr: 15.5656 )
00000647: 17.107    (Y': 18.0347   Cb: 15.7422   Cr: 15.6452 )
00000648: 17.0877   (Y': 18.0183   Cb: 15.7192   Cr: 15.6232 )
00000649: 17.0845   (Y': 18.0158   Cb: 15.7298   Cr: 15.6047 )
00000650: 17.0656   (Y': 17.9929   Cb: 15.7016   Cr: 15.6044 )
00000651: 17.083    (Y': 17.9948   Cb: 15.7467   Cr: 15.6305 )
00000652: 17.0854   (Y': 18.0152   Cb: 15.8073   Cr: 15.5357 )
00000653: 17.0813   (Y': 18.0057   Cb: 15.7467   Cr: 15.5978 )
00000654: 17.0438   (Y': 17.98     Cb: 15.689    Cr: 15.5531 )
00000655: 17.0642   (Y': 17.9998   Cb: 15.7056   Cr: 15.5786 )
00000656: 17.1061   (Y': 18.0203   Cb: 15.7909   Cr: 15.6277 )
00000657: 17.0918   (Y': 18.0286   Cb: 15.754    Cr: 15.583  )
00000658: 17.0598   (Y': 17.9945   Cb: 15.7143   Cr: 15.5636 )
00000659: 17.0795   (Y': 17.9685   Cb: 15.7932   Cr: 15.6316 )
00000660: 17.0674   (Y': 17.9817   Cb: 15.7767   Cr: 15.5649 )
00000662: 17.0847   (Y': 18.0111   Cb: 15.7322   Cr: 15.614  )
00000661: 17.0682   (Y': 18.0014   Cb: 15.6966   Cr: 15.6006 )
00000663: 17.0839   (Y': 17.9957   Cb: 15.7434   Cr: 15.6353 )
00000664: 17.0599   (Y': 17.9814   Cb: 15.6922   Cr: 15.6157 )
00000665: 17.0693   (Y': 17.9853   Cb: 15.7495   Cr: 15.591  )
00000666: 17.0779   (Y': 17.9859   Cb: 15.7409   Cr: 15.6349 )
00000667: 17.0767   (Y': 18.008    Cb: 15.7218   Cr: 15.5973 )
00000668: 17.0398   (Y': 17.9796   Cb: 15.6414   Cr: 15.5834 )
00000669: 17.0596   (Y': 17.9776   Cb: 15.7306   Cr: 15.5854 )
00000670: 17.0799   (Y': 18.0074   Cb: 15.7304   Cr: 15.6036 )
00000671: 17.0893   (Y': 17.9781   Cb: 15.7688   Cr: 15.6748 )
00000672: 17.0749   (Y': 17.9905   Cb: 15.7472   Cr: 15.6052 )
00000673: 17.0829   (Y': 17.997    Cb: 15.7413   Cr: 15.6299 )
00000674: 17.0899   (Y': 18.0029   Cb: 15.7287   Cr: 15.6587 )
00000675: 17.0979   (Y': 18.0253   Cb: 15.7365   Cr: 15.6337 )
00000676: 17.0865   (Y': 18.0175   Cb: 15.7018   Cr: 15.6369 )
00000677: 17.1002   (Y': 18.03     Cb: 15.7601   Cr: 15.6097 )
00000678: 17.0931   (Y': 18.0205   Cb: 15.7417   Cr: 15.6192 )
00000679: 17.083    (Y': 18.0166   Cb: 15.7551   Cr: 15.5722 )
00000680: 17.0742   (Y': 17.985    Cb: 15.7498   Cr: 15.6124 )
00000681: 17.0821   (Y': 18.0054   Cb: 15.7656   Cr: 15.584  )
00000682: 17.0717   (Y': 18.0038   Cb: 15.7092   Cr: 15.5977 )
00000683: 17.0786   (Y': 17.9907   Cb: 15.723    Cr: 15.6441 )
00000684: 17.0684   (Y': 17.9938   Cb: 15.7284   Cr: 15.5882 )
00000685: 17.0789   (Y': 17.9694   Cb: 15.775    Cr: 15.6447 )
00000686: 17.0706   (Y': 17.9928   Cb: 15.7299   Cr: 15.5981 )
00000687: 17.0525   (Y': 17.9836   Cb: 15.6887   Cr: 15.5822 )
00000688: 17.089    (Y': 18.0198   Cb: 15.7272   Cr: 15.6171 )
00000689: 17.0738   (Y': 18.0033   Cb: 15.7208   Cr: 15.5966 )
00000690: 17.0708   (Y': 18.0051   Cb: 15.7167   Cr: 15.5836 )
00000691: 17.0861   (Y': 18.0252   Cb: 15.7064   Cr: 15.6129 )
00000692: 17.087    (Y': 17.9971   Cb: 15.7435   Cr: 15.6453 )
00000693: 17.0981   (Y': 18.0108   Cb: 15.728    Cr: 15.6765 )
00000694: 17.076    (Y': 17.9813   Cb: 15.7624   Cr: 15.6165 )
00000695: 17.0824   (Y': 18.0057   Cb: 15.7256   Cr: 15.6233 )
00000696: 17.0899   (Y': 18.0138   Cb: 15.7666   Cr: 15.5969 )
00000697: 17.0806   (Y': 18.0263   Cb: 15.6976   Cr: 15.5956 )
00000698: 17.079    (Y': 17.9828   Cb: 15.7696   Cr: 15.6187 )
00000699: 17.0723   (Y': 17.9959   Cb: 15.7028   Cr: 15.6248 )
00000700: 17.0934   (Y': 18.0159   Cb: 15.7694   Cr: 15.6044 )
00000701: 17.1129   (Y': 18.0433   Cb: 15.7578   Cr: 15.6357 )
00000702: 17.0992   (Y': 18.0241   Cb: 15.751    Cr: 15.6279 )
00000703: 17.0832   (Y': 18.0147   Cb: 15.7602   Cr: 15.5723 )
00000704: 17.0855   (Y': 18.0026   Cb: 15.7381   Cr: 15.6314 )
00000705: 17.0989   (Y': 17.9864   Cb: 15.7755   Cr: 15.6905 )
00000706: 17.0948   (Y': 18.0124   Cb: 15.7344   Cr: 15.6521 )
00000707: 17.0738   (Y': 17.9986   Cb: 15.7042   Cr: 15.6234 )
00000708: 17.084    (Y': 17.9924   Cb: 15.7848   Cr: 15.6035 )
00000709: 17.0795   (Y': 17.99     Cb: 15.7571   Cr: 15.6165 )
00000710: 17.0891   (Y': 18.0109   Cb: 15.7502   Cr: 15.6158 )
00000711: 17.0757   (Y': 17.9888   Cb: 15.7341   Cr: 15.6254 )
00000712: 17.0872   (Y': 18.0052   Cb: 15.7416   Cr: 15.6292 )
00000713: 17.0799   (Y': 17.9978   Cb: 15.7322   Cr: 15.6241 )
00000714: 17.0921   (Y': 18.0183   Cb: 15.7566   Cr: 15.6053 )
00000715: 17.0902   (Y': 18.0033   Cb: 15.759    Cr: 15.6297 )
00000716: 17.0847   (Y': 17.9988   Cb: 15.8068   Cr: 15.5709 )
00000717: 17.079    (Y': 18.0272   Cb: 15.725    Cr: 15.56   )
00000718: 17.0972   (Y': 18.0189   Cb: 15.7986   Cr: 15.5856 )
00000719: 17.1083   (Y': 18.0282   Cb: 15.8025   Cr: 15.6074 )
00000720: 17.113    (Y': 18.0333   Cb: 15.7979   Cr: 15.6203 )
00000721: 17.1033   (Y': 18.0404   Cb: 15.7758   Cr: 15.5839 )
00000723: 17.0978   (Y': 18.0429   Cb: 15.7628   Cr: 15.5676 )
00000722: 17.1101   (Y': 18.0309   Cb: 15.7936   Cr: 15.6174 )
00000724: 17.1039   (Y': 18.0419   Cb: 15.7634   Cr: 15.595  )
00000725: 17.1051   (Y': 18.0269   Cb: 15.7653   Cr: 15.6328 )
00000726: 17.1242   (Y': 18.0327   Cb: 15.7771   Cr: 15.6901 )
00000728: 17.1214   (Y': 18.0483   Cb: 15.7928   Cr: 15.6264 )
00000727: 17.1056   (Y': 18.0378   Cb: 15.767    Cr: 15.6079 )
00000729: 17.1138   (Y': 18.0214   Cb: 15.8332   Cr: 15.6173 )
00000731: 17.0988   (Y': 17.9975   Cb: 15.8015   Cr: 15.6387 )
00000730: 17.1341   (Y': 18.0711   Cb: 15.814    Cr: 15.6081 )
00000732: 17.0985   (Y': 17.9985   Cb: 15.8248   Cr: 15.6129 )
00000733: 17.0736   (Y': 18.0027   Cb: 15.6917   Cr: 15.6254 )
00000734: 17.0761   (Y': 17.9961   Cb: 15.7349   Cr: 15.6092 )
00000735: 17.0931   (Y': 17.9805   Cb: 15.801    Cr: 15.6543 )
00000736: 17.1107   (Y': 18.0432   Cb: 15.7459   Cr: 15.6381 )
00000737: 17.0838   (Y': 17.9883   Cb: 15.7348   Cr: 15.6604 )
00000738: 17.1126   (Y': 18.0082   Cb: 15.8135   Cr: 15.6613 )
00000739: 17.0778   (Y': 17.9832   Cb: 15.793    Cr: 15.5905 )
00000740: 17.08     (Y': 17.9807   Cb: 15.7537   Cr: 15.6432 )
00000741: 17.0922   (Y': 17.9766   Cb: 15.8294   Cr: 15.6323 )
00000742: 17.1103   (Y': 18.0068   Cb: 15.8551   Cr: 15.6152 )
00000743: 17.0749   (Y': 17.9765   Cb: 15.7444   Cr: 15.6403 )
00000744: 17.0735   (Y': 17.9776   Cb: 15.7269   Cr: 15.649  )
00000745: 17.0805   (Y': 17.9554   Cb: 15.7759   Cr: 15.6837 )
00000747: 17.0992   (Y': 17.9816   Cb: 15.8042   Cr: 15.6751 )
00000748: 17.058    (Y': 17.9516   Cb: 15.7468   Cr: 15.6233 )
00000746: 17.0795   (Y': 17.9691   Cb: 15.7795   Cr: 15.6432 )
00000749: 17.067    (Y': 17.9496   Cb: 15.7584   Cr: 15.6556 )
00000750: 17.1018   (Y': 17.9855   Cb: 15.7598   Cr: 15.7208 )
00000751: 17.0941   (Y': 17.9847   Cb: 15.7885   Cr: 15.661  )
00000752: 17.0885   (Y': 17.9734   Cb: 15.8057   Cr: 15.6469 )
00000753: 17.0567   (Y': 17.9457   Cb: 15.7394   Cr: 15.6387 )
00000754: 17.0939   (Y': 17.9732   Cb: 15.812    Cr: 15.6645 )
00000755: 17.0905   (Y': 17.9824   Cb: 15.7788   Cr: 15.6603 )
00000756: 17.0781   (Y': 17.9819   Cb: 15.7433   Cr: 15.6428 )
00000757: 17.0814   (Y': 17.9862   Cb: 15.7674   Cr: 15.6233 )
00000758: 17.0695   (Y': 17.983    Cb: 15.7567   Cr: 15.5902 )
00000760: 17.0725   (Y': 17.9507   Cb: 15.7654   Cr: 15.67   )
00000759: 17.0616   (Y': 17.9645   Cb: 15.7618   Cr: 15.5943 )
00000761: 17.0779   (Y': 17.9697   Cb: 15.7666   Cr: 15.6474 )
00000762: 17.1043   (Y': 17.9884   Cb: 15.8149   Cr: 15.6706 )
00000763: 17.0779   (Y': 17.9914   Cb: 15.7373   Cr: 15.6257 )
00000764: 17.1027   (Y': 17.995    Cb: 15.7831   Cr: 15.6791 )
00000765: 17.0816   (Y': 17.9676   Cb: 15.7786   Cr: 15.6566 )
00000766: 17.0833   (Y': 17.9882   Cb: 15.7445   Cr: 15.6491 )
00000767: 17.0846   (Y': 17.989    Cb: 15.7453   Cr: 15.652  )
00000768: 17.0927   (Y': 17.9843   Cb: 15.7588   Cr: 15.685  )
00000769: 17.0625   (Y': 17.9649   Cb: 15.7604   Cr: 15.5987 )
00000771: 17.0823   (Y': 17.9701   Cb: 15.8023   Cr: 15.6311 )
00000770: 17.0486   (Y': 17.9506   Cb: 15.684    Cr: 15.6468 )
00000772: 17.0825   (Y': 17.9725   Cb: 15.7888   Cr: 15.6393 )
00000773: 17.0692   (Y': 17.9523   Cb: 15.7734   Cr: 15.6442 )
00000774: 17.0686   (Y': 17.9641   Cb: 15.7369   Cr: 15.6497 )
00000775: 17.0921   (Y': 17.9857   Cb: 15.7857   Cr: 15.6531 )
00000776: 17.0809   (Y': 17.9916   Cb: 15.7541   Cr: 15.6215 )
00000777: 17.1047   (Y': 17.9795   Cb: 15.8179   Cr: 15.6904 )
00000779: 17.0677   (Y': 17.9638   Cb: 15.7207   Cr: 15.662  )
00000778: 17.0699   (Y': 17.9733   Cb: 15.7467   Cr: 15.6241 )
00000780: 17.0827   (Y': 17.9857   Cb: 15.7612   Cr: 15.6362 )
00000781: 17.0872   (Y': 17.9925   Cb: 15.7758   Cr: 15.6255 )
00000782: 17.0771   (Y': 17.9941   Cb: 15.7488   Cr: 15.6049 )
00000783: 17.0708   (Y': 17.986    Cb: 15.701    Cr: 15.6433 )
00000784: 17.0739   (Y': 17.9933   Cb: 15.7493   Cr: 15.5923 )
00000785: 17.084    (Y': 17.9935   Cb: 15.7188   Cr: 15.6649 )
00000786: 17.0877   (Y': 17.9943   Cb: 15.7256   Cr: 15.6724 )
00000787: 17.1037   (Y': 18.0385   Cb: 15.7224   Cr: 15.6417 )
00000788: 17.0791   (Y': 17.9984   Cb: 15.7194   Cr: 15.6319 )
00000790: 17.1024   (Y': 18.0101   Cb: 15.8041   Cr: 15.6224 )
00000789: 17.0768   (Y': 17.9888   Cb: 15.7743   Cr: 15.5913 )
00000791: 17.0761   (Y': 18.0193   Cb: 15.7161   Cr: 15.5743 )
00000792: 17.0673   (Y': 17.9965   Cb: 15.6976   Cr: 15.6071 )
00000793: 17.0925   (Y': 18.0075   Cb: 15.7533   Cr: 15.6351 )
00000794: 17.0747   (Y': 18.0001   Cb: 15.7248   Cr: 15.604  )
00000795: 17.0853   (Y': 17.9969   Cb: 15.7692   Cr: 15.6136 )
00000796: 17.0873   (Y': 18.005    Cb: 15.7727   Cr: 15.5999 )
00000798: 17.0977   (Y': 18.0394   Cb: 15.7279   Cr: 15.6088 )
00000797: 17.0979   (Y': 18.023    Cb: 15.7731   Cr: 15.6033 )
00000799: 17.07     (Y': 17.9938   Cb: 15.7488   Cr: 15.5752 )
00000800: 17.0931   (Y': 18.0047   Cb: 15.8136   Cr: 15.5864 )
00000801: 17.085    (Y': 17.9918   Cb: 15.8083   Cr: 15.5864 )
00000802: 17.0937   (Y': 18.0256   Cb: 15.742    Cr: 15.6098 )
00000804: 17.0808   (Y': 18.0155   Cb: 15.7071   Cr: 15.6117 )
00000803: 17.0834   (Y': 18.0006   Cb: 15.7536   Cr: 15.612  )
00000806: 17.0772   (Y': 17.9871   Cb: 15.7736   Cr: 15.5973 )
00000805: 17.0693   (Y': 17.9875   Cb: 15.7278   Cr: 15.6066 )
00000807: 17.0662   (Y': 17.9844   Cb: 15.7477   Cr: 15.5813 )
00000808: 17.0637   (Y': 17.9776   Cb: 15.7562   Cr: 15.5786 )
00000809: 17.0781   (Y': 18.0277   Cb: 15.723    Cr: 15.5569 )
00000811: 17.082    (Y': 18.0126   Cb: 15.7472   Cr: 15.5844 )
00000810: 17.0837   (Y': 18.0032   Cb: 15.7929   Cr: 15.5696 )
00000812: 17.07     (Y': 17.9841   Cb: 15.7404   Cr: 15.6055 )
00000813: 17.0587   (Y': 17.9949   Cb: 15.7379   Cr: 15.5351 )
00000814: 17.0636   (Y': 17.9819   Cb: 15.752    Cr: 15.5721 )
00000815: 17.0874   (Y': 17.9963   Cb: 15.7624   Cr: 15.6303 )
00000816: 17.0767   (Y': 17.9925   Cb: 15.7682   Cr: 15.588  )
00000817: 17.0787   (Y': 17.979    Cb: 15.8096   Cr: 15.588  )
00000818: 17.0659   (Y': 17.984    Cb: 15.7353   Cr: 15.5933 )
00000820: 17.0403   (Y': 17.96     Cb: 15.7516   Cr: 15.5235 )
00000819: 17.0657   (Y': 17.9946   Cb: 15.7561   Cr: 15.5479 )
00000821: 17.0504   (Y': 17.9977   Cb: 15.6839   Cr: 15.5453 )
00000822: 17.0659   (Y': 17.9725   Cb: 15.8052   Cr: 15.5527 )
00000823: 17.0363   (Y': 17.9585   Cb: 15.7405   Cr: 15.5207 )
00000824: 17.0435   (Y': 17.9646   Cb: 15.7345   Cr: 15.5431 )
00000825: 17.0587   (Y': 17.9774   Cb: 15.7362   Cr: 15.5769 )
00000826: 17.0201   (Y': 17.941    Cb: 15.7381   Cr: 15.4946 )
00000827: 17.0203   (Y': 17.9359   Cb: 15.7295   Cr: 15.515  )
00000828: 17.0453   (Y': 17.9528   Cb: 15.7643   Cr: 15.5496 )
00000829: 17.0544   (Y': 17.984    Cb: 15.7216   Cr: 15.5571 )
00000830: 17.0876   (Y': 17.9962   Cb: 15.777    Cr: 15.6175 )
00000831: 17.0661   (Y': 17.9783   Cb: 15.748    Cr: 15.5949 )
00000832: 17.0917   (Y': 17.9926   Cb: 15.8146   Cr: 15.6073 )
00000833: 17.0735   (Y': 18.0137   Cb: 15.7137   Cr: 15.5783 )
00000835: 17.0834   (Y': 18.002    Cb: 15.7871   Cr: 15.5765 )
00000836: 17.0628   (Y': 17.9918   Cb: 15.7265   Cr: 15.5707 )
00000834: 17.09     (Y': 18.0259   Cb: 15.7254   Cr: 15.6095 )
00000837: 17.065    (Y': 17.9957   Cb: 15.7311   Cr: 15.5667 )
00000838: 17.0894   (Y': 18.0069   Cb: 15.781    Cr: 15.5967 )
00000839: 17.0728   (Y': 17.9989   Cb: 15.6855   Cr: 15.6372 )
00000840: 17.0903   (Y': 18.0049   Cb: 15.7397   Cr: 15.6451 )
00000841: 17.0698   (Y': 17.967    Cb: 15.7747   Cr: 15.6113 )
00000842: 17.0638   (Y': 17.9772   Cb: 15.7481   Cr: 15.5874 )
00000843: 17.0705   (Y': 18.0012   Cb: 15.7244   Cr: 15.5836 )
00000844: 17.0709   (Y': 17.9798   Cb: 15.7499   Cr: 15.6101 )
00000845: 17.0543   (Y': 17.9702   Cb: 15.7027   Cr: 15.6072 )
00000846: 17.0768   (Y': 17.9969   Cb: 15.7586   Cr: 15.5876 )
00000847: 17.0778   (Y': 17.9781   Cb: 15.7437   Cr: 15.6496 )
00000848: 17.0825   (Y': 18.0009   Cb: 15.7696   Cr: 15.5921 )
00000849: 17.0725   (Y': 17.9888   Cb: 15.762    Cr: 15.5843 )
00000850: 17.1034   (Y': 18.0056   Cb: 15.7588   Cr: 15.6813 )
00000851: 17.1321   (Y': 18.0544   Cb: 15.7938   Cr: 15.6571 )
00000852: 17.104    (Y': 18.0221   Cb: 15.7542   Cr: 15.6499 )
00000853: 17.1398   (Y': 18.0674   Cb: 15.8301   Cr: 15.625  )
00000854: 17.1357   (Y': 18.0545   Cb: 15.7952   Cr: 15.671  )
00000855: 17.1499   (Y': 18.0772   Cb: 15.8449   Cr: 15.6312 )
00000856: 17.1186   (Y': 18.028    Cb: 15.8373   Cr: 15.6188 )
00000857: 17.0819   (Y': 17.9795   Cb: 15.76     Cr: 15.6483 )
00000858: 17.088    (Y': 17.998    Cb: 15.8023   Cr: 15.5909 )
00000860: 17.0968   (Y': 18.0021   Cb: 15.8024   Cr: 15.6186 )
00000859: 17.1115   (Y': 17.9904   Cb: 15.8299   Cr: 15.6826 )
00000861: 17.1044   (Y': 18.0299   Cb: 15.7268   Cr: 15.6607 )
00000862: 17.0992   (Y': 17.9919   Cb: 15.7834   Cr: 15.6711 )
00000863: 17.1105   (Y': 18.0371   Cb: 15.7614   Cr: 15.6359 )
00000864: 17.1201   (Y': 18.0159   Cb: 15.8008   Cr: 15.6885 )
00000865: 17.1166   (Y': 18.0345   Cb: 15.7709   Cr: 15.659  )
00000866: 17.1178   (Y': 18.0302   Cb: 15.8405   Cr: 15.6074 )
00000867: 17.1185   (Y': 18.0211   Cb: 15.8174   Cr: 15.6531 )
00000868: 17.126    (Y': 18.0428   Cb: 15.7921   Cr: 15.6593 )
00000869: 17.1132   (Y': 18.0074   Cb: 15.8328   Cr: 15.6475 )
00000870: 17.0968   (Y': 17.9955   Cb: 15.8191   Cr: 15.6181 )
00000871: 17.1031   (Y': 18.0223   Cb: 15.7897   Cr: 15.6113 )
00000872: 17.0957   (Y': 18.0112   Cb: 15.7866   Cr: 15.6083 )
00000873: 17.0836   (Y': 17.9825   Cb: 15.8033   Cr: 15.6068 )
00000874: 17.0603   (Y': 17.9953   Cb: 15.7253   Cr: 15.5529 )
00000875: 17.064    (Y': 18.0131   Cb: 15.715    Cr: 15.5382 )
00000876: 17.0804   (Y': 17.9963   Cb: 15.7806   Cr: 15.5833 )
00000877: 17.0803   (Y': 17.9946   Cb: 15.7626   Cr: 15.6039 )
00000878: 17.0893   (Y': 18.0085   Cb: 15.7519   Cr: 15.6206 )
00000879: 17.1247   (Y': 17.995    Cb: 15.8823   Cr: 15.6785 )
00000880: 17.1141   (Y': 18.0222   Cb: 15.7699   Cr: 15.6775 )
00000881: 17.1258   (Y': 18.0178   Cb: 15.8194   Cr: 15.6903 )
00000882: 17.1163   (Y': 18.0356   Cb: 15.7376   Cr: 15.6878 )
00000883: 17.0959   (Y': 18.0001   Cb: 15.7713   Cr: 15.6495 )
00000884: 17.0876   (Y': 18.0089   Cb: 15.7582   Cr: 15.6063 )
00000885: 17.0969   (Y': 17.9875   Cb: 15.7523   Cr: 15.7021 )
00000886: 17.1049   (Y': 17.9996   Cb: 15.7846   Cr: 15.6764 )
00000887: 17.1147   (Y': 18.0058   Cb: 15.7499   Cr: 15.7387 )
00000888: 17.0634   (Y': 17.967    Cb: 15.7684   Cr: 15.59   )
00000889: 17.0626   (Y': 17.9897   Cb: 15.7151   Cr: 15.5855 )
00000890: 17.0928   (Y': 18.0115   Cb: 15.764    Cr: 15.617  )
00000891: 17.0836   (Y': 18.0131   Cb: 15.7428   Cr: 15.5946 )
00000892: 17.082    (Y': 18.0138   Cb: 15.721    Cr: 15.6072 )
00000893: 17.0623   (Y': 17.9859   Cb: 15.7389   Cr: 15.5698 )
00000894: 17.0663   (Y': 18.0015   Cb: 15.6605   Cr: 15.6277 )
00000896: 17.1145   (Y': 18.033    Cb: 15.7598   Cr: 15.6643 )
00000895: 17.0982   (Y': 18.0303   Cb: 15.7181   Cr: 15.6413 )
00000897: 17.0894   (Y': 17.9953   Cb: 15.8057   Cr: 15.5996 )
00000898: 17.0639   (Y': 18.006    Cb: 15.6992   Cr: 15.5694 )
00000899: 17.0874   (Y': 17.9987   Cb: 15.7596   Cr: 15.6279 )
00000900: 17.0753   (Y': 18.021    Cb: 15.743    Cr: 15.5414 )
00000901: 17.0753   (Y': 18.0051   Cb: 15.7021   Cr: 15.617  )
00000902: 17.0875   (Y': 18.0113   Cb: 15.7418   Cr: 15.6162 )
00000903: 17.1021   (Y': 18.0189   Cb: 15.7393   Cr: 15.6636 )
00000904: 17.1118   (Y': 18.0252   Cb: 15.8582   Cr: 15.5766 )
00000905: 17.101    (Y': 18.028    Cb: 15.7173   Cr: 15.6594 )
00000906: 17.1094   (Y': 18.0491   Cb: 15.7875   Cr: 15.5788 )
00000907: 17.0996   (Y': 18.0361   Cb: 15.7376   Cr: 15.6151 )
00000908: 17.0913   (Y': 18.013    Cb: 15.7149   Cr: 15.6548 )
00000909: 17.0843   (Y': 18.0142   Cb: 15.7232   Cr: 15.6141 )
00000910: 17.0974   (Y': 18.0275   Cb: 15.7302   Cr: 15.6327 )
00000911: 17.1034   (Y': 18.0265   Cb: 15.7606   Cr: 15.6311 )
00000912: 17.092    (Y': 18.0108   Cb: 15.7605   Cr: 15.6184 )
00000913: 17.1126   (Y': 18.0338   Cb: 15.7558   Cr: 15.6581 )
00000914: 17.0933   (Y': 18.0289   Cb: 15.7061   Cr: 15.6356 )
00000916: 17.0997   (Y': 18.0052   Cb: 15.8023   Cr: 15.624  )
00000915: 17.078    (Y': 17.9842   Cb: 15.7321   Cr: 15.6476 )
00000917: 17.1025   (Y': 18.0074   Cb: 15.7438   Cr: 15.6877 )
00000918: 17.0856   (Y': 17.987    Cb: 15.7795   Cr: 15.628  )
00000919: 17.0886   (Y': 17.9909   Cb: 15.7428   Cr: 15.6672 )
00000920: 17.1037   (Y': 18.0207   Cb: 15.7811   Cr: 15.6256 )
00000921: 17.1187   (Y': 18.0579   Cb: 15.7625   Cr: 15.6222 )
00000922: 17.0687   (Y': 17.9983   Cb: 15.751    Cr: 15.557  )
00000923: 17.0773   (Y': 18.0171   Cb: 15.7093   Cr: 15.5911 )
00000924: 17.1039   (Y': 18.0189   Cb: 15.793    Cr: 15.6191 )
00000925: 17.1063   (Y': 18.0204   Cb: 15.7881   Cr: 15.6307 )
00000926: 17.1096   (Y': 18.0334   Cb: 15.7627   Cr: 15.6397 )
00000927: 17.106    (Y': 18.0289   Cb: 15.7424   Cr: 15.6543 )
00000928: 17.0896   (Y': 18.0257   Cb: 15.6938   Cr: 15.6391 )
00000929: 17.1072   (Y': 18.0271   Cb: 15.765    Cr: 15.6417 )
00000930: 17.0628   (Y': 17.9803   Cb: 15.7292   Cr: 15.5941 )
00000931: 17.106    (Y': 18.0186   Cb: 15.7393   Cr: 15.6815 )
00000932: 17.0799   (Y': 18.0172   Cb: 15.6713   Cr: 15.6393 )
00000933: 17.0901   (Y': 18.003    Cb: 15.7605   Cr: 15.6286 )
00000934: 17.1032   (Y': 18.043    Cb: 15.7566   Cr: 15.5964 )
00000935: 17.0911   (Y': 18.0221   Cb: 15.7387   Cr: 15.6098 )
00000936: 17.0807   (Y': 18.0137   Cb: 15.7426   Cr: 15.5813 )
00000937: 17.1053   (Y': 18.0232   Cb: 15.7181   Cr: 15.6886 )
00000938: 17.0661   (Y': 17.9954   Cb: 15.7373   Cr: 15.5657 )
00000939: 17.1137   (Y': 18.0189   Cb: 15.8295   Cr: 15.6263 )
00000940: 17.107    (Y': 18.0283   Cb: 15.7473   Cr: 15.6552 )
00000941: 17.1267   (Y': 18.0196   Cb: 15.7997   Cr: 15.709  )
00000942: 17.1064   (Y': 18.0293   Cb: 15.7481   Cr: 15.6493 )
00000943: 17.0803   (Y': 17.9971   Cb: 15.7963   Cr: 15.5658 )
00000944: 17.0928   (Y': 18.0203   Cb: 15.7262   Cr: 15.6333 )
00000945: 17.0599   (Y': 17.9968   Cb: 15.7017   Cr: 15.5707 )
00000946: 17.0805   (Y': 18.0014   Cb: 15.7362   Cr: 15.6145 )
00000947: 17.0675   (Y': 18        Cb: 15.7247   Cr: 15.5736 )
00000948: 17.0896   (Y': 17.9997   Cb: 15.7729   Cr: 15.6219 )
00000949: 17.098    (Y': 18.0196   Cb: 15.7786   Cr: 15.6065 )
00000950: 17.1072   (Y': 18.0215   Cb: 15.765    Cr: 15.6543 )
00000951: 17.098    (Y': 18.0035   Cb: 15.7692   Cr: 15.6528 )
00000952: 17.1007   (Y': 18.0241   Cb: 15.7574   Cr: 15.6281 )
00000953: 17.1167   (Y': 17.9861   Cb: 15.8741   Cr: 15.6726 )
00000954: 17.0903   (Y': 17.9607   Cb: 15.7957   Cr: 15.6942 )
00000956: 17.0887   (Y': 17.9581   Cb: 15.775    Cr: 15.7136 )
00000955: 17.0916   (Y': 17.9569   Cb: 15.821    Cr: 15.6845 )
00000957: 17.1128   (Y': 17.989    Cb: 15.8493   Cr: 15.6727 )
00000958: 17.0874   (Y': 17.9973   Cb: 15.741    Cr: 15.649  )
00000959: 17.0552   (Y': 17.9534   Cb: 15.7076   Cr: 15.6455 )
00000960: 17.0581   (Y': 17.9604   Cb: 15.7585   Cr: 15.5921 )
00000961: 17.0904   (Y': 17.9841   Cb: 15.7885   Cr: 15.6462 )
00000962: 17.0969   (Y': 17.9811   Cb: 15.8048   Cr: 15.6656 )
00000963: 17.0829   (Y': 17.9916   Cb: 15.7918   Cr: 15.5937 )
00000964: 17.1079   (Y': 17.9981   Cb: 15.8231   Cr: 15.6558 )
00000965: 17.0946   (Y': 18.0025   Cb: 15.7467   Cr: 15.6624 )
00000966: 17.0905   (Y': 17.9793   Cb: 15.8108   Cr: 15.6367 )
00000967: 17.0956   (Y': 17.981    Cb: 15.7581   Cr: 15.706  )
00000968: 17.0876   (Y': 18.0069   Cb: 15.7552   Cr: 15.614  )
00000969: 17.0755   (Y': 17.9658   Cb: 15.7955   Cr: 15.6186 )
00000970: 17.0778   (Y': 18.0068   Cb: 15.7209   Cr: 15.6056 )
00000972: 17.1047   (Y': 18.0062   Cb: 15.7438   Cr: 15.7003 )
00000971: 17.0613   (Y': 17.973    Cb: 15.6952   Cr: 15.6384 )
00000973: 17.0704   (Y': 17.9658   Cb: 15.7421   Cr: 15.6482 )
00000974: 17.0956   (Y': 18.0028   Cb: 15.7874   Cr: 15.6267 )
00000975: 17.0732   (Y': 17.992    Cb: 15.7382   Cr: 15.6028 )
00000976: 17.0868   (Y': 17.9984   Cb: 15.7567   Cr: 15.6286 )
00000977: 17.0862   (Y': 17.9984   Cb: 15.7506   Cr: 15.6318 )
00000978: 17.0834   (Y': 17.9874   Cb: 15.7658   Cr: 15.6308 )
00000979: 17.0884   (Y': 17.9722   Cb: 15.8007   Cr: 15.6538 )
00000980: 17.1089   (Y': 18.0163   Cb: 15.7378   Cr: 15.7009 )
00000981: 17.1132   (Y': 18.0178   Cb: 15.7726   Cr: 15.6813 )
00000982: 17.1066   (Y': 18.018    Cb: 15.7487   Cr: 15.6757 )
00000983: 17.0777   (Y': 17.9942   Cb: 15.7646   Cr: 15.5919 )
00000984: 17.0931   (Y': 18.0256   Cb: 15.7458   Cr: 15.6031 )
00000985: 17.0806   (Y': 18.0002   Cb: 15.708    Cr: 15.6453 )
00000986: 17.0772   (Y': 18.0151   Cb: 15.6895   Cr: 15.6147 )
00000987: 17.0862   (Y': 17.9912   Cb: 15.7599   Cr: 15.6396 )
00000989: 17.0765   (Y': 17.9646   Cb: 15.7697   Cr: 15.6503 )
00000988: 17.0822   (Y': 17.9855   Cb: 15.7331   Cr: 15.6618 )
00000990: 17.093    (Y': 17.9808   Cb: 15.7758   Cr: 15.6777 )
00000991: 17.0773   (Y': 17.977    Cb: 15.7385   Cr: 15.6555 )
00000992: 17.0943   (Y': 18.0045   Cb: 15.7778   Cr: 15.6263 )
00000993: 17.1021   (Y': 18.0204   Cb: 15.7524   Cr: 15.6475 )
00000994: 17.0863   (Y': 17.9839   Cb: 15.7537   Cr: 15.6633 )
00000997: 17.1174   (Y': 18.0381   Cb: 15.7196   Cr: 15.7049 )
00000995: 17.1101   (Y': 18.0177   Cb: 15.7948   Cr: 15.6471 )
00000996: 17.1324   (Y': 18.0327   Cb: 15.8102   Cr: 15.693  )
00000998: 17.1132   (Y': 18.0238   Cb: 15.8303   Cr: 15.6121 )
00001000: 17.0863   (Y': 18.0003   Cb: 15.7734   Cr: 15.6057 )
00000999: 17.0778   (Y': 17.9704   Cb: 15.7742   Cr: 15.6382 )
00001001: 17.1028   (Y': 18.0106   Cb: 15.7659   Cr: 15.6601 )
00001002: 17.0928   (Y': 17.9832   Cb: 15.7986   Cr: 15.6494 )
00001003: 17.1217   (Y': 18.0166   Cb: 15.8383   Cr: 15.6571 )
00001004: 17.1202   (Y': 18.0054   Cb: 15.8181   Cr: 15.6966 )
00001005: 17.1068   (Y': 17.9964   Cb: 15.7997   Cr: 15.6775 )
00001006: 17.091    (Y': 17.9946   Cb: 15.7456   Cr: 15.666  )
00001007: 17.1091   (Y': 18.0156   Cb: 15.7701   Cr: 15.6716 )
00001008: 17.0936   (Y': 17.9934   Cb: 15.769    Cr: 15.6576 )
00001009: 17.0956   (Y': 17.9944   Cb: 15.7697   Cr: 15.6631 )
00001010: 17.0779   (Y': 18.0004   Cb: 15.7418   Cr: 15.6005 )
00001011: 17.0807   (Y': 17.9869   Cb: 15.7392   Cr: 15.646  )
00001012: 17.1053   (Y': 18.0017   Cb: 15.7799   Cr: 15.678  )
00001013: 17.0774   (Y': 17.9794   Cb: 15.811    Cr: 15.5805 )
00001014: 17.1027   (Y': 18.0093   Cb: 15.7966   Cr: 15.6327 )
00001015: 17.0858   (Y': 17.992    Cb: 15.7593   Cr: 15.6368 )
00001016: 17.1039   (Y': 18.0417   Cb: 15.7491   Cr: 15.6091 )
00001017: 17.1151   (Y': 18.0315   Cb: 15.7552   Cr: 15.6751 )
00001018: 17.0894   (Y': 17.9986   Cb: 15.7426   Cr: 15.6529 )
00001020: 17.0783   (Y': 17.9889   Cb: 15.7487   Cr: 15.6221 )
00001019: 17.1068   (Y': 17.9916   Cb: 15.8114   Cr: 15.6773 )
00001021: 17.103    (Y': 17.9976   Cb: 15.8034   Cr: 15.6548 )
00001022: 17.1017   (Y': 18.0203   Cb: 15.7831   Cr: 15.6163 )
00001023: 17.0889   (Y': 17.9899   Cb: 15.7933   Cr: 15.622  )
00001024: 17.0885   (Y': 17.9705   Cb: 15.8322   Cr: 15.628  )
00001025: 17.0879   (Y': 18.0015   Cb: 15.7358   Cr: 15.6463 )
00001026: 17.0897   (Y': 17.9767   Cb: 15.784    Cr: 15.6654 )
00001027: 17.1127   (Y': 18.0296   Cb: 15.773    Cr: 15.6517 )
00001028: 17.088    (Y': 18.0048   Cb: 15.7245   Cr: 15.6505 )
Total: 17.1249   (Y': 18.0563   Cb: 15.7978   Cr: 15.6183 )
