00000000: 37.4581   (Y': INF       Cb: 32.6869   Cr: 32.6869 )
00000002: 16.4612   (Y': 17.9322   Cb: 14.4051   Cr: 14.5752 )
00000001: 16.4636   (Y': 17.9493   Cb: 14.3772   Cr: 14.5823 )
00000004: 16.6555   (Y': 18.0385   Cb: 14.653    Cr: 14.88   )
00000003: 16.6667   (Y': 18.0579   Cb: 14.6769   Cr: 14.8621 )
00000005: 16.6456   (Y': 18.0477   Cb: 14.6514   Cr: 14.8247 )
00000006: 16.5527   (Y': 17.9563   Cb: 14.5479   Cr: 14.7399 )
00000007: 16.5795   (Y': 17.9924   Cb: 14.5593   Cr: 14.7653 )
00000008: 16.5836   (Y': 18.0253   Cb: 14.5514   Cr: 14.7273 )
00000009: 16.6401   (Y': 18.1155   Cb: 14.4739   Cr: 14.8637 )
00000010: 16.5964   (Y': 18.064    Cb: 14.4552   Cr: 14.8074 )
00000011: 16.63     (Y': 18.1178   Cb: 14.4831   Cr: 14.8094 )
00000012: 16.6332   (Y': 18.1336   Cb: 14.4504   Cr: 14.8279 )
00000013: 16.6043   (Y': 18.0764   Cb: 14.4925   Cr: 14.7754 )
00000014: 16.6065   (Y': 18.0977   Cb: 14.4564   Cr: 14.7827 )
00000015: 16.6197   (Y': 18.1001   Cb: 14.4836   Cr: 14.8011 )
00000016: 16.5921   (Y': 18.0883   Cb: 14.4217   Cr: 14.7809 )
00000017: 16.5976   (Y': 18.0739   Cb: 14.4574   Cr: 14.7913 )
00000018: 16.5883   (Y': 18.0591   Cb: 14.4606   Cr: 14.7787 )
00000019: 16.5974   (Y': 18.071    Cb: 14.4168   Cr: 14.84   )
00000020: 16.6169   (Y': 18.1067   Cb: 14.4563   Cr: 14.8073 )
00000021: 16.5803   (Y': 18.0356   Cb: 14.4817   Cr: 14.7687 )
00000023: 16.5709   (Y': 18.0542   Cb: 14.4147   Cr: 14.7685 )
00000022: 16.6017   (Y': 18.0795   Cb: 14.4574   Cr: 14.7969 )
00000024: 16.5916   (Y': 18.0585   Cb: 14.4427   Cr: 14.8122 )
00000025: 16.6196   (Y': 18.0869   Cb: 14.4749   Cr: 14.8351 )
00000029: 16.6497   (Y': 18.0997   Cb: 14.5095   Cr: 14.893  )
00000028: 16.6816   (Y': 18.1289   Cb: 14.5403   Cr: 14.9312 )
00000027: 16.6934   (Y': 18.1492   Cb: 14.5261   Cr: 14.9552 )
00000031: 16.6351   (Y': 18.004    Cb: 14.5313   Cr: 14.9968 )
00000030: 16.6548   (Y': 18.0564   Cb: 14.564    Cr: 14.9376 )
00000026: 16.6776   (Y': 18.1858   Cb: 14.4699   Cr: 14.8846 )
00000032: 16.637    (Y': 18.0457   Cb: 14.5294   Cr: 14.9244 )
00000033: 16.6379   (Y': 18.012    Cb: 14.5964   Cr: 14.921  )
00000035: 16.6181   (Y': 18.0066   Cb: 14.5335   Cr: 14.92   )
00000036: 16.6311   (Y': 18.0024   Cb: 14.5714   Cr: 14.9395 )
00000034: 16.6171   (Y': 18.0098   Cb: 14.5317   Cr: 14.9116 )
00000038: 16.6289   (Y': 17.9836   Cb: 14.5465   Cr: 14.9955 )
00000037: 16.5979   (Y': 17.9634   Cb: 14.5608   Cr: 14.8934 )
00000039: 16.6149   (Y': 18.0035   Cb: 14.5439   Cr: 14.9018 )
00000040: 16.6401   (Y': 18.0077   Cb: 14.6029   Cr: 14.9315 )
00000041: 16.6126   (Y': 17.9833   Cb: 14.5634   Cr: 14.9109 )
00000042: 16.6258   (Y': 17.9936   Cb: 14.5516   Cr: 14.9569 )
00000044: 16.6229   (Y': 18.0161   Cb: 14.5291   Cr: 14.9255 )
00000043: 16.6004   (Y': 17.9702   Cb: 14.5312   Cr: 14.922  )
00000045: 16.6394   (Y': 18.0222   Cb: 14.5558   Cr: 14.9511 )
00000046: 16.6106   (Y': 17.9803   Cb: 14.5499   Cr: 14.9234 )
00000047: 16.5867   (Y': 17.9717   Cb: 14.4864   Cr: 14.9125 )
00000048: 16.6173   (Y': 18.0337   Cb: 14.4892   Cr: 14.9122 )
00000049: 16.637    (Y': 18.0477   Cb: 14.5373   Cr: 14.912  )
00000050: 16.6788   (Y': 18.117    Cb: 14.5593   Cr: 14.9222 )
00000052: 16.6381   (Y': 18.0741   Cb: 14.5226   Cr: 14.8815 )
00000051: 16.6589   (Y': 18.0908   Cb: 14.5788   Cr: 14.8718 )
00000053: 16.6297   (Y': 18.1043   Cb: 14.4712   Cr: 14.8462 )
00000055: 16.6226   (Y': 18.0732   Cb: 14.4946   Cr: 14.8513 )
00000054: 16.6447   (Y': 18.088    Cb: 14.5283   Cr: 14.8748 )
00000056: 16.597    (Y': 18.0516   Cb: 14.457    Cr: 14.8316 )
00000057: 16.5821   (Y': 18.0362   Cb: 14.4923   Cr: 14.7635 )
00000060: 16.6157   (Y': 18.08     Cb: 14.4652   Cr: 14.8431 )
00000059: 16.5843   (Y': 18.0485   Cb: 14.4592   Cr: 14.7843 )
00000061: 16.613    (Y': 18.0849   Cb: 14.4345   Cr: 14.8568 )
00000058: 16.6087   (Y': 18.0794   Cb: 14.4703   Cr: 14.8109 )
00000062: 16.5886   (Y': 18.0821   Cb: 14.4276   Cr: 14.7723 )
00000063: 16.5701   (Y': 18.0452   Cb: 14.4113   Cr: 14.7858 )
00000064: 16.5767   (Y': 18.0415   Cb: 14.4795   Cr: 14.7456 )
00000065: 16.6098   (Y': 18.0512   Cb: 14.4737   Cr: 14.8652 )
00000066: 16.5501   (Y': 18.017    Cb: 14.4463   Cr: 14.7221 )
00000067: 16.5575   (Y': 18.041    Cb: 14.4142   Cr: 14.7409 )
00000068: 16.5625   (Y': 18.0449   Cb: 14.4272   Cr: 14.7392 )
00000070: 16.5467   (Y': 18.0025   Cb: 14.4128   Cr: 14.7723 )
00000069: 16.5796   (Y': 18.0427   Cb: 14.438    Cr: 14.7994 )
00000071: 16.5832   (Y': 18.0333   Cb: 14.448    Cr: 14.8207 )
00000072: 16.6032   (Y': 18.0532   Cb: 14.4991   Cr: 14.8076 )
00000073: 16.5525   (Y': 18.0156   Cb: 14.4068   Cr: 14.7768 )
00000074: 16.5579   (Y': 18.0004   Cb: 14.4449   Cr: 14.786  )
00000075: 16.5946   (Y': 18.0393   Cb: 14.4673   Cr: 14.834  )
00000076: 16.5785   (Y': 18.0341   Cb: 14.4534   Cr: 14.7949 )
00000077: 16.5839   (Y': 18.0445   Cb: 14.4439   Cr: 14.8067 )
00000078: 16.5778   (Y': 18.0342   Cb: 14.4316   Cr: 14.8157 )
00000079: 16.5787   (Y': 18.0098   Cb: 14.4449   Cr: 14.8512 )
00000080: 16.5702   (Y': 18.027    Cb: 14.4423   Cr: 14.7874 )
00000081: 16.5725   (Y': 18.0341   Cb: 14.4331   Cr: 14.7929 )
00000082: 16.5536   (Y': 17.9927   Cb: 14.4192   Cr: 14.8116 )
00000084: 16.5729   (Y': 18.0028   Cb: 14.447    Cr: 14.8392 )
00000085: 16.5944   (Y': 17.9995   Cb: 14.4834   Cr: 14.8926 )
00000083: 16.5862   (Y': 18.0051   Cb: 14.5243   Cr: 14.8045 )
00000086: 16.5531   (Y': 18.0236   Cb: 14.4031   Cr: 14.768  )
00000087: 16.587    (Y': 18.0489   Cb: 14.4521   Cr: 14.8021 )
00000088: 16.5812   (Y': 18.0323   Cb: 14.4626   Cr: 14.799  )
00000089: 16.5771   (Y': 18.0324   Cb: 14.4785   Cr: 14.7654 )
00000090: 16.5763   (Y': 18.0285   Cb: 14.423    Cr: 14.8295 )
00000092: 16.56     (Y': 18.0182   Cb: 14.415    Cr: 14.7928 )
00000091: 16.6012   (Y': 18.0533   Cb: 14.4954   Cr: 14.8033 )
00000094: 16.5706   (Y': 18.0218   Cb: 14.4286   Cr: 14.8135 )
00000095: 16.5867   (Y': 18.0623   Cb: 14.4175   Cr: 14.8131 )
00000093: 16.5557   (Y': 18.026    Cb: 14.3984   Cr: 14.7791 )
00000097: 16.592    (Y': 18.0298   Cb: 14.46     Cr: 14.8495 )
00000099: 16.4977   (Y': 17.9498   Cb: 14.3534   Cr: 14.7415 )
00000096: 16.5562   (Y': 17.9919   Cb: 14.4424   Cr: 14.7983 )
00000098: 16.5417   (Y': 17.9818   Cb: 14.3862   Cr: 14.8211 )
00000100: 16.5303   (Y': 17.9293   Cb: 14.3817   Cr: 14.8822 )
00000102: 16.522    (Y': 17.9452   Cb: 14.363    Cr: 14.838  )
00000101: 16.5391   (Y': 17.9389   Cb: 14.3725   Cr: 14.91   )
00000103: 16.4831   (Y': 17.9486   Cb: 14.2938   Cr: 14.7508 )
00000104: 16.4826   (Y': 17.969    Cb: 14.2946   Cr: 14.7092 )
00000105: 16.5041   (Y': 17.9412   Cb: 14.3464   Cr: 14.7914 )
00000106: 16.4774   (Y': 17.9153   Cb: 14.2793   Cr: 14.8084 )
00000108: 16.4763   (Y': 17.9415   Cb: 14.286    Cr: 14.7459 )
00000109: 16.4869   (Y': 17.934    Cb: 14.3316   Cr: 14.7525 )
00000110: 16.4804   (Y': 17.9304   Cb: 14.3211   Cr: 14.7447 )
00000107: 16.4923   (Y': 17.9531   Cb: 14.3087   Cr: 14.7629 )
00000111: 16.4618   (Y': 17.9106   Cb: 14.2678   Cr: 14.7669 )
00000112: 16.5956   (Y': 18.0989   Cb: 14.3591   Cr: 14.844  )
00000113: 17.1244   (Y': 18.7153   Cb: 14.7675   Cr: 15.3455 )
00000114: 17.3049   (Y': 18.9466   Cb: 14.8637   Cr: 15.5303 )
00000115: 17.472    (Y': 19.0626   Cb: 15.0607   Cr: 15.7565 )
00000116: 17.3896   (Y': 18.9604   Cb: 15.0135   Cr: 15.6704 )
00000117: 17.0593   (Y': 18.6214   Cb: 14.7246   Cr: 15.3083 )
00000118: 16.777    (Y': 18.307    Cb: 14.5058   Cr: 15.0141 )
00000119: 16.7514   (Y': 18.2483   Cb: 14.5372   Cr: 14.9873 )
00000120: 16.6865   (Y': 18.1926   Cb: 14.4991   Cr: 14.8754 )
00000121: 16.6073   (Y': 18.0964   Cb: 14.3959   Cr: 14.8546 )
00000122: 16.7184   (Y': 18.2091   Cb: 14.5045   Cr: 14.9655 )
00000123: 16.4873   (Y': 17.9671   Cb: 14.2718   Cr: 14.7568 )
00000124: 16.4878   (Y': 17.9619   Cb: 14.2885   Cr: 14.7503 )
00000125: 16.4774   (Y': 17.9525   Cb: 14.2942   Cr: 14.7198 )
00000126: 16.4627   (Y': 17.9317   Cb: 14.278    Cr: 14.7189 )
00000127: 16.4922   (Y': 17.9492   Cb: 14.3156   Cr: 14.7621 )
00000128: 16.4839   (Y': 17.9134   Cb: 14.3523   Cr: 14.7573 )
00000129: 16.4946   (Y': 17.9528   Cb: 14.2955   Cr: 14.7874 )
00000130: 16.4876   (Y': 17.9294   Cb: 14.3445   Cr: 14.75   )
00000131: 16.4791   (Y': 17.9404   Cb: 14.2941   Cr: 14.75   )
00000132: 16.4714   (Y': 17.9155   Cb: 14.3338   Cr: 14.7233 )
00000134: 16.5111   (Y': 17.9574   Cb: 14.3559   Cr: 14.7782 )
00000133: 16.4731   (Y': 17.9244   Cb: 14.2985   Cr: 14.7517 )
00000135: 16.4575   (Y': 17.9243   Cb: 14.2614   Cr: 14.7304 )
00000136: 16.4768   (Y': 17.9381   Cb: 14.2655   Cr: 14.7771 )
00000137: 16.4897   (Y': 17.9374   Cb: 14.3254   Cr: 14.764  )
00000138: 16.4765   (Y': 17.9242   Cb: 14.2787   Cr: 14.7883 )
00000140: 16.4812   (Y': 17.9492   Cb: 14.2874   Cr: 14.7492 )
00000139: 16.4669   (Y': 17.9274   Cb: 14.2784   Cr: 14.7433 )
00000141: 16.4919   (Y': 17.9484   Cb: 14.3119   Cr: 14.7664 )
00000143: 16.4799   (Y': 17.9466   Cb: 14.2839   Cr: 14.753  )
00000142: 16.4853   (Y': 17.9236   Cb: 14.2973   Cr: 14.8044 )
00000144: 16.4857   (Y': 17.9437   Cb: 14.2778   Cr: 14.7885 )
00000145: 16.5051   (Y': 17.9582   Cb: 14.3433   Cr: 14.7664 )
00000146: 16.486    (Y': 17.9298   Cb: 14.3081   Cr: 14.7829 )
00000147: 16.4972   (Y': 17.9828   Cb: 14.2994   Cr: 14.7361 )
00000148: 16.4889   (Y': 17.9598   Cb: 14.3043   Cr: 14.7409 )
00000149: 16.4975   (Y': 17.9745   Cb: 14.2778   Cr: 14.7773 )
00000150: 16.5222   (Y': 17.981    Cb: 14.3267   Cr: 14.8097 )
00000151: 16.4966   (Y': 17.9743   Cb: 14.2845   Cr: 14.7664 )
00000152: 16.4989   (Y': 17.9594   Cb: 14.3031   Cr: 14.7834 )
00000153: 16.5064   (Y': 17.9642   Cb: 14.3178   Cr: 14.7883 )
00000154: 16.4937   (Y': 17.9495   Cb: 14.315    Cr: 14.7684 )
00000155: 16.5112   (Y': 17.9601   Cb: 14.3522   Cr: 14.7775 )
00000156: 16.5296   (Y': 17.9951   Cb: 14.3188   Cr: 14.8215 )
00000157: 16.5193   (Y': 17.9434   Cb: 14.3871   Cr: 14.8039 )
00000158: 16.5141   (Y': 17.9816   Cb: 14.3065   Cr: 14.7986 )
00000159: 16.5037   (Y': 17.9744   Cb: 14.3232   Cr: 14.7518 )
00000160: 16.5162   (Y': 17.9691   Cb: 14.3608   Cr: 14.7707 )
00000162: 16.5224   (Y': 17.9639   Cb: 14.3209   Cr: 14.8501 )
00000161: 16.5135   (Y': 17.9489   Cb: 14.3032   Cr: 14.8633 )
00000163: 16.5295   (Y': 17.9815   Cb: 14.3199   Cr: 14.8461 )
00000164: 16.4979   (Y': 17.964    Cb: 14.2238   Cr: 14.8606 )
00000165: 16.4947   (Y': 17.9606   Cb: 14.2506   Cr: 14.8233 )
00000166: 16.4966   (Y': 17.9447   Cb: 14.2706   Cr: 14.8393 )
00000167: 16.4835   (Y': 17.9298   Cb: 14.2277   Cr: 14.8642 )
00000168: 16.5016   (Y': 17.94     Cb: 14.2661   Cr: 14.8745 )
00000169: 16.4972   (Y': 17.9331   Cb: 14.2797   Cr: 14.8541 )
00000170: 16.5027   (Y': 17.9381   Cb: 14.284    Cr: 14.8622 )
00000171: 16.4967   (Y': 17.935    Cb: 14.2849   Cr: 14.8425 )
00000173: 16.5073   (Y': 17.9393   Cb: 14.3034   Cr: 14.8566 )
00000172: 16.5193   (Y': 17.9587   Cb: 14.3026   Cr: 14.8683 )
00000174: 16.4976   (Y': 17.9558   Cb: 14.2532   Cr: 14.8416 )
00000175: 16.5163   (Y': 17.9594   Cb: 14.2729   Cr: 14.8887 )
00000176: 16.4965   (Y': 17.9289   Cb: 14.2715   Cr: 14.8692 )
00000177: 16.5177   (Y': 17.9424   Cb: 14.2899   Cr: 14.9087 )
00000178: 16.5408   (Y': 17.9718   Cb: 14.326    Cr: 14.9044 )
00000180: 16.528    (Y': 17.9409   Cb: 14.3423   Cr: 14.8943 )
00000179: 16.5148   (Y': 17.9454   Cb: 14.2708   Cr: 14.9128 )
00000181: 16.505    (Y': 17.9439   Cb: 14.2827   Cr: 14.8617 )
00000182: 16.4898   (Y': 17.9213   Cb: 14.2838   Cr: 14.8425 )
00000183: 16.5118   (Y': 17.9427   Cb: 14.3034   Cr: 14.8682 )
00000184: 16.5142   (Y': 17.9387   Cb: 14.2996   Cr: 14.8903 )
00000185: 16.4898   (Y': 17.9249   Cb: 14.293    Cr: 14.8246 )
00000186: 16.5119   (Y': 17.921    Cb: 14.3109   Cr: 14.9031 )
00000188: 16.5436   (Y': 17.9656   Cb: 14.342    Cr: 14.9099 )
00000187: 16.5133   (Y': 17.9325   Cb: 14.2964   Cr: 14.9027 )
00000189: 16.5264   (Y': 17.947    Cb: 14.3232   Cr: 14.8974 )
00000190: 16.5137   (Y': 17.928    Cb: 14.3027   Cr: 14.9061 )
00000191: 16.5005   (Y': 17.9131   Cb: 14.2853   Cr: 14.9011 )
00000192: 16.5351   (Y': 17.9707   Cb: 14.3109   Cr: 14.9004 )
00000193: 16.544    (Y': 17.9689   Cb: 14.2973   Cr: 14.9564 )
00000194: 16.5526   (Y': 17.957    Cb: 14.3637   Cr: 14.9392 )
00000195: 16.5936   (Y': 18.0005   Cb: 14.4072   Cr: 14.9725 )
00000196: 16.5884   (Y': 18.0313   Cb: 14.3319   Cr: 14.9766 )
00000197: 16.614    (Y': 18.0198   Cb: 14.3986   Cr: 15.0285 )
00000198: 16.583    (Y': 18.0027   Cb: 14.3561   Cr: 14.9829 )
00000199: 16.6073   (Y': 18.039    Cb: 14.3778   Cr: 14.9863 )
00000200: 16.6104   (Y': 18.025    Cb: 14.4235   Cr: 14.9744 )
00000201: 16.6206   (Y': 18.0425   Cb: 14.4245   Cr: 14.981  )
00000202: 16.6272   (Y': 18.0386   Cb: 14.3986   Cr: 15.0457 )
00000203: 16.6587   (Y': 18.1086   Cb: 14.4199   Cr: 15.0123 )
00000204: 16.6653   (Y': 18.0993   Cb: 14.4037   Cr: 15.077  )
00000206: 16.6757   (Y': 18.0921   Cb: 14.4184   Cr: 15.1176 )
00000205: 16.6813   (Y': 18.1213   Cb: 14.3933   Cr: 15.1117 )
00000207: 16.6788   (Y': 18.0808   Cb: 14.4715   Cr: 15.0914 )
00000208: 16.6958   (Y': 18.0988   Cb: 14.4537   Cr: 15.1468 )
00000209: 16.7185   (Y': 18.1338   Cb: 14.4628   Cr: 15.1611 )
00000210: 16.723    (Y': 18.1046   Cb: 14.5396   Cr: 15.1492 )
00000211: 16.7294   (Y': 18.1131   Cb: 14.5488   Cr: 15.1483 )
00000212: 16.7905   (Y': 18.1886   Cb: 14.6027   Cr: 15.1886 )
00000215: 17.1944   (Y': 18.5494   Cb: 14.9793   Cr: 15.7124 )
00000213: 16.7584   (Y': 18.1145   Cb: 14.5762   Cr: 15.2357 )
00000214: 16.7066   (Y': 18.0161   Cb: 14.5939   Cr: 15.2001 )
00000216: 17.5387   (Y': 18.9578   Cb: 15.2435   Cr: 16.0203 )
00000217: 17.5491   (Y': 18.9704   Cb: 15.2402   Cr: 16.0425 )
00000218: 17.2151   (Y': 18.6228   Cb: 14.9615   Cr: 15.6703 )
00000220: 16.9404   (Y': 18.342    Cb: 14.7155   Cr: 15.3745 )
00000219: 17.0088   (Y': 18.3997   Cb: 14.7881   Cr: 15.4596 )
00000223: 16.7209   (Y': 18.0359   Cb: 14.6019   Cr: 15.21   )
00000222: 16.6839   (Y': 17.9931   Cb: 14.5829   Cr: 15.1648 )
00000221: 16.7859   (Y': 18.1199   Cb: 14.6624   Cr: 15.2407 )
00000224: 16.6527   (Y': 17.9819   Cb: 14.5323   Cr: 15.114  )
00000225: 16.6001   (Y': 17.928    Cb: 14.4906   Cr: 15.0516 )
00000226: 16.6676   (Y': 18.0322   Cb: 14.4881   Cr: 15.124  )
00000227: 16.6804   (Y': 18.0524   Cb: 14.5231   Cr: 15.0962 )
00000228: 16.669    (Y': 18.0666   Cb: 14.4877   Cr: 15.0607 )
00000229: 16.6872   (Y': 18.0599   Cb: 14.5346   Cr: 15.0961 )
00000230: 16.6566   (Y': 18.0368   Cb: 14.473    Cr: 15.0858 )
00000231: 16.6775   (Y': 18.0674   Cb: 14.4898   Cr: 15.0919 )
00000232: 16.6554   (Y': 18.033    Cb: 14.5113   Cr: 15.0448 )
00000233: 16.5677   (Y': 17.9028   Cb: 14.4442   Cr: 15.0203 )
00000234: 16.5184   (Y': 17.8441   Cb: 14.4143   Cr: 14.9682 )
00000235: 16.5218   (Y': 17.8372   Cb: 14.4364   Cr: 14.9717 )
00000236: 16.5933   (Y': 17.9329   Cb: 14.473    Cr: 15.0329 )
00000237: 16.6213   (Y': 17.9581   Cb: 14.5123   Cr: 15.0539 )
00000238: 16.5913   (Y': 17.9305   Cb: 14.4652   Cr: 15.0387 )
00000239: 16.5999   (Y': 17.9449   Cb: 14.4662   Cr: 15.0439 )
00000240: 16.5515   (Y': 17.8842   Cb: 14.4145   Cr: 15.0245 )
00000241: 16.5594   (Y': 17.8823   Cb: 14.4449   Cr: 15.0269 )
00000242: 16.5727   (Y': 17.8811   Cb: 14.4934   Cr: 15.0303 )
00000244: 16.5154   (Y': 17.8372   Cb: 14.4129   Cr: 14.9716 )
00000243: 16.5417   (Y': 17.8792   Cb: 14.418    Cr: 14.9895 )
00000245: 16.5404   (Y': 17.8608   Cb: 14.4268   Cr: 15.0123 )
00000246: 16.5239   (Y': 17.8536   Cb: 14.4372   Cr: 14.9459 )
00000247: 16.5517   (Y': 17.8835   Cb: 14.4489   Cr: 14.9877 )
00000248: 16.5395   (Y': 17.8704   Cb: 14.3953   Cr: 15.0247 )
00000249: 16.5101   (Y': 17.8268   Cb: 14.4278   Cr: 14.954  )
00000250: 16.5186   (Y': 17.8365   Cb: 14.4285   Cr: 14.9688 )
00000252: 16.5441   (Y': 17.8792   Cb: 14.4409   Cr: 14.9739 )
00000251: 16.5228   (Y': 17.8233   Cb: 14.4361   Cr: 15.0052 )
00000253: 16.4942   (Y': 17.8202   Cb: 14.3955   Cr: 14.9375 )
00000254: 16.5367   (Y': 17.8406   Cb: 14.4629   Cr: 14.9975 )
00000255: 16.5087   (Y': 17.8241   Cb: 14.4188   Cr: 14.9638 )
00000256: 16.5382   (Y': 17.8546   Cb: 14.425    Cr: 15.018  )
00000257: 16.554    (Y': 17.8511   Cb: 14.4625   Cr: 15.049  )
00000258: 16.5542   (Y': 17.8618   Cb: 14.4646   Cr: 15.0252 )
00000259: 16.5457   (Y': 17.8628   Cb: 14.4707   Cr: 14.9801 )
00000260: 16.5571   (Y': 17.8575   Cb: 14.4765   Cr: 15.0328 )
00000261: 16.5403   (Y': 17.8732   Cb: 14.4149   Cr: 14.9996 )
00000262: 16.5503   (Y': 17.8494   Cb: 14.4334   Cr: 15.0702 )
00000263: 16.5425   (Y': 17.8435   Cb: 14.4502   Cr: 15.0302 )
00000264: 16.5489   (Y': 17.8349   Cb: 14.4844   Cr: 15.0363 )
00000265: 16.5472   (Y': 17.8718   Cb: 14.4022   Cr: 15.0465 )
00000266: 16.541    (Y': 17.8549   Cb: 14.417    Cr: 15.0385 )
00000267: 16.5428   (Y': 17.841    Cb: 14.4505   Cr: 15.0367 )
00000269: 16.5439   (Y': 17.8362   Cb: 14.466    Cr: 15.0334 )
00000270: 16.5364   (Y': 17.8467   Cb: 14.4243   Cr: 15.0276 )
00000268: 16.5142   (Y': 17.8308   Cb: 14.4395   Cr: 14.9498 )
00000271: 16.5277   (Y': 17.8244   Cb: 14.4329   Cr: 15.0274 )
00000272: 16.527    (Y': 17.8283   Cb: 14.4598   Cr: 14.9859 )
00000273: 16.5282   (Y': 17.8114   Cb: 14.4188   Cr: 15.0731 )
00000274: 16.5114   (Y': 17.8044   Cb: 14.4228   Cr: 15.0115 )
00000275: 16.5271   (Y': 17.8197   Cb: 14.45     Cr: 15.0152 )
00000277: 16.5266   (Y': 17.8033   Cb: 14.4547   Cr: 15.0422 )
00000278: 16.524    (Y': 17.8116   Cb: 14.4577   Cr: 15.0104 )
00000276: 16.5339   (Y': 17.8184   Cb: 14.4951   Cr: 14.9956 )
00000279: 16.5329   (Y': 17.8369   Cb: 14.4424   Cr: 15.0122 )
00000280: 16.5125   (Y': 17.8255   Cb: 14.4071   Cr: 14.9902 )
00000281: 16.5125   (Y': 17.7953   Cb: 14.4451   Cr: 15.0102 )
00000282: 16.4977   (Y': 17.7898   Cb: 14.427    Cr: 14.9798 )
00000283: 16.5102   (Y': 17.8024   Cb: 14.4661   Cr: 14.9619 )
00000284: 16.5251   (Y': 17.7982   Cb: 14.4513   Cr: 15.0505 )
00000285: 16.5126   (Y': 17.8008   Cb: 14.4512   Cr: 14.9921 )
00000286: 16.5239   (Y': 17.8186   Cb: 14.4709   Cr: 14.9803 )
00000287: 16.5082   (Y': 17.7872   Cb: 14.4397   Cr: 15.0153 )
00000288: 16.5133   (Y': 17.8153   Cb: 14.4729   Cr: 14.9405 )
00000289: 16.5095   (Y': 17.8315   Cb: 14.4191   Cr: 14.9513 )
00000290: 16.5486   (Y': 17.8578   Cb: 14.4359   Cr: 15.0424 )
00000291: 16.5215   (Y': 17.807    Cb: 14.4509   Cr: 15.0169 )
00000292: 16.5178   (Y': 17.802    Cb: 14.4505   Cr: 15.0125 )
00000293: 16.518    (Y': 17.8255   Cb: 14.4277   Cr: 14.9899 )
00000295: 16.5195   (Y': 17.7767   Cb: 14.4684   Cr: 15.0529 )
00000294: 16.5386   (Y': 17.8231   Cb: 14.4926   Cr: 15.0087 )
00000296: 16.5223   (Y': 17.8144   Cb: 14.436    Cr: 15.0218 )
00000297: 16.5332   (Y': 17.8423   Cb: 14.436    Cr: 15.0095 )
00000298: 16.5504   (Y': 17.8518   Cb: 14.4392   Cr: 15.059  )
00000299: 16.5324   (Y': 17.8422   Cb: 14.4238   Cr: 15.0203 )
00000300: 16.5112   (Y': 17.8142   Cb: 14.4063   Cr: 15.0092 )
00000301: 16.5164   (Y': 17.8143   Cb: 14.4265   Cr: 15.0078 )
00000302: 16.5252   (Y': 17.8374   Cb: 14.4236   Cr: 15.0001 )
00000303: 16.5092   (Y': 17.8183   Cb: 14.373    Cr: 15.0304 )
00000304: 16.5075   (Y': 17.8145   Cb: 14.4331   Cr: 14.9625 )
00000305: 16.5343   (Y': 17.8437   Cb: 14.429    Cr: 15.0195 )
00000306: 16.5424   (Y': 17.8463   Cb: 14.4559   Cr: 15.0177 )
00000307: 16.5449   (Y': 17.8475   Cb: 14.4837   Cr: 14.994  )
00000308: 16.5354   (Y': 17.842    Cb: 14.4461   Cr: 15.008  )
00000309: 16.526    (Y': 17.8117   Cb: 14.4564   Cr: 15.02   )
00000310: 16.5099   (Y': 17.8263   Cb: 14.4057   Cr: 14.9792 )
00000311: 16.5549   (Y': 17.8418   Cb: 14.4686   Cr: 15.0658 )
00000312: 16.5833   (Y': 17.9114   Cb: 14.4877   Cr: 15.0187 )
00000313: 16.596    (Y': 17.9479   Cb: 14.4546   Cr: 15.0347 )
00000314: 16.5532   (Y': 17.8301   Cb: 14.4497   Cr: 15.1051 )
00000315: 16.5231   (Y': 17.7776   Cb: 14.4903   Cr: 15.0415 )
00000316: 16.5105   (Y': 17.7811   Cb: 14.4512   Cr: 15.0246 )
00000317: 16.5185   (Y': 17.7968   Cb: 14.4142   Cr: 15.0678 )
00000318: 16.5009   (Y': 17.7636   Cb: 14.4668   Cr: 15.0034 )
00000319: 16.5103   (Y': 17.7661   Cb: 14.4473   Cr: 15.0603 )
00000320: 16.5197   (Y': 17.8001   Cb: 14.4328   Cr: 15.0451 )
00000321: 16.5353   (Y': 17.7912   Cb: 14.5159   Cr: 15.0354 )
00000322: 16.5355   (Y': 17.8077   Cb: 14.4817   Cr: 15.04   )
00000323: 16.5217   (Y': 17.823    Cb: 14.4269   Cr: 15.0115 )
00000324: 16.5108   (Y': 17.7987   Cb: 14.4432   Cr: 14.998  )
00000325: 16.5122   (Y': 17.8224   Cb: 14.427    Cr: 14.9727 )
00000326: 16.5183   (Y': 17.8036   Cb: 14.4439   Cr: 15.0188 )
00000327: 16.5318   (Y': 17.8145   Cb: 14.4784   Cr: 15.0139 )
00000328: 16.5247   (Y': 17.826    Cb: 14.4175   Cr: 15.0289 )
00000329: 16.5036   (Y': 17.7825   Cb: 14.4713   Cr: 14.9697 )
00000330: 16.5049   (Y': 17.7863   Cb: 14.449    Cr: 14.9923 )
00000331: 16.5215   (Y': 17.8273   Cb: 14.4147   Cr: 15.0158 )
00000332: 16.5163   (Y': 17.8339   Cb: 14.4329   Cr: 14.9593 )
00000333: 16.5111   (Y': 17.7876   Cb: 14.4325   Cr: 15.035  )
00000334: 16.505    (Y': 17.8062   Cb: 14.4147   Cr: 14.99   )
00000335: 16.5513   (Y': 17.8411   Cb: 14.4942   Cr: 15.0226 )
00000336: 16.5298   (Y': 17.7817   Cb: 14.493    Cr: 15.0582 )
00000337: 16.5269   (Y': 17.8104   Cb: 14.4628   Cr: 15.0192 )
00000339: 16.5439   (Y': 17.827    Cb: 14.4887   Cr: 15.0273 )
00000340: 16.5277   (Y': 17.8154   Cb: 14.4479   Cr: 15.029  )
00000338: 16.5208   (Y': 17.8286   Cb: 14.4209   Cr: 15.0029 )
00000341: 16.5123   (Y': 17.8018   Cb: 14.4444   Cr: 14.9962 )
00000342: 16.5159   (Y': 17.8056   Cb: 14.4015   Cr: 15.0532 )
00000343: 16.5455   (Y': 17.85     Cb: 14.4461   Cr: 15.0341 )
00000344: 16.5632   (Y': 17.8826   Cb: 14.4393   Cr: 15.0488 )
00000345: 16.6086   (Y': 17.925    Cb: 14.5426   Cr: 15.0345 )
00000346: 16.5617   (Y': 17.8546   Cb: 14.5      Cr: 15.0317 )
00000347: 16.5574   (Y': 17.8337   Cb: 14.489    Cr: 15.0698 )
00000349: 16.5397   (Y': 17.8325   Cb: 14.4755   Cr: 15.0127 )
00000348: 16.5382   (Y': 17.8271   Cb: 14.4589   Cr: 15.0367 )
00000350: 16.5303   (Y': 17.8012   Cb: 14.488    Cr: 15.0243 )
00000351: 16.5141   (Y': 17.8017   Cb: 14.4347   Cr: 15.0154 )
00000352: 16.5417   (Y': 17.8013   Cb: 14.4987   Cr: 15.0609 )
00000353: 16.5692   (Y': 17.844    Cb: 14.5081   Cr: 15.0767 )
00000354: 16.5774   (Y': 17.8541   Cb: 14.5087   Cr: 15.0891 )
00000355: 16.5848   (Y': 17.8447   Cb: 14.5304   Cr: 15.1159 )
00000356: 16.6428   (Y': 17.9846   Cb: 14.5231   Cr: 15.0773 )
00000357: 16.6794   (Y': 18.0247   Cb: 14.5781   Cr: 15.0861 )
00000358: 16.6131   (Y': 17.9146   Cb: 14.5175   Cr: 15.1038 )
00000359: 16.5519   (Y': 17.8192   Cb: 14.479    Cr: 15.0888 )
00000360: 16.6076   (Y': 17.8946   Cb: 14.5313   Cr: 15.1065 )
00000361: 16.6412   (Y': 17.9269   Cb: 14.5739   Cr: 15.1324 )
00000362: 16.5823   (Y': 17.8839   Cb: 14.5127   Cr: 15.0433 )
00000363: 16.6602   (Y': 17.9625   Cb: 14.5685   Cr: 15.1446 )
00000364: 16.6825   (Y': 18.0143   Cb: 14.5721   Cr: 15.1272 )
00000365: 16.6219   (Y': 17.8987   Cb: 14.5627   Cr: 15.1226 )
00000366: 16.6346   (Y': 17.9186   Cb: 14.5526   Cr: 15.1461 )
00000367: 16.6547   (Y': 17.9206   Cb: 14.6086   Cr: 15.1639 )
00000368: 16.6951   (Y': 17.9889   Cb: 14.572    Cr: 15.2336 )
00000369: 16.7302   (Y': 18.015    Cb: 14.6813   Cr: 15.2029 )
00000370: 16.747    (Y': 18.0152   Cb: 14.6859   Cr: 15.2685 )
00000371: 16.656    (Y': 17.8816   Cb: 14.6369   Cr: 15.2208 )
00000373: 16.6336   (Y': 17.8431   Cb: 14.6302   Cr: 15.2154 )
00000372: 16.6549   (Y': 17.8615   Cb: 14.6168   Cr: 15.2833 )
00000374: 16.6159   (Y': 17.7891   Cb: 14.6502   Cr: 15.2347 )
00000375: 16.6164   (Y': 17.7804   Cb: 14.6567   Cr: 15.2486 )
00000376: 16.6208   (Y': 17.8123   Cb: 14.6175   Cr: 15.242  )
00000377: 16.6638   (Y': 17.866    Cb: 14.6803   Cr: 15.239  )
00000378: 16.7033   (Y': 17.9291   Cb: 14.7123   Cr: 15.2357 )
00000379: 16.6808   (Y': 17.9176   Cb: 14.6544   Cr: 15.2298 )
00000380: 16.6721   (Y': 17.9143   Cb: 14.6282   Cr: 15.2294 )
00000381: 16.6842   (Y': 17.9108   Cb: 14.6538   Cr: 15.26   )
00000382: 16.7115   (Y': 17.9479   Cb: 14.6641   Cr: 15.2856 )
00000383: 16.7523   (Y': 18.0456   Cb: 14.6566   Cr: 15.26   )
00000384: 16.7604   (Y': 18.078    Cb: 14.6699   Cr: 15.2117 )
00000385: 16.7235   (Y': 18.0424   Cb: 14.6221   Cr: 15.1843 )
00000386: 16.7086   (Y': 18.0159   Cb: 14.5775   Cr: 15.2281 )
00000387: 16.7135   (Y': 18.0133   Cb: 14.6255   Cr: 15.1989 )
00000389: 16.6604   (Y': 17.946    Cb: 14.5672   Cr: 15.1815 )
00000391: 16.5974   (Y': 17.8331   Cb: 14.5742   Cr: 15.1451 )
00000390: 16.6105   (Y': 17.8959   Cb: 14.5539   Cr: 15.0906 )
00000388: 16.6626   (Y': 17.9519   Cb: 14.557    Cr: 15.1904 )
00000392: 16.6076   (Y': 17.8574   Cb: 14.5621   Cr: 15.1507 )
00000393: 16.5858   (Y': 17.8238   Cb: 14.546    Cr: 15.1471 )
00000394: 16.5783   (Y': 17.835    Cb: 14.5089   Cr: 15.1339 )
00000395: 16.5553   (Y': 17.7969   Cb: 14.5428   Cr: 15.0783 )
00000396: 16.571    (Y': 17.8174   Cb: 14.5575   Cr: 15.0846 )
00000397: 16.5685   (Y': 17.8131   Cb: 14.5061   Cr: 15.142  )
00000398: 16.5568   (Y': 17.7942   Cb: 14.5356   Cr: 15.0982 )
00000399: 16.5871   (Y': 17.823    Cb: 14.5714   Cr: 15.1255 )
00000400: 16.5449   (Y': 17.7672   Cb: 14.5443   Cr: 15.0954 )
00000401: 16.5601   (Y': 17.796    Cb: 14.553    Cr: 15.0892 )
00000402: 16.5723   (Y': 17.7933   Cb: 14.5965   Cr: 15.0979 )
00000403: 16.5907   (Y': 17.8106   Cb: 14.5933   Cr: 15.143  )
00000404: 16.5636   (Y': 17.8095   Cb: 14.5458   Cr: 15.083  )
00000405: 16.5671   (Y': 17.798    Cb: 14.5583   Cr: 15.1087 )
00000406: 16.5549   (Y': 17.7871   Cb: 14.5426   Cr: 15.0976 )
00000407: 16.5772   (Y': 17.8085   Cb: 14.5751   Cr: 15.1101 )
00000408: 16.5658   (Y': 17.8244   Cb: 14.508    Cr: 15.1039 )
00000409: 16.5653   (Y': 17.8111   Cb: 14.5118   Cr: 15.1258 )
00000410: 16.5846   (Y': 17.8223   Cb: 14.5844   Cr: 15.1019 )
00000411: 16.5994   (Y': 17.8289   Cb: 14.5962   Cr: 15.1375 )
00000412: 16.5726   (Y': 17.809    Cb: 14.5275   Cr: 15.1437 )
00000413: 16.5712   (Y': 17.8173   Cb: 14.5553   Cr: 15.0884 )
00000414: 16.5698   (Y': 17.8172   Cb: 14.5212   Cr: 15.1215 )
00000415: 16.6088   (Y': 17.8723   Cb: 14.5638   Cr: 15.1218 )
00000416: 16.6174   (Y': 17.892    Cb: 14.548    Cr: 15.1345 )
00000417: 16.6149   (Y': 17.8819   Cb: 14.5783   Cr: 15.1107 )
00000418: 16.5989   (Y': 17.8434   Cb: 14.5672   Cr: 15.1374 )
00000419: 16.6115   (Y': 17.8718   Cb: 14.5989   Cr: 15.0947 )
00000420: 16.574    (Y': 17.8704   Cb: 14.496    Cr: 15.0551 )
00000421: 16.6016   (Y': 17.8569   Cb: 14.568    Cr: 15.1192 )
00000422: 16.5884   (Y': 17.8298   Cb: 14.588    Cr: 15.098  )
00000423: 16.5754   (Y': 17.8281   Cb: 14.5377   Cr: 15.1029 )
00000424: 16.5813   (Y': 17.8409   Cb: 14.5183   Cr: 15.1232 )
00000425: 16.597    (Y': 17.8395   Cb: 14.5689   Cr: 15.1355 )
00000426: 16.5695   (Y': 17.8311   Cb: 14.4897   Cr: 15.1262 )
00000427: 16.5897   (Y': 17.8459   Cb: 14.5564   Cr: 15.105  )
00000428: 16.585    (Y': 17.854    Cb: 14.5499   Cr: 15.0749 )
00000429: 16.6016   (Y': 17.8533   Cb: 14.5533   Cr: 15.1434 )
00000430: 16.6063   (Y': 17.8929   Cb: 14.5331   Cr: 15.1028 )
00000431: 16.6256   (Y': 17.897    Cb: 14.5743   Cr: 15.1288 )
00000432: 16.6149   (Y': 17.9032   Cb: 14.5262   Cr: 15.1253 )
00000433: 16.5857   (Y': 17.839    Cb: 14.5597   Cr: 15.0988 )
00000434: 16.5888   (Y': 17.8728   Cb: 14.5337   Cr: 15.07   )
00000435: 16.5774   (Y': 17.8253   Cb: 14.5648   Cr: 15.0869 )
00000436: 16.5836   (Y': 17.8433   Cb: 14.5452   Cr: 15.097  )
00000437: 16.5586   (Y': 17.8088   Cb: 14.5276   Cr: 15.0838 )
00000438: 16.5612   (Y': 17.8168   Cb: 14.5137   Cr: 15.0938 )
00000439: 16.5783   (Y': 17.839    Cb: 14.5455   Cr: 15.0832 )
00000440: 16.542    (Y': 17.8072   Cb: 14.5036   Cr: 15.0441 )
00000441: 16.5801   (Y': 17.8347   Cb: 14.538    Cr: 15.1087 )
00000442: 16.6048   (Y': 17.8594   Cb: 14.5452   Cr: 15.1536 )
00000443: 16.5728   (Y': 17.8106   Cb: 14.5508   Cr: 15.1143 )
00000444: 16.5833   (Y': 17.853    Cb: 14.5215   Cr: 15.1022 )
00000446: 16.5685   (Y': 17.7912   Cb: 14.5305   Cr: 15.1615 )
00000445: 16.5669   (Y': 17.8012   Cb: 14.5696   Cr: 15.0879 )
00000447: 16.5792   (Y': 17.8231   Cb: 14.5451   Cr: 15.1215 )
00000448: 16.5525   (Y': 17.8146   Cb: 14.4595   Cr: 15.1234 )
00000449: 16.5574   (Y': 17.799    Cb: 14.5273   Cr: 15.1002 )
00000450: 16.5293   (Y': 17.7944   Cb: 14.4804   Cr: 15.0434 )
00000451: 16.5842   (Y': 17.8499   Cb: 14.5056   Cr: 15.131  )
00000452: 16.5625   (Y': 17.8228   Cb: 14.5098   Cr: 15.0912 )
00000453: 16.5674   (Y': 17.7944   Cb: 14.5464   Cr: 15.1315 )
00000454: 16.5751   (Y': 17.8296   Cb: 14.5061   Cr: 15.1345 )
00000455: 16.5864   (Y': 17.8211   Cb: 14.571    Cr: 15.1273 )
00000456: 16.6003   (Y': 17.8583   Cb: 14.554    Cr: 15.1264 )
00000457: 16.5748   (Y': 17.8324   Cb: 14.5082   Cr: 15.1252 )
00000458: 16.6532   (Y': 17.9005   Cb: 14.6633   Cr: 15.1383 )
00000459: 16.6885   (Y': 17.9459   Cb: 14.6474   Cr: 15.21   )
00000460: 16.723    (Y': 18.0248   Cb: 14.6208   Cr: 15.2205 )
00000462: 16.8149   (Y': 18.1601   Cb: 14.6586   Cr: 15.2843 )
00000461: 16.79     (Y': 18.1322   Cb: 14.6358   Cr: 15.2636 )
00000463: 16.8334   (Y': 18.1885   Cb: 14.6278   Cr: 15.3399 )
00000464: 16.8296   (Y': 18.1963   Cb: 14.6403   Cr: 15.2929 )
00000465: 16.8746   (Y': 18.2708   Cb: 14.6761   Cr: 15.2889 )
00000466: 16.854    (Y': 18.279    Cb: 14.6094   Cr: 15.2641 )
00000467: 16.7857   (Y': 18.1752   Cb: 14.5443   Cr: 15.2635 )
00000468: 16.8353   (Y': 18.2282   Cb: 14.5954   Cr: 15.3046 )
00000469: 16.8258   (Y': 18.2136   Cb: 14.6217   Cr: 15.2635 )
00000470: 16.8147   (Y': 18.2405   Cb: 14.5526   Cr: 15.2434 )
00000471: 16.7871   (Y': 18.204    Cb: 14.5428   Cr: 15.2127 )
00000472: 16.7678   (Y': 18.1713   Cb: 14.5488   Cr: 15.1909 )
00000473: 16.7527   (Y': 18.1812   Cb: 14.4849   Cr: 15.1827 )
00000474: 16.7165   (Y': 18.1653   Cb: 14.4371   Cr: 15.1196 )
00000475: 16.6894   (Y': 18.0983   Cb: 14.4382   Cr: 15.1394 )
00000476: 16.6416   (Y': 18.0613   Cb: 14.3923   Cr: 15.0674 )
00000477: 16.6014   (Y': 18.0243   Cb: 14.4008   Cr: 14.9648 )
00000478: 16.5863   (Y': 18.0287   Cb: 14.3334   Cr: 14.9712 )
00000479: 16.6469   (Y': 18.0751   Cb: 14.4118   Cr: 15.0395 )
00000480: 16.6448   (Y': 18.0961   Cb: 14.3879   Cr: 15.0169 )
00000481: 16.7266   (Y': 18.197    Cb: 14.4253   Cr: 15.1126 )
00000482: 16.875    (Y': 18.3942   Cb: 14.5267   Cr: 15.2211 )
00000483: 17.4083   (Y': 19.0015   Cb: 14.9454   Cr: 15.7497 )
00000484: 17.5352   (Y': 19.0909   Cb: 15.0724   Cr: 15.9478 )
00000485: 17.6274   (Y': 19.176    Cb: 15.1942   Cr: 16.0181 )
00000486: 17.5586   (Y': 19.1148   Cb: 15.102    Cr: 15.9628 )
00000487: 17.2012   (Y': 18.7149   Cb: 14.8724   Cr: 15.5352 )
00000488: 17.0784   (Y': 18.5505   Cb: 14.7846   Cr: 15.4521 )
00000489: 16.7612   (Y': 18.131    Cb: 14.6086   Cr: 15.1759 )
00000490: 16.6477   (Y': 18.0038   Cb: 14.5111   Cr: 15.0721 )
00000491: 16.7541   (Y': 18.1568   Cb: 14.532    Cr: 15.1826 )
00000492: 16.5516   (Y': 17.9322   Cb: 14.3728   Cr: 14.9748 )
00000493: 16.5549   (Y': 17.9265   Cb: 14.3969   Cr: 14.9722 )
00000494: 16.5391   (Y': 17.9258   Cb: 14.3836   Cr: 14.9233 )
00000495: 16.5178   (Y': 17.8852   Cb: 14.3731   Cr: 14.9287 )
00000496: 16.5621   (Y': 17.9308   Cb: 14.4178   Cr: 14.9699 )
00000497: 16.5515   (Y': 17.9315   Cb: 14.4065   Cr: 14.9374 )
00000498: 16.5627   (Y': 17.9325   Cb: 14.4155   Cr: 14.9714 )
00000499: 16.55     (Y': 17.9459   Cb: 14.4027   Cr: 14.9066 )
00000500: 16.5494   (Y': 17.9231   Cb: 14.3832   Cr: 14.9719 )
00000501: 16.5337   (Y': 17.8936   Cb: 14.3706   Cr: 14.981  )
00000502: 16.5436   (Y': 17.9238   Cb: 14.3669   Cr: 14.9652 )
00000503: 16.5437   (Y': 17.9236   Cb: 14.3702   Cr: 14.9621 )
00000504: 16.5315   (Y': 17.9139   Cb: 14.3555   Cr: 14.9477 )
00000505: 16.5456   (Y': 17.9302   Cb: 14.3717   Cr: 14.9552 )
00000506: 16.5502   (Y': 17.9382   Cb: 14.3919   Cr: 14.935  )
00000507: 16.5583   (Y': 17.9392   Cb: 14.379    Cr: 14.9814 )
00000508: 16.5379   (Y': 17.9015   Cb: 14.3919   Cr: 14.9577 )
00000509: 16.5373   (Y': 17.8922   Cb: 14.3942   Cr: 14.9719 )
00000510: 16.5527   (Y': 17.9076   Cb: 14.4236   Cr: 14.9713 )
00000511: 16.5391   (Y': 17.8967   Cb: 14.4148   Cr: 14.9468 )
00000512: 16.5411   (Y': 17.9161   Cb: 14.3715   Cr: 14.9649 )
00000513: 16.5234   (Y': 17.9028   Cb: 14.3379   Cr: 14.9567 )
00000514: 16.5429   (Y': 17.9275   Cb: 14.3605   Cr: 14.9621 )
00000515: 16.5618   (Y': 17.9141   Cb: 14.4209   Cr: 14.9989 )
00000516: 16.5453   (Y': 17.9145   Cb: 14.4086   Cr: 14.9434 )
00000517: 16.561    (Y': 17.9373   Cb: 14.4379   Cr: 14.9295 )
00000518: 16.5632   (Y': 17.9291   Cb: 14.4163   Cr: 14.9797 )
00000519: 16.5345   (Y': 17.898    Cb: 14.3842   Cr: 14.9597 )
00000520: 16.5463   (Y': 17.9252   Cb: 14.4045   Cr: 14.9306 )
00000521: 16.5635   (Y': 17.9172   Cb: 14.4094   Cr: 15.0128 )
00000522: 16.5304   (Y': 17.8925   Cb: 14.4128   Cr: 14.9213 )
00000523: 16.5389   (Y': 17.9131   Cb: 14.3888   Cr: 14.942  )
00000524: 16.5685   (Y': 17.9348   Cb: 14.4249   Cr: 14.9805 )
00000525: 16.5347   (Y': 17.9196   Cb: 14.3822   Cr: 14.9192 )
00000526: 16.5475   (Y': 17.9288   Cb: 14.4027   Cr: 14.9305 )
00000527: 16.5376   (Y': 17.9197   Cb: 14.3761   Cr: 14.9378 )
00000528: 16.5291   (Y': 17.8943   Cb: 14.3785   Cr: 14.9512 )
00000529: 16.5491   (Y': 17.9091   Cb: 14.4222   Cr: 14.9548 )
00000530: 16.5171   (Y': 17.8747   Cb: 14.3708   Cr: 14.9498 )
00000531: 16.5596   (Y': 17.9204   Cb: 14.4012   Cr: 14.9996 )
00000532: 16.5717   (Y': 17.9026   Cb: 14.4496   Cr: 15.0312 )
00000533: 16.539    (Y': 17.9129   Cb: 14.3924   Cr: 14.9388 )
00000534: 16.5371   (Y': 17.9019   Cb: 14.3796   Cr: 14.9676 )
00000535: 16.5324   (Y': 17.907    Cb: 14.3472   Cr: 14.9748 )
00000536: 16.5371   (Y': 17.9144   Cb: 14.348    Cr: 14.9788 )
00000537: 16.5561   (Y': 17.9152   Cb: 14.3879   Cr: 15.0105 )
00000538: 16.5637   (Y': 17.9049   Cb: 14.4459   Cr: 14.9973 )
00000539: 16.5426   (Y': 17.9006   Cb: 14.3648   Cr: 15.0105 )
00000540: 16.5305   (Y': 17.897    Cb: 14.3715   Cr: 14.9596 )
00000541: 16.5349   (Y': 17.9036   Cb: 14.3743   Cr: 14.9614 )
00000542: 16.5648   (Y': 17.9342   Cb: 14.4095   Cr: 14.9839 )
00000543: 16.5283   (Y': 17.9064   Cb: 14.3822   Cr: 14.9191 )
00000544: 16.5443   (Y': 17.8907   Cb: 14.3941   Cr: 15.0042 )
00000545: 16.5454   (Y': 17.9162   Cb: 14.4115   Cr: 14.9369 )
00000546: 16.5126   (Y': 17.9053   Cb: 14.3494   Cr: 14.8934 )
00000547: 16.5357   (Y': 17.9131   Cb: 14.3631   Cr: 14.9583 )
00000548: 16.5386   (Y': 17.924    Cb: 14.3325   Cr: 14.9834 )
00000549: 16.5697   (Y': 17.9316   Cb: 14.4149   Cr: 15.0034 )
00000550: 16.5619   (Y': 17.9511   Cb: 14.3633   Cr: 14.9902 )
00000551: 16.5616   (Y': 17.9186   Cb: 14.3892   Cr: 15.0256 )
00000552: 16.5427   (Y': 17.9166   Cb: 14.3565   Cr: 14.9877 )
00000553: 16.5582   (Y': 17.9087   Cb: 14.3979   Cr: 15.0213 )
00000554: 16.5435   (Y': 17.9006   Cb: 14.4108   Cr: 14.9616 )
00000555: 16.5152   (Y': 17.8979   Cb: 14.3253   Cr: 14.9469 )
00000556: 16.5355   (Y': 17.908    Cb: 14.3937   Cr: 14.933  )
00000558: 16.6114   (Y': 18.0001   Cb: 14.4107   Cr: 15.0434 )
00000557: 16.5789   (Y': 17.9325   Cb: 14.4375   Cr: 15.014  )
00000559: 16.6165   (Y': 18.0025   Cb: 14.4286   Cr: 15.039  )
00000560: 16.5826   (Y': 17.9531   Cb: 14.3978   Cr: 15.0332 )
00000561: 16.6791   (Y': 18.073    Cb: 14.4717   Cr: 15.1085 )
00000562: 16.6539   (Y': 18.0733   Cb: 14.4063   Cr: 15.0786 )
00000563: 16.5767   (Y': 17.9865   Cb: 14.3649   Cr: 14.9792 )
00000564: 16.5622   (Y': 17.9649   Cb: 14.3439   Cr: 14.9864 )
00000566: 16.5595   (Y': 17.9083   Cb: 14.4039   Cr: 15.0207 )
00000565: 16.5569   (Y': 17.9344   Cb: 14.3951   Cr: 14.9671 )
00000567: 16.6071   (Y': 17.9888   Cb: 14.4296   Cr: 15.0265 )
00000568: 16.6157   (Y': 18.0028   Cb: 14.4213   Cr: 15.0437 )
00000569: 16.6201   (Y': 17.9949   Cb: 14.4481   Cr: 15.0472 )
00000570: 16.5921   (Y': 17.9668   Cb: 14.4204   Cr: 15.0189 )
00000571: 16.5898   (Y': 17.9615   Cb: 14.4197   Cr: 15.021  )
00000572: 16.5733   (Y': 17.9353   Cb: 14.4477   Cr: 14.9736 )
00000573: 16.5764   (Y': 17.9504   Cb: 14.4169   Cr: 14.9904 )
00000574: 16.5717   (Y': 17.9493   Cb: 14.376    Cr: 15.0202 )
00000575: 16.5852   (Y': 17.9589   Cb: 14.4237   Cr: 15.0023 )
00000576: 16.5637   (Y': 17.9316   Cb: 14.3961   Cr: 14.9997 )
00000577: 16.5502   (Y': 17.9004   Cb: 14.4354   Cr: 14.962  )
00000578: 16.5546   (Y': 17.9376   Cb: 14.3877   Cr: 14.9591 )
00000579: 16.5509   (Y': 17.9416   Cb: 14.3664   Cr: 14.9599 )
00000580: 16.5773   (Y': 17.9546   Cb: 14.3906   Cr: 15.0161 )
00000581: 16.5783   (Y': 17.9325   Cb: 14.427    Cr: 15.0237 )
00000582: 16.5625   (Y': 17.888    Cb: 14.4381   Cr: 15.0362 )
00000583: 16.5631   (Y': 17.9195   Cb: 14.407    Cr: 15.0095 )
00000584: 16.5347   (Y': 17.9058   Cb: 14.3782   Cr: 14.9515 )
00000585: 16.56     (Y': 17.9084   Cb: 14.4373   Cr: 14.9843 )
00000586: 16.554    (Y': 17.9152   Cb: 14.3979   Cr: 14.9903 )
00000587: 16.5813   (Y': 17.926    Cb: 14.4516   Cr: 15.0215 )
00000588: 16.5491   (Y': 17.9149   Cb: 14.3721   Cr: 15      )
00000589: 16.5395   (Y': 17.8817   Cb: 14.3921   Cr: 15.0047 )
00000590: 16.5371   (Y': 17.9071   Cb: 14.389    Cr: 14.9468 )
00000591: 16.5494   (Y': 17.9081   Cb: 14.3992   Cr: 14.984  )
00000592: 16.566    (Y': 17.9379   Cb: 14.4346   Cr: 14.9524 )
00000593: 16.5475   (Y': 17.8968   Cb: 14.4003   Cr: 14.998  )
00000594: 16.5533   (Y': 17.9243   Cb: 14.3815   Cr: 14.988  )
00000595: 16.5632   (Y': 17.9275   Cb: 14.4092   Cr: 14.9909 )
00000596: 16.5775   (Y': 17.9686   Cb: 14.4127   Cr: 14.9635 )
00000598: 16.5418   (Y': 17.9119   Cb: 14.3797   Cr: 14.9671 )
00000597: 16.565    (Y': 17.8971   Cb: 14.4613   Cr: 15.0012 )
00000599: 16.5732   (Y': 17.9547   Cb: 14.3867   Cr: 15.0033 )
00000600: 16.5856   (Y': 17.9719   Cb: 14.402    Cr: 15.0028 )
00000601: 16.6098   (Y': 17.9801   Cb: 14.4458   Cr: 15.0367 )
00000602: 16.6507   (Y': 18.0602   Cb: 14.4379   Cr: 15.0547 )
00000603: 16.6571   (Y': 18.0645   Cb: 14.43     Cr: 15.0819 )
00000604: 16.5889   (Y': 17.9699   Cb: 14.4406   Cr: 14.9764 )
00000605: 16.5721   (Y': 17.9135   Cb: 14.4295   Cr: 15.0336 )
00000606: 16.5817   (Y': 17.952    Cb: 14.4097   Cr: 15.0178 )
00000607: 16.585    (Y': 17.9604   Cb: 14.4148   Cr: 15.0087 )
00000608: 16.5717   (Y': 17.9359   Cb: 14.3958   Cr: 15.0248 )
00000609: 16.568    (Y': 17.939    Cb: 14.4198   Cr: 14.9752 )
00000610: 16.5862   (Y': 17.9539   Cb: 14.4344   Cr: 15.0045 )
00000611: 16.5548   (Y': 17.9455   Cb: 14.355    Cr: 14.9814 )
00000612: 16.5703   (Y': 17.9071   Cb: 14.4421   Cr: 15.0247 )
00000613: 16.5632   (Y': 17.918    Cb: 14.4148   Cr: 15.004  )
00000614: 16.5419   (Y': 17.9093   Cb: 14.3843   Cr: 14.9676 )
00000615: 16.5912   (Y': 17.9674   Cb: 14.4194   Cr: 15.0154 )
00000616: 16.5906   (Y': 17.9556   Cb: 14.421    Cr: 15.0348 )
00000617: 16.586    (Y': 17.9403   Cb: 14.4043   Cr: 15.0659 )
00000618: 16.6274   (Y': 18.006    Cb: 14.442    Cr: 15.0623 )
00000619: 16.6376   (Y': 18.0103   Cb: 14.4913   Cr: 15.0393 )
00000620: 16.6261   (Y': 18.0121   Cb: 14.4562   Cr: 15.0283 )
00000621: 16.5778   (Y': 17.9345   Cb: 14.4044   Cr: 15.0436 )
00000622: 16.5824   (Y': 17.9681   Cb: 14.3765   Cr: 15.0264 )
00000623: 16.5735   (Y': 17.9388   Cb: 14.4405   Cr: 14.9753 )
00000624: 16.5504   (Y': 17.9173   Cb: 14.3755   Cr: 14.9969 )
00000625: 16.5432   (Y': 17.926    Cb: 14.3631   Cr: 14.9632 )
00000626: 16.5789   (Y': 17.9729   Cb: 14.4161   Cr: 14.957  )
00000627: 16.6362   (Y': 18.036    Cb: 14.4364   Cr: 15.0447 )
00000628: 16.6937   (Y': 18.1256   Cb: 14.4816   Cr: 15.0522 )
00000629: 16.6994   (Y': 18.1115   Cb: 14.484    Cr: 15.1011 )
00000630: 16.6627   (Y': 18.0343   Cb: 14.5034   Cr: 15.0816 )
00000631: 16.6101   (Y': 17.938    Cb: 14.4725   Cr: 15.0941 )
00000632: 16.5656   (Y': 17.9186   Cb: 14.4124   Cr: 15.0155 )
00000633: 16.6137   (Y': 17.9389   Cb: 14.511    Cr: 15.0632 )
00000634: 16.5707   (Y': 17.8732   Cb: 14.4578   Cr: 15.0792 )
00000635: 16.6477   (Y': 17.9892   Cb: 14.5326   Cr: 15.0779 )
00000636: 16.7016   (Y': 18.0933   Cb: 14.4927   Cr: 15.1372 )
00000637: 16.7147   (Y': 18.1183   Cb: 14.4887   Cr: 15.1457 )
00000638: 16.7669   (Y': 18.1998   Cb: 14.5203   Cr: 15.1633 )
00000639: 16.7365   (Y': 18.1488   Cb: 14.5323   Cr: 15.1249 )
00000640: 16.6627   (Y': 18.0639   Cb: 14.4832   Cr: 15.0454 )
00000641: 16.6454   (Y': 18.0562   Cb: 14.4471   Cr: 15.0302 )
00000642: 16.5685   (Y': 17.9524   Cb: 14.3662   Cr: 15.0122 )
00000643: 16.59     (Y': 17.9995   Cb: 14.3734   Cr: 14.9987 )
00000644: 16.6264   (Y': 18.0086   Cb: 14.4588   Cr: 15.0336 )
00000645: 16.6265   (Y': 18.0255   Cb: 14.4336   Cr: 15.0286 )
00000646: 16.6193   (Y': 18.0184   Cb: 14.4146   Cr: 15.0349 )
00000647: 16.6103   (Y': 17.985    Cb: 14.459    Cr: 15.0138 )
00000648: 16.6219   (Y': 18.0378   Cb: 14.4086   Cr: 15.0135 )
00000649: 16.6361   (Y': 18.0167   Cb: 14.4624   Cr: 15.0534 )
00000650: 16.6337   (Y': 18.0228   Cb: 14.4568   Cr: 15.0377 )
00000651: 16.6152   (Y': 18.0132   Cb: 14.4082   Cr: 15.0358 )
00000652: 16.637    (Y': 18.0086   Cb: 14.4498   Cr: 15.0883 )
00000653: 16.6574   (Y': 18.0738   Cb: 14.4665   Cr: 15.0224 )
00000654: 16.6621   (Y': 18.0763   Cb: 14.4629   Cr: 15.0411 )
00000655: 16.6838   (Y': 18.035    Cb: 14.5195   Cr: 15.1503 )
00000656: 16.6787   (Y': 18.0551   Cb: 14.4822   Cr: 15.1307 )
00000657: 16.6825   (Y': 18.0539   Cb: 14.4965   Cr: 15.1326 )
00000658: 16.6426   (Y': 17.9804   Cb: 14.4834   Cr: 15.131  )
00000659: 16.6118   (Y': 17.9257   Cb: 14.5195   Cr: 15.0728 )
00000660: 16.6092   (Y': 17.9678   Cb: 14.4626   Cr: 15.0401 )
00000662: 16.6864   (Y': 18.0562   Cb: 14.5088   Cr: 15.1299 )
00000661: 16.6556   (Y': 18.0216   Cb: 14.4822   Cr: 15.1022 )
00000663: 16.7007   (Y': 18.0962   Cb: 14.5045   Cr: 15.1135 )
00000664: 16.7373   (Y': 18.1108   Cb: 14.5272   Cr: 15.2112 )
00000665: 16.6731   (Y': 18.0643   Cb: 14.5133   Cr: 15.0533 )
00000666: 16.662    (Y': 18.0532   Cb: 14.4765   Cr: 15.0712 )
00000667: 16.6468   (Y': 18.0339   Cb: 14.4698   Cr: 15.0547 )
00000668: 16.634    (Y': 17.9949   Cb: 14.4768   Cr: 15.0723 )
00000669: 16.5984   (Y': 17.9596   Cb: 14.4732   Cr: 14.9995 )
00000670: 16.6083   (Y': 17.9687   Cb: 14.4557   Cr: 15.0425 )
00000671: 16.593    (Y': 17.9573   Cb: 14.4371   Cr: 15.0227 )
00000672: 16.6653   (Y': 18.0721   Cb: 14.4427   Cr: 15.0862 )
00000673: 16.7402   (Y': 18.1571   Cb: 14.5368   Cr: 15.1185 )
00000674: 16.6606   (Y': 18.073    Cb: 14.4641   Cr: 15.0401 )
00000675: 16.631    (Y': 18.0295   Cb: 14.4355   Cr: 15.0374 )
00000676: 16.5675   (Y': 17.9229   Cb: 14.4273   Cr: 14.9975 )
00000677: 16.5817   (Y': 17.9307   Cb: 14.4336   Cr: 15.0341 )
00000679: 16.6217   (Y': 17.9882   Cb: 14.453    Cr: 15.0617 )
00000678: 16.5858   (Y': 17.9546   Cb: 14.4375   Cr: 14.9979 )
00000680: 16.6469   (Y': 18.0341   Cb: 14.4562   Cr: 15.0701 )
00000681: 16.605    (Y': 17.9839   Cb: 14.4285   Cr: 15.0288 )
00000682: 16.5776   (Y': 17.9591   Cb: 14.4027   Cr: 14.9944 )
00000683: 16.5934   (Y': 17.9495   Cb: 14.4218   Cr: 15.058  )
00000684: 16.5704   (Y': 17.9337   Cb: 14.4089   Cr: 15.0087 )
00000685: 16.5775   (Y': 17.9077   Cb: 14.4583   Cr: 15.0354 )
00000686: 16.5799   (Y': 17.9338   Cb: 14.4571   Cr: 14.9934 )
00000687: 16.6037   (Y': 17.9981   Cb: 14.4368   Cr: 14.9852 )
00000688: 16.5956   (Y': 17.9554   Cb: 14.4498   Cr: 15.0231 )
00000689: 16.5679   (Y': 17.9321   Cb: 14.4198   Cr: 14.9892 )
00000690: 16.5889   (Y': 17.9558   Cb: 14.4289   Cr: 15.0183 )
00000691: 16.5992   (Y': 17.9499   Cb: 14.4634   Cr: 15.034  )
00000692: 16.5714   (Y': 17.9358   Cb: 14.4507   Cr: 14.9612 )
00000693: 16.5725   (Y': 17.9295   Cb: 14.4422   Cr: 14.9881 )
00000694: 16.5577   (Y': 17.9378   Cb: 14.3979   Cr: 14.9602 )
00000696: 16.5718   (Y': 17.933    Cb: 14.4102   Cr: 15.0145 )
00000695: 16.5576   (Y': 17.9401   Cb: 14.3696   Cr: 14.9877 )
00000697: 16.5824   (Y': 17.9461   Cb: 14.4297   Cr: 15.0099 )
00000698: 16.5714   (Y': 17.9288   Cb: 14.4421   Cr: 14.9851 )
00000699: 16.5489   (Y': 17.9151   Cb: 14.4071   Cr: 14.959  )
00000700: 16.5379   (Y': 17.913    Cb: 14.3972   Cr: 14.9286 )
00000701: 16.5594   (Y': 17.922    Cb: 14.3961   Cr: 15.0015 )
00000702: 16.5575   (Y': 17.9315   Cb: 14.4144   Cr: 14.9534 )
00000703: 16.5904   (Y': 17.9644   Cb: 14.4241   Cr: 15.0124 )
00000704: 16.6253   (Y': 18.0074   Cb: 14.4344   Cr: 15.0591 )
00000705: 16.5967   (Y': 17.9978   Cb: 14.39     Cr: 15.0105 )
00000706: 16.6658   (Y': 18.026    Cb: 14.5226   Cr: 15.0894 )
00000707: 16.6434   (Y': 18.0172   Cb: 14.4779   Cr: 15.0648 )
00000708: 16.6393   (Y': 18.0166   Cb: 14.4215   Cr: 15.1144 )
00000709: 16.5895   (Y': 17.9743   Cb: 14.4141   Cr: 15.0003 )
00000710: 16.5898   (Y': 17.9606   Cb: 14.4118   Cr: 15.0318 )
00000711: 16.5721   (Y': 17.9188   Cb: 14.4223   Cr: 15.031  )
00000712: 16.5364   (Y': 17.879    Cb: 14.3837   Cr: 15.0072 )
00000713: 16.5737   (Y': 17.9183   Cb: 14.4488   Cr: 15.0086 )
00000714: 16.5463   (Y': 17.9175   Cb: 14.3963   Cr: 14.9555 )
00000715: 16.5406   (Y': 17.9028   Cb: 14.3878   Cr: 14.9712 )
00000716: 16.537    (Y': 17.8918   Cb: 14.406    Cr: 14.9578 )
00000717: 16.5653   (Y': 17.9282   Cb: 14.4175   Cr: 14.9889 )
00000718: 16.5683   (Y': 17.931    Cb: 14.4166   Cr: 14.9968 )
00000719: 16.5633   (Y': 17.9037   Cb: 14.4524   Cr: 14.9909 )
00000720: 16.5504   (Y': 17.9363   Cb: 14.3874   Cr: 14.9446 )
00000721: 16.6185   (Y': 17.9807   Cb: 14.4553   Cr: 15.0611 )
00000722: 16.5856   (Y': 17.9788   Cb: 14.3937   Cr: 14.9983 )
00000723: 16.5766   (Y': 17.953    Cb: 14.4434   Cr: 14.9564 )
00000724: 16.5416   (Y': 17.8867   Cb: 14.3954   Cr: 14.9995 )
00000725: 16.5497   (Y': 17.9243   Cb: 14.3802   Cr: 14.9742 )
00000726: 16.5309   (Y': 17.9057   Cb: 14.3574   Cr: 14.9594 )
00000727: 16.5503   (Y': 17.9235   Cb: 14.3883   Cr: 14.9691 )
00000728: 16.5311   (Y': 17.878    Cb: 14.3732   Cr: 14.9991 )
00000729: 16.5521   (Y': 17.8969   Cb: 14.3865   Cr: 15.0331 )
00000730: 16.557    (Y': 17.9      Cb: 14.4067   Cr: 15.0241 )
00000731: 16.5335   (Y': 17.875    Cb: 14.4075   Cr: 14.9759 )
00000732: 16.5395   (Y': 17.925    Cb: 14.3864   Cr: 14.9234 )
00000733: 16.5304   (Y': 17.8808   Cb: 14.4006   Cr: 14.9588 )
00000734: 16.5564   (Y': 17.9081   Cb: 14.43     Cr: 14.9782 )
00000735: 16.5423   (Y': 17.9114   Cb: 14.3932   Cr: 14.9545 )
00000736: 16.5505   (Y': 17.907    Cb: 14.4156   Cr: 14.9721 )
00000737: 16.541    (Y': 17.8916   Cb: 14.3847   Cr: 14.9993 )
00000738: 16.5527   (Y': 17.8922   Cb: 14.4505   Cr: 14.972  )
00000739: 16.5165   (Y': 17.8583   Cb: 14.3901   Cr: 14.9588 )
00000740: 16.5438   (Y': 17.9105   Cb: 14.3765   Cr: 14.9818 )
00000741: 16.538    (Y': 17.8951   Cb: 14.3968   Cr: 14.9657 )
00000742: 16.5402   (Y': 17.8879   Cb: 14.3831   Cr: 15.0056 )
00000743: 16.564    (Y': 17.9237   Cb: 14.3921   Cr: 15.0216 )
00000744: 16.5296   (Y': 17.8951   Cb: 14.419    Cr: 14.906  )
00000745: 16.5435   (Y': 17.9004   Cb: 14.3944   Cr: 14.9807 )
00000746: 16.5363   (Y': 17.9152   Cb: 14.3426   Cr: 14.98   )
00000747: 16.5546   (Y': 17.8995   Cb: 14.454    Cr: 14.9613 )
00000748: 16.5595   (Y': 17.9076   Cb: 14.4131   Cr: 15.0116 )
00000749: 16.5441   (Y': 17.915    Cb: 14.3688   Cr: 14.9829 )
00000750: 16.5383   (Y': 17.9082   Cb: 14.3619   Cr: 14.9801 )
00000751: 16.576    (Y': 17.9269   Cb: 14.4147   Cr: 15.0396 )
00000752: 16.5354   (Y': 17.9077   Cb: 14.3879   Cr: 14.9397 )
00000753: 16.5425   (Y': 17.8946   Cb: 14.3965   Cr: 14.986  )
00000754: 16.5549   (Y': 17.9142   Cb: 14.4062   Cr: 14.9869 )
00000755: 16.5636   (Y': 17.9284   Cb: 14.3782   Cr: 15.0265 )
00000756: 16.601    (Y': 17.9623   Cb: 14.4537   Cr: 15.0271 )
00000757: 16.6401   (Y': 18.019    Cb: 14.491    Cr: 15.0327 )
00000758: 16.6411   (Y': 18.0432   Cb: 14.441    Cr: 15.0454 )
00000759: 16.619    (Y': 17.9584   Cb: 14.4633   Cr: 15.1    )
00000760: 16.5457   (Y': 17.9275   Cb: 14.3383   Cr: 14.9994 )
00000761: 16.5843   (Y': 17.9687   Cb: 14.3963   Cr: 15.0102 )
00000762: 16.6238   (Y': 18.0441   Cb: 14.4616   Cr: 14.949  )
00000763: 16.6629   (Y': 18.0622   Cb: 14.4436   Cr: 15.0947 )
00000764: 16.5751   (Y': 17.9808   Cb: 14.364    Cr: 14.9847 )
00000765: 16.5755   (Y': 17.9346   Cb: 14.4302   Cr: 15.0039 )
00000766: 16.5924   (Y': 17.972    Cb: 14.3922   Cr: 15.042  )
00000767: 16.5736   (Y': 17.9493   Cb: 14.398    Cr: 15.003  )
00000768: 16.6295   (Y': 18.0127   Cb: 14.47     Cr: 15.0253 )
00000769: 16.6252   (Y': 18.0065   Cb: 14.471    Cr: 15.0186 )
00000770: 16.611    (Y': 18.017    Cb: 14.3896   Cr: 15.032  )
00000771: 16.5955   (Y': 18.0047   Cb: 14.3571   Cr: 15.0299 )
00000772: 16.6369   (Y': 18.0037   Cb: 14.4396   Cr: 15.1097 )
00000773: 16.6109   (Y': 17.9948   Cb: 14.4462   Cr: 15.0112 )
00000774: 16.6285   (Y': 17.9803   Cb: 14.4841   Cr: 15.0711 )
00000775: 16.6002   (Y': 17.9414   Cb: 14.4535   Cr: 15.0669 )
00000777: 16.6641   (Y': 18.0643   Cb: 14.5177   Cr: 15.0111 )
00000776: 16.6678   (Y': 18.0963   Cb: 14.4641   Cr: 15.0235 )
00000778: 16.6175   (Y': 18.0047   Cb: 14.4429   Cr: 15.0223 )
00000779: 16.589    (Y': 17.9628   Cb: 14.4292   Cr: 15.0041 )
00000780: 16.5428   (Y': 17.9233   Cb: 14.3874   Cr: 14.9392 )
00000781: 16.5037   (Y': 17.8674   Cb: 14.321    Cr: 14.9658 )
00000782: 16.6051   (Y': 18.0072   Cb: 14.373    Cr: 15.0464 )
00000783: 16.5895   (Y': 17.9925   Cb: 14.3933   Cr: 14.9873 )
00000784: 16.6334   (Y': 18.0434   Cb: 14.4157   Cr: 15.0421 )
00000785: 16.6508   (Y': 18.069    Cb: 14.4773   Cr: 14.9927 )
00000786: 16.6936   (Y': 18.1056   Cb: 14.456    Cr: 15.1213 )
00000787: 16.7148   (Y': 18.172    Cb: 14.4544   Cr: 15.0792 )
00000788: 16.7043   (Y': 18.1455   Cb: 14.4747   Cr: 15.0646 )
00000789: 16.6855   (Y': 18.1517   Cb: 14.4066   Cr: 15.0537 )
00000790: 16.6629   (Y': 18.1427   Cb: 14.3809   Cr: 15.008  )
00000791: 16.6673   (Y': 18.1396   Cb: 14.4076   Cr: 15.0014 )
00000792: 16.6747   (Y': 18.1727   Cb: 14.3921   Cr: 14.9854 )
00000793: 16.6632   (Y': 18.1487   Cb: 14.3721   Cr: 15.0078 )
00000794: 16.6856   (Y': 18.2051   Cb: 14.3467   Cr: 15.0204 )
00000795: 16.6943   (Y': 18.2172   Cb: 14.3997   Cr: 14.971  )
00000796: 16.6864   (Y': 18.2076   Cb: 14.4159   Cr: 14.9392 )
00000797: 16.6901   (Y': 18.2363   Cb: 14.4073   Cr: 14.9097 )
00000798: 16.69     (Y': 18.2524   Cb: 14.414    Cr: 14.8722 )
00000799: 16.7138   (Y': 18.2635   Cb: 14.4208   Cr: 14.9386 )
00000800: 16.7031   (Y': 18.2398   Cb: 14.4492   Cr: 14.9085 )
00000801: 16.6588   (Y': 18.1957   Cb: 14.3738   Cr: 14.8984 )
00000802: 16.6423   (Y': 18.1782   Cb: 14.3755   Cr: 14.8635 )
00000803: 16.6493   (Y': 18.1331   Cb: 14.446    Cr: 14.8977 )
00000804: 16.7799   (Y': 18.3301   Cb: 14.4617   Cr: 15.0323 )
00000805: 16.8985   (Y': 18.5786   Cb: 14.3928   Cr: 15.1299 )
00000806: 17.0528   (Y': 18.6879   Cb: 14.5693   Cr: 15.34   )
00000807: 17.0633   (Y': 18.7157   Cb: 14.5763   Cr: 15.323  )
00000808: 17.2258   (Y': 18.836    Cb: 14.781    Cr: 15.5135 )
00000809: 16.881    (Y': 18.5331   Cb: 14.4789   Cr: 15.0427 )
00000810: 16.7813   (Y': 18.3981   Cb: 14.4452   Cr: 14.9317 )
00000811: 16.7435   (Y': 18.2993   Cb: 14.5174   Cr: 14.883  )
00000812: 16.6686   (Y': 18.214    Cb: 14.4708   Cr: 14.7965 )
00000813: 16.6707   (Y': 18.2213   Cb: 14.4801   Cr: 14.7813 )
00000814: 16.5018   (Y': 18.0454   Cb: 14.3222   Cr: 14.6136 )
00000815: 16.4933   (Y': 18.0098   Cb: 14.332    Cr: 14.6347 )
00000816: 16.5001   (Y': 18.0259   Cb: 14.3341   Cr: 14.6294 )
00000817: 16.5138   (Y': 18.0249   Cb: 14.3468   Cr: 14.6712 )
00000818: 16.5063   (Y': 18.0633   Cb: 14.3127   Cr: 14.6089 )
00000819: 16.5114   (Y': 18.0549   Cb: 14.3126   Cr: 14.6437 )
00000820: 16.5111   (Y': 18.0778   Cb: 14.2767   Cr: 14.6398 )
00000821: 16.493    (Y': 18.0387   Cb: 14.2884   Cr: 14.6275 )
00000822: 16.4906   (Y': 18.057    Cb: 14.281    Cr: 14.5933 )
00000823: 16.505    (Y': 18.069    Cb: 14.2556   Cr: 14.655  )
00000824: 16.5002   (Y': 18.0459   Cb: 14.2609   Cr: 14.6726 )
00000825: 16.4756   (Y': 18.0252   Cb: 14.2573   Cr: 14.6181 )
00000826: 16.4869   (Y': 18.0497   Cb: 14.2167   Cr: 14.662  )
00000827: 16.494    (Y': 18.0482   Cb: 14.2814   Cr: 14.6216 )
00000828: 16.5381   (Y': 18.1115   Cb: 14.29     Cr: 14.6696 )
00000829: 16.5445   (Y': 18.1115   Cb: 14.3126   Cr: 14.67   )
00000830: 16.5346   (Y': 18.0855   Cb: 14.303    Cr: 14.689  )
00000831: 16.5482   (Y': 18.109    Cb: 14.292    Cr: 14.7116 )
00000832: 16.5567   (Y': 18.1094   Cb: 14.316    Cr: 14.7179 )
00000833: 16.5598   (Y': 18.1048   Cb: 14.334    Cr: 14.7188 )
00000834: 16.5335   (Y': 18.0674   Cb: 14.3075   Cr: 14.7129 )
00000835: 16.5567   (Y': 18.0841   Cb: 14.3588   Cr: 14.7176 )
00000836: 16.5713   (Y': 18.1075   Cb: 14.3423   Cr: 14.7499 )
00000837: 16.5749   (Y': 18.1101   Cb: 14.3356   Cr: 14.7667 )
00000838: 16.5906   (Y': 18.1214   Cb: 14.3781   Cr: 14.761  )
00000839: 16.6      (Y': 18.1233   Cb: 14.4216   Cr: 14.7472 )
00000840: 16.5987   (Y': 18.1291   Cb: 14.3409   Cr: 14.82   )
00000841: 16.6074   (Y': 18.1465   Cb: 14.3591   Cr: 14.802  )
00000842: 16.6115   (Y': 18.1669   Cb: 14.3606   Cr: 14.7788 )
00000843: 16.6429   (Y': 18.0892   Cb: 14.5361   Cr: 14.8569 )
00000844: 16.6767   (Y': 18.105    Cb: 14.548    Cr: 14.9492 )
00000845: 16.7284   (Y': 18.1401   Cb: 14.6329   Cr: 14.9968 )
00000846: 16.7493   (Y': 18.1325   Cb: 14.7326   Cr: 14.9882 )
00000847: 16.663    (Y': 18.1253   Cb: 14.6684   Cr: 14.7299 )
00000848: 16.6691   (Y': 18.1532   Cb: 14.6609   Cr: 14.7105 )
00000849: 16.6591   (Y': 18.1332   Cb: 14.6461   Cr: 14.7236 )
00000850: 16.6345   (Y': 18.0894   Cb: 14.6601   Cr: 14.6946 )
00000851: 16.6361   (Y': 18.0868   Cb: 14.6888   Cr: 14.6769 )
00000852: 16.6459   (Y': 18.0816   Cb: 14.6825   Cr: 14.7303 )
00000853: 16.6495   (Y': 18.0862   Cb: 14.6924   Cr: 14.7257 )
00000854: 16.668    (Y': 18.102    Cb: 14.7402   Cr: 14.7198 )
00000855: 16.6523   (Y': 18.0661   Cb: 14.7394   Cr: 14.7267 )
00000856: 16.6556   (Y': 18.0841   Cb: 14.713    Cr: 14.7325 )
00000857: 16.6452   (Y': 18.0549   Cb: 14.714    Cr: 14.7457 )
00000858: 16.662    (Y': 18.088    Cb: 14.703    Cr: 14.7599 )
00000859: 16.6674   (Y': 18.0742   Cb: 14.7268   Cr: 14.7827 )
00000860: 16.6705   (Y': 18.117    Cb: 14.7203   Cr: 14.7218 )
00000861: 16.6838   (Y': 18.1061   Cb: 14.7091   Cr: 14.8047 )
00000862: 16.6799   (Y': 18.1119   Cb: 14.696    Cr: 14.792  )
00000863: 16.6593   (Y': 18.063    Cb: 14.7458   Cr: 14.7528 )
00000864: 16.6901   (Y': 18.1252   Cb: 14.7256   Cr: 14.7766 )
00000865: 16.6437   (Y': 18.1089   Cb: 14.6896   Cr: 14.6648 )
00000866: 16.677    (Y': 18.1173   Cb: 14.688    Cr: 14.7788 )
00000867: 16.6574   (Y': 18.0717   Cb: 14.7473   Cr: 14.7277 )
00000868: 16.6799   (Y': 18.1021   Cb: 14.7556   Cr: 14.7501 )
00000869: 16.6654   (Y': 18.0599   Cb: 14.7496   Cr: 14.7786 )
00000870: 16.6645   (Y': 18.0778   Cb: 14.7248   Cr: 14.7666 )
00000871: 16.6559   (Y': 18.0648   Cb: 14.756    Cr: 14.7262 )
00000872: 16.6632   (Y': 18.0537   Cb: 14.747    Cr: 14.7843 )
00000873: 16.6709   (Y': 18.0873   Cb: 14.7329   Cr: 14.7653 )
00000874: 16.6659   (Y': 18.0647   Cb: 14.7629   Cr: 14.7582 )
00000875: 16.6469   (Y': 18.0506   Cb: 14.7134   Cr: 14.7605 )
00000876: 16.6499   (Y': 18.0592   Cb: 14.736    Cr: 14.7336 )
00000877: 16.664    (Y': 18.0718   Cb: 14.7647   Cr: 14.7359 )
00000878: 16.6742   (Y': 18.0984   Cb: 14.751    Cr: 14.7393 )
00000879: 16.6514   (Y': 18.0634   Cb: 14.7394   Cr: 14.7281 )
00000880: 16.6717   (Y': 18.0524   Cb: 14.7841   Cr: 14.7827 )
00000881: 16.6534   (Y': 18.0585   Cb: 14.7614   Cr: 14.7229 )
00000882: 16.6708   (Y': 18.0706   Cb: 14.7982   Cr: 14.731  )
00000883: 16.6556   (Y': 18.0659   Cb: 14.7938   Cr: 14.686  )
00000884: 16.6564   (Y': 18.0607   Cb: 14.762    Cr: 14.7298 )
00000885: 16.6595   (Y': 18.0859   Cb: 14.7345   Cr: 14.7227 )
00000886: 16.6538   (Y': 18.0647   Cb: 14.736    Cr: 14.7382 )
00000887: 16.6486   (Y': 18.0585   Cb: 14.7379   Cr: 14.7277 )
00000888: 16.6281   (Y': 18.0405   Cb: 14.7081   Cr: 14.7119 )
00000889: 16.6475   (Y': 18.0611   Cb: 14.7318   Cr: 14.7251 )
00000890: 16.6431   (Y': 18.0531   Cb: 14.6983   Cr: 14.7564 )
00000892: 16.6302   (Y': 18.0406   Cb: 14.7218   Cr: 14.7062 )
00000891: 16.6675   (Y': 18.0719   Cb: 14.7628   Cr: 14.751  )
00000893: 16.6636   (Y': 18.0665   Cb: 14.7511   Cr: 14.758  )
00000894: 16.6669   (Y': 18.0827   Cb: 14.7227   Cr: 14.7688 )
00000895: 16.6471   (Y': 18.0941   Cb: 14.6795   Cr: 14.715  )
00000896: 16.6483   (Y': 18.0688   Cb: 14.7312   Cr: 14.7143 )
00000897: 16.672    (Y': 18.0798   Cb: 14.7674   Cr: 14.7491 )
00000898: 16.6756   (Y': 18.0867   Cb: 14.7535   Cr: 14.7639 )
00000899: 16.6379   (Y': 18.0545   Cb: 14.6765   Cr: 14.7558 )
00000900: 16.6295   (Y': 18.0484   Cb: 14.6961   Cr: 14.7147 )
00000901: 16.6563   (Y': 18.0613   Cb: 14.7542   Cr: 14.736  )
00000902: 16.644    (Y': 18.0628   Cb: 14.7184   Cr: 14.7216 )
00000903: 16.653    (Y': 18.0628   Cb: 14.7284   Cr: 14.7463 )
00000904: 16.6247   (Y': 18.0451   Cb: 14.7003   Cr: 14.6982 )
00000905: 16.655    (Y': 18.0787   Cb: 14.7358   Cr: 14.7174 )
00000906: 16.6518   (Y': 18.0845   Cb: 14.725    Cr: 14.7049 )
00000908: 16.6584   (Y': 18.0721   Cb: 14.7222   Cr: 14.7563 )
00000907: 16.6321   (Y': 18.0432   Cb: 14.704    Cr: 14.7266 )
00000909: 16.6486   (Y': 18.0732   Cb: 14.7174   Cr: 14.721  )
00000910: 16.6838   (Y': 18.0879   Cb: 14.7216   Cr: 14.8259 )
00000911: 16.6747   (Y': 18.1221   Cb: 14.7442   Cr: 14.7049 )
00000912: 16.6929   (Y': 18.1243   Cb: 14.7161   Cr: 14.7991 )
00000913: 16.7306   (Y': 18.1695   Cb: 14.7871   Cr: 14.789  )
00000914: 16.7469   (Y': 18.2161   Cb: 14.7528   Cr: 14.8006 )
00000915: 16.7985   (Y': 18.251    Cb: 14.8655   Cr: 14.8217 )
00000916: 16.8028   (Y': 18.2868   Cb: 14.825    Cr: 14.8137 )
00000917: 16.7515   (Y': 18.2058   Cb: 14.8087   Cr: 14.7814 )
00000918: 16.7742   (Y': 18.2466   Cb: 14.7951   Cr: 14.8071 )
00000919: 16.7431   (Y': 18.2078   Cb: 14.8043   Cr: 14.7501 )
00000920: 16.752    (Y': 18.2429   Cb: 14.7754   Cr: 14.7493 )
00000921: 16.7915   (Y': 18.2969   Cb: 14.7954   Cr: 14.7824 )
00000922: 16.8016   (Y': 18.2923   Cb: 14.812    Cr: 14.812  )
00000923: 16.7518   (Y': 18.2684   Cb: 14.7394   Cr: 14.7391 )
00000924: 16.7904   (Y': 18.286    Cb: 14.8326   Cr: 14.7605 )
00000925: 16.755    (Y': 18.25     Cb: 14.8098   Cr: 14.714  )
00000926: 16.7401   (Y': 18.2293   Cb: 14.8016   Cr: 14.7029 )
00000927: 16.7215   (Y': 18.2029   Cb: 14.7693   Cr: 14.7115 )
00000928: 16.7711   (Y': 18.2266   Cb: 14.8489   Cr: 14.7782 )
00000929: 16.7354   (Y': 18.2163   Cb: 14.7734   Cr: 14.7362 )
00000930: 16.7727   (Y': 18.2308   Cb: 14.8464   Cr: 14.7794 )
00000931: 16.7603   (Y': 18.2115   Cb: 14.8504   Cr: 14.7631 )
00000932: 16.7194   (Y': 18.1657   Cb: 14.7919   Cr: 14.7484 )
00000933: 16.7273   (Y': 18.1412   Cb: 14.8309   Cr: 14.7848 )
00000934: 16.7028   (Y': 18.1516   Cb: 14.8201   Cr: 14.6832 )
00000935: 16.7259   (Y': 18.1513   Cb: 14.8353   Cr: 14.7567 )
00000936: 16.7092   (Y': 18.147    Cb: 14.79     Cr: 14.7455 )
00000937: 16.701    (Y': 18.1401   Cb: 14.802    Cr: 14.715  )
00000938: 16.7137   (Y': 18.133    Cb: 14.8382   Cr: 14.7408 )
00000939: 16.7302   (Y': 18.17     Cb: 14.8254   Cr: 14.7487 )
00000940: 16.7271   (Y': 18.1709   Cb: 14.8051   Cr: 14.7554 )
00000941: 16.6863   (Y': 18.1401   Cb: 14.7647   Cr: 14.696  )
00000942: 16.7214   (Y': 18.1538   Cb: 14.8347   Cr: 14.7356 )
00000943: 16.6852   (Y': 18.1339   Cb: 14.7945   Cr: 14.6737 )
00000944: 16.7108   (Y': 18.1755   Cb: 14.8117   Cr: 14.6789 )
00000945: 16.7396   (Y': 18.1735   Cb: 14.8242   Cr: 14.7794 )
00000946: 16.7365   (Y': 18.1733   Cb: 14.8221   Cr: 14.7697 )
00000947: 16.7304   (Y': 18.1526   Cb: 14.8482   Cr: 14.759  )
00000948: 16.7256   (Y': 18.1629   Cb: 14.8031   Cr: 14.7661 )
00000949: 16.7433   (Y': 18.1845   Cb: 14.8319   Cr: 14.7658 )
00000950: 16.7144   (Y': 18.1894   Cb: 14.7762   Cr: 14.7024 )
00000951: 16.7504   (Y': 18.1958   Cb: 14.8494   Cr: 14.7548 )
00000952: 16.7065   (Y': 18.1593   Cb: 14.7892   Cr: 14.7135 )
00000953: 16.7133   (Y': 18.1593   Cb: 14.8544   Cr: 14.6759 )
00000954: 16.7065   (Y': 18.1702   Cb: 14.7904   Cr: 14.6927 )
00000955: 16.7047   (Y': 18.142    Cb: 14.8102   Cr: 14.7175 )
00000956: 16.7256   (Y': 18.171    Cb: 14.8365   Cr: 14.7185 )
00000957: 16.7173   (Y': 18.1594   Cb: 14.7659   Cr: 14.7776 )
00000958: 16.7474   (Y': 18.2291   Cb: 14.78     Cr: 14.752  )
00000959: 16.7316   (Y': 18.2065   Cb: 14.778    Cr: 14.7346 )
00000960: 16.7505   (Y': 18.2035   Cb: 14.7778   Cr: 14.8127 )
00000961: 16.7489   (Y': 18.2017   Cb: 14.7664   Cr: 14.8211 )
00000962: 16.7234   (Y': 18.1629   Cb: 14.7692   Cr: 14.7918 )
00000963: 16.7012   (Y': 18.1201   Cb: 14.7515   Cr: 14.8029 )
00000964: 16.7028   (Y': 18.1575   Cb: 14.7457   Cr: 14.7458 )
00000965: 16.6974   (Y': 18.1272   Cb: 14.7664   Cr: 14.7602 )
00000966: 16.6658   (Y': 18.0954   Cb: 14.733    Cr: 14.7305 )
00000967: 16.6769   (Y': 18.1264   Cb: 14.7229   Cr: 14.7264 )
00000968: 16.6773   (Y': 18.0927   Cb: 14.7722   Cr: 14.741  )
00000969: 16.6856   (Y': 18.1063   Cb: 14.7335   Cr: 14.7865 )
00000970: 16.6891   (Y': 18.1438   Cb: 14.7268   Cr: 14.7375 )
00000971: 16.7144   (Y': 18.1334   Cb: 14.7434   Cr: 14.8376 )
00000972: 16.699    (Y': 18.1351   Cb: 14.7331   Cr: 14.7851 )
00000973: 16.7      (Y': 18.1479   Cb: 14.7228   Cr: 14.7759 )
00000974: 16.67     (Y': 18.0931   Cb: 14.7478   Cr: 14.7362 )
00000975: 16.6801   (Y': 18.0918   Cb: 14.7409   Cr: 14.7846 )
00000976: 16.7009   (Y': 18.1074   Cb: 14.8076   Cr: 14.7691 )
00000977: 16.6753   (Y': 18.0975   Cb: 14.7541   Cr: 14.7421 )
00000978: 16.6885   (Y': 18.1103   Cb: 14.7654   Cr: 14.7581 )
00000979: 16.6833   (Y': 18.1176   Cb: 14.742    Cr: 14.748  )
00000980: 16.6601   (Y': 18.0956   Cb: 14.7051   Cr: 14.7366 )
00000981: 16.6769   (Y': 18.0872   Cb: 14.7816   Cr: 14.7401 )
00000983: 16.6663   (Y': 18.0946   Cb: 14.742    Cr: 14.7249 )
00000982: 16.6956   (Y': 18.1167   Cb: 14.7596   Cr: 14.7794 )
00000984: 16.6813   (Y': 18.0802   Cb: 14.7877   Cr: 14.7642 )
00000985: 16.6811   (Y': 18.0987   Cb: 14.7844   Cr: 14.7324 )
00000986: 16.6993   (Y': 18.1064   Cb: 14.7704   Cr: 14.8021 )
00000987: 16.6811   (Y': 18.0906   Cb: 14.8011   Cr: 14.731  )
00000988: 16.6626   (Y': 18.085    Cb: 14.73     Cr: 14.7405 )
00000989: 16.658    (Y': 18.0915   Cb: 14.7027   Cr: 14.7382 )
00000991: 16.694    (Y': 18.1116   Cb: 14.7511   Cr: 14.7911 )
00000990: 16.685    (Y': 18.084    Cb: 14.7572   Cr: 14.8019 )
00000992: 16.6786   (Y': 18.0937   Cb: 14.74     Cr: 14.7761 )
00000993: 16.6653   (Y': 18.0794   Cb: 14.7634   Cr: 14.728  )
00000994: 16.6534   (Y': 18.0886   Cb: 14.7189   Cr: 14.7099 )
00000995: 16.6861   (Y': 18.1045   Cb: 14.7981   Cr: 14.7272 )
00000996: 16.6681   (Y': 18.0969   Cb: 14.7482   Cr: 14.7218 )
00000997: 16.6574   (Y': 18.0855   Cb: 14.7343   Cr: 14.7153 )
00000998: 16.6588   (Y': 18.0886   Cb: 14.713    Cr: 14.7364 )
00000999: 16.6688   (Y': 18.0765   Cb: 14.7917   Cr: 14.7187 )
00001000: 16.6752   (Y': 18.1049   Cb: 14.7566   Cr: 14.7258 )
00001001: 16.644    (Y': 18.0758   Cb: 14.6879   Cr: 14.7284 )
00001002: 16.6898   (Y': 18.107    Cb: 14.7405   Cr: 14.7942 )
00001003: 16.6671   (Y': 18.1042   Cb: 14.7078   Cr: 14.7449 )
00001004: 16.6616   (Y': 18.0973   Cb: 14.6953   Cr: 14.7491 )
00001005: 16.6424   (Y': 18.09     Cb: 14.6599   Cr: 14.7241 )
00001006: 16.6719   (Y': 18.1074   Cb: 14.7302   Cr: 14.7348 )
00001007: 16.6806   (Y': 18.1264   Cb: 14.745    Cr: 14.7184 )
00001008: 16.6652   (Y': 18.0948   Cb: 14.6973   Cr: 14.7654 )
00001009: 16.6673   (Y': 18.0884   Cb: 14.7537   Cr: 14.729  )
00001010: 16.6549   (Y': 18.0864   Cb: 14.7092   Cr: 14.7291 )
00001011: 16.6713   (Y': 18.1143   Cb: 14.7272   Cr: 14.7228 )
00001012: 16.6666   (Y': 18.0819   Cb: 14.7294   Cr: 14.7623 )
00001013: 16.6449   (Y': 18.0903   Cb: 14.6789   Cr: 14.7141 )
00001014: 16.6444   (Y': 18.1018   Cb: 14.6681   Cr: 14.702  )
00001015: 16.6528   (Y': 18.0727   Cb: 14.7263   Cr: 14.7292 )
00001016: 16.6711   (Y': 18.1219   Cb: 14.6958   Cr: 14.7398 )
00001017: 16.6541   (Y': 18.0798   Cb: 14.7134   Cr: 14.7344 )
00001018: 16.6566   (Y': 18.0864   Cb: 14.6921   Cr: 14.7531 )
00001019: 16.6477   (Y': 18.0802   Cb: 14.7344   Cr: 14.6877 )
00001020: 16.6625   (Y': 18.0809   Cb: 14.7017   Cr: 14.7765 )
00001021: 16.6473   (Y': 18.0818   Cb: 14.6736   Cr: 14.7443 )
00001022: 16.669    (Y': 18.0939   Cb: 14.7582   Cr: 14.7207 )
00001023: 16.662    (Y': 18.0887   Cb: 14.74     Cr: 14.7214 )
00001024: 16.6716   (Y': 18.0739   Cb: 14.7927   Cr: 14.7334 )
00001025: 16.6947   (Y': 18.0803   Cb: 14.8137   Cr: 14.7898 )
00001026: 16.6457   (Y': 18.0595   Cb: 14.7569   Cr: 14.6962 )
00001027: 16.6649   (Y': 18.113    Cb: 14.735    Cr: 14.6928 )
00001028: 16.6742   (Y': 18.0852   Cb: 14.783    Cr: 14.7322 )
Total: 16.6186   (Y': 18.0063   Cb: 14.5071   Cr: 14.9513 )
