00000001: 18.3909   (Y': 20.5661   Cb: 15.2909   Cr: 16.532  )
00000000: 37.4581   (Y': INF       Cb: 32.6869   Cr: 32.6869 )
00000007: 18.2623   (Y': 18.7834   Cb: 16.5464   Cr: 18.4051 )
00000004: 18.2626   (Y': 18.7787   Cb: 16.4751   Cr: 18.5361 )
00000003: 18.2809   (Y': 18.8077   Cb: 16.5199   Cr: 18.4724 )
00000002: 18.3456   (Y': 18.7971   Cb: 16.7201   Cr: 18.6098 )
00000006: 18.2762   (Y': 18.8194   Cb: 16.4246   Cr: 18.5512 )
00000005: 18.2422   (Y': 18.7649   Cb: 16.4795   Cr: 18.4513 )
00000010: 17.9029   (Y': 18.5151   Cb: 15.9468   Cr: 18.0942 )
00000008: 18.2591   (Y': 18.7207   Cb: 16.6416   Cr: 18.4723 )
00000011: 17.8864   (Y': 18.5108   Cb: 15.897    Cr: 18.0879 )
00000009: 18.0409   (Y': 18.626    Cb: 16.1252   Cr: 18.2645 )
00000012: 17.8927   (Y': 18.5114   Cb: 15.8913   Cr: 18.1346 )
00000013: 17.8467   (Y': 18.4691   Cb: 15.8565   Cr: 18.0572 )
00000014: 17.8577   (Y': 18.4525   Cb: 15.9056   Cr: 18.106  )
00000015: 17.8202   (Y': 18.4283   Cb: 15.837    Cr: 18.0714 )
00000016: 17.8701   (Y': 18.4807   Cb: 15.8365   Cr: 18.1975 )
00000017: 17.8538   (Y': 18.4777   Cb: 15.8353   Cr: 18.1057 )
00000018: 17.8488   (Y': 18.4616   Cb: 15.8905   Cr: 18.0411 )
00000020: 17.8563   (Y': 18.4657   Cb: 15.8662   Cr: 18.1138 )
00000019: 17.8487   (Y': 18.4848   Cb: 15.8223   Cr: 18.0697 )
00000021: 17.8378   (Y': 18.4851   Cb: 15.8126   Cr: 18.016  )
00000022: 17.8462   (Y': 18.4711   Cb: 15.8367   Cr: 18.0793 )
00000023: 17.9354   (Y': 18.6127   Cb: 15.8792   Cr: 18.0584 )
00000024: 18.5099   (Y': 19.2688   Cb: 16.2805   Cr: 18.6399 )
00000026: 18.7171   (Y': 19.4904   Cb: 16.2934   Cr: 19.15   )
00000025: 18.7305   (Y': 19.5025   Cb: 16.3165   Cr: 19.1496 )
00000027: 18.3556   (Y': 19.1143   Cb: 16.0979   Cr: 18.536  )
00000029: 17.9818   (Y': 18.6459   Cb: 15.9171   Cr: 18.166  )
00000028: 18.2618   (Y': 18.9906   Cb: 16.0647   Cr: 18.4418 )
00000030: 17.9089   (Y': 18.5308   Cb: 15.917    Cr: 18.1234 )
00000031: 17.8408   (Y': 18.4436   Cb: 15.8496   Cr: 18.1248 )
00000032: 17.87     (Y': 18.4856   Cb: 15.8871   Cr: 18.0926 )
00000033: 17.8638   (Y': 18.4908   Cb: 15.8437   Cr: 18.1068 )
00000034: 17.8328   (Y': 18.4262   Cb: 15.8746   Cr: 18.0962 )
00000035: 17.868    (Y': 18.4819   Cb: 15.8686   Cr: 18.1246 )
00000036: 17.842    (Y': 18.4788   Cb: 15.7986   Cr: 18.0887 )
00000037: 17.8333   (Y': 18.4592   Cb: 15.8278   Cr: 18.0562 )
00000039: 17.8525   (Y': 18.4799   Cb: 15.8222   Cr: 18.1116 )
00000038: 17.8633   (Y': 18.4743   Cb: 15.8579   Cr: 18.1408 )
00000040: 17.8593   (Y': 18.4821   Cb: 15.8574   Cr: 18.0873 )
00000041: 17.8656   (Y': 18.4907   Cb: 15.8453   Cr: 18.1165 )
00000042: 17.8491   (Y': 18.4654   Cb: 15.8222   Cr: 18.1434 )
00000043: 17.8582   (Y': 18.4711   Cb: 15.879    Cr: 18.0847 )
00000045: 17.8578   (Y': 18.4788   Cb: 15.8818   Cr: 18.0499 )
00000044: 17.8819   (Y': 18.4804   Cb: 15.9294   Cr: 18.1169 )
00000046: 17.838    (Y': 18.4527   Cb: 15.8424   Cr: 18.0854 )
00000047: 17.8669   (Y': 18.4738   Cb: 15.859    Cr: 18.1641 )
00000048: 17.8495   (Y': 18.4543   Cb: 15.8872   Cr: 18.0781 )
00000049: 17.845    (Y': 18.4464   Cb: 15.8979   Cr: 18.0609 )
00000050: 17.8755   (Y': 18.4823   Cb: 15.8975   Cr: 18.1224 )
00000051: 17.9205   (Y': 18.5324   Cb: 15.9237   Cr: 18.1803 )
00000052: 17.919    (Y': 18.5249   Cb: 15.922    Cr: 18.2011 )
00000055: 18.0695   (Y': 18.7085   Cb: 15.961    Cr: 18.4211 )
00000053: 17.9221   (Y': 18.5365   Cb: 15.9151   Cr: 18.1899 )
00000054: 17.9853   (Y': 18.5902   Cb: 15.8858   Cr: 18.4501 )
00000056: 18.0703   (Y': 18.7419   Cb: 15.9836   Cr: 18.2643 )
00000057: 18.0684   (Y': 18.7405   Cb: 15.9184   Cr: 18.3695 )
00000058: 18.0321   (Y': 18.6693   Cb: 15.9638   Cr: 18.3203 )
00000059: 17.9903   (Y': 18.6447   Cb: 15.91     Cr: 18.2362 )
00000060: 17.9678   (Y': 18.5897   Cb: 15.9174   Cr: 18.2812 )
00000061: 17.955    (Y': 18.5714   Cb: 15.904    Cr: 18.2907 )
00000063: 17.9601   (Y': 18.5821   Cb: 15.8869   Cr: 18.3128 )
00000062: 17.9403   (Y': 18.5458   Cb: 15.9487   Cr: 18.2149 )
00000064: 17.9109   (Y': 18.5491   Cb: 15.8444   Cr: 18.1917 )
00000065: 17.9395   (Y': 18.5683   Cb: 15.8701   Cr: 18.2605 )
00000066: 17.9383   (Y': 18.5409   Cb: 15.981    Cr: 18.1664 )
00000067: 17.9444   (Y': 18.5722   Cb: 15.9229   Cr: 18.1871 )
00000068: 17.9713   (Y': 18.6112   Cb: 15.9336   Cr: 18.1976 )
00000069: 17.9928   (Y': 18.6364   Cb: 15.9743   Cr: 18.1734 )
00000070: 17.9869   (Y': 18.6529   Cb: 15.9315   Cr: 18.1487 )
00000071: 17.9769   (Y': 18.5932   Cb: 15.9788   Cr: 18.2225 )
00000072: 17.9644   (Y': 18.5905   Cb: 15.9307   Cr: 18.2339 )
00000073: 17.9422   (Y': 18.5427   Cb: 15.9361   Cr: 18.2598 )
00000074: 17.9546   (Y': 18.5175   Cb: 15.9724   Cr: 18.3746 )
00000075: 17.9253   (Y': 18.4987   Cb: 15.9418   Cr: 18.3075 )
00000076: 17.8955   (Y': 18.4968   Cb: 15.8949   Cr: 18.2013 )
00000077: 17.9172   (Y': 18.4938   Cb: 15.9382   Cr: 18.2791 )
00000078: 17.899    (Y': 18.5033   Cb: 15.8876   Cr: 18.2121 )
00000079: 17.945    (Y': 18.5533   Cb: 15.9316   Cr: 18.2461 )
00000080: 17.9843   (Y': 18.5787   Cb: 15.9981   Cr: 18.2911 )
00000081: 18.0383   (Y': 18.627    Cb: 16.05     Cr: 18.3704 )
00000082: 18.0954   (Y': 18.6549   Cb: 16.0936   Cr: 18.5628 )
00000083: 18.0803   (Y': 18.6518   Cb: 16.1188   Cr: 18.4313 )
00000084: 18.0948   (Y': 18.6996   Cb: 16.0396   Cr: 18.4812 )
00000086: 18.1507   (Y': 18.7251   Cb: 16.1565   Cr: 18.5472 )
00000085: 18.1065   (Y': 18.679    Cb: 16.1275   Cr: 18.4842 )
00000087: 18.1405   (Y': 18.6999   Cb: 16.1783   Cr: 18.5391 )
00000090: 18.7404   (Y': 19.4135   Cb: 16.5207   Cr: 19.1634 )
00000089: 18.1715   (Y': 18.7786   Cb: 16.145    Cr: 18.4993 )
00000088: 18.0764   (Y': 18.6152   Cb: 16.1574   Cr: 18.4804 )
00000091: 18.81     (Y': 19.4781   Cb: 16.5356   Cr: 19.3549 )
00000092: 18.4431   (Y': 19.0045   Cb: 16.4184   Cr: 18.944  )
00000093: 18.2114   (Y': 18.7018   Cb: 16.3123   Cr: 18.7735 )
00000095: 18.008    (Y': 18.4782   Cb: 16.1454   Cr: 18.588  )
00000094: 18.0321   (Y': 18.4995   Cb: 16.2037   Cr: 18.5643 )
00000097: 17.9942   (Y': 18.4595   Cb: 16.1576   Cr: 18.5495 )
00000099: 17.9604   (Y': 18.4365   Cb: 16.1204   Cr: 18.4776 )
00000096: 18.0307   (Y': 18.5262   Cb: 16.1285   Cr: 18.5773 )
00000100: 17.9448   (Y': 18.3955   Cb: 16.1447   Cr: 18.4968 )
00000098: 17.9685   (Y': 18.4247   Cb: 16.1529   Cr: 18.5243 )
00000101: 17.9118   (Y': 18.3512   Cb: 16.1183   Cr: 18.4987 )
00000102: 17.945    (Y': 18.4029   Cb: 16.0799   Cr: 18.5803 )
00000103: 17.9243   (Y': 18.3795   Cb: 16.0989   Cr: 18.501  )
00000104: 17.929    (Y': 18.3736   Cb: 16.1312   Cr: 18.5017 )
00000105: 17.9842   (Y': 18.4504   Cb: 16.1243   Cr: 18.5765 )
00000106: 17.9896   (Y': 18.4917   Cb: 16.1325   Cr: 18.4322 )
00000107: 17.9807   (Y': 18.4562   Cb: 16.1185   Cr: 18.5385 )
00000108: 17.9644   (Y': 18.4456   Cb: 16.0544   Cr: 18.5836 )
00000109: 17.947    (Y': 18.4157   Cb: 16.0651   Cr: 18.5677 )
00000110: 17.9065   (Y': 18.361    Cb: 16.121    Cr: 18.4179 )
00000111: 17.9355   (Y': 18.3922   Cb: 16.0824   Cr: 18.5548 )
00000112: 17.9211   (Y': 18.3647   Cb: 16.1262   Cr: 18.493  )
00000113: 17.9415   (Y': 18.3959   Cb: 16.1108   Cr: 18.5314 )
00000114: 17.9613   (Y': 18.4017   Cb: 16.1552   Cr: 18.5658 )
00000115: 17.9296   (Y': 18.3742   Cb: 16.129    Cr: 18.5071 )
00000116: 17.926    (Y': 18.3736   Cb: 16.127    Cr: 18.4888 )
00000117: 17.9935   (Y': 18.4517   Cb: 16.1563   Cr: 18.579  )
00000119: 17.9821   (Y': 18.4447   Cb: 16.1631   Cr: 18.5181 )
00000118: 17.9597   (Y': 18.4358   Cb: 16.0715   Cr: 18.5612 )
00000120: 17.9646   (Y': 18.4088   Cb: 16.1484   Cr: 18.5707 )
00000121: 17.9193   (Y': 18.3673   Cb: 16.127    Cr: 18.4685 )
00000122: 17.9043   (Y': 18.3487   Cb: 16.1004   Cr: 18.4883 )
00000123: 17.8667   (Y': 18.3175   Cb: 16.039    Cr: 18.466  )
00000124: 17.9102   (Y': 18.3609   Cb: 16.0866   Cr: 18.5023 )
00000125: 17.8931   (Y': 18.353    Cb: 16.0642   Cr: 18.4565 )
00000126: 17.8908   (Y': 18.3388   Cb: 16.0528   Cr: 18.5195 )
00000127: 17.8892   (Y': 18.3513   Cb: 16.0587   Cr: 18.4466 )
00000128: 17.9027   (Y': 18.3471   Cb: 16.0901   Cr: 18.5022 )
00000129: 17.8804   (Y': 18.3249   Cb: 16.0362   Cr: 18.5344 )
00000130: 17.8696   (Y': 18.3088   Cb: 16.0569   Cr: 18.4904 )
00000131: 17.8936   (Y': 18.3513   Cb: 16.0563   Cr: 18.4813 )
00000132: 18.0768   (Y': 18.6136   Cb: 16.1096   Cr: 18.5727 )
00000133: 18.1675   (Y': 18.6944   Cb: 16.1709   Cr: 18.7552 )
00000134: 18.2261   (Y': 18.7696   Cb: 16.2249   Cr: 18.7559 )
00000135: 18.2498   (Y': 18.7461   Cb: 16.2619   Cr: 18.9479 )
00000136: 18.2487   (Y': 18.6848   Cb: 16.3211   Cr: 19.0925 )
00000137: 18.2404   (Y': 18.6849   Cb: 16.2834   Cr: 19.1025 )
00000138: 18.2403   (Y': 18.6134   Cb: 16.3634   Cr: 19.2715 )
00000139: 18.2227   (Y': 18.5576   Cb: 16.3823   Cr: 19.3631 )
00000140: 18.2384   (Y': 18.5605   Cb: 16.4036   Cr: 19.4291 )
00000141: 18.2101   (Y': 18.5088   Cb: 16.4308   Cr: 19.405  )
00000142: 18.1869   (Y': 18.481    Cb: 16.3666   Cr: 19.4872 )
00000143: 18.2288   (Y': 18.522    Cb: 16.4315   Cr: 19.487  )
00000144: 18.1988   (Y': 18.4983   Cb: 16.4168   Cr: 19.3952 )
00000146: 18.1686   (Y': 18.5035   Cb: 16.2753   Cr: 19.4154 )
00000145: 18.1922   (Y': 18.5171   Cb: 16.3595   Cr: 19.3652 )
00000147: 18.2717   (Y': 18.652    Cb: 16.284    Cr: 19.492  )
00000148: 18.6085   (Y': 19.004    Cb: 16.5429   Cr: 19.9214 )
00000150: 18.1391   (Y': 18.4225   Cb: 16.2897   Cr: 19.5551 )
00000151: 18.1768   (Y': 18.5111   Cb: 16.3047   Cr: 19.3834 )
00000149: 18.6038   (Y': 18.9896   Cb: 16.5523   Cr: 19.9337 )
00000152: 18.3686   (Y': 18.6858   Cb: 16.4886   Cr: 19.6758 )
00000153: 18.3701   (Y': 18.6744   Cb: 16.4936   Cr: 19.736  )
00000154: 18.5711   (Y': 18.8861   Cb: 16.6723   Cr: 19.9292 )
00000155: 18.6085   (Y': 18.891    Cb: 16.765    Cr: 20.0167 )
00000156: 18.6163   (Y': 18.8927   Cb: 16.7813   Cr: 20.0376 )
00000158: 18.6133   (Y': 18.8547   Cb: 16.821    Cr: 20.1291 )
00000157: 18.6598   (Y': 18.9211   Cb: 16.8269   Cr: 20.1564 )
00000159: 18.6299   (Y': 18.895    Cb: 16.8345   Cr: 20.0266 )
00000161: 18.5929   (Y': 18.8434   Cb: 16.8509   Cr: 19.9554 )
00000160: 18.6267   (Y': 18.8895   Cb: 16.8516   Cr: 19.9939 )
00000162: 18.567    (Y': 18.8487   Cb: 16.7954   Cr: 19.8309 )
00000163: 18.6015   (Y': 18.9381   Cb: 16.8432   Cr: 19.5753 )
00000164: 18.585    (Y': 18.9587   Cb: 16.7797   Cr: 19.4764 )
00000165: 18.5736   (Y': 19.0003   Cb: 16.7224   Cr: 19.3164 )
00000167: 18.8479   (Y': 19.1591   Cb: 17.3924   Cr: 19.4109 )
00000166: 18.737    (Y': 19.1035   Cb: 17.1075   Cr: 19.35   )
00000169: 18.726    (Y': 19.0506   Cb: 17.2927   Cr: 19.1976 )
00000170: 18.3571   (Y': 18.7111   Cb: 16.8045   Cr: 18.8959 )
00000168: 18.7949   (Y': 19.1134   Cb: 17.3493   Cr: 19.3113 )
00000171: 18.9026   (Y': 19.3492   Cb: 17.1234   Cr: 19.4352 )
00000172: 18.6791   (Y': 19.3927   Cb: 16.3743   Cr: 19.1078 )
00000173: 18.7713   (Y': 19.5006   Cb: 16.4137   Cr: 19.2412 )
00000175: 18.1932   (Y': 18.9127   Cb: 15.976    Cr: 18.4411 )
00000174: 18.685    (Y': 19.4274   Cb: 16.3336   Cr: 19.094  )
00000176: 18.0048   (Y': 18.7177   Cb: 15.8533   Cr: 18.1623 )
00000177: 18.3033   (Y': 19.0495   Cb: 16.0624   Cr: 18.4979 )
00000178: 18.2133   (Y': 18.946    Cb: 15.9979   Cr: 18.411  )
00000179: 17.9349   (Y': 18.634    Cb: 15.8307   Cr: 18.0611 )
00000180: 18.0127   (Y': 18.7197   Cb: 15.8823   Cr: 18.1549 )
00000181: 17.9624   (Y': 18.6498   Cb: 15.8304   Cr: 18.1774 )
00000182: 18.0795   (Y': 18.7834   Cb: 15.9481   Cr: 18.2343 )
00000183: 17.9498   (Y': 18.6488   Cb: 15.8082   Cr: 18.1395 )
00000184: 17.9412   (Y': 18.606    Cb: 15.8243   Cr: 18.212  )
00000185: 17.8285   (Y': 18.4628   Cb: 15.7727   Cr: 18.1058 )
00000186: 17.9468   (Y': 18.6165   Cb: 15.8613   Cr: 18.1462 )
00000187: 17.8035   (Y': 18.4446   Cb: 15.784    Cr: 17.9943 )
00000188: 17.9332   (Y': 18.6101   Cb: 15.8279   Cr: 18.1403 )
00000189: 17.8022   (Y': 18.4026   Cb: 15.8121   Cr: 18.0931 )
00000190: 17.9228   (Y': 18.619    Cb: 15.8005   Cr: 18.0893 )
00000191: 17.8039   (Y': 18.4231   Cb: 15.8081   Cr: 18.0356 )
00000192: 17.9067   (Y': 18.5809   Cb: 15.8034   Cr: 18.1198 )
00000193: 17.7945   (Y': 18.4134   Cb: 15.7653   Cr: 18.0832 )
00000194: 17.9024   (Y': 18.5907   Cb: 15.8177   Cr: 18.0339 )
00000195: 17.7993   (Y': 18.423    Cb: 15.7837   Cr: 18.0475 )
00000196: 17.8598   (Y': 18.5107   Cb: 15.791    Cr: 18.0985 )
00000197: 17.8156   (Y': 18.4587   Cb: 15.7639   Cr: 18.0535 )
00000198: 17.8564   (Y': 18.5372   Cb: 15.7612   Cr: 18.0322 )
00000199: 17.7539   (Y': 18.4021   Cb: 15.6963   Cr: 17.9833 )
00000200: 17.8627   (Y': 18.5153   Cb: 15.7947   Cr: 18.094  )
00000202: 17.8337   (Y': 18.4918   Cb: 15.776    Cr: 18.0275 )
00000201: 17.7791   (Y': 18.4252   Cb: 15.7253   Cr: 18.0098 )
00000203: 17.7611   (Y': 18.3844   Cb: 15.7594   Cr: 17.9874 )
00000204: 17.8361   (Y': 18.4792   Cb: 15.7629   Cr: 18.1105 )
00000205: 17.7968   (Y': 18.444    Cb: 15.7736   Cr: 17.9723 )
00000206: 17.8014   (Y': 18.4785   Cb: 15.6877   Cr: 18.0219 )
00000207: 17.7657   (Y': 18.3884   Cb: 15.75     Cr: 18.0176 )
00000208: 17.8086   (Y': 18.4454   Cb: 15.7763   Cr: 18.037  )
00000210: 17.8205   (Y': 18.4662   Cb: 15.7756   Cr: 18.0372 )
00000209: 17.7717   (Y': 18.396    Cb: 15.7746   Cr: 17.9864 )
00000211: 17.7979   (Y': 18.4426   Cb: 15.7421   Cr: 18.0368 )
00000212: 17.8144   (Y': 18.4666   Cb: 15.7414   Cr: 18.0557 )
00000213: 17.7965   (Y': 18.4225   Cb: 15.7648   Cr: 18.0631 )
00000214: 17.8134   (Y': 18.453    Cb: 15.7879   Cr: 18.0197 )
00000215: 17.7735   (Y': 18.4329   Cb: 15.7138   Cr: 17.9657 )
00000216: 17.8282   (Y': 18.4649   Cb: 15.781    Cr: 18.0819 )
00000217: 17.7754   (Y': 18.4111   Cb: 15.7403   Cr: 18.0122 )
00000218: 17.7907   (Y': 18.4303   Cb: 15.7439   Cr: 18.0334 )
00000219: 17.7878   (Y': 18.4178   Cb: 15.7553   Cr: 18.0411 )
00000220: 17.8178   (Y': 18.4437   Cb: 15.7564   Cr: 18.1357 )
00000221: 17.8268   (Y': 18.4627   Cb: 15.8016   Cr: 18.0463 )
00000222: 17.7965   (Y': 18.4203   Cb: 15.7651   Cr: 18.0708 )
00000223: 17.7822   (Y': 18.4323   Cb: 15.7689   Cr: 17.9309 )
00000224: 17.7981   (Y': 18.4438   Cb: 15.7595   Cr: 18.0042 )
00000226: 17.7738   (Y': 18.4053   Cb: 15.7171   Cr: 18.0632 )
00000225: 17.7996   (Y': 18.4216   Cb: 15.8081   Cr: 18.0135 )
00000227: 17.7777   (Y': 18.4294   Cb: 15.7128   Cr: 18.007  )
00000228: 17.8014   (Y': 18.4306   Cb: 15.7592   Cr: 18.0742 )
00000229: 17.799    (Y': 18.463    Cb: 15.7332   Cr: 17.9851 )
00000230: 17.8124   (Y': 18.435    Cb: 15.7915   Cr: 18.0729 )
00000231: 17.7707   (Y': 18.41     Cb: 15.7382   Cr: 17.9901 )
00000232: 17.8281   (Y': 18.4465   Cb: 15.8359   Cr: 18.0565 )
00000233: 17.8044   (Y': 18.4395   Cb: 15.7724   Cr: 18.0383 )
00000234: 17.7962   (Y': 18.4444   Cb: 15.7218   Cr: 18.0541 )
00000235: 17.7791   (Y': 18.4283   Cb: 15.6864   Cr: 18.0652 )
00000236: 17.7968   (Y': 18.4266   Cb: 15.7362   Cr: 18.0988 )
00000237: 17.7762   (Y': 18.4263   Cb: 15.6906   Cr: 18.0465 )
00000238: 17.7714   (Y': 18.4074   Cb: 15.7333   Cr: 18.0125 )
00000239: 17.7796   (Y': 18.422    Cb: 15.7291   Cr: 18.0182 )
00000240: 17.7733   (Y': 18.403    Cb: 15.7539   Cr: 18.0054 )
00000241: 17.7693   (Y': 18.4508   Cb: 15.6772   Cr: 17.9371 )
00000242: 17.7755   (Y': 18.4031   Cb: 15.7297   Cr: 18.0598 )
00000243: 17.8003   (Y': 18.4326   Cb: 15.7875   Cr: 18.0126 )
00000244: 17.7503   (Y': 18.4091   Cb: 15.6711   Cr: 17.9779 )
00000245: 17.8013   (Y': 18.4599   Cb: 15.6999   Cr: 18.068  )
00000246: 17.7922   (Y': 18.4436   Cb: 15.7212   Cr: 18.0328 )
00000247: 17.786    (Y': 18.4435   Cb: 15.7203   Cr: 17.9957 )
00000248: 17.7708   (Y': 18.4227   Cb: 15.6918   Cr: 18.0232 )
00000249: 17.7852   (Y': 18.4241   Cb: 15.744    Cr: 18.0209 )
00000250: 17.7903   (Y': 18.4232   Cb: 15.7907   Cr: 17.9784 )
00000251: 17.7872   (Y': 18.4297   Cb: 15.7627   Cr: 17.982  )
00000252: 17.7822   (Y': 18.4024   Cb: 15.7629   Cr: 18.049  )
00000253: 17.7831   (Y': 18.4399   Cb: 15.702    Cr: 18.0214 )
00000254: 17.781    (Y': 18.4333   Cb: 15.7199   Cr: 18.0011 )
00000255: 17.7598   (Y': 18.4248   Cb: 15.6768   Cr: 17.9716 )
00000256: 17.7671   (Y': 18.4206   Cb: 15.7153   Cr: 17.9674 )
00000257: 17.7905   (Y': 18.4339   Cb: 15.7315   Cr: 18.0398 )
00000258: 17.8126   (Y': 18.4603   Cb: 15.7685   Cr: 18.021  )
00000259: 17.7761   (Y': 18.4074   Cb: 15.7452   Cr: 18.0217 )
00000260: 17.7867   (Y': 18.4457   Cb: 15.7658   Cr: 17.9165 )
00000262: 17.7838   (Y': 18.4383   Cb: 15.7112   Cr: 18.0155 )
00000261: 17.8053   (Y': 18.426    Cb: 15.7798   Cr: 18.0813 )
00000263: 17.7893   (Y': 18.4277   Cb: 15.732    Cr: 18.0536 )
00000264: 17.7862   (Y': 18.414    Cb: 15.7678   Cr: 18.024  )
00000265: 17.8234   (Y': 18.4669   Cb: 15.7692   Cr: 18.0638 )
00000267: 17.797    (Y': 18.4431   Cb: 15.7564   Cr: 18.005  )
00000266: 17.7653   (Y': 18.4291   Cb: 15.7178   Cr: 17.9213 )
00000268: 17.793    (Y': 18.4089   Cb: 15.7846   Cr: 18.0575 )
00000269: 17.7831   (Y': 18.4262   Cb: 15.74     Cr: 18.007  )
00000271: 17.7894   (Y': 18.4516   Cb: 15.7366   Cr: 17.9603 )
00000270: 17.7798   (Y': 18.4302   Cb: 15.7207   Cr: 18.0039 )
00000272: 17.7779   (Y': 18.4131   Cb: 15.7756   Cr: 17.962  )
00000273: 17.7757   (Y': 18.4084   Cb: 15.7595   Cr: 17.9913 )
00000274: 17.7781   (Y': 18.415    Cb: 15.7558   Cr: 17.9891 )
00000275: 17.7776   (Y': 18.4326   Cb: 15.7071   Cr: 18.0045 )
00000276: 17.7831   (Y': 18.4213   Cb: 15.7429   Cr: 18.0196 )
00000277: 17.7837   (Y': 18.441    Cb: 15.7412   Cr: 17.9549 )
00000278: 17.7723   (Y': 18.4071   Cb: 15.7235   Cr: 18.0357 )
00000279: 17.7464   (Y': 18.4009   Cb: 15.65     Cr: 18.019  )
00000280: 17.7832   (Y': 18.432    Cb: 15.7123   Cr: 18.0332 )
00000281: 17.8134   (Y': 18.4375   Cb: 15.8126   Cr: 18.0347 )
00000282: 17.7706   (Y': 18.4138   Cb: 15.7472   Cr: 17.9605 )
00000283: 17.7744   (Y': 18.4107   Cb: 15.737    Cr: 18.0128 )
00000284: 17.7759   (Y': 18.4246   Cb: 15.7269   Cr: 17.9886 )
00000285: 17.7647   (Y': 18.4177   Cb: 15.7048   Cr: 17.9804 )
00000286: 17.7715   (Y': 18.434    Cb: 15.7055   Cr: 17.9636 )
00000287: 17.7718   (Y': 18.4214   Cb: 15.7064   Cr: 18.0092 )
00000288: 17.7793   (Y': 18.4425   Cb: 15.715    Cr: 17.9658 )
00000289: 17.7967   (Y': 18.4406   Cb: 15.7376   Cr: 18.0443 )
00000290: 17.7725   (Y': 18.419    Cb: 15.7168   Cr: 18.005  )
00000291: 17.7712   (Y': 18.4147   Cb: 15.7337   Cr: 17.9836 )
00000292: 17.7851   (Y': 18.4297   Cb: 15.7354   Cr: 18.0146 )
00000293: 17.7715   (Y': 18.4386   Cb: 15.6986   Cr: 17.9584 )
00000295: 17.7857   (Y': 18.4243   Cb: 15.7731   Cr: 17.9745 )
00000294: 17.7764   (Y': 18.4212   Cb: 15.7318   Cr: 17.9961 )
00000296: 17.7595   (Y': 18.4107   Cb: 15.6867   Cr: 18.0037 )
00000297: 17.759    (Y': 18.4262   Cb: 15.6901   Cr: 17.9389 )
00000298: 17.7943   (Y': 18.4371   Cb: 15.7601   Cr: 18.0038 )
00000299: 17.7628   (Y': 18.4071   Cb: 15.7191   Cr: 17.9833 )
00000300: 17.7912   (Y': 18.4244   Cb: 15.7495   Cr: 18.0482 )
00000301: 17.7949   (Y': 18.4355   Cb: 15.7752   Cr: 17.9882 )
00000303: 17.7786   (Y': 18.4294   Cb: 15.6937   Cr: 18.0453 )
00000302: 17.786    (Y': 18.4187   Cb: 15.7531   Cr: 18.0301 )
00000304: 17.7628   (Y': 18.3841   Cb: 15.7059   Cr: 18.0901 )
00000305: 17.7696   (Y': 18.4225   Cb: 15.7095   Cr: 17.9861 )
00000307: 17.7882   (Y': 18.4066   Cb: 15.7976   Cr: 18.0135 )
00000306: 17.7929   (Y': 18.4365   Cb: 15.7569   Cr: 18.0026 )
00000308: 17.7507   (Y': 18.395    Cb: 15.6666   Cr: 18.0393 )
00000309: 17.7958   (Y': 18.443    Cb: 15.7587   Cr: 17.9939 )
00000310: 17.7802   (Y': 18.4173   Cb: 15.7541   Cr: 17.9969 )
00000311: 17.7976   (Y': 18.4348   Cb: 15.7558   Cr: 18.0403 )
00000312: 17.8036   (Y': 18.4331   Cb: 15.7728   Cr: 18.0559 )
00000313: 17.8026   (Y': 18.4475   Cb: 15.7721   Cr: 17.9982 )
00000315: 17.7898   (Y': 18.4559   Cb: 15.7128   Cr: 17.987  )
00000314: 17.7987   (Y': 18.4635   Cb: 15.7305   Cr: 17.9863 )
00000316: 17.7971   (Y': 18.4323   Cb: 15.7692   Cr: 18.0236 )
00000317: 17.8097   (Y': 18.4331   Cb: 15.7806   Cr: 18.0817 )
00000319: 17.8021   (Y': 18.4309   Cb: 15.7438   Cr: 18.1043 )
00000318: 17.8086   (Y': 18.4619   Cb: 15.748    Cr: 18.0246 )
00000320: 17.7744   (Y': 18.4311   Cb: 15.7062   Cr: 17.9913 )
00000321: 17.7845   (Y': 18.4464   Cb: 15.7466   Cr: 17.9314 )
00000322: 17.7723   (Y': 18.4192   Cb: 15.7438   Cr: 17.9575 )
00000323: 17.7742   (Y': 18.4151   Cb: 15.7093   Cr: 18.0428 )
00000324: 17.8053   (Y': 18.433    Cb: 15.7689   Cr: 18.0735 )
00000325: 17.8133   (Y': 18.4392   Cb: 15.7752   Cr: 18.091  )
00000326: 17.798    (Y': 18.4506   Cb: 15.7443   Cr: 18.0046 )
00000327: 17.8076   (Y': 18.4433   Cb: 15.7948   Cr: 18.007  )
00000328: 17.794    (Y': 18.4519   Cb: 15.7252   Cr: 18.0076 )
00000329: 17.8214   (Y': 18.4794   Cb: 15.7829   Cr: 17.9837 )
00000331: 17.8358   (Y': 18.4669   Cb: 15.8023   Cr: 18.0865 )
00000330: 17.794    (Y': 18.4535   Cb: 15.7076   Cr: 18.0312 )
00000332: 17.8157   (Y': 18.4388   Cb: 15.813    Cr: 18.0439 )
00000333: 17.7997   (Y': 18.4266   Cb: 15.7798   Cr: 18.0428 )
00000334: 17.8307   (Y': 18.4341   Cb: 15.8376   Cr: 18.1159 )
00000335: 17.7926   (Y': 18.4287   Cb: 15.7519   Cr: 18.0376 )
00000336: 17.7995   (Y': 18.4278   Cb: 15.7849   Cr: 18.0286 )
00000337: 17.7848   (Y': 18.4062   Cb: 15.7821   Cr: 18.0192 )
00000339: 17.8004   (Y': 18.4342   Cb: 15.7515   Cr: 18.0675 )
00000338: 17.8096   (Y': 18.4458   Cb: 15.8226   Cr: 17.9647 )
00000340: 17.7903   (Y': 18.4305   Cb: 15.7143   Cr: 18.0805 )
00000341: 17.7786   (Y': 18.4182   Cb: 15.7275   Cr: 18.0282 )
00000342: 17.7756   (Y': 18.4029   Cb: 15.7528   Cr: 18.0225 )
00000343: 17.7883   (Y': 18.4283   Cb: 15.7291   Cr: 18.0506 )
00000344: 17.7736   (Y': 18.3795   Cb: 15.8      Cr: 18.0166 )
00000345: 17.7865   (Y': 18.4156   Cb: 15.7473   Cr: 18.0545 )
00000347: 17.8023   (Y': 18.4274   Cb: 15.8011   Cr: 18.0206 )
00000346: 17.8004   (Y': 18.4373   Cb: 15.7457   Cr: 18.0664 )
00000348: 17.7913   (Y': 18.422    Cb: 15.7663   Cr: 18.0293 )
00000349: 17.8088   (Y': 18.4306   Cb: 15.8017   Cr: 18.0495 )
00000350: 17.7797   (Y': 18.4001   Cb: 15.7786   Cr: 18.0149 )
00000351: 17.7988   (Y': 18.4131   Cb: 15.7934   Cr: 18.064  )
00000352: 17.7595   (Y': 18.4088   Cb: 15.7138   Cr: 17.9649 )
00000353: 17.7972   (Y': 18.4324   Cb: 15.7789   Cr: 18.0081 )
00000354: 17.7757   (Y': 18.415    Cb: 15.7666   Cr: 17.9559 )
00000355: 17.7735   (Y': 18.3967   Cb: 15.7611   Cr: 18.0176 )
00000356: 17.7829   (Y': 18.4446   Cb: 15.7232   Cr: 17.9674 )
00000357: 17.7807   (Y': 18.4409   Cb: 15.7381   Cr: 17.9419 )
00000358: 17.8143   (Y': 18.4539   Cb: 15.77     Cr: 18.0526 )
00000359: 17.8082   (Y': 18.4294   Cb: 15.8053   Cr: 18.0443 )
00000360: 17.7826   (Y': 18.4166   Cb: 15.7424   Cr: 18.0345 )
00000361: 17.7953   (Y': 18.432    Cb: 15.7659   Cr: 18.0191 )
00000362: 17.7905   (Y': 18.4031   Cb: 15.8003   Cr: 18.0366 )
00000363: 17.7996   (Y': 18.4301   Cb: 15.7757   Cr: 18.0366 )
00000364: 17.7833   (Y': 18.425    Cb: 15.7057   Cr: 18.0705 )
00000365: 17.7722   (Y': 18.4054   Cb: 15.7471   Cr: 18.0012 )
00000366: 17.78     (Y': 18.4067   Cb: 15.7677   Cr: 18.0114 )
00000367: 17.7897   (Y': 18.4046   Cb: 15.7987   Cr: 18.0288 )
00000368: 17.7845   (Y': 18.4201   Cb: 15.7357   Cr: 18.045  )
00000369: 17.7937   (Y': 18.4504   Cb: 15.745    Cr: 17.9772 )
00000370: 17.7954   (Y': 18.4171   Cb: 15.7821   Cr: 18.0471 )
00000371: 17.7768   (Y': 18.4226   Cb: 15.7365   Cr: 17.9858 )
00000372: 17.7833   (Y': 18.4221   Cb: 15.7378   Cr: 18.0264 )
00000373: 17.7683   (Y': 18.4163   Cb: 15.6964   Cr: 18.0228 )
00000374: 17.7874   (Y': 18.4293   Cb: 15.7838   Cr: 17.9494 )
00000375: 17.7813   (Y': 18.4183   Cb: 15.7571   Cr: 17.9955 )
00000376: 17.7983   (Y': 18.4321   Cb: 15.7593   Cr: 18.0487 )
00000377: 17.7915   (Y': 18.4317   Cb: 15.7124   Cr: 18.0866 )
00000379: 17.8097   (Y': 18.4414   Cb: 15.7799   Cr: 18.0521 )
00000378: 17.8007   (Y': 18.441    Cb: 15.7215   Cr: 18.0961 )
00000380: 17.7734   (Y': 18.4185   Cb: 15.7155   Cr: 18.0144 )
00000381: 17.7777   (Y': 18.4271   Cb: 15.7213   Cr: 18.0009 )
00000382: 17.7788   (Y': 18.4196   Cb: 15.7392   Cr: 18.0044 )
00000383: 17.7768   (Y': 18.4156   Cb: 15.7335   Cr: 18.0161 )
00000384: 17.776    (Y': 18.4231   Cb: 15.718    Cr: 18.0102 )
00000385: 17.7877   (Y': 18.4287   Cb: 15.7462   Cr: 18.0157 )
00000386: 17.7733   (Y': 18.4235   Cb: 15.7087   Cr: 18.0072 )
00000387: 17.7981   (Y': 18.439    Cb: 15.7556   Cr: 18.0286 )
00000389: 17.7599   (Y': 18.4061   Cb: 15.7179   Cr: 17.9701 )
00000390: 17.7643   (Y': 18.3968   Cb: 15.7433   Cr: 17.9889 )
00000388: 17.7735   (Y': 18.4307   Cb: 15.7075   Cr: 17.9849 )
00000391: 17.7984   (Y': 18.4365   Cb: 15.7389   Cr: 18.0681 )
00000392: 17.7688   (Y': 18.4212   Cb: 15.6933   Cr: 18.0132 )
00000393: 17.7662   (Y': 18.4227   Cb: 15.7138   Cr: 17.9569 )
00000395: 17.7809   (Y': 18.4168   Cb: 15.7488   Cr: 18.0119 )
00000394: 17.7906   (Y': 18.4315   Cb: 15.734    Cr: 18.0451 )
00000396: 17.7791   (Y': 18.4212   Cb: 15.7263   Cr: 18.0224 )
00000397: 17.7917   (Y': 18.429    Cb: 15.7635   Cr: 18.0113 )
00000398: 17.7543   (Y': 18.3889   Cb: 15.7264   Cr: 17.983  )
00000399: 17.7373   (Y': 18.4028   Cb: 15.6357   Cr: 17.9789 )
00000400: 17.7969   (Y': 18.4429   Cb: 15.7427   Cr: 18.0285 )
00000401: 17.7609   (Y': 18.4275   Cb: 15.6555   Cr: 18.0049 )
00000402: 17.7935   (Y': 18.4387   Cb: 15.7614   Cr: 17.9908 )
00000403: 17.7627   (Y': 18.4102   Cb: 15.7102   Cr: 17.9859 )
00000404: 17.7834   (Y': 18.4317   Cb: 15.7427   Cr: 17.9841 )
00000405: 17.7758   (Y': 18.4376   Cb: 15.7114   Cr: 17.9674 )
00000406: 17.7656   (Y': 18.4237   Cb: 15.6988   Cr: 17.9748 )
00000407: 17.7588   (Y': 18.4257   Cb: 15.7127   Cr: 17.9018 )
00000408: 17.7732   (Y': 18.4033   Cb: 15.7586   Cr: 17.9961 )
00000409: 17.7831   (Y': 18.4365   Cb: 15.6981   Cr: 18.0401 )
00000411: 17.7667   (Y': 18.4082   Cb: 15.7361   Cr: 17.9747 )
00000410: 17.7685   (Y': 18.4263   Cb: 15.6982   Cr: 17.9847 )
00000413: 17.7576   (Y': 18.4054   Cb: 15.6733   Cr: 18.034  )
00000412: 17.7873   (Y': 18.4397   Cb: 15.7206   Cr: 18.0168 )
00000414: 17.7702   (Y': 18.4014   Cb: 15.7204   Cr: 18.0488 )
00000415: 17.7931   (Y': 18.4343   Cb: 15.7694   Cr: 17.991  )
00000416: 17.7893   (Y': 18.4321   Cb: 15.7504   Cr: 18.0064 )
00000417: 17.7869   (Y': 18.4264   Cb: 15.7446   Cr: 18.022  )
00000418: 17.788    (Y': 18.4424   Cb: 15.7365   Cr: 17.9847 )
00000419: 17.7783   (Y': 18.4403   Cb: 15.7112   Cr: 17.974  )
00000420: 17.791    (Y': 18.4088   Cb: 15.7729   Cr: 18.0646 )
00000421: 17.7696   (Y': 18.4303   Cb: 15.7067   Cr: 17.9631 )
00000422: 17.7934   (Y': 18.4319   Cb: 15.766    Cr: 18.0072 )
00000423: 17.7982   (Y': 18.4571   Cb: 15.7421   Cr: 17.9863 )
00000424: 17.7803   (Y': 18.4228   Cb: 15.7267   Cr: 18.0236 )
00000425: 17.7667   (Y': 18.4106   Cb: 15.7208   Cr: 17.9918 )
00000427: 17.767    (Y': 18.417    Cb: 15.7048   Cr: 17.9976 )
00000426: 17.7742   (Y': 18.3834   Cb: 15.8052   Cr: 17.9972 )
00000429: 17.7535   (Y': 18.4059   Cb: 15.7096   Cr: 17.9448 )
00000430: 17.7754   (Y': 18.4378   Cb: 15.6976   Cr: 17.9872 )
00000428: 17.782    (Y': 18.4021   Cb: 15.7373   Cr: 18.0931 )
00000431: 17.7771   (Y': 18.4111   Cb: 15.778    Cr: 17.9603 )
00000432: 17.783    (Y': 18.4227   Cb: 15.7324   Cr: 18.0314 )
00000433: 17.7917   (Y': 18.4132   Cb: 15.7524   Cr: 18.088  )
00000434: 17.7837   (Y': 18.4354   Cb: 15.7195   Cr: 18.0114 )
00000435: 17.7925   (Y': 18.4191   Cb: 15.7485   Cr: 18.0781 )
00000436: 17.7704   (Y': 18.4009   Cb: 15.7645   Cr: 17.9774 )
00000437: 17.7881   (Y': 18.4163   Cb: 15.7594   Cr: 18.0416 )
00000438: 17.7912   (Y': 18.4169   Cb: 15.7802   Cr: 18.0241 )
00000439: 17.7782   (Y': 18.4165   Cb: 15.7531   Cr: 17.9885 )
00000440: 17.7694   (Y': 18.4052   Cb: 15.7157   Cr: 18.0376 )
00000441: 17.7815   (Y': 18.4255   Cb: 15.7644   Cr: 17.9584 )
00000442: 17.7952   (Y': 18.4309   Cb: 15.7593   Cr: 18.0335 )
00000443: 17.7876   (Y': 18.4272   Cb: 15.7625   Cr: 17.9931 )
00000445: 17.7739   (Y': 18.4095   Cb: 15.7526   Cr: 17.9882 )
00000444: 17.7689   (Y': 18.4109   Cb: 15.7386   Cr: 17.9748 )
00000446: 17.7969   (Y': 18.4291   Cb: 15.7433   Cr: 18.0781 )
00000447: 17.7669   (Y': 18.4309   Cb: 15.6836   Cr: 17.9824 )
00000448: 17.7619   (Y': 18.402    Cb: 15.6947   Cr: 18.037  )
00000449: 17.7712   (Y': 18.407    Cb: 15.7552   Cr: 17.9755 )
00000450: 17.7888   (Y': 18.4191   Cb: 15.7453   Cr: 18.0596 )
00000451: 17.7783   (Y': 18.4223   Cb: 15.734    Cr: 18.0008 )
00000453: 17.7725   (Y': 18.4292   Cb: 15.7197   Cr: 17.9631 )
00000452: 17.7735   (Y': 18.3991   Cb: 15.7415   Cr: 18.0423 )
00000454: 17.792    (Y': 18.44     Cb: 15.7273   Cr: 18.0345 )
00000455: 17.7753   (Y': 18.4061   Cb: 15.7824   Cr: 17.9593 )
00000456: 17.7625   (Y': 18.4365   Cb: 15.7033   Cr: 17.9022 )
00000457: 17.7565   (Y': 18.3947   Cb: 15.7242   Cr: 17.9796 )
00000458: 17.7868   (Y': 18.4372   Cb: 15.7221   Cr: 18.0207 )
00000459: 17.7697   (Y': 18.4093   Cb: 15.7255   Cr: 18.0077 )
00000460: 17.7867   (Y': 18.4181   Cb: 15.7463   Cr: 18.0479 )
00000461: 17.783    (Y': 18.4248   Cb: 15.7448   Cr: 18.0028 )
00000462: 17.7813   (Y': 18.4247   Cb: 15.7688   Cr: 17.9523 )
00000463: 17.7712   (Y': 18.4095   Cb: 15.7275   Cr: 18.0129 )
00000464: 17.7697   (Y': 18.4064   Cb: 15.7215   Cr: 18.0252 )
00000465: 17.8008   (Y': 18.4217   Cb: 15.7985   Cr: 18.0365 )
00000467: 17.7841   (Y': 18.4152   Cb: 15.7544   Cr: 18.0285 )
00000466: 17.7752   (Y': 18.4079   Cb: 15.7288   Cr: 18.042  )
00000468: 17.7768   (Y': 18.4062   Cb: 15.7891   Cr: 17.9574 )
00000469: 17.7679   (Y': 18.4117   Cb: 15.7059   Cr: 18.0206 )
00000471: 17.7741   (Y': 18.3974   Cb: 15.7403   Cr: 18.0545 )
00000470: 17.7878   (Y': 18.42     Cb: 15.7615   Cr: 18.0225 )
00000472: 17.8026   (Y': 18.446    Cb: 15.7375   Cr: 18.0621 )
00000473: 17.7735   (Y': 18.4047   Cb: 15.7313   Cr: 18.0392 )
00000474: 17.7651   (Y': 18.408    Cb: 15.7032   Cr: 18.0209 )
00000475: 17.7584   (Y': 18.3908   Cb: 15.6973   Cr: 18.0514 )
00000476: 17.777    (Y': 18.411    Cb: 15.7495   Cr: 18.0074 )
00000477: 17.7939   (Y': 18.4143   Cb: 15.7859   Cr: 18.0412 )
00000478: 17.7793   (Y': 18.4262   Cb: 15.7214   Cr: 18.0138 )
00000479: 17.792    (Y': 18.4231   Cb: 15.7719   Cr: 18.0206 )
00000480: 17.8049   (Y': 18.4496   Cb: 15.7568   Cr: 18.0311 )
00000481: 17.7764   (Y': 18.4111   Cb: 15.7339   Cr: 18.0292 )
00000482: 17.7804   (Y': 18.4334   Cb: 15.7095   Cr: 18.0147 )
00000483: 17.8146   (Y': 18.4335   Cb: 15.7786   Cr: 18.1147 )
00000484: 17.7875   (Y': 18.421    Cb: 15.7559   Cr: 18.0268 )
00000485: 17.7899   (Y': 18.4439   Cb: 15.7065   Cr: 18.0421 )
00000486: 17.7922   (Y': 18.4214   Cb: 15.7479   Cr: 18.0681 )
00000487: 17.7764   (Y': 18.4147   Cb: 15.7035   Cr: 18.068  )
00000488: 17.7651   (Y': 18.3866   Cb: 15.7515   Cr: 18.0178 )
00000489: 17.7638   (Y': 18.3993   Cb: 15.7409   Cr: 17.9811 )
00000490: 17.7656   (Y': 18.4102   Cb: 15.7192   Cr: 17.9893 )
00000491: 17.7685   (Y': 18.3949   Cb: 15.7548   Cr: 18.0031 )
00000492: 17.7582   (Y': 18.4026   Cb: 15.6927   Cr: 18.0151 )
00000493: 17.8026   (Y': 18.4628   Cb: 15.7183   Cr: 18.0335 )
00000494: 17.7682   (Y': 18.3985   Cb: 15.7517   Cr: 17.9931 )
00000495: 17.773    (Y': 18.424    Cb: 15.708    Cr: 18.005  )
00000496: 17.7794   (Y': 18.4008   Cb: 15.7343   Cr: 18.086  )
00000497: 17.7572   (Y': 18.4207   Cb: 15.6771   Cr: 17.9698 )
00000498: 17.7808   (Y': 18.4171   Cb: 15.7928   Cr: 17.9371 )
00000499: 17.7748   (Y': 18.3954   Cb: 15.7558   Cr: 18.0399 )
00000500: 17.7775   (Y': 18.4366   Cb: 15.7019   Cr: 17.9983 )
00000501: 17.7775   (Y': 18.4218   Cb: 15.7162   Cr: 18.0276 )
00000502: 17.7719   (Y': 18.4308   Cb: 15.6871   Cr: 18.0088 )
00000503: 17.763    (Y': 18.4243   Cb: 15.6857   Cr: 17.9782 )
00000504: 17.7871   (Y': 18.4224   Cb: 15.7342   Cr: 18.0557 )
00000505: 17.7756   (Y': 18.4204   Cb: 15.7113   Cr: 18.0289 )
00000506: 17.7794   (Y': 18.4226   Cb: 15.7118   Cr: 18.044  )
00000507: 17.7686   (Y': 18.4311   Cb: 15.6826   Cr: 17.9941 )
00000508: 17.7652   (Y': 18.4152   Cb: 15.7353   Cr: 17.9417 )
00000511: 17.7611   (Y': 18.4093   Cb: 15.716    Cr: 17.9693 )
00000509: 17.7691   (Y': 18.4206   Cb: 15.7185   Cr: 17.975  )
00000510: 17.7826   (Y': 18.4306   Cb: 15.7136   Cr: 18.0323 )
00000512: 17.7745   (Y': 18.419    Cb: 15.7395   Cr: 17.9796 )
00000513: 17.7968   (Y': 18.4301   Cb: 15.766    Cr: 18.035  )
00000514: 17.7929   (Y': 18.4285   Cb: 15.7839   Cr: 17.9868 )
00000515: 17.7863   (Y': 18.4366   Cb: 15.7416   Cr: 17.9862 )
00000516: 17.7854   (Y': 18.4245   Cb: 15.7433   Cr: 18.0217 )
00000517: 17.782    (Y': 18.4163   Cb: 15.7684   Cr: 17.9879 )
00000518: 17.7686   (Y': 18.4078   Cb: 15.735    Cr: 17.9902 )
00000519: 17.7653   (Y': 18.4347   Cb: 15.6808   Cr: 17.9633 )
00000520: 17.7526   (Y': 18.4259   Cb: 15.679    Cr: 17.9187 )
00000521: 17.789    (Y': 18.4545   Cb: 15.7189   Cr: 17.9769 )
00000522: 17.7549   (Y': 18.3869   Cb: 15.7089   Cr: 18.0241 )
00000523: 17.7851   (Y': 18.4239   Cb: 15.7474   Cr: 18.015  )
00000524: 17.7987   (Y': 18.4333   Cb: 15.7716   Cr: 18.0262 )
00000525: 17.7686   (Y': 18.4011   Cb: 15.7233   Cr: 18.0341 )
00000526: 17.7858   (Y': 18.4464   Cb: 15.7159   Cr: 17.9911 )
00000527: 17.7942   (Y': 18.4258   Cb: 15.7746   Cr: 18.0202 )
00000528: 17.7815   (Y': 18.4276   Cb: 15.7417   Cr: 17.9883 )
00000529: 17.7798   (Y': 18.4139   Cb: 15.7688   Cr: 17.9818 )
00000530: 17.76     (Y': 18.4081   Cb: 15.7054   Cr: 17.9845 )
00000531: 17.7781   (Y': 18.4174   Cb: 15.7357   Cr: 18.0146 )
00000532: 17.7981   (Y': 18.4472   Cb: 15.7428   Cr: 18.02   )
00000533: 17.8207   (Y': 18.4803   Cb: 15.7323   Cr: 18.0607 )
00000535: 17.8092   (Y': 18.4455   Cb: 15.7622   Cr: 18.0642 )
00000534: 17.811    (Y': 18.4745   Cb: 15.7087   Cr: 18.0614 )
00000536: 17.83     (Y': 18.4806   Cb: 15.7257   Cr: 18.1307 )
00000537: 17.8458   (Y': 18.5249   Cb: 15.6851   Cr: 18.1404 )
00000538: 17.857    (Y': 18.5432   Cb: 15.6774   Cr: 18.1595 )
00000539: 17.8514   (Y': 18.5444   Cb: 15.707    Cr: 18.0671 )
00000540: 17.8539   (Y': 18.5295   Cb: 15.7173   Cr: 18.1192 )
00000541: 17.8208   (Y': 18.473    Cb: 15.7406   Cr: 18.0743 )
00000542: 17.8161   (Y': 18.4541   Cb: 15.7506   Cr: 18.0959 )
00000543: 17.8364   (Y': 18.4705   Cb: 15.7862   Cr: 18.1051 )
00000544: 17.792    (Y': 18.4427   Cb: 15.7196   Cr: 18.0374 )
00000545: 17.8234   (Y': 18.4493   Cb: 15.7646   Cr: 18.137  )
00000546: 17.803    (Y': 18.4648   Cb: 15.7461   Cr: 17.9824 )
00000547: 17.8203   (Y': 18.4759   Cb: 15.7219   Cr: 18.0927 )
00000548: 17.8464   (Y': 18.4804   Cb: 15.7714   Cr: 18.1579 )
00000549: 17.8059   (Y': 18.4521   Cb: 15.7002   Cr: 18.1255 )
00000550: 17.8447   (Y': 18.474    Cb: 15.7823   Cr: 18.1515 )
00000551: 17.8398   (Y': 18.4935   Cb: 15.733    Cr: 18.1337 )
00000552: 17.8312   (Y': 18.4917   Cb: 15.7229   Cr: 18.1025 )
00000553: 17.818    (Y': 18.4897   Cb: 15.7319   Cr: 18.011  )
00000554: 17.8226   (Y': 18.4719   Cb: 15.7127   Cr: 18.138  )
00000555: 17.828    (Y': 18.4642   Cb: 15.7296   Cr: 18.1725 )
00000556: 17.8166   (Y': 18.4433   Cb: 15.7244   Cr: 18.185  )
00000558: 17.8215   (Y': 18.4624   Cb: 15.71     Cr: 18.1712 )
00000557: 17.8632   (Y': 18.4904   Cb: 15.8159   Cr: 18.1518 )
00000559: 17.8377   (Y': 18.4772   Cb: 15.7308   Cr: 18.1846 )
00000560: 17.8296   (Y': 18.4699   Cb: 15.7633   Cr: 18.1026 )
00000561: 17.8046   (Y': 18.4457   Cb: 15.7084   Cr: 18.1262 )
00000562: 17.8164   (Y': 18.431    Cb: 15.7794   Cr: 18.1343 )
00000563: 17.8276   (Y': 18.4672   Cb: 15.7489   Cr: 18.1249 )
00000564: 17.8152   (Y': 18.4418   Cb: 15.7915   Cr: 18.0662 )
00000565: 17.8384   (Y': 18.4637   Cb: 15.7639   Cr: 18.1818 )
00000566: 17.8418   (Y': 18.4791   Cb: 15.721    Cr: 18.2213 )
00000567: 17.8779   (Y': 18.5024   Cb: 15.8127   Cr: 18.2078 )
00000568: 17.859    (Y': 18.4786   Cb: 15.7992   Cr: 18.1974 )
00000569: 17.8826   (Y': 18.4945   Cb: 15.8617   Cr: 18.183  )
00000570: 17.874    (Y': 18.5135   Cb: 15.8385   Cr: 18.0979 )
00000571: 17.8629   (Y': 18.4942   Cb: 15.8134   Cr: 18.1404 )
00000572: 17.883    (Y': 18.5097   Cb: 15.8061   Cr: 18.225  )
00000573: 17.8289   (Y': 18.4844   Cb: 15.7194   Cr: 18.121  )
00000574: 17.8329   (Y': 18.4544   Cb: 15.8161   Cr: 18.091  )
00000575: 17.8554   (Y': 18.4792   Cb: 15.8109   Cr: 18.1524 )
00000576: 17.8374   (Y': 18.4642   Cb: 15.7883   Cr: 18.1308 )
00000577: 17.8589   (Y': 18.4951   Cb: 15.7788   Cr: 18.171  )
00000578: 17.8633   (Y': 18.4907   Cb: 15.8141   Cr: 18.1546 )
00000579: 17.8521   (Y': 18.4854   Cb: 15.7817   Cr: 18.1581 )
00000580: 17.8485   (Y': 18.4741   Cb: 15.776    Cr: 18.1866 )
00000581: 17.8342   (Y': 18.4598   Cb: 15.7789   Cr: 18.1426 )
00000582: 17.8412   (Y': 18.4824   Cb: 15.7576   Cr: 18.1408 )
00000583: 17.8537   (Y': 18.4788   Cb: 15.7862   Cr: 18.1856 )
00000584: 17.8255   (Y': 18.458    Cb: 15.7206   Cr: 18.1947 )
00000585: 17.8467   (Y': 18.4872   Cb: 15.7671   Cr: 18.1418 )
00000586: 17.8496   (Y': 18.4802   Cb: 15.7748   Cr: 18.173  )
00000587: 17.8509   (Y': 18.4684   Cb: 15.787    Cr: 18.2044 )
00000588: 17.8633   (Y': 18.4783   Cb: 15.7973   Cr: 18.2304 )
00000589: 17.8595   (Y': 18.4641   Cb: 15.8537   Cr: 18.1616 )
00000590: 17.8714   (Y': 18.4829   Cb: 15.8134   Cr: 18.2377 )
00000591: 17.8547   (Y': 18.4734   Cb: 15.8063   Cr: 18.1774 )
00000592: 17.823    (Y': 18.4583   Cb: 15.7415   Cr: 18.1404 )
00000593: 17.8265   (Y': 18.4354   Cb: 15.7792   Cr: 18.1841 )
00000594: 17.8512   (Y': 18.4651   Cb: 15.8291   Cr: 18.146  )
00000595: 17.854    (Y': 18.4817   Cb: 15.7909   Cr: 18.1686 )
00000596: 17.8767   (Y': 18.4972   Cb: 15.84     Cr: 18.1725 )
00000597: 17.8516   (Y': 18.483    Cb: 15.7758   Cr: 18.1742 )
00000598: 17.8828   (Y': 18.5128   Cb: 15.8435   Cr: 18.1474 )
00000599: 17.8581   (Y': 18.5052   Cb: 15.7695   Cr: 18.1448 )
00000600: 17.8499   (Y': 18.4854   Cb: 15.7621   Cr: 18.1778 )
00000601: 17.8628   (Y': 18.4866   Cb: 15.7814   Cr: 18.2231 )
00000602: 17.8494   (Y': 18.4679   Cb: 15.7927   Cr: 18.1867 )
00000603: 17.8483   (Y': 18.4824   Cb: 15.7899   Cr: 18.1306 )
00000604: 17.8583   (Y': 18.4986   Cb: 15.7859   Cr: 18.1418 )
00000605: 17.8609   (Y': 18.4987   Cb: 15.7934   Cr: 18.1455 )
00000606: 17.8271   (Y': 18.4456   Cb: 15.7691   Cr: 18.167  )
00000607: 17.8547   (Y': 18.4795   Cb: 15.7941   Cr: 18.1751 )
00000608: 17.8398   (Y': 18.4712   Cb: 15.7762   Cr: 18.1411 )
00000609: 17.8335   (Y': 18.4541   Cb: 15.8161   Cr: 18.096  )
00000610: 17.8243   (Y': 18.4485   Cb: 15.7901   Cr: 18.1015 )
00000611: 17.838    (Y': 18.4658   Cb: 15.7819   Cr: 18.1398 )
00000612: 17.8554   (Y': 18.4826   Cb: 15.8269   Cr: 18.1123 )
00000613: 17.8404   (Y': 18.4482   Cb: 15.7833   Cr: 18.2185 )
00000614: 17.8115   (Y': 18.4471   Cb: 15.7523   Cr: 18.0899 )
00000615: 17.8231   (Y': 18.4689   Cb: 15.7186   Cr: 18.1424 )
00000616: 17.8285   (Y': 18.4425   Cb: 15.7679   Cr: 18.1893 )
00000617: 17.8478   (Y': 18.4754   Cb: 15.7757   Cr: 18.1777 )
00000618: 17.8486   (Y': 18.4826   Cb: 15.7757   Cr: 18.1561 )
00000619: 17.8361   (Y': 18.4756   Cb: 15.7555   Cr: 18.1366 )
00000620: 17.8505   (Y': 18.4792   Cb: 15.7377   Cr: 18.2479 )
00000621: 17.8438   (Y': 18.4644   Cb: 15.7747   Cr: 18.1953 )
00000622: 17.8474   (Y': 18.4513   Cb: 15.8293   Cr: 18.173  )
00000623: 17.8632   (Y': 18.4726   Cb: 15.8262   Cr: 18.2007 )
00000624: 17.8592   (Y': 18.486    Cb: 15.7892   Cr: 18.1883 )
00000625: 17.8612   (Y': 18.4742   Cb: 15.8173   Cr: 18.1976 )
00000626: 17.8423   (Y': 18.4814   Cb: 15.797    Cr: 18.0843 )
00000627: 17.8387   (Y': 18.4743   Cb: 15.7532   Cr: 18.1623 )
00000628: 17.8371   (Y': 18.4913   Cb: 15.7346   Cr: 18.1215 )
00000629: 17.8546   (Y': 18.4684   Cb: 15.787    Cr: 18.2288 )
00000630: 17.866    (Y': 18.5134   Cb: 15.7742   Cr: 18.1564 )
00000631: 17.8425   (Y': 18.4822   Cb: 15.765    Cr: 18.137  )
00000632: 17.8222   (Y': 18.4625   Cb: 15.7495   Cr: 18.1062 )
00000633: 17.8422   (Y': 18.4914   Cb: 15.7177   Cr: 18.1839 )
00000634: 17.8431   (Y': 18.4913   Cb: 15.7512   Cr: 18.1313 )
00000635: 17.8481   (Y': 18.4694   Cb: 15.7383   Cr: 18.2683 )
00000636: 17.8815   (Y': 18.5094   Cb: 15.828    Cr: 18.1784 )
00000637: 17.8348   (Y': 18.4612   Cb: 15.7694   Cr: 18.158  )
00000638: 17.8328   (Y': 18.4644   Cb: 15.785    Cr: 18.1064 )
00000639: 17.83     (Y': 18.4716   Cb: 15.7187   Cr: 18.1766 )
00000640: 17.8497   (Y': 18.4736   Cb: 15.7747   Cr: 18.1991 )
00000641: 17.8511   (Y': 18.4598   Cb: 15.8225   Cr: 18.177  )
00000642: 17.8258   (Y': 18.4629   Cb: 15.7436   Cr: 18.138  )
00000643: 17.8489   (Y': 18.4632   Cb: 15.808    Cr: 18.175  )
00000644: 17.8409   (Y': 18.4556   Cb: 15.7835   Cr: 18.194  )
00000646: 17.8408   (Y': 18.4652   Cb: 15.7996   Cr: 18.1297 )
00000645: 17.8496   (Y': 18.4779   Cb: 15.7906   Cr: 18.1548 )
00000647: 17.8123   (Y': 18.4502   Cb: 15.7456   Cr: 18.095  )
00000648: 17.8333   (Y': 18.4781   Cb: 15.7472   Cr: 18.1239 )
00000649: 17.8619   (Y': 18.4845   Cb: 15.7996   Cr: 18.1939 )
00000650: 17.8434   (Y': 18.4696   Cb: 15.7663   Cr: 18.1877 )
00000651: 17.8457   (Y': 18.4691   Cb: 15.79     Cr: 18.1633 )
00000652: 17.858    (Y': 18.4851   Cb: 15.7833   Cr: 18.1945 )
00000654: 17.8383   (Y': 18.4601   Cb: 15.7832   Cr: 18.1607 )
00000653: 17.8422   (Y': 18.482    Cb: 15.7435   Cr: 18.1736 )
00000655: 17.8609   (Y': 18.4884   Cb: 15.7925   Cr: 18.1852 )
00000656: 17.8324   (Y': 18.4668   Cb: 15.7533   Cr: 18.1493 )
00000657: 17.8559   (Y': 18.4913   Cb: 15.7935   Cr: 18.1403 )
00000658: 17.8394   (Y': 18.4772   Cb: 15.7443   Cr: 18.1719 )
00000659: 17.884    (Y': 18.5166   Cb: 15.8292   Cr: 18.1656 )
00000660: 17.8306   (Y': 18.4624   Cb: 15.7586   Cr: 18.1453 )
00000661: 17.8351   (Y': 18.4599   Cb: 15.7682   Cr: 18.1664 )
00000662: 17.8334   (Y': 18.4748   Cb: 15.7373   Cr: 18.1542 )
00000663: 17.8423   (Y': 18.4769   Cb: 15.7481   Cr: 18.1846 )
00000664: 17.851    (Y': 18.4794   Cb: 15.7981   Cr: 18.1452 )
00000665: 17.834    (Y': 18.4782   Cb: 15.7733   Cr: 18.0833 )
00000666: 17.8649   (Y': 18.4915   Cb: 15.8067   Cr: 18.1751 )
00000667: 17.8411   (Y': 18.4692   Cb: 15.7795   Cr: 18.1514 )
00000668: 17.8683   (Y': 18.4985   Cb: 15.7955   Cr: 18.19   )
00000669: 17.8278   (Y': 18.4826   Cb: 15.7197   Cr: 18.1201 )
00000670: 17.8359   (Y': 18.4696   Cb: 15.7978   Cr: 18.0853 )
00000671: 17.8746   (Y': 18.5167   Cb: 15.8005   Cr: 18.1546 )
00000672: 17.8451   (Y': 18.473    Cb: 15.7659   Cr: 18.1862 )
00000673: 17.8276   (Y': 18.451    Cb: 15.7601   Cr: 18.1656 )
00000674: 17.8582   (Y': 18.5026   Cb: 15.7822   Cr: 18.1333 )
00000675: 17.8327   (Y': 18.4606   Cb: 15.7635   Cr: 18.157  )
00000676: 17.8277   (Y': 18.4513   Cb: 15.8092   Cr: 18.081  )
00000677: 17.8416   (Y': 18.4792   Cb: 15.7398   Cr: 18.1864 )
00000678: 17.8593   (Y': 18.4877   Cb: 15.804    Cr: 18.1574 )
00000679: 17.8482   (Y': 18.4749   Cb: 15.8266   Cr: 18.0949 )
00000680: 17.8593   (Y': 18.4804   Cb: 15.8071   Cr: 18.1789 )
00000681: 17.8423   (Y': 18.4703   Cb: 15.7564   Cr: 18.1949 )
00000682: 17.8453   (Y': 18.4755   Cb: 15.7775   Cr: 18.1582 )
00000683: 17.8185   (Y': 18.4601   Cb: 15.7174   Cr: 18.1471 )
00000684: 17.8513   (Y': 18.4625   Cb: 15.7958   Cr: 18.2143 )
00000685: 17.8243   (Y': 18.4543   Cb: 15.7556   Cr: 18.1397 )
00000686: 17.8408   (Y': 18.4577   Cb: 15.7864   Cr: 18.1804 )
00000687: 17.852    (Y': 18.4686   Cb: 15.7946   Cr: 18.1974 )
00000688: 17.8376   (Y': 18.4773   Cb: 15.7686   Cr: 18.118  )
00000689: 17.8636   (Y': 18.4681   Cb: 15.8323   Cr: 18.2094 )
00000690: 17.8458   (Y': 18.4883   Cb: 15.7603   Cr: 18.1441 )
00000691: 17.8359   (Y': 18.4699   Cb: 15.7709   Cr: 18.13   )
00000692: 17.8613   (Y': 18.4842   Cb: 15.7943   Cr: 18.2006 )
00000695: 17.8256   (Y': 18.4419   Cb: 15.7882   Cr: 18.1379 )
00000693: 17.8246   (Y': 18.4726   Cb: 15.7327   Cr: 18.1133 )
00000694: 17.8303   (Y': 18.4574   Cb: 15.7714   Cr: 18.1398 )
00000696: 17.8337   (Y': 18.4716   Cb: 15.7582   Cr: 18.1316 )
00000697: 17.8505   (Y': 18.4945   Cb: 15.7606   Cr: 18.1505 )
00000698: 17.8166   (Y': 18.437    Cb: 15.7804   Cr: 18.1118 )
00000699: 17.8493   (Y': 18.4731   Cb: 15.8059   Cr: 18.144  )
00000700: 17.8468   (Y': 18.4678   Cb: 15.8087   Cr: 18.143  )
00000701: 17.8266   (Y': 18.4517   Cb: 15.7326   Cr: 18.2047 )
00000702: 17.8587   (Y': 18.481    Cb: 15.8254   Cr: 18.1416 )
00000703: 17.8734   (Y': 18.497    Cb: 15.8168   Cr: 18.1919 )
00000704: 17.8343   (Y': 18.4712   Cb: 15.765    Cr: 18.1252 )
00000705: 17.8569   (Y': 18.4811   Cb: 15.8223   Cr: 18.1354 )
00000706: 17.8608   (Y': 18.492    Cb: 15.8019   Cr: 18.1547 )
00000707: 17.8489   (Y': 18.4724   Cb: 15.7718   Cr: 18.2033 )
00000708: 17.8533   (Y': 18.4689   Cb: 15.8185   Cr: 18.1638 )
00000709: 17.839    (Y': 18.4668   Cb: 15.7588   Cr: 18.183  )
00000710: 17.8515   (Y': 18.4912   Cb: 15.8033   Cr: 18.0959 )
00000711: 17.8776   (Y': 18.4896   Cb: 15.8552   Cr: 18.1803 )
00000712: 17.8275   (Y': 18.4452   Cb: 15.7602   Cr: 18.1865 )
00000713: 17.8324   (Y': 18.4711   Cb: 15.7403   Cr: 18.1563 )
00000714: 17.843    (Y': 18.4725   Cb: 15.7617   Cr: 18.1826 )
00000715: 17.8361   (Y': 18.4702   Cb: 15.758    Cr: 18.1526 )
00000716: 17.8257   (Y': 18.4443   Cb: 15.8151   Cr: 18.0843 )
00000718: 17.8382   (Y': 18.4589   Cb: 15.7797   Cr: 18.1703 )
00000717: 17.8429   (Y': 18.4907   Cb: 15.7479   Cr: 18.1382 )
00000719: 17.8393   (Y': 18.4859   Cb: 15.7611   Cr: 18.1099 )
00000720: 17.8434   (Y': 18.4578   Cb: 15.8108   Cr: 18.1546 )
00000721: 17.8215   (Y': 18.4721   Cb: 15.7367   Cr: 18.0889 )
00000722: 17.8395   (Y': 18.4846   Cb: 15.7577   Cr: 18.1216 )
00000723: 17.8517   (Y': 18.4691   Cb: 15.8336   Cr: 18.1272 )
00000724: 17.8517   (Y': 18.4854   Cb: 15.7837   Cr: 18.1518 )
00000725: 17.8411   (Y': 18.4973   Cb: 15.7481   Cr: 18.1017 )
00000726: 17.8326   (Y': 18.4647   Cb: 15.774    Cr: 18.1226 )
00000727: 17.8464   (Y': 18.4729   Cb: 15.8075   Cr: 18.1234 )
00000728: 17.8038   (Y': 18.4366   Cb: 15.7542   Cr: 18.0763 )
00000729: 17.8255   (Y': 18.4629   Cb: 15.7561   Cr: 18.1144 )
00000730: 17.8494   (Y': 18.4615   Cb: 15.8355   Cr: 18.1374 )
00000731: 17.8449   (Y': 18.4831   Cb: 15.7644   Cr: 18.1504 )
00000732: 17.8241   (Y': 18.475    Cb: 15.7496   Cr: 18.0722 )
00000733: 17.8272   (Y': 18.4789   Cb: 15.774    Cr: 18.0365 )
00000734: 17.8095   (Y': 18.4521   Cb: 15.7282   Cr: 18.0999 )
00000735: 17.8316   (Y': 18.4581   Cb: 15.7641   Cr: 18.158  )
00000736: 17.8391   (Y': 18.4721   Cb: 15.7682   Cr: 18.147  )
00000737: 17.8285   (Y': 18.4578   Cb: 15.7676   Cr: 18.1328 )
00000738: 17.8248   (Y': 18.469    Cb: 15.7314   Cr: 18.1303 )
00000739: 17.8416   (Y': 18.4789   Cb: 15.7442   Cr: 18.1801 )
00000740: 17.8494   (Y': 18.4816   Cb: 15.8167   Cr: 18.095  )
00000741: 17.8445   (Y': 18.4546   Cb: 15.8464   Cr: 18.1128 )
00000742: 17.8508   (Y': 18.4928   Cb: 15.7599   Cr: 18.1597 )
00000743: 17.8355   (Y': 18.4794   Cb: 15.7667   Cr: 18.0996 )
00000744: 17.8346   (Y': 18.4731   Cb: 15.7845   Cr: 18.0866 )
00000745: 17.8366   (Y': 18.4945   Cb: 15.7212   Cr: 18.1297 )
00000746: 17.8293   (Y': 18.4483   Cb: 15.8262   Cr: 18.0736 )
00000747: 17.838    (Y': 18.4878   Cb: 15.7336   Cr: 18.1418 )
00000748: 17.8439   (Y': 18.4797   Cb: 15.7806   Cr: 18.1285 )
00000750: 17.8267   (Y': 18.4732   Cb: 15.7194   Cr: 18.1475 )
00000749: 17.8262   (Y': 18.4641   Cb: 15.7345   Cr: 18.1517 )
00000751: 17.8146   (Y': 18.4538   Cb: 15.7316   Cr: 18.1208 )
00000752: 17.8373   (Y': 18.4763   Cb: 15.7757   Cr: 18.1074 )
00000753: 17.8288   (Y': 18.4707   Cb: 15.7658   Cr: 18.0907 )
00000754: 17.846    (Y': 18.4778   Cb: 15.7747   Cr: 18.1592 )
00000755: 17.8283   (Y': 18.4709   Cb: 15.7458   Cr: 18.1211 )
00000756: 17.8487   (Y': 18.4911   Cb: 15.7681   Cr: 18.139  )
00000757: 17.823    (Y': 18.4651   Cb: 15.7539   Cr: 18.0942 )
00000758: 17.8372   (Y': 18.5048   Cb: 15.7424   Cr: 18.0594 )
00000759: 17.8485   (Y': 18.4888   Cb: 15.7894   Cr: 18.1095 )
00000760: 17.8187   (Y': 18.4627   Cb: 15.7259   Cr: 18.1239 )
00000761: 17.8328   (Y': 18.4642   Cb: 15.7782   Cr: 18.1184 )
00000762: 17.8106   (Y': 18.4468   Cb: 15.7884   Cr: 18.024  )
00000763: 17.8475   (Y': 18.4902   Cb: 15.8076   Cr: 18.067  )
00000764: 17.8137   (Y': 18.445    Cb: 15.7705   Cr: 18.0805 )
00000765: 17.8121   (Y': 18.4531   Cb: 15.7665   Cr: 18.0472 )
00000766: 17.8286   (Y': 18.4647   Cb: 15.8189   Cr: 18.0215 )
00000767: 17.8284   (Y': 18.4625   Cb: 15.7656   Cr: 18.1185 )
00000768: 17.8357   (Y': 18.4643   Cb: 15.7882   Cr: 18.1198 )
00000769: 17.847    (Y': 18.4794   Cb: 15.7711   Cr: 18.1658 )
00000771: 17.8328   (Y': 18.4851   Cb: 15.7179   Cr: 18.1455 )
00000770: 17.8367   (Y': 18.4783   Cb: 15.7497   Cr: 18.1409 )
00000772: 17.8141   (Y': 18.466    Cb: 15.7204   Cr: 18.0916 )
00000773: 17.8336   (Y': 18.4641   Cb: 15.7865   Cr: 18.1099 )
00000774: 17.8087   (Y': 18.4551   Cb: 15.7217   Cr: 18.095  )
00000775: 17.8402   (Y': 18.4529   Cb: 15.8306   Cr: 18.1189 )
00000776: 17.8459   (Y': 18.4687   Cb: 15.7869   Cr: 18.1712 )
00000777: 17.8424   (Y': 18.4825   Cb: 15.768    Cr: 18.13   )
00000778: 17.8419   (Y': 18.489    Cb: 15.7501   Cr: 18.1341 )
00000779: 17.8351   (Y': 18.4757   Cb: 15.7548   Cr: 18.1309 )
00000780: 17.8224   (Y': 18.454    Cb: 15.7477   Cr: 18.1423 )
00000781: 17.8269   (Y': 18.4807   Cb: 15.771    Cr: 18.0335 )
00000782: 17.8162   (Y': 18.454    Cb: 15.7859   Cr: 18.0373 )
00000783: 17.8196   (Y': 18.4496   Cb: 15.7533   Cr: 18.1312 )
00000784: 17.812    (Y': 18.4617   Cb: 15.7185   Cr: 18.0973 )
00000785: 17.8149   (Y': 18.4603   Cb: 15.7381   Cr: 18.087  )
00000787: 17.8178   (Y': 18.4564   Cb: 15.7873   Cr: 18.0362 )
00000786: 17.834    (Y': 18.4707   Cb: 15.7943   Cr: 18.0752 )
00000788: 17.8345   (Y': 18.4662   Cb: 15.7777   Cr: 18.1231 )
00000789: 17.817    (Y': 18.4624   Cb: 15.7447   Cr: 18.0814 )
00000790: 17.8238   (Y': 18.4681   Cb: 15.7472   Cr: 18.0997 )
00000791: 17.8191   (Y': 18.4671   Cb: 15.7397   Cr: 18.086  )
00000792: 17.8541   (Y': 18.4978   Cb: 15.7975   Cr: 18.0979 )
00000793: 17.8552   (Y': 18.4918   Cb: 15.8055   Cr: 18.1135 )
00000795: 17.8037   (Y': 18.4726   Cb: 15.7207   Cr: 18.001  )
00000794: 17.8138   (Y': 18.4555   Cb: 15.7412   Cr: 18.0924 )
00000796: 17.821    (Y': 18.4915   Cb: 15.6858   Cr: 18.1022 )
00000798: 17.8492   (Y': 18.4828   Cb: 15.8067   Cr: 18.1063 )
00000797: 17.8436   (Y': 18.4852   Cb: 15.7738   Cr: 18.1181 )
00000799: 17.8093   (Y': 18.4465   Cb: 15.7709   Cr: 18.0464 )
00000800: 17.848    (Y': 18.4877   Cb: 15.7837   Cr: 18.1196 )
00000801: 17.8105   (Y': 18.4715   Cb: 15.7196   Cr: 18.0503 )
00000802: 17.8314   (Y': 18.4606   Cb: 15.7566   Cr: 18.1605 )
00000803: 17.8172   (Y': 18.4541   Cb: 15.7493   Cr: 18.1055 )
00000804: 17.834    (Y': 18.4723   Cb: 15.7457   Cr: 18.1526 )
00000805: 17.8218   (Y': 18.454    Cb: 15.7662   Cr: 18.1063 )
00000806: 17.8014   (Y': 18.4558   Cb: 15.6959   Cr: 18.0905 )
00000807: 17.815    (Y': 18.4578   Cb: 15.7631   Cr: 18.0546 )
00000808: 17.8255   (Y': 18.4567   Cb: 15.7785   Cr: 18.0992 )
00000809: 17.8364   (Y': 18.4858   Cb: 15.7449   Cr: 18.1194 )
00000810: 17.7986   (Y': 18.4486   Cb: 15.7152   Cr: 18.0652 )
00000811: 17.8396   (Y': 18.4616   Cb: 15.8032   Cr: 18.1293 )
00000812: 17.8175   (Y': 18.4663   Cb: 15.7267   Cr: 18.1012 )
00000813: 17.822    (Y': 18.4509   Cb: 15.79     Cr: 18.0786 )
00000814: 17.8526   (Y': 18.4782   Cb: 15.8139   Cr: 18.1325 )
00000815: 17.8393   (Y': 18.4758   Cb: 15.7703   Cr: 18.1308 )
00000816: 17.8358   (Y': 18.4662   Cb: 15.7726   Cr: 18.1402 )
00000817: 17.8223   (Y': 18.4604   Cb: 15.76     Cr: 18.0966 )
00000818: 17.829    (Y': 18.4731   Cb: 15.769    Cr: 18.0779 )
00000819: 17.8412   (Y': 18.4955   Cb: 15.7405   Cr: 18.1218 )
00000820: 17.8104   (Y': 18.4327   Cb: 15.78     Cr: 18.0883 )
00000821: 17.7933   (Y': 18.4283   Cb: 15.7141   Cr: 18.1077 )
00000822: 17.8454   (Y': 18.4592   Cb: 15.8157   Cr: 18.1537 )
00000823: 17.8194   (Y': 18.4553   Cb: 15.7468   Cr: 18.1197 )
00000824: 17.8348   (Y': 18.4622   Cb: 15.8053   Cr: 18.0925 )
00000825: 17.8256   (Y': 18.4579   Cb: 15.7836   Cr: 18.0868 )
00000826: 17.8165   (Y': 18.4694   Cb: 15.7688   Cr: 18.0118 )
00000827: 17.7996   (Y': 18.4334   Cb: 15.7332   Cr: 18.0966 )
00000828: 17.8338   (Y': 18.4797   Cb: 15.7106   Cr: 18.1853 )
00000829: 17.8075   (Y': 18.4609   Cb: 15.7084   Cr: 18.0892 )
00000830: 17.8333   (Y': 18.4713   Cb: 15.7517   Cr: 18.1414 )
00000831: 17.8026   (Y': 18.4516   Cb: 15.7363   Cr: 18.0441 )
00000832: 17.8329   (Y': 18.4744   Cb: 15.7915   Cr: 18.0591 )
00000833: 17.8434   (Y': 18.483    Cb: 15.7712   Cr: 18.1293 )
00000834: 17.8264   (Y': 18.4876   Cb: 15.7461   Cr: 18.0473 )
00000835: 17.8555   (Y': 18.4951   Cb: 15.7749   Cr: 18.1557 )
00000836: 17.8284   (Y': 18.4811   Cb: 15.7374   Cr: 18.0984 )
00000837: 17.8404   (Y': 18.4775   Cb: 15.7748   Cr: 18.1242 )
00000838: 17.8661   (Y': 18.5227   Cb: 15.759    Cr: 18.1498 )
00000839: 17.8623   (Y': 18.5022   Cb: 15.8082   Cr: 18.1164 )
00000840: 17.8099   (Y': 18.485    Cb: 15.7096   Cr: 18.0145 )
00000841: 17.8236   (Y': 18.4843   Cb: 15.7298   Cr: 18.069  )
00000842: 17.8125   (Y': 18.4699   Cb: 15.7224   Cr: 18.0637 )
00000843: 17.8223   (Y': 18.4719   Cb: 15.7537   Cr: 18.0651 )
00000844: 17.8344   (Y': 18.4908   Cb: 15.7742   Cr: 18.0389 )
00000845: 17.8438   (Y': 18.5146   Cb: 15.7555   Cr: 18.0436 )
00000846: 17.8488   (Y': 18.4971   Cb: 15.7597   Cr: 18.1318 )
00000847: 17.8336   (Y': 18.4683   Cb: 15.7373   Cr: 18.1795 )
00000848: 17.8329   (Y': 18.4668   Cb: 15.7691   Cr: 18.1251 )
00000849: 17.8761   (Y': 18.5234   Cb: 15.7572   Cr: 18.2148 )
00000850: 17.8628   (Y': 18.522    Cb: 15.7641   Cr: 18.1222 )
00000851: 17.8391   (Y': 18.4877   Cb: 15.7431   Cr: 18.1331 )
00000852: 17.8276   (Y': 18.4698   Cb: 15.7524   Cr: 18.1089 )
00000853: 17.8406   (Y': 18.4691   Cb: 15.7844   Cr: 18.1403 )
00000854: 17.8361   (Y': 18.4825   Cb: 15.7498   Cr: 18.1211 )
00000855: 17.8751   (Y': 18.52     Cb: 15.773    Cr: 18.1929 )
00000856: 17.9199   (Y': 18.5893   Cb: 15.8121   Cr: 18.1581 )
00000857: 17.9193   (Y': 18.5575   Cb: 15.8513   Cr: 18.203  )
00000859: 17.8677   (Y': 18.5145   Cb: 15.7824   Cr: 18.1498 )
00000858: 17.9396   (Y': 18.5883   Cb: 15.8548   Cr: 18.2138 )
00000860: 17.8861   (Y': 18.5487   Cb: 15.7837   Cr: 18.1396 )
00000861: 17.9076   (Y': 18.5806   Cb: 15.7762   Cr: 18.1731 )
00000862: 17.9059   (Y': 18.5629   Cb: 15.8166   Cr: 18.1575 )
00000863: 17.8685   (Y': 18.5402   Cb: 15.7706   Cr: 18.0815 )
00000864: 17.8246   (Y': 18.4757   Cb: 15.7142   Cr: 18.134  )
00000865: 17.8112   (Y': 18.458    Cb: 15.7583   Cr: 18.0378 )
00000866: 17.8639   (Y': 18.5268   Cb: 15.7314   Cr: 18.1689 )
00000867: 17.8554   (Y': 18.5174   Cb: 15.742    Cr: 18.1304 )
00000868: 17.8279   (Y': 18.493    Cb: 15.7282   Cr: 18.0681 )
00000869: 17.8512   (Y': 18.4921   Cb: 15.7821   Cr: 18.1266 )
00000870: 17.8378   (Y': 18.5013   Cb: 15.745    Cr: 18.0715 )
00000871: 17.8323   (Y': 18.5061   Cb: 15.7442   Cr: 18.0211 )
00000872: 17.8545   (Y': 18.4952   Cb: 15.7737   Cr: 18.1509 )
00000873: 17.8766   (Y': 18.5607   Cb: 15.7337   Cr: 18.1216 )
00000874: 17.881    (Y': 18.5243   Cb: 15.8277   Cr: 18.1206 )
00000875: 17.8708   (Y': 18.5408   Cb: 15.7626   Cr: 18.1072 )
00000876: 17.8161   (Y': 18.5013   Cb: 15.7255   Cr: 17.9684 )
00000877: 17.8237   (Y': 18.4795   Cb: 15.7628   Cr: 18.031  )
00000878: 17.8336   (Y': 18.4922   Cb: 15.7441   Cr: 18.0795 )
00000879: 17.8322   (Y': 18.4836   Cb: 15.7595   Cr: 18.0758 )
00000880: 17.852    (Y': 18.5132   Cb: 15.7603   Cr: 18.0923 )
00000881: 17.8123   (Y': 18.4827   Cb: 15.7134   Cr: 18.0313 )
00000882: 17.8236   (Y': 18.5037   Cb: 15.7255   Cr: 18.0068 )
00000883: 17.8108   (Y': 18.4609   Cb: 15.7164   Cr: 18.0967 )
00000884: 17.8483   (Y': 18.5111   Cb: 15.7701   Cr: 18.0598 )
00000885: 17.8443   (Y': 18.5045   Cb: 15.7612   Cr: 18.0734 )
00000886: 17.8391   (Y': 18.5005   Cb: 15.7563   Cr: 18.0635 )
00000887: 17.83     (Y': 18.4855   Cb: 15.7381   Cr: 18.0911 )
00000888: 17.834    (Y': 18.5044   Cb: 15.6927   Cr: 18.1263 )
00000889: 17.8226   (Y': 18.5068   Cb: 15.7069   Cr: 18.0207 )
00000891: 17.8367   (Y': 18.5439   Cb: 15.7122   Cr: 17.9685 )
00000890: 17.8551   (Y': 18.5439   Cb: 15.7269   Cr: 18.058  )
00000892: 17.8718   (Y': 18.5834   Cb: 15.7331   Cr: 18.0121 )
00000893: 17.8619   (Y': 18.5832   Cb: 15.679    Cr: 18.0438 )
00000894: 17.8616   (Y': 18.5701   Cb: 15.7238   Cr: 18.0116 )
00000895: 17.8459   (Y': 18.539    Cb: 15.7402   Cr: 17.9956 )
00000896: 17.8511   (Y': 18.5602   Cb: 15.6974   Cr: 18.0259 )
00000897: 17.8829   (Y': 18.6121   Cb: 15.6773   Cr: 18.0757 )
00000898: 17.8174   (Y': 18.5253   Cb: 15.6632   Cr: 17.9971 )
00000899: 17.8288   (Y': 18.5086   Cb: 15.7168   Cr: 18.0369 )
00000900: 17.8416   (Y': 18.5396   Cb: 15.6862   Cr: 18.0584 )
00000901: 17.8485   (Y': 18.5551   Cb: 15.6715   Cr: 18.0722 )
00000902: 17.8699   (Y': 18.5624   Cb: 15.7168   Cr: 18.1022 )
00000903: 17.849    (Y': 18.5184   Cb: 15.7572   Cr: 18.0601 )
00000904: 17.8483   (Y': 18.5284   Cb: 15.7495   Cr: 18.0326 )
00000905: 17.7987   (Y': 18.4789   Cb: 15.6876   Cr: 18.0038 )
00000906: 17.8297   (Y': 18.5213   Cb: 15.7101   Cr: 18.0087 )
00000907: 17.805    (Y': 18.5008   Cb: 15.6537   Cr: 18.023  )
00000908: 17.8169   (Y': 18.4847   Cb: 15.7154   Cr: 18.0497 )
00000909: 17.8261   (Y': 18.4903   Cb: 15.7493   Cr: 18.0304 )
00000910: 17.7964   (Y': 18.4689   Cb: 15.725    Cr: 17.9617 )
00000911: 17.8144   (Y': 18.4875   Cb: 15.6856   Cr: 18.075  )
00000912: 17.8287   (Y': 18.505    Cb: 15.7153   Cr: 18.0515 )
00000913: 17.7994   (Y': 18.4744   Cb: 15.6752   Cr: 18.0458 )
00000914: 17.7961   (Y': 18.4881   Cb: 15.6737   Cr: 17.9778 )
00000915: 17.7759   (Y': 18.4864   Cb: 15.6298   Cr: 17.9325 )
00000916: 17.7894   (Y': 18.4437   Cb: 15.7276   Cr: 18.0041 )
00000917: 17.805    (Y': 18.5031   Cb: 15.6903   Cr: 17.9523 )
00000918: 17.8378   (Y': 18.5329   Cb: 15.7383   Cr: 17.9701 )
00000919: 17.8351   (Y': 18.514    Cb: 15.7358   Cr: 18.0248 )
00000920: 17.8118   (Y': 18.4762   Cb: 15.7366   Cr: 18.0125 )
00000921: 17.8221   (Y': 18.4872   Cb: 15.7375   Cr: 18.0361 )
00000923: 17.831    (Y': 18.5091   Cb: 15.7327   Cr: 18.0214 )
00000922: 17.8101   (Y': 18.4851   Cb: 15.7131   Cr: 18.0097 )
00000924: 17.8103   (Y': 18.4863   Cb: 15.724    Cr: 17.9884 )
00000925: 17.8357   (Y': 18.491    Cb: 15.7174   Cr: 18.1436 )
00000926: 17.8274   (Y': 18.5043   Cb: 15.7049   Cr: 18.0636 )
00000927: 17.8363   (Y': 18.524    Cb: 15.6758   Cr: 18.0993 )
00000928: 17.8074   (Y': 18.5063   Cb: 15.6865   Cr: 17.9621 )
00000929: 17.7964   (Y': 18.4889   Cb: 15.6626   Cr: 17.996  )
00000930: 17.8116   (Y': 18.485    Cb: 15.7287   Cr: 17.9929 )
00000931: 17.7923   (Y': 18.4586   Cb: 15.7059   Cr: 18.0052 )
00000932: 17.8312   (Y': 18.4964   Cb: 15.7298   Cr: 18.0734 )
00000933: 17.7963   (Y': 18.4897   Cb: 15.6618   Cr: 17.994  )
00000934: 17.7969   (Y': 18.4772   Cb: 15.6981   Cr: 17.9808 )
00000935: 17.7908   (Y': 18.4643   Cb: 15.673    Cr: 18.0311 )
00000936: 17.8086   (Y': 18.4692   Cb: 15.7142   Cr: 18.0556 )
00000937: 17.7901   (Y': 18.4666   Cb: 15.7077   Cr: 17.9598 )
00000938: 17.7934   (Y': 18.4655   Cb: 15.7338   Cr: 17.9406 )
00000939: 17.8243   (Y': 18.5086   Cb: 15.7076   Cr: 18.024  )
00000940: 17.8271   (Y': 18.4946   Cb: 15.7148   Cr: 18.0799 )
00000941: 17.7738   (Y': 18.4624   Cb: 15.6612   Cr: 17.9513 )
00000942: 17.8049   (Y': 18.4868   Cb: 15.6516   Cr: 18.0766 )
00000943: 17.8014   (Y': 18.4773   Cb: 15.7019   Cr: 18.0019 )
00000944: 17.7969   (Y': 18.4723   Cb: 15.6858   Cr: 18.019  )
00000945: 17.8051   (Y': 18.4792   Cb: 15.6747   Cr: 18.0649 )
00000946: 17.8185   (Y': 18.4748   Cb: 15.7361   Cr: 18.0607 )
00000947: 17.8801   (Y': 18.5285   Cb: 15.7819   Cr: 18.1783 )
00000948: 17.8661   (Y': 18.5367   Cb: 15.7917   Cr: 18.0428 )
00000949: 17.8352   (Y': 18.4989   Cb: 15.7403   Cr: 18.072  )
00000950: 17.836    (Y': 18.4954   Cb: 15.7291   Cr: 18.1092 )
00000951: 17.8779   (Y': 18.5184   Cb: 15.7856   Cr: 18.195  )
00000952: 17.8366   (Y': 18.4658   Cb: 15.7652   Cr: 18.1591 )
00000953: 17.8605   (Y': 18.4964   Cb: 15.8058   Cr: 18.1302 )
00000954: 17.8483   (Y': 18.5      Cb: 15.7552   Cr: 18.126  )
00000955: 17.8275   (Y': 18.4795   Cb: 15.7074   Cr: 18.1509 )
00000956: 17.8573   (Y': 18.4954   Cb: 15.7943   Cr: 18.1328 )
00000957: 17.8392   (Y': 18.4818   Cb: 15.7431   Cr: 18.1554 )
00000958: 17.8277   (Y': 18.4599   Cb: 15.7498   Cr: 18.1511 )
00000959: 17.825    (Y': 18.4706   Cb: 15.7113   Cr: 18.1607 )
00000960: 17.84     (Y': 18.4849   Cb: 15.767    Cr: 18.1081 )
00000961: 17.8129   (Y': 18.4683   Cb: 15.7324   Cr: 18.0552 )
00000962: 17.8108   (Y': 18.4537   Cb: 15.7596   Cr: 18.0487 )
00000963: 17.8445   (Y': 18.4703   Cb: 15.7702   Cr: 18.1854 )
00000964: 17.8454   (Y': 18.4793   Cb: 15.7838   Cr: 18.1338 )
Total: 17.872    (Y': 18.496    Cb: 15.8285   Cr: 18.1661 )
