00000000: 31.3234   (Y': 44.3744   Cb: 26.6981   Cr: 26.6981 )
00000001: 14.4227   (Y': 15.1909   Cb: 13.3711   Cr: 13.041  )
00000002: 14.6411   (Y': 15.2581   Cb: 13.8585   Cr: 13.3949 )
00000003: 14.2924   (Y': 14.9574   Cb: 13.4174   Cr: 13.0062 )
00000006: 14.1022   (Y': 14.997    Cb: 12.7921   Cr: 12.6638 )
00000005: 14.3368   (Y': 15.0433   Cb: 13.3975   Cr: 13.0044 )
00000004: 14.2829   (Y': 14.9607   Cb: 13.3514   Cr: 13.0156 )
00000007: 14.0997   (Y': 15.0327   Cb: 12.748    Cr: 12.613  )
00000008: 14.0981   (Y': 15.0369   Cb: 12.7363   Cr: 12.6082 )
00000009: 14.052    (Y': 15.0154   Cb: 12.6418   Cr: 12.553  )
00000010: 13.977    (Y': 14.8844   Cb: 12.6348   Cr: 12.5404 )
00000011: 13.971    (Y': 14.9183   Cb: 12.6208   Cr: 12.4505 )
00000013: 14.0534   (Y': 15.0524   Cb: 12.6109   Cr: 12.5059 )
00000012: 13.9559   (Y': 14.8887   Cb: 12.5725   Cr: 12.5006 )
00000014: 14.5158   (Y': 15.5958   Cb: 12.9      Cr: 12.9626 )
00000015: 14.6322   (Y': 15.6204   Cb: 12.9882   Cr: 13.3167 )
00000016: 15.2372   (Y': 16.373    Cb: 13.3487   Cr: 13.8517 )
00000018: 15.3479   (Y': 16.5165   Cb: 13.4257   Cr: 13.9274 )
00000017: 15.3432   (Y': 16.4875   Cb: 13.4595   Cr: 13.9333 )
00000019: 14.6673   (Y': 15.6251   Cb: 13.0421   Cr: 13.4032 )
00000020: 14.8042   (Y': 15.6707   Cb: 13.3302   Cr: 13.6008 )
00000021: 14.8516   (Y': 15.7121   Cb: 13.388    Cr: 13.6515 )
00000022: 14.8844   (Y': 15.7527   Cb: 13.4116   Cr: 13.6749 )
00000023: 15.1039   (Y': 15.9345   Cb: 13.7016   Cr: 13.9141 )
00000024: 15.1398   (Y': 15.9985   Cb: 13.6942   Cr: 13.9253 )
00000025: 15.115    (Y': 16.0258   Cb: 13.6196   Cr: 13.8256 )
00000026: 15.1073   (Y': 15.9706   Cb: 13.6081   Cr: 13.9384 )
00000027: 15.1203   (Y': 15.9655   Cb: 13.693    Cr: 13.9202 )
00000029: 15.1539   (Y': 16.0548   Cb: 13.673    Cr: 13.8731 )
00000028: 15.1512   (Y': 16.0347   Cb: 13.6749   Cr: 13.9081 )
00000030: 15.1208   (Y': 16.0146   Cb: 13.635    Cr: 13.8623 )
00000031: 15.1053   (Y': 15.9778   Cb: 13.6628   Cr: 13.8536 )
00000032: 15.1051   (Y': 15.9879   Cb: 13.6282   Cr: 13.8639 )
00000033: 15.1302   (Y': 15.998    Cb: 13.6673   Cr: 13.9113 )
00000035: 15.1174   (Y': 15.9749   Cb: 13.6763   Cr: 13.901  )
00000034: 15.1294   (Y': 16.0036   Cb: 13.6455   Cr: 13.917  )
00000037: 15.1283   (Y': 16.0184   Cb: 13.6534   Cr: 13.8675 )
00000036: 15.1015   (Y': 15.9646   Cb: 13.6613   Cr: 13.8706 )
00000038: 15.1505   (Y': 16.0138   Cb: 13.7079   Cr: 13.9213 )
00000039: 15.2293   (Y': 16.1392   Cb: 13.6867   Cr: 13.9918 )
00000040: 15.141    (Y': 16.0282   Cb: 13.6597   Cr: 13.8939 )
00000041: 15.1358   (Y': 15.9837   Cb: 13.7058   Cr: 13.932  )
00000042: 15.1164   (Y': 16.0106   Cb: 13.6141   Cr: 13.8746 )
00000043: 15.1639   (Y': 16.0334   Cb: 13.6993   Cr: 13.9427 )
00000044: 15.1449   (Y': 16.0432   Cb: 13.6733   Cr: 13.8608 )
00000045: 15.1336   (Y': 15.9941   Cb: 13.6455   Cr: 13.9599 )
00000046: 15.1562   (Y': 16.0217   Cb: 13.6454   Cr: 13.9942 )
00000047: 15.1459   (Y': 15.9757   Cb: 13.7318   Cr: 13.9704 )
00000048: 15.1862   (Y': 16.0463   Cb: 13.7306   Cr: 13.9788 )
00000049: 15.0851   (Y': 15.9629   Cb: 13.5876   Cr: 13.8784 )
00000050: 15.0985   (Y': 15.9594   Cb: 13.6478   Cr: 13.8842 )
00000052: 15.3455   (Y': 16.3393   Cb: 13.7222   Cr: 13.9946 )
00000051: 15.1603   (Y': 16.0605   Cb: 13.6911   Cr: 13.8691 )
00000053: 15.449    (Y': 16.5031   Cb: 13.7626   Cr: 14.0266 )
00000054: 15.3702   (Y': 16.3891   Cb: 13.7443   Cr: 13.9639 )
00000055: 15.1793   (Y': 16.0604   Cb: 13.7297   Cr: 13.914  )
00000056: 15.1676   (Y': 16.0428   Cb: 13.7106   Cr: 13.9245 )
00000057: 15.2762   (Y': 16.2      Cb: 13.7307   Cr: 14.0084 )
00000058: 15.364    (Y': 16.3806   Cb: 13.7193   Cr: 13.9829 )
00000059: 15.4679   (Y': 16.5048   Cb: 13.7842   Cr: 14.0816 )
00000060: 15.3892   (Y': 16.3599   Cb: 13.7934   Cr: 14.0629 )
00000061: 15.2422   (Y': 16.1374   Cb: 13.7594   Cr: 13.977  )
00000062: 15.0481   (Y': 15.91     Cb: 13.624    Cr: 13.8031 )
00000063: 14.9362   (Y': 15.7433   Cb: 13.5751   Cr: 13.7625 )
00000064: 14.8494   (Y': 15.614    Cb: 13.5313   Cr: 13.7396 )
00000065: 14.7334   (Y': 15.487    Cb: 13.4873   Cr: 13.5775 )
00000066: 14.6785   (Y': 15.4167   Cb: 13.4364   Cr: 13.5587 )
00000067: 14.5469   (Y': 15.187    Cb: 13.4219   Cr: 13.569  )
00000069: 14.579    (Y': 15.2006   Cb: 13.4686   Cr: 13.6376 )
00000068: 14.516    (Y': 15.183    Cb: 13.3383   Cr: 13.5192 )
00000070: 14.5891   (Y': 15.2152   Cb: 13.5153   Cr: 13.5974 )
00000071: 14.7951   (Y': 15.4512   Cb: 13.6354   Cr: 13.8094 )
00000072: 15.1838   (Y': 15.9756   Cb: 13.8129   Cr: 14.0592 )
00000073: 15.3353   (Y': 16.2022   Cb: 13.8869   Cr: 14.1035 )
00000076: 15.135    (Y': 15.8345   Cb: 13.846    Cr: 14.1677 )
00000075: 15.302    (Y': 16.0997   Cb: 13.8854   Cr: 14.211  )
00000077: 15.0657   (Y': 15.7577   Cb: 13.8489   Cr: 14.0422 )
00000074: 15.0623   (Y': 15.7614   Cb: 13.83     Cr: 14.0359 )
00000078: 15.1023   (Y': 15.8425   Cb: 13.7899   Cr: 14.0504 )
00000079: 15.2158   (Y': 15.9854   Cb: 13.8696   Cr: 14.1229 )
00000080: 15.172    (Y': 15.8766   Cb: 13.9091   Cr: 14.163  )
00000081: 15.1888   (Y': 15.913    Cb: 13.8535   Cr: 14.2043 )
00000082: 15.2143   (Y': 16.0214   Cb: 13.8084   Cr: 14.0879 )
00000083: 14.9937   (Y': 15.6538   Cb: 13.7771   Cr: 14.0572 )
00000084: 14.8276   (Y': 15.4546   Cb: 13.7013   Cr: 13.8872 )
00000085: 14.6169   (Y': 15.2283   Cb: 13.4712   Cr: 13.7411 )
00000087: 14.4259   (Y': 14.9994   Cb: 13.3724   Cr: 13.5612 )
00000086: 14.6259   (Y': 15.3134   Cb: 13.4156   Cr: 13.6077 )
00000088: 14.1361   (Y': 14.6267   Cb: 13.2214   Cr: 13.3703 )
00000089: 13.8505   (Y': 14.3104   Cb: 12.9348   Cr: 13.1789 )
00000090: 13.8818   (Y': 14.3013   Cb: 13.1112   Cr: 13.1846 )
00000091: 14.1184   (Y': 14.5922   Cb: 13.2189   Cr: 13.3873 )
00000092: 14.084    (Y': 14.5655   Cb: 13.1835   Cr: 13.3309 )
00000093: 14.1208   (Y': 14.614    Cb: 13.1584   Cr: 13.3969 )
00000094: 14.4274   (Y': 15.0466   Cb: 13.3313   Cr: 13.4778 )
00000095: 14.1888   (Y': 14.7652   Cb: 13.1455   Cr: 13.3051 )
00000096: 14.1945   (Y': 14.7528   Cb: 13.132    Cr: 13.3834 )
00000097: 14.1894   (Y': 14.7533   Cb: 13.0895   Cr: 13.4018 )
00000098: 14.3012   (Y': 14.9316   Cb: 13.1958   Cr: 13.3302 )
00000099: 14.3341   (Y': 14.9935   Cb: 13.2077   Cr: 13.3052 )
00000100: 14.3053   (Y': 14.9854   Cb: 13.162    Cr: 13.2377 )
00000101: 14.5073   (Y': 15.2691   Cb: 13.1843   Cr: 13.41   )
00000103: 14.7506   (Y': 15.6861   Cb: 13.2076   Cr: 13.4519 )
00000102: 14.6396   (Y': 15.5273   Cb: 13.2113   Cr: 13.3361 )
00000104: 14.6432   (Y': 15.5596   Cb: 13.1282   Cr: 13.3607 )
00000105: 14.6489   (Y': 15.6162   Cb: 13.0917   Cr: 13.2898 )
00000106: 14.6074   (Y': 15.6232   Cb: 12.9719   Cr: 13.2182 )
00000107: 14.5825   (Y': 15.5867   Cb: 12.9624   Cr: 13.2039 )
00000108: 14.5553   (Y': 15.5452   Cb: 12.9864   Cr: 13.1558 )
00000109: 14.4878   (Y': 15.4804   Cb: 12.8846   Cr: 13.118  )
00000110: 14.4461   (Y': 15.4253   Cb: 12.8422   Cr: 13.1087 )
00000111: 14.5002   (Y': 15.5047   Cb: 12.8407   Cr: 13.1629 )
00000112: 14.5449   (Y': 15.5431   Cb: 12.9079   Cr: 13.1982 )
00000113: 14.604    (Y': 15.627    Cb: 12.9841   Cr: 13.1822 )
00000114: 14.5673   (Y': 15.6029   Cb: 12.9192   Cr: 13.1464 )
00000116: 14.5616   (Y': 15.5775   Cb: 12.9883   Cr: 13.1074 )
00000115: 14.5447   (Y': 15.5933   Cb: 12.8903   Cr: 13.1006 )
00000117: 14.5783   (Y': 15.5875   Cb: 13.0006   Cr: 13.1438 )
00000118: 14.5885   (Y': 15.6168   Cb: 13.0228   Cr: 13.0987 )
00000119: 14.5951   (Y': 15.6339   Cb: 13.028    Cr: 13.0834 )
00000120: 14.6046   (Y': 15.6043   Cb: 13.0986   Cr: 13.1185 )
00000121: 14.6007   (Y': 15.6086   Cb: 13.0609   Cr: 13.1304 )
00000122: 14.5984   (Y': 15.6167   Cb: 12.9971   Cr: 13.1679 )
00000123: 14.5977   (Y': 15.6109   Cb: 13.0199   Cr: 13.1542 )
00000124: 14.5843   (Y': 15.6022   Cb: 13.0067   Cr: 13.1302 )
00000125: 14.5684   (Y': 15.5354   Cb: 13.0266   Cr: 13.1941 )
00000126: 14.4206   (Y': 15.4291   Cb: 12.8349   Cr: 12.9961 )
00000127: 14.3634   (Y': 15.3979   Cb: 12.7739   Cr: 12.8841 )
00000128: 14.3789   (Y': 15.4471   Cb: 12.7234   Cr: 12.8924 )
00000129: 14.2141   (Y': 15.2608   Cb: 12.5364   Cr: 12.7993 )
00000130: 14.2284   (Y': 15.3016   Cb: 12.5032   Cr: 12.8045 )
00000131: 14.472    (Y': 15.5725   Cb: 12.7499   Cr: 12.9839 )
00000132: 15.131    (Y': 16.3739   Cb: 13.2087   Cr: 13.5513 )
00000133: 15.2647   (Y': 16.6029   Cb: 13.2481   Cr: 13.5922 )
00000134: 15.3337   (Y': 16.6919   Cb: 13.2181   Cr: 13.7302 )
00000135: 15.2359   (Y': 16.536    Cb: 13.2857   Cr: 13.5685 )
00000136: 14.9277   (Y': 16.2028   Cb: 13.067    Cr: 13.2165 )
00000137: 14.7728   (Y': 16.0265   Cb: 12.9836   Cr: 13.0316 )
00000139: 14.5943   (Y': 15.6737   Cb: 13.0286   Cr: 12.9922 )
00000140: 14.5285   (Y': 15.5691   Cb: 13.0464   Cr: 12.9284 )
00000138: 14.6987   (Y': 15.8405   Cb: 13.0086   Cr: 13.0879 )
00000141: 14.472    (Y': 15.4648   Cb: 13.0401   Cr: 12.9284 )
00000143: 14.1904   (Y': 15.0829   Cb: 12.9298   Cr: 12.7096 )
00000142: 14.2191   (Y': 15.126    Cb: 12.9298   Cr: 12.7326 )
00000144: 14.1182   (Y': 15.0859   Cb: 12.8227   Cr: 12.5005 )
00000145: 14.1075   (Y': 15.0779   Cb: 12.8482   Cr: 12.4505 )
00000146: 14.1006   (Y': 15.0354   Cb: 12.8555   Cr: 12.5093 )
00000147: 14.1434   (Y': 15.1045   Cb: 12.8462   Cr: 12.5417 )
00000148: 14.1014   (Y': 15.0653   Cb: 12.8491   Cr: 12.452  )
00000149: 14.1366   (Y': 15.0985   Cb: 12.8898   Cr: 12.4869 )
00000151: 14.1146   (Y': 15.0777   Cb: 12.8451   Cr: 12.4829 )
00000150: 14.1006   (Y': 15.0648   Cb: 12.8465   Cr: 12.4525 )
00000152: 14.104    (Y': 15.0523   Cb: 12.8783   Cr: 12.4648 )
00000153: 14.1084   (Y': 15.0871   Cb: 12.8116   Cr: 12.4675 )
00000154: 14.0964   (Y': 15.0606   Cb: 12.8837   Cr: 12.4108 )
00000155: 14.1      (Y': 15.0589   Cb: 12.8365   Cr: 12.472  )
00000156: 14.1155   (Y': 15.0924   Cb: 12.8121   Cr: 12.4846 )
00000157: 14.1103   (Y': 15.0794   Cb: 12.8185   Cr: 12.4861 )
00000158: 14.1      (Y': 15.0724   Cb: 12.8      Cr: 12.4757 )
00000159: 14.12     (Y': 15.107    Cb: 12.7981   Cr: 12.484  )
00000160: 14.1027   (Y': 15.0713   Cb: 12.8268   Cr: 12.4647 )
00000161: 14.1068   (Y': 15.0834   Cb: 12.7753   Cr: 12.5031 )
00000162: 14.118    (Y': 15.0901   Cb: 12.8641   Cr: 12.4525 )
00000163: 14.1112   (Y': 15.0586   Cb: 12.8515   Cr: 12.5053 )
00000164: 14.1145   (Y': 15.0937   Cb: 12.8018   Cr: 12.4873 )
00000166: 14.1236   (Y': 15.0904   Cb: 12.8284   Cr: 12.5077 )
00000167: 14.1223   (Y': 15.1006   Cb: 12.8494   Cr: 12.4604 )
00000165: 14.0826   (Y': 15.0614   Cb: 12.7581   Cr: 12.4671 )
00000168: 14.0917   (Y': 15.0544   Cb: 12.8424   Cr: 12.4421 )
00000169: 14.1102   (Y': 15.0819   Cb: 12.848    Cr: 12.4529 )
00000170: 14.1222   (Y': 15.0871   Cb: 12.8671   Cr: 12.4734 )
00000171: 14.0972   (Y': 15.0781   Cb: 12.7895   Cr: 12.4616 )
00000172: 14.1019   (Y': 15.0942   Cb: 12.7933   Cr: 12.4424 )
00000174: 14.0996   (Y': 15.0736   Cb: 12.8142   Cr: 12.4588 )
00000173: 14.1332   (Y': 15.1243   Cb: 12.8313   Cr: 12.47   )
00000175: 14.1438   (Y': 15.114    Cb: 12.8571   Cr: 12.5123 )
00000176: 14.1183   (Y': 15.0753   Cb: 12.8501   Cr: 12.4987 )
00000177: 14.1007   (Y': 15.091    Cb: 12.8013   Cr: 12.4369 )
00000178: 14.1034   (Y': 15.0748   Cb: 12.8204   Cr: 12.4658 )
00000179: 14.1385   (Y': 15.0991   Cb: 12.8615   Cr: 12.5193 )
00000180: 14.1386   (Y': 15.1169   Cb: 12.8552   Cr: 12.4861 )
00000182: 14.1216   (Y': 15.0754   Cb: 12.8415   Cr: 12.5203 )
00000181: 14.1387   (Y': 15.0983   Cb: 12.8248   Cr: 12.5559 )
00000183: 14.1257   (Y': 15.0695   Cb: 12.8896   Cr: 12.5057 )
00000184: 14.1163   (Y': 15.0746   Cb: 12.8216   Cr: 12.5184 )
00000185: 14.1007   (Y': 15.0361   Cb: 12.9144   Cr: 12.4543 )
00000186: 14.1319   (Y': 15.074    Cb: 12.9141   Cr: 12.499  )
00000187: 14.0954   (Y': 15.0435   Cb: 12.8559   Cr: 12.4691 )
00000188: 14.1251   (Y': 15.0418   Cb: 12.9195   Cr: 12.5378 )
00000189: 14.1128   (Y': 15.0391   Cb: 12.927    Cr: 12.4861 )
00000190: 14.0976   (Y': 15.0478   Cb: 12.8883   Cr: 12.4392 )
00000191: 14.131    (Y': 15.0553   Cb: 12.9383   Cr: 12.5152 )
00000192: 14.1371   (Y': 15.0888   Cb: 12.8995   Cr: 12.5011 )
00000193: 14.1205   (Y': 15.0788   Cb: 12.8846   Cr: 12.4683 )
00000194: 14.1265   (Y': 15.06     Cb: 12.9131   Cr: 12.5088 )
00000195: 14.1152   (Y': 15.0411   Cb: 12.8875   Cr: 12.5277 )
00000196: 14.1125   (Y': 15.0512   Cb: 12.8455   Cr: 12.5326 )
00000198: 14.1387   (Y': 15.0709   Cb: 12.9021   Cr: 12.5451 )
00000197: 14.141    (Y': 15.077    Cb: 12.9235   Cr: 12.5217 )
00000199: 14.1314   (Y': 15.1037   Cb: 12.872    Cr: 12.4703 )
00000200: 14.1186   (Y': 15.0714   Cb: 12.8614   Cr: 12.4981 )
00000201: 14.1047   (Y': 15.0598   Cb: 12.8429   Cr: 12.4834 )
00000202: 14.122    (Y': 15.0534   Cb: 12.9168   Cr: 12.5017 )
00000203: 14.1166   (Y': 15.0625   Cb: 12.8883   Cr: 12.4848 )
00000204: 14.0894   (Y': 15.0228   Cb: 12.8451   Cr: 12.5002 )
00000205: 14.1019   (Y': 15.0208   Cb: 12.8947   Cr: 12.5111 )
00000206: 14.107    (Y': 15.0698   Cb: 12.8801   Cr: 12.4369 )
00000207: 14.0781   (Y': 15.0336   Cb: 12.8194   Cr: 12.4533 )
00000208: 14.1085   (Y': 15.0687   Cb: 12.8133   Cr: 12.507  )
00000209: 14.0988   (Y': 15.0504   Cb: 12.8439   Cr: 12.4791 )
00000210: 14.1003   (Y': 15.0609   Cb: 12.8434   Cr: 12.4625 )
00000211: 14.1032   (Y': 15.0757   Cb: 12.86     Cr: 12.4268 )
00000212: 14.0937   (Y': 15.0384   Cb: 12.8586   Cr: 12.4711 )
00000213: 14.0929   (Y': 15.0408   Cb: 12.8455   Cr: 12.4745 )
00000214: 14.1159   (Y': 15.0759   Cb: 12.8461   Cr: 12.4915 )
00000215: 14.1052   (Y': 15.048    Cb: 12.8274   Cr: 12.5262 )
00000216: 14.1084   (Y': 15.0416   Cb: 12.8524   Cr: 12.5307 )
00000217: 14.1021   (Y': 15.0661   Cb: 12.8496   Cr: 12.4529 )
00000218: 14.1259   (Y': 15.0708   Cb: 12.8495   Cr: 12.5407 )
00000219: 14.1073   (Y': 15.0744   Cb: 12.828    Cr: 12.4758 )
00000220: 14.1065   (Y': 15.072    Cb: 12.8399   Cr: 12.4667 )
00000221: 14.095    (Y': 15.0377   Cb: 12.8822   Cr: 12.4563 )
00000222: 14.105    (Y': 15.0564   Cb: 12.8225   Cr: 12.5114 )
00000223: 14.0889   (Y': 15.017    Cb: 12.8854   Cr: 12.4743 )
00000224: 14.0998   (Y': 15.0551   Cb: 12.8266   Cr: 12.4885 )
00000225: 14.1081   (Y': 15.0649   Cb: 12.8453   Cr: 12.4842 )
00000226: 14.086    (Y': 15.0133   Cb: 12.855    Cr: 12.4984 )
00000227: 14.0867   (Y': 15.031    Cb: 12.8405   Cr: 12.4748 )
00000228: 14.1082   (Y': 15.0766   Cb: 12.8119   Cr: 12.4895 )
00000229: 14.1132   (Y': 15.0717   Cb: 12.842    Cr: 12.4932 )
00000230: 14.137    (Y': 15.0838   Cb: 12.9315   Cr: 12.483  )
00000231: 14.1141   (Y': 15.0795   Cb: 12.8611   Cr: 12.4622 )
00000232: 14.1116   (Y': 15.0324   Cb: 12.9173   Cr: 12.5048 )
00000233: 14.1247   (Y': 15.0896   Cb: 12.901    Cr: 12.4474 )
00000234: 14.1176   (Y': 15.0554   Cb: 12.8564   Cr: 12.5345 )
00000235: 14.129    (Y': 15.1056   Cb: 12.8387   Cr: 12.4867 )
00000238: 14.1595   (Y': 15.1276   Cb: 12.8935   Cr: 12.5135 )
00000236: 14.1483   (Y': 15.1084   Cb: 12.8649   Cr: 12.5361 )
00000237: 14.151    (Y': 15.1125   Cb: 12.8431   Cr: 12.5582 )
00000239: 14.1695   (Y': 15.2009   Cb: 12.8403   Cr: 12.445  )
00000240: 14.159    (Y': 15.1906   Cb: 12.8074   Cr: 12.4545 )
00000241: 14.1224   (Y': 15.1364   Cb: 12.8116   Cr: 12.4179 )
00000242: 14.0689   (Y': 15.0985   Cb: 12.7401   Cr: 12.3477 )
00000243: 14.0727   (Y': 15.1017   Cb: 12.7557   Cr: 12.342  )
00000244: 14.0804   (Y': 15.1145   Cb: 12.7408   Cr: 12.3594 )
00000245: 14.0718   (Y': 15.1017   Cb: 12.7476   Cr: 12.3458 )
00000246: 14.0932   (Y': 15.1367   Cb: 12.7723   Cr: 12.3354 )
00000247: 14.0818   (Y': 15.0994   Cb: 12.7544   Cr: 12.3852 )
00000248: 14.0685   (Y': 15.0917   Cb: 12.7785   Cr: 12.3255 )
00000249: 14.0428   (Y': 15.0632   Cb: 12.7246   Cr: 12.3314 )
00000250: 14.0483   (Y': 15.0664   Cb: 12.7605   Cr: 12.3143 )
00000251: 14.1084   (Y': 15.1383   Cb: 12.7675   Cr: 12.3978 )
00000252: 14.0705   (Y': 15.0947   Cb: 12.7557   Cr: 12.3479 )
00000253: 14.0774   (Y': 15.1054   Cb: 12.7578   Cr: 12.3512 )
00000254: 14.0727   (Y': 15.1083   Cb: 12.7635   Cr: 12.3208 )
00000255: 14.0518   (Y': 15.0883   Cb: 12.7237   Cr: 12.3153 )
00000256: 14.0804   (Y': 15.1037   Cb: 12.793    Cr: 12.335  )
00000257: 14.0643   (Y': 15.0637   Cb: 12.7562   Cr: 12.3887 )
00000258: 14.1032   (Y': 15.1152   Cb: 12.771    Cr: 12.4225 )
00000259: 14.1485   (Y': 15.0954   Cb: 12.791    Cr: 12.6358 )
00000262: 14.2386   (Y': 15.1865   Cb: 12.8835   Cr: 12.7214 )
00000260: 14.1931   (Y': 15.1664   Cb: 12.8283   Cr: 12.628  )
00000261: 14.2284   (Y': 15.185    Cb: 12.8617   Cr: 12.7025 )
00000263: 14.2188   (Y': 15.1662   Cb: 12.8689   Cr: 12.6977 )
00000264: 14.2249   (Y': 15.1943   Cb: 12.8646   Cr: 12.6643 )
00000265: 14.1731   (Y': 15.1652   Cb: 12.81     Cr: 12.565  )
00000266: 14.2067   (Y': 15.1875   Cb: 12.8509   Cr: 12.6164 )
00000267: 14.2117   (Y': 15.1597   Cb: 12.8839   Cr: 12.6681 )
00000269: 14.2227   (Y': 15.1629   Cb: 12.8834   Cr: 12.7078 )
00000268: 14.2395   (Y': 15.23     Cb: 12.8573   Cr: 12.6529 )
00000271: 14.1798   (Y': 15.1512   Cb: 12.8289   Cr: 12.6057 )
00000270: 14.1933   (Y': 15.1485   Cb: 12.8022   Cr: 12.6943 )
00000272: 14.1797   (Y': 15.1265   Cb: 12.8513   Cr: 12.6392 )
00000273: 14.2566   (Y': 15.2344   Cb: 12.8725   Cr: 12.6998 )
00000274: 14.219    (Y': 15.1333   Cb: 12.9096   Cr: 12.7348 )
00000275: 14.2341   (Y': 15.162    Cb: 12.8876   Cr: 12.754  )
00000276: 14.1778   (Y': 15.1529   Cb: 12.8266   Cr: 12.596  )
00000277: 14.2122   (Y': 15.1567   Cb: 12.8743   Cr: 12.6861 )
00000279: 14.0912   (Y': 15.1229   Cb: 12.7671   Cr: 12.3613 )
00000278: 14.1012   (Y': 15.1393   Cb: 12.788    Cr: 12.3479 )
00000280: 14.1109   (Y': 15.1277   Cb: 12.798    Cr: 12.4024 )
00000281: 14.0988   (Y': 15.1181   Cb: 12.782    Cr: 12.3886 )
00000282: 14.1373   (Y': 15.1603   Cb: 12.8204   Cr: 12.4192 )
00000283: 14.1029   (Y': 15.0989   Cb: 12.7793   Cr: 12.449  )
00000284: 14.1174   (Y': 15.1503   Cb: 12.7739   Cr: 12.4027 )
00000285: 14.1163   (Y': 15.1278   Cb: 12.8018   Cr: 12.421  )
00000287: 14.1158   (Y': 15.1154   Cb: 12.7844   Cr: 12.4617 )
00000286: 14.1116   (Y': 15.1077   Cb: 12.7809   Cr: 12.4643 )
00000288: 14.1258   (Y': 15.1065   Cb: 12.8202   Cr: 12.4886 )
00000289: 14.1243   (Y': 15.1107   Cb: 12.8473   Cr: 12.4484 )
00000290: 14.147    (Y': 15.1169   Cb: 12.8618   Cr: 12.5147 )
00000291: 14.1588   (Y': 15.1264   Cb: 12.8435   Cr: 12.5594 )
00000292: 14.1449   (Y': 15.1261   Cb: 12.8215   Cr: 12.523  )
00000293: 14.1488   (Y': 15.1557   Cb: 12.7747   Cr: 12.5187 )
00000294: 14.1112   (Y': 15.1113   Cb: 12.7428   Cr: 12.4902 )
00000295: 14.1147   (Y': 15.12     Cb: 12.7668   Cr: 12.4635 )
00000296: 14.0717   (Y': 15.0614   Cb: 12.7256   Cr: 12.4528 )
00000297: 14.0453   (Y': 15.0276   Cb: 12.7039   Cr: 12.4383 )
00000298: 14.0638   (Y': 15.0754   Cb: 12.6938   Cr: 12.4194 )
00000299: 14.0603   (Y': 15.0579   Cb: 12.7191   Cr: 12.4196 )
00000300: 14.044    (Y': 15.0709   Cb: 12.6585   Cr: 12.3811 )
00000301: 14.0608   (Y': 15.129    Cb: 12.6224   Cr: 12.3593 )
00000302: 13.9927   (Y': 15.0662   Cb: 12.535    Cr: 12.2985 )
00000303: 14.0004   (Y': 15.0569   Cb: 12.5436   Cr: 12.3416 )
00000304: 13.995    (Y': 15.015    Cb: 12.6028   Cr: 12.3535 )
00000305: 14.0861   (Y': 15.1376   Cb: 12.6273   Cr: 12.4398 )
00000306: 14.1954   (Y': 15.3433   Cb: 12.6338   Cr: 12.4448 )
00000307: 14.0845   (Y': 15.2284   Cb: 12.5649   Cr: 12.3026 )
00000308: 14.1224   (Y': 15.2521   Cb: 12.6166   Cr: 12.3565 )
00000309: 14.0414   (Y': 15.1502   Cb: 12.5823   Cr: 12.2747 )
00000310: 14.0534   (Y': 15.161    Cb: 12.5671   Cr: 12.3145 )
00000311: 14.0355   (Y': 15.1371   Cb: 12.5908   Cr: 12.2702 )
00000312: 14.0542   (Y': 15.1286   Cb: 12.6308   Cr: 12.3259 )
00000313: 14.0175   (Y': 15.0867   Cb: 12.5572   Cr: 12.3349 )
00000314: 14.0403   (Y': 15.1609   Cb: 12.5488   Cr: 12.2796 )
00000315: 14.0463   (Y': 15.1405   Cb: 12.6005   Cr: 12.2974 )
00000316: 14.1403   (Y': 15.232    Cb: 12.6434   Cr: 12.4448 )
00000317: 14.1484   (Y': 15.2149   Cb: 12.691    Cr: 12.4684 )
00000318: 14.1423   (Y': 15.2339   Cb: 12.6394   Cr: 12.453  )
00000319: 14.1194   (Y': 15.2255   Cb: 12.6198   Cr: 12.3963 )
00000320: 14.1265   (Y': 15.2166   Cb: 12.6467   Cr: 12.4181 )
00000321: 14.1426   (Y': 15.2386   Cb: 12.6594   Cr: 12.4252 )
00000322: 14.1394   (Y': 15.2559   Cb: 12.6192   Cr: 12.4146 )
00000323: 14.1156   (Y': 15.2108   Cb: 12.6392   Cr: 12.3935 )
00000324: 14.1478   (Y': 15.2507   Cb: 12.6735   Cr: 12.4073 )
00000325: 14.1489   (Y': 15.246    Cb: 12.6275   Cr: 12.4657 )
00000326: 14.1268   (Y': 15.2527   Cb: 12.592    Cr: 12.3962 )
00000327: 14.0923   (Y': 15.1538   Cb: 12.6206   Cr: 12.4368 )
00000328: 14.1227   (Y': 15.217    Cb: 12.6697   Cr: 12.3803 )
00000329: 14.061    (Y': 15.0885   Cb: 12.6502   Cr: 12.4208 )
00000330: 14.0686   (Y': 15.0932   Cb: 12.6574   Cr: 12.435  )
00000331: 13.9962   (Y': 15.0197   Cb: 12.6182   Cr: 12.3337 )
00000332: 13.9659   (Y': 14.9855   Cb: 12.5931   Cr: 12.3067 )
00000333: 13.9339   (Y': 14.9627   Cb: 12.5389   Cr: 12.2758 )
00000335: 13.9363   (Y': 14.9482   Cb: 12.5953   Cr: 12.2643 )
00000334: 13.9514   (Y': 14.9663   Cb: 12.5876   Cr: 12.2942 )
00000336: 13.9857   (Y': 14.9896   Cb: 12.617    Cr: 12.3568 )
00000337: 13.9947   (Y': 14.993    Cb: 12.6385   Cr: 12.3662 )
00000338: 14.0447   (Y': 15.0604   Cb: 12.7152   Cr: 12.3536 )
00000339: 14.0414   (Y': 15.0332   Cb: 12.7022   Cr: 12.4113 )
00000340: 14.038    (Y': 15.0212   Cb: 12.698    Cr: 12.4274 )
00000341: 14.0943   (Y': 15.079    Cb: 12.7464   Cr: 12.4879 )
00000342: 14.0824   (Y': 15.0783   Cb: 12.7157   Cr: 12.469  )
00000343: 14.0776   (Y': 15.082    Cb: 12.782    Cr: 12.38   )
00000344: 14.0767   (Y': 15.0519   Cb: 12.802    Cr: 12.4231 )
00000345: 14.1176   (Y': 15.0766   Cb: 12.8119   Cr: 12.5283 )
00000346: 14.1601   (Y': 15.1146   Cb: 12.8968   Cr: 12.5416 )
00000347: 14.186    (Y': 15.1707   Cb: 12.8691   Cr: 12.5508 )
00000348: 14.1919   (Y': 15.1672   Cb: 12.8955   Cr: 12.5581 )
00000349: 14.1724   (Y': 15.1301   Cb: 12.9218   Cr: 12.5352 )
00000350: 14.166    (Y': 15.1453   Cb: 12.8504   Cr: 12.5415 )
00000351: 14.1798   (Y': 15.1369   Cb: 12.8829   Cr: 12.5868 )
00000352: 14.1732   (Y': 15.1298   Cb: 12.9135   Cr: 12.5466 )
00000353: 14.1733   (Y': 15.1293   Cb: 12.8887   Cr: 12.571  )
00000354: 14.1663   (Y': 15.1319   Cb: 12.8825   Cr: 12.5422 )
00000355: 14.1953   (Y': 15.145    Cb: 12.9331   Cr: 12.5864 )
00000356: 14.2283   (Y': 15.239    Cb: 12.8661   Cr: 12.5785 )
00000358: 14.2355   (Y': 15.2708   Cb: 12.8741   Cr: 12.5321 )
00000357: 14.1988   (Y': 15.2333   Cb: 12.8279   Cr: 12.506  )
00000359: 14.22     (Y': 15.2579   Cb: 12.8176   Cr: 12.5495 )
00000360: 14.1895   (Y': 15.2338   Cb: 12.8348   Cr: 12.4609 )
00000361: 14.2109   (Y': 15.2346   Cb: 12.8807   Cr: 12.5037 )
00000362: 14.1458   (Y': 15.1642   Cb: 12.8479   Cr: 12.4206 )
00000363: 14.1638   (Y': 15.1516   Cb: 12.8625   Cr: 12.5074 )
00000364: 14.1708   (Y': 15.1747   Cb: 12.8425   Cr: 12.5043 )
00000365: 14.1673   (Y': 15.1715   Cb: 12.8552   Cr: 12.4852 )
00000366: 14.1842   (Y': 15.1669   Cb: 12.8676   Cr: 12.5528 )
00000367: 14.1551   (Y': 15.1482   Cb: 12.8645   Cr: 12.4773 )
00000368: 14.165    (Y': 15.1449   Cb: 12.8826   Cr: 12.5084 )
00000369: 14.1532   (Y': 15.1615   Cb: 12.8752   Cr: 12.4311 )
00000370: 14.1599   (Y': 15.1255   Cb: 12.9004   Cr: 12.5137 )
00000371: 14.1503   (Y': 15.1314   Cb: 12.8338   Cr: 12.5224 )
00000372: 14.1477   (Y': 15.1242   Cb: 12.8943   Cr: 12.4721 )
00000374: 14.1444   (Y': 15.1492   Cb: 12.8565   Cr: 12.4389 )
00000373: 14.1409   (Y': 15.1361   Cb: 12.8502   Cr: 12.4587 )
00000375: 14.1213   (Y': 15.11     Cb: 12.859    Cr: 12.4272 )
00000376: 14.1459   (Y': 15.1396   Cb: 12.8322   Cr: 12.4877 )
00000377: 14.1353   (Y': 15.1207   Cb: 12.8413   Cr: 12.4773 )
00000378: 14.1644   (Y': 15.1593   Cb: 12.8528   Cr: 12.5019 )
00000379: 14.1621   (Y': 15.1505   Cb: 12.8531   Cr: 12.5113 )
00000380: 14.1644   (Y': 15.1721   Cb: 12.843    Cr: 12.4831 )
00000381: 14.1206   (Y': 15.1172   Cb: 12.8354   Cr: 12.4303 )
00000382: 14.1287   (Y': 15.1141   Cb: 12.8464   Cr: 12.4597 )
00000383: 14.1455   (Y': 15.1125   Cb: 12.8879   Cr: 12.4944 )
00000384: 14.1535   (Y': 15.1129   Cb: 12.9064   Cr: 12.5091 )
00000385: 14.1418   (Y': 15.1312   Cb: 12.8695   Cr: 12.4555 )
00000386: 14.156    (Y': 15.1215   Cb: 12.8701   Cr: 12.5341 )
00000387: 14.1421   (Y': 15.1117   Cb: 12.885    Cr: 12.4845 )
00000388: 14.1587   (Y': 15.1393   Cb: 12.8777   Cr: 12.4995 )
00000390: 14.1684   (Y': 15.1303   Cb: 12.9142   Cr: 12.5252 )
00000389: 14.1651   (Y': 15.1497   Cb: 12.892    Cr: 12.4897 )
00000391: 14.1879   (Y': 15.16     Cb: 12.858    Cr: 12.5924 )
00000392: 14.1839   (Y': 15.1464   Cb: 12.908    Cr: 12.5594 )
00000393: 14.1298   (Y': 15.1087   Cb: 12.8364   Cr: 12.4851 )
00000394: 14.1153   (Y': 15.066    Cb: 12.8871   Cr: 12.4732 )
00000395: 14.101    (Y': 15.0811   Cb: 12.8103   Cr: 12.4514 )
00000396: 14.1826   (Y': 15.1478   Cb: 12.9287   Cr: 12.532  )
00000397: 14.186    (Y': 15.1389   Cb: 12.9233   Cr: 12.5704 )
00000398: 14.1866   (Y': 15.1531   Cb: 12.9274   Cr: 12.5378 )
00000399: 14.1468   (Y': 15.1298   Cb: 12.8805   Cr: 12.4684 )
00000400: 14.1594   (Y': 15.1253   Cb: 12.9005   Cr: 12.5119 )
00000401: 14.1224   (Y': 15.1035   Cb: 12.8245   Cr: 12.4773 )
00000402: 14.1582   (Y': 15.1258   Cb: 12.887    Cr: 12.5182 )
00000403: 14.1425   (Y': 15.1164   Cb: 12.8519   Cr: 12.5066 )
00000404: 14.1379   (Y': 15.122    Cb: 12.8758   Cr: 12.4537 )
00000405: 14.1805   (Y': 15.1355   Cb: 12.9177   Cr: 12.5602 )
00000406: 14.1662   (Y': 15.1428   Cb: 12.8706   Cr: 12.5289 )
00000407: 14.1505   (Y': 15.1116   Cb: 12.8848   Cr: 12.5195 )
00000408: 14.1725   (Y': 15.1097   Cb: 12.9153   Cr: 12.5869 )
00000409: 14.1762   (Y': 15.1498   Cb: 12.8976   Cr: 12.5298 )
00000410: 14.2188   (Y': 15.1876   Cb: 12.9361   Cr: 12.5868 )
00000411: 14.185    (Y': 15.1295   Cb: 12.9121   Cr: 12.5975 )
00000412: 14.2206   (Y': 15.166    Cb: 12.9272   Cr: 12.6505 )
00000413: 14.1357   (Y': 15.0896   Cb: 12.8076   Cr: 12.5793 )
00000414: 14.1226   (Y': 15.0919   Cb: 12.8107   Cr: 12.5164 )
00000415: 14.097    (Y': 15.0746   Cb: 12.7603   Cr: 12.4958 )
00000416: 14.0983   (Y': 15.0684   Cb: 12.7781   Cr: 12.4981 )
00000417: 14.0881   (Y': 15.0778   Cb: 12.757    Cr: 12.455  )
00000418: 14.0519   (Y': 15.0593   Cb: 12.7327   Cr: 12.3692 )
00000419: 14.0968   (Y': 15.0903   Cb: 12.7714   Cr: 12.45   )
00000420: 14.1194   (Y': 15.1335   Cb: 12.7386   Cr: 12.4799 )
00000421: 14.1581   (Y': 15.1786   Cb: 12.7879   Cr: 12.4947 )
00000422: 14.1833   (Y': 15.1751   Cb: 12.8537   Cr: 12.5443 )
00000423: 14.1884   (Y': 15.1984   Cb: 12.8558   Cr: 12.5128 )
00000424: 14.1747   (Y': 15.2114   Cb: 12.8084   Cr: 12.4729 )
00000425: 14.1004   (Y': 15.0874   Cb: 12.836    Cr: 12.412  )
00000426: 14.1654   (Y': 15.1659   Cb: 12.8529   Cr: 12.4919 )
00000427: 14.1756   (Y': 15.178    Cb: 12.8708   Cr: 12.4907 )
00000428: 14.1739   (Y': 15.116    Cb: 12.9063   Cr: 12.5868 )
00000430: 14.138    (Y': 15.0812   Cb: 12.8879   Cr: 12.5324 )
00000429: 14.1659   (Y': 15.1116   Cb: 12.9029   Cr: 12.5665 )
00000431: 14.143    (Y': 15.087    Cb: 12.9192   Cr: 12.5115 )
00000432: 14.1322   (Y': 15.0793   Cb: 12.888    Cr: 12.5125 )
00000433: 14.1469   (Y': 15.0962   Cb: 12.9256   Cr: 12.5015 )
00000434: 14.1401   (Y': 15.0791   Cb: 12.8972   Cr: 12.5372 )
00000435: 14.1166   (Y': 15.0683   Cb: 12.8286   Cr: 12.5271 )
00000436: 14.1249   (Y': 15.0721   Cb: 12.8704   Cr: 12.5145 )
00000438: 14.1257   (Y': 15.0921   Cb: 12.85     Cr: 12.4923 )
00000437: 14.1095   (Y': 15.0473   Cb: 12.8458   Cr: 12.5286 )
00000439: 14.1252   (Y': 15.0607   Cb: 12.8589   Cr: 12.552  )
00000440: 14.1057   (Y': 15.0543   Cb: 12.8155   Cr: 12.5254 )
00000441: 14.1155   (Y': 15.0482   Cb: 12.8496   Cr: 12.548  )
00000442: 14.1299   (Y': 15.0756   Cb: 12.8573   Cr: 12.5395 )
00000443: 14.1514   (Y': 15.069    Cb: 12.9564   Cr: 12.5525 )
00000444: 14.1236   (Y': 15.0741   Cb: 12.8813   Cr: 12.4947 )
00000446: 14.1448   (Y': 15.0653   Cb: 12.9563   Cr: 12.5333 )
00000445: 14.1116   (Y': 15.0696   Cb: 12.8116   Cr: 12.5195 )
00000447: 14.1307   (Y': 15.0811   Cb: 12.9074   Cr: 12.4846 )
00000448: 14.1237   (Y': 15.0785   Cb: 12.8582   Cr: 12.5065 )
00000449: 14.1284   (Y': 15.0616   Cb: 12.8713   Cr: 12.5517 )
00000450: 14.1285   (Y': 15.0736   Cb: 12.8761   Cr: 12.5207 )
00000451: 14.1387   (Y': 15.0947   Cb: 12.9014   Cr: 12.493  )
00000452: 14.126    (Y': 15.0733   Cb: 12.8678   Cr: 12.5185 )
00000453: 14.1005   (Y': 15.0591   Cb: 12.857    Cr: 12.4547 )
00000454: 14.1172   (Y': 15.0488   Cb: 12.8749   Cr: 12.5305 )
00000455: 14.1215   (Y': 15.0672   Cb: 12.8729   Cr: 12.5087 )
00000456: 14.1412   (Y': 15.1078   Cb: 12.8462   Cr: 12.5254 )
00000457: 14.132    (Y': 15.0682   Cb: 12.876    Cr: 12.5475 )
00000458: 14.1628   (Y': 15.088    Cb: 12.9407   Cr: 12.5715 )
00000459: 14.1756   (Y': 15.114    Cb: 12.9425   Cr: 12.5649 )
00000460: 14.1265   (Y': 15.0561   Cb: 12.8591   Cr: 12.5674 )
00000462: 14.1078   (Y': 15.0071   Cb: 12.8898   Cr: 12.5716 )
00000461: 14.1117   (Y': 15.0581   Cb: 12.8246   Cr: 12.5333 )
00000463: 14.1481   (Y': 15.0684   Cb: 12.972    Cr: 12.5261 )
00000464: 14.1394   (Y': 15.0632   Cb: 12.9038   Cr: 12.5639 )
00000465: 14.141    (Y': 15.0341   Cb: 12.9327   Cr: 12.6096 )
00000466: 14.1125   (Y': 15.0412   Cb: 12.8706   Cr: 12.5318 )
00000467: 14.1297   (Y': 15.0767   Cb: 12.9037   Cr: 12.4935 )
00000468: 14.1514   (Y': 15.0924   Cb: 12.9151   Cr: 12.5382 )
00000469: 14.1464   (Y': 15.0768   Cb: 12.9065   Cr: 12.5598 )
00000470: 14.1298   (Y': 15.0518   Cb: 12.8868   Cr: 12.5651 )
00000471: 14.1344   (Y': 15.0649   Cb: 12.8741   Cr: 12.5669 )
00000472: 14.1011   (Y': 15.031    Cb: 12.9117   Cr: 12.4695 )
00000473: 14.1174   (Y': 15.061    Cb: 12.859    Cr: 12.5184 )
00000474: 14.1072   (Y': 15.0399   Cb: 12.8768   Cr: 12.5069 )
00000475: 14.1124   (Y': 15.0369   Cb: 12.92     Cr: 12.4957 )
00000476: 14.1009   (Y': 15.024    Cb: 12.8592   Cr: 12.5325 )
00000477: 14.1086   (Y': 15.0174   Cb: 12.8733   Cr: 12.5668 )
00000478: 14.126    (Y': 15.0512   Cb: 12.8725   Cr: 12.5639 )
00000479: 14.1119   (Y': 15.0202   Cb: 12.8915   Cr: 12.5572 )
00000480: 14.1283   (Y': 15.0278   Cb: 12.9082   Cr: 12.5935 )
00000481: 14.1213   (Y': 15.0432   Cb: 12.9036   Cr: 12.5335 )
00000482: 14.1206   (Y': 15.0564   Cb: 12.8504   Cr: 12.55   )
00000483: 14.1447   (Y': 15.0569   Cb: 12.9457   Cr: 12.5614 )
00000484: 14.1516   (Y': 15.0734   Cb: 12.9036   Cr: 12.5923 )
00000485: 14.1171   (Y': 15.0596   Cb: 12.8856   Cr: 12.4962 )
00000487: 14.1196   (Y': 15.0688   Cb: 12.8584   Cr: 12.511  )
00000486: 14.1264   (Y': 15.0435   Cb: 12.9134   Cr: 12.5449 )
00000488: 14.1302   (Y': 15.0479   Cb: 12.9084   Cr: 12.5554 )
00000489: 14.1047   (Y': 15.0331   Cb: 12.8872   Cr: 12.502  )
00000490: 14.1266   (Y': 15.071    Cb: 12.8994   Cr: 12.4974 )
00000491: 14.1183   (Y': 15.0661   Cb: 12.851    Cr: 12.5183 )
00000492: 14.1088   (Y': 15.0331   Cb: 12.8812   Cr: 12.5246 )
00000493: 14.1068   (Y': 15.0286   Cb: 12.8638   Cr: 12.5426 )
00000494: 14.1171   (Y': 15.0589   Cb: 12.8805   Cr: 12.5025 )
00000495: 14.1316   (Y': 15.0531   Cb: 12.9156   Cr: 12.5431 )
00000496: 14.1014   (Y': 15.0525   Cb: 12.8417   Cr: 12.4869 )
00000497: 14.1055   (Y': 15.0204   Cb: 12.8482   Cr: 12.5703 )
00000498: 14.1318   (Y': 15.0744   Cb: 12.8788   Cr: 12.5301 )
00000499: 14.1059   (Y': 15.0488   Cb: 12.8542   Cr: 12.5023 )
00000501: 14.1144   (Y': 15.0684   Cb: 12.8775   Cr: 12.4729 )
00000500: 14.1064   (Y': 15.0365   Cb: 12.8684   Cr: 12.5191 )
00000502: 14.0926   (Y': 15.034    Cb: 12.8518   Cr: 12.4823 )
00000503: 14.1136   (Y': 15.0342   Cb: 12.8947   Cr: 12.5299 )
00000504: 14.1099   (Y': 15.0306   Cb: 12.8528   Cr: 12.5611 )
00000505: 14.1223   (Y': 15.0543   Cb: 12.8785   Cr: 12.5357 )
00000506: 14.1135   (Y': 15.0553   Cb: 12.8845   Cr: 12.4917 )
00000507: 14.1077   (Y': 15.0474   Cb: 12.8851   Cr: 12.4849 )
00000508: 14.1137   (Y': 15.0548   Cb: 12.8725   Cr: 12.5046 )
00000509: 14.1152   (Y': 15.0743   Cb: 12.8269   Cr: 12.5098 )
00000510: 14.1394   (Y': 15.066    Cb: 12.9199   Cr: 12.5427 )
00000511: 14.1674   (Y': 15.0922   Cb: 12.9461   Cr: 12.5762 )
00000512: 14.1348   (Y': 15.0533   Cb: 12.8768   Cr: 12.592  )
00000513: 14.123    (Y': 15.0315   Cb: 12.929    Cr: 12.5433 )
00000514: 14.1183   (Y': 15.0294   Cb: 12.9039   Cr: 12.5516 )
00000515: 14.1103   (Y': 15.0381   Cb: 12.8394   Cr: 12.5585 )
00000516: 14.1369   (Y': 15.051    Cb: 12.9192   Cr: 12.5668 )
00000517: 14.1051   (Y': 15.0222   Cb: 12.8701   Cr: 12.5443 )
00000518: 14.1048   (Y': 15.0456   Cb: 12.8395   Cr: 12.5185 )
00000519: 14.1341   (Y': 15.0583   Cb: 12.9059   Cr: 12.5507 )
00000520: 14.1321   (Y': 15.0623   Cb: 12.9069   Cr: 12.5325 )
00000521: 14.1116   (Y': 15.0407   Cb: 12.8785   Cr: 12.5217 )
00000522: 14.1354   (Y': 15.0817   Cb: 12.8636   Cr: 12.543  )
00000523: 14.1181   (Y': 15.0627   Cb: 12.862    Cr: 12.515  )
00000524: 14.1353   (Y': 15.0769   Cb: 12.8907   Cr: 12.5283 )
00000525: 14.0927   (Y': 15.0359   Cb: 12.8409   Cr: 12.4889 )
00000526: 14.1373   (Y': 15.0908   Cb: 12.8584   Cr: 12.5355 )
00000528: 14.1323   (Y': 15.048    Cb: 12.9128   Cr: 12.5602 )
00000527: 14.101    (Y': 15.0433   Cb: 12.8787   Cr: 12.4716 )
00000529: 14.1066   (Y': 15.0417   Cb: 12.886    Cr: 12.4919 )
00000530: 14.0975   (Y': 15.0165   Cb: 12.8828   Cr: 12.5136 )
00000531: 14.1377   (Y': 15.0604   Cb: 12.9238   Cr: 12.5445 )
00000532: 14.1211   (Y': 15.0657   Cb: 12.8507   Cr: 12.5312 )
00000533: 14.1331   (Y': 15.0764   Cb: 12.8732   Cr: 12.5362 )
00000534: 14.1219   (Y': 15.0543   Cb: 12.8583   Cr: 12.553  )
00000535: 14.1269   (Y': 15.0458   Cb: 12.8881   Cr: 12.5651 )
00000536: 14.1281   (Y': 15.0342   Cb: 12.9136   Cr: 12.5731 )
00000537: 14.1015   (Y': 15.0348   Cb: 12.8378   Cr: 12.5306 )
00000538: 14.1057   (Y': 15.0388   Cb: 12.8283   Cr: 12.5482 )
00000539: 14.1273   (Y': 15.0656   Cb: 12.8426   Cr: 12.5651 )
00000540: 14.0975   (Y': 15.0426   Cb: 12.8445   Cr: 12.4905 )
00000541: 14.0929   (Y': 15.0233   Cb: 12.8626   Cr: 12.4975 )
00000542: 14.1196   (Y': 15.0495   Cb: 12.9042   Cr: 12.5119 )
00000543: 14.1167   (Y': 15.0399   Cb: 12.8754   Cr: 12.5478 )
00000544: 14.1235   (Y': 15.0453   Cb: 12.9023   Cr: 12.5392 )
00000545: 14.0877   (Y': 15.0237   Cb: 12.8748   Cr: 12.4641 )
00000546: 14.1407   (Y': 15.0683   Cb: 12.9182   Cr: 12.5446 )
00000547: 14.1209   (Y': 15.0563   Cb: 12.8926   Cr: 12.5127 )
00000548: 14.1192   (Y': 15.0635   Cb: 12.8677   Cr: 12.5125 )
00000549: 14.1546   (Y': 15.0924   Cb: 12.9044   Cr: 12.5613 )
00000550: 14.149    (Y': 15.0918   Cb: 12.8948   Cr: 12.5481 )
00000551: 14.1726   (Y': 15.1408   Cb: 12.9062   Cr: 12.5269 )
00000552: 14.2081   (Y': 15.1811   Cb: 12.8854   Cr: 12.604  )
00000553: 14.2116   (Y': 15.2002   Cb: 12.9083   Cr: 12.5549 )
00000554: 14.2491   (Y': 15.2652   Cb: 12.9355   Cr: 12.5429 )
00000555: 14.2273   (Y': 15.2392   Cb: 12.8971   Cr: 12.5454 )
00000556: 14.2573   (Y': 15.2619   Cb: 12.9363   Cr: 12.5823 )
00000557: 14.241    (Y': 15.2535   Cb: 12.9047   Cr: 12.5633 )
00000558: 14.254    (Y': 15.2784   Cb: 12.9005   Cr: 12.5666 )
00000559: 14.238    (Y': 15.2716   Cb: 12.9124   Cr: 12.5055 )
00000560: 14.2132   (Y': 15.2524   Cb: 12.8522   Cr: 12.5012 )
00000561: 14.1953   (Y': 15.1892   Cb: 12.8667   Cr: 12.5506 )
00000562: 14.1961   (Y': 15.2176   Cb: 12.8384   Cr: 12.519  )
00000563: 14.2102   (Y': 15.218    Cb: 12.8569   Cr: 12.5585 )
00000564: 14.2086   (Y': 15.1984   Cb: 12.8644   Cr: 12.5874 )
00000565: 14.1803   (Y': 15.2294   Cb: 12.7735   Cr: 12.49   )
00000566: 14.195    (Y': 15.2147   Cb: 12.8305   Cr: 12.5281 )
00000567: 14.1684   (Y': 15.1513   Cb: 12.8701   Cr: 12.52   )
00000568: 14.1882   (Y': 15.2035   Cb: 12.8466   Cr: 12.5097 )
00000569: 14.153    (Y': 15.1396   Cb: 12.8415   Cr: 12.5083 )
00000570: 14.1744   (Y': 15.1581   Cb: 12.8847   Cr: 12.5161 )
00000571: 14.1697   (Y': 15.173    Cb: 12.8585   Cr: 12.4888 )
00000572: 14.1829   (Y': 15.168    Cb: 12.8617   Cr: 12.5509 )
00000573: 14.1646   (Y': 15.1724   Cb: 12.8301   Cr: 12.4952 )
00000574: 14.1648   (Y': 15.1486   Cb: 12.865    Cr: 12.5155 )
00000575: 14.1875   (Y': 15.1582   Cb: 12.9021   Cr: 12.5538 )
00000576: 14.1676   (Y': 15.1272   Cb: 12.8294   Cr: 12.6077 )
00000577: 14.144    (Y': 15.0858   Cb: 12.8527   Cr: 12.58   )
00000578: 14.1624   (Y': 15.1386   Cb: 12.86     Cr: 12.5325 )
00000579: 14.162    (Y': 15.1162   Cb: 12.8513   Cr: 12.5883 )
00000580: 14.1648   (Y': 15.1522   Cb: 12.9003   Cr: 12.4755 )
00000581: 14.1682   (Y': 15.1181   Cb: 12.8892   Cr: 12.5745 )
00000582: 14.1793   (Y': 15.1343   Cb: 12.8619   Cr: 12.6102 )
00000583: 14.1315   (Y': 15.0769   Cb: 12.8512   Cr: 12.5492 )
00000584: 14.1709   (Y': 15.1219   Cb: 12.9175   Cr: 12.5508 )
00000585: 14.153    (Y': 15.1018   Cb: 12.8949   Cr: 12.5423 )
00000586: 14.1314   (Y': 15.1042   Cb: 12.8842   Cr: 12.4579 )
00000587: 14.1646   (Y': 15.116    Cb: 12.8692   Cr: 12.5829 )
00000588: 14.1516   (Y': 15.1141   Cb: 12.8918   Cr: 12.5121 )
00000589: 14.1736   (Y': 15.113    Cb: 12.9087   Cr: 12.5902 )
00000590: 14.1794   (Y': 15.1278   Cb: 12.9684   Cr: 12.5267 )
00000591: 14.1996   (Y': 15.1693   Cb: 12.9364   Cr: 12.5474 )
00000592: 14.2044   (Y': 15.1728   Cb: 12.8974   Cr: 12.5955 )
00000593: 14.1862   (Y': 15.1355   Cb: 12.9325   Cr: 12.5704 )
00000594: 14.2028   (Y': 15.1605   Cb: 12.8967   Cr: 12.6171 )
00000595: 14.1784   (Y': 15.1531   Cb: 12.9452   Cr: 12.4883 )
00000596: 14.1897   (Y': 15.166    Cb: 12.8922   Cr: 12.5548 )
00000597: 14.1702   (Y': 15.1424   Cb: 12.8719   Cr: 12.5452 )
00000598: 14.1586   (Y': 15.1538   Cb: 12.9111   Cr: 12.4372 )
00000599: 14.1686   (Y': 15.1669   Cb: 12.8338   Cr: 12.5202 )
00000600: 14.2157   (Y': 15.202    Cb: 12.9244   Cr: 12.5531 )
00000601: 14.2327   (Y': 15.1932   Cb: 12.9855   Cr: 12.5864 )
00000602: 14.2126   (Y': 15.1981   Cb: 12.897    Cr: 12.5743 )
00000603: 14.2117   (Y': 15.1745   Cb: 12.9702   Cr: 12.5548 )
00000604: 14.1835   (Y': 15.1398   Cb: 12.9196   Cr: 12.5616 )
00000605: 14.1445   (Y': 15.0981   Cb: 12.9137   Cr: 12.4983 )
00000606: 14.1766   (Y': 15.1318   Cb: 12.9433   Cr: 12.529  )
00000607: 14.1755   (Y': 15.115    Cb: 12.9452   Cr: 12.5597 )
00000608: 14.173    (Y': 15.1236   Cb: 12.9021   Cr: 12.57   )
00000609: 14.1681   (Y': 15.114    Cb: 12.9124   Cr: 12.5617 )
00000610: 14.1671   (Y': 15.1313   Cb: 12.885    Cr: 12.5443 )
00000611: 14.1804   (Y': 15.1131   Cb: 12.9189   Cr: 12.6086 )
00000612: 14.1762   (Y': 15.131    Cb: 12.9078   Cr: 12.5619 )
00000613: 14.1536   (Y': 15.1002   Cb: 12.9026   Cr: 12.5414 )
00000614: 14.1801   (Y': 15.1316   Cb: 12.9342   Cr: 12.5524 )
00000615: 14.1356   (Y': 15.099    Cb: 12.9067   Cr: 12.466  )
00000616: 14.114    (Y': 15.0467   Cb: 12.8458   Cr: 12.5485 )
00000617: 14.1284   (Y': 15.0592   Cb: 12.8358   Cr: 12.5903 )
00000618: 14.1293   (Y': 15.0849   Cb: 12.8637   Cr: 12.5105 )
00000619: 14.1296   (Y': 15.0935   Cb: 12.8363   Cr: 12.518  )
00000620: 14.1197   (Y': 15.0478   Cb: 12.855    Cr: 12.5617 )
00000621: 14.1591   (Y': 15.1091   Cb: 12.8918   Cr: 12.5543 )
00000622: 14.15     (Y': 15.1218   Cb: 12.8577   Cr: 12.5202 )
00000623: 14.117    (Y': 15.0776   Cb: 12.8323   Cr: 12.5048 )
00000624: 14.1558   (Y': 15.1078   Cb: 12.8506   Cr: 12.5817 )
00000625: 14.1623   (Y': 15.0907   Cb: 12.9257   Cr: 12.5774 )
00000626: 14.1405   (Y': 15.0816   Cb: 12.9036   Cr: 12.5273 )
00000627: 14.1388   (Y': 15.1027   Cb: 12.858    Cr: 12.5158 )
00000628: 14.1569   (Y': 15.1208   Cb: 12.8795   Cr: 12.5309 )
00000629: 14.1437   (Y': 15.1004   Cb: 12.8665   Cr: 12.5332 )
00000630: 14.1517   (Y': 15.1149   Cb: 12.8898   Cr: 12.5125 )
00000631: 14.1329   (Y': 15.113    Cb: 12.8144   Cr: 12.5091 )
00000632: 14.141    (Y': 15.1187   Cb: 12.8488   Cr: 12.4982 )
00000633: 14.1386   (Y': 15.0917   Cb: 12.8416   Cr: 12.5544 )
00000634: 14.1185   (Y': 15.0762   Cb: 12.8508   Cr: 12.497  )
00000635: 14.1636   (Y': 15.1079   Cb: 12.8995   Cr: 12.5686 )
00000636: 14.1829   (Y': 15.1518   Cb: 12.8779   Cr: 12.5712 )
00000637: 14.1678   (Y': 15.1353   Cb: 12.907    Cr: 12.5186 )
00000638: 14.1408   (Y': 15.0952   Cb: 12.8242   Cr: 12.5725 )
00000639: 14.1359   (Y': 15.092    Cb: 12.8654   Cr: 12.5204 )
00000640: 14.153    (Y': 15.1131   Cb: 12.8585   Cr: 12.5512 )
00000641: 14.1447   (Y': 15.1212   Cb: 12.8464   Cr: 12.5103 )
00000642: 14.1492   (Y': 15.098    Cb: 12.8985   Cr: 12.5318 )
00000643: 14.1525   (Y': 15.0985   Cb: 12.8621   Cr: 12.5782 )
00000644: 14.1516   (Y': 15.1059   Cb: 12.8559   Cr: 12.5635 )
00000645: 14.1648   (Y': 15.123    Cb: 12.9245   Cr: 12.5171 )
00000646: 14.1362   (Y': 15.0983   Cb: 12.8596   Cr: 12.5133 )
00000647: 14.1532   (Y': 15.1054   Cb: 12.8786   Cr: 12.55   )
00000648: 14.1624   (Y': 15.1162   Cb: 12.8634   Cr: 12.5786 )
00000649: 14.154    (Y': 15.0812   Cb: 12.89     Cr: 12.5971 )
00000650: 14.1594   (Y': 15.1207   Cb: 12.8716   Cr: 12.5483 )
00000651: 14.1398   (Y': 15.085    Cb: 12.8707   Cr: 12.5473 )
00000652: 14.132    (Y': 15.0845   Cb: 12.8318   Cr: 12.5521 )
00000653: 14.1499   (Y': 15.0863   Cb: 12.8953   Cr: 12.5636 )
00000654: 14.1361   (Y': 15.0986   Cb: 12.8528   Cr: 12.5185 )
00000655: 14.1569   (Y': 15.1338   Cb: 12.8426   Cr: 12.5364 )
00000656: 14.1622   (Y': 15.1573   Cb: 12.8074   Cr: 12.5393 )
00000657: 14.1446   (Y': 15.0992   Cb: 12.859    Cr: 12.5467 )
00000658: 14.1301   (Y': 15.0764   Cb: 12.8653   Cr: 12.5312 )
00000659: 14.1602   (Y': 15.1003   Cb: 12.9275   Cr: 12.5456 )
00000660: 14.1089   (Y': 15.0586   Cb: 12.855    Cr: 12.4925 )
00000661: 14.1824   (Y': 15.1191   Cb: 12.9444   Cr: 12.5801 )
00000662: 14.1243   (Y': 15.1099   Cb: 12.7983   Cr: 12.4955 )
00000663: 14.1484   (Y': 15.1163   Cb: 12.895    Cr: 12.4913 )
00000665: 14.1528   (Y': 15.1245   Cb: 12.8634   Cr: 12.5204 )
00000664: 14.1549   (Y': 15.1253   Cb: 12.8275   Cr: 12.5609 )
00000666: 14.1402   (Y': 15.0851   Cb: 12.8905   Cr: 12.5303 )
00000667: 14.1481   (Y': 15.106    Cb: 12.8694   Cr: 12.5362 )
00000668: 14.1756   (Y': 15.1237   Cb: 12.9121   Cr: 12.5717 )
00000669: 14.1423   (Y': 15.1121   Cb: 12.8469   Cr: 12.5195 )
00000670: 14.1463   (Y': 15.1069   Cb: 12.8383   Cr: 12.5557 )
00000671: 14.1771   (Y': 15.153    Cb: 12.8775   Cr: 12.5448 )
00000672: 14.1458   (Y': 15.1074   Cb: 12.8846   Cr: 12.5098 )
00000673: 14.1657   (Y': 15.1214   Cb: 12.8762   Cr: 12.5686 )
00000674: 14.1425   (Y': 15.0941   Cb: 12.857    Cr: 12.5511 )
00000675: 14.1448   (Y': 15.0917   Cb: 12.8503   Cr: 12.5722 )
00000676: 14.137    (Y': 15.0964   Cb: 12.8715   Cr: 12.5097 )
00000677: 14.1358   (Y': 15.1218   Cb: 12.8156   Cr: 12.5009 )
00000678: 14.1417   (Y': 15.092    Cb: 12.8919   Cr: 12.5201 )
00000679: 14.1447   (Y': 15.1175   Cb: 12.8731   Cr: 12.4939 )
00000680: 14.1422   (Y': 15.0942   Cb: 12.8842   Cr: 12.5243 )
00000681: 14.1132   (Y': 15.0672   Cb: 12.8507   Cr: 12.4953 )
00000682: 14.1243   (Y': 15.0677   Cb: 12.8743   Cr: 12.518  )
00000683: 14.1383   (Y': 15.098    Cb: 12.8522   Cr: 12.5296 )
00000684: 14.1379   (Y': 15.105    Cb: 12.8303   Cr: 12.5327 )
00000685: 14.1397   (Y': 15.0769   Cb: 12.9022   Cr: 12.5358 )
00000686: 14.1616   (Y': 15.1169   Cb: 12.8902   Cr: 12.5486 )
00000687: 14.1401   (Y': 15.0994   Cb: 12.8595   Cr: 12.527  )
00000689: 14.162    (Y': 15.1137   Cb: 12.8843   Cr: 12.5629 )
00000690: 14.1576   (Y': 15.1355   Cb: 12.8686   Cr: 12.5115 )
00000688: 14.129    (Y': 15.0861   Cb: 12.8495   Cr: 12.5196 )
00000691: 14.1483   (Y': 15.1062   Cb: 12.8434   Cr: 12.5611 )
00000692: 14.1806   (Y': 15.1416   Cb: 12.8663   Cr: 12.5952 )
00000693: 14.133    (Y': 15.1145   Cb: 12.8127   Cr: 12.508  )
00000694: 14.1524   (Y': 15.1047   Cb: 12.8903   Cr: 12.5376 )
00000695: 14.1415   (Y': 15.101    Cb: 12.9034   Cr: 12.4888 )
00000696: 14.1454   (Y': 15.0812   Cb: 12.8851   Cr: 12.5657 )
00000697: 14.1515   (Y': 15.0912   Cb: 12.8895   Cr: 12.5648 )
00000698: 14.1494   (Y': 15.1113   Cb: 12.8727   Cr: 12.5268 )
00000699: 14.1397   (Y': 15.1134   Cb: 12.8372   Cr: 12.5153 )
00000700: 14.1767   (Y': 15.1434   Cb: 12.9127   Cr: 12.5319 )
00000702: 14.1577   (Y': 15.0982   Cb: 12.902    Cr: 12.5634 )
00000701: 14.1931   (Y': 15.1644   Cb: 12.9358   Cr: 12.5319 )
00000703: 14.1892   (Y': 15.1491   Cb: 12.8936   Cr: 12.5884 )
00000704: 14.1895   (Y': 15.1417   Cb: 12.9299   Cr: 12.5729 )
00000705: 14.1907   (Y': 15.1585   Cb: 12.9028   Cr: 12.5655 )
00000706: 14.161    (Y': 15.0923   Cb: 12.9098   Cr: 12.5828 )
00000707: 14.1529   (Y': 15.1123   Cb: 12.8593   Cr: 12.5514 )
00000708: 14.1756   (Y': 15.1123   Cb: 12.9478   Cr: 12.5641 )
00000709: 14.179    (Y': 15.151    Cb: 12.8764   Cr: 12.5582 )
00000710: 14.1838   (Y': 15.1409   Cb: 12.8734   Cr: 12.6032 )
00000711: 14.1443   (Y': 15.0934   Cb: 12.8814   Cr: 12.5373 )
00000712: 14.1671   (Y': 15.1365   Cb: 12.9115   Cr: 12.5091 )
00000713: 14.1817   (Y': 15.1644   Cb: 12.9044   Cr: 12.5141 )
00000714: 14.1881   (Y': 15.1532   Cb: 12.9639   Cr: 12.5107 )
00000715: 14.1364   (Y': 15.0841   Cb: 12.8665   Cr: 12.5389 )
00000716: 14.1465   (Y': 15.0861   Cb: 12.9225   Cr: 12.5252 )
00000717: 14.145    (Y': 15.0895   Cb: 12.8707   Cr: 12.559  )
00000718: 14.1554   (Y': 15.1212   Cb: 12.8705   Cr: 12.5318 )
00000719: 14.1505   (Y': 15.1027   Cb: 12.8839   Cr: 12.5401 )
00000720: 14.1165   (Y': 15.0822   Cb: 12.8156   Cr: 12.5082 )
00000721: 14.1511   (Y': 15.1065   Cb: 12.8738   Cr: 12.5433 )
00000722: 14.1554   (Y': 15.1361   Cb: 12.858    Cr: 12.5108 )
00000723: 14.1711   (Y': 15.0961   Cb: 12.9306   Cr: 12.5972 )
00000724: 14.1404   (Y': 15.1076   Cb: 12.8692   Cr: 12.5011 )
00000726: 14.1061   (Y': 15.0509   Cb: 12.8724   Cr: 12.482  )
00000725: 14.1583   (Y': 15.1114   Cb: 12.8685   Cr: 12.5673 )
00000727: 14.128    (Y': 15.0798   Cb: 12.879    Cr: 12.5025 )
00000728: 14.1663   (Y': 15.1334   Cb: 12.9015   Cr: 12.5215 )
00000729: 14.1578   (Y': 15.1231   Cb: 12.8875   Cr: 12.5222 )
00000730: 14.1473   (Y': 15.0791   Cb: 12.8978   Cr: 12.5664 )
00000731: 14.1182   (Y': 15.0835   Cb: 12.8171   Cr: 12.511  )
00000732: 14.1585   (Y': 15.136    Cb: 12.8803   Cr: 12.5031 )
00000733: 14.1507   (Y': 15.1032   Cb: 12.879    Cr: 12.5444 )
00000734: 14.1652   (Y': 15.105    Cb: 12.899    Cr: 12.5822 )
00000735: 14.1269   (Y': 15.0891   Cb: 12.8418   Cr: 12.5114 )
00000736: 14.1653   (Y': 15.091    Cb: 12.9509   Cr: 12.5659 )
00000737: 14.169    (Y': 15.1564   Cb: 12.8787   Cr: 12.5032 )
00000738: 14.1449   (Y': 15.0891   Cb: 12.8601   Cr: 12.5691 )
00000739: 14.1786   (Y': 15.1728   Cb: 12.8865   Cr: 12.4997 )
00000740: 14.1857   (Y': 15.1441   Cb: 12.8835   Cr: 12.5947 )
00000742: 14.1383   (Y': 15.0785   Cb: 12.8707   Cr: 12.5557 )
00000741: 14.1733   (Y': 15.1406   Cb: 12.8612   Cr: 12.5716 )
00000743: 14.1501   (Y': 15.0777   Cb: 12.8916   Cr: 12.5873 )
00000744: 14.141    (Y': 15.1026   Cb: 12.8116   Cr: 12.5685 )
00000745: 14.1508   (Y': 15.1027   Cb: 12.8866   Cr: 12.5388 )
00000746: 14.1617   (Y': 15.1088   Cb: 12.9077   Cr: 12.5508 )
00000747: 14.1376   (Y': 15.099    Cb: 12.8563   Cr: 12.5204 )
00000748: 14.1563   (Y': 15.0981   Cb: 12.8877   Cr: 12.5711 )
00000749: 14.1645   (Y': 15.1023   Cb: 12.9118   Cr: 12.5733 )
00000750: 14.1677   (Y': 15.1348   Cb: 12.862    Cr: 12.5609 )
00000751: 14.1645   (Y': 15.1297   Cb: 12.8981   Cr: 12.5251 )
00000752: 14.176    (Y': 15.1261   Cb: 12.9072   Cr: 12.5726 )
00000753: 14.1383   (Y': 15.0765   Cb: 12.8996   Cr: 12.5331 )
00000754: 14.1565   (Y': 15.0957   Cb: 12.9104   Cr: 12.5558 )
00000755: 14.1267   (Y': 15.0792   Cb: 12.8602   Cr: 12.5158 )
00000756: 14.176    (Y': 15.1121   Cb: 12.9139   Cr: 12.5974 )
00000757: 14.1336   (Y': 15.0861   Cb: 12.856    Cr: 12.5328 )
00000758: 14.1322   (Y': 15.0749   Cb: 12.8707   Cr: 12.538  )
00000759: 14.1385   (Y': 15.1079   Cb: 12.8418   Cr: 12.518  )
00000761: 14.1863   (Y': 15.1596   Cb: 12.8693   Cr: 12.5762 )
00000760: 14.1711   (Y': 15.1208   Cb: 12.912    Cr: 12.5594 )
00000762: 14.1549   (Y': 15.1353   Cb: 12.8394   Cr: 12.5279 )
00000763: 14.1503   (Y': 15.0894   Cb: 12.8765   Cr: 12.5759 )
00000764: 14.1588   (Y': 15.1014   Cb: 12.9419   Cr: 12.5242 )
00000765: 14.149    (Y': 15.1039   Cb: 12.8796   Cr: 12.5354 )
00000766: 14.1696   (Y': 15.1255   Cb: 12.8871   Cr: 12.5657 )
00000767: 14.1383   (Y': 15.1201   Cb: 12.8459   Cr: 12.4867 )
00000768: 14.1791   (Y': 15.1331   Cb: 12.8782   Cr: 12.5966 )
00000769: 14.1329   (Y': 15.1021   Cb: 12.8343   Cr: 12.5145 )
00000770: 14.1615   (Y': 15.1083   Cb: 12.8932   Cr: 12.5647 )
00000771: 14.1536   (Y': 15.1172   Cb: 12.8994   Cr: 12.507  )
00000772: 14.1351   (Y': 15.0954   Cb: 12.8389   Cr: 12.5342 )
00000773: 14.1591   (Y': 15.1033   Cb: 12.8719   Cr: 12.5855 )
00000774: 14.1198   (Y': 15.0923   Cb: 12.8182   Cr: 12.4973 )
00000775: 14.1609   (Y': 15.1348   Cb: 12.8567   Cr: 12.5374 )
00000776: 14.1631   (Y': 15.1424   Cb: 12.8266   Cr: 12.5581 )
00000777: 14.1325   (Y': 15.085    Cb: 12.8611   Cr: 12.5261 )
00000778: 14.1491   (Y': 15.127    Cb: 12.8412   Cr: 12.5204 )
00000779: 14.1599   (Y': 15.1378   Cb: 12.8581   Cr: 12.5255 )
00000780: 14.1582   (Y': 15.0909   Cb: 12.9164   Cr: 12.5681 )
00000781: 14.1537   (Y': 15.1124   Cb: 12.8475   Cr: 12.566  )
00000782: 14.1297   (Y': 15.0849   Cb: 12.8876   Cr: 12.49   )
00000783: 14.1371   (Y': 15.1187   Cb: 12.8542   Cr: 12.4771 )
00000785: 14.1589   (Y': 15.1162   Cb: 12.8593   Cr: 12.5679 )
00000784: 14.1773   (Y': 15.1451   Cb: 12.9236   Cr: 12.5207 )
00000786: 14.1706   (Y': 15.136    Cb: 12.875    Cr: 12.5579 )
00000787: 14.142    (Y': 15.0725   Cb: 12.8599   Cr: 12.5948 )
00000788: 14.1574   (Y': 15.1017   Cb: 12.8755   Cr: 12.5788 )
00000789: 14.1576   (Y': 15.1116   Cb: 12.9068   Cr: 12.5288 )
00000790: 14.1592   (Y': 15.1042   Cb: 12.8987   Cr: 12.5594 )
00000791: 14.1547   (Y': 15.1064   Cb: 12.8773   Cr: 12.5553 )
00000792: 14.1551   (Y': 15.1312   Cb: 12.8646   Cr: 12.5141 )
00000793: 14.1363   (Y': 15.078    Cb: 12.8896   Cr: 12.5308 )
00000794: 14.1705   (Y': 15.1071   Cb: 12.9451   Cr: 12.557  )
00000795: 14.1494   (Y': 15.0852   Cb: 12.9261   Cr: 12.5358 )
00000796: 14.177    (Y': 15.1402   Cb: 12.8866   Cr: 12.5641 )
00000797: 14.1195   (Y': 15.1067   Cb: 12.821    Cr: 12.4615 )
00000798: 14.1468   (Y': 15.1125   Cb: 12.8873   Cr: 12.5001 )
00000799: 14.168    (Y': 15.1212   Cb: 12.8628   Cr: 12.5914 )
00000800: 14.1442   (Y': 15.0904   Cb: 12.899    Cr: 12.5273 )
00000801: 14.1312   (Y': 15.0969   Cb: 12.8343   Cr: 12.5191 )
00000802: 14.1695   (Y': 15.1318   Cb: 12.8857   Cr: 12.5526 )
00000803: 14.1579   (Y': 15.1256   Cb: 12.8729   Cr: 12.5303 )
00000804: 14.1349   (Y': 15.1122   Cb: 12.8438   Cr: 12.492  )
00000805: 14.1602   (Y': 15.1237   Cb: 12.88     Cr: 12.5377 )
00000806: 14.156    (Y': 15.1208   Cb: 12.8602   Cr: 12.5451 )
00000807: 14.1549   (Y': 15.091    Cb: 12.8808   Cr: 12.5876 )
00000808: 14.1556   (Y': 15.1041   Cb: 12.8824   Cr: 12.5597 )
00000809: 14.1447   (Y': 15.084    Cb: 12.876    Cr: 12.5651 )
00000810: 14.1412   (Y': 15.1038   Cb: 12.8714   Cr: 12.5109 )
00000811: 14.1672   (Y': 15.1206   Cb: 12.8963   Cr: 12.5582 )
00000812: 14.1167   (Y': 15.0863   Cb: 12.8344   Cr: 12.4825 )
00000813: 14.1452   (Y': 15.106    Cb: 12.8597   Cr: 12.5334 )
00000814: 14.1351   (Y': 15.0826   Cb: 12.8738   Cr: 12.5303 )
00000815: 14.1161   (Y': 15.0739   Cb: 12.8011   Cr: 12.5386 )
00000816: 14.1535   (Y': 15.1047   Cb: 12.8995   Cr: 12.5336 )
00000817: 14.1882   (Y': 15.171    Cb: 12.8969   Cr: 12.5332 )
00000818: 14.1253   (Y': 15.0869   Cb: 12.8146   Cr: 12.5353 )
00000819: 14.1345   (Y': 15.1109   Cb: 12.8263   Cr: 12.5092 )
00000820: 14.1293   (Y': 15.0831   Cb: 12.853    Cr: 12.5242 )
00000821: 14.1494   (Y': 15.0947   Cb: 12.89     Cr: 12.5474 )
00000822: 14.151    (Y': 15.1146   Cb: 12.8525   Cr: 12.545  )
00000823: 14.1469   (Y': 15.1187   Cb: 12.849    Cr: 12.5224 )
00000824: 14.1518   (Y': 15.1137   Cb: 12.8681   Cr: 12.5357 )
00000825: 14.1304   (Y': 15.0814   Cb: 12.8457   Cr: 12.5396 )
00000826: 14.1417   (Y': 15.0724   Cb: 12.8484   Cr: 12.6046 )
00000827: 14.1277   (Y': 15.0754   Cb: 12.8377   Cr: 12.5492 )
00000828: 14.1544   (Y': 15.1032   Cb: 12.8611   Cr: 12.5762 )
00000829: 14.1705   (Y': 15.1169   Cb: 12.9476   Cr: 12.5328 )
00000830: 14.1687   (Y': 15.1355   Cb: 12.8158   Cr: 12.607  )
00000831: 14.1731   (Y': 15.1514   Cb: 12.8673   Cr: 12.5415 )
00000832: 14.143    (Y': 15.1068   Cb: 12.8247   Cr: 12.5551 )
00000833: 14.1516   (Y': 15.0966   Cb: 12.8836   Cr: 12.5584 )
00000834: 14.1795   (Y': 15.1255   Cb: 12.9066   Cr: 12.5889 )
00000835: 14.1493   (Y': 15.0681   Cb: 12.9073   Cr: 12.5908 )
00000836: 14.1384   (Y': 15.0729   Cb: 12.9207   Cr: 12.5227 )
00000837: 14.1658   (Y': 15.1118   Cb: 12.8826   Cr: 12.5846 )
00000838: 14.1274   (Y': 15.074    Cb: 12.8603   Cr: 12.5301 )
00000839: 14.1474   (Y': 15.0874   Cb: 12.9277   Cr: 12.5214 )
00000840: 14.1351   (Y': 15.039    Cb: 12.9071   Cr: 12.5978 )
00000841: 14.1415   (Y': 15.0765   Cb: 12.912    Cr: 12.5352 )
00000842: 14.1792   (Y': 15.0911   Cb: 12.9639   Cr: 12.6118 )
00000843: 14.1633   (Y': 15.0923   Cb: 12.8897   Cr: 12.6113 )
00000844: 14.1395   (Y': 15.0757   Cb: 12.928    Cr: 12.5143 )
00000845: 14.1506   (Y': 15.0573   Cb: 12.9292   Cr: 12.6007 )
00000846: 14.1435   (Y': 15.0661   Cb: 12.9089   Cr: 12.5695 )
00000847: 14.162    (Y': 15.0794   Cb: 12.9127   Cr: 12.6137 )
00000848: 14.1149   (Y': 15.0196   Cb: 12.8854   Cr: 12.577  )
00000849: 14.1148   (Y': 15.0595   Cb: 12.8952   Cr: 12.4782 )
00000850: 14.1509   (Y': 15.069    Cb: 12.9261   Cr: 12.5783 )
00000851: 14.1619   (Y': 15.0896   Cb: 12.9039   Cr: 12.5984 )
00000852: 14.1386   (Y': 15.0627   Cb: 12.9102   Cr: 12.5557 )
00000853: 14.178    (Y': 15.0991   Cb: 12.9477   Cr: 12.6035 )
00000855: 14.1391   (Y': 15.0736   Cb: 12.9046   Cr: 12.5385 )
00000854: 14.1305   (Y': 15.0535   Cb: 12.9028   Cr: 12.5493 )
00000856: 14.165    (Y': 15.0821   Cb: 12.9656   Cr: 12.571  )
00000857: 14.1403   (Y': 15.0503   Cb: 12.9222   Cr: 12.5799 )
00000858: 14.1953   (Y': 15.1324   Cb: 12.9817   Cr: 12.5699 )
00000859: 14.1068   (Y': 15.034    Cb: 12.8577   Cr: 12.5361 )
00000860: 14.1118   (Y': 15.0426   Cb: 12.8859   Cr: 12.5117 )
00000861: 14.1398   (Y': 15.0424   Cb: 12.9617   Cr: 12.5592 )
00000862: 14.1615   (Y': 15.069    Cb: 12.9796   Cr: 12.5733 )
00000863: 14.1298   (Y': 15.0468   Cb: 12.915    Cr: 12.5502 )
00000864: 14.1434   (Y': 15.047    Cb: 12.9401   Cr: 12.5835 )
00000865: 14.1335   (Y': 15.0774   Cb: 12.8754   Cr: 12.5338 )
00000866: 14.1215   (Y': 15.0273   Cb: 12.9076   Cr: 12.5664 )
00000867: 14.1269   (Y': 15.0625   Cb: 12.9109   Cr: 12.5068 )
00000868: 14.1161   (Y': 15.0273   Cb: 12.9338   Cr: 12.5199 )
00000869: 14.1468   (Y': 15.0687   Cb: 12.895    Cr: 12.5907 )
00000870: 14.1578   (Y': 15.0905   Cb: 12.8881   Cr: 12.594  )
00000871: 14.1056   (Y': 15.0268   Cb: 12.8595   Cr: 12.5456 )
00000872: 14.1407   (Y': 15.0608   Cb: 12.9308   Cr: 12.5496 )
00000873: 14.1476   (Y': 15.0444   Cb: 12.9441   Cr: 12.6034 )
00000874: 14.1422   (Y': 15.0688   Cb: 12.9437   Cr: 12.5264 )
00000875: 14.1474   (Y': 15.0724   Cb: 12.899    Cr: 12.5808 )
00000876: 14.1513   (Y': 15.0677   Cb: 12.9454   Cr: 12.5649 )
00000877: 14.1474   (Y': 15.0753   Cb: 12.8931   Cr: 12.5801 )
00000878: 14.1585   (Y': 15.0896   Cb: 12.9215   Cr: 12.568  )
00000879: 14.1401   (Y': 15.0841   Cb: 12.8792   Cr: 12.5426 )
00000880: 14.1266   (Y': 15.0697   Cb: 12.8723   Cr: 12.525  )
00000881: 14.1496   (Y': 15.0923   Cb: 12.9104   Cr: 12.5351 )
00000882: 14.1116   (Y': 15.0341   Cb: 12.8608   Cr: 12.5529 )
00000883: 14.1614   (Y': 15.0914   Cb: 12.9152   Cr: 12.5815 )
00000884: 14.1342   (Y': 15.0853   Cb: 12.8876   Cr: 12.5078 )
00000886: 14.1354   (Y': 15.067    Cb: 12.837    Cr: 12.6009 )
00000885: 14.0933   (Y': 15.0145   Cb: 12.8861   Cr: 12.4972 )
00000887: 14.1674   (Y': 15.0878   Cb: 12.986    Cr: 12.5497 )
00000888: 14.1435   (Y': 15.0678   Cb: 12.9058   Cr: 12.5689 )
00000889: 14.1153   (Y': 15.0487   Cb: 12.8784   Cr: 12.5194 )
00000890: 14.1235   (Y': 15.0616   Cb: 12.8821   Cr: 12.5213 )
00000891: 14.1136   (Y': 15.0262   Cb: 12.9187   Cr: 12.526  )
00000892: 14.1662   (Y': 15.1158   Cb: 12.9202   Cr: 12.5428 )
00000893: 14.1487   (Y': 15.0794   Cb: 12.9029   Cr: 12.567  )
00000894: 14.1206   (Y': 15.0442   Cb: 12.9039   Cr: 12.528  )
00000895: 14.1381   (Y': 15.0718   Cb: 12.9019   Cr: 12.5408 )
00000896: 14.1253   (Y': 15.0395   Cb: 12.9228   Cr: 12.5409 )
00000897: 14.1351   (Y': 15.0825   Cb: 12.8484   Cr: 12.5539 )
00000898: 14.093    (Y': 15.0095   Cb: 12.8731   Cr: 12.5193 )
00000899: 14.1376   (Y': 15.0514   Cb: 12.8979   Cr: 12.5881 )
00000900: 14.0985   (Y': 15.0338   Cb: 12.8554   Cr: 12.5039 )
00000901: 14.1325   (Y': 15.0612   Cb: 12.8476   Cr: 12.5919 )
00000902: 14.156    (Y': 15.1165   Cb: 12.8481   Cr: 12.5656 )
00000903: 14.1567   (Y': 15.0953   Cb: 12.8896   Cr: 12.5769 )
00000904: 14.1177   (Y': 15.0768   Cb: 12.8395   Cr: 12.5025 )
00000905: 14.1606   (Y': 15.1256   Cb: 12.8643   Cr: 12.5496 )
00000906: 14.1456   (Y': 15.0892   Cb: 12.9009   Cr: 12.5343 )
00000907: 14.133    (Y': 15.1079   Cb: 12.8356   Cr: 12.5009 )
00000908: 14.1421   (Y': 15.1162   Cb: 12.8599   Cr: 12.4977 )
00000909: 14.1548   (Y': 15.0924   Cb: 12.9397   Cr: 12.5296 )
00000910: 14.1403   (Y': 15.1025   Cb: 12.8752   Cr: 12.5064 )
00000911: 14.1242   (Y': 15.0766   Cb: 12.8691   Cr: 12.5026 )
00000912: 14.1417   (Y': 15.0876   Cb: 12.8585   Cr: 12.5607 )
00000913: 14.1469   (Y': 15.1106   Cb: 12.9068   Cr: 12.4872 )
00000914: 14.1435   (Y': 15.0915   Cb: 12.9013   Cr: 12.5198 )
00000915: 14.1571   (Y': 15.1313   Cb: 12.8537   Cr: 12.5323 )
00000916: 14.1311   (Y': 15.0737   Cb: 12.8659   Cr: 12.5409 )
00000917: 14.1372   (Y': 15.0932   Cb: 12.8739   Cr: 12.5153 )
00000918: 14.1435   (Y': 15.0941   Cb: 12.877    Cr: 12.5366 )
00000919: 14.1561   (Y': 15.0956   Cb: 12.9254   Cr: 12.5409 )
00000920: 14.1284   (Y': 15.0796   Cb: 12.9241   Cr: 12.4634 )
00000921: 14.1588   (Y': 15.1081   Cb: 12.8751   Cr: 12.5709 )
00000922: 14.1697   (Y': 15.1337   Cb: 12.8938   Cr: 12.5419 )
00000923: 14.1406   (Y': 15.1021   Cb: 12.8325   Cr: 12.5482 )
00000924: 14.1439   (Y': 15.102    Cb: 12.85     Cr: 12.5457 )
00000925: 14.1498   (Y': 15.1033   Cb: 12.9069   Cr: 12.5148 )
00000927: 14.1352   (Y': 15.0912   Cb: 12.8685   Cr: 12.5163 )
00000926: 14.1522   (Y': 15.1112   Cb: 12.8821   Cr: 12.5302 )
00000928: 14.1312   (Y': 15.0915   Cb: 12.8271   Cr: 12.5377 )
00000929: 14.1574   (Y': 15.1166   Cb: 12.8575   Cr: 12.5625 )
00000930: 14.1307   (Y': 15.0819   Cb: 12.8574   Cr: 12.5288 )
00000931: 14.1674   (Y': 15.1418   Cb: 12.8962   Cr: 12.5122 )
00000932: 14.1451   (Y': 15.1076   Cb: 12.8613   Cr: 12.5279 )
00000933: 14.12     (Y': 15.0915   Cb: 12.8212   Cr: 12.4966 )
00000934: 14.1503   (Y': 15.1266   Cb: 12.8694   Cr: 12.5003 )
00000935: 14.1451   (Y': 15.1057   Cb: 12.8696   Cr: 12.5244 )
00000936: 14.1364   (Y': 15.0637   Cb: 12.9145   Cr: 12.5402 )
00000937: 14.1518   (Y': 15.1198   Cb: 12.8581   Cr: 12.5317 )
00000938: 14.1605   (Y': 15.0938   Cb: 12.9218   Cr: 12.5667 )
00000939: 14.1606   (Y': 15.1226   Cb: 12.8892   Cr: 12.5328 )
00000940: 14.154    (Y': 15.1331   Cb: 12.8566   Cr: 12.513  )
00000941: 14.1073   (Y': 15.0575   Cb: 12.841    Cr: 12.5009 )
00000942: 14.1557   (Y': 15.1044   Cb: 12.8864   Cr: 12.5557 )
00000943: 14.1411   (Y': 15.0918   Cb: 12.8805   Cr: 12.5288 )
00000944: 14.1541   (Y': 15.1155   Cb: 12.8764   Cr: 12.5339 )
00000945: 14.1371   (Y': 15.0938   Cb: 12.8739   Cr: 12.5137 )
00000946: 14.1447   (Y': 15.0842   Cb: 12.882    Cr: 12.5591 )
00000947: 14.1476   (Y': 15.1088   Cb: 12.8592   Cr: 12.5375 )
00000948: 14.129    (Y': 15.0749   Cb: 12.861    Cr: 12.5342 )
00000949: 14.1447   (Y': 15.0951   Cb: 12.8383   Cr: 12.5754 )
00000950: 14.1506   (Y': 15.1019   Cb: 12.903    Cr: 12.5245 )
00000951: 14.1329   (Y': 15.0745   Cb: 12.8968   Cr: 12.5182 )
00000952: 14.1603   (Y': 15.1183   Cb: 12.8938   Cr: 12.5371 )
00000953: 14.1177   (Y': 15.0569   Cb: 12.8826   Cr: 12.5071 )
00000954: 14.1572   (Y': 15.1075   Cb: 12.8886   Cr: 12.5529 )
00000955: 14.1525   (Y': 15.1184   Cb: 12.8849   Cr: 12.5129 )
00000956: 14.1315   (Y': 15.0638   Cb: 12.9185   Cr: 12.5162 )
00000957: 14.119    (Y': 15.0865   Cb: 12.8732   Cr: 12.4562 )
00000958: 14.1407   (Y': 15.0971   Cb: 12.8568   Cr: 12.5371 )
00000959: 14.1416   (Y': 15.0893   Cb: 12.8616   Cr: 12.5538 )
00000960: 14.1752   (Y': 15.1212   Cb: 12.9375   Cr: 12.5519 )
00000961: 14.1592   (Y': 15.1129   Cb: 12.8974   Cr: 12.541  )
00000962: 14.2011   (Y': 15.1684   Cb: 12.935    Cr: 12.557  )
00000963: 14.1906   (Y': 15.1541   Cb: 12.8906   Cr: 12.5862 )
00000964: 14.153    (Y': 15.0895   Cb: 12.9545   Cr: 12.5154 )
00000965: 14.177    (Y': 15.163    Cb: 12.8959   Cr: 12.5058 )
00000967: 14.1738   (Y': 15.1239   Cb: 12.9193   Cr: 12.5569 )
00000966: 14.1431   (Y': 15.127    Cb: 12.8031   Cr: 12.5313 )
00000968: 14.1306   (Y': 15.1035   Cb: 12.8205   Cr: 12.5147 )
00000969: 14.1791   (Y': 15.1505   Cb: 12.867    Cr: 12.5683 )
00000970: 14.1674   (Y': 15.1328   Cb: 12.89     Cr: 12.538  )
00000971: 14.1651   (Y': 15.1098   Cb: 12.9001   Cr: 12.57   )
00000972: 14.1397   (Y': 15.0839   Cb: 12.8863   Cr: 12.535  )
00000973: 14.1622   (Y': 15.1301   Cb: 12.8256   Cr: 12.5821 )
00000974: 14.1515   (Y': 15.1333   Cb: 12.8265   Cr: 12.5299 )
00000975: 14.1779   (Y': 15.1199   Cb: 12.9157   Cr: 12.5863 )
00000976: 14.154    (Y': 15.1128   Cb: 12.8788   Cr: 12.5372 )
00000977: 14.1384   (Y': 15.1049   Cb: 12.9173   Cr: 12.4553 )
00000978: 14.1444   (Y': 15.1131   Cb: 12.835    Cr: 12.5375 )
00000979: 14.1537   (Y': 15.1158   Cb: 12.9031   Cr: 12.5066 )
00000980: 14.1435   (Y': 15.1445   Cb: 12.8138   Cr: 12.4845 )
00000981: 14.1589   (Y': 15.0837   Cb: 12.946    Cr: 12.56   )
00000982: 14.1683   (Y': 15.1099   Cb: 12.9139   Cr: 12.5699 )
00000983: 14.1759   (Y': 15.1242   Cb: 12.9158   Cr: 12.5679 )
00000984: 14.1595   (Y': 15.1309   Cb: 12.8648   Cr: 12.5326 )
00000985: 14.1913   (Y': 15.1503   Cb: 12.9366   Cr: 12.5549 )
00000986: 14.1916   (Y': 15.1648   Cb: 12.8871   Cr: 12.57   )
00000987: 14.1673   (Y': 15.1641   Cb: 12.8292   Cr: 12.5251 )
00000988: 14.1434   (Y': 15.1135   Cb: 12.8657   Cr: 12.5037 )
00000989: 14.1463   (Y': 15.094    Cb: 12.8904   Cr: 12.5364 )
00000990: 14.1568   (Y': 15.0947   Cb: 12.9081   Cr: 12.5616 )
00000991: 14.1655   (Y': 15.1272   Cb: 12.8907   Cr: 12.5417 )
00000992: 14.1835   (Y': 15.1566   Cb: 12.8731   Cr: 12.5676 )
00000993: 14.1477   (Y': 15.0844   Cb: 12.8988   Cr: 12.5555 )
00000994: 14.1473   (Y': 15.0876   Cb: 12.881    Cr: 12.5633 )
00000995: 14.1677   (Y': 15.1274   Cb: 12.8707   Cr: 12.569  )
00000996: 14.1602   (Y': 15.0919   Cb: 12.9239   Cr: 12.5678 )
00000997: 14.1594   (Y': 15.0897   Cb: 12.939    Cr: 12.5552 )
00000998: 14.1526   (Y': 15.0796   Cb: 12.9515   Cr: 12.5382 )
00000999: 14.143    (Y': 15.0631   Cb: 12.9201   Cr: 12.5639 )
00001000: 14.1344   (Y': 15.0837   Cb: 12.8668   Cr: 12.5314 )
00001001: 14.1735   (Y': 15.1217   Cb: 12.9076   Cr: 12.5713 )
00001002: 14.1698   (Y': 15.1161   Cb: 12.9077   Cr: 12.5682 )
00001003: 14.1437   (Y': 15.0915   Cb: 12.8831   Cr: 12.5377 )
00001004: 14.1488   (Y': 15.1084   Cb: 12.888    Cr: 12.5169 )
00001005: 14.161    (Y': 15.1175   Cb: 12.8869   Cr: 12.5478 )
00001007: 14.1464   (Y': 15.0972   Cb: 12.8585   Cr: 12.5586 )
00001006: 14.1613   (Y': 15.1039   Cb: 12.9207   Cr: 12.5483 )
Total: 14.2239   (Y': 15.175    Cb: 12.9243   Cr: 12.6466 )
