00000001: 15.683    (Y': 16.391    Cb: 14.9265   Cr: 14.1864 )
00000002: 15.6916   (Y': 16.3253   Cb: 15.0093   Cr: 14.315  )
00000000: 31.3234   (Y': 44.3744   Cb: 26.6981   Cr: 26.6981 )
00000003: 15.6907   (Y': 16.3829   Cb: 14.9018   Cr: 14.2603 )
00000004: 15.7157   (Y': 16.3708   Cb: 15.0016   Cr: 14.3127 )
00000005: 15.6948   (Y': 16.3317   Cb: 15.0407   Cr: 14.2864 )
00000006: 15.6935   (Y': 16.3532   Cb: 14.9853   Cr: 14.2741 )
00000007: 15.6875   (Y': 16.3106   Cb: 14.9901   Cr: 14.3507 )
00000010: 15.7209   (Y': 16.3692   Cb: 15.0046   Cr: 14.3368 )
00000008: 15.6893   (Y': 16.3359   Cb: 14.9381   Cr: 14.3397 )
00000013: 15.749    (Y': 16.3944   Cb: 15.0963   Cr: 14.3181 )
00000012: 15.743    (Y': 16.4201   Cb: 15.0865   Cr: 14.2378 )
00000011: 15.6971   (Y': 16.3505   Cb: 15.0244   Cr: 14.2635 )
00000009: 15.7175   (Y': 16.3669   Cb: 15.0303   Cr: 14.306  )
00000015: 15.7308   (Y': 16.3744   Cb: 15.0373   Cr: 14.339  )
00000014: 15.7321   (Y': 16.3802   Cb: 15.0548   Cr: 14.315  )
00000017: 15.8063   (Y': 16.4878   Cb: 15.1117   Cr: 14.3221 )
00000016: 15.7741   (Y': 16.4311   Cb: 15.0862   Cr: 14.3443 )
00000019: 15.8583   (Y': 16.5219   Cb: 15.1813   Cr: 14.403  )
00000021: 15.9051   (Y': 16.5596   Cb: 15.1747   Cr: 14.5177 )
00000020: 15.9287   (Y': 16.5855   Cb: 15.2477   Cr: 14.4934 )
00000023: 16.9774   (Y': 17.6025   Cb: 16.2313   Cr: 15.6778 )
00000018: 15.8147   (Y': 16.4941   Cb: 15.1037   Cr: 14.3492 )
00000022: 16.4579   (Y': 17.1483   Cb: 15.6553   Cr: 15.0437 )
00000024: 16.822    (Y': 17.4609   Cb: 16.0519   Cr: 15.5082 )
00000025: 16.5705   (Y': 17.2121   Cb: 15.8811   Cr: 15.1799 )
00000026: 16.4538   (Y': 17.048    Cb: 15.8404   Cr: 15.1191 )
00000027: 16.2692   (Y': 16.8346   Cb: 15.6664   Cr: 15.0003 )
00000028: 16.1826   (Y': 16.6825   Cb: 15.7307   Cr: 14.9594 )
00000029: 15.906    (Y': 16.3636   Cb: 15.5174   Cr: 14.7454 )
00000031: 15.9305   (Y': 16.427    Cb: 15.5324   Cr: 14.6719 )
00000030: 15.9256   (Y': 16.4064   Cb: 15.5406   Cr: 14.6987 )
00000032: 15.9825   (Y': 16.4612   Cb: 15.5612   Cr: 14.791  )
00000034: 15.8628   (Y': 16.3046   Cb: 15.5014   Cr: 14.7229 )
00000033: 15.8634   (Y': 16.3128   Cb: 15.5581   Cr: 14.6564 )
00000035: 15.809    (Y': 16.2279   Cb: 15.5227   Cr: 14.6706 )
00000038: 15.7438   (Y': 16.0612   Cb: 15.6671   Cr: 14.7261 )
00000037: 15.789    (Y': 16.1536   Cb: 15.6026   Cr: 14.7227 )
00000039: 15.7115   (Y': 16.0315   Cb: 15.6165   Cr: 14.7009 )
00000036: 15.7694   (Y': 16.1324   Cb: 15.5317   Cr: 14.7501 )
00000040: 15.7243   (Y': 16.0739   Cb: 15.5126   Cr: 14.7225 )
00000042: 15.7109   (Y': 16.0506   Cb: 15.5417   Cr: 14.7028 )
00000041: 15.6959   (Y': 16.0208   Cb: 15.5685   Cr: 14.6973 )
00000043: 15.7214   (Y': 16.0488   Cb: 15.5491   Cr: 14.7524 )
00000044: 15.692    (Y': 16.0183   Cb: 15.5554   Cr: 14.6965 )
00000045: 15.6996   (Y': 16.0216   Cb: 15.5346   Cr: 14.7406 )
00000046: 15.7131   (Y': 16.0496   Cb: 15.5529   Cr: 14.7075 )
00000047: 15.7054   (Y': 16.0464   Cb: 15.5018   Cr: 14.7221 )
00000048: 15.7244   (Y': 16.0285   Cb: 15.5994   Cr: 14.7855 )
00000050: 15.7083   (Y': 16.0468   Cb: 15.506    Cr: 14.7316 )
00000049: 15.6905   (Y': 16.0498   Cb: 15.5126   Cr: 14.6324 )
00000051: 15.7194   (Y': 16.0222   Cb: 15.5779   Cr: 14.798  )
00000052: 15.7394   (Y': 16.0746   Cb: 15.5812   Cr: 14.7358 )
00000053: 15.7163   (Y': 16.0364   Cb: 15.5659   Cr: 14.7508 )
00000054: 15.6978   (Y': 16.0116   Cb: 15.5753   Cr: 14.7276 )
00000055: 15.6949   (Y': 16.026    Cb: 15.5867   Cr: 14.6623 )
00000057: 15.6996   (Y': 16.031    Cb: 15.5891   Cr: 14.6679 )
00000056: 15.739    (Y': 16.07     Cb: 15.6047   Cr: 14.7279 )
00000058: 15.6967   (Y': 16.0119   Cb: 15.6056   Cr: 14.6967 )
00000060: 15.7304   (Y': 16.048    Cb: 15.5811   Cr: 14.7713 )
00000061: 15.7192   (Y': 16.0347   Cb: 15.6036   Cr: 14.7388 )
00000059: 15.6807   (Y': 16.0184   Cb: 15.5172   Cr: 14.6738 )
00000062: 15.7087   (Y': 16.0273   Cb: 15.616    Cr: 14.7002 )
00000063: 15.6965   (Y': 16.0277   Cb: 15.5548   Cr: 14.6908 )
00000064: 15.7029   (Y': 16.0549   Cb: 15.5      Cr: 14.6866 )
00000065: 15.6889   (Y': 16.0071   Cb: 15.5717   Cr: 14.7018 )
00000066: 15.7084   (Y': 16.0532   Cb: 15.5527   Cr: 14.6744 )
00000067: 15.6988   (Y': 16.0062   Cb: 15.5798   Cr: 14.7452 )
00000068: 15.6989   (Y': 16.0179   Cb: 15.5864   Cr: 14.7055 )
00000069: 15.6959   (Y': 16.0308   Cb: 15.5093   Cr: 14.7167 )
00000070: 15.7202   (Y': 16.052    Cb: 15.5996   Cr: 14.6956 )
00000071: 15.6882   (Y': 16.0252   Cb: 15.5296   Cr: 14.6796 )
00000072: 15.6715   (Y': 15.9812   Cb: 15.5722   Cr: 14.695  )
00000073: 15.7025   (Y': 16.0314   Cb: 15.5663   Cr: 14.6994 )
00000074: 15.6981   (Y': 16.0303   Cb: 15.5382   Cr: 14.7047 )
00000075: 15.6846   (Y': 16.0146   Cb: 15.5387   Cr: 14.686  )
00000077: 15.6796   (Y': 16.0169   Cb: 15.5307   Cr: 14.6621 )
00000076: 15.6876   (Y': 16.0279   Cb: 15.5609   Cr: 14.6433 )
00000079: 15.6869   (Y': 16.0272   Cb: 15.5181   Cr: 14.677  )
00000078: 15.7048   (Y': 16.0132   Cb: 15.5949   Cr: 14.7405 )
00000080: 15.7117   (Y': 16.0263   Cb: 15.6306   Cr: 14.7057 )
00000081: 15.6953   (Y': 16.0219   Cb: 15.524    Cr: 14.728  )
00000082: 15.7069   (Y': 16.036    Cb: 15.5922   Cr: 14.6853 )
00000083: 15.7132   (Y': 16.0537   Cb: 15.5387   Cr: 14.7073 )
00000084: 15.6884   (Y': 16.03     Cb: 15.5557   Cr: 14.645  )
00000085: 15.701    (Y': 16.0305   Cb: 15.5416   Cr: 14.7147 )
00000086: 15.6641   (Y': 15.9871   Cb: 15.5592   Cr: 14.6528 )
00000087: 15.6932   (Y': 16.0296   Cb: 15.539    Cr: 14.6828 )
00000088: 15.7109   (Y': 16.0667   Cb: 15.5403   Cr: 14.6572 )
00000089: 15.6938   (Y': 16.0177   Cb: 15.5751   Cr: 14.691  )
00000090: 15.7209   (Y': 16.0476   Cb: 15.5553   Cr: 14.7484 )
00000091: 15.6837   (Y': 15.9922   Cb: 15.5553   Cr: 14.7343 )
00000092: 15.6932   (Y': 16.0183   Cb: 15.602    Cr: 14.6646 )
00000093: 15.6963   (Y': 16.0202   Cb: 15.5839   Cr: 14.6884 )
00000094: 15.7074   (Y': 16.0165   Cb: 15.5798   Cr: 14.7556 )
00000095: 15.7049   (Y': 16.0351   Cb: 15.5473   Cr: 14.7153 )
00000096: 15.6749   (Y': 15.9857   Cb: 15.5906   Cr: 14.6825 )
00000097: 15.6833   (Y': 16.0027   Cb: 15.5201   Cr: 14.7307 )
00000098: 15.7137   (Y': 16.0717   Cb: 15.5538   Cr: 14.6452 )
00000099: 15.805    (Y': 16.2049   Cb: 15.5176   Cr: 14.7211 )
00000100: 15.7256   (Y': 16.3976   Cb: 15.1546   Cr: 14.1635 )
00000101: 15.7038   (Y': 16.373    Cb: 15.1991   Cr: 14.0962 )
00000103: 15.8764   (Y': 16.4272   Cb: 15.427    Cr: 14.5173 )
00000102: 15.7981   (Y': 16.354    Cb: 15.4368   Cr: 14.3559 )
00000104: 15.8769   (Y': 16.4092   Cb: 15.4399   Cr: 14.5554 )
00000105: 15.8707   (Y': 16.4119   Cb: 15.3965   Cr: 14.5566 )
00000107: 15.8377   (Y': 16.3843   Cb: 15.4259   Cr: 14.4592 )
00000106: 15.8557   (Y': 16.4114   Cb: 15.4108   Cr: 14.4805 )
00000108: 15.8348   (Y': 16.3838   Cb: 15.3497   Cr: 14.5097 )
00000109: 15.7851   (Y': 16.3277   Cb: 15.3614   Cr: 14.4262 )
00000110: 15.7842   (Y': 16.3221   Cb: 15.348    Cr: 14.4478 )
00000111: 15.7925   (Y': 16.3133   Cb: 15.33     Cr: 14.5224 )
00000112: 15.7804   (Y': 16.3128   Cb: 15.3254   Cr: 14.4736 )
00000113: 15.7851   (Y': 16.3056   Cb: 15.3741   Cr: 14.4739 )
00000115: 15.7738   (Y': 16.2987   Cb: 15.3569   Cr: 14.4558 )
00000114: 15.7534   (Y': 16.2615   Cb: 15.3107   Cr: 14.5006 )
00000116: 15.7636   (Y': 16.3055   Cb: 15.303    Cr: 14.4367 )
00000117: 15.7552   (Y': 16.327    Cb: 15.2665   Cr: 14.3745 )
00000118: 15.7759   (Y': 16.326    Cb: 15.2631   Cr: 14.4711 )
00000119: 15.7731   (Y': 16.3715   Cb: 15.2269   Cr: 14.3719 )
00000120: 15.7153   (Y': 16.2842   Cb: 15.2348   Cr: 14.3351 )
00000121: 15.7224   (Y': 16.2951   Cb: 15.1892   Cr: 14.3759 )
00000122: 15.7114   (Y': 16.2846   Cb: 15.2402   Cr: 14.3127 )
00000123: 15.7486   (Y': 16.3126   Cb: 15.28     Cr: 14.371  )
00000124: 15.7049   (Y': 16.2607   Cb: 15.2293   Cr: 14.3544 )
00000125: 15.6598   (Y': 16.2206   Cb: 15.1193   Cr: 14.3499 )
00000126: 15.7086   (Y': 16.2799   Cb: 15.1803   Cr: 14.3614 )
00000127: 15.6797   (Y': 16.2074   Cb: 15.1911   Cr: 14.4131 )
00000128: 15.7165   (Y': 16.2866   Cb: 15.195    Cr: 14.3671 )
00000129: 15.7007   (Y': 16.2715   Cb: 15.2576   Cr: 14.2856 )
00000131: 15.7348   (Y': 16.3565   Cb: 15.1574   Cr: 14.3006 )
00000130: 15.726    (Y': 16.3228   Cb: 15.0933   Cr: 14.4007 )
00000132: 15.7424   (Y': 16.3697   Cb: 15.1161   Cr: 14.3347 )
00000133: 15.7364   (Y': 16.3492   Cb: 15.124    Cr: 14.3533 )
00000134: 15.7146   (Y': 16.3279   Cb: 15.1689   Cr: 14.2754 )
00000135: 15.7247   (Y': 16.3405   Cb: 15.1446   Cr: 14.3076 )
00000136: 15.7429   (Y': 16.3689   Cb: 15.1389   Cr: 14.3197 )
00000137: 15.714    (Y': 16.3167   Cb: 15.1871   Cr: 14.2859 )
00000138: 15.7357   (Y': 16.3621   Cb: 15.1747   Cr: 14.2764 )
00000139: 15.7374   (Y': 16.3626   Cb: 15.1852   Cr: 14.274  )
00000140: 15.7564   (Y': 16.3627   Cb: 15.1349   Cr: 14.3977 )
00000141: 15.7597   (Y': 16.4267   Cb: 15.0587   Cr: 14.316  )
00000142: 15.769    (Y': 16.3976   Cb: 15.1536   Cr: 14.349  )
00000143: 15.7558   (Y': 16.3998   Cb: 15.0912   Cr: 14.3387 )
00000144: 15.7822   (Y': 16.4281   Cb: 15.1359   Cr: 14.3446 )
00000145: 15.7791   (Y': 16.3922   Cb: 15.1603   Cr: 14.4007 )
00000146: 15.7145   (Y': 16.3278   Cb: 15.1087   Cr: 14.3249 )
00000147: 15.7155   (Y': 16.3089   Cb: 15.1713   Cr: 14.3248 )
00000148: 15.7143   (Y': 16.3199   Cb: 15.1302   Cr: 14.3262 )
00000149: 15.7152   (Y': 16.3344   Cb: 15.1678   Cr: 14.2626 )
00000151: 15.7141   (Y': 16.3145   Cb: 15.167    Cr: 14.3082 )
00000150: 15.7097   (Y': 16.3017   Cb: 15.1711   Cr: 14.3184 )
00000152: 15.7139   (Y': 16.3069   Cb: 15.184    Cr: 14.3126 )
00000153: 15.7814   (Y': 16.4357   Cb: 15.182    Cr: 14.2847 )
00000154: 15.7866   (Y': 16.4146   Cb: 15.1733   Cr: 14.3663 )
00000155: 15.7494   (Y': 16.3612   Cb: 15.1682   Cr: 14.3428 )
00000156: 15.8135   (Y': 16.4149   Cb: 15.3068   Cr: 14.3723 )
00000157: 15.8208   (Y': 16.4153   Cb: 15.2811   Cr: 14.4238 )
00000158: 15.7446   (Y': 16.3564   Cb: 15.1407   Cr: 14.357  )
00000159: 15.7537   (Y': 16.3418   Cb: 15.1969   Cr: 14.387  )
00000160: 15.7395   (Y': 16.2959   Cb: 15.2849   Cr: 14.3703 )
00000161: 15.7154   (Y': 16.2657   Cb: 15.2432   Cr: 14.3764 )
00000163: 15.7328   (Y': 16.3223   Cb: 15.2468   Cr: 14.3047 )
00000162: 15.679    (Y': 16.2252   Cb: 15.2009   Cr: 14.3551 )
00000164: 15.8074   (Y': 16.4158   Cb: 15.2506   Cr: 14.3897 )
00000165: 15.7574   (Y': 16.3475   Cb: 15.2218   Cr: 14.3683 )
00000166: 15.7481   (Y': 16.3475   Cb: 15.1821   Cr: 14.3606 )
00000167: 15.731    (Y': 16.3397   Cb: 15.118    Cr: 14.3591 )
00000168: 15.7343   (Y': 16.3557   Cb: 15.1418   Cr: 14.3134 )
00000169: 15.746    (Y': 16.3444   Cb: 15.2096   Cr: 14.3367 )
00000170: 15.7386   (Y': 16.331    Cb: 15.1947   Cr: 14.3504 )
00000171: 15.7082   (Y': 16.306    Cb: 15.1399   Cr: 14.3264 )
00000172: 15.7154   (Y': 16.3139   Cb: 15.1682   Cr: 14.3148 )
00000173: 15.7061   (Y': 16.3088   Cb: 15.135    Cr: 14.3144 )
00000174: 15.7399   (Y': 16.3179   Cb: 15.1647   Cr: 14.4146 )
00000175: 15.7213   (Y': 16.3069   Cb: 15.1597   Cr: 14.3649 )
00000176: 15.6898   (Y': 16.289    Cb: 15.1393   Cr: 14.2899 )
00000177: 15.7379   (Y': 16.348    Cb: 15.166    Cr: 14.3283 )
00000178: 15.7302   (Y': 16.3079   Cb: 15.1924   Cr: 14.3742 )
00000179: 15.6934   (Y': 16.2749   Cb: 15.1862   Cr: 14.3029 )
00000180: 15.6639   (Y': 16.2367   Cb: 15.1781   Cr: 14.2779 )
00000181: 15.7324   (Y': 16.318    Cb: 15.257    Cr: 14.3057 )
00000182: 15.7077   (Y': 16.3366   Cb: 15.1457   Cr: 14.2427 )
00000183: 15.7069   (Y': 16.3312   Cb: 15.1863   Cr: 14.2201 )
00000184: 15.7294   (Y': 16.3372   Cb: 15.1759   Cr: 14.3101 )
00000185: 15.8318   (Y': 16.443    Cb: 15.24     Cr: 14.4359 )
00000186: 15.8531   (Y': 16.4916   Cb: 15.2511   Cr: 14.3972 )
00000187: 15.6861   (Y': 16.2703   Cb: 15.17     Cr: 14.2958 )
00000188: 15.7409   (Y': 16.3772   Cb: 15.1419   Cr: 14.2884 )
00000189: 15.7424   (Y': 16.3392   Cb: 15.1695   Cr: 14.3669 )
00000190: 15.7249   (Y': 16.3272   Cb: 15.1189   Cr: 14.3635 )
00000191: 15.7435   (Y': 16.3444   Cb: 15.1772   Cr: 14.3524 )
00000192: 15.7082   (Y': 16.3081   Cb: 15.1535   Cr: 14.3099 )
00000193: 15.7101   (Y': 16.2587   Cb: 15.2243   Cr: 14.3863 )
00000194: 15.7083   (Y': 16.3087   Cb: 15.1507   Cr: 14.3112 )
00000195: 15.7208   (Y': 16.3184   Cb: 15.2009   Cr: 14.2999 )
00000196: 15.7249   (Y': 16.3079   Cb: 15.1933   Cr: 14.3505 )
00000197: 15.6894   (Y': 16.2735   Cb: 15.1528   Cr: 14.3166 )
00000198: 15.713    (Y': 16.3064   Cb: 15.1871   Cr: 14.3076 )
00000199: 15.7121   (Y': 16.2814   Cb: 15.2083   Cr: 14.3499 )
00000200: 15.7119   (Y': 16.3026   Cb: 15.183    Cr: 14.3157 )
00000201: 15.7046   (Y': 16.3035   Cb: 15.1431   Cr: 14.3145 )
00000202: 15.6855   (Y': 16.248    Cb: 15.1606   Cr: 14.3581 )
00000203: 15.7068   (Y': 16.2825   Cb: 15.1353   Cr: 14.3841 )
00000204: 15.6853   (Y': 16.2464   Cb: 15.1344   Cr: 14.3835 )
00000205: 15.6905   (Y': 16.276    Cb: 15.1336   Cr: 14.3307 )
00000206: 15.671    (Y': 16.2668   Cb: 15.1503   Cr: 14.2553 )
00000207: 15.7021   (Y': 16.2624   Cb: 15.1976   Cr: 14.3639 )
00000208: 15.6767   (Y': 16.2288   Cb: 15.2135   Cr: 14.3255 )
00000209: 15.6984   (Y': 16.2628   Cb: 15.2541   Cr: 14.3003 )
00000210: 15.7217   (Y': 16.2762   Cb: 15.1814   Cr: 14.4282 )
00000211: 15.6786   (Y': 16.2423   Cb: 15.1238   Cr: 14.373  )
00000212: 15.6672   (Y': 16.2217   Cb: 15.1411   Cr: 14.3616 )
00000213: 15.7102   (Y': 16.2664   Cb: 15.2086   Cr: 14.3799 )
00000214: 15.7068   (Y': 16.2889   Cb: 15.2036   Cr: 14.3117 )
00000215: 15.6949   (Y': 16.2546   Cb: 15.1881   Cr: 14.36   )
00000216: 15.7077   (Y': 16.2739   Cb: 15.1846   Cr: 14.3691 )
00000217: 15.6746   (Y': 16.2437   Cb: 15.171    Cr: 14.3128 )
00000218: 15.6711   (Y': 16.2324   Cb: 15.1435   Cr: 14.349  )
00000219: 15.6959   (Y': 16.261    Cb: 15.1452   Cr: 14.3836 )
00000220: 15.6791   (Y': 16.2247   Cb: 15.2067   Cr: 14.3523 )
00000221: 15.6973   (Y': 16.253    Cb: 15.2136   Cr: 14.3537 )
00000222: 15.6974   (Y': 16.2411   Cb: 15.1742   Cr: 14.4178 )
00000223: 15.6875   (Y': 16.2523   Cb: 15.2262   Cr: 14.3019 )
00000224: 15.6802   (Y': 16.2428   Cb: 15.1723   Cr: 14.3387 )
00000225: 15.6948   (Y': 16.248    Cb: 15.2022   Cr: 14.3651 )
00000226: 15.6707   (Y': 16.2244   Cb: 15.1805   Cr: 14.3377 )
00000227: 15.713    (Y': 16.2564   Cb: 15.2119   Cr: 14.4153 )
00000228: 15.6881   (Y': 16.2301   Cb: 15.2279   Cr: 14.3607 )
00000229: 15.6752   (Y': 16.2204   Cb: 15.1858   Cr: 14.3635 )
00000230: 15.6786   (Y': 16.2464   Cb: 15.1453   Cr: 14.3445 )
00000231: 15.6967   (Y': 16.2667   Cb: 15.1601   Cr: 14.3597 )
00000232: 15.6973   (Y': 16.2411   Cb: 15.2255   Cr: 14.3747 )
00000233: 15.6817   (Y': 16.2247   Cb: 15.2359   Cr: 14.3399 )
00000234: 15.679    (Y': 16.2319   Cb: 15.1828   Cr: 14.3529 )
00000235: 15.6816   (Y': 16.2452   Cb: 15.1951   Cr: 14.32   )
00000237: 15.6793   (Y': 16.2487   Cb: 15.1579   Cr: 14.3316 )
00000236: 15.6903   (Y': 16.235    Cb: 15.2153   Cr: 14.3679 )
00000238: 15.6495   (Y': 16.2074   Cb: 15.164    Cr: 14.3013 )
00000239: 15.658    (Y': 16.2403   Cb: 15.0979   Cr: 14.3091 )
00000240: 15.6624   (Y': 16.1928   Cb: 15.1983   Cr: 14.3684 )
00000241: 15.6982   (Y': 16.2364   Cb: 15.248    Cr: 14.3726 )
00000242: 15.7734   (Y': 16.3662   Cb: 15.235    Cr: 14.3798 )
00000243: 15.7843   (Y': 16.3574   Cb: 15.2774   Cr: 14.415  )
00000244: 15.7434   (Y': 16.2978   Cb: 15.3004   Cr: 14.3701 )
00000245: 15.7546   (Y': 16.2992   Cb: 15.2817   Cr: 14.4306 )
00000246: 15.7206   (Y': 16.2895   Cb: 15.2047   Cr: 14.3694 )
00000247: 15.726    (Y': 16.292    Cb: 15.2229   Cr: 14.3718 )
00000248: 15.7286   (Y': 16.2693   Cb: 15.2889   Cr: 14.3876 )
00000249: 15.7235   (Y': 16.2584   Cb: 15.252    Cr: 14.4237 )
00000250: 15.6879   (Y': 16.2578   Cb: 15.2712   Cr: 14.2542 )
00000251: 15.6963   (Y': 16.2461   Cb: 15.2221   Cr: 14.36   )
00000252: 15.7133   (Y': 16.2703   Cb: 15.1729   Cr: 14.4132 )
00000253: 15.733    (Y': 16.2757   Cb: 15.2481   Cr: 14.4243 )
00000254: 15.7248   (Y': 16.2726   Cb: 15.228    Cr: 14.4123 )
00000255: 15.7031   (Y': 16.2585   Cb: 15.2626   Cr: 14.3247 )
00000256: 15.6876   (Y': 16.2763   Cb: 15.1503   Cr: 14.3035 )
00000257: 15.7001   (Y': 16.2618   Cb: 15.1872   Cr: 14.3649 )
00000258: 15.6986   (Y': 16.2355   Cb: 15.2589   Cr: 14.3676 )
00000259: 15.7082   (Y': 16.2965   Cb: 15.2179   Cr: 14.2866 )
00000261: 15.7112   (Y': 16.2455   Cb: 15.291    Cr: 14.3711 )
00000260: 15.6994   (Y': 16.2575   Cb: 15.1906   Cr: 14.3702 )
00000262: 15.7102   (Y': 16.2495   Cb: 15.235    Cr: 14.4019 )
00000263: 15.6651   (Y': 16.2114   Cb: 15.1681   Cr: 14.3565 )
00000264: 15.688    (Y': 16.2481   Cb: 15.2134   Cr: 14.3255 )
00000265: 15.7103   (Y': 16.2647   Cb: 15.2603   Cr: 14.3427 )
00000266: 15.6864   (Y': 16.2253   Cb: 15.251    Cr: 14.3468 )
00000267: 15.6607   (Y': 16.2303   Cb: 15.1799   Cr: 14.2789 )
00000268: 15.6798   (Y': 16.2212   Cb: 15.2298   Cr: 14.3456 )
00000269: 15.678    (Y': 16.2099   Cb: 15.2196   Cr: 14.3755 )
00000270: 15.6883   (Y': 16.2417   Cb: 15.2087   Cr: 14.3471 )
00000271: 15.6947   (Y': 16.2464   Cb: 15.1873   Cr: 14.3808 )
00000272: 15.6796   (Y': 16.2126   Cb: 15.2322   Cr: 14.3649 )
00000273: 15.7129   (Y': 16.2737   Cb: 15.175    Cr: 14.401  )
00000274: 15.6629   (Y': 16.2183   Cb: 15.1851   Cr: 14.3153 )
00000275: 15.6988   (Y': 16.2358   Cb: 15.2508   Cr: 14.3745 )
00000276: 15.6745   (Y': 16.2303   Cb: 15.2124   Cr: 14.3127 )
00000277: 15.6823   (Y': 16.2192   Cb: 15.2009   Cr: 14.3856 )
00000278: 15.6844   (Y': 16.1871   Cb: 15.2752   Cr: 14.4185 )
00000279: 15.6622   (Y': 16.1976   Cb: 15.1991   Cr: 14.3544 )
00000280: 15.668    (Y': 16.2124   Cb: 15.1864   Cr: 14.3516 )
00000282: 15.6735   (Y': 16.2082   Cb: 15.2318   Cr: 14.3501 )
00000281: 15.6832   (Y': 16.2343   Cb: 15.2142   Cr: 14.3393 )
00000283: 15.6815   (Y': 16.2317   Cb: 15.1815   Cr: 14.3655 )
00000284: 15.6696   (Y': 16.2158   Cb: 15.2048   Cr: 14.335  )
00000286: 15.682    (Y': 16.2179   Cb: 15.2276   Cr: 14.3658 )
00000285: 15.6633   (Y': 16.1918   Cb: 15.1935   Cr: 14.3789 )
00000287: 15.6643   (Y': 16.2155   Cb: 15.1419   Cr: 14.3642 )
00000288: 15.6531   (Y': 16.2118   Cb: 15.1461   Cr: 14.321  )
00000289: 15.6944   (Y': 16.2182   Cb: 15.2688   Cr: 14.3861 )
00000290: 15.6908   (Y': 16.2282   Cb: 15.2767   Cr: 14.338  )
00000291: 15.6874   (Y': 16.2245   Cb: 15.1853   Cr: 14.4073 )
00000292: 15.6792   (Y': 16.2316   Cb: 15.2084   Cr: 14.3334 )
00000293: 15.6681   (Y': 16.206    Cb: 15.227    Cr: 14.3358 )
00000294: 15.7061   (Y': 16.2616   Cb: 15.2449   Cr: 14.3448 )
00000295: 15.6921   (Y': 16.2138   Cb: 15.2242   Cr: 14.4242 )
00000296: 15.6684   (Y': 16.1994   Cb: 15.2321   Cr: 14.3502 )
00000298: 15.7118   (Y': 16.274    Cb: 15.1982   Cr: 14.3757 )
00000297: 15.6996   (Y': 16.2417   Cb: 15.2257   Cr: 14.3829 )
00000299: 15.7161   (Y': 16.2522   Cb: 15.2974   Cr: 14.3703 )
00000300: 15.6533   (Y': 16.1905   Cb: 15.222    Cr: 14.3146 )
00000302: 15.8437   (Y': 16.4376   Cb: 15.334    Cr: 14.4236 )
00000301: 15.7443   (Y': 16.2997   Cb: 15.2555   Cr: 14.4056 )
00000303: 15.6742   (Y': 16.2521   Cb: 15.1378   Cr: 14.3167 )
00000304: 15.7081   (Y': 16.299    Cb: 15.1636   Cr: 14.3244 )
00000306: 15.7403   (Y': 16.3553   Cb: 15.1784   Cr: 14.3101 )
00000305: 15.7105   (Y': 16.2933   Cb: 15.184    Cr: 14.3326 )
00000307: 15.7401   (Y': 16.285    Cb: 15.2517   Cr: 14.4283 )
00000310: 15.7537   (Y': 16.3487   Cb: 15.24     Cr: 14.3344 )
00000308: 15.77     (Y': 16.3664   Cb: 15.241    Cr: 14.3598 )
00000309: 15.7795   (Y': 16.3757   Cb: 15.274    Cr: 14.3505 )
00000311: 15.7834   (Y': 16.4075   Cb: 15.2781   Cr: 14.2849 )
00000312: 15.8267   (Y': 16.4534   Cb: 15.2402   Cr: 14.3876 )
00000313: 15.891    (Y': 16.5178   Cb: 15.3108   Cr: 14.4462 )
00000314: 15.8677   (Y': 16.5116   Cb: 15.2567   Cr: 14.4061 )
00000315: 15.8966   (Y': 16.5518   Cb: 15.2951   Cr: 14.3996 )
00000316: 15.878    (Y': 16.4975   Cb: 15.2999   Cr: 14.45   )
00000317: 15.8707   (Y': 16.4549   Cb: 15.3438   Cr: 14.4895 )
00000318: 15.8767   (Y': 16.4614   Cb: 15.3524   Cr: 14.4919 )
00000319: 15.7842   (Y': 16.3289   Cb: 15.2866   Cr: 14.4804 )
00000320: 15.7465   (Y': 16.2462   Cb: 15.3479   Cr: 14.4799 )
00000322: 15.7715   (Y': 16.3177   Cb: 15.2967   Cr: 14.445  )
00000321: 15.7669   (Y': 16.3073   Cb: 15.2919   Cr: 14.4556 )
00000323: 15.8159   (Y': 16.3979   Cb: 15.2786   Cr: 14.449  )
00000325: 15.8067   (Y': 16.4149   Cb: 15.2646   Cr: 14.3772 )
00000324: 15.8328   (Y': 16.4328   Cb: 15.2927   Cr: 14.4224 )
00000326: 15.812    (Y': 16.4366   Cb: 15.2092   Cr: 14.3913 )
00000327: 15.8358   (Y': 16.449    Cb: 15.3219   Cr: 14.3711 )
00000328: 15.8497   (Y': 16.4794   Cb: 15.263    Cr: 14.4033 )
00000330: 15.8122   (Y': 16.4081   Cb: 15.2944   Cr: 14.394  )
00000329: 15.833    (Y': 16.4589   Cb: 15.2342   Cr: 14.4059 )
00000331: 15.8027   (Y': 16.405    Cb: 15.2405   Cr: 14.4047 )
00000332: 15.7985   (Y': 16.3896   Cb: 15.2315   Cr: 14.4328 )
00000333: 15.7568   (Y': 16.3285   Cb: 15.2062   Cr: 14.4269 )
00000334: 15.7385   (Y': 16.2986   Cb: 15.2297   Cr: 14.404  )
00000335: 15.7234   (Y': 16.2745   Cb: 15.212    Cr: 14.4147 )
00000336: 15.6874   (Y': 16.2495   Cb: 15.261    Cr: 14.281  )
00000337: 15.7041   (Y': 16.2393   Cb: 15.2423   Cr: 14.3958 )
00000338: 15.7071   (Y': 16.258    Cb: 15.2626   Cr: 14.3437 )
00000339: 15.7022   (Y': 16.2497   Cb: 15.2652   Cr: 14.3415 )
00000340: 15.6918   (Y': 16.2318   Cb: 15.2329   Cr: 14.3683 )
00000341: 15.7517   (Y': 16.3324   Cb: 15.2113   Cr: 14.3904 )
00000342: 15.7942   (Y': 16.3808   Cb: 15.2567   Cr: 14.4154 )
00000343: 15.8151   (Y': 16.4247   Cb: 15.2329   Cr: 14.4151 )
00000344: 15.834    (Y': 16.4284   Cb: 15.3006   Cr: 14.4321 )
00000345: 15.8366   (Y': 16.4309   Cb: 15.2809   Cr: 14.4532 )
00000346: 15.83     (Y': 16.4199   Cb: 15.3131   Cr: 14.4258 )
00000347: 15.8058   (Y': 16.3832   Cb: 15.3052   Cr: 14.4202 )
00000349: 15.7079   (Y': 16.2478   Cb: 15.2065   Cr: 14.42   )
00000350: 15.7484   (Y': 16.2767   Cb: 15.3099   Cr: 14.4392 )
00000348: 15.7775   (Y': 16.3113   Cb: 15.3445   Cr: 14.4491 )
00000351: 15.715    (Y': 16.2678   Cb: 15.2329   Cr: 14.3777 )
00000352: 15.7379   (Y': 16.2848   Cb: 15.2937   Cr: 14.3848 )
00000353: 15.6913   (Y': 16.2358   Cb: 15.254    Cr: 14.339  )
00000355: 15.6938   (Y': 16.1947   Cb: 15.2951   Cr: 14.4243 )
00000354: 15.7045   (Y': 16.2359   Cb: 15.2632   Cr: 14.3894 )
00000356: 15.7084   (Y': 16.2604   Cb: 15.2411   Cr: 14.3609 )
00000358: 15.7088   (Y': 16.2179   Cb: 15.2998   Cr: 14.4258 )
00000359: 15.6932   (Y': 16.1993   Cb: 15.2926   Cr: 14.4115 )
00000357: 15.7402   (Y': 16.2574   Cb: 15.3071   Cr: 14.4557 )
00000360: 15.6724   (Y': 16.1606   Cb: 15.226    Cr: 14.4767 )
00000361: 15.6544   (Y': 16.1256   Cb: 15.2415   Cr: 14.4768 )
00000362: 15.6689   (Y': 16.1632   Cb: 15.1894   Cr: 14.4845 )
00000363: 15.6242   (Y': 16.1293   Cb: 15.2085   Cr: 14.3572 )
00000364: 15.6653   (Y': 16.1636   Cb: 15.2297   Cr: 14.4332 )
00000365: 15.6935   (Y': 16.2016   Cb: 15.1922   Cr: 14.4899 )
00000367: 15.6121   (Y': 16.1054   Cb: 15.1193   Cr: 14.4416 )
00000366: 15.6181   (Y': 16.1172   Cb: 15.1527   Cr: 14.4086 )
00000368: 15.6622   (Y': 16.101    Cb: 15.3065   Cr: 14.5261 )
00000371: 15.6314   (Y': 16.0843   Cb: 15.2284   Cr: 14.4956 )
00000369: 15.6538   (Y': 16.1262   Cb: 15.2353   Cr: 14.4775 )
00000370: 15.6361   (Y': 16.0952   Cb: 15.2144   Cr: 14.4988 )
00000372: 15.6117   (Y': 16.091    Cb: 15.2225   Cr: 14.3922 )
00000373: 15.6149   (Y': 16.089    Cb: 15.2483   Cr: 14.3909 )
00000374: 15.6147   (Y': 16.0741   Cb: 15.2733   Cr: 14.41   )
00000375: 15.6401   (Y': 16.0954   Cb: 15.2499   Cr: 14.4867 )
00000376: 15.6979   (Y': 16.2045   Cb: 15.221    Cr: 14.4779 )
00000377: 15.8142   (Y': 16.3693   Cb: 15.2401   Cr: 14.5479 )
00000379: 15.7044   (Y': 16.2085   Cb: 15.1906   Cr: 14.5224 )
00000378: 15.6654   (Y': 16.2053   Cb: 15.0809   Cr: 14.4481 )
00000380: 15.7606   (Y': 16.2795   Cb: 15.2544   Cr: 14.5324 )
00000381: 15.7067   (Y': 16.2742   Cb: 15.152    Cr: 14.3914 )
00000382: 15.6711   (Y': 16.2295   Cb: 15.125    Cr: 14.372  )
00000383: 15.688    (Y': 16.2141   Cb: 15.1868   Cr: 14.4362 )
00000384: 15.7644   (Y': 16.3445   Cb: 15.2129   Cr: 14.4136 )
00000385: 15.6821   (Y': 16.257    Cb: 15.1236   Cr: 14.351  )
00000386: 15.6259   (Y': 16.1158   Cb: 15.2043   Cr: 14.4047 )
00000387: 15.7154   (Y': 16.2169   Cb: 15.2501   Cr: 14.4994 )
00000388: 15.8347   (Y': 16.3696   Cb: 15.346    Cr: 14.5494 )
00000389: 15.8541   (Y': 16.3828   Cb: 15.3525   Cr: 14.596  )
00000391: 15.6722   (Y': 16.152    Cb: 15.2678   Cr: 14.464  )
00000390: 15.7567   (Y': 16.2947   Cb: 15.2428   Cr: 14.4841 )
00000392: 15.6908   (Y': 16.2259   Cb: 15.2066   Cr: 14.401  )
00000393: 15.7992   (Y': 16.3682   Cb: 15.2587   Cr: 14.4681 )
00000394: 15.7943   (Y': 16.3971   Cb: 15.253    Cr: 14.3779 )
00000395: 15.8297   (Y': 16.4696   Cb: 15.2537   Cr: 14.3495 )
00000396: 15.8467   (Y': 16.4618   Cb: 15.2613   Cr: 14.4358 )
00000397: 15.8354   (Y': 16.4674   Cb: 15.2796   Cr: 14.358  )
00000399: 15.7778   (Y': 16.4141   Cb: 15.1926   Cr: 14.3139 )
00000398: 15.8927   (Y': 16.5251   Cb: 15.3      Cr: 14.4445 )
00000400: 15.7317   (Y': 16.3213   Cb: 15.2334   Cr: 14.3136 )
00000401: 15.7067   (Y': 16.2913   Cb: 15.2242   Cr: 14.2885 )
00000403: 15.7281   (Y': 16.3266   Cb: 15.1906   Cr: 14.3194 )
00000402: 15.7019   (Y': 16.2743   Cb: 15.2174   Cr: 14.316  )
00000404: 15.6922   (Y': 16.2819   Cb: 15.1561   Cr: 14.3044 )
00000405: 15.7463   (Y': 16.3422   Cb: 15.226    Cr: 14.3297 )
00000406: 15.7481   (Y': 16.3549   Cb: 15.1918   Cr: 14.3338 )
00000407: 15.7982   (Y': 16.3771   Cb: 15.3079   Cr: 14.4005 )
00000408: 15.7168   (Y': 16.2702   Cb: 15.2532   Cr: 14.3626 )
00000409: 15.7618   (Y': 16.3185   Cb: 15.1972   Cr: 14.4828 )
00000411: 15.7176   (Y': 16.2954   Cb: 15.2168   Cr: 14.3313 )
00000410: 15.7337   (Y': 16.3109   Cb: 15.2652   Cr: 14.3225 )
00000412: 15.7109   (Y': 16.2593   Cb: 15.2415   Cr: 14.3745 )
00000413: 15.6787   (Y': 16.2094   Cb: 15.2581   Cr: 14.3482 )
00000414: 15.7273   (Y': 16.2939   Cb: 15.2131   Cr: 14.3809 )
00000415: 15.7794   (Y': 16.3708   Cb: 15.2639   Cr: 14.3706 )
00000416: 15.763    (Y': 16.3447   Cb: 15.2052   Cr: 14.4135 )
00000417: 15.7725   (Y': 16.361    Cb: 15.2634   Cr: 14.3658 )
00000419: 15.7241   (Y': 16.3259   Cb: 15.177    Cr: 14.3148 )
00000418: 15.7328   (Y': 16.3297   Cb: 15.1846   Cr: 14.3368 )
00000420: 15.7431   (Y': 16.3363   Cb: 15.2184   Cr: 14.3374 )
00000421: 15.7282   (Y': 16.2829   Cb: 15.2443   Cr: 14.3875 )
00000422: 15.6888   (Y': 16.2552   Cb: 15.2096   Cr: 14.3138 )
00000423: 15.6813   (Y': 16.2285   Cb: 15.2174   Cr: 14.3432 )
00000424: 15.6786   (Y': 16.2042   Cb: 15.2572   Cr: 14.3623 )
00000426: 15.6841   (Y': 16.2518   Cb: 15.2141   Cr: 14.2984 )
00000425: 15.6762   (Y': 16.2392   Cb: 15.1748   Cr: 14.3283 )
00000427: 15.6991   (Y': 16.2504   Cb: 15.2187   Cr: 14.3639 )
00000428: 15.6603   (Y': 16.1975   Cb: 15.1728   Cr: 14.3681 )
00000429: 15.6764   (Y': 16.2363   Cb: 15.2073   Cr: 14.3096 )
00000431: 15.6944   (Y': 16.209    Cb: 15.2588   Cr: 14.4184 )
00000430: 15.6837   (Y': 16.2129   Cb: 15.2677   Cr: 14.3535 )
00000432: 15.7143   (Y': 16.2574   Cb: 15.297    Cr: 14.3493 )
00000433: 15.676    (Y': 16.2218   Cb: 15.2371   Cr: 14.3214 )
00000434: 15.6918   (Y': 16.2322   Cb: 15.2478   Cr: 14.3554 )
00000435: 15.6893   (Y': 16.2179   Cb: 15.2556   Cr: 14.3754 )
00000436: 15.685    (Y': 16.2328   Cb: 15.2284   Cr: 14.3395 )
00000437: 15.7048   (Y': 16.264    Cb: 15.1745   Cr: 14.3907 )
00000439: 15.7021   (Y': 16.2509   Cb: 15.2249   Cr: 14.3709 )
00000438: 15.6742   (Y': 16.2152   Cb: 15.2141   Cr: 14.3492 )
00000440: 15.6983   (Y': 16.2663   Cb: 15.2078   Cr: 14.3284 )
00000441: 15.7022   (Y': 16.27     Cb: 15.2126   Cr: 14.3323 )
00000442: 15.7259   (Y': 16.3045   Cb: 15.1914   Cr: 14.3651 )
00000443: 15.6959   (Y': 16.2781   Cb: 15.1862   Cr: 14.3059 )
00000444: 15.7193   (Y': 16.2977   Cb: 15.2009   Cr: 14.3457 )
00000445: 15.7231   (Y': 16.2958   Cb: 15.2345   Cr: 14.3396 )
00000446: 15.678    (Y': 16.2748   Cb: 15.1385   Cr: 14.2752 )
00000447: 15.6838   (Y': 16.2641   Cb: 15.1493   Cr: 14.3189 )
00000448: 15.7397   (Y': 16.3497   Cb: 15.1384   Cr: 14.3546 )
00000449: 15.7412   (Y': 16.3477   Cb: 15.1833   Cr: 14.3289 )
00000450: 15.7721   (Y': 16.4026   Cb: 15.1982   Cr: 14.3134 )
00000451: 15.7507   (Y': 16.3905   Cb: 15.1231   Cr: 14.313  )
00000452: 15.7707   (Y': 16.4164   Cb: 15.1701   Cr: 14.2962 )
00000453: 15.7831   (Y': 16.4264   Cb: 15.2055   Cr: 14.2957 )
00000454: 15.7921   (Y': 16.4417   Cb: 15.182    Cr: 14.3156 )
00000455: 15.7726   (Y': 16.4121   Cb: 15.1769   Cr: 14.3093 )
00000456: 15.7664   (Y': 16.4133   Cb: 15.12     Cr: 14.3268 )
00000457: 15.7743   (Y': 16.4459   Cb: 15.1215   Cr: 14.2794 )
00000458: 15.749    (Y': 16.3919   Cb: 15.1536   Cr: 14.2769 )
00000459: 15.7285   (Y': 16.3757   Cb: 15.1688   Cr: 14.217  )
00000460: 15.7201   (Y': 16.3305   Cb: 15.1771   Cr: 14.2858 )
00000461: 15.7164   (Y': 16.3468   Cb: 15.0779   Cr: 14.311  )
00000462: 15.7283   (Y': 16.3358   Cb: 15.1317   Cr: 14.3458 )
00000463: 15.7702   (Y': 16.4315   Cb: 15.1095   Cr: 14.3067 )
00000464: 15.7283   (Y': 16.362    Cb: 15.1156   Cr: 14.2935 )
00000466: 15.751    (Y': 16.3925   Cb: 15.1139   Cr: 14.3169 )
00000465: 15.6831   (Y': 16.2856   Cb: 15.1632   Cr: 14.2499 )
00000467: 15.6927   (Y': 16.3069   Cb: 15.1387   Cr: 14.2581 )
00000468: 15.6956   (Y': 16.2914   Cb: 15.1435   Cr: 14.3054 )
00000469: 15.6905   (Y': 16.3054   Cb: 15.0984   Cr: 14.2857 )
00000470: 15.692    (Y': 16.3013   Cb: 15.1117   Cr: 14.2912 )
00000471: 15.6784   (Y': 16.3098   Cb: 15.1012   Cr: 14.22   )
00000472: 15.7174   (Y': 16.3186   Cb: 15.183    Cr: 14.2989 )
00000473: 15.7023   (Y': 16.3067   Cb: 15.143    Cr: 14.2963 )
00000474: 15.6957   (Y': 16.3332   Cb: 15.0695   Cr: 14.2625 )
00000475: 15.6871   (Y': 16.3128   Cb: 15.1083   Cr: 14.2442 )
00000476: 15.6946   (Y': 16.2739   Cb: 15.1463   Cr: 14.3436 )
00000477: 15.6757   (Y': 16.2682   Cb: 15.1215   Cr: 14.2958 )
00000478: 15.6771   (Y': 16.2995   Cb: 15.1163   Cr: 14.2277 )
00000479: 15.6665   (Y': 16.2623   Cb: 15.1337   Cr: 14.2607 )
00000480: 15.6572   (Y': 16.2595   Cb: 15.1618   Cr: 14.2049 )
00000481: 15.6882   (Y': 16.2858   Cb: 15.1213   Cr: 14.3058 )
00000482: 15.654    (Y': 16.2525   Cb: 15.1213   Cr: 14.2413 )
00000483: 15.6845   (Y': 16.2931   Cb: 15.1227   Cr: 14.27   )
00000484: 15.6639   (Y': 16.2545   Cb: 15.143    Cr: 14.2616 )
00000485: 15.6771   (Y': 16.2817   Cb: 15.1537   Cr: 14.2414 )
00000486: 15.659    (Y': 16.257    Cb: 15.146    Cr: 14.2316 )
00000487: 15.6729   (Y': 16.2662   Cb: 15.0963   Cr: 14.3093 )
00000488: 15.6572   (Y': 16.2741   Cb: 15.0611   Cr: 14.2503 )
00000489: 15.6926   (Y': 16.2884   Cb: 15.1187   Cr: 14.3207 )
00000490: 15.6786   (Y': 16.2669   Cb: 15.1462   Cr: 14.2912 )
00000491: 15.6903   (Y': 16.2947   Cb: 15.113    Cr: 14.2995 )
00000492: 15.698    (Y': 16.2966   Cb: 15.1266   Cr: 14.3169 )
00000493: 15.6785   (Y': 16.2799   Cb: 15.107    Cr: 14.2903 )
00000494: 15.691    (Y': 16.3      Cb: 15.1144   Cr: 14.2876 )
00000495: 15.6935   (Y': 16.2868   Cb: 15.1757   Cr: 14.2818 )
00000496: 15.7321   (Y': 16.3208   Cb: 15.2075   Cr: 14.3375 )
00000497: 15.7139   (Y': 16.3366   Cb: 15.1822   Cr: 14.24   )
00000498: 15.7103   (Y': 16.3141   Cb: 15.1392   Cr: 14.3159 )
00000499: 15.744    (Y': 16.3786   Cb: 15.1802   Cr: 14.2665 )
00000500: 15.7313   (Y': 16.332    Cb: 15.2375   Cr: 14.2814 )
00000501: 15.8371   (Y': 16.4711   Cb: 15.2499   Cr: 14.3805 )
00000502: 15.9002   (Y': 16.5299   Cb: 15.4067   Cr: 14.3787 )
00000503: 15.9327   (Y': 16.527    Cb: 15.4133   Cr: 14.5198 )
00000504: 15.9482   (Y': 16.5163   Cb: 15.4903   Cr: 14.5519 )
00000505: 15.9402   (Y': 16.48     Cb: 15.4817   Cr: 14.617  )
00000506: 16.0295   (Y': 16.5649   Cb: 15.5558   Cr: 14.7302 )
00000507: 15.9028   (Y': 16.3867   Cb: 15.5339   Cr: 14.654  )
00000508: 15.7652   (Y': 16.1988   Cb: 15.5113   Cr: 14.5599 )
00000509: 15.7597   (Y': 16.249    Cb: 15.4229   Cr: 14.4708 )
00000510: 15.707    (Y': 16.1      Cb: 15.5029   Cr: 14.5744 )
00000511: 15.7374   (Y': 16.1363   Cb: 15.4998   Cr: 14.6155 )
00000512: 15.7217   (Y': 16.0999   Cb: 15.5204   Cr: 14.6287 )
00000513: 15.7313   (Y': 16.0181   Cb: 15.7307   Cr: 14.7433 )
00000514: 15.558    (Y': 15.7446   Cb: 15.7062   Cr: 14.76   )
00000515: 15.3248   (Y': 15.3948   Cb: 15.6849   Cr: 14.7423 )
00000516: 15.1329   (Y': 15.2559   Cb: 15.3819   Cr: 14.4605 )
00000517: 15.2978   (Y': 15.4999   Cb: 15.3782   Cr: 14.5052 )
00000518: 15.4705   (Y': 16.0876   Cb: 14.7938   Cr: 14.1312 )
00000519: 15.45     (Y': 16.0336   Cb: 14.8447   Cr: 14.1357 )
00000520: 15.3255   (Y': 15.8966   Cb: 14.6988   Cr: 14.062  )
00000521: 15.3535   (Y': 15.9896   Cb: 14.5443   Cr: 14.0821 )
00000522: 15.2934   (Y': 15.9029   Cb: 14.5663   Cr: 14.0177 )
00000523: 15.3235   (Y': 15.9637   Cb: 14.5006   Cr: 14.0538 )
00000524: 15.2584   (Y': 15.9001   Cb: 14.4247   Cr: 13.9945 )
00000525: 15.2787   (Y': 15.9301   Cb: 14.4062   Cr: 14.025  )
00000526: 15.3538   (Y': 16.0514   Cb: 14.429    Cr: 14.0306 )
00000527: 15.39     (Y': 16.0782   Cb: 14.4225   Cr: 14.1299 )
00000528: 15.5038   (Y': 16.2645   Cb: 14.4204   Cr: 14.1705 )
00000529: 15.59     (Y': 16.39     Cb: 14.4654   Cr: 14.1997 )
00000530: 15.7238   (Y': 16.5316   Cb: 14.5548   Cr: 14.3565 )
00000531: 15.7434   (Y': 16.5961   Cb: 14.4796   Cr: 14.3594 )
00000532: 15.7633   (Y': 16.6275   Cb: 14.5746   Cr: 14.2807 )
00000533: 15.7576   (Y': 16.6775   Cb: 14.4252   Cr: 14.2822 )
00000534: 15.7443   (Y': 16.6712   Cb: 14.4464   Cr: 14.2202 )
00000535: 15.705    (Y': 16.6476   Cb: 14.3789   Cr: 14.1719 )
00000536: 15.6745   (Y': 16.6288   Cb: 14.2793   Cr: 14.1817 )
00000537: 15.7072   (Y': 16.6901   Cb: 14.2705   Cr: 14.1902 )
00000538: 15.7192   (Y': 16.6841   Cb: 14.3277   Cr: 14.1986 )
00000539: 15.6602   (Y': 16.6672   Cb: 14.22     Cr: 14.0928 )
00000540: 16.3358   (Y': 17.3049   Cb: 14.963    Cr: 14.7879 )
00000541: 16.857    (Y': 17.8583   Cb: 15.3901   Cr: 15.3285 )
00000542: 16.5921   (Y': 17.4302   Cb: 15.3666   Cr: 15.2062 )
00000543: 16.4303   (Y': 17.2675   Cb: 15.2759   Cr: 14.9789 )
00000544: 16.1547   (Y': 16.9404   Cb: 15.0826   Cr: 14.7496 )
00000545: 16.1822   (Y': 16.9211   Cb: 15.2392   Cr: 14.7731 )
00000546: 16.1087   (Y': 16.9025   Cb: 15.121    Cr: 14.6081 )
00000547: 15.8393   (Y': 16.5718   Cb: 14.923    Cr: 14.4221 )
00000548: 15.7313   (Y': 16.483    Cb: 14.9019   Cr: 14.1922 )
00000549: 15.7524   (Y': 16.507    Cb: 14.8775   Cr: 14.2454 )
00000550: 15.6763   (Y': 16.4573   Cb: 14.7297   Cr: 14.1692 )
00000551: 15.6713   (Y': 16.4197   Cb: 14.824    Cr: 14.1551 )
00000552: 15.6381   (Y': 16.3776   Cb: 14.7501   Cr: 14.1787 )
00000553: 15.6735   (Y': 16.3663   Cb: 14.8699   Cr: 14.2544 )
00000554: 15.6482   (Y': 16.3466   Cb: 14.8974   Cr: 14.1699 )
00000556: 15.6581   (Y': 16.3622   Cb: 14.795    Cr: 14.263  )
00000555: 15.6249   (Y': 16.3414   Cb: 14.8064   Cr: 14.1607 )
00000557: 15.6411   (Y': 16.3418   Cb: 14.825    Cr: 14.2131 )
00000558: 15.624    (Y': 16.3031   Cb: 14.8903   Cr: 14.1782 )
00000559: 15.6229   (Y': 16.3373   Cb: 14.8262   Cr: 14.145  )
00000560: 15.6756   (Y': 16.3737   Cb: 14.917    Cr: 14.2045 )
00000561: 15.6638   (Y': 16.3385   Cb: 14.9452   Cr: 14.2161 )
00000562: 15.6491   (Y': 16.3462   Cb: 14.8411   Cr: 14.2231 )
00000564: 15.6399   (Y': 16.34     Cb: 14.8518   Cr: 14.1895 )
00000563: 15.6694   (Y': 16.375    Cb: 14.8444   Cr: 14.2373 )
00000565: 15.6291   (Y': 16.3103   Cb: 14.8333   Cr: 14.2317 )
00000566: 15.694    (Y': 16.4069   Cb: 14.8652   Cr: 14.2474 )
00000567: 15.6855   (Y': 16.4115   Cb: 14.8578   Cr: 14.2064 )
00000568: 15.6679   (Y': 16.3913   Cb: 14.9209   Cr: 14.1265 )
00000569: 15.6447   (Y': 16.3504   Cb: 14.8886   Cr: 14.1534 )
00000570: 15.6374   (Y': 16.3573   Cb: 14.8424   Cr: 14.1447 )
00000571: 15.7281   (Y': 16.4348   Cb: 14.9462   Cr: 14.2562 )
00000573: 15.6824   (Y': 16.3703   Cb: 14.941    Cr: 14.2217 )
00000572: 15.7247   (Y': 16.45     Cb: 14.8739   Cr: 14.2669 )
00000574: 15.6676   (Y': 16.364    Cb: 14.9008   Cr: 14.2077 )
00000575: 15.6442   (Y': 16.33     Cb: 14.8742   Cr: 14.2131 )
00000576: 15.6334   (Y': 16.3413   Cb: 14.8117   Cr: 14.1927 )
00000577: 15.6775   (Y': 16.3808   Cb: 14.9274   Cr: 14.1869 )
00000578: 15.6915   (Y': 16.4002   Cb: 14.8738   Cr: 14.2457 )
00000579: 15.6632   (Y': 16.3716   Cb: 14.8338   Cr: 14.228  )
00000580: 15.6706   (Y': 16.3718   Cb: 14.8748   Cr: 14.224  )
00000581: 15.6667   (Y': 16.354    Cb: 14.926    Cr: 14.2071 )
00000582: 15.6613   (Y': 16.3516   Cb: 14.8849   Cr: 14.2248 )
00000583: 15.6668   (Y': 16.3557   Cb: 14.874    Cr: 14.2478 )
00000584: 15.6791   (Y': 16.4012   Cb: 14.8858   Cr: 14.1797 )
00000585: 15.6905   (Y': 16.3727   Cb: 14.9132   Cr: 14.2745 )
00000586: 15.6829   (Y': 16.3623   Cb: 14.927    Cr: 14.2555 )
00000588: 15.6778   (Y': 16.3772   Cb: 14.9241   Cr: 14.1993 )
00000587: 15.6715   (Y': 16.3548   Cb: 14.8953   Cr: 14.2519 )
00000589: 15.6489   (Y': 16.3698   Cb: 14.8295   Cr: 14.1746 )
00000590: 15.7547   (Y': 16.4772   Cb: 14.9738   Cr: 14.244  )
00000591: 15.7771   (Y': 16.4902   Cb: 14.9524   Cr: 14.3266 )
00000592: 15.7718   (Y': 16.5096   Cb: 14.9672   Cr: 14.2446 )
00000594: 15.8151   (Y': 16.4898   Cb: 15.0385   Cr: 14.4172 )
00000593: 15.8165   (Y': 16.5415   Cb: 14.9997   Cr: 14.33   )
00000595: 15.7548   (Y': 16.4006   Cb: 15.0297   Cr: 14.3844 )
00000596: 15.8031   (Y': 16.4281   Cb: 15.1171   Cr: 14.4516 )
00000597: 15.7826   (Y': 16.438    Cb: 15.0246   Cr: 14.4165 )
00000598: 15.7632   (Y': 16.3738   Cb: 15.0895   Cr: 14.438  )
00000599: 15.7492   (Y': 16.3671   Cb: 15.0782   Cr: 14.403  )
00000600: 15.7776   (Y': 16.4258   Cb: 15.0072   Cr: 14.4408 )
00000601: 15.7287   (Y': 16.411    Cb: 15.006    Cr: 14.2659 )
00000602: 15.725    (Y': 16.3871   Cb: 15.0498   Cr: 14.2716 )
00000603: 15.7103   (Y': 16.3662   Cb: 15.0266   Cr: 14.2795 )
00000604: 15.754    (Y': 16.4415   Cb: 14.9955   Cr: 14.3088 )
00000605: 15.7663   (Y': 16.4778   Cb: 14.9683   Cr: 14.2963 )
00000606: 15.7421   (Y': 16.4622   Cb: 14.9475   Cr: 14.2487 )
00000607: 15.7278   (Y': 16.4333   Cb: 14.9679   Cr: 14.2403 )
00000608: 15.7182   (Y': 16.3956   Cb: 15.0061   Cr: 14.2586 )
00000609: 15.7207   (Y': 16.4185   Cb: 14.9536   Cr: 14.2576 )
00000610: 15.7258   (Y': 16.4108   Cb: 14.9794   Cr: 14.2766 )
00000611: 15.7227   (Y': 16.4078   Cb: 14.998    Cr: 14.255  )
00000612: 15.7218   (Y': 16.4112   Cb: 15.0137   Cr: 14.2298 )
00000613: 15.7585   (Y': 16.4678   Cb: 15.0195   Cr: 14.2441 )
00000614: 15.7315   (Y': 16.4198   Cb: 14.9474   Cr: 14.3063 )
00000615: 15.735    (Y': 16.431    Cb: 15.014    Cr: 14.2376 )
00000616: 15.739    (Y': 16.4196   Cb: 14.9761   Cr: 14.3147 )
00000618: 15.7509   (Y': 16.4033   Cb: 15.0266   Cr: 14.3636 )
00000617: 15.7715   (Y': 16.4423   Cb: 15.0375   Cr: 14.3466 )
00000619: 15.6845   (Y': 16.2647   Cb: 15.0741   Cr: 14.3836 )
00000620: 15.7617   (Y': 16.3636   Cb: 15.1169   Cr: 14.4338 )
00000621: 15.7651   (Y': 16.3514   Cb: 15.146    Cr: 14.4557 )
00000622: 15.8008   (Y': 16.4033   Cb: 15.1298   Cr: 14.4943 )
00000623: 15.7428   (Y': 16.3471   Cb: 15.0751   Cr: 14.4283 )
00000624: 15.6913   (Y': 16.2736   Cb: 15.1141   Cr: 14.3563 )
00000625: 15.6611   (Y': 16.2641   Cb: 15.0424   Cr: 14.3084 )
00000626: 15.659    (Y': 16.3038   Cb: 15.037    Cr: 14.2041 )
00000627: 15.6858   (Y': 16.3395   Cb: 15.0158   Cr: 14.249  )
00000628: 15.6873   (Y': 16.302    Cb: 15.0631   Cr: 14.3096 )
00000629: 15.6318   (Y': 16.2515   Cb: 14.9939   Cr: 14.2532 )
00000630: 15.6278   (Y': 16.2405   Cb: 14.9937   Cr: 14.2634 )
00000631: 15.6429   (Y': 16.2477   Cb: 15.034    Cr: 14.2771 )
00000632: 15.6396   (Y': 16.2394   Cb: 15.0789   Cr: 14.2466 )
00000633: 15.6411   (Y': 16.2369   Cb: 15.0805   Cr: 14.2579 )
00000634: 15.634    (Y': 16.2589   Cb: 15.0243   Cr: 14.2186 )
00000635: 15.6153   (Y': 16.2187   Cb: 15.032    Cr: 14.232  )
00000636: 15.623    (Y': 16.2366   Cb: 15.0257   Cr: 14.2254 )
00000637: 15.627    (Y': 16.2307   Cb: 15.0348   Cr: 14.2506 )
00000638: 15.5938   (Y': 16.2331   Cb: 14.9847   Cr: 14.142  )
00000639: 15.6583   (Y': 16.303    Cb: 14.988    Cr: 14.2442 )
00000640: 15.6244   (Y': 16.2622   Cb: 14.9837   Cr: 14.2023 )
00000641: 15.6902   (Y': 16.3319   Cb: 15.0027   Cr: 14.2978 )
00000642: 15.6768   (Y': 16.3319   Cb: 15.0167   Cr: 14.2281 )
00000643: 15.6819   (Y': 16.3294   Cb: 15.0107   Cr: 14.2616 )
00000644: 15.6591   (Y': 16.3101   Cb: 14.9764   Cr: 14.2395 )
00000645: 15.6234   (Y': 16.2651   Cb: 14.9393   Cr: 14.2285 )
00000646: 15.602    (Y': 16.2391   Cb: 14.9901   Cr: 14.1582 )
00000647: 15.5988   (Y': 16.2234   Cb: 14.9531   Cr: 14.2141 )
00000648: 15.6471   (Y': 16.2847   Cb: 14.9733   Cr: 14.2537 )
00000649: 15.6593   (Y': 16.303    Cb: 15.0105   Cr: 14.2294 )
00000650: 15.6368   (Y': 16.2724   Cb: 15.0235   Cr: 14.1976 )
00000651: 15.6553   (Y': 16.2742   Cb: 15.0664   Cr: 14.2374 )
00000652: 15.6463   (Y': 16.2745   Cb: 15.0265   Cr: 14.2311 )
00000653: 15.6587   (Y': 16.2887   Cb: 15.0502   Cr: 14.2296 )
00000654: 15.7103   (Y': 16.3627   Cb: 15.0159   Cr: 14.2974 )
00000655: 15.7187   (Y': 16.3303   Cb: 15.0846   Cr: 14.3568 )
00000656: 15.7329   (Y': 16.3597   Cb: 15.0905   Cr: 14.3396 )
00000658: 15.7185   (Y': 16.3473   Cb: 15.0624   Cr: 14.3322 )
00000657: 15.6995   (Y': 16.3467   Cb: 15.0064   Cr: 14.2981 )
00000659: 15.7967   (Y': 16.4745   Cb: 15.0455   Cr: 14.369  )
00000660: 15.8002   (Y': 16.4693   Cb: 15.0682   Cr: 14.3776 )
00000662: 15.6938   (Y': 16.3689   Cb: 14.9638   Cr: 14.2547 )
00000661: 15.7276   (Y': 16.4379   Cb: 14.9746   Cr: 14.2226 )
00000663: 15.6802   (Y': 16.3505   Cb: 14.9692   Cr: 14.2369 )
00000664: 15.668    (Y': 16.3482   Cb: 14.9684   Cr: 14.1908 )
00000665: 15.6811   (Y': 16.385    Cb: 14.9632   Cr: 14.162  )
00000666: 15.7441   (Y': 16.4463   Cb: 14.9693   Cr: 14.2771 )
00000667: 15.7216   (Y': 16.4517   Cb: 14.9468   Cr: 14.1878 )
00000668: 15.7414   (Y': 16.4733   Cb: 14.9855   Cr: 14.1874 )
00000669: 15.7162   (Y': 16.4354   Cb: 14.9625   Cr: 14.1906 )
00000670: 15.6683   (Y': 16.3601   Cb: 14.9376   Cr: 14.1888 )
00000671: 15.6897   (Y': 16.3602   Cb: 14.9875   Cr: 14.2385 )
00000672: 15.6718   (Y': 16.3678   Cb: 14.9248   Cr: 14.1963 )
00000673: 15.669    (Y': 16.3497   Cb: 14.9643   Cr: 14.1951 )
00000674: 15.6356   (Y': 16.3385   Cb: 14.9003   Cr: 14.1334 )
00000675: 15.6552   (Y': 16.3484   Cb: 14.9421   Cr: 14.1581 )
00000676: 15.6513   (Y': 16.358    Cb: 14.9191   Cr: 14.1374 )
00000678: 15.6582   (Y': 16.3416   Cb: 14.9633   Cr: 14.1695 )
00000677: 15.6448   (Y': 16.3542   Cb: 14.9332   Cr: 14.1073 )
00000679: 15.6553   (Y': 16.359    Cb: 14.933    Cr: 14.1404 )
00000680: 15.6661   (Y': 16.3525   Cb: 14.9543   Cr: 14.1843 )
00000681: 15.6525   (Y': 16.3327   Cb: 14.992    Cr: 14.143  )
00000682: 15.6679   (Y': 16.3262   Cb: 14.9754   Cr: 14.2387 )
00000683: 15.6449   (Y': 16.3386   Cb: 14.9042   Cr: 14.1693 )
00000684: 15.6684   (Y': 16.3475   Cb: 14.9737   Cr: 14.1898 )
00000687: 15.666    (Y': 16.3518   Cb: 14.9039   Cr: 14.2281 )
00000685: 15.6571   (Y': 16.3375   Cb: 14.9195   Cr: 14.2116 )
00000686: 15.6325   (Y': 16.3122   Cb: 14.9538   Cr: 14.1391 )
00000688: 15.648    (Y': 16.3249   Cb: 14.9423   Cr: 14.1842 )
00000689: 15.6224   (Y': 16.3177   Cb: 14.8708   Cr: 14.1526 )
00000690: 15.647    (Y': 16.337    Cb: 14.9711   Cr: 14.1265 )
00000691: 15.6587   (Y': 16.3491   Cb: 14.9444   Cr: 14.1693 )
00000692: 15.7209   (Y': 16.4277   Cb: 14.9587   Cr: 14.2319 )
00000693: 15.7375   (Y': 16.453    Cb: 14.9611   Cr: 14.2396 )
00000695: 15.6489   (Y': 16.2829   Cb: 15.0079   Cr: 14.2364 )
00000694: 15.7087   (Y': 16.385    Cb: 15.0187   Cr: 14.2332 )
00000696: 15.5952   (Y': 16.1934   Cb: 14.9838   Cr: 14.2485 )
00000698: 15.5757   (Y': 16.129    Cb: 15.0694   Cr: 14.2569 )
00000697: 15.6097   (Y': 16.2303   Cb: 15.0374   Cr: 14.1741 )
00000699: 15.536    (Y': 16.0946   Cb: 14.9892   Cr: 14.2372 )
00000700: 15.6558   (Y': 16.3215   Cb: 14.9822   Cr: 14.1925 )
00000701: 15.7584   (Y': 16.4687   Cb: 14.9839   Cr: 14.2712 )
00000702: 15.7494   (Y': 16.4587   Cb: 14.9574   Cr: 14.2801 )
00000703: 15.7179   (Y': 16.4301   Cb: 14.9593   Cr: 14.2132 )
00000704: 15.6576   (Y': 16.373    Cb: 14.8408   Cr: 14.1947 )
00000705: 15.71     (Y': 16.4519   Cb: 14.9642   Cr: 14.1243 )
00000706: 15.7797   (Y': 16.5081   Cb: 14.9562   Cr: 14.2913 )
00000707: 15.7297   (Y': 16.4468   Cb: 14.9484   Cr: 14.2323 )
00000708: 15.6906   (Y': 16.3795   Cb: 14.9754   Cr: 14.2054 )
00000709: 15.723    (Y': 16.4574   Cb: 14.9114   Cr: 14.2097 )
00000710: 15.7514   (Y': 16.4438   Cb: 15.0335   Cr: 14.2599 )
00000711: 15.7099   (Y': 16.4202   Cb: 14.951    Cr: 14.2095 )
00000712: 15.6565   (Y': 16.35     Cb: 14.8991   Cr: 14.1956 )
00000713: 15.6969   (Y': 16.4105   Cb: 14.8892   Cr: 14.2304 )
00000714: 15.6832   (Y': 16.3994   Cb: 14.932    Cr: 14.1624 )
00000715: 15.695    (Y': 16.3928   Cb: 14.9518   Cr: 14.2115 )
00000716: 15.622    (Y': 16.256    Cb: 14.9843   Cr: 14.207  )
00000717: 15.7013   (Y': 16.4104   Cb: 14.9156   Cr: 14.2267 )
00000718: 15.7104   (Y': 16.4408   Cb: 14.9107   Cr: 14.1967 )
00000719: 15.6777   (Y': 16.3959   Cb: 14.8794   Cr: 14.192  )
00000720: 15.6883   (Y': 16.4028   Cb: 14.9177   Cr: 14.1879 )
00000721: 15.6641   (Y': 16.3933   Cb: 14.8924   Cr: 14.1295 )
00000722: 15.7028   (Y': 16.4156   Cb: 14.9529   Cr: 14.189  )
00000723: 15.6625   (Y': 16.3524   Cb: 14.9282   Cr: 14.1908 )
00000724: 15.7068   (Y': 16.4338   Cb: 14.9401   Cr: 14.1732 )
00000725: 15.6964   (Y': 16.4305   Cb: 14.8803   Cr: 14.1877 )
00000727: 15.6851   (Y': 16.4342   Cb: 14.8282   Cr: 14.1758 )
00000726: 15.678    (Y': 16.3876   Cb: 14.941    Cr: 14.1613 )
00000728: 15.7907   (Y': 16.4954   Cb: 15.0165   Cr: 14.3173 )
00000729: 15.6845   (Y': 16.3827   Cb: 14.9216   Cr: 14.2169 )
00000730: 15.6745   (Y': 16.3541   Cb: 14.929    Cr: 14.2379 )
00000731: 15.7181   (Y': 16.461    Cb: 14.9555   Cr: 14.1435 )
00000732: 15.7246   (Y': 16.4646   Cb: 14.8965   Cr: 14.2118 )
00000733: 15.6592   (Y': 16.3526   Cb: 14.9107   Cr: 14.1912 )
00000735: 15.6563   (Y': 16.3373   Cb: 14.9411   Cr: 14.1904 )
00000734: 15.6646   (Y': 16.3664   Cb: 14.9241   Cr: 14.1695 )
00000736: 15.6538   (Y': 16.3467   Cb: 14.9516   Cr: 14.1481 )
00000737: 15.6559   (Y': 16.3636   Cb: 14.8927   Cr: 14.1655 )
00000738: 15.685    (Y': 16.3866   Cb: 14.9612   Cr: 14.1763 )
00000739: 15.7067   (Y': 16.404    Cb: 14.9457   Cr: 14.24   )
00000740: 15.6697   (Y': 16.346    Cb: 14.9341   Cr: 14.2325 )
00000741: 15.6771   (Y': 16.3384   Cb: 15.0202   Cr: 14.2107 )
00000743: 15.6845   (Y': 16.3846   Cb: 14.9579   Cr: 14.182  )
00000742: 15.6876   (Y': 16.3549   Cb: 14.9918   Cr: 14.2388 )
00000744: 15.6907   (Y': 16.3785   Cb: 14.9654   Cr: 14.2166 )
00000745: 15.7528   (Y': 16.4627   Cb: 15.005    Cr: 14.2445 )
00000746: 15.7711   (Y': 16.5064   Cb: 15.0086   Cr: 14.2144 )
00000747: 15.7631   (Y': 16.4475   Cb: 14.9847   Cr: 14.3428 )
00000748: 15.7366   (Y': 16.4478   Cb: 14.9663   Cr: 14.2439 )
00000749: 15.7419   (Y': 16.4172   Cb: 15.0302   Cr: 14.2869 )
00000751: 15.7159   (Y': 16.3743   Cb: 14.9899   Cr: 14.3149 )
00000750: 15.707    (Y': 16.3558   Cb: 15.0077   Cr: 14.3072 )
00000752: 15.7413   (Y': 16.4128   Cb: 15.0162   Cr: 14.3069 )
00000753: 15.7979   (Y': 16.4834   Cb: 15.0487   Cr: 14.3498 )
00000754: 15.743    (Y': 16.4131   Cb: 15.027    Cr: 14.3047 )
00000755: 15.741    (Y': 16.4178   Cb: 15.0231   Cr: 14.2874 )
00000756: 15.7119   (Y': 16.3689   Cb: 14.974    Cr: 14.3247 )
00000757: 15.6837   (Y': 16.3317   Cb: 15.0374   Cr: 14.241  )
00000760: 15.7237   (Y': 16.3611   Cb: 15.0787   Cr: 14.3062 )
00000758: 15.676    (Y': 16.3398   Cb: 14.9562   Cr: 14.2559 )
00000759: 15.6589   (Y': 16.3095   Cb: 14.9448   Cr: 14.267  )
00000761: 15.7166   (Y': 16.3431   Cb: 15.0471   Cr: 14.347  )
00000762: 15.7051   (Y': 16.3618   Cb: 14.9651   Cr: 14.3203 )
00000763: 15.6322   (Y': 16.28     Cb: 14.9686   Cr: 14.2045 )
00000764: 15.6374   (Y': 16.276    Cb: 14.9793   Cr: 14.2281 )
00000765: 15.6569   (Y': 16.3262   Cb: 14.967    Cr: 14.1983 )
00000766: 15.6435   (Y': 16.3058   Cb: 14.9385   Cr: 14.2147 )
00000767: 15.6431   (Y': 16.2854   Cb: 14.9479   Cr: 14.2559 )
00000768: 15.6577   (Y': 16.3241   Cb: 14.9709   Cr: 14.2037 )
00000769: 15.6501   (Y': 16.3212   Cb: 14.9196   Cr: 14.2213 )
00000770: 15.6428   (Y': 16.3042   Cb: 14.9188   Cr: 14.2326 )
00000771: 15.6696   (Y': 16.3469   Cb: 14.9162   Cr: 14.2453 )
00000772: 15.6468   (Y': 16.3017   Cb: 14.9813   Cr: 14.203  )
00000773: 15.6138   (Y': 16.2903   Cb: 14.8834   Cr: 14.1719 )
00000774: 15.6633   (Y': 16.3529   Cb: 14.9687   Cr: 14.1591 )
00000775: 15.6312   (Y': 16.3005   Cb: 14.9349   Cr: 14.1779 )
00000776: 15.6461   (Y': 16.3279   Cb: 14.9227   Cr: 14.1854 )
00000777: 15.6774   (Y': 16.3749   Cb: 14.928    Cr: 14.1999 )
00000778: 15.6822   (Y': 16.3827   Cb: 14.9124   Cr: 14.2151 )
00000779: 15.7163   (Y': 16.4051   Cb: 14.9583   Cr: 14.2674 )
00000780: 15.7055   (Y': 16.4034   Cb: 14.9304   Cr: 14.2492 )
00000781: 15.7164   (Y': 16.4144   Cb: 14.9914   Cr: 14.2175 )
00000782: 15.7211   (Y': 16.4013   Cb: 15.0404   Cr: 14.2282 )
00000783: 15.7592   (Y': 16.4637   Cb: 15.0068   Cr: 14.2678 )
00000784: 15.6941   (Y': 16.3878   Cb: 14.9427   Cr: 14.2277 )
00000785: 15.6644   (Y': 16.3604   Cb: 14.9454   Cr: 14.1652 )
00000786: 15.6578   (Y': 16.3477   Cb: 14.9381   Cr: 14.174  )
00000787: 15.6445   (Y': 16.3631   Cb: 14.8906   Cr: 14.1201 )
00000788: 15.6741   (Y': 16.3823   Cb: 14.9305   Cr: 14.1664 )
00000789: 15.6965   (Y': 16.3786   Cb: 14.9735   Cr: 14.2346 )
00000790: 15.6756   (Y': 16.3625   Cb: 14.9646   Cr: 14.1918 )
00000791: 15.6609   (Y': 16.3293   Cb: 14.9296   Cr: 14.2395 )
00000792: 15.6407   (Y': 16.293    Cb: 14.9766   Cr: 14.2024 )
00000793: 15.6914   (Y': 16.4034   Cb: 14.9158   Cr: 14.2014 )
00000794: 15.6982   (Y': 16.3996   Cb: 14.9463   Cr: 14.2135 )
00000795: 15.6932   (Y': 16.3949   Cb: 14.9485   Cr: 14.2018 )
00000796: 15.7098   (Y': 16.4074   Cb: 14.8807   Cr: 14.3007 )
00000797: 15.7043   (Y': 16.3982   Cb: 14.9341   Cr: 14.2536 )
00000798: 15.698    (Y': 16.4164   Cb: 14.9083   Cr: 14.2047 )
00000799: 15.6557   (Y': 16.3592   Cb: 14.8689   Cr: 14.1957 )
00000800: 15.6368   (Y': 16.3177   Cb: 14.8822   Cr: 14.2045 )
00000801: 15.7054   (Y': 16.4069   Cb: 14.9589   Cr: 14.2163 )
00000802: 15.6671   (Y': 16.378    Cb: 14.8413   Cr: 14.2226 )
00000803: 15.6486   (Y': 16.345    Cb: 14.8741   Cr: 14.1954 )
00000805: 15.6483   (Y': 16.3427   Cb: 14.9195   Cr: 14.1611 )
00000804: 15.6566   (Y': 16.3594   Cb: 14.9439   Cr: 14.1359 )
00000806: 15.631    (Y': 16.3229   Cb: 14.8636   Cr: 14.1829 )
00000807: 15.6781   (Y': 16.3663   Cb: 14.8985   Cr: 14.2495 )
00000808: 15.6339   (Y': 16.332    Cb: 14.8868   Cr: 14.1534 )
00000810: 15.629    (Y': 16.3319   Cb: 14.8539   Cr: 14.1605 )
00000809: 15.6467   (Y': 16.3543   Cb: 14.8771   Cr: 14.1622 )
00000811: 15.6397   (Y': 16.3438   Cb: 14.8314   Cr: 14.1968 )
00000812: 15.6445   (Y': 16.3628   Cb: 14.8433   Cr: 14.1612 )
00000813: 15.6451   (Y': 16.3548   Cb: 14.9133   Cr: 14.1236 )
00000814: 15.6517   (Y': 16.3783   Cb: 14.909    Cr: 14.0991 )
00000815: 15.6489   (Y': 16.3741   Cb: 14.8543   Cr: 14.1433 )
00000816: 15.6604   (Y': 16.3712   Cb: 14.8692   Cr: 14.1865 )
00000817: 15.6516   (Y': 16.3779   Cb: 14.8718   Cr: 14.1305 )
00000818: 15.6819   (Y': 16.3983   Cb: 14.9377   Cr: 14.1548 )
00000819: 15.6666   (Y': 16.3906   Cb: 14.9851   Cr: 14.0699 )
00000820: 15.6761   (Y': 16.3849   Cb: 14.8992   Cr: 14.195  )
00000821: 15.7125   (Y': 16.413    Cb: 14.9036   Cr: 14.2787 )
00000822: 15.6756   (Y': 16.4193   Cb: 14.8109   Cr: 14.1857 )
00000823: 15.6674   (Y': 16.3749   Cb: 14.9243   Cr: 14.1606 )
00000824: 15.6251   (Y': 16.3269   Cb: 14.861    Cr: 14.1501 )
00000825: 15.6471   (Y': 16.3363   Cb: 14.9204   Cr: 14.1707 )
00000826: 15.6798   (Y': 16.3836   Cb: 14.9425   Cr: 14.1772 )
00000827: 15.696    (Y': 16.4075   Cb: 14.9374   Cr: 14.1929 )
00000828: 15.6792   (Y': 16.4006   Cb: 14.865    Cr: 14.1993 )
00000829: 15.6925   (Y': 16.4209   Cb: 14.9015   Cr: 14.1762 )
00000830: 15.6631   (Y': 16.3932   Cb: 14.8657   Cr: 14.1479 )
00000831: 15.7057   (Y': 16.4316   Cb: 14.9348   Cr: 14.1783 )
00000832: 15.6456   (Y': 16.3466   Cb: 14.8631   Cr: 14.1881 )
00000833: 15.6542   (Y': 16.4064   Cb: 14.8288   Cr: 14.1106 )
00000834: 15.6519   (Y': 16.3729   Cb: 14.8695   Cr: 14.1461 )
00000835: 15.6702   (Y': 16.3787   Cb: 14.9105   Cr: 14.1752 )
00000836: 15.6474   (Y': 16.3836   Cb: 14.8507   Cr: 14.1175 )
00000837: 15.6614   (Y': 16.3934   Cb: 14.8689   Cr: 14.1379 )
00000838: 15.6528   (Y': 16.3778   Cb: 14.8901   Cr: 14.1208 )
00000839: 15.6167   (Y': 16.3411   Cb: 14.816    Cr: 14.1182 )
00000840: 15.645    (Y': 16.3679   Cb: 14.8568   Cr: 14.1397 )
00000841: 15.6327   (Y': 16.3646   Cb: 14.8235   Cr: 14.1234 )
00000842: 15.6694   (Y': 16.357    Cb: 14.9491   Cr: 14.1914 )
00000843: 15.6399   (Y': 16.3688   Cb: 14.8709   Cr: 14.1038 )
00000844: 15.6377   (Y': 16.3507   Cb: 14.8898   Cr: 14.1221 )
00000845: 15.6151   (Y': 16.3201   Cb: 14.841    Cr: 14.1404 )
00000846: 15.63     (Y': 16.3563   Cb: 14.8757   Cr: 14.0878 )
00000847: 15.6266   (Y': 16.3434   Cb: 14.8537   Cr: 14.1227 )
00000848: 15.6751   (Y': 16.3784   Cb: 14.9253   Cr: 14.1843 )
00000849: 15.6228   (Y': 16.3276   Cb: 14.8821   Cr: 14.1207 )
00000850: 15.7152   (Y': 16.4239   Cb: 14.9272   Cr: 14.2434 )
00000851: 15.721    (Y': 16.4651   Cb: 14.8752   Cr: 14.2138 )
00000852: 15.645    (Y': 16.3924   Cb: 14.8018   Cr: 14.1276 )
00000853: 15.6937   (Y': 16.4141   Cb: 14.9013   Cr: 14.1976 )
00000854: 15.6974   (Y': 16.4243   Cb: 14.8879   Cr: 14.2002 )
00000855: 15.6827   (Y': 16.4137   Cb: 14.9204   Cr: 14.1361 )
00000856: 15.6792   (Y': 16.4078   Cb: 14.8998   Cr: 14.1524 )
00000857: 15.6881   (Y': 16.3546   Cb: 14.9801   Cr: 14.2517 )
00000858: 15.6855   (Y': 16.3854   Cb: 14.9685   Cr: 14.1753 )
00000859: 15.592    (Y': 16.2988   Cb: 14.8665   Cr: 14.0724 )
00000860: 15.6328   (Y': 16.3404   Cb: 14.9      Cr: 14.1172 )
00000861: 15.6418   (Y': 16.3542   Cb: 14.8505   Cr: 14.1642 )
00000862: 15.6243   (Y': 16.2877   Cb: 14.8914   Cr: 14.2168 )
00000863: 15.6191   (Y': 16.2903   Cb: 14.8851   Cr: 14.1931 )
00000864: 15.6285   (Y': 16.3012   Cb: 14.9171   Cr: 14.1797 )
00000865: 15.6075   (Y': 16.2593   Cb: 14.8636   Cr: 14.2381 )
00000866: 15.6051   (Y': 16.2409   Cb: 14.9089   Cr: 14.2351 )
00000867: 15.5903   (Y': 16.2971   Cb: 14.8603   Cr: 14.0746 )
00000868: 15.6162   (Y': 16.2793   Cb: 14.887    Cr: 14.2064 )
00000869: 15.623    (Y': 16.3096   Cb: 14.866    Cr: 14.1789 )
00000870: 15.6497   (Y': 16.3196   Cb: 14.9521   Cr: 14.1959 )
00000871: 15.6304   (Y': 16.3314   Cb: 14.9138   Cr: 14.1173 )
00000872: 15.6297   (Y': 16.3257   Cb: 14.8888   Cr: 14.1488 )
00000873: 15.6542   (Y': 16.3566   Cb: 14.9253   Cr: 14.148  )
00000874: 15.613    (Y': 16.3196   Cb: 14.9163   Cr: 14.0699 )
00000875: 15.6304   (Y': 16.2875   Cb: 14.9182   Cr: 14.2207 )
00000876: 15.6496   (Y': 16.3449   Cb: 14.8965   Cr: 14.1808 )
00000877: 15.6575   (Y': 16.3754   Cb: 14.8414   Cr: 14.1879 )
00000878: 15.6519   (Y': 16.3676   Cb: 14.9191   Cr: 14.117  )
00000879: 15.7239   (Y': 16.4461   Cb: 14.9313   Cr: 14.2237 )
00000880: 15.6711   (Y': 16.3764   Cb: 14.8805   Cr: 14.2098 )
00000882: 15.7049   (Y': 16.4401   Cb: 14.8968   Cr: 14.1867 )
00000881: 15.6781   (Y': 16.3742   Cb: 14.958    Cr: 14.1794 )
00000883: 15.6788   (Y': 16.4093   Cb: 14.9249   Cr: 14.1264 )
00000884: 15.646    (Y': 16.3317   Cb: 14.9092   Cr: 14.1867 )
00000885: 15.6715   (Y': 16.4211   Cb: 14.8437   Cr: 14.1361 )
00000886: 15.71     (Y': 16.4389   Cb: 14.9296   Cr: 14.1837 )
00000887: 15.6602   (Y': 16.3554   Cb: 14.9736   Cr: 14.1362 )
00000888: 15.6774   (Y': 16.3516   Cb: 15.0144   Cr: 14.1845 )
00000889: 15.6442   (Y': 16.3835   Cb: 14.8313   Cr: 14.1203 )
00000890: 15.6522   (Y': 16.3421   Cb: 14.894    Cr: 14.201  )
00000891: 15.6346   (Y': 16.3552   Cb: 14.817    Cr: 14.1596 )
00000892: 15.6425   (Y': 16.3203   Cb: 14.928    Cr: 14.1837 )
00000893: 15.6586   (Y': 16.3324   Cb: 14.9211   Cr: 14.2293 )
00000894: 15.6537   (Y': 16.3548   Cb: 14.8694   Cr: 14.1972 )
00000895: 15.662    (Y': 16.3454   Cb: 14.8886   Cr: 14.2397 )
00000896: 15.6387   (Y': 16.341    Cb: 14.8947   Cr: 14.145  )
00000897: 15.6407   (Y': 16.3331   Cb: 14.8972   Cr: 14.1709 )
00000898: 15.6463   (Y': 16.3268   Cb: 14.9287   Cr: 14.1839 )
00000899: 15.6139   (Y': 16.2889   Cb: 14.865    Cr: 14.1911 )
00000900: 15.6088   (Y': 16.2989   Cb: 14.9062   Cr: 14.1101 )
00000901: 15.6248   (Y': 16.3217   Cb: 14.8715   Cr: 14.1526 )
00000902: 15.6353   (Y': 16.354    Cb: 14.8871   Cr: 14.1061 )
00000903: 15.6459   (Y': 16.3507   Cb: 14.8917   Cr: 14.1553 )
00000904: 15.6293   (Y': 16.3304   Cb: 14.8883   Cr: 14.1362 )
00000905: 15.6238   (Y': 16.3297   Cb: 14.852    Cr: 14.1452 )
00000906: 15.6335   (Y': 16.3469   Cb: 14.8774   Cr: 14.1238 )
00000907: 15.6436   (Y': 16.3332   Cb: 14.9223   Cr: 14.1618 )
00000909: 15.6452   (Y': 16.3285   Cb: 14.9073   Cr: 14.1929 )
00000908: 15.6436   (Y': 16.3448   Cb: 14.9031   Cr: 14.1497 )
00000910: 15.6475   (Y': 16.3456   Cb: 14.8692   Cr: 14.1933 )
00000911: 15.6479   (Y': 16.3389   Cb: 14.92     Cr: 14.1682 )
00000912: 15.6275   (Y': 16.3169   Cb: 14.9142   Cr: 14.1395 )
00000913: 15.66     (Y': 16.3512   Cb: 14.9371   Cr: 14.1757 )
00000914: 15.6659   (Y': 16.3838   Cb: 14.9046   Cr: 14.1495 )
00000915: 15.6712   (Y': 16.3581   Cb: 14.9546   Cr: 14.1923 )
00000916: 15.6856   (Y': 16.3782   Cb: 14.93     Cr: 14.2254 )
00000917: 15.6755   (Y': 16.3899   Cb: 14.9149   Cr: 14.1669 )
00000918: 15.7306   (Y': 16.4274   Cb: 15.0264   Cr: 14.2172 )
00000919: 15.7524   (Y': 16.488    Cb: 14.9286   Cr: 14.2469 )
00000920: 15.8057   (Y': 16.5156   Cb: 15.054    Cr: 14.3005 )
00000921: 15.8227   (Y': 16.5401   Cb: 15.069    Cr: 14.3015 )
00000922: 15.8726   (Y': 16.548    Cb: 15.1524   Cr: 14.4246 )
00000923: 15.9172   (Y': 16.6015   Cb: 15.2022   Cr: 14.4431 )
00000924: 15.8973   (Y': 16.5634   Cb: 15.1626   Cr: 14.4844 )
00000925: 15.9038   (Y': 16.5382   Cb: 15.2205   Cr: 14.5266 )
00000926: 15.8392   (Y': 16.4693   Cb: 15.1681   Cr: 14.4621 )
00000927: 15.8445   (Y': 16.4819   Cb: 15.1179   Cr: 14.4965 )
00000928: 15.7727   (Y': 16.3818   Cb: 15.0907   Cr: 14.4587 )
00000929: 15.731    (Y': 16.324    Cb: 15.0683   Cr: 14.4414 )
00000930: 15.7356   (Y': 16.2968   Cb: 15.1478   Cr: 14.4646 )
00000931: 15.6849   (Y': 16.2948   Cb: 15.0395   Cr: 14.3373 )
00000932: 15.689    (Y': 16.2754   Cb: 15.0725   Cr: 14.377  )
00000933: 15.7228   (Y': 16.3207   Cb: 15.0639   Cr: 14.4175 )
00000934: 15.7305   (Y': 16.3604   Cb: 15.0837   Cr: 14.3333 )
00000935: 15.7135   (Y': 16.3256   Cb: 15.1368   Cr: 14.3027 )
00000936: 15.7542   (Y': 16.387    Cb: 15.059    Cr: 14.3908 )
00000937: 15.754    (Y': 16.3903   Cb: 15.122    Cr: 14.3288 )
00000938: 15.8132   (Y': 16.4834   Cb: 15.1098   Cr: 14.3637 )
00000939: 15.8276   (Y': 16.5108   Cb: 15.124    Cr: 14.3467 )
00000940: 15.8163   (Y': 16.5389   Cb: 15.0698   Cr: 14.2764 )
00000941: 15.8172   (Y': 16.5543   Cb: 15.045    Cr: 14.2642 )
00000942: 15.7817   (Y': 16.5034   Cb: 15.011    Cr: 14.2644 )
00000943: 15.7335   (Y': 16.4398   Cb: 14.9642   Cr: 14.2517 )
00000944: 15.7325   (Y': 16.465    Cb: 14.9449   Cr: 14.2036 )
00000946: 15.729    (Y': 16.4393   Cb: 14.9643   Cr: 14.2336 )
00000945: 15.7221   (Y': 16.4537   Cb: 14.8734   Cr: 14.2476 )
00000947: 15.7413   (Y': 16.4207   Cb: 15.0566   Cr: 14.2538 )
00000948: 15.6922   (Y': 16.3613   Cb: 15.0017   Cr: 14.2348 )
00000949: 15.6912   (Y': 16.3251   Cb: 14.9916   Cr: 14.3288 )
00000950: 15.7031   (Y': 16.3552   Cb: 15.0159   Cr: 14.2846 )
00000951: 15.7216   (Y': 16.3857   Cb: 14.9896   Cr: 14.3113 )
00000952: 15.7058   (Y': 16.3999   Cb: 14.9954   Cr: 14.204  )
00000953: 15.6878   (Y': 16.3528   Cb: 14.9645   Cr: 14.2679 )
00000954: 15.7075   (Y': 16.3737   Cb: 14.9579   Cr: 14.3073 )
00000955: 15.7533   (Y': 16.4425   Cb: 14.9608   Cr: 14.3333 )
00000956: 15.7267   (Y': 16.4196   Cb: 15.0214   Cr: 14.2235 )
00000957: 15.7229   (Y': 16.4213   Cb: 15.0009   Cr: 14.2205 )
00000958: 15.7305   (Y': 16.421    Cb: 14.9888   Cr: 14.2639 )
00000959: 15.7107   (Y': 16.3975   Cb: 15.0217   Cr: 14.2089 )
00000960: 15.7082   (Y': 16.3798   Cb: 14.9876   Cr: 14.2699 )
00000961: 15.687    (Y': 16.3905   Cb: 14.911    Cr: 14.2177 )
00000962: 15.6693   (Y': 16.3274   Cb: 14.9926   Cr: 14.2272 )
00000963: 15.7015   (Y': 16.3772   Cb: 14.955    Cr: 14.275  )
00000964: 15.673    (Y': 16.3466   Cb: 14.9563   Cr: 14.2264 )
00000965: 15.689    (Y': 16.359    Cb: 14.9637   Cr: 14.2588 )
00000966: 15.6918   (Y': 16.3563   Cb: 15.0012   Cr: 14.2456 )
00000967: 15.7076   (Y': 16.3971   Cb: 14.9548   Cr: 14.2528 )
00000968: 15.7013   (Y': 16.3729   Cb: 14.9708   Cr: 14.2713 )
00000969: 15.6838   (Y': 16.3515   Cb: 15.0226   Cr: 14.2053 )
00000970: 15.6586   (Y': 16.3229   Cb: 14.9707   Cr: 14.2108 )
00000971: 15.6923   (Y': 16.3297   Cb: 15.0112   Cr: 14.3052 )
00000972: 15.6852   (Y': 16.3581   Cb: 14.961    Cr: 14.2466 )
00000973: 15.6842   (Y': 16.3494   Cb: 14.9603   Cr: 14.2645 )
00000974: 15.6923   (Y': 16.3759   Cb: 14.9723   Cr: 14.2239 )
00000975: 15.6961   (Y': 16.3719   Cb: 15.0022   Cr: 14.2249 )
00000976: 15.6739   (Y': 16.319    Cb: 14.9816   Cr: 14.2772 )
00000977: 15.6562   (Y': 16.3194   Cb: 14.9382   Cr: 14.2366 )
00000978: 15.6975   (Y': 16.3487   Cb: 15.0419   Cr: 14.2546 )
00000979: 15.6393   (Y': 16.3103   Cb: 14.9035   Cr: 14.2153 )
00000980: 15.6613   (Y': 16.3319   Cb: 14.9719   Cr: 14.1988 )
00000981: 15.6754   (Y': 16.3241   Cb: 14.9506   Cr: 14.2977 )
00000982: 15.6742   (Y': 16.3237   Cb: 14.9884   Cr: 14.2612 )
00000983: 15.6766   (Y': 16.3072   Cb: 15.0072   Cr: 14.2968 )
00000984: 15.6336   (Y': 16.2761   Cb: 14.9615   Cr: 14.2261 )
00000985: 15.655    (Y': 16.3239   Cb: 14.9633   Cr: 14.1991 )
00000986: 15.6528   (Y': 16.327    Cb: 14.9664   Cr: 14.1793 )
00000987: 15.632    (Y': 16.2954   Cb: 14.9546   Cr: 14.1777 )
00000988: 15.664    (Y': 16.3299   Cb: 14.923    Cr: 14.257  )
00000989: 15.6541   (Y': 16.3389   Cb: 14.9522   Cr: 14.1676 )
00000990: 15.6247   (Y': 16.2848   Cb: 14.8839   Cr: 14.2321 )
00000991: 15.6488   (Y': 16.3054   Cb: 14.9558   Cr: 14.2244 )
00000992: 15.6683   (Y': 16.3319   Cb: 14.9937   Cr: 14.2109 )
00000993: 15.6593   (Y': 16.3108   Cb: 14.9649   Cr: 14.2485 )
00000994: 15.6882   (Y': 16.3529   Cb: 14.9554   Cr: 14.2772 )
00000995: 15.6344   (Y': 16.2931   Cb: 14.9774   Cr: 14.1745 )
00000996: 15.6594   (Y': 16.3241   Cb: 14.9954   Cr: 14.1904 )
00000997: 15.6498   (Y': 16.3271   Cb: 14.9747   Cr: 14.1594 )
00000998: 15.6126   (Y': 16.263    Cb: 14.9462   Cr: 14.1809 )
00000999: 15.6608   (Y': 16.3073   Cb: 14.9964   Cr: 14.2372 )
00001000: 15.6602   (Y': 16.3201   Cb: 14.9525   Cr: 14.2399 )
00001001: 15.637    (Y': 16.2732   Cb: 15.0238   Cr: 14.1963 )
00001002: 15.6431   (Y': 16.2877   Cb: 14.9712   Cr: 14.2302 )
00001003: 15.654    (Y': 16.3297   Cb: 14.9555   Cr: 14.187  )
00001004: 15.6728   (Y': 16.334    Cb: 15.0045   Cr: 14.216  )
00001005: 15.69     (Y': 16.3292   Cb: 15.0594   Cr: 14.2561 )
00001006: 15.6812   (Y': 16.3069   Cb: 15.0095   Cr: 14.3159 )
00001007: 15.6623   (Y': 16.3115   Cb: 14.9827   Cr: 14.2447 )
00001008: 15.6598   (Y': 16.2845   Cb: 14.9899   Cr: 14.2954 )
00001009: 15.6748   (Y': 16.3087   Cb: 14.9882   Cr: 14.3017 )
00001010: 15.6624   (Y': 16.3323   Cb: 14.9537   Cr: 14.2181 )
00001011: 15.6583   (Y': 16.3057   Cb: 14.9741   Cr: 14.2489 )
00001012: 15.6566   (Y': 16.281    Cb: 15.0627   Cr: 14.2291 )
00001013: 15.6664   (Y': 16.3222   Cb: 14.9813   Cr: 14.2369 )
00001014: 15.6485   (Y': 16.2868   Cb: 14.9926   Cr: 14.238  )
00001015: 15.6771   (Y': 16.3301   Cb: 15.025    Cr: 14.2268 )
00001016: 15.6523   (Y': 16.3087   Cb: 14.9643   Cr: 14.2242 )
00001017: 15.6505   (Y': 16.3016   Cb: 14.9678   Cr: 14.2306 )
00001018: 15.6734   (Y': 16.3277   Cb: 14.9869   Cr: 14.2489 )
00001019: 15.6535   (Y': 16.2996   Cb: 14.9477   Cr: 14.2658 )
00001020: 15.6861   (Y': 16.3539   Cb: 14.999    Cr: 14.229  )
00001021: 15.6898   (Y': 16.3492   Cb: 14.9239   Cr: 14.3206 )
00001022: 15.6736   (Y': 16.3301   Cb: 14.9792   Cr: 14.2503 )
00001023: 15.6748   (Y': 16.3204   Cb: 15.0161   Cr: 14.2483 )
00001024: 15.65     (Y': 16.2948   Cb: 14.9426   Cr: 14.2669 )
00001025: 15.6529   (Y': 16.3064   Cb: 14.9457   Cr: 14.2477 )
00001026: 15.621    (Y': 16.2941   Cb: 14.8787   Cr: 14.1975 )
00001027: 15.6498   (Y': 16.2946   Cb: 14.9596   Cr: 14.2521 )
00001028: 15.657    (Y': 16.3064   Cb: 14.9914   Cr: 14.2271 )
00001029: 15.6962   (Y': 16.3183   Cb: 15.0509   Cr: 14.3175 )
00001030: 15.6757   (Y': 16.3153   Cb: 15.0154   Cr: 14.2656 )
00001031: 15.6843   (Y': 16.3241   Cb: 15.0081   Cr: 14.2873 )
00001032: 15.6523   (Y': 16.3225   Cb: 14.9142   Cr: 14.2323 )
00001034: 15.7051   (Y': 16.3696   Cb: 14.9943   Cr: 14.276  )
00001033: 15.641    (Y': 16.2955   Cb: 14.9554   Cr: 14.2153 )
00001035: 15.6786   (Y': 16.3547   Cb: 14.961    Cr: 14.227  )
00001036: 15.6532   (Y': 16.3162   Cb: 14.9595   Cr: 14.2132 )
00001037: 15.6598   (Y': 16.3115   Cb: 14.9645   Cr: 14.2495 )
00001038: 15.6876   (Y': 16.3419   Cb: 14.9942   Cr: 14.2691 )
00001039: 15.6544   (Y': 16.2954   Cb: 15.0141   Cr: 14.2244 )
00001040: 15.6952   (Y': 16.3222   Cb: 15.0218   Cr: 14.3282 )
00001041: 15.6567   (Y': 16.3237   Cb: 14.9807   Cr: 14.1922 )
00001042: 15.6808   (Y': 16.3136   Cb: 15.0097   Cr: 14.2971 )
00001043: 15.6799   (Y': 16.3265   Cb: 14.9961   Cr: 14.2722 )
Total: 15.713    (Y': 16.3257   Cb: 15.1008   Cr: 14.33   )
