00000000: 31.3234   (Y': 44.3744   Cb: 26.6981   Cr: 26.6981 )
00000001: 16.0439   (Y': 16.7329   Cb: 14.0998   Cr: 15.9488 )
00000002: 15.9825   (Y': 16.7035   Cb: 14.0145   Cr: 15.8177 )
00000003: 15.9889   (Y': 16.6802   Cb: 14.0346   Cr: 15.9013 )
00000004: 16.0144   (Y': 16.6783   Cb: 14.1199   Cr: 15.9276 )
00000005: 15.9586   (Y': 16.6519   Cb: 13.9695   Cr: 15.9184 )
00000007: 15.6992   (Y': 16.3252   Cb: 13.8475   Cr: 15.6765 )
00000006: 15.8108   (Y': 16.4894   Cb: 13.8798   Cr: 15.7306 )
00000008: 15.6828   (Y': 16.3103   Cb: 13.798    Cr: 15.7059 )
00000009: 15.6737   (Y': 16.3278   Cb: 13.7781   Cr: 15.622  )
00000011: 15.6517   (Y': 16.2918   Cb: 13.8099   Cr: 15.5658 )
00000010: 15.6362   (Y': 16.2697   Cb: 13.8001   Cr: 15.5639 )
00000012: 15.6605   (Y': 16.2776   Cb: 13.8062   Cr: 15.6729 )
00000013: 15.6354   (Y': 16.2536   Cb: 13.75     Cr: 15.6919 )
00000014: 15.5671   (Y': 16.1568   Cb: 13.7691   Cr: 15.5884 )
00000015: 15.5915   (Y': 16.1979   Cb: 13.7383   Cr: 15.6392 )
00000016: 15.6459   (Y': 16.274    Cb: 13.821    Cr: 15.5756 )
00000017: 15.6099   (Y': 16.214    Cb: 13.8045   Cr: 15.5928 )
00000018: 15.7106   (Y': 16.3795   Cb: 13.8128   Cr: 15.612  )
00000019: 15.6294   (Y': 16.2695   Cb: 13.7823   Cr: 15.5513 )
00000020: 15.587    (Y': 16.1899   Cb: 13.7799   Cr: 15.5767 )
00000022: 15.623    (Y': 16.2792   Cb: 13.7713   Cr: 15.4977 )
00000021: 15.5821   (Y': 16.2389   Cb: 13.7168   Cr: 15.4752 )
00000023: 15.7691   (Y': 16.5234   Cb: 13.7675   Cr: 15.548  )
00000024: 15.8043   (Y': 16.5164   Cb: 13.7838   Cr: 15.7504 )
00000025: 15.681    (Y': 16.346    Cb: 13.7541   Cr: 15.64   )
00000027: 15.7049   (Y': 16.3922   Cb: 13.7631   Cr: 15.6118 )
00000029: 15.5775   (Y': 16.212    Cb: 13.7115   Cr: 15.5472 )
00000026: 15.7128   (Y': 16.3772   Cb: 13.8      Cr: 15.6522 )
00000028: 15.6405   (Y': 16.3065   Cb: 13.7798   Cr: 15.4961 )
00000030: 15.6065   (Y': 16.2541   Cb: 13.7448   Cr: 15.5251 )
00000031: 15.6173   (Y': 16.2722   Cb: 13.6904   Cr: 15.6107 )
00000032: 15.602    (Y': 16.2696   Cb: 13.6689   Cr: 15.562  )
00000033: 15.608    (Y': 16.2566   Cb: 13.7275   Cr: 15.5516 )
00000034: 15.5961   (Y': 16.2695   Cb: 13.7027   Cr: 15.4759 )
00000036: 15.584    (Y': 16.2431   Cb: 13.6874   Cr: 15.5169 )
00000035: 15.5759   (Y': 16.2261   Cb: 13.6824   Cr: 15.5344 )
00000038: 15.6243   (Y': 16.2898   Cb: 13.7396   Cr: 15.5175 )
00000037: 15.5782   (Y': 16.2396   Cb: 13.6957   Cr: 15.4818 )
00000039: 15.6025   (Y': 16.2527   Cb: 13.7014   Cr: 15.5727 )
00000040: 15.6336   (Y': 16.3175   Cb: 13.7178   Cr: 15.512  )
00000041: 15.6104   (Y': 16.2794   Cb: 13.7232   Cr: 15.4957 )
00000042: 15.591    (Y': 16.2498   Cb: 13.721    Cr: 15.4846 )
00000044: 15.5843   (Y': 16.2264   Cb: 13.7277   Cr: 15.5141 )
00000043: 15.5705   (Y': 16.2081   Cb: 13.6903   Cr: 15.5518 )
00000046: 15.5752   (Y': 16.2239   Cb: 13.7227   Cr: 15.4767 )
00000045: 15.5628   (Y': 16.2043   Cb: 13.6686   Cr: 15.5519 )
00000047: 15.6433   (Y': 16.3158   Cb: 13.7459   Cr: 15.5321 )
00000048: 15.626    (Y': 16.3081   Cb: 13.7341   Cr: 15.4746 )
00000050: 15.493    (Y': 16.1803   Cb: 13.6808   Cr: 15.2085 )
00000049: 15.5593   (Y': 16.243    Cb: 13.6942   Cr: 15.3632 )
00000052: 15.6918   (Y': 16.3836   Cb: 13.7922   Cr: 15.5201 )
00000051: 15.586    (Y': 16.2928   Cb: 13.6636   Cr: 15.3994 )
00000053: 15.7627   (Y': 16.4957   Cb: 13.7914   Cr: 15.564  )
00000054: 15.7786   (Y': 16.5037   Cb: 13.8172   Cr: 15.5905 )
00000055: 15.8081   (Y': 16.5207   Cb: 13.8557   Cr: 15.6474 )
00000056: 15.8034   (Y': 16.5053   Cb: 13.8671   Cr: 15.6538 )
00000057: 15.8255   (Y': 16.5379   Cb: 13.8803   Cr: 15.6545 )
00000058: 15.8289   (Y': 16.5342   Cb: 13.8906   Cr: 15.6713 )
00000060: 15.8732   (Y': 16.551    Cb: 13.9519   Cr: 15.7807 )
00000059: 15.8229   (Y': 16.5411   Cb: 13.8807   Cr: 15.6286 )
00000062: 15.8299   (Y': 16.5251   Cb: 13.9268   Cr: 15.6519 )
00000061: 15.8677   (Y': 16.5802   Cb: 13.9367   Cr: 15.6751 )
00000063: 15.6471   (Y': 16.2337   Cb: 13.8537   Cr: 15.6726 )
00000064: 15.5499   (Y': 16.0595   Cb: 13.8347   Cr: 15.7335 )
00000065: 15.6914   (Y': 16.28     Cb: 13.8868   Cr: 15.7269 )
00000066: 15.737    (Y': 16.3815   Cb: 13.8742   Cr: 15.668  )
00000067: 15.7552   (Y': 16.3866   Cb: 13.9274   Cr: 15.6781 )
00000069: 15.7303   (Y': 16.3205   Cb: 13.9683   Cr: 15.6959 )
00000068: 15.7298   (Y': 16.3457   Cb: 13.8965   Cr: 15.7141 )
00000070: 15.8174   (Y': 16.418    Cb: 14.0136   Cr: 15.8096 )
00000071: 15.8752   (Y': 16.4852   Cb: 14.0232   Cr: 15.9082 )
00000072: 15.8678   (Y': 16.5003   Cb: 14.0078   Cr: 15.8354 )
00000073: 15.907    (Y': 16.5246   Cb: 14.0269   Cr: 15.9569 )
00000074: 16.623    (Y': 17.3776   Cb: 14.447    Cr: 16.6775 )
00000075: 16.8388   (Y': 17.6318   Cb: 14.5898   Cr: 16.8862 )
00000076: 17.1424   (Y': 17.8124   Cb: 14.91     Cr: 17.6004 )
00000077: 17.2798   (Y': 17.8975   Cb: 15.0669   Cr: 17.9057 )
00000078: 17.3656   (Y': 17.9507   Cb: 15.093    Cr: 18.2453 )
00000079: 17.3703   (Y': 17.9368   Cb: 15.1291   Cr: 18.2656 )
00000080: 17.1058   (Y': 17.8313   Cb: 14.7902   Cr: 17.5106 )
00000081: 17.0664   (Y': 17.7345   Cb: 14.8685   Cr: 17.4687 )
00000082: 17.0763   (Y': 17.8115   Cb: 14.7623   Cr: 17.442  )
00000083: 17.05     (Y': 17.7579   Cb: 14.7884   Cr: 17.42   )
00000086: 16.8852   (Y': 17.6665   Cb: 14.65     Cr: 16.9487 )
00000084: 17.0536   (Y': 17.7629   Cb: 14.836    Cr: 17.3392 )
00000085: 17.0345   (Y': 17.7269   Cb: 14.8114   Cr: 17.3914 )
00000087: 16.5117   (Y': 17.3322   Cb: 14.3198   Cr: 16.3747 )
00000088: 16.4548   (Y': 17.2516   Cb: 14.3074   Cr: 16.3226 )
00000089: 16.0822   (Y': 16.8397   Cb: 14.0072   Cr: 15.9639 )
00000090: 15.7425   (Y': 16.413    Cb: 13.8735   Cr: 15.5954 )
00000091: 15.5426   (Y': 16.1484   Cb: 13.7084   Cr: 15.5633 )
00000093: 15.5486   (Y': 16.186    Cb: 13.6964   Cr: 15.4876 )
00000092: 15.5463   (Y': 16.1476   Cb: 13.7619   Cr: 15.5073 )
00000094: 15.5149   (Y': 16.1329   Cb: 13.6901   Cr: 15.4786 )
00000095: 15.5713   (Y': 16.1826   Cb: 13.7919   Cr: 15.4904 )
00000097: 15.5242   (Y': 16.1328   Cb: 13.7247   Cr: 15.4826 )
00000096: 15.5187   (Y': 16.142    Cb: 13.696    Cr: 15.4611 )
00000098: 15.5623   (Y': 16.1779   Cb: 13.7373   Cr: 15.5348 )
00000099: 15.5387   (Y': 16.1426   Cb: 13.7542   Cr: 15.4907 )
00000101: 15.5474   (Y': 16.1848   Cb: 13.686    Cr: 15.5001 )
00000100: 15.5215   (Y': 16.1875   Cb: 13.6536   Cr: 15.3878 )
00000102: 15.5253   (Y': 16.1328   Cb: 13.7464   Cr: 15.4565 )
00000103: 15.5469   (Y': 16.1746   Cb: 13.7227   Cr: 15.4768 )
00000104: 15.5284   (Y': 16.1354   Cb: 13.7147   Cr: 15.5136 )
00000105: 15.5251   (Y': 16.0961   Cb: 13.7498   Cr: 15.5782 )
00000106: 15.5246   (Y': 16.0928   Cb: 13.7745   Cr: 15.5496 )
00000107: 15.4805   (Y': 16.0443   Cb: 13.7525   Cr: 15.4882 )
00000108: 15.4884   (Y': 16.0598   Cb: 13.6936   Cr: 15.5699 )
00000110: 15.4896   (Y': 16.0717   Cb: 13.7314   Cr: 15.4776 )
00000109: 15.4778   (Y': 16.0533   Cb: 13.7148   Cr: 15.4965 )
00000111: 15.5207   (Y': 16.0956   Cb: 13.7787   Cr: 15.5098 )
00000113: 15.4815   (Y': 16.0458   Cb: 13.7413   Cr: 15.5052 )
00000112: 15.5143   (Y': 16.0809   Cb: 13.7608   Cr: 15.5497 )
00000114: 15.509    (Y': 16.1005   Cb: 13.6915   Cr: 15.5539 )
00000115: 15.5134   (Y': 16.0872   Cb: 13.7262   Cr: 15.5747 )
00000117: 15.5027   (Y': 16.0609   Cb: 13.7151   Cr: 15.6205 )
00000116: 15.5355   (Y': 16.128    Cb: 13.7462   Cr: 15.5339 )
00000118: 15.4892   (Y': 16.0945   Cb: 13.6681   Cr: 15.4919 )
00000119: 15.4791   (Y': 16.0497   Cb: 13.6941   Cr: 15.5486 )
00000121: 15.5235   (Y': 16.1137   Cb: 13.7376   Cr: 15.5253 )
00000120: 15.5069   (Y': 16.1023   Cb: 13.7291   Cr: 15.4782 )
00000122: 15.5161   (Y': 16.1281   Cb: 13.6963   Cr: 15.4935 )
00000125: 15.5276   (Y': 16.13     Cb: 13.7272   Cr: 15.5085 )
00000123: 15.5132   (Y': 16.1012   Cb: 13.6999   Cr: 15.5644 )
00000124: 15.5213   (Y': 16.107    Cb: 13.7606   Cr: 15.5011 )
00000126: 15.5411   (Y': 16.1247   Cb: 13.8013   Cr: 15.4971 )
00000127: 15.5879   (Y': 16.2267   Cb: 13.7462   Cr: 15.5061 )
00000128: 15.8045   (Y': 16.5107   Cb: 13.8476   Cr: 15.6719 )
00000130: 15.7848   (Y': 16.4686   Cb: 13.8703   Cr: 15.662  )
00000129: 15.7748   (Y': 16.4745   Cb: 13.8148   Cr: 15.6681 )
00000131: 15.7429   (Y': 16.4367   Cb: 13.8365   Cr: 15.5749 )
00000132: 15.6209   (Y': 16.2202   Cb: 13.8012   Cr: 15.6419 )
00000134: 15.6766   (Y': 16.3375   Cb: 13.7834   Cr: 15.5981 )
00000133: 15.6072   (Y': 16.2078   Cb: 13.8012   Cr: 15.6032 )
00000135: 15.541    (Y': 16.1535   Cb: 13.7313   Cr: 15.501  )
00000136: 15.5315   (Y': 16.1328   Cb: 13.6933   Cr: 15.5739 )
00000137: 15.5902   (Y': 16.2046   Cb: 13.7911   Cr: 15.5277 )
00000139: 15.5681   (Y': 16.1534   Cb: 13.7967   Cr: 15.5647 )
00000140: 15.5765   (Y': 16.1684   Cb: 13.7653   Cr: 15.6108 )
00000138: 15.5841   (Y': 16.1974   Cb: 13.7536   Cr: 15.5731 )
00000142: 15.5629   (Y': 16.1385   Cb: 13.7678   Cr: 15.6297 )
00000141: 15.5842   (Y': 16.1723   Cb: 13.7552   Cr: 15.6593 )
00000143: 15.5424   (Y': 16.1263   Cb: 13.7462   Cr: 15.5817 )
00000144: 15.5082   (Y': 16.0909   Cb: 13.6888   Cr: 15.5876 )
00000145: 15.5483   (Y': 16.1265   Cb: 13.7882   Cr: 15.5532 )
00000146: 15.5255   (Y': 16.0943   Cb: 13.7856   Cr: 15.5331 )
00000147: 15.5368   (Y': 16.1239   Cb: 13.7408   Cr: 15.5647 )
00000148: 15.5356   (Y': 16.1094   Cb: 13.7487   Cr: 15.5963 )
00000149: 15.5463   (Y': 16.1412   Cb: 13.7061   Cr: 15.6147 )
00000150: 15.5432   (Y': 16.132    Cb: 13.7566   Cr: 15.5506 )
00000151: 15.5377   (Y': 16.1169   Cb: 13.7549   Cr: 15.5735 )
00000153: 15.5312   (Y': 16.0997   Cb: 13.7474   Cr: 15.6066 )
00000152: 15.5581   (Y': 16.1412   Cb: 13.7915   Cr: 15.5556 )
00000154: 15.5328   (Y': 16.0832   Cb: 13.7853   Cr: 15.6171 )
00000155: 15.5339   (Y': 16.1064   Cb: 13.7435   Cr: 15.605  )
00000156: 15.5454   (Y': 16.1395   Cb: 13.7325   Cr: 15.5743 )
00000159: 15.5368   (Y': 16.1338   Cb: 13.7197   Cr: 15.5624 )
00000157: 15.5388   (Y': 16.1398   Cb: 13.7069   Cr: 15.5725 )
00000158: 15.5349   (Y': 16.1042   Cb: 13.7692   Cr: 15.5799 )
00000160: 15.538    (Y': 16.1326   Cb: 13.7499   Cr: 15.528  )
00000161: 15.5666   (Y': 16.146    Cb: 13.782    Cr: 15.6042 )
00000162: 15.5347   (Y': 16.1258   Cb: 13.7593   Cr: 15.5175 )
00000164: 15.5548   (Y': 16.1422   Cb: 13.7911   Cr: 15.533  )
00000163: 15.5513   (Y': 16.1327   Cb: 13.7376   Cr: 15.6267 )
00000166: 15.5247   (Y': 16.1152   Cb: 13.6968   Cr: 15.5898 )
00000167: 15.5367   (Y': 16.0944   Cb: 13.7753   Cr: 15.616  )
00000165: 15.5372   (Y': 16.1152   Cb: 13.7333   Cr: 15.6097 )
00000168: 15.5498   (Y': 16.136    Cb: 13.7411   Cr: 15.6001 )
00000169: 15.5053   (Y': 16.0911   Cb: 13.6943   Cr: 15.561  )
00000170: 15.5662   (Y': 16.1468   Cb: 13.7515   Cr: 15.6457 )
00000171: 15.5281   (Y': 16.107    Cb: 13.7313   Cr: 15.5864 )
00000172: 15.5267   (Y': 16.1228   Cb: 13.6867   Cr: 15.5903 )
00000173: 15.5349   (Y': 16.0975   Cb: 13.772    Cr: 15.5991 )
00000174: 15.5185   (Y': 16.0843   Cb: 13.7507   Cr: 15.5787 )
00000175: 15.5059   (Y': 16.0675   Cb: 13.7349   Cr: 15.5862 )
00000177: 15.5379   (Y': 16.1069   Cb: 13.7556   Cr: 15.6089 )
00000176: 15.5159   (Y': 16.1061   Cb: 13.7209   Cr: 15.5315 )
00000178: 15.5191   (Y': 16.0933   Cb: 13.7429   Cr: 15.5621 )
00000179: 15.5163   (Y': 16.0928   Cb: 13.7665   Cr: 15.5117 )
00000180: 15.5356   (Y': 16.1125   Cb: 13.7407   Cr: 15.5977 )
00000181: 15.5507   (Y': 16.132    Cb: 13.7467   Cr: 15.611  )
00000183: 15.5006   (Y': 16.0809   Cb: 13.7218   Cr: 15.5263 )
00000182: 15.5233   (Y': 16.1094   Cb: 13.7281   Cr: 15.5537 )
00000184: 15.5321   (Y': 16.1418   Cb: 13.7185   Cr: 15.5077 )
00000185: 15.5215   (Y': 16.152    Cb: 13.6471   Cr: 15.5177 )
00000186: 15.5405   (Y': 16.1236   Cb: 13.7419   Cr: 15.5867 )
00000187: 15.4965   (Y': 16.0912   Cb: 13.736    Cr: 15.4446 )
00000189: 15.6909   (Y': 16.3837   Cb: 13.7669   Cr: 15.5524 )
00000188: 15.6231   (Y': 16.2832   Cb: 13.7149   Cr: 15.57   )
00000191: 15.672    (Y': 16.358    Cb: 13.7606   Cr: 15.537  )
00000190: 15.6088   (Y': 16.2439   Cb: 13.7955   Cr: 15.4973 )
00000192: 15.5631   (Y': 16.1789   Cb: 13.7234   Cr: 15.5573 )
00000193: 15.5877   (Y': 16.1734   Cb: 13.8159   Cr: 15.5836 )
00000194: 15.6653   (Y': 16.317    Cb: 13.7856   Cr: 15.5972 )
00000195: 15.6622   (Y': 16.3326   Cb: 13.7837   Cr: 15.5293 )
00000196: 15.5602   (Y': 16.1989   Cb: 13.7322   Cr: 15.4587 )
00000197: 15.5589   (Y': 16.1952   Cb: 13.6993   Cr: 15.5129 )
00000198: 15.5427   (Y': 16.1582   Cb: 13.7054   Cr: 15.5346 )
00000199: 15.5414   (Y': 16.1363   Cb: 13.7449   Cr: 15.5427 )
00000201: 15.542    (Y': 16.1373   Cb: 13.761    Cr: 15.5185 )
00000200: 15.5663   (Y': 16.1519   Cb: 13.7877   Cr: 15.573  )
00000202: 15.5216   (Y': 16.1425   Cb: 13.6914   Cr: 15.4837 )
00000203: 15.5372   (Y': 16.1415   Cb: 13.7412   Cr: 15.5049 )
00000205: 15.6643   (Y': 16.3251   Cb: 13.8107   Cr: 15.5264 )
00000204: 15.5825   (Y': 16.2351   Cb: 13.6928   Cr: 15.5265 )
00000207: 15.5308   (Y': 16.162    Cb: 13.6771   Cr: 15.4932 )
00000206: 15.5975   (Y': 16.2095   Cb: 13.7703   Cr: 15.5857 )
00000208: 15.5392   (Y': 16.1557   Cb: 13.7331   Cr: 15.4804 )
00000210: 15.5202   (Y': 16.1407   Cb: 13.7058   Cr: 15.4603 )
00000209: 15.5449   (Y': 16.1587   Cb: 13.7207   Cr: 15.5225 )
00000211: 15.5242   (Y': 16.1076   Cb: 13.7003   Cr: 15.6077 )
00000214: 15.5065   (Y': 16.0829   Cb: 13.7476   Cr: 15.5157 )
00000213: 15.5081   (Y': 16.0957   Cb: 13.6828   Cr: 15.5788 )
00000212: 15.517    (Y': 16.0954   Cb: 13.7481   Cr: 15.5344 )
00000215: 15.5088   (Y': 16.0988   Cb: 13.7031   Cr: 15.5412 )
00000216: 15.5258   (Y': 16.1113   Cb: 13.7498   Cr: 15.5289 )
00000217: 15.5107   (Y': 16.1157   Cb: 13.6975   Cr: 15.5021 )
00000218: 15.5137   (Y': 16.1194   Cb: 13.6905   Cr: 15.518  )
00000219: 15.4988   (Y': 16.0834   Cb: 13.6879   Cr: 15.5582 )
00000220: 15.5011   (Y': 16.0778   Cb: 13.6862   Cr: 15.5949 )
00000221: 15.5075   (Y': 16.1138   Cb: 13.656    Cr: 15.5529 )
00000223: 15.5715   (Y': 16.2396   Cb: 13.6824   Cr: 15.4623 )
00000222: 15.5706   (Y': 16.1757   Cb: 13.7219   Cr: 15.6161 )
00000225: 15.5837   (Y': 16.1974   Cb: 13.7829   Cr: 15.5263 )
00000224: 15.5658   (Y': 16.196    Cb: 13.7372   Cr: 15.494  )
00000226: 15.554    (Y': 16.1656   Cb: 13.6987   Cr: 15.5871 )
00000227: 15.5557   (Y': 16.2222   Cb: 13.7195   Cr: 15.3738 )
00000229: 15.5762   (Y': 16.1891   Cb: 13.7375   Cr: 15.579  )
00000228: 15.5777   (Y': 16.1982   Cb: 13.7569   Cr: 15.5269 )
00000231: 15.5543   (Y': 16.162    Cb: 13.7526   Cr: 15.5194 )
00000230: 15.5832   (Y': 16.1771   Cb: 13.769    Cr: 15.6148 )
00000234: 15.7382   (Y': 16.4303   Cb: 13.8325   Cr: 15.5744 )
00000232: 15.549    (Y': 16.1593   Cb: 13.719    Cr: 15.5475 )
00000233: 15.6443   (Y': 16.2808   Cb: 13.7405   Cr: 15.6655 )
00000235: 15.6552   (Y': 16.339    Cb: 13.767    Cr: 15.4926 )
00000236: 15.5721   (Y': 16.2234   Cb: 13.7507   Cr: 15.4185 )
00000237: 15.5353   (Y': 16.1412   Cb: 13.7415   Cr: 15.4943 )
00000239: 15.6094   (Y': 16.2211   Cb: 13.8085   Cr: 15.5591 )
00000238: 15.5476   (Y': 16.1684   Cb: 13.7085   Cr: 15.5236 )
00000240: 15.6193   (Y': 16.2422   Cb: 13.7757   Cr: 15.5946 )
00000241: 15.5461   (Y': 16.1442   Cb: 13.7506   Cr: 15.535  )
00000242: 15.4936   (Y': 16.0536   Cb: 13.7688   Cr: 15.5092 )
00000243: 15.5274   (Y': 16.1124   Cb: 13.7733   Cr: 15.4997 )
00000244: 15.5539   (Y': 16.1641   Cb: 13.7225   Cr: 15.5551 )
00000245: 15.6126   (Y': 16.2251   Cb: 13.8065   Cr: 15.567  )
00000246: 15.6082   (Y': 16.2441   Cb: 13.7573   Cr: 15.5504 )
00000247: 15.6402   (Y': 16.2559   Cb: 13.8312   Cr: 15.5885 )
00000248: 15.6406   (Y': 16.2837   Cb: 13.7745   Cr: 15.5811 )
00000249: 15.6652   (Y': 16.2998   Cb: 13.7994   Cr: 15.634  )
00000250: 15.694    (Y': 16.3212   Cb: 13.8008   Cr: 15.7311 )
00000251: 15.6085   (Y': 16.2355   Cb: 13.7539   Cr: 15.5865 )
00000252: 15.554    (Y': 16.1347   Cb: 13.7406   Cr: 15.6314 )
00000253: 15.5158   (Y': 16.0886   Cb: 13.7453   Cr: 15.5549 )
00000255: 15.4809   (Y': 16.0468   Cb: 13.6852   Cr: 15.5837 )
00000254: 15.5022   (Y': 16.0586   Cb: 13.7381   Cr: 15.5904 )
00000256: 15.4945   (Y': 16.0156   Cb: 13.7719   Cr: 15.647  )
00000257: 15.4405   (Y': 15.9821   Cb: 13.6868   Cr: 15.5661 )
00000258: 15.3744   (Y': 15.885    Cb: 13.6864   Cr: 15.5127 )
00000259: 15.4096   (Y': 15.9116   Cb: 13.7186   Cr: 15.5843 )
00000260: 15.4113   (Y': 15.9275   Cb: 13.7644   Cr: 15.4677 )
00000261: 15.456    (Y': 15.9745   Cb: 13.7435   Cr: 15.6029 )
00000262: 15.4865   (Y': 15.9997   Cb: 13.782    Cr: 15.6408 )
00000263: 15.4795   (Y': 16.0236   Cb: 13.7016   Cr: 15.6337 )
00000264: 15.5624   (Y': 16.1587   Cb: 13.7546   Cr: 15.5759 )
00000265: 15.7145   (Y': 16.361    Cb: 13.8014   Cr: 15.7155 )
00000266: 15.7298   (Y': 16.3952   Cb: 13.8098   Cr: 15.6772 )
00000267: 15.7402   (Y': 16.4158   Cb: 13.7897   Cr: 15.6997 )
00000268: 15.7804   (Y': 16.4544   Cb: 13.8321   Cr: 15.742  )
00000269: 15.7481   (Y': 16.4223   Cb: 13.8385   Cr: 15.65   )
00000270: 15.7448   (Y': 16.4502   Cb: 13.7672   Cr: 15.6463 )
00000271: 15.7605   (Y': 16.4863   Cb: 13.7353   Cr: 15.668  )
00000273: 15.8001   (Y': 16.4915   Cb: 13.8398   Cr: 15.7218 )
00000272: 15.7935   (Y': 16.5152   Cb: 13.793    Cr: 15.6766 )
00000274: 15.7715   (Y': 16.4957   Cb: 13.777    Cr: 15.637  )
00000275: 15.7336   (Y': 16.4394   Cb: 13.7697   Cr: 15.613  )
00000276: 15.6922   (Y': 16.368    Cb: 13.7891   Cr: 15.5783 )
00000277: 15.6754   (Y': 16.3487   Cb: 13.7818   Cr: 15.5559 )
00000278: 15.5829   (Y': 16.2503   Cb: 13.729    Cr: 15.4236 )
00000279: 15.6059   (Y': 16.2813   Cb: 13.6856   Cr: 15.5195 )
00000281: 15.4982   (Y': 16.12     Cb: 13.6954   Cr: 15.4163 )
00000280: 15.5546   (Y': 16.1529   Cb: 13.7852   Cr: 15.5036 )
00000282: 15.5489   (Y': 16.2076   Cb: 13.6794   Cr: 15.4423 )
00000283: 15.5413   (Y': 16.1703   Cb: 13.7464   Cr: 15.4235 )
00000284: 15.501    (Y': 16.1161   Cb: 13.6339   Cr: 15.5395 )
00000285: 15.5389   (Y': 16.1683   Cb: 13.7024   Cr: 15.4813 )
00000286: 15.5323   (Y': 16.1605   Cb: 13.6962   Cr: 15.4783 )
00000287: 15.5158   (Y': 16.1286   Cb: 13.7125   Cr: 15.4651 )
00000288: 15.555    (Y': 16.1916   Cb: 13.6729   Cr: 15.5422 )
00000289: 15.5507   (Y': 16.1675   Cb: 13.759    Cr: 15.4692 )
00000290: 15.5254   (Y': 16.151    Cb: 13.6656   Cr: 15.5162 )
00000291: 15.5519   (Y': 16.1637   Cb: 13.7438   Cr: 15.5121 )
00000292: 15.5184   (Y': 16.1185   Cb: 13.7017   Cr: 15.532  )
00000294: 15.4822   (Y': 16.089    Cb: 13.6834   Cr: 15.4456 )
00000295: 15.5167   (Y': 16.1118   Cb: 13.7055   Cr: 15.5399 )
00000293: 15.5372   (Y': 16.1577   Cb: 13.6958   Cr: 15.5178 )
00000296: 15.5188   (Y': 16.1191   Cb: 13.7293   Cr: 15.4904 )
00000297: 15.5334   (Y': 16.1248   Cb: 13.7346   Cr: 15.5505 )
00000298: 15.5285   (Y': 16.1022   Cb: 13.7634   Cr: 15.5567 )
00000299: 15.5261   (Y': 16.1005   Cb: 13.7335   Cr: 15.5934 )
00000300: 15.5063   (Y': 16.1271   Cb: 13.6748   Cr: 15.4708 )
00000301: 15.521    (Y': 16.142    Cb: 13.6759   Cr: 15.5058 )
00000302: 15.5375   (Y': 16.1495   Cb: 13.7146   Cr: 15.5196 )
00000303: 15.5239   (Y': 16.1244   Cb: 13.7022   Cr: 15.5439 )
00000304: 15.5628   (Y': 16.1738   Cb: 13.7848   Cr: 15.481  )
00000305: 15.5074   (Y': 16.1128   Cb: 13.6921   Cr: 15.5006 )
00000306: 15.5254   (Y': 16.1484   Cb: 13.6871   Cr: 15.4927 )
00000307: 15.5192   (Y': 16.1419   Cb: 13.6658   Cr: 15.5107 )
00000308: 15.5472   (Y': 16.147    Cb: 13.7285   Cr: 15.565  )
00000309: 15.5095   (Y': 16.0946   Cb: 13.7198   Cr: 15.5346 )
00000311: 15.5203   (Y': 16.1228   Cb: 13.7093   Cr: 15.5169 )
00000310: 15.5095   (Y': 16.1183   Cb: 13.7035   Cr: 15.4769 )
00000312: 15.5145   (Y': 16.1212   Cb: 13.7288   Cr: 15.4588 )
00000313: 15.5394   (Y': 16.1293   Cb: 13.7783   Cr: 15.5052 )
00000314: 15.5017   (Y': 16.079    Cb: 13.7557   Cr: 15.4883 )
00000315: 15.4973   (Y': 16.1108   Cb: 13.6927   Cr: 15.4461 )
00000316: 15.5318   (Y': 16.134    Cb: 13.7453   Cr: 15.4927 )
00000317: 15.5275   (Y': 16.1456   Cb: 13.6902   Cr: 15.5101 )
00000319: 15.5115   (Y': 16.1102   Cb: 13.7199   Cr: 15.4921 )
00000318: 15.5328   (Y': 16.1484   Cb: 13.7155   Cr: 15.4935 )
00000320: 15.5375   (Y': 16.1219   Cb: 13.7526   Cr: 15.5579 )
00000321: 15.5429   (Y': 16.1477   Cb: 13.711    Cr: 15.5637 )
00000322: 15.5184   (Y': 16.1503   Cb: 13.7063   Cr: 15.4163 )
00000323: 15.5286   (Y': 16.1449   Cb: 13.6861   Cr: 15.5256 )
00000324: 15.5033   (Y': 16.1043   Cb: 13.7015   Cr: 15.4916 )
00000325: 15.5454   (Y': 16.1495   Cb: 13.7406   Cr: 15.5273 )
00000327: 15.5048   (Y': 16.1046   Cb: 13.6654   Cr: 15.5541 )
00000326: 15.5025   (Y': 16.0871   Cb: 13.7376   Cr: 15.4919 )
00000328: 15.5244   (Y': 16.1283   Cb: 13.7113   Cr: 15.5197 )
00000329: 15.4848   (Y': 16.0974   Cb: 13.6518   Cr: 15.4798 )
00000330: 15.4982   (Y': 16.1066   Cb: 13.6423   Cr: 15.5434 )
00000331: 15.5044   (Y': 16.1219   Cb: 13.661    Cr: 15.4985 )
00000332: 15.5179   (Y': 16.1254   Cb: 13.711    Cr: 15.4914 )
00000334: 15.5432   (Y': 16.139    Cb: 13.7622   Cr: 15.5181 )
00000333: 15.5491   (Y': 16.1574   Cb: 13.7416   Cr: 15.5207 )
00000335: 15.5088   (Y': 16.1127   Cb: 13.737    Cr: 15.4419 )
00000337: 15.5834   (Y': 16.2142   Cb: 13.7378   Cr: 15.5352 )
00000336: 15.534    (Y': 16.1643   Cb: 13.687    Cr: 15.4895 )
00000338: 15.5126   (Y': 16.1481   Cb: 13.6622   Cr: 15.4553 )
00000339: 15.5308   (Y': 16.1605   Cb: 13.6994   Cr: 15.4643 )
00000340: 15.5267   (Y': 16.1608   Cb: 13.6749   Cr: 15.4761 )
00000341: 15.545    (Y': 16.1768   Cb: 13.7014   Cr: 15.4899 )
00000342: 15.5451   (Y': 16.1651   Cb: 13.717    Cr: 15.5074 )
00000343: 15.529    (Y': 16.1421   Cb: 13.7079   Cr: 15.5042 )
00000344: 15.5532   (Y': 16.1949   Cb: 13.674    Cr: 15.5183 )
00000345: 15.5326   (Y': 16.1269   Cb: 13.7149   Cr: 15.568  )
00000346: 15.5315   (Y': 16.1599   Cb: 13.6545   Cr: 15.5391 )
00000347: 15.5212   (Y': 16.1394   Cb: 13.7001   Cr: 15.479  )
00000348: 15.524    (Y': 16.1212   Cb: 13.7196   Cr: 15.5291 )
00000349: 15.4865   (Y': 16.113    Cb: 13.6591   Cr: 15.4255 )
00000350: 15.498    (Y': 16.1555   Cb: 13.6197   Cr: 15.4085 )
00000351: 15.5109   (Y': 16.1326   Cb: 13.6735   Cr: 15.4812 )
00000352: 15.4961   (Y': 16.1276   Cb: 13.667    Cr: 15.4204 )
00000353: 15.5133   (Y': 16.1585   Cb: 13.6387   Cr: 15.4593 )
00000354: 15.5111   (Y': 16.09     Cb: 13.7347   Cr: 15.5383 )
00000355: 15.4988   (Y': 16.1193   Cb: 13.6815   Cr: 15.443  )
00000356: 15.5157   (Y': 16.1486   Cb: 13.6866   Cr: 15.4352 )
00000357: 15.5073   (Y': 16.132    Cb: 13.6709   Cr: 15.4657 )
00000358: 15.5179   (Y': 16.1175   Cb: 13.704    Cr: 15.5292 )
00000359: 15.4856   (Y': 16.07     Cb: 13.7085   Cr: 15.4943 )
00000360: 15.5052   (Y': 16.1141   Cb: 13.6617   Cr: 15.5291 )
00000361: 15.4894   (Y': 16.1043   Cb: 13.6516   Cr: 15.4838 )
00000362: 15.4876   (Y': 16.0738   Cb: 13.7141   Cr: 15.4848 )
00000363: 15.4992   (Y': 16.1016   Cb: 13.6614   Cr: 15.5373 )
00000364: 15.5136   (Y': 16.0952   Cb: 13.7361   Cr: 15.5331 )
00000365: 15.5096   (Y': 16.1307   Cb: 13.6749   Cr: 15.4776 )
00000366: 15.4767   (Y': 16.0623   Cb: 13.7007   Cr: 15.4798 )
00000367: 15.5021   (Y': 16.1173   Cb: 13.6741   Cr: 15.4803 )
00000368: 15.4905   (Y': 16.0916   Cb: 13.6868   Cr: 15.481  )
00000370: 15.5121   (Y': 16.1094   Cb: 13.7326   Cr: 15.4799 )
00000369: 15.4758   (Y': 16.0802   Cb: 13.6698   Cr: 15.4583 )
00000371: 15.5356   (Y': 16.1077   Cb: 13.7723   Cr: 15.5663 )
00000372: 15.5052   (Y': 16.1109   Cb: 13.7101   Cr: 15.467  )
00000373: 15.4844   (Y': 16.0598   Cb: 13.7208   Cr: 15.5047 )
00000374: 15.5122   (Y': 16.1349   Cb: 13.6579   Cr: 15.5049 )
00000375: 15.5273   (Y': 16.1234   Cb: 13.7354   Cr: 15.5177 )
00000376: 15.4833   (Y': 16.0689   Cb: 13.7098   Cr: 15.4819 )
00000377: 15.4917   (Y': 16.0804   Cb: 13.7037   Cr: 15.5019 )
00000378: 15.5195   (Y': 16.1166   Cb: 13.7108   Cr: 15.5314 )
00000379: 15.4954   (Y': 16.0947   Cb: 13.7316   Cr: 15.4326 )
00000380: 15.5397   (Y': 16.1601   Cb: 13.6958   Cr: 15.5243 )
00000381: 15.4878   (Y': 16.0934   Cb: 13.692    Cr: 15.4509 )
00000382: 15.4959   (Y': 16.0859   Cb: 13.7148   Cr: 15.4906 )
00000383: 15.4893   (Y': 16.0809   Cb: 13.7117   Cr: 15.4733 )
00000384: 15.4877   (Y': 16.0865   Cb: 13.7309   Cr: 15.4164 )
00000385: 15.4869   (Y': 16.1092   Cb: 13.6465   Cr: 15.4595 )
00000386: 15.4809   (Y': 16.0818   Cb: 13.6826   Cr: 15.4644 )
00000387: 15.4845   (Y': 16.0989   Cb: 13.6639   Cr: 15.4545 )
00000388: 15.4793   (Y': 16.0718   Cb: 13.701    Cr: 15.4615 )
00000389: 15.4712   (Y': 16.0912   Cb: 13.6546   Cr: 15.4158 )
00000390: 15.5052   (Y': 16.106    Cb: 13.7372   Cr: 15.4435 )
00000391: 15.501    (Y': 16.1244   Cb: 13.6996   Cr: 15.4115 )
00000392: 15.4913   (Y': 16.0939   Cb: 13.7001   Cr: 15.4575 )
00000393: 15.5031   (Y': 16.0966   Cb: 13.7222   Cr: 15.4857 )
00000394: 15.4824   (Y': 16.0966   Cb: 13.6634   Cr: 15.4506 )
00000395: 15.4706   (Y': 16.065    Cb: 13.6739   Cr: 15.4739 )
00000396: 15.5098   (Y': 16.0937   Cb: 13.7149   Cr: 15.5471 )
00000397: 15.5166   (Y': 16.1195   Cb: 13.7427   Cr: 15.4559 )
00000398: 15.4908   (Y': 16.0957   Cb: 13.6901   Cr: 15.4635 )
00000399: 15.4951   (Y': 16.1175   Cb: 13.6456   Cr: 15.4814 )
00000400: 15.4894   (Y': 16.1077   Cb: 13.6502   Cr: 15.474  )
00000401: 15.4968   (Y': 16.1044   Cb: 13.7045   Cr: 15.4475 )
00000403: 15.5005   (Y': 16.0701   Cb: 13.7524   Cr: 15.5179 )
00000402: 15.5163   (Y': 16.119    Cb: 13.7351   Cr: 15.4677 )
00000404: 15.4825   (Y': 16.0854   Cb: 13.6653   Cr: 15.4874 )
00000405: 15.5171   (Y': 16.1267   Cb: 13.7317   Cr: 15.4511 )
00000406: 15.4895   (Y': 16.0871   Cb: 13.7019   Cr: 15.4682 )
00000407: 15.5074   (Y': 16.1087   Cb: 13.7402   Cr: 15.4426 )
00000408: 15.5254   (Y': 16.1282   Cb: 13.7608   Cr: 15.4516 )
00000409: 15.5181   (Y': 16.1135   Cb: 13.7461   Cr: 15.4808 )
00000411: 15.4932   (Y': 16.0782   Cb: 13.7324   Cr: 15.4756 )
00000410: 15.4847   (Y': 16.0733   Cb: 13.7071   Cr: 15.4796 )
00000412: 15.5101   (Y': 16.1001   Cb: 13.6968   Cr: 15.5541 )
00000413: 15.5052   (Y': 16.1227   Cb: 13.6615   Cr: 15.4994 )
00000414: 15.4936   (Y': 16.0984   Cb: 13.6665   Cr: 15.5066 )
00000415: 15.5101   (Y': 16.11     Cb: 13.7055   Cr: 15.5061 )
00000416: 15.5004   (Y': 16.1013   Cb: 13.7308   Cr: 15.4407 )
00000417: 15.4875   (Y': 16.0833   Cb: 13.708    Cr: 15.4604 )
00000418: 15.5048   (Y': 16.1165   Cb: 13.707    Cr: 15.4499 )
00000419: 15.4939   (Y': 16.0997   Cb: 13.6942   Cr: 15.4624 )
00000420: 15.4907   (Y': 16.1065   Cb: 13.6758   Cr: 15.4474 )
00000421: 15.4999   (Y': 16.1038   Cb: 13.7268   Cr: 15.4349 )
00000422: 15.4861   (Y': 16.0784   Cb: 13.7197   Cr: 15.4512 )
00000423: 15.5176   (Y': 16.1147   Cb: 13.709    Cr: 15.5296 )
00000424: 15.482    (Y': 16.0734   Cb: 13.6766   Cr: 15.5087 )
00000425: 15.4882   (Y': 16.0802   Cb: 13.7052   Cr: 15.479  )
00000426: 15.5123   (Y': 16.1123   Cb: 13.695    Cr: 15.5273 )
00000428: 15.4872   (Y': 16.0758   Cb: 13.7144   Cr: 15.4744 )
00000427: 15.5015   (Y': 16.1284   Cb: 13.6684   Cr: 15.4475 )
00000429: 15.511    (Y': 16.0752   Cb: 13.7399   Cr: 15.5821 )
00000430: 15.486    (Y': 16.0506   Cb: 13.7428   Cr: 15.5135 )
00000431: 15.5375   (Y': 16.173    Cb: 13.6865   Cr: 15.4815 )
00000432: 15.5549   (Y': 16.1873   Cb: 13.7429   Cr: 15.4506 )
00000433: 15.4945   (Y': 16.1087   Cb: 13.6723   Cr: 15.4678 )
00000434: 15.5217   (Y': 16.1316   Cb: 13.7304   Cr: 15.4633 )
00000435: 15.4996   (Y': 16.0895   Cb: 13.7404   Cr: 15.4622 )
00000436: 15.5181   (Y': 16.0995   Cb: 13.7693   Cr: 15.4946 )
00000437: 15.4923   (Y': 16.0766   Cb: 13.7429   Cr: 15.4596 )
00000438: 15.5043   (Y': 16.1128   Cb: 13.6716   Cr: 15.5133 )
00000439: 15.5063   (Y': 16.089    Cb: 13.7178   Cr: 15.5381 )
00000440: 15.4954   (Y': 16.0837   Cb: 13.7038   Cr: 15.5122 )
00000441: 15.4909   (Y': 16.063    Cb: 13.7569   Cr: 15.4782 )
00000442: 15.4965   (Y': 16.0847   Cb: 13.6803   Cr: 15.5516 )
00000443: 15.5102   (Y': 16.091    Cb: 13.7834   Cr: 15.4565 )
00000444: 15.5207   (Y': 16.1304   Cb: 13.719    Cr: 15.4786 )
00000445: 15.5115   (Y': 16.1083   Cb: 13.7141   Cr: 15.5076 )
00000446: 15.5129   (Y': 16.1139   Cb: 13.7478   Cr: 15.4461 )
00000447: 15.4807   (Y': 16.0805   Cb: 13.6612   Cr: 15.5001 )
00000448: 15.5      (Y': 16.087    Cb: 13.6924   Cr: 15.546  )
00000449: 15.5094   (Y': 16.0974   Cb: 13.7381   Cr: 15.4966 )
00000452: 15.522    (Y': 16.1074   Cb: 13.7505   Cr: 15.519  )
00000450: 15.5205   (Y': 16.1053   Cb: 13.7406   Cr: 15.5316 )
00000451: 15.5387   (Y': 16.1602   Cb: 13.7144   Cr: 15.49   )
00000453: 15.4923   (Y': 16.0554   Cb: 13.7622   Cr: 15.5055 )
00000454: 15.4925   (Y': 16.0846   Cb: 13.7058   Cr: 15.4885 )
00000455: 15.5278   (Y': 16.1378   Cb: 13.7032   Cr: 15.5189 )
00000456: 15.4974   (Y': 16.0814   Cb: 13.6983   Cr: 15.5407 )
00000457: 15.4856   (Y': 16.0655   Cb: 13.7374   Cr: 15.4667 )
00000458: 15.5499   (Y': 16.1344   Cb: 13.7877   Cr: 15.536  )
00000459: 15.5024   (Y': 16.0736   Cb: 13.7055   Cr: 15.5881 )
00000460: 15.4872   (Y': 16.0905   Cb: 13.7022   Cr: 15.442  )
00000461: 15.5248   (Y': 16.0969   Cb: 13.8019   Cr: 15.4952 )
00000462: 15.4981   (Y': 16.0764   Cb: 13.7489   Cr: 15.4864 )
00000463: 15.5124   (Y': 16.0999   Cb: 13.7334   Cr: 15.5131 )
00000464: 15.5178   (Y': 16.1091   Cb: 13.7463   Cr: 15.4943 )
00000465: 15.5296   (Y': 16.0971   Cb: 13.7816   Cr: 15.5537 )
00000466: 15.5213   (Y': 16.118    Cb: 13.7446   Cr: 15.4864 )
00000467: 15.5065   (Y': 16.1062   Cb: 13.7594   Cr: 15.4176 )
00000468: 15.492    (Y': 16.1181   Cb: 13.7016   Cr: 15.3774 )
00000469: 15.5701   (Y': 16.1949   Cb: 13.783    Cr: 15.4549 )
00000470: 15.6132   (Y': 16.2827   Cb: 13.7207   Cr: 15.5048 )
00000471: 15.6008   (Y': 16.245    Cb: 13.7548   Cr: 15.5075 )
00000472: 15.5948   (Y': 16.2332   Cb: 13.75     Cr: 15.5193 )
00000473: 15.5689   (Y': 16.1819   Cb: 13.7436   Cr: 15.5509 )
00000474: 15.6443   (Y': 16.315    Cb: 13.7859   Cr: 15.4808 )
00000475: 15.5096   (Y': 16.0907   Cb: 13.7742   Cr: 15.4671 )
00000476: 15.5211   (Y': 16.1188   Cb: 13.7228   Cr: 15.5153 )
00000477: 15.524    (Y': 16.1176   Cb: 13.7567   Cr: 15.486  )
00000478: 15.5761   (Y': 16.219    Cb: 13.7185   Cr: 15.5043 )
00000479: 15.5067   (Y': 16.1307   Cb: 13.725    Cr: 15.3861 )
00000480: 15.5006   (Y': 16.1016   Cb: 13.725    Cr: 15.4497 )
00000481: 15.5361   (Y': 16.1409   Cb: 13.7578   Cr: 15.4758 )
00000482: 15.4434   (Y': 16.0697   Cb: 13.6333   Cr: 15.3572 )
00000483: 15.5414   (Y': 16.1361   Cb: 13.7604   Cr: 15.5202 )
00000485: 15.549    (Y': 16.1966   Cb: 13.6658   Cr: 15.5001 )
00000484: 15.4954   (Y': 16.1214   Cb: 13.7499   Cr: 15.3157 )
00000486: 15.5115   (Y': 16.1141   Cb: 13.7247   Cr: 15.4714 )
00000487: 15.5275   (Y': 16.1411   Cb: 13.7282   Cr: 15.4683 )
00000488: 15.5765   (Y': 16.2142   Cb: 13.7621   Cr: 15.458  )
00000489: 15.5593   (Y': 16.2209   Cb: 13.7168   Cr: 15.4026 )
00000490: 15.5385   (Y': 16.1792   Cb: 13.6995   Cr: 15.4466 )
00000491: 15.5188   (Y': 16.1426   Cb: 13.7109   Cr: 15.4377 )
00000492: 15.5328   (Y': 16.1712   Cb: 13.7256   Cr: 15.4011 )
00000493: 15.5189   (Y': 16.1789   Cb: 13.6446   Cr: 15.4145 )
00000494: 15.5264   (Y': 16.1638   Cb: 13.6957   Cr: 15.4334 )
00000495: 15.5257   (Y': 16.167    Cb: 13.69     Cr: 15.4266 )
00000496: 15.5225   (Y': 16.1575   Cb: 13.7153   Cr: 15.4026 )
00000497: 15.5547   (Y': 16.216    Cb: 13.6872   Cr: 15.4363 )
00000498: 15.5841   (Y': 16.2509   Cb: 13.7235   Cr: 15.4372 )
00000499: 15.6057   (Y': 16.2738   Cb: 13.7129   Cr: 15.5021 )
00000500: 15.6138   (Y': 16.2563   Cb: 13.7714   Cr: 15.5207 )
00000501: 15.7187   (Y': 16.4211   Cb: 13.7946   Cr: 15.5485 )
00000502: 15.8222   (Y': 16.5574   Cb: 13.8024   Cr: 15.6902 )
00000503: 15.745    (Y': 16.4939   Cb: 13.7217   Cr: 15.5738 )
00000504: 15.7559   (Y': 16.4745   Cb: 13.785    Cr: 15.6035 )
00000505: 15.7008   (Y': 16.4559   Cb: 13.6644   Cr: 15.5301 )
00000506: 15.7362   (Y': 16.4992   Cb: 13.6967   Cr: 15.5447 )
00000507: 15.7249   (Y': 16.5178   Cb: 13.639    Cr: 15.509  )
00000508: 15.7331   (Y': 16.5355   Cb: 13.6106   Cr: 15.5438 )
00000511: 15.8018   (Y': 16.577    Cb: 13.7135   Cr: 15.6462 )
00000509: 15.7611   (Y': 16.5274   Cb: 13.72     Cr: 15.5613 )
00000510: 15.7954   (Y': 16.5537   Cb: 13.7545   Cr: 15.6213 )
00000512: 15.7686   (Y': 16.5196   Cb: 13.7444   Cr: 15.5923 )
00000515: 15.7461   (Y': 16.4715   Cb: 13.7473   Cr: 15.614  )
00000513: 15.8049   (Y': 16.5622   Cb: 13.7307   Cr: 15.6855 )
00000514: 15.7557   (Y': 16.5019   Cb: 13.7377   Cr: 15.5853 )
00000516: 15.7641   (Y': 16.4786   Cb: 13.7804   Cr: 15.6444 )
00000517: 15.7968   (Y': 16.4866   Cb: 13.8664   Cr: 15.6779 )
00000518: 15.7649   (Y': 16.4943   Cb: 13.7908   Cr: 15.5825 )
00000519: 15.7817   (Y': 16.5025   Cb: 13.8005   Cr: 15.6377 )
00000520: 15.7627   (Y': 16.476    Cb: 13.812    Cr: 15.597  )
00000521: 16.4489   (Y': 17.2439   Cb: 14.3229   Cr: 16.2885 )
00000522: 16.8832   (Y': 17.6681   Cb: 14.655    Cr: 16.9223 )
00000523: 16.7431   (Y': 17.551    Cb: 14.5285   Cr: 16.6837 )
00000524: 16.1611   (Y': 16.8993   Cb: 14.1692   Cr: 15.9769 )
00000525: 15.8881   (Y': 16.6014   Cb: 13.9528   Cr: 15.6997 )
00000526: 15.7954   (Y': 16.5355   Cb: 13.8676   Cr: 15.5099 )
00000527: 15.821    (Y': 16.5683   Cb: 13.812    Cr: 15.6334 )
00000528: 15.8322   (Y': 16.5537   Cb: 13.8869   Cr: 15.6319 )
00000529: 15.781    (Y': 16.5226   Cb: 13.8373   Cr: 15.514  )
00000530: 15.8084   (Y': 16.5555   Cb: 13.8439   Cr: 15.5547 )
00000531: 15.8019   (Y': 16.5103   Cb: 13.8578   Cr: 15.6422 )
00000532: 15.7488   (Y': 16.4864   Cb: 13.8039   Cr: 15.4966 )
00000533: 15.6332   (Y': 16.3406   Cb: 13.7328   Cr: 15.4118 )
00000535: 15.6505   (Y': 16.3628   Cb: 13.7627   Cr: 15.3948 )
00000534: 15.4935   (Y': 16.1869   Cb: 13.6307   Cr: 15.2626 )
00000536: 15.6558   (Y': 16.3265   Cb: 13.7678   Cr: 15.5364 )
00000537: 15.6255   (Y': 16.2804   Cb: 13.8057   Cr: 15.4574 )
00000539: 15.6595   (Y': 16.3403   Cb: 13.7723   Cr: 15.5058 )
00000538: 15.6434   (Y': 16.301    Cb: 13.7465   Cr: 15.5815 )
00000540: 15.5931   (Y': 16.2643   Cb: 13.7325   Cr: 15.4312 )
00000541: 15.5803   (Y': 16.2205   Cb: 13.7645   Cr: 15.4556 )
00000542: 15.5504   (Y': 16.1979   Cb: 13.7334   Cr: 15.4027 )
00000543: 15.5159   (Y': 16.1638   Cb: 13.6615   Cr: 15.4227 )
00000544: 15.5198   (Y': 16.128    Cb: 13.7457   Cr: 15.4413 )
00000545: 15.5111   (Y': 16.1541   Cb: 13.6998   Cr: 15.3702 )
00000547: 15.4826   (Y': 16.0824   Cb: 13.7182   Cr: 15.4189 )
00000546: 15.4666   (Y': 16.0939   Cb: 13.6716   Cr: 15.3545 )
00000548: 15.5323   (Y': 16.1582   Cb: 13.6904   Cr: 15.4949 )
00000549: 15.4937   (Y': 16.1507   Cb: 13.6616   Cr: 15.3371 )
00000550: 15.5153   (Y': 16.1844   Cb: 13.6881   Cr: 15.3115 )
00000551: 15.4958   (Y': 16.1206   Cb: 13.7085   Cr: 15.3809 )
00000552: 15.6628   (Y': 16.318    Cb: 13.8036   Cr: 15.5523 )
00000554: 16.8466   (Y': 17.6401   Cb: 14.6021   Cr: 16.8847 )
00000555: 16.2719   (Y': 17.0698   Cb: 14.1658   Cr: 16.0715 )
00000553: 16.6489   (Y': 17.4463   Cb: 14.4601   Cr: 16.5818 )
00000556: 15.8748   (Y': 16.5773   Cb: 13.9197   Cr: 15.7512 )
00000557: 15.6334   (Y': 16.2893   Cb: 13.7799   Cr: 15.5116 )
00000558: 15.5036   (Y': 16.1542   Cb: 13.7171   Cr: 15.3019 )
00000559: 15.508    (Y': 16.127    Cb: 13.7176   Cr: 15.4173 )
00000560: 15.5313   (Y': 16.1693   Cb: 13.7211   Cr: 15.4057 )
00000562: 15.5075   (Y': 16.1541   Cb: 13.684    Cr: 15.3728 )
00000563: 15.5097   (Y': 16.1444   Cb: 13.6744   Cr: 15.4327 )
00000561: 15.461    (Y': 16.1302   Cb: 13.6141   Cr: 15.2855 )
00000564: 15.4889   (Y': 16.1191   Cb: 13.7001   Cr: 15.3579 )
00000565: 15.5108   (Y': 16.1156   Cb: 13.7481   Cr: 15.4272 )
00000566: 15.5103   (Y': 16.1782   Cb: 13.6529   Cr: 15.3546 )
00000567: 15.4916   (Y': 16.1115   Cb: 13.7238   Cr: 15.3646 )
00000568: 15.5147   (Y': 16.148    Cb: 13.7245   Cr: 15.3758 )
00000569: 15.5129   (Y': 16.146    Cb: 13.7369   Cr: 15.3537 )
00000570: 15.5004   (Y': 16.116    Cb: 13.695    Cr: 15.4435 )
00000571: 15.5398   (Y': 16.181    Cb: 13.7087   Cr: 15.434  )
00000572: 15.5298   (Y': 16.1736   Cb: 13.7428   Cr: 15.3508 )
00000573: 15.513    (Y': 16.1768   Cb: 13.6776   Cr: 15.3385 )
00000574: 15.5147   (Y': 16.2055   Cb: 13.6262   Cr: 15.3297 )
00000575: 15.5271   (Y': 16.2007   Cb: 13.6936   Cr: 15.3173 )
00000576: 15.5302   (Y': 16.1984   Cb: 13.6502   Cr: 15.4071 )
00000577: 15.5208   (Y': 16.1936   Cb: 13.6144   Cr: 15.4223 )
00000579: 15.5509   (Y': 16.2129   Cb: 13.7037   Cr: 15.3996 )
00000578: 15.5315   (Y': 16.1854   Cb: 13.6819   Cr: 15.4113 )
00000580: 15.5569   (Y': 16.2094   Cb: 13.7266   Cr: 15.412  )
00000581: 15.5234   (Y': 16.2096   Cb: 13.6567   Cr: 15.3214 )
00000582: 15.589    (Y': 16.2522   Cb: 13.7088   Cr: 15.483  )
00000583: 15.6381   (Y': 16.3111   Cb: 13.7447   Cr: 15.5196 )
00000584: 15.6512   (Y': 16.3506   Cb: 13.7455   Cr: 15.4638 )
00000585: 15.6314   (Y': 16.3305   Cb: 13.6971   Cr: 15.4876 )
00000586: 15.639    (Y': 16.2998   Cb: 13.7543   Cr: 15.5476 )
00000587: 15.6198   (Y': 16.2849   Cb: 13.7477   Cr: 15.495  )
00000588: 15.6093   (Y': 16.2873   Cb: 13.7238   Cr: 15.462  )
00000589: 15.5808   (Y': 16.2639   Cb: 13.7162   Cr: 15.386  )
00000590: 15.5724   (Y': 16.2543   Cb: 13.6533   Cr: 15.4628 )
00000591: 15.6412   (Y': 16.3003   Cb: 13.7604   Cr: 15.5498 )
00000592: 15.6102   (Y': 16.2937   Cb: 13.6966   Cr: 15.4865 )
00000593: 15.6074   (Y': 16.2931   Cb: 13.6835   Cr: 15.4923 )
00000594: 15.5784   (Y': 16.2399   Cb: 13.705    Cr: 15.468  )
00000595: 15.586    (Y': 16.2727   Cb: 13.6761   Cr: 15.4462 )
00000596: 15.5724   (Y': 16.2593   Cb: 13.6895   Cr: 15.3917 )
00000597: 15.5986   (Y': 16.2804   Cb: 13.6662   Cr: 15.5094 )
00000598: 15.6085   (Y': 16.274    Cb: 13.7687   Cr: 15.4348 )
00000599: 15.603    (Y': 16.2333   Cb: 13.7833   Cr: 15.5172 )
00000600: 15.6569   (Y': 16.3095   Cb: 13.7696   Cr: 15.5975 )
00000602: 15.5471   (Y': 16.1954   Cb: 13.695    Cr: 15.4488 )
00000601: 15.5593   (Y': 16.1995   Cb: 13.7088   Cr: 15.4863 )
00000603: 15.5622   (Y': 16.2089   Cb: 13.734    Cr: 15.4338 )
00000604: 15.5472   (Y': 16.2055   Cb: 13.6899   Cr: 15.4233 )
00000605: 15.5653   (Y': 16.2186   Cb: 13.7133   Cr: 15.4501 )
00000606: 15.5504   (Y': 16.2162   Cb: 13.6811   Cr: 15.4192 )
00000607: 15.5688   (Y': 16.2034   Cb: 13.7425   Cr: 15.4786 )
00000608: 15.6158   (Y': 16.2517   Cb: 13.7715   Cr: 15.5483 )
00000609: 15.6079   (Y': 16.2444   Cb: 13.7751   Cr: 15.5206 )
00000610: 15.5391   (Y': 16.1719   Cb: 13.7079   Cr: 15.4622 )
00000611: 15.5253   (Y': 16.158    Cb: 13.7303   Cr: 15.3954 )
00000612: 15.5164   (Y': 16.1445   Cb: 13.7111   Cr: 15.4164 )
00000613: 15.551    (Y': 16.1771   Cb: 13.7453   Cr: 15.4589 )
00000614: 15.5286   (Y': 16.1294   Cb: 13.7128   Cr: 15.5384 )
00000615: 15.5288   (Y': 16.1239   Cb: 13.7609   Cr: 15.4867 )
00000616: 15.5213   (Y': 16.145    Cb: 13.7433   Cr: 15.3962 )
00000617: 15.4921   (Y': 16.1076   Cb: 13.7251   Cr: 15.3788 )
00000619: 15.5143   (Y': 16.1184   Cb: 13.7232   Cr: 15.4755 )
00000618: 15.5074   (Y': 16.1329   Cb: 13.7318   Cr: 15.373  )
00000620: 15.5611   (Y': 16.1322   Cb: 13.8037   Cr: 15.5867 )
00000621: 15.5313   (Y': 16.1266   Cb: 13.7346   Cr: 15.5318 )
00000622: 15.5325   (Y': 16.1411   Cb: 13.7116   Cr: 15.5233 )
00000623: 15.6377   (Y': 16.3367   Cb: 13.7278   Cr: 15.4574 )
00000624: 15.6805   (Y': 16.3445   Cb: 13.7949   Cr: 15.58   )
00000625: 15.6713   (Y': 16.3538   Cb: 13.7687   Cr: 15.5346 )
00000627: 15.7475   (Y': 16.4632   Cb: 13.8061   Cr: 15.5598 )
00000628: 15.7512   (Y': 16.4427   Cb: 13.8766   Cr: 15.5435 )
00000626: 15.6793   (Y': 16.35     Cb: 13.8346   Cr: 15.496  )
00000629: 15.7232   (Y': 16.3789   Cb: 13.8389   Cr: 15.649  )
00000630: 15.6885   (Y': 16.3538   Cb: 13.8543   Cr: 15.5073 )
00000631: 15.7308   (Y': 16.3962   Cb: 13.869    Cr: 15.5898 )
00000632: 15.734    (Y': 16.4034   Cb: 13.837    Cr: 15.6325 )
00000633: 15.7561   (Y': 16.4465   Cb: 13.8354   Cr: 15.6204 )
00000634: 15.7559   (Y': 16.4483   Cb: 13.8256   Cr: 15.6281 )
00000635: 15.7717   (Y': 16.4354   Cb: 13.8761   Cr: 15.6871 )
00000636: 15.7682   (Y': 16.4363   Cb: 13.8463   Cr: 15.7089 )
00000637: 15.7507   (Y': 16.4166   Cb: 13.8161   Cr: 15.719  )
00000639: 15.8917   (Y': 16.6066   Cb: 13.9189   Cr: 15.7542 )
00000638: 15.7624   (Y': 16.3913   Cb: 13.9003   Cr: 15.7452 )
00000640: 16.7251   (Y': 17.4486   Cb: 14.6063   Cr: 16.7909 )
00000641: 16.8757   (Y': 17.5712   Cb: 14.7272   Cr: 17.0896 )
00000642: 16.2098   (Y': 16.8804   Cb: 14.2491   Cr: 16.2025 )
00000643: 15.7633   (Y': 16.2982   Cb: 14.0972   Cr: 15.7811 )
00000644: 15.5403   (Y': 16.0995   Cb: 13.8357   Cr: 15.5292 )
00000645: 15.5499   (Y': 16.1374   Cb: 13.7886   Cr: 15.5242 )
00000646: 15.6123   (Y': 16.1786   Cb: 13.8522   Cr: 15.659  )
00000647: 15.5117   (Y': 16.0577   Cb: 13.7978   Cr: 15.5609 )
00000648: 15.4996   (Y': 16.0549   Cb: 13.7577   Cr: 15.5577 )
00000649: 15.4536   (Y': 15.9562   Cb: 13.7995   Cr: 15.5699 )
00000650: 15.4213   (Y': 15.9249   Cb: 13.7627   Cr: 15.5405 )
00000651: 15.3823   (Y': 15.8836   Cb: 13.7442   Cr: 15.4794 )
00000652: 15.3935   (Y': 15.9058   Cb: 13.745    Cr: 15.4662 )
00000653: 15.3933   (Y': 15.8805   Cb: 13.7514   Cr: 15.5476 )
00000655: 15.6043   (Y': 16.2071   Cb: 13.794    Cr: 15.5989 )
00000654: 15.4249   (Y': 15.9553   Cb: 13.7317   Cr: 15.4988 )
00000656: 15.6529   (Y': 16.2556   Cb: 13.8614   Cr: 15.6197 )
00000657: 15.6849   (Y': 16.331    Cb: 13.8097   Cr: 15.6287 )
00000658: 15.708    (Y': 16.3627   Cb: 13.825    Cr: 15.635  )
00000659: 15.726    (Y': 16.4199   Cb: 13.8021   Cr: 15.5835 )
00000660: 15.7573   (Y': 16.46     Cb: 13.798    Cr: 15.6399 )
00000661: 15.7846   (Y': 16.4672   Cb: 13.847    Cr: 15.7012 )
00000662: 15.8099   (Y': 16.5374   Cb: 13.841    Cr: 15.6255 )
00000663: 15.8184   (Y': 16.5514   Cb: 13.8688   Cr: 15.5875 )
00000664: 15.803    (Y': 16.5632   Cb: 13.7802   Cr: 15.5952 )
00000665: 15.8148   (Y': 16.5485   Cb: 13.8766   Cr: 15.5647 )
00000666: 15.7732   (Y': 16.5008   Cb: 13.8242   Cr: 15.5586 )
00000667: 15.7525   (Y': 16.5161   Cb: 13.7864   Cr: 15.4492 )
00000668: 15.7539   (Y': 16.4678   Cb: 13.7887   Cr: 15.6082 )
00000669: 15.7086   (Y': 16.4198   Cb: 13.7967   Cr: 15.492  )
00000670: 15.646    (Y': 16.3302   Cb: 13.754    Cr: 15.4879 )
00000671: 15.5742   (Y': 16.2584   Cb: 13.6639   Cr: 15.4437 )
00000672: 15.5514   (Y': 16.22     Cb: 13.7001   Cr: 15.3846 )
00000673: 15.5381   (Y': 16.1715   Cb: 13.6913   Cr: 15.4826 )
00000674: 15.7074   (Y': 16.3824   Cb: 13.8416   Cr: 15.5405 )
00000675: 16.682    (Y': 17.4526   Cb: 14.5154   Cr: 16.6673 )
00000676: 16.8439   (Y': 17.6216   Cb: 14.6418   Cr: 16.8638 )
00000677: 16.2945   (Y': 17.0753   Cb: 14.2122   Cr: 16.1117 )
00000678: 15.8869   (Y': 16.6203   Cb: 13.8895   Cr: 15.7267 )
00000679: 15.6079   (Y': 16.2591   Cb: 13.7645   Cr: 15.487  )
00000680: 15.4927   (Y': 16.131    Cb: 13.6623   Cr: 15.3962 )
00000681: 15.4924   (Y': 16.1032   Cb: 13.6889   Cr: 15.4491 )
00000682: 15.5357   (Y': 16.1583   Cb: 13.7081   Cr: 15.488  )
00000683: 15.5673   (Y': 16.2182   Cb: 13.7427   Cr: 15.4199 )
00000684: 15.516    (Y': 16.1439   Cb: 13.6884   Cr: 15.4504 )
00000685: 15.4834   (Y': 16.0676   Cb: 13.7212   Cr: 15.4706 )
00000686: 15.5303   (Y': 16.1575   Cb: 13.7151   Cr: 15.4485 )
00000687: 15.5693   (Y': 16.2162   Cb: 13.6798   Cr: 15.5325 )
00000688: 15.5048   (Y': 16.1286   Cb: 13.684    Cr: 15.4426 )
00000689: 15.5063   (Y': 16.1215   Cb: 13.6891   Cr: 15.4682 )
00000690: 15.5524   (Y': 16.1796   Cb: 13.7139   Cr: 15.5058 )
00000691: 15.5147   (Y': 16.1686   Cb: 13.6532   Cr: 15.412  )
00000692: 15.4864   (Y': 16.1113   Cb: 13.7001   Cr: 15.3698 )
00000693: 15.526    (Y': 16.1566   Cb: 13.7089   Cr: 15.4352 )
00000694: 15.5148   (Y': 16.1336   Cb: 13.6783   Cr: 15.4937 )
00000695: 15.5277   (Y': 16.1662   Cb: 13.6762   Cr: 15.4617 )
00000696: 15.4978   (Y': 16.1355   Cb: 13.6651   Cr: 15.4064 )
00000697: 15.5128   (Y': 16.1253   Cb: 13.7163   Cr: 15.4534 )
00000698: 15.5346   (Y': 16.1562   Cb: 13.7093   Cr: 15.4869 )
00000699: 15.4928   (Y': 16.1273   Cb: 13.6434   Cr: 15.4373 )
00000700: 15.4918   (Y': 16.0887   Cb: 13.728    Cr: 15.4376 )
00000701: 15.5201   (Y': 16.1379   Cb: 13.6834   Cr: 15.5028 )
00000702: 15.5188   (Y': 16.1574   Cb: 13.6344   Cr: 15.5028 )
00000703: 15.4988   (Y': 16.1181   Cb: 13.6558   Cr: 15.4861 )
00000704: 15.5015   (Y': 16.1116   Cb: 13.7023   Cr: 15.4538 )
00000705: 15.5112   (Y': 16.1514   Cb: 13.6457   Cr: 15.4611 )
00000706: 15.4869   (Y': 16.0969   Cb: 13.6789   Cr: 15.4531 )
00000707: 15.4992   (Y': 16.1265   Cb: 13.6614   Cr: 15.4507 )
00000708: 15.4988   (Y': 16.1217   Cb: 13.6421   Cr: 15.4941 )
00000709: 15.5314   (Y': 16.1429   Cb: 13.7324   Cr: 15.4789 )
00000710: 15.5223   (Y': 16.1586   Cb: 13.6414   Cr: 15.5085 )
00000711: 15.5671   (Y': 16.2066   Cb: 13.7328   Cr: 15.4721 )
00000712: 15.5565   (Y': 16.1852   Cb: 13.7462   Cr: 15.462  )
00000713: 15.5164   (Y': 16.172    Cb: 13.6687   Cr: 15.3872 )
00000714: 15.5416   (Y': 16.1893   Cb: 13.6983   Cr: 15.4323 )
00000715: 15.5447   (Y': 16.161    Cb: 13.7488   Cr: 15.4711 )
00000716: 15.5452   (Y': 16.2019   Cb: 13.6632   Cr: 15.4637 )
00000717: 15.5534   (Y': 16.2043   Cb: 13.7184   Cr: 15.4209 )
00000718: 15.5296   (Y': 16.1787   Cb: 13.6587   Cr: 15.4568 )
00000719: 15.552    (Y': 16.1774   Cb: 13.7039   Cr: 15.5256 )
00000720: 15.5264   (Y': 16.1633   Cb: 13.6667   Cr: 15.4782 )
00000721: 15.5106   (Y': 16.1316   Cb: 13.6802   Cr: 15.4725 )
00000722: 15.5379   (Y': 16.1835   Cb: 13.6677   Cr: 15.4763 )
00000723: 15.5422   (Y': 16.1891   Cb: 13.7088   Cr: 15.421  )
00000724: 15.5415   (Y': 16.1781   Cb: 13.6684   Cr: 15.5153 )
00000725: 15.5381   (Y': 16.1267   Cb: 13.7626   Cr: 15.5295 )
00000726: 15.5381   (Y': 16.1653   Cb: 13.7023   Cr: 15.487  )
00000727: 15.5382   (Y': 16.1908   Cb: 13.7125   Cr: 15.3863 )
00000728: 15.5452   (Y': 16.1999   Cb: 13.699    Cr: 15.4165 )
00000729: 15.5468   (Y': 16.1595   Cb: 13.7441   Cr: 15.496  )
00000730: 15.4685   (Y': 16.104    Cb: 13.6028   Cr: 15.4348 )
00000731: 15.514    (Y': 16.1685   Cb: 13.6005   Cr: 15.4882 )
00000732: 15.5326   (Y': 16.163    Cb: 13.6773   Cr: 15.5001 )
00000733: 15.5432   (Y': 16.1855   Cb: 13.6855   Cr: 15.4738 )
00000734: 15.5072   (Y': 16.1681   Cb: 13.6669   Cr: 15.3495 )
00000735: 15.5038   (Y': 16.1257   Cb: 13.6658   Cr: 15.4741 )
00000736: 15.5104   (Y': 16.1247   Cb: 13.7117   Cr: 15.4476 )
00000737: 15.4959   (Y': 16.1388   Cb: 13.6475   Cr: 15.4103 )
00000738: 15.5106   (Y': 16.1187   Cb: 13.713    Cr: 15.4679 )
00000739: 15.4893   (Y': 16.1076   Cb: 13.6495   Cr: 15.4754 )
00000741: 15.5036   (Y': 16.1259   Cb: 13.6826   Cr: 15.4472 )
00000740: 15.522    (Y': 16.1267   Cb: 13.7135   Cr: 15.5072 )
00000742: 15.5639   (Y': 16.1904   Cb: 13.7582   Cr: 15.4703 )
00000743: 15.5488   (Y': 16.1425   Cb: 13.8571   Cr: 15.4003 )
00000744: 15.6036   (Y': 16.2607   Cb: 13.78     Cr: 15.4341 )
00000745: 15.5112   (Y': 16.1613   Cb: 13.7184   Cr: 15.3201 )
00000746: 15.5454   (Y': 16.2175   Cb: 13.6753   Cr: 15.3947 )
00000747: 15.503    (Y': 16.0888   Cb: 13.7585   Cr: 15.4584 )
00000748: 15.4939   (Y': 16.1101   Cb: 13.6802   Cr: 15.4476 )
00000749: 15.6327   (Y': 16.3239   Cb: 13.7523   Cr: 15.4345 )
00000750: 15.5963   (Y': 16.2542   Cb: 13.7645   Cr: 15.436  )
00000751: 15.6767   (Y': 16.3277   Cb: 13.8308   Cr: 15.5605 )
00000752: 15.7441   (Y': 16.4477   Cb: 13.8664   Cr: 15.5017 )
00000753: 15.7763   (Y': 16.5163   Cb: 13.8007   Cr: 15.5621 )
00000754: 15.8266   (Y': 16.5305   Cb: 13.9025   Cr: 15.6518 )
00000755: 15.8868   (Y': 16.59     Cb: 13.9182   Cr: 15.7819 )
00000756: 15.8656   (Y': 16.5707   Cb: 13.9326   Cr: 15.7    )
00000757: 15.8908   (Y': 16.5709   Cb: 13.9562   Cr: 15.8107 )
00000758: 15.8525   (Y': 16.5324   Cb: 13.9251   Cr: 15.7622 )
00000759: 15.8632   (Y': 16.5513   Cb: 13.889    Cr: 15.8175 )
00000760: 15.7766   (Y': 16.4626   Cb: 13.861    Cr: 15.648  )
00000761: 15.7384   (Y': 16.4048   Cb: 13.8581   Cr: 15.6221 )
00000762: 15.8085   (Y': 16.4667   Cb: 13.8798   Cr: 15.7936 )
00000763: 16.7037   (Y': 17.5033   Cb: 14.4842   Cr: 16.6795 )
00000764: 16.8792   (Y': 17.6474   Cb: 14.6623   Cr: 16.9559 )
00000765: 16.7565   (Y': 17.5505   Cb: 14.5337   Cr: 16.7563 )
00000766: 16.114    (Y': 16.8824   Cb: 14.0331   Cr: 15.969  )
00000767: 15.9564   (Y': 16.6841   Cb: 13.9975   Cr: 15.7562 )
00000768: 15.8269   (Y': 16.5398   Cb: 13.8664   Cr: 15.6772 )
00000769: 15.8153   (Y': 16.5388   Cb: 13.8243   Cr: 15.6775 )
00000770: 15.7173   (Y': 16.4154   Cb: 13.7656   Cr: 15.6037 )
00000771: 15.7235   (Y': 16.4179   Cb: 13.7746   Cr: 15.6174 )
00000772: 15.6585   (Y': 16.3523   Cb: 13.719    Cr: 15.5403 )
00000773: 15.6514   (Y': 16.3402   Cb: 13.7306   Cr: 15.5215 )
00000774: 15.5901   (Y': 16.2467   Cb: 13.7248   Cr: 15.484  )
00000775: 15.6039   (Y': 16.2439   Cb: 13.7313   Cr: 15.5648 )
00000776: 15.5856   (Y': 16.2435   Cb: 13.6992   Cr: 15.5066 )
00000777: 15.568    (Y': 16.2169   Cb: 13.7097   Cr: 15.4774 )
00000778: 15.571    (Y': 16.2488   Cb: 13.6489   Cr: 15.4793 )
00000779: 15.5969   (Y': 16.2452   Cb: 13.7399   Cr: 15.5066 )
00000780: 15.5831   (Y': 16.2272   Cb: 13.7373   Cr: 15.4897 )
00000781: 15.5911   (Y': 16.2451   Cb: 13.6922   Cr: 15.5446 )
00000782: 15.6145   (Y': 16.2359   Cb: 13.7735   Cr: 15.5915 )
00000783: 15.6432   (Y': 16.3085   Cb: 13.7409   Cr: 15.5633 )
00000784: 15.6253   (Y': 16.2838   Cb: 13.7425   Cr: 15.5388 )
00000785: 15.6471   (Y': 16.3284   Cb: 13.736    Cr: 15.5276 )
00000786: 15.7118   (Y': 16.4174   Cb: 13.7588   Cr: 15.5749 )
00000787: 15.7316   (Y': 16.475    Cb: 13.7226   Cr: 15.5566 )
00000788: 15.8179   (Y': 16.5473   Cb: 13.7629   Cr: 15.7609 )
00000789: 15.7922   (Y': 16.5175   Cb: 13.8239   Cr: 15.6138 )
00000790: 15.7474   (Y': 16.5098   Cb: 13.7004   Cr: 15.5695 )
00000791: 15.7383   (Y': 16.4597   Cb: 13.7114   Cr: 15.6631 )
00000792: 15.6856   (Y': 16.4228   Cb: 13.6547   Cr: 15.5646 )
00000793: 15.6791   (Y': 16.3809   Cb: 13.7276   Cr: 15.553  )
00000794: 15.6707   (Y': 16.3526   Cb: 13.7339   Cr: 15.5881 )
00000795: 15.6824   (Y': 16.3493   Cb: 13.7458   Cr: 15.6504 )
00000796: 15.6969   (Y': 16.426    Cb: 13.6952   Cr: 15.5573 )
00000797: 15.8905   (Y': 16.6294   Cb: 13.8318   Cr: 15.8072 )
00000798: 16.4895   (Y': 17.3553   Cb: 14.245    Cr: 16.2932 )
00000799: 16.4022   (Y': 17.2543   Cb: 14.2295   Cr: 16.1349 )
00000800: 15.9036   (Y': 16.6554   Cb: 13.8933   Cr: 15.7033 )
00000801: 15.7804   (Y': 16.5076   Cb: 13.7869   Cr: 15.6347 )
00000803: 15.6312   (Y': 16.2516   Cb: 13.7979   Cr: 15.5997 )
00000802: 15.6399   (Y': 16.2861   Cb: 13.7542   Cr: 15.5999 )
00000804: 15.6087   (Y': 16.2263   Cb: 13.7814   Cr: 15.5777 )
00000805: 15.5204   (Y': 16.1089   Cb: 13.7284   Cr: 15.5373 )
00000806: 15.4834   (Y': 16.0342   Cb: 13.7434   Cr: 15.5546 )
00000807: 15.5115   (Y': 16.1287   Cb: 13.704    Cr: 15.4521 )
00000808: 15.5829   (Y': 16.192    Cb: 13.7411   Cr: 15.6035 )
00000809: 15.6225   (Y': 16.2458   Cb: 13.8017   Cr: 15.5624 )
00000810: 15.7127   (Y': 16.3934   Cb: 13.812    Cr: 15.5791 )
00000811: 15.7506   (Y': 16.4551   Cb: 13.8284   Cr: 15.5711 )
00000812: 15.804    (Y': 16.4868   Cb: 13.8947   Cr: 15.6763 )
00000813: 15.8493   (Y': 16.5553   Cb: 13.8786   Cr: 15.7383 )
00000814: 15.8176   (Y': 16.4819   Cb: 13.9026   Cr: 15.7609 )
00000815: 15.8522   (Y': 16.5364   Cb: 13.8833   Cr: 15.8113 )
00000816: 15.8266   (Y': 16.5018   Cb: 13.851    Cr: 15.8269 )
00000817: 15.8331   (Y': 16.5317   Cb: 13.8919   Cr: 15.7014 )
00000818: 15.8128   (Y': 16.4885   Cb: 13.8804   Cr: 15.7445 )
00000819: 15.8051   (Y': 16.442    Cb: 13.9322   Cr: 15.7771 )
00000821: 15.7046   (Y': 16.3275   Cb: 13.8693   Cr: 15.6675 )
00000820: 15.7685   (Y': 16.4296   Cb: 13.8869   Cr: 15.6721 )
00000822: 15.6932   (Y': 16.2968   Cb: 13.8921   Cr: 15.6709 )
00000823: 15.5492   (Y': 16.0946   Cb: 13.846    Cr: 15.5845 )
00000824: 15.5023   (Y': 16.01     Cb: 13.8167   Cr: 15.6475 )
00000825: 15.4521   (Y': 15.9546   Cb: 13.827    Cr: 15.5255 )
00000826: 15.4786   (Y': 15.9468   Cb: 13.8424   Cr: 15.6957 )
00000827: 15.4304   (Y': 15.9069   Cb: 13.8137   Cr: 15.5867 )
00000828: 15.4499   (Y': 15.9079   Cb: 13.7851   Cr: 15.7499 )
00000829: 15.44     (Y': 15.9106   Cb: 13.8119   Cr: 15.6353 )
00000830: 15.4262   (Y': 15.9012   Cb: 13.7939   Cr: 15.6116 )
00000831: 15.374    (Y': 15.8082   Cb: 13.8187   Cr: 15.5969 )
00000832: 15.3872   (Y': 15.8377   Cb: 13.8116   Cr: 15.5786 )
00000833: 15.3881   (Y': 15.821    Cb: 13.8215   Cr: 15.633  )
00000834: 15.4035   (Y': 15.8391   Cb: 13.8185   Cr: 15.6665 )
00000835: 15.4386   (Y': 15.8685   Cb: 13.8628   Cr: 15.7093 )
00000836: 15.3788   (Y': 15.8081   Cb: 13.8106   Cr: 15.64   )
00000837: 15.3834   (Y': 15.8133   Cb: 13.8249   Cr: 15.6275 )
00000838: 15.3711   (Y': 15.8045   Cb: 13.8043   Cr: 15.6143 )
00000840: 15.3808   (Y': 15.7941   Cb: 13.9062   Cr: 15.5635 )
00000839: 15.337    (Y': 15.7783   Cb: 13.7711   Cr: 15.5493 )
00000841: 15.3599   (Y': 15.7626   Cb: 13.8146   Cr: 15.6896 )
00000842: 15.367    (Y': 15.781    Cb: 13.8318   Cr: 15.6371 )
00000843: 15.5535   (Y': 16.0758   Cb: 13.8566   Cr: 15.6626 )
00000844: 15.6132   (Y': 16.1777   Cb: 13.8607   Cr: 15.6551 )
00000845: 15.7652   (Y': 16.3911   Cb: 13.9133   Cr: 15.7432 )
00000846: 15.8318   (Y': 16.4658   Cb: 13.9678   Cr: 15.8001 )
00000848: 15.8907   (Y': 16.5739   Cb: 13.9759   Cr: 15.7704 )
00000847: 15.8493   (Y': 16.522    Cb: 13.9118   Cr: 15.7989 )
00000849: 15.8824   (Y': 16.5925   Cb: 13.8951   Cr: 15.7832 )
00000850: 15.8459   (Y': 16.5125   Cb: 13.9293   Cr: 15.7834 )
00000851: 15.7929   (Y': 16.519    Cb: 13.8228   Cr: 15.6148 )
00000852: 15.8171   (Y': 16.528    Cb: 13.8673   Cr: 15.6582 )
00000853: 15.7611   (Y': 16.4686   Cb: 13.8192   Cr: 15.6012 )
00000854: 15.7453   (Y': 16.4468   Cb: 13.8331   Cr: 15.5605 )
00000855: 15.7001   (Y': 16.4119   Cb: 13.747    Cr: 15.5432 )
00000856: 15.7045   (Y': 16.4043   Cb: 13.7672   Cr: 15.5628 )
00000857: 15.6127   (Y': 16.3133   Cb: 13.7216   Cr: 15.3993 )
00000858: 15.6428   (Y': 16.3366   Cb: 13.7421   Cr: 15.4656 )
00000859: 15.6167   (Y': 16.2851   Cb: 13.7945   Cr: 15.4077 )
00000860: 15.5895   (Y': 16.2239   Cb: 13.7481   Cr: 15.5224 )
00000861: 15.6005   (Y': 16.208    Cb: 13.7828   Cr: 15.5901 )
00000862: 15.6114   (Y': 16.2702   Cb: 13.7359   Cr: 15.5129 )
00000863: 15.512    (Y': 16.1491   Cb: 13.6843   Cr: 15.4153 )
00000864: 15.5257   (Y': 16.1383   Cb: 13.6735   Cr: 15.5504 )
00000865: 15.5507   (Y': 16.2053   Cb: 13.6816   Cr: 15.4566 )
00000866: 15.4921   (Y': 16.075    Cb: 13.7712   Cr: 15.4221 )
00000867: 15.5357   (Y': 16.1244   Cb: 13.7735   Cr: 15.507  )
00000868: 15.4968   (Y': 16.0953   Cb: 13.7093   Cr: 15.4718 )
00000869: 15.511    (Y': 16.1202   Cb: 13.6728   Cr: 15.526  )
00000870: 15.5092   (Y': 16.0952   Cb: 13.7046   Cr: 15.5541 )
00000872: 15.6481   (Y': 16.297    Cb: 13.7694   Cr: 15.5883 )
00000871: 15.5049   (Y': 16.0824   Cb: 13.7563   Cr: 15.495  )
00000873: 15.7596   (Y': 16.4703   Cb: 13.8135   Cr: 15.5957 )
00000874: 15.7471   (Y': 16.4671   Cb: 13.8213   Cr: 15.5228 )
00000875: 15.7232   (Y': 16.4277   Cb: 13.8086   Cr: 15.5323 )
00000876: 15.743    (Y': 16.4348   Cb: 13.7757   Cr: 15.6739 )
00000877: 15.6726   (Y': 16.3296   Cb: 13.7812   Cr: 15.6043 )
00000878: 15.6483   (Y': 16.2684   Cb: 13.8219   Cr: 15.6071 )
00000879: 15.563    (Y': 16.1552   Cb: 13.7378   Cr: 15.6174 )
00000880: 15.5978   (Y': 16.2194   Cb: 13.7575   Cr: 15.5728 )
00000881: 15.7023   (Y': 16.3758   Cb: 13.7626   Cr: 15.6521 )
00000882: 15.7743   (Y': 16.4444   Cb: 13.8245   Cr: 15.752  )
00000883: 15.7642   (Y': 16.4569   Cb: 13.8074   Cr: 15.6763 )
00000884: 15.7413   (Y': 16.4213   Cb: 13.834    Cr: 15.6201 )
00000885: 15.7454   (Y': 16.454    Cb: 13.8116   Cr: 15.57   )
00000886: 15.7529   (Y': 16.4622   Cb: 13.7431   Cr: 15.691  )
00000887: 15.7732   (Y': 16.508    Cb: 13.8232   Cr: 15.5372 )
00000888: 15.7483   (Y': 16.49     Cb: 13.7767   Cr: 15.5221 )
00000889: 15.7132   (Y': 16.4655   Cb: 13.7101   Cr: 15.5004 )
00000890: 15.684    (Y': 16.4164   Cb: 13.6892   Cr: 15.5231 )
00000891: 15.6832   (Y': 16.3688   Cb: 13.7936   Cr: 15.5171 )
00000892: 15.6461   (Y': 16.3378   Cb: 13.7062   Cr: 15.5353 )
00000893: 15.5966   (Y': 16.2763   Cb: 13.712    Cr: 15.4423 )
00000894: 15.5914   (Y': 16.271    Cb: 13.6695   Cr: 15.4938 )
00000895: 15.5346   (Y': 16.1794   Cb: 13.6767   Cr: 15.4568 )
00000896: 15.5732   (Y': 16.1965   Cb: 13.756    Cr: 15.5078 )
00000897: 15.559    (Y': 16.1905   Cb: 13.7089   Cr: 15.5152 )
00000898: 16.373    (Y': 17.1445   Cb: 14.2681   Cr: 16.2554 )
00000899: 16.8798   (Y': 17.6298   Cb: 14.6752   Cr: 16.9981 )
00000900: 16.9023   (Y': 17.6513   Cb: 14.7041   Cr: 17.013  )
00000901: 16.3311   (Y': 17.1327   Cb: 14.1901   Cr: 16.1734 )
00000902: 15.8759   (Y': 16.6101   Cb: 13.8409   Cr: 15.7712 )
00000903: 15.7546   (Y': 16.4885   Cb: 13.7807   Cr: 15.5573 )
00000904: 15.6839   (Y': 16.4032   Cb: 13.6875   Cr: 15.5684 )
00000905: 15.6595   (Y': 16.3522   Cb: 13.6771   Cr: 15.611  )
00000906: 15.6599   (Y': 16.3389   Cb: 13.7207   Cr: 15.5908 )
00000907: 15.7417   (Y': 16.498    Cb: 13.7147   Cr: 15.5526 )
00000908: 15.777    (Y': 16.5461   Cb: 13.7653   Cr: 15.5238 )
00000909: 15.722    (Y': 16.4367   Cb: 13.7699   Cr: 15.5543 )
00000910: 15.7395   (Y': 16.4438   Cb: 13.7669   Cr: 15.6367 )
00000911: 15.7403   (Y': 16.4636   Cb: 13.7855   Cr: 15.5485 )
00000912: 15.8059   (Y': 16.5584   Cb: 13.8085   Cr: 15.5839 )
00000913: 15.7692   (Y': 16.5027   Cb: 13.7675   Cr: 15.6152 )
00000914: 15.78     (Y': 16.5061   Cb: 13.7944   Cr: 15.6254 )
00000915: 15.7742   (Y': 16.4486   Cb: 13.8962   Cr: 15.6275 )
00000916: 15.7709   (Y': 16.4314   Cb: 13.8589   Cr: 15.7223 )
00000917: 15.7431   (Y': 16.4035   Cb: 13.7765   Cr: 15.7803 )
00000918: 15.7327   (Y': 16.392    Cb: 13.8785   Cr: 15.6008 )
00000919: 15.6832   (Y': 16.3239   Cb: 13.8341   Cr: 15.6062 )
00000920: 15.6038   (Y': 16.1786   Cb: 13.8075   Cr: 15.6759 )
00000921: 15.4846   (Y': 16.0179   Cb: 13.7791   Cr: 15.5666 )
00000922: 15.4204   (Y': 15.9306   Cb: 13.7331   Cr: 15.5591 )
00000923: 15.4279   (Y': 15.9243   Cb: 13.791    Cr: 15.5409 )
00000924: 15.5129   (Y': 16.0258   Cb: 13.8483   Cr: 15.6075 )
00000925: 15.4183   (Y': 15.9148   Cb: 13.7521   Cr: 15.5753 )
00000926: 15.4152   (Y': 15.9005   Cb: 13.7521   Cr: 15.6096 )
00000928: 15.7003   (Y': 16.3542   Cb: 13.8044   Cr: 15.6497 )
00000927: 15.55     (Y': 16.1246   Cb: 13.774    Cr: 15.5916 )
00000929: 15.8044   (Y': 16.5106   Cb: 13.8375   Cr: 15.6869 )
00000930: 15.8074   (Y': 16.4941   Cb: 13.827    Cr: 15.7761 )
00000931: 16.5041   (Y': 17.311    Cb: 14.3292   Cr: 16.3835 )
00000932: 16.8899   (Y': 17.6222   Cb: 14.758    Cr: 16.9471 )
00000933: 16.7776   (Y': 17.5469   Cb: 14.5916   Cr: 16.799  )
00000934: 16.006    (Y': 16.7283   Cb: 14.0012   Cr: 15.8936 )
00000935: 15.704    (Y': 16.379    Cb: 13.7607   Cr: 15.6545 )
00000936: 15.5868   (Y': 16.2272   Cb: 13.7725   Cr: 15.459  )
00000937: 15.5453   (Y': 16.1825   Cb: 13.6903   Cr: 15.4888 )
00000938: 15.547    (Y': 16.1528   Cb: 13.7093   Cr: 15.5732 )
00000939: 15.5636   (Y': 16.174    Cb: 13.7267   Cr: 15.5723 )
00000940: 15.5471   (Y': 16.1651   Cb: 13.6957   Cr: 15.5513 )
00000941: 15.5407   (Y': 16.1761   Cb: 13.7021   Cr: 15.4659 )
00000942: 15.6492   (Y': 16.3211   Cb: 13.7675   Cr: 15.5163 )
00000943: 15.6926   (Y': 16.3776   Cb: 13.7701   Cr: 15.5774 )
00000944: 15.6252   (Y': 16.2714   Cb: 13.7532   Cr: 15.5643 )
00000945: 15.548    (Y': 16.1705   Cb: 13.6871   Cr: 15.5515 )
00000946: 15.5238   (Y': 16.1549   Cb: 13.6703   Cr: 15.4862 )
00000947: 15.5856   (Y': 16.2282   Cb: 13.74     Cr: 15.4968 )
00000948: 15.5252   (Y': 16.1355   Cb: 13.6754   Cr: 15.5543 )
00000949: 15.5286   (Y': 16.1628   Cb: 13.6664   Cr: 15.4936 )
00000950: 15.5396   (Y': 16.1893   Cb: 13.6642   Cr: 15.4717 )
00000951: 15.5685   (Y': 16.1979   Cb: 13.7397   Cr: 15.4995 )
00000952: 15.5496   (Y': 16.1857   Cb: 13.7197   Cr: 15.4596 )
00000953: 15.5709   (Y': 16.1963   Cb: 13.7281   Cr: 15.537  )
00000954: 15.5957   (Y': 16.2523   Cb: 13.7276   Cr: 15.4938 )
00000956: 15.5582   (Y': 16.1819   Cb: 13.7066   Cr: 15.5429 )
00000957: 15.525    (Y': 16.1352   Cb: 13.745    Cr: 15.4486 )
00000955: 15.5521   (Y': 16.1731   Cb: 13.7302   Cr: 15.5012 )
00000958: 15.5066   (Y': 16.1285   Cb: 13.7085   Cr: 15.4176 )
Total: 15.6377   (Y': 16.2717   Cb: 13.7856   Cr: 15.5883 )
