00000007: 17.7548   (Y': 18.7844   Cb: 16.2231   Cr: 16.2277 )
00000001: 17.7018   (Y': 18.4635   Cb: 16.5627   Cr: 16.4192 )
00000000: 37.4581   (Y': INF       Cb: 32.6869   Cr: 32.6869 )
00000003: 17.8327   (Y': 18.8391   Cb: 16.3409   Cr: 16.3175 )
00000004: 17.8226   (Y': 18.824    Cb: 16.2966   Cr: 16.3531 )
00000005: 17.8603   (Y': 18.8475   Cb: 16.3874   Cr: 16.3694 )
00000002: 17.7493   (Y': 18.5067   Cb: 16.5949   Cr: 16.4923 )
00000006: 17.7516   (Y': 18.7634   Cb: 16.2713   Cr: 16.2131 )
00000008: 17.7606   (Y': 18.7921   Cb: 16.2951   Cr: 16.1641 )
00000009: 17.7094   (Y': 18.725    Cb: 16.2183   Cr: 16.1729 )
00000010: 17.6853   (Y': 18.7163   Cb: 16.2399   Cr: 16.0705 )
00000011: 17.6841   (Y': 18.6843   Cb: 16.2425   Cr: 16.1332 )
00000012: 17.7089   (Y': 18.7386   Cb: 16.2347   Cr: 16.1246 )
00000013: 17.6934   (Y': 18.7121   Cb: 16.1625   Cr: 16.1897 )
00000014: 17.7027   (Y': 18.72     Cb: 16.1931   Cr: 16.1807 )
00000015: 17.719    (Y': 18.7267   Cb: 16.265    Cr: 16.1635 )
00000016: 17.6974   (Y': 18.7446   Cb: 16.1528   Cr: 16.1441 )
00000017: 17.7088   (Y': 18.7012   Cb: 16.2376   Cr: 16.2047 )
00000019: 17.7093   (Y': 18.711    Cb: 16.1765   Cr: 16.246  )
00000018: 17.6979   (Y': 18.7311   Cb: 16.1766   Cr: 16.1525 )
00000020: 17.698    (Y': 18.7014   Cb: 16.166    Cr: 16.2299 )
00000021: 17.7259   (Y': 18.7171   Cb: 16.2185   Cr: 16.2604 )
00000022: 17.7042   (Y': 18.7134   Cb: 16.1584   Cr: 16.237  )
00000023: 17.6865   (Y': 18.6899   Cb: 16.1549   Cr: 16.2182 )
00000024: 17.7127   (Y': 18.7142   Cb: 16.1759   Cr: 16.2541 )
00000025: 17.6939   (Y': 18.7248   Cb: 16.1126   Cr: 16.2139 )
00000026: 17.7167   (Y': 18.7118   Cb: 16.2214   Cr: 16.2304 )
00000028: 17.7343   (Y': 18.7384   Cb: 16.2099   Cr: 16.257  )
00000027: 17.6946   (Y': 18.7131   Cb: 16.1496   Cr: 16.2054 )
00000029: 17.7455   (Y': 18.7499   Cb: 16.2092   Cr: 16.2797 )
00000030: 17.7513   (Y': 18.7723   Cb: 16.1807   Cr: 16.2828 )
00000031: 17.7747   (Y': 18.8363   Cb: 16.1993   Cr: 16.2208 )
00000032: 17.7294   (Y': 18.7902   Cb: 16.1337   Cr: 16.1978 )
00000033: 17.7202   (Y': 18.7594   Cb: 16.1798   Cr: 16.1803 )
00000034: 17.7147   (Y': 18.78     Cb: 16.1152   Cr: 16.1769 )
00000036: 17.7218   (Y': 18.778    Cb: 16.1212   Cr: 16.2051 )
00000035: 17.7451   (Y': 18.8166   Cb: 16.1276   Cr: 16.2123 )
00000038: 17.6909   (Y': 18.7357   Cb: 16.0794   Cr: 16.2111 )
00000037: 17.7135   (Y': 18.7672   Cb: 16.1543   Cr: 16.1608 )
00000039: 17.7229   (Y': 18.7755   Cb: 16.0999   Cr: 16.2374 )
00000040: 17.7455   (Y': 18.7885   Cb: 16.1637   Cr: 16.2391 )
00000041: 17.7204   (Y': 18.7592   Cb: 16.1826   Cr: 16.1791 )
00000042: 17.745    (Y': 18.7404   Cb: 16.2121   Cr: 16.2961 )
00000043: 17.7264   (Y': 18.75     Cb: 16.1785   Cr: 16.2289 )
00000044: 17.7238   (Y': 18.7505   Cb: 16.1408   Cr: 16.2552 )
00000045: 17.7469   (Y': 18.7802   Cb: 16.1981   Cr: 16.2289 )
00000046: 17.7462   (Y': 18.7513   Cb: 16.2396   Cr: 16.2486 )
00000047: 17.7248   (Y': 18.7543   Cb: 16.2092   Cr: 16.1819 )
00000048: 17.7362   (Y': 18.7518   Cb: 16.1974   Cr: 16.2477 )
00000049: 17.7064   (Y': 18.7515   Cb: 16.1582   Cr: 16.1613 )
00000050: 17.7349   (Y': 18.7436   Cb: 16.2269   Cr: 16.2309 )
00000051: 17.7031   (Y': 18.749    Cb: 16.1419   Cr: 16.1694 )
00000052: 17.7186   (Y': 18.7413   Cb: 16.1629   Cr: 16.2309 )
00000053: 17.7101   (Y': 18.7235   Cb: 16.1439   Cr: 16.2545 )
00000054: 17.7167   (Y': 18.7302   Cb: 16.155    Cr: 16.2558 )
00000055: 17.7234   (Y': 18.7389   Cb: 16.222    Cr: 16.1975 )
00000056: 17.7294   (Y': 18.7255   Cb: 16.2189   Cr: 16.256  )
00000057: 17.7175   (Y': 18.7574   Cb: 16.1914   Cr: 16.162  )
00000058: 17.6999   (Y': 18.7386   Cb: 16.0958   Cr: 16.2262 )
00000059: 17.7329   (Y': 18.7506   Cb: 16.1845   Cr: 16.2491 )
00000061: 17.7158   (Y': 18.7175   Cb: 16.1979   Cr: 16.2374 )
00000060: 17.7268   (Y': 18.7752   Cb: 16.1367   Cr: 16.2168 )
00000063: 17.7118   (Y': 18.7488   Cb: 16.1582   Cr: 16.1905 )
00000062: 17.7111   (Y': 18.7268   Cb: 16.1546   Cr: 16.2403 )
00000064: 17.7041   (Y': 18.7049   Cb: 16.1521   Cr: 16.2622 )
00000065: 17.6965   (Y': 18.7114   Cb: 16.1783   Cr: 16.1884 )
00000066: 17.7143   (Y': 18.731    Cb: 16.1349   Cr: 16.2645 )
00000067: 17.693    (Y': 18.7193   Cb: 16.1099   Cr: 16.2254 )
00000068: 17.6826   (Y': 18.7253   Cb: 16.1304   Cr: 16.1472 )
00000069: 17.711    (Y': 18.7203   Cb: 16.189    Cr: 16.2198 )
00000071: 17.7235   (Y': 18.7544   Cb: 16.1862   Cr: 16.1991 )
00000070: 17.7061   (Y': 18.7358   Cb: 16.1119   Cr: 16.242  )
00000072: 17.7145   (Y': 18.7204   Cb: 16.196    Cr: 16.2269 )
00000073: 17.6753   (Y': 18.7148   Cb: 16.1143   Cr: 16.1558 )
00000074: 17.7051   (Y': 18.7133   Cb: 16.1883   Cr: 16.211  )
00000075: 17.6813   (Y': 18.6956   Cb: 16.1164   Cr: 16.2221 )
00000077: 17.6859   (Y': 18.6934   Cb: 16.1765   Cr: 16.1858 )
00000076: 17.7157   (Y': 18.7219   Cb: 16.1462   Cr: 16.2796 )
00000079: 17.6972   (Y': 18.728    Cb: 16.1365   Cr: 16.1963 )
00000078: 17.6777   (Y': 18.7252   Cb: 16.1153   Cr: 16.1417 )
00000080: 17.6919   (Y': 18.7254   Cb: 16.1393   Cr: 16.1773 )
00000081: 17.7168   (Y': 18.7265   Cb: 16.1598   Cr: 16.2597 )
00000082: 17.7236   (Y': 18.7346   Cb: 16.2379   Cr: 16.1922 )
00000083: 17.7181   (Y': 18.749    Cb: 16.1545   Cr: 16.2201 )
00000085: 17.693    (Y': 18.7032   Cb: 16.1667   Cr: 16.2039 )
00000084: 17.7117   (Y': 18.7272   Cb: 16.1915   Cr: 16.2044 )
00000087: 17.6758   (Y': 18.7109   Cb: 16.1072   Cr: 16.1738 )
00000086: 17.7123   (Y': 18.7512   Cb: 16.1167   Cr: 16.229  )
00000088: 17.6736   (Y': 18.7223   Cb: 16.0833   Cr: 16.1635 )
00000089: 17.7056   (Y': 18.702    Cb: 16.2115   Cr: 16.215  )
00000090: 17.7148   (Y': 18.7429   Cb: 16.1667   Cr: 16.2076 )
00000091: 17.6988   (Y': 18.7253   Cb: 16.1581   Cr: 16.1876 )
00000092: 17.7032   (Y': 18.7312   Cb: 16.1655   Cr: 16.1855 )
00000093: 17.6903   (Y': 18.7217   Cb: 16.1252   Cr: 16.193  )
00000095: 17.7042   (Y': 18.7552   Cb: 16.1166   Cr: 16.1858 )
00000094: 17.7036   (Y': 18.7257   Cb: 16.1543   Cr: 16.2109 )
00000096: 17.6772   (Y': 18.716    Cb: 16.1011   Cr: 16.1743 )
00000097: 17.6884   (Y': 18.7109   Cb: 16.1663   Cr: 16.1674 )
00000098: 17.7184   (Y': 18.7175   Cb: 16.1649   Cr: 16.2819 )
00000099: 17.6794   (Y': 18.7197   Cb: 16.1082   Cr: 16.1684 )
00000100: 17.5577   (Y': 18.6081   Cb: 15.895    Cr: 16.1186 )
00000101: 17.6145   (Y': 18.6682   Cb: 16.0541   Cr: 16.0629 )
00000102: 17.6143   (Y': 18.6422   Cb: 16.0928   Cr: 16.0806 )
00000103: 17.6273   (Y': 18.6635   Cb: 16.0825   Cr: 16.0987 )
00000104: 17.6233   (Y': 18.672    Cb: 16.0864   Cr: 16.0595 )
00000105: 17.6586   (Y': 18.6808   Cb: 16.1279   Cr: 16.1467 )
00000106: 17.646    (Y': 18.684    Cb: 16.0886   Cr: 16.126  )
00000107: 17.6872   (Y': 18.7349   Cb: 16.1384   Cr: 16.1372 )
00000108: 17.7026   (Y': 18.7868   Cb: 16.1255   Cr: 16.1013 )
00000109: 17.706    (Y': 18.7823   Cb: 16.061    Cr: 16.1906 )
00000111: 17.7028   (Y': 18.7652   Cb: 16.1294   Cr: 16.1449 )
00000110: 17.6961   (Y': 18.7737   Cb: 16.148    Cr: 16.0801 )
00000112: 17.6676   (Y': 18.7533   Cb: 16.0763   Cr: 16.0772 )
00000113: 17.6851   (Y': 18.7628   Cb: 16.085    Cr: 16.1208 )
00000114: 17.6987   (Y': 18.8089   Cb: 16.0908   Cr: 16.0722 )
00000115: 17.696    (Y': 18.7822   Cb: 16.1199   Cr: 16.0896 )
00000116: 17.668    (Y': 18.7598   Cb: 16.1125   Cr: 16.0291 )
00000117: 17.6289   (Y': 18.7387   Cb: 16.029    Cr: 15.9953 )
00000118: 17.6471   (Y': 18.7216   Cb: 16.0277   Cr: 16.1094 )
00000119: 17.6594   (Y': 18.7425   Cb: 16.058    Cr: 16.0849 )
00000120: 17.6569   (Y': 18.7513   Cb: 16.0065   Cr: 16.1075 )
00000121: 17.6795   (Y': 18.7632   Cb: 16.106    Cr: 16.0754 )
00000122: 17.6674   (Y': 18.7468   Cb: 16.0734   Cr: 16.0933 )
00000123: 17.6686   (Y': 18.7763   Cb: 16.0236   Cr: 16.0849 )
00000124: 17.6817   (Y': 18.7468   Cb: 16.1269   Cr: 16.0995 )
00000125: 17.6873   (Y': 18.7685   Cb: 16.0554   Cr: 16.1476 )
00000126: 17.6761   (Y': 18.7478   Cb: 16.0646   Cr: 16.1366 )
00000127: 17.6836   (Y': 18.7745   Cb: 16.0494   Cr: 16.1251 )
00000128: 17.6712   (Y': 18.7783   Cb: 16.0038   Cr: 16.1118 )
00000129: 17.6551   (Y': 18.7354   Cb: 16.0547   Cr: 16.0858 )
00000130: 17.6376   (Y': 18.7429   Cb: 16.0014   Cr: 16.0502 )
00000131: 17.652    (Y': 18.7133   Cb: 16.0673   Cr: 16.1083 )
00000132: 17.7012   (Y': 18.7623   Cb: 16.1163   Cr: 16.158  )
00000133: 17.6793   (Y': 18.7467   Cb: 16.0525   Cr: 16.1648 )
00000134: 17.6942   (Y': 18.773    Cb: 16.103    Cr: 16.1186 )
00000135: 17.6839   (Y': 18.7572   Cb: 16.0939   Cr: 16.119  )
00000136: 17.6793   (Y': 18.735    Cb: 16.095    Cr: 16.1473 )
00000137: 17.6751   (Y': 18.7427   Cb: 16.0982   Cr: 16.1097 )
00000138: 17.6802   (Y': 18.7656   Cb: 16.0487   Cr: 16.131  )
00000140: 17.6613   (Y': 18.7403   Cb: 16.0375   Cr: 16.1183 )
00000139: 17.6797   (Y': 18.7112   Cb: 16.1217   Cr: 16.1749 )
00000141: 17.6781   (Y': 18.7738   Cb: 16.1034   Cr: 16.0497 )
00000142: 17.6365   (Y': 18.7528   Cb: 16.0182   Cr: 16.0074 )
00000143: 17.6699   (Y': 18.7375   Cb: 16.0674   Cr: 16.1303 )
00000144: 17.6715   (Y': 18.7702   Cb: 16.0314   Cr: 16.1021 )
00000145: 17.6657   (Y': 18.7409   Cb: 16.0726   Cr: 16.0999 )
00000146: 17.6539   (Y': 18.744    Cb: 16.0447   Cr: 16.072  )
00000147: 17.6819   (Y': 18.7391   Cb: 16.1028   Cr: 16.1417 )
00000148: 17.6618   (Y': 18.7434   Cb: 16.0736   Cr: 16.0769 )
00000149: 17.6982   (Y': 18.7641   Cb: 16.1209   Cr: 16.1366 )
00000150: 17.6866   (Y': 18.7665   Cb: 16.0728   Cr: 16.1315 )
00000151: 17.6889   (Y': 18.7791   Cb: 16.0856   Cr: 16.1007 )
00000152: 17.6751   (Y': 18.737    Cb: 16.0815   Cr: 16.1391 )
00000153: 17.6803   (Y': 18.7664   Cb: 16.0676   Cr: 16.1106 )
00000154: 17.6718   (Y': 18.7468   Cb: 16.0718   Cr: 16.1134 )
00000155: 17.6642   (Y': 18.7312   Cb: 16.0653   Cr: 16.1223 )
00000156: 17.6574   (Y': 18.6949   Cb: 16.1066   Cr: 16.132  )
00000157: 17.6968   (Y': 18.7461   Cb: 16.1148   Cr: 16.1769 )
00000159: 17.7029   (Y': 18.7763   Cb: 16.0693   Cr: 16.1825 )
00000158: 17.6763   (Y': 18.7377   Cb: 16.0874   Cr: 16.1366 )
00000160: 17.68     (Y': 18.7442   Cb: 16.0916   Cr: 16.1336 )
00000161: 17.703    (Y': 18.7893   Cb: 16.0672   Cr: 16.1564 )
00000162: 17.6505   (Y': 18.7069   Cb: 16.0479   Cr: 16.1358 )
00000163: 17.6597   (Y': 18.7139   Cb: 16.0494   Cr: 16.1576 )
00000164: 17.6014   (Y': 18.7119   Cb: 15.9777   Cr: 15.9905 )
00000166: 17.6072   (Y': 18.6766   Cb: 15.9951   Cr: 16.0736 )
00000167: 17.6296   (Y': 18.7332   Cb: 16.0276   Cr: 16.0116 )
00000165: 17.6319   (Y': 18.7011   Cb: 16.068    Cr: 16.0502 )
00000168: 17.6109   (Y': 18.7122   Cb: 16.0092   Cr: 15.9973 )
00000169: 17.6043   (Y': 18.6826   Cb: 16.0393   Cr: 16.004  )
00000170: 17.6004   (Y': 18.6838   Cb: 16.0357   Cr: 15.9886 )
00000171: 17.6266   (Y': 18.7159   Cb: 16.0642   Cr: 15.9998 )
00000172: 17.633    (Y': 18.7419   Cb: 16.046    Cr: 15.9887 )
00000173: 17.6582   (Y': 18.7642   Cb: 16.0912   Cr: 16.0003 )
00000174: 17.7007   (Y': 18.7991   Cb: 16.1075   Cr: 16.0853 )
00000175: 17.7022   (Y': 18.7847   Cb: 16.0996   Cr: 16.1302 )
00000176: 17.7056   (Y': 18.8015   Cb: 16.0779   Cr: 16.1298 )
00000177: 17.67     (Y': 18.7572   Cb: 16.05     Cr: 16.1053 )
00000178: 17.6257   (Y': 18.7799   Cb: 15.9639   Cr: 15.9604 )
00000180: 17.599    (Y': 18.7406   Cb: 15.9213   Cr: 15.9762 )
00000179: 17.634    (Y': 18.7465   Cb: 15.9792   Cr: 16.05   )
00000181: 17.6439   (Y': 18.8044   Cb: 15.9395   Cr: 16.0081 )
00000182: 17.6506   (Y': 18.8124   Cb: 15.9776   Cr: 15.9805 )
00000183: 18.2916   (Y': 19.5561   Cb: 16.4401   Cr: 16.5926 )
00000184: 18.516    (Y': 19.729    Cb: 16.6755   Cr: 16.9113 )
00000186: 18.7488   (Y': 19.876    Cb: 16.8977   Cr: 17.3409 )
00000185: 18.624    (Y': 19.7985   Cb: 16.7662   Cr: 17.1195 )
00000188: 18.8597   (Y': 19.9256   Cb: 17.0676   Cr: 17.5251 )
00000187: 18.8227   (Y': 19.8858   Cb: 16.9972   Cr: 17.5322 )
00000189: 18.6805   (Y': 19.8265   Cb: 16.8461   Cr: 17.2123 )
00000190: 18.691    (Y': 19.8852   Cb: 16.8008   Cr: 17.1795 )
00000191: 18.6818   (Y': 19.8431   Cb: 16.8107   Cr: 17.2207 )
00000192: 18.6997   (Y': 19.8632   Cb: 16.851    Cr: 17.2095 )
00000193: 18.6816   (Y': 19.8459   Cb: 16.8398   Cr: 17.182  )
00000194: 18.6649   (Y': 19.8151   Cb: 16.8029   Cr: 17.2182 )
00000195: 18.5241   (Y': 19.6969   Cb: 16.6902   Cr: 16.9976 )
00000196: 18.5096   (Y': 19.6956   Cb: 16.6604   Cr: 16.971  )
00000197: 18.3021   (Y': 19.5344   Cb: 16.485    Cr: 16.6332 )
00000199: 17.9514   (Y': 19.1713   Cb: 16.1611   Cr: 16.2802 )
00000198: 18.0569   (Y': 19.2813   Cb: 16.2536   Cr: 16.3897 )
00000200: 17.8282   (Y': 19.0317   Cb: 16.0896   Cr: 16.1376 )
00000201: 17.8062   (Y': 18.9877   Cb: 16.1011   Cr: 16.1273 )
00000202: 17.8099   (Y': 18.9649   Cb: 16.1386   Cr: 16.1523 )
00000203: 17.7034   (Y': 18.8668   Cb: 16.0552   Cr: 16.0054 )
00000204: 17.5716   (Y': 18.6774   Cb: 15.9553   Cr: 15.9629 )
00000205: 17.4742   (Y': 18.5895   Cb: 15.8904   Cr: 15.8133 )
00000207: 17.4671   (Y': 18.5884   Cb: 15.8417   Cr: 15.8345 )
00000206: 17.4434   (Y': 18.5578   Cb: 15.876    Cr: 15.7683 )
00000208: 17.4821   (Y': 18.6141   Cb: 15.8842   Cr: 15.8001 )
00000209: 17.4713   (Y': 18.6013   Cb: 15.8346   Cr: 15.8317 )
00000210: 17.4582   (Y': 18.5694   Cb: 15.8901   Cr: 15.7907 )
00000211: 17.4462   (Y': 18.5726   Cb: 15.8162   Cr: 15.8074 )
00000213: 17.4896   (Y': 18.6178   Cb: 15.8967   Cr: 15.8105 )
00000212: 17.4835   (Y': 18.5915   Cb: 15.8893   Cr: 15.8483 )
00000214: 17.5066   (Y': 18.6403   Cb: 15.8704   Cr: 15.8588 )
00000215: 17.5365   (Y': 18.6549   Cb: 15.9082   Cr: 15.9131 )
00000216: 17.5782   (Y': 18.7113   Cb: 15.9298   Cr: 15.9439 )
00000217: 17.5679   (Y': 18.7199   Cb: 15.8763   Cr: 15.937  )
00000218: 17.5882   (Y': 18.7477   Cb: 15.9152   Cr: 15.9231 )
00000219: 17.5598   (Y': 18.7093   Cb: 15.9265   Cr: 15.8758 )
00000221: 17.6445   (Y': 18.7847   Cb: 16.0275   Cr: 15.9637 )
00000220: 17.5956   (Y': 18.7591   Cb: 15.9054   Cr: 15.9391 )
00000222: 17.6706   (Y': 18.8115   Cb: 16.0051   Cr: 16.0369 )
00000223: 17.7091   (Y': 18.8656   Cb: 16.0455   Cr: 16.0406 )
00000224: 17.7124   (Y': 18.8413   Cb: 16.0468   Cr: 16.1044 )
00000225: 18.0182   (Y': 19.2454   Cb: 16.2364   Cr: 16.3234 )
00000226: 18.4225   (Y': 19.6089   Cb: 16.6181   Cr: 16.8358 )
00000227: 18.5112   (Y': 19.6743   Cb: 16.6871   Cr: 16.9949 )
00000228: 18.4935   (Y': 19.6402   Cb: 16.7306   Cr: 16.9477 )
00000229: 18.0236   (Y': 19.1549   Cb: 16.297    Cr: 16.4732 )
00000231: 17.744    (Y': 18.8375   Cb: 16.0758   Cr: 16.2149 )
00000230: 17.8334   (Y': 18.9271   Cb: 16.1608   Cr: 16.3085 )
00000232: 17.7287   (Y': 18.7999   Cb: 16.063    Cr: 16.2465 )
00000233: 17.5323   (Y': 18.5402   Cb: 16.0024   Cr: 16.052  )
00000234: 17.5566   (Y': 18.5809   Cb: 15.9778   Cr: 16.089  )
00000235: 17.5461   (Y': 18.554    Cb: 16.0295   Cr: 16.0523 )
00000236: 17.5169   (Y': 18.5256   Cb: 15.9855   Cr: 16.0363 )
00000237: 17.5193   (Y': 18.5289   Cb: 15.9793   Cr: 16.0454 )
00000239: 17.3972   (Y': 18.465    Cb: 15.815    Cr: 15.8367 )
00000238: 17.5208   (Y': 18.5857   Cb: 15.9247   Cr: 15.9804 )
00000240: 17.3962   (Y': 18.4677   Cb: 15.759    Cr: 15.8832 )
00000241: 17.4151   (Y': 18.5579   Cb: 15.6496   Cr: 15.8803 )
00000242: 17.3616   (Y': 18.5147   Cb: 15.6234   Cr: 15.7761 )
00000243: 17.3677   (Y': 18.4724   Cb: 15.6536   Cr: 15.862  )
00000244: 17.3541   (Y': 18.4905   Cb: 15.6279   Cr: 15.792  )
00000245: 17.3972   (Y': 18.5216   Cb: 15.6644   Cr: 15.8677 )
00000246: 17.4089   (Y': 18.562    Cb: 15.6411   Cr: 15.8547 )
00000247: 17.4064   (Y': 18.5576   Cb: 15.6158   Cr: 15.8803 )
00000248: 17.3674   (Y': 18.5126   Cb: 15.5765   Cr: 15.8546 )
00000249: 17.3968   (Y': 18.5357   Cb: 15.6024   Cr: 15.9011 )
00000250: 17.3907   (Y': 18.549    Cb: 15.5682   Cr: 15.883  )
00000251: 17.4234   (Y': 18.5431   Cb: 15.6281   Cr: 15.9709 )
00000252: 17.4053   (Y': 18.5414   Cb: 15.5546   Cr: 15.9771 )
00000253: 17.42     (Y': 18.5217   Cb: 15.6328   Cr: 15.9988 )
00000254: 17.3518   (Y': 18.4314   Cb: 15.5709   Cr: 15.9736 )
00000255: 17.3606   (Y': 18.4349   Cb: 15.6164   Cr: 15.9543 )
00000256: 17.3678   (Y': 18.4601   Cb: 15.5923   Cr: 15.9549 )
00000257: 17.3434   (Y': 18.4223   Cb: 15.585    Cr: 15.9422 )
00000258: 17.334    (Y': 18.4237   Cb: 15.5699   Cr: 15.9147 )
00000259: 17.3978   (Y': 18.3626   Cb: 15.7116   Cr: 16.184  )
00000260: 17.3785   (Y': 18.3787   Cb: 15.6556   Cr: 16.1205 )
00000261: 17.3766   (Y': 18.3751   Cb: 15.6476   Cr: 16.1299 )
00000263: 17.3805   (Y': 18.3605   Cb: 15.6946   Cr: 16.1301 )
00000262: 17.3961   (Y': 18.3678   Cb: 15.7208   Cr: 16.1538 )
00000264: 17.3473   (Y': 18.3549   Cb: 15.5891   Cr: 16.1115 )
00000265: 17.3832   (Y': 18.38     Cb: 15.6555   Cr: 16.1391 )
00000266: 17.3807   (Y': 18.3704   Cb: 15.6819   Cr: 16.1213 )
00000267: 17.3854   (Y': 18.3838   Cb: 15.6844   Cr: 16.1076 )
00000268: 17.3796   (Y': 18.3956   Cb: 15.632    Cr: 16.1118 )
00000269: 17.389    (Y': 18.371    Cb: 15.7052   Cr: 16.1313 )
00000271: 17.381    (Y': 18.3867   Cb: 15.6087   Cr: 16.1656 )
00000270: 17.3856   (Y': 18.3661   Cb: 15.6969   Cr: 16.1371 )
00000272: 17.3913   (Y': 18.4016   Cb: 15.6384   Cr: 16.1432 )
00000273: 17.4042   (Y': 18.4137   Cb: 15.6589   Cr: 16.1493 )
00000274: 17.4351   (Y': 18.4446   Cb: 15.7004   Cr: 16.1683 )
00000275: 17.4557   (Y': 18.4791   Cb: 15.6774   Cr: 16.2049 )
00000276: 17.4102   (Y': 18.4258   Cb: 15.675    Cr: 16.1297 )
00000277: 17.4132   (Y': 18.432    Cb: 15.6682   Cr: 16.136  )
00000279: 17.4845   (Y': 18.5427   Cb: 15.7121   Cr: 16.1457 )
00000278: 17.4773   (Y': 18.5223   Cb: 15.6968   Cr: 16.1784 )
00000280: 17.5319   (Y': 18.5865   Cb: 15.7769   Cr: 16.1823 )
00000281: 17.5304   (Y': 18.6316   Cb: 15.6824   Cr: 16.1772 )
00000282: 17.482    (Y': 18.5843   Cb: 15.6752   Cr: 16.081  )
00000283: 17.4883   (Y': 18.5894   Cb: 15.6562   Cr: 16.1178 )
00000284: 17.4634   (Y': 18.5767   Cb: 15.642    Cr: 16.0537 )
00000285: 17.4463   (Y': 18.5362   Cb: 15.6703   Cr: 16.0394 )
00000286: 17.4568   (Y': 18.5154   Cb: 15.7345   Cr: 16.0628 )
00000287: 17.4495   (Y': 18.5458   Cb: 15.6487   Cr: 16.0554 )
00000288: 17.441    (Y': 18.5379   Cb: 15.6566   Cr: 16.0277 )
00000289: 17.4478   (Y': 18.5493   Cb: 15.6066   Cr: 16.0864 )
00000290: 17.423    (Y': 18.5265   Cb: 15.6431   Cr: 15.9899 )
00000291: 17.4141   (Y': 18.4807   Cb: 15.6287   Cr: 16.0705 )
00000292: 17.415    (Y': 18.4871   Cb: 15.6381   Cr: 16.0494 )
00000293: 17.4495   (Y': 18.5331   Cb: 15.65     Cr: 16.0825 )
00000294: 17.432    (Y': 18.5102   Cb: 15.6246   Cr: 16.086  )
00000295: 17.4523   (Y': 18.5331   Cb: 15.6881   Cr: 16.0529 )
00000296: 17.4131   (Y': 18.5345   Cb: 15.6177   Cr: 15.957  )
00000297: 17.4179   (Y': 18.4931   Cb: 15.6445   Cr: 16.0415 )
00000298: 17.4074   (Y': 18.5152   Cb: 15.6066   Cr: 15.9875 )
00000299: 17.4406   (Y': 18.5223   Cb: 15.6399   Cr: 16.0794 )
00000300: 17.4095   (Y': 18.5274   Cb: 15.6091   Cr: 15.9668 )
00000301: 17.4215   (Y': 18.5199   Cb: 15.5982   Cr: 16.0472 )
00000302: 17.4337   (Y': 18.5274   Cb: 15.5883   Cr: 16.095  )
00000303: 17.4434   (Y': 18.5468   Cb: 15.6265   Cr: 16.0508 )
00000304: 17.4134   (Y': 18.5365   Cb: 15.5789   Cr: 15.9962 )
00000305: 17.4331   (Y': 18.5239   Cb: 15.6551   Cr: 16.0264 )
00000306: 17.444    (Y': 18.53     Cb: 15.6705   Cr: 16.0433 )
00000307: 17.45     (Y': 18.5413   Cb: 15.6474   Cr: 16.069  )
00000308: 17.4343   (Y': 18.516    Cb: 15.6721   Cr: 16.031  )
00000309: 17.4458   (Y': 18.5383   Cb: 15.6234   Cr: 16.0844 )
00000310: 17.4205   (Y': 18.5282   Cb: 15.5684   Cr: 16.0577 )
00000311: 17.4501   (Y': 18.5399   Cb: 15.6464   Cr: 16.0741 )
00000312: 17.4386   (Y': 18.5525   Cb: 15.665    Cr: 15.9759 )
00000313: 17.4333   (Y': 18.5408   Cb: 15.6549   Cr: 15.9897 )
00000314: 17.4505   (Y': 18.5427   Cb: 15.6803   Cr: 16.0321 )
00000315: 17.4391   (Y': 18.5076   Cb: 15.6264   Cr: 16.1217 )
00000317: 17.4333   (Y': 18.5162   Cb: 15.6919   Cr: 16.005  )
00000316: 17.4208   (Y': 18.5193   Cb: 15.6736   Cr: 15.9637 )
00000318: 17.3561   (Y': 18.5315   Cb: 15.5276   Cr: 15.8182 )
00000319: 17.3579   (Y': 18.5551   Cb: 15.484    Cr: 15.8222 )
00000320: 17.3446   (Y': 18.5306   Cb: 15.5009   Cr: 15.8003 )
00000321: 17.338    (Y': 18.5047   Cb: 15.5375   Cr: 15.7888 )
00000322: 17.4273   (Y': 18.5388   Cb: 15.6145   Cr: 16.012  )
00000323: 17.4389   (Y': 18.5468   Cb: 15.6698   Cr: 15.9844 )
00000324: 17.425    (Y': 18.5469   Cb: 15.6278   Cr: 15.9699 )
00000325: 17.4184   (Y': 18.5072   Cb: 15.6488   Cr: 16.0072 )
00000326: 17.4327   (Y': 18.5416   Cb: 15.6435   Cr: 15.9976 )
00000327: 17.4366   (Y': 18.5487   Cb: 15.6496   Cr: 15.9921 )
00000328: 17.4476   (Y': 18.5456   Cb: 15.6523   Cr: 16.0439 )
00000329: 17.4354   (Y': 18.5225   Cb: 15.6408   Cr: 16.0553 )
00000330: 17.4301   (Y': 18.5114   Cb: 15.667    Cr: 16.0286 )
00000331: 17.3365   (Y': 18.5163   Cb: 15.5147   Cr: 15.7819 )
00000332: 17.3335   (Y': 18.5553   Cb: 15.4371   Cr: 15.7701 )
00000333: 17.4348   (Y': 18.5229   Cb: 15.6412   Cr: 16.0513 )
00000334: 17.4397   (Y': 18.5161   Cb: 15.647    Cr: 16.0821 )
00000335: 17.4356   (Y': 18.5377   Cb: 15.6584   Cr: 16.0029 )
00000336: 17.4501   (Y': 18.508    Cb: 15.7      Cr: 16.0877 )
00000337: 17.4409   (Y': 18.5233   Cb: 15.6783   Cr: 16.0364 )
00000338: 17.4476   (Y': 18.5353   Cb: 15.6404   Cr: 16.0799 )
00000339: 17.4117   (Y': 18.5505   Cb: 15.5845   Cr: 15.9518 )
00000340: 17.4507   (Y': 18.5635   Cb: 15.6087   Cr: 16.0648 )
00000341: 17.529    (Y': 18.6507   Cb: 15.7328   Cr: 16.0731 )
00000342: 17.5056   (Y': 18.6335   Cb: 15.6847   Cr: 16.063  )
00000343: 17.5282   (Y': 18.6208   Cb: 15.7266   Cr: 16.1431 )
00000344: 17.5713   (Y': 18.6617   Cb: 15.7798   Cr: 16.1802 )
00000345: 17.4943   (Y': 18.582    Cb: 15.6594   Cr: 16.1577 )
00000346: 17.4819   (Y': 18.555    Cb: 15.6889   Cr: 16.1317 )
00000347: 17.4695   (Y': 18.526    Cb: 15.6712   Cr: 16.1637 )
00000348: 17.452    (Y': 18.4933   Cb: 15.6844   Cr: 16.1474 )
00000349: 17.4734   (Y': 18.5064   Cb: 15.7159   Cr: 16.1765 )
00000350: 17.4494   (Y': 18.5235   Cb: 15.6465   Cr: 16.1082 )
00000351: 17.4963   (Y': 18.5511   Cb: 15.6931   Cr: 16.1999 )
00000352: 17.5044   (Y': 18.5501   Cb: 15.7445   Cr: 16.1809 )
00000353: 17.5263   (Y': 18.5478   Cb: 15.8199   Cr: 16.2002 )
00000354: 17.4536   (Y': 18.5731   Cb: 15.6467   Cr: 16.0143 )
00000355: 17.4339   (Y': 18.5365   Cb: 15.6831   Cr: 15.9714 )
00000356: 17.3821   (Y': 18.4696   Cb: 15.5857   Cr: 16.003  )
00000357: 17.4532   (Y': 18.4521   Cb: 15.7399   Cr: 16.1879 )
00000358: 17.475    (Y': 18.4501   Cb: 15.7529   Cr: 16.2765 )
00000359: 17.4705   (Y': 18.4705   Cb: 15.7657   Cr: 16.1929 )
00000360: 17.5043   (Y': 18.5089   Cb: 15.7563   Cr: 16.264  )
00000361: 17.4746   (Y': 18.4995   Cb: 15.7213   Cr: 16.1921 )
00000362: 17.4815   (Y': 18.4741   Cb: 15.7587   Cr: 16.2416 )
00000363: 17.451    (Y': 18.4621   Cb: 15.7051   Cr: 16.1933 )
00000364: 17.4558   (Y': 18.4495   Cb: 15.7496   Cr: 16.195  )
00000365: 17.4192   (Y': 18.4032   Cb: 15.6821   Cr: 16.2163 )
00000366: 17.4317   (Y': 18.4345   Cb: 15.6973   Cr: 16.1804 )
00000367: 17.4334   (Y': 18.4238   Cb: 15.7082   Cr: 16.2015 )
00000368: 17.4819   (Y': 18.5134   Cb: 15.742    Cr: 16.1691 )
00000369: 17.5478   (Y': 18.5689   Cb: 15.8457   Cr: 16.218  )
00000370: 17.5014   (Y': 18.5302   Cb: 15.7695   Cr: 16.1864 )
00000371: 17.5199   (Y': 18.5507   Cb: 15.7898   Cr: 16.1979 )
00000372: 17.5056   (Y': 18.5419   Cb: 15.7523   Cr: 16.1964 )
00000373: 17.5084   (Y': 18.5339   Cb: 15.7636   Cr: 16.2152 )
00000374: 17.4903   (Y': 18.5107   Cb: 15.7681   Cr: 16.1842 )
00000375: 17.4674   (Y': 18.511    Cb: 15.7132   Cr: 16.1425 )
00000376: 17.5056   (Y': 18.5284   Cb: 15.7661   Cr: 16.2128 )
00000377: 17.4419   (Y': 18.474    Cb: 15.6549   Cr: 16.1807 )
00000378: 17.4642   (Y': 18.4709   Cb: 15.738    Cr: 16.1949 )
00000379: 17.4301   (Y': 18.4839   Cb: 15.6304   Cr: 16.1321 )
00000380: 17.4447   (Y': 18.4717   Cb: 15.6468   Cr: 16.2075 )
00000381: 17.4324   (Y': 18.4524   Cb: 15.6885   Cr: 16.1513 )
00000382: 17.4539   (Y': 18.4669   Cb: 15.726    Cr: 16.1712 )
00000383: 17.4397   (Y': 18.4763   Cb: 15.6817   Cr: 16.1353 )
00000384: 17.43     (Y': 18.4539   Cb: 15.6874   Cr: 16.1379 )
00000385: 17.4589   (Y': 18.4934   Cb: 15.6549   Cr: 16.2109 )
00000386: 17.4451   (Y': 18.4734   Cb: 15.6772   Cr: 16.1713 )
00000387: 17.4768   (Y': 18.4862   Cb: 15.7465   Cr: 16.2052 )
00000389: 17.4425   (Y': 18.5265   Cb: 15.6072   Cr: 16.1146 )
00000388: 17.463    (Y': 18.5084   Cb: 15.7031   Cr: 16.1399 )
00000390: 17.4804   (Y': 18.5105   Cb: 15.7212   Cr: 16.1924 )
00000391: 17.5056   (Y': 18.5981   Cb: 15.6113   Cr: 16.2253 )
00000392: 17.5261   (Y': 18.6135   Cb: 15.7057   Cr: 16.1735 )
00000393: 17.5331   (Y': 18.6484   Cb: 15.6804   Cr: 16.1535 )
00000394: 17.5197   (Y': 18.6547   Cb: 15.6606   Cr: 16.1031 )
00000395: 17.5038   (Y': 18.6248   Cb: 15.6701   Cr: 16.0905 )
00000396: 17.5176   (Y': 18.6378   Cb: 15.6992   Cr: 16.089  )
00000397: 17.4699   (Y': 18.5728   Cb: 15.6579   Cr: 16.0732 )
00000398: 17.4494   (Y': 18.515    Cb: 15.7082   Cr: 16.0598 )
00000399: 17.4239   (Y': 18.5318   Cb: 15.6213   Cr: 16.0054 )
00000400: 17.4709   (Y': 18.5746   Cb: 15.6835   Cr: 16.0457 )
00000401: 17.4918   (Y': 18.5671   Cb: 15.7349   Cr: 16.0973 )
00000402: 17.5103   (Y': 18.6067   Cb: 15.6794   Cr: 16.1493 )
00000403: 17.4621   (Y': 18.5544   Cb: 15.6816   Cr: 16.0549 )
00000404: 17.4833   (Y': 18.5546   Cb: 15.7053   Cr: 16.121  )
00000405: 17.4803   (Y': 18.5788   Cb: 15.6491   Cr: 16.1147 )
00000406: 17.4363   (Y': 18.5344   Cb: 15.6856   Cr: 15.9837 )
00000407: 17.4465   (Y': 18.4935   Cb: 15.7158   Cr: 16.0878 )
00000408: 17.4216   (Y': 18.4979   Cb: 15.6511   Cr: 16.0396 )
00000409: 17.4385   (Y': 18.52     Cb: 15.6424   Cr: 16.0727 )
00000410: 17.4329   (Y': 18.4945   Cb: 15.6836   Cr: 16.0611 )
00000411: 17.4495   (Y': 18.5452   Cb: 15.6363   Cr: 16.0705 )
00000412: 17.526    (Y': 18.6536   Cb: 15.6953   Cr: 16.0947 )
00000413: 17.5447   (Y': 18.645    Cb: 15.749    Cr: 16.1358 )
00000414: 17.3977   (Y': 18.5728   Cb: 15.6077   Cr: 15.8194 )
00000415: 17.35     (Y': 18.5463   Cb: 15.5037   Cr: 15.7863 )
00000416: 17.3545   (Y': 18.5624   Cb: 15.4924   Cr: 15.7836 )
00000417: 17.3636   (Y': 18.5318   Cb: 15.5523   Cr: 15.8225 )
00000418: 17.3483   (Y': 18.504    Cb: 15.5695   Cr: 15.7998 )
00000419: 17.358    (Y': 18.5132   Cb: 15.5402   Cr: 15.852  )
00000420: 17.4334   (Y': 18.555    Cb: 15.6365   Cr: 15.9784 )
00000421: 17.4421   (Y': 18.516    Cb: 15.6754   Cr: 16.0614 )
00000422: 17.4465   (Y': 18.5235   Cb: 15.707    Cr: 16.0294 )
00000423: 17.4105   (Y': 18.5149   Cb: 15.6183   Cr: 15.9885 )
00000424: 17.4344   (Y': 18.5368   Cb: 15.6621   Cr: 15.9957 )
00000425: 17.4349   (Y': 18.5182   Cb: 15.6348   Cr: 16.0693 )
00000426: 17.4284   (Y': 18.5189   Cb: 15.613    Cr: 16.0634 )
00000427: 17.432    (Y': 18.5276   Cb: 15.665    Cr: 16.0028 )
00000428: 17.4327   (Y': 18.5215   Cb: 15.6486   Cr: 16.0373 )
00000429: 17.4403   (Y': 18.538    Cb: 15.6523   Cr: 16.0289 )
00000431: 17.4292   (Y': 18.5051   Cb: 15.6931   Cr: 16.011  )
00000430: 17.4193   (Y': 18.515    Cb: 15.6027   Cr: 16.0439 )
00000432: 17.4312   (Y': 18.5181   Cb: 15.6458   Cr: 16.0413 )
00000433: 17.3682   (Y': 18.5332   Cb: 15.5353   Cr: 15.8575 )
00000434: 17.3841   (Y': 18.5582   Cb: 15.5381   Cr: 15.8678 )
00000435: 17.4183   (Y': 18.5329   Cb: 15.6216   Cr: 15.979  )
00000436: 17.4131   (Y': 18.5185   Cb: 15.6429   Cr: 15.9652 )
00000437: 17.4363   (Y': 18.5275   Cb: 15.638    Cr: 16.0508 )
00000438: 17.4174   (Y': 18.535    Cb: 15.6119   Cr: 15.9806 )
00000439: 17.4396   (Y': 18.5278   Cb: 15.6599   Cr: 16.0406 )
00000440: 17.4268   (Y': 18.5263   Cb: 15.6297   Cr: 16.0214 )
00000441: 17.4408   (Y': 18.5358   Cb: 15.6641   Cr: 16.0232 )
00000443: 17.4744   (Y': 18.5981   Cb: 15.6675   Cr: 16.0257 )
00000442: 17.4309   (Y': 18.5494   Cb: 15.6146   Cr: 16.0041 )
00000444: 17.5036   (Y': 18.6167   Cb: 15.6884   Cr: 16.0876 )
00000445: 17.5402   (Y': 18.6541   Cb: 15.7322   Cr: 16.1145 )
00000446: 17.503    (Y': 18.6231   Cb: 15.6651   Cr: 16.0963 )
00000447: 17.5058   (Y': 18.5739   Cb: 15.7408   Cr: 16.1364 )
00000448: 17.4861   (Y': 18.5609   Cb: 15.6596   Cr: 16.1694 )
00000449: 17.493    (Y': 18.578    Cb: 15.6937   Cr: 16.1228 )
00000451: 17.4639   (Y': 18.5064   Cb: 15.6953   Cr: 16.1574 )
00000450: 17.4631   (Y': 18.5357   Cb: 15.6488   Cr: 16.138  )
00000452: 17.4613   (Y': 18.4939   Cb: 15.682    Cr: 16.1897 )
00000453: 17.4568   (Y': 18.4832   Cb: 15.7586   Cr: 16.1105 )
00000454: 17.4513   (Y': 18.4725   Cb: 15.6842   Cr: 16.1933 )
00000455: 17.4413   (Y': 18.4734   Cb: 15.6778   Cr: 16.1534 )
00000456: 17.4421   (Y': 18.4619   Cb: 15.7365   Cr: 16.1193 )
00000457: 17.4388   (Y': 18.4634   Cb: 15.7126   Cr: 16.1271 )
00000458: 17.4379   (Y': 18.4472   Cb: 15.7046   Cr: 16.1702 )
00000459: 17.5023   (Y': 18.5278   Cb: 15.7647   Cr: 16.2014 )
00000460: 17.5186   (Y': 18.5521   Cb: 15.7616   Cr: 16.2203 )
00000461: 17.4725   (Y': 18.4761   Cb: 15.7309   Cr: 16.2276 )
00000462: 17.4513   (Y': 18.4463   Cb: 15.7361   Cr: 16.1971 )
00000463: 17.4285   (Y': 18.4224   Cb: 15.7467   Cr: 16.1401 )
00000464: 17.4202   (Y': 18.4215   Cb: 15.7319   Cr: 16.1218 )
00000465: 17.439    (Y': 18.429    Cb: 15.7511   Cr: 16.1666 )
00000466: 17.4107   (Y': 18.4058   Cb: 15.6728   Cr: 16.1818 )
00000467: 17.3768   (Y': 18.3799   Cb: 15.6946   Cr: 16.0673 )
00000468: 17.4012   (Y': 18.3986   Cb: 15.7138   Cr: 16.1109 )
00000469: 17.4146   (Y': 18.4143   Cb: 15.6815   Cr: 16.1695 )
00000470: 17.4289   (Y': 18.4146   Cb: 15.7418   Cr: 16.1659 )
00000471: 17.4377   (Y': 18.4113   Cb: 15.7513   Cr: 16.203  )
00000472: 17.4212   (Y': 18.4258   Cb: 15.6727   Cr: 16.1816 )
00000473: 17.3862   (Y': 18.3853   Cb: 15.6732   Cr: 16.1202 )
00000474: 17.4024   (Y': 18.4039   Cb: 15.6486   Cr: 16.1762 )
00000475: 17.4807   (Y': 18.4854   Cb: 15.7186   Cr: 16.2561 )
00000476: 17.5014   (Y': 18.5064   Cb: 15.7558   Cr: 16.2575 )
00000477: 17.4873   (Y': 18.5094   Cb: 15.7431   Cr: 16.2012 )
00000478: 17.4319   (Y': 18.4093   Cb: 15.715    Cr: 16.2219 )
00000479: 17.3911   (Y': 18.3672   Cb: 15.6785   Cr: 16.1794 )
00000480: 17.4157   (Y': 18.41     Cb: 15.6929   Cr: 16.172  )
00000481: 17.4329   (Y': 18.416    Cb: 15.7386   Cr: 16.184  )
00000482: 17.3953   (Y': 18.3643   Cb: 15.7289   Cr: 16.1497 )
00000483: 17.432    (Y': 18.4531   Cb: 15.6968   Cr: 16.1383 )
00000484: 17.4334   (Y': 18.4177   Cb: 15.7079   Cr: 16.2163 )
00000485: 17.3879   (Y': 18.3601   Cb: 15.6917   Cr: 16.1674 )
00000487: 17.3989   (Y': 18.3656   Cb: 15.7287   Cr: 16.163  )
00000486: 17.4118   (Y': 18.3704   Cb: 15.76     Cr: 16.1751 )
00000488: 17.4037   (Y': 18.3914   Cb: 15.688    Cr: 16.168  )
00000489: 17.4295   (Y': 18.4036   Cb: 15.756    Cr: 16.1792 )
00000490: 17.4055   (Y': 18.3669   Cb: 15.7264   Cr: 16.1923 )
00000491: 17.4359   (Y': 18.3974   Cb: 15.7733   Cr: 16.2038 )
00000492: 17.4431   (Y': 18.4278   Cb: 15.7439   Cr: 16.1959 )
00000493: 17.395    (Y': 18.3632   Cb: 15.6537   Cr: 16.2351 )
00000494: 17.4173   (Y': 18.386    Cb: 15.7497   Cr: 16.1738 )
00000495: 17.4657   (Y': 18.4931   Cb: 15.7139   Cr: 16.1757 )
00000496: 17.5076   (Y': 18.5132   Cb: 15.7517   Cr: 16.2739 )
00000497: 17.518    (Y': 18.5421   Cb: 15.7863   Cr: 16.2138 )
00000498: 17.4783   (Y': 18.502    Cb: 15.7595   Cr: 16.1606 )
00000499: 17.4122   (Y': 18.4582   Cb: 15.6736   Cr: 16.0643 )
00000500: 17.4278   (Y': 18.445    Cb: 15.7429   Cr: 16.0884 )
00000501: 17.4242   (Y': 18.4358   Cb: 15.7117   Cr: 16.128  )
00000502: 17.377    (Y': 18.3856   Cb: 15.6832   Cr: 16.0673 )
00000503: 17.4177   (Y': 18.4337   Cb: 15.676    Cr: 16.1434 )
00000504: 17.4081   (Y': 18.4312   Cb: 15.6859   Cr: 16.0956 )
00000505: 17.3728   (Y': 18.4047   Cb: 15.6208   Cr: 16.0726 )
00000506: 17.3812   (Y': 18.4275   Cb: 15.634    Cr: 16.0421 )
00000507: 17.3778   (Y': 18.372    Cb: 15.7222   Cr: 16.0602 )
00000508: 17.2852   (Y': 18.388    Cb: 15.5696   Cr: 15.7853 )
00000509: 17.3047   (Y': 18.3854   Cb: 15.612    Cr: 15.8293 )
00000510: 17.3085   (Y': 18.3954   Cb: 15.5774   Cr: 15.8598 )
00000511: 17.3063   (Y': 18.396    Cb: 15.5543   Cr: 15.8739 )
00000512: 17.2812   (Y': 18.3736   Cb: 15.4796   Cr: 15.8968 )
00000513: 17.3862   (Y': 18.3747   Cb: 15.6971   Cr: 16.1188 )
00000514: 17.354    (Y': 18.3746   Cb: 15.599    Cr: 16.0837 )
00000515: 17.3771   (Y': 18.3993   Cb: 15.678    Cr: 16.0417 )
00000516: 17.3736   (Y': 18.4067   Cb: 15.6246   Cr: 16.0672 )
00000517: 17.3942   (Y': 18.4006   Cb: 15.6647   Cr: 16.1291 )
00000518: 17.3961   (Y': 18.4059   Cb: 15.6909   Cr: 16.0964 )
00000519: 17.3102   (Y': 18.4433   Cb: 15.5243   Cr: 15.818  )
00000520: 17.296    (Y': 18.4066   Cb: 15.5244   Cr: 15.838  )
00000521: 17.2746   (Y': 18.3675   Cb: 15.5482   Cr: 15.8077 )
00000522: 17.2694   (Y': 18.3817   Cb: 15.4836   Cr: 15.8229 )
00000523: 17.3757   (Y': 18.3976   Cb: 15.6784   Cr: 16.0387 )
00000524: 17.3791   (Y': 18.4262   Cb: 15.6412   Cr: 16.0282 )
00000525: 17.3728   (Y': 18.3987   Cb: 15.6337   Cr: 16.0725 )
00000526: 17.3529   (Y': 18.3754   Cb: 15.6311   Cr: 16.0412 )
00000527: 17.333    (Y': 18.3703   Cb: 15.5931   Cr: 16.007  )
00000528: 17.3708   (Y': 18.3971   Cb: 15.6083   Cr: 16.0954 )
00000529: 17.3524   (Y': 18.3785   Cb: 15.6151   Cr: 16.0498 )
00000530: 17.3431   (Y': 18.363    Cb: 15.5991   Cr: 16.0624 )
00000531: 17.3496   (Y': 18.3735   Cb: 15.6416   Cr: 16.0198 )
00000532: 17.3238   (Y': 18.3266   Cb: 15.6162   Cr: 16.0429 )
00000533: 17.3333   (Y': 18.3526   Cb: 15.6058   Cr: 16.0354 )
00000534: 17.3293   (Y': 18.3466   Cb: 15.6164   Cr: 16.0201 )
00000535: 17.3502   (Y': 18.3483   Cb: 15.6107   Cr: 16.116  )
00000536: 17.3102   (Y': 18.3311   Cb: 15.5775   Cr: 16.0142 )
00000537: 17.28     (Y': 18.3069   Cb: 15.5299   Cr: 15.9892 )
00000538: 17.3251   (Y': 18.3442   Cb: 15.5812   Cr: 16.0458 )
00000539: 17.2858   (Y': 18.2936   Cb: 15.607    Cr: 15.9617 )
00000540: 17.2844   (Y': 18.2982   Cb: 15.5822   Cr: 15.9717 )
00000541: 17.2326   (Y': 18.3237   Cb: 15.4732   Cr: 15.8052 )
00000542: 17.2447   (Y': 18.3228   Cb: 15.5193   Cr: 15.8096 )
00000543: 17.2381   (Y': 18.3333   Cb: 15.5074   Cr: 15.7708 )
00000544: 17.2235   (Y': 18.3149   Cb: 15.5182   Cr: 15.7378 )
00000545: 17.2256   (Y': 18.3209   Cb: 15.4796   Cr: 15.7745 )
00000546: 17.2154   (Y': 18.3125   Cb: 15.4464   Cr: 15.7846 )
00000548: 17.3244   (Y': 18.328    Cb: 15.6132   Cr: 16.0458 )
00000547: 17.287    (Y': 18.2957   Cb: 15.6008   Cr: 15.9685 )
00000549: 17.3216   (Y': 18.3212   Cb: 15.5847   Cr: 16.081  )
00000550: 17.2939   (Y': 18.2894   Cb: 15.5657   Cr: 16.0534 )
00000551: 17.3037   (Y': 18.3056   Cb: 15.5823   Cr: 16.0402 )
00000552: 17.3128   (Y': 18.32     Cb: 15.5884   Cr: 16.0401 )
00000553: 17.3364   (Y': 18.3586   Cb: 15.5801   Cr: 16.0639 )
00000554: 17.354    (Y': 18.3874   Cb: 15.5899   Cr: 16.0638 )
00000555: 17.3666   (Y': 18.3902   Cb: 15.5942   Cr: 16.1088 )
00000556: 17.3663   (Y': 18.3818   Cb: 15.6381   Cr: 16.0781 )
00000557: 17.3423   (Y': 18.3774   Cb: 15.5894   Cr: 16.0356 )
00000558: 17.3662   (Y': 18.3641   Cb: 15.645    Cr: 16.112  )
00000559: 17.3428   (Y': 18.3704   Cb: 15.5605   Cr: 16.0864 )
00000560: 17.3676   (Y': 18.4238   Cb: 15.6052   Cr: 16.0224 )
00000561: 17.4374   (Y': 18.4853   Cb: 15.6544   Cr: 16.1344 )
00000562: 17.4761   (Y': 18.5151   Cb: 15.7162   Cr: 16.1682 )
00000563: 17.4054   (Y': 18.4814   Cb: 15.5638   Cr: 16.1033 )
00000564: 17.4051   (Y': 18.4796   Cb: 15.6024   Cr: 16.0626 )
00000565: 17.4188   (Y': 18.4852   Cb: 15.6462   Cr: 16.0614 )
00000566: 17.3694   (Y': 18.4192   Cb: 15.6204   Cr: 16.0244 )
00000567: 17.3894   (Y': 18.4286   Cb: 15.6174   Cr: 16.0944 )
00000568: 17.377    (Y': 18.4562   Cb: 15.5514   Cr: 16.0492 )
00000569: 17.4397   (Y': 18.5155   Cb: 15.6399   Cr: 16.0908 )
00000570: 17.4512   (Y': 18.5014   Cb: 15.6839   Cr: 16.1254 )
00000571: 17.4112   (Y': 18.4665   Cb: 15.6712   Cr: 16.0439 )
00000572: 17.3546   (Y': 18.3866   Cb: 15.6104   Cr: 16.0456 )
00000573: 17.3954   (Y': 18.4159   Cb: 15.6777   Cr: 16.084  )
00000574: 17.316    (Y': 18.4193   Cb: 15.5319   Cr: 15.8881 )
00000575: 17.3214   (Y': 18.4411   Cb: 15.5371   Cr: 15.8569 )
00000576: 17.2885   (Y': 18.4147   Cb: 15.485    Cr: 15.8303 )
00000577: 17.2557   (Y': 18.3338   Cb: 15.4966   Cr: 15.8572 )
00000578: 17.3372   (Y': 18.4098   Cb: 15.5789   Cr: 15.9502 )
00000580: 17.3128   (Y': 18.3927   Cb: 15.56     Cr: 15.9035 )
00000579: 17.3064   (Y': 18.3931   Cb: 15.5009   Cr: 15.9392 )
00000581: 17.2747   (Y': 18.3468   Cb: 15.5335   Cr: 15.8701 )
00000582: 17.3111   (Y': 18.3659   Cb: 15.6197   Cr: 15.8923 )
00000583: 17.2858   (Y': 18.3538   Cb: 15.5633   Cr: 15.8705 )
00000584: 17.2833   (Y': 18.3633   Cb: 15.5875   Cr: 15.8127 )
00000585: 17.2854   (Y': 18.3482   Cb: 15.5617   Cr: 15.8833 )
00000586: 17.2683   (Y': 18.3329   Cb: 15.5786   Cr: 15.8258 )
00000588: 17.2664   (Y': 18.3306   Cb: 15.5713   Cr: 15.8303 )
00000587: 17.2923   (Y': 18.345    Cb: 15.6125   Cr: 15.8662 )
00000589: 17.2724   (Y': 18.3423   Cb: 15.5859   Cr: 15.8145 )
00000591: 17.2815   (Y': 18.3512   Cb: 15.5723   Cr: 15.8483 )
00000590: 17.2592   (Y': 18.3302   Cb: 15.552    Cr: 15.821  )
00000592: 17.2689   (Y': 18.3127   Cb: 15.5609   Cr: 15.8928 )
00000593: 17.2639   (Y': 18.3272   Cb: 15.5627   Cr: 15.8366 )
00000594: 17.2882   (Y': 18.3582   Cb: 15.5949   Cr: 15.8372 )
00000595: 17.2753   (Y': 18.3226   Cb: 15.579    Cr: 15.8788 )
00000596: 17.2789   (Y': 18.3379   Cb: 15.57     Cr: 15.8693 )
00000598: 17.2711   (Y': 18.3181   Cb: 15.6208   Cr: 15.8267 )
00000599: 17.2201   (Y': 18.2814   Cb: 15.5278   Cr: 15.7876 )
00000597: 17.2503   (Y': 18.3241   Cb: 15.5142   Cr: 15.8366 )
00000600: 17.2418   (Y': 18.2972   Cb: 15.5747   Cr: 15.796  )
00000601: 17.271    (Y': 18.3331   Cb: 15.5427   Cr: 15.8756 )
00000602: 17.2728   (Y': 18.3234   Cb: 15.5886   Cr: 15.8558 )
00000604: 17.2591   (Y': 18.3129   Cb: 15.5529   Cr: 15.8586 )
00000603: 17.2566   (Y': 18.302    Cb: 15.5564   Cr: 15.8686 )
00000605: 17.2411   (Y': 18.2978   Cb: 15.5381   Cr: 15.8303 )
00000606: 17.2402   (Y': 18.3151   Cb: 15.5219   Cr: 15.8048 )
00000607: 17.2274   (Y': 18.2877   Cb: 15.523    Cr: 15.8103 )
00000608: 17.2538   (Y': 18.2913   Cb: 15.5901   Cr: 15.8449 )
00000609: 17.2394   (Y': 18.3092   Cb: 15.5477   Cr: 15.7874 )
00000610: 17.2438   (Y': 18.2938   Cb: 15.5532   Cr: 15.835  )
00000611: 17.2527   (Y': 18.3039   Cb: 15.5692   Cr: 15.8338 )
00000612: 17.2369   (Y': 18.3047   Cb: 15.5674   Cr: 15.7658 )
00000613: 17.2337   (Y': 18.2993   Cb: 15.4992   Cr: 15.8366 )
00000614: 17.2676   (Y': 18.3043   Cb: 15.5733   Cr: 15.8931 )
00000615: 17.2519   (Y': 18.3116   Cb: 15.5695   Cr: 15.8125 )
00000616: 17.2557   (Y': 18.3145   Cb: 15.5406   Cr: 15.8532 )
00000617: 17.2447   (Y': 18.293    Cb: 15.5598   Cr: 15.834  )
00000618: 17.2312   (Y': 18.3027   Cb: 15.513    Cr: 15.8032 )
00000619: 17.25     (Y': 18.2927   Cb: 15.559    Cr: 15.8586 )
00000620: 17.2374   (Y': 18.3061   Cb: 15.5355   Cr: 15.7987 )
00000621: 17.244    (Y': 18.2881   Cb: 15.5875   Cr: 15.8125 )
00000622: 17.2577   (Y': 18.2871   Cb: 15.5897   Cr: 15.872  )
00000623: 17.2381   (Y': 18.3079   Cb: 15.5536   Cr: 15.7785 )
00000624: 17.2373   (Y': 18.289    Cb: 15.5292   Cr: 15.8437 )
00000625: 17.2564   (Y': 18.308    Cb: 15.5686   Cr: 15.8409 )
00000626: 17.2714   (Y': 18.3085   Cb: 15.6335   Cr: 15.8361 )
00000627: 17.2579   (Y': 18.3317   Cb: 15.5204   Cr: 15.8456 )
00000628: 17.2571   (Y': 18.298    Cb: 15.6357   Cr: 15.7964 )
00000629: 17.26     (Y': 18.2991   Cb: 15.5921   Cr: 15.8519 )
00000630: 17.2786   (Y': 18.338    Cb: 15.5769   Cr: 15.8603 )
00000631: 17.2773   (Y': 18.3269   Cb: 15.5666   Cr: 15.8909 )
00000632: 17.2817   (Y': 18.3202   Cb: 15.6218   Cr: 15.8667 )
00000633: 17.2638   (Y': 18.3001   Cb: 15.5795   Cr: 15.8797 )
00000634: 17.2583   (Y': 18.2868   Cb: 15.6154   Cr: 15.8479 )
00000635: 17.2577   (Y': 18.2775   Cb: 15.608    Cr: 15.8745 )
00000636: 17.2861   (Y': 18.3094   Cb: 15.6902   Cr: 15.8383 )
00000637: 17.2803   (Y': 18.3227   Cb: 15.6448   Cr: 15.8308 )
00000638: 17.283    (Y': 18.2979   Cb: 15.6498   Cr: 15.8935 )
00000639: 17.2797   (Y': 18.3088   Cb: 15.6543   Cr: 15.8496 )
00000640: 17.2801   (Y': 18.3434   Cb: 15.5804   Cr: 15.8509 )
00000641: 17.3001   (Y': 18.3318   Cb: 15.6379   Cr: 15.903  )
00000642: 17.2513   (Y': 18.288    Cb: 15.618    Cr: 15.812  )
00000643: 17.2473   (Y': 18.2805   Cb: 15.6152   Cr: 15.8149 )
00000644: 17.2656   (Y': 18.339    Cb: 15.6165   Cr: 15.7611 )
00000646: 17.2883   (Y': 18.3635   Cb: 15.5531   Cr: 15.8705 )
00000645: 17.2528   (Y': 18.3061   Cb: 15.612    Cr: 15.7843 )
00000647: 17.3079   (Y': 18.3333   Cb: 15.6907   Cr: 15.8778 )
00000648: 17.2935   (Y': 18.3449   Cb: 15.6556   Cr: 15.826  )
00000649: 17.3673   (Y': 18.4329   Cb: 15.698    Cr: 15.901  )
00000650: 17.4042   (Y': 18.4942   Cb: 15.6883   Cr: 15.9327 )
00000651: 17.4562   (Y': 18.5629   Cb: 15.7095   Cr: 15.9803 )
00000652: 17.44     (Y': 18.5444   Cb: 15.7356   Cr: 15.9247 )
00000653: 17.4395   (Y': 18.5385   Cb: 15.6748   Cr: 15.9998 )
00000654: 17.4245   (Y': 18.5472   Cb: 15.6551   Cr: 15.938  )
00000655: 17.4457   (Y': 18.5621   Cb: 15.6984   Cr: 15.949  )
00000656: 17.4724   (Y': 18.5614   Cb: 15.7788   Cr: 15.9796 )
00000657: 17.4971   (Y': 18.5949   Cb: 15.8095   Cr: 15.9786 )
00000658: 17.5043   (Y': 18.6148   Cb: 15.7993   Cr: 15.9761 )
00000660: 17.3592   (Y': 18.4982   Cb: 15.606    Cr: 15.8196 )
00000659: 17.4615   (Y': 18.5844   Cb: 15.7229   Cr: 15.9417 )
00000661: 17.3303   (Y': 18.4517   Cb: 15.5715   Cr: 15.835  )
00000662: 17.3151   (Y': 18.4893   Cb: 15.477    Cr: 15.7901 )
00000663: 17.2976   (Y': 18.4552   Cb: 15.4917   Cr: 15.7738 )
00000664: 17.3431   (Y': 18.4739   Cb: 15.559    Cr: 15.8543 )
00000665: 17.3175   (Y': 18.4685   Cb: 15.4866   Cr: 15.8349 )
00000666: 17.334    (Y': 18.4917   Cb: 15.5615   Cr: 15.7746 )
00000668: 17.3018   (Y': 18.4721   Cb: 15.4674   Cr: 15.781  )
00000667: 17.351    (Y': 18.4887   Cb: 15.5423   Cr: 15.8734 )
00000669: 17.27     (Y': 18.4407   Cb: 15.4321   Cr: 15.7524 )
00000670: 17.2815   (Y': 18.4396   Cb: 15.4982   Cr: 15.7325 )
00000671: 17.2881   (Y': 18.4648   Cb: 15.4314   Cr: 15.7775 )
00000672: 17.3371   (Y': 18.5028   Cb: 15.5045   Cr: 15.8243 )
00000673: 17.2666   (Y': 18.4312   Cb: 15.4217   Cr: 15.7697 )
00000674: 17.2603   (Y': 18.4303   Cb: 15.4204   Cr: 15.7461 )
00000676: 17.2487   (Y': 18.4188   Cb: 15.3916   Cr: 15.7529 )
00000675: 17.2467   (Y': 18.3967   Cb: 15.411    Cr: 15.7717 )
00000677: 17.2194   (Y': 18.3444   Cb: 15.4129   Cr: 15.7676 )
00000678: 17.2288   (Y': 18.3777   Cb: 15.4384   Cr: 15.7074 )
00000679: 17.2464   (Y': 18.3834   Cb: 15.3873   Cr: 15.8256 )
00000680: 17.2655   (Y': 18.4213   Cb: 15.4281   Cr: 15.7794 )
00000681: 17.2109   (Y': 18.3459   Cb: 15.3777   Cr: 15.7661 )
00000682: 17.1925   (Y': 18.3502   Cb: 15.3471   Cr: 15.7112 )
00000684: 17.2627   (Y': 18.4129   Cb: 15.3932   Cr: 15.8241 )
00000683: 17.2297   (Y': 18.3747   Cb: 15.408    Cr: 15.7502 )
00000685: 17.2518   (Y': 18.4383   Cb: 15.3438   Cr: 15.7763 )
00000686: 17.3092   (Y': 18.4929   Cb: 15.3829   Cr: 15.86   )
00000687: 17.2599   (Y': 18.4598   Cb: 15.3281   Cr: 15.7819 )
00000688: 17.2666   (Y': 18.4776   Cb: 15.3235   Cr: 15.7771 )
00000689: 17.2801   (Y': 18.5043   Cb: 15.3241   Cr: 15.7767 )
00000690: 17.3027   (Y': 18.5388   Cb: 15.3404   Cr: 15.7811 )
00000692: 17.2934   (Y': 18.5576   Cb: 15.3381   Cr: 15.7052 )
00000691: 17.3222   (Y': 18.5633   Cb: 15.3219   Cr: 15.8325 )
00000693: 17.2938   (Y': 18.5661   Cb: 15.2864   Cr: 15.7462 )
00000694: 17.2398   (Y': 18.5199   Cb: 15.2523   Cr: 15.6535 )
00000695: 17.2091   (Y': 18.4842   Cb: 15.1703   Cr: 15.6903 )
00000696: 17.223    (Y': 18.5337   Cb: 15.17     Cr: 15.6462 )
00000697: 17.2883   (Y': 18.6362   Cb: 15.2138   Cr: 15.6595 )
00000698: 17.3136   (Y': 18.7013   Cb: 15.2021   Cr: 15.6465 )
00000700: 17.2987   (Y': 18.6596   Cb: 15.2658   Cr: 15.5986 )
00000699: 17.3159   (Y': 18.6854   Cb: 15.2372   Cr: 15.6488 )
00000701: 17.3071   (Y': 18.6455   Cb: 15.2848   Cr: 15.6403 )
00000702: 17.3237   (Y': 18.6848   Cb: 15.333    Cr: 15.5782 )
00000703: 17.3208   (Y': 18.6943   Cb: 15.32     Cr: 15.562  )
00000704: 17.2736   (Y': 18.6818   Cb: 15.242    Cr: 15.4801 )
00000705: 17.241    (Y': 18.6321   Cb: 15.2536   Cr: 15.434  )
00000706: 17.2281   (Y': 18.6385   Cb: 15.1568   Cr: 15.4727 )
00000707: 17.229    (Y': 18.6515   Cb: 15.1589   Cr: 15.4492 )
00000708: 17.2896   (Y': 18.7026   Cb: 15.2027   Cr: 15.5462 )
00000709: 17.2611   (Y': 18.6602   Cb: 15.2128   Cr: 15.5029 )
00000710: 17.2698   (Y': 18.6425   Cb: 15.257    Cr: 15.5253 )
00000711: 17.2739   (Y': 18.6547   Cb: 15.2589   Cr: 15.5159 )
00000712: 17.6071   (Y': 19.0962   Cb: 15.447    Cr: 15.7979 )
00000713: 18.0766   (Y': 19.553    Cb: 15.8663   Cr: 16.3469 )
00000714: 18.2063   (Y': 19.6551   Cb: 16.0345   Cr: 16.4865 )
00000716: 17.7241   (Y': 19.2047   Cb: 15.6355   Cr: 15.8546 )
00000715: 17.9005   (Y': 19.3888   Cb: 15.7712   Cr: 16.0597 )
00000718: 17.6039   (Y': 19.0375   Cb: 15.5683   Cr: 15.7666 )
00000717: 17.6691   (Y': 19.1139   Cb: 15.5878   Cr: 15.8588 )
00000719: 17.5456   (Y': 18.9438   Cb: 15.5468   Cr: 15.7367 )
00000720: 17.3177   (Y': 18.6322   Cb: 15.4162   Cr: 15.5702 )
00000721: 17.4247   (Y': 18.6568   Cb: 15.51     Cr: 15.8592 )
00000722: 17.414    (Y': 18.6404   Cb: 15.4985   Cr: 15.8615 )
00000723: 17.394    (Y': 18.615    Cb: 15.4872   Cr: 15.8433 )
00000724: 17.3926   (Y': 18.6537   Cb: 15.4547   Cr: 15.792  )
00000725: 17.4264   (Y': 18.6792   Cb: 15.5046   Cr: 15.8253 )
00000726: 17.4208   (Y': 18.6716   Cb: 15.5311   Cr: 15.7897 )
00000727: 17.3771   (Y': 18.6309   Cb: 15.4513   Cr: 15.7784 )
00000728: 17.3516   (Y': 18.5978   Cb: 15.4466   Cr: 15.7463 )
00000729: 17.3486   (Y': 18.6178   Cb: 15.4341   Cr: 15.7063 )
00000730: 17.3683   (Y': 18.5958   Cb: 15.5035   Cr: 15.759  )
00000731: 17.366    (Y': 18.5983   Cb: 15.4443   Cr: 15.8078 )
00000732: 17.3525   (Y': 18.5746   Cb: 15.4686   Cr: 15.775  )
00000734: 17.3723   (Y': 18.6061   Cb: 15.4735   Cr: 15.786  )
00000733: 17.3639   (Y': 18.5892   Cb: 15.4627   Cr: 15.798  )
00000735: 17.3719   (Y': 18.5952   Cb: 15.4697   Cr: 15.8115 )
00000736: 17.4009   (Y': 18.6064   Cb: 15.5252   Cr: 15.8497 )
00000737: 17.4136   (Y': 18.6347   Cb: 15.5309   Cr: 15.8368 )
00000738: 17.3841   (Y': 18.6076   Cb: 15.4868   Cr: 15.8178 )
00000739: 17.3977   (Y': 18.6085   Cb: 15.522    Cr: 15.8352 )
00000740: 17.381    (Y': 18.5961   Cb: 15.5176   Cr: 15.796  )
00000741: 17.3847   (Y': 18.594    Cb: 15.5396   Cr: 15.7927 )
00000742: 17.3923   (Y': 18.6056   Cb: 15.4839   Cr: 15.8598 )
00000743: 17.3896   (Y': 18.6176   Cb: 15.4768   Cr: 15.8307 )
00000744: 17.3892   (Y': 18.623    Cb: 15.4999   Cr: 15.7929 )
00000745: 17.4123   (Y': 18.6361   Cb: 15.5326   Cr: 15.8266 )
00000746: 17.41     (Y': 18.6036   Cb: 15.557    Cr: 15.8594 )
00000747: 17.417    (Y': 18.6391   Cb: 15.5347   Cr: 15.8376 )
00000748: 17.4044   (Y': 18.6335   Cb: 15.4983   Cr: 15.8358 )
00000750: 17.41     (Y': 18.6294   Cb: 15.4929   Cr: 15.8741 )
00000749: 17.4218   (Y': 18.6309   Cb: 15.5678   Cr: 15.8397 )
00000751: 17.4142   (Y': 18.6046   Cb: 15.559    Cr: 15.8726 )
00000752: 17.4113   (Y': 18.6388   Cb: 15.4821   Cr: 15.8714 )
00000753: 17.4312   (Y': 18.6567   Cb: 15.548    Cr: 15.8456 )
00000754: 17.4171   (Y': 18.6496   Cb: 15.4827   Cr: 15.8724 )
00000755: 17.3931   (Y': 18.5911   Cb: 15.5055   Cr: 15.8706 )
00000756: 17.4035   (Y': 18.597    Cb: 15.5706   Cr: 15.8315 )
00000757: 17.4014   (Y': 18.6038   Cb: 15.5548   Cr: 15.8254 )
00000758: 17.418    (Y': 18.6281   Cb: 15.5104   Cr: 15.8912 )
00000759: 17.4164   (Y': 18.653    Cb: 15.4865   Cr: 15.858  )
00000760: 17.4374   (Y': 18.6605   Cb: 15.5517   Cr: 15.8597 )
00000761: 17.452    (Y': 18.647    Cb: 15.61     Cr: 15.887  )
00000762: 17.4574   (Y': 18.6358   Cb: 15.6226   Cr: 15.9197 )
00000763: 17.4444   (Y': 18.5981   Cb: 15.6049   Cr: 15.9652 )
00000764: 17.4666   (Y': 18.6085   Cb: 15.6546   Cr: 15.9832 )
00000765: 17.4673   (Y': 18.6219   Cb: 15.6374   Cr: 15.9756 )
00000766: 17.4862   (Y': 18.6305   Cb: 15.6689   Cr: 16.0038 )
00000767: 17.4446   (Y': 18.5887   Cb: 15.6609   Cr: 15.9265 )
00000768: 17.423    (Y': 18.5729   Cb: 15.5724   Cr: 15.9644 )
00000769: 17.4294   (Y': 18.569    Cb: 15.6189   Cr: 15.9497 )
00000770: 17.4316   (Y': 18.511    Cb: 15.704    Cr: 15.9959 )
00000771: 17.4274   (Y': 18.536    Cb: 15.6562   Cr: 15.9736 )
00000772: 17.4324   (Y': 18.5244   Cb: 15.69     Cr: 15.9847 )
00000773: 17.4521   (Y': 18.5674   Cb: 15.6888   Cr: 15.975  )
00000774: 17.4475   (Y': 18.588    Cb: 15.6484   Cr: 15.9535 )
00000775: 17.4823   (Y': 18.6477   Cb: 15.646    Cr: 15.9742 )
00000776: 17.4737   (Y': 18.6548   Cb: 15.6      Cr: 15.9722 )
00000777: 17.5013   (Y': 18.6589   Cb: 15.6648   Cr: 16.0104 )
00000778: 17.4871   (Y': 18.6475   Cb: 15.7098   Cr: 15.927  )
00000779: 17.499    (Y': 18.6909   Cb: 15.6182   Cr: 15.9823 )
00000780: 17.4786   (Y': 18.6772   Cb: 15.6228   Cr: 15.9207 )
00000782: 17.4841   (Y': 18.6888   Cb: 15.6353   Cr: 15.9058 )
00000781: 17.4565   (Y': 18.6541   Cb: 15.5903   Cr: 15.9117 )
00000783: 17.4746   (Y': 18.699    Cb: 15.5558   Cr: 15.9299 )
00000784: 17.4922   (Y': 18.6984   Cb: 15.5811   Cr: 15.9777 )
00000785: 17.4497   (Y': 18.6872   Cb: 15.5586   Cr: 15.8476 )
00000786: 17.4429   (Y': 18.6681   Cb: 15.5401   Cr: 15.8792 )
00000787: 17.4405   (Y': 18.6806   Cb: 15.5221   Cr: 15.8623 )
00000788: 17.4259   (Y': 18.6553   Cb: 15.5153   Cr: 15.8619 )
00000789: 17.4627   (Y': 18.6847   Cb: 15.5615   Cr: 15.9041 )
00000790: 17.4641   (Y': 18.6659   Cb: 15.6224   Cr: 15.8843 )
00000791: 17.5383   (Y': 18.6933   Cb: 15.7005   Cr: 16.0544 )
00000792: 17.5171   (Y': 18.6598   Cb: 15.6603   Cr: 16.0809 )
00000793: 17.5242   (Y': 18.6816   Cb: 15.6875   Cr: 16.0339 )
00000794: 17.5332   (Y': 18.6766   Cb: 15.7179   Cr: 16.0503 )
00000795: 18.2027   (Y': 19.4006   Cb: 16.2934   Cr: 16.7043 )
00000796: 18.4017   (Y': 19.616    Cb: 16.3794   Cr: 16.9944 )
00000798: 17.9754   (Y': 19.2416   Cb: 16.0199   Cr: 16.3831 )
00000797: 18.3705   (Y': 19.5801   Cb: 16.3358   Cr: 16.9879 )
00000799: 17.9596   (Y': 19.1288   Cb: 16.1129   Cr: 16.4547 )
00000800: 17.9355   (Y': 19.0648   Cb: 16.16     Cr: 16.4406 )
00000801: 17.7971   (Y': 18.9344   Cb: 16.0321   Cr: 16.2737 )
00000802: 17.659    (Y': 18.7544   Cb: 15.9533   Cr: 16.1649 )
00000803: 17.6687   (Y': 18.7188   Cb: 16.0265   Cr: 16.2088 )
00000804: 17.5638   (Y': 18.7243   Cb: 15.8978   Cr: 15.8893 )
00000805: 17.2984   (Y': 18.1997   Cb: 15.9873   Cr: 15.8458 )
00000806: 17.3219   (Y': 18.2318   Cb: 16.0024   Cr: 15.8573 )
00000807: 17.3576   (Y': 18.2511   Cb: 16.0489   Cr: 15.9206 )
00000808: 17.437    (Y': 18.3493   Cb: 16.0904   Cr: 15.9933 )
00000809: 17.4155   (Y': 18.3493   Cb: 16.0801   Cr: 15.9116 )
00000810: 17.4367   (Y': 18.3636   Cb: 16.1017   Cr: 15.948  )
00000811: 17.4437   (Y': 18.3478   Cb: 16.1086   Cr: 16.0076 )
00000812: 17.4267   (Y': 18.3085   Cb: 16.1403   Cr: 15.9958 )
00000813: 17.4461   (Y': 18.3487   Cb: 16.1106   Cr: 16.0143 )
00000814: 17.428    (Y': 18.314    Cb: 16.1367   Cr: 15.9919 )
00000815: 17.4629   (Y': 18.3374   Cb: 16.1844   Cr: 16.0416 )
00000816: 17.4285   (Y': 18.314    Cb: 16.1061   Cr: 16.0241 )
00000817: 17.4455   (Y': 18.3556   Cb: 16.1108   Cr: 15.9953 )
00000818: 17.4555   (Y': 18.3587   Cb: 16.1719   Cr: 15.9717 )
00000819: 17.463    (Y': 18.3684   Cb: 16.1335   Cr: 16.0187 )
00000820: 17.4418   (Y': 18.3285   Cb: 16.1966   Cr: 15.96   )
00000821: 17.4565   (Y': 18.3642   Cb: 16.1747   Cr: 15.961  )
00000822: 17.4378   (Y': 18.3183   Cb: 16.1564   Cr: 16.0049 )
00000823: 17.4327   (Y': 18.3463   Cb: 16.1244   Cr: 15.9487 )
00000824: 17.4319   (Y': 18.3093   Cb: 16.1733   Cr: 15.9842 )
00000825: 17.4512   (Y': 18.3264   Cb: 16.1691   Cr: 16.0315 )
00000826: 17.3855   (Y': 18.2677   Cb: 16.1162   Cr: 15.9371 )
00000827: 17.3947   (Y': 18.2746   Cb: 16.1261   Cr: 15.9511 )
00000828: 17.4258   (Y': 18.2948   Cb: 16.1719   Cr: 15.9935 )
00000829: 17.4245   (Y': 18.2784   Cb: 16.1559   Cr: 16.0424 )
00000830: 17.4225   (Y': 18.2939   Cb: 16.1626   Cr: 15.9903 )
00000831: 17.3998   (Y': 18.273    Cb: 16.1104   Cr: 15.992  )
00000832: 17.4083   (Y': 18.2897   Cb: 16.1612   Cr: 15.9405 )
00000833: 17.4182   (Y': 18.2923   Cb: 16.1667   Cr: 15.9717 )
00000834: 17.4299   (Y': 18.2996   Cb: 16.168    Cr: 16.0039 )
00000836: 17.4138   (Y': 18.2847   Cb: 16.1358   Cr: 16.0003 )
00000835: 17.3939   (Y': 18.2625   Cb: 16.1249   Cr: 15.9772 )
00000837: 17.3892   (Y': 18.2499   Cb: 16.1206   Cr: 15.9907 )
00000838: 17.4181   (Y': 18.2694   Cb: 16.1779   Cr: 16.0145 )
00000839: 17.4018   (Y': 18.2805   Cb: 16.1551   Cr: 15.9401 )
00000840: 17.389    (Y': 18.2606   Cb: 16.141    Cr: 15.9451 )
00000841: 17.4006   (Y': 18.2773   Cb: 16.1947   Cr: 15.9051 )
00000842: 17.3926   (Y': 18.2468   Cb: 16.1105   Cr: 16.0232 )
00000843: 17.4096   (Y': 18.2622   Cb: 16.1901   Cr: 15.9834 )
00000844: 17.4024   (Y': 18.2425   Cb: 16.1759   Cr: 16.0125 )
00000845: 17.4243   (Y': 18.2695   Cb: 16.19     Cr: 16.0296 )
00000846: 17.4      (Y': 18.2643   Cb: 16.0957   Cr: 16.0278 )
00000847: 17.4044   (Y': 18.2738   Cb: 16.1632   Cr: 15.9591 )
00000848: 17.4175   (Y': 18.2727   Cb: 16.1446   Cr: 16.0365 )
00000849: 17.3919   (Y': 18.2581   Cb: 16.1243   Cr: 15.9797 )
00000850: 17.3881   (Y': 18.2452   Cb: 16.1044   Cr: 16.013  )
00000851: 17.4058   (Y': 18.2713   Cb: 16.1443   Cr: 15.9891 )
00000852: 17.3923   (Y': 18.2605   Cb: 16.1359   Cr: 15.9644 )
00000853: 17.3782   (Y': 18.2576   Cb: 16.1216   Cr: 15.9243 )
00000854: 17.4118   (Y': 18.2891   Cb: 16.1186   Cr: 15.9977 )
00000855: 17.3892   (Y': 18.2617   Cb: 16.1203   Cr: 15.9634 )
00000856: 17.3901   (Y': 18.2433   Cb: 16.1385   Cr: 15.9929 )
00000857: 17.3899   (Y': 18.2624   Cb: 16.1326   Cr: 15.9527 )
00000858: 17.4025   (Y': 18.265    Cb: 16.1652   Cr: 15.9696 )
00000860: 17.4345   (Y': 18.2938   Cb: 16.158    Cr: 16.0474 )
00000859: 17.3993   (Y': 18.2755   Cb: 16.1587   Cr: 15.9375 )
00000861: 17.3933   (Y': 18.2751   Cb: 16.0898   Cr: 15.9788 )
00000862: 17.4134   (Y': 18.2825   Cb: 16.1756   Cr: 15.9656 )
00000863: 17.4302   (Y': 18.3073   Cb: 16.1484   Cr: 16.006  )
00000864: 17.4395   (Y': 18.3134   Cb: 16.1694   Cr: 16.0112 )
00000865: 17.4142   (Y': 18.2606   Cb: 16.1747   Cr: 16.0217 )
00000866: 17.4121   (Y': 18.286    Cb: 16.1388   Cr: 15.987  )
00000867: 17.4107   (Y': 18.3019   Cb: 16.1168   Cr: 15.9649 )
00000868: 17.3977   (Y': 18.251    Cb: 16.1854   Cr: 15.9628 )
00000869: 17.4218   (Y': 18.2838   Cb: 16.1271   Cr: 16.0456 )
00000870: 17.4036   (Y': 18.2652   Cb: 16.132    Cr: 16.0058 )
00000871: 17.4037   (Y': 18.2761   Cb: 16.15     Cr: 15.9634 )
00000872: 17.4103   (Y': 18.2784   Cb: 16.1404   Cr: 15.9956 )
00000873: 17.4063   (Y': 18.287    Cb: 16.1646   Cr: 15.935  )
00000874: 17.4229   (Y': 18.2792   Cb: 16.1972   Cr: 15.9934 )
00000875: 17.4048   (Y': 18.2674   Cb: 16.1761   Cr: 15.9636 )
00000876: 17.4005   (Y': 18.2649   Cb: 16.1113   Cr: 16.0133 )
00000877: 17.4226   (Y': 18.2876   Cb: 16.1567   Cr: 16.0113 )
00000878: 17.4326   (Y': 18.2997   Cb: 16.1461   Cr: 16.0365 )
00000879: 17.3914   (Y': 18.2549   Cb: 16.0987   Cr: 16.0099 )
00000880: 17.3937   (Y': 18.2709   Cb: 16.1173   Cr: 15.9639 )
00000881: 17.418    (Y': 18.2936   Cb: 16.1425   Cr: 15.9908 )
00000882: 17.3942   (Y': 18.2763   Cb: 16.1165   Cr: 15.9538 )
00000883: 17.4056   (Y': 18.2549   Cb: 16.15     Cr: 16.0219 )
00000884: 17.4012   (Y': 18.2631   Cb: 16.1657   Cr: 15.9682 )
00000885: 17.4132   (Y': 18.2625   Cb: 16.193    Cr: 15.9952 )
00000886: 17.3895   (Y': 18.2454   Cb: 16.1358   Cr: 15.9881 )
00000887: 17.4085   (Y': 18.2745   Cb: 16.1418   Cr: 15.9958 )
00000888: 17.3829   (Y': 18.2641   Cb: 16.1152   Cr: 15.9353 )
00000889: 17.4022   (Y': 18.2462   Cb: 16.1861   Cr: 15.9927 )
00000890: 17.383    (Y': 18.2545   Cb: 16.0919   Cr: 15.9807 )
00000891: 17.4073   (Y': 18.2784   Cb: 16.1037   Cr: 16.0183 )
00000892: 17.3918   (Y': 18.2753   Cb: 16.1067   Cr: 15.9557 )
00000893: 17.4037   (Y': 18.2699   Cb: 16.1519   Cr: 15.976  )
00000894: 17.4052   (Y': 18.2848   Cb: 16.1399   Cr: 15.9591 )
00000895: 17.4022   (Y': 18.2355   Cb: 16.2092   Cr: 15.9965 )
00000896: 17.4031   (Y': 18.2665   Cb: 16.1256   Cr: 16.0068 )
00000897: 17.4076   (Y': 18.2428   Cb: 16.1977   Cr: 16.0132 )
00000898: 17.3953   (Y': 18.2606   Cb: 16.1381   Cr: 15.9751 )
00000900: 17.4279   (Y': 18.2974   Cb: 16.1607   Cr: 16.0073 )
00000899: 17.4098   (Y': 18.2818   Cb: 16.1324   Cr: 15.9932 )
00000901: 17.447    (Y': 18.3072   Cb: 16.2196   Cr: 16.01   )
00000902: 17.4512   (Y': 18.3073   Cb: 16.2053   Cr: 16.0419 )
00000903: 17.4407   (Y': 18.3157   Cb: 16.1462   Cr: 16.0336 )
00000904: 17.4618   (Y': 18.3136   Cb: 16.2      Cr: 16.0782 )
00000905: 17.4433   (Y': 18.3238   Cb: 16.1749   Cr: 15.9979 )
00000906: 17.4694   (Y': 18.3586   Cb: 16.1659   Cr: 16.0376 )
00000908: 17.518    (Y': 18.4168   Cb: 16.2298   Cr: 16.0491 )
00000907: 17.5063   (Y': 18.3938   Cb: 16.2276   Cr: 16.0543 )
00000909: 17.5392   (Y': 18.4667   Cb: 16.1902   Cr: 16.0627 )
00000910: 17.5277   (Y': 18.4321   Cb: 16.1942   Cr: 16.0893 )
00000911: 17.5476   (Y': 18.4619   Cb: 16.201    Cr: 16.0993 )
00000912: 17.5463   (Y': 18.4923   Cb: 16.1942   Cr: 16.0306 )
00000913: 17.5387   (Y': 18.4653   Cb: 16.1748   Cr: 16.0788 )
00000914: 17.6568   (Y': 18.4538   Cb: 16.4749   Cr: 16.3281 )
00000915: 17.6519   (Y': 18.4342   Cb: 16.5077   Cr: 16.3233 )
00000916: 17.6412   (Y': 18.4223   Cb: 16.5501   Cr: 16.2651 )
00000917: 17.6471   (Y': 18.6695   Cb: 16.1578   Cr: 16.0938 )
00000918: 17.6124   (Y': 18.6062   Cb: 16.1792   Cr: 16.0676 )
00000919: 17.3734   (Y': 18.46     Cb: 15.7302   Cr: 15.8336 )
00000920: 17.2624   (Y': 18.3579   Cb: 15.6261   Cr: 15.6963 )
00000921: 17.2201   (Y': 18.3083   Cb: 15.5558   Cr: 15.6986 )
00000922: 17.2576   (Y': 18.4313   Cb: 15.5134   Cr: 15.635  )
00000923: 17.2444   (Y': 18.3877   Cb: 15.4399   Cr: 15.7499 )
00000924: 17.2575   (Y': 18.4008   Cb: 15.4704   Cr: 15.7445 )
00000925: 17.2419   (Y': 18.3856   Cb: 15.4773   Cr: 15.7043 )
00000926: 17.2103   (Y': 18.3736   Cb: 15.3979   Cr: 15.6813 )
00000927: 17.2062   (Y': 18.3526   Cb: 15.4295   Cr: 15.6756 )
00000928: 17.1847   (Y': 18.3363   Cb: 15.3696   Cr: 15.6838 )
00000929: 17.1747   (Y': 18.3025   Cb: 15.3976   Cr: 15.6849 )
00000930: 17.1752   (Y': 18.3205   Cb: 15.3835   Cr: 15.663  )
00000931: 17.1708   (Y': 18.3257   Cb: 15.3975   Cr: 15.6182 )
00000932: 17.2018   (Y': 18.3609   Cb: 15.3945   Cr: 15.6763 )
00000933: 17.2394   (Y': 18.3624   Cb: 15.4885   Cr: 15.732  )
00000934: 17.2721   (Y': 18.3533   Cb: 15.463    Cr: 15.9213 )
00000935: 17.2441   (Y': 18.3119   Cb: 15.4492   Cr: 15.9084 )
00000936: 17.2576   (Y': 18.3218   Cb: 15.4657   Cr: 15.9267 )
00000937: 17.251    (Y': 18.3066   Cb: 15.4905   Cr: 15.9051 )
00000938: 17.2555   (Y': 18.3065   Cb: 15.5274   Cr: 15.8847 )
00000939: 17.256    (Y': 18.3169   Cb: 15.5393   Cr: 15.8504 )
00000940: 17.2555   (Y': 18.3036   Cb: 15.5284   Cr: 15.8907 )
00000941: 17.2671   (Y': 18.3067   Cb: 15.5348   Cr: 15.9272 )
00000942: 17.2581   (Y': 18.3167   Cb: 15.5112   Cr: 15.8905 )
00000943: 17.2422   (Y': 18.2894   Cb: 15.4395   Cr: 15.963  )
00000944: 17.2568   (Y': 18.3258   Cb: 15.4965   Cr: 15.88   )
00000945: 17.2677   (Y': 18.3297   Cb: 15.4948   Cr: 15.9211 )
00000946: 17.2434   (Y': 18.2908   Cb: 15.488    Cr: 15.9109 )
00000947: 17.2585   (Y': 18.3269   Cb: 15.464    Cr: 15.9209 )
00000948: 17.273    (Y': 18.3425   Cb: 15.4686   Cr: 15.9441 )
00000950: 17.2385   (Y': 18.3114   Cb: 15.472    Cr: 15.8599 )
00000949: 17.2608   (Y': 18.3504   Cb: 15.4701   Cr: 15.8707 )
00000951: 17.2514   (Y': 18.2988   Cb: 15.4851   Cr: 15.931  )
00000952: 17.2462   (Y': 18.3119   Cb: 15.4457   Cr: 15.9215 )
00000953: 17.24     (Y': 18.3195   Cb: 15.4632   Cr: 15.8575 )
00000954: 17.2695   (Y': 18.3416   Cb: 15.5214   Cr: 15.8726 )
00000955: 17.2495   (Y': 18.3297   Cb: 15.4445   Cr: 15.8965 )
00000956: 17.2485   (Y': 18.3435   Cb: 15.4408   Cr: 15.8649 )
00000957: 17.2376   (Y': 18.3077   Cb: 15.4982   Cr: 15.8359 )
00000958: 17.2621   (Y': 18.323    Cb: 15.4665   Cr: 15.9432 )
00000959: 17.2547   (Y': 18.3276   Cb: 15.4514   Cr: 15.9166 )
00000960: 17.2385   (Y': 18.3036   Cb: 15.4561   Cr: 15.895  )
00000961: 17.2429   (Y': 18.3219   Cb: 15.4183   Cr: 15.9144 )
00000962: 17.2609   (Y': 18.3344   Cb: 15.485    Cr: 15.891  )
00000963: 17.2537   (Y': 18.3321   Cb: 15.4362   Cr: 15.9188 )
00000965: 17.2845   (Y': 18.3491   Cb: 15.5118   Cr: 15.9316 )
00000964: 17.2745   (Y': 18.3398   Cb: 15.4898   Cr: 15.9329 )
00000966: 17.2404   (Y': 18.3089   Cb: 15.4594   Cr: 15.8878 )
00000967: 17.2813   (Y': 18.3594   Cb: 15.4772   Cr: 15.9321 )
00000968: 17.2324   (Y': 18.3067   Cb: 15.447    Cr: 15.871  )
00000969: 17.2611   (Y': 18.3411   Cb: 15.4316   Cr: 15.9359 )
00000970: 17.2495   (Y': 18.3408   Cb: 15.4556   Cr: 15.8589 )
00000971: 17.269    (Y': 18.3347   Cb: 15.5238   Cr: 15.8834 )
00000972: 17.2665   (Y': 18.3499   Cb: 15.4964   Cr: 15.8677 )
00000973: 17.2748   (Y': 18.339    Cb: 15.493    Cr: 15.9331 )
00000974: 17.3034   (Y': 18.3808   Cb: 15.5201   Cr: 15.9331 )
00000975: 17.284    (Y': 18.3565   Cb: 15.5049   Cr: 15.92   )
00000976: 17.3052   (Y': 18.383    Cb: 15.5      Cr: 15.9581 )
00000977: 17.3169   (Y': 18.399    Cb: 15.557    Cr: 15.91   )
00000978: 17.3292   (Y': 18.4445   Cb: 15.5155   Cr: 15.9067 )
00000979: 17.3089   (Y': 18.429    Cb: 15.4546   Cr: 15.9204 )
00000980: 17.3419   (Y': 18.4426   Cb: 15.5223   Cr: 15.9585 )
00000981: 17.3178   (Y': 18.4569   Cb: 15.4573   Cr: 15.8939 )
00000982: 17.3392   (Y': 18.4786   Cb: 15.483    Cr: 15.9097 )
00000983: 17.3366   (Y': 18.4763   Cb: 15.4652   Cr: 15.9234 )
00000984: 17.3525   (Y': 18.498    Cb: 15.4739   Cr: 15.9344 )
00000985: 17.3668   (Y': 18.5239   Cb: 15.4834   Cr: 15.9282 )
00000986: 17.3762   (Y': 18.5181   Cb: 15.5013   Cr: 15.9619 )
00000987: 17.3604   (Y': 18.511    Cb: 15.473    Cr: 15.9407 )
00000988: 17.3543   (Y': 18.5366   Cb: 15.4783   Cr: 15.8529 )
00000990: 17.3843   (Y': 18.5315   Cb: 15.5449   Cr: 15.9194 )
00000989: 17.3667   (Y': 18.5197   Cb: 15.5043   Cr: 15.914  )
00000991: 17.376    (Y': 18.5344   Cb: 15.5578   Cr: 15.8635 )
00000992: 17.3707   (Y': 18.5256   Cb: 15.4843   Cr: 15.9403 )
00000993: 17.3559   (Y': 18.498    Cb: 15.5037   Cr: 15.9162 )
00000994: 17.3839   (Y': 18.5237   Cb: 15.5447   Cr: 15.9347 )
00000995: 17.3629   (Y': 18.5221   Cb: 15.5043   Cr: 15.8926 )
00000996: 17.3619   (Y': 18.5291   Cb: 15.4665   Cr: 15.9146 )
00000997: 17.371    (Y': 18.5329   Cb: 15.5277   Cr: 15.8783 )
00000998: 17.4058   (Y': 18.5419   Cb: 15.5906   Cr: 15.9388 )
00000999: 17.3402   (Y': 18.5068   Cb: 15.481    Cr: 15.8543 )
00001000: 17.3751   (Y': 18.5289   Cb: 15.5113   Cr: 15.9222 )
00001001: 17.4468   (Y': 18.5235   Cb: 15.7175   Cr: 16.0191 )
00001002: 17.4512   (Y': 18.547    Cb: 15.6785   Cr: 16.0273 )
00001003: 17.5084   (Y': 18.6351   Cb: 15.778    Cr: 15.9716 )
00001004: 17.5829   (Y': 18.6438   Cb: 15.9318   Cr: 16.1081 )
00001006: 17.591    (Y': 18.7533   Cb: 15.9272   Cr: 15.9108 )
00001005: 17.507    (Y': 18.6512   Cb: 15.8669   Cr: 15.841  )
00001007: 17.2877   (Y': 18.1827   Cb: 15.9403   Cr: 15.8851 )
00001008: 17.26     (Y': 18.1635   Cb: 15.8965   Cr: 15.8536 )
00001009: 17.2563   (Y': 18.1585   Cb: 15.9109   Cr: 15.8351 )
00001010: 17.2615   (Y': 18.1761   Cb: 15.9177   Cr: 15.8096 )
00001011: 17.2727   (Y': 18.2061   Cb: 15.8823   Cr: 15.823  )
00001012: 17.3015   (Y': 18.235    Cb: 15.9224   Cr: 15.8408 )
00001014: 17.2893   (Y': 18.2399   Cb: 15.8414   Cr: 15.8568 )
00001013: 17.3148   (Y': 18.2258   Cb: 15.9826   Cr: 15.8602 )
00001015: 17.2735   (Y': 18.2365   Cb: 15.8323   Cr: 15.8062 )
00001016: 17.2812   (Y': 18.256    Cb: 15.8633   Cr: 15.7641 )
00001017: 17.2634   (Y': 18.214    Cb: 15.8292   Cr: 15.8177 )
00001018: 17.253    (Y': 18.2059   Cb: 15.8391   Cr: 15.7817 )
00001019: 17.2386   (Y': 18.2113   Cb: 15.7743   Cr: 15.772  )
00001020: 17.2319   (Y': 18.2182   Cb: 15.8141   Cr: 15.6889 )
00001021: 17.2497   (Y': 18.2146   Cb: 15.8464   Cr: 15.7409 )
00001022: 17.2692   (Y': 18.2226   Cb: 15.8765   Cr: 15.7758 )
00001023: 17.2572   (Y': 18.2162   Cb: 15.8802   Cr: 15.736  )
00001024: 17.2518   (Y': 18.2098   Cb: 15.8497   Cr: 15.7572 )
00001025: 17.2407   (Y': 18.2091   Cb: 15.8315   Cr: 15.7295 )
00001026: 17.233    (Y': 18.1724   Cb: 15.8648   Cr: 15.7479 )
00001027: 17.255    (Y': 18.205    Cb: 15.8561   Cr: 15.7759 )
00001028: 17.2541   (Y': 18.181    Cb: 15.884    Cr: 15.7996 )
00001029: 17.2578   (Y': 18.2073   Cb: 15.8244   Cr: 15.8134 )
00001030: 17.2604   (Y': 18.1937   Cb: 15.8924   Cr: 15.789  )
00001031: 17.2598   (Y': 18.208    Cb: 15.8354   Cr: 15.8099 )
00001032: 17.2496   (Y': 18.1981   Cb: 15.8277   Cr: 15.7965 )
00001033: 17.2659   (Y': 18.2203   Cb: 15.8678   Cr: 15.7755 )
00001034: 17.2639   (Y': 18.2267   Cb: 15.8481   Cr: 15.7717 )
00001035: 17.2599   (Y': 18.2156   Cb: 15.8564   Cr: 15.7719 )
00001036: 17.2999   (Y': 18.2392   Cb: 15.892    Cr: 15.8539 )
00001037: 17.3057   (Y': 18.2588   Cb: 15.8926   Cr: 15.8331 )
00001038: 17.3271   (Y': 18.2626   Cb: 15.911    Cr: 15.8982 )
00001039: 17.2986   (Y': 18.2963   Cb: 15.8009   Cr: 15.8088 )
00001040: 17.3559   (Y': 18.2857   Cb: 15.9553   Cr: 15.9247 )
00001041: 17.3481   (Y': 18.2766   Cb: 15.9577   Cr: 15.91   )
00001042: 17.3252   (Y': 18.2493   Cb: 15.9373   Cr: 15.8945 )
00001043: 17.2891   (Y': 18.2151   Cb: 15.8917   Cr: 15.8637 )
Total: 17.4699   (Y': 18.5326   Cb: 15.7915   Cr: 16.0197 )
