00000007: 13.5065   (Y': 13.3103   Cb: 13.022    Cr: 15.0733 )
00000000: 31.7036   (Y': 40.8341   Cb: 27.3013   Cr: 27.3013 )
00000001: 13.3079   (Y': 13.02     Cb: 13.0971   Cr: 15.0075 )
00000003: 13.2314   (Y': 12.9443   Cb: 13.0081   Cr: 14.9461 )
00000005: 13.38     (Y': 13.1373   Cb: 13.0706   Cr: 14.9527 )
00000002: 13.1921   (Y': 12.9004   Cb: 12.981    Cr: 14.9165 )
00000004: 13.3157   (Y': 13.0701   Cb: 13.0157   Cr: 14.8908 )
00000006: 13.4403   (Y': 13.209    Cb: 13.0679   Cr: 15.0414 )
00000009: 13.5175   (Y': 13.2896   Cb: 13.1245   Cr: 15.1306 )
00000008: 13.505    (Y': 13.2615   Cb: 13.168    Cr: 15.1256 )
00000010: 13.4575   (Y': 13.2041   Cb: 13.1428   Cr: 15.104  )
00000011: 13.4563   (Y': 13.1968   Cb: 13.1168   Cr: 15.1795 )
00000012: 13.3903   (Y': 13.1311   Cb: 13.0397   Cr: 15.13   )
00000013: 13.3804   (Y': 13.1079   Cb: 13.0958   Cr: 15.0986 )
00000014: 13.2882   (Y': 12.9821   Cb: 13.0415   Cr: 15.1631 )
00000015: 13.1535   (Y': 12.7897   Cb: 13.1044   Cr: 15.0976 )
00000016: 13.0397   (Y': 12.6367   Cb: 13.0504   Cr: 15.1614 )
00000017: 12.848    (Y': 12.4054   Cb: 12.9762   Cr: 15.067  )
00000018: 12.9164   (Y': 12.4985   Cb: 12.98     Cr: 15.0598 )
00000019: 13.1304   (Y': 12.7663   Cb: 13.0355   Cr: 15.1499 )
00000022: 13.3357   (Y': 13.0435   Cb: 13.0762   Cr: 15.1401 )
00000020: 13.1938   (Y': 12.8389   Cb: 13.1112   Cr: 15.1306 )
00000021: 13.2676   (Y': 12.9302   Cb: 13.0614   Cr: 15.2863 )
00000023: 13.2343   (Y': 12.9095   Cb: 13.0784   Cr: 15.0868 )
00000024: 13.0183   (Y': 12.6231   Cb: 13.0179   Cr: 15.1031 )
00000025: 13.0204   (Y': 12.6342   Cb: 12.9628   Cr: 15.1347 )
00000026: 13.0508   (Y': 12.6723   Cb: 12.9742   Cr: 15.1417 )
00000027: 13.0168   (Y': 12.6315   Cb: 12.9693   Cr: 15.1074 )
00000028: 12.9422   (Y': 12.5287   Cb: 12.9896   Cr: 15.0799 )
00000029: 12.8421   (Y': 12.407    Cb: 12.8739   Cr: 15.1648 )
00000030: 12.9754   (Y': 12.5762   Cb: 12.9452   Cr: 15.1366 )
00000031: 13.0072   (Y': 12.6426   Cb: 12.9168   Cr: 15.0229 )
00000032: 13.1137   (Y': 12.7523   Cb: 13.0033   Cr: 15.1403 )
00000034: 13.2355   (Y': 12.9152   Cb: 13.0487   Cr: 15.1068 )
00000033: 13.0584   (Y': 12.6782   Cb: 13.0709   Cr: 15.017  )
00000036: 13.4845   (Y': 13.2404   Cb: 13.1383   Cr: 15.1224 )
00000035: 13.4115   (Y': 13.113    Cb: 13.1648   Cr: 15.2358 )
00000038: 13.5058   (Y': 13.2809   Cb: 13.1254   Cr: 15.0806 )
00000037: 13.5702   (Y': 13.3405   Cb: 13.1702   Cr: 15.2049 )
00000039: 13.5936   (Y': 13.4094   Cb: 13.1076   Cr: 15.0913 )
00000041: 13.5819   (Y': 13.4147   Cb: 13.1358   Cr: 14.9207 )
00000040: 13.5643   (Y': 13.3743   Cb: 13.1163   Cr: 15.0364 )
00000042: 13.522    (Y': 13.3333   Cb: 13.0727   Cr: 14.9895 )
00000043: 13.4266   (Y': 13.208    Cb: 13.0248   Cr: 14.997  )
00000045: 13.2453   (Y': 12.9756   Cb: 12.9563   Cr: 14.9523 )
00000044: 13.3701   (Y': 13.1403   Cb: 12.9988   Cr: 14.9603 )
00000046: 13.1914   (Y': 12.9087   Cb: 12.9563   Cr: 14.8958 )
00000047: 13.3181   (Y': 13.0933   Cb: 12.9195   Cr: 14.9213 )
00000048: 13.3694   (Y': 13.1532   Cb: 12.981    Cr: 14.9046 )
00000049: 13.3058   (Y': 13.0386   Cb: 13.0226   Cr: 14.9888 )
00000050: 13.2671   (Y': 12.9862   Cb: 13.0118   Cr: 14.9925 )
00000051: 13.2235   (Y': 12.9412   Cb: 12.9635   Cr: 14.9652 )
00000052: 13.2533   (Y': 12.9732   Cb: 13.0167   Cr: 14.9437 )
00000053: 13.3384   (Y': 13.0789   Cb: 13.0217   Cr: 15.0253 )
00000054: 13.4289   (Y': 13.2112   Cb: 13.0764   Cr: 14.9173 )
00000055: 13.4542   (Y': 13.2343   Cb: 13.0588   Cr: 15.0223 )
00000056: 13.4569   (Y': 13.2489   Cb: 13.0414   Cr: 14.985  )
00000058: 13.4483   (Y': 13.216    Cb: 13.0889   Cr: 15.0347 )
00000057: 13.4897   (Y': 13.2856   Cb: 13.0912   Cr: 14.9683 )
00000059: 13.4376   (Y': 13.1965   Cb: 13.1201   Cr: 15.0125 )
00000060: 13.3968   (Y': 13.1588   Cb: 13.0011   Cr: 15.076  )
00000061: 13.3568   (Y': 13.0879   Cb: 13.0823   Cr: 15.0364 )
00000062: 13.363    (Y': 13.1143   Cb: 13.0355   Cr: 15.0004 )
00000063: 13.392    (Y': 13.1776   Cb: 12.9932   Cr: 14.9326 )
00000064: 13.4627   (Y': 13.2397   Cb: 13.0932   Cr: 15.0091 )
00000065: 13.4603   (Y': 13.2286   Cb: 13.105    Cr: 15.0373 )
00000066: 13.4087   (Y': 13.1702   Cb: 13.0897   Cr: 14.9699 )
00000067: 13.3386   (Y': 13.0939   Cb: 13.0251   Cr: 14.9296 )
00000068: 13.3426   (Y': 13.0916   Cb: 13.047    Cr: 14.9437 )
00000071: 13.279    (Y': 13.0132   Cb: 13.0121   Cr: 14.9275 )
00000069: 13.249    (Y': 12.968    Cb: 13.03     Cr: 14.9177 )
00000070: 13.243    (Y': 12.9653   Cb: 12.9578   Cr: 14.9951 )
00000073: 13.2569   (Y': 12.9943   Cb: 12.9632   Cr: 14.9271 )
00000072: 13.261    (Y': 12.9897   Cb: 13.0135   Cr: 14.9137 )
00000074: 13.2143   (Y': 12.9154   Cb: 12.9942   Cr: 14.9988 )
00000076: 13.1773   (Y': 12.8759   Cb: 12.947    Cr: 14.9944 )
00000075: 13.2214   (Y': 12.9406   Cb: 12.9971   Cr: 14.8979 )
00000077: 13.1762   (Y': 12.8982   Cb: 12.9326   Cr: 14.8652 )
00000078: 13.2217   (Y': 12.9453   Cb: 12.9412   Cr: 14.9578 )
00000079: 13.2107   (Y': 12.9468   Cb: 12.9104   Cr: 14.8998 )
00000080: 13.1982   (Y': 12.9355   Cb: 12.9188   Cr: 14.8469 )
00000082: 13.1798   (Y': 12.8985   Cb: 12.8986   Cr: 14.9484 )
00000081: 13.2391   (Y': 12.9702   Cb: 12.9494   Cr: 14.9429 )
00000084: 13.2003   (Y': 12.9049   Cb: 12.9581   Cr: 14.9968 )
00000083: 13.2472   (Y': 12.9917   Cb: 12.9411   Cr: 14.8926 )
00000085: 13.1503   (Y': 12.8666   Cb: 12.9244   Cr: 14.8471 )
00000086: 13.191    (Y': 12.921    Cb: 12.9119   Cr: 14.8849 )
00000087: 13.1935   (Y': 12.9105   Cb: 12.9306   Cr: 14.9438 )
00000088: 13.1755   (Y': 12.8958   Cb: 12.9104   Cr: 14.9079 )
00000090: 13.1843   (Y': 12.9162   Cb: 12.8743   Cr: 14.9151 )
00000089: 13.1641   (Y': 12.8868   Cb: 12.9164   Cr: 14.8541 )
00000091: 13.1464   (Y': 12.8483   Cb: 12.9285   Cr: 14.9224 )
00000092: 13.2276   (Y': 12.956    Cb: 12.9454   Cr: 14.9365 )
00000093: 13.2339   (Y': 12.9659   Cb: 12.954    Cr: 14.9161 )
00000094: 13.1991   (Y': 12.9242   Cb: 12.9205   Cr: 14.9226 )
00000095: 13.2039   (Y': 12.9204   Cb: 12.9434   Cr: 14.9539 )
00000097: 13.2388   (Y': 12.9617   Cb: 12.9684   Cr: 14.964  )
00000096: 13.2077   (Y': 12.9428   Cb: 12.9255   Cr: 14.8747 )
00000098: 13.2153   (Y': 12.9222   Cb: 12.9879   Cr: 14.9736 )
00000099: 13.2178   (Y': 12.9376   Cb: 12.9563   Cr: 14.9477 )
00000100: 13.2536   (Y': 12.9681   Cb: 12.9794   Cr: 15.0384 )
00000101: 13.241    (Y': 12.967    Cb: 12.9866   Cr: 14.9209 )
00000102: 13.2412   (Y': 12.9649   Cb: 12.9731   Cr: 14.9569 )
00000103: 13.1985   (Y': 12.9371   Cb: 12.9006   Cr: 14.8681 )
00000104: 13.1955   (Y': 12.9208   Cb: 12.9379   Cr: 14.8849 )
00000105: 13.2164   (Y': 12.9435   Cb: 12.94     Cr: 14.9239 )
00000106: 13.2097   (Y': 12.938    Cb: 12.9449   Cr: 14.8918 )
00000107: 13.2225   (Y': 12.948    Cb: 12.9568   Cr: 14.9234 )
00000108: 13.2553   (Y': 13.0097   Cb: 12.958    Cr: 14.8267 )
00000109: 13.2168   (Y': 12.9471   Cb: 12.9143   Cr: 14.9461 )
00000110: 13.23     (Y': 12.9497   Cb: 12.9459   Cr: 14.9975 )
00000111: 13.2163   (Y': 12.9339   Cb: 12.9591   Cr: 14.954  )
00000112: 13.2142   (Y': 12.9469   Cb: 12.8774   Cr: 14.9835 )
00000113: 13.2404   (Y': 12.9819   Cb: 12.9281   Cr: 14.914  )
00000114: 13.2081   (Y': 12.9146   Cb: 12.99     Cr: 14.9548 )
00000115: 13.2366   (Y': 12.9734   Cb: 12.95     Cr: 14.899  )
00000116: 13.2361   (Y': 12.9797   Cb: 12.9593   Cr: 14.842  )
00000117: 13.3909   (Y': 13.1451   Cb: 13.0563   Cr: 15.0214 )
00000119: 13.2322   (Y': 12.9472   Cb: 13.0227   Cr: 14.9114 )
00000118: 13.3458   (Y': 13.1001   Cb: 13.0077   Cr: 14.9815 )
00000120: 13.2377   (Y': 12.9615   Cb: 12.9979   Cr: 14.9082 )
00000121: 13.3367   (Y': 13.0849   Cb: 12.9653   Cr: 15.0635 )
00000122: 13.3676   (Y': 13.1331   Cb: 13.0503   Cr: 14.9019 )
00000123: 13.4131   (Y': 13.2017   Cb: 13.022    Cr: 14.9234 )
00000124: 13.4015   (Y': 13.1833   Cb: 13.0254   Cr: 14.9292 )
00000125: 13.3404   (Y': 13.1016   Cb: 13.004    Cr: 14.9311 )
00000126: 13.2595   (Y': 13.0015   Cb: 12.9727   Cr: 14.8908 )
00000127: 13.2328   (Y': 12.9685   Cb: 12.9207   Cr: 14.9434 )
00000128: 13.1756   (Y': 12.8845   Cb: 12.9291   Cr: 14.9522 )
00000129: 13.1642   (Y': 12.8797   Cb: 12.9185   Cr: 14.8967 )
00000130: 13.1987   (Y': 12.9333   Cb: 12.9204   Cr: 14.8623 )
00000131: 13.1952   (Y': 12.9167   Cb: 12.9304   Cr: 14.9206 )
00000132: 14.0523   (Y': 13.9622   Cb: 13.4012   Cr: 15.2766 )
00000134: 14.5825   (Y': 14.5116   Cb: 13.8227   Cr: 15.8725 )
00000133: 14.5962   (Y': 14.5198   Cb: 13.8151   Cr: 15.9512 )
00000135: 14.1038   (Y': 14.0292   Cb: 13.4024   Cr: 15.3218 )
00000136: 13.8541   (Y': 13.6998   Cb: 13.3204   Cr: 15.2538 )
00000137: 13.6648   (Y': 13.4682   Cb: 13.227    Cr: 15.1599 )
00000138: 13.4162   (Y': 13.2092   Cb: 13.0274   Cr: 14.8967 )
00000139: 13.375    (Y': 13.161    Cb: 12.9759   Cr: 14.9133 )
00000140: 13.4296   (Y': 13.2466   Cb: 12.9824   Cr: 14.8594 )
00000141: 13.3123   (Y': 13.0868   Cb: 12.9255   Cr: 14.9008 )
00000143: 13.2865   (Y': 13.0549   Cb: 12.9128   Cr: 14.8915 )
00000142: 13.2454   (Y': 12.9933   Cb: 12.9535   Cr: 14.8479 )
00000144: 13.3187   (Y': 13.0817   Cb: 12.9505   Cr: 14.948  )
00000145: 13.3065   (Y': 13.0551   Cb: 12.9796   Cr: 14.959  )
00000146: 13.3429   (Y': 13.1217   Cb: 12.9251   Cr: 14.9546 )
00000147: 13.4135   (Y': 13.2184   Cb: 13.0068   Cr: 14.8519 )
00000148: 13.3701   (Y': 13.1716   Cb: 12.953    Cr: 14.8449 )
00000149: 13.42     (Y': 13.2236   Cb: 13.031    Cr: 14.8394 )
00000150: 13.382    (Y': 13.1777   Cb: 12.9809   Cr: 14.8662 )
00000151: 13.3409   (Y': 13.117    Cb: 12.9766   Cr: 14.8846 )
00000152: 13.3682   (Y': 13.1687   Cb: 12.9515   Cr: 14.848  )
00000153: 13.3974   (Y': 13.1784   Cb: 13.0142   Cr: 14.9405 )
00000154: 13.3732   (Y': 13.1463   Cb: 13.0593   Cr: 14.8575 )
00000155: 13.2984   (Y': 13.0531   Cb: 12.9632   Cr: 14.9261 )
00000156: 13.2651   (Y': 13.0252   Cb: 12.9947   Cr: 14.7614 )
00000157: 13.2501   (Y': 12.9905   Cb: 12.968    Cr: 14.8842 )
00000158: 13.1867   (Y': 12.8925   Cb: 12.9578   Cr: 14.9549 )
00000159: 13.1918   (Y': 12.9378   Cb: 12.9055   Cr: 14.7975 )
00000160: 13.1715   (Y': 12.889    Cb: 12.9682   Cr: 14.8261 )
00000161: 13.1613   (Y': 12.8652   Cb: 12.9632   Cr: 14.8931 )
00000162: 13.2336   (Y': 12.9814   Cb: 12.9013   Cr: 14.9008 )
00000163: 13.2612   (Y': 13.0003   Cb: 12.9905   Cr: 14.8851 )
00000164: 13.3355   (Y': 13.0933   Cb: 13.0454   Cr: 14.8749 )
00000165: 13.351    (Y': 13.131    Cb: 12.9948   Cr: 14.8587 )
00000167: 13.2348   (Y': 12.9716   Cb: 12.9364   Cr: 14.916  )
00000166: 13.3526   (Y': 13.1446   Cb: 12.9919   Cr: 14.7965 )
00000168: 13.365    (Y': 13.1343   Cb: 13.0227   Cr: 14.9154 )
00000169: 13.4334   (Y': 13.2303   Cb: 13.0422   Cr: 14.8952 )
00000170: 13.4574   (Y': 13.2546   Cb: 13.0401   Cr: 14.9577 )
00000171: 13.4666   (Y': 13.2899   Cb: 13.0361   Cr: 14.8349 )
00000172: 13.4578   (Y': 13.2632   Cb: 13.0119   Cr: 14.9543 )
00000173: 13.4139   (Y': 13.2362   Cb: 12.9512   Cr: 14.8378 )
00000174: 13.3377   (Y': 13.1267   Cb: 12.9844   Cr: 14.788  )
00000175: 13.3515   (Y': 13.112    Cb: 13.0023   Cr: 14.9667 )
00000176: 13.316    (Y': 13.0786   Cb: 12.968    Cr: 14.9163 )
00000177: 13.2861   (Y': 13.0306   Cb: 12.9778   Cr: 14.9349 )
00000178: 13.246    (Y': 12.978    Cb: 12.9604   Cr: 14.9372 )
00000179: 13.2139   (Y': 12.9372   Cb: 12.9721   Cr: 14.8919 )
00000180: 13.1545   (Y': 12.8786   Cb: 12.884    Cr: 14.8721 )
00000181: 13.168    (Y': 12.8879   Cb: 12.8936   Cr: 14.918  )
00000182: 13.168    (Y': 12.8986   Cb: 12.9301   Cr: 14.7944 )
00000183: 13.1548   (Y': 12.8878   Cb: 12.8823   Cr: 14.8187 )
00000184: 13.2409   (Y': 12.9956   Cb: 12.9185   Cr: 14.8493 )
00000185: 13.2221   (Y': 12.9571   Cb: 12.9316   Cr: 14.9027 )
00000186: 13.2601   (Y': 13.0188   Cb: 12.9584   Cr: 14.8119 )
00000187: 13.2675   (Y': 13.0248   Cb: 12.9053   Cr: 14.9222 )
00000188: 13.2468   (Y': 13.0049   Cb: 12.9725   Cr: 14.7606 )
00000189: 13.1522   (Y': 12.8808   Cb: 12.938    Cr: 14.7543 )
00000190: 13.2178   (Y': 12.9446   Cb: 12.9542   Cr: 14.9073 )
00000191: 13.1714   (Y': 12.9006   Cb: 12.8883   Cr: 14.8767 )
00000192: 13.2162   (Y': 12.95     Cb: 12.9325   Cr: 14.8935 )
00000193: 13.2252   (Y': 12.9622   Cb: 12.9107   Cr: 14.9308 )
00000194: 13.2011   (Y': 12.9388   Cb: 12.9094   Cr: 14.8667 )
00000195: 13.1261   (Y': 12.8325   Cb: 12.9162   Cr: 14.8602 )
00000196: 13.1059   (Y': 12.8356   Cb: 12.8024   Cr: 14.8401 )
00000197: 13.1661   (Y': 12.8925   Cb: 12.8951   Cr: 14.8696 )
00000198: 13.1275   (Y': 12.834    Cb: 12.878    Cr: 14.9245 )
00000199: 13.1164   (Y': 12.831    Cb: 12.892    Cr: 14.821  )
00000200: 13.1959   (Y': 12.9303   Cb: 12.9225   Cr: 14.8534 )
00000201: 13.2195   (Y': 12.9594   Cb: 12.9128   Cr: 14.8946 )
00000202: 13.1643   (Y': 12.9013   Cb: 12.8718   Cr: 14.8356 )
00000204: 13.1867   (Y': 12.9298   Cb: 12.8659   Cr: 14.8647 )
00000203: 13.1817   (Y': 12.8954   Cb: 12.9451   Cr: 14.9117 )
00000205: 13.1621   (Y': 12.8699   Cb: 12.9541   Cr: 14.8851 )
00000206: 13.2004   (Y': 12.9455   Cb: 12.8589   Cr: 14.8982 )
00000207: 13.1883   (Y': 12.9195   Cb: 12.9348   Cr: 14.8348 )
00000208: 13.1627   (Y': 12.8777   Cb: 12.9328   Cr: 14.8735 )
00000209: 13.1973   (Y': 12.929    Cb: 12.9436   Cr: 14.8409 )
00000210: 13.187    (Y': 12.9186   Cb: 12.9076   Cr: 14.8715 )
00000212: 13.136    (Y': 12.8641   Cb: 12.8627   Cr: 14.8327 )
00000211: 13.1743   (Y': 12.8937   Cb: 12.9357   Cr: 14.8715 )
00000213: 13.1819   (Y': 12.9208   Cb: 12.8924   Cr: 14.8366 )
00000214: 13.1592   (Y': 12.8647   Cb: 12.9602   Cr: 14.8825 )
00000215: 13.1576   (Y': 12.8675   Cb: 12.9103   Cr: 14.9285 )
00000216: 13.1542   (Y': 12.8595   Cb: 12.9155   Cr: 14.9419 )
00000217: 13.1504   (Y': 12.8503   Cb: 12.9571   Cr: 14.9008 )
00000218: 13.1576   (Y': 12.8498   Cb: 12.9392   Cr: 14.9972 )
00000219: 13.1753   (Y': 12.8952   Cb: 12.9517   Cr: 14.8461 )
00000220: 13.1759   (Y': 12.8845   Cb: 12.9481   Cr: 14.9241 )
00000221: 13.1657   (Y': 12.8833   Cb: 12.9222   Cr: 14.8815 )
00000222: 13.1837   (Y': 12.8866   Cb: 12.9673   Cr: 14.9511 )
00000223: 13.2154   (Y': 12.9726   Cb: 12.9246   Cr: 14.7597 )
00000224: 13.2176   (Y': 12.9475   Cb: 12.9448   Cr: 14.9023 )
00000225: 13.1538   (Y': 12.872    Cb: 12.9053   Cr: 14.8743 )
00000226: 13.1946   (Y': 12.9193   Cb: 12.9141   Cr: 14.924  )
00000227: 13.1164   (Y': 12.8219   Cb: 12.9196   Cr: 14.8366 )
00000228: 13.1811   (Y': 12.9014   Cb: 12.9301   Cr: 14.8921 )
00000229: 13.2082   (Y': 12.9358   Cb: 12.9247   Cr: 14.924  )
00000230: 13.1508   (Y': 12.8626   Cb: 12.9473   Cr: 14.8412 )
00000231: 13.224    (Y': 12.9508   Cb: 12.9279   Cr: 14.9646 )
00000232: 13.2186   (Y': 12.9622   Cb: 12.8672   Cr: 14.9416 )
00000233: 13.1699   (Y': 12.8872   Cb: 12.9009   Cr: 14.9284 )
00000234: 13.1684   (Y': 12.8916   Cb: 12.9477   Cr: 14.8136 )
00000236: 13.1759   (Y': 12.9092   Cb: 12.9074   Cr: 14.8324 )
00000235: 13.194    (Y': 12.9279   Cb: 12.8899   Cr: 14.9024 )
00000237: 13.1773   (Y': 12.8961   Cb: 12.9254   Cr: 14.8991 )
00000238: 13.2132   (Y': 12.938    Cb: 12.9442   Cr: 14.9238 )
00000239: 13.1747   (Y': 12.8959   Cb: 12.989    Cr: 14.7786 )
00000240: 13.2221   (Y': 12.9574   Cb: 12.927    Cr: 14.9081 )
00000241: 13.1703   (Y': 12.8761   Cb: 12.9323   Cr: 14.9526 )
00000242: 13.1754   (Y': 12.8977   Cb: 12.9471   Cr: 14.838  )
00000243: 13.2518   (Y': 12.9984   Cb: 12.8954   Cr: 14.9642 )
00000244: 13.2595   (Y': 12.996    Cb: 12.9409   Cr: 14.975  )
00000245: 13.267    (Y': 13.0166   Cb: 12.9645   Cr: 14.8754 )
00000246: 13.5106   (Y': 13.3537   Cb: 12.9679   Cr: 14.9388 )
00000247: 13.6462   (Y': 13.5111   Cb: 13.0884   Cr: 14.9744 )
00000248: 13.6256   (Y': 13.4837   Cb: 13.0783   Cr: 14.9754 )
00000249: 13.6296   (Y': 13.4251   Cb: 13.1876   Cr: 15.1789 )
00000250: 13.5628   (Y': 13.3699   Cb: 13.0975   Cr: 15.0801 )
00000251: 13.5505   (Y': 13.37     Cb: 13.0612   Cr: 15.0317 )
00000252: 13.6002   (Y': 13.4213   Cb: 13.1241   Cr: 15.0518 )
00000253: 13.29     (Y': 13.0322   Cb: 12.9692   Cr: 14.9726 )
00000254: 13.2061   (Y': 12.9172   Cb: 12.9664   Cr: 14.9574 )
00000255: 13.3248   (Y': 13.0718   Cb: 12.9957   Cr: 14.9915 )
00000256: 13.3471   (Y': 13.1061   Cb: 12.9886   Cr: 14.986  )
00000257: 13.5541   (Y': 13.3852   Cb: 13.0739   Cr: 14.9543 )
00000258: 13.772    (Y': 13.6797   Cb: 13.1145   Cr: 15.0181 )
00000259: 13.7666   (Y': 13.659    Cb: 13.163    Cr: 15.0132 )
00000260: 13.7493   (Y': 13.6329   Cb: 13.1024   Cr: 15.1113 )
00000261: 13.7096   (Y': 13.6004   Cb: 13.0464   Cr: 15.057  )
00000262: 13.7059   (Y': 13.5925   Cb: 13.0675   Cr: 15.0384 )
00000263: 13.6086   (Y': 13.4864   Cb: 13.0053   Cr: 14.9351 )
00000264: 13.5784   (Y': 13.4498   Cb: 13.0173   Cr: 14.8749 )
00000265: 13.5232   (Y': 13.4075   Cb: 12.8826   Cr: 14.8721 )
00000266: 13.5098   (Y': 13.4174   Cb: 12.8369   Cr: 14.7798 )
00000267: 13.4281   (Y': 13.3381   Cb: 12.749    Cr: 14.6949 )
00000268: 14.1764   (Y': 14.217    Cb: 13.2091   Cr: 15.2126 )
00000269: 14.4817   (Y': 14.4655   Cb: 13.5684   Cr: 15.7257 )
00000270: 14.489    (Y': 14.524    Cb: 13.4627   Cr: 15.649  )
00000271: 14.1103   (Y': 14.1742   Cb: 13.0909   Cr: 15.1129 )
00000272: 13.7208   (Y': 13.7437   Cb: 12.8009   Cr: 14.7719 )
00000273: 13.5983   (Y': 13.5837   Cb: 12.8176   Cr: 14.6241 )
00000274: 13.4323   (Y': 13.3462   Cb: 12.7935   Cr: 14.616  )
00000276: 13.3477   (Y': 13.2479   Cb: 12.7054   Cr: 14.6109 )
00000275: 13.3206   (Y': 13.2256   Cb: 12.6762   Cr: 14.5605 )
00000277: 13.4316   (Y': 13.3026   Cb: 12.8561   Cr: 14.7525 )
00000278: 13.4592   (Y': 13.3435   Cb: 12.8793   Cr: 14.7136 )
00000279: 13.4852   (Y': 13.3782   Cb: 12.8375   Cr: 14.7966 )
00000280: 13.5107   (Y': 13.3552   Cb: 12.9875   Cr: 14.9005 )
00000281: 13.4964   (Y': 13.3515   Cb: 12.9489   Cr: 14.864  )
00000282: 13.4498   (Y': 13.2816   Cb: 12.9658   Cr: 14.8512 )
00000284: 13.3414   (Y': 13.1166   Cb: 12.978    Cr: 14.889  )
00000283: 13.3238   (Y': 13.0935   Cb: 12.9806   Cr: 14.8733 )
00000285: 13.3444   (Y': 13.1284   Cb: 12.9919   Cr: 14.8226 )
00000286: 13.3886   (Y': 13.1777   Cb: 12.9979   Cr: 14.895  )
00000287: 13.4768   (Y': 13.2864   Cb: 13.0097   Cr: 14.9816 )
00000288: 13.5684   (Y': 13.394    Cb: 13.1217   Cr: 14.948  )
00000289: 13.6281   (Y': 13.4701   Cb: 13.0951   Cr: 15.0471 )
00000290: 13.6552   (Y': 13.4943   Cb: 13.1583   Cr: 15.0352 )
00000291: 13.7336   (Y': 13.5275   Cb: 13.2543   Cr: 15.3522 )
00000292: 13.7574   (Y': 13.5713   Cb: 13.264    Cr: 15.278  )
00000294: 13.3822   (Y': 13.0845   Cb: 13.1065   Cr: 15.2487 )
00000293: 13.7509   (Y': 13.5487   Cb: 13.218    Cr: 15.4336 )
00000295: 13.0665   (Y': 12.6539   Cb: 13.0716   Cr: 15.2661 )
00000296: 13.2811   (Y': 12.9642   Cb: 13.0309   Cr: 15.2341 )
00000297: 13.5004   (Y': 13.2594   Cb: 13.1084   Cr: 15.1926 )
00000298: 13.5908   (Y': 13.3521   Cb: 13.2213   Cr: 15.2324 )
00000299: 13.6632   (Y': 13.4323   Cb: 13.2605   Cr: 15.3101 )
00000300: 13.6742   (Y': 13.5014   Cb: 13.1598   Cr: 15.1505 )
00000302: 14.229    (Y': 14.1405   Cb: 13.5378   Cr: 15.5071 )
00000301: 13.6351   (Y': 13.4323   Cb: 13.1443   Cr: 15.2525 )
00000303: 14.506    (Y': 14.4455   Cb: 13.7502   Cr: 15.7336 )
00000304: 14.605    (Y': 14.543    Cb: 13.8481   Cr: 15.8419 )
00000305: 14.6835   (Y': 14.5984   Cb: 13.8995   Cr: 16.0923 )
00000306: 14.2215   (Y': 14.1326   Cb: 13.5375   Cr: 15.4905 )
00000307: 14.2819   (Y': 14.2046   Cb: 13.576    Cr: 15.5219 )
00000308: 14.3716   (Y': 14.2862   Cb: 13.6359   Cr: 15.7027 )
00000310: 14.4545   (Y': 14.4315   Cb: 13.6319   Cr: 15.5882 )
00000309: 14.3322   (Y': 14.2393   Cb: 13.6103   Cr: 15.6833 )
00000311: 14.1854   (Y': 14.0514   Cb: 13.5571   Cr: 15.6182 )
00000312: 14.1174   (Y': 13.9858   Cb: 13.522    Cr: 15.4842 )
00000313: 14.0475   (Y': 13.878    Cb: 13.4723   Cr: 15.6012 )
00000314: 14.1269   (Y': 13.9682   Cb: 13.5767   Cr: 15.5775 )
00000315: 14.1037   (Y': 13.9235   Cb: 13.5717   Cr: 15.6509 )
00000316: 13.9168   (Y': 13.789    Cb: 13.3545   Cr: 15.211  )
00000317: 13.6245   (Y': 13.4366   Cb: 13.1933   Cr: 15.0586 )
00000318: 13.5408   (Y': 13.3418   Cb: 13.1088   Cr: 15.041  )
00000319: 13.3871   (Y': 13.1471   Cb: 13.0584   Cr: 14.9732 )
00000320: 13.308    (Y': 13.0538   Cb: 13.0015   Cr: 14.9464 )
00000321: 13.2788   (Y': 13.0116   Cb: 13.037    Cr: 14.8974 )
00000322: 13.1418   (Y': 12.8402   Cb: 12.9772   Cr: 14.8573 )
00000323: 13.2033   (Y': 12.8961   Cb: 13.0231   Cr: 14.9784 )
00000324: 13.2485   (Y': 12.9625   Cb: 12.982    Cr: 15.024  )
00000325: 13.2499   (Y': 12.9812   Cb: 12.9806   Cr: 14.9204 )
00000326: 13.3302   (Y': 13.0883   Cb: 13.0008   Cr: 14.9287 )
00000327: 13.2246   (Y': 12.9391   Cb: 13.0241   Cr: 14.8937 )
00000328: 13.2471   (Y': 12.974    Cb: 13.0014   Cr: 14.9077 )
00000329: 13.3227   (Y': 13.0922   Cb: 12.9796   Cr: 14.8736 )
00000330: 13.2191   (Y': 12.9352   Cb: 13.0252   Cr: 14.8675 )
00000331: 13.1615   (Y': 12.8608   Cb: 12.9668   Cr: 14.9179 )
00000332: 13.209    (Y': 12.9347   Cb: 12.9661   Cr: 14.8732 )
00000333: 13.4126   (Y': 13.223    Cb: 12.9483   Cr: 14.9079 )
00000334: 13.5819   (Y': 13.3977   Cb: 13.1428   Cr: 15.0068 )
00000335: 13.4894   (Y': 13.2722   Cb: 13.1014   Cr: 15.0297 )
00000336: 13.5215   (Y': 13.3343   Cb: 13.0465   Cr: 15.0196 )
00000337: 13.4833   (Y': 13.2798   Cb: 13.0488   Cr: 15.0146 )
00000338: 13.4873   (Y': 13.2889   Cb: 13.0817   Cr: 14.9434 )
00000339: 13.2108   (Y': 12.935    Cb: 12.9305   Cr: 14.9429 )
00000340: 13.1885   (Y': 12.9137   Cb: 12.8697   Cr: 14.976  )
00000341: 13.3317   (Y': 13.0774   Cb: 13.0034   Cr: 15.0052 )
00000343: 13.4538   (Y': 13.2284   Cb: 13.1084   Cr: 14.9773 )
00000342: 13.4124   (Y': 13.1831   Cb: 13.0098   Cr: 15.0495 )
00000344: 13.5144   (Y': 13.3245   Cb: 13.0676   Cr: 14.9841 )
00000345: 13.4369   (Y': 13.2332   Cb: 13.0323   Cr: 14.9223 )
00000346: 13.4868   (Y': 13.2881   Cb: 13.0883   Cr: 14.9334 )
00000348: 13.4972   (Y': 13.3246   Cb: 13.0119   Cr: 14.9257 )
00000347: 13.5922   (Y': 13.4348   Cb: 13.0772   Cr: 14.9801 )
00000349: 13.3272   (Y': 13.1245   Cb: 12.9575   Cr: 14.7539 )
00000351: 13.3459   (Y': 13.1327   Cb: 12.9995   Cr: 14.7984 )
00000350: 13.3498   (Y': 13.1202   Cb: 13.0125   Cr: 14.8857 )
00000352: 13.371    (Y': 13.1456   Cb: 13.0343   Cr: 14.8811 )
00000353: 13.3469   (Y': 13.1435   Cb: 13.0075   Cr: 14.7323 )
00000354: 13.2636   (Y': 13.0229   Cb: 12.9507   Cr: 14.8293 )
00000355: 13.2565   (Y': 13.0068   Cb: 12.9917   Cr: 14.8032 )
00000356: 13.2634   (Y': 13        Cb: 13.0273   Cr: 14.8497 )
00000357: 13.2831   (Y': 13.0165   Cb: 13.0226   Cr: 14.9268 )
00000358: 13.3229   (Y': 13.0806   Cb: 13.028    Cr: 14.8701 )
00000359: 13.3321   (Y': 13.0688   Cb: 13.0458   Cr: 14.9952 )
00000360: 13.3143   (Y': 13.0429   Cb: 13.0473   Cr: 14.9982 )
00000361: 13.3436   (Y': 13.127    Cb: 12.9512   Cr: 14.887  )
00000362: 13.3132   (Y': 13.0542   Cb: 13.0169   Cr: 14.9653 )
00000363: 13.3953   (Y': 13.1689   Cb: 13.0571   Cr: 14.9131 )
00000364: 13.5118   (Y': 13.3306   Cb: 13.0588   Cr: 14.9404 )
00000365: 13.5544   (Y': 13.3956   Cb: 13.0484   Cr: 14.9368 )
00000367: 13.4966   (Y': 13.3189   Cb: 13.0577   Cr: 14.8834 )
00000366: 13.5991   (Y': 13.4467   Cb: 13.0835   Cr: 14.9597 )
00000368: 13.537    (Y': 13.3513   Cb: 13.0811   Cr: 14.9969 )
00000369: 13.5733   (Y': 13.3708   Cb: 13.1266   Cr: 15.1174 )
00000370: 13.287    (Y': 13.0142   Cb: 13.0278   Cr: 14.9676 )
00000371: 13.2089   (Y': 12.9232   Cb: 12.9605   Cr: 14.954  )
00000372: 13.2615   (Y': 12.9908   Cb: 12.9209   Cr: 15.0591 )
00000373: 13.2631   (Y': 13.0024   Cb: 12.9526   Cr: 14.9478 )
00000374: 13.3524   (Y': 13.1225   Cb: 12.976    Cr: 14.9517 )
00000375: 13.3022   (Y': 13.052    Cb: 12.9871   Cr: 14.9287 )
00000376: 13.2188   (Y': 12.9281   Cb: 12.9997   Cr: 14.9492 )
00000377: 13.2163   (Y': 12.92     Cb: 13.0148   Cr: 14.9547 )
00000378: 13.1827   (Y': 12.8869   Cb: 12.953    Cr: 14.9626 )
00000379: 13.211    (Y': 12.9215   Cb: 12.9341   Cr: 15.0263 )
00000380: 13.1867   (Y': 12.9031   Cb: 12.9257   Cr: 14.9382 )
00000381: 13.2101   (Y': 12.9025   Cb: 13.0363   Cr: 14.9786 )
00000383: 13.1511   (Y': 12.8496   Cb: 12.9164   Cr: 14.9761 )
00000382: 13.2143   (Y': 12.9193   Cb: 13.0076   Cr: 14.9528 )
00000384: 13.2398   (Y': 12.9568   Cb: 12.9768   Cr: 14.9908 )
00000385: 13.2185   (Y': 12.9436   Cb: 12.9114   Cr: 14.9885 )
00000386: 13.2065   (Y': 12.9168   Cb: 12.9602   Cr: 14.9732 )
00000387: 13.1451   (Y': 12.8382   Cb: 12.9816   Cr: 14.8927 )
00000388: 13.2695   (Y': 12.9826   Cb: 13.0263   Cr: 15.0136 )
00000389: 13.2513   (Y': 12.9743   Cb: 13.0452   Cr: 14.8754 )
00000390: 13.2307   (Y': 12.9404   Cb: 13.0026   Cr: 14.9722 )
00000391: 13.2237   (Y': 12.927    Cb: 12.9847   Cr: 15.0235 )
00000392: 13.2136   (Y': 12.9209   Cb: 13.0003   Cr: 14.948  )
00000393: 13.178    (Y': 12.8536   Cb: 13.0169   Cr: 15.0353 )
00000395: 13.2189   (Y': 12.9091   Cb: 13.0262   Cr: 15.0306 )
00000396: 13.1912   (Y': 12.8935   Cb: 12.9461   Cr: 15.0077 )
00000397: 13.2121   (Y': 12.9179   Cb: 13.0032   Cr: 14.9486 )
00000394: 13.1991   (Y': 12.9211   Cb: 12.9681   Cr: 14.8679 )
00000398: 13.2182   (Y': 12.9213   Cb: 13.0149   Cr: 14.9637 )
00000399: 13.2717   (Y': 12.9991   Cb: 12.9795   Cr: 15.0029 )
00000400: 13.2098   (Y': 12.9155   Cb: 12.9969   Cr: 14.9535 )
00000401: 13.2391   (Y': 12.955    Cb: 13.0249   Cr: 14.9208 )
00000402: 13.1538   (Y': 12.8598   Cb: 12.9424   Cr: 14.893  )
00000403: 13.2215   (Y': 12.933    Cb: 12.976    Cr: 14.9802 )
00000404: 13.1698   (Y': 12.8727   Cb: 12.9489   Cr: 14.944  )
00000405: 13.1998   (Y': 12.9129   Cb: 12.9638   Cr: 14.9327 )
00000406: 13.1918   (Y': 12.8905   Cb: 12.9908   Cr: 14.9624 )
00000407: 13.2007   (Y': 12.8965   Cb: 13.0375   Cr: 14.9298 )
00000408: 13.25     (Y': 12.9672   Cb: 13.0052   Cr: 14.9708 )
00000409: 13.2639   (Y': 12.9748   Cb: 13.0191   Cr: 15.0242 )
00000410: 13.2259   (Y': 12.9468   Cb: 12.951    Cr: 14.9706 )
00000411: 13.1757   (Y': 12.8818   Cb: 12.9274   Cr: 14.9732 )
00000412: 13.192    (Y': 12.9043   Cb: 12.9988   Cr: 14.8632 )
00000414: 13.189    (Y': 12.8769   Cb: 13.018    Cr: 14.9823 )
00000413: 13.1415   (Y': 12.8455   Cb: 12.9038   Cr: 14.9357 )
00000415: 13.2095   (Y': 12.9091   Cb: 12.9932   Cr: 14.9977 )
00000416: 13.1648   (Y': 12.8848   Cb: 12.9026   Cr: 14.8946 )
00000417: 13.1765   (Y': 12.8925   Cb: 12.9501   Cr: 14.8761 )
00000418: 13.1677   (Y': 12.8698   Cb: 12.9163   Cr: 14.9958 )
00000419: 13.2105   (Y': 12.9146   Cb: 13.0173   Cr: 14.9336 )
00000420: 13.2229   (Y': 12.9408   Cb: 12.931    Cr: 15.0143 )
00000421: 13.1904   (Y': 12.8991   Cb: 12.9848   Cr: 14.9031 )
00000422: 13.2131   (Y': 12.9044   Cb: 12.9876   Cr: 15.0704 )
00000423: 13.1921   (Y': 12.8939   Cb: 12.9661   Cr: 14.9822 )
00000424: 13.1801   (Y': 12.8695   Cb: 12.9863   Cr: 14.9995 )
00000425: 13.2085   (Y': 12.9018   Cb: 13.0092   Cr: 15.011  )
00000426: 13.1757   (Y': 12.8775   Cb: 12.956    Cr: 14.9558 )
00000427: 13.1585   (Y': 12.8502   Cb: 12.9759   Cr: 14.9448 )
00000428: 13.1813   (Y': 12.8791   Cb: 12.9657   Cr: 14.9796 )
00000429: 13.1999   (Y': 12.8946   Cb: 13.0268   Cr: 14.9521 )
00000430: 13.2012   (Y': 12.8976   Cb: 12.9716   Cr: 15.0322 )
00000431: 13.2162   (Y': 12.9344   Cb: 12.9852   Cr: 14.9091 )
00000432: 13.2191   (Y': 12.937    Cb: 12.9985   Cr: 14.8978 )
00000433: 13.2176   (Y': 12.9223   Cb: 13.0097   Cr: 14.9602 )
00000434: 13.2356   (Y': 12.9654   Cb: 12.9816   Cr: 14.8916 )
00000435: 13.3588   (Y': 13.1212   Cb: 13.0245   Cr: 14.9386 )
00000436: 13.4588   (Y': 13.2471   Cb: 13.0315   Cr: 15.0281 )
00000437: 13.4788   (Y': 13.2767   Cb: 13.0592   Cr: 14.9781 )
00000438: 13.4775   (Y': 13.257    Cb: 13.0858   Cr: 15.0438 )
00000439: 13.3977   (Y': 13.155    Cb: 13.0944   Cr: 14.9603 )
00000440: 13.4466   (Y': 13.2529   Cb: 13.016    Cr: 14.9135 )
00000441: 13.4486   (Y': 13.2256   Cb: 13.0377   Cr: 15.0601 )
00000442: 13.3527   (Y': 13.0981   Cb: 13.021    Cr: 15.0331 )
00000443: 13.3545   (Y': 13.1226   Cb: 12.9846   Cr: 14.9554 )
00000444: 13.3366   (Y': 13.0821   Cb: 13.0132   Cr: 15.0032 )
00000446: 13.213    (Y': 12.9159   Cb: 12.9135   Cr: 15.1147 )
00000445: 13.3071   (Y': 13.0395   Cb: 12.989    Cr: 15.0475 )
00000447: 13.1377   (Y': 12.8121   Cb: 12.9337   Cr: 15.0725 )
00000448: 13.1806   (Y': 12.8728   Cb: 12.9503   Cr: 15.0398 )
00000449: 13.1926   (Y': 12.8741   Cb: 12.9953   Cr: 15.0691 )
00000450: 13.2554   (Y': 12.9662   Cb: 13.017    Cr: 15.0074 )
00000451: 13.2693   (Y': 12.9859   Cb: 12.999    Cr: 15.0342 )
00000452: 13.2562   (Y': 12.9563   Cb: 12.9818   Cr: 15.1347 )
00000453: 13.1897   (Y': 12.8812   Cb: 12.9516   Cr: 15.0661 )
00000454: 13.1611   (Y': 12.8412   Cb: 13.0222   Cr: 14.9547 )
00000455: 13.1391   (Y': 12.8136   Cb: 12.9686   Cr: 15.0192 )
00000456: 13.1098   (Y': 12.7811   Cb: 12.9338   Cr: 15.02   )
00000457: 13.1436   (Y': 12.8292   Cb: 12.9081   Cr: 15.0542 )
00000458: 13.1915   (Y': 12.9052   Cb: 12.9051   Cr: 15.0013 )
00000459: 13.2353   (Y': 12.931    Cb: 13.0169   Cr: 15.052  )
00000460: 13.1236   (Y': 12.7974   Cb: 12.9691   Cr: 14.9829 )
00000461: 13.1151   (Y': 12.7847   Cb: 12.9673   Cr: 14.9917 )
00000462: 13.1526   (Y': 12.8542   Cb: 12.934    Cr: 14.9316 )
00000463: 13.103    (Y': 12.7911   Cb: 12.9286   Cr: 14.8993 )
00000464: 13.07     (Y': 12.7384   Cb: 12.9429   Cr: 14.9211 )
00000465: 13.0907   (Y': 12.7756   Cb: 12.9406   Cr: 14.8696 )
00000466: 13.0644   (Y': 12.7268   Cb: 12.9787   Cr: 14.8909 )
00000467: 13.1149   (Y': 12.8142   Cb: 12.874    Cr: 14.9447 )
00000468: 13.0835   (Y': 12.749    Cb: 12.9561   Cr: 14.9544 )
00000469: 13.1035   (Y': 12.783    Cb: 12.9147   Cr: 14.9798 )
00000470: 13.0793   (Y': 12.7692   Cb: 12.923    Cr: 14.8363 )
00000471: 13.0663   (Y': 12.7523   Cb: 12.9048   Cr: 14.8564 )
00000473: 13.1351   (Y': 12.8148   Cb: 13.0209   Cr: 14.892  )
00000472: 13.0447   (Y': 12.702    Cb: 12.9445   Cr: 14.927  )
00000474: 13.0999   (Y': 12.7849   Cb: 12.9422   Cr: 14.8905 )
00000475: 13.0741   (Y': 12.7573   Cb: 12.893    Cr: 14.9134 )
00000476: 13.1044   (Y': 12.7947   Cb: 12.9134   Cr: 14.9125 )
00000477: 13.0902   (Y': 12.7493   Cb: 12.9634   Cr: 15.0034 )
00000478: 13.0826   (Y': 12.7645   Cb: 12.9307   Cr: 14.8848 )
00000479: 13.0857   (Y': 12.7581   Cb: 12.8614   Cr: 15.0677 )
00000480: 13.094    (Y': 12.7662   Cb: 12.9558   Cr: 14.9375 )
00000481: 13.1156   (Y': 12.7985   Cb: 12.9258   Cr: 14.9702 )
00000482: 13.1034   (Y': 12.7705   Cb: 12.9647   Cr: 14.9821 )
00000484: 13.1124   (Y': 12.7783   Cb: 12.9465   Cr: 15.0421 )
00000483: 13.1126   (Y': 12.7773   Cb: 12.9486   Cr: 15.0473 )
00000485: 13.0626   (Y': 12.711    Cb: 12.9713   Cr: 14.991  )
00000486: 13.1382   (Y': 12.8301   Cb: 12.9223   Cr: 14.9762 )
00000487: 13.0861   (Y': 12.748    Cb: 12.9707   Cr: 14.9618 )
00000488: 13.1068   (Y': 12.7718   Cb: 13.0065   Cr: 14.9382 )
00000489: 13.0697   (Y': 12.7323   Cb: 12.944    Cr: 14.9574 )
00000490: 13.0733   (Y': 12.7468   Cb: 12.9081   Cr: 14.9515 )
00000491: 13.1041   (Y': 12.7721   Cb: 12.9641   Cr: 14.9787 )
00000492: 13.0938   (Y': 12.76     Cb: 12.9456   Cr: 14.9937 )
00000493: 13.0621   (Y': 12.7337   Cb: 12.9058   Cr: 14.9385 )
00000494: 13.1154   (Y': 12.7818   Cb: 12.9593   Cr: 15.0259 )
00000495: 13.0618   (Y': 12.7219   Cb: 12.9052   Cr: 15.0157 )
00000496: 13.0922   (Y': 12.7607   Cb: 12.9438   Cr: 14.9769 )
00000497: 13.0539   (Y': 12.7365   Cb: 12.93     Cr: 14.807  )
00000498: 13.0736   (Y': 12.7207   Cb: 12.9511   Cr: 15.0604 )
00000499: 13.1315   (Y': 12.8013   Cb: 12.9869   Cr: 15.0015 )
00000500: 13.0649   (Y': 12.736    Cb: 12.9104   Cr: 14.9415 )
00000501: 13.1045   (Y': 12.783    Cb: 12.9425   Cr: 14.9445 )
00000502: 13.0732   (Y': 12.7319   Cb: 12.9722   Cr: 14.9476 )
00000503: 13.0549   (Y': 12.7078   Cb: 12.9301   Cr: 15.0061 )
00000504: 13.0992   (Y': 12.7763   Cb: 12.9512   Cr: 14.9261 )
00000505: 13.0464   (Y': 12.7022   Cb: 12.9317   Cr: 14.9621 )
00000506: 13.0835   (Y': 12.7525   Cb: 12.9121   Cr: 15.0019 )
00000507: 13.1093   (Y': 12.7733   Cb: 12.9599   Cr: 15.0251 )
00000508: 13.0837   (Y': 12.7474   Cb: 12.9356   Cr: 14.9999 )
00000509: 13.0685   (Y': 12.7248   Cb: 12.9741   Cr: 14.9491 )
00000510: 13.0511   (Y': 12.7248   Cb: 12.8656   Cr: 14.9602 )
00000511: 13.0608   (Y': 12.7341   Cb: 12.907    Cr: 14.9222 )
00000512: 13.0594   (Y': 12.7211   Cb: 12.9559   Cr: 14.9174 )
00000513: 13.069    (Y': 12.7295   Cb: 12.9477   Cr: 14.9641 )
00000514: 13.0897   (Y': 12.7515   Cb: 12.9617   Cr: 14.9867 )
00000515: 13.1181   (Y': 12.8082   Cb: 12.9066   Cr: 14.9607 )
00000517: 13.2201   (Y': 12.9233   Cb: 12.9747   Cr: 15.0313 )
00000516: 13.0878   (Y': 12.7449   Cb: 12.9552   Cr: 15.0235 )
00000518: 13.416    (Y': 13.2201   Cb: 12.9734   Cr: 14.9144 )
00000519: 13.3869   (Y': 13.1446   Cb: 13.1128   Cr: 14.9029 )
00000520: 13.3929   (Y': 13.202    Cb: 12.9653   Cr: 14.8389 )
00000521: 13.3938   (Y': 13.1731   Cb: 13.0145   Cr: 14.9415 )
00000522: 13.3505   (Y': 13.1158   Cb: 13.0153   Cr: 14.9139 )
00000523: 13.3436   (Y': 13.0956   Cb: 13.0597   Cr: 14.9088 )
00000524: 13.2822   (Y': 13.0116   Cb: 13.0243   Cr: 14.9469 )
00000525: 13.3362   (Y': 13.0807   Cb: 13.0411   Cr: 14.9651 )
00000526: 13.2057   (Y': 12.9135   Cb: 12.9777   Cr: 14.9597 )
00000527: 13.1884   (Y': 12.9291   Cb: 12.8786   Cr: 14.8633 )
00000528: 13.2057   (Y': 12.9325   Cb: 12.9352   Cr: 14.9058 )
00000529: 13.2089   (Y': 12.9262   Cb: 12.9559   Cr: 14.9414 )
00000530: 13.18     (Y': 12.8775   Cb: 12.9865   Cr: 14.9457 )
00000531: 13.1262   (Y': 12.8144   Cb: 12.9629   Cr: 14.9048 )
00000532: 13.161    (Y': 12.8676   Cb: 12.9518   Cr: 14.8933 )
00000533: 13.2111   (Y': 12.9531   Cb: 12.9501   Cr: 14.8022 )
00000534: 13.2486   (Y': 12.9659   Cb: 12.9687   Cr: 15.0239 )
00000535: 13.341    (Y': 13.0926   Cb: 13.0064   Cr: 14.9881 )
00000536: 13.439    (Y': 13.2522   Cb: 12.9556   Cr: 14.9481 )
00000537: 13.4772   (Y': 13.2704   Cb: 13.0409   Cr: 15.0307 )
00000538: 13.4459   (Y': 13.2423   Cb: 13.05     Cr: 14.9182 )
00000539: 13.4741   (Y': 13.2948   Cb: 12.9915   Cr: 14.9382 )
00000541: 13.4855   (Y': 13.293    Cb: 13.0814   Cr: 14.9052 )
00000540: 13.4271   (Y': 13.2294   Cb: 13.0242   Cr: 14.8751 )
00000542: 13.5394   (Y': 13.3596   Cb: 13.0214   Cr: 15.0617 )
00000543: 13.4524   (Y': 13.2367   Cb: 13.0464   Cr: 15.0115 )
00000544: 13.5481   (Y': 13.3521   Cb: 13.0932   Cr: 15.067  )
00000545: 13.3677   (Y': 13.1418   Cb: 12.9677   Cr: 14.9794 )
00000546: 13.2005   (Y': 12.9106   Cb: 12.9767   Cr: 14.9326 )
00000547: 13.1789   (Y': 12.8895   Cb: 12.9487   Cr: 14.9185 )
00000549: 13.373    (Y': 13.1576   Cb: 13.0275   Cr: 14.8375 )
00000548: 13.2972   (Y': 13.0613   Cb: 12.9529   Cr: 14.8823 )
00000550: 13.4104   (Y': 13.1993   Cb: 12.9735   Cr: 14.9905 )
00000551: 13.4488   (Y': 13.2368   Cb: 13.0519   Cr: 14.9719 )
00000552: 13.4289   (Y': 13.217    Cb: 13.0775   Cr: 14.8814 )
00000553: 13.4032   (Y': 13.1899   Cb: 12.9887   Cr: 14.9621 )
00000554: 13.4105   (Y': 13.2088   Cb: 12.9562   Cr: 14.9621 )
00000555: 13.3781   (Y': 13.1628   Cb: 12.9911   Cr: 14.9051 )
00000556: 13.3024   (Y': 13.0542   Cb: 13.0169   Cr: 14.8712 )
00000557: 13.2401   (Y': 12.9927   Cb: 12.9116   Cr: 14.8707 )
00000558: 13.219    (Y': 12.9436   Cb: 12.9682   Cr: 14.9019 )
00000559: 13.1917   (Y': 12.9111   Cb: 12.9749   Cr: 14.8551 )
00000560: 13.1349   (Y': 12.8218   Cb: 12.9498   Cr: 14.9561 )
00000561: 13.1989   (Y': 12.9228   Cb: 12.9817   Cr: 14.8349 )
00000562: 13.1553   (Y': 12.8773   Cb: 12.8965   Cr: 14.8679 )
00000563: 13.2254   (Y': 12.9522   Cb: 12.9405   Cr: 14.9487 )
00000564: 13.1715   (Y': 12.8825   Cb: 12.9398   Cr: 14.9107 )
00000565: 13.1777   (Y': 12.8852   Cb: 12.9792   Cr: 14.8874 )
00000566: 13.2007   (Y': 12.9543   Cb: 12.9015   Cr: 14.7801 )
00000567: 13.1842   (Y': 12.91     Cb: 12.932    Cr: 14.8625 )
00000568: 13.205    (Y': 12.9294   Cb: 12.9749   Cr: 14.857  )
00000569: 13.1962   (Y': 12.9164   Cb: 12.954    Cr: 14.8935 )
00000570: 13.2933   (Y': 13.0204   Cb: 13.0151   Cr: 15.0034 )
00000571: 13.2309   (Y': 12.9587   Cb: 12.9605   Cr: 14.9254 )
00000573: 13.2485   (Y': 12.9842   Cb: 13.0111   Cr: 14.8421 )
00000572: 13.2918   (Y': 13.056    Cb: 12.9853   Cr: 14.8183 )
00000574: 13.1895   (Y': 12.9172   Cb: 12.9406   Cr: 14.85   )
00000575: 13.1736   (Y': 12.8915   Cb: 12.8865   Cr: 14.957  )
00000576: 13.1884   (Y': 12.911    Cb: 12.9601   Cr: 14.8491 )
00000577: 13.1527   (Y': 12.8685   Cb: 12.9072   Cr: 14.8832 )
00000578: 13.1873   (Y': 12.9004   Cb: 12.9321   Cr: 14.9503 )
00000579: 13.247    (Y': 12.9737   Cb: 12.9847   Cr: 14.9353 )
00000580: 13.1557   (Y': 12.8623   Cb: 12.9604   Cr: 14.8665 )
00000581: 13.2511   (Y': 12.9848   Cb: 12.9593   Cr: 14.9412 )
00000582: 13.2667   (Y': 13.0011   Cb: 13.0062   Cr: 14.904  )
00000583: 13.211    (Y': 12.9349   Cb: 12.9844   Cr: 14.8611 )
00000584: 13.221    (Y': 12.9569   Cb: 12.9812   Cr: 14.8175 )
00000585: 13.1813   (Y': 12.9262   Cb: 12.9107   Cr: 14.7692 )
00000586: 13.1871   (Y': 12.9017   Cb: 12.9767   Cr: 14.8703 )
00000587: 13.1893   (Y': 12.9103   Cb: 12.9635   Cr: 14.8562 )
00000589: 13.2187   (Y': 12.9545   Cb: 12.9548   Cr: 14.8529 )
00000588: 13.1891   (Y': 12.9102   Cb: 13.0192   Cr: 14.7703 )
00000590: 13.2189   (Y': 12.9516   Cb: 12.9407   Cr: 14.8943 )
00000591: 13.2357   (Y': 12.9626   Cb: 13.0099   Cr: 14.8657 )
00000592: 13.2026   (Y': 12.9244   Cb: 12.9616   Cr: 14.8885 )
00000593: 13.2211   (Y': 12.9414   Cb: 12.9567   Cr: 14.953  )
00000594: 13.2584   (Y': 13.0023   Cb: 12.9617   Cr: 14.8933 )
00000595: 13.2372   (Y': 12.9664   Cb: 13.0001   Cr: 14.8706 )
00000596: 13.2229   (Y': 12.9592   Cb: 12.926    Cr: 14.9049 )
00000597: 13.1685   (Y': 12.8638   Cb: 12.9804   Cr: 14.9397 )
00000598: 13.2202   (Y': 12.9444   Cb: 12.9532   Cr: 14.9316 )
00000599: 13.1448   (Y': 12.8572   Cb: 12.893    Cr: 14.9072 )
00000600: 13.219    (Y': 12.9385   Cb: 12.9962   Cr: 14.8905 )
00000601: 13.1673   (Y': 12.8816   Cb: 12.9879   Cr: 14.8052 )
00000602: 13.199    (Y': 12.9337   Cb: 12.9221   Cr: 14.8601 )
00000603: 13.223    (Y': 12.9653   Cb: 12.9555   Cr: 14.8221 )
00000604: 13.2267   (Y': 12.9648   Cb: 12.9443   Cr: 14.8752 )
00000605: 13.2112   (Y': 12.9406   Cb: 12.9395   Cr: 14.8971 )
00000606: 13.2154   (Y': 12.9348   Cb: 12.9517   Cr: 14.9514 )
00000607: 13.2102   (Y': 12.9266   Cb: 12.9738   Cr: 14.923  )
00000608: 13.1703   (Y': 12.8997   Cb: 12.8972   Cr: 14.8583 )
00000609: 13.2682   (Y': 13.0138   Cb: 12.9761   Cr: 14.8851 )
00000610: 13.1594   (Y': 12.8861   Cb: 12.8895   Cr: 14.8598 )
00000611: 13.2308   (Y': 12.9618   Cb: 12.9643   Cr: 14.8988 )
00000612: 13.1312   (Y': 12.8476   Cb: 12.8799   Cr: 14.8665 )
00000613: 13.1848   (Y': 12.8918   Cb: 12.9598   Cr: 14.9388 )
00000614: 13.2429   (Y': 12.9818   Cb: 12.9716   Cr: 14.8689 )
00000615: 13.2629   (Y': 13.0218   Cb: 12.921    Cr: 14.8758 )
00000616: 13.2034   (Y': 12.9299   Cb: 12.9416   Cr: 14.8919 )
00000617: 13.2513   (Y': 13.0086   Cb: 12.9343   Cr: 14.8358 )
00000618: 13.2064   (Y': 12.9435   Cb: 12.9199   Cr: 14.8673 )
00000619: 13.2052   (Y': 12.946    Cb: 12.9535   Cr: 14.7892 )
00000620: 13.2027   (Y': 12.9556   Cb: 12.922    Cr: 14.7581 )
00000621: 13.189    (Y': 12.915    Cb: 12.9134   Cr: 14.9029 )
00000622: 13.2482   (Y': 12.9832   Cb: 12.9905   Cr: 14.8779 )
00000623: 13.1862   (Y': 12.9065   Cb: 12.9409   Cr: 14.8875 )
00000625: 13.1356   (Y': 12.8408   Cb: 12.9297   Cr: 14.8719 )
00000624: 13.1319   (Y': 12.835    Cb: 12.9569   Cr: 14.8334 )
00000626: 13.1758   (Y': 12.892    Cb: 12.9594   Cr: 14.8582 )
00000627: 13.2233   (Y': 12.9495   Cb: 12.963    Cr: 14.9114 )
00000628: 13.2037   (Y': 12.9445   Cb: 12.8983   Cr: 14.8713 )
00000629: 13.1546   (Y': 12.8798   Cb: 12.8966   Cr: 14.8458 )
00000630: 13.1617   (Y': 12.8778   Cb: 12.9173   Cr: 14.8885 )
00000631: 13.1701   (Y': 12.8636   Cb: 12.9638   Cr: 14.9823 )
00000633: 13.1497   (Y': 12.858    Cb: 12.9383   Cr: 14.8744 )
00000632: 13.1343   (Y': 12.8516   Cb: 12.8464   Cr: 14.9234 )
00000634: 13.1641   (Y': 12.893    Cb: 12.8813   Cr: 14.8705 )
00000635: 13.1966   (Y': 12.9184   Cb: 12.9532   Cr: 14.8867 )
00000636: 13.2236   (Y': 12.959    Cb: 12.9607   Cr: 14.8582 )
00000637: 13.1721   (Y': 12.8873   Cb: 12.9141   Cr: 14.9258 )
00000638: 13.2485   (Y': 12.9667   Cb: 12.9961   Cr: 14.9748 )
00000639: 13.1981   (Y': 12.9258   Cb: 12.9484   Cr: 14.8605 )
00000640: 13.2048   (Y': 12.9332   Cb: 12.9296   Cr: 14.903  )
00000641: 13.2004   (Y': 12.9147   Cb: 12.9824   Cr: 14.8977 )
00000642: 13.2434   (Y': 12.991    Cb: 12.9235   Cr: 14.8915 )
00000643: 13.235    (Y': 12.9613   Cb: 12.9758   Cr: 14.9205 )
00000644: 13.21     (Y': 12.9173   Cb: 12.9956   Cr: 14.9458 )
00000645: 13.2555   (Y': 12.9844   Cb: 12.9894   Cr: 14.9353 )
00000646: 13.2935   (Y': 13.0373   Cb: 12.9859   Cr: 14.946  )
00000647: 13.2422   (Y': 12.9966   Cb: 12.9665   Cr: 14.7805 )
00000649: 13.1795   (Y': 12.9006   Cb: 12.9392   Cr: 14.8686 )
00000648: 13.2317   (Y': 12.9566   Cb: 13.022    Cr: 14.8495 )
00000650: 13.1785   (Y': 12.8969   Cb: 12.9417   Cr: 14.8793 )
00000651: 13.1014   (Y': 12.7707   Cb: 12.9795   Cr: 14.9383 )
00000652: 13.2403   (Y': 12.9707   Cb: 12.9718   Cr: 14.9148 )
00000653: 13.1924   (Y': 12.9011   Cb: 12.9713   Cr: 14.9294 )
00000654: 13.1837   (Y': 12.9037   Cb: 12.8962   Cr: 14.954  )
00000655: 13.2374   (Y': 12.9679   Cb: 12.9717   Cr: 14.9064 )
00000656: 13.2171   (Y': 12.9572   Cb: 12.8983   Cr: 14.9103 )
00000657: 13.2474   (Y': 12.9972   Cb: 12.9593   Cr: 14.8322 )
00000658: 13.1972   (Y': 12.9256   Cb: 12.9586   Cr: 14.8381 )
00000659: 13.1847   (Y': 12.8897   Cb: 12.9617   Cr: 14.9488 )
00000660: 13.1538   (Y': 12.8571   Cb: 12.9364   Cr: 14.9198 )
00000661: 13.1756   (Y': 12.8856   Cb: 12.9284   Cr: 14.9463 )
00000662: 13.2183   (Y': 12.9421   Cb: 12.9851   Cr: 14.8794 )
00000663: 13.2982   (Y': 13.0546   Cb: 12.9663   Cr: 14.911  )
00000664: 13.3031   (Y': 13.03     Cb: 13.0659   Cr: 14.9507 )
00000665: 13.2807   (Y': 13.0417   Cb: 12.9638   Cr: 14.842  )
00000666: 13.4735   (Y': 13.2804   Cb: 13.0065   Cr: 14.9938 )
00000667: 13.5572   (Y': 13.3912   Cb: 13.0321   Cr: 15.0109 )
00000668: 13.4901   (Y': 13.3139   Cb: 12.9928   Cr: 14.9589 )
00000669: 13.4222   (Y': 13.2013   Cb: 13.0322   Cr: 14.9877 )
00000670: 13.3424   (Y': 13.101    Cb: 12.9868   Cr: 14.9786 )
00000671: 13.4311   (Y': 13.1894   Cb: 13.0256   Cr: 15.1502 )
00000673: 13.5032   (Y': 13.3041   Cb: 13.069    Cr: 15.0075 )
00000672: 13.4361   (Y': 13.2052   Cb: 13.0592   Cr: 15.0423 )
00000674: 13.5467   (Y': 13.3467   Cb: 13.077    Cr: 15.1133 )
00000675: 13.4837   (Y': 13.2778   Cb: 13.0477   Cr: 15.0317 )
00000676: 13.3633   (Y': 13.1485   Cb: 12.9682   Cr: 14.9    )
00000677: 13.2415   (Y': 12.9928   Cb: 12.9278   Cr: 14.8572 )
00000678: 13.249    (Y': 13.0263   Cb: 12.8835   Cr: 14.7873 )
00000679: 13.3241   (Y': 13.0824   Cb: 12.9909   Cr: 14.9274 )
00000680: 13.3264   (Y': 13.0958   Cb: 12.9457   Cr: 14.936  )
00000681: 13.3194   (Y': 13.0838   Cb: 12.961    Cr: 14.9248 )
00000682: 13.3115   (Y': 13.0749   Cb: 12.9713   Cr: 14.8943 )
00000683: 13.2949   (Y': 13.0521   Cb: 12.9661   Cr: 14.8984 )
00000684: 13.2723   (Y': 13.0167   Cb: 12.9579   Cr: 14.9319 )
00000686: 13.2848   (Y': 13.0356   Cb: 12.9535   Cr: 14.9311 )
00000685: 13.2195   (Y': 12.9419   Cb: 12.9414   Cr: 14.96   )
00000687: 13.2276   (Y': 12.9716   Cb: 12.9258   Cr: 14.8698 )
00000688: 13.2094   (Y': 12.932    Cb: 12.9716   Cr: 14.8849 )
00000689: 13.1736   (Y': 12.9015   Cb: 12.863    Cr: 14.9303 )
00000690: 13.2273   (Y': 12.9717   Cb: 12.8715   Cr: 14.9525 )
00000691: 13.2999   (Y': 13.0668   Cb: 12.9137   Cr: 14.9337 )
00000692: 13.3337   (Y': 13.0979   Cb: 12.974    Cr: 14.9424 )
00000693: 13.2265   (Y': 12.9648   Cb: 12.9447   Cr: 14.873  )
00000694: 13.2542   (Y': 13.0012   Cb: 12.9261   Cr: 14.9197 )
00000695: 13.211    (Y': 12.9349   Cb: 12.9467   Cr: 14.92   )
00000697: 13.2532   (Y': 12.989    Cb: 12.9045   Cr: 15.0214 )
00000696: 13.2041   (Y': 12.9584   Cb: 12.958    Cr: 14.6982 )
00000698: 13.2181   (Y': 12.9582   Cb: 12.9091   Cr: 14.8956 )
00000699: 13.381    (Y': 13.1608   Cb: 12.9839   Cr: 14.9532 )
00000700: 13.4479   (Y': 13.2568   Cb: 12.9877   Cr: 14.9456 )
00000702: 13.4681   (Y': 13.2916   Cb: 12.981    Cr: 14.9229 )
00000701: 13.4663   (Y': 13.2758   Cb: 13.0125   Cr: 14.9508 )
00000703: 13.517    (Y': 13.3234   Cb: 13.0922   Cr: 14.9746 )
00000704: 13.4239   (Y': 13.2381   Cb: 12.9722   Cr: 14.8773 )
00000705: 13.2859   (Y': 13.0376   Cb: 13.0009   Cr: 14.8546 )
00000706: 13.2135   (Y': 12.9261   Cb: 12.9805   Cr: 14.9451 )
00000707: 13.2352   (Y': 12.9786   Cb: 12.9535   Cr: 14.8494 )
00000708: 13.2053   (Y': 12.9303   Cb: 12.919    Cr: 14.942  )
00000709: 13.2728   (Y': 13.0239   Cb: 12.9561   Cr: 14.8941 )
00000710: 13.375    (Y': 13.151    Cb: 13.0148   Cr: 14.9128 )
00000711: 13.4349   (Y': 13.2434   Cb: 13.0273   Cr: 14.8535 )
00000712: 13.4231   (Y': 13.2173   Cb: 13.0378   Cr: 14.892  )
00000713: 13.5505   (Y': 13.3727   Cb: 13.0395   Cr: 15.0507 )
00000714: 13.5369   (Y': 13.3569   Cb: 13.0716   Cr: 14.9777 )
00000715: 13.7182   (Y': 13.6079   Cb: 13.0794   Cr: 15.0336 )
00000716: 13.6637   (Y': 13.5385   Cb: 13.0664   Cr: 14.9973 )
00000717: 13.7059   (Y': 13.579    Cb: 13.0672   Cr: 15.1149 )
00000718: 13.7392   (Y': 13.6327   Cb: 13.0694   Cr: 15.0828 )
00000719: 13.7227   (Y': 13.6021   Cb: 13.1159   Cr: 15.0458 )
00000720: 13.6857   (Y': 13.5725   Cb: 13.0494   Cr: 15.0135 )
00000721: 13.6401   (Y': 13.5143   Cb: 13.0163   Cr: 15.0192 )
00000722: 13.5882   (Y': 13.4324   Cb: 13.0401   Cr: 15.0187 )
00000723: 13.496    (Y': 13.3278   Cb: 12.9509   Cr: 14.994  )
00000724: 13.5356   (Y': 13.4112   Cb: 12.8532   Cr: 15.001  )
00000725: 13.5088   (Y': 13.3452   Cb: 12.8407   Cr: 15.1829 )
00000726: 13.6995   (Y': 13.4641   Cb: 13.182    Cr: 15.5658 )
00000727: 13.7618   (Y': 13.5796   Cb: 13.1771   Cr: 15.4075 )
00000728: 14.2054   (Y': 14.0753   Cb: 13.5082   Cr: 15.7284 )
00000729: 14.5578   (Y': 14.3544   Cb: 14.1093   Cr: 16.1107 )
00000730: 13.9352   (Y': 13.6809   Cb: 13.68     Cr: 15.4951 )
00000731: 13.4629   (Y': 13.3681   Cb: 12.8693   Cr: 14.6246 )
00000732: 13.3133   (Y': 13.1282   Cb: 12.8758   Cr: 14.7411 )
00000733: 13.323    (Y': 13.1914   Cb: 12.7818   Cr: 14.6066 )
00000734: 13.311    (Y': 13.1859   Cb: 12.8016   Cr: 14.5103 )
00000735: 13.2421   (Y': 13.0761   Cb: 12.7294   Cr: 14.676  )
00000736: 13.2279   (Y': 13.0556   Cb: 12.7622   Cr: 14.6252 )
00000737: 13.1229   (Y': 12.9786   Cb: 12.6089   Cr: 14.4349 )
00000738: 13.0732   (Y': 12.9069   Cb: 12.638    Cr: 14.3898 )
00000739: 12.9576   (Y': 12.8024   Cb: 12.4644   Cr: 14.2994 )
00000740: 12.9108   (Y': 12.764    Cb: 12.3901   Cr: 14.2471 )
00000741: 12.8829   (Y': 12.7347   Cb: 12.3785   Cr: 14.2026 )
00000742: 12.8179   (Y': 12.6563   Cb: 12.3352   Cr: 14.1795 )
00000743: 12.937    (Y': 12.7963   Cb: 12.3785   Cr: 14.2975 )
00000744: 12.9998   (Y': 12.8378   Cb: 12.5122   Cr: 14.3716 )
00000745: 13.0975   (Y': 12.9325   Cb: 12.5571   Cr: 14.5691 )
00000746: 13.313    (Y': 13.1697   Cb: 12.6584   Cr: 14.8427 )
00000747: 13.3349   (Y': 13.2566   Cb: 12.5518   Cr: 14.704  )
00000748: 13.3488   (Y': 13.2349   Cb: 12.6746   Cr: 14.7408 )
00000749: 13.4135   (Y': 13.3204   Cb: 12.6096   Cr: 14.9011 )
00000750: 13.3494   (Y': 13.2304   Cb: 12.59     Cr: 14.9121 )
00000751: 13.409    (Y': 13.2954   Cb: 12.6449   Cr: 14.9479 )
00000752: 13.4099   (Y': 13.2714   Cb: 12.6676   Cr: 15.0599 )
00000753: 13.3081   (Y': 13.2382   Cb: 12.4738   Cr: 14.7146 )
00000754: 13.3469   (Y': 13.2156   Cb: 12.7087   Cr: 14.7802 )
00000755: 13.3936   (Y': 13.2918   Cb: 12.6609   Cr: 14.812  )
00000756: 13.3541   (Y': 13.272    Cb: 12.6817   Cr: 14.568  )
00000757: 13.4363   (Y': 13.3457   Cb: 12.7524   Cr: 14.7136 )
00000758: 13.4971   (Y': 13.3931   Cb: 12.7921   Cr: 14.8829 )
00000759: 13.4854   (Y': 13.3821   Cb: 12.7922   Cr: 14.8486 )
00000760: 13.4881   (Y': 13.348    Cb: 12.8401   Cr: 14.988  )
00000761: 13.4739   (Y': 13.3065   Cb: 12.8648   Cr: 15.071  )
00000762: 13.5001   (Y': 13.3153   Cb: 12.9559   Cr: 15.0951 )
00000763: 13.4917   (Y': 13.3224   Cb: 12.888    Cr: 15.0916 )
00000764: 13.4156   (Y': 13.228    Cb: 12.8687   Cr: 15.0321 )
00000765: 13.3061   (Y': 13.1058   Cb: 12.7988   Cr: 14.9348 )
00000766: 13.0039   (Y': 12.704    Cb: 12.6789   Cr: 14.9673 )
00000767: 13.1904   (Y': 12.8698   Cb: 12.9631   Cr: 15.13   )
00000768: 13.2461   (Y': 12.9306   Cb: 13.0073   Cr: 15.1704 )
00000769: 13.5138   (Y': 13.2174   Cb: 13.2392   Cr: 15.3701 )
00000770: 13.5124   (Y': 13.232    Cb: 13.2295   Cr: 15.2782 )
00000771: 13.7678   (Y': 13.476    Cb: 13.5143   Cr: 15.5602 )
00000772: 13.8025   (Y': 13.5437   Cb: 13.3999   Cr: 15.625  )
00000773: 13.8347   (Y': 13.5938   Cb: 13.4078   Cr: 15.5835 )
00000774: 14.3655   (Y': 14.1713   Cb: 13.7997   Cr: 16.0536 )
00000775: 14.6071   (Y': 14.4281   Cb: 14.0237   Cr: 16.2312 )
00000776: 14.5635   (Y': 14.3166   Cb: 14.1237   Cr: 16.3717 )
00000777: 14.8853   (Y': 14.6751   Cb: 14.1987   Cr: 16.8899 )
00000778: 14.8144   (Y': 14.6415   Cb: 14.1763   Cr: 16.4938 )
00000779: 14.4852   (Y': 14.2941   Cb: 13.9099   Cr: 16.1707 )
00000780: 14.5749   (Y': 14.3499   Cb: 14.0124   Cr: 16.4522 )
00000781: 14.4215   (Y': 14.1661   Cb: 14.0096   Cr: 16.2374 )
00000782: 14.4446   (Y': 14.2418   Cb: 13.9075   Cr: 16.1384 )
00000783: 14.5018   (Y': 14.298    Cb: 13.9489   Cr: 16.2275 )
00000784: 14.4411   (Y': 14.2157   Cb: 13.908    Cr: 16.2699 )
00000785: 14.1855   (Y': 13.8767   Cb: 13.8769   Cr: 16.1815 )
00000786: 14.1315   (Y': 13.8164   Cb: 13.8841   Cr: 16.0673 )
00000787: 14.0998   (Y': 13.7697   Cb: 13.8556   Cr: 16.1325 )
00000788: 14.3151   (Y': 14.0733   Cb: 13.8546   Cr: 16.1252 )
00000789: 14.3221   (Y': 14.0376   Cb: 13.9587   Cr: 16.2479 )
00000790: 14.1922   (Y': 13.8819   Cb: 13.8853   Cr: 16.1953 )
00000791: 14.1091   (Y': 13.7765   Cb: 13.8777   Cr: 16.1371 )
00000792: 14.0592   (Y': 13.7017   Cb: 13.861    Cr: 16.2054 )
00000793: 14.0013   (Y': 13.6165   Cb: 13.8402   Cr: 16.2809 )
00000794: 13.4901   (Y': 12.9954   Cb: 13.7163   Cr: 15.945  )
00000795: 12.9941   (Y': 12.411    Cb: 13.433    Cr: 15.8228 )
00000796: 12.9601   (Y': 12.4563   Cb: 13.245    Cr: 15.3905 )
00000797: 12.9472   (Y': 12.4222   Cb: 13.2651   Cr: 15.492  )
00000798: 12.8419   (Y': 12.2945   Cb: 13.2378   Cr: 15.4401 )
00000799: 12.9498   (Y': 12.4366   Cb: 13.2214   Cr: 15.4767 )
00000800: 12.9758   (Y': 12.4642   Cb: 13.2641   Cr: 15.4616 )
00000801: 12.8382   (Y': 12.3019   Cb: 13.2068   Cr: 15.3899 )
00000802: 12.7654   (Y': 12.1926   Cb: 13.2086   Cr: 15.4971 )
00000803: 12.6308   (Y': 12.0189   Cb: 13.1942   Cr: 15.501  )
00000804: 12.6349   (Y': 12.028    Cb: 13.2298   Cr: 15.4081 )
00000805: 12.6526   (Y': 12.0519   Cb: 13.2255   Cr: 15.4081 )
00000806: 12.6473   (Y': 12.042    Cb: 13.2024   Cr: 15.4734 )
00000807: 12.6623   (Y': 12.0704   Cb: 13.1615   Cr: 15.4652 )
00000808: 12.5966   (Y': 11.9933   Cb: 13.0959   Cr: 15.4993 )
00000809: 12.6197   (Y': 12.0025   Cb: 13.2214   Cr: 15.4725 )
00000810: 12.5699   (Y': 11.9573   Cb: 13.1366   Cr: 15.4401 )
00000811: 12.6068   (Y': 11.9976   Cb: 13.1708   Cr: 15.4521 )
00000812: 12.6143   (Y': 12.0003   Cb: 13.2005   Cr: 15.4639 )
00000813: 12.6212   (Y': 12.0205   Cb: 13.1669   Cr: 15.4218 )
00000814: 12.5779   (Y': 11.9685   Cb: 13.1229   Cr: 15.456  )
00000815: 12.5924   (Y': 11.9536   Cb: 13.2567   Cr: 15.5341 )
00000816: 12.6209   (Y': 11.9997   Cb: 13.2466   Cr: 15.4679 )
00000817: 12.5998   (Y': 11.9812   Cb: 13.1862   Cr: 15.4905 )
00000818: 12.636    (Y': 12.0225   Cb: 13.2146   Cr: 15.494  )
00000819: 12.6376   (Y': 12.0328   Cb: 13.1436   Cr: 15.5423 )
00000820: 12.6657   (Y': 12.061    Cb: 13.2324   Cr: 15.4658 )
00000821: 12.6767   (Y': 12.0974   Cb: 13.1801   Cr: 15.3635 )
00000822: 12.7729   (Y': 12.2049   Cb: 13.2094   Cr: 15.4746 )
00000823: 12.6481   (Y': 12.0402   Cb: 13.2221   Cr: 15.4647 )
00000824: 12.6491   (Y': 12.0438   Cb: 13.2115   Cr: 15.462  )
00000825: 12.6202   (Y': 12.0087   Cb: 13.2304   Cr: 15.4074 )
00000826: 12.6005   (Y': 11.9837   Cb: 13.2412   Cr: 15.3839 )
00000827: 12.6317   (Y': 12.0062   Cb: 13.2444   Cr: 15.5389 )
00000828: 12.6376   (Y': 12.0202   Cb: 13.2098   Cr: 15.5416 )
00000829: 12.5731   (Y': 11.9579   Cb: 13.1729   Cr: 15.4116 )
00000830: 12.5717   (Y': 11.9496   Cb: 13.1883   Cr: 15.442  )
00000831: 12.576    (Y': 11.9441   Cb: 13.2165   Cr: 15.4955 )
00000832: 12.5942   (Y': 11.9805   Cb: 13.1557   Cr: 15.483  )
00000833: 12.5891   (Y': 11.9647   Cb: 13.2127   Cr: 15.4691 )
00000834: 12.5871   (Y': 11.9605   Cb: 13.1875   Cr: 15.5261 )
00000835: 12.5729   (Y': 11.9355   Cb: 13.254    Cr: 15.474  )
00000836: 12.6314   (Y': 12.0149   Cb: 13.2505   Cr: 15.4479 )
00000837: 12.5756   (Y': 11.9459   Cb: 13.2405   Cr: 15.4335 )
00000838: 12.5713   (Y': 11.941    Cb: 13.2035   Cr: 15.4892 )
00000839: 12.9623   (Y': 12.4483   Cb: 13.271    Cr: 15.4339 )
00000840: 13.5044   (Y': 13.1069   Cb: 13.4713   Cr: 15.6582 )
00000841: 13.529    (Y': 13.1586   Cb: 13.4512   Cr: 15.5639 )
00000842: 13.5795   (Y': 13.2233   Cb: 13.447    Cr: 15.606  )
00000843: 13.5873   (Y': 13.2429   Cb: 13.4277   Cr: 15.5774 )
00000844: 13.3004   (Y': 12.8882   Cb: 13.2422   Cr: 15.604  )
00000845: 13.0876   (Y': 12.6294   Cb: 13.2112   Cr: 15.4307 )
00000846: 13.0527   (Y': 12.5803   Cb: 13.2207   Cr: 15.4311 )
00000847: 13.0218   (Y': 12.5371   Cb: 13.2086   Cr: 15.464  )
00000848: 13.0409   (Y': 12.5901   Cb: 13.1528   Cr: 15.3475 )
00000849: 13.1009   (Y': 12.6268   Cb: 13.2925   Cr: 15.4527 )
00000850: 12.9875   (Y': 12.4835   Cb: 13.2416   Cr: 15.4696 )
00000851: 12.9015   (Y': 12.3799   Cb: 13.2044   Cr: 15.4442 )
00000852: 12.8794   (Y': 12.3513   Cb: 13.2229   Cr: 15.4064 )
00000853: 13.0744   (Y': 12.5857   Cb: 13.2996   Cr: 15.485  )
00000854: 13.057    (Y': 12.5625   Cb: 13.2875   Cr: 15.5036 )
00000855: 13.0969   (Y': 12.5993   Cb: 13.3287   Cr: 15.5657 )
00000856: 13.1629   (Y': 12.7006   Cb: 13.3088   Cr: 15.5001 )
00000857: 13.1725   (Y': 12.7024   Cb: 13.3502   Cr: 15.5176 )
00000858: 13.0963   (Y': 12.6249   Cb: 13.2796   Cr: 15.4415 )
00000859: 13.1047   (Y': 12.6253   Cb: 13.314    Cr: 15.4684 )
00000860: 13.0932   (Y': 12.6013   Cb: 13.2791   Cr: 15.5944 )
00000861: 12.9202   (Y': 12.3756   Cb: 13.294    Cr: 15.5315 )
00000862: 12.998    (Y': 12.501    Cb: 13.2263   Cr: 15.4681 )
00000863: 12.8374   (Y': 12.2884   Cb: 13.198    Cr: 15.5081 )
00000864: 12.6291   (Y': 12.0192   Cb: 13.2368   Cr: 15.4071 )
00000865: 12.5771   (Y': 11.9841   Cb: 13.1101   Cr: 15.332  )
00000866: 12.6322   (Y': 12.0316   Cb: 13.2174   Cr: 15.3667 )
00000867: 12.6518   (Y': 12.0437   Cb: 13.1932   Cr: 15.5246 )
00000868: 12.7117   (Y': 12.1094   Cb: 13.2246   Cr: 15.5827 )
00000869: 12.7807   (Y': 12.2158   Cb: 13.2272   Cr: 15.4404 )
00000870: 12.8244   (Y': 12.2641   Cb: 13.2436   Cr: 15.4909 )
00000871: 13.0688   (Y': 12.5879   Cb: 13.2834   Cr: 15.4359 )
00000872: 13.0376   (Y': 12.5443   Cb: 13.2475   Cr: 15.5093 )
00000873: 13.0302   (Y': 12.5264   Cb: 13.2747   Cr: 15.5274 )
00000874: 13.0641   (Y': 12.5555   Cb: 13.3233   Cr: 15.5752 )
00000875: 13.0375   (Y': 12.5403   Cb: 13.2912   Cr: 15.4666 )
00000876: 13.0146   (Y': 12.5119   Cb: 13.2149   Cr: 15.577  )
00000877: 12.6567   (Y': 12.0334   Cb: 13.2974   Cr: 15.497  )
00000878: 12.649    (Y': 12.0419   Cb: 13.2376   Cr: 15.4339 )
00000879: 12.6688   (Y': 12.0651   Cb: 13.23     Cr: 15.4692 )
00000880: 12.6155   (Y': 11.9941   Cb: 13.1996   Cr: 15.5361 )
00000881: 12.6359   (Y': 12.0223   Cb: 13.1846   Cr: 15.5465 )
00000882: 12.6113   (Y': 11.9911   Cb: 13.2255   Cr: 15.4688 )
00000883: 12.6094   (Y': 11.9986   Cb: 13.2053   Cr: 15.4144 )
00000884: 12.5373   (Y': 11.9177   Cb: 13.1512   Cr: 15.3899 )
00000885: 12.563    (Y': 11.944    Cb: 13.1773   Cr: 15.4106 )
00000886: 12.7062   (Y': 12.118    Cb: 13.2318   Cr: 15.4327 )
00000887: 12.7683   (Y': 12.1777   Cb: 13.275    Cr: 15.5458 )
00000888: 12.859    (Y': 12.2936   Cb: 13.2757   Cr: 15.5721 )
00000889: 12.9389   (Y': 12.4032   Cb: 13.315    Cr: 15.4743 )
00000890: 13.1176   (Y': 12.6257   Cb: 13.2903   Cr: 15.6417 )
00000891: 13.0464   (Y': 12.5453   Cb: 13.2623   Cr: 15.5703 )
00000892: 12.8779   (Y': 12.3166   Cb: 13.2612   Cr: 15.6137 )
00000893: 12.8499   (Y': 12.2817   Cb: 13.2868   Cr: 15.5529 )
00000894: 13.0354   (Y': 12.515    Cb: 13.3175   Cr: 15.6025 )
00000895: 13.0478   (Y': 12.5325   Cb: 13.3221   Cr: 15.5871 )
00000896: 12.9067   (Y': 12.3503   Cb: 13.2672   Cr: 15.6405 )
00000897: 12.665    (Y': 12.0587   Cb: 13.203    Cr: 15.5281 )
00000898: 12.6669   (Y': 12.0667   Cb: 13.2003   Cr: 15.4836 )
00000899: 12.6091   (Y': 11.9867   Cb: 13.1864   Cr: 15.5488 )
00000900: 12.6958   (Y': 12.0972   Cb: 13.1816   Cr: 15.5802 )
00000901: 12.6549   (Y': 12.0224   Cb: 13.2828   Cr: 15.6011 )
00000902: 12.711    (Y': 12.1087   Cb: 13.247    Cr: 15.5416 )
00000903: 12.6999   (Y': 12.1043   Cb: 13.2223   Cr: 15.4957 )
00000904: 12.7345   (Y': 12.1362   Cb: 13.2539   Cr: 15.5584 )
00000905: 12.7923   (Y': 12.2236   Cb: 13.2136   Cr: 15.527  )
00000906: 12.8841   (Y': 12.3128   Cb: 13.3307   Cr: 15.5977 )
00000907: 12.9157   (Y': 12.3783   Cb: 13.2305   Cr: 15.5674 )
00000908: 12.8561   (Y': 12.3027   Cb: 13.2538   Cr: 15.5005 )
00000909: 12.7081   (Y': 12.0987   Cb: 13.2608   Cr: 15.574  )
00000910: 12.7005   (Y': 12.0978   Cb: 13.2774   Cr: 15.4663 )
00000911: 12.6018   (Y': 11.9732   Cb: 13.2359   Cr: 15.5021 )
00000912: 12.6801   (Y': 12.0554   Cb: 13.2734   Cr: 15.6139 )
00000913: 12.7342   (Y': 12.1446   Cb: 13.2373   Cr: 15.51   )
00000914: 12.739    (Y': 12.1568   Cb: 13.1721   Cr: 15.5698 )
00000915: 12.7254   (Y': 12.1245   Cb: 13.1993   Cr: 15.6514 )
00000916: 12.638    (Y': 12.0248   Cb: 13.2308   Cr: 15.4699 )
00000917: 12.6217   (Y': 12.007    Cb: 13.206    Cr: 15.4802 )
00000918: 12.6851   (Y': 12.077    Cb: 13.2696   Cr: 15.486  )
00000919: 12.6715   (Y': 12.068    Cb: 13.2116   Cr: 15.5061 )
00000920: 12.6216   (Y': 11.9981   Cb: 13.2279   Cr: 15.5228 )
00000921: 12.6186   (Y': 11.9943   Cb: 13.196    Cr: 15.5763 )
00000922: 12.6342   (Y': 12.0272   Cb: 13.1912   Cr: 15.4718 )
00000923: 12.5814   (Y': 11.9557   Cb: 13.2121   Cr: 15.4607 )
00000924: 12.6103   (Y': 11.9958   Cb: 13.2001   Cr: 15.459  )
00000925: 12.6007   (Y': 11.9715   Cb: 13.1978   Cr: 15.5689 )
00000926: 12.5704   (Y': 11.9334   Cb: 13.2128   Cr: 15.5323 )
00000927: 12.6499   (Y': 12.0214   Cb: 13.2674   Cr: 15.5772 )
00000928: 12.594    (Y': 11.9617   Cb: 13.2343   Cr: 15.5173 )
00000929: 12.6073   (Y': 11.9915   Cb: 13.2149   Cr: 15.4366 )
00000930: 12.6056   (Y': 11.9912   Cb: 13.2127   Cr: 15.4231 )
00000931: 12.6359   (Y': 12.033    Cb: 13.1985   Cr: 15.4277 )
00000932: 12.6047   (Y': 11.9826   Cb: 13.2012   Cr: 15.5092 )
00000933: 12.6228   (Y': 12.0097   Cb: 13.1982   Cr: 15.4831 )
00000934: 12.6347   (Y': 12.0261   Cb: 13.1617   Cr: 15.5377 )
00000935: 12.6218   (Y': 12.0018   Cb: 13.2409   Cr: 15.4698 )
00000936: 12.6566   (Y': 12.0415   Cb: 13.1983   Cr: 15.5923 )
00000937: 12.6139   (Y': 11.9939   Cb: 13.243    Cr: 15.4452 )
00000938: 12.6275   (Y': 12.0174   Cb: 13.1866   Cr: 15.4886 )
00000939: 12.5811   (Y': 11.9589   Cb: 13.214    Cr: 15.4255 )
00000940: 12.6375   (Y': 12.0355   Cb: 13.1382   Cr: 15.5273 )
00000941: 12.6056   (Y': 11.9964   Cb: 13.2255   Cr: 15.3581 )
00000942: 12.6318   (Y': 12.0065   Cb: 13.2305   Cr: 15.5612 )
00000943: 12.6355   (Y': 12.013    Cb: 13.2305   Cr: 15.546  )
00000944: 12.6003   (Y': 11.9715   Cb: 13.2139   Cr: 15.5369 )
00000945: 12.6265   (Y': 12.0155   Cb: 13.2341   Cr: 15.4134 )
00000946: 12.6188   (Y': 12.0084   Cb: 13.1768   Cr: 15.4844 )
00000947: 12.5948   (Y': 11.9807   Cb: 13.1734   Cr: 15.4584 )
00000948: 12.6009   (Y': 11.9939   Cb: 13.1624   Cr: 15.4301 )
00000949: 12.6123   (Y': 11.976    Cb: 13.2361   Cr: 15.5998 )
00000950: 12.6084   (Y': 11.9724   Cb: 13.2712   Cr: 15.5269 )
00000951: 12.6326   (Y': 12.0351   Cb: 13.147    Cr: 15.4581 )
00000952: 12.6367   (Y': 12.0147   Cb: 13.2603   Cr: 15.495  )
00000953: 12.8215   (Y': 12.2537   Cb: 13.2661   Cr: 15.5087 )
00000954: 12.7725   (Y': 12.1966   Cb: 13.2524   Cr: 15.4694 )
00000955: 12.8913   (Y': 12.3454   Cb: 13.2542   Cr: 15.5313 )
00000956: 13.2681   (Y': 12.8215   Cb: 13.3359   Cr: 15.6174 )
00000957: 13.312    (Y': 12.8691   Cb: 13.3748   Cr: 15.6409 )
00000958: 13.2058   (Y': 12.7237   Cb: 13.3813   Cr: 15.6467 )
00000959: 13.2375   (Y': 12.7678   Cb: 13.4116   Cr: 15.5847 )
00000960: 13.2989   (Y': 12.8523   Cb: 13.3964   Cr: 15.5972 )
00000961: 13.0817   (Y': 12.5584   Cb: 13.391    Cr: 15.627  )
00000962: 12.9314   (Y': 12.3851   Cb: 13.3012   Cr: 15.564  )
00000963: 12.8674   (Y': 12.3146   Cb: 13.2079   Cr: 15.6043 )
00000964: 12.5365   (Y': 11.8604   Cb: 13.3212   Cr: 15.6218 )
00000965: 12.5378   (Y': 11.8729   Cb: 13.2656   Cr: 15.6134 )
00000966: 12.5082   (Y': 11.8448   Cb: 13.2417   Cr: 15.5598 )
00000968: 12.7394   (Y': 12.1223   Cb: 13.2805   Cr: 15.6944 )
00000967: 12.5563   (Y': 11.8952   Cb: 13.2687   Cr: 15.6216 )
Total: 13.232    (Y': 12.9133   Cb: 13.0541   Cr: 15.0783 )
