00000000: 31.3234   (Y': 44.3744   Cb: 26.6981   Cr: 26.6981 )
00000001: 15.2409   (Y': 15.3089   Cb: 14.1073   Cr: 16.4105 )
00000004: 15.3573   (Y': 15.456    Cb: 14.1626   Cr: 16.4738 )
00000002: 15.2322   (Y': 15.3385   Cb: 14.0331   Cr: 16.3181 )
00000003: 15.2248   (Y': 15.3231   Cb: 14.0431   Cr: 16.3218 )
00000006: 15.3589   (Y': 15.439    Cb: 14.2074   Cr: 16.4967 )
00000005: 15.3569   (Y': 15.4295   Cb: 14.2236   Cr: 16.5027 )
00000007: 15.4259   (Y': 15.5124   Cb: 14.1974   Cr: 16.6641 )
00000008: 15.4076   (Y': 15.4859   Cb: 14.2267   Cr: 16.6053 )
00000010: 15.4392   (Y': 15.5209   Cb: 14.3047   Cr: 16.5405 )
00000009: 15.4297   (Y': 15.4741   Cb: 14.2968   Cr: 16.7214 )
00000011: 15.4108   (Y': 15.4798   Cb: 14.2784   Cr: 16.5729 )
00000012: 15.4009   (Y': 15.4972   Cb: 14.2057   Cr: 16.5306 )
00000013: 15.4442   (Y': 15.5307   Cb: 14.2597   Cr: 16.606  )
00000014: 15.4269   (Y': 15.518    Cb: 14.269    Cr: 16.5199 )
00000015: 15.4244   (Y': 15.4904   Cb: 14.268    Cr: 16.6438 )
00000016: 15.3985   (Y': 15.471    Cb: 14.2521   Cr: 16.5672 )
00000017: 15.4045   (Y': 15.4699   Cb: 14.2628   Cr: 16.6017 )
00000019: 16.5989   (Y': 17.0637   Cb: 14.731    Cr: 17.2109 )
00000018: 15.8359   (Y': 16.079    Cb: 14.3493   Cr: 16.7535 )
00000020: 16.9029   (Y': 17.4064   Cb: 14.9274   Cr: 17.5481 )
00000022: 17.0536   (Y': 17.5559   Cb: 15.0821   Cr: 17.6965 )
00000021: 17.0415   (Y': 17.5701   Cb: 15.0408   Cr: 17.6301 )
00000023: 16.9404   (Y': 17.4543   Cb: 14.9823   Cr: 17.5115 )
00000025: 16.2707   (Y': 16.6047   Cb: 14.6305   Cr: 17.0425 )
00000027: 15.7799   (Y': 15.9655   Cb: 14.4276   Cr: 16.7383 )
00000026: 16.0041   (Y': 16.2824   Cb: 14.4921   Cr: 16.8038 )
00000028: 15.6108   (Y': 15.7408   Cb: 14.3293   Cr: 16.7197 )
00000024: 16.5252   (Y': 16.9445   Cb: 14.7263   Cr: 17.2059 )
00000030: 15.4232   (Y': 15.4951   Cb: 14.2816   Cr: 16.5866 )
00000031: 15.3978   (Y': 15.4641   Cb: 14.251    Cr: 16.5987 )
00000029: 15.4921   (Y': 15.6065   Cb: 14.2268   Cr: 16.6514 )
00000034: 15.3522   (Y': 15.4208   Cb: 14.1761   Cr: 16.5915 )
00000032: 15.3999   (Y': 15.4592   Cb: 14.2287   Cr: 16.6803 )
00000033: 15.3881   (Y': 15.4511   Cb: 14.2417   Cr: 16.6053 )
00000035: 15.3869   (Y': 15.4599   Cb: 14.2266   Cr: 16.5767 )
00000036: 15.4186   (Y': 15.4903   Cb: 14.2084   Cr: 16.7024 )
00000037: 15.3941   (Y': 15.461    Cb: 14.2045   Cr: 16.6666 )
00000038: 15.4014   (Y': 15.4854   Cb: 14.1916   Cr: 16.6196 )
00000039: 15.4085   (Y': 15.4876   Cb: 14.2123   Cr: 16.6284 )
00000041: 15.3797   (Y': 15.4517   Cb: 14.2518   Cr: 16.5191 )
00000040: 15.4115   (Y': 15.4836   Cb: 14.2585   Cr: 16.5929 )
00000042: 15.4053   (Y': 15.4742   Cb: 14.2378   Cr: 16.6286 )
00000043: 15.4088   (Y': 15.4906   Cb: 14.1961   Cr: 16.6438 )
00000044: 15.4271   (Y': 15.5313   Cb: 14.1966   Cr: 16.5777 )
00000046: 15.4036   (Y': 15.4854   Cb: 14.2342   Cr: 16.5637 )
00000045: 15.3925   (Y': 15.4793   Cb: 14.205    Cr: 16.5576 )
00000047: 15.3861   (Y': 15.47     Cb: 14.208    Cr: 16.5502 )
00000048: 15.3833   (Y': 15.4678   Cb: 14.1587   Cr: 16.6249 )
00000050: 15.3859   (Y': 15.4864   Cb: 14.2229   Cr: 16.4405 )
00000049: 15.4002   (Y': 15.468    Cb: 14.2379   Cr: 16.6197 )
00000051: 15.3834   (Y': 15.4777   Cb: 14.1875   Cr: 16.5252 )
00000052: 15.402    (Y': 15.4958   Cb: 14.2335   Cr: 16.4993 )
00000055: 15.4078   (Y': 15.4785   Cb: 14.2565   Cr: 16.5937 )
00000054: 15.403    (Y': 15.4825   Cb: 14.2318   Cr: 16.5774 )
00000053: 15.3825   (Y': 15.4842   Cb: 14.1817   Cr: 16.4943 )
00000056: 15.3962   (Y': 15.466    Cb: 14.2073   Cr: 16.6522 )
00000057: 15.4048   (Y': 15.4676   Cb: 14.2453   Cr: 16.6461 )
00000058: 15.3816   (Y': 15.4574   Cb: 14.1792   Cr: 16.6298 )
00000059: 15.3888   (Y': 15.4669   Cb: 14.1912   Cr: 16.6162 )
00000060: 15.3689   (Y': 15.4272   Cb: 14.224    Cr: 16.6083 )
00000061: 15.374    (Y': 15.451    Cb: 14.2161   Cr: 16.539  )
00000062: 15.3781   (Y': 15.4439   Cb: 14.1978   Cr: 16.6402 )
00000063: 15.3698   (Y': 15.4285   Cb: 14.2195   Cr: 16.617  )
00000064: 15.3549   (Y': 15.4156   Cb: 14.2064   Cr: 16.5884 )
00000065: 15.3941   (Y': 15.4748   Cb: 14.1844   Cr: 16.6297 )
00000066: 15.3958   (Y': 15.4694   Cb: 14.2532   Cr: 16.5519 )
00000067: 15.3822   (Y': 15.4461   Cb: 14.2395   Cr: 16.5889 )
00000068: 15.3454   (Y': 15.4036   Cb: 14.2033   Cr: 16.5805 )
00000070: 15.3658   (Y': 15.407    Cb: 14.2062   Cr: 16.7223 )
00000069: 15.3761   (Y': 15.4354   Cb: 14.2326   Cr: 16.6076 )
00000071: 15.3817   (Y': 15.4442   Cb: 14.2249   Cr: 16.6195 )
00000072: 15.3871   (Y': 15.466    Cb: 14.2181   Cr: 16.5615 )
00000074: 15.3533   (Y': 15.4243   Cb: 14.1632   Cr: 16.6051 )
00000075: 15.372    (Y': 15.4355   Cb: 14.1943   Cr: 16.6419 )
00000073: 15.4043   (Y': 15.4674   Cb: 14.2328   Cr: 16.6645 )
00000077: 15.4038   (Y': 15.4785   Cb: 14.253    Cr: 16.5683 )
00000078: 15.3786   (Y': 15.471    Cb: 14.1968   Cr: 16.5057 )
00000076: 15.4056   (Y': 15.467    Cb: 14.2859   Cr: 16.5859 )
00000079: 15.3765   (Y': 15.4643   Cb: 14.2144   Cr: 16.4932 )
00000080: 15.4107   (Y': 15.4885   Cb: 14.2224   Cr: 16.6236 )
00000081: 15.3889   (Y': 15.4671   Cb: 14.192    Cr: 16.6149 )
00000082: 15.4451   (Y': 15.522    Cb: 14.244    Cr: 16.6854 )
00000083: 15.3898   (Y': 15.4512   Cb: 14.225    Cr: 16.648  )
00000085: 15.3674   (Y': 15.4314   Cb: 14.2642   Cr: 16.5069 )
00000084: 15.407    (Y': 15.5021   Cb: 14.1968   Cr: 16.5692 )
00000086: 15.3816   (Y': 15.4349   Cb: 14.2195   Cr: 16.6778 )
00000087: 15.3853   (Y': 15.464    Cb: 14.2476   Cr: 16.507  )
00000088: 15.4015   (Y': 15.4877   Cb: 14.1968   Cr: 16.5994 )
00000089: 15.3985   (Y': 15.4709   Cb: 14.1943   Cr: 16.6677 )
00000090: 15.3609   (Y': 15.4365   Cb: 14.1565   Cr: 16.6139 )
00000091: 15.3855   (Y': 15.4715   Cb: 14.1709   Cr: 16.602  )
00000093: 15.3857   (Y': 15.4546   Cb: 14.2204   Cr: 16.605  )
00000092: 15.3585   (Y': 15.4332   Cb: 14.181    Cr: 16.5685 )
00000094: 15.3913   (Y': 15.4674   Cb: 14.2125   Cr: 16.5968 )
00000095: 15.3761   (Y': 15.478    Cb: 14.1992   Cr: 16.4468 )
00000096: 15.3814   (Y': 15.467    Cb: 14.1766   Cr: 16.5829 )
00000098: 15.3731   (Y': 15.4491   Cb: 14.2151   Cr: 16.5433 )
00000097: 15.3796   (Y': 15.4715   Cb: 14.1915   Cr: 16.5196 )
00000099: 15.3718   (Y': 15.4401   Cb: 14.23     Cr: 16.5536 )
00000102: 15.3587   (Y': 15.43     Cb: 14.2127   Cr: 16.5321 )
00000100: 15.3731   (Y': 15.4443   Cb: 14.2441   Cr: 16.5188 )
00000101: 15.369    (Y': 15.4337   Cb: 14.2378   Cr: 16.5518 )
00000103: 15.375    (Y': 15.4508   Cb: 14.2238   Cr: 16.5342 )
00000104: 15.3716   (Y': 15.439    Cb: 14.2176   Cr: 16.5791 )
00000105: 15.3864   (Y': 15.438    Cb: 14.2355   Cr: 16.6721 )
00000106: 15.3606   (Y': 15.4087   Cb: 14.2488   Cr: 16.5966 )
00000108: 15.3673   (Y': 15.4314   Cb: 14.2084   Cr: 16.6004 )
00000107: 15.3547   (Y': 15.4273   Cb: 14.1997   Cr: 16.5376 )
00000109: 15.3786   (Y': 15.4423   Cb: 14.1857   Cr: 16.6736 )
00000110: 15.3823   (Y': 15.4365   Cb: 14.23     Cr: 16.656  )
00000111: 15.3373   (Y': 15.4002   Cb: 14.1882   Cr: 16.5601 )
00000113: 15.3691   (Y': 15.4345   Cb: 14.2286   Cr: 16.5642 )
00000112: 15.3646   (Y': 15.4336   Cb: 14.2254   Cr: 16.5382 )
00000114: 15.3894   (Y': 15.4693   Cb: 14.224    Cr: 16.552  )
00000115: 15.401    (Y': 15.4528   Cb: 14.2286   Cr: 16.7236 )
00000116: 15.4042   (Y': 15.4565   Cb: 14.2981   Cr: 16.6082 )
00000117: 15.4098   (Y': 15.4601   Cb: 14.2746   Cr: 16.6746 )
00000118: 15.3956   (Y': 15.4721   Cb: 14.1986   Cr: 16.6311 )
00000119: 15.419    (Y': 15.4836   Cb: 14.2725   Cr: 16.6287 )
00000120: 15.377    (Y': 15.4455   Cb: 14.2185   Cr: 16.5871 )
00000121: 15.3578   (Y': 15.4208   Cb: 14.1972   Cr: 16.5996 )
00000122: 15.3905   (Y': 15.4515   Cb: 14.251    Cr: 16.6063 )
00000123: 15.3938   (Y': 15.4825   Cb: 14.221    Cr: 16.524  )
00000124: 15.3844   (Y': 15.4843   Cb: 14.1722   Cr: 16.525  )
00000125: 15.3698   (Y': 15.4377   Cb: 14.2368   Cr: 16.5389 )
00000127: 15.3988   (Y': 15.4567   Cb: 14.3336   Cr: 16.5057 )
00000126: 15.393    (Y': 15.4628   Cb: 14.2414   Cr: 16.5844 )
00000128: 15.4057   (Y': 15.4755   Cb: 14.2189   Cr: 16.6574 )
00000129: 15.3695   (Y': 15.4503   Cb: 14.1718   Cr: 16.5836 )
00000130: 15.3763   (Y': 15.4635   Cb: 14.2221   Cr: 16.4827 )
00000131: 15.4093   (Y': 15.4718   Cb: 14.2509   Cr: 16.6507 )
00000132: 15.4053   (Y': 15.4744   Cb: 14.269    Cr: 16.5738 )
00000133: 15.3783   (Y': 15.4499   Cb: 14.2      Cr: 16.6063 )
00000134: 15.3903   (Y': 15.4698   Cb: 14.2135   Cr: 16.5746 )
00000135: 15.4004   (Y': 15.4819   Cb: 14.2049   Cr: 16.6067 )
00000137: 15.3805   (Y': 15.4617   Cb: 14.1704   Cr: 16.6139 )
00000136: 15.3554   (Y': 15.4337   Cb: 14.1844   Cr: 16.536  )
00000138: 15.4156   (Y': 15.476    Cb: 14.2289   Cr: 16.7175 )
00000139: 15.3939   (Y': 15.4944   Cb: 14.172    Cr: 16.5482 )
00000140: 15.3613   (Y': 15.4439   Cb: 14.2031   Cr: 16.4981 )
00000141: 15.3779   (Y': 15.4401   Cb: 14.2137   Cr: 16.6302 )
00000142: 15.3687   (Y': 15.4469   Cb: 14.1811   Cr: 16.579  )
00000143: 15.3752   (Y': 15.4451   Cb: 14.1876   Cr: 16.6281 )
00000145: 15.3753   (Y': 15.4324   Cb: 14.2326   Cr: 16.6173 )
00000146: 15.3776   (Y': 15.4416   Cb: 14.2852   Cr: 16.4987 )
00000144: 15.3504   (Y': 15.4428   Cb: 14.1498   Cr: 16.5091 )
00000147: 15.3531   (Y': 15.4248   Cb: 14.2013   Cr: 16.5349 )
00000148: 15.4207   (Y': 15.5148   Cb: 14.2057   Cr: 16.5963 )
00000149: 15.443    (Y': 15.5248   Cb: 14.2467   Cr: 16.6495 )
00000150: 15.4845   (Y': 15.6029   Cb: 14.2293   Cr: 16.6057 )
00000151: 15.521    (Y': 15.6391   Cb: 14.2621   Cr: 16.65   )
00000152: 15.4804   (Y': 15.5916   Cb: 14.2099   Cr: 16.665  )
00000153: 15.508    (Y': 15.6561   Cb: 14.2202   Cr: 16.5378 )
00000154: 15.5178   (Y': 15.671    Cb: 14.2068   Cr: 16.5624 )
00000155: 15.5241   (Y': 15.6817   Cb: 14.2239   Cr: 16.5287 )
00000156: 15.5507   (Y': 15.7255   Cb: 14.1981   Cr: 16.5615 )
00000157: 15.6163   (Y': 15.8068   Cb: 14.2257   Cr: 16.6161 )
00000158: 15.5543   (Y': 15.7707   Cb: 14.1358   Cr: 16.4795 )
00000159: 15.6567   (Y': 15.902    Cb: 14.2046   Cr: 16.5051 )
00000160: 15.6498   (Y': 15.8569   Cb: 14.2092   Cr: 16.6576 )
00000162: 15.5495   (Y': 15.7139   Cb: 14.2434   Cr: 16.5312 )
00000161: 15.5615   (Y': 15.7911   Cb: 14.1307   Cr: 16.4454 )
00000163: 15.5035   (Y': 15.6851   Cb: 14.2137   Cr: 16.3761 )
00000164: 15.5613   (Y': 15.7552   Cb: 14.2374   Cr: 16.4323 )
00000165: 15.5435   (Y': 15.7298   Cb: 14.2091   Cr: 16.4674 )
00000166: 15.5229   (Y': 15.6503   Cb: 14.2565   Cr: 16.6183 )
00000167: 15.48     (Y': 15.6438   Cb: 14.1928   Cr: 16.4322 )
00000168: 15.3604   (Y': 15.4541   Cb: 14.1784   Cr: 16.4812 )
00000170: 15.4243   (Y': 15.5606   Cb: 14.1315   Cr: 16.521  )
00000169: 15.3512   (Y': 15.4486   Cb: 14.1523   Cr: 16.4825 )
00000171: 15.4192   (Y': 15.5297   Cb: 14.2447   Cr: 16.4434 )
00000172: 15.3908   (Y': 15.5038   Cb: 14.1649   Cr: 16.4892 )
00000174: 15.4101   (Y': 15.499    Cb: 14.2423   Cr: 16.531  )
00000173: 15.4122   (Y': 15.499    Cb: 14.2346   Cr: 16.5603 )
00000175: 15.4195   (Y': 15.5215   Cb: 14.1958   Cr: 16.5698 )
00000176: 15.391    (Y': 15.4721   Cb: 14.2559   Cr: 16.4962 )
00000177: 15.3842   (Y': 15.4627   Cb: 14.2049   Cr: 16.5777 )
00000178: 15.3689   (Y': 15.4496   Cb: 14.1809   Cr: 16.5662 )
00000179: 15.3661   (Y': 15.4682   Cb: 14.1776   Cr: 16.4553 )
00000180: 15.4032   (Y': 15.4621   Cb: 14.3023   Cr: 16.565  )
00000181: 15.3794   (Y': 15.4602   Cb: 14.1996   Cr: 16.562  )
00000182: 15.3724   (Y': 15.4393   Cb: 14.2412   Cr: 16.5438 )
00000183: 15.3316   (Y': 15.3791   Cb: 14.1962   Cr: 16.612  )
00000184: 15.4007   (Y': 15.4694   Cb: 14.1941   Cr: 16.6931 )
00000185: 15.3927   (Y': 15.4622   Cb: 14.2654   Cr: 16.5442 )
00000186: 15.4124   (Y': 15.5013   Cb: 14.2439   Cr: 16.5345 )
00000187: 15.5502   (Y': 15.6897   Cb: 14.2907   Cr: 16.5743 )
00000188: 15.5928   (Y': 15.7584   Cb: 14.2992   Cr: 16.5475 )
00000189: 15.6463   (Y': 15.8662   Cb: 14.2365   Cr: 16.5403 )
00000190: 15.6005   (Y': 15.761    Cb: 14.2778   Cr: 16.6291 )
00000191: 15.6042   (Y': 15.7949   Cb: 14.2179   Cr: 16.5959 )
00000192: 15.5307   (Y': 15.7046   Cb: 14.2106   Cr: 16.4902 )
00000193: 15.6135   (Y': 15.8164   Cb: 14.2381   Cr: 16.5285 )
00000194: 15.7254   (Y': 15.9306   Cb: 14.3559   Cr: 16.6193 )
00000195: 15.8337   (Y': 16.1236   Cb: 14.2717   Cr: 16.6668 )
00000196: 15.8889   (Y': 16.2088   Cb: 14.2807   Cr: 16.6674 )
00000197: 15.8986   (Y': 16.1909   Cb: 14.3361   Cr: 16.7219 )
00000198: 15.7708   (Y': 15.9705   Cb: 14.3428   Cr: 16.7919 )
00000199: 15.7024   (Y': 15.8915   Cb: 14.3162   Cr: 16.7016 )
00000200: 15.639    (Y': 15.7844   Cb: 14.3641   Cr: 16.6597 )
00000202: 15.598    (Y': 15.7293   Cb: 14.3548   Cr: 16.6348 )
00000201: 15.545    (Y': 15.677    Cb: 14.3034   Cr: 16.5754 )
00000203: 15.5932   (Y': 15.7476   Cb: 14.2964   Cr: 16.6072 )
00000204: 15.5088   (Y': 15.6037   Cb: 14.3072   Cr: 16.6573 )
00000206: 15.4896   (Y': 15.5607   Cb: 14.3022   Cr: 16.7362 )
00000205: 15.5065   (Y': 15.5791   Cb: 14.3536   Cr: 16.6856 )
00000207: 15.4442   (Y': 15.5112   Cb: 14.2727   Cr: 16.6848 )
00000208: 15.466    (Y': 15.5537   Cb: 14.2936   Cr: 16.6006 )
00000209: 15.4604   (Y': 15.5042   Cb: 14.331    Cr: 16.7497 )
00000210: 15.4666   (Y': 15.5527   Cb: 14.2345   Cr: 16.713  )
00000211: 15.4718   (Y': 15.5616   Cb: 14.2236   Cr: 16.728  )
00000212: 15.4495   (Y': 15.5543   Cb: 14.2234   Cr: 16.5888 )
00000213: 15.5093   (Y': 15.6265   Cb: 14.2402   Cr: 16.6602 )
00000214: 15.4708   (Y': 15.5571   Cb: 14.2743   Cr: 16.6547 )
00000215: 15.4888   (Y': 15.5903   Cb: 14.2478   Cr: 16.6713 )
00000216: 15.4563   (Y': 15.5445   Cb: 14.2375   Cr: 16.6688 )
00000218: 15.4383   (Y': 15.5632   Cb: 14.1906   Cr: 16.5145 )
00000217: 15.4862   (Y': 15.6018   Cb: 14.2361   Cr: 16.6128 )
00000219: 15.3924   (Y': 15.5382   Cb: 14.1033   Cr: 16.4353 )
00000220: 15.3205   (Y': 15.4189   Cb: 14.1081   Cr: 16.4692 )
00000222: 15.268    (Y': 15.309    Cb: 14.1226   Cr: 16.6001 )
00000221: 15.2823   (Y': 15.3543   Cb: 14.1135   Cr: 16.4915 )
00000223: 15.0887   (Y': 15.1045   Cb: 14.0109   Cr: 16.4384 )
00000224: 15.0055   (Y': 14.949    Cb: 14.0829   Cr: 16.4868 )
00000226: 14.7547   (Y': 14.6378   Cb: 13.9519   Cr: 16.3795 )
00000225: 14.8815   (Y': 14.7929   Cb: 14.0403   Cr: 16.4071 )
00000227: 14.9682   (Y': 14.9528   Cb: 13.9603   Cr: 16.3676 )
00000228: 15.101    (Y': 15.1114   Cb: 14.0061   Cr: 16.511  )
00000229: 15.2015   (Y': 15.2477   Cb: 14.0612   Cr: 16.4971 )
00000230: 15.2199   (Y': 15.2994   Cb: 14.0187   Cr: 16.4467 )
00000231: 15.2364   (Y': 15.3278   Cb: 13.9892   Cr: 16.4817 )
00000232: 15.2411   (Y': 15.3583   Cb: 13.9985   Cr: 16.3462 )
00000234: 15.2767   (Y': 15.3992   Cb: 13.9667   Cr: 16.4732 )
00000233: 15.2534   (Y': 15.3574   Cb: 14.0328   Cr: 16.388  )
00000235: 15.2464   (Y': 15.3579   Cb: 14.013    Cr: 16.3649 )
00000236: 15.2821   (Y': 15.3598   Cb: 14.1144   Cr: 16.46   )
00000237: 15.2667   (Y': 15.3531   Cb: 14.0844   Cr: 16.4245 )
00000238: 15.277    (Y': 15.3589   Cb: 14.1026   Cr: 16.4447 )
00000239: 15.2867   (Y': 15.367    Cb: 14.1166   Cr: 16.4554 )
00000240: 15.345    (Y': 15.451    Cb: 14.1051   Cr: 16.503  )
00000241: 15.3328   (Y': 15.4316   Cb: 14.105    Cr: 16.506  )
00000242: 15.3683   (Y': 15.493    Cb: 14.0676   Cr: 16.5373 )
00000243: 15.3731   (Y': 15.4989   Cb: 14.1179   Cr: 16.4573 )
00000244: 15.3159   (Y': 15.4176   Cb: 14.0702   Cr: 16.5056 )
00000245: 15.2619   (Y': 15.3331   Cb: 14.1026   Cr: 16.4587 )
00000246: 15.1924   (Y': 15.2467   Cb: 14.0012   Cr: 16.535  )
00000247: 15.1707   (Y': 15.2018   Cb: 14.0632   Cr: 16.4898 )
00000248: 15.2045   (Y': 15.2612   Cb: 14.1022   Cr: 16.3795 )
00000249: 15.2133   (Y': 15.2884   Cb: 14.0424   Cr: 16.4105 )
00000250: 15.1843   (Y': 15.2394   Cb: 14.0675   Cr: 16.3923 )
00000251: 15.1606   (Y': 15.1887   Cb: 14.1075   Cr: 16.4018 )
00000252: 15.1075   (Y': 15.1554   Cb: 14.0054   Cr: 16.3279 )
00000253: 15.0627   (Y': 15.0643   Cb: 14.0253   Cr: 16.4198 )
00000254: 15.1123   (Y': 15.1558   Cb: 13.9258   Cr: 16.5042 )
00000255: 15.1053   (Y': 15.1348   Cb: 14.0233   Cr: 16.3888 )
00000256: 15.1173   (Y': 15.1505   Cb: 13.9901   Cr: 16.4598 )
00000257: 15.0757   (Y': 15.0858   Cb: 14.0475   Cr: 16.3707 )
00000258: 15.0419   (Y': 15.0709   Cb: 13.9537   Cr: 16.3392 )
00000259: 15.0781   (Y': 15.1091   Cb: 14.005    Cr: 16.3377 )
00000260: 15.0859   (Y': 15.1291   Cb: 14.0171   Cr: 16.2745 )
00000261: 15.1752   (Y': 15.2225   Cb: 14.0334   Cr: 16.467  )
00000262: 15.1664   (Y': 15.2156   Cb: 14.0495   Cr: 16.4054 )
00000263: 15.1982   (Y': 15.244    Cb: 14.0623   Cr: 16.4881 )
00000264: 15.1766   (Y': 15.2079   Cb: 14.1375   Cr: 16.3779 )
00000265: 15.1281   (Y': 15.1492   Cb: 14.0816   Cr: 16.3958 )
00000266: 15.1255   (Y': 15.1141   Cb: 14.0893   Cr: 16.5523 )
00000267: 15.0743   (Y': 15.0472   Cb: 14.0805   Cr: 16.5139 )
00000268: 15.09     (Y': 15.0312   Cb: 14.1471   Cr: 16.6202 )
00000269: 14.9986   (Y': 14.8762   Cb: 14.1869   Cr: 16.6733 )
00000270: 14.9917   (Y': 14.8977   Cb: 14.0726   Cr: 16.6874 )
00000271: 14.9513   (Y': 14.8552   Cb: 14.0282   Cr: 16.6667 )
00000272: 14.8789   (Y': 14.7987   Cb: 13.8594   Cr: 16.6777 )
00000273: 14.7957   (Y': 14.7049   Cb: 13.8156   Cr: 16.5848 )
00000274: 14.5306   (Y': 14.3938   Cb: 13.6571   Cr: 16.4066 )
00000275: 14.573    (Y': 14.4877   Cb: 13.6469   Cr: 16.2293 )
00000276: 14.6318   (Y': 14.455    Cb: 13.8678   Cr: 16.5603 )
00000277: 14.7996   (Y': 14.6608   Cb: 13.9206   Cr: 16.6987 )
00000278: 15.0116   (Y': 14.9544   Cb: 13.9506   Cr: 16.7494 )
00000279: 15.1026   (Y': 15.0765   Cb: 14.084    Cr: 16.5807 )
00000280: 15.1305   (Y': 15.0735   Cb: 14.1652   Cr: 16.6903 )
00000281: 15.1448   (Y': 15.1317   Cb: 14.0879   Cr: 16.6179 )
00000282: 15.2139   (Y': 15.2314   Cb: 14.0725   Cr: 16.6676 )
00000283: 15.216    (Y': 15.2496   Cb: 14.1064   Cr: 16.5256 )
00000284: 15.2175   (Y': 15.267    Cb: 14.1209   Cr: 16.4199 )
00000286: 15.2717   (Y': 15.3656   Cb: 14.0698   Cr: 16.4255 )
00000285: 15.2408   (Y': 15.3294   Cb: 13.9998   Cr: 16.4895 )
00000287: 15.2695   (Y': 15.3762   Cb: 13.9988   Cr: 16.4774 )
00000288: 15.2635   (Y': 15.3764   Cb: 14.0455   Cr: 16.3488 )
00000289: 15.2266   (Y': 15.3327   Cb: 14.0255   Cr: 16.3172 )
00000290: 15.1781   (Y': 15.288    Cb: 13.9527   Cr: 16.291  )
00000291: 15.1814   (Y': 15.3184   Cb: 13.8937   Cr: 16.2659 )
00000292: 15.1772   (Y': 15.3017   Cb: 13.9336   Cr: 16.2478 )
00000293: 15.183    (Y': 15.3236   Cb: 13.8848   Cr: 16.2675 )
00000294: 15.1673   (Y': 15.2932   Cb: 13.9515   Cr: 16.184  )
00000295: 15.1471   (Y': 15.2459   Cb: 13.9735   Cr: 16.2278 )
00000296: 15.1597   (Y': 15.2696   Cb: 13.9751   Cr: 16.2033 )
00000297: 15.1839   (Y': 15.3146   Cb: 13.9328   Cr: 16.2364 )
00000298: 15.1907   (Y': 15.305    Cb: 13.9646   Cr: 16.2823 )
00000299: 15.203    (Y': 15.2898   Cb: 14.0541   Cr: 16.3027 )
00000300: 15.1825   (Y': 15.2944   Cb: 13.9878   Cr: 16.2333 )
00000301: 15.1853   (Y': 15.2896   Cb: 13.9785   Cr: 16.295  )
00000302: 15.1179   (Y': 15.1987   Cb: 13.964    Cr: 16.2566 )
00000303: 15.0948   (Y': 15.1559   Cb: 13.9811   Cr: 16.2663 )
00000304: 15.0938   (Y': 15.1707   Cb: 13.9209   Cr: 16.2847 )
00000305: 15.1043   (Y': 15.1754   Cb: 13.9426   Cr: 16.3057 )
00000306: 15.0638   (Y': 15.1413   Cb: 13.9244   Cr: 16.1944 )
00000307: 15.0803   (Y': 15.1633   Cb: 13.9042   Cr: 16.2457 )
00000308: 15.0239   (Y': 15.0922   Cb: 13.8894   Cr: 16.1941 )
00000309: 14.9912   (Y': 15.0512   Cb: 13.9094   Cr: 16.115  )
00000310: 15.0209   (Y': 15.0327   Cb: 14.0131   Cr: 16.2723 )
00000311: 14.9941   (Y': 15.0196   Cb: 13.9347   Cr: 16.26   )
00000312: 15.0413   (Y': 15.0824   Cb: 13.98     Cr: 16.2284 )
00000313: 15.0853   (Y': 15.1474   Cb: 13.9666   Cr: 16.2603 )
00000314: 15.0547   (Y': 15.1112   Cb: 13.9202   Cr: 16.2857 )
00000316: 15.0831   (Y': 15.1195   Cb: 14.0587   Cr: 16.2331 )
00000315: 15.0629   (Y': 15.1289   Cb: 13.9341   Cr: 16.2346 )
00000317: 15.0198   (Y': 15.0666   Cb: 13.933    Cr: 16.2202 )
00000318: 15.0494   (Y': 15.1092   Cb: 13.9398   Cr: 16.2211 )
00000319: 15.0419   (Y': 15.0906   Cb: 13.9458   Cr: 16.2479 )
00000320: 15.126    (Y': 15.1992   Cb: 13.9868   Cr: 16.2784 )
00000321: 15.0588   (Y': 15.1225   Cb: 13.8874   Cr: 16.3159 )
00000322: 15.0432   (Y': 15.1268   Cb: 13.8819   Cr: 16.1801 )
00000323: 15.0045   (Y': 15.0642   Cb: 13.912    Cr: 16.1473 )
00000324: 15.0447   (Y': 15.1046   Cb: 13.9671   Cr: 16.1618 )
00000325: 15.0573   (Y': 15.0896   Cb: 13.9701   Cr: 16.3343 )
00000326: 15.0274   (Y': 15.0878   Cb: 13.8939   Cr: 16.236  )
00000327: 15.0217   (Y': 15.0591   Cb: 13.9558   Cr: 16.236  )
00000328: 15.0062   (Y': 15.0485   Cb: 13.9214   Cr: 16.2262 )
00000330: 15.0584   (Y': 15.1028   Cb: 13.9699   Cr: 16.2741 )
00000329: 15.0159   (Y': 15.08     Cb: 13.8941   Cr: 16.1854 )
00000332: 15.1112   (Y': 15.181    Cb: 13.9744   Cr: 16.277  )
00000331: 15.1158   (Y': 15.1943   Cb: 13.9996   Cr: 16.2028 )
00000333: 15.1095   (Y': 15.1751   Cb: 14.0188   Cr: 16.2194 )
00000334: 15.1073   (Y': 15.1598   Cb: 14.009    Cr: 16.2968 )
00000335: 15.0212   (Y': 15.0387   Cb: 13.9933   Cr: 16.276  )
00000336: 14.9989   (Y': 15.0481   Cb: 13.8927   Cr: 16.2194 )
00000337: 15.0485   (Y': 15.0942   Cb: 13.9725   Cr: 16.2366 )
00000338: 15.1168   (Y': 15.1859   Cb: 13.9879   Cr: 16.2725 )
00000339: 15.0937   (Y': 15.1284   Cb: 13.9866   Cr: 16.3929 )
00000340: 15.0709   (Y': 15.137    Cb: 13.9332   Cr: 16.2568 )
00000341: 15.1112   (Y': 15.1844   Cb: 13.9646   Cr: 16.2761 )
00000342: 15.1279   (Y': 15.1739   Cb: 14.0343   Cr: 16.344  )
00000343: 15.144    (Y': 15.1935   Cb: 14.0119   Cr: 16.4081 )
00000344: 15.1349   (Y': 15.1884   Cb: 13.9851   Cr: 16.408  )
00000345: 15.1169   (Y': 15.1704   Cb: 13.9707   Cr: 16.3839 )
00000346: 15.116    (Y': 15.1563   Cb: 13.9714   Cr: 16.4506 )
00000347: 15.0859   (Y': 15.1312   Cb: 13.956    Cr: 16.3684 )
00000348: 15.1212   (Y': 15.1599   Cb: 13.9986   Cr: 16.4255 )
00000349: 15.1425   (Y': 15.1884   Cb: 14.0651   Cr: 16.3322 )
00000350: 15.1165   (Y': 15.1692   Cb: 13.989    Cr: 16.3553 )
00000351: 15.0961   (Y': 15.1555   Cb: 13.9453   Cr: 16.3403 )
00000352: 15.0941   (Y': 15.1447   Cb: 13.9748   Cr: 16.3301 )
00000353: 15.1061   (Y': 15.1331   Cb: 14.0469   Cr: 16.3632 )
00000354: 15.0942   (Y': 15.126    Cb: 14.0079   Cr: 16.3727 )
00000355: 15.0857   (Y': 15.136    Cb: 13.9825   Cr: 16.2955 )
00000356: 15.1042   (Y': 15.1546   Cb: 14.021    Cr: 16.2797 )
00000357: 15.089    (Y': 15.1218   Cb: 14.0214   Cr: 16.3306 )
00000358: 15.0992   (Y': 15.1592   Cb: 13.9667   Cr: 16.3084 )
00000359: 15.0957   (Y': 15.1626   Cb: 13.9431   Cr: 16.3032 )
00000360: 15.1271   (Y': 15.1927   Cb: 13.9794   Cr: 16.3334 )
00000361: 15.0831   (Y': 15.1491   Cb: 13.9292   Cr: 16.2979 )
00000362: 15.0569   (Y': 15.1114   Cb: 13.9453   Cr: 16.2596 )
00000363: 15.085    (Y': 15.1261   Cb: 13.9888   Cr: 16.3312 )
00000364: 15.1168   (Y': 15.1841   Cb: 13.968    Cr: 16.3164 )
00000365: 15.0745   (Y': 15.1006   Cb: 14.0175   Cr: 16.333  )
00000366: 15.0595   (Y': 15.1206   Cb: 13.9551   Cr: 16.2156 )
00000367: 15.0777   (Y': 15.1218   Cb: 13.9714   Cr: 16.3254 )
00000368: 15.0872   (Y': 15.1226   Cb: 14.0218   Cr: 16.311  )
00000369: 15.0553   (Y': 15.0956   Cb: 14.0053   Cr: 16.2276 )
00000370: 15.0671   (Y': 15.1175   Cb: 13.9515   Cr: 16.2978 )
00000371: 15.1169   (Y': 15.1604   Cb: 14.0185   Cr: 16.3544 )
00000372: 15.095    (Y': 15.1227   Cb: 14.0041   Cr: 16.4037 )
00000373: 15.0497   (Y': 15.0736   Cb: 14.0163   Cr: 16.2805 )
00000374: 15.018    (Y': 15.0058   Cb: 14.0294   Cr: 16.3664 )
00000375: 15.0319   (Y': 15.0383   Cb: 14.0037   Cr: 16.3472 )
00000376: 15.0575   (Y': 15.0496   Cb: 14.0543   Cr: 16.4068 )
00000377: 14.9743   (Y': 14.9475   Cb: 13.995    Cr: 16.387  )
00000378: 14.9629   (Y': 14.9399   Cb: 13.9462   Cr: 16.42   )
00000379: 14.9647   (Y': 14.925    Cb: 14.0248   Cr: 16.3819 )
00000380: 14.9416   (Y': 14.906    Cb: 13.9795   Cr: 16.374  )
00000381: 14.9354   (Y': 14.8977   Cb: 13.9983   Cr: 16.3365 )
00000382: 14.9528   (Y': 14.9162   Cb: 13.973    Cr: 16.4213 )
00000383: 14.935    (Y': 14.8863   Cb: 14.0195   Cr: 16.3598 )
00000384: 14.9259   (Y': 14.8911   Cb: 13.973    Cr: 16.3377 )
00000385: 14.9521   (Y': 14.9081   Cb: 14.0122   Cr: 16.3929 )
00000386: 14.9539   (Y': 14.9196   Cb: 13.9424   Cr: 16.4664 )
00000387: 14.9162   (Y': 14.8654   Cb: 13.9834   Cr: 16.3831 )
00000388: 14.9097   (Y': 14.8578   Cb: 13.9744   Cr: 16.387  )
00000389: 14.9106   (Y': 14.8497   Cb: 13.9858   Cr: 16.4213 )
00000390: 14.9088   (Y': 14.847    Cb: 13.9915   Cr: 16.4116 )
00000391: 14.872    (Y': 14.8074   Cb: 13.9618   Cr: 16.3779 )
00000392: 14.916    (Y': 14.8723   Cb: 13.9473   Cr: 16.4053 )
00000393: 14.9328   (Y': 14.8629   Cb: 14.0135   Cr: 16.4857 )
00000394: 14.9157   (Y': 14.8824   Cb: 13.9942   Cr: 16.265  )
00000395: 14.9282   (Y': 14.895    Cb: 13.9342   Cr: 16.4029 )
00000396: 14.9187   (Y': 14.8642   Cb: 14.0126   Cr: 16.3604 )
00000397: 14.9344   (Y': 14.8944   Cb: 13.9829   Cr: 16.3729 )
00000398: 14.8998   (Y': 14.8519   Cb: 13.9844   Cr: 16.3204 )
00000399: 14.9234   (Y': 14.8721   Cb: 14.0121   Cr: 16.3563 )
00000400: 14.9172   (Y': 14.8583   Cb: 14.0059   Cr: 16.3931 )
00000401: 14.8983   (Y': 14.8382   Cb: 13.9768   Cr: 16.3986 )
00000402: 14.9129   (Y': 14.8683   Cb: 13.9721   Cr: 16.3588 )
00000403: 14.9425   (Y': 14.9179   Cb: 13.9371   Cr: 16.3888 )
00000404: 14.9374   (Y': 14.8865   Cb: 14.0254   Cr: 16.3688 )
00000405: 14.9335   (Y': 14.8943   Cb: 13.9857   Cr: 16.3613 )
00000406: 14.9536   (Y': 14.8919   Cb: 13.9805   Cr: 16.5554 )
00000407: 14.9488   (Y': 14.9048   Cb: 13.9975   Cr: 16.4097 )
00000408: 14.9176   (Y': 14.8853   Cb: 13.963    Cr: 16.3185 )
00000410: 14.9143   (Y': 14.8648   Cb: 13.9581   Cr: 16.4154 )
00000409: 14.9235   (Y': 14.8761   Cb: 13.9903   Cr: 16.3715 )
00000411: 14.9115   (Y': 14.8672   Cb: 13.9421   Cr: 16.4061 )
00000412: 14.917    (Y': 14.8775   Cb: 13.9838   Cr: 16.3211 )
00000413: 14.9329   (Y': 14.8741   Cb: 14.014    Cr: 16.4214 )
00000414: 14.9425   (Y': 14.8842   Cb: 13.9954   Cr: 16.4776 )
00000415: 14.9304   (Y': 14.8776   Cb: 13.9934   Cr: 16.4162 )
00000416: 14.9348   (Y': 14.8665   Cb: 14.0219   Cr: 16.4676 )
00000417: 14.9655   (Y': 14.9068   Cb: 14.0054   Cr: 16.5256 )
00000418: 14.9409   (Y': 14.8834   Cb: 14.0232   Cr: 16.4194 )
00000419: 14.9422   (Y': 14.8838   Cb: 13.9879   Cr: 16.4907 )
00000420: 14.9145   (Y': 14.848    Cb: 14.0039   Cr: 16.4329 )
00000421: 14.9512   (Y': 14.9051   Cb: 13.9848   Cr: 16.4505 )
00000422: 14.9245   (Y': 14.8694   Cb: 13.9773   Cr: 16.4414 )
00000423: 14.9134   (Y': 14.8584   Cb: 13.9648   Cr: 16.4326 )
00000424: 14.9167   (Y': 14.8504   Cb: 13.9755   Cr: 16.4882 )
00000425: 14.9388   (Y': 14.8871   Cb: 13.9918   Cr: 16.4357 )
00000426: 14.9135   (Y': 14.8513   Cb: 14.0182   Cr: 16.3805 )
00000427: 14.9234   (Y': 14.8608   Cb: 14.0067   Cr: 16.4299 )
00000428: 14.929    (Y': 14.8736   Cb: 13.9819   Cr: 16.4477 )
00000429: 14.9142   (Y': 14.8717   Cb: 13.9754   Cr: 16.3449 )
00000430: 14.9055   (Y': 14.8509   Cb: 13.9724   Cr: 16.3944 )
00000431: 14.9018   (Y': 14.849    Cb: 13.9555   Cr: 16.4042 )
00000432: 14.9371   (Y': 14.8826   Cb: 13.9652   Cr: 16.4943 )
00000433: 14.9275   (Y': 14.8712   Cb: 13.9959   Cr: 16.4238 )
00000435: 14.9255   (Y': 14.8874   Cb: 13.93     Cr: 16.431  )
00000434: 14.9182   (Y': 14.8513   Cb: 14.01     Cr: 16.4345 )
00000436: 14.9385   (Y': 14.8788   Cb: 13.987    Cr: 16.4894 )
00000437: 14.9468   (Y': 14.8761   Cb: 14.0445   Cr: 16.475  )
00000438: 14.9135   (Y': 14.8364   Cb: 13.9904   Cr: 16.515  )
00000439: 14.9126   (Y': 14.8622   Cb: 13.9464   Cr: 16.4363 )
00000440: 14.9466   (Y': 14.9046   Cb: 13.9869   Cr: 16.4105 )
00000441: 14.9072   (Y': 14.8447   Cb: 14.0181   Cr: 16.3651 )
00000442: 14.9186   (Y': 14.8561   Cb: 13.9693   Cr: 16.4819 )
00000443: 14.9321   (Y': 14.8834   Cb: 13.9566   Cr: 16.4622 )
00000444: 14.9332   (Y': 14.8797   Cb: 13.9928   Cr: 16.4289 )
00000445: 14.9161   (Y': 14.862    Cb: 13.9639   Cr: 16.4358 )
00000446: 14.9302   (Y': 14.8724   Cb: 13.9972   Cr: 16.4374 )
00000447: 14.9013   (Y': 14.851    Cb: 13.9596   Cr: 16.3812 )
00000448: 14.9155   (Y': 14.8538   Cb: 13.9517   Cr: 16.5003 )
00000449: 14.9228   (Y': 14.8851   Cb: 13.9271   Cr: 16.4257 )
00000450: 14.9239   (Y': 14.8731   Cb: 13.9809   Cr: 16.4089 )
00000451: 14.9111   (Y': 14.8618   Cb: 13.9653   Cr: 16.3921 )
00000452: 14.9041   (Y': 14.8248   Cb: 13.9985   Cr: 16.4883 )
00000454: 14.9062   (Y': 14.8445   Cb: 13.9844   Cr: 16.4163 )
00000453: 14.9195   (Y': 14.8713   Cb: 13.9685   Cr: 16.4039 )
00000455: 14.9367   (Y': 14.8922   Cb: 13.9761   Cr: 16.4166 )
00000456: 14.8954   (Y': 14.8367   Cb: 13.9733   Cr: 16.3888 )
00000457: 14.9531   (Y': 14.8855   Cb: 14.0563   Cr: 16.4534 )
00000458: 14.9412   (Y': 14.8779   Cb: 14.0044   Cr: 16.4867 )
00000459: 14.9039   (Y': 14.859    Cb: 13.9249   Cr: 16.4183 )
00000460: 14.9127   (Y': 14.8687   Cb: 13.9632   Cr: 16.3699 )
00000461: 14.8943   (Y': 14.8202   Cb: 13.986    Cr: 16.4523 )
00000462: 14.9071   (Y': 14.8557   Cb: 13.9539   Cr: 16.4131 )
00000463: 14.9568   (Y': 14.9018   Cb: 14.0134   Cr: 16.4666 )
00000464: 14.9121   (Y': 14.8506   Cb: 13.9827   Cr: 16.4342 )
00000465: 14.9315   (Y': 14.8536   Cb: 13.9933   Cr: 16.5656 )
00000466: 14.8965   (Y': 14.8251   Cb: 13.9802   Cr: 16.4531 )
00000467: 14.9082   (Y': 14.8444   Cb: 13.9685   Cr: 16.4622 )
00000468: 14.9094   (Y': 14.8448   Cb: 14.0076   Cr: 16.401  )
00000469: 14.8812   (Y': 14.8364   Cb: 13.9313   Cr: 16.3443 )
00000470: 14.9293   (Y': 14.8943   Cb: 13.9841   Cr: 16.3292 )
00000471: 14.8882   (Y': 14.8299   Cb: 13.9212   Cr: 16.4589 )
00000472: 14.9054   (Y': 14.8463   Cb: 13.9438   Cr: 16.4704 )
00000473: 14.9224   (Y': 14.8695   Cb: 13.9608   Cr: 16.4518 )
00000474: 14.9285   (Y': 14.8715   Cb: 13.9939   Cr: 16.434  )
00000475: 14.8945   (Y': 14.8295   Cb: 13.972    Cr: 16.4248 )
00000476: 14.9128   (Y': 14.841    Cb: 14.0329   Cr: 16.4086 )
00000477: 14.9127   (Y': 14.8409   Cb: 14.0163   Cr: 16.4365 )
00000478: 14.9419   (Y': 14.8709   Cb: 14.0127   Cr: 16.519  )
00000479: 14.9216   (Y': 14.8349   Cb: 14.0415   Cr: 16.5034 )
00000480: 14.9348   (Y': 14.8771   Cb: 14.0166   Cr: 16.4158 )
00000481: 14.9276   (Y': 14.8646   Cb: 14.0138   Cr: 16.4309 )
00000482: 14.9058   (Y': 14.849    Cb: 13.9979   Cr: 16.3637 )
00000483: 14.9165   (Y': 14.8503   Cb: 14.0248   Cr: 16.3998 )
00000484: 14.8912   (Y': 14.8329   Cb: 13.9617   Cr: 16.3956 )
00000485: 14.9171   (Y': 14.8569   Cb: 13.97     Cr: 16.4628 )
00000486: 14.9352   (Y': 14.8741   Cb: 14.0362   Cr: 16.4028 )
00000487: 14.9237   (Y': 14.8692   Cb: 13.9727   Cr: 16.4435 )
00000488: 14.926    (Y': 14.8843   Cb: 13.9353   Cr: 16.4429 )
00000489: 14.9374   (Y': 14.8739   Cb: 13.989    Cr: 16.5042 )
00000490: 14.9228   (Y': 14.8563   Cb: 14.0108   Cr: 16.4435 )
00000491: 14.9054   (Y': 14.84     Cb: 13.9456   Cr: 16.5043 )
00000492: 14.9374   (Y': 14.8913   Cb: 13.9931   Cr: 16.3977 )
00000493: 14.9007   (Y': 14.8531   Cb: 13.9452   Cr: 16.3892 )
00000494: 14.9386   (Y': 14.8569   Cb: 14.0741   Cr: 16.4643 )
00000495: 14.9177   (Y': 14.8748   Cb: 13.9741   Cr: 16.3588 )
00000496: 14.8898   (Y': 14.8568   Cb: 13.908    Cr: 16.3414 )
00000497: 14.9444   (Y': 14.9042   Cb: 13.9616   Cr: 16.439  )
00000498: 15.0179   (Y': 14.9834   Cb: 14.0492   Cr: 16.4554 )
00000499: 15.2372   (Y': 15.292    Cb: 14.0667   Cr: 16.5401 )
00000500: 15.1089   (Y': 15.1375   Cb: 14.015    Cr: 16.418  )
00000501: 15.0645   (Y': 15.0854   Cb: 13.991    Cr: 16.3794 )
00000502: 15.1905   (Y': 15.1906   Cb: 14.1304   Cr: 16.5954 )
00000503: 14.9874   (Y': 14.9462   Cb: 14.0193   Cr: 16.4614 )
00000504: 15.1278   (Y': 15.1352   Cb: 14.041    Cr: 16.54   )
00000505: 15.1115   (Y': 15.1161   Cb: 14.0418   Cr: 16.5082 )
00000506: 14.9905   (Y': 14.9505   Cb: 14.0192   Cr: 16.4636 )
00000507: 14.9965   (Y': 14.9716   Cb: 13.9812   Cr: 16.4616 )
00000508: 15.0484   (Y': 15.0134   Cb: 14.1117   Cr: 16.4336 )
00000509: 14.9824   (Y': 14.9256   Cb: 14.0174   Cr: 16.5402 )
00000510: 15.0104   (Y': 14.9668   Cb: 14.0281   Cr: 16.5235 )
00000511: 14.9348   (Y': 14.8826   Cb: 14.0211   Cr: 16.3771 )
00000512: 14.9051   (Y': 14.8274   Cb: 14.038    Cr: 16.4123 )
00000513: 14.9511   (Y': 14.9009   Cb: 14.0131   Cr: 16.424  )
00000514: 14.95     (Y': 14.9062   Cb: 13.9526   Cr: 16.4908 )
00000515: 14.9217   (Y': 14.8296   Cb: 14.059    Cr: 16.5048 )
00000516: 14.9229   (Y': 14.8727   Cb: 13.9601   Cr: 16.4393 )
00000517: 14.961    (Y': 14.8788   Cb: 14.106    Cr: 16.4726 )
00000518: 15.0016   (Y': 14.968    Cb: 14.0038   Cr: 16.4849 )
00000519: 15.0552   (Y': 15.0182   Cb: 14.0984   Cr: 16.4861 )
00000520: 15.0506   (Y': 15.0031   Cb: 14.1493   Cr: 16.445  )
00000521: 15.0637   (Y': 15.0483   Cb: 14.0431   Cr: 16.4846 )
00000522: 15.1084   (Y': 15.126    Cb: 14.0292   Cr: 16.4506 )
00000523: 15.1382   (Y': 15.1575   Cb: 14.0825   Cr: 16.4309 )
00000524: 15.1228   (Y': 15.1244   Cb: 14.084    Cr: 16.4817 )
00000525: 15.0516   (Y': 15.0741   Cb: 13.9706   Cr: 16.371  )
00000526: 15.035    (Y': 15.0446   Cb: 14.0149   Cr: 16.3185 )
00000527: 15.0982   (Y': 15.1455   Cb: 13.9999   Cr: 16.3156 )
00000528: 15.0629   (Y': 15.0824   Cb: 13.9776   Cr: 16.4059 )
00000529: 15.1003   (Y': 15.1731   Cb: 13.9769   Cr: 16.228  )
00000530: 15.0221   (Y': 15.0521   Cb: 13.9509   Cr: 16.2843 )
00000531: 14.9813   (Y': 15.0255   Cb: 13.8834   Cr: 16.2142 )
00000532: 15.037    (Y': 15.0939   Cb: 13.9282   Cr: 16.2218 )
00000533: 15.0501   (Y': 15.0685   Cb: 14.0218   Cr: 16.3014 )
00000534: 15.077    (Y': 15.132    Cb: 13.931    Cr: 16.3354 )
00000535: 15.2229   (Y': 15.3277   Cb: 14.0512   Cr: 16.2706 )
00000536: 15.1688   (Y': 15.2231   Cb: 14.0514   Cr: 16.3824 )
00000537: 15.383    (Y': 15.5162   Cb: 14.1317   Cr: 16.4237 )
00000538: 15.2186   (Y': 15.3364   Cb: 13.9838   Cr: 16.3075 )
00000539: 15.2987   (Y': 15.4761   Cb: 13.9423   Cr: 16.3029 )
00000540: 15.2645   (Y': 15.4149   Cb: 14.0025   Cr: 16.2396 )
00000541: 15.2217   (Y': 15.3457   Cb: 13.9778   Cr: 16.2958 )
00000542: 15.1413   (Y': 15.2371   Cb: 13.971    Cr: 16.2313 )
00000543: 15.1019   (Y': 15.182    Cb: 14.0107   Cr: 16.1398 )
00000544: 15.0423   (Y': 15.1171   Cb: 13.9315   Cr: 16.1391 )
00000545: 15.101    (Y': 15.1666   Cb: 13.9773   Cr: 16.2667 )
00000546: 15.0139   (Y': 15.0814   Cb: 13.8984   Cr: 16.1555 )
00000547: 15.1075   (Y': 15.1935   Cb: 13.9503   Cr: 16.2254 )
00000548: 15.1497   (Y': 15.2342   Cb: 13.987    Cr: 16.2844 )
00000549: 15.1231   (Y': 15.2143   Cb: 13.9769   Cr: 16.196  )
00000550: 15.1352   (Y': 15.2254   Cb: 13.9946   Cr: 16.2036 )
00000551: 15.1777   (Y': 15.2807   Cb: 13.9473   Cr: 16.3344 )
00000552: 15.1453   (Y': 15.2037   Cb: 14.0345   Cr: 16.3261 )
00000553: 15.1188   (Y': 15.2033   Cb: 13.896    Cr: 16.3575 )
00000554: 15.1389   (Y': 15.2237   Cb: 14.0043   Cr: 16.2249 )
00000555: 15.1149   (Y': 15.1908   Cb: 13.9208   Cr: 16.3482 )
00000556: 15.1603   (Y': 15.2469   Cb: 13.9622   Cr: 16.3445 )
00000557: 15.131    (Y': 15.192    Cb: 13.9836   Cr: 16.3602 )
00000558: 15.057    (Y': 15.1241   Cb: 13.8733   Cr: 16.3181 )
00000559: 15.1059   (Y': 15.1632   Cb: 13.9594   Cr: 16.3535 )
00000560: 15.1504   (Y': 15.1971   Cb: 14.0068   Cr: 16.4491 )
00000562: 15.0905   (Y': 15.1413   Cb: 13.9725   Cr: 16.3233 )
00000561: 15.1151   (Y': 15.1934   Cb: 13.9067   Cr: 16.3608 )
00000563: 15.0402   (Y': 15.0941   Cb: 13.8805   Cr: 16.3284 )
00000564: 15.1029   (Y': 15.1516   Cb: 14.0181   Cr: 16.2898 )
00000565: 15.1646   (Y': 15.233    Cb: 14.0107   Cr: 16.3668 )
00000566: 15.2424   (Y': 15.3258   Cb: 14.0677   Cr: 16.403  )
00000567: 15.2391   (Y': 15.3399   Cb: 14.0542   Cr: 16.329  )
00000568: 15.2771   (Y': 15.3698   Cb: 14.0401   Cr: 16.4981 )
00000569: 15.3221   (Y': 15.4407   Cb: 14.0891   Cr: 16.4041 )
00000570: 15.3384   (Y': 15.4481   Cb: 14.0716   Cr: 16.5242 )
00000571: 15.3322   (Y': 15.4782   Cb: 14.0189   Cr: 16.4158 )
00000572: 15.3538   (Y': 15.4367   Cb: 14.1838   Cr: 16.5094 )
00000573: 15.3479   (Y': 15.4494   Cb: 14.103    Cr: 16.5374 )
00000574: 15.3449   (Y': 15.4196   Cb: 14.185    Cr: 16.5247 )
00000575: 15.3877   (Y': 15.4792   Cb: 14.1321   Cr: 16.6475 )
00000576: 15.3849   (Y': 15.4477   Cb: 14.2014   Cr: 16.6685 )
00000577: 15.398    (Y': 15.4942   Cb: 14.1929   Cr: 16.5459 )
00000578: 15.4634   (Y': 15.5365   Cb: 14.278    Cr: 16.6961 )
00000579: 15.4218   (Y': 15.5114   Cb: 14.1995   Cr: 16.6323 )
00000580: 15.4654   (Y': 15.5459   Cb: 14.2748   Cr: 16.6687 )
00000581: 15.4314   (Y': 15.5386   Cb: 14.226    Cr: 16.5237 )
00000582: 15.4404   (Y': 15.5402   Cb: 14.191    Cr: 16.6465 )
00000583: 15.4679   (Y': 15.5585   Cb: 14.2318   Cr: 16.6983 )
00000584: 15.4584   (Y': 15.5372   Cb: 14.265    Cr: 16.6753 )
00000586: 15.4432   (Y': 15.5289   Cb: 14.217    Cr: 16.6812 )
00000585: 15.4587   (Y': 15.5413   Cb: 14.2848   Cr: 16.6222 )
00000587: 15.4112   (Y': 15.5082   Cb: 14.1919   Cr: 16.5784 )
00000588: 15.4537   (Y': 15.5219   Cb: 14.2914   Cr: 16.6719 )
00000589: 15.4082   (Y': 15.5091   Cb: 14.166    Cr: 16.5957 )
00000590: 15.421    (Y': 15.5032   Cb: 14.25     Cr: 16.5815 )
00000591: 15.3971   (Y': 15.4955   Cb: 14.1816   Cr: 16.5517 )
00000592: 15.3609   (Y': 15.4128   Cb: 14.188    Cr: 16.6835 )
00000593: 15.2985   (Y': 15.3002   Cb: 14.2361   Cr: 16.6984 )
00000594: 15.2402   (Y': 15.2072   Cb: 14.2555   Cr: 16.6974 )
00000595: 15.2241   (Y': 15.1754   Cb: 14.2827   Cr: 16.6943 )
00000596: 15.2922   (Y': 15.2779   Cb: 14.2847   Cr: 16.685  )
00000597: 15.3248   (Y': 15.3446   Cb: 14.2337   Cr: 16.6764 )
00000598: 15.354    (Y': 15.3962   Cb: 14.2336   Cr: 16.6363 )
00000599: 15.4369   (Y': 15.4732   Cb: 14.3302   Cr: 16.7269 )
00000600: 15.4475   (Y': 15.5207   Cb: 14.2366   Cr: 16.7247 )
00000601: 15.4799   (Y': 15.5476   Cb: 14.3118   Cr: 16.7102 )
00000602: 15.4313   (Y': 15.4938   Cb: 14.2555   Cr: 16.7026 )
00000603: 15.4741   (Y': 15.5553   Cb: 14.2736   Cr: 16.691  )
00000604: 15.4324   (Y': 15.4841   Cb: 14.2841   Cr: 16.7126 )
00000605: 15.4451   (Y': 15.5158   Cb: 14.2695   Cr: 16.6731 )
00000606: 15.4305   (Y': 15.5256   Cb: 14.2259   Cr: 16.5825 )
00000607: 15.441    (Y': 15.504    Cb: 14.2897   Cr: 16.6675 )
00000608: 15.4541   (Y': 15.5244   Cb: 14.3046   Cr: 16.6394 )
00000610: 15.4638   (Y': 15.5572   Cb: 14.2276   Cr: 16.6798 )
00000609: 15.4524   (Y': 15.5409   Cb: 14.256    Cr: 16.6238 )
00000611: 15.4237   (Y': 15.4932   Cb: 14.2637   Cr: 16.6309 )
00000612: 15.4648   (Y': 15.5386   Cb: 14.3217   Cr: 16.6207 )
00000613: 15.4418   (Y': 15.5226   Cb: 14.2236   Cr: 16.6919 )
00000614: 15.4298   (Y': 15.5204   Cb: 14.2078   Cr: 16.6352 )
00000615: 15.4426   (Y': 15.5086   Cb: 14.2807   Cr: 16.6715 )
00000616: 15.4733   (Y': 15.5423   Cb: 14.3077   Cr: 16.6932 )
00000618: 15.4442   (Y': 15.5267   Cb: 14.2644   Cr: 16.6185 )
00000617: 15.4271   (Y': 15.5019   Cb: 14.2573   Cr: 16.6239 )
00000619: 15.4418   (Y': 15.5016   Cb: 14.2632   Cr: 16.7322 )
00000620: 15.4306   (Y': 15.4869   Cb: 14.2815   Cr: 16.688  )
00000621: 15.4473   (Y': 15.5193   Cb: 14.2543   Cr: 16.6991 )
00000622: 15.4219   (Y': 15.5025   Cb: 14.2113   Cr: 16.6589 )
00000623: 15.426    (Y': 15.4808   Cb: 14.3182   Cr: 16.6205 )
00000624: 15.4294   (Y': 15.4978   Cb: 14.237    Cr: 16.6983 )
00000625: 15.413    (Y': 15.4811   Cb: 14.2204   Cr: 16.6843 )
00000626: 15.4167   (Y': 15.4945   Cb: 14.2142   Cr: 16.6546 )
00000627: 15.4138   (Y': 15.4922   Cb: 14.2318   Cr: 16.6133 )
00000628: 15.4256   (Y': 15.5235   Cb: 14.2028   Cr: 16.5952 )
00000629: 15.4331   (Y': 15.4968   Cb: 14.2918   Cr: 16.638  )
00000630: 15.4369   (Y': 15.5133   Cb: 14.2528   Cr: 16.6497 )
00000631: 15.4283   (Y': 15.4831   Cb: 14.2802   Cr: 16.6917 )
00000632: 15.4147   (Y': 15.473    Cb: 14.2446   Cr: 16.6981 )
00000633: 15.3952   (Y': 15.4434   Cb: 14.2783   Cr: 16.6401 )
00000634: 15.3835   (Y': 15.4409   Cb: 14.2707   Cr: 16.5726 )
00000635: 15.3888   (Y': 15.4397   Cb: 14.2808   Cr: 16.604  )
00000637: 15.3901   (Y': 15.4729   Cb: 14.1899   Cr: 16.5976 )
00000636: 15.4314   (Y': 15.5007   Cb: 14.2666   Cr: 16.6481 )
00000638: 15.3837   (Y': 15.4498   Cb: 14.2349   Cr: 16.5891 )
00000639: 15.3735   (Y': 15.4408   Cb: 14.179    Cr: 16.6521 )
00000640: 15.3948   (Y': 15.4675   Cb: 14.2203   Cr: 16.6103 )
00000641: 15.402    (Y': 15.4867   Cb: 14.1981   Cr: 16.606  )
00000642: 15.4003   (Y': 15.4743   Cb: 14.1969   Cr: 16.6597 )
00000643: 15.3989   (Y': 15.4788   Cb: 14.2062   Cr: 16.6086 )
00000644: 15.4216   (Y': 15.4718   Cb: 14.3189   Cr: 16.6317 )
00000645: 15.3836   (Y': 15.4529   Cb: 14.2042   Cr: 16.6256 )
00000646: 15.4008   (Y': 15.4688   Cb: 14.2148   Cr: 16.6612 )
00000647: 15.4369   (Y': 15.5092   Cb: 14.2601   Cr: 16.6586 )
00000648: 15.4176   (Y': 15.496    Cb: 14.2258   Cr: 16.6341 )
00000649: 15.4223   (Y': 15.494    Cb: 14.2603   Cr: 16.6214 )
00000650: 15.3936   (Y': 15.4809   Cb: 14.1702   Cr: 16.6182 )
00000651: 15.4066   (Y': 15.4748   Cb: 14.2422   Cr: 16.6281 )
00000653: 15.423    (Y': 15.4987   Cb: 14.2223   Cr: 16.6684 )
00000652: 15.4032   (Y': 15.4798   Cb: 14.2198   Cr: 16.6135 )
00000654: 15.4244   (Y': 15.4965   Cb: 14.2161   Cr: 16.7021 )
00000655: 15.408    (Y': 15.4929   Cb: 14.1959   Cr: 16.6253 )
00000656: 15.414    (Y': 15.4922   Cb: 14.1943   Cr: 16.6797 )
00000657: 15.4076   (Y': 15.4823   Cb: 14.2062   Cr: 16.6598 )
00000658: 15.4038   (Y': 15.4922   Cb: 14.1991   Cr: 16.5903 )
00000659: 15.3902   (Y': 15.4732   Cb: 14.2188   Cr: 16.5474 )
00000661: 15.4101   (Y': 15.473    Cb: 14.2506   Cr: 16.6507 )
00000660: 15.4317   (Y': 15.508    Cb: 14.2354   Cr: 16.6659 )
00000662: 15.4203   (Y': 15.5227   Cb: 14.1908   Cr: 16.5783 )
00000663: 15.4047   (Y': 15.4872   Cb: 14.2356   Cr: 16.5603 )
00000664: 15.4002   (Y': 15.4643   Cb: 14.2717   Cr: 16.5813 )
00000665: 15.3892   (Y': 15.468    Cb: 14.2013   Cr: 16.596  )
00000666: 15.4096   (Y': 15.4746   Cb: 14.2246   Cr: 16.6842 )
00000667: 15.3979   (Y': 15.4526   Cb: 14.2681   Cr: 16.6303 )
00000668: 15.3615   (Y': 15.4154   Cb: 14.2212   Cr: 16.6165 )
00000669: 15.4038   (Y': 15.4662   Cb: 14.2519   Cr: 16.6338 )
00000670: 15.4044   (Y': 15.4615   Cb: 14.2624   Cr: 16.6457 )
00000671: 15.3733   (Y': 15.4573   Cb: 14.1837   Cr: 16.5567 )
00000672: 15.4143   (Y': 15.4841   Cb: 14.2037   Cr: 16.7085 )
00000673: 15.3651   (Y': 15.4378   Cb: 14.1862   Cr: 16.5882 )
00000674: 15.3912   (Y': 15.4455   Cb: 14.2439   Cr: 16.6559 )
00000675: 15.3888   (Y': 15.4607   Cb: 14.1912   Cr: 16.6491 )
00000676: 15.3809   (Y': 15.4546   Cb: 14.216    Cr: 16.5748 )
00000677: 15.4216   (Y': 15.4834   Cb: 14.2494   Cr: 16.6903 )
00000678: 15.3983   (Y': 15.4778   Cb: 14.1877   Cr: 16.6411 )
00000679: 15.3965   (Y': 15.4686   Cb: 14.1939   Cr: 16.6641 )
00000680: 15.3843   (Y': 15.4739   Cb: 14.1766   Cr: 16.5702 )
00000681: 15.4149   (Y': 15.4777   Cb: 14.2445   Cr: 16.6756 )
00000682: 15.4013   (Y': 15.4884   Cb: 14.1585   Cr: 16.6612 )
00000683: 15.3849   (Y': 15.4561   Cb: 14.2312   Cr: 16.5725 )
00000684: 15.4061   (Y': 15.4816   Cb: 14.2086   Cr: 16.6469 )
00000685: 15.4066   (Y': 15.4598   Cb: 14.2551   Cr: 16.6842 )
00000686: 15.4023   (Y': 15.4765   Cb: 14.2039   Cr: 16.6519 )
00000687: 15.4286   (Y': 15.5137   Cb: 14.2093   Cr: 16.6578 )
00000688: 15.434    (Y': 15.4907   Cb: 14.2675   Cr: 16.7197 )
00000689: 15.4233   (Y': 15.5058   Cb: 14.2531   Cr: 16.5808 )
00000690: 15.395    (Y': 15.4751   Cb: 14.1749   Cr: 16.6521 )
00000691: 15.4228   (Y': 15.4973   Cb: 14.2314   Cr: 16.6585 )
00000692: 15.4106   (Y': 15.4799   Cb: 14.2555   Cr: 16.6098 )
00000693: 15.4159   (Y': 15.4764   Cb: 14.2805   Cr: 16.6271 )
00000694: 15.4202   (Y': 15.5121   Cb: 14.1891   Cr: 16.6349 )
00000695: 15.4101   (Y': 15.4968   Cb: 14.1985   Cr: 16.6171 )
00000696: 15.3863   (Y': 15.4514   Cb: 14.1785   Cr: 16.7007 )
00000698: 15.4275   (Y': 15.5321   Cb: 14.1889   Cr: 16.5904 )
00000697: 15.4112   (Y': 15.4961   Cb: 14.1996   Cr: 16.6277 )
00000699: 15.4706   (Y': 15.5723   Cb: 14.2091   Cr: 16.688  )
00000700: 15.4942   (Y': 15.586    Cb: 14.2679   Cr: 16.7008 )
00000701: 15.4237   (Y': 15.5464   Cb: 14.1566   Cr: 16.5441 )
00000702: 15.4308   (Y': 15.5268   Cb: 14.1867   Cr: 16.647  )
00000703: 15.4215   (Y': 15.5082   Cb: 14.2313   Cr: 16.5921 )
00000704: 15.4578   (Y': 15.5624   Cb: 14.1746   Cr: 16.6988 )
00000705: 15.4848   (Y': 15.6151   Cb: 14.2232   Cr: 16.5573 )
00000706: 15.5229   (Y': 15.6754   Cb: 14.1986   Cr: 16.5935 )
00000707: 15.4865   (Y': 15.5947   Cb: 14.2586   Cr: 16.6123 )
00000708: 15.5399   (Y': 15.699    Cb: 14.1862   Cr: 16.6292 )
00000709: 15.5297   (Y': 15.6973   Cb: 14.1862   Cr: 16.5602 )
00000710: 15.5544   (Y': 15.7477   Cb: 14.2142   Cr: 16.4557 )
00000711: 15.593    (Y': 15.8074   Cb: 14.2061   Cr: 16.4739 )
00000712: 15.6129   (Y': 15.8188   Cb: 14.2092   Cr: 16.5623 )
00000713: 15.6003   (Y': 15.8367   Cb: 14.1564   Cr: 16.4757 )
00000714: 15.64     (Y': 15.8835   Cb: 14.2329   Cr: 16.4206 )
00000715: 15.7073   (Y': 15.9791   Cb: 14.2324   Cr: 16.4737 )
00000716: 15.6578   (Y': 15.9044   Cb: 14.1744   Cr: 16.5534 )
00000717: 15.5773   (Y': 15.8137   Cb: 14.1329   Cr: 16.4535 )
00000718: 15.6294   (Y': 15.8449   Cb: 14.2443   Cr: 16.5016 )
00000719: 15.5316   (Y': 15.7477   Cb: 14.136    Cr: 16.4188 )
00000720: 15.5228   (Y': 15.7807   Cb: 14.0575   Cr: 16.3355 )
00000722: 15.5967   (Y': 15.8158   Cb: 14.2114   Cr: 16.4531 )
00000721: 15.5571   (Y': 15.7948   Cb: 14.1494   Cr: 16.3656 )
00000723: 15.5416   (Y': 15.7909   Cb: 14.0739   Cr: 16.3981 )
00000724: 15.567    (Y': 15.8393   Cb: 14.0817   Cr: 16.3484 )
00000725: 15.6207   (Y': 15.9035   Cb: 14.1436   Cr: 16.3412 )
00000726: 15.6684   (Y': 15.957    Cb: 14.1707   Cr: 16.3979 )
00000727: 15.6468   (Y': 15.9194   Cb: 14.136    Cr: 16.4698 )
00000728: 15.6563   (Y': 15.9337   Cb: 14.1567   Cr: 16.4387 )
00000729: 15.6528   (Y': 15.9182   Cb: 14.1667   Cr: 16.467  )
00000730: 15.6066   (Y': 15.8486   Cb: 14.1809   Cr: 16.4254 )
00000731: 15.5576   (Y': 15.7825   Cb: 14.1584   Cr: 16.4103 )
00000733: 15.527    (Y': 15.7434   Cb: 14.12     Cr: 16.4323 )
00000732: 15.5374   (Y': 15.7572   Cb: 14.1569   Cr: 16.3823 )
00000734: 15.5467   (Y': 15.7558   Cb: 14.1951   Cr: 16.3934 )
00000735: 15.5597   (Y': 15.7634   Cb: 14.1884   Cr: 16.4642 )
00000736: 15.5188   (Y': 15.7346   Cb: 14.1207   Cr: 16.4115 )
00000737: 15.5386   (Y': 15.7648   Cb: 14.1571   Cr: 16.3559 )
00000738: 15.5479   (Y': 15.7691   Cb: 14.1732   Cr: 16.3765 )
00000739: 15.5411   (Y': 15.76     Cb: 14.1154   Cr: 16.4669 )
00000740: 15.5518   (Y': 15.7742   Cb: 14.1326   Cr: 16.4502 )
00000741: 15.5714   (Y': 15.7812   Cb: 14.1774   Cr: 16.4857 )
00000742: 15.5297   (Y': 15.7552   Cb: 14.0977   Cr: 16.4357 )
00000743: 15.5646   (Y': 15.794    Cb: 14.1367   Cr: 16.4449 )
00000744: 15.5757   (Y': 15.8106   Cb: 14.1255   Cr: 16.4687 )
00000745: 15.6451   (Y': 15.9133   Cb: 14.1313   Cr: 16.4934 )
00000746: 15.646    (Y': 15.8973   Cb: 14.1704   Cr: 16.5066 )
00000747: 15.6552   (Y': 15.9557   Cb: 14.1132   Cr: 16.4067 )
00000748: 15.6031   (Y': 15.8646   Cb: 14.1211   Cr: 16.4276 )
00000750: 15.5422   (Y': 15.746    Cb: 14.1473   Cr: 16.4864 )
00000749: 15.6958   (Y': 16.0082   Cb: 14.1456   Cr: 16.4084 )
00000751: 15.621    (Y': 15.8878   Cb: 14.1775   Cr: 16.3578 )
00000752: 15.5634   (Y': 15.8009   Cb: 14.0967   Cr: 16.4721 )
00000754: 15.5177   (Y': 15.7348   Cb: 14.0846   Cr: 16.4646 )
00000753: 15.5896   (Y': 15.8517   Cb: 14.1058   Cr: 16.4146 )
00000755: 15.6616   (Y': 15.9057   Cb: 14.1921   Cr: 16.5449 )
00000756: 15.5818   (Y': 15.8096   Cb: 14.1682   Cr: 16.4449 )
00000757: 15.5552   (Y': 15.7942   Cb: 14.1808   Cr: 16.3026 )
00000758: 15.5291   (Y': 15.7341   Cb: 14.1755   Cr: 16.3979 )
00000759: 15.5989   (Y': 15.8331   Cb: 14.1524   Cr: 16.4884 )
00000760: 15.5707   (Y': 15.7773   Cb: 14.1787   Cr: 16.4963 )
00000762: 15.5648   (Y': 15.807    Cb: 14.1087   Cr: 16.4341 )
00000761: 15.5435   (Y': 15.7699   Cb: 14.1041   Cr: 16.4574 )
00000763: 15.5481   (Y': 15.7942   Cb: 14.0835   Cr: 16.4135 )
00000764: 15.5425   (Y': 15.7541   Cb: 14.1361   Cr: 16.4699 )
00000766: 15.5859   (Y': 15.8099   Cb: 14.1382   Cr: 16.5251 )
00000765: 15.479    (Y': 15.666    Cb: 14.1439   Cr: 16.4017 )
00000767: 15.5782   (Y': 15.7774   Cb: 14.187    Cr: 16.5378 )
00000768: 15.5426   (Y': 15.7522   Cb: 14.1347   Cr: 16.4814 )
00000769: 15.5132   (Y': 15.7298   Cb: 14.1593   Cr: 16.3286 )
00000770: 15.5289   (Y': 15.7187   Cb: 14.1413   Cr: 16.5276 )
00000771: 15.5688   (Y': 15.7396   Cb: 14.2186   Cr: 16.5944 )
00000772: 15.5536   (Y': 15.7281   Cb: 14.2016   Cr: 16.5646 )
00000774: 15.5595   (Y': 15.7804   Cb: 14.1349   Cr: 16.4737 )
00000773: 15.5511   (Y': 15.7651   Cb: 14.1576   Cr: 16.4444 )
00000775: 15.5303   (Y': 15.711    Cb: 14.1795   Cr: 16.5094 )
00000776: 15.5392   (Y': 15.7466   Cb: 14.1069   Cr: 16.5307 )
00000777: 15.506    (Y': 15.6928   Cb: 14.1702   Cr: 16.4302 )
00000778: 15.4976   (Y': 15.7124   Cb: 14.0441   Cr: 16.4909 )
00000779: 15.5167   (Y': 15.7032   Cb: 14.1652   Cr: 16.4693 )
00000780: 15.4571   (Y': 15.6727   Cb: 14.0684   Cr: 16.3354 )
00000781: 15.4886   (Y': 15.6933   Cb: 14.0817   Cr: 16.449  )
00000782: 15.5257   (Y': 15.7529   Cb: 14.1042   Cr: 16.4053 )
00000783: 15.501    (Y': 15.7167   Cb: 14.0915   Cr: 16.4143 )
00000784: 15.4759   (Y': 15.674    Cb: 14.0242   Cr: 16.5466 )
00000785: 15.5152   (Y': 15.7375   Cb: 14.0877   Cr: 16.4283 )
00000786: 15.5058   (Y': 15.6976   Cb: 14.13     Cr: 16.4741 )
00000787: 15.4879   (Y': 15.6625   Cb: 14.1383   Cr: 16.494  )
00000788: 15.4831   (Y': 15.672    Cb: 14.1161   Cr: 16.4506 )
00000789: 15.5153   (Y': 15.6848   Cb: 14.1746   Cr: 16.5309 )
00000790: 15.4852   (Y': 15.6682   Cb: 14.162    Cr: 16.4067 )
00000791: 15.4831   (Y': 15.6714   Cb: 14.1032   Cr: 16.4758 )
00000792: 15.4827   (Y': 15.6677   Cb: 14.1206   Cr: 16.4601 )
00000793: 15.4951   (Y': 15.701    Cb: 14.0994   Cr: 16.4312 )
00000794: 15.5139   (Y': 15.7081   Cb: 14.1228   Cr: 16.4974 )
00000795: 15.5167   (Y': 15.7242   Cb: 14.0885   Cr: 16.5011 )
00000796: 15.4946   (Y': 15.6797   Cb: 14.1431   Cr: 16.4536 )
00000797: 15.541    (Y': 15.7542   Cb: 14.0988   Cr: 16.5222 )
00000798: 15.5321   (Y': 15.718    Cb: 14.1629   Cr: 16.5173 )
00000799: 15.4822   (Y': 15.6734   Cb: 14.1434   Cr: 16.3904 )
00000800: 15.5191   (Y': 15.7274   Cb: 14.0846   Cr: 16.5104 )
00000801: 15.5231   (Y': 15.7099   Cb: 14.1752   Cr: 16.4676 )
00000802: 15.493    (Y': 15.6761   Cb: 14.1114   Cr: 16.5135 )
00000803: 15.5166   (Y': 15.7216   Cb: 14.1085   Cr: 16.4777 )
00000804: 15.5138   (Y': 15.6996   Cb: 14.1182   Cr: 16.5454 )
00000806: 15.4962   (Y': 15.717    Cb: 14.0493   Cr: 16.4496 )
00000805: 15.5184   (Y': 15.7251   Cb: 14.1094   Cr: 16.473  )
00000807: 15.5068   (Y': 15.7045   Cb: 14.1836   Cr: 16.3592 )
00000808: 15.5034   (Y': 15.6984   Cb: 14.1434   Cr: 16.4298 )
00000810: 15.5055   (Y': 15.6884   Cb: 14.1534   Cr: 16.4762 )
00000809: 15.5005   (Y': 15.7217   Cb: 14.09     Cr: 16.3891 )
00000811: 15.4963   (Y': 15.7063   Cb: 14.1058   Cr: 16.4039 )
00000813: 15.5059   (Y': 15.7353   Cb: 14.1098   Cr: 16.333  )
00000812: 15.5439   (Y': 15.7539   Cb: 14.1338   Cr: 16.4846 )
00000814: 15.5201   (Y': 15.7009   Cb: 14.1747   Cr: 16.4893 )
00000815: 15.4934   (Y': 15.6909   Cb: 14.1268   Cr: 16.4192 )
00000816: 15.5053   (Y': 15.7151   Cb: 14.0859   Cr: 16.4636 )
00000817: 15.5415   (Y': 15.7533   Cb: 14.1608   Cr: 16.4237 )
00000818: 15.511    (Y': 15.7306   Cb: 14.0811   Cr: 16.4408 )
00000819: 15.5084   (Y': 15.7082   Cb: 14.0934   Cr: 16.5066 )
00000820: 15.5143   (Y': 15.7276   Cb: 14.102    Cr: 16.4434 )
00000821: 15.5004   (Y': 15.7135   Cb: 14.0998   Cr: 16.4101 )
00000822: 15.5084   (Y': 15.7041   Cb: 14.1197   Cr: 16.4809 )
00000823: 15.4918   (Y': 15.7012   Cb: 14.0734   Cr: 16.4497 )
00000824: 15.5068   (Y': 15.6905   Cb: 14.1451   Cr: 16.4902 )
00000826: 15.532    (Y': 15.7206   Cb: 14.1676   Cr: 16.4962 )
00000825: 15.4966   (Y': 15.702    Cb: 14.1041   Cr: 16.4293 )
00000827: 15.4925   (Y': 15.6989   Cb: 14.1043   Cr: 16.4127 )
00000828: 15.4859   (Y': 15.672    Cb: 14.0748   Cr: 16.5435 )
00000830: 15.4933   (Y': 15.6865   Cb: 14.1216   Cr: 16.4482 )
00000829: 15.5214   (Y': 15.7235   Cb: 14.1025   Cr: 16.5156 )
00000831: 15.5099   (Y': 15.6876   Cb: 14.1357   Cr: 16.5436 )
00000832: 15.4962   (Y': 15.6813   Cb: 14.1773   Cr: 16.4002 )
00000833: 15.5092   (Y': 15.7005   Cb: 14.1121   Cr: 16.5174 )
00000834: 15.4902   (Y': 15.6923   Cb: 14.0857   Cr: 16.4593 )
00000835: 15.4892   (Y': 15.7034   Cb: 14.0828   Cr: 16.4043 )
00000836: 15.5112   (Y': 15.722    Cb: 14.0905   Cr: 16.4668 )
00000837: 15.4849   (Y': 15.6769   Cb: 14.1076   Cr: 16.4551 )
00000838: 15.4611   (Y': 15.6764   Cb: 14.0677   Cr: 16.3484 )
00000839: 15.4993   (Y': 15.7156   Cb: 14.0966   Cr: 16.3979 )
00000840: 15.516    (Y': 15.7137   Cb: 14.1758   Cr: 16.3965 )
00000842: 15.5142   (Y': 15.7077   Cb: 14.1049   Cr: 16.5329 )
00000841: 15.5405   (Y': 15.738    Cb: 14.1282   Cr: 16.5448 )
00000843: 15.5046   (Y': 15.6965   Cb: 14.1062   Cr: 16.5116 )
00000844: 15.4902   (Y': 15.698    Cb: 14.1239   Cr: 16.3666 )
00000845: 15.5029   (Y': 15.6922   Cb: 14.1406   Cr: 16.4606 )
00000846: 15.5161   (Y': 15.7085   Cb: 14.1288   Cr: 16.5017 )
00000847: 15.5256   (Y': 15.7554   Cb: 14.0716   Cr: 16.4485 )
00000848: 15.545    (Y': 15.7648   Cb: 14.0943   Cr: 16.5098 )
00000850: 15.571    (Y': 15.7846   Cb: 14.1534   Cr: 16.5078 )
00000851: 15.5818   (Y': 15.8124   Cb: 14.152    Cr: 16.46   )
00000849: 15.5942   (Y': 15.8243   Cb: 14.1264   Cr: 16.5397 )
00000852: 15.5685   (Y': 15.8043   Cb: 14.1434   Cr: 16.4146 )
00000853: 15.5717   (Y': 15.7916   Cb: 14.1407   Cr: 16.5015 )
00000854: 15.5602   (Y': 15.7515   Cb: 14.1911   Cr: 16.5194 )
00000855: 15.5713   (Y': 15.7742   Cb: 14.1941   Cr: 16.4894 )
00000856: 15.5453   (Y': 15.7742   Cb: 14.0926   Cr: 16.4701 )
00000858: 15.5575   (Y': 15.7857   Cb: 14.1021   Cr: 16.4903 )
00000857: 15.5366   (Y': 15.7638   Cb: 14.1265   Cr: 16.3966 )
00000859: 15.534    (Y': 15.7489   Cb: 14.095    Cr: 16.5018 )
00000860: 15.5243   (Y': 15.7396   Cb: 14.1074   Cr: 16.4521 )
00000861: 15.5011   (Y': 15.7118   Cb: 14.0993   Cr: 16.4245 )
00000862: 15.524    (Y': 15.7486   Cb: 14.1073   Cr: 16.4077 )
00000863: 15.532    (Y': 15.748    Cb: 14.1363   Cr: 16.4204 )
00000864: 15.4948   (Y': 15.6906   Cb: 14.1379   Cr: 16.4123 )
00000865: 15.5126   (Y': 15.729    Cb: 14.1177   Cr: 16.3974 )
00000867: 15.5102   (Y': 15.7304   Cb: 14.1316   Cr: 16.3503 )
00000866: 15.5277   (Y': 15.7119   Cb: 14.1687   Cr: 16.504  )
00000868: 15.5121   (Y': 15.71     Cb: 14.1131   Cr: 16.491  )
00000869: 15.5033   (Y': 15.7178   Cb: 14.1056   Cr: 16.4022 )
00000870: 15.4954   (Y': 15.7031   Cb: 14.091    Cr: 16.4373 )
00000871: 15.513    (Y': 15.6907   Cb: 14.1507   Cr: 16.5262 )
00000872: 15.5224   (Y': 15.7163   Cb: 14.1608   Cr: 16.4569 )
00000873: 15.5344   (Y': 15.7381   Cb: 14.127    Cr: 16.5006 )
00000874: 15.5086   (Y': 15.7261   Cb: 14.0803   Cr: 16.4455 )
00000875: 15.4668   (Y': 15.6829   Cb: 14.0746   Cr: 16.3482 )
00000876: 15.4974   (Y': 15.6947   Cb: 14.1331   Cr: 16.4203 )
00000877: 15.5029   (Y': 15.7249   Cb: 14.1046   Cr: 16.3675 )
00000878: 15.5038   (Y': 15.7156   Cb: 14.0571   Cr: 16.4994 )
00000880: 15.5072   (Y': 15.7087   Cb: 14.1319   Cr: 16.4289 )
00000879: 15.5107   (Y': 15.6985   Cb: 14.143    Cr: 16.4843 )
00000881: 15.5224   (Y': 15.6962   Cb: 14.1951   Cr: 16.4948 )
00000882: 15.4629   (Y': 15.678    Cb: 14.0739   Cr: 16.3442 )
00000883: 15.4675   (Y': 15.7031   Cb: 14.0574   Cr: 16.289  )
00000884: 15.5218   (Y': 15.7157   Cb: 14.1656   Cr: 16.4473 )
00000885: 15.5388   (Y': 15.7631   Cb: 14.1469   Cr: 16.3821 )
00000886: 15.5269   (Y': 15.718    Cb: 14.1705   Cr: 16.4658 )
00000887: 15.5135   (Y': 15.7273   Cb: 14.1075   Cr: 16.4292 )
00000888: 15.4961   (Y': 15.7083   Cb: 14.1525   Cr: 16.3147 )
00000889: 15.5304   (Y': 15.7432   Cb: 14.1152   Cr: 16.4674 )
00000891: 15.4831   (Y': 15.7024   Cb: 14.0881   Cr: 16.3547 )
00000890: 15.5168   (Y': 15.7123   Cb: 14.1224   Cr: 16.4994 )
00000892: 15.5102   (Y': 15.7118   Cb: 14.1214   Cr: 16.4548 )
00000893: 15.5481   (Y': 15.7453   Cb: 14.1871   Cr: 16.4659 )
00000894: 15.53     (Y': 15.7397   Cb: 14.1181   Cr: 16.4753 )
00000895: 15.5002   (Y': 15.7      Cb: 14.1544   Cr: 16.3801 )
00000896: 15.5163   (Y': 15.7447   Cb: 14.1055   Cr: 16.3722 )
00000897: 15.5352   (Y': 15.7531   Cb: 14.1277   Cr: 16.4341 )
00000898: 15.4888   (Y': 15.7015   Cb: 14.1038   Cr: 16.3744 )
00000899: 15.5023   (Y': 15.7184   Cb: 14.1443   Cr: 16.3268 )
00000900: 15.5093   (Y': 15.7381   Cb: 14.0987   Cr: 16.3629 )
00000901: 15.5325   (Y': 15.7568   Cb: 14.1482   Cr: 16.3627 )
00000902: 15.5163   (Y': 15.7351   Cb: 14.0883   Cr: 16.447  )
00000904: 15.5537   (Y': 15.7604   Cb: 14.1609   Cr: 16.4807 )
00000903: 15.5189   (Y': 15.7012   Cb: 14.1622   Cr: 16.5004 )
00000905: 15.5349   (Y': 15.7511   Cb: 14.1418   Cr: 16.4174 )
00000906: 15.5409   (Y': 15.7367   Cb: 14.1214   Cr: 16.5665 )
00000907: 15.5341   (Y': 15.7485   Cb: 14.1549   Cr: 16.4021 )
00000908: 15.5128   (Y': 15.7456   Cb: 14.0742   Cr: 16.3956 )
00000909: 15.5131   (Y': 15.711    Cb: 14.1275   Cr: 16.4695 )
00000910: 15.4962   (Y': 15.712    Cb: 14.1141   Cr: 16.3619 )
00000911: 15.5088   (Y': 15.707    Cb: 14.1293   Cr: 16.4533 )
00000912: 15.5035   (Y': 15.7165   Cb: 14.1459   Cr: 16.3414 )
00000913: 15.4749   (Y': 15.693    Cb: 14.0841   Cr: 16.3447 )
00000914: 15.4777   (Y': 15.7186   Cb: 14.0794   Cr: 16.2554 )
00000915: 15.4923   (Y': 15.7177   Cb: 14.1039   Cr: 16.3242 )
00000916: 15.4941   (Y': 15.7081   Cb: 14.0918   Cr: 16.403  )
00000917: 15.4757   (Y': 15.6965   Cb: 14.0783   Cr: 16.3444 )
00000918: 15.4493   (Y': 15.6609   Cb: 14.1016   Cr: 16.2775 )
00000919: 15.5059   (Y': 15.7227   Cb: 14.108    Cr: 16.3941 )
00000920: 15.4935   (Y': 15.685    Cb: 14.1157   Cr: 16.4674 )
00000921: 15.5084   (Y': 15.7244   Cb: 14.1093   Cr: 16.4017 )
00000922: 15.4868   (Y': 15.6915   Cb: 14.1061   Cr: 16.4026 )
00000923: 15.4834   (Y': 15.6887   Cb: 14.0923   Cr: 16.4136 )
00000924: 15.4996   (Y': 15.7003   Cb: 14.1024   Cr: 16.4627 )
00000925: 15.5044   (Y': 15.718    Cb: 14.099    Cr: 16.4199 )
00000926: 15.4978   (Y': 15.7088   Cb: 14.119    Cr: 16.3805 )
00000927: 15.505    (Y': 15.7183   Cb: 14.1755   Cr: 16.2956 )
00000928: 15.4972   (Y': 15.7004   Cb: 14.1031   Cr: 16.4429 )
00000929: 15.5347   (Y': 15.7493   Cb: 14.1457   Cr: 16.4177 )
00000931: 15.5429   (Y': 15.7464   Cb: 14.1727   Cr: 16.4467 )
00000930: 15.5001   (Y': 15.7284   Cb: 14.077    Cr: 16.377  )
00000932: 15.5638   (Y': 15.7741   Cb: 14.1487   Cr: 16.5118 )
00000933: 15.4959   (Y': 15.6948   Cb: 14.1359   Cr: 16.4037 )
00000934: 15.5064   (Y': 15.7057   Cb: 14.1458   Cr: 16.4134 )
00000935: 15.4891   (Y': 15.6919   Cb: 14.0739   Cr: 16.4731 )
00000936: 15.5191   (Y': 15.7296   Cb: 14.1294   Cr: 16.4228 )
00000937: 15.5065   (Y': 15.7011   Cb: 14.1526   Cr: 16.4251 )
00000938: 15.5234   (Y': 15.7163   Cb: 14.1629   Cr: 16.4612 )
00000939: 15.5256   (Y': 15.7295   Cb: 14.1514   Cr: 16.4341 )
00000940: 15.549    (Y': 15.7273   Cb: 14.1927   Cr: 16.5492 )
00000942: 15.5248   (Y': 15.7468   Cb: 14.1191   Cr: 16.4017 )
00000941: 15.5201   (Y': 15.7304   Cb: 14.1033   Cr: 16.4712 )
00000943: 15.565    (Y': 15.7713   Cb: 14.1812   Cr: 16.4784 )
Total: 15.3162   (Y': 15.4026   Cb: 14.124    Cr: 16.4916 )
