00000001: 14.9858   (Y': 15.398    Cb: 14.5256   Cr: 14.0153 )
00000000: 31.3234   (Y': 44.3744   Cb: 26.6981   Cr: 26.6981 )
00000002: 14.9674   (Y': 15.3638   Cb: 14.4937   Cr: 14.0552 )
00000003: 15.2206   (Y': 15.8507   Cb: 14.3732   Cr: 13.9992 )
00000005: 15.2343   (Y': 15.8707   Cb: 14.4202   Cr: 13.9663 )
00000004: 15.2384   (Y': 15.8395   Cb: 14.4607   Cr: 14.0296 )
00000007: 15.1774   (Y': 15.799    Cb: 14.334    Cr: 13.9747 )
00000006: 15.1858   (Y': 15.8217   Cb: 14.3208   Cr: 13.9653 )
00000008: 15.1958   (Y': 15.8196   Cb: 14.3251   Cr: 14.0127 )
00000009: 15.1905   (Y': 15.8002   Cb: 14.3841   Cr: 13.9853 )
00000010: 15.1574   (Y': 15.7874   Cb: 14.2713   Cr: 13.9721 )
00000011: 15.1408   (Y': 15.7788   Cb: 14.2883   Cr: 13.9034 )
00000013: 15.1425   (Y': 15.7525   Cb: 14.3096   Cr: 13.9608 )
00000015: 15.1633   (Y': 15.7993   Cb: 14.346    Cr: 13.8995 )
00000012: 15.1546   (Y': 15.783    Cb: 14.326    Cr: 13.9205 )
00000014: 15.1699   (Y': 15.8171   Cb: 14.2962   Cr: 13.9282 )
00000016: 15.2047   (Y': 15.8218   Cb: 14.3616   Cr: 14.0137 )
00000018: 15.1501   (Y': 15.7909   Cb: 14.3079   Cr: 13.8964 )
00000017: 15.1232   (Y': 15.7718   Cb: 14.2578   Cr: 13.8701 )
00000019: 15.154    (Y': 15.7736   Cb: 14.3156   Cr: 13.9518 )
00000020: 15.1695   (Y': 15.7986   Cb: 14.3075   Cr: 13.9641 )
00000021: 15.1669   (Y': 15.7818   Cb: 14.3649   Cr: 13.9437 )
00000022: 15.1473   (Y': 15.7607   Cb: 14.3323   Cr: 13.94   )
00000023: 15.1736   (Y': 15.7877   Cb: 14.3321   Cr: 13.9891 )
00000024: 15.1864   (Y': 15.8112   Cb: 14.3572   Cr: 13.9624 )
00000025: 15.1548   (Y': 15.7721   Cb: 14.3429   Cr: 13.9344 )
00000026: 15.1549   (Y': 15.7766   Cb: 14.2961   Cr: 13.9659 )
00000027: 15.1966   (Y': 15.8543   Cb: 14.2864   Cr: 13.9614 )
00000028: 15.2246   (Y': 15.8877   Cb: 14.3563   Cr: 13.9371 )
00000029: 15.2018   (Y': 15.8656   Cb: 14.3363   Cr: 13.9098 )
00000030: 15.1954   (Y': 15.8447   Cb: 14.3178   Cr: 13.9521 )
00000031: 15.1702   (Y': 15.845    Cb: 14.2879   Cr: 13.8657 )
00000034: 15.1654   (Y': 15.8377   Cb: 14.2209   Cr: 13.9246 )
00000032: 15.1017   (Y': 15.7826   Cb: 14.2005   Cr: 13.7987 )
00000035: 15.1609   (Y': 15.8285   Cb: 14.2705   Cr: 13.8824 )
00000033: 15.1435   (Y': 15.81     Cb: 14.2624   Cr: 13.859  )
00000037: 15.1878   (Y': 15.8605   Cb: 14.2742   Cr: 13.9173 )
00000036: 15.16     (Y': 15.8443   Cb: 14.2447   Cr: 13.8615 )
00000038: 15.1652   (Y': 15.8519   Cb: 14.2533   Cr: 13.8577 )
00000039: 15.1758   (Y': 15.8868   Cb: 14.2763   Cr: 13.7962 )
00000041: 15.1772   (Y': 15.87     Cb: 14.2579   Cr: 13.861  )
00000040: 15.1216   (Y': 15.8125   Cb: 14.2274   Cr: 13.7871 )
00000043: 15.1524   (Y': 15.8393   Cb: 14.2355   Cr: 13.8488 )
00000042: 15.1401   (Y': 15.8459   Cb: 14.2754   Cr: 13.7422 )
00000044: 15.1528   (Y': 15.8508   Cb: 14.2387   Cr: 13.8186 )
00000045: 15.1768   (Y': 15.8582   Cb: 14.3059   Cr: 13.8455 )
00000047: 15.1603   (Y': 15.8436   Cb: 14.3005   Cr: 13.8139 )
00000046: 15.1406   (Y': 15.813    Cb: 14.2704   Cr: 13.8311 )
00000048: 15.1782   (Y': 15.8836   Cb: 14.2372   Cr: 13.8497 )
00000049: 15.1562   (Y': 15.8523   Cb: 14.2797   Cr: 13.7928 )
00000050: 15.1627   (Y': 15.8727   Cb: 14.2643   Cr: 13.7845 )
00000051: 15.1443   (Y': 15.8129   Cb: 14.2817   Cr: 13.8375 )
00000053: 15.1828   (Y': 15.865    Cb: 14.2812   Cr: 13.8772 )
00000052: 15.1589   (Y': 15.8079   Cb: 14.3461   Cr: 13.8574 )
00000054: 15.1155   (Y': 15.7751   Cb: 14.2065   Cr: 13.8745 )
00000055: 15.1488   (Y': 15.8006   Cb: 14.3086   Cr: 13.8651 )
00000056: 15.1755   (Y': 15.8555   Cb: 14.3308   Cr: 13.8242 )
00000058: 15.1932   (Y': 15.8713   Cb: 14.2538   Cr: 13.9326 )
00000057: 15.1923   (Y': 15.8837   Cb: 14.2727   Cr: 13.8799 )
00000059: 15.1603   (Y': 15.8436   Cb: 14.2393   Cr: 13.8694 )
00000060: 15.1537   (Y': 15.828    Cb: 14.2661   Cr: 13.8553 )
00000061: 15.17     (Y': 15.8607   Cb: 14.2725   Cr: 13.8392 )
00000062: 15.1787   (Y': 15.8731   Cb: 14.2831   Cr: 13.8367 )
00000063: 15.1793   (Y': 15.8602   Cb: 14.317    Cr: 13.8414 )
00000064: 15.1536   (Y': 15.8114   Cb: 14.2786   Cr: 13.8857 )
00000065: 15.1652   (Y': 15.839    Cb: 14.2841   Cr: 13.8622 )
00000066: 15.1632   (Y': 15.8323   Cb: 14.2943   Cr: 13.8607 )
00000067: 15.1533   (Y': 15.8384   Cb: 14.2707   Cr: 13.8231 )
00000068: 15.1472   (Y': 15.8268   Cb: 14.2553   Cr: 13.8391 )
00000069: 15.1702   (Y': 15.8717   Cb: 14.2513   Cr: 13.8318 )
00000070: 15.1543   (Y': 15.7847   Cb: 14.3283   Cr: 13.9125 )
00000071: 15.1588   (Y': 15.8227   Cb: 14.2646   Cr: 13.8928 )
00000072: 15.1465   (Y': 15.8183   Cb: 14.239    Cr: 13.8727 )
00000073: 15.1609   (Y': 15.8738   Cb: 14.2446   Cr: 13.7918 )
00000074: 15.1596   (Y': 15.8196   Cb: 14.3096   Cr: 13.8635 )
00000076: 15.1781   (Y': 15.8614   Cb: 14.2704   Cr: 13.8751 )
00000075: 15.1425   (Y': 15.7965   Cb: 14.3031   Cr: 13.8522 )
00000077: 15.1721   (Y': 15.8644   Cb: 14.2339   Cr: 13.8743 )
00000078: 15.1549   (Y': 15.8197   Cb: 14.2617   Cr: 13.8859 )
00000079: 15.1733   (Y': 15.8158   Cb: 14.3028   Cr: 13.9409 )
00000080: 15.1605   (Y': 15.8318   Cb: 14.2317   Cr: 13.9078 )
00000081: 15.1905   (Y': 15.8658   Cb: 14.2589   Cr: 13.9297 )
00000082: 15.1475   (Y': 15.8555   Cb: 14.2039   Cr: 13.8149 )
00000083: 15.1512   (Y': 15.828    Cb: 14.2882   Cr: 13.8243 )
00000084: 15.1578   (Y': 15.8459   Cb: 14.2372   Cr: 13.8546 )
00000085: 15.1649   (Y': 15.8262   Cb: 14.3204   Cr: 13.8604 )
00000086: 15.1737   (Y': 15.8444   Cb: 14.2898   Cr: 13.881  )
00000087: 15.1661   (Y': 15.8481   Cb: 14.2605   Cr: 13.8646 )
00000088: 15.1738   (Y': 15.8579   Cb: 14.2592   Cr: 13.8749 )
00000090: 15.1693   (Y': 15.8732   Cb: 14.2335   Cr: 13.8402 )
00000089: 15.1552   (Y': 15.811    Cb: 14.259    Cr: 13.9121 )
00000092: 15.1281   (Y': 15.8052   Cb: 14.2292   Cr: 13.8328 )
00000093: 15.1728   (Y': 15.8603   Cb: 14.245    Cr: 13.8779 )
00000094: 15.158    (Y': 15.8355   Cb: 14.3144   Cr: 13.812  )
00000091: 15.1622   (Y': 15.854    Cb: 14.2588   Cr: 13.8342 )
00000095: 15.1522   (Y': 15.8322   Cb: 14.2238   Cr: 13.8767 )
00000097: 15.1486   (Y': 15.8178   Cb: 14.268    Cr: 13.8567 )
00000096: 15.1554   (Y': 15.8461   Cb: 14.2509   Cr: 13.8309 )
00000098: 15.1545   (Y': 15.8345   Cb: 14.2486   Cr: 13.8583 )
00000100: 15.1517   (Y': 15.8548   Cb: 14.2242   Cr: 13.8168 )
00000099: 15.1765   (Y': 15.8652   Cb: 14.247    Cr: 13.8799 )
00000101: 15.1349   (Y': 15.8112   Cb: 14.2448   Cr: 13.8338 )
00000103: 15.1426   (Y': 15.8317   Cb: 14.2418   Cr: 13.8187 )
00000102: 15.135    (Y': 15.7909   Cb: 14.2782   Cr: 13.8556 )
00000104: 15.1397   (Y': 15.8055   Cb: 14.2365   Cr: 13.8773 )
00000105: 15.1543   (Y': 15.8252   Cb: 14.2401   Cr: 13.8889 )
00000106: 15.1731   (Y': 15.8693   Cb: 14.2338   Cr: 13.8664 )
00000107: 15.2081   (Y': 15.9159   Cb: 14.2786   Cr: 13.8635 )
00000108: 15.2229   (Y': 15.9212   Cb: 14.3087   Cr: 13.8884 )
00000109: 15.2543   (Y': 15.9378   Cb: 14.3037   Cr: 13.9905 )
00000110: 15.2358   (Y': 15.9193   Cb: 14.336    Cr: 13.9251 )
00000111: 15.2555   (Y': 15.9025   Cb: 14.3636   Cr: 14.031  )
00000112: 15.2446   (Y': 15.9024   Cb: 14.3764   Cr: 13.9704 )
00000114: 15.2405   (Y': 15.9399   Cb: 14.2934   Cr: 13.933  )
00000113: 15.2617   (Y': 15.9363   Cb: 14.3299   Cr: 14.0029 )
00000116: 15.2297   (Y': 15.9134   Cb: 14.2465   Cr: 13.9957 )
00000115: 15.2338   (Y': 15.8946   Cb: 14.3127   Cr: 14.001  )
00000117: 15.1895   (Y': 15.9068   Cb: 14.1205   Cr: 13.9514 )
00000118: 15.2321   (Y': 15.9212   Cb: 14.2738   Cr: 13.9611 )
00000119: 15.1381   (Y': 15.8239   Cb: 14.1856   Cr: 13.8702 )
00000120: 15.1258   (Y': 15.8333   Cb: 14.1611   Cr: 13.8144 )
00000122: 15.1557   (Y': 15.8452   Cb: 14.2158   Cr: 13.8667 )
00000121: 15.1275   (Y': 15.816    Cb: 14.2135   Cr: 13.8171 )
00000124: 15.0951   (Y': 15.7736   Cb: 14.153    Cr: 13.836  )
00000123: 15.1123   (Y': 15.7899   Cb: 14.125    Cr: 13.8982 )
00000125: 14.8942   (Y': 15.3652   Cb: 14.2394   Cr: 13.9308 )
00000126: 14.9059   (Y': 15.4009   Cb: 14.2104   Cr: 13.9121 )
00000127: 14.9829   (Y': 15.4914   Cb: 14.2396   Cr: 13.9954 )
00000128: 14.9777   (Y': 15.46     Cb: 14.3557   Cr: 13.9517 )
00000129: 15.1244   (Y': 15.5845   Cb: 14.5074   Cr: 14.1573 )
00000130: 15.1371   (Y': 15.6404   Cb: 14.4651   Cr: 14.0978 )
00000131: 15.1581   (Y': 15.6343   Cb: 14.5108   Cr: 14.1729 )
00000132: 15.1596   (Y': 15.6283   Cb: 14.5277   Cr: 14.1817 )
00000133: 15.2003   (Y': 15.6578   Cb: 14.6531   Cr: 14.1773 )
00000135: 15.2319   (Y': 15.6643   Cb: 14.7387   Cr: 14.2324 )
00000134: 15.2292   (Y': 15.6565   Cb: 14.6982   Cr: 14.2785 )
00000136: 15.3324   (Y': 15.6622   Cb: 15.0161   Cr: 14.4798 )
00000138: 15.2721   (Y': 15.4913   Cb: 15.1811   Cr: 14.5694 )
00000137: 15.2948   (Y': 15.5334   Cb: 15.1929   Cr: 14.539  )
00000139: 15.232    (Y': 15.45     Cb: 15.1157   Cr: 14.5551 )
00000140: 15.239    (Y': 15.4937   Cb: 15.1357   Cr: 14.4335 )
00000141: 15.294    (Y': 15.5587   Cb: 15.0214   Cr: 14.6055 )
00000142: 15.8675   (Y': 16.4697   Cb: 15.0637   Cr: 14.6799 )
00000143: 16.4551   (Y': 17.3887   Cb: 15.04     Cr: 15.0296 )
00000144: 16.5327   (Y': 17.4668   Cb: 15.0942   Cr: 15.1294 )
00000145: 16.7671   (Y': 17.6627   Cb: 15.3249   Cr: 15.4589 )
00000146: 16.8166   (Y': 17.7326   Cb: 15.3225   Cr: 15.5133 )
00000147: 16.9276   (Y': 17.7601   Cb: 15.507    Cr: 15.7524 )
00000149: 17.0344   (Y': 17.7592   Cb: 15.7916   Cr: 15.9503 )
00000148: 16.9787   (Y': 17.7765   Cb: 15.6292   Cr: 15.8168 )
00000150: 16.9778   (Y': 17.7627   Cb: 15.6528   Cr: 15.8229 )
00000151: 16.9467   (Y': 17.7347   Cb: 15.6618   Cr: 15.7429 )
00000152: 16.9688   (Y': 17.7722   Cb: 15.6453   Cr: 15.7656 )
00000154: 16.9848   (Y': 17.7707   Cb: 15.6836   Cr: 15.8029 )
00000153: 16.9703   (Y': 17.7578   Cb: 15.6732   Cr: 15.7802 )
00000155: 16.9558   (Y': 17.7492   Cb: 15.6944   Cr: 15.7145 )
00000157: 16.9641   (Y': 17.7675   Cb: 15.617    Cr: 15.7853 )
00000156: 16.9605   (Y': 17.7269   Cb: 15.6767   Cr: 15.8104 )
00000158: 16.8975   (Y': 17.7617   Cb: 15.4864   Cr: 15.6335 )
00000159: 16.665    (Y': 17.6063   Cb: 15.1816   Cr: 15.2906 )
00000161: 16.2193   (Y': 17.2051   Cb: 14.7772   Cr: 14.7011 )
00000160: 16.5335   (Y': 17.5027   Cb: 15.0848   Cr: 15.0596 )
00000162: 16.183    (Y': 17.1174   Cb: 14.7998   Cr: 14.724  )
00000163: 15.8374   (Y': 16.7207   Cb: 14.5492   Cr: 14.4046 )
00000164: 15.723    (Y': 16.6025   Cb: 14.4884   Cr: 14.2478 )
00000165: 15.5194   (Y': 16.3307   Cb: 14.3227   Cr: 14.17   )
00000167: 15.7376   (Y': 16.6548   Cb: 14.3791   Cr: 14.2942 )
00000166: 15.5819   (Y': 16.44     Cb: 14.2893   Cr: 14.2134 )
00000168: 15.9684   (Y': 16.9457   Cb: 14.5661   Cr: 14.4305 )
00000170: 16.0972   (Y': 17.1132   Cb: 14.5922   Cr: 14.5735 )
00000169: 16.0985   (Y': 17.0897   Cb: 14.6482   Cr: 14.5761 )
00000171: 16.0747   (Y': 17.1248   Cb: 14.5175   Cr: 14.528  )
00000173: 16.1138   (Y': 17.1291   Cb: 14.6607   Cr: 14.5406 )
00000172: 16.0722   (Y': 17.146    Cb: 14.513    Cr: 14.4756 )
00000174: 16.1384   (Y': 17.122    Cb: 14.6553   Cr: 14.666  )
00000175: 16.2463   (Y': 17.1282   Cb: 14.8296   Cr: 14.945  )
00000176: 16.2586   (Y': 17.1655   Cb: 14.8237   Cr: 14.9157 )
00000177: 16.2625   (Y': 17.1788   Cb: 14.7817   Cr: 14.9447 )
00000178: 16.2112   (Y': 17.0893   Cb: 14.7689   Cr: 14.9457 )
00000179: 16.1688   (Y': 17.0449   Cb: 14.6917   Cr: 14.9444 )
00000180: 16.1444   (Y': 16.994    Cb: 14.7384   Cr: 14.9109 )
00000181: 16.1592   (Y': 17.0467   Cb: 14.6651   Cr: 14.9249 )
00000183: 16.1029   (Y': 16.9631   Cb: 14.6722   Cr: 14.869  )
00000182: 16.0776   (Y': 16.9616   Cb: 14.6507   Cr: 14.7818 )
00000184: 15.7742   (Y': 16.5664   Cb: 14.4957   Cr: 14.5532 )
00000186: 15.5389   (Y': 16.2731   Cb: 14.3312   Cr: 14.3943 )
00000185: 15.7078   (Y': 16.4636   Cb: 14.4534   Cr: 14.5551 )
00000187: 15.4978   (Y': 16.2426   Cb: 14.293    Cr: 14.3226 )
00000188: 15.4273   (Y': 16.2048   Cb: 14.2115   Cr: 14.1806 )
00000189: 15.3483   (Y': 16.1027   Cb: 14.2178   Cr: 14.0757 )
00000190: 15.1062   (Y': 15.744    Cb: 14.087    Cr: 14.0279 )
00000191: 15.0823   (Y': 15.7506   Cb: 14.0346   Cr: 13.9508 )
00000192: 15.0739   (Y': 15.7558   Cb: 14.0146   Cr: 13.9179 )
00000194: 15.0161   (Y': 15.705    Cb: 13.9555   Cr: 13.843  )
00000193: 15.0473   (Y': 15.7539   Cb: 13.9447   Cr: 13.869  )
00000195: 15.0295   (Y': 15.7004   Cb: 13.9634   Cr: 13.9089 )
00000196: 15.0079   (Y': 15.6989   Cb: 13.9603   Cr: 13.817  )
00000197: 14.9954   (Y': 15.6542   Cb: 13.9168   Cr: 13.9196 )
00000198: 15.007    (Y': 15.6341   Cb: 13.9981   Cr: 13.9471 )
00000199: 15.006    (Y': 15.668    Cb: 13.9367   Cr: 13.9123 )
00000200: 15.0519   (Y': 15.7122   Cb: 14.0036   Cr: 13.942  )
00000201: 15.0292   (Y': 15.6883   Cb: 13.9915   Cr: 13.912  )
00000202: 15.0331   (Y': 15.7008   Cb: 13.9799   Cr: 13.9087 )
00000203: 14.9909   (Y': 15.6167   Cb: 13.9588   Cr: 13.9579 )
00000204: 15.019    (Y': 15.6794   Cb: 13.9508   Cr: 13.9287 )
00000205: 14.9962   (Y': 15.6536   Cb: 13.9454   Cr: 13.8968 )
00000206: 15.0243   (Y': 15.6977   Cb: 13.935    Cr: 13.9204 )
00000207: 15.0314   (Y': 15.6663   Cb: 14.0222   Cr: 13.9512 )
00000208: 15.0174   (Y': 15.6596   Cb: 14.003    Cr: 13.9225 )
00000209: 15.0165   (Y': 15.665    Cb: 13.9508   Cr: 13.9555 )
00000210: 15.0276   (Y': 15.6644   Cb: 14.0236   Cr: 13.9371 )
00000211: 15.0109   (Y': 15.6531   Cb: 13.9653   Cr: 13.9468 )
00000212: 15.023    (Y': 15.6649   Cb: 14.0103   Cr: 13.9271 )
00000213: 15.0363   (Y': 15.6626   Cb: 14.0154   Cr: 13.9906 )
00000214: 15.0285   (Y': 15.6929   Cb: 13.966    Cr: 13.9214 )
00000215: 15.0133   (Y': 15.6501   Cb: 14.0167   Cr: 13.9157 )
00000216: 15.0391   (Y': 15.6974   Cb: 13.9936   Cr: 13.9318 )
00000218: 15.0098   (Y': 15.6572   Cb: 14.0403   Cr: 13.8577 )
00000217: 15.0299   (Y': 15.6911   Cb: 13.9538   Cr: 13.9449 )
00000219: 15.0593   (Y': 15.7162   Cb: 14.064    Cr: 13.9066 )
00000221: 15.0221   (Y': 15.6597   Cb: 13.936    Cr: 14.0112 )
00000220: 15.006    (Y': 15.642    Cb: 13.9914   Cr: 13.9279 )
00000222: 15.0386   (Y': 15.6464   Cb: 14.0151   Cr: 14.0463 )
00000223: 15.0233   (Y': 15.6436   Cb: 14.0077   Cr: 13.9887 )
00000226: 15.0308   (Y': 15.6824   Cb: 14.0051   Cr: 13.9218 )
00000224: 15.0277   (Y': 15.6875   Cb: 13.9752   Cr: 13.9233 )
00000225: 15.0041   (Y': 15.6236   Cb: 14.0273   Cr: 13.9337 )
00000227: 15.0076   (Y': 15.6299   Cb: 14.0216   Cr: 13.9384 )
00000228: 15.0461   (Y': 15.6586   Cb: 14.0692   Cr: 13.9946 )
00000229: 15.0149   (Y': 15.6534   Cb: 13.9822   Cr: 13.9484 )
00000231: 15.0287   (Y': 15.6798   Cb: 13.9743   Cr: 13.9492 )
00000230: 15.0299   (Y': 15.6602   Cb: 14.0568   Cr: 13.9269 )
00000232: 15.0182   (Y': 15.6427   Cb: 14.0058   Cr: 13.9692 )
00000234: 15.0319   (Y': 15.672    Cb: 14.009    Cr: 13.9512 )
00000233: 15.0106   (Y': 15.6227   Cb: 13.9948   Cr: 13.9991 )
00000235: 15.0854   (Y': 15.7417   Cb: 14.04     Cr: 13.9832 )
00000236: 15.0969   (Y': 15.7627   Cb: 14.0439   Cr: 13.9771 )
00000237: 15.1348   (Y': 15.7808   Cb: 14.129    Cr: 14.0213 )
00000238: 15.1556   (Y': 15.7989   Cb: 14.1377   Cr: 14.0615 )
00000239: 15.15     (Y': 15.7675   Cb: 14.1954   Cr: 14.0631 )
00000240: 15.1252   (Y': 15.7576   Cb: 14.1764   Cr: 13.993  )
00000241: 15.2072   (Y': 15.8916   Cb: 14.1359   Cr: 14.0562 )
00000242: 15.2428   (Y': 15.8825   Cb: 14.205    Cr: 14.1777 )
00000243: 15.228    (Y': 15.8962   Cb: 14.1857   Cr: 14.0914 )
00000244: 15.1858   (Y': 15.8592   Cb: 14.0858   Cr: 14.0923 )
00000245: 15.1467   (Y': 15.8456   Cb: 14.023    Cr: 14.0095 )
00000247: 15.0729   (Y': 15.7381   Cb: 14.0488   Cr: 13.9265 )
00000246: 15.1118   (Y': 15.8293   Cb: 13.9317   Cr: 13.9826 )
00000248: 15.0591   (Y': 15.7127   Cb: 14.0148   Cr: 13.9631 )
00000249: 15.0391   (Y': 15.6865   Cb: 14.0226   Cr: 13.9324 )
00000250: 15.0563   (Y': 15.73     Cb: 13.978    Cr: 13.9407 )
00000251: 15.0396   (Y': 15.7102   Cb: 13.9938   Cr: 13.8998 )
00000252: 15.036    (Y': 15.6921   Cb: 13.9598   Cr: 13.9652 )
00000253: 15.0469   (Y': 15.7068   Cb: 13.9447   Cr: 13.9922 )
00000254: 15.0381   (Y': 15.7125   Cb: 14.0101   Cr: 13.8712 )
00000255: 15.0428   (Y': 15.7331   Cb: 13.9721   Cr: 13.8758 )
00000256: 15.0468   (Y': 15.7207   Cb: 13.9629   Cr: 13.936  )
00000258: 16.0122   (Y': 16.9524   Cb: 14.48     Cr: 14.691  )
00000257: 15.5695   (Y': 16.3858   Cb: 14.2605   Cr: 14.3192 )
00000259: 16.4241   (Y': 17.3548   Cb: 14.9107   Cr: 15.1058 )
00000260: 16.3795   (Y': 17.3299   Cb: 14.8902   Cr: 14.9896 )
00000261: 15.706    (Y': 16.5409   Cb: 14.4107   Cr: 14.3957 )
00000262: 15.6294   (Y': 16.441    Cb: 14.2956   Cr: 14.4163 )
00000263: 15.4974   (Y': 16.2781   Cb: 14.2734   Cr: 14.2508 )
00000264: 15.3385   (Y': 16.0738   Cb: 14.1691   Cr: 14.1527 )
00000266: 15.0123   (Y': 15.6525   Cb: 14.0395   Cr: 13.8823 )
00000265: 15.1587   (Y': 15.8613   Cb: 14.0544   Cr: 13.9929 )
00000267: 15.0434   (Y': 15.676    Cb: 14.0157   Cr: 13.9876 )
00000268: 15.0248   (Y': 15.6586   Cb: 14.0495   Cr: 13.9141 )
00000269: 15.0466   (Y': 15.6921   Cb: 14.017    Cr: 13.9579 )
00000270: 15.0607   (Y': 15.7013   Cb: 14.0264   Cr: 13.9899 )
00000271: 15.0211   (Y': 15.6809   Cb: 13.9963   Cr: 13.8893 )
00000272: 15.0366   (Y': 15.6676   Cb: 14.0342   Cr: 13.9604 )
00000273: 15.0142   (Y': 15.6546   Cb: 13.9982   Cr: 13.9255 )
00000274: 15.0228   (Y': 15.66     Cb: 14.0458   Cr: 13.9047 )
00000275: 15.014    (Y': 15.6704   Cb: 13.9967   Cr: 13.8842 )
00000276: 15.0275   (Y': 15.6654   Cb: 14.0338   Cr: 13.9239 )
00000277: 15.0509   (Y': 15.6913   Cb: 14.0319   Cr: 13.9654 )
00000278: 15.0168   (Y': 15.6685   Cb: 13.996    Cr: 13.903  )
00000279: 15.0264   (Y': 15.6496   Cb: 14.019    Cr: 13.9758 )
00000280: 15.0273   (Y': 15.6756   Cb: 14.0089   Cr: 13.9199 )
00000281: 14.9966   (Y': 15.6657   Cb: 13.9392   Cr: 13.8724 )
00000282: 15.0409   (Y': 15.7215   Cb: 13.9751   Cr: 13.8944 )
00000283: 15.0537   (Y': 15.7048   Cb: 14.0192   Cr: 13.9549 )
00000284: 15.0437   (Y': 15.6945   Cb: 13.9871   Cr: 13.9677 )
00000285: 15.0428   (Y': 15.6964   Cb: 14.0133   Cr: 13.9321 )
00000286: 15.0457   (Y': 15.7052   Cb: 13.9925   Cr: 13.943  )
00000287: 15.0505   (Y': 15.7228   Cb: 14.0196   Cr: 13.8917 )
00000288: 15.0653   (Y': 15.7278   Cb: 13.9944   Cr: 13.9721 )
00000289: 15.0613   (Y': 15.7058   Cb: 14.0458   Cr: 13.9613 )
00000290: 15.0549   (Y': 15.6927   Cb: 14.0355   Cr: 13.9769 )
00000291: 15.0581   (Y': 15.6977   Cb: 14.0364   Cr: 13.9773 )
00000292: 15.0398   (Y': 15.6777   Cb: 13.9948   Cr: 13.9867 )
00000293: 15.0327   (Y': 15.7029   Cb: 14.001    Cr: 13.8805 )
00000295: 15.044    (Y': 15.7018   Cb: 13.9923   Cr: 13.9441 )
00000294: 15.0233   (Y': 15.6265   Cb: 14.0789   Cr: 13.9658 )
00000296: 15.0622   (Y': 15.6712   Cb: 14.1124   Cr: 13.9936 )
00000297: 14.9986   (Y': 15.6436   Cb: 13.9707   Cr: 13.9096 )
00000298: 15.0171   (Y': 15.6755   Cb: 13.99     Cr: 13.8915 )
00000299: 15.0318   (Y': 15.675    Cb: 13.9547   Cr: 13.9966 )
00000300: 15.031    (Y': 15.6903   Cb: 13.9747   Cr: 13.9316 )
00000301: 15.0676   (Y': 15.7234   Cb: 14.0052   Cr: 13.9835 )
00000303: 15.0428   (Y': 15.675    Cb: 14.0228   Cr: 13.9806 )
00000302: 15.0383   (Y': 15.7093   Cb: 13.9975   Cr: 13.8928 )
00000304: 14.9992   (Y': 15.603    Cb: 14.0391   Cr: 13.9548 )
00000305: 15.0249   (Y': 15.6624   Cb: 14.0783   Cr: 13.877  )
00000306: 15.073    (Y': 15.7097   Cb: 14.0204   Cr: 14.0311 )
00000307: 15.0226   (Y': 15.6507   Cb: 14.0767   Cr: 13.899  )
00000308: 15.0364   (Y': 15.6712   Cb: 14.0386   Cr: 13.9453 )
00000309: 15.0162   (Y': 15.6532   Cb: 14.0155   Cr: 13.9218 )
00000310: 15.0327   (Y': 15.6749   Cb: 13.9804   Cr: 13.9755 )
00000311: 15.003    (Y': 15.6444   Cb: 13.9922   Cr: 13.9067 )
00000312: 14.9915   (Y': 15.6316   Cb: 13.9299   Cr: 13.949  )
00000313: 15.0152   (Y': 15.6675   Cb: 13.9923   Cr: 13.9019 )
00000314: 15.0189   (Y': 15.6761   Cb: 13.9621   Cr: 13.9258 )
00000315: 15.0215   (Y': 15.6623   Cb: 14.0398   Cr: 13.8986 )
00000316: 15.0369   (Y': 15.6744   Cb: 14.0197   Cr: 13.9572 )
00000317: 15.0302   (Y': 15.6832   Cb: 14.0258   Cr: 13.8965 )
00000319: 15.0286   (Y': 15.6683   Cb: 13.9459   Cr: 14.0087 )
00000318: 15.0454   (Y': 15.6711   Cb: 14.0566   Cr: 13.9702 )
00000320: 15.0204   (Y': 15.6607   Cb: 13.9867   Cr: 13.9499 )
00000321: 15.0386   (Y': 15.6808   Cb: 13.9907   Cr: 13.9768 )
00000322: 15.0505   (Y': 15.6974   Cb: 14.0409   Cr: 13.9385 )
00000323: 15.0483   (Y': 15.6887   Cb: 14.0402   Cr: 13.9519 )
00000324: 15.0521   (Y': 15.7121   Cb: 14.0076   Cr: 13.9393 )
00000325: 15.0684   (Y': 15.729    Cb: 14.0195   Cr: 13.9582 )
00000326: 15.0397   (Y': 15.7062   Cb: 13.9862   Cr: 13.9186 )
00000327: 15.0663   (Y': 15.7398   Cb: 13.9998   Cr: 13.9395 )
00000328: 15.0683   (Y': 15.7307   Cb: 14.0598   Cr: 13.9139 )
00000329: 15.0629   (Y': 15.7202   Cb: 14.0381   Cr: 13.9379 )
00000330: 15.0889   (Y': 15.7738   Cb: 14.0147   Cr: 13.9394 )
00000332: 15.1486   (Y': 15.8061   Cb: 14.1439   Cr: 14.0035 )
00000331: 15.1108   (Y': 15.7905   Cb: 14.0724   Cr: 13.9402 )
00000334: 15.1761   (Y': 15.8422   Cb: 14.1427   Cr: 14.0361 )
00000335: 15.2133   (Y': 15.869    Cb: 14.1617   Cr: 14.1187 )
00000333: 15.1535   (Y': 15.8249   Cb: 14.0912   Cr: 14.0279 )
00000336: 15.2334   (Y': 15.8743   Cb: 14.2017   Cr: 14.1589 )
00000338: 15.3034   (Y': 15.95     Cb: 14.2638   Cr: 14.2219 )
00000337: 15.2401   (Y': 15.8823   Cb: 14.2399   Cr: 14.1314 )
00000339: 15.3638   (Y': 16.0043   Cb: 14.3599   Cr: 14.263  )
00000340: 16.1766   (Y': 17.0916   Cb: 14.7452   Cr: 14.8109 )
00000341: 16.6599   (Y': 17.5636   Cb: 15.1603   Cr: 15.392  )
00000342: 16.8341   (Y': 17.7149   Cb: 15.3239   Cr: 15.6334 )
00000343: 16.7949   (Y': 17.6525   Cb: 15.3661   Cr: 15.5656 )
00000344: 16.2657   (Y': 17.2159   Cb: 14.8593   Cr: 14.7933 )
00000346: 16.1797   (Y': 17.1831   Cb: 14.7363   Cr: 14.6237 )
00000345: 16.1802   (Y': 17.1884   Cb: 14.6969   Cr: 14.6525 )
00000347: 16.1551   (Y': 17.0995   Cb: 14.7687   Cr: 14.6763 )
00000348: 16.1795   (Y': 17.1387   Cb: 14.7645   Cr: 14.6948 )
00000349: 16.162    (Y': 17.1392   Cb: 14.7397   Cr: 14.6437 )
00000350: 16.1414   (Y': 17.1001   Cb: 14.7407   Cr: 14.644  )
00000351: 15.9795   (Y': 16.8961   Cb: 14.6899   Cr: 14.4708 )
00000352: 15.6597   (Y': 16.5038   Cb: 14.4575   Cr: 14.2367 )
00000353: 15.5311   (Y': 16.3359   Cb: 14.3648   Cr: 14.1684 )
00000354: 15.4974   (Y': 16.2749   Cb: 14.416    Cr: 14.1209 )
00000355: 15.4705   (Y': 16.2891   Cb: 14.3186   Cr: 14.0611 )
00000356: 15.3915   (Y': 16.1416   Cb: 14.3604   Cr: 14.0355 )
00000357: 15.1156   (Y': 15.7573   Cb: 14.1962   Cr: 13.9307 )
00000358: 15.1791   (Y': 15.8187   Cb: 14.2376   Cr: 14.0206 )
00000359: 15.1687   (Y': 15.8224   Cb: 14.2134   Cr: 13.986  )
00000360: 15.1486   (Y': 15.8224   Cb: 14.1534   Cr: 13.9517 )
00000361: 15.1192   (Y': 15.813    Cb: 14.1215   Cr: 13.8731 )
00000362: 15.167    (Y': 15.8393   Cb: 14.2401   Cr: 13.91   )
00000363: 15.1614   (Y': 15.8427   Cb: 14.2176   Cr: 13.8967 )
00000364: 15.0908   (Y': 15.7845   Cb: 14.1284   Cr: 13.8118 )
00000365: 15.1131   (Y': 15.8101   Cb: 14.1971   Cr: 13.7831 )
00000366: 15.212    (Y': 15.8574   Cb: 14.2176   Cr: 14.0888 )
00000367: 15.2024   (Y': 15.8004   Cb: 14.2777   Cr: 14.1398 )
00000368: 15.2215   (Y': 15.8698   Cb: 14.2171   Cr: 14.1005 )
00000370: 15.2042   (Y': 15.8393   Cb: 14.2135   Cr: 14.1051 )
00000369: 15.2152   (Y': 15.8461   Cb: 14.2479   Cr: 14.1049 )
00000371: 15.2283   (Y': 15.8773   Cb: 14.2272   Cr: 14.1022 )
00000372: 15.2006   (Y': 15.8534   Cb: 14.176    Cr: 14.0874 )
00000373: 15.2087   (Y': 15.8412   Cb: 14.2489   Cr: 14.0869 )
00000374: 15.2104   (Y': 15.8618   Cb: 14.223    Cr: 14.0648 )
00000375: 15.1888   (Y': 15.837    Cb: 14.1737   Cr: 14.0788 )
00000376: 15.2271   (Y': 15.8775   Cb: 14.2334   Cr: 14.0901 )
00000377: 15.1951   (Y': 15.8529   Cb: 14.1402   Cr: 14.0981 )
00000378: 15.2212   (Y': 15.8592   Cb: 14.2149   Cr: 14.1294 )
00000380: 15.1748   (Y': 15.807    Cb: 14.1723   Cr: 14.0953 )
00000379: 15.2241   (Y': 15.8546   Cb: 14.2642   Cr: 14.1077 )
00000381: 15.1792   (Y': 15.8296   Cb: 14.1872   Cr: 14.0406 )
00000382: 15.177    (Y': 15.8352   Cb: 14.0917   Cr: 14.1096 )
00000383: 15.1793   (Y': 15.8644   Cb: 14.1699   Cr: 13.9665 )
00000385: 15.223    (Y': 15.8965   Cb: 14.1765   Cr: 14.0765 )
00000384: 15.1943   (Y': 15.8649   Cb: 14.1867   Cr: 14.0178 )
00000386: 15.2262   (Y': 15.8632   Cb: 14.2185   Cr: 14.1386 )
00000387: 15.0958   (Y': 15.7822   Cb: 14.1758   Cr: 13.7961 )
00000388: 15.127    (Y': 15.8108   Cb: 14.1948   Cr: 13.8451 )
00000389: 15.1233   (Y': 15.7996   Cb: 14.1846   Cr: 13.8668 )
00000390: 15.1284   (Y': 15.8202   Cb: 14.1466   Cr: 13.8727 )
00000391: 15.1494   (Y': 15.8184   Cb: 14.2101   Cr: 13.9121 )
00000392: 15.1511   (Y': 15.8242   Cb: 14.1336   Cr: 13.9774 )
00000393: 15.185    (Y': 15.8393   Cb: 14.2233   Cr: 14.0072 )
00000394: 15.128    (Y': 15.8012   Cb: 14.1481   Cr: 13.9182 )
00000395: 15.1465   (Y': 15.8493   Cb: 14.1345   Cr: 13.8911 )
00000396: 15.1407   (Y': 15.8151   Cb: 14.1902   Cr: 13.8999 )
00000397: 15.1613   (Y': 15.8278   Cb: 14.2117   Cr: 13.94   )
00000398: 15.1773   (Y': 15.8549   Cb: 14.1831   Cr: 13.9695 )
00000399: 15.1866   (Y': 15.91     Cb: 14.1917   Cr: 13.8629 )
00000400: 15.1803   (Y': 15.8639   Cb: 14.173    Cr: 13.9696 )
00000401: 15.1694   (Y': 15.8666   Cb: 14.1595   Cr: 13.926  )
00000402: 15.0996   (Y': 15.8084   Cb: 14.1206   Cr: 13.7978 )
00000404: 15.1564   (Y': 15.8342   Cb: 14.1956   Cr: 13.9165 )
00000403: 15.1577   (Y': 15.8206   Cb: 14.2227   Cr: 13.9322 )
00000406: 15.1004   (Y': 15.7767   Cb: 14.1334   Cr: 13.8706 )
00000407: 15.1686   (Y': 15.8467   Cb: 14.1879   Cr: 13.9465 )
00000405: 15.122    (Y': 15.8057   Cb: 14.2085   Cr: 13.8233 )
00000409: 15.1118   (Y': 15.792    Cb: 14.1508   Cr: 13.8661 )
00000408: 15.118    (Y': 15.8127   Cb: 14.1303   Cr: 13.8601 )
00000410: 15.1477   (Y': 15.8073   Cb: 14.1743   Cr: 13.9671 )
00000411: 15.1136   (Y': 15.768    Cb: 14.1903   Cr: 13.8993 )
00000412: 15.0835   (Y': 15.7678   Cb: 14.1634   Cr: 13.7892 )
00000413: 15.1388   (Y': 15.8301   Cb: 14.2247   Cr: 13.8218 )
00000414: 15.1162   (Y': 15.8476   Cb: 14.097    Cr: 13.7953 )
00000415: 15.1072   (Y': 15.7832   Cb: 14.1913   Cr: 13.8304 )
00000417: 15.1076   (Y': 15.8499   Cb: 14.1024   Cr: 13.7465 )
00000416: 15.0983   (Y': 15.7771   Cb: 14.1595   Cr: 13.8354 )
00000418: 15.1263   (Y': 15.772    Cb: 14.2269   Cr: 13.9126 )
00000419: 15.1211   (Y': 15.7884   Cb: 14.1888   Cr: 13.8817 )
00000420: 15.1248   (Y': 15.7906   Cb: 14.1922   Cr: 13.8895 )
00000421: 15.1928   (Y': 15.8149   Cb: 14.1939   Cr: 14.1367 )
00000422: 15.1679   (Y': 15.7664   Cb: 14.2186   Cr: 14.1278 )
00000423: 15.1969   (Y': 15.7888   Cb: 14.2578   Cr: 14.1651 )
00000424: 15.2171   (Y': 15.8199   Cb: 14.3419   Cr: 14.094  )
00000425: 15.2      (Y': 15.7887   Cb: 14.2761   Cr: 14.162  )
00000426: 15.2053   (Y': 15.7994   Cb: 14.2867   Cr: 14.1474 )
00000427: 15.201    (Y': 15.8077   Cb: 14.3018   Cr: 14.0903 )
00000428: 15.2025   (Y': 15.7926   Cb: 14.303    Cr: 14.1368 )
00000429: 15.1935   (Y': 15.7916   Cb: 14.2944   Cr: 14.1057 )
00000430: 15.171    (Y': 15.7874   Cb: 14.1993   Cr: 14.1038 )
00000431: 15.1661   (Y': 15.7532   Cb: 14.2413   Cr: 14.133  )
00000432: 15.2054   (Y': 15.7994   Cb: 14.2642   Cr: 14.17   )
00000433: 15.157    (Y': 15.7753   Cb: 14.2653   Cr: 14.0079 )
00000434: 15.1978   (Y': 15.8078   Cb: 14.2638   Cr: 14.1113 )
00000435: 15.195    (Y': 15.8121   Cb: 14.2703   Cr: 14.0806 )
00000436: 15.1833   (Y': 15.7933   Cb: 14.3003   Cr: 14.0481 )
00000437: 15.1998   (Y': 15.8095   Cb: 14.2628   Cr: 14.1169 )
00000438: 15.2294   (Y': 15.8297   Cb: 14.3174   Cr: 14.1482 )
00000439: 15.2083   (Y': 15.8074   Cb: 14.3049   Cr: 14.1218 )
00000441: 15.19     (Y': 15.7626   Cb: 14.3238   Cr: 14.1404 )
00000440: 15.1906   (Y': 15.7924   Cb: 14.2636   Cr: 14.1196 )
00000442: 15.2037   (Y': 15.7902   Cb: 14.3614   Cr: 14.0936 )
00000443: 15.2004   (Y': 15.7779   Cb: 14.2594   Cr: 14.2102 )
00000444: 15.1957   (Y': 15.7863   Cb: 14.2689   Cr: 14.1551 )
00000445: 15.1859   (Y': 15.7837   Cb: 14.2299   Cr: 14.1541 )
00000446: 15.1915   (Y': 15.769    Cb: 14.3129   Cr: 14.1404 )
00000447: 15.1806   (Y': 15.7736   Cb: 14.265    Cr: 14.1227 )
00000448: 15.2092   (Y': 15.8253   Cb: 14.2767   Cr: 14.1048 )
00000450: 15.1701   (Y': 15.7833   Cb: 14.2282   Cr: 14.0825 )
00000449: 15.1889   (Y': 15.8283   Cb: 14.2033   Cr: 14.0733 )
00000451: 15.1768   (Y': 15.7812   Cb: 14.2187   Cr: 14.1288 )
00000452: 15.183    (Y': 15.765    Cb: 14.3029   Cr: 14.1208 )
00000453: 15.1963   (Y': 15.8031   Cb: 14.2544   Cr: 14.1262 )
00000454: 15.198    (Y': 15.7931   Cb: 14.2808   Cr: 14.1359 )
00000455: 15.2237   (Y': 15.8224   Cb: 14.3146   Cr: 14.1437 )
00000456: 15.1947   (Y': 15.8043   Cb: 14.2465   Cr: 14.1232 )
00000457: 15.1848   (Y': 15.7803   Cb: 14.295    Cr: 14.0953 )
00000458: 15.2025   (Y': 15.8026   Cb: 14.294    Cr: 14.1183 )
00000459: 15.1821   (Y': 15.7754   Cb: 14.2782   Cr: 14.1121 )
00000460: 15.1954   (Y': 15.7988   Cb: 14.2326   Cr: 14.1551 )
00000461: 15.1779   (Y': 15.7435   Cb: 14.3392   Cr: 14.1215 )
00000462: 15.1873   (Y': 15.7494   Cb: 14.3279   Cr: 14.1603 )
00000463: 15.1869   (Y': 15.777    Cb: 14.3159   Cr: 14.0939 )
00000464: 15.2081   (Y': 15.7838   Cb: 14.3583   Cr: 14.1345 )
00000465: 15.2144   (Y': 15.8615   Cb: 14.237    Cr: 14.0706 )
00000466: 15.2039   (Y': 15.808    Cb: 14.2804   Cr: 14.1235 )
00000467: 15.1603   (Y': 15.773    Cb: 14.2313   Cr: 14.0617 )
00000468: 15.1864   (Y': 15.7929   Cb: 14.2892   Cr: 14.0742 )
00000469: 15.209    (Y': 15.8101   Cb: 14.3004   Cr: 14.1225 )
00000470: 15.2665   (Y': 15.9073   Cb: 14.3154   Cr: 14.114  )
00000471: 15.2516   (Y': 15.8725   Cb: 14.3459   Cr: 14.109  )
00000472: 15.2249   (Y': 15.8417   Cb: 14.3032   Cr: 14.1086 )
00000473: 15.1922   (Y': 15.7852   Cb: 14.2994   Cr: 14.1124 )
00000474: 15.2102   (Y': 15.7859   Cb: 14.3224   Cr: 14.1729 )
00000475: 15.2068   (Y': 15.7719   Cb: 14.4031   Cr: 14.1185 )
00000476: 15.2065   (Y': 15.8023   Cb: 14.3417   Cr: 14.0923 )
00000477: 15.2074   (Y': 15.8175   Cb: 14.2552   Cr: 14.1382 )
00000478: 15.1964   (Y': 15.8007   Cb: 14.2492   Cr: 14.1385 )
00000479: 15.2432   (Y': 15.8268   Cb: 14.3661   Cr: 14.1741 )
00000480: 15.2206   (Y': 15.8058   Cb: 14.352    Cr: 14.1391 )
00000481: 15.2218   (Y': 15.8177   Cb: 14.3152   Cr: 14.1475 )
00000482: 15.2021   (Y': 15.7853   Cb: 14.36     Cr: 14.1006 )
00000483: 15.2333   (Y': 15.8025   Cb: 14.4055   Cr: 14.1564 )
00000484: 15.2176   (Y': 15.8118   Cb: 14.2869   Cr: 14.1713 )
00000486: 15.1676   (Y': 15.7502   Cb: 14.2967   Cr: 14.095  )
00000485: 15.2222   (Y': 15.8146   Cb: 14.3126   Cr: 14.16   )
00000487: 15.1977   (Y': 15.7852   Cb: 14.3434   Cr: 14.096  )
00000488: 15.2567   (Y': 15.8269   Cb: 14.4255   Cr: 14.1803 )
00000489: 15.1968   (Y': 15.7848   Cb: 14.3012   Cr: 14.1333 )
00000490: 15.2549   (Y': 15.8451   Cb: 14.3843   Cr: 14.1614 )
00000491: 15.234    (Y': 15.8346   Cb: 14.3308   Cr: 14.1434 )
00000492: 15.2075   (Y': 15.8333   Cb: 14.2316   Cr: 14.1193 )
00000493: 15.2204   (Y': 15.8041   Cb: 14.3415   Cr: 14.1527 )
00000494: 15.2269   (Y': 15.827    Cb: 14.2811   Cr: 14.1788 )
00000495: 15.2074   (Y': 15.8221   Cb: 14.2371   Cr: 14.1436 )
00000496: 15.2132   (Y': 15.8037   Cb: 14.2797   Cr: 14.1795 )
00000497: 15.2107   (Y': 15.8108   Cb: 14.2608   Cr: 14.1667 )
00000498: 15.2355   (Y': 15.8077   Cb: 14.3319   Cr: 14.2231 )
00000499: 15.2009   (Y': 15.7793   Cb: 14.2899   Cr: 14.1788 )
00000500: 15.2193   (Y': 15.8058   Cb: 14.3387   Cr: 14.1456 )
00000501: 15.2175   (Y': 15.822    Cb: 14.2762   Cr: 14.1533 )
00000502: 15.2425   (Y': 15.8495   Cb: 14.2669   Cr: 14.2052 )
00000503: 15.2172   (Y': 15.8023   Cb: 14.3261   Cr: 14.1574 )
00000504: 15.2835   (Y': 15.8561   Cb: 14.4284   Cr: 14.2233 )
00000505: 15.2161   (Y': 15.8159   Cb: 14.2724   Cr: 14.1671 )
00000506: 15.2135   (Y': 15.813    Cb: 14.2651   Cr: 14.1698 )
00000507: 15.2787   (Y': 15.8682   Cb: 14.36     Cr: 14.2332 )
00000508: 15.2971   (Y': 15.8829   Cb: 14.3627   Cr: 14.2772 )
00000509: 15.2724   (Y': 15.9046   Cb: 14.3328   Cr: 14.1319 )
00000510: 15.2516   (Y': 15.8548   Cb: 14.3351   Cr: 14.1671 )
00000511: 15.2306   (Y': 15.8312   Cb: 14.3422   Cr: 14.1261 )
00000512: 15.2266   (Y': 15.8376   Cb: 14.3206   Cr: 14.1104 )
00000513: 15.2414   (Y': 15.8504   Cb: 14.3112   Cr: 14.1538 )
00000514: 15.2098   (Y': 15.8334   Cb: 14.2471   Cr: 14.1146 )
00000516: 15.2077   (Y': 15.8004   Cb: 14.2552   Cr: 14.1868 )
00000515: 15.1838   (Y': 15.7561   Cb: 14.3037   Cr: 14.1484 )
00000517: 15.1856   (Y': 15.7588   Cb: 14.3099   Cr: 14.1435 )
00000518: 15.1812   (Y': 15.7615   Cb: 14.2464   Cr: 14.1772 )
00000519: 15.1794   (Y': 15.7861   Cb: 14.2493   Cr: 14.0984 )
00000520: 15.1987   (Y': 15.7927   Cb: 14.2865   Cr: 14.1347 )
00000521: 15.1896   (Y': 15.7861   Cb: 14.257    Cr: 14.1384 )
00000522: 15.176    (Y': 15.7533   Cb: 14.2361   Cr: 14.1852 )
00000523: 15.1916   (Y': 15.7813   Cb: 14.2753   Cr: 14.1435 )
00000524: 15.188    (Y': 15.7833   Cb: 14.2879   Cr: 14.1088 )
00000525: 15.2375   (Y': 15.8318   Cb: 14.305    Cr: 14.1927 )
00000526: 15.1773   (Y': 15.8091   Cb: 14.2247   Cr: 14.0501 )
00000527: 15.1638   (Y': 15.7267   Cb: 14.2489   Cr: 14.1885 )
00000528: 15.2168   (Y': 15.8115   Cb: 14.3239   Cr: 14.1321 )
00000529: 15.1665   (Y': 15.7792   Cb: 14.2724   Cr: 14.0345 )
00000530: 15.1941   (Y': 15.8258   Cb: 14.2367   Cr: 14.0721 )
00000532: 15.2211   (Y': 15.8124   Cb: 14.3218   Cr: 14.152  )
00000531: 15.2265   (Y': 15.8371   Cb: 14.2604   Cr: 14.1698 )
00000533: 15.2119   (Y': 15.8141   Cb: 14.3239   Cr: 14.1025 )
00000534: 15.195    (Y': 15.7785   Cb: 14.3089   Cr: 14.1348 )
00000535: 15.2043   (Y': 15.8192   Cb: 14.2763   Cr: 14.0987 )
00000536: 15.1818   (Y': 15.7845   Cb: 14.2676   Cr: 14.0959 )
00000537: 15.2044   (Y': 15.7883   Cb: 14.2931   Cr: 14.1672 )
00000538: 15.165    (Y': 15.7421   Cb: 14.2929   Cr: 14.1087 )
00000539: 15.191    (Y': 15.7634   Cb: 14.2602   Cr: 14.2047 )
00000540: 15.2035   (Y': 15.7913   Cb: 14.2849   Cr: 14.1629 )
00000541: 15.1613   (Y': 15.742    Cb: 14.236    Cr: 14.1467 )
00000542: 15.1917   (Y': 15.7489   Cb: 14.3312   Cr: 14.179  )
00000543: 15.2606   (Y': 15.866    Cb: 14.3522   Cr: 14.1618 )
00000544: 15.2128   (Y': 15.8124   Cb: 14.3013   Cr: 14.1329 )
00000545: 15.2136   (Y': 15.8328   Cb: 14.2567   Cr: 14.1243 )
00000547: 15.1978   (Y': 15.7892   Cb: 14.2797   Cr: 14.1466 )
00000546: 15.2065   (Y': 15.7553   Cb: 14.3532   Cr: 14.2106 )
00000548: 15.1957   (Y': 15.8045   Cb: 14.2511   Cr: 14.123  )
00000549: 15.1848   (Y': 15.7542   Cb: 14.3136   Cr: 14.1489 )
00000550: 15.2025   (Y': 15.782    Cb: 14.3234   Cr: 14.1463 )
00000551: 15.2175   (Y': 15.7957   Cb: 14.3791   Cr: 14.1263 )
00000552: 15.2009   (Y': 15.7867   Cb: 14.3003   Cr: 14.1481 )
00000554: 15.1857   (Y': 15.7704   Cb: 14.2841   Cr: 14.1368 )
00000553: 15.2004   (Y': 15.8062   Cb: 14.2571   Cr: 14.1342 )
00000556: 15.1971   (Y': 15.7929   Cb: 14.2422   Cr: 14.17   )
00000555: 15.193    (Y': 15.7754   Cb: 14.3039   Cr: 14.1386 )
00000557: 15.1739   (Y': 15.763    Cb: 14.2309   Cr: 14.1533 )
00000558: 15.1745   (Y': 15.7547   Cb: 14.2718   Cr: 14.1391 )
00000559: 15.2104   (Y': 15.7948   Cb: 14.2696   Cr: 14.2005 )
00000560: 15.1724   (Y': 15.7848   Cb: 14.1968   Cr: 14.1201 )
00000561: 15.1716   (Y': 15.7496   Cb: 14.2597   Cr: 14.1513 )
00000562: 15.1762   (Y': 15.7933   Cb: 14.2447   Cr: 14.0685 )
00000563: 15.1776   (Y': 15.7733   Cb: 14.2365   Cr: 14.1372 )
00000564: 15.2024   (Y': 15.7527   Cb: 14.3422   Cr: 14.209  )
00000565: 15.1662   (Y': 15.7416   Cb: 14.2697   Cr: 14.1382 )
00000566: 15.2001   (Y': 15.7548   Cb: 14.3283   Cr: 14.2056 )
00000567: 15.163    (Y': 15.7682   Cb: 14.2453   Cr: 14.0739 )
00000568: 15.1771   (Y': 15.7517   Cb: 14.3014   Cr: 14.1311 )
00000569: 15.1793   (Y': 15.7559   Cb: 14.3365   Cr: 14.0966 )
00000570: 15.1891   (Y': 15.7644   Cb: 14.2829   Cr: 14.1709 )
00000572: 15.173    (Y': 15.7536   Cb: 14.3131   Cr: 14.0956 )
00000571: 15.1349   (Y': 15.691    Cb: 14.2586   Cr: 14.141  )
00000573: 15.2035   (Y': 15.8018   Cb: 14.3224   Cr: 14.0981 )
00000574: 15.1635   (Y': 15.7529   Cb: 14.2841   Cr: 14.0808 )
00000575: 15.1822   (Y': 15.7632   Cb: 14.2979   Cr: 14.1269 )
00000576: 15.1981   (Y': 15.7686   Cb: 14.3038   Cr: 14.1812 )
00000577: 15.164    (Y': 15.7454   Cb: 14.2744   Cr: 14.1128 )
00000578: 15.1696   (Y': 15.7392   Cb: 14.2988   Cr: 14.1326 )
00000580: 15.1887   (Y': 15.7804   Cb: 14.2705   Cr: 14.137  )
00000579: 15.1724   (Y': 15.7425   Cb: 14.2709   Cr: 14.1642 )
00000581: 15.2137   (Y': 15.7745   Cb: 14.4072   Cr: 14.14   )
00000582: 15.1669   (Y': 15.7284   Cb: 14.2685   Cr: 14.1795 )
00000583: 15.1919   (Y': 15.7662   Cb: 14.3061   Cr: 14.1565 )
00000584: 15.157    (Y': 15.706    Cb: 14.271    Cr: 14.1922 )
00000585: 15.1812   (Y': 15.7229   Cb: 14.3288   Cr: 14.2047 )
00000587: 15.1791   (Y': 15.742    Cb: 14.3033   Cr: 14.1656 )
00000586: 15.2154   (Y': 15.7784   Cb: 14.3731   Cr: 14.1694 )
00000588: 15.1725   (Y': 15.7428   Cb: 14.2693   Cr: 14.1653 )
00000589: 15.1914   (Y': 15.7561   Cb: 14.3634   Cr: 14.1272 )
00000590: 15.1931   (Y': 15.7476   Cb: 14.3255   Cr: 14.1954 )
00000591: 15.1726   (Y': 15.7064   Cb: 14.3099   Cr: 14.2286 )
00000592: 15.1896   (Y': 15.7588   Cb: 14.2861   Cr: 14.1854 )
00000593: 15.1657   (Y': 15.7217   Cb: 14.31     Cr: 14.1521 )
00000594: 15.1725   (Y': 15.7303   Cb: 14.3434   Cr: 14.1283 )
00000596: 15.1838   (Y': 15.7403   Cb: 14.3125   Cr: 14.1838 )
00000595: 15.1737   (Y': 15.7611   Cb: 14.2321   Cr: 14.1563 )
00000597: 15.1551   (Y': 15.738    Cb: 14.2335   Cr: 14.1307 )
00000598: 15.1851   (Y': 15.7735   Cb: 14.274    Cr: 14.1355 )
00000599: 15.1992   (Y': 15.7882   Cb: 14.3069   Cr: 14.1295 )
00000600: 15.1862   (Y': 15.764    Cb: 14.2697   Cr: 14.1711 )
00000601: 15.2056   (Y': 15.8099   Cb: 14.2367   Cr: 14.1686 )
00000602: 15.2005   (Y': 15.7975   Cb: 14.3027   Cr: 14.1143 )
00000603: 15.1885   (Y': 15.8019   Cb: 14.2417   Cr: 14.1053 )
00000604: 15.1958   (Y': 15.7666   Cb: 14.3078   Cr: 14.1721 )
00000605: 15.1869   (Y': 15.7962   Cb: 14.3028   Cr: 14.0547 )
00000606: 15.2059   (Y': 15.795    Cb: 14.3235   Cr: 14.1265 )
00000607: 15.2188   (Y': 15.8114   Cb: 14.284    Cr: 14.1803 )
00000608: 15.1677   (Y': 15.7874   Cb: 14.2257   Cr: 14.0627 )
00000609: 15.2101   (Y': 15.8072   Cb: 14.2901   Cr: 14.1452 )
00000611: 15.2396   (Y': 15.8392   Cb: 14.3084   Cr: 14.1785 )
00000610: 15.2101   (Y': 15.8253   Cb: 14.2787   Cr: 14.1071 )
00000612: 15.1937   (Y': 15.8168   Cb: 14.2601   Cr: 14.0717 )
00000613: 15.1685   (Y': 15.7669   Cb: 14.2294   Cr: 14.1186 )
00000615: 15.1926   (Y': 15.7987   Cb: 14.2548   Cr: 14.1205 )
00000614: 15.2171   (Y': 15.8363   Cb: 14.2683   Cr: 14.1204 )
00000616: 15.1988   (Y': 15.7975   Cb: 14.2732   Cr: 14.135  )
00000617: 15.2238   (Y': 15.8145   Cb: 14.301    Cr: 14.1791 )
00000618: 15.1705   (Y': 15.7652   Cb: 14.2515   Cr: 14.111  )
00000619: 15.1494   (Y': 15.7584   Cb: 14.2541   Cr: 14.0286 )
00000620: 15.1989   (Y': 15.7869   Cb: 14.2946   Cr: 14.1438 )
00000621: 15.1804   (Y': 15.7601   Cb: 14.271    Cr: 14.1533 )
00000622: 15.2102   (Y': 15.7987   Cb: 14.2941   Cr: 14.165  )
00000623: 15.2082   (Y': 15.7934   Cb: 14.2775   Cr: 14.1862 )
00000624: 15.1742   (Y': 15.7764   Cb: 14.2523   Cr: 14.0971 )
00000625: 15.163    (Y': 15.7517   Cb: 14.2266   Cr: 14.1372 )
00000626: 15.1953   (Y': 15.7834   Cb: 14.3091   Cr: 14.1225 )
00000627: 15.139    (Y': 15.7601   Cb: 14.1462   Cr: 14.0796 )
00000628: 15.1596   (Y': 15.7706   Cb: 14.2617   Cr: 14.0359 )
00000629: 15.1626   (Y': 15.7597   Cb: 14.2227   Cr: 14.1171 )
00000631: 15.2034   (Y': 15.7786   Cb: 14.2975   Cr: 14.1851 )
00000630: 15.1907   (Y': 15.784    Cb: 14.3067   Cr: 14.1014 )
00000632: 15.1295   (Y': 15.7252   Cb: 14.1833   Cr: 14.0938 )
00000633: 15.1922   (Y': 15.7969   Cb: 14.2496   Cr: 14.1284 )
00000634: 15.1826   (Y': 15.7733   Cb: 14.2849   Cr: 14.1138 )
00000635: 15.1686   (Y': 15.7503   Cb: 14.2769   Cr: 14.1184 )
00000636: 15.143    (Y': 15.7082   Cb: 14.2693   Cr: 14.1211 )
00000637: 15.1881   (Y': 15.7758   Cb: 14.2834   Cr: 14.1341 )
00000638: 15.2173   (Y': 15.7972   Cb: 14.3652   Cr: 14.1344 )
00000639: 15.1502   (Y': 15.7343   Cb: 14.2902   Cr: 14.0632 )
00000640: 15.1556   (Y': 15.7299   Cb: 14.2672   Cr: 14.1227 )
00000641: 15.1953   (Y': 15.7694   Cb: 14.3678   Cr: 14.1048 )
00000642: 15.1693   (Y': 15.7663   Cb: 14.2621   Cr: 14.0922 )
00000643: 15.1811   (Y': 15.7588   Cb: 14.3209   Cr: 14.112  )
00000644: 15.2046   (Y': 15.8008   Cb: 14.2592   Cr: 14.1667 )
00000645: 15.196    (Y': 15.7724   Cb: 14.3341   Cr: 14.1319 )
00000646: 15.2301   (Y': 15.7926   Cb: 14.3418   Cr: 14.2298 )
00000647: 15.1628   (Y': 15.7324   Cb: 14.2982   Cr: 14.1197 )
00000648: 15.1314   (Y': 15.7133   Cb: 14.2496   Cr: 14.0713 )
00000649: 15.138    (Y': 15.6813   Cb: 14.285    Cr: 14.1573 )
00000650: 15.1025   (Y': 15.6355   Cb: 14.247    Cr: 14.1535 )
00000651: 15.1221   (Y': 15.6874   Cb: 14.1908   Cr: 14.1564 )
00000652: 15.1203   (Y': 15.6956   Cb: 14.1615   Cr: 14.1538 )
00000653: 15.1264   (Y': 15.6757   Cb: 14.247    Cr: 14.1547 )
00000654: 15.1113   (Y': 15.6474   Cb: 14.2433   Cr: 14.1658 )
00000655: 15.1536   (Y': 15.7363   Cb: 14.216    Cr: 14.1455 )
00000656: 15.1115   (Y': 15.6506   Cb: 14.3515   Cr: 14.054  )
00000657: 15.1627   (Y': 15.7217   Cb: 14.3037   Cr: 14.144  )
00000658: 15.1178   (Y': 15.6746   Cb: 14.2275   Cr: 14.1352 )
00000659: 15.1033   (Y': 15.6645   Cb: 14.2433   Cr: 14.0794 )
00000660: 15.1096   (Y': 15.6827   Cb: 14.2247   Cr: 14.0768 )
00000661: 15.1401   (Y': 15.7028   Cb: 14.2284   Cr: 14.1621 )
00000662: 15.1604   (Y': 15.745    Cb: 14.2597   Cr: 14.111  )
00000663: 15.1391   (Y': 15.7352   Cb: 14.2135   Cr: 14.0823 )
00000664: 15.2431   (Y': 15.8203   Cb: 14.352    Cr: 14.2048 )
00000665: 15.1804   (Y': 15.7987   Cb: 14.2328   Cr: 14.0848 )
00000666: 15.2005   (Y': 15.7924   Cb: 14.2925   Cr: 14.1383 )
00000667: 15.1739   (Y': 15.7699   Cb: 14.1625   Cr: 14.2025 )
00000668: 15.1889   (Y': 15.7618   Cb: 14.2874   Cr: 14.1728 )
00000669: 15.1802   (Y': 15.7828   Cb: 14.2381   Cr: 14.1216 )
00000670: 15.1759   (Y': 15.7478   Cb: 14.3049   Cr: 14.1329 )
00000671: 15.1685   (Y': 15.7602   Cb: 14.2626   Cr: 14.105  )
00000673: 15.2011   (Y': 15.7712   Cb: 14.3276   Cr: 14.1655 )
00000672: 15.2037   (Y': 15.7766   Cb: 14.3174   Cr: 14.1726 )
00000674: 15.2085   (Y': 15.8047   Cb: 14.3039   Cr: 14.1309 )
00000675: 15.2177   (Y': 15.7892   Cb: 14.3508   Cr: 14.1718 )
00000676: 15.1947   (Y': 15.7763   Cb: 14.2434   Cr: 14.2029 )
00000677: 15.18     (Y': 15.7334   Cb: 14.3144   Cr: 14.1832 )
00000678: 15.2015   (Y': 15.7453   Cb: 14.3792   Cr: 14.1897 )
00000679: 15.1634   (Y': 15.6992   Cb: 14.2867   Cr: 14.2274 )
00000681: 15.1704   (Y': 15.7251   Cb: 14.3166   Cr: 14.1585 )
00000680: 15.1866   (Y': 15.7283   Cb: 14.3473   Cr: 14.1973 )
00000682: 15.1844   (Y': 15.7104   Cb: 14.3357   Cr: 14.2485 )
00000683: 15.1862   (Y': 15.6913   Cb: 14.3812   Cr: 14.2677 )
00000684: 15.1662   (Y': 15.7182   Cb: 14.3423   Cr: 14.1332 )
00000685: 15.2039   (Y': 15.7535   Cb: 14.3469   Cr: 14.2093 )
00000686: 15.17     (Y': 15.6986   Cb: 14.37     Cr: 14.1795 )
00000687: 15.1904   (Y': 15.7228   Cb: 14.3695   Cr: 14.2096 )
00000689: 15.1843   (Y': 15.7112   Cb: 14.3609   Cr: 14.2213 )
00000688: 15.1857   (Y': 15.7317   Cb: 14.3487   Cr: 14.182  )
00000690: 15.1507   (Y': 15.708    Cb: 14.3011   Cr: 14.1275 )
00000692: 15.2113   (Y': 15.7697   Cb: 14.3611   Cr: 14.1857 )
00000691: 15.1914   (Y': 15.7183   Cb: 14.3947   Cr: 14.2028 )
00000693: 15.187    (Y': 15.7243   Cb: 14.331    Cr: 14.2259 )
00000694: 15.1658   (Y': 15.7517   Cb: 14.2072   Cr: 14.1695 )
00000695: 15.1491   (Y': 15.7031   Cb: 14.3115   Cr: 14.1235 )
00000696: 15.1665   (Y': 15.7484   Cb: 14.26     Cr: 14.1301 )
00000697: 15.192    (Y': 15.7641   Cb: 14.2689   Cr: 14.199  )
00000698: 15.1799   (Y': 15.7312   Cb: 14.3377   Cr: 14.1661 )
00000699: 15.164    (Y': 15.7255   Cb: 14.2913   Cr: 14.1514 )
00000700: 15.1683   (Y': 15.7228   Cb: 14.318    Cr: 14.1537 )
00000701: 15.2048   (Y': 15.74     Cb: 14.3503   Cr: 14.2486 )
00000702: 15.2095   (Y': 15.757    Cb: 14.4244   Cr: 14.1519 )
00000703: 15.1727   (Y': 15.7432   Cb: 14.2716   Cr: 14.1629 )
00000704: 15.1893   (Y': 15.754    Cb: 14.3151   Cr: 14.1695 )
00000705: 15.1943   (Y': 15.7441   Cb: 14.3232   Cr: 14.2131 )
00000706: 15.1917   (Y': 15.7524   Cb: 14.3134   Cr: 14.1867 )
00000707: 15.1794   (Y': 15.7607   Cb: 14.272    Cr: 14.1459 )
00000708: 15.2083   (Y': 15.7801   Cb: 14.3823   Cr: 14.1225 )
00000709: 15.2038   (Y': 15.7696   Cb: 14.321    Cr: 14.1891 )
00000710: 15.1826   (Y': 15.7449   Cb: 14.2971   Cr: 14.1804 )
00000711: 15.1944   (Y': 15.7371   Cb: 14.3195   Cr: 14.2366 )
00000712: 15.1747   (Y': 15.7372   Cb: 14.3543   Cr: 14.1095 )
00000713: 15.2003   (Y': 15.7861   Cb: 14.278    Cr: 14.1686 )
00000714: 15.2006   (Y': 15.7654   Cb: 14.3073   Cr: 14.1986 )
00000715: 15.2322   (Y': 15.8006   Cb: 14.3629   Cr: 14.1971 )
00000716: 15.1704   (Y': 15.753    Cb: 14.2528   Cr: 14.1431 )
00000717: 15.1721   (Y': 15.7525   Cb: 14.3161   Cr: 14.0915 )
00000718: 15.189    (Y': 15.7674   Cb: 14.3083   Cr: 14.1376 )
00000719: 15.1922   (Y': 15.7815   Cb: 14.2713   Cr: 14.1496 )
00000720: 15.1559   (Y': 15.7469   Cb: 14.2283   Cr: 14.1152 )
00000721: 15.1598   (Y': 15.7284   Cb: 14.2888   Cr: 14.126  )
00000722: 15.1787   (Y': 15.7716   Cb: 14.2806   Cr: 14.1043 )
00000723: 15.1465   (Y': 15.703    Cb: 14.2429   Cr: 14.1779 )
00000724: 15.155    (Y': 15.7359   Cb: 14.2469   Cr: 14.1232 )
00000725: 15.1994   (Y': 15.7794   Cb: 14.315    Cr: 14.1468 )
00000726: 15.1838   (Y': 15.7709   Cb: 14.3145   Cr: 14.0976 )
00000727: 15.1597   (Y': 15.7374   Cb: 14.2868   Cr: 14.1026 )
00000728: 15.177    (Y': 15.7587   Cb: 14.298    Cr: 14.115  )
00000729: 15.2101   (Y': 15.7998   Cb: 14.3521   Cr: 14.106  )
00000730: 15.1767   (Y': 15.7539   Cb: 14.3086   Cr: 14.1165 )
00000731: 15.1691   (Y': 15.7548   Cb: 14.3359   Cr: 14.0524 )
00000733: 15.1883   (Y': 15.7436   Cb: 14.2845   Cr: 14.2236 )
00000732: 15.1725   (Y': 15.7417   Cb: 14.3044   Cr: 14.1343 )
00000734: 15.1255   (Y': 15.7005   Cb: 14.2343   Cr: 14.0936 )
00000735: 15.1873   (Y': 15.7867   Cb: 14.2687   Cr: 14.1146 )
00000737: 15.1596   (Y': 15.7583   Cb: 14.2193   Cr: 14.1099 )
00000736: 15.1655   (Y': 15.7661   Cb: 14.2582   Cr: 14.079  )
00000738: 15.1613   (Y': 15.7645   Cb: 14.3275   Cr: 13.9982 )
00000739: 15.1523   (Y': 15.7414   Cb: 14.2227   Cr: 14.119  )
00000740: 15.1613   (Y': 15.7501   Cb: 14.2524   Cr: 14.1087 )
00000741: 15.1669   (Y': 15.7539   Cb: 14.2942   Cr: 14.0842 )
00000742: 15.1896   (Y': 15.765    Cb: 14.3046   Cr: 14.1503 )
00000743: 15.1681   (Y': 15.767    Cb: 14.2765   Cr: 14.0712 )
00000744: 15.1846   (Y': 15.7864   Cb: 14.2788   Cr: 14.0932 )
00000745: 15.1744   (Y': 15.7582   Cb: 14.2632   Cr: 14.1375 )
00000746: 15.1693   (Y': 15.7657   Cb: 14.2883   Cr: 14.0691 )
00000748: 15.1648   (Y': 15.7717   Cb: 14.2027   Cr: 14.1142 )
00000747: 15.1618   (Y': 15.7519   Cb: 14.2548   Cr: 14.1034 )
00000749: 15.1853   (Y': 15.7681   Cb: 14.3291   Cr: 14.0986 )
00000750: 15.1792   (Y': 15.7693   Cb: 14.2753   Cr: 14.1178 )
00000751: 15.1567   (Y': 15.7269   Cb: 14.3528   Cr: 14.0549 )
00000752: 15.1666   (Y': 15.7315   Cb: 14.3115   Cr: 14.1275 )
00000753: 15.1858   (Y': 15.7834   Cb: 14.3067   Cr: 14.0804 )
00000754: 15.1995   (Y': 15.7918   Cb: 14.2555   Cr: 14.1711 )
00000755: 15.1468   (Y': 15.7406   Cb: 14.2229   Cr: 14.0947 )
00000756: 15.1571   (Y': 15.7631   Cb: 14.1697   Cr: 14.1339 )
00000757: 15.1976   (Y': 15.8025   Cb: 14.2622   Cr: 14.1264 )
00000758: 15.1883   (Y': 15.7684   Cb: 14.2802   Cr: 14.1584 )
00000759: 15.1536   (Y': 15.7653   Cb: 14.1961   Cr: 14.0851 )
00000760: 15.1556   (Y': 15.7405   Cb: 14.2776   Cr: 14.0836 )
00000761: 15.1369   (Y': 15.7208   Cb: 14.2994   Cr: 14.0294 )
00000762: 15.1606   (Y': 15.7555   Cb: 14.2275   Cr: 14.1147 )
00000763: 15.1556   (Y': 15.7678   Cb: 14.2054   Cr: 14.0791 )
00000764: 15.1811   (Y': 15.764    Cb: 14.3027   Cr: 14.115  )
00000765: 15.1604   (Y': 15.7579   Cb: 14.1743   Cr: 14.1596 )
00000766: 15.1853   (Y': 15.7843   Cb: 14.2336   Cr: 14.1459 )
00000767: 15.1602   (Y': 15.7239   Cb: 14.2891   Cr: 14.1402 )
00000768: 15.2011   (Y': 15.8069   Cb: 14.2838   Cr: 14.11   )
00000769: 15.1738   (Y': 15.7313   Cb: 14.3085   Cr: 14.165  )
00000770: 15.1895   (Y': 15.7587   Cb: 14.3327   Cr: 14.1401 )
00000771: 15.1656   (Y': 15.7567   Cb: 14.2386   Cr: 14.1239 )
00000772: 15.1666   (Y': 15.7453   Cb: 14.2425   Cr: 14.1565 )
00000773: 15.198    (Y': 15.7707   Cb: 14.3032   Cr: 14.1758 )
00000774: 15.1904   (Y': 15.7646   Cb: 14.2944   Cr: 14.1648 )
00000775: 15.182    (Y': 15.7565   Cb: 14.2879   Cr: 14.1539 )
00000777: 15.1768   (Y': 15.7609   Cb: 14.2442   Cr: 14.16   )
00000776: 15.1521   (Y': 15.7417   Cb: 14.238    Cr: 14.1019 )
00000778: 15.1745   (Y': 15.753    Cb: 14.2732   Cr: 14.1426 )
00000779: 15.1588   (Y': 15.7328   Cb: 14.2667   Cr: 14.1303 )
00000780: 15.1649   (Y': 15.7493   Cb: 14.2538   Cr: 14.1264 )
00000781: 15.1963   (Y': 15.8084   Cb: 14.2564   Cr: 14.1099 )
00000782: 15.1518   (Y': 15.7661   Cb: 14.2269   Cr: 14.0453 )
00000783: 15.1966   (Y': 15.7806   Cb: 14.267    Cr: 14.1771 )
00000784: 15.1749   (Y': 15.7648   Cb: 14.3071   Cr: 14.0798 )
00000785: 15.153    (Y': 15.7159   Cb: 14.2848   Cr: 14.1324 )
00000786: 15.1566   (Y': 15.7595   Cb: 14.2435   Cr: 14.0691 )
00000787: 15.1413   (Y': 15.7336   Cb: 14.2426   Cr: 14.0687 )
00000788: 15.2107   (Y': 15.8015   Cb: 14.3116   Cr: 14.1432 )
00000789: 15.1758   (Y': 15.7763   Cb: 14.2732   Cr: 14.0851 )
00000790: 15.1449   (Y': 15.7693   Cb: 14.1755   Cr: 14.0537 )
00000791: 15.1094   (Y': 15.6934   Cb: 14.1895   Cr: 14.0806 )
00000792: 15.1311   (Y': 15.6871   Cb: 14.2764   Cr: 14.1166 )
00000793: 15.1223   (Y': 15.7028   Cb: 14.2021   Cr: 14.1032 )
00000794: 15.1407   (Y': 15.717    Cb: 14.2225   Cr: 14.1313 )
00000795: 15.1183   (Y': 15.6971   Cb: 14.2238   Cr: 14.0792 )
00000796: 15.1074   (Y': 15.7078   Cb: 14.1723   Cr: 14.0484 )
00000797: 15.1319   (Y': 15.7047   Cb: 14.2233   Cr: 14.1225 )
00000798: 15.1287   (Y': 15.7208   Cb: 14.2554   Cr: 14.0326 )
00000799: 15.1414   (Y': 15.7023   Cb: 14.3004   Cr: 14.1001 )
00000800: 15.1192   (Y': 15.681    Cb: 14.2582   Cr: 14.0945 )
00000801: 15.1483   (Y': 15.7441   Cb: 14.2368   Cr: 14.079  )
00000802: 15.1402   (Y': 15.7318   Cb: 14.187    Cr: 14.1227 )
00000803: 15.1739   (Y': 15.7637   Cb: 14.2571   Cr: 14.1262 )
00000805: 15.1486   (Y': 15.7261   Cb: 14.2933   Cr: 14.0753 )
00000804: 15.1162   (Y': 15.6911   Cb: 14.2477   Cr: 14.0628 )
00000806: 15.1337   (Y': 15.7009   Cb: 14.2475   Cr: 14.1184 )
00000807: 15.1216   (Y': 15.6896   Cb: 14.2251   Cr: 14.1143 )
00000808: 15.1499   (Y': 15.7119   Cb: 14.2592   Cr: 14.1535 )
00000809: 15.1048   (Y': 15.6848   Cb: 14.1931   Cr: 14.0784 )
00000810: 15.1495   (Y': 15.7171   Cb: 14.2531   Cr: 14.143  )
00000811: 15.1566   (Y': 15.7307   Cb: 14.2642   Cr: 14.1281 )
00000813: 15.1315   (Y': 15.7104   Cb: 14.2235   Cr: 14.1048 )
00000812: 15.1357   (Y': 15.707    Cb: 14.2243   Cr: 14.1337 )
00000814: 15.1385   (Y': 15.7077   Cb: 14.2403   Cr: 14.1292 )
00000815: 15.1516   (Y': 15.728    Cb: 14.2138   Cr: 14.1609 )
00000816: 15.1391   (Y': 15.7118   Cb: 14.2353   Cr: 14.1254 )
00000817: 15.1138   (Y': 15.6656   Cb: 14.2801   Cr: 14.0909 )
00000818: 15.1505   (Y': 15.7308   Cb: 14.2361   Cr: 14.1264 )
00000819: 15.1201   (Y': 15.7082   Cb: 14.1512   Cr: 14.1279 )
00000820: 15.1652   (Y': 15.703    Cb: 14.2936   Cr: 14.2185 )
00000821: 15.1136   (Y': 15.6772   Cb: 14.2238   Cr: 14.1119 )
00000822: 15.1446   (Y': 15.7137   Cb: 14.2427   Cr: 14.1396 )
00000823: 15.1504   (Y': 15.6874   Cb: 14.3203   Cr: 14.1656 )
00000825: 15.1072   (Y': 15.6813   Cb: 14.2424   Cr: 14.0522 )
00000824: 15.0969   (Y': 15.661    Cb: 14.1869   Cr: 14.1137 )
00000826: 15.1555   (Y': 15.7226   Cb: 14.2393   Cr: 14.1697 )
00000827: 15.1299   (Y': 15.7034   Cb: 14.2125   Cr: 14.1276 )
00000828: 15.1294   (Y': 15.6883   Cb: 14.195    Cr: 14.1848 )
00000829: 15.1352   (Y': 15.714    Cb: 14.1889   Cr: 14.1465 )
00000830: 15.1454   (Y': 15.7033   Cb: 14.2504   Cr: 14.1648 )
00000831: 15.1126   (Y': 15.6681   Cb: 14.2043   Cr: 14.1514 )
00000832: 15.1022   (Y': 15.6635   Cb: 14.2616   Cr: 14.0592 )
00000833: 15.148    (Y': 15.716    Cb: 14.2309   Cr: 14.1609 )
00000834: 15.1396   (Y': 15.7162   Cb: 14.1961   Cr: 14.1543 )
00000835: 15.0998   (Y': 15.6624   Cb: 14.2027   Cr: 14.1081 )
00000836: 15.2003   (Y': 15.7695   Cb: 14.3125   Cr: 14.1809 )
00000837: 15.1509   (Y': 15.7155   Cb: 14.2315   Cr: 14.1753 )
00000839: 15.147    (Y': 15.7345   Cb: 14.2253   Cr: 14.11   )
00000838: 15.1718   (Y': 15.7143   Cb: 14.3044   Cr: 14.2074 )
00000840: 15.1517   (Y': 15.7395   Cb: 14.2359   Cr: 14.1082 )
00000841: 15.1565   (Y': 15.7244   Cb: 14.2554   Cr: 14.1536 )
00000842: 15.1754   (Y': 15.7464   Cb: 14.2627   Cr: 14.1754 )
00000843: 15.158    (Y': 15.7482   Cb: 14.2614   Cr: 14.0896 )
00000845: 15.1558   (Y': 15.7178   Cb: 14.2544   Cr: 14.17   )
00000844: 15.1514   (Y': 15.7549   Cb: 14.1618   Cr: 14.1373 )
00000846: 15.1448   (Y': 15.7298   Cb: 14.1753   Cr: 14.1617 )
00000847: 15.1527   (Y': 15.7003   Cb: 14.3063   Cr: 14.1537 )
00000848: 15.1628   (Y': 15.7322   Cb: 14.2168   Cr: 14.2002 )
00000849: 15.1597   (Y': 15.7652   Cb: 14.1857   Cr: 14.1244 )
00000850: 15.1666   (Y': 15.7661   Cb: 14.2159   Cr: 14.1254 )
00000851: 15.161    (Y': 15.7315   Cb: 14.2435   Cr: 14.167  )
00000852: 15.1652   (Y': 15.7309   Cb: 14.2962   Cr: 14.1374 )
00000853: 15.1425   (Y': 15.7265   Cb: 14.2407   Cr: 14.0956 )
00000854: 15.1306   (Y': 15.7245   Cb: 14.1977   Cr: 14.0871 )
00000855: 15.1715   (Y': 15.7326   Cb: 14.2513   Cr: 14.2064 )
00000856: 15.1632   (Y': 15.7681   Cb: 14.2253   Cr: 14.0945 )
00000857: 15.1709   (Y': 15.7681   Cb: 14.1926   Cr: 14.1628 )
00000858: 15.1349   (Y': 15.7108   Cb: 14.2295   Cr: 14.114  )
00000859: 15.138    (Y': 15.7262   Cb: 14.2197   Cr: 14.0957 )
00000860: 15.1638   (Y': 15.7108   Cb: 14.3442   Cr: 14.1403 )
00000861: 15.1418   (Y': 15.6876   Cb: 14.2728   Cr: 14.1695 )
00000862: 15.137    (Y': 15.7053   Cb: 14.2624   Cr: 14.1076 )
00000863: 15.1592   (Y': 15.7325   Cb: 14.2672   Cr: 14.1324 )
00000864: 15.1614   (Y': 15.7442   Cb: 14.2198   Cr: 14.1571 )
00000865: 15.1807   (Y': 15.7627   Cb: 14.2862   Cr: 14.1324 )
00000866: 15.1498   (Y': 15.7321   Cb: 14.2336   Cr: 14.122  )
00000867: 15.1787   (Y': 15.7093   Cb: 14.3338   Cr: 14.2263 )
00000868: 15.1428   (Y': 15.6916   Cb: 14.2453   Cr: 14.1898 )
00000869: 15.1538   (Y': 15.699    Cb: 14.2802   Cr: 14.1879 )
00000870: 15.1666   (Y': 15.724    Cb: 14.2537   Cr: 14.2049 )
00000871: 15.1644   (Y': 15.7665   Cb: 14.2196   Cr: 14.1101 )
00000872: 15.1112   (Y': 15.6783   Cb: 14.1682   Cr: 14.1519 )
00000873: 15.1597   (Y': 15.7363   Cb: 14.2297   Cr: 14.1614 )
00000874: 15.1683   (Y': 15.7525   Cb: 14.2436   Cr: 14.1435 )
00000875: 15.1829   (Y': 15.7717   Cb: 14.2648   Cr: 14.1387 )
00000876: 15.1672   (Y': 15.7938   Cb: 14.1723   Cr: 14.095  )
00000877: 15.1642   (Y': 15.7578   Cb: 14.2392   Cr: 14.1137 )
00000878: 15.1549   (Y': 15.7264   Cb: 14.232    Cr: 14.1634 )
00000879: 15.1788   (Y': 15.7534   Cb: 14.2805   Cr: 14.1549 )
00000880: 15.1676   (Y': 15.7625   Cb: 14.2447   Cr: 14.1113 )
00000881: 15.1561   (Y': 15.7533   Cb: 14.2205   Cr: 14.106  )
00000882: 15.1418   (Y': 15.7402   Cb: 14.2162   Cr: 14.0789 )
00000883: 15.153    (Y': 15.7511   Cb: 14.2278   Cr: 14.0907 )
00000884: 15.1526   (Y': 15.7297   Cb: 14.2432   Cr: 14.1324 )
00000885: 15.185    (Y': 15.7868   Cb: 14.2799   Cr: 14.093  )
00000886: 15.1549   (Y': 15.7434   Cb: 14.2927   Cr: 14.0584 )
00000887: 15.2002   (Y': 15.7979   Cb: 14.2789   Cr: 14.1353 )
00000888: 15.2318   (Y': 15.8442   Cb: 14.3284   Cr: 14.1095 )
00000889: 15.2121   (Y': 15.8268   Cb: 14.2933   Cr: 14.0984 )
00000890: 15.1547   (Y': 15.7585   Cb: 14.2208   Cr: 14.0849 )
00000891: 15.168    (Y': 15.7648   Cb: 14.2629   Cr: 14.0893 )
00000892: 15.1465   (Y': 15.7413   Cb: 14.2122   Cr: 14.1021 )
00000893: 15.1511   (Y': 15.717    Cb: 14.2694   Cr: 14.1352 )
00000894: 15.149    (Y': 15.7366   Cb: 14.2406   Cr: 14.0989 )
00000895: 15.1602   (Y': 15.7166   Cb: 14.3389   Cr: 14.1124 )
00000896: 15.133    (Y': 15.7097   Cb: 14.2814   Cr: 14.0584 )
00000897: 15.1572   (Y': 15.7472   Cb: 14.2798   Cr: 14.071  )
00000898: 15.1602   (Y': 15.7471   Cb: 14.2761   Cr: 14.0887 )
00000899: 15.1904   (Y': 15.7807   Cb: 14.2534   Cr: 14.1609 )
00000900: 15.1491   (Y': 15.7345   Cb: 14.2166   Cr: 14.1284 )
00000901: 15.1559   (Y': 15.7463   Cb: 14.2571   Cr: 14.0889 )
00000902: 15.1776   (Y': 15.755    Cb: 14.3111   Cr: 14.1153 )
00000903: 15.1799   (Y': 15.7586   Cb: 14.2771   Cr: 14.1487 )
00000904: 15.1181   (Y': 15.7163   Cb: 14.1722   Cr: 14.0754 )
00000905: 15.1331   (Y': 15.6905   Cb: 14.244    Cr: 14.1481 )
00000906: 15.1381   (Y': 15.7363   Cb: 14.2206   Cr: 14.068  )
00000907: 15.1572   (Y': 15.7444   Cb: 14.2162   Cr: 14.1399 )
00000908: 15.1568   (Y': 15.7429   Cb: 14.2454   Cr: 14.1138 )
00000909: 15.1657   (Y': 15.75     Cb: 14.2486   Cr: 14.1332 )
00000910: 15.1607   (Y': 15.7438   Cb: 14.2507   Cr: 14.1243 )
00000911: 15.1548   (Y': 15.7517   Cb: 14.195    Cr: 14.1295 )
00000912: 15.1781   (Y': 15.7671   Cb: 14.2219   Cr: 14.1707 )
00000913: 15.17     (Y': 15.7429   Cb: 14.2774   Cr: 14.1449 )
00000914: 15.1767   (Y': 15.7264   Cb: 14.3211   Cr: 14.1805 )
00000915: 15.1525   (Y': 15.7355   Cb: 14.1988   Cr: 14.1594 )
00000916: 15.1797   (Y': 15.7686   Cb: 14.2369   Cr: 14.1595 )
00000917: 15.1801   (Y': 15.757    Cb: 14.3124   Cr: 14.1201 )
00000918: 15.1691   (Y': 15.7473   Cb: 14.2451   Cr: 14.1601 )
00000919: 15.1346   (Y': 15.6885   Cb: 14.2896   Cr: 14.1167 )
00000920: 15.1697   (Y': 15.7531   Cb: 14.2492   Cr: 14.1427 )
00000921: 15.1482   (Y': 15.7086   Cb: 14.2583   Cr: 14.1554 )
00000922: 15.1522   (Y': 15.7082   Cb: 14.3012   Cr: 14.1339 )
00000923: 15.1534   (Y': 15.7362   Cb: 14.2978   Cr: 14.066  )
00000924: 15.1604   (Y': 15.7243   Cb: 14.2892   Cr: 14.1397 )
00000925: 15.1812   (Y': 15.7687   Cb: 14.2869   Cr: 14.1176 )
00000926: 15.1776   (Y': 15.7923   Cb: 14.2333   Cr: 14.0885 )
00000927: 15.1634   (Y': 15.7636   Cb: 14.2492   Cr: 14.0842 )
00000928: 15.186    (Y': 15.7919   Cb: 14.2691   Cr: 14.0943 )
00000929: 15.1748   (Y': 15.7547   Cb: 14.2753   Cr: 14.1372 )
00000930: 15.155    (Y': 15.7335   Cb: 14.2247   Cr: 14.1515 )
00000931: 15.1726   (Y': 15.7415   Cb: 14.2946   Cr: 14.1445 )
00000932: 15.1699   (Y': 15.7526   Cb: 14.2776   Cr: 14.1177 )
00000933: 15.1816   (Y': 15.7644   Cb: 14.2691   Cr: 14.1486 )
00000934: 15.1949   (Y': 15.7642   Cb: 14.2818   Cr: 14.2004 )
00000935: 15.1827   (Y': 15.7742   Cb: 14.2853   Cr: 14.1113 )
00000936: 15.182    (Y': 15.7743   Cb: 14.2231   Cr: 14.1686 )
00000937: 15.1767   (Y': 15.7629   Cb: 14.2187   Cr: 14.1791 )
00000938: 15.2089   (Y': 15.775    Cb: 14.3174   Cr: 14.202  )
00000939: 15.1515   (Y': 15.7516   Cb: 14.2405   Cr: 14.0696 )
00000940: 15.1739   (Y': 15.7701   Cb: 14.2751   Cr: 14.0909 )
00000942: 15.1962   (Y': 15.7861   Cb: 14.3298   Cr: 14.0995 )
00000941: 15.1922   (Y': 15.7685   Cb: 14.3203   Cr: 14.138  )
00000943: 15.1856   (Y': 15.7937   Cb: 14.2415   Cr: 14.1143 )
00000944: 15.1812   (Y': 15.7877   Cb: 14.1988   Cr: 14.152  )
00000945: 15.1548   (Y': 15.7403   Cb: 14.2264   Cr: 14.1301 )
00000946: 15.229    (Y': 15.8458   Cb: 14.2838   Cr: 14.1354 )
00000947: 15.19     (Y': 15.7615   Cb: 14.2934   Cr: 14.1727 )
00000948: 15.1857   (Y': 15.7539   Cb: 14.2972   Cr: 14.1701 )
00000950: 15.1731   (Y': 15.7373   Cb: 14.3261   Cr: 14.1283 )
00000949: 15.1739   (Y': 15.7646   Cb: 14.2724   Cr: 14.1086 )
00000951: 15.196    (Y': 15.7735   Cb: 14.3295   Cr: 14.1334 )
00000952: 15.1945   (Y': 15.7922   Cb: 14.2334   Cr: 14.1679 )
00000953: 15.2075   (Y': 15.7816   Cb: 14.3665   Cr: 14.1298 )
00000954: 15.2052   (Y': 15.782    Cb: 14.3485   Cr: 14.135  )
00000955: 15.2163   (Y': 15.7995   Cb: 14.3218   Cr: 14.1649 )
00000956: 15.1821   (Y': 15.7881   Cb: 14.2126   Cr: 14.1411 )
00000957: 15.1815   (Y': 15.7696   Cb: 14.2817   Cr: 14.1216 )
00000959: 15.1877   (Y': 15.7806   Cb: 14.2655   Cr: 14.1364 )
00000958: 15.1943   (Y': 15.7849   Cb: 14.2513   Cr: 14.1696 )
00000960: 15.195    (Y': 15.7502   Cb: 14.3529   Cr: 14.1705 )
00000961: 15.1641   (Y': 15.7524   Cb: 14.2605   Cr: 14.1074 )
00000962: 15.1857   (Y': 15.7587   Cb: 14.3164   Cr: 14.1378 )
00000963: 15.1882   (Y': 15.783    Cb: 14.2911   Cr: 14.1078 )
00000964: 15.1685   (Y': 15.7501   Cb: 14.2693   Cr: 14.1258 )
00000965: 15.1968   (Y': 15.7762   Cb: 14.3091   Cr: 14.1493 )
00000966: 15.1877   (Y': 15.7489   Cb: 14.335    Cr: 14.1568 )
00000967: 15.2121   (Y': 15.8122   Cb: 14.2672   Cr: 14.1632 )
00000968: 15.2014   (Y': 15.7993   Cb: 14.247    Cr: 14.1677 )
00000969: 15.2448   (Y': 15.8539   Cb: 14.3231   Cr: 14.1488 )
00000970: 15.2034   (Y': 15.7939   Cb: 14.2956   Cr: 14.1445 )
00000971: 15.1704   (Y': 15.7508   Cb: 14.2696   Cr: 14.1324 )
00000972: 15.1749   (Y': 15.7665   Cb: 14.214    Cr: 14.1651 )
00000973: 15.1691   (Y': 15.7581   Cb: 14.2505   Cr: 14.1248 )
00000974: 15.1705   (Y': 15.7812   Cb: 14.2173   Cr: 14.1005 )
00000975: 15.1955   (Y': 15.7812   Cb: 14.2928   Cr: 14.1448 )
00000976: 15.2301   (Y': 15.8086   Cb: 14.3223   Cr: 14.2042 )
00000977: 15.1569   (Y': 15.7307   Cb: 14.2514   Cr: 14.1419 )
00000978: 15.1725   (Y': 15.7493   Cb: 14.2708   Cr: 14.1458 )
00000979: 15.1646   (Y': 15.7258   Cb: 14.286    Cr: 14.1586 )
00000980: 15.1477   (Y': 15.7408   Cb: 14.2282   Cr: 14.0934 )
00000981: 15.1951   (Y': 15.7815   Cb: 14.284    Cr: 14.1511 )
00000982: 15.196    (Y': 15.7832   Cb: 14.2647   Cr: 14.1694 )
00000983: 15.1349   (Y': 15.7127   Cb: 14.2187   Cr: 14.1193 )
00000984: 15.1941   (Y': 15.7548   Cb: 14.3161   Cr: 14.189  )
00000985: 15.1843   (Y': 15.7606   Cb: 14.2864   Cr: 14.1554 )
00000986: 15.1642   (Y': 15.7552   Cb: 14.2581   Cr: 14.1027 )
00000987: 15.1897   (Y': 15.7706   Cb: 14.2609   Cr: 14.1777 )
00000988: 15.1667   (Y': 15.7454   Cb: 14.266    Cr: 14.1336 )
00000989: 15.2152   (Y': 15.8011   Cb: 14.3231   Cr: 14.1538 )
00000990: 15.1556   (Y': 15.7429   Cb: 14.1753   Cr: 14.1771 )
00000991: 15.1908   (Y': 15.7752   Cb: 14.2749   Cr: 14.1568 )
00000992: 15.1548   (Y': 15.7264   Cb: 14.262    Cr: 14.1338 )
00000993: 15.1582   (Y': 15.7071   Cb: 14.2706   Cr: 14.1952 )
00000994: 15.2035   (Y': 15.8026   Cb: 14.2664   Cr: 14.1502 )
00000995: 15.2047   (Y': 15.7942   Cb: 14.3382   Cr: 14.109  )
00000996: 15.1794   (Y': 15.7255   Cb: 14.2692   Cr: 14.2471 )
00000997: 15.1963   (Y': 15.7649   Cb: 14.3346   Cr: 14.1536 )
00000998: 15.1798   (Y': 15.7339   Cb: 14.3436   Cr: 14.1528 )
00000999: 15.1806   (Y': 15.7368   Cb: 14.3367   Cr: 14.1552 )
00001000: 15.1802   (Y': 15.7548   Cb: 14.3021   Cr: 14.1365 )
00001001: 15.1579   (Y': 15.7189   Cb: 14.2427   Cr: 14.1882 )
00001002: 15.1488   (Y': 15.7314   Cb: 14.2235   Cr: 14.129  )
00001003: 15.173    (Y': 15.7376   Cb: 14.2977   Cr: 14.1542 )
00001004: 15.1576   (Y': 15.739    Cb: 14.2264   Cr: 14.1469 )
00001005: 15.166    (Y': 15.7591   Cb: 14.24     Cr: 14.1182 )
00001006: 15.1594   (Y': 15.72     Cb: 14.2539   Cr: 14.1814 )
00001007: 15.1979   (Y': 15.7564   Cb: 14.3126   Cr: 14.2058 )
00001008: 15.1681   (Y': 15.7298   Cb: 14.2517   Cr: 14.1976 )
00001009: 15.2039   (Y': 15.7902   Cb: 14.2553   Cr: 14.1966 )
00001010: 15.1667   (Y': 15.7402   Cb: 14.2909   Cr: 14.1239 )
00001011: 15.1835   (Y': 15.7631   Cb: 14.2792   Cr: 14.1513 )
00001012: 15.1784   (Y': 15.7842   Cb: 14.2129   Cr: 14.1339 )
00001013: 15.1719   (Y': 15.7868   Cb: 14.2602   Cr: 14.0511 )
00001014: 15.1599   (Y': 15.7392   Cb: 14.2533   Cr: 14.1311 )
00001015: 15.1193   (Y': 15.6974   Cb: 14.2472   Cr: 14.0606 )
00001016: 15.1517   (Y': 15.7304   Cb: 14.3087   Cr: 14.0635 )
00001017: 15.1804   (Y': 15.751    Cb: 14.2719   Cr: 14.1773 )
00001018: 15.1621   (Y': 15.7627   Cb: 14.2541   Cr: 14.0761 )
00001019: 15.1852   (Y': 15.8139   Cb: 14.2148   Cr: 14.0836 )
00001020: 15.1839   (Y': 15.7731   Cb: 14.2935   Cr: 14.1121 )
00001021: 15.1508   (Y': 15.7401   Cb: 14.2849   Cr: 14.0555 )
00001022: 15.1508   (Y': 15.7565   Cb: 14.2506   Cr: 14.0435 )
00001023: 15.145    (Y': 15.7342   Cb: 14.2299   Cr: 14.0971 )
00001024: 15.1533   (Y': 15.7585   Cb: 14.2037   Cr: 14.0952 )
00001025: 15.1084   (Y': 15.6998   Cb: 14.1885   Cr: 14.0591 )
00001027: 15.1262   (Y': 15.7336   Cb: 14.1876   Cr: 14.0515 )
00001026: 15.1862   (Y': 15.7528   Cb: 14.2407   Cr: 14.2311 )
00001028: 15.1916   (Y': 15.7958   Cb: 14.2132   Cr: 14.1641 )
Total: 15.2241   (Y': 15.8448   Cb: 14.2802   Cr: 14.1181 )
