00000000: 31.3193   (Y': 40.8341   Cb: 26.8846   Cr: 26.8846 )
00000001: 12.1813   (Y': 11.567    Cb: 12.927    Cr: 14.7774 )
00000002: 12.1897   (Y': 11.5746   Cb: 12.9143   Cr: 14.825  )
00000006: 12.0468   (Y': 11.4544   Cb: 12.6393   Cr: 14.6989 )
00000004: 12.0326   (Y': 11.414    Cb: 12.7385   Cr: 14.7273 )
00000005: 12.0805   (Y': 11.475    Cb: 12.7333   Cr: 14.7478 )
00000003: 12.2413   (Y': 11.66     Cb: 12.8521   Cr: 14.7726 )
00000007: 11.9299   (Y': 11.2957   Cb: 12.6648   Cr: 14.7139 )
00000009: 11.8776   (Y': 11.2444   Cb: 12.6046   Cr: 14.6655 )
00000008: 11.9647   (Y': 11.3422   Cb: 12.6734   Cr: 14.6884 )
00000010: 11.8289   (Y': 11.2086   Cb: 12.5597   Cr: 14.4984 )
00000011: 11.8682   (Y': 11.209    Cb: 12.6799   Cr: 14.7513 )
00000012: 11.9152   (Y': 11.2735   Cb: 12.671    Cr: 14.7323 )
00000014: 11.8463   (Y': 11.193    Cb: 12.6094   Cr: 14.7548 )
00000013: 11.9044   (Y': 11.2455   Cb: 12.6371   Cr: 14.916  )
00000015: 11.962    (Y': 11.3189   Cb: 12.6827   Cr: 14.8488 )
00000016: 11.8812   (Y': 11.2179   Cb: 12.6445   Cr: 14.8816 )
00000017: 11.9134   (Y': 11.2742   Cb: 12.6605   Cr: 14.7212 )
00000018: 11.8526   (Y': 11.2007   Cb: 12.6477   Cr: 14.6965 )
00000020: 11.952    (Y': 11.3085   Cb: 12.7137   Cr: 14.7758 )
00000019: 11.8917   (Y': 11.2436   Cb: 12.6418   Cr: 14.7751 )
00000021: 11.8982   (Y': 11.2498   Cb: 12.6769   Cr: 14.7382 )
00000022: 11.8634   (Y': 11.2509   Cb: 12.5094   Cr: 14.6006 )
00000023: 11.9276   (Y': 11.3066   Cb: 12.6438   Cr: 14.6272 )
00000024: 11.8553   (Y': 11.2109   Cb: 12.6072   Cr: 14.7032 )
00000025: 11.9074   (Y': 11.2594   Cb: 12.6947   Cr: 14.7301 )
00000026: 11.8886   (Y': 11.2526   Cb: 12.5908   Cr: 14.7414 )
00000028: 11.8402   (Y': 11.1953   Cb: 12.5949   Cr: 14.687  )
00000029: 11.8867   (Y': 11.2604   Cb: 12.6109   Cr: 14.6186 )
00000027: 11.8623   (Y': 11.2057   Cb: 12.6546   Cr: 14.7529 )
00000030: 11.7969   (Y': 11.1221   Cb: 12.6574   Cr: 14.7442 )
00000031: 11.7849   (Y': 11.1151   Cb: 12.6487   Cr: 14.6808 )
00000033: 11.7695   (Y': 11.0961   Cb: 12.6376   Cr: 14.6911 )
00000032: 11.8566   (Y': 11.2085   Cb: 12.6924   Cr: 14.6026 )
00000034: 11.8231   (Y': 11.1702   Cb: 12.6052   Cr: 14.6971 )
00000035: 11.8679   (Y': 11.229    Cb: 12.5551   Cr: 14.7712 )
00000036: 11.8326   (Y': 11.1724   Cb: 12.6552   Cr: 14.708  )
00000037: 11.8723   (Y': 11.2235   Cb: 12.6262   Cr: 14.7558 )
00000038: 11.7936   (Y': 11.1331   Cb: 12.5982   Cr: 14.7004 )
00000039: 11.7734   (Y': 11.0962   Cb: 12.6523   Cr: 14.7138 )
00000040: 11.7795   (Y': 11.1189   Cb: 12.594    Cr: 14.6712 )
00000042: 11.8667   (Y': 11.2165   Cb: 12.6337   Cr: 14.741  )
00000041: 11.8056   (Y': 11.1313   Cb: 12.6741   Cr: 14.7351 )
00000044: 11.7663   (Y': 11.1099   Cb: 12.6008   Cr: 14.5883 )
00000043: 11.8248   (Y': 11.1693   Cb: 12.6178   Cr: 14.7056 )
00000045: 11.8335   (Y': 11.1597   Cb: 12.6839   Cr: 14.7879 )
00000046: 11.8591   (Y': 11.2084   Cb: 12.6157   Cr: 14.7551 )
00000047: 11.8326   (Y': 11.1846   Cb: 12.5933   Cr: 14.6975 )
00000050: 11.8696   (Y': 11.2128   Cb: 12.6423   Cr: 14.7948 )
00000048: 11.8651   (Y': 11.2255   Cb: 12.6079   Cr: 14.6837 )
00000049: 11.7639   (Y': 11.1019   Cb: 12.5683   Cr: 14.6851 )
00000051: 11.9003   (Y': 11.255    Cb: 12.6315   Cr: 14.7891 )
00000053: 11.8186   (Y': 11.1668   Cb: 12.5574   Cr: 14.7546 )
00000052: 11.9135   (Y': 11.2833   Cb: 12.6596   Cr: 14.6449 )
00000054: 11.8245   (Y': 11.1714   Cb: 12.6326   Cr: 14.6591 )
00000055: 11.8935   (Y': 11.24     Cb: 12.6203   Cr: 14.8642 )
00000056: 11.9437   (Y': 11.3035   Cb: 12.6461   Cr: 14.8346 )
00000057: 11.8275   (Y': 11.1722   Cb: 12.59     Cr: 14.7563 )
00000058: 11.8693   (Y': 11.2201   Cb: 12.6208   Cr: 14.7594 )
00000060: 11.8123   (Y': 11.1471   Cb: 12.6772   Cr: 14.6645 )
00000061: 11.8408   (Y': 11.1749   Cb: 12.6478   Cr: 14.7926 )
00000062: 11.8802   (Y': 11.225    Cb: 12.6646   Cr: 14.7712 )
00000059: 11.8845   (Y': 11.2355   Cb: 12.6418   Cr: 14.7637 )
00000063: 11.8508   (Y': 11.1829   Cb: 12.6531   Cr: 14.8293 )
00000064: 11.7975   (Y': 11.145    Cb: 12.5883   Cr: 14.6534 )
00000065: 11.851    (Y': 11.2004   Cb: 12.6224   Cr: 14.7219 )
00000066: 11.7827   (Y': 11.109    Cb: 12.6098   Cr: 14.7734 )
00000067: 11.8156   (Y': 11.1594   Cb: 12.5811   Cr: 14.7471 )
00000068: 11.8462   (Y': 11.2082   Cb: 12.5699   Cr: 14.6815 )
00000070: 11.9196   (Y': 11.2829   Cb: 12.6001   Cr: 14.8149 )
00000069: 11.8599   (Y': 11.2154   Cb: 12.5728   Cr: 14.7711 )
00000071: 12.0284   (Y': 11.409    Cb: 12.7009   Cr: 14.7832 )
00000072: 12.9726   (Y': 12.4275   Cb: 13.4199   Cr: 15.4682 )
00000074: 12.9813   (Y': 12.4396   Cb: 13.3387   Cr: 15.5961 )
00000073: 13.0823   (Y': 12.5458   Cb: 13.438    Cr: 15.6575 )
00000075: 12.6674   (Y': 12.1296   Cb: 13.1158   Cr: 15.103  )
00000076: 11.8501   (Y': 11.195    Cb: 12.605    Cr: 14.7894 )
00000078: 11.8039   (Y': 11.1611   Cb: 12.556    Cr: 14.636  )
00000077: 11.9098   (Y': 11.2786   Cb: 12.6306   Cr: 14.6901 )
00000079: 11.8285   (Y': 11.1797   Cb: 12.597    Cr: 14.687  )
00000080: 11.81     (Y': 11.159    Cb: 12.5921   Cr: 14.667  )
00000081: 11.8028   (Y': 11.1335   Cb: 12.6004   Cr: 14.8022 )
00000082: 11.8696   (Y': 11.2225   Cb: 12.5963   Cr: 14.7822 )
00000083: 11.814    (Y': 11.1498   Cb: 12.6824   Cr: 14.6523 )
00000086: 11.8505   (Y': 11.19     Cb: 12.6348   Cr: 14.7909 )
00000085: 11.8396   (Y': 11.1764   Cb: 12.6275   Cr: 14.7988 )
00000084: 11.7573   (Y': 11.0997   Cb: 12.5358   Cr: 14.6805 )
00000087: 11.8353   (Y': 11.1894   Cb: 12.6074   Cr: 14.6633 )
00000088: 11.7662   (Y': 11.1013   Cb: 12.5838   Cr: 14.6928 )
00000089: 11.8837   (Y': 11.2215   Cb: 12.731    Cr: 14.7376 )
00000090: 11.8117   (Y': 11.1419   Cb: 12.6474   Cr: 14.7527 )
00000091: 11.866    (Y': 11.1999   Cb: 12.697    Cr: 14.7814 )
00000093: 11.8151   (Y': 11.1452   Cb: 12.6509   Cr: 14.757  )
00000092: 11.7903   (Y': 11.1123   Cb: 12.6739   Cr: 14.7291 )
00000094: 11.8993   (Y': 11.2602   Cb: 12.6503   Cr: 14.7008 )
00000095: 11.8176   (Y': 11.1621   Cb: 12.63     Cr: 14.666  )
00000096: 11.8442   (Y': 11.1876   Cb: 12.6309   Cr: 14.7441 )
00000097: 11.8529   (Y': 11.1959   Cb: 12.6502   Cr: 14.7406 )
00000098: 11.7848   (Y': 11.1126   Cb: 12.66     Cr: 14.6844 )
00000099: 11.8322   (Y': 11.1803   Cb: 12.6377   Cr: 14.6598 )
00000100: 11.7357   (Y': 11.0624   Cb: 12.5998   Cr: 14.6631 )
00000101: 11.8263   (Y': 11.1615   Cb: 12.6304   Cr: 14.7733 )
00000102: 11.7969   (Y': 11.1348   Cb: 12.6039   Cr: 14.7145 )
00000103: 11.8169   (Y': 11.1382   Cb: 12.6444   Cr: 14.8537 )
00000104: 11.8438   (Y': 11.1997   Cb: 12.6359   Cr: 14.6238 )
00000105: 11.8743   (Y': 11.2316   Cb: 12.6298   Cr: 14.7005 )
00000106: 11.8052   (Y': 11.1593   Cb: 12.5955   Cr: 14.6037 )
00000107: 11.831    (Y': 11.1702   Cb: 12.6286   Cr: 14.7514 )
00000108: 11.8264   (Y': 11.1904   Cb: 12.5834   Cr: 14.5907 )
00000110: 11.8257   (Y': 11.1799   Cb: 12.5738   Cr: 14.6909 )
00000109: 11.8334   (Y': 11.1655   Cb: 12.7017   Cr: 14.7051 )
00000111: 11.7885   (Y': 11.1264   Cb: 12.6195   Cr: 14.6669 )
00000112: 11.7297   (Y': 11.0445   Cb: 12.6338   Cr: 14.7023 )
00000113: 11.8301   (Y': 11.1805   Cb: 12.5771   Cr: 14.7314 )
00000114: 11.8471   (Y': 11.2048   Cb: 12.6255   Cr: 14.6336 )
00000115: 11.8389   (Y': 11.1869   Cb: 12.5965   Cr: 14.745  )
00000116: 11.8703   (Y': 11.2283   Cb: 12.6657   Cr: 14.6272 )
00000117: 11.8788   (Y': 11.2465   Cb: 12.5921   Cr: 14.681  )
00000118: 11.8018   (Y': 11.16     Cb: 12.5619   Cr: 14.6118 )
00000119: 11.8727   (Y': 11.2334   Cb: 12.5947   Cr: 14.723  )
00000120: 11.7612   (Y': 11.0867   Cb: 12.6764   Cr: 14.6191 )
00000122: 11.8328   (Y': 11.194    Cb: 12.5392   Cr: 14.7031 )
00000121: 11.7801   (Y': 11.1187   Cb: 12.5922   Cr: 14.6821 )
00000123: 11.8679   (Y': 11.2244   Cb: 12.6682   Cr: 14.6289 )
00000124: 11.836    (Y': 11.1881   Cb: 12.6468   Cr: 14.6194 )
00000125: 11.8096   (Y': 11.1785   Cb: 12.5728   Cr: 14.5215 )
00000126: 11.7989   (Y': 11.1676   Cb: 12.5358   Cr: 14.5547 )
00000127: 11.8613   (Y': 11.245    Cb: 12.5956   Cr: 14.4918 )
00000128: 11.8905   (Y': 11.2863   Cb: 12.5687   Cr: 14.5064 )
00000130: 11.9107   (Y': 11.2907   Cb: 12.5809   Cr: 14.6747 )
00000129: 11.9047   (Y': 11.2928   Cb: 12.5591   Cr: 14.6237 )
00000131: 11.9415   (Y': 11.3205   Cb: 12.6375   Cr: 14.6729 )
00000132: 11.9985   (Y': 11.3721   Cb: 12.7151   Cr: 14.7439 )
00000133: 11.9619   (Y': 11.3594   Cb: 12.5839   Cr: 14.6526 )
00000135: 11.821    (Y': 11.1727   Cb: 12.5658   Cr: 14.7147 )
00000134: 11.8843   (Y': 11.2368   Cb: 12.6585   Cr: 14.7232 )
00000136: 11.8636   (Y': 11.2305   Cb: 12.6132   Cr: 14.6145 )
00000138: 11.7898   (Y': 11.1318   Cb: 12.6095   Cr: 14.6497 )
00000137: 11.9051   (Y': 11.2815   Cb: 12.6414   Cr: 14.5949 )
00000139: 11.8423   (Y': 11.1892   Cb: 12.6349   Cr: 14.7007 )
00000140: 11.8508   (Y': 11.2064   Cb: 12.6393   Cr: 14.6401 )
00000141: 11.8305   (Y': 11.1724   Cb: 12.6392   Cr: 14.708  )
00000142: 11.8976   (Y': 11.2646   Cb: 12.6508   Cr: 14.6425 )
00000143: 11.8374   (Y': 11.1922   Cb: 12.6069   Cr: 14.6626 )
00000144: 11.8373   (Y': 11.1985   Cb: 12.6184   Cr: 14.5877 )
00000146: 12.043    (Y': 11.4511   Cb: 12.6344   Cr: 14.6931 )
00000145: 11.9109   (Y': 11.3068   Cb: 12.5858   Cr: 14.5319 )
00000147: 12.0031   (Y': 11.382    Cb: 12.7013   Cr: 14.7312 )
00000148: 11.965    (Y': 11.3189   Cb: 12.734    Cr: 14.7995 )
00000151: 11.9742   (Y': 11.3632   Cb: 12.6913   Cr: 14.5873 )
00000150: 11.933    (Y': 11.3038   Cb: 12.6691   Cr: 14.6717 )
00000149: 12.0313   (Y': 11.4217   Cb: 12.7339   Cr: 14.6552 )
00000152: 12.0582   (Y': 11.4632   Cb: 12.7132   Cr: 14.6336 )
00000154: 11.9184   (Y': 11.2924   Cb: 12.647    Cr: 14.6401 )
00000155: 11.8814   (Y': 11.2325   Cb: 12.6721   Cr: 14.7065 )
00000153: 12.0308   (Y': 11.4065   Cb: 12.7487   Cr: 14.7556 )
00000156: 11.8528   (Y': 11.197    Cb: 12.6648   Cr: 14.7053 )
00000158: 11.9432   (Y': 11.3253   Cb: 12.623    Cr: 14.6736 )
00000159: 11.8992   (Y': 11.2609   Cb: 12.634    Cr: 14.719  )
00000157: 11.8862   (Y': 11.2532   Cb: 12.6248   Cr: 14.6537 )
00000160: 11.8945   (Y': 11.2687   Cb: 12.6182   Cr: 14.6229 )
00000162: 11.8878   (Y': 11.2535   Cb: 12.6161   Cr: 14.6831 )
00000163: 11.8665   (Y': 11.2406   Cb: 12.5654   Cr: 14.6353 )
00000161: 11.7566   (Y': 11.0937   Cb: 12.5786   Cr: 14.6572 )
00000164: 11.7932   (Y': 11.1395   Cb: 12.6254   Cr: 14.5951 )
00000165: 11.8467   (Y': 11.1949   Cb: 12.6664   Cr: 14.6508 )
00000166: 11.7472   (Y': 11.0852   Cb: 12.5771   Cr: 14.6262 )
00000167: 11.8901   (Y': 11.2703   Cb: 12.616    Cr: 14.5637 )
00000168: 11.8347   (Y': 11.1862   Cb: 12.5716   Cr: 14.7434 )
00000171: 11.7857   (Y': 11.1413   Cb: 12.5245   Cr: 14.654  )
00000170: 11.7961   (Y': 11.1405   Cb: 12.6033   Cr: 14.6544 )
00000169: 11.8102   (Y': 11.1465   Cb: 12.6772   Cr: 14.6463 )
00000172: 11.7966   (Y': 11.1419   Cb: 12.5759   Cr: 14.6919 )
00000173: 11.758    (Y': 11.0991   Cb: 12.5867   Cr: 14.6118 )
00000174: 11.7343   (Y': 11.065    Cb: 12.577    Cr: 14.6588 )
00000175: 11.7019   (Y': 11.0184   Cb: 12.61     Cr: 14.6525 )
00000176: 11.7855   (Y': 11.1287   Cb: 12.58     Cr: 14.675  )
00000178: 11.7628   (Y': 11.0915   Cb: 12.6176   Cr: 14.6866 )
00000177: 11.7547   (Y': 11.0757   Cb: 12.6214   Cr: 14.7305 )
00000179: 11.8089   (Y': 11.1597   Cb: 12.5912   Cr: 14.6501 )
00000180: 11.8367   (Y': 11.1949   Cb: 12.5814   Cr: 14.6728 )
00000182: 11.8455   (Y': 11.1884   Cb: 12.6451   Cr: 14.7292 )
00000181: 11.8139   (Y': 11.1723   Cb: 12.5669   Cr: 14.6339 )
00000183: 11.82     (Y': 11.1678   Cb: 12.5901   Cr: 14.7074 )
00000184: 11.7635   (Y': 11.1017   Cb: 12.5666   Cr: 14.6848 )
00000187: 11.7567   (Y': 11.1036   Cb: 12.5459   Cr: 14.6209 )
00000185: 11.8111   (Y': 11.1525   Cb: 12.5978   Cr: 14.7288 )
00000186: 11.8045   (Y': 11.1522   Cb: 12.6222   Cr: 14.6167 )
00000188: 11.8276   (Y': 11.1822   Cb: 12.5951   Cr: 14.6586 )
00000189: 11.7831   (Y': 11.1138   Cb: 12.6582   Cr: 14.6571 )
00000191: 11.7936   (Y': 11.136    Cb: 12.5927   Cr: 14.6836 )
00000190: 11.761    (Y': 11.0841   Cb: 12.6487   Cr: 14.6836 )
00000192: 11.7732   (Y': 11.1051   Cb: 12.5624   Cr: 14.775  )
00000193: 11.7465   (Y': 11.077    Cb: 12.5557   Cr: 14.7285 )
00000195: 11.7883   (Y': 11.12     Cb: 12.6571   Cr: 14.662  )
00000194: 11.7679   (Y': 11.1018   Cb: 12.6355   Cr: 14.6238 )
00000196: 11.8673   (Y': 11.2272   Cb: 12.6443   Cr: 14.6369 )
00000197: 11.7894   (Y': 11.1486   Cb: 12.5441   Cr: 14.5991 )
00000198: 11.8227   (Y': 11.1667   Cb: 12.6326   Cr: 14.6801 )
00000199: 11.7149   (Y': 11.0464   Cb: 12.5723   Cr: 14.6098 )
00000200: 11.8004   (Y': 11.1488   Cb: 12.583    Cr: 14.6623 )
00000201: 11.8421   (Y': 11.2087   Cb: 12.5525   Cr: 14.6591 )
00000202: 11.8242   (Y': 11.1696   Cb: 12.629    Cr: 14.6777 )
00000203: 11.7821   (Y': 11.1269   Cb: 12.5815   Cr: 14.6495 )
00000204: 11.8005   (Y': 11.1513   Cb: 12.5829   Cr: 14.6411 )
00000205: 11.753    (Y': 11.0841   Cb: 12.5953   Cr: 14.6758 )
00000206: 11.8036   (Y': 11.1321   Cb: 12.6886   Cr: 14.681  )
00000207: 11.7777   (Y': 11.1094   Cb: 12.5883   Cr: 14.7457 )
00000208: 11.8038   (Y': 11.1548   Cb: 12.5947   Cr: 14.6291 )
00000209: 11.7858   (Y': 11.1301   Cb: 12.5622   Cr: 14.6939 )
00000211: 11.7922   (Y': 11.1396   Cb: 12.5951   Cr: 14.631  )
00000210: 11.7234   (Y': 11.0492   Cb: 12.5723   Cr: 14.6837 )
00000212: 11.7673   (Y': 11.1058   Cb: 12.5287   Cr: 14.7547 )
00000213: 11.7872   (Y': 11.1433   Cb: 12.5283   Cr: 14.6466 )
00000214: 11.7707   (Y': 11.104    Cb: 12.6128   Cr: 14.6737 )
00000215: 11.7459   (Y': 11.0726   Cb: 12.6258   Cr: 14.6483 )
00000216: 11.7607   (Y': 11.1109   Cb: 12.5449   Cr: 14.6039 )
00000217: 11.8303   (Y': 11.1817   Cb: 12.6091   Cr: 14.6718 )
00000219: 11.7635   (Y': 11.1135   Cb: 12.585    Cr: 14.5488 )
00000218: 11.7711   (Y': 11.1081   Cb: 12.5819   Cr: 14.6902 )
00000220: 11.7874   (Y': 11.1272   Cb: 12.6361   Cr: 14.6216 )
00000221: 11.7872   (Y': 11.1253   Cb: 12.607    Cr: 14.6823 )
00000222: 11.7547   (Y': 11.0972   Cb: 12.5525   Cr: 14.6446 )
00000223: 11.8431   (Y': 11.198    Cb: 12.6057   Cr: 14.6788 )
00000224: 11.7999   (Y': 11.1545   Cb: 12.5969   Cr: 14.5835 )
00000226: 11.7673   (Y': 11.1005   Cb: 12.5778   Cr: 14.7218 )
00000225: 11.8337   (Y': 11.182    Cb: 12.6118   Cr: 14.7039 )
00000227: 11.7708   (Y': 11.104    Cb: 12.5663   Cr: 14.7501 )
00000228: 11.818    (Y': 11.1861   Cb: 12.5715   Cr: 14.5522 )
00000229: 11.8101   (Y': 11.1673   Cb: 12.5455   Cr: 14.6696 )
00000231: 11.7777   (Y': 11.1164   Cb: 12.6067   Cr: 14.6528 )
00000230: 11.7697   (Y': 11.131    Cb: 12.5085   Cr: 14.5865 )
00000232: 11.8366   (Y': 11.1922   Cb: 12.6436   Cr: 14.5951 )
00000233: 11.7817   (Y': 11.128    Cb: 12.578    Cr: 14.6401 )
00000234: 11.7848   (Y': 11.1238   Cb: 12.6257   Cr: 14.6375 )
00000235: 11.8097   (Y': 11.1581   Cb: 12.6063   Cr: 14.6492 )
00000236: 11.8205   (Y': 11.1637   Cb: 12.6857   Cr: 14.5983 )
00000237: 11.8047   (Y': 11.1597   Cb: 12.555    Cr: 14.6597 )
00000238: 11.7858   (Y': 11.1157   Cb: 12.6419   Cr: 14.697  )
00000239: 11.8289   (Y': 11.1796   Cb: 12.6064   Cr: 14.6789 )
00000240: 11.7666   (Y': 11.1114   Cb: 12.5565   Cr: 14.6486 )
00000242: 11.7879   (Y': 11.1455   Cb: 12.5649   Cr: 14.5761 )
00000243: 11.7746   (Y': 11.12     Cb: 12.5601   Cr: 14.6582 )
00000241: 11.7853   (Y': 11.1267   Cb: 12.5935   Cr: 14.6687 )
00000244: 11.7605   (Y': 11.0914   Cb: 12.6166   Cr: 14.6619 )
00000247: 11.7826   (Y': 11.1428   Cb: 12.5405   Cr: 14.5792 )
00000245: 11.7299   (Y': 11.0708   Cb: 12.6037   Cr: 14.5143 )
00000246: 11.7994   (Y': 11.15     Cb: 12.5777   Cr: 14.6487 )
00000248: 11.7946   (Y': 11.1574   Cb: 12.5257   Cr: 14.6116 )
00000249: 11.7985   (Y': 11.1459   Cb: 12.5893   Cr: 14.6561 )
00000251: 11.9017   (Y': 11.2808   Cb: 12.5806   Cr: 14.6594 )
00000250: 11.8224   (Y': 11.1744   Cb: 12.6037   Cr: 14.6544 )
00000252: 11.7944   (Y': 11.133    Cb: 12.6366   Cr: 14.6484 )
00000253: 11.805    (Y': 11.1544   Cb: 12.5999   Cr: 14.6379 )
00000254: 11.8238   (Y': 11.196    Cb: 12.5503   Cr: 14.5656 )
00000255: 11.7687   (Y': 11.1082   Cb: 12.5941   Cr: 14.6412 )
00000256: 11.7285   (Y': 11.0617   Cb: 12.5904   Cr: 14.6008 )
00000257: 11.8229   (Y': 11.1813   Cb: 12.5811   Cr: 14.6353 )
00000258: 11.7533   (Y': 11.0997   Cb: 12.5636   Cr: 14.589  )
00000259: 11.8078   (Y': 11.153    Cb: 12.6057   Cr: 14.6732 )
00000260: 11.7809   (Y': 11.1285   Cb: 12.5594   Cr: 14.6566 )
00000261: 11.7727   (Y': 11.1166   Cb: 12.5652   Cr: 14.6591 )
00000262: 11.7928   (Y': 11.129    Cb: 12.6061   Cr: 14.7152 )
00000263: 11.792    (Y': 11.1282   Cb: 12.6129   Cr: 14.7026 )
00000264: 11.7972   (Y': 11.1569   Cb: 12.5441   Cr: 14.6157 )
00000265: 11.7565   (Y': 11.0891   Cb: 12.5926   Cr: 14.6752 )
00000266: 11.7725   (Y': 11.1244   Cb: 12.5433   Cr: 14.622  )
00000267: 11.734    (Y': 11.0671   Cb: 12.5511   Cr: 14.6789 )
00000268: 11.8644   (Y': 11.2229   Cb: 12.655    Cr: 14.6238 )
00000269: 11.7601   (Y': 11.0971   Cb: 12.6186   Cr: 14.603  )
00000271: 11.7956   (Y': 11.1308   Cb: 12.6395   Cr: 14.6786 )
00000270: 11.7539   (Y': 11.0875   Cb: 12.5988   Cr: 14.6496 )
00000272: 11.8033   (Y': 11.1551   Cb: 12.5844   Cr: 14.6373 )
00000273: 11.7297   (Y': 11.0584   Cb: 12.6089   Cr: 14.6152 )
00000274: 11.758    (Y': 11.0966   Cb: 12.5931   Cr: 14.6237 )
00000275: 11.792    (Y': 11.1404   Cb: 12.5899   Cr: 14.6295 )
00000276: 11.8178   (Y': 11.17     Cb: 12.5967   Cr: 14.6517 )
00000277: 11.7598   (Y': 11.1023   Cb: 12.5642   Cr: 14.6397 )
00000278: 11.7611   (Y': 11.1127   Cb: 12.5023   Cr: 14.6616 )
00000279: 11.7503   (Y': 11.0895   Cb: 12.5704   Cr: 14.634  )
00000280: 11.7629   (Y': 11.1032   Cb: 12.5555   Cr: 14.6818 )
00000281: 11.7969   (Y': 11.1452   Cb: 12.5695   Cr: 14.6765 )
00000283: 11.8219   (Y': 11.1765   Cb: 12.5477   Cr: 14.7206 )
00000282: 11.7318   (Y': 11.0699   Cb: 12.5271   Cr: 14.667  )
00000284: 11.7565   (Y': 11.0672   Cb: 12.6928   Cr: 14.7157 )
00000285: 11.8248   (Y': 11.1836   Cb: 12.5605   Cr: 14.6692 )
00000286: 11.7699   (Y': 11.1128   Cb: 12.5713   Cr: 14.6503 )
00000287: 11.7406   (Y': 11.0945   Cb: 12.5232   Cr: 14.5533 )
00000288: 11.7755   (Y': 11.114    Cb: 12.5929   Cr: 14.6703 )
00000289: 11.7777   (Y': 11.1199   Cb: 12.6189   Cr: 14.6014 )
00000290: 11.7265   (Y': 11.0632   Cb: 12.561    Cr: 14.6105 )
00000291: 11.7616   (Y': 11.0866   Cb: 12.6774   Cr: 14.6216 )
00000292: 11.6935   (Y': 11.0105   Cb: 12.6206   Cr: 14.6091 )
00000293: 11.7647   (Y': 11.0997   Cb: 12.5996   Cr: 14.6631 )
00000294: 11.7444   (Y': 11.0629   Cb: 12.6216   Cr: 14.7256 )
00000295: 11.7582   (Y': 11.0839   Cb: 12.6522   Cr: 14.6465 )
00000296: 11.7822   (Y': 11.1224   Cb: 12.6051   Cr: 14.653  )
00000299: 11.7534   (Y': 11.0806   Cb: 12.5805   Cr: 14.7361 )
00000297: 11.7541   (Y': 11.0876   Cb: 12.6016   Cr: 14.6462 )
00000298: 11.802    (Y': 11.1437   Cb: 12.6106   Cr: 14.6822 )
00000300: 11.7443   (Y': 11.0719   Cb: 12.5732   Cr: 14.7202 )
00000301: 11.7614   (Y': 11.1031   Cb: 12.536    Cr: 14.6973 )
00000302: 11.8153   (Y': 11.1598   Cb: 12.5867   Cr: 14.7315 )
00000303: 11.776    (Y': 11.1102   Cb: 12.6576   Cr: 14.6082 )
00000304: 11.7806   (Y': 11.1153   Cb: 12.5754   Cr: 14.7465 )
00000307: 11.7271   (Y': 11.0427   Cb: 12.6467   Cr: 14.6681 )
00000306: 11.746    (Y': 11.0764   Cb: 12.5697   Cr: 14.7047 )
00000305: 11.7461   (Y': 11.0752   Cb: 12.5897   Cr: 14.6851 )
00000308: 11.7001   (Y': 11.0259   Cb: 12.5202   Cr: 14.7075 )
00000309: 11.7737   (Y': 11.1265   Cb: 12.5419   Cr: 14.62   )
00000310: 11.7581   (Y': 11.0871   Cb: 12.6339   Cr: 14.6458 )
00000311: 11.7904   (Y': 11.1393   Cb: 12.508    Cr: 14.755  )
00000312: 11.7465   (Y': 11.0678   Cb: 12.6525   Cr: 14.6574 )
00000314: 11.7559   (Y': 11.1001   Cb: 12.5323   Cr: 14.6662 )
00000315: 11.7871   (Y': 11.115    Cb: 12.6092   Cr: 14.7716 )
00000313: 11.6812   (Y': 10.982    Cb: 12.6323   Cr: 14.709  )
00000316: 11.7716   (Y': 11.1161   Cb: 12.5506   Cr: 14.6747 )
00000317: 11.7295   (Y': 11.0588   Cb: 12.5905   Cr: 14.6379 )
00000318: 11.8397   (Y': 11.191    Cb: 12.6156   Cr: 14.6871 )
00000319: 11.8798   (Y': 11.2404   Cb: 12.6191   Cr: 14.7022 )
00000320: 11.7982   (Y': 11.1443   Cb: 12.6155   Cr: 14.6255 )
00000321: 11.8055   (Y': 11.1648   Cb: 12.5774   Cr: 14.5876 )
00000322: 11.7508   (Y': 11.0754   Cb: 12.6313   Cr: 14.671  )
00000323: 11.7103   (Y': 11.0305   Cb: 12.608    Cr: 14.6428 )
00000324: 11.8191   (Y': 11.1719   Cb: 12.6152   Cr: 14.62   )
00000325: 11.8282   (Y': 11.1727   Cb: 12.6378   Cr: 14.6814 )
00000326: 11.7667   (Y': 11.0964   Cb: 12.609    Cr: 14.702  )
00000327: 11.7508   (Y': 11.0787   Cb: 12.6051   Cr: 14.6833 )
00000328: 11.8462   (Y': 11.211    Cb: 12.5991   Cr: 14.6104 )
00000330: 11.7828   (Y': 11.1121   Cb: 12.672    Cr: 14.6457 )
00000331: 11.7069   (Y': 11.0287   Cb: 12.6314   Cr: 14.5826 )
00000329: 11.748    (Y': 11.0852   Cb: 12.6331   Cr: 14.5473 )
00000332: 11.7552   (Y': 11.088    Cb: 12.6103   Cr: 14.6416 )
00000333: 11.8023   (Y': 11.137    Cb: 12.6166   Cr: 14.7371 )
00000334: 11.741    (Y': 11.0751   Cb: 12.5681   Cr: 14.6603 )
00000335: 11.7592   (Y': 11.095    Cb: 12.6093   Cr: 14.6269 )
00000336: 11.8132   (Y': 11.1576   Cb: 12.6375   Cr: 14.6444 )
00000338: 11.8209   (Y': 11.1695   Cb: 12.6052   Cr: 14.6787 )
00000337: 11.7721   (Y': 11.0969   Cb: 12.6743   Cr: 14.657  )
00000339: 11.7715   (Y': 11.1078   Cb: 12.6178   Cr: 14.6397 )
00000340: 11.8058   (Y': 11.1449   Cb: 12.6449   Cr: 14.6611 )
00000341: 11.7359   (Y': 11.0694   Cb: 12.5697   Cr: 14.6499 )
00000342: 11.7031   (Y': 11.0177   Cb: 12.5982   Cr: 14.6925 )
00000343: 11.7925   (Y': 11.1475   Cb: 12.5442   Cr: 14.6447 )
00000344: 11.7336   (Y': 11.0608   Cb: 12.5967   Cr: 14.6585 )
00000346: 11.8099   (Y': 11.1627   Cb: 12.5655   Cr: 14.6753 )
00000345: 11.7144   (Y': 11.0338   Cb: 12.6057   Cr: 14.6644 )
00000347: 11.7217   (Y': 11.0578   Cb: 12.5703   Cr: 14.5879 )
00000348: 11.8144   (Y': 11.1635   Cb: 12.6003   Cr: 14.6646 )
00000349: 11.7752   (Y': 11.1027   Cb: 12.6229   Cr: 14.7217 )
00000350: 11.736    (Y': 11.0626   Cb: 12.5968   Cr: 14.6704 )
00000351: 11.7383   (Y': 11.0569   Cb: 12.6264   Cr: 14.7015 )
00000352: 11.7275   (Y': 11.0454   Cb: 12.5783   Cr: 14.7586 )
00000354: 11.7593   (Y': 11.1042   Cb: 12.5216   Cr: 14.6868 )
00000353: 11.6802   (Y': 10.9892   Cb: 12.5859   Cr: 14.7051 )
00000355: 11.7144   (Y': 11.0402   Cb: 12.5799   Cr: 14.6478 )
00000356: 11.7697   (Y': 11.0937   Cb: 12.6447   Cr: 14.7046 )
00000357: 11.7517   (Y': 11.0704   Cb: 12.6304   Cr: 14.7295 )
00000358: 11.7285   (Y': 11.0411   Cb: 12.6429   Cr: 14.705  )
00000359: 11.7151   (Y': 11.0246   Cb: 12.6291   Cr: 14.7205 )
00000360: 11.7646   (Y': 11.0993   Cb: 12.6419   Cr: 14.5986 )
00000361: 11.764    (Y': 11.1023   Cb: 12.5635   Cr: 14.6899 )
00000362: 11.7126   (Y': 11.0449   Cb: 12.5105   Cr: 14.6967 )
00000363: 11.819    (Y': 11.1725   Cb: 12.5779   Cr: 14.6735 )
00000365: 11.8051   (Y': 11.145    Cb: 12.6301   Cr: 14.6753 )
00000364: 11.8125   (Y': 11.1617   Cb: 12.6311   Cr: 14.61   )
00000367: 11.8358   (Y': 11.184    Cb: 12.6256   Cr: 14.6873 )
00000366: 11.7935   (Y': 11.1403   Cb: 12.5654   Cr: 14.687  )
00000368: 11.7873   (Y': 11.1192   Cb: 12.6549   Cr: 14.6609 )
00000369: 11.7502   (Y': 11.0698   Cb: 12.6107   Cr: 14.7489 )
00000371: 11.7544   (Y': 11.1017   Cb: 12.5401   Cr: 14.6214 )
00000370: 11.8127   (Y': 11.186    Cb: 12.5552   Cr: 14.5184 )
00000372: 11.7868   (Y': 11.1338   Cb: 12.5834   Cr: 14.6379 )
00000373: 11.7955   (Y': 11.1461   Cb: 12.579    Cr: 14.6364 )
00000374: 11.8173   (Y': 11.162    Cb: 12.6529   Cr: 14.6277 )
00000375: 11.6769   (Y': 10.9871   Cb: 12.5585   Cr: 14.7291 )
00000376: 11.7136   (Y': 11.0416   Cb: 12.584    Cr: 14.6184 )
00000379: 11.7468   (Y': 11.0778   Cb: 12.5663   Cr: 14.7064 )
00000377: 11.7185   (Y': 11.0442   Cb: 12.5478   Cr: 14.7116 )
00000378: 11.7656   (Y': 11.106    Cb: 12.5855   Cr: 14.6394 )
00000381: 11.7487   (Y': 11.0804   Cb: 12.5933   Cr: 14.6612 )
00000380: 11.7422   (Y': 11.0775   Cb: 12.5684   Cr: 14.6522 )
00000382: 11.7147   (Y': 11.0365   Cb: 12.5957   Cr: 14.6602 )
00000383: 11.7822   (Y': 11.106    Cb: 12.663    Cr: 14.7086 )
00000384: 11.7161   (Y': 11.0365   Cb: 12.6392   Cr: 14.6074 )
00000386: 11.7643   (Y': 11.0969   Cb: 12.5895   Cr: 14.7003 )
00000387: 11.7754   (Y': 11.1107   Cb: 12.6068   Cr: 14.6764 )
00000385: 11.7547   (Y': 11.0914   Cb: 12.5725   Cr: 14.6655 )
00000389: 11.7732   (Y': 11.1131   Cb: 12.6285   Cr: 14.5949 )
00000388: 11.7597   (Y': 11.0927   Cb: 12.6306   Cr: 14.6195 )
00000390: 11.8172   (Y': 11.1519   Cb: 12.6317   Cr: 14.7514 )
00000391: 11.7326   (Y': 11.0654   Cb: 12.5987   Cr: 14.6014 )
00000392: 11.7687   (Y': 11.1104   Cb: 12.5718   Cr: 14.6582 )
00000393: 11.7503   (Y': 11.0988   Cb: 12.4946   Cr: 14.6736 )
00000395: 11.7413   (Y': 11.057    Cb: 12.6368   Cr: 14.7194 )
00000394: 11.7769   (Y': 11.1205   Cb: 12.5589   Cr: 14.6831 )
00000396: 11.7752   (Y': 11.1099   Cb: 12.6315   Cr: 14.6422 )
00000397: 11.8082   (Y': 11.1464   Cb: 12.6723   Cr: 14.6317 )
00000398: 11.7198   (Y': 11.0474   Cb: 12.603    Cr: 14.6086 )
00000399: 11.841    (Y': 11.2024   Cb: 12.6163   Cr: 14.6002 )
00000400: 11.6871   (Y': 10.9943   Cb: 12.6519   Cr: 14.6339 )
00000401: 11.7268   (Y': 11.0441   Cb: 12.6443   Cr: 14.6555 )
00000402: 11.7499   (Y': 11.0846   Cb: 12.6085   Cr: 14.6135 )
00000403: 11.7532   (Y': 11.0861   Cb: 12.59     Cr: 14.6679 )
00000404: 11.7015   (Y': 11.0144   Cb: 12.6407   Cr: 14.6357 )
00000405: 11.652    (Y': 10.9579   Cb: 12.6059   Cr: 14.6277 )
00000406: 11.7236   (Y': 11.0378   Cb: 12.6059   Cr: 14.7369 )
00000407: 11.7887   (Y': 11.14     Cb: 12.5543   Cr: 14.6522 )
00000408: 11.7913   (Y': 11.1344   Cb: 12.6089   Cr: 14.6448 )
00000409: 11.8245   (Y': 11.1898   Cb: 12.5398   Cr: 14.6445 )
00000410: 11.7397   (Y': 11.0623   Cb: 12.6546   Cr: 14.6231 )
00000411: 11.7727   (Y': 11.1159   Cb: 12.5288   Cr: 14.7249 )
00000413: 11.7577   (Y': 11.0909   Cb: 12.5746   Cr: 14.7018 )
00000412: 11.756    (Y': 11.0938   Cb: 12.5412   Cr: 14.7103 )
00000415: 11.7591   (Y': 11.0906   Cb: 12.6049   Cr: 14.6716 )
00000414: 11.7513   (Y': 11.0704   Cb: 12.631    Cr: 14.7234 )
00000416: 11.7672   (Y': 11.0922   Cb: 12.6547   Cr: 14.6727 )
00000417: 11.7684   (Y': 11.1      Cb: 12.6131   Cr: 14.6823 )
00000418: 11.7569   (Y': 11.091    Cb: 12.5965   Cr: 14.6564 )
00000419: 11.7772   (Y': 11.1149   Cb: 12.6238   Cr: 14.6324 )
00000421: 11.748    (Y': 11.0629   Cb: 12.667    Cr: 14.6963 )
00000420: 11.7829   (Y': 11.1325   Cb: 12.5245   Cr: 14.701  )
00000423: 11.7336   (Y': 11.0709   Cb: 12.5293   Cr: 14.6749 )
00000422: 11.7414   (Y': 11.0655   Cb: 12.6205   Cr: 14.6689 )
00000424: 11.7574   (Y': 11.0914   Cb: 12.6088   Cr: 14.6381 )
00000426: 11.8657   (Y': 11.2265   Cb: 12.632    Cr: 14.6435 )
00000425: 11.7419   (Y': 11.0757   Cb: 12.5802   Cr: 14.6455 )
00000427: 11.813    (Y': 11.162    Cb: 12.585    Cr: 14.6867 )
00000428: 11.8154   (Y': 11.167    Cb: 12.5929   Cr: 14.6565 )
00000430: 11.7998   (Y': 11.1395   Cb: 12.5948   Cr: 14.7202 )
00000429: 11.8469   (Y': 11.1963   Cb: 12.6211   Cr: 14.7131 )
00000431: 11.7521   (Y': 11.0791   Cb: 12.6183   Cr: 14.6725 )
00000432: 11.7808   (Y': 11.1087   Cb: 12.6155   Cr: 14.7445 )
00000433: 11.7451   (Y': 11.0713   Cb: 12.5791   Cr: 14.7263 )
00000434: 11.76     (Y': 11.0935   Cb: 12.5832   Cr: 14.6912 )
00000435: 11.8011   (Y': 11.1503   Cb: 12.5735   Cr: 14.6725 )
00000436: 11.8003   (Y': 11.1431   Cb: 12.6105   Cr: 14.6679 )
00000437: 11.7953   (Y': 11.1268   Cb: 12.6357   Cr: 14.7163 )
00000439: 11.7944   (Y': 11.1412   Cb: 12.5986   Cr: 14.6359 )
00000438: 11.7754   (Y': 11.1127   Cb: 12.5923   Cr: 14.6823 )
00000440: 11.8401   (Y': 11.1909   Cb: 12.5767   Cr: 14.7554 )
00000441: 11.7802   (Y': 11.1231   Cb: 12.6035   Cr: 14.6263 )
00000442: 11.7767   (Y': 11.1009   Cb: 12.6517   Cr: 14.7098 )
00000443: 11.7317   (Y': 11.0581   Cb: 12.593    Cr: 14.6667 )
00000444: 11.819    (Y': 11.166    Cb: 12.6071   Cr: 14.6846 )
00000445: 11.8277   (Y': 11.1808   Cb: 12.6107   Cr: 14.6466 )
00000446: 11.8798   (Y': 11.2431   Cb: 12.6261   Cr: 14.6671 )
00000447: 11.8215   (Y': 11.1667   Cb: 12.6106   Cr: 14.7015 )
00000448: 11.8025   (Y': 11.14     Cb: 12.6177   Cr: 14.7107 )
00000450: 11.7183   (Y': 11.0539   Cb: 12.5598   Cr: 14.6001 )
00000449: 11.7821   (Y': 11.1127   Cb: 12.6502   Cr: 14.6671 )
00000451: 11.7875   (Y': 11.1331   Cb: 12.6245   Cr: 14.5876 )
00000452: 11.7502   (Y': 11.0775   Cb: 12.6428   Cr: 14.6266 )
00000453: 11.7404   (Y': 11.0652   Cb: 12.616    Cr: 14.6664 )
00000455: 11.7509   (Y': 11.0874   Cb: 12.5248   Cr: 14.7348 )
00000454: 11.8234   (Y': 11.1789   Cb: 12.5696   Cr: 14.6797 )
00000456: 11.7914   (Y': 11.1373   Cb: 12.605    Cr: 14.6254 )
00000457: 11.7724   (Y': 11.1118   Cb: 12.5955   Cr: 14.6506 )
00000458: 11.7753   (Y': 11.1058   Cb: 12.6223   Cr: 14.6949 )
00000459: 11.726    (Y': 11.0522   Cb: 12.5786   Cr: 14.6773 )
00000460: 11.8143   (Y': 11.1556   Cb: 12.6319   Cr: 14.6839 )
00000461: 11.7316   (Y': 11.0627   Cb: 12.6114   Cr: 14.5945 )
00000462: 11.7808   (Y': 11.1213   Cb: 12.5749   Cr: 14.6948 )
00000463: 11.7438   (Y': 11.078    Cb: 12.5524   Cr: 14.6929 )
00000464: 11.7067   (Y': 11.0335   Cb: 12.5312   Cr: 14.6977 )
00000465: 11.7634   (Y': 11.1036   Cb: 12.5891   Cr: 14.6293 )
00000467: 11.7674   (Y': 11.102    Cb: 12.6028   Cr: 14.6693 )
00000466: 11.8195   (Y': 11.1678   Cb: 12.6514   Cr: 14.6035 )
00000468: 11.7649   (Y': 11.0922   Cb: 12.6337   Cr: 14.6792 )
00000469: 11.7371   (Y': 11.0571   Cb: 12.5815   Cr: 14.7585 )
00000470: 11.7317   (Y': 11.0476   Cb: 12.6205   Cr: 14.7187 )
00000471: 11.6699   (Y': 10.9789   Cb: 12.6027   Cr: 14.6507 )
00000472: 11.7695   (Y': 11.1095   Cb: 12.5834   Cr: 14.6564 )
00000473: 11.7441   (Y': 11.075    Cb: 12.5886   Cr: 14.6643 )
00000474: 11.8125   (Y': 11.1585   Cb: 12.6198   Cr: 14.6553 )
00000475: 11.7604   (Y': 11.0878   Cb: 12.6223   Cr: 14.6843 )
00000476: 11.8315   (Y': 11.177    Cb: 12.611    Cr: 14.725  )
00000477: 11.7868   (Y': 11.1228   Cb: 12.5766   Cr: 14.7497 )
00000478: 11.7688   (Y': 11.1051   Cb: 12.5521   Cr: 14.7404 )
00000479: 11.7885   (Y': 11.1332   Cb: 12.5942   Cr: 14.6462 )
00000480: 11.8375   (Y': 11.1819   Cb: 12.6421   Cr: 14.6991 )
00000482: 11.7574   (Y': 11.0931   Cb: 12.6026   Cr: 14.6324 )
00000481: 11.7797   (Y': 11.1097   Cb: 12.6416   Cr: 14.6808 )
00000483: 11.7723   (Y': 11.1052   Cb: 12.5896   Cr: 14.7182 )
00000484: 11.8093   (Y': 11.1442   Cb: 12.6087   Cr: 14.7664 )
00000486: 11.7611   (Y': 11.0929   Cb: 12.6212   Cr: 14.6483 )
00000485: 11.7395   (Y': 11.0684   Cb: 12.6416   Cr: 14.5862 )
00000487: 11.7616   (Y': 11.1096   Cb: 12.5753   Cr: 14.5771 )
00000488: 11.8169   (Y': 11.1478   Cb: 12.6477   Cr: 14.7597 )
00000490: 11.7206   (Y': 11.0541   Cb: 12.5118   Cr: 14.7039 )
00000489: 11.7447   (Y': 11.0593   Cb: 12.6356   Cr: 14.7404 )
00000491: 11.7851   (Y': 11.1297   Cb: 12.5577   Cr: 14.697  )
00000492: 11.7753   (Y': 11.1154   Cb: 12.5976   Cr: 14.6477 )
00000493: 11.76     (Y': 11.0883   Cb: 12.5885   Cr: 14.7299 )
00000494: 11.7406   (Y': 11.0716   Cb: 12.6053   Cr: 14.628  )
00000495: 11.7577   (Y': 11.0846   Cb: 12.6207   Cr: 14.685  )
00000496: 11.7923   (Y': 11.1307   Cb: 12.6064   Cr: 14.6929 )
00000497: 11.7339   (Y': 11.0671   Cb: 12.5666   Cr: 14.6522 )
00000499: 11.7065   (Y': 11.0333   Cb: 12.5351   Cr: 14.6905 )
00000498: 11.7754   (Y': 11.1211   Cb: 12.5943   Cr: 14.6039 )
00000500: 11.7078   (Y': 11.0224   Cb: 12.6071   Cr: 14.6903 )
00000502: 11.7316   (Y': 11.0604   Cb: 12.5556   Cr: 14.7043 )
00000501: 11.7496   (Y': 11.0672   Cb: 12.6487   Cr: 14.7039 )
00000503: 11.7963   (Y': 11.1387   Cb: 12.5935   Cr: 14.6882 )
00000504: 11.7233   (Y': 11.0432   Cb: 12.5842   Cr: 14.7187 )
00000507: 11.7919   (Y': 11.1412   Cb: 12.5701   Cr: 14.6528 )
00000506: 11.7487   (Y': 11.0862   Cb: 12.6007   Cr: 14.5973 )
00000505: 11.7856   (Y': 11.1237   Cb: 12.5799   Cr: 14.722  )
00000508: 11.7917   (Y': 11.1398   Cb: 12.59     Cr: 14.6308 )
00000510: 11.7924   (Y': 11.1515   Cb: 12.5555   Cr: 14.5905 )
00000509: 11.8241   (Y': 11.1681   Cb: 12.6206   Cr: 14.7038 )
00000511: 11.8459   (Y': 11.2073   Cb: 12.5983   Cr: 14.6405 )
00000512: 11.8129   (Y': 11.1699   Cb: 12.5716   Cr: 14.6365 )
00000515: 11.7835   (Y': 11.1331   Cb: 12.6144   Cr: 14.5579 )
00000513: 11.8369   (Y': 11.1983   Cb: 12.5986   Cr: 14.617  )
00000514: 11.8526   (Y': 11.214    Cb: 12.6065   Cr: 14.6443 )
00000516: 11.7811   (Y': 11.1256   Cb: 12.6121   Cr: 14.6003 )
00000517: 11.8708   (Y': 11.2395   Cb: 12.5841   Cr: 14.6641 )
00000518: 11.8818   (Y': 11.2482   Cb: 12.6145   Cr: 14.6641 )
00000519: 11.8196   (Y': 11.1792   Cb: 12.547    Cr: 14.6705 )
00000520: 11.7786   (Y': 11.1321   Cb: 12.5509   Cr: 14.6121 )
00000521: 11.7916   (Y': 11.1475   Cb: 12.5697   Cr: 14.5937 )
00000522: 11.8289   (Y': 11.2031   Cb: 12.565    Cr: 14.5377 )
00000523: 11.8051   (Y': 11.1579   Cb: 12.5945   Cr: 14.6166 )
00000524: 11.8462   (Y': 11.1995   Cb: 12.6319   Cr: 14.6599 )
00000525: 11.9504   (Y': 11.3296   Cb: 12.6783   Cr: 14.6292 )
00000526: 11.8355   (Y': 11.1958   Cb: 12.6434   Cr: 14.5522 )
00000527: 11.9189   (Y': 11.298    Cb: 12.6333   Cr: 14.62   )
00000528: 11.878    (Y': 11.236    Cb: 12.692    Cr: 14.6062 )
00000530: 11.7988   (Y': 11.1442   Cb: 12.6418   Cr: 14.5909 )
00000529: 11.8291   (Y': 11.1888   Cb: 12.585    Cr: 14.6328 )
00000531: 11.9339   (Y': 11.2925   Cb: 12.7107   Cr: 14.7139 )
00000532: 11.8963   (Y': 11.2733   Cb: 12.607    Cr: 14.6219 )
00000533: 11.8784   (Y': 11.255    Cb: 12.5936   Cr: 14.5993 )
00000534: 11.914    (Y': 11.2863   Cb: 12.655    Cr: 14.6317 )
00000535: 11.9547   (Y': 11.3457   Cb: 12.6166   Cr: 14.637  )
00000536: 11.8459   (Y': 11.2009   Cb: 12.6008   Cr: 14.6932 )
00000537: 11.9081   (Y': 11.2804   Cb: 12.5925   Cr: 14.7172 )
00000538: 11.838    (Y': 11.1915   Cb: 12.62     Cr: 14.6543 )
00000539: 11.8318   (Y': 11.1918   Cb: 12.6408   Cr: 14.5499 )
00000540: 11.9035   (Y': 11.2797   Cb: 12.6048   Cr: 14.6496 )
00000541: 11.9451   (Y': 11.3266   Cb: 12.6378   Cr: 14.6597 )
00000542: 11.8738   (Y': 11.2363   Cb: 12.6471   Cr: 14.6252 )
00000543: 11.9201   (Y': 11.2814   Cb: 12.6886   Cr: 14.6897 )
00000544: 11.78     (Y': 11.1101   Cb: 12.6693   Cr: 14.6361 )
00000545: 11.9353   (Y': 11.3231   Cb: 12.6305   Cr: 14.5922 )
00000546: 11.8689   (Y': 11.2305   Cb: 12.6686   Cr: 14.5878 )
00000547: 11.8619   (Y': 11.2353   Cb: 12.6064   Cr: 14.5638 )
00000548: 11.9498   (Y': 11.3333   Cb: 12.6445   Cr: 14.6444 )
00000549: 12.0341   (Y': 11.4299   Cb: 12.6374   Cr: 14.7703 )
00000550: 12.0026   (Y': 11.4063   Cb: 12.566    Cr: 14.7363 )
00000551: 11.8738   (Y': 11.251    Cb: 12.5766   Cr: 14.6099 )
00000552: 11.8037   (Y': 11.1606   Cb: 12.5972   Cr: 14.5728 )
00000553: 11.8025   (Y': 11.1811   Cb: 12.5008   Cr: 14.5335 )
00000554: 11.7863   (Y': 11.1328   Cb: 12.5646   Cr: 14.672  )
00000555: 11.8179   (Y': 11.1829   Cb: 12.6034   Cr: 14.5292 )
00000556: 11.9632   (Y': 11.3471   Cb: 12.6485   Cr: 14.6684 )
00000557: 12.0261   (Y': 11.4165   Cb: 12.731    Cr: 14.6459 )
00000558: 11.9853   (Y': 11.398    Cb: 12.6073   Cr: 14.5491 )
00000559: 11.7898   (Y': 11.1604   Cb: 12.5304   Cr: 14.5226 )
00000560: 11.8111   (Y': 11.1899   Cb: 12.5441   Cr: 14.4852 )
00000561: 11.8397   (Y': 11.2368   Cb: 12.4587   Cr: 14.5389 )
00000562: 11.8494   (Y': 11.2446   Cb: 12.4758   Cr: 14.5531 )
00000563: 11.8336   (Y': 11.2299   Cb: 12.4852   Cr: 14.4863 )
00000564: 12.0219   (Y': 11.4551   Cb: 12.5475   Cr: 14.5684 )
00000566: 12.0125   (Y': 11.4324   Cb: 12.5814   Cr: 14.5996 )
00000565: 12.0043   (Y': 11.4124   Cb: 12.6011   Cr: 14.6453 )
00000567: 11.9049   (Y': 11.3018   Cb: 12.5834   Cr: 14.5117 )
00000568: 12.0071   (Y': 11.4452   Cb: 12.5386   Cr: 14.5044 )
00000569: 11.9222   (Y': 11.3076   Cb: 12.5398   Cr: 14.7251 )
00000570: 11.8537   (Y': 11.2202   Cb: 12.5993   Cr: 14.6142 )
00000571: 11.9391   (Y': 11.3191   Cb: 12.6565   Cr: 14.6276 )
00000572: 11.8453   (Y': 11.2088   Cb: 12.5879   Cr: 14.6368 )
00000573: 11.873    (Y': 11.2467   Cb: 12.6185   Cr: 14.5712 )
00000574: 11.943    (Y': 11.3319   Cb: 12.6389   Cr: 14.5896 )
00000575: 11.8964   (Y': 11.2787   Cb: 12.6397   Cr: 14.5246 )
00000576: 11.9347   (Y': 11.3299   Cb: 12.5632   Cr: 14.6343 )
00000577: 11.896    (Y': 11.2722   Cb: 12.618    Cr: 14.6105 )
00000578: 11.7954   (Y': 11.15     Cb: 12.5913   Cr: 14.5807 )
00000579: 11.8819   (Y': 11.2514   Cb: 12.621    Cr: 14.6266 )
00000580: 11.9188   (Y': 11.3159   Cb: 12.5606   Cr: 14.5821 )
00000581: 11.9531   (Y': 11.3463   Cb: 12.5696   Cr: 14.6894 )
00000582: 11.9125   (Y': 11.2956   Cb: 12.5652   Cr: 14.6778 )
00000583: 11.8824   (Y': 11.2526   Cb: 12.5879   Cr: 14.6745 )
00000584: 11.8881   (Y': 11.2629   Cb: 12.5544   Cr: 14.7038 )
00000585: 11.9195   (Y': 11.3264   Cb: 12.5015   Cr: 14.5945 )
00000586: 11.8519   (Y': 11.228    Cb: 12.5402   Cr: 14.6204 )
00000587: 11.8493   (Y': 11.2348   Cb: 12.5249   Cr: 14.5568 )
00000588: 11.8958   (Y': 11.2819   Cb: 12.5292   Cr: 14.6665 )
00000589: 11.9319   (Y': 11.3164   Cb: 12.6112   Cr: 14.6428 )
00000590: 12.0165   (Y': 11.4203   Cb: 12.6227   Cr: 14.6787 )
00000591: 12.0241   (Y': 11.4437   Cb: 12.6038   Cr: 14.5966 )
00000592: 12.0496   (Y': 11.4561   Cb: 12.7055   Cr: 14.6108 )
00000593: 11.9825   (Y': 11.3829   Cb: 12.5811   Cr: 14.6865 )
00000595: 11.9619   (Y': 11.3725   Cb: 12.5629   Cr: 14.5756 )
00000594: 11.9718   (Y': 11.3656   Cb: 12.6109   Cr: 14.6671 )
00000596: 11.9017   (Y': 11.2965   Cb: 12.5425   Cr: 14.5852 )
00000597: 11.875    (Y': 11.2437   Cb: 12.6017   Cr: 14.6463 )
00000598: 11.8527   (Y': 11.2335   Cb: 12.5433   Cr: 14.5764 )
00000599: 11.9792   (Y': 11.3884   Cb: 12.5749   Cr: 14.6123 )
00000600: 11.9236   (Y': 11.3223   Cb: 12.5648   Cr: 14.5733 )
00000601: 11.9131   (Y': 11.3139   Cb: 12.5319   Cr: 14.5815 )
00000603: 11.8613   (Y': 11.2136   Cb: 12.6673   Cr: 14.6505 )
00000602: 11.8756   (Y': 11.2405   Cb: 12.6046   Cr: 14.6774 )
00000604: 11.8617   (Y': 11.2417   Cb: 12.5643   Cr: 14.5737 )
00000605: 11.9596   (Y': 11.3616   Cb: 12.5845   Cr: 14.6073 )
00000606: 11.9862   (Y': 11.4048   Cb: 12.586    Cr: 14.536  )
00000607: 11.9266   (Y': 11.3056   Cb: 12.6317   Cr: 14.6428 )
00000608: 11.9937   (Y': 11.4045   Cb: 12.5923   Cr: 14.6095 )
00000609: 11.9471   (Y': 11.3385   Cb: 12.6037   Cr: 14.6342 )
00000611: 11.9247   (Y': 11.3076   Cb: 12.6649   Cr: 14.5531 )
00000610: 11.8972   (Y': 11.2606   Cb: 12.6163   Cr: 14.7286 )
00000612: 12.0225   (Y': 11.4263   Cb: 12.6391   Cr: 14.6687 )
00000614: 12.077    (Y': 11.4858   Cb: 12.7113   Cr: 14.653  )
00000613: 11.9475   (Y': 11.3082   Cb: 12.7221   Cr: 14.7128 )
00000615: 12.1192   (Y': 11.5211   Cb: 12.7781   Cr: 14.714  )
00000616: 12.082    (Y': 11.4935   Cb: 12.6889   Cr: 14.6795 )
00000617: 12.0407   (Y': 11.453    Cb: 12.6705   Cr: 14.595  )
00000619: 12.034    (Y': 11.4426   Cb: 12.6626   Cr: 14.6207 )
00000618: 11.9767   (Y': 11.3723   Cb: 12.6223   Cr: 14.6464 )
00000620: 12.0336   (Y': 11.4204   Cb: 12.7437   Cr: 14.6755 )
00000622: 12.04     (Y': 11.4169   Cb: 12.7091   Cr: 14.8332 )
00000621: 11.9615   (Y': 11.3295   Cb: 12.7311   Cr: 14.671  )
00000623: 12.0643   (Y': 11.4422   Cb: 12.7816   Cr: 14.7717 )
00000624: 12.0351   (Y': 11.4292   Cb: 12.6898   Cr: 14.7031 )
00000625: 12.0819   (Y': 11.5046   Cb: 12.6905   Cr: 14.5836 )
00000627: 12.1161   (Y': 11.5348   Cb: 12.6823   Cr: 14.7175 )
00000626: 12.0484   (Y': 11.4625   Cb: 12.6111   Cr: 14.6941 )
00000628: 11.9919   (Y': 11.3742   Cb: 12.6792   Cr: 14.7087 )
00000629: 11.9925   (Y': 11.3804   Cb: 12.6291   Cr: 14.7419 )
00000630: 11.966    (Y': 11.3323   Cb: 12.7095   Cr: 14.7313 )
00000631: 11.9564   (Y': 11.3248   Cb: 12.6848   Cr: 14.7272 )
00000632: 11.7904   (Y': 11.1218   Cb: 12.6395   Cr: 14.6992 )
00000633: 11.7623   (Y': 11.1102   Cb: 12.5391   Cr: 14.6375 )
00000635: 13.0336   (Y': 12.4903   Cb: 13.3962   Cr: 15.6533 )
00000634: 12.9416   (Y': 12.4206   Cb: 13.3219   Cr: 15.3521 )
00000636: 12.9724   (Y': 12.4543   Cb: 13.3205   Cr: 15.4113 )
00000637: 12.4092   (Y': 11.8174   Cb: 13.0024   Cr: 15.0552 )
00000638: 12.0623   (Y': 11.425    Cb: 12.7979   Cr: 14.872  )
00000639: 12.0211   (Y': 11.4102   Cb: 12.6928   Cr: 14.7035 )
00000640: 11.88     (Y': 11.2316   Cb: 12.6442   Cr: 14.7421 )
00000641: 11.8792   (Y': 11.254    Cb: 12.5756   Cr: 14.6467 )
00000642: 11.9133   (Y': 11.2878   Cb: 12.6342   Cr: 14.6432 )
00000643: 11.8989   (Y': 11.2756   Cb: 12.5676   Cr: 14.6942 )
00000645: 11.9091   (Y': 11.2779   Cb: 12.6188   Cr: 14.7075 )
00000646: 11.8589   (Y': 11.2181   Cb: 12.5953   Cr: 14.6992 )
00000644: 11.9115   (Y': 11.2747   Cb: 12.6529   Cr: 14.7081 )
00000647: 11.8586   (Y': 11.2183   Cb: 12.5935   Cr: 14.6962 )
00000648: 11.9078   (Y': 11.2868   Cb: 12.5882   Cr: 14.6639 )
00000649: 11.8035   (Y': 11.1428   Cb: 12.6272   Cr: 14.6816 )
00000650: 11.8724   (Y': 11.2294   Cb: 12.6488   Cr: 14.6676 )
00000651: 11.778    (Y': 11.1304   Cb: 12.5503   Cr: 14.6199 )
00000652: 11.7285   (Y': 11.065    Cb: 12.5378   Cr: 14.6554 )
00000654: 11.8056   (Y': 11.1669   Cb: 12.5226   Cr: 14.6582 )
00000653: 11.8509   (Y': 11.2241   Cb: 12.5454   Cr: 14.6345 )
00000655: 11.8403   (Y': 11.2132   Cb: 12.5304   Cr: 14.6338 )
00000656: 11.846    (Y': 11.2147   Cb: 12.5598   Cr: 14.6391 )
00000657: 11.8377   (Y': 11.2027   Cb: 12.5759   Cr: 14.6233 )
00000658: 11.8466   (Y': 11.2137   Cb: 12.6051   Cr: 14.5822 )
00000659: 11.8235   (Y': 11.1733   Cb: 12.6172   Cr: 14.6544 )
00000660: 11.7315   (Y': 11.0586   Cb: 12.5996   Cr: 14.6489 )
00000662: 11.7392   (Y': 11.078    Cb: 12.5488   Cr: 14.6441 )
00000661: 11.8987   (Y': 11.2659   Cb: 12.6278   Cr: 14.6802 )
00000663: 11.7938   (Y': 11.14     Cb: 12.5915   Cr: 14.6511 )
00000664: 11.809    (Y': 11.1612   Cb: 12.5814   Cr: 14.6529 )
00000665: 11.7593   (Y': 11.096    Cb: 12.5996   Cr: 14.634  )
00000666: 11.7915   (Y': 11.1389   Cb: 12.5848   Cr: 14.6445 )
00000667: 11.7139   (Y': 11.0371   Cb: 12.5631   Cr: 14.6974 )
00000668: 11.7691   (Y': 11.1113   Cb: 12.5706   Cr: 14.6562 )
00000669: 11.8051   (Y': 11.1449   Cb: 12.6535   Cr: 14.6392 )
00000670: 11.7823   (Y': 11.1168   Cb: 12.592    Cr: 14.726  )
00000671: 11.7989   (Y': 11.1433   Cb: 12.585    Cr: 14.691  )
00000672: 11.7523   (Y': 11.08     Cb: 12.5909   Cr: 14.7119 )
00000673: 11.8221   (Y': 11.1784   Cb: 12.5726   Cr: 14.6653 )
00000674: 11.7299   (Y': 11.0629   Cb: 12.5595   Cr: 14.6555 )
00000675: 11.742    (Y': 11.0616   Cb: 12.6254   Cr: 14.7031 )
00000676: 11.7813   (Y': 11.1224   Cb: 12.573    Cr: 14.6944 )
00000677: 11.8175   (Y': 11.1526   Cb: 12.6227   Cr: 14.763  )
00000678: 11.7832   (Y': 11.126    Cb: 12.5169   Cr: 14.7776 )
00000679: 11.7487   (Y': 11.0802   Cb: 12.585    Cr: 14.6773 )
00000680: 11.8156   (Y': 11.165    Cb: 12.5585   Cr: 14.733  )
00000681: 11.7252   (Y': 11.0552   Cb: 12.5565   Cr: 14.675  )
00000682: 11.7645   (Y': 11.1081   Cb: 12.577    Cr: 14.6211 )
00000683: 11.8365   (Y': 11.2009   Cb: 12.5566   Cr: 14.6565 )
00000684: 11.7844   (Y': 11.1418   Cb: 12.5186   Cr: 14.6435 )
00000685: 11.7591   (Y': 11.0903   Cb: 12.6221   Cr: 14.6475 )
00000686: 11.765    (Y': 11.1044   Cb: 12.5772   Cr: 14.66   )
00000687: 11.8758   (Y': 11.235    Cb: 12.6549   Cr: 14.6472 )
00000688: 11.8888   (Y': 11.2547   Cb: 12.6191   Cr: 14.6792 )
00000689: 11.8261   (Y': 11.1744   Cb: 12.602    Cr: 14.6995 )
00000690: 11.7864   (Y': 11.1197   Cb: 12.6014   Cr: 14.7332 )
00000691: 11.7855   (Y': 11.1434   Cb: 12.5299   Cr: 14.6237 )
00000692: 11.801    (Y': 11.1564   Cb: 12.5623   Cr: 14.6337 )
00000693: 11.8281   (Y': 11.1898   Cb: 12.5859   Cr: 14.6112 )
00000694: 11.7767   (Y': 11.1398   Cb: 12.4882   Cr: 14.6224 )
00000695: 11.771    (Y': 11.1129   Cb: 12.5754   Cr: 14.6554 )
00000696: 11.8283   (Y': 11.1925   Cb: 12.5824   Cr: 14.5962 )
00000697: 11.8453   (Y': 11.205    Cb: 12.6      Cr: 14.6514 )
00000698: 11.8592   (Y': 11.2242   Cb: 12.5707   Cr: 14.6887 )
00000699: 11.8465   (Y': 11.2066   Cb: 12.6246   Cr: 14.6111 )
00000700: 11.8608   (Y': 11.2201   Cb: 12.6085   Cr: 14.681  )
00000701: 11.8557   (Y': 11.2321   Cb: 12.5396   Cr: 14.6295 )
00000702: 11.9611   (Y': 11.3274   Cb: 12.6793   Cr: 14.7672 )
00000703: 11.8003   (Y': 11.1426   Cb: 12.619    Cr: 14.6586 )
00000704: 11.8651   (Y': 11.2234   Cb: 12.5665   Cr: 14.7712 )
00000705: 11.7699   (Y': 11.1013   Cb: 12.5792   Cr: 14.7424 )
00000706: 11.8414   (Y': 11.1864   Cb: 12.6218   Cr: 14.738  )
00000707: 11.7874   (Y': 11.1312   Cb: 12.5977   Cr: 14.6463 )
00000708: 11.822    (Y': 11.1718   Cb: 12.5739   Cr: 14.7211 )
00000709: 11.7916   (Y': 11.1224   Cb: 12.5925   Cr: 14.7846 )
00000710: 11.8793   (Y': 11.2398   Cb: 12.6578   Cr: 14.64   )
00000711: 11.8215   (Y': 11.1709   Cb: 12.6067   Cr: 14.6711 )
00000712: 11.8048   (Y': 11.1454   Cb: 12.5558   Cr: 14.7899 )
00000713: 11.8453   (Y': 11.1948   Cb: 12.6239   Cr: 14.7034 )
00000714: 11.8058   (Y': 11.1427   Cb: 12.6616   Cr: 14.6541 )
00000715: 11.7846   (Y': 11.1364   Cb: 12.5609   Cr: 14.6266 )
00000716: 11.8095   (Y': 11.154    Cb: 12.5515   Cr: 14.7742 )
00000717: 11.7977   (Y': 11.1311   Cb: 12.5999   Cr: 14.764  )
00000718: 11.8384   (Y': 11.2127   Cb: 12.5561   Cr: 14.576  )
00000719: 11.7726   (Y': 11.1169   Cb: 12.5488   Cr: 14.6814 )
00000720: 11.864    (Y': 11.2211   Cb: 12.6107   Cr: 14.7059 )
00000721: 11.8164   (Y': 11.1529   Cb: 12.613    Cr: 14.7632 )
00000723: 11.7987   (Y': 11.1429   Cb: 12.6039   Cr: 14.6609 )
00000722: 11.8557   (Y': 11.2214   Cb: 12.5402   Cr: 14.7219 )
00000724: 11.8005   (Y': 11.1532   Cb: 12.5174   Cr: 14.7306 )
00000725: 11.7732   (Y': 11.1017   Cb: 12.5818   Cr: 14.7743 )
00000726: 11.8339   (Y': 11.1919   Cb: 12.546    Cr: 14.7241 )
00000727: 11.7816   (Y': 11.1195   Cb: 12.5855   Cr: 14.7037 )
00000728: 11.8306   (Y': 11.1635   Cb: 12.674    Cr: 14.7347 )
00000729: 11.7941   (Y': 11.1484   Cb: 12.5599   Cr: 14.6304 )
00000730: 11.7918   (Y': 11.1408   Cb: 12.5791   Cr: 14.6406 )
00000731: 11.7777   (Y': 11.1239   Cb: 12.5785   Cr: 14.63   )
00000732: 11.7829   (Y': 11.1117   Cb: 12.5877   Cr: 14.7883 )
00000733: 11.7537   (Y': 11.0868   Cb: 12.52     Cr: 14.782  )
00000734: 11.8082   (Y': 11.1713   Cb: 12.5289   Cr: 14.6387 )
00000735: 11.8053   (Y': 11.151    Cb: 12.5838   Cr: 14.6985 )
00000736: 11.7982   (Y': 11.1645   Cb: 12.4656   Cr: 14.6882 )
00000737: 11.8181   (Y': 11.161    Cb: 12.5791   Cr: 14.7656 )
00000738: 11.8221   (Y': 11.1765   Cb: 12.5863   Cr: 14.6606 )
00000739: 11.7846   (Y': 11.1356   Cb: 12.573    Cr: 14.6144 )
00000740: 11.8162   (Y': 11.1589   Cb: 12.6003   Cr: 14.7269 )
00000741: 11.8405   (Y': 11.1932   Cb: 12.6181   Cr: 14.6719 )
00000742: 11.7496   (Y': 11.0997   Cb: 12.542    Cr: 14.5806 )
00000743: 11.8365   (Y': 11.1871   Cb: 12.5816   Cr: 14.74   )
00000744: 11.805    (Y': 11.1392   Cb: 12.5993   Cr: 14.777  )
00000745: 11.7809   (Y': 11.1204   Cb: 12.5683   Cr: 14.7147 )
00000746: 11.7593   (Y': 11.1018   Cb: 12.5805   Cr: 14.6124 )
00000747: 11.7793   (Y': 11.1091   Cb: 12.602    Cr: 14.7456 )
00000748: 11.7669   (Y': 11.0933   Cb: 12.5997   Cr: 14.7482 )
00000749: 11.8114   (Y': 11.1797   Cb: 12.4915   Cr: 14.6627 )
00000750: 11.8005   (Y': 11.1495   Cb: 12.5829   Cr: 14.6579 )
00000751: 11.8052   (Y': 11.1565   Cb: 12.5353   Cr: 14.7268 )
00000752: 11.7464   (Y': 11.0772   Cb: 12.5091   Cr: 14.803  )
00000753: 11.8292   (Y': 11.1798   Cb: 12.541    Cr: 14.787  )
00000754: 11.8437   (Y': 11.2041   Cb: 12.6182   Cr: 14.6129 )
00000755: 11.8345   (Y': 11.1948   Cb: 12.5725   Cr: 14.6617 )
00000756: 11.7962   (Y': 11.1345   Cb: 12.5813   Cr: 14.7457 )
00000757: 11.823    (Y': 11.1667   Cb: 12.6145   Cr: 14.7125 )
00000759: 11.8391   (Y': 11.1968   Cb: 12.5566   Cr: 14.7234 )
00000758: 11.7389   (Y': 11.0781   Cb: 12.5248   Cr: 14.6795 )
00000760: 11.8844   (Y': 11.242    Cb: 12.6187   Cr: 14.7423 )
00000761: 11.7633   (Y': 11.1064   Cb: 12.5835   Cr: 14.6121 )
00000762: 11.7669   (Y': 11.1247   Cb: 12.5339   Cr: 14.5706 )
00000763: 11.7612   (Y': 11.0874   Cb: 12.6081   Cr: 14.7216 )
00000764: 11.7815   (Y': 11.1329   Cb: 12.4921   Cr: 14.7345 )
00000765: 11.783    (Y': 11.1464   Cb: 12.5088   Cr: 14.6029 )
00000766: 11.8019   (Y': 11.1567   Cb: 12.5354   Cr: 14.6859 )
00000767: 11.8414   (Y': 11.1839   Cb: 12.611    Cr: 14.7779 )
00000768: 11.7955   (Y': 11.1412   Cb: 12.5632   Cr: 14.7058 )
00000769: 11.7602   (Y': 11.1014   Cb: 12.5348   Cr: 14.7003 )
00000770: 11.7366   (Y': 11.0669   Cb: 12.5732   Cr: 14.6751 )
00000771: 11.735    (Y': 11.0567   Cb: 12.6478   Cr: 14.6306 )
00000772: 11.8136   (Y': 11.1648   Cb: 12.5665   Cr: 14.6982 )
00000773: 11.7963   (Y': 11.1539   Cb: 12.5493   Cr: 14.6234 )
00000774: 11.7699   (Y': 11.1031   Cb: 12.6216   Cr: 14.6577 )
00000775: 11.8056   (Y': 11.1568   Cb: 12.5529   Cr: 14.6994 )
00000776: 11.8254   (Y': 11.1735   Cb: 12.6234   Cr: 14.6647 )
00000777: 11.8397   (Y': 11.206    Cb: 12.5589   Cr: 14.6442 )
00000778: 11.7688   (Y': 11.0993   Cb: 12.5955   Cr: 14.7212 )
00000779: 11.7968   (Y': 11.1366   Cb: 12.6445   Cr: 14.631  )
00000780: 11.8154   (Y': 11.1638   Cb: 12.6042   Cr: 14.6676 )
00000781: 11.8049   (Y': 11.1501   Cb: 12.6034   Cr: 14.6705 )
00000782: 11.7946   (Y': 11.1294   Cb: 12.6359   Cr: 14.6847 )
00000783: 11.7394   (Y': 11.0686   Cb: 12.5457   Cr: 14.7384 )
00000784: 11.7646   (Y': 11.1161   Cb: 12.5103   Cr: 14.6583 )
00000785: 11.7909   (Y': 11.1433   Cb: 12.5455   Cr: 14.6619 )
00000786: 11.7889   (Y': 11.1159   Cb: 12.6365   Cr: 14.7396 )
00000787: 11.8203   (Y': 11.1751   Cb: 12.5744   Cr: 14.6706 )
00000788: 11.8044   (Y': 11.1357   Cb: 12.6778   Cr: 14.6747 )
00000789: 11.7704   (Y': 11.1022   Cb: 12.5829   Cr: 14.7345 )
00000790: 11.7584   (Y': 11.0906   Cb: 12.6239   Cr: 14.6337 )
00000791: 11.8689   (Y': 11.2317   Cb: 12.5583   Cr: 14.7537 )
00000792: 11.8927   (Y': 11.2648   Cb: 12.601    Cr: 14.664  )
00000793: 11.9082   (Y': 11.2882   Cb: 12.5884   Cr: 14.6558 )
00000795: 11.8741   (Y': 11.2462   Cb: 12.5892   Cr: 14.6346 )
00000794: 11.803    (Y': 11.1584   Cb: 12.5327   Cr: 14.6879 )
00000796: 11.8451   (Y': 11.2071   Cb: 12.6005   Cr: 14.6302 )
00000797: 11.8147   (Y': 11.1949   Cb: 12.4908   Cr: 14.5677 )
00000798: 11.8101   (Y': 11.1802   Cb: 12.5502   Cr: 14.5477 )
00000799: 11.8688   (Y': 11.2705   Cb: 12.4674   Cr: 14.5611 )
00000800: 11.8979   (Y': 11.3122   Cb: 12.491    Cr: 14.493  )
00000801: 11.8637   (Y': 11.2607   Cb: 12.491    Cr: 14.5505 )
00000802: 11.8546   (Y': 11.228    Cb: 12.5659   Cr: 14.6105 )
00000803: 11.8692   (Y': 11.2422   Cb: 12.588    Cr: 14.6161 )
00000804: 11.8192   (Y': 11.2066   Cb: 12.4375   Cr: 14.6029 )
00000805: 11.8563   (Y': 11.2319   Cb: 12.5791   Cr: 14.574  )
00000806: 11.8262   (Y': 11.2018   Cb: 12.537    Cr: 14.564  )
00000807: 12.9999   (Y': 12.5062   Cb: 13.2693   Cr: 15.3763 )
00000808: 13.0972   (Y': 12.5861   Cb: 13.3574   Cr: 15.6258 )
00000809: 13.0539   (Y': 12.5609   Cb: 13.2756   Cr: 15.5032 )
00000810: 12.2914   (Y': 11.6995   Cb: 12.8672   Cr: 14.9666 )
00000811: 11.9784   (Y': 11.3304   Cb: 12.7209   Cr: 14.8734 )
00000812: 11.9901   (Y': 11.3682   Cb: 12.6626   Cr: 14.7673 )
00000813: 11.9417   (Y': 11.3376   Cb: 12.5665   Cr: 14.6417 )
00000815: 11.8545   (Y': 11.2172   Cb: 12.5792   Cr: 14.6825 )
00000814: 11.8447   (Y': 11.2107   Cb: 12.5942   Cr: 14.6036 )
00000816: 11.8062   (Y': 11.1544   Cb: 12.5937   Cr: 14.6621 )
00000817: 11.7853   (Y': 11.1274   Cb: 12.5405   Cr: 14.7497 )
00000818: 11.8434   (Y': 11.1934   Cb: 12.5776   Cr: 14.7694 )
00000819: 11.8912   (Y': 11.2709   Cb: 12.6102   Cr: 14.5801 )
00000820: 11.8276   (Y': 11.1812   Cb: 12.6101   Cr: 14.6438 )
00000821: 11.8223   (Y': 11.19     Cb: 12.5646   Cr: 14.5774 )
00000822: 11.8626   (Y': 11.2405   Cb: 12.5323   Cr: 14.6451 )
00000823: 11.8031   (Y': 11.1672   Cb: 12.5038   Cr: 14.6568 )
00000824: 11.8241   (Y': 11.1696   Cb: 12.6462   Cr: 14.6485 )
00000825: 11.8551   (Y': 11.2208   Cb: 12.5598   Cr: 14.6893 )
00000826: 11.816    (Y': 11.172    Cb: 12.5439   Cr: 14.6989 )
00000827: 11.8557   (Y': 11.2329   Cb: 12.5126   Cr: 14.6655 )
00000828: 11.8046   (Y': 11.1533   Cb: 12.6054   Cr: 14.6341 )
00000829: 11.8699   (Y': 11.2539   Cb: 12.5668   Cr: 14.5567 )
00000830: 11.8119   (Y': 11.1585   Cb: 12.6298   Cr: 14.6328 )
00000831: 11.8234   (Y': 11.1983   Cb: 12.5367   Cr: 14.5625 )
00000832: 11.8362   (Y': 11.2042   Cb: 12.5558   Cr: 14.6258 )
00000833: 11.8389   (Y': 11.2261   Cb: 12.4875   Cr: 14.5756 )
00000834: 11.85     (Y': 11.2178   Cb: 12.5423   Cr: 14.6852 )
00000835: 11.8837   (Y': 11.248    Cb: 12.6265   Cr: 14.669  )
00000836: 11.9102   (Y': 11.2991   Cb: 12.5668   Cr: 14.6194 )
00000837: 11.898    (Y': 11.2756   Cb: 12.5886   Cr: 14.6498 )
00000838: 11.827    (Y': 11.1792   Cb: 12.6006   Cr: 14.6692 )
00000839: 11.841    (Y': 11.2059   Cb: 12.5725   Cr: 14.6389 )
00000840: 11.8049   (Y': 11.1393   Cb: 12.6302   Cr: 14.7248 )
00000841: 11.8691   (Y': 11.2386   Cb: 12.578    Cr: 14.662  )
00000842: 11.8112   (Y': 11.1528   Cb: 12.55     Cr: 14.8072 )
00000843: 11.7817   (Y': 11.1319   Cb: 12.5449   Cr: 14.6593 )
00000844: 11.9536   (Y': 11.3604   Cb: 12.5432   Cr: 14.6171 )
00000845: 11.8362   (Y': 11.1973   Cb: 12.5474   Cr: 14.7    )
00000846: 11.8394   (Y': 11.198    Cb: 12.6013   Cr: 14.6439 )
00000847: 11.8868   (Y': 11.2539   Cb: 12.6185   Cr: 14.664  )
00000848: 11.8735   (Y': 11.235    Cb: 12.6176   Cr: 14.6812 )
00000849: 11.9592   (Y': 11.3571   Cb: 12.6062   Cr: 14.6058 )
00000850: 11.8711   (Y': 11.2277   Cb: 12.6472   Cr: 14.6704 )
00000851: 11.9308   (Y': 11.3076   Cb: 12.5994   Cr: 14.7251 )
00000852: 11.905    (Y': 11.2898   Cb: 12.5558   Cr: 14.6587 )
00000853: 11.8419   (Y': 11.2035   Cb: 12.5612   Cr: 14.6886 )
00000854: 11.9368   (Y': 11.3116   Cb: 12.653    Cr: 14.6716 )
00000855: 11.8798   (Y': 11.2445   Cb: 12.638    Cr: 14.6364 )
00000856: 11.8487   (Y': 11.2148   Cb: 12.584    Cr: 14.6296 )
00000857: 11.8663   (Y': 11.2418   Cb: 12.5561   Cr: 14.638  )
00000858: 11.8415   (Y': 11.2178   Cb: 12.5325   Cr: 14.6047 )
00000859: 11.8546   (Y': 11.2262   Cb: 12.5564   Cr: 14.6411 )
00000860: 11.8402   (Y': 11.207    Cb: 12.5845   Cr: 14.6    )
00000861: 11.8591   (Y': 11.2507   Cb: 12.5073   Cr: 14.5583 )
00000862: 11.8791   (Y': 11.2596   Cb: 12.5384   Cr: 14.6557 )
00000863: 11.8175   (Y': 11.1782   Cb: 12.5772   Cr: 14.6063 )
00000864: 11.9033   (Y': 11.2948   Cb: 12.5388   Cr: 14.6243 )
00000865: 11.8066   (Y': 11.1479   Cb: 12.6418   Cr: 14.6476 )
00000866: 11.8333   (Y': 11.1889   Cb: 12.6296   Cr: 14.6094 )
00000867: 11.8108   (Y': 11.1546   Cb: 12.6298   Cr: 14.6554 )
00000868: 11.8425   (Y': 11.2007   Cb: 12.5678   Cr: 14.7095 )
00000869: 11.7631   (Y': 11.1177   Cb: 12.54     Cr: 14.5785 )
00000870: 11.728    (Y': 11.0586   Cb: 12.5861   Cr: 14.6293 )
00000871: 11.8033   (Y': 11.161    Cb: 12.578    Cr: 14.5942 )
00000872: 11.8008   (Y': 11.1494   Cb: 12.6154   Cr: 14.61   )
00000873: 11.7908   (Y': 11.1443   Cb: 12.5936   Cr: 14.5748 )
00000874: 11.8366   (Y': 11.1968   Cb: 12.5793   Cr: 14.6572 )
00000875: 11.852    (Y': 11.23     Cb: 12.5313   Cr: 14.6192 )
00000876: 11.8103   (Y': 11.1544   Cb: 12.6498   Cr: 14.6193 )
00000877: 11.7671   (Y': 11.1083   Cb: 12.6099   Cr: 14.597  )
00000878: 11.7948   (Y': 11.1421   Cb: 12.5995   Cr: 14.6309 )
00000879: 11.807    (Y': 11.1721   Cb: 12.5144   Cr: 14.6412 )
00000880: 11.8466   (Y': 11.1962   Cb: 12.6183   Cr: 14.7159 )
00000881: 11.7814   (Y': 11.1351   Cb: 12.5365   Cr: 14.6401 )
00000882: 11.8141   (Y': 11.1735   Cb: 12.5452   Cr: 14.6612 )
00000883: 11.811    (Y': 11.171    Cb: 12.5424   Cr: 14.6523 )
00000884: 11.7915   (Y': 11.1267   Cb: 12.6461   Cr: 14.6567 )
00000885: 11.7936   (Y': 11.1476   Cb: 12.5453   Cr: 14.6556 )
00000886: 11.7932   (Y': 11.1414   Cb: 12.5992   Cr: 14.6195 )
00000887: 11.7696   (Y': 11.1096   Cb: 12.5666   Cr: 14.6836 )
00000888: 11.7904   (Y': 11.1389   Cb: 12.5911   Cr: 14.6225 )
00000889: 11.7606   (Y': 11.0916   Cb: 12.6117   Cr: 14.67   )
00000890: 11.8137   (Y': 11.1431   Cb: 12.6208   Cr: 14.8092 )
00000891: 11.8274   (Y': 11.1805   Cb: 12.5645   Cr: 14.7203 )
00000892: 11.8266   (Y': 11.181    Cb: 12.5463   Cr: 14.7374 )
00000893: 11.7803   (Y': 11.1301   Cb: 12.557    Cr: 14.6388 )
00000894: 11.8896   (Y': 11.2704   Cb: 12.5592   Cr: 14.6477 )
00000895: 11.781    (Y': 11.1193   Cb: 12.5845   Cr: 14.7003 )
00000896: 11.8767   (Y': 11.2432   Cb: 12.5942   Cr: 14.6821 )
00000897: 11.869    (Y': 11.2407   Cb: 12.5678   Cr: 14.6601 )
00000898: 11.8646   (Y': 11.2387   Cb: 12.5566   Cr: 14.6446 )
00000899: 11.8074   (Y': 11.1542   Cb: 12.5907   Cr: 14.6824 )
00000900: 12.0191   (Y': 11.4249   Cb: 12.6408   Cr: 14.6397 )
00000901: 11.9977   (Y': 11.3877   Cb: 12.6396   Cr: 14.7208 )
00000902: 11.9126   (Y': 11.2942   Cb: 12.575    Cr: 14.6752 )
00000903: 11.9262   (Y': 11.3021   Cb: 12.6328   Cr: 14.6674 )
00000904: 11.9074   (Y': 11.2967   Cb: 12.5371   Cr: 14.656  )
00000905: 11.91     (Y': 11.2994   Cb: 12.5416   Cr: 14.6553 )
00000906: 12.0168   (Y': 11.394    Cb: 12.696    Cr: 14.7898 )
00000907: 11.8666   (Y': 11.2287   Cb: 12.6258   Cr: 14.6439 )
00000908: 11.9725   (Y': 11.3564   Cb: 12.6754   Cr: 14.6497 )
00000909: 11.8765   (Y': 11.2352   Cb: 12.5998   Cr: 14.7421 )
00000910: 11.9471   (Y': 11.3148   Cb: 12.6266   Cr: 14.8047 )
00000911: 11.8592   (Y': 11.1977   Cb: 12.6462   Cr: 14.8043 )
00000912: 12.0004   (Y': 11.3829   Cb: 12.7074   Cr: 14.6838 )
00000913: 12.0551   (Y': 11.4304   Cb: 12.7511   Cr: 14.8192 )
00000914: 11.9497   (Y': 11.3287   Cb: 12.6837   Cr: 14.6201 )
00000915: 11.9472   (Y': 11.3175   Cb: 12.7174   Cr: 14.636  )
00000916: 11.8049   (Y': 11.1325   Cb: 12.6323   Cr: 14.7835 )
00000917: 11.8161   (Y': 11.1603   Cb: 12.5882   Cr: 14.7328 )
00000918: 11.8209   (Y': 11.1594   Cb: 12.6423   Cr: 14.7098 )
00000919: 11.7977   (Y': 11.1346   Cb: 12.6369   Cr: 14.6722 )
00000920: 11.8075   (Y': 11.1501   Cb: 12.6148   Cr: 14.6818 )
00000921: 11.8027   (Y': 11.1417   Cb: 12.6009   Cr: 14.7245 )
00000922: 11.7623   (Y': 11.0941   Cb: 12.6286   Cr: 14.6399 )
00000923: 11.782    (Y': 11.1066   Cb: 12.6741   Cr: 14.6837 )
00000924: 11.827    (Y': 11.1725   Cb: 12.6034   Cr: 14.7247 )
00000925: 11.8234   (Y': 11.169    Cb: 12.592    Cr: 14.7336 )
00000926: 11.9379   (Y': 11.3049   Cb: 12.6898   Cr: 14.6845 )
00000927: 12.0828   (Y': 11.4777   Cb: 12.7264   Cr: 14.7612 )
00000928: 12.0331   (Y': 11.4043   Cb: 12.7982   Cr: 14.7219 )
00000929: 12.0817   (Y': 11.4752   Cb: 12.7734   Cr: 14.6963 )
00000930: 12.128    (Y': 11.4972   Cb: 12.931    Cr: 14.7767 )
00000931: 12.1807   (Y': 11.5514   Cb: 12.9611   Cr: 14.8511 )
00000932: 12.164    (Y': 11.515    Cb: 12.9975   Cr: 14.9215 )
00000933: 12.1341   (Y': 11.4725   Cb: 13.0048   Cr: 14.9447 )
00000934: 12.1986   (Y': 11.5583   Cb: 13.0248   Cr: 14.892  )
00000935: 12.1921   (Y': 11.5431   Cb: 13.0654   Cr: 14.8888 )
00000936: 12.3078   (Y': 11.6807   Cb: 13.0794   Cr: 14.9724 )
00000937: 12.2544   (Y': 11.5966   Cb: 13.1253   Cr: 15.0319 )
00000938: 12.2483   (Y': 11.6058   Cb: 13.0485   Cr: 15.0011 )
00000939: 12.0942   (Y': 11.4055   Cb: 13.0518   Cr: 15.0145 )
00000940: 11.9946   (Y': 11.2952   Cb: 12.9651   Cr: 14.9937 )
00000941: 13.1363   (Y': 12.5401   Cb: 13.7086   Cr: 15.8544 )
00000942: 13.2125   (Y': 12.6141   Cb: 13.7819   Cr: 15.9538 )
00000943: 13.3885   (Y': 12.8379   Cb: 13.8169   Cr: 15.9592 )
00000944: 12.5704   (Y': 11.9119   Cb: 13.3706   Cr: 15.4657 )
00000945: 12.3335   (Y': 11.639    Cb: 13.2383   Cr: 15.3927 )
00000946: 12.1554   (Y': 11.4598   Cb: 13.1098   Cr: 15.1446 )
00000947: 12.0054   (Y': 11.2853   Cb: 12.9869   Cr: 15.185  )
00000948: 12.0227   (Y': 11.3125   Cb: 12.9692   Cr: 15.1634 )
00000949: 12.0192   (Y': 11.3006   Cb: 13.0283   Cr: 15.1389 )
00000950: 12.1749   (Y': 11.4818   Cb: 13.1078   Cr: 15.1745 )
00000951: 12.1511   (Y': 11.4556   Cb: 13.1133   Cr: 15.1266 )
00000952: 12.207    (Y': 11.5188   Cb: 13.1536   Cr: 15.1398 )
00000953: 12.2267   (Y': 11.5576   Cb: 13.1186   Cr: 15.0719 )
00000954: 12.2816   (Y': 11.6061   Cb: 13.2392   Cr: 15.0819 )
00000955: 12.2281   (Y': 11.5593   Cb: 13.1127   Cr: 15.0821 )
00000956: 12.2042   (Y': 11.5474   Cb: 13.0718   Cr: 14.9781 )
00000957: 12.1598   (Y': 11.5352   Cb: 12.9103   Cr: 14.8363 )
00000958: 12.1539   (Y': 11.5197   Cb: 12.9238   Cr: 14.8826 )
00000959: 12.1794   (Y': 11.5677   Cb: 12.8423   Cr: 14.8838 )
00000960: 12.1809   (Y': 11.583    Cb: 12.7938   Cr: 14.8473 )
00000961: 12.1366   (Y': 11.5332   Cb: 12.7662   Cr: 14.8221 )
00000962: 11.9993   (Y': 11.3614   Cb: 12.7351   Cr: 14.815  )
00000963: 12.0842   (Y': 11.4776   Cb: 12.7051   Cr: 14.8119 )
00000964: 12.0391   (Y': 11.4441   Cb: 12.6564   Cr: 14.6738 )
00000965: 12.0613   (Y': 11.4566   Cb: 12.6527   Cr: 14.8212 )
00000966: 12.8239   (Y': 12.3234   Cb: 13.1209   Cr: 15.2088 )
00000968: 12.9718   (Y': 12.4265   Cb: 13.3772   Cr: 15.537  )
00000967: 13.032    (Y': 12.4765   Cb: 13.4634   Cr: 15.6383 )
Total: 11.8613   (Y': 11.2147   Cb: 12.6321   Cr: 14.6973 )
