00000000: 31.3234   (Y': 44.3744   Cb: 26.6981   Cr: 26.6981 )
00000001: 15.0594   (Y': 15.1445   Cb: 13.9165   Cr: 16.1578 )
00000002: 15.1966   (Y': 15.2627   Cb: 14.0353   Cr: 16.4238 )
00000003: 15.2786   (Y': 15.323    Cb: 14.1434   Cr: 16.5744 )
00000004: 15.2995   (Y': 15.348    Cb: 14.1474   Cr: 16.6034 )
00000006: 15.2918   (Y': 15.337    Cb: 14.1699   Cr: 16.5606 )
00000005: 15.2734   (Y': 15.3159   Cb: 14.2058   Cr: 16.4636 )
00000007: 15.2846   (Y': 15.329    Cb: 14.1707   Cr: 16.5441 )
00000009: 15.2939   (Y': 15.3819   Cb: 14.0958   Cr: 16.4712 )
00000008: 15.2831   (Y': 15.3428   Cb: 14.1207   Cr: 16.5456 )
00000010: 15.2658   (Y': 15.3313   Cb: 14.1432   Cr: 16.4292 )
00000012: 15.2592   (Y': 15.3179   Cb: 14.1379   Cr: 16.4557 )
00000011: 15.3006   (Y': 15.3924   Cb: 14.1001   Cr: 16.4629 )
00000013: 15.2815   (Y': 15.3195   Cb: 14.1757   Cr: 16.5611 )
00000014: 15.2615   (Y': 15.3242   Cb: 14.1407   Cr: 16.4372 )
00000015: 15.2573   (Y': 15.3307   Cb: 14.1629   Cr: 16.334  )
00000017: 15.2999   (Y': 15.3541   Cb: 14.169    Cr: 16.5371 )
00000016: 15.2972   (Y': 15.3767   Cb: 14.1555   Cr: 16.4215 )
00000018: 15.2497   (Y': 15.2922   Cb: 14.1694   Cr: 16.4619 )
00000019: 15.2308   (Y': 15.3051   Cb: 14.0859   Cr: 16.3875 )
00000021: 15.2459   (Y': 15.3237   Cb: 14.1047   Cr: 16.3785 )
00000022: 15.2563   (Y': 15.3062   Cb: 14.1736   Cr: 16.4332 )
00000020: 15.2663   (Y': 15.3261   Cb: 14.1295   Cr: 16.4838 )
00000023: 15.2931   (Y': 15.3537   Cb: 14.1952   Cr: 16.4405 )
00000024: 15.2919   (Y': 15.3752   Cb: 14.1326   Cr: 16.4265 )
00000025: 15.2265   (Y': 15.3045   Cb: 14.0613   Cr: 16.3985 )
00000026: 15.2591   (Y': 15.3051   Cb: 14.1059   Cr: 16.5784 )
00000027: 15.2748   (Y': 15.3413   Cb: 14.157    Cr: 16.4258 )
00000029: 15.2965   (Y': 15.3429   Cb: 14.1791   Cr: 16.5506 )
00000030: 15.3676   (Y': 15.4683   Cb: 14.163    Cr: 16.4916 )
00000028: 15.2862   (Y': 15.3574   Cb: 14.1458   Cr: 16.4512 )
00000031: 15.4039   (Y': 15.525    Cb: 14.2148   Cr: 16.4004 )
00000032: 15.375    (Y': 15.4852   Cb: 14.1558   Cr: 16.4755 )
00000033: 15.4202   (Y': 15.5562   Cb: 14.1507   Cr: 16.4786 )
00000034: 15.4195   (Y': 15.5773   Cb: 14.1263   Cr: 16.4111 )
00000035: 15.3963   (Y': 15.5829   Cb: 14.0662   Cr: 16.3124 )
00000036: 15.451    (Y': 15.6369   Cb: 14.1063   Cr: 16.3946 )
00000037: 15.4195   (Y': 15.5898   Cb: 14.0951   Cr: 16.4041 )
00000038: 15.4543   (Y': 15.6307   Cb: 14.0713   Cr: 16.5099 )
00000039: 15.513    (Y': 15.8143   Cb: 13.9559   Cr: 16.2866 )
00000040: 15.5837   (Y': 15.9254   Cb: 13.9573   Cr: 16.2973 )
00000041: 15.5154   (Y': 15.823    Cb: 13.9612   Cr: 16.2557 )
00000042: 15.533    (Y': 15.8576   Cb: 13.9449   Cr: 16.2562 )
00000043: 15.5897   (Y': 15.9207   Cb: 14.021    Cr: 16.2519 )
00000044: 15.6717   (Y': 16.0332   Cb: 14.0197   Cr: 16.3442 )
00000045: 15.5891   (Y': 15.934    Cb: 14.0054   Cr: 16.2175 )
00000046: 15.5845   (Y': 15.8546   Cb: 14.0807   Cr: 16.4073 )
00000047: 15.5629   (Y': 15.8201   Cb: 14.1123   Cr: 16.3539 )
00000049: 15.5074   (Y': 15.7632   Cb: 14.0637   Cr: 16.2938 )
00000050: 15.5308   (Y': 15.8086   Cb: 14.0393   Cr: 16.2976 )
00000048: 15.5371   (Y': 15.7787   Cb: 14.1408   Cr: 16.3082 )
00000051: 15.515    (Y': 15.7942   Cb: 13.9974   Cr: 16.3198 )
00000052: 15.4473   (Y': 15.7237   Cb: 13.9738   Cr: 16.1903 )
00000053: 15.4286   (Y': 15.7238   Cb: 13.935    Cr: 16.1222 )
00000054: 15.4805   (Y': 15.7655   Cb: 13.9803   Cr: 16.23   )
00000055: 15.4128   (Y': 15.6613   Cb: 13.9873   Cr: 16.2011 )
00000056: 15.3562   (Y': 15.6281   Cb: 13.9041   Cr: 16.0842 )
00000057: 15.407    (Y': 15.6612   Cb: 13.9427   Cr: 16.2349 )
00000058: 15.3672   (Y': 15.6242   Cb: 13.9035   Cr: 16.1814 )
00000059: 15.3665   (Y': 15.6197   Cb: 13.9237   Cr: 16.1631 )
00000060: 15.3635   (Y': 15.6102   Cb: 13.9568   Cr: 16.1295 )
00000061: 15.3367   (Y': 15.5818   Cb: 13.8922   Cr: 16.1727 )
00000062: 15.3538   (Y': 15.6147   Cb: 13.8838   Cr: 16.1608 )
00000063: 15.4441   (Y': 15.7099   Cb: 13.9839   Cr: 16.2124 )
00000064: 15.4964   (Y': 15.7803   Cb: 13.9607   Cr: 16.3115 )
00000065: 15.4565   (Y': 15.7186   Cb: 13.9465   Cr: 16.3266 )
00000066: 15.3125   (Y': 15.5619   Cb: 13.9128   Cr: 16.0549 )
00000067: 15.3512   (Y': 15.5926   Cb: 13.9023   Cr: 16.212  )
00000069: 15.4077   (Y': 15.65     Cb: 13.9828   Cr: 16.2239 )
00000068: 15.3609   (Y': 15.5971   Cb: 13.9113   Cr: 16.2463 )
00000070: 15.4356   (Y': 15.7005   Cb: 14.0256   Cr: 16.1252 )
00000071: 15.3877   (Y': 15.5922   Cb: 13.9969   Cr: 16.3212 )
00000072: 15.2998   (Y': 15.4938   Cb: 13.9709   Cr: 16.1787 )
00000073: 15.3141   (Y': 15.4966   Cb: 13.988    Cr: 16.2423 )
00000074: 15.3572   (Y': 15.5579   Cb: 13.9825   Cr: 16.2815 )
00000075: 15.3182   (Y': 15.5044   Cb: 13.9875   Cr: 16.2369 )
00000077: 15.3531   (Y': 15.5634   Cb: 13.958    Cr: 16.267  )
00000076: 15.3233   (Y': 15.5224   Cb: 13.9807   Cr: 16.201  )
00000078: 15.3029   (Y': 15.4854   Cb: 13.9587   Cr: 16.2624 )
00000079: 15.3279   (Y': 15.5163   Cb: 13.98     Cr: 16.2648 )
00000080: 15.3154   (Y': 15.492    Cb: 13.9677   Cr: 16.3087 )
00000082: 15.263    (Y': 15.4159   Cb: 13.9555   Cr: 16.3023 )
00000081: 15.3074   (Y': 15.4698   Cb: 13.9991   Cr: 16.3021 )
00000083: 15.2673   (Y': 15.4475   Cb: 13.9282   Cr: 16.2284 )
00000084: 15.2998   (Y': 15.4616   Cb: 14.0042   Cr: 16.2765 )
00000085: 15.2883   (Y': 15.4743   Cb: 13.948    Cr: 16.2239 )
00000086: 15.2772   (Y': 15.4483   Cb: 13.9182   Cr: 16.3168 )
00000087: 15.3154   (Y': 15.475    Cb: 13.9915   Cr: 16.3507 )
00000088: 15.2937   (Y': 15.4698   Cb: 13.9687   Cr: 16.2507 )
00000090: 15.2924   (Y': 15.4744   Cb: 13.9264   Cr: 16.2915 )
00000089: 15.2905   (Y': 15.4586   Cb: 13.9822   Cr: 16.2581 )
00000091: 15.2822   (Y': 15.4577   Cb: 13.94     Cr: 16.2713 )
00000092: 15.323    (Y': 15.4813   Cb: 14.0437   Cr: 16.2886 )
00000093: 15.3111   (Y': 15.4865   Cb: 13.9846   Cr: 16.2745 )
00000094: 15.3125   (Y': 15.4506   Cb: 14.0413   Cr: 16.3631 )
00000095: 15.3197   (Y': 15.5005   Cb: 13.976    Cr: 16.2866 )
00000096: 15.2475   (Y': 15.3981   Cb: 13.9599   Cr: 16.2643 )
00000098: 15.3081   (Y': 15.4789   Cb: 13.9826   Cr: 16.2919 )
00000097: 15.279    (Y': 15.4605   Cb: 13.9817   Cr: 16.1641 )
00000099: 15.3601   (Y': 15.5327   Cb: 14.0575   Cr: 16.2967 )
00000100: 15.3849   (Y': 15.5883   Cb: 14.0477   Cr: 16.2337 )
00000101: 15.44     (Y': 15.6635   Cb: 14.0867   Cr: 16.2225 )
00000102: 15.4604   (Y': 15.6937   Cb: 14.0017   Cr: 16.3755 )
00000103: 15.4715   (Y': 15.6961   Cb: 14.076    Cr: 16.3197 )
00000104: 15.373    (Y': 15.6021   Cb: 13.945    Cr: 16.255  )
00000105: 15.3076   (Y': 15.4871   Cb: 13.9947   Cr: 16.2285 )
00000106: 15.3324   (Y': 15.5591   Cb: 13.9192   Cr: 16.2001 )
00000107: 15.3598   (Y': 15.5855   Cb: 13.9673   Cr: 16.1981 )
00000108: 15.3619   (Y': 15.5716   Cb: 13.9739   Cr: 16.2667 )
00000109: 15.2865   (Y': 15.4966   Cb: 13.8754   Cr: 16.2287 )
00000110: 15.294    (Y': 15.487    Cb: 13.9683   Cr: 16.1726 )
00000111: 15.3156   (Y': 15.5081   Cb: 13.9659   Cr: 16.2364 )
00000112: 15.318    (Y': 15.4823   Cb: 14.0246   Cr: 16.2784 )
00000113: 15.3135   (Y': 15.5108   Cb: 13.9614   Cr: 16.2155 )
00000114: 15.2897   (Y': 15.4739   Cb: 13.9394   Cr: 16.2515 )
00000116: 15.3234   (Y': 15.4963   Cb: 13.9815   Cr: 16.3249 )
00000115: 15.3103   (Y': 15.495    Cb: 13.9689   Cr: 16.2541 )
00000117: 15.3339   (Y': 15.5166   Cb: 14.0109   Cr: 16.2561 )
00000118: 15.2951   (Y': 15.4705   Cb: 13.9965   Cr: 16.2115 )
00000119: 15.2776   (Y': 15.4836   Cb: 13.9199   Cr: 16.1481 )
00000120: 15.2931   (Y': 15.4896   Cb: 13.9215   Cr: 16.2323 )
00000121: 15.3167   (Y': 15.5011   Cb: 14.0175   Cr: 16.1911 )
00000122: 15.269    (Y': 15.4554   Cb: 13.9531   Cr: 16.1619 )
00000123: 15.276    (Y': 15.4559   Cb: 13.9592   Cr: 16.2011 )
00000124: 15.2753   (Y': 15.4663   Cb: 13.931    Cr: 16.1937 )
00000125: 15.3006   (Y': 15.4796   Cb: 13.9679   Cr: 16.2564 )
00000126: 15.2995   (Y': 15.4838   Cb: 13.9961   Cr: 16.1819 )
00000127: 15.3439   (Y': 15.5093   Cb: 14.0299   Cr: 16.3339 )
00000128: 15.2983   (Y': 15.4836   Cb: 13.9736   Cr: 16.2109 )
00000129: 15.2757   (Y': 15.4774   Cb: 13.9041   Cr: 16.1902 )
00000130: 15.3045   (Y': 15.4782   Cb: 14.0286   Cr: 16.1912 )
00000132: 15.3154   (Y': 15.5007   Cb: 13.9833   Cr: 16.2405 )
00000131: 15.2923   (Y': 15.48     Cb: 13.9387   Cr: 16.2422 )
00000133: 15.2863   (Y': 15.4606   Cb: 13.9775   Cr: 16.225  )
00000134: 15.2921   (Y': 15.4784   Cb: 13.9387   Cr: 16.2484 )
00000135: 15.2886   (Y': 15.4819   Cb: 13.9516   Cr: 16.1849 )
00000136: 15.2921   (Y': 15.4758   Cb: 13.9349   Cr: 16.268  )
00000138: 15.2996   (Y': 15.4852   Cb: 13.9655   Cr: 16.2274 )
00000137: 15.2987   (Y': 15.4819   Cb: 13.9668   Cr: 16.2337 )
00000139: 15.3014   (Y': 15.4821   Cb: 13.9879   Cr: 16.2174 )
00000140: 15.2788   (Y': 15.4667   Cb: 13.9335   Cr: 16.2138 )
00000141: 15.2542   (Y': 15.4658   Cb: 13.8975   Cr: 16.0973 )
00000142: 15.2857   (Y': 15.4766   Cb: 13.9245   Cr: 16.2337 )
00000143: 15.2911   (Y': 15.4765   Cb: 13.9331   Cr: 16.2599 )
00000144: 15.2695   (Y': 15.4654   Cb: 13.9141   Cr: 16.1841 )
00000145: 15.306    (Y': 15.4675   Cb: 13.9856   Cr: 16.3257 )
00000146: 15.2765   (Y': 15.475    Cb: 13.8927   Cr: 16.2274 )
00000147: 15.3383   (Y': 15.5228   Cb: 14.0599   Cr: 16.1786 )
00000148: 15.2944   (Y': 15.4885   Cb: 13.9459   Cr: 16.2059 )
00000149: 15.2893   (Y': 15.4811   Cb: 13.9199   Cr: 16.247  )
00000150: 15.2706   (Y': 15.4398   Cb: 13.9845   Cr: 16.195  )
00000151: 15.2789   (Y': 15.4891   Cb: 13.8746   Cr: 16.2091 )
00000152: 15.2999   (Y': 15.4928   Cb: 13.9806   Cr: 16.1687 )
00000153: 15.2964   (Y': 15.4941   Cb: 13.9629   Cr: 16.1655 )
00000154: 15.289    (Y': 15.4808   Cb: 13.9229   Cr: 16.2408 )
00000155: 15.2561   (Y': 15.4467   Cb: 13.8983   Cr: 16.2    )
00000156: 15.3198   (Y': 15.5043   Cb: 13.9874   Cr: 16.2495 )
00000157: 15.2961   (Y': 15.4874   Cb: 13.9883   Cr: 16.153  )
00000158: 15.2885   (Y': 15.4888   Cb: 13.894    Cr: 16.2483 )
00000159: 15.305    (Y': 15.4818   Cb: 13.9533   Cr: 16.3048 )
00000160: 15.2866   (Y': 15.4682   Cb: 13.9736   Cr: 16.1974 )
00000161: 15.2755   (Y': 15.4751   Cb: 13.9105   Cr: 16.1887 )
00000162: 15.2733   (Y': 15.4466   Cb: 13.9328   Cr: 16.2708 )
00000164: 15.293    (Y': 15.504    Cb: 13.942    Cr: 16.1294 )
00000163: 15.3038   (Y': 15.4999   Cb: 13.9348   Cr: 16.2402 )
00000165: 15.2954   (Y': 15.4943   Cb: 13.951    Cr: 16.1772 )
00000166: 15.2651   (Y': 15.4709   Cb: 13.9133   Cr: 16.1274 )
00000167: 15.3009   (Y': 15.4773   Cb: 13.9908   Cr: 16.2318 )
00000168: 15.27     (Y': 15.4771   Cb: 13.9246   Cr: 16.1153 )
00000169: 15.2927   (Y': 15.4797   Cb: 13.9599   Cr: 16.211  )
00000170: 15.2887   (Y': 15.4992   Cb: 13.9172   Cr: 16.1612 )
00000172: 15.2891   (Y': 15.5113   Cb: 13.8836   Cr: 16.1649 )
00000171: 15.296    (Y': 15.4906   Cb: 13.9467   Cr: 16.2067 )
00000173: 15.2682   (Y': 15.4615   Cb: 13.9054   Cr: 16.2073 )
00000174: 15.275    (Y': 15.4832   Cb: 13.9757   Cr: 16.0397 )
00000175: 15.2638   (Y': 15.4577   Cb: 13.934    Cr: 16.145  )
00000176: 15.2899   (Y': 15.4799   Cb: 13.9635   Cr: 16.1836 )
00000177: 15.2828   (Y': 15.4806   Cb: 13.9502   Cr: 16.1502 )
00000178: 15.2707   (Y': 15.4574   Cb: 13.9186   Cr: 16.2235 )
00000179: 15.2883   (Y': 15.4832   Cb: 13.983    Cr: 16.1241 )
00000180: 15.2962   (Y': 15.4734   Cb: 13.951    Cr: 16.2825 )
00000181: 15.2859   (Y': 15.4818   Cb: 13.972    Cr: 16.1313 )
00000182: 15.2805   (Y': 15.4908   Cb: 13.9466   Cr: 16.0919 )
00000183: 15.337    (Y': 15.5433   Cb: 14.0026   Cr: 16.1677 )
00000184: 15.4059   (Y': 15.6178   Cb: 14.0218   Cr: 16.2934 )
00000185: 15.4193   (Y': 15.657    Cb: 13.9431   Cr: 16.3438 )
00000186: 15.466    (Y': 15.677    Cb: 14.0338   Cr: 16.4404 )
00000187: 15.452    (Y': 15.7184   Cb: 13.9636   Cr: 16.2653 )
00000188: 15.3892   (Y': 15.5519   Cb: 14.0765   Cr: 16.3899 )
00000189: 15.4569   (Y': 15.6363   Cb: 14.0999   Cr: 16.4527 )
00000190: 15.3863   (Y': 15.5856   Cb: 14.0352   Cr: 16.2771 )
00000191: 15.3866   (Y': 15.5357   Cb: 14.127    Cr: 16.3635 )
00000192: 15.4208   (Y': 15.5826   Cb: 14.1079   Cr: 16.4263 )
00000193: 15.4156   (Y': 15.5558   Cb: 14.1373   Cr: 16.4678 )
00000194: 15.5276   (Y': 15.6975   Cb: 14.1693   Cr: 16.5719 )
00000196: 15.4585   (Y': 15.5851   Cb: 14.2147   Cr: 16.5193 )
00000195: 15.5254   (Y': 15.6763   Cb: 14.1997   Cr: 16.6064 )
00000197: 15.4647   (Y': 15.6106   Cb: 14.1865   Cr: 16.4887 )
00000198: 15.4367   (Y': 15.5495   Cb: 14.1863   Cr: 16.5778 )
00000199: 15.3838   (Y': 15.485    Cb: 14.1674   Cr: 16.5246 )
00000200: 15.3269   (Y': 15.4095   Cb: 14.1528   Cr: 16.4911 )
00000201: 15.3031   (Y': 15.3638   Cb: 14.1244   Cr: 16.5892 )
00000202: 15.3482   (Y': 15.4232   Cb: 14.1441   Cr: 16.6034 )
00000203: 15.3194   (Y': 15.3894   Cb: 14.1637   Cr: 16.5166 )
00000204: 15.319    (Y': 15.3803   Cb: 14.1536   Cr: 16.578  )
00000205: 15.2814   (Y': 15.3653   Cb: 14.1287   Cr: 16.4025 )
00000206: 15.3185   (Y': 15.3743   Cb: 14.2094   Cr: 16.5097 )
00000207: 15.3304   (Y': 15.3918   Cb: 14.1972   Cr: 16.5336 )
00000208: 15.2986   (Y': 15.3562   Cb: 14.1573   Cr: 16.5356 )
00000209: 15.3016   (Y': 15.3589   Cb: 14.1565   Cr: 16.547  )
00000210: 15.2927   (Y': 15.3766   Cb: 14.1204   Cr: 16.4468 )
00000211: 15.3078   (Y': 15.3686   Cb: 14.1935   Cr: 16.4816 )
00000212: 15.3477   (Y': 15.41     Cb: 14.189    Cr: 16.5903 )
00000213: 15.387    (Y': 15.4653   Cb: 14.2395   Cr: 16.5272 )
00000214: 15.3801   (Y': 15.4493   Cb: 14.2112   Cr: 16.6042 )
00000215: 15.3687   (Y': 15.4545   Cb: 14.2291   Cr: 16.4576 )
00000216: 15.347    (Y': 15.4694   Cb: 14.073    Cr: 16.4809 )
00000217: 15.3528   (Y': 15.394    Cb: 14.2067   Cr: 16.6856 )
00000218: 15.3746   (Y': 15.4209   Cb: 14.2174   Cr: 16.6998 )
00000219: 15.2922   (Y': 15.3827   Cb: 14.1057   Cr: 16.4369 )
00000220: 15.2836   (Y': 15.3537   Cb: 14.1539   Cr: 16.436  )
00000221: 15.2912   (Y': 15.3276   Cb: 14.1908   Cr: 16.5693 )
00000222: 15.3267   (Y': 15.408    Cb: 14.1091   Cr: 16.5733 )
00000223: 15.4107   (Y': 15.5188   Cb: 14.1743   Cr: 16.5516 )
00000224: 15.355    (Y': 15.4578   Cb: 14.087    Cr: 16.5782 )
00000225: 15.3275   (Y': 15.4317   Cb: 14.147    Cr: 16.3929 )
00000226: 15.3306   (Y': 15.4478   Cb: 14.1019   Cr: 16.4124 )
00000228: 15.2788   (Y': 15.3681   Cb: 14.0761   Cr: 16.4575 )
00000227: 15.244    (Y': 15.3373   Cb: 14.0202   Cr: 16.4381 )
00000229: 15.271    (Y': 15.3519   Cb: 14.0831   Cr: 16.467  )
00000230: 15.2919   (Y': 15.386    Cb: 14.0789   Cr: 16.4637 )
00000231: 15.2639   (Y': 15.3654   Cb: 14.0351   Cr: 16.425  )
00000232: 15.3012   (Y': 15.386    Cb: 14.1178   Cr: 16.4698 )
00000233: 15.2886   (Y': 15.3817   Cb: 14.0784   Cr: 16.4606 )
00000234: 15.2894   (Y': 15.3704   Cb: 14.1023   Cr: 16.4839 )
00000235: 15.2741   (Y': 15.3475   Cb: 14.1364   Cr: 16.4232 )
00000236: 15.2778   (Y': 15.364    Cb: 14.0465   Cr: 16.5227 )
00000237: 15.2637   (Y': 15.3522   Cb: 14.099    Cr: 16.3811 )
00000238: 15.2908   (Y': 15.383    Cb: 14.0887   Cr: 16.4531 )
00000239: 15.2545   (Y': 15.3442   Cb: 14.0769   Cr: 16.3877 )
00000240: 15.2732   (Y': 15.3427   Cb: 14.1084   Cr: 16.4891 )
00000241: 15.2343   (Y': 15.3226   Cb: 14.0548   Cr: 16.3785 )
00000242: 15.2566   (Y': 15.3383   Cb: 14.0614   Cr: 16.4611 )
00000243: 15.2691   (Y': 15.3372   Cb: 14.081    Cr: 16.5323 )
00000244: 15.2386   (Y': 15.3205   Cb: 14.0556   Cr: 16.4214 )
00000245: 15.2502   (Y': 15.3302   Cb: 14.0907   Cr: 16.4026 )
00000246: 15.2865   (Y': 15.4023   Cb: 13.9974   Cr: 16.4805 )
00000247: 15.3129   (Y': 15.3863   Cb: 14.1403   Cr: 16.5216 )
00000248: 15.2321   (Y': 15.3141   Cb: 14.0425   Cr: 16.4254 )
00000250: 15.2668   (Y': 15.3603   Cb: 14.0894   Cr: 16.3802 )
00000249: 15.2523   (Y': 15.3278   Cb: 14.1091   Cr: 16.4001 )
00000251: 15.2771   (Y': 15.3911   Cb: 14.0634   Cr: 16.3496 )
00000252: 15.2557   (Y': 15.3546   Cb: 14.0506   Cr: 16.3889 )
00000253: 15.2639   (Y': 15.3379   Cb: 14.0697   Cr: 16.5071 )
00000254: 15.2853   (Y': 15.3492   Cb: 14.1447   Cr: 16.4885 )
00000255: 15.2998   (Y': 15.3859   Cb: 14.1052   Cr: 16.4806 )
00000256: 15.263    (Y': 15.3481   Cb: 14.0477   Cr: 16.4848 )
00000257: 15.2668   (Y': 15.3488   Cb: 14.1069   Cr: 16.4098 )
00000258: 15.3138   (Y': 15.4118   Cb: 14.0825   Cr: 16.4973 )
00000259: 15.3441   (Y': 15.4522   Cb: 14.118    Cr: 16.4671 )
00000260: 15.2773   (Y': 15.3709   Cb: 14.0722   Cr: 16.4381 )
00000261: 15.2603   (Y': 15.322    Cb: 14.137    Cr: 16.445  )
00000262: 15.3974   (Y': 15.5041   Cb: 14.1554   Cr: 16.5549 )
00000263: 15.3502   (Y': 15.4508   Cb: 14.1283   Cr: 16.5043 )
00000264: 15.3546   (Y': 15.4361   Cb: 14.2092   Cr: 16.4752 )
00000265: 15.3096   (Y': 15.3994   Cb: 14.1266   Cr: 16.4521 )
00000266: 15.306    (Y': 15.3812   Cb: 14.1331   Cr: 16.5059 )
00000267: 15.3227   (Y': 15.4152   Cb: 14.1412   Cr: 16.4482 )
00000268: 15.3125   (Y': 15.4085   Cb: 14.105    Cr: 16.4649 )
00000269: 15.3444   (Y': 15.4496   Cb: 14.1115   Cr: 16.494  )
00000270: 15.3444   (Y': 15.3982   Cb: 14.2347   Cr: 16.547  )
00000271: 15.3092   (Y': 15.3878   Cb: 14.1463   Cr: 16.4744 )
00000272: 15.3131   (Y': 15.3774   Cb: 14.1664   Cr: 16.5249 )
00000273: 15.3121   (Y': 15.3749   Cb: 14.1911   Cr: 16.4877 )
00000274: 15.378    (Y': 15.4617   Cb: 14.2077   Cr: 16.5293 )
00000275: 15.2682   (Y': 15.318    Cb: 14.1731   Cr: 16.4664 )
00000276: 15.265    (Y': 15.3182   Cb: 14.1533   Cr: 16.4742 )
00000277: 15.2356   (Y': 15.2901   Cb: 14.1118   Cr: 16.4586 )
00000278: 15.2269   (Y': 15.2958   Cb: 14.0815   Cr: 16.4124 )
00000279: 15.276    (Y': 15.3194   Cb: 14.1672   Cr: 16.5315 )
00000280: 15.2401   (Y': 15.2962   Cb: 14.1126   Cr: 16.4611 )
00000282: 15.277    (Y': 15.3054   Cb: 14.1845   Cr: 16.5849 )
00000281: 15.2451   (Y': 15.2808   Cb: 14.1697   Cr: 16.4845 )
00000283: 15.2593   (Y': 15.2989   Cb: 14.139    Cr: 16.5548 )
00000284: 15.261    (Y': 15.3244   Cb: 14.1317   Cr: 16.4469 )
00000285: 15.2887   (Y': 15.362    Cb: 14.0856   Cr: 16.5509 )
00000286: 15.277    (Y': 15.3225   Cb: 14.1803   Cr: 16.5008 )
00000287: 15.2453   (Y': 15.3118   Cb: 14.0949   Cr: 16.4511 )
00000288: 15.2522   (Y': 15.3343   Cb: 14.0922   Cr: 16.3945 )
00000290: 15.2901   (Y': 15.3559   Cb: 14.1211   Cr: 16.5325 )
00000289: 15.2748   (Y': 15.3477   Cb: 14.1469   Cr: 16.4096 )
00000291: 15.2933   (Y': 15.3535   Cb: 14.1683   Cr: 16.4889 )
00000292: 15.2711   (Y': 15.3254   Cb: 14.1489   Cr: 16.4923 )
00000293: 15.2739   (Y': 15.3453   Cb: 14.1083   Cr: 16.4811 )
00000294: 15.2791   (Y': 15.3429   Cb: 14.1276   Cr: 16.5012 )
00000295: 15.2754   (Y': 15.3275   Cb: 14.1302   Cr: 16.548  )
00000296: 15.2978   (Y': 15.3472   Cb: 14.1852   Cr: 16.5282 )
00000297: 15.3025   (Y': 15.3616   Cb: 14.1425   Cr: 16.5635 )
00000298: 15.2771   (Y': 15.3591   Cb: 14.1195   Cr: 16.4158 )
00000299: 15.2638   (Y': 15.3328   Cb: 14.137    Cr: 16.4166 )
00000300: 15.2807   (Y': 15.347    Cb: 14.1059   Cr: 16.5298 )
00000301: 15.2771   (Y': 15.325    Cb: 14.1611   Cr: 16.5214 )
00000302: 15.2781   (Y': 15.3384   Cb: 14.1236   Cr: 16.5242 )
00000303: 15.2852   (Y': 15.3285   Cb: 14.2039   Cr: 16.4951 )
00000304: 15.2406   (Y': 15.3162   Cb: 14.1205   Cr: 16.3486 )
00000306: 15.2423   (Y': 15.2941   Cb: 14.1033   Cr: 16.5056 )
00000305: 15.2619   (Y': 15.3258   Cb: 14.1238   Cr: 16.4607 )
00000308: 15.2576   (Y': 15.3399   Cb: 14.0892   Cr: 16.4127 )
00000307: 15.2454   (Y': 15.3034   Cb: 14.1013   Cr: 16.485  )
00000309: 15.3144   (Y': 15.4007   Cb: 14.1068   Cr: 16.5169 )
00000310: 15.3358   (Y': 15.3917   Cb: 14.1918   Cr: 16.5865 )
00000311: 15.3139   (Y': 15.3931   Cb: 14.1324   Cr: 16.5081 )
00000312: 15.3178   (Y': 15.3864   Cb: 14.1814   Cr: 16.489  )
00000313: 15.298    (Y': 15.3718   Cb: 14.1532   Cr: 16.4572 )
00000315: 15.2915   (Y': 15.3717   Cb: 14.0811   Cr: 16.5303 )
00000314: 15.2582   (Y': 15.3324   Cb: 14.0966   Cr: 16.4436 )
00000317: 15.2705   (Y': 15.3489   Cb: 14.1615   Cr: 16.346  )
00000316: 15.2866   (Y': 15.3621   Cb: 14.1436   Cr: 16.4336 )
00000318: 15.2583   (Y': 15.3428   Cb: 14.057    Cr: 16.4594 )
00000319: 15.2922   (Y': 15.381    Cb: 14.1144   Cr: 16.4312 )
00000320: 15.2447   (Y': 15.3084   Cb: 14.1344   Cr: 16.3968 )
00000321: 15.2652   (Y': 15.362    Cb: 14.0516   Cr: 16.424  )
00000322: 15.2785   (Y': 15.3496   Cb: 14.1357   Cr: 16.4472 )
00000323: 15.2649   (Y': 15.3402   Cb: 14.1238   Cr: 16.41   )
00000324: 15.2553   (Y': 15.3152   Cb: 14.1128   Cr: 16.4822 )
00000325: 15.2615   (Y': 15.3341   Cb: 14.1288   Cr: 16.4067 )
00000326: 15.2421   (Y': 15.3255   Cb: 14.0826   Cr: 16.3774 )
00000327: 15.2384   (Y': 15.3128   Cb: 14.0684   Cr: 16.4374 )
00000328: 15.2744   (Y': 15.3451   Cb: 14.1523   Cr: 16.4103 )
00000329: 15.2625   (Y': 15.3111   Cb: 14.142    Cr: 16.511  )
00000331: 15.259    (Y': 15.3238   Cb: 14.1296   Cr: 16.438  )
00000330: 15.2723   (Y': 15.3358   Cb: 14.1455   Cr: 16.4534 )
00000332: 15.261    (Y': 15.3107   Cb: 14.1277   Cr: 16.5256 )
00000333: 15.2503   (Y': 15.3443   Cb: 14.0136   Cr: 16.464  )
00000334: 15.2362   (Y': 15.3028   Cb: 14.0922   Cr: 16.4307 )
00000335: 15.2849   (Y': 15.3695   Cb: 14.1432   Cr: 16.3838 )
00000336: 15.2618   (Y': 15.3325   Cb: 14.0977   Cr: 16.4697 )
00000337: 15.2505   (Y': 15.3391   Cb: 14.0508   Cr: 16.4275 )
00000338: 15.2525   (Y': 15.3344   Cb: 14.0826   Cr: 16.4122 )
00000339: 15.2535   (Y': 15.319    Cb: 14.0919   Cr: 16.4847 )
00000340: 15.2707   (Y': 15.3522   Cb: 14.122    Cr: 16.3965 )
00000341: 15.2563   (Y': 15.3413   Cb: 14.1046   Cr: 16.3696 )
00000342: 15.2518   (Y': 15.3384   Cb: 14.0678   Cr: 16.4123 )
00000343: 15.2295   (Y': 15.2929   Cb: 14.0788   Cr: 16.4521 )
00000344: 15.2881   (Y': 15.355    Cb: 14.1377   Cr: 16.492  )
00000346: 15.3339   (Y': 15.4175   Cb: 14.1482   Cr: 16.512  )
00000345: 15.29     (Y': 15.3938   Cb: 14.1091   Cr: 16.358  )
00000347: 15.344    (Y': 15.4627   Cb: 14.1237   Cr: 16.4044 )
00000348: 15.3195   (Y': 15.4219   Cb: 14.112    Cr: 16.4394 )
00000349: 15.3271   (Y': 15.4305   Cb: 14.0987   Cr: 16.4783 )
00000350: 15.2575   (Y': 15.3422   Cb: 14.1335   Cr: 16.3263 )
00000351: 15.2432   (Y': 15.3178   Cb: 14.1078   Cr: 16.3816 )
00000352: 15.255    (Y': 15.3264   Cb: 14.1229   Cr: 16.4044 )
00000353: 15.2428   (Y': 15.315    Cb: 14.1307   Cr: 16.3543 )
00000354: 15.27     (Y': 15.3491   Cb: 14.0964   Cr: 16.4507 )
00000355: 15.2259   (Y': 15.3213   Cb: 14.0584   Cr: 16.3133 )
00000356: 15.2316   (Y': 15.3128   Cb: 14.0871   Cr: 16.3527 )
00000357: 15.2149   (Y': 15.3109   Cb: 14.0272   Cr: 16.3337 )
00000358: 15.2524   (Y': 15.3344   Cb: 14.0723   Cr: 16.4294 )
00000359: 15.2344   (Y': 15.3128   Cb: 14.1038   Cr: 16.3458 )
00000360: 15.2375   (Y': 15.3145   Cb: 14.0898   Cr: 16.3851 )
00000361: 15.2642   (Y': 15.3235   Cb: 14.1357   Cr: 16.4707 )
00000362: 15.2444   (Y': 15.3322   Cb: 14.055    Cr: 16.4076 )
00000363: 15.2274   (Y': 15.2899   Cb: 14.0949   Cr: 16.4242 )
00000364: 15.2457   (Y': 15.3481   Cb: 14.023    Cr: 16.3918 )
00000365: 15.2333   (Y': 15.3001   Cb: 14.0962   Cr: 16.4152 )
00000366: 15.2085   (Y': 15.2625   Cb: 14.1279   Cr: 16.3609 )
00000367: 15.2196   (Y': 15.2945   Cb: 14.0719   Cr: 16.3779 )
00000368: 15.2297   (Y': 15.3163   Cb: 14.0683   Cr: 16.3515 )
00000369: 15.246    (Y': 15.3202   Cb: 14.0987   Cr: 16.4074 )
00000370: 15.2325   (Y': 15.3201   Cb: 14.071    Cr: 16.349  )
00000371: 15.3016   (Y': 15.4279   Cb: 14.0647   Cr: 16.3519 )
00000372: 15.2877   (Y': 15.378    Cb: 14.1388   Cr: 16.3701 )
00000373: 15.3115   (Y': 15.4162   Cb: 14.0974   Cr: 16.4312 )
00000374: 15.3055   (Y': 15.4145   Cb: 14.0383   Cr: 16.4951 )
00000375: 15.2931   (Y': 15.3926   Cb: 14.0925   Cr: 16.4155 )
00000376: 15.3079   (Y': 15.414    Cb: 14.1239   Cr: 16.3699 )
00000377: 15.2873   (Y': 15.4033   Cb: 14.0555   Cr: 16.3808 )
00000378: 15.3111   (Y': 15.4199   Cb: 14.072    Cr: 16.4532 )
00000380: 15.2794   (Y': 15.3989   Cb: 14.0335   Cr: 16.3788 )
00000379: 15.3021   (Y': 15.4248   Cb: 14.0031   Cr: 16.4782 )
00000381: 15.2886   (Y': 15.4231   Cb: 14.0419   Cr: 16.315  )
00000382: 15.3116   (Y': 15.4024   Cb: 14.1377   Cr: 16.4326 )
00000383: 15.3328   (Y': 15.4497   Cb: 14.1106   Cr: 16.4053 )
00000384: 15.3092   (Y': 15.4261   Cb: 14.099    Cr: 16.3613 )
00000386: 15.3204   (Y': 15.4558   Cb: 14.1046   Cr: 16.2913 )
00000385: 15.3285   (Y': 15.465    Cb: 14.0602   Cr: 16.3824 )
00000388: 15.3128   (Y': 15.453    Cb: 14.0899   Cr: 16.2719 )
00000387: 15.3071   (Y': 15.4354   Cb: 14.0231   Cr: 16.428  )
00000389: 15.3256   (Y': 15.4616   Cb: 14.0579   Cr: 16.3808 )
00000390: 15.3414   (Y': 15.4745   Cb: 14.0517   Cr: 16.4484 )
00000391: 15.3005   (Y': 15.4179   Cb: 14.0657   Cr: 16.3919 )
00000392: 15.2967   (Y': 15.4465   Cb: 14.0503   Cr: 16.2489 )
00000393: 15.3264   (Y': 15.4534   Cb: 14.0563   Cr: 16.4306 )
00000394: 15.3068   (Y': 15.4429   Cb: 14.0334   Cr: 16.3709 )
00000395: 15.2763   (Y': 15.4001   Cb: 14.0043   Cr: 16.3993 )
00000396: 15.3241   (Y': 15.4313   Cb: 14.0959   Cr: 16.4552 )
00000397: 15.2925   (Y': 15.4009   Cb: 14.1004   Cr: 16.3564 )
00000398: 15.2954   (Y': 15.3997   Cb: 14.0917   Cr: 16.399  )
00000399: 15.2894   (Y': 15.3944   Cb: 14.0681   Cr: 16.4204 )
00000400: 15.3106   (Y': 15.4223   Cb: 14.1076   Cr: 16.3767 )
00000401: 15.286    (Y': 15.4192   Cb: 14.0324   Cr: 16.3304 )
00000402: 15.349    (Y': 15.4692   Cb: 14.1154   Cr: 16.4245 )
00000403: 15.3469   (Y': 15.47     Cb: 14.1298   Cr: 16.3801 )
00000404: 15.2985   (Y': 15.4104   Cb: 14.1085   Cr: 16.3416 )
00000405: 15.3125   (Y': 15.4167   Cb: 14.1272   Cr: 16.3857 )
00000406: 15.3776   (Y': 15.5135   Cb: 14.1417   Cr: 16.379  )
00000407: 15.3252   (Y': 15.4169   Cb: 14.1278   Cr: 16.4818 )
00000408: 15.2941   (Y': 15.3781   Cb: 14.1144   Cr: 16.4602 )
00000409: 15.3237   (Y': 15.4285   Cb: 14.1242   Cr: 16.4177 )
00000411: 15.3335   (Y': 15.412    Cb: 14.2124   Cr: 16.4287 )
00000410: 15.3658   (Y': 15.4859   Cb: 14.1281   Cr: 16.4482 )
00000412: 15.3158   (Y': 15.3929   Cb: 14.1225   Cr: 16.5409 )
00000413: 15.2751   (Y': 15.391    Cb: 14.0953   Cr: 16.2811 )
00000415: 15.2752   (Y': 15.3501   Cb: 14.1373   Cr: 16.4166 )
00000414: 15.2665   (Y': 15.3596   Cb: 14.0639   Cr: 16.4251 )
00000416: 15.2471   (Y': 15.3515   Cb: 14.0484   Cr: 16.3419 )
00000417: 15.2581   (Y': 15.3689   Cb: 14.072    Cr: 16.2997 )
00000419: 15.2739   (Y': 15.371    Cb: 14.0476   Cr: 16.4539 )
00000418: 15.3055   (Y': 15.4002   Cb: 14.0698   Cr: 16.5134 )
00000421: 15.24     (Y': 15.3151   Cb: 14.0872   Cr: 16.4058 )
00000420: 15.2909   (Y': 15.3834   Cb: 14.0875   Cr: 16.454  )
00000422: 15.2779   (Y': 15.3689   Cb: 14.0932   Cr: 16.4169 )
00000423: 15.2972   (Y': 15.3785   Cb: 14.0906   Cr: 16.524  )
00000424: 15.2772   (Y': 15.3635   Cb: 14.0901   Cr: 16.4443 )
00000425: 15.3009   (Y': 15.3853   Cb: 14.1249   Cr: 16.4592 )
00000426: 15.2964   (Y': 15.3526   Cb: 14.194    Cr: 16.4742 )
00000427: 15.2846   (Y': 15.386    Cb: 14.1216   Cr: 16.3347 )
00000428: 15.2603   (Y': 15.328    Cb: 14.1207   Cr: 16.4416 )
00000429: 15.2899   (Y': 15.3639   Cb: 14.1534   Cr: 16.4335 )
00000430: 15.2595   (Y': 15.3535   Cb: 14.1035   Cr: 16.3348 )
00000431: 15.2504   (Y': 15.3402   Cb: 14.0915   Cr: 16.3518 )
00000432: 15.2861   (Y': 15.3647   Cb: 14.1565   Cr: 16.3953 )
00000433: 15.278    (Y': 15.3661   Cb: 14.1118   Cr: 16.3999 )
00000435: 15.2923   (Y': 15.3691   Cb: 14.1241   Cr: 16.4764 )
00000437: 15.2812   (Y': 15.3909   Cb: 14.0527   Cr: 16.4005 )
00000436: 15.2924   (Y': 15.3989   Cb: 14.1016   Cr: 16.3634 )
00000434: 15.3379   (Y': 15.4401   Cb: 14.1166   Cr: 16.4823 )
00000438: 15.3159   (Y': 15.4323   Cb: 14.0954   Cr: 16.3873 )
00000439: 15.3308   (Y': 15.4249   Cb: 14.1383   Cr: 16.4671 )
00000440: 15.3115   (Y': 15.4235   Cb: 14.1058   Cr: 16.3801 )
00000441: 15.3212   (Y': 15.4193   Cb: 14.1149   Cr: 16.4608 )
00000442: 15.319    (Y': 15.4048   Cb: 14.142    Cr: 16.4711 )
00000443: 15.3003   (Y': 15.4125   Cb: 14.1315   Cr: 16.3066 )
00000444: 15.2782   (Y': 15.3383   Cb: 14.1698   Cr: 16.4458 )
00000445: 15.2802   (Y': 15.3829   Cb: 14.0809   Cr: 16.3849 )
00000446: 15.257    (Y': 15.3393   Cb: 14.0985   Cr: 16.3952 )
00000447: 15.2595   (Y': 15.3536   Cb: 14.0772   Cr: 16.3787 )
00000448: 15.2685   (Y': 15.3769   Cb: 14.0897   Cr: 16.3101 )
00000449: 15.2715   (Y': 15.3281   Cb: 14.1735   Cr: 16.4399 )
00000450: 15.2874   (Y': 15.356    Cb: 14.1237   Cr: 16.5054 )
00000452: 15.2908   (Y': 15.3668   Cb: 14.1232   Cr: 16.4774 )
00000451: 15.286    (Y': 15.3929   Cb: 14.0669   Cr: 16.4029 )
00000453: 15.295    (Y': 15.3781   Cb: 14.0971   Cr: 16.4972 )
00000455: 15.2728   (Y': 15.3579   Cb: 14.1166   Cr: 16.3935 )
00000454: 15.2836   (Y': 15.3736   Cb: 14.1206   Cr: 16.3908 )
00000456: 15.2929   (Y': 15.3845   Cb: 14.0938   Cr: 16.4539 )
00000457: 15.2893   (Y': 15.4024   Cb: 14.0467   Cr: 16.4152 )
00000458: 15.2935   (Y': 15.3802   Cb: 14.0825   Cr: 16.4996 )
00000460: 15.2571   (Y': 15.3736   Cb: 14.0325   Cr: 16.3349 )
00000459: 15.2919   (Y': 15.3959   Cb: 14.0939   Cr: 16.3875 )
00000461: 15.2759   (Y': 15.3767   Cb: 14.0865   Cr: 16.3737 )
00000463: 15.3682   (Y': 15.4806   Cb: 14.1944   Cr: 16.3819 )
00000462: 15.3209   (Y': 15.4098   Cb: 14.1419   Cr: 16.4612 )
00000464: 15.3005   (Y': 15.4124   Cb: 14.0709   Cr: 16.4099 )
00000465: 15.2794   (Y': 15.3766   Cb: 14.1332   Cr: 16.3226 )
00000466: 15.2981   (Y': 15.4087   Cb: 14.0785   Cr: 16.3977 )
00000467: 15.2974   (Y': 15.3969   Cb: 14.1056   Cr: 16.4057 )
00000468: 15.3081   (Y': 15.3949   Cb: 14.1807   Cr: 16.3722 )
00000469: 15.3016   (Y': 15.4038   Cb: 14.1273   Cr: 16.3666 )
00000471: 15.263    (Y': 15.3488   Cb: 14.0871   Cr: 16.4132 )
00000470: 15.2982   (Y': 15.4026   Cb: 14.1199   Cr: 16.3586 )
00000472: 15.283    (Y': 15.4025   Cb: 14.0918   Cr: 16.2899 )
00000473: 15.302    (Y': 15.3939   Cb: 14.1084   Cr: 16.4509 )
00000474: 15.268    (Y': 15.3658   Cb: 14.0437   Cr: 16.4406 )
00000476: 15.2835   (Y': 15.3875   Cb: 14.0555   Cr: 16.4309 )
00000475: 15.2799   (Y': 15.3584   Cb: 14.1143   Cr: 16.4501 )
00000477: 15.2668   (Y': 15.3755   Cb: 14.0336   Cr: 16.3991 )
00000479: 15.3337   (Y': 15.4576   Cb: 14.0869   Cr: 16.4133 )
00000478: 15.3143   (Y': 15.4257   Cb: 14.1063   Cr: 16.3895 )
00000480: 15.2562   (Y': 15.3624   Cb: 14.0431   Cr: 16.3662 )
00000481: 15.2899   (Y': 15.3677   Cb: 14.1093   Cr: 16.4898 )
00000482: 15.2999   (Y': 15.4085   Cb: 14.0811   Cr: 16.408  )
00000484: 15.313    (Y': 15.4119   Cb: 14.1188   Cr: 16.4283 )
00000483: 15.3276   (Y': 15.426    Cb: 14.1      Cr: 16.5031 )
00000485: 15.2873   (Y': 15.3889   Cb: 14.0959   Cr: 16.3841 )
00000487: 15.3088   (Y': 15.4113   Cb: 14.062    Cr: 16.4965 )
00000486: 15.3448   (Y': 15.4512   Cb: 14.139    Cr: 16.4418 )
00000488: 15.2841   (Y': 15.3981   Cb: 14.0605   Cr: 16.3731 )
00000489: 15.3655   (Y': 15.4598   Cb: 14.1837   Cr: 16.4822 )
00000490: 15.2955   (Y': 15.4116   Cb: 14.0784   Cr: 16.3635 )
00000491: 15.3216   (Y': 15.4133   Cb: 14.1184   Cr: 16.4889 )
00000493: 15.3413   (Y': 15.4477   Cb: 14.088    Cr: 16.5202 )
00000492: 15.3246   (Y': 15.4086   Cb: 14.1568   Cr: 16.4709 )
00000494: 15.3186   (Y': 15.4092   Cb: 14.1174   Cr: 16.4875 )
00000495: 15.2796   (Y': 15.3776   Cb: 14.0853   Cr: 16.3994 )
00000496: 15.3565   (Y': 15.4938   Cb: 14.0526   Cr: 16.4673 )
00000497: 15.331    (Y': 15.4329   Cb: 14.1236   Cr: 16.4535 )
00000498: 15.3179   (Y': 15.4293   Cb: 14.1045   Cr: 16.4029 )
00000499: 15.2692   (Y': 15.3765   Cb: 14.0756   Cr: 16.3412 )
00000500: 15.321    (Y': 15.4519   Cb: 14.0455   Cr: 16.4142 )
00000501: 15.3499   (Y': 15.4595   Cb: 14.1509   Cr: 16.4193 )
00000502: 15.2765   (Y': 15.3684   Cb: 14.0832   Cr: 16.4257 )
00000503: 15.3558   (Y': 15.4803   Cb: 14.0551   Cr: 16.5257 )
00000504: 15.3355   (Y': 15.4378   Cb: 14.1306   Cr: 16.4515 )
00000505: 15.296    (Y': 15.3796   Cb: 14.1338   Cr: 16.4338 )
00000506: 15.3074   (Y': 15.4059   Cb: 14.1202   Cr: 16.413  )
00000508: 15.2957   (Y': 15.3797   Cb: 14.1697   Cr: 16.3711 )
00000509: 15.2848   (Y': 15.3526   Cb: 14.1259   Cr: 16.4992 )
00000507: 15.3116   (Y': 15.4065   Cb: 14.0999   Cr: 16.4772 )
00000511: 15.3228   (Y': 15.4372   Cb: 14.0461   Cr: 16.502  )
00000510: 15.3005   (Y': 15.4367   Cb: 14.0329   Cr: 16.3547 )
00000512: 15.2899   (Y': 15.4058   Cb: 14.0025   Cr: 16.4801 )
00000513: 15.2946   (Y': 15.3996   Cb: 14.0983   Cr: 16.3826 )
00000514: 15.2962   (Y': 15.4145   Cb: 14.0841   Cr: 16.344  )
00000515: 15.2754   (Y': 15.3922   Cb: 14.0445   Cr: 16.363  )
00000516: 15.3171   (Y': 15.4111   Cb: 14.11     Cr: 16.4791 )
00000517: 15.245    (Y': 15.3567   Cb: 14.0556   Cr: 16.2881 )
00000518: 15.2806   (Y': 15.368    Cb: 14.0772   Cr: 16.4706 )
00000519: 15.2717   (Y': 15.3591   Cb: 14.0426   Cr: 16.5065 )
00000520: 15.267    (Y': 15.3766   Cb: 14.0265   Cr: 16.4078 )
00000521: 15.3105   (Y': 15.4248   Cb: 14.0971   Cr: 16.3807 )
00000522: 15.2842   (Y': 15.3665   Cb: 14.1175   Cr: 16.4372 )
00000523: 15.3234   (Y': 15.4158   Cb: 14.0945   Cr: 16.5312 )
00000524: 15.2402   (Y': 15.3318   Cb: 14.0575   Cr: 16.3725 )
00000525: 15.2698   (Y': 15.3708   Cb: 14.0722   Cr: 16.38   )
00000527: 15.2992   (Y': 15.4164   Cb: 14.0843   Cr: 16.3577 )
00000526: 15.2732   (Y': 15.3612   Cb: 14.0972   Cr: 16.4125 )
00000528: 15.2858   (Y': 15.3887   Cb: 14.0732   Cr: 16.4117 )
00000529: 15.2762   (Y': 15.3639   Cb: 14.086    Cr: 16.4414 )
00000530: 15.2733   (Y': 15.3727   Cb: 14.0863   Cr: 16.3734 )
00000531: 15.2826   (Y': 15.3721   Cb: 14.1032   Cr: 16.4199 )
00000532: 15.3017   (Y': 15.3649   Cb: 14.1489   Cr: 16.5295 )
00000533: 15.2817   (Y': 15.3842   Cb: 14.0756   Cr: 16.3988 )
00000534: 15.3047   (Y': 15.3786   Cb: 14.1093   Cr: 16.5504 )
00000535: 15.3168   (Y': 15.418    Cb: 14.0719   Cr: 16.5075 )
00000536: 15.3073   (Y': 15.4028   Cb: 14.0941   Cr: 16.4722 )
00000537: 15.3055   (Y': 15.4038   Cb: 14.0995   Cr: 16.4435 )
00000538: 15.2692   (Y': 15.387    Cb: 13.9972   Cr: 16.4221 )
00000539: 15.2428   (Y': 15.3348   Cb: 14.0964   Cr: 16.3115 )
00000540: 15.2817   (Y': 15.3874   Cb: 14.0494   Cr: 16.4277 )
00000541: 15.2962   (Y': 15.418    Cb: 14.0285   Cr: 16.4224 )
00000542: 15.2751   (Y': 15.369    Cb: 14.0866   Cr: 16.4052 )
00000543: 15.3063   (Y': 15.3784   Cb: 14.123    Cr: 16.5406 )
00000544: 15.2788   (Y': 15.3637   Cb: 14.0804   Cr: 16.4723 )
00000545: 15.2704   (Y': 15.3609   Cb: 14.0801   Cr: 16.4215 )
00000546: 15.2869   (Y': 15.3758   Cb: 14.0976   Cr: 16.444  )
00000547: 15.2612   (Y': 15.3696   Cb: 14.0866   Cr: 16.2953 )
00000548: 15.3049   (Y': 15.369    Cb: 14.1323   Cr: 16.562  )
00000549: 15.2959   (Y': 15.3783   Cb: 14.0916   Cr: 16.5127 )
00000550: 15.2699   (Y': 15.3497   Cb: 14.1215   Cr: 16.4043 )
00000551: 15.3161   (Y': 15.4116   Cb: 14.1329   Cr: 16.4298 )
00000552: 15.2766   (Y': 15.3657   Cb: 14.0845   Cr: 16.4381 )
00000553: 15.2828   (Y': 15.3766   Cb: 14.0878   Cr: 16.4251 )
00000554: 15.2978   (Y': 15.3687   Cb: 14.1197   Cr: 16.5289 )
00000555: 15.2818   (Y': 15.3717   Cb: 14.0698   Cr: 16.4734 )
00000556: 15.2985   (Y': 15.3773   Cb: 14.099    Cr: 16.5257 )
00000557: 15.2844   (Y': 15.3618   Cb: 14.104    Cr: 16.4859 )
00000559: 15.3204   (Y': 15.4238   Cb: 14.0763   Cr: 16.4984 )
00000558: 15.3044   (Y': 15.4067   Cb: 14.0646   Cr: 16.4804 )
00000560: 15.2821   (Y': 15.3557   Cb: 14.1456   Cr: 16.428  )
00000561: 15.2859   (Y': 15.351    Cb: 14.1525   Cr: 16.4703 )
00000562: 15.2758   (Y': 15.3553   Cb: 14.1151   Cr: 16.4324 )
00000563: 15.2916   (Y': 15.3656   Cb: 14.1923   Cr: 16.3732 )
00000564: 15.2949   (Y': 15.368    Cb: 14.1264   Cr: 16.498  )
00000565: 15.2866   (Y': 15.3692   Cb: 14.0986   Cr: 16.4744 )
00000566: 15.2913   (Y': 15.3769   Cb: 14.0845   Cr: 16.4963 )
00000567: 15.2742   (Y': 15.3734   Cb: 14.0794   Cr: 16.3884 )
00000568: 15.2725   (Y': 15.3446   Cb: 14.0946   Cr: 16.4968 )
00000569: 15.2972   (Y': 15.3703   Cb: 14.1399   Cr: 16.481  )
00000570: 15.2827   (Y': 15.3603   Cb: 14.0785   Cr: 16.5246 )
00000571: 15.2743   (Y': 15.3628   Cb: 14.076    Cr: 16.4491 )
00000572: 15.3143   (Y': 15.4055   Cb: 14.0856   Cr: 16.528  )
00000573: 15.3193   (Y': 15.4427   Cb: 14.0803   Cr: 16.3878 )
00000574: 15.2916   (Y': 15.4198   Cb: 14.022    Cr: 16.3885 )
00000575: 15.3142   (Y': 15.4207   Cb: 14.1078   Cr: 16.4119 )
00000576: 15.3075   (Y': 15.3832   Cb: 14.1614   Cr: 16.4587 )
00000577: 15.2772   (Y': 15.3664   Cb: 14.0831   Cr: 16.4411 )
00000578: 15.2637   (Y': 15.3648   Cb: 14.0662   Cr: 16.3732 )
00000579: 15.3      (Y': 15.4244   Cb: 14.0527   Cr: 16.3773 )
00000580: 15.2888   (Y': 15.4016   Cb: 14.0702   Cr: 16.3757 )
00000581: 15.278    (Y': 15.3571   Cb: 14.1615   Cr: 16.3625 )
00000582: 15.3024   (Y': 15.402    Cb: 14.1351   Cr: 16.3681 )
00000583: 15.3082   (Y': 15.4054   Cb: 14.1044   Cr: 16.448  )
00000584: 15.298    (Y': 15.3733   Cb: 14.1275   Cr: 16.4932 )
00000585: 15.2872   (Y': 15.4      Cb: 14.0485   Cr: 16.4079 )
00000586: 15.3179   (Y': 15.4252   Cb: 14.0757   Cr: 16.4722 )
00000587: 15.2855   (Y': 15.3687   Cb: 14.1213   Cr: 16.4293 )
00000588: 15.3169   (Y': 15.3913   Cb: 14.1459   Cr: 16.5176 )
00000589: 15.3312   (Y': 15.4164   Cb: 14.1679   Cr: 16.4629 )
00000590: 15.2905   (Y': 15.4018   Cb: 14.0756   Cr: 16.3785 )
00000591: 15.3094   (Y': 15.4168   Cb: 14.1158   Cr: 16.3809 )
00000592: 15.3005   (Y': 15.3703   Cb: 14.2083   Cr: 16.3916 )
00000593: 15.278    (Y': 15.3614   Cb: 14.098    Cr: 16.4476 )
00000594: 15.312    (Y': 15.3876   Cb: 14.1671   Cr: 16.4616 )
00000595: 15.2932   (Y': 15.3793   Cb: 14.1413   Cr: 16.4015 )
00000596: 15.2884   (Y': 15.3643   Cb: 14.1408   Cr: 16.4414 )
00000597: 15.2721   (Y': 15.3478   Cb: 14.1621   Cr: 16.3633 )
00000598: 15.271    (Y': 15.3424   Cb: 14.1383   Cr: 16.4218 )
00000599: 15.2823   (Y': 15.3612   Cb: 14.0972   Cr: 16.4838 )
00000600: 15.2842   (Y': 15.3486   Cb: 14.115    Cr: 16.5338 )
00000601: 15.3433   (Y': 15.4542   Cb: 14.1262   Cr: 16.4371 )
00000602: 15.2861   (Y': 15.3997   Cb: 14.0592   Cr: 16.3826 )
00000603: 15.3197   (Y': 15.4199   Cb: 14.1372   Cr: 16.4084 )
00000604: 15.3404   (Y': 15.4197   Cb: 14.1401   Cr: 16.5664 )
00000605: 15.2697   (Y': 15.37     Cb: 14.0914   Cr: 16.3514 )
00000606: 15.2849   (Y': 15.3451   Cb: 14.1936   Cr: 16.4238 )
00000607: 15.2381   (Y': 15.3064   Cb: 14.1231   Cr: 16.3748 )
00000608: 15.2908   (Y': 15.3614   Cb: 14.1419   Cr: 16.4736 )
00000609: 15.2847   (Y': 15.3416   Cb: 14.1242   Cr: 16.559  )
00000610: 15.3118   (Y': 15.4217   Cb: 14.0513   Cr: 16.4852 )
00000611: 15.2773   (Y': 15.3196   Cb: 14.1588   Cr: 16.5561 )
00000612: 15.2814   (Y': 15.3639   Cb: 14.1456   Cr: 16.3808 )
00000613: 15.2963   (Y': 15.3779   Cb: 14.1043   Cr: 16.496  )
00000614: 15.3051   (Y': 15.3861   Cb: 14.1511   Cr: 16.4425 )
00000615: 15.2968   (Y': 15.3801   Cb: 14.1161   Cr: 16.4683 )
00000616: 15.281    (Y': 15.3611   Cb: 14.1261   Cr: 16.4253 )
00000617: 15.2735   (Y': 15.3593   Cb: 14.117    Cr: 16.391  )
00000618: 15.2952   (Y': 15.3654   Cb: 14.1638   Cr: 16.4502 )
00000619: 15.2952   (Y': 15.3873   Cb: 14.1123   Cr: 16.4255 )
00000620: 15.2834   (Y': 15.3611   Cb: 14.0933   Cr: 16.4997 )
00000621: 15.3422   (Y': 15.4465   Cb: 14.1841   Cr: 16.3699 )
00000622: 15.3753   (Y': 15.4752   Cb: 14.1565   Cr: 16.5275 )
00000623: 15.3903   (Y': 15.5174   Cb: 14.1479   Cr: 16.4462 )
00000624: 15.3763   (Y': 15.5182   Cb: 14.0704   Cr: 16.4679 )
00000625: 15.4136   (Y': 15.5481   Cb: 14.1355   Cr: 16.4934 )
00000626: 15.4478   (Y': 15.5995   Cb: 14.1865   Cr: 16.4152 )
00000627: 15.419    (Y': 15.5762   Cb: 14.1219   Cr: 16.4197 )
00000628: 15.4367   (Y': 15.586    Cb: 14.1591   Cr: 16.443  )
00000629: 15.4211   (Y': 15.5581   Cb: 14.1878   Cr: 16.4135 )
00000630: 15.4866   (Y': 15.6607   Cb: 14.1549   Cr: 16.4649 )
00000631: 15.394    (Y': 15.5428   Cb: 14.0982   Cr: 16.4334 )
00000632: 15.3937   (Y': 15.5388   Cb: 14.1649   Cr: 16.339  )
00000633: 15.4446   (Y': 15.5641   Cb: 14.2188   Cr: 16.5104 )
00000634: 15.7822   (Y': 16.0488   Cb: 14.2756   Cr: 16.6253 )
00000635: 15.726    (Y': 15.9791   Cb: 14.2164   Cr: 16.6365 )
00000636: 15.7142   (Y': 15.9442   Cb: 14.278    Cr: 16.6061 )
00000637: 15.4473   (Y': 15.5314   Cb: 14.2201   Cr: 16.6961 )
00000639: 15.287    (Y': 15.3706   Cb: 14.1097   Cr: 16.4508 )
00000638: 15.4743   (Y': 15.5858   Cb: 14.2292   Cr: 16.6131 )
00000640: 15.4758   (Y': 15.6148   Cb: 14.169    Cr: 16.5833 )
00000641: 15.3986   (Y': 15.5006   Cb: 14.1761   Cr: 16.5461 )
00000642: 15.3416   (Y': 15.4216   Cb: 14.1839   Cr: 16.491  )
00000643: 15.3624   (Y': 15.4265   Cb: 14.2073   Cr: 16.589  )
00000644: 15.2965   (Y': 15.3588   Cb: 14.1654   Cr: 16.4915 )
00000645: 15.4535   (Y': 15.5525   Cb: 14.2103   Cr: 16.653  )
00000647: 15.2577   (Y': 15.3225   Cb: 14.1305   Cr: 16.4328 )
00000646: 15.341    (Y': 15.4175   Cb: 14.1349   Cr: 16.5924 )
00000648: 15.2614   (Y': 15.3235   Cb: 14.1308   Cr: 16.4564 )
00000649: 15.3295   (Y': 15.3955   Cb: 14.1687   Cr: 16.5563 )
00000650: 15.2731   (Y': 15.3238   Cb: 14.116    Cr: 16.5743 )
00000651: 15.2757   (Y': 15.3363   Cb: 14.14     Cr: 16.4879 )
00000652: 15.3368   (Y': 15.3926   Cb: 14.186    Cr: 16.5995 )
00000653: 15.4127   (Y': 15.5188   Cb: 14.1731   Cr: 16.5696 )
00000654: 15.3907   (Y': 15.4857   Cb: 14.1822   Cr: 16.5498 )
00000655: 15.4183   (Y': 15.5061   Cb: 14.2329   Cr: 16.5746 )
00000656: 15.3874   (Y': 15.4776   Cb: 14.1861   Cr: 16.5585 )
00000657: 15.3771   (Y': 15.4748   Cb: 14.1692   Cr: 16.5218 )
00000658: 15.3442   (Y': 15.4423   Cb: 14.1561   Cr: 16.4533 )
00000659: 15.2988   (Y': 15.355    Cb: 14.1656   Cr: 16.529  )
00000660: 15.3393   (Y': 15.4208   Cb: 14.1835   Cr: 16.4774 )
00000661: 15.3048   (Y': 15.4093   Cb: 14.1179   Cr: 16.3792 )
00000663: 15.3254   (Y': 15.4113   Cb: 14.1387   Cr: 16.4937 )
00000662: 15.3141   (Y': 15.4016   Cb: 14.1048   Cr: 16.5134 )
00000664: 15.2395   (Y': 15.3163   Cb: 14.0825   Cr: 16.4042 )
00000665: 15.2352   (Y': 15.3177   Cb: 14.1264   Cr: 16.2894 )
00000666: 15.2578   (Y': 15.3216   Cb: 14.1273   Cr: 16.4439 )
00000667: 15.2904   (Y': 15.3909   Cb: 14.0847   Cr: 16.4169 )
00000668: 15.2473   (Y': 15.3161   Cb: 14.109    Cr: 16.4208 )
00000669: 15.2892   (Y': 15.3287   Cb: 14.1525   Cr: 16.6143 )
00000671: 15.3131   (Y': 15.379    Cb: 14.1585   Cr: 16.5294 )
00000670: 15.257    (Y': 15.3107   Cb: 14.1504   Cr: 16.455  )
00000672: 15.259    (Y': 15.323    Cb: 14.1146   Cr: 16.4677 )
00000673: 15.2448   (Y': 15.3289   Cb: 14.0823   Cr: 16.3807 )
00000674: 15.2221   (Y': 15.2768   Cb: 14.1047   Cr: 16.4332 )
00000675: 15.2432   (Y': 15.286    Cb: 14.1453   Cr: 16.483  )
00000676: 15.2592   (Y': 15.318    Cb: 14.1218   Cr: 16.4836 )
00000677: 15.3289   (Y': 15.4162   Cb: 14.1348   Cr: 16.5027 )
00000678: 15.3173   (Y': 15.4383   Cb: 14.1179   Cr: 16.3307 )
00000679: 15.3401   (Y': 15.4524   Cb: 14.1301   Cr: 16.4148 )
00000680: 15.341    (Y': 15.4256   Cb: 14.1806   Cr: 16.4715 )
00000681: 15.3262   (Y': 15.4134   Cb: 14.1722   Cr: 16.4326 )
00000682: 15.3072   (Y': 15.3986   Cb: 14.127    Cr: 16.4366 )
00000683: 15.3811   (Y': 15.4956   Cb: 14.1244   Cr: 16.5243 )
00000684: 15.3622   (Y': 15.5052   Cb: 14.0972   Cr: 16.3784 )
00000685: 15.4105   (Y': 15.5592   Cb: 14.0728   Cr: 16.5239 )
00000686: 15.3759   (Y': 15.4864   Cb: 14.1288   Cr: 16.5228 )
00000687: 15.4553   (Y': 15.6187   Cb: 14.1292   Cr: 16.4757 )
00000688: 15.5441   (Y': 15.7566   Cb: 14.1731   Cr: 16.4066 )
00000689: 15.6169   (Y': 15.8233   Cb: 14.2084   Cr: 16.5723 )
00000690: 15.5424   (Y': 15.701    Cb: 14.2193   Cr: 16.5806 )
00000691: 15.5331   (Y': 15.6932   Cb: 14.2391   Cr: 16.5143 )
00000692: 15.4249   (Y': 15.5908   Cb: 14.1337   Cr: 16.374  )
00000693: 15.3908   (Y': 15.5011   Cb: 14.1729   Cr: 16.489  )
00000694: 15.4043   (Y': 15.5177   Cb: 14.1915   Cr: 16.4778 )
00000695: 15.4242   (Y': 15.5538   Cb: 14.1736   Cr: 16.4814 )
00000696: 15.3453   (Y': 15.4386   Cb: 14.1819   Cr: 16.437  )
00000697: 15.3754   (Y': 15.4743   Cb: 14.2124   Cr: 16.4379 )
00000698: 15.3764   (Y': 15.5088   Cb: 14.1238   Cr: 16.4234 )
00000699: 15.3077   (Y': 15.401    Cb: 14.1161   Cr: 16.4473 )
00000700: 15.3858   (Y': 15.4848   Cb: 14.2052   Cr: 16.4775 )
00000701: 15.3282   (Y': 15.4424   Cb: 14.1019   Cr: 16.4208 )
00000702: 15.374    (Y': 15.4709   Cb: 14.183    Cr: 16.4932 )
00000703: 15.348    (Y': 15.4277   Cb: 14.1849   Cr: 16.508  )
00000704: 15.4452   (Y': 15.5871   Cb: 14.2114   Cr: 16.4143 )
00000705: 15.4214   (Y': 15.5479   Cb: 14.1861   Cr: 16.4686 )
00000706: 15.7125   (Y': 15.977    Cb: 14.2591   Cr: 16.4754 )
00000707: 15.4831   (Y': 15.6125   Cb: 14.2381   Cr: 16.5318 )
00000708: 15.5271   (Y': 15.7054   Cb: 14.1964   Cr: 16.4829 )
00000709: 15.3248   (Y': 15.4686   Cb: 14.0226   Cr: 16.4008 )
00000710: 15.554    (Y': 15.7593   Cb: 14.1825   Cr: 16.4513 )
00000711: 15.5509   (Y': 15.7244   Cb: 14.1841   Cr: 16.5928 )
00000712: 15.5272   (Y': 15.7124   Cb: 14.1848   Cr: 16.4704 )
00000713: 15.3527   (Y': 15.4935   Cb: 14.1334   Cr: 16.3032 )
00000714: 15.3956   (Y': 15.552    Cb: 14.0997   Cr: 16.3987 )
00000715: 15.3533   (Y': 15.4655   Cb: 14.1551   Cr: 16.4083 )
00000716: 15.5579   (Y': 15.7673   Cb: 14.177    Cr: 16.4522 )
00000717: 15.3455   (Y': 15.5006   Cb: 14.0394   Cr: 16.3719 )
00000718: 15.4155   (Y': 15.5187   Cb: 14.2102   Cr: 16.5281 )
00000719: 15.3784   (Y': 15.4944   Cb: 14.1543   Cr: 16.4579 )
00000720: 15.4782   (Y': 15.6353   Cb: 14.2248   Cr: 16.4067 )
00000721: 15.3135   (Y': 15.4254   Cb: 14.1509   Cr: 16.3112 )
00000722: 15.372    (Y': 15.5253   Cb: 14.1327   Cr: 16.2954 )
00000723: 15.3405   (Y': 15.4536   Cb: 14.1342   Cr: 16.4046 )
00000724: 15.351    (Y': 15.4596   Cb: 14.1342   Cr: 16.4556 )
00000725: 15.3455   (Y': 15.4659   Cb: 14.135    Cr: 16.3809 )
00000726: 15.3763   (Y': 15.4803   Cb: 14.1518   Cr: 16.5173 )
00000728: 15.422    (Y': 15.5473   Cb: 14.1258   Cr: 16.5799 )
00000727: 15.4519   (Y': 15.5926   Cb: 14.1972   Cr: 16.4615 )
00000729: 15.3545   (Y': 15.4739   Cb: 14.1301   Cr: 16.4178 )
00000730: 15.4132   (Y': 15.5154   Cb: 14.1761   Cr: 16.5854 )
00000731: 15.34     (Y': 15.46     Cb: 14.1164   Cr: 16.3989 )
00000732: 15.3223   (Y': 15.4443   Cb: 14.1071   Cr: 16.3572 )
00000733: 15.2838   (Y': 15.3657   Cb: 14.1268   Cr: 16.4218 )
00000734: 15.3215   (Y': 15.425    Cb: 14.0459   Cr: 16.5547 )
00000735: 15.2705   (Y': 15.3566   Cb: 14.1014   Cr: 16.4081 )
00000736: 15.2963   (Y': 15.3927   Cb: 14.1099   Cr: 16.4107 )
00000737: 15.2993   (Y': 15.4017   Cb: 14.0975   Cr: 16.4094 )
00000738: 15.2683   (Y': 15.3562   Cb: 14.0976   Cr: 16.3996 )
00000739: 15.3324   (Y': 15.4462   Cb: 14.0655   Cr: 16.4972 )
00000740: 15.3058   (Y': 15.3875   Cb: 14.109    Cr: 16.5131 )
00000741: 15.3968   (Y': 15.5226   Cb: 14.1445   Cr: 16.4762 )
00000742: 15.3342   (Y': 15.4311   Cb: 14.0595   Cr: 16.6005 )
00000743: 15.3682   (Y': 15.4994   Cb: 14.0738   Cr: 16.4931 )
00000744: 15.2968   (Y': 15.3746   Cb: 14.1491   Cr: 16.4403 )
00000745: 15.3345   (Y': 15.4402   Cb: 14.1051   Cr: 16.4759 )
00000746: 15.375    (Y': 15.499    Cb: 14.0956   Cr: 16.5099 )
00000747: 15.3535   (Y': 15.4643   Cb: 14.1069   Cr: 16.4978 )
00000748: 15.3892   (Y': 15.5031   Cb: 14.1441   Cr: 16.5161 )
00000749: 15.3088   (Y': 15.403    Cb: 14.1131   Cr: 16.4502 )
00000750: 15.354    (Y': 15.4966   Cb: 14.0681   Cr: 16.4075 )
00000751: 15.3304   (Y': 15.4365   Cb: 14.1117   Cr: 16.4507 )
00000752: 15.3669   (Y': 15.4936   Cb: 14.1164   Cr: 16.4387 )
00000753: 15.3478   (Y': 15.4311   Cb: 14.1438   Cr: 16.56   )
00000754: 15.3365   (Y': 15.4545   Cb: 14.0817   Cr: 16.4588 )
00000755: 15.3469   (Y': 15.4376   Cb: 14.1179   Cr: 16.564  )
00000756: 15.3121   (Y': 15.4108   Cb: 14.1209   Cr: 16.4228 )
00000757: 15.3106   (Y': 15.4158   Cb: 14.0747   Cr: 16.4648 )
00000758: 15.3214   (Y': 15.3925   Cb: 14.1834   Cr: 16.4825 )
00000760: 15.2938   (Y': 15.4122   Cb: 14.0255   Cr: 16.4379 )
00000759: 15.3011   (Y': 15.4139   Cb: 14.0719   Cr: 16.4059 )
00000761: 15.354    (Y': 15.4735   Cb: 14.0966   Cr: 16.474  )
00000762: 15.3489   (Y': 15.4756   Cb: 14.0508   Cr: 16.5032 )
00000763: 15.3137   (Y': 15.4561   Cb: 14.0361   Cr: 16.3538 )
00000764: 15.3596   (Y': 15.4786   Cb: 14.0644   Cr: 16.5481 )
00000765: 15.3814   (Y': 15.5223   Cb: 14.0745   Cr: 16.4797 )
00000766: 15.3573   (Y': 15.47     Cb: 14.1032   Cr: 16.5056 )
00000767: 15.3352   (Y': 15.4524   Cb: 14.0635   Cr: 16.4912 )
00000768: 15.3447   (Y': 15.4616   Cb: 14.0757   Cr: 16.4974 )
00000769: 15.333    (Y': 15.4401   Cb: 14.0974   Cr: 16.4777 )
00000770: 15.3424   (Y': 15.4515   Cb: 14.0743   Cr: 16.5333 )
00000771: 15.3222   (Y': 15.4153   Cb: 14.1352   Cr: 16.4541 )
00000772: 15.2797   (Y': 15.3965   Cb: 14.0062   Cr: 16.4408 )
00000773: 15.2967   (Y': 15.3897   Cb: 14.0884   Cr: 16.4662 )
00000774: 15.3107   (Y': 15.4307   Cb: 14.0362   Cr: 16.4574 )
00000775: 15.3558   (Y': 15.4587   Cb: 14.1484   Cr: 16.4731 )
00000776: 15.3031   (Y': 15.3927   Cb: 14.0986   Cr: 16.4829 )
00000777: 15.3028   (Y': 15.394    Cb: 14.078    Cr: 16.5099 )
00000778: 15.2723   (Y': 15.363    Cb: 14.0551   Cr: 16.469  )
00000779: 15.3032   (Y': 15.4021   Cb: 14.0956   Cr: 16.4411 )
00000780: 15.3047   (Y': 15.3948   Cb: 14.0765   Cr: 16.5235 )
00000782: 15.2972   (Y': 15.3755   Cb: 14.0886   Cr: 16.5436 )
00000781: 15.3119   (Y': 15.4095   Cb: 14.0755   Cr: 16.5061 )
00000783: 15.2713   (Y': 15.3585   Cb: 14.0974   Cr: 16.4113 )
00000784: 15.301    (Y': 15.4085   Cb: 14.083    Cr: 16.4133 )
00000785: 15.2784   (Y': 15.3677   Cb: 14.0897   Cr: 16.4327 )
00000786: 15.298    (Y': 15.3625   Cb: 14.1451   Cr: 16.5193 )
00000787: 15.2985   (Y': 15.3829   Cb: 14.075    Cr: 16.5392 )
00000788: 15.2885   (Y': 15.3595   Cb: 14.1094   Cr: 16.5212 )
00000790: 15.277    (Y': 15.3769   Cb: 14.1205   Cr: 16.3238 )
00000789: 15.2855   (Y': 15.3633   Cb: 14.1213   Cr: 16.4576 )
00000791: 15.2892   (Y': 15.3837   Cb: 14.1073   Cr: 16.4056 )
00000792: 15.2584   (Y': 15.3366   Cb: 14.1207   Cr: 16.383  )
00000793: 15.3043   (Y': 15.384    Cb: 14.114    Cr: 16.5111 )
00000794: 15.2933   (Y': 15.3649   Cb: 14.1473   Cr: 16.4656 )
00000795: 15.2765   (Y': 15.3518   Cb: 14.0479   Cr: 16.5741 )
00000796: 15.27     (Y': 15.3496   Cb: 14.1029   Cr: 16.4374 )
00000797: 15.2715   (Y': 15.3456   Cb: 14.0948   Cr: 16.4838 )
00000798: 15.2765   (Y': 15.3709   Cb: 14.0814   Cr: 16.4164 )
00000800: 15.2393   (Y': 15.3583   Cb: 14.0402   Cr: 16.2619 )
00000799: 15.2792   (Y': 15.3822   Cb: 14.0705   Cr: 16.3981 )
00000801: 15.2503   (Y': 15.3521   Cb: 14.0437   Cr: 16.3723 )
00000802: 15.3046   (Y': 15.398    Cb: 14.0923   Cr: 16.4787 )
00000803: 15.3236   (Y': 15.4475   Cb: 14.0464   Cr: 16.4553 )
00000804: 15.2706   (Y': 15.3799   Cb: 14.0424   Cr: 16.3908 )
00000805: 15.324    (Y': 15.446    Cb: 14.0647   Cr: 16.4344 )
00000806: 15.3026   (Y': 15.3818   Cb: 14.0868   Cr: 16.5564 )
00000807: 15.3027   (Y': 15.4049   Cb: 14.0911   Cr: 16.4307 )
00000808: 15.3285   (Y': 15.436    Cb: 14.1169   Cr: 16.4298 )
00000809: 15.3483   (Y': 15.4495   Cb: 14.1018   Cr: 16.5424 )
00000810: 15.257    (Y': 15.3279   Cb: 14.0913   Cr: 16.4672 )
00000811: 15.3023   (Y': 15.3963   Cb: 14.0643   Cr: 16.5177 )
00000812: 15.2749   (Y': 15.364    Cb: 14.0337   Cr: 16.5217 )
00000813: 15.3051   (Y': 15.4      Cb: 14.0768   Cr: 16.4992 )
00000814: 15.3234   (Y': 15.4031   Cb: 14.1422   Cr: 16.5144 )
00000815: 15.3078   (Y': 15.3822   Cb: 14.0822   Cr: 16.6045 )
00000816: 15.2579   (Y': 15.3344   Cb: 14.0597   Cr: 16.4944 )
00000817: 15.2996   (Y': 15.3684   Cb: 14.1157   Cr: 16.5518 )
00000818: 15.2843   (Y': 15.3737   Cb: 14.0636   Cr: 16.4933 )
00000819: 15.3001   (Y': 15.3924   Cb: 14.0694   Cr: 16.5119 )
00000820: 15.2798   (Y': 15.3525   Cb: 14.1193   Cr: 16.4706 )
00000821: 15.2997   (Y': 15.3721   Cb: 14.0949   Cr: 16.5697 )
00000822: 15.2902   (Y': 15.3676   Cb: 14.1262   Cr: 16.4633 )
00000823: 15.3268   (Y': 15.3964   Cb: 14.133    Cr: 16.5919 )
00000824: 15.3027   (Y': 15.371    Cb: 14.145    Cr: 16.5127 )
00000825: 15.3002   (Y': 15.3813   Cb: 14.1103   Cr: 16.4988 )
00000826: 15.3135   (Y': 15.398    Cb: 14.108    Cr: 16.5217 )
00000827: 15.2897   (Y': 15.3514   Cb: 14.1252   Cr: 16.5449 )
00000828: 15.2873   (Y': 15.3642   Cb: 14.1037   Cr: 16.4969 )
00000829: 15.3119   (Y': 15.4125   Cb: 14.0955   Cr: 16.4558 )
00000830: 15.3114   (Y': 15.3854   Cb: 14.145    Cr: 16.5062 )
00000832: 15.2796   (Y': 15.3855   Cb: 14.0243   Cr: 16.4644 )
00000831: 15.3173   (Y': 15.4132   Cb: 14.058    Cr: 16.5609 )
00000833: 15.3095   (Y': 15.3846   Cb: 14.1288   Cr: 16.523  )
00000834: 15.2836   (Y': 15.3564   Cb: 14.0852   Cr: 16.5406 )
00000835: 15.3199   (Y': 15.3986   Cb: 14.0944   Cr: 16.5934 )
00000836: 15.2905   (Y': 15.3638   Cb: 14.0972   Cr: 16.5357 )
00000837: 15.2945   (Y': 15.3877   Cb: 14.0808   Cr: 16.4723 )
00000838: 15.2847   (Y': 15.3831   Cb: 14.0453   Cr: 16.4805 )
00000839: 15.3137   (Y': 15.3955   Cb: 14.0988   Cr: 16.5523 )
00000840: 15.3007   (Y': 15.3795   Cb: 14.1148   Cr: 16.5043 )
00000841: 15.3208   (Y': 15.3946   Cb: 14.0859   Cr: 16.6369 )
00000842: 15.3052   (Y': 15.3667   Cb: 14.1291   Cr: 16.5819 )
00000843: 15.2748   (Y': 15.383    Cb: 14.0592   Cr: 16.3796 )
00000844: 15.3519   (Y': 15.4361   Cb: 14.1407   Cr: 16.5714 )
00000845: 15.298    (Y': 15.4015   Cb: 14.0382   Cr: 16.5032 )
00000846: 15.3034   (Y': 15.3761   Cb: 14.1058   Cr: 16.5595 )
00000847: 15.2956   (Y': 15.3929   Cb: 14.0813   Cr: 16.4535 )
00000848: 15.285    (Y': 15.3676   Cb: 14.0254   Cr: 16.599  )
00000849: 15.3079   (Y': 15.3965   Cb: 14.0489   Cr: 16.589  )
00000850: 15.3512   (Y': 15.4391   Cb: 14.1293   Cr: 16.5699 )
00000851: 15.3181   (Y': 15.4007   Cb: 14.108    Cr: 16.5442 )
00000852: 15.3231   (Y': 15.4166   Cb: 14.1111   Cr: 16.4961 )
00000853: 15.3094   (Y': 15.3998   Cb: 14.088    Cr: 16.5152 )
00000854: 15.3124   (Y': 15.4023   Cb: 14.0907   Cr: 16.5208 )
00000855: 15.3089   (Y': 15.4143   Cb: 14.0512   Cr: 16.5007 )
00000856: 15.3354   (Y': 15.4295   Cb: 14.1037   Cr: 16.5394 )
00000857: 15.2982   (Y': 15.3631   Cb: 14.1627   Cr: 16.4872 )
00000858: 15.2925   (Y': 15.3789   Cb: 14.1021   Cr: 16.4648 )
00000859: 15.3196   (Y': 15.426    Cb: 14.0998   Cr: 16.4404 )
00000860: 15.2952   (Y': 15.378    Cb: 14.0649   Cr: 16.5555 )
00000861: 15.3268   (Y': 15.4375   Cb: 14.1138   Cr: 16.4144 )
00000862: 15.3525   (Y': 15.4386   Cb: 14.1403   Cr: 16.5639 )
00000863: 15.3229   (Y': 15.4205   Cb: 14.1063   Cr: 16.483  )
00000864: 15.3416   (Y': 15.455    Cb: 14.0728   Cr: 16.5119 )
00000865: 15.3714   (Y': 15.457    Cb: 14.2      Cr: 16.5155 )
00000866: 15.3493   (Y': 15.4518   Cb: 14.1323   Cr: 16.485  )
00000867: 15.3068   (Y': 15.3893   Cb: 14.1007   Cr: 16.5265 )
00000868: 15.3002   (Y': 15.3979   Cb: 14.0595   Cr: 16.5019 )
00000869: 15.2957   (Y': 15.3895   Cb: 14.0749   Cr: 16.4821 )
00000870: 15.2963   (Y': 15.3746   Cb: 14.1283   Cr: 16.4714 )
00000871: 15.2645   (Y': 15.3211   Cb: 14.102    Cr: 16.5441 )
00000872: 15.2953   (Y': 15.3725   Cb: 14.105    Cr: 16.5145 )
00000873: 15.2605   (Y': 15.3259   Cb: 14.1213   Cr: 16.4538 )
00000874: 15.2751   (Y': 15.3409   Cb: 14.064    Cr: 16.592  )
00000875: 15.2629   (Y': 15.3432   Cb: 14.0232   Cr: 16.5529 )
00000876: 15.2836   (Y': 15.3596   Cb: 14.1198   Cr: 16.4632 )
00000877: 15.3423   (Y': 15.4515   Cb: 14.0757   Cr: 16.5299 )
00000878: 15.4349   (Y': 15.5499   Cb: 14.1995   Cr: 16.5388 )
00000879: 15.3629   (Y': 15.4893   Cb: 14.0825   Cr: 16.4881 )
00000880: 15.4006   (Y': 15.5288   Cb: 14.1526   Cr: 16.4605 )
00000881: 15.3545   (Y': 15.4366   Cb: 14.1844   Cr: 16.5142 )
00000882: 15.3675   (Y': 15.4745   Cb: 14.1093   Cr: 16.5521 )
00000883: 15.3486   (Y': 15.4415   Cb: 14.145    Cr: 16.5104 )
00000884: 15.3291   (Y': 15.4135   Cb: 14.1538   Cr: 16.4855 )
00000885: 15.3178   (Y': 15.3661   Cb: 14.2193   Cr: 16.53   )
00000886: 15.2612   (Y': 15.3485   Cb: 14.1042   Cr: 16.372  )
00000887: 15.2639   (Y': 15.3353   Cb: 14.0838   Cr: 16.496  )
00000888: 15.2752   (Y': 15.3138   Cb: 14.2062   Cr: 16.4881 )
00000889: 15.2826   (Y': 15.3438   Cb: 14.1493   Cr: 16.4868 )
00000890: 15.2909   (Y': 15.3697   Cb: 14.1216   Cr: 16.4658 )
00000891: 15.2786   (Y': 15.3319   Cb: 14.1439   Cr: 16.5263 )
00000892: 15.2941   (Y': 15.3403   Cb: 14.1965   Cr: 16.5162 )
00000893: 15.2771   (Y': 15.3172   Cb: 14.1716   Cr: 16.5441 )
00000894: 15.2474   (Y': 15.3039   Cb: 14.1051   Cr: 16.4925 )
00000895: 15.2537   (Y': 15.2956   Cb: 14.1731   Cr: 16.4688 )
00000896: 15.2734   (Y': 15.3462   Cb: 14.1246   Cr: 16.4444 )
00000897: 15.3024   (Y': 15.366    Cb: 14.138    Cr: 16.5475 )
00000898: 15.2839   (Y': 15.339    Cb: 14.1782   Cr: 16.4731 )
00000899: 15.3108   (Y': 15.3662   Cb: 14.1966   Cr: 16.5132 )
00000900: 15.3278   (Y': 15.3996   Cb: 14.2008   Cr: 16.4669 )
00000901: 15.3264   (Y': 15.3948   Cb: 14.1481   Cr: 16.5707 )
00000902: 15.2786   (Y': 15.3174   Cb: 14.174    Cr: 16.5512 )
00000903: 15.2929   (Y': 15.3571   Cb: 14.18     Cr: 16.4467 )
00000904: 15.3011   (Y': 15.3836   Cb: 14.1141   Cr: 16.4877 )
00000905: 15.3255   (Y': 15.4078   Cb: 14.1493   Cr: 16.4941 )
00000906: 15.3299   (Y': 15.4095   Cb: 14.1483   Cr: 16.5221 )
00000907: 15.3377   (Y': 15.4072   Cb: 14.1617   Cr: 16.5724 )
00000908: 15.3165   (Y': 15.401    Cb: 14.1634   Cr: 16.4348 )
00000909: 15.3275   (Y': 15.409    Cb: 14.1638   Cr: 16.4795 )
00000910: 15.3607   (Y': 15.4772   Cb: 14.0752   Cr: 16.5448 )
00000911: 15.4339   (Y': 15.5462   Cb: 14.2246   Cr: 16.5075 )
00000912: 15.355    (Y': 15.4275   Cb: 14.1855   Cr: 16.5634 )
00000913: 15.3412   (Y': 15.4526   Cb: 14.1729   Cr: 16.3509 )
00000914: 15.302    (Y': 15.372    Cb: 14.1518   Cr: 16.4898 )
00000915: 15.2562   (Y': 15.3041   Cb: 14.1574   Cr: 16.4712 )
00000916: 15.267    (Y': 15.3325   Cb: 14.1435   Cr: 16.4329 )
00000917: 15.2918   (Y': 15.3484   Cb: 14.1721   Cr: 16.4972 )
00000918: 15.2791   (Y': 15.3164   Cb: 14.1925   Cr: 16.529  )
00000919: 15.246    (Y': 15.301    Cb: 14.1832   Cr: 16.3635 )
00000920: 15.214    (Y': 15.2447   Cb: 14.1592   Cr: 16.4441 )
00000921: 15.3379   (Y': 15.4055   Cb: 14.1902   Cr: 16.5337 )
00000922: 15.2583   (Y': 15.306    Cb: 14.1955   Cr: 16.4135 )
00000923: 15.2874   (Y': 15.3554   Cb: 14.1201   Cr: 16.5145 )
00000924: 15.3055   (Y': 15.3762   Cb: 14.1804   Cr: 16.4472 )
00000925: 15.2307   (Y': 15.286    Cb: 14.1174   Cr: 16.4315 )
00000926: 15.2927   (Y': 15.3464   Cb: 14.1849   Cr: 16.4928 )
00000927: 15.2474   (Y': 15.2878   Cb: 14.1482   Cr: 16.502  )
00000928: 15.2322   (Y': 15.2617   Cb: 14.2217   Cr: 16.3953 )
00000929: 15.2398   (Y': 15.2501   Cb: 14.2313   Cr: 16.5    )
00000930: 15.2425   (Y': 15.2724   Cb: 14.1638   Cr: 16.5177 )
00000931: 15.2566   (Y': 15.301    Cb: 14.1544   Cr: 16.4953 )
00000932: 15.2353   (Y': 15.2774   Cb: 14.1568   Cr: 16.4459 )
00000933: 15.2482   (Y': 15.2946   Cb: 14.1013   Cr: 16.5542 )
00000934: 15.2568   (Y': 15.2995   Cb: 14.1877   Cr: 16.4482 )
00000935: 15.2314   (Y': 15.2694   Cb: 14.1762   Cr: 16.4246 )
00000936: 15.2035   (Y': 15.2572   Cb: 14.1157   Cr: 16.3697 )
00000937: 15.2434   (Y': 15.2845   Cb: 14.162    Cr: 16.4642 )
00000938: 15.263    (Y': 15.313    Cb: 14.1401   Cr: 16.5082 )
00000939: 15.2367   (Y': 15.3036   Cb: 14.07     Cr: 16.4691 )
00000940: 15.2381   (Y': 15.2843   Cb: 14.1646   Cr: 16.4194 )
00000941: 15.253    (Y': 15.2991   Cb: 14.1345   Cr: 16.511  )
00000943: 15.2521   (Y': 15.2865   Cb: 14.1283   Cr: 16.582  )
00000942: 15.2092   (Y': 15.2605   Cb: 14.111    Cr: 16.4051 )
00000944: 15.2386   (Y': 15.27     Cb: 14.1761   Cr: 16.4781 )
00000945: 15.2335   (Y': 15.2749   Cb: 14.1355   Cr: 16.481  )
00000946: 15.2355   (Y': 15.2526   Cb: 14.1901   Cr: 16.5223 )
00000947: 15.2082   (Y': 15.2509   Cb: 14.088    Cr: 16.4874 )
00000948: 15.219    (Y': 15.2667   Cb: 14.0699   Cr: 16.5223 )
00000949: 15.2276   (Y': 15.2643   Cb: 14.1891   Cr: 16.3995 )
00000951: 15.221    (Y': 15.2673   Cb: 14.1397   Cr: 16.4147 )
00000950: 15.2574   (Y': 15.2993   Cb: 14.1779   Cr: 16.4709 )
00000952: 15.2484   (Y': 15.296    Cb: 14.155    Cr: 16.4562 )
00000953: 15.2312   (Y': 15.258    Cb: 14.1804   Cr: 16.476  )
00000954: 15.2687   (Y': 15.3154   Cb: 14.1551   Cr: 16.5154 )
00000955: 15.2684   (Y': 15.3208   Cb: 14.1536   Cr: 16.4873 )
00000956: 15.1902   (Y': 15.2281   Cb: 14.0985   Cr: 16.4455 )
00000957: 15.2263   (Y': 15.2809   Cb: 14.0756   Cr: 16.4955 )
00000958: 15.2492   (Y': 15.2825   Cb: 14.1973   Cr: 16.4612 )
00000959: 15.203    (Y': 15.2629   Cb: 14.0676   Cr: 16.4182 )
00000960: 15.234    (Y': 15.2665   Cb: 14.1665   Cr: 16.4767 )
00000961: 15.2132   (Y': 15.2503   Cb: 14.1418   Cr: 16.438  )
00000962: 15.2419   (Y': 15.2793   Cb: 14.1503   Cr: 16.4998 )
00000963: 15.2446   (Y': 15.268    Cb: 14.1555   Cr: 16.5733 )
00000964: 15.2214   (Y': 15.2695   Cb: 14.091    Cr: 16.4896 )
00000965: 15.2219   (Y': 15.2506   Cb: 14.1517   Cr: 16.4892 )
00000966: 15.2938   (Y': 15.385    Cb: 14.0962   Cr: 16.4532 )
00000967: 15.264    (Y': 15.3209   Cb: 14.1225   Cr: 16.505  )
Total: 15.3169   (Y': 15.4249   Cb: 14.0985   Cr: 16.4271 )
