00000000: 31.3234   (Y': 44.3744   Cb: 26.6981   Cr: 26.6981 )
00000002: 15.3706   (Y': 15.8963   Cb: 14.7649   Cr: 14.2101 )
00000001: 15.3828   (Y': 15.9532   Cb: 14.7339   Cr: 14.1405 )
00000003: 15.1698   (Y': 15.8019   Cb: 14.3081   Cr: 13.9563 )
00000005: 15.1509   (Y': 15.7894   Cb: 14.2407   Cr: 13.9656 )
00000004: 15.1686   (Y': 15.7641   Cb: 14.3571   Cr: 14.0057 )
00000007: 15.1788   (Y': 15.8316   Cb: 14.2239   Cr: 13.9983 )
00000006: 15.1683   (Y': 15.8041   Cb: 14.2553   Cr: 13.993  )
00000008: 15.1483   (Y': 15.7895   Cb: 14.1732   Cr: 14.018  )
00000010: 15.145    (Y': 15.807    Cb: 14.2135   Cr: 13.9185 )
00000009: 15.1019   (Y': 15.7155   Cb: 14.2169   Cr: 13.9589 )
00000013: 16.0852   (Y': 16.9765   Cb: 14.7201   Cr: 14.7088 )
00000011: 15.1696   (Y': 15.8005   Cb: 14.2401   Cr: 14.0231 )
00000012: 15.1794   (Y': 15.8155   Cb: 14.2061   Cr: 14.0611 )
00000014: 16.3039   (Y': 17.2047   Cb: 14.8626   Cr: 14.9822 )
00000015: 16.3663   (Y': 17.293    Cb: 14.9721   Cr: 14.9359 )
00000016: 16.0085   (Y': 16.8722   Cb: 14.6266   Cr: 14.716  )
00000017: 15.8386   (Y': 16.6602   Cb: 14.5243   Cr: 14.5804 )
00000018: 15.5764   (Y': 16.2744   Cb: 14.4721   Cr: 14.4225 )
00000019: 15.5564   (Y': 16.2614   Cb: 14.4577   Cr: 14.3784 )
00000020: 15.5476   (Y': 16.24     Cb: 14.4531   Cr: 14.3985 )
00000023: 15.1792   (Y': 15.685    Cb: 14.2931   Cr: 14.3388 )
00000021: 15.1407   (Y': 15.7307   Cb: 14.2393   Cr: 14.0774 )
00000022: 15.0785   (Y': 15.6703   Cb: 14.22     Cr: 13.9692 )
00000024: 15.1753   (Y': 15.6406   Cb: 14.3642   Cr: 14.3793 )
00000026: 15.1193   (Y': 15.5811   Cb: 14.3112   Cr: 14.3313 )
00000025: 15.1484   (Y': 15.6176   Cb: 14.3165   Cr: 14.3619 )
00000028: 15.118    (Y': 15.5716   Cb: 14.3457   Cr: 14.3186 )
00000027: 15.173    (Y': 15.6524   Cb: 14.3419   Cr: 14.3555 )
00000029: 15.104    (Y': 15.554    Cb: 14.2989   Cr: 14.3483 )
00000030: 15.1284   (Y': 15.5998   Cb: 14.2846   Cr: 14.3478 )
00000031: 15.103    (Y': 15.5804   Cb: 14.2612   Cr: 14.3021 )
00000032: 15.1095   (Y': 15.575    Cb: 14.2819   Cr: 14.3299 )
00000034: 15.1142   (Y': 15.5911   Cb: 14.2899   Cr: 14.297  )
00000033: 15.1416   (Y': 15.6183   Cb: 14.2895   Cr: 14.3532 )
00000035: 15.0888   (Y': 15.5737   Cb: 14.2551   Cr: 14.2576 )
00000036: 15.0859   (Y': 15.5712   Cb: 14.2902   Cr: 14.2159 )
00000037: 15.1202   (Y': 15.5948   Cb: 14.2617   Cr: 14.3446 )
00000038: 15.0961   (Y': 15.5615   Cb: 14.2823   Cr: 14.3028 )
00000039: 15.0809   (Y': 15.5715   Cb: 14.275    Cr: 14.2056 )
00000040: 15.1318   (Y': 15.6016   Cb: 14.3288   Cr: 14.3147 )
00000042: 15.1065   (Y': 15.5666   Cb: 14.29     Cr: 14.3316 )
00000041: 15.1261   (Y': 15.6037   Cb: 14.2645   Cr: 14.3448 )
00000043: 15.117    (Y': 15.6111   Cb: 14.2801   Cr: 14.2616 )
00000044: 15.0883   (Y': 15.558    Cb: 14.2688   Cr: 14.2878 )
00000045: 15.1279   (Y': 15.5877   Cb: 14.3113   Cr: 14.3546 )
00000046: 15.1252   (Y': 15.5946   Cb: 14.2668   Cr: 14.3652 )
00000047: 15.1162   (Y': 15.5752   Cb: 14.2888   Cr: 14.356  )
00000048: 15.119    (Y': 15.6034   Cb: 14.2857   Cr: 14.2886 )
00000049: 15.0908   (Y': 15.5568   Cb: 14.2059   Cr: 14.3683 )
00000050: 15.111    (Y': 15.5798   Cb: 14.26     Cr: 14.3452 )
00000051: 15.081    (Y': 15.572    Cb: 14.2321   Cr: 14.2472 )
00000053: 15.0806   (Y': 15.5503   Cb: 14.2716   Cr: 14.2697 )
00000052: 15.1248   (Y': 15.6162   Cb: 14.3185   Cr: 14.247  )
00000055: 15.1098   (Y': 15.5754   Cb: 14.2768   Cr: 14.3354 )
00000054: 15.0897   (Y': 15.5655   Cb: 14.174    Cr: 14.3694 )
00000056: 15.131    (Y': 15.5775   Cb: 14.3618   Cr: 14.3498 )
00000057: 15.1051   (Y': 15.5688   Cb: 14.3133   Cr: 14.2948 )
00000058: 15.1221   (Y': 15.567    Cb: 14.3088   Cr: 14.3904 )
00000059: 15.1038   (Y': 15.5841   Cb: 14.2224   Cr: 14.3346 )
00000060: 15.0845   (Y': 15.5256   Cb: 14.2813   Cr: 14.3538 )
00000061: 15.0865   (Y': 15.5795   Cb: 14.2317   Cr: 14.2521 )
00000062: 15.1318   (Y': 15.5936   Cb: 14.3171   Cr: 14.3504 )
00000063: 15.096    (Y': 15.5695   Cb: 14.2632   Cr: 14.2974 )
00000064: 15.1096   (Y': 15.5904   Cb: 14.2991   Cr: 14.2675 )
00000065: 15.1073   (Y': 15.5981   Cb: 14.2403   Cr: 14.2919 )
00000066: 15.0893   (Y': 15.558    Cb: 14.2585   Cr: 14.3033 )
00000067: 15.1105   (Y': 15.584    Cb: 14.3095   Cr: 14.2808 )
00000068: 15.0936   (Y': 15.5613   Cb: 14.2302   Cr: 14.3439 )
00000069: 15.105    (Y': 15.5664   Cb: 14.2739   Cr: 14.3412 )
00000071: 15.0618   (Y': 15.5218   Cb: 14.306    Cr: 14.227  )
00000070: 15.0707   (Y': 15.5226   Cb: 14.298    Cr: 14.2769 )
00000072: 15.1164   (Y': 15.5689   Cb: 14.2952   Cr: 14.3694 )
00000073: 15.0848   (Y': 15.5557   Cb: 14.2478   Cr: 14.2987 )
00000074: 15.0851   (Y': 15.5543   Cb: 14.2199   Cr: 14.3324 )
00000075: 15.077    (Y': 15.5449   Cb: 14.258    Cr: 14.2814 )
00000077: 15.0578   (Y': 15.5476   Cb: 14.2145   Cr: 14.2219 )
00000078: 15.0687   (Y': 15.5577   Cb: 14.2803   Cr: 14.1807 )
00000076: 15.0915   (Y': 15.5444   Cb: 14.3267   Cr: 14.2867 )
00000079: 15.1044   (Y': 15.5588   Cb: 14.2902   Cr: 14.3445 )
00000080: 15.1411   (Y': 15.5922   Cb: 14.3415   Cr: 14.3763 )
00000081: 15.1586   (Y': 15.6685   Cb: 14.277    Cr: 14.3021 )
00000082: 15.289    (Y': 15.8073   Cb: 14.3398   Cr: 14.4768 )
00000083: 15.2924   (Y': 15.8109   Cb: 14.3622   Cr: 14.46   )
00000084: 15.3267   (Y': 15.8525   Cb: 14.3781   Cr: 14.4918 )
00000085: 15.3097   (Y': 15.8857   Cb: 14.2992   Cr: 14.3936 )
00000086: 15.276    (Y': 15.8467   Cb: 14.29     Cr: 14.3496 )
00000087: 15.2218   (Y': 15.8555   Cb: 14.2206   Cr: 14.1367 )
00000088: 15.2017   (Y': 15.8355   Cb: 14.1208   Cr: 14.1959 )
00000089: 15.0578   (Y': 15.679    Cb: 14.0018   Cr: 14.0616 )
00000090: 15.0947   (Y': 15.7183   Cb: 14.0399   Cr: 14.0904 )
00000091: 15.0597   (Y': 15.6371   Cb: 14.0515   Cr: 14.1371 )
00000092: 15.0639   (Y': 15.702    Cb: 13.982    Cr: 14.0476 )
00000093: 15.0666   (Y': 15.6846   Cb: 14.0134   Cr: 14.0764 )
00000094: 15.0659   (Y': 15.6771   Cb: 14.0209   Cr: 14.0859 )
00000095: 15.0513   (Y': 15.6264   Cb: 14.0506   Cr: 14.1277 )
00000096: 15.0849   (Y': 15.6988   Cb: 14.0349   Cr: 14.1026 )
00000097: 15.0767   (Y': 15.6772   Cb: 14.0641   Cr: 14.0938 )
00000098: 15.0766   (Y': 15.6633   Cb: 14.0833   Cr: 14.1128 )
00000099: 15.0761   (Y': 15.6792   Cb: 14.0394   Cr: 14.1105 )
00000100: 15.0915   (Y': 15.7101   Cb: 14.0875   Cr: 14.0503 )
00000101: 15.1232   (Y': 15.6969   Cb: 14.1216   Cr: 14.2043 )
00000102: 15.1293   (Y': 15.7302   Cb: 14.1163   Cr: 14.1459 )
00000103: 15.1213   (Y': 15.7138   Cb: 14.0973   Cr: 14.1724 )
00000104: 15.1574   (Y': 15.7464   Cb: 14.1405   Cr: 14.2111 )
00000105: 15.1559   (Y': 15.7453   Cb: 14.1133   Cr: 14.2347 )
00000106: 15.1304   (Y': 15.7365   Cb: 14.0861   Cr: 14.1642 )
00000107: 15.1258   (Y': 15.7476   Cb: 14.07     Cr: 14.1277 )
00000109: 15.0909   (Y': 15.6915   Cb: 14.0787   Cr: 14.1076 )
00000108: 15.1188   (Y': 15.7267   Cb: 14.1145   Cr: 14.1071 )
00000110: 15.1361   (Y': 15.7238   Cb: 14.1701   Cr: 14.142  )
00000111: 15.1708   (Y': 15.7686   Cb: 14.1071   Cr: 14.2476 )
00000112: 15.2172   (Y': 15.8224   Cb: 14.134    Cr: 14.2934 )
00000113: 15.1522   (Y': 15.8023   Cb: 14.0039   Cr: 14.1712 )
00000114: 15.2438   (Y': 15.838    Cb: 14.1374   Cr: 14.3753 )
00000115: 15.2449   (Y': 15.8637   Cb: 14.1385   Cr: 14.307  )
00000116: 15.2668   (Y': 15.915    Cb: 14.111    Cr: 14.2986 )
00000117: 15.2266   (Y': 15.8683   Cb: 14.1077   Cr: 14.238  )
00000118: 15.1945   (Y': 15.8261   Cb: 14.1136   Cr: 14.1948 )
00000119: 15.1806   (Y': 15.8113   Cb: 14.088    Cr: 14.1954 )
00000120: 15.1361   (Y': 15.8195   Cb: 13.9514   Cr: 14.1022 )
00000121: 15.1295   (Y': 15.8142   Cb: 13.9209   Cr: 14.1172 )
00000122: 15.1224   (Y': 15.8065   Cb: 13.981    Cr: 14.0424 )
00000123: 15.1239   (Y': 15.7868   Cb: 14.0236   Cr: 14.0589 )
00000124: 15.1212   (Y': 15.8215   Cb: 13.9728   Cr: 14.0052 )
00000125: 15.0765   (Y': 15.7669   Cb: 13.9054   Cr: 14.0097 )
00000126: 15.0456   (Y': 15.7371   Cb: 13.8748   Cr: 13.9758 )
00000127: 15.0235   (Y': 15.7072   Cb: 13.8252   Cr: 14.0027 )
00000128: 14.9858   (Y': 15.6793   Cb: 13.8265   Cr: 13.899  )
00000129: 14.993    (Y': 15.6525   Cb: 13.9112   Cr: 13.9185 )
00000130: 14.9942   (Y': 15.6587   Cb: 13.8783   Cr: 13.9406 )
00000132: 15.0749   (Y': 15.6647   Cb: 14.1003   Cr: 14.0839 )
00000131: 15.0598   (Y': 15.6675   Cb: 14.0391   Cr: 14.0653 )
00000133: 15.146    (Y': 15.7227   Cb: 14.2179   Cr: 14.145  )
00000134: 16.1923   (Y': 17.0222   Cb: 14.8234   Cr: 14.9694 )
00000135: 16.5349   (Y': 17.5001   Cb: 15.0688   Cr: 15.0874 )
00000136: 16.4781   (Y': 17.4276   Cb: 15.0717   Cr: 15.0071 )
00000137: 15.9007   (Y': 16.7865   Cb: 14.631    Cr: 14.4445 )
00000138: 15.7372   (Y': 16.5317   Cb: 14.6143   Cr: 14.3585 )
00000139: 15.5994   (Y': 16.3642   Cb: 14.4905   Cr: 14.28   )
00000140: 15.4946   (Y': 16.2106   Cb: 14.5187   Cr: 14.1721 )
00000141: 15.2431   (Y': 15.8936   Cb: 14.4099   Cr: 13.9559 )
00000142: 15.1185   (Y': 15.7164   Cb: 14.3284   Cr: 13.9298 )
00000143: 15.0797   (Y': 15.7051   Cb: 14.3341   Cr: 13.7791 )
00000144: 15.1578   (Y': 15.7688   Cb: 14.3316   Cr: 13.9672 )
00000145: 15.1414   (Y': 15.7249   Cb: 14.3508   Cr: 13.991  )
00000146: 15.1244   (Y': 15.73     Cb: 14.3475   Cr: 13.903  )
00000147: 15.1123   (Y': 15.7115   Cb: 14.3357   Cr: 13.9076 )
00000148: 15.1042   (Y': 15.684    Cb: 14.3095   Cr: 13.9681 )
00000149: 15.1135   (Y': 15.711    Cb: 14.3376   Cr: 13.9128 )
00000150: 15.1352   (Y': 15.7443   Cb: 14.3264   Cr: 13.9337 )
00000151: 15.1357   (Y': 15.7362   Cb: 14.3308   Cr: 13.9532 )
00000152: 15.1234   (Y': 15.7431   Cb: 14.3239   Cr: 13.8855 )
00000153: 15.1201   (Y': 15.7018   Cb: 14.3778   Cr: 13.9308 )
00000154: 15.1355   (Y': 15.7386   Cb: 14.3226   Cr: 13.9533 )
00000155: 15.1153   (Y': 15.7511   Cb: 14.2748   Cr: 13.873  )
00000156: 15.1516   (Y': 15.7679   Cb: 14.3226   Cr: 13.9496 )
00000157: 15.0942   (Y': 15.7033   Cb: 14.2981   Cr: 13.881  )
00000158: 15.1264   (Y': 15.7466   Cb: 14.2287   Cr: 13.9779 )
00000159: 15.1158   (Y': 15.7274   Cb: 14.2706   Cr: 13.9414 )
00000160: 15.1083   (Y': 15.7198   Cb: 14.288    Cr: 13.9109 )
00000161: 15.0942   (Y': 15.6911   Cb: 14.3274   Cr: 13.8866 )
00000162: 15.0885   (Y': 15.7049   Cb: 14.2462   Cr: 13.8984 )
00000163: 15.12     (Y': 15.7497   Cb: 14.2904   Cr: 13.8834 )
00000164: 15.1236   (Y': 15.7559   Cb: 14.3008   Cr: 13.8742 )
00000165: 15.1331   (Y': 15.7508   Cb: 14.3224   Cr: 13.9106 )
00000166: 15.0999   (Y': 15.7284   Cb: 14.2599   Cr: 13.8759 )
00000167: 15.1181   (Y': 15.7585   Cb: 14.2698   Cr: 13.8708 )
00000168: 15.1332   (Y': 15.7482   Cb: 14.2808   Cr: 13.9559 )
00000169: 15.1361   (Y': 15.7882   Cb: 14.2446   Cr: 13.898  )
00000170: 15.1035   (Y': 15.7565   Cb: 14.2465   Cr: 13.8315 )
00000171: 15.1245   (Y': 15.7684   Cb: 14.3171   Cr: 13.8312 )
00000172: 15.1431   (Y': 15.7526   Cb: 14.3361   Cr: 13.9391 )
00000173: 15.0983   (Y': 15.732    Cb: 14.2598   Cr: 13.8597 )
00000174: 15.1143   (Y': 15.723    Cb: 14.2597   Cr: 13.9561 )
00000175: 15.1204   (Y': 15.7263   Cb: 14.3378   Cr: 13.9035 )
00000178: 15.0967   (Y': 15.7329   Cb: 14.2242   Cr: 13.8827 )
00000176: 15.1402   (Y': 15.7925   Cb: 14.2162   Cr: 13.9317 )
00000177: 15.0887   (Y': 15.7196   Cb: 14.2417   Cr: 13.8647 )
00000179: 15.1019   (Y': 15.7688   Cb: 14.2697   Cr: 13.7725 )
00000180: 15.1236   (Y': 15.7764   Cb: 14.2319   Cr: 13.884  )
00000181: 15.0992   (Y': 15.7517   Cb: 14.2004   Cr: 13.867  )
00000182: 15.1411   (Y': 15.7881   Cb: 14.2901   Cr: 13.879  )
00000183: 15.1266   (Y': 15.7711   Cb: 14.2602   Cr: 13.885  )
00000184: 15.1253   (Y': 15.7789   Cb: 14.1912   Cr: 13.9231 )
00000185: 15.1202   (Y': 15.7715   Cb: 14.2335   Cr: 13.88   )
00000186: 15.1088   (Y': 15.7137   Cb: 14.3198   Cr: 13.9003 )
00000188: 15.1244   (Y': 15.7502   Cb: 14.2624   Cr: 13.9277 )
00000187: 15.104    (Y': 15.741    Cb: 14.2641   Cr: 13.858  )
00000189: 15.1139   (Y': 15.76     Cb: 14.2405   Cr: 13.8747 )
00000190: 15.1269   (Y': 15.786    Cb: 14.1976   Cr: 13.9058 )
00000191: 15.1343   (Y': 15.7713   Cb: 14.3161   Cr: 13.8682 )
00000192: 15.1564   (Y': 15.8049   Cb: 14.3036   Cr: 13.8924 )
00000193: 15.1692   (Y': 15.8424   Cb: 14.2788   Cr: 13.8758 )
00000194: 15.1412   (Y': 15.7772   Cb: 14.3072   Cr: 13.8923 )
00000195: 15.1409   (Y': 15.8      Cb: 14.2938   Cr: 13.8445 )
00000196: 15.138    (Y': 15.7775   Cb: 14.2743   Cr: 13.907  )
00000197: 15.1175   (Y': 15.7456   Cb: 14.3118   Cr: 13.8634 )
00000198: 15.1103   (Y': 15.7622   Cb: 14.2178   Cr: 13.8736 )
00000199: 15.1119   (Y': 15.728    Cb: 14.2946   Cr: 13.8998 )
00000200: 15.1097   (Y': 15.726    Cb: 14.2656   Cr: 13.9216 )
00000201: 15.0999   (Y': 15.6958   Cb: 14.2818   Cr: 13.9418 )
00000202: 15.1388   (Y': 15.7795   Cb: 14.2684   Cr: 13.9109 )
00000203: 15.1878   (Y': 15.8563   Cb: 14.2239   Cr: 13.9748 )
00000204: 15.1794   (Y': 15.8805   Cb: 14.1902   Cr: 13.9067 )
00000206: 15.1814   (Y': 15.8412   Cb: 14.3608   Cr: 13.8595 )
00000205: 15.2065   (Y': 15.8439   Cb: 14.3533   Cr: 13.9714 )
00000207: 15.1607   (Y': 15.7987   Cb: 14.2782   Cr: 13.951  )
00000208: 15.157    (Y': 15.8309   Cb: 14.2231   Cr: 13.9022 )
00000209: 15.1081   (Y': 15.7586   Cb: 14.226    Cr: 13.8653 )
00000210: 15.0486   (Y': 15.6656   Cb: 14.2452   Cr: 13.8214 )
00000211: 15.0428   (Y': 15.6773   Cb: 14.1929   Cr: 13.8121 )
00000212: 15.0272   (Y': 15.6424   Cb: 14.2088   Cr: 13.8183 )
00000214: 15.0779   (Y': 15.717    Cb: 14.2155   Cr: 13.847  )
00000213: 14.9895   (Y': 15.6176   Cb: 14.144    Cr: 13.7715 )
00000215: 15.0367   (Y': 15.6902   Cb: 14.182    Cr: 13.7613 )
00000216: 15.0421   (Y': 15.6942   Cb: 14.1958   Cr: 13.7628 )
00000217: 15.0254   (Y': 15.6624   Cb: 14.1477   Cr: 13.8137 )
00000218: 15.0345   (Y': 15.703    Cb: 14.1432   Cr: 13.7542 )
00000219: 15.014    (Y': 15.6748   Cb: 14.1302   Cr: 13.7464 )
00000220: 15.0454   (Y': 15.6892   Cb: 14.1964   Cr: 13.79   )
00000221: 15.0481   (Y': 15.6977   Cb: 14.2018   Cr: 13.7752 )
00000222: 15.0253   (Y': 15.6694   Cb: 14.15     Cr: 13.793  )
00000223: 15.0137   (Y': 15.6822   Cb: 14.1192   Cr: 13.7363 )
00000224: 15.0394   (Y': 15.6627   Cb: 14.2423   Cr: 13.7901 )
00000225: 15.0182   (Y': 15.6786   Cb: 14.168    Cr: 13.7213 )
00000226: 15.0599   (Y': 15.7119   Cb: 14.1667   Cr: 13.8237 )
00000228: 15.0575   (Y': 15.7229   Cb: 14.1968   Cr: 13.7576 )
00000227: 15.0468   (Y': 15.7202   Cb: 14.1492   Cr: 13.7596 )
00000229: 15.0697   (Y': 15.7681   Cb: 14.1598   Cr: 13.7307 )
00000231: 14.9779   (Y': 15.654    Cb: 14.0899   Cr: 13.6752 )
00000230: 15.0426   (Y': 15.7323   Cb: 14.1738   Cr: 13.6883 )
00000232: 15.0032   (Y': 15.6784   Cb: 14.1477   Cr: 13.6736 )
00000233: 14.9964   (Y': 15.675    Cb: 14.0891   Cr: 13.7051 )
00000234: 14.9718   (Y': 15.65     Cb: 14.1112   Cr: 13.6394 )
00000235: 14.946    (Y': 15.6347   Cb: 14.0697   Cr: 13.6009 )
00000236: 14.9828   (Y': 15.6368   Cb: 14.1174   Cr: 13.7161 )
00000238: 14.9706   (Y': 15.6219   Cb: 14.1291   Cr: 13.689  )
00000237: 14.9673   (Y': 15.6396   Cb: 14.0692   Cr: 13.6834 )
00000239: 14.9574   (Y': 15.6348   Cb: 14.077    Cr: 13.6447 )
00000240: 14.9598   (Y': 15.6129   Cb: 14.0965   Cr: 13.6935 )
00000241: 14.9649   (Y': 15.6545   Cb: 14.0663   Cr: 13.6379 )
00000242: 14.9922   (Y': 15.6904   Cb: 14.0562   Cr: 13.6777 )
00000243: 14.9722   (Y': 15.6367   Cb: 14.091    Cr: 13.693  )
00000244: 14.96     (Y': 15.649    Cb: 14.0644   Cr: 13.6316 )
00000245: 14.9666   (Y': 15.6257   Cb: 14.0992   Cr: 13.6886 )
00000247: 15.0038   (Y': 15.6915   Cb: 14.0991   Cr: 13.6869 )
00000246: 14.9835   (Y': 15.6476   Cb: 14.1367   Cr: 13.6738 )
00000249: 14.9685   (Y': 15.6395   Cb: 14.1213   Cr: 13.6419 )
00000248: 14.9802   (Y': 15.6599   Cb: 14.1002   Cr: 13.6613 )
00000250: 14.9755   (Y': 15.6334   Cb: 14.1363   Cr: 13.6752 )
00000251: 14.9675   (Y': 15.6626   Cb: 14.0222   Cr: 13.6691 )
00000252: 14.9904   (Y': 15.6812   Cb: 14.0807   Cr: 13.6702 )
00000253: 14.9749   (Y': 15.6698   Cb: 14.0805   Cr: 13.6305 )
00000254: 14.9841   (Y': 15.6599   Cb: 14.0572   Cr: 13.718  )
00000255: 14.9863   (Y': 15.6504   Cb: 14.1157   Cr: 13.6982 )
00000256: 14.9519   (Y': 15.6414   Cb: 14.1167   Cr: 13.5682 )
00000257: 14.957    (Y': 15.6415   Cb: 14.0601   Cr: 13.641  )
00000258: 14.9507   (Y': 15.6234   Cb: 14.0503   Cr: 13.668  )
00000259: 14.9777   (Y': 15.6942   Cb: 14.0388   Cr: 13.6199 )
00000260: 14.9832   (Y': 15.6766   Cb: 14.0726   Cr: 13.6573 )
00000262: 14.9844   (Y': 15.6599   Cb: 14.1264   Cr: 13.6564 )
00000261: 14.9553   (Y': 15.6388   Cb: 14.0487   Cr: 13.6511 )
00000263: 14.9874   (Y': 15.6863   Cb: 14.0803   Cr: 13.6446 )
00000264: 15.0127   (Y': 15.6813   Cb: 14.1186   Cr: 13.7346 )
00000265: 15.0008   (Y': 15.6646   Cb: 14.1219   Cr: 13.7214 )
00000266: 15.0481   (Y': 15.6968   Cb: 14.2316   Cr: 13.7507 )
00000268: 14.9926   (Y': 15.6372   Cb: 14.1525   Cr: 13.7271 )
00000267: 15.0015   (Y': 15.6383   Cb: 14.1695   Cr: 13.7485 )
00000269: 15.001    (Y': 15.6774   Cb: 14.0883   Cr: 13.7201 )
00000270: 14.9985   (Y': 15.6715   Cb: 14.1641   Cr: 13.6554 )
00000271: 14.9993   (Y': 15.6724   Cb: 14.111    Cr: 13.7047 )
00000273: 15.0541   (Y': 15.7248   Cb: 14.2074   Cr: 13.7281 )
00000272: 14.9869   (Y': 15.6567   Cb: 14.0952   Cr: 13.7035 )
00000274: 15.0988   (Y': 15.7692   Cb: 14.266    Cr: 13.7607 )
00000276: 15.1069   (Y': 15.7141   Cb: 14.33     Cr: 13.8813 )
00000275: 15.0831   (Y': 15.7349   Cb: 14.2156   Cr: 13.8238 )
00000277: 15.1264   (Y': 15.7367   Cb: 14.3684   Cr: 13.8758 )
00000278: 15.1745   (Y': 15.7717   Cb: 14.3832   Cr: 13.9884 )
00000279: 15.1747   (Y': 15.746    Cb: 14.3972   Cr: 14.0451 )
00000280: 15.1922   (Y': 15.7892   Cb: 14.3999   Cr: 14.0074 )
00000281: 15.1975   (Y': 15.8068   Cb: 14.4136   Cr: 13.9727 )
00000282: 15.181    (Y': 15.7757   Cb: 14.403    Cr: 13.9896 )
00000283: 15.1354   (Y': 15.7836   Cb: 14.3573   Cr: 13.8051 )
00000284: 15.1817   (Y': 15.7813   Cb: 14.3495   Cr: 14.0272 )
00000285: 15.1722   (Y': 15.757    Cb: 14.3496   Cr: 14.0483 )
00000287: 15.1247   (Y': 15.7227   Cb: 14.2899   Cr: 13.9765 )
00000286: 15.1249   (Y': 15.7433   Cb: 14.2686   Cr: 13.9424 )
00000288: 15.1317   (Y': 15.759    Cb: 14.2922   Cr: 13.9106 )
00000289: 15.112    (Y': 15.7044   Cb: 14.2873   Cr: 13.9697 )
00000290: 15.1253   (Y': 15.7291   Cb: 14.3026   Cr: 13.9503 )
00000291: 15.1219   (Y': 15.7264   Cb: 14.3513   Cr: 13.8976 )
00000292: 15.1644   (Y': 15.7942   Cb: 14.3259   Cr: 13.9359 )
00000293: 15.157    (Y': 15.7873   Cb: 14.3065   Cr: 13.938  )
00000294: 15.167    (Y': 15.8169   Cb: 14.2929   Cr: 13.9186 )
00000295: 15.1533   (Y': 15.7954   Cb: 14.2873   Cr: 13.9177 )
00000296: 15.1479   (Y': 15.7784   Cb: 14.2718   Cr: 13.9521 )
00000297: 15.107    (Y': 15.7705   Cb: 14.2941   Cr: 13.7689 )
00000298: 15.1173   (Y': 15.7557   Cb: 14.2129   Cr: 13.927  )
00000299: 15.0747   (Y': 15.7101   Cb: 14.2029   Cr: 13.862  )
00000300: 15.0914   (Y': 15.7206   Cb: 14.2314   Cr: 13.8839 )
00000301: 15.1007   (Y': 15.7463   Cb: 14.2274   Cr: 13.8627 )
00000302: 15.0874   (Y': 15.7187   Cb: 14.2328   Cr: 13.8695 )
00000303: 15.0849   (Y': 15.7186   Cb: 14.2332   Cr: 13.8581 )
00000304: 15.0701   (Y': 15.7087   Cb: 14.2685   Cr: 13.7853 )
00000305: 15.0945   (Y': 15.7274   Cb: 14.2595   Cr: 13.8542 )
00000307: 15.1097   (Y': 15.7475   Cb: 14.2771   Cr: 13.8549 )
00000306: 15.0869   (Y': 15.72     Cb: 14.2653   Cr: 13.8344 )
00000308: 15.0616   (Y': 15.7127   Cb: 14.2131   Cr: 13.7869 )
00000309: 15.0815   (Y': 15.7116   Cb: 14.2501   Cr: 13.8458 )
00000310: 15.0974   (Y': 15.7214   Cb: 14.2526   Cr: 13.8896 )
00000311: 15.0652   (Y': 15.6756   Cb: 14.2424   Cr: 13.873  )
00000312: 15.0557   (Y': 15.709    Cb: 14.2082   Cr: 13.7746 )
00000313: 15.0681   (Y': 15.6953   Cb: 14.2147   Cr: 13.8595 )
00000315: 15.0876   (Y': 15.7238   Cb: 14.2665   Cr: 13.8263 )
00000314: 15.0954   (Y': 15.723    Cb: 14.3323   Cr: 13.8045 )
00000316: 15.0659   (Y': 15.7099   Cb: 14.1881   Cr: 13.8361 )
00000317: 15.0816   (Y': 15.7246   Cb: 14.2362   Cr: 13.825  )
00000318: 15.0669   (Y': 15.6846   Cb: 14.241    Cr: 13.8583 )
00000319: 15.0952   (Y': 15.7399   Cb: 14.2757   Cr: 13.8109 )
00000321: 15.1148   (Y': 15.73     Cb: 14.3236   Cr: 13.881  )
00000320: 15.0795   (Y': 15.6886   Cb: 14.3029   Cr: 13.8488 )
00000322: 15.0971   (Y': 15.7355   Cb: 14.232    Cr: 13.8704 )
00000323: 15.0938   (Y': 15.7203   Cb: 14.2264   Cr: 13.9002 )
00000324: 15.0946   (Y': 15.7316   Cb: 14.31     Cr: 13.7986 )
00000325: 15.0777   (Y': 15.7132   Cb: 14.2247   Cr: 13.8472 )
00000326: 15.0963   (Y': 15.6926   Cb: 14.2939   Cr: 13.9226 )
00000327: 15.1105   (Y': 15.7185   Cb: 14.2968   Cr: 13.9164 )
00000328: 15.106    (Y': 15.7254   Cb: 14.295    Cr: 13.8796 )
00000329: 15.07     (Y': 15.7098   Cb: 14.2375   Cr: 13.8101 )
00000330: 15.099    (Y': 15.7254   Cb: 14.304    Cr: 13.8399 )
00000331: 15.0975   (Y': 15.7407   Cb: 14.2536   Cr: 13.8389 )
00000332: 15.1113   (Y': 15.7479   Cb: 14.2983   Cr: 13.8418 )
00000333: 15.1015   (Y': 15.7112   Cb: 14.2925   Cr: 13.8988 )
00000334: 15.1127   (Y': 15.7381   Cb: 14.2165   Cr: 13.949  )
00000335: 15.1164   (Y': 15.7446   Cb: 14.2753   Cr: 13.8942 )
00000337: 15.0838   (Y': 15.6926   Cb: 14.2388   Cr: 13.9161 )
00000336: 15.0609   (Y': 15.6687   Cb: 14.2491   Cr: 13.8657 )
00000338: 15.0941   (Y': 15.7181   Cb: 14.2608   Cr: 13.8759 )
00000339: 15.0999   (Y': 15.7318   Cb: 14.2362   Cr: 13.8889 )
00000340: 15.101    (Y': 15.7429   Cb: 14.2448   Cr: 13.8573 )
00000341: 15.0812   (Y': 15.6952   Cb: 14.2598   Cr: 13.8782 )
00000342: 15.1031   (Y': 15.7104   Cb: 14.3102   Cr: 13.892  )
00000343: 15.0811   (Y': 15.7023   Cb: 14.2167   Cr: 13.8989 )
00000344: 15.1083   (Y': 15.7187   Cb: 14.3557   Cr: 13.8527 )
00000345: 15.0891   (Y': 15.7071   Cb: 14.265    Cr: 13.878  )
00000346: 15.0733   (Y': 15.6928   Cb: 14.2534   Cr: 13.8546 )
00000348: 15.1209   (Y': 15.7436   Cb: 14.2575   Cr: 13.934  )
00000347: 15.1069   (Y': 15.701    Cb: 14.3179   Cr: 13.9272 )
00000349: 15.0571   (Y': 15.6896   Cb: 14.2262   Cr: 13.8146 )
00000350: 15.0586   (Y': 15.6538   Cb: 14.2082   Cr: 13.9326 )
00000351: 15.079    (Y': 15.7087   Cb: 14.2059   Cr: 13.8824 )
00000352: 15.0847   (Y': 15.7061   Cb: 14.2349   Cr: 13.8883 )
00000353: 15.0821   (Y': 15.6992   Cb: 14.2001   Cr: 13.9272 )
00000354: 15.1028   (Y': 15.7263   Cb: 14.2697   Cr: 13.8858 )
00000355: 15.0423   (Y': 15.6691   Cb: 14.1808   Cr: 13.8426 )
00000356: 15.1013   (Y': 15.6998   Cb: 14.3011   Cr: 13.9198 )
00000357: 15.0649   (Y': 15.6835   Cb: 14.2283   Cr: 13.8639 )
00000358: 15.1081   (Y': 15.7236   Cb: 14.2942   Cr: 13.8945 )
00000359: 15.1116   (Y': 15.7089   Cb: 14.325    Cr: 13.9209 )
00000360: 15.0699   (Y': 15.7058   Cb: 14.223    Cr: 13.8328 )
00000361: 15.0676   (Y': 15.6769   Cb: 14.26     Cr: 13.8645 )
00000362: 15.1022   (Y': 15.721    Cb: 14.2924   Cr: 13.8761 )
00000364: 15.0963   (Y': 15.7294   Cb: 14.2497   Cr: 13.8664 )
00000363: 15.0778   (Y': 15.6909   Cb: 14.2813   Cr: 13.8542 )
00000365: 15.1079   (Y': 15.7063   Cb: 14.2901   Cr: 13.9432 )
00000367: 15.0622   (Y': 15.6907   Cb: 14.2382   Cr: 13.8238 )
00000366: 15.0685   (Y': 15.6806   Cb: 14.2477   Cr: 13.8699 )
00000368: 15.072    (Y': 15.694    Cb: 14.2338   Cr: 13.8634 )
00000369: 15.0823   (Y': 15.7038   Cb: 14.1931   Cr: 13.9225 )
00000370: 15.0971   (Y': 15.7266   Cb: 14.2461   Cr: 13.8807 )
00000371: 15.0862   (Y': 15.6927   Cb: 14.2308   Cr: 13.9343 )
00000372: 15.0757   (Y': 15.713    Cb: 14.2495   Cr: 13.816  )
00000373: 15.1079   (Y': 15.7424   Cb: 14.2593   Cr: 13.8763 )
00000374: 15.082    (Y': 15.6937   Cb: 14.2671   Cr: 13.879  )
00000375: 15.0728   (Y': 15.6911   Cb: 14.253    Cr: 13.8571 )
00000376: 15.0628   (Y': 15.7008   Cb: 14.2171   Cr: 13.8194 )
00000377: 15.0863   (Y': 15.7011   Cb: 14.2731   Cr: 13.8737 )
00000379: 15.0896   (Y': 15.7283   Cb: 14.231    Cr: 13.856  )
00000378: 15.102    (Y': 15.7171   Cb: 14.2443   Cr: 13.9297 )
00000380: 15.0778   (Y': 15.6919   Cb: 14.2833   Cr: 13.8499 )
00000381: 15.0999   (Y': 15.7393   Cb: 14.2144   Cr: 13.8892 )
00000382: 15.0891   (Y': 15.7185   Cb: 14.2698   Cr: 13.844  )
00000383: 15.0857   (Y': 15.7142   Cb: 14.2187   Cr: 13.8864 )
00000384: 15.1102   (Y': 15.7233   Cb: 14.2815   Cr: 13.9162 )
00000385: 15.0976   (Y': 15.6938   Cb: 14.2665   Cr: 13.9507 )
00000387: 15.0667   (Y': 15.6968   Cb: 14.2061   Cr: 13.8576 )
00000386: 15.0868   (Y': 15.7099   Cb: 14.3073   Cr: 13.8221 )
00000388: 15.0874   (Y': 15.6836   Cb: 14.2986   Cr: 13.9017 )
00000389: 15.0904   (Y': 15.6885   Cb: 14.2842   Cr: 13.9152 )
00000390: 15.0853   (Y': 15.7008   Cb: 14.2524   Cr: 13.8889 )
00000391: 15.1253   (Y': 15.747    Cb: 14.2696   Cr: 13.9338 )
00000392: 15.1253   (Y': 15.7489   Cb: 14.2772   Cr: 13.9215 )
00000393: 15.1124   (Y': 15.7149   Cb: 14.3571   Cr: 13.8796 )
00000394: 15.0984   (Y': 15.7158   Cb: 14.2817   Cr: 13.8824 )
00000395: 15.0736   (Y': 15.7227   Cb: 14.1577   Cr: 13.8663 )
00000396: 15.1232   (Y': 15.7385   Cb: 14.3025   Cr: 13.9161 )
00000397: 15.1293   (Y': 15.7601   Cb: 14.3083   Cr: 13.8823 )
00000398: 15.1093   (Y': 15.7296   Cb: 14.3329   Cr: 13.8489 )
00000399: 15.1113   (Y': 15.7563   Cb: 14.2224   Cr: 13.8895 )
00000400: 15.1046   (Y': 15.7468   Cb: 14.2121   Cr: 13.8933 )
00000401: 15.0919   (Y': 15.7229   Cb: 14.2444   Cr: 13.8684 )
00000402: 15.1067   (Y': 15.7265   Cb: 14.2747   Cr: 13.8981 )
00000403: 15.1236   (Y': 15.7436   Cb: 14.2999   Cr: 13.9068 )
00000405: 15.0986   (Y': 15.7334   Cb: 14.2551   Cr: 13.8612 )
00000404: 15.0586   (Y': 15.685    Cb: 14.2155   Cr: 13.843  )
00000406: 15.108    (Y': 15.7371   Cb: 14.2582   Cr: 13.8914 )
00000407: 15.0986   (Y': 15.7154   Cb: 14.2566   Cr: 13.9072 )
00000408: 15.1244   (Y': 15.7506   Cb: 14.2853   Cr: 13.9056 )
00000409: 15.1149   (Y': 15.7496   Cb: 14.2445   Cr: 13.9027 )
00000410: 15.0985   (Y': 15.7276   Cb: 14.2638   Cr: 13.8683 )
00000411: 15.1228   (Y': 15.7306   Cb: 14.3222   Cr: 13.9171 )
00000413: 15.1159   (Y': 15.7465   Cb: 14.2735   Cr: 13.8887 )
00000412: 15.1175   (Y': 15.7461   Cb: 14.2725   Cr: 13.898  )
00000414: 15.1268   (Y': 15.7606   Cb: 14.2416   Cr: 13.9308 )
00000415: 15.0825   (Y': 15.7198   Cb: 14.2159   Cr: 13.8598 )
00000416: 15.0926   (Y': 15.7078   Cb: 14.3038   Cr: 13.8567 )
00000417: 15.1017   (Y': 15.7294   Cb: 14.2782   Cr: 13.865  )
00000418: 15.1347   (Y': 15.7261   Cb: 14.3613   Cr: 13.9475 )
00000419: 15.1311   (Y': 15.7542   Cb: 14.3078   Cr: 13.9063 )
00000420: 15.0836   (Y': 15.7417   Cb: 14.193    Cr: 13.8291 )
00000421: 15.1201   (Y': 15.7383   Cb: 14.306    Cr: 13.8995 )
00000422: 15.0983   (Y': 15.7315   Cb: 14.2565   Cr: 13.8637 )
00000423: 15.102    (Y': 15.7146   Cb: 14.2379   Cr: 13.9425 )
00000424: 15.1014   (Y': 15.742    Cb: 14.2417   Cr: 13.8638 )
00000425: 15.1262   (Y': 15.742    Cb: 14.3362   Cr: 13.89   )
00000426: 15.1063   (Y': 15.7405   Cb: 14.2232   Cr: 13.9069 )
00000427: 15.122    (Y': 15.7716   Cb: 14.2988   Cr: 13.8285 )
00000428: 15.1081   (Y': 15.7243   Cb: 14.2802   Cr: 13.9055 )
00000429: 15.0859   (Y': 15.7254   Cb: 14.222    Cr: 13.8552 )
00000430: 15.0941   (Y': 15.723    Cb: 14.2766   Cr: 13.8484 )
00000431: 15.0926   (Y': 15.7178   Cb: 14.2489   Cr: 13.8808 )
00000432: 15.1012   (Y': 15.7207   Cb: 14.272    Cr: 13.8909 )
00000433: 15.0917   (Y': 15.7343   Cb: 14.1859   Cr: 13.8915 )
00000434: 15.0931   (Y': 15.7334   Cb: 14.2083   Cr: 13.8797 )
00000435: 15.0876   (Y': 15.7126   Cb: 14.2563   Cr: 13.865  )
00000436: 15.1048   (Y': 15.7127   Cb: 14.2542   Cr: 13.9449 )
00000437: 15.107    (Y': 15.7279   Cb: 14.2731   Cr: 13.8972 )
00000438: 15.0774   (Y': 15.6858   Cb: 14.211    Cr: 13.9309 )
00000439: 15.0798   (Y': 15.7159   Cb: 14.2383   Cr: 13.8375 )
00000440: 15.1117   (Y': 15.7486   Cb: 14.3019   Cr: 13.8388 )
00000441: 15.095    (Y': 15.7114   Cb: 14.2833   Cr: 13.8769 )
00000442: 15.0943   (Y': 15.7386   Cb: 14.2146   Cr: 13.8658 )
00000443: 15.0691   (Y': 15.6913   Cb: 14.2182   Cr: 13.8718 )
00000444: 15.1186   (Y': 15.7393   Cb: 14.2824   Cr: 13.9118 )
00000445: 15.1293   (Y': 15.7376   Cb: 14.2861   Cr: 13.9613 )
00000446: 15.0705   (Y': 15.6964   Cb: 14.1858   Cr: 13.8946 )
00000447: 15.1      (Y': 15.7213   Cb: 14.2764   Cr: 13.88   )
00000448: 15.0933   (Y': 15.7256   Cb: 14.3103   Cr: 13.8083 )
00000449: 15.1142   (Y': 15.7499   Cb: 14.214    Cr: 13.927  )
00000450: 15.0582   (Y': 15.6917   Cb: 14.1842   Cr: 13.8527 )
00000451: 15.0778   (Y': 15.7034   Cb: 14.2086   Cr: 13.8883 )
00000452: 15.0959   (Y': 15.7245   Cb: 14.2089   Cr: 13.9153 )
00000453: 15.1026   (Y': 15.7174   Cb: 14.293    Cr: 13.887  )
00000454: 15.1081   (Y': 15.7494   Cb: 14.2581   Cr: 13.86   )
00000455: 15.0839   (Y': 15.704    Cb: 14.224    Cr: 13.9005 )
00000456: 15.0992   (Y': 15.7261   Cb: 14.2536   Cr: 13.8847 )
00000457: 15.0703   (Y': 15.7167   Cb: 14.1778   Cr: 13.8481 )
00000458: 15.0799   (Y': 15.675    Cb: 14.3145   Cr: 13.8761 )
00000459: 15.0991   (Y': 15.7075   Cb: 14.2892   Cr: 13.9006 )
00000460: 15.0663   (Y': 15.7135   Cb: 14.1712   Cr: 13.8445 )
00000461: 15.0996   (Y': 15.7195   Cb: 14.2848   Cr: 13.8751 )
00000462: 15.0936   (Y': 15.7332   Cb: 14.2115   Cr: 13.8796 )
00000463: 15.0913   (Y': 15.681    Cb: 14.3782   Cr: 13.8546 )
00000464: 15.1003   (Y': 15.7294   Cb: 14.2708   Cr: 13.8653 )
00000465: 15.0765   (Y': 15.7041   Cb: 14.2198   Cr: 13.8705 )
00000466: 15.1116   (Y': 15.7448   Cb: 14.2826   Cr: 13.8654 )
00000467: 15.0657   (Y': 15.6806   Cb: 14.2868   Cr: 13.8221 )
00000468: 15.1043   (Y': 15.7257   Cb: 14.2762   Cr: 13.8879 )
00000469: 15.1241   (Y': 15.7644   Cb: 14.2428   Cr: 13.9077 )
00000470: 15.1037   (Y': 15.7103   Cb: 14.3525   Cr: 13.8564 )
00000471: 15.1336   (Y': 15.7521   Cb: 14.3584   Cr: 13.8768 )
00000472: 15.1059   (Y': 15.7541   Cb: 14.2175   Cr: 13.8752 )
00000473: 15.0971   (Y': 15.7361   Cb: 14.2119   Cr: 13.8873 )
00000474: 15.0639   (Y': 15.6819   Cb: 14.2892   Cr: 13.8081 )
00000475: 15.109    (Y': 15.7274   Cb: 14.2578   Cr: 13.922  )
00000476: 15.0903   (Y': 15.7113   Cb: 14.2751   Cr: 13.8632 )
00000477: 15.0953   (Y': 15.7255   Cb: 14.2973   Cr: 13.8288 )
00000478: 15.1193   (Y': 15.7541   Cb: 14.2662   Cr: 13.891  )
00000479: 15.1254   (Y': 15.7573   Cb: 14.3025   Cr: 13.8771 )
00000480: 15.0949   (Y': 15.7258   Cb: 14.2043   Cr: 13.9114 )
00000481: 15.0997   (Y': 15.7091   Cb: 14.2684   Cr: 13.9179 )
00000482: 15.0803   (Y': 15.6845   Cb: 14.254    Cr: 13.9077 )
00000483: 15.0897   (Y': 15.7001   Cb: 14.263    Cr: 13.9014 )
00000484: 15.1036   (Y': 15.7039   Cb: 14.3123   Cr: 13.9092 )
00000485: 15.0934   (Y': 15.74     Cb: 14.228    Cr: 13.8459 )
00000486: 15.0996   (Y': 15.725    Cb: 14.269    Cr: 13.8753 )
00000487: 15.0871   (Y': 15.7268   Cb: 14.2313   Cr: 13.8482 )
00000488: 15.0915   (Y': 15.7071   Cb: 14.2694   Cr: 13.8849 )
00000489: 15.1411   (Y': 15.7728   Cb: 14.3356   Cr: 13.8776 )
00000490: 15.1186   (Y': 15.7607   Cb: 14.2291   Cr: 13.9049 )
00000491: 15.1098   (Y': 15.745    Cb: 14.2554   Cr: 13.8816 )
00000492: 15.0987   (Y': 15.7147   Cb: 14.2761   Cr: 13.8916 )
00000493: 15.1119   (Y': 15.7165   Cb: 14.3096   Cr: 13.9161 )
00000494: 15.0991   (Y': 15.7303   Cb: 14.2189   Cr: 13.905  )
00000495: 15.0853   (Y': 15.7035   Cb: 14.269    Cr: 13.8669 )
00000496: 15.0923   (Y': 15.701    Cb: 14.2796   Cr: 13.8953 )
00000497: 15.1206   (Y': 15.7208   Cb: 14.3061   Cr: 13.9476 )
00000498: 15.113    (Y': 15.742    Cb: 14.2592   Cr: 13.9005 )
00000499: 15.1203   (Y': 15.7329   Cb: 14.3072   Cr: 13.9135 )
00000501: 15.0872   (Y': 15.7303   Cb: 14.27     Cr: 13.805  )
00000502: 15.0976   (Y': 15.7219   Cb: 14.2586   Cr: 13.8835 )
00000500: 15.0553   (Y': 15.6612   Cb: 14.2424   Cr: 13.8658 )
00000503: 15.0942   (Y': 15.7158   Cb: 14.2811   Cr: 13.8638 )
00000505: 15.1001   (Y': 15.752    Cb: 14.198    Cr: 13.8725 )
00000504: 15.0865   (Y': 15.7172   Cb: 14.2301   Cr: 13.8719 )
00000507: 15.0856   (Y': 15.7088   Cb: 14.2671   Cr: 13.8556 )
00000506: 15.073    (Y': 15.7126   Cb: 14.2302   Cr: 13.8228 )
00000508: 15.1053   (Y': 15.7495   Cb: 14.2379   Cr: 13.8657 )
00000509: 15.0956   (Y': 15.7079   Cb: 14.2253   Cr: 13.9426 )
00000510: 15.0502   (Y': 15.6839   Cb: 14.224    Cr: 13.8    )
00000511: 15.0559   (Y': 15.6741   Cb: 14.286    Cr: 13.7955 )
00000512: 15.0995   (Y': 15.7025   Cb: 14.28     Cr: 13.924  )
00000513: 15.0694   (Y': 15.6835   Cb: 14.2447   Cr: 13.8691 )
00000514: 15.0984   (Y': 15.7019   Cb: 14.2348   Cr: 13.9622 )
00000515: 15.0992   (Y': 15.7061   Cb: 14.2445   Cr: 13.9457 )
00000516: 15.1166   (Y': 15.7219   Cb: 14.2822   Cr: 13.9487 )
00000517: 15.1084   (Y': 15.7523   Cb: 14.2211   Cr: 13.8878 )
00000518: 15.0909   (Y': 15.7017   Cb: 14.2967   Cr: 13.8715 )
00000519: 15.1031   (Y': 15.7155   Cb: 14.3024   Cr: 13.8851 )
00000520: 15.0916   (Y': 15.6823   Cb: 14.3375   Cr: 13.8891 )
00000521: 15.081    (Y': 15.6816   Cb: 14.2802   Cr: 13.8947 )
00000522: 15.0976   (Y': 15.707    Cb: 14.2784   Cr: 13.9047 )
00000523: 15.0819   (Y': 15.7436   Cb: 14.2071   Cr: 13.8036 )
00000524: 15.0981   (Y': 15.7032   Cb: 14.2862   Cr: 13.91   )
00000525: 15.0914   (Y': 15.7275   Cb: 14.2818   Cr: 13.8203 )
00000526: 15.0759   (Y': 15.7052   Cb: 14.228    Cr: 13.8571 )
00000527: 15.0771   (Y': 15.7146   Cb: 14.2683   Cr: 13.8015 )
00000528: 15.0748   (Y': 15.7057   Cb: 14.225    Cr: 13.8534 )
00000529: 15.0469   (Y': 15.6792   Cb: 14.1815   Cr: 13.8364 )
00000530: 15.1082   (Y': 15.7265   Cb: 14.2725   Cr: 13.9071 )
00000531: 15.099    (Y': 15.7078   Cb: 14.312    Cr: 13.878  )
00000532: 15.091    (Y': 15.7046   Cb: 14.2696   Cr: 13.8889 )
00000533: 15.1093   (Y': 15.7192   Cb: 14.2998   Cr: 13.9062 )
00000534: 15.0825   (Y': 15.7074   Cb: 14.2241   Cr: 13.8848 )
00000535: 15.096    (Y': 15.7114   Cb: 14.2272   Cr: 13.933  )
00000536: 15.0926   (Y': 15.7174   Cb: 14.2142   Cr: 13.9138 )
00000537: 15.1004   (Y': 15.7388   Cb: 14.2589   Cr: 13.8523 )
00000538: 15.0722   (Y': 15.6997   Cb: 14.217    Cr: 13.865  )
00000539: 15.0903   (Y': 15.6895   Cb: 14.2621   Cr: 13.9329 )
00000540: 15.0933   (Y': 15.698    Cb: 14.3067   Cr: 13.8831 )
00000541: 15.0859   (Y': 15.6867   Cb: 14.283    Cr: 13.901  )
00000542: 15.0987   (Y': 15.7382   Cb: 14.2519   Cr: 13.8525 )
00000543: 15.1002   (Y': 15.7013   Cb: 14.2944   Cr: 13.9173 )
00000544: 15.0598   (Y': 15.6943   Cb: 14.2898   Cr: 13.7571 )
00000545: 15.0786   (Y': 15.6994   Cb: 14.2723   Cr: 13.8441 )
00000546: 15.0811   (Y': 15.6987   Cb: 14.2409   Cr: 13.8858 )
00000547: 15.1155   (Y': 15.7361   Cb: 14.2992   Cr: 13.8905 )
00000548: 15.1022   (Y': 15.7171   Cb: 14.3291   Cr: 13.8531 )
00000549: 15.1184   (Y': 15.7368   Cb: 14.3234   Cr: 13.8798 )
00000550: 15.103    (Y': 15.7319   Cb: 14.2303   Cr: 13.9083 )
00000551: 15.0589   (Y': 15.7337   Cb: 14.1819   Cr: 13.7498 )
00000552: 15.0827   (Y': 15.7116   Cb: 14.2358   Cr: 13.8642 )
00000553: 15.0914   (Y': 15.7036   Cb: 14.2608   Cr: 13.9018 )
00000554: 15.1018   (Y': 15.7304   Cb: 14.3013   Cr: 13.8419 )
00000555: 15.0732   (Y': 15.7096   Cb: 14.2415   Cr: 13.8214 )
00000556: 15.0952   (Y': 15.7199   Cb: 14.2265   Cr: 13.9076 )
00000557: 15.1114   (Y': 15.7486   Cb: 14.2612   Cr: 13.874  )
00000558: 15.078    (Y': 15.7337   Cb: 14.2068   Cr: 13.812  )
00000559: 15.0855   (Y': 15.7101   Cb: 14.2446   Cr: 13.8724 )
00000560: 15.1023   (Y': 15.7356   Cb: 14.2542   Cr: 13.8735 )
00000561: 15.0885   (Y': 15.7195   Cb: 14.2428   Cr: 13.8632 )
00000562: 15.1099   (Y': 15.7417   Cb: 14.2347   Cr: 13.9098 )
00000563: 15.113    (Y': 15.745    Cb: 14.294    Cr: 13.8608 )
00000564: 15.1392   (Y': 15.7442   Cb: 14.2987   Cr: 13.9776 )
00000565: 15.0971   (Y': 15.699    Cb: 14.2476   Cr: 13.9524 )
00000566: 15.0895   (Y': 15.7119   Cb: 14.2077   Cr: 13.9202 )
00000567: 15.0993   (Y': 15.7547   Cb: 14.2311   Cr: 13.8313 )
00000568: 15.0886   (Y': 15.7305   Cb: 14.19     Cr: 13.884  )
00000569: 15.0686   (Y': 15.714    Cb: 14.1831   Cr: 13.8425 )
00000570: 15.079    (Y': 15.7393   Cb: 14.2364   Cr: 13.7755 )
00000571: 15.0554   (Y': 15.6912   Cb: 14.1666   Cr: 13.8574 )
00000572: 15.0636   (Y': 15.726    Cb: 14.1336   Cr: 13.8346 )
00000573: 15.0967   (Y': 15.7296   Cb: 14.2182   Cr: 13.8969 )
00000574: 15.0755   (Y': 15.7144   Cb: 14.2007   Cr: 13.8563 )
00000575: 15.0662   (Y': 15.7065   Cb: 14.2021   Cr: 13.8333 )
00000576: 15.0716   (Y': 15.7085   Cb: 14.1843   Cr: 13.8692 )
00000577: 15.0608   (Y': 15.7373   Cb: 14.1268   Cr: 13.7995 )
00000578: 14.9913   (Y': 15.6481   Cb: 14.1276   Cr: 13.7156 )
00000579: 14.9528   (Y': 15.6356   Cb: 14.0547   Cr: 13.6426 )
00000580: 14.8844   (Y': 15.5689   Cb: 13.9837   Cr: 13.5719 )
00000581: 14.8892   (Y': 15.5241   Cb: 14.0645   Cr: 13.6348 )
00000582: 14.9201   (Y': 15.5894   Cb: 14.0174   Cr: 13.6484 )
00000583: 14.9631   (Y': 15.5747   Cb: 14.1747   Cr: 13.7365 )
00000584: 15.0005   (Y': 15.6427   Cb: 14.156    Cr: 13.7449 )
00000585: 15.0469   (Y': 15.6787   Cb: 14.1535   Cr: 13.8634 )
00000586: 15.0496   (Y': 15.6882   Cb: 14.2054   Cr: 13.8032 )
00000587: 15.0603   (Y': 15.724    Cb: 14.1245   Cr: 13.8338 )
00000588: 15.0252   (Y': 15.6676   Cb: 14.1576   Cr: 13.7905 )
00000589: 15.0309   (Y': 15.6878   Cb: 14.1975   Cr: 13.7277 )
00000590: 15.0069   (Y': 15.683    Cb: 14.1414   Cr: 13.6839 )
00000591: 15.0823   (Y': 15.7836   Cb: 14.1686   Cr: 13.7394 )
00000592: 15.2335   (Y': 15.7893   Cb: 14.5014   Cr: 14.1046 )
00000593: 15.1643   (Y': 15.8471   Cb: 14.2403   Cr: 13.8778 )
00000594: 15.1579   (Y': 15.8051   Cb: 14.2433   Cr: 13.9541 )
00000595: 15.1584   (Y': 15.807    Cb: 14.2438   Cr: 13.9512 )
00000596: 15.1972   (Y': 15.8429   Cb: 14.3211   Cr: 13.9617 )
00000598: 15.1396   (Y': 15.7662   Cb: 14.2988   Cr: 13.9215 )
00000597: 15.1836   (Y': 15.8147   Cb: 14.3056   Cr: 13.9878 )
00000599: 15.1262   (Y': 15.7491   Cb: 14.317    Cr: 13.8888 )
00000600: 15.1135   (Y': 15.7415   Cb: 14.2612   Cr: 13.902  )
00000601: 15.0954   (Y': 15.7044   Cb: 14.2683   Cr: 13.9111 )
00000602: 15.1012   (Y': 15.7137   Cb: 14.2579   Cr: 13.9225 )
00000603: 15.1044   (Y': 15.6933   Cb: 14.2891   Cr: 13.9628 )
00000604: 15.0877   (Y': 15.6991   Cb: 14.2318   Cr: 13.9238 )
00000606: 15.0706   (Y': 15.7108   Cb: 14.1864   Cr: 13.857  )
00000605: 15.0982   (Y': 15.7073   Cb: 14.242    Cr: 13.9404 )
00000607: 15.1526   (Y': 15.7726   Cb: 14.2555   Cr: 14.0043 )
00000609: 15.2411   (Y': 15.8799   Cb: 14.347    Cr: 14.0405 )
00000608: 15.2071   (Y': 15.8654   Cb: 14.2828   Cr: 13.9832 )
00000610: 15.2305   (Y': 15.8757   Cb: 14.3437   Cr: 14.0062 )
00000611: 15.183    (Y': 15.7407   Cb: 14.3673   Cr: 14.1264 )
00000612: 15.1556   (Y': 15.7317   Cb: 14.3901   Cr: 14.0024 )
00000613: 15.1664   (Y': 15.7802   Cb: 14.3628   Cr: 13.9474 )
00000614: 15.1457   (Y': 15.777    Cb: 14.245    Cr: 13.9703 )
00000615: 15.1506   (Y': 15.8106   Cb: 14.253    Cr: 13.898  )
00000617: 15.1094   (Y': 15.7267   Cb: 14.2932   Cr: 13.8931 )
00000616: 15.1286   (Y': 15.7698   Cb: 14.2348   Cr: 13.9211 )
00000618: 15.0953   (Y': 15.7214   Cb: 14.2284   Cr: 13.9024 )
00000619: 15.1137   (Y': 15.7401   Cb: 14.2697   Cr: 13.8989 )
00000620: 15.1006   (Y': 15.733    Cb: 14.208    Cr: 13.9152 )
00000622: 15.1082   (Y': 15.7438   Cb: 14.236    Cr: 13.8953 )
00000621: 15.105    (Y': 15.7401   Cb: 14.1892   Cr: 13.9341 )
00000623: 15.0483   (Y': 15.6813   Cb: 14.1823   Cr: 13.8365 )
00000624: 15.0709   (Y': 15.6817   Cb: 14.2693   Cr: 13.8581 )
00000625: 15.1033   (Y': 15.7428   Cb: 14.2302   Cr: 13.881  )
00000626: 15.1106   (Y': 15.7359   Cb: 14.2477   Cr: 13.9161 )
00000627: 15.0964   (Y': 15.7413   Cb: 14.2162   Cr: 13.8667 )
00000628: 15.0869   (Y': 15.7395   Cb: 14.1992   Cr: 13.8442 )
00000629: 15.0978   (Y': 15.7579   Cb: 14.1667   Cr: 13.8759 )
00000630: 15.0692   (Y': 15.6997   Cb: 14.1659   Cr: 13.8989 )
00000631: 15.0866   (Y': 15.7525   Cb: 14.1523   Cr: 13.8529 )
00000632: 15.0892   (Y': 15.7398   Cb: 14.1722   Cr: 13.8788 )
00000633: 15.0827   (Y': 15.7572   Cb: 14.1299   Cr: 13.8436 )
00000634: 15.1015   (Y': 15.7548   Cb: 14.1866   Cr: 13.8821 )
00000635: 15.1404   (Y': 15.7911   Cb: 14.223    Cr: 13.9302 )
00000636: 15.0688   (Y': 15.7249   Cb: 14.1543   Cr: 13.8419 )
00000637: 15.1049   (Y': 15.7658   Cb: 14.1895   Cr: 13.8664 )
00000638: 15.1069   (Y': 15.7826   Cb: 14.1927   Cr: 13.829  )
00000639: 15.0887   (Y': 15.728    Cb: 14.2061   Cr: 13.8757 )
00000641: 15.1309   (Y': 15.7763   Cb: 14.2496   Cr: 13.9009 )
00000640: 15.1125   (Y': 15.8038   Cb: 14.1536   Cr: 13.8364 )
00000642: 15.121    (Y': 15.7847   Cb: 14.2095   Cr: 13.8716 )
00000643: 15.1363   (Y': 15.8024   Cb: 14.2486   Cr: 13.8588 )
00000644: 15.1095   (Y': 15.758    Cb: 14.2364   Cr: 13.8638 )
00000645: 15.1216   (Y': 15.7736   Cb: 14.2232   Cr: 13.8903 )
00000646: 15.09     (Y': 15.7436   Cb: 14.149    Cr: 13.8942 )
00000647: 15.0403   (Y': 15.7051   Cb: 14.1277   Cr: 13.789  )
00000649: 15.0956   (Y': 15.7292   Cb: 14.2423   Cr: 13.8708 )
00000648: 15.116    (Y': 15.7579   Cb: 14.2378   Cr: 13.8923 )
00000650: 15.0937   (Y': 15.7223   Cb: 14.2166   Cr: 13.9035 )
00000651: 15.086    (Y': 15.7103   Cb: 14.2517   Cr: 13.8677 )
00000652: 15.0947   (Y': 15.7242   Cb: 14.2263   Cr: 13.8944 )
00000653: 15.0563   (Y': 15.6931   Cb: 14.2105   Cr: 13.8159 )
00000654: 15.0904   (Y': 15.6964   Cb: 14.2443   Cr: 13.9317 )
00000655: 15.0709   (Y': 15.7013   Cb: 14.1431   Cr: 13.924  )
00000656: 15.1143   (Y': 15.7496   Cb: 14.1938   Cr: 13.9473 )
00000657: 15.123    (Y': 15.763    Cb: 14.1951   Cr: 13.9508 )
00000658: 15.0755   (Y': 15.7328   Cb: 14.1394   Cr: 13.8657 )
00000659: 15.0871   (Y': 15.7008   Cb: 14.2257   Cr: 13.922  )
00000660: 15.1135   (Y': 15.7385   Cb: 14.2674   Cr: 13.9041 )
00000661: 15.097    (Y': 15.7345   Cb: 14.1865   Cr: 13.915  )
00000662: 15.1068   (Y': 15.7579   Cb: 14.2121   Cr: 13.8747 )
00000663: 15.0694   (Y': 15.7217   Cb: 14.1679   Cr: 13.8402 )
00000665: 15.071    (Y': 15.7163   Cb: 14.1556   Cr: 13.8729 )
00000664: 15.0853   (Y': 15.74     Cb: 14.1806   Cr: 13.8528 )
00000666: 15.0902   (Y': 15.7479   Cb: 14.1456   Cr: 13.8871 )
00000667: 15.0932   (Y': 15.7322   Cb: 14.2403   Cr: 13.8537 )
00000668: 15.069    (Y': 15.718    Cb: 14.1536   Cr: 13.8614 )
00000669: 15.0981   (Y': 15.7262   Cb: 14.1907   Cr: 13.9377 )
00000670: 15.09     (Y': 15.7477   Cb: 14.1512   Cr: 13.8814 )
00000671: 15.1417   (Y': 15.7892   Cb: 14.1805   Cr: 13.9812 )
00000672: 15.0917   (Y': 15.7276   Cb: 14.2327   Cr: 13.8662 )
00000673: 15.1205   (Y': 15.752    Cb: 14.2734   Cr: 13.8955 )
00000674: 15.1293   (Y': 15.7651   Cb: 14.209    Cr: 13.9607 )
00000675: 15.1259   (Y': 15.7553   Cb: 14.2405   Cr: 13.9416 )
00000676: 15.0659   (Y': 15.7354   Cb: 14.1669   Cr: 13.7901 )
00000677: 15.0913   (Y': 15.7397   Cb: 14.1855   Cr: 13.8762 )
00000678: 15.1453   (Y': 15.7575   Cb: 14.2238   Cr: 14.041  )
00000679: 15.1118   (Y': 15.7497   Cb: 14.2188   Cr: 13.9121 )
00000680: 15.1269   (Y': 15.7641   Cb: 14.231    Cr: 13.9318 )
00000681: 15.1142   (Y': 15.7621   Cb: 14.2128   Cr: 13.8961 )
00000682: 15.1132   (Y': 15.7287   Cb: 14.238    Cr: 13.9561 )
00000683: 15.097    (Y': 15.7565   Cb: 14.1724   Cr: 13.8706 )
00000684: 15.1203   (Y': 15.7779   Cb: 14.1704   Cr: 13.9226 )
00000685: 15.1147   (Y': 15.7653   Cb: 14.2005   Cr: 13.9016 )
00000686: 15.1137   (Y': 15.7796   Cb: 14.1555   Cr: 13.9021 )
00000687: 15.097    (Y': 15.7717   Cb: 14.1323   Cr: 13.8692 )
00000688: 15.1205   (Y': 15.7929   Cb: 14.1682   Cr: 13.8865 )
00000689: 15.0902   (Y': 15.7515   Cb: 14.1573   Cr: 13.8668 )
00000690: 15.1222   (Y': 15.7723   Cb: 14.1967   Cr: 13.9212 )
00000691: 15.1266   (Y': 15.7603   Cb: 14.2352   Cr: 13.9366 )
00000692: 15.1255   (Y': 15.7745   Cb: 14.228    Cr: 13.9012 )
00000693: 15.1156   (Y': 15.7411   Cb: 14.2154   Cr: 13.9553 )
00000694: 15.089    (Y': 15.7231   Cb: 14.1725   Cr: 13.9215 )
00000695: 15.1074   (Y': 15.7532   Cb: 14.2182   Cr: 13.8837 )
00000696: 15.1145   (Y': 15.726    Cb: 14.2511   Cr: 13.9572 )
00000697: 15.1284   (Y': 15.7593   Cb: 14.2417   Cr: 13.9411 )
00000698: 15.1069   (Y': 15.7164   Cb: 14.2497   Cr: 13.9491 )
00000699: 15.1086   (Y': 15.7493   Cb: 14.1894   Cr: 13.9263 )
00000700: 15.1329   (Y': 15.7439   Cb: 14.295    Cr: 13.953  )
00000701: 15.1248   (Y': 15.7526   Cb: 14.2485   Cr: 13.9362 )
00000702: 15.1037   (Y': 15.7077   Cb: 14.2308   Cr: 13.9751 )
00000703: 15.1457   (Y': 15.7653   Cb: 14.2756   Cr: 13.9731 )
00000705: 15.0936   (Y': 15.699    Cb: 14.2475   Cr: 13.9363 )
00000704: 15.1179   (Y': 15.7485   Cb: 14.2545   Cr: 13.91   )
00000706: 15.1111   (Y': 15.7315   Cb: 14.2349   Cr: 13.942  )
00000707: 15.1313   (Y': 15.7769   Cb: 14.2328   Cr: 13.9165 )
00000708: 15.1493   (Y': 15.7735   Cb: 14.2894   Cr: 13.9551 )
00000709: 15.1341   (Y': 15.7785   Cb: 14.2403   Cr: 13.9182 )
00000710: 15.0812   (Y': 15.7313   Cb: 14.1856   Cr: 13.8522 )
00000711: 15.1042   (Y': 15.7288   Cb: 14.2703   Cr: 13.8847 )
00000713: 15.1063   (Y': 15.73     Cb: 14.2216   Cr: 13.9361 )
00000712: 15.1311   (Y': 15.7265   Cb: 14.3015   Cr: 13.985  )
00000714: 15.1092   (Y': 15.7462   Cb: 14.2207   Cr: 13.9078 )
00000715: 15.1252   (Y': 15.7151   Cb: 14.3436   Cr: 13.9496 )
00000716: 15.1009   (Y': 15.7017   Cb: 14.244    Cr: 13.966  )
00000717: 15.132    (Y': 15.7406   Cb: 14.2898   Cr: 13.9625 )
00000718: 15.1257   (Y': 15.7192   Cb: 14.2701   Cr: 14.0092 )
00000719: 15.0879   (Y': 15.6506   Cb: 14.3038   Cr: 13.9879 )
00000721: 15.1552   (Y': 15.741    Cb: 14.3396   Cr: 14.0219 )
00000720: 15.1125   (Y': 15.7219   Cb: 14.2708   Cr: 13.9401 )
00000722: 15.1428   (Y': 15.7142   Cb: 14.3423   Cr: 14.0344 )
00000723: 15.1166   (Y': 15.7099   Cb: 14.2695   Cr: 13.9925 )
00000724: 15.0667   (Y': 15.6976   Cb: 14.2097   Cr: 13.8521 )
00000725: 15.1466   (Y': 15.755    Cb: 14.273    Cr: 14.0072 )
00000726: 15.1235   (Y': 15.7368   Cb: 14.242    Cr: 13.9783 )
00000727: 15.1286   (Y': 15.7339   Cb: 14.2504   Cr: 14.0017 )
00000728: 15.1033   (Y': 15.7019   Cb: 14.3348   Cr: 13.893  )
00000729: 15.1201   (Y': 15.7252   Cb: 14.2842   Cr: 13.9542 )
00000730: 15.1043   (Y': 15.7174   Cb: 14.2259   Cr: 13.9565 )
00000731: 15.1637   (Y': 15.7632   Cb: 14.3185   Cr: 14.0214 )
00000732: 15.1235   (Y': 15.7168   Cb: 14.2715   Cr: 14.0041 )
00000733: 15.1438   (Y': 15.7261   Cb: 14.3301   Cr: 14.0182 )
00000734: 15.1447   (Y': 15.7348   Cb: 14.3415   Cr: 13.9886 )
00000735: 15.1311   (Y': 15.7242   Cb: 14.3238   Cr: 13.9707 )
00000736: 15.1216   (Y': 15.7123   Cb: 14.2807   Cr: 13.9987 )
00000737: 15.0929   (Y': 15.6783   Cb: 14.2893   Cr: 13.9497 )
00000738: 15.1276   (Y': 15.7236   Cb: 14.2956   Cr: 13.9822 )
00000739: 15.1232   (Y': 15.7409   Cb: 14.2948   Cr: 13.9169 )
00000740: 15.1302   (Y': 15.7144   Cb: 14.3303   Cr: 13.9868 )
00000741: 15.1342   (Y': 15.7179   Cb: 14.277    Cr: 14.046  )
00000742: 15.1296   (Y': 15.7187   Cb: 14.3004   Cr: 14.0004 )
00000743: 15.1262   (Y': 15.7297   Cb: 14.3024   Cr: 13.9534 )
00000745: 15.1111   (Y': 15.6966   Cb: 14.2877   Cr: 13.986  )
00000744: 15.1241   (Y': 15.7386   Cb: 14.2956   Cr: 13.9264 )
00000746: 15.1181   (Y': 15.6907   Cb: 14.3094   Cr: 14.0141 )
00000747: 15.097    (Y': 15.6706   Cb: 14.2685   Cr: 14.0089 )
00000748: 15.0922   (Y': 15.6903   Cb: 14.2355   Cr: 13.9644 )
00000749: 15.1319   (Y': 15.7082   Cb: 14.3058   Cr: 14.034  )
00000750: 15.1203   (Y': 15.6992   Cb: 14.2869   Cr: 14.0221 )
00000751: 15.15     (Y': 15.7279   Cb: 14.3144   Cr: 14.0566 )
00000752: 15.1165   (Y': 15.7131   Cb: 14.2743   Cr: 13.9787 )
00000753: 15.1342   (Y': 15.7344   Cb: 14.2927   Cr: 13.9866 )
00000754: 15.1105   (Y': 15.7093   Cb: 14.2739   Cr: 13.962  )
00000755: 15.1134   (Y': 15.7137   Cb: 14.2759   Cr: 13.9617 )
00000756: 15.1274   (Y': 15.7114   Cb: 14.3009   Cr: 14.0093 )
00000757: 15.1004   (Y': 15.693    Cb: 14.251    Cr: 13.9806 )
00000758: 15.0927   (Y': 15.6683   Cb: 14.2812   Cr: 13.9833 )
00000759: 15.1309   (Y': 15.7094   Cb: 14.3626   Cr: 13.9739 )
00000760: 15.1439   (Y': 15.7309   Cb: 14.3026   Cr: 14.0315 )
00000761: 15.1559   (Y': 15.7482   Cb: 14.3098   Cr: 14.0335 )
00000762: 15.1312   (Y': 15.7151   Cb: 14.3682   Cr: 13.9547 )
00000763: 15.1497   (Y': 15.7497   Cb: 14.2982   Cr: 14.0118 )
00000764: 15.1308   (Y': 15.7122   Cb: 14.3142   Cr: 14.0105 )
00000765: 15.1416   (Y': 15.7382   Cb: 14.3275   Cr: 13.9779 )
00000767: 15.1224   (Y': 15.7523   Cb: 14.2639   Cr: 13.912  )
00000766: 15.1165   (Y': 15.7216   Cb: 14.3154   Cr: 13.9186 )
00000768: 15.114    (Y': 15.7123   Cb: 14.2477   Cr: 13.9948 )
00000769: 15.0859   (Y': 15.671    Cb: 14.2708   Cr: 13.9542 )
00000770: 15.13     (Y': 15.7223   Cb: 14.3087   Cr: 13.9848 )
00000771: 15.1253   (Y': 15.7197   Cb: 14.3018   Cr: 13.9765 )
00000772: 15.16     (Y': 15.7551   Cb: 14.2886   Cr: 14.0537 )
00000773: 15.1251   (Y': 15.7177   Cb: 14.3112   Cr: 13.9721 )
00000775: 15.1303   (Y': 15.7396   Cb: 14.2951   Cr: 13.9527 )
00000774: 15.1538   (Y': 15.7506   Cb: 14.3085   Cr: 14.0186 )
00000776: 15.1559   (Y': 15.7434   Cb: 14.3574   Cr: 14.0025 )
00000777: 15.1463   (Y': 15.7279   Cb: 14.3255   Cr: 14.0295 )
00000778: 15.1492   (Y': 15.7578   Cb: 14.3109   Cr: 13.9763 )
00000779: 15.1528   (Y': 15.7765   Cb: 14.2631   Cr: 13.9875 )
00000780: 15.1212   (Y': 15.7358   Cb: 14.2764   Cr: 13.9384 )
00000781: 15.1565   (Y': 15.7816   Cb: 14.265    Cr: 13.9895 )
00000783: 15.1498   (Y': 15.7714   Cb: 14.2854   Cr: 13.9664 )
00000782: 15.137    (Y': 15.7627   Cb: 14.2758   Cr: 13.9399 )
00000784: 15.1443   (Y': 15.7653   Cb: 14.2673   Cr: 13.9741 )
00000785: 15.112    (Y': 15.7289   Cb: 14.2682   Cr: 13.922  )
00000786: 15.1312   (Y': 15.7524   Cb: 14.282    Cr: 13.9345 )
00000787: 15.0992   (Y': 15.7226   Cb: 14.2035   Cr: 13.9404 )
00000788: 15.1697   (Y': 15.7837   Cb: 14.3149   Cr: 13.9976 )
00000789: 15.1216   (Y': 15.7559   Cb: 14.2434   Cr: 13.9175 )
00000790: 15.1389   (Y': 15.7694   Cb: 14.2933   Cr: 13.9148 )
00000791: 15.1348   (Y': 15.7544   Cb: 14.2603   Cr: 13.9662 )
00000792: 15.1321   (Y': 15.742    Cb: 14.2299   Cr: 14.0157 )
00000793: 15.1446   (Y': 15.7717   Cb: 14.2493   Cr: 13.9755 )
00000794: 15.1088   (Y': 15.7455   Cb: 14.1931   Cr: 13.9337 )
00000795: 15.1745   (Y': 15.7982   Cb: 14.3286   Cr: 13.9686 )
00000796: 15.1272   (Y': 15.7872   Cb: 14.2071   Cr: 13.8951 )
00000797: 15.1735   (Y': 15.7905   Cb: 14.315    Cr: 13.997  )
00000798: 15.0954   (Y': 15.7207   Cb: 14.2246   Cr: 13.9081 )
00000799: 15.0763   (Y': 15.7444   Cb: 14.1752   Cr: 13.8062 )
00000800: 15.072    (Y': 15.7216   Cb: 14.1558   Cr: 13.8635 )
00000801: 15.0969   (Y': 15.7274   Cb: 14.2202   Cr: 13.9015 )
00000802: 15.0898   (Y': 15.7411   Cb: 14.1669   Cr: 13.8831 )
00000803: 15.104    (Y': 15.797    Cb: 14.162    Cr: 13.8078 )
00000804: 15.1074   (Y': 15.7857   Cb: 14.1535   Cr: 13.8599 )
00000805: 15.1127   (Y': 15.7616   Cb: 14.2109   Cr: 13.8925 )
00000807: 15.0764   (Y': 15.7734   Cb: 14.119    Cr: 13.7843 )
00000806: 15.1229   (Y': 15.7788   Cb: 14.2332   Cr: 13.8734 )
00000808: 15.1223   (Y': 15.7809   Cb: 14.2416   Cr: 13.8574 )
00000809: 15.0983   (Y': 15.7405   Cb: 14.2068   Cr: 13.8861 )
00000810: 15.1044   (Y': 15.7348   Cb: 14.2183   Cr: 13.9182 )
00000811: 15.139    (Y': 15.7653   Cb: 14.205    Cr: 14.0086 )
00000812: 15.1017   (Y': 15.7423   Cb: 14.2314   Cr: 13.8741 )
00000813: 15.12     (Y': 15.7971   Cb: 14.2003   Cr: 13.844  )
00000814: 15.1253   (Y': 15.8015   Cb: 14.2102   Cr: 13.8472 )
00000815: 15.1162   (Y': 15.7637   Cb: 14.1827   Cr: 13.9292 )
00000816: 15.1556   (Y': 15.7883   Cb: 14.2646   Cr: 13.968  )
00000817: 15.1792   (Y': 15.8117   Cb: 14.2939   Cr: 13.9867 )
00000818: 15.1984   (Y': 15.8614   Cb: 14.2994   Cr: 13.9391 )
00000819: 15.2157   (Y': 15.8769   Cb: 14.339    Cr: 13.9408 )
00000820: 15.2328   (Y': 15.8652   Cb: 14.3714   Cr: 14.0185 )
00000821: 15.2121   (Y': 15.8529   Cb: 14.3136   Cr: 14.0101 )
00000822: 15.2174   (Y': 15.8775   Cb: 14.2928   Cr: 13.9894 )
00000823: 15.2182   (Y': 15.8699   Cb: 14.2978   Cr: 14.0082 )
00000824: 15.1718   (Y': 15.8221   Cb: 14.2659   Cr: 13.9518 )
00000825: 15.1607   (Y': 15.7942   Cb: 14.2716   Cr: 13.9692 )
00000826: 15.1135   (Y': 15.732    Cb: 14.3049   Cr: 13.8872 )
00000827: 15.1351   (Y': 15.7362   Cb: 14.2562   Cr: 14.0198 )
00000828: 15.1517   (Y': 15.7268   Cb: 14.3458   Cr: 14.0383 )
00000829: 15.1295   (Y': 15.7293   Cb: 14.3186   Cr: 13.9547 )
00000830: 15.139    (Y': 15.7319   Cb: 14.2818   Cr: 14.0257 )
00000831: 15.1183   (Y': 15.7164   Cb: 14.2632   Cr: 13.9888 )
00000832: 15.1559   (Y': 15.7277   Cb: 14.3632   Cr: 14.0392 )
00000833: 15.1129   (Y': 15.7158   Cb: 14.3054   Cr: 13.9265 )
00000834: 15.1208   (Y': 15.7554   Cb: 14.2434   Cr: 13.9153 )
00000835: 15.0904   (Y': 15.677    Cb: 14.2705   Cr: 13.959  )
00000836: 15.1333   (Y': 15.74     Cb: 14.2922   Cr: 13.968  )
00000837: 15.1447   (Y': 15.7452   Cb: 14.3056   Cr: 13.9939 )
00000838: 15.1166   (Y': 15.7612   Cb: 14.2182   Cr: 13.9045 )
00000839: 15.0896   (Y': 15.7266   Cb: 14.2709   Cr: 13.8243 )
00000841: 15.1152   (Y': 15.7276   Cb: 14.3025   Cr: 13.9084 )
00000840: 15.1325   (Y': 15.7315   Cb: 14.343    Cr: 13.9401 )
00000842: 15.125    (Y': 15.7222   Cb: 14.2844   Cr: 13.9844 )
00000843: 15.1129   (Y': 15.719    Cb: 14.3093   Cr: 13.9146 )
00000844: 15.126    (Y': 15.731    Cb: 14.3106   Cr: 13.9411 )
00000845: 15.1323   (Y': 15.7019   Cb: 14.3367   Cr: 14.0245 )
00000847: 15.1159   (Y': 15.7208   Cb: 14.2942   Cr: 13.9369 )
00000846: 15.0934   (Y': 15.7087   Cb: 14.2239   Cr: 13.9316 )
00000848: 15.104    (Y': 15.7344   Cb: 14.2689   Cr: 13.8705 )
00000849: 15.1735   (Y': 15.7638   Cb: 14.3446   Cr: 14.0405 )
00000850: 15.1441   (Y': 15.7758   Cb: 14.3101   Cr: 13.9064 )
00000851: 15.1407   (Y': 15.7503   Cb: 14.286    Cr: 13.9799 )
00000852: 15.14     (Y': 15.7372   Cb: 14.3529   Cr: 13.9503 )
00000853: 15.141    (Y': 15.7242   Cb: 14.3352   Cr: 14.0058 )
00000854: 15.1423   (Y': 15.7275   Cb: 14.3708   Cr: 13.9701 )
00000855: 15.1303   (Y': 15.7579   Cb: 14.2724   Cr: 13.9251 )
00000856: 15.1434   (Y': 15.7833   Cb: 14.2401   Cr: 13.9482 )
00000857: 15.0807   (Y': 15.687    Cb: 14.2216   Cr: 13.933  )
00000858: 15.1438   (Y': 15.7601   Cb: 14.3318   Cr: 13.926  )
00000859: 15.1265   (Y': 15.7288   Cb: 14.2581   Cr: 13.9982 )
00000860: 15.0925   (Y': 15.6985   Cb: 14.2546   Cr: 13.9258 )
00000861: 15.1345   (Y': 15.761    Cb: 14.2745   Cr: 13.9345 )
00000862: 15.1221   (Y': 15.7124   Cb: 14.3239   Cr: 13.9609 )
00000863: 15.1076   (Y': 15.7173   Cb: 14.3107   Cr: 13.8937 )
00000864: 15.1439   (Y': 15.7505   Cb: 14.342    Cr: 13.9426 )
00000865: 15.1515   (Y': 15.7409   Cb: 14.326    Cr: 14.0178 )
00000866: 15.1434   (Y': 15.7342   Cb: 14.2878   Cr: 14.034  )
00000867: 15.1593   (Y': 15.7619   Cb: 14.345    Cr: 13.9798 )
00000868: 15.1184   (Y': 15.7319   Cb: 14.234    Cr: 13.9755 )
00000869: 15.1344   (Y': 15.7336   Cb: 14.3219   Cr: 13.9623 )
00000870: 15.1339   (Y': 15.7263   Cb: 14.3175   Cr: 13.9837 )
00000871: 15.0989   (Y': 15.7288   Cb: 14.2468   Cr: 13.8825 )
00000873: 15.1164   (Y': 15.7124   Cb: 14.2835   Cr: 13.9721 )
00000872: 15.1462   (Y': 15.7294   Cb: 14.338    Cr: 14.0129 )
00000874: 15.1366   (Y': 15.738    Cb: 14.3018   Cr: 13.9794 )
00000875: 15.1463   (Y': 15.7659   Cb: 14.3107   Cr: 13.9417 )
00000876: 15.1172   (Y': 15.7259   Cb: 14.2488   Cr: 13.9719 )
00000877: 15.1102   (Y': 15.7123   Cb: 14.2656   Cr: 13.9602 )
00000878: 15.1232   (Y': 15.7226   Cb: 14.2926   Cr: 13.9673 )
00000879: 15.1127   (Y': 15.7202   Cb: 14.2088   Cr: 14.004  )
00000882: 15.1262   (Y': 15.7229   Cb: 14.3228   Cr: 13.9524 )
00000880: 15.1439   (Y': 15.7756   Cb: 14.2552   Cr: 13.9567 )
00000881: 15.1199   (Y': 15.7147   Cb: 14.2397   Cr: 14.0229 )
00000883: 15.1275   (Y': 15.7209   Cb: 14.2847   Cr: 13.9995 )
00000884: 15.1275   (Y': 15.7366   Cb: 14.255    Cr: 13.985  )
00000885: 15.0982   (Y': 15.703    Cb: 14.284    Cr: 13.9127 )
00000886: 15.1064   (Y': 15.6822   Cb: 14.336    Cr: 13.9582 )
00000887: 15.0961   (Y': 15.7      Cb: 14.313    Cr: 13.885  )
00000888: 15.1287   (Y': 15.7308   Cb: 14.2905   Cr: 13.9728 )
00000890: 15.1253   (Y': 15.7486   Cb: 14.3028   Cr: 13.8992 )
00000889: 15.1367   (Y': 15.7418   Cb: 14.2576   Cr: 14.0109 )
00000891: 15.1483   (Y': 15.7325   Cb: 14.3174   Cr: 14.0337 )
00000892: 15.1128   (Y': 15.7204   Cb: 14.2551   Cr: 13.9603 )
00000893: 15.122    (Y': 15.7363   Cb: 14.2572   Cr: 13.9586 )
00000894: 15.1327   (Y': 15.733    Cb: 14.3326   Cr: 13.9463 )
00000895: 15.1597   (Y': 15.7113   Cb: 14.4079   Cr: 14.0603 )
00000896: 15.1328   (Y': 15.7512   Cb: 14.2558   Cr: 13.9695 )
00000897: 15.1226   (Y': 15.7048   Cb: 14.3197   Cr: 13.9872 )
00000898: 15.1382   (Y': 15.735    Cb: 14.2842   Cr: 14.0115 )
00000899: 15.1047   (Y': 15.7108   Cb: 14.2867   Cr: 13.9194 )
00000900: 15.0833   (Y': 15.6752   Cb: 14.2406   Cr: 13.9591 )
00000901: 15.1271   (Y': 15.7295   Cb: 14.2516   Cr: 14.0055 )
00000902: 15.1298   (Y': 15.7573   Cb: 14.2638   Cr: 13.9325 )
00000903: 15.117    (Y': 15.7103   Cb: 14.3056   Cr: 13.9598 )
00000904: 15.1292   (Y': 15.7245   Cb: 14.3165   Cr: 13.9677 )
00000905: 15.1042   (Y': 15.7193   Cb: 14.2247   Cr: 13.9521 )
00000906: 15.1282   (Y': 15.7218   Cb: 14.285    Cr: 13.9995 )
00000907: 15.1411   (Y': 15.756    Cb: 14.2764   Cr: 13.9759 )
00000908: 15.0851   (Y': 15.6733   Cb: 14.2739   Cr: 13.9412 )
00000909: 15.1412   (Y': 15.7518   Cb: 14.3064   Cr: 13.9595 )
00000910: 15.1164   (Y': 15.72     Cb: 14.3617   Cr: 13.8804 )
00000911: 15.1271   (Y': 15.7248   Cb: 14.2504   Cr: 14.019  )
00000913: 15.1423   (Y': 15.747    Cb: 14.3262   Cr: 13.9593 )
00000912: 15.1087   (Y': 15.7448   Cb: 14.2963   Cr: 13.8398 )
00000914: 15.1383   (Y': 15.7469   Cb: 14.3132   Cr: 13.953  )
00000915: 15.1257   (Y': 15.7263   Cb: 14.3135   Cr: 13.9497 )
00000916: 15.1157   (Y': 15.7282   Cb: 14.2533   Cr: 13.9548 )
00000917: 15.1657   (Y': 15.7699   Cb: 14.3207   Cr: 14.0104 )
00000918: 15.0877   (Y': 15.6842   Cb: 14.2682   Cr: 13.9295 )
00000919: 15.1096   (Y': 15.7269   Cb: 14.278    Cr: 13.9073 )
00000920: 15.1058   (Y': 15.7164   Cb: 14.2403   Cr: 13.9527 )
00000921: 15.1436   (Y': 15.7517   Cb: 14.3107   Cr: 13.9667 )
00000922: 15.1117   (Y': 15.7178   Cb: 14.2514   Cr: 13.966  )
00000924: 15.1223   (Y': 15.7196   Cb: 14.3076   Cr: 13.9574 )
00000923: 15.1291   (Y': 15.7269   Cb: 14.3529   Cr: 13.9276 )
00000925: 15.1167   (Y': 15.7164   Cb: 14.3039   Cr: 13.9436 )
00000926: 15.1354   (Y': 15.7251   Cb: 14.3359   Cr: 13.9769 )
00000927: 15.1525   (Y': 15.7664   Cb: 14.3513   Cr: 13.931  )
00000928: 15.1226   (Y': 15.7417   Cb: 14.2769   Cr: 13.9284 )
00000929: 15.1463   (Y': 15.7454   Cb: 14.3183   Cr: 13.9891 )
00000930: 15.1145   (Y': 15.7162   Cb: 14.2573   Cr: 13.9773 )
00000931: 15.1335   (Y': 15.7397   Cb: 14.3192   Cr: 13.9447 )
00000933: 15.1294   (Y': 15.7399   Cb: 14.2898   Cr: 13.9523 )
00000932: 15.1171   (Y': 15.7307   Cb: 14.2361   Cr: 13.9703 )
00000934: 15.1353   (Y': 15.7451   Cb: 14.3024   Cr: 13.9539 )
00000935: 15.1184   (Y': 15.7465   Cb: 14.2561   Cr: 13.9162 )
00000936: 15.1469   (Y': 15.7378   Cb: 14.3403   Cr: 13.9916 )
00000938: 15.1356   (Y': 15.7269   Cb: 14.3366   Cr: 13.9722 )
00000937: 15.1672   (Y': 15.7458   Cb: 14.3532   Cr: 14.0518 )
00000939: 15.112    (Y': 15.7187   Cb: 14.2648   Cr: 13.9523 )
00000940: 15.108    (Y': 15.6935   Cb: 14.3095   Cr: 13.9595 )
00000941: 15.1455   (Y': 15.7332   Cb: 14.3595   Cr: 13.9797 )
00000942: 15.1176   (Y': 15.7366   Cb: 14.2412   Cr: 13.9523 )
00000943: 15.1      (Y': 15.7002   Cb: 14.3125   Cr: 13.9022 )
00000944: 15.1429   (Y': 15.7481   Cb: 14.2832   Cr: 13.9989 )
00000946: 15.1103   (Y': 15.7108   Cb: 14.3253   Cr: 13.9095 )
00000945: 15.138    (Y': 15.7496   Cb: 14.3373   Cr: 13.9225 )
00000947: 15.1058   (Y': 15.7007   Cb: 14.2794   Cr: 13.9584 )
00000948: 15.1588   (Y': 15.7705   Cb: 14.2758   Cr: 14.0189 )
00000949: 15.1351   (Y': 15.7225   Cb: 14.3283   Cr: 13.9895 )
00000950: 15.1201   (Y': 15.721    Cb: 14.3062   Cr: 13.945  )
00000951: 15.1243   (Y': 15.7198   Cb: 14.2785   Cr: 13.9931 )
00000952: 15.1621   (Y': 15.7669   Cb: 14.3046   Cr: 14.0168 )
00000953: 15.165    (Y': 15.786    Cb: 14.3202   Cr: 13.9651 )
00000954: 15.1548   (Y': 15.7602   Cb: 14.2633   Cr: 14.0402 )
00000955: 15.1549   (Y': 15.7415   Cb: 14.3216   Cr: 14.0359 )
00000956: 15.1477   (Y': 15.7798   Cb: 14.3175   Cr: 13.9053 )
00000957: 15.1352   (Y': 15.7613   Cb: 14.2538   Cr: 13.9557 )
00000958: 15.1421   (Y': 15.7569   Cb: 14.2989   Cr: 13.957  )
00000959: 15.1292   (Y': 15.7486   Cb: 14.2719   Cr: 13.9449 )
00000960: 15.1167   (Y': 15.7074   Cb: 14.2726   Cr: 13.9971 )
00000961: 15.1399   (Y': 15.7448   Cb: 14.3296   Cr: 13.9509 )
00000962: 15.1675   (Y': 15.7641   Cb: 14.32     Cr: 14.0351 )
00000963: 15.121    (Y': 15.7483   Cb: 14.2771   Cr: 13.9037 )
00000964: 15.1139   (Y': 15.7269   Cb: 14.2291   Cr: 13.9727 )
00000965: 15.1361   (Y': 15.7178   Cb: 14.3329   Cr: 14.0023 )
00000966: 15.1281   (Y': 15.7248   Cb: 14.2864   Cr: 13.9901 )
00000967: 15.1186   (Y': 15.7352   Cb: 14.2934   Cr: 13.9123 )
00000968: 15.1437   (Y': 15.7571   Cb: 14.2789   Cr: 13.9827 )
00000969: 15.1063   (Y': 15.7143   Cb: 14.2932   Cr: 13.9116 )
00000970: 15.155    (Y': 15.7861   Cb: 14.2593   Cr: 13.9759 )
00000971: 15.1071   (Y': 15.7169   Cb: 14.2319   Cr: 13.9649 )
00000972: 15.1212   (Y': 15.7368   Cb: 14.2488   Cr: 13.9613 )
00000973: 15.1629   (Y': 15.7824   Cb: 14.3116   Cr: 13.9731 )
00000974: 15.1305   (Y': 15.7576   Cb: 14.2397   Cr: 13.9571 )
00000975: 15.1357   (Y': 15.7614   Cb: 14.2706   Cr: 13.9421 )
00000977: 15.108    (Y': 15.7184   Cb: 14.2052   Cr: 13.9905 )
00000976: 15.1139   (Y': 15.7074   Cb: 14.3093   Cr: 13.9498 )
00000978: 15.1407   (Y': 15.766    Cb: 14.3167   Cr: 13.9104 )
00000979: 15.0807   (Y': 15.7051   Cb: 14.1736   Cr: 13.9301 )
00000980: 15.1151   (Y': 15.7127   Cb: 14.2613   Cr: 13.9856 )
00000982: 15.1225   (Y': 15.7255   Cb: 14.2959   Cr: 13.9536 )
00000981: 15.131    (Y': 15.7351   Cb: 14.2617   Cr: 13.999  )
00000983: 15.0981   (Y': 15.7053   Cb: 14.2311   Cr: 13.9556 )
00000984: 15.1254   (Y': 15.7051   Cb: 14.3354   Cr: 13.9846 )
00000985: 15.1504   (Y': 15.7582   Cb: 14.2841   Cr: 14.0053 )
00000986: 15.1154   (Y': 15.7398   Cb: 14.2487   Cr: 13.9269 )
00000987: 15.1207   (Y': 15.7389   Cb: 14.2367   Cr: 13.9645 )
00000988: 15.1129   (Y': 15.6975   Cb: 14.3242   Cr: 13.9583 )
00000989: 15.1195   (Y': 15.7132   Cb: 14.3013   Cr: 13.9677 )
00000990: 15.1393   (Y': 15.7371   Cb: 14.2603   Cr: 14.0329 )
00000991: 15.1252   (Y': 15.7391   Cb: 14.2869   Cr: 13.9379 )
00000992: 15.0878   (Y': 15.7193   Cb: 14.1904   Cr: 13.9089 )
00000993: 15.1341   (Y': 15.7383   Cb: 14.299    Cr: 13.9694 )
00000994: 15.1318   (Y': 15.7383   Cb: 14.2991   Cr: 13.9592 )
00000995: 15.1306   (Y': 15.7329   Cb: 14.3012   Cr: 13.9661 )
00000996: 15.0837   (Y': 15.6949   Cb: 14.2294   Cr: 13.9189 )
00000997: 15.1177   (Y': 15.6954   Cb: 14.3054   Cr: 14.0033 )
00000998: 15.1341   (Y': 15.7448   Cb: 14.2685   Cr: 13.9809 )
00000999: 15.1067   (Y': 15.6953   Cb: 14.3061   Cr: 13.9522 )
00001000: 15.1304   (Y': 15.7217   Cb: 14.2512   Cr: 14.0422 )
00001001: 15.1043   (Y': 15.6756   Cb: 14.2969   Cr: 14.0028 )
00001002: 15.1255   (Y': 15.7307   Cb: 14.2865   Cr: 13.9618 )
00001003: 15.1285   (Y': 15.7523   Cb: 14.2527   Cr: 13.9499 )
00001004: 15.1139   (Y': 15.7157   Cb: 14.2607   Cr: 13.9727 )
00001005: 15.1286   (Y': 15.7071   Cb: 14.303    Cr: 14.0243 )
00001006: 15.1064   (Y': 15.6983   Cb: 14.3556   Cr: 13.8975 )
00001007: 15.1318   (Y': 15.7314   Cb: 14.321    Cr: 13.9573 )
00001008: 15.1288   (Y': 15.732    Cb: 14.2859   Cr: 13.9743 )
00001009: 15.1492   (Y': 15.7474   Cb: 14.3172   Cr: 13.9978 )
00001010: 15.1524   (Y': 15.7516   Cb: 14.294    Cr: 14.0229 )
00001011: 15.1181   (Y': 15.7328   Cb: 14.2211   Cr: 13.9839 )
00001012: 15.1318   (Y': 15.745    Cb: 14.2447   Cr: 13.9921 )
00001013: 15.1146   (Y': 15.6875   Cb: 14.2979   Cr: 14.0175 )
00001014: 15.1277   (Y': 15.7326   Cb: 14.2836   Cr: 13.9696 )
00001015: 15.1381   (Y': 15.7328   Cb: 14.3418   Cr: 13.9633 )
00001016: 15.1159   (Y': 15.7136   Cb: 14.2986   Cr: 13.9523 )
00001017: 15.123    (Y': 15.7316   Cb: 14.3367   Cr: 13.9024 )
00001018: 15.1203   (Y': 15.7146   Cb: 14.2814   Cr: 13.986  )
00001019: 15.1154   (Y': 15.7338   Cb: 14.3145   Cr: 13.8823 )
00001020: 15.1244   (Y': 15.7097   Cb: 14.2994   Cr: 14.0012 )
00001021: 15.1821   (Y': 15.7447   Cb: 14.4043   Cr: 14.0765 )
00001022: 15.1255   (Y': 15.7129   Cb: 14.2582   Cr: 14.0366 )
00001023: 15.1445   (Y': 15.7629   Cb: 14.2634   Cr: 13.9854 )
00001024: 15.1262   (Y': 15.7239   Cb: 14.2927   Cr: 13.978  )
00001025: 15.1249   (Y': 15.7403   Cb: 14.2703   Cr: 13.9491 )
00001026: 15.1285   (Y': 15.7259   Cb: 14.2964   Cr: 13.9792 )
00001027: 15.1563   (Y': 15.7572   Cb: 14.3295   Cr: 13.993  )
00001028: 15.1067   (Y': 15.7047   Cb: 14.3156   Cr: 13.9185 )
00001029: 15.0937   (Y': 15.7234   Cb: 14.2378   Cr: 13.8813 )
00001030: 15.1259   (Y': 15.7106   Cb: 14.3077   Cr: 13.9978 )
00001031: 15.1615   (Y': 15.7436   Cb: 14.3576   Cr: 14.0273 )
00001032: 15.1411   (Y': 15.7077   Cb: 14.3211   Cr: 14.0639 )
00001033: 15.1433   (Y': 15.7422   Cb: 14.291    Cr: 14.0088 )
00001034: 15.1241   (Y': 15.726    Cb: 14.2609   Cr: 13.9923 )
00001035: 15.1246   (Y': 15.7219   Cb: 14.247    Cr: 14.0186 )
00001036: 15.1316   (Y': 15.7494   Cb: 14.2889   Cr: 13.938  )
00001037: 15.1506   (Y': 15.755    Cb: 14.3196   Cr: 13.9816 )
00001038: 15.1463   (Y': 15.7495   Cb: 14.2746   Cr: 14.019  )
00001039: 15.1288   (Y': 15.778    Cb: 14.2107   Cr: 13.9231 )
00001040: 15.1499   (Y': 15.7706   Cb: 14.2855   Cr: 13.9688 )
00001041: 15.1266   (Y': 15.723    Cb: 14.2738   Cr: 13.9996 )
00001042: 15.1442   (Y': 15.7746   Cb: 14.2496   Cr: 13.9658 )
00001043: 15.1217   (Y': 15.7043   Cb: 14.3165   Cr: 13.9873 )
00001044: 15.1425   (Y': 15.7245   Cb: 14.344    Cr: 14.0036 )
00001045: 15.1547   (Y': 15.7505   Cb: 14.3022   Cr: 14.0289 )
00001046: 15.1214   (Y': 15.741    Cb: 14.241    Cr: 13.9584 )
00001047: 15.1059   (Y': 15.7314   Cb: 14.2691   Cr: 13.8872 )
00001048: 15.0979   (Y': 15.7192   Cb: 14.2312   Cr: 13.9174 )
00001049: 15.1336   (Y': 15.7565   Cb: 14.2884   Cr: 13.9289 )
00001050: 15.1108   (Y': 15.7504   Cb: 14.2833   Cr: 13.8467 )
00001051: 15.1199   (Y': 15.7221   Cb: 14.2708   Cr: 13.9739 )
00001052: 15.1405   (Y': 15.7428   Cb: 14.2854   Cr: 13.9997 )
Total: 15.1222   (Y': 15.7393   Cb: 14.2579   Cr: 13.9508 )
