00000000: 31.3234   (Y': 44.3744   Cb: 26.6981   Cr: 26.6981 )
00000001: 15.4756   (Y': 16.1234   Cb: 13.6524   Cr: 15.3364 )
00000003: 15.5234   (Y': 16.1301   Cb: 13.7554   Cr: 15.4415 )
00000002: 15.498    (Y': 16.1344   Cb: 13.664    Cr: 15.4127 )
00000006: 15.4807   (Y': 16.116    Cb: 13.6367   Cr: 15.4145 )
00000005: 15.4753   (Y': 16.1123   Cb: 13.6415   Cr: 15.388  )
00000004: 15.4902   (Y': 16.14     Cb: 13.6307   Cr: 15.3983 )
00000007: 15.4886   (Y': 16.166    Cb: 13.5911   Cr: 15.3611 )
00000008: 15.4727   (Y': 16.1425   Cb: 13.5624   Cr: 15.3902 )
00000009: 15.4668   (Y': 16.1319   Cb: 13.592    Cr: 15.3462 )
00000010: 15.4923   (Y': 16.1786   Cb: 13.6014   Cr: 15.3255 )
00000011: 15.5086   (Y': 16.1884   Cb: 13.61     Cr: 15.3747 )
00000012: 15.4795   (Y': 16.1129   Cb: 13.6419   Cr: 15.41   )
00000013: 15.5088   (Y': 16.1744   Cb: 13.6553   Cr: 15.3547 )
00000014: 15.4841   (Y': 16.153    Cb: 13.5726   Cr: 15.4062 )
00000015: 15.4848   (Y': 16.1609   Cb: 13.6523   Cr: 15.2656 )
00000016: 15.4547   (Y': 16.1375   Cb: 13.5487   Cr: 15.322  )
00000018: 15.4695   (Y': 16.1508   Cb: 13.5743   Cr: 15.326  )
00000017: 15.4796   (Y': 16.1468   Cb: 13.62     Cr: 15.3295 )
00000019: 15.4605   (Y': 16.0941   Cb: 13.617    Cr: 15.3993 )
00000020: 15.4849   (Y': 16.1695   Cb: 13.6091   Cr: 15.3016 )
00000021: 15.4769   (Y': 16.1575   Cb: 13.5728   Cr: 15.3489 )
00000022: 15.4835   (Y': 16.1404   Cb: 13.618    Cr: 15.3763 )
00000023: 15.4937   (Y': 16.1215   Cb: 13.6564   Cr: 15.443  )
00000024: 15.4573   (Y': 16.0863   Cb: 13.6319   Cr: 15.3843 )
00000025: 15.4763   (Y': 16.1324   Cb: 13.5982   Cr: 15.3909 )
00000027: 15.4759   (Y': 16.1368   Cb: 13.5962   Cr: 15.3765 )
00000026: 15.4639   (Y': 16.1203   Cb: 13.6072   Cr: 15.3453 )
00000028: 15.4528   (Y': 16.113    Cb: 13.5815   Cr: 15.3436 )
00000029: 15.4314   (Y': 16.1062   Cb: 13.5183   Cr: 15.3361 )
00000030: 15.4866   (Y': 16.1446   Cb: 13.6322   Cr: 15.3597 )
00000031: 15.4717   (Y': 16.1451   Cb: 13.5717   Cr: 15.3613 )
00000032: 15.4385   (Y': 16.0911   Cb: 13.5304   Cr: 15.411  )
00000033: 15.4342   (Y': 16.089    Cb: 13.5942   Cr: 15.2964 )
00000035: 15.4728   (Y': 16.1638   Cb: 13.5597   Cr: 15.3242 )
00000034: 15.4598   (Y': 16.1077   Cb: 13.6177   Cr: 15.3479 )
00000036: 15.4457   (Y': 16.0936   Cb: 13.5954   Cr: 15.3462 )
00000037: 15.4465   (Y': 16.116    Cb: 13.5609   Cr: 15.3275 )
00000038: 15.4272   (Y': 16.0926   Cb: 13.5662   Cr: 15.285  )
00000039: 15.4786   (Y': 16.1555   Cb: 13.6004   Cr: 15.3241 )
00000040: 15.4755   (Y': 16.1511   Cb: 13.5795   Cr: 15.352  )
00000041: 15.4593   (Y': 16.1277   Cb: 13.5755   Cr: 15.3412 )
00000042: 15.4708   (Y': 16.1745   Cb: 13.5755   Cr: 15.2538 )
00000043: 15.4324   (Y': 16.0699   Cb: 13.6166   Cr: 15.3164 )
00000044: 15.4351   (Y': 16.108    Cb: 13.5909   Cr: 15.2436 )
00000045: 15.4017   (Y': 16.0547   Cb: 13.5565   Cr: 15.2776 )
00000046: 15.419    (Y': 16.0758   Cb: 13.5771   Cr: 15.2771 )
00000047: 15.3979   (Y': 16.0639   Cb: 13.5541   Cr: 15.2282 )
00000048: 15.4143   (Y': 16.0642   Cb: 13.6046   Cr: 15.2482 )
00000049: 15.3966   (Y': 16.0427   Cb: 13.5674   Cr: 15.2721 )
00000051: 15.4294   (Y': 16.1157   Cb: 13.5704   Cr: 15.2156 )
00000050: 15.443    (Y': 16.1216   Cb: 13.5797   Cr: 15.2608 )
00000053: 15.4407   (Y': 16.1221   Cb: 13.5837   Cr: 15.2399 )
00000052: 15.4383   (Y': 16.1168   Cb: 13.5986   Cr: 15.2221 )
00000054: 15.4441   (Y': 16.1041   Cb: 13.6077   Cr: 15.2835 )
00000055: 15.453    (Y': 16.1336   Cb: 13.5698   Cr: 15.2935 )
00000056: 15.4452   (Y': 16.1107   Cb: 13.5541   Cr: 15.3478 )
00000057: 15.4514   (Y': 16.076    Cb: 13.6262   Cr: 15.3932 )
00000058: 15.4583   (Y': 16.1036   Cb: 13.6248   Cr: 15.3427 )
00000059: 15.5518   (Y': 16.2478   Cb: 13.5981   Cr: 15.4482 )
00000061: 15.5079   (Y': 16.1484   Cb: 13.6442   Cr: 15.454  )
00000060: 15.4883   (Y': 16.166    Cb: 13.5883   Cr: 15.3638 )
00000063: 15.4244   (Y': 16.0348   Cb: 13.6097   Cr: 15.3996 )
00000062: 15.4882   (Y': 16.1097   Cb: 13.6792   Cr: 15.4166 )
00000064: 15.4035   (Y': 16.0487   Cb: 13.5582   Cr: 15.3055 )
00000065: 15.4112   (Y': 16.0043   Cb: 13.6559   Cr: 15.357  )
00000066: 15.4504   (Y': 16.0607   Cb: 13.6733   Cr: 15.3697 )
00000067: 15.3925   (Y': 15.9794   Cb: 13.6169   Cr: 15.3901 )
00000068: 15.4279   (Y': 16.0189   Cb: 13.673    Cr: 15.3803 )
00000071: 15.6125   (Y': 16.2904   Cb: 13.6737   Cr: 15.5463 )
00000069: 15.5271   (Y': 16.1654   Cb: 13.6716   Cr: 15.4682 )
00000070: 15.5599   (Y': 16.2236   Cb: 13.6528   Cr: 15.4928 )
00000072: 15.6164   (Y': 16.2973   Cb: 13.7252   Cr: 15.4677 )
00000073: 15.6325   (Y': 16.3611   Cb: 13.6944   Cr: 15.3987 )
00000074: 15.6745   (Y': 16.3909   Cb: 13.7329   Cr: 15.4851 )
00000075: 15.6766   (Y': 16.4056   Cb: 13.6512   Cr: 15.574  )
00000076: 15.6851   (Y': 16.4105   Cb: 13.7184   Cr: 15.5045 )
00000077: 15.6886   (Y': 16.427    Cb: 13.6493   Cr: 15.5764 )
00000078: 15.682    (Y': 16.3712   Cb: 13.7322   Cr: 15.595  )
00000079: 15.6292   (Y': 16.3281   Cb: 13.683    Cr: 15.5041 )
00000080: 15.5908   (Y': 16.3132   Cb: 13.604    Cr: 15.4503 )
00000081: 15.564    (Y': 16.2489   Cb: 13.6312   Cr: 15.4653 )
00000083: 15.4462   (Y': 16.0942   Cb: 13.5552   Cr: 15.4078 )
00000082: 15.5219   (Y': 16.1952   Cb: 13.6099   Cr: 15.4302 )
00000084: 15.4226   (Y': 16.0532   Cb: 13.5537   Cr: 15.4099 )
00000085: 15.4009   (Y': 16.0178   Cb: 13.6287   Cr: 15.2904 )
00000086: 15.3846   (Y': 16.0337   Cb: 13.5286   Cr: 15.2896 )
00000087: 15.4156   (Y': 16.0735   Cb: 13.5501   Cr: 15.3052 )
00000088: 15.3843   (Y': 16.0017   Cb: 13.5787   Cr: 15.3215 )
00000090: 16.754    (Y': 17.5448   Cb: 14.5306   Cr: 16.7657 )
00000091: 16.1209   (Y': 16.9148   Cb: 14.0613   Cr: 15.8616 )
00000089: 16.5572   (Y': 17.4157   Cb: 14.3072   Cr: 16.3928 )
00000092: 15.9441   (Y': 16.6665   Cb: 13.9789   Cr: 15.7707 )
00000093: 15.5172   (Y': 16.1894   Cb: 13.6037   Cr: 15.4311 )
00000095: 15.4248   (Y': 16.0699   Cb: 13.5699   Cr: 15.3418 )
00000094: 15.4601   (Y': 16.0851   Cb: 13.6381   Cr: 15.396  )
00000096: 15.3984   (Y': 16.0609   Cb: 13.5252   Cr: 15.2845 )
00000097: 15.4147   (Y': 16.0874   Cb: 13.495    Cr: 15.3366 )
00000098: 15.4687   (Y': 16.1329   Cb: 13.5654   Cr: 15.3939 )
00000100: 15.4351   (Y': 16.1032   Cb: 13.5187   Cr: 15.3678 )
00000099: 15.436    (Y': 16.1014   Cb: 13.5607   Cr: 15.3152 )
00000101: 15.441    (Y': 16.1035   Cb: 13.5366   Cr: 15.3739 )
00000102: 15.4344   (Y': 16.0947   Cb: 13.535    Cr: 15.3671 )
00000103: 15.4449   (Y': 16.0819   Cb: 13.5649   Cr: 15.4274 )
00000104: 15.4402   (Y': 16.1112   Cb: 13.5359   Cr: 15.3443 )
00000105: 15.4561   (Y': 16.1157   Cb: 13.5259   Cr: 15.439  )
00000106: 15.4639   (Y': 16.1003   Cb: 13.6015   Cr: 15.4216 )
00000107: 15.4889   (Y': 16.1365   Cb: 13.6445   Cr: 15.3816 )
00000108: 15.3842   (Y': 16.025    Cb: 13.4913   Cr: 15.3738 )
00000109: 15.4032   (Y': 16.0375   Cb: 13.5487   Cr: 15.3565 )
00000110: 15.3967   (Y': 16.0175   Cb: 13.5923   Cr: 15.3205 )
00000111: 15.3702   (Y': 15.9993   Cb: 13.5531   Cr: 15.2847 )
00000112: 15.4061   (Y': 16.0415   Cb: 13.5767   Cr: 15.3178 )
00000113: 15.3837   (Y': 16.0155   Cb: 13.5694   Cr: 15.2845 )
00000114: 15.3997   (Y': 16.0263   Cb: 13.5569   Cr: 15.3614 )
00000115: 15.3505   (Y': 15.9955   Cb: 13.4787   Cr: 15.293  )
00000117: 15.3851   (Y': 15.9887   Cb: 13.5667   Cr: 15.3891 )
00000116: 15.3872   (Y': 16.0183   Cb: 13.5701   Cr: 15.2952 )
00000118: 15.3782   (Y': 16.0087   Cb: 13.5452   Cr: 15.3115 )
00000119: 15.3805   (Y': 15.9946   Cb: 13.5583   Cr: 15.3538 )
00000120: 15.4033   (Y': 16.0177   Cb: 13.613    Cr: 15.3281 )
00000121: 15.3878   (Y': 15.997    Cb: 13.5358   Cr: 15.4237 )
00000122: 15.3955   (Y': 15.9854   Cb: 13.6306   Cr: 15.3666 )
00000123: 15.401    (Y': 16.01     Cb: 13.6141   Cr: 15.3393 )
00000125: 15.3881   (Y': 15.9854   Cb: 13.5966   Cr: 15.3734 )
00000124: 15.4273   (Y': 16.0626   Cb: 13.6098   Cr: 15.3212 )
00000126: 15.358    (Y': 15.9686   Cb: 13.5425   Cr: 15.3332 )
00000127: 15.3702   (Y': 15.9979   Cb: 13.5669   Cr: 15.2687 )
00000128: 15.3946   (Y': 16.0018   Cb: 13.6042   Cr: 15.3441 )
00000129: 15.3948   (Y': 15.9911   Cb: 13.5996   Cr: 15.3893 )
00000130: 15.3804   (Y': 16.0042   Cb: 13.5576   Cr: 15.3212 )
00000131: 15.4093   (Y': 16.0333   Cb: 13.5611   Cr: 15.3881 )
00000132: 15.413    (Y': 16.0499   Cb: 13.5964   Cr: 15.3001 )
00000133: 15.3909   (Y': 16.0252   Cb: 13.5719   Cr: 15.2909 )
00000135: 15.4029   (Y': 16.0302   Cb: 13.5367   Cr: 15.3979 )
00000134: 15.3713   (Y': 16.0029   Cb: 13.54     Cr: 15.2986 )
00000136: 15.428    (Y': 16.0493   Cb: 13.6417   Cr: 15.3234 )
00000137: 15.376    (Y': 16.024    Cb: 13.5148   Cr: 15.2925 )
00000138: 15.3781   (Y': 16.0067   Cb: 13.5068   Cr: 15.3763 )
00000139: 15.3833   (Y': 15.995    Cb: 13.5737   Cr: 15.3461 )
00000140: 15.3622   (Y': 16.002    Cb: 13.5024   Cr: 15.3041 )
00000141: 15.3895   (Y': 16.0192   Cb: 13.5414   Cr: 15.3484 )
00000142: 15.4045   (Y': 16.0476   Cb: 13.5562   Cr: 15.3184 )
00000143: 15.3936   (Y': 16.0078   Cb: 13.5983   Cr: 15.3263 )
00000144: 15.3813   (Y': 15.9861   Cb: 13.5659   Cr: 15.3766 )
00000145: 15.3856   (Y': 16.0085   Cb: 13.5657   Cr: 15.3256 )
00000146: 15.3673   (Y': 15.977    Cb: 13.5887   Cr: 15.2908 )
00000147: 15.3698   (Y': 15.9963   Cb: 13.5433   Cr: 15.307  )
00000148: 15.376    (Y': 15.9842   Cb: 13.5844   Cr: 15.324  )
00000149: 15.3793   (Y': 16.0188   Cb: 13.5397   Cr: 15.2924 )
00000150: 15.3725   (Y': 15.9927   Cb: 13.5327   Cr: 15.3519 )
00000151: 15.4062   (Y': 16.031    Cb: 13.5715   Cr: 15.3616 )
00000152: 15.3976   (Y': 16.0343   Cb: 13.5275   Cr: 15.3666 )
00000153: 15.3703   (Y': 15.9941   Cb: 13.5498   Cr: 15.3078 )
00000154: 15.375    (Y': 16.0127   Cb: 13.5169   Cr: 15.3217 )
00000155: 15.3695   (Y': 15.9896   Cb: 13.5467   Cr: 15.3234 )
00000157: 15.3912   (Y': 16.0293   Cb: 13.545    Cr: 15.3188 )
00000156: 15.3819   (Y': 16.0047   Cb: 13.5366   Cr: 15.3606 )
00000158: 15.3763   (Y': 16.0077   Cb: 13.5375   Cr: 15.3157 )
00000159: 15.3713   (Y': 16.0008   Cb: 13.554    Cr: 15.2848 )
00000160: 15.3869   (Y': 16.0132   Cb: 13.5505   Cr: 15.3399 )
00000161: 15.3876   (Y': 16.0146   Cb: 13.5518   Cr: 15.3377 )
00000163: 15.3778   (Y': 15.9998   Cb: 13.5497   Cr: 15.3328 )
00000162: 15.3845   (Y': 16.0165   Cb: 13.5652   Cr: 15.2928 )
00000164: 15.4053   (Y': 16.0207   Cb: 13.5867   Cr: 15.369  )
00000165: 15.3794   (Y': 15.9778   Cb: 13.5853   Cr: 15.365  )
00000166: 15.4138   (Y': 16.0635   Cb: 13.5303   Cr: 15.3585 )
00000167: 15.3861   (Y': 16.0127   Cb: 13.5388   Cr: 15.3543 )
00000168: 15.4036   (Y': 15.9979   Cb: 13.586    Cr: 15.4392 )
00000169: 15.357    (Y': 15.9747   Cb: 13.5169   Cr: 15.3453 )
00000170: 15.3571   (Y': 15.9622   Cb: 13.5551   Cr: 15.3312 )
00000171: 15.3597   (Y': 15.9589   Cb: 13.5452   Cr: 15.3734 )
00000172: 15.3809   (Y': 15.9876   Cb: 13.5992   Cr: 15.3195 )
00000173: 15.3759   (Y': 15.9742   Cb: 13.5875   Cr: 15.3529 )
00000175: 15.3357   (Y': 15.9301   Cb: 13.5717   Cr: 15.2898 )
00000174: 15.3361   (Y': 15.9249   Cb: 13.5446   Cr: 15.3514 )
00000176: 15.3449   (Y': 15.9383   Cb: 13.5661   Cr: 15.3249 )
00000177: 15.3898   (Y': 15.997    Cb: 13.6159   Cr: 15.3149 )
00000178: 15.3941   (Y': 16.0288   Cb: 13.5411   Cr: 15.3437 )
00000179: 15.4227   (Y': 16.0778   Cb: 13.5821   Cr: 15.2849 )
00000181: 15.5575   (Y': 16.2169   Cb: 13.6312   Cr: 15.5348 )
00000180: 15.5571   (Y': 16.2332   Cb: 13.677    Cr: 15.4078 )
00000182: 15.4467   (Y': 16.0912   Cb: 13.5742   Cr: 15.3924 )
00000183: 15.4911   (Y': 16.1375   Cb: 13.6326   Cr: 15.4093 )
00000184: 15.5212   (Y': 16.1841   Cb: 13.6268   Cr: 15.4372 )
00000185: 15.5149   (Y': 16.1895   Cb: 13.6074   Cr: 15.4119 )
00000186: 15.5617   (Y': 16.2222   Cb: 13.6475   Cr: 15.5163 )
00000187: 15.5763   (Y': 16.2556   Cb: 13.6445   Cr: 15.4947 )
00000189: 15.6586   (Y': 16.3771   Cb: 13.6668   Cr: 15.5384 )
00000188: 15.658    (Y': 16.3729   Cb: 13.6894   Cr: 15.5144 )
00000190: 15.7311   (Y': 16.4616   Cb: 13.7347   Cr: 15.5786 )
00000191: 15.7254   (Y': 16.449    Cb: 13.7439   Cr: 15.5726 )
00000192: 15.7451   (Y': 16.4482   Cb: 13.7807   Cr: 15.6341 )
00000193: 15.7272   (Y': 16.453    Cb: 13.7754   Cr: 15.5229 )
00000194: 15.6434   (Y': 16.364    Cb: 13.7121   Cr: 15.4249 )
00000195: 15.7851   (Y': 16.5183   Cb: 13.8023   Cr: 15.6033 )
00000196: 16.6264   (Y': 17.4381   Cb: 14.4325   Cr: 16.5208 )
00000199: 15.6586   (Y': 16.2666   Cb: 13.854    Cr: 15.6268 )
00000197: 16.6675   (Y': 17.4805   Cb: 14.4529   Cr: 16.5916 )
00000198: 16.2415   (Y': 17.016    Cb: 14.1772   Cr: 16.051  )
00000200: 15.5863   (Y': 16.2079   Cb: 13.766    Cr: 15.5314 )
00000201: 15.6508   (Y': 16.2865   Cb: 13.8297   Cr: 15.5488 )
00000202: 15.6595   (Y': 16.2817   Cb: 13.8491   Cr: 15.5872 )
00000203: 15.6076   (Y': 16.2827   Cb: 13.7687   Cr: 15.4013 )
00000204: 15.5899   (Y': 16.2495   Cb: 13.7348   Cr: 15.4582 )
00000205: 15.4622   (Y': 16.1062   Cb: 13.6266   Cr: 15.3539 )
00000207: 15.4277   (Y': 16.0203   Cb: 13.6751   Cr: 15.3717 )
00000206: 15.4361   (Y': 16.0541   Cb: 13.6573   Cr: 15.3319 )
00000208: 15.5292   (Y': 16.1779   Cb: 13.6957   Cr: 15.402  )
00000209: 15.5639   (Y': 16.1965   Cb: 13.7273   Cr: 15.4954 )
00000210: 15.6478   (Y': 16.3083   Cb: 13.8457   Cr: 15.4359 )
00000211: 15.6915   (Y': 16.3998   Cb: 13.7808   Cr: 15.4825 )
00000212: 15.6848   (Y': 16.3965   Cb: 13.7535   Cr: 15.4957 )
00000213: 15.7404   (Y': 16.4459   Cb: 13.8299   Cr: 15.5405 )
00000214: 15.7446   (Y': 16.4462   Cb: 13.8444   Cr: 15.5417 )
00000215: 15.7549   (Y': 16.441    Cb: 13.8552   Cr: 15.6017 )
00000216: 15.7708   (Y': 16.4567   Cb: 13.8388   Cr: 15.6672 )
00000217: 15.621    (Y': 16.2734   Cb: 13.757    Cr: 15.5271 )
00000218: 15.4274   (Y': 15.984    Cb: 13.7351   Cr: 15.4073 )
00000219: 15.3986   (Y': 15.8931   Cb: 13.7415   Cr: 15.5495 )
00000220: 15.4389   (Y': 15.9914   Cb: 13.738    Cr: 15.4455 )
00000223: 15.6756   (Y': 16.368    Cb: 13.7837   Cr: 15.4904 )
00000221: 15.6607   (Y': 16.3124   Cb: 13.804    Cr: 15.5579 )
00000222: 15.6883   (Y': 16.3936   Cb: 13.8143   Cr: 15.4349 )
00000224: 15.6931   (Y': 16.355    Cb: 13.8193   Cr: 15.582  )
00000225: 15.6994   (Y': 16.3718   Cb: 13.8142   Cr: 15.5701 )
00000226: 15.6795   (Y': 16.3936   Cb: 13.7562   Cr: 15.4703 )
00000228: 15.5294   (Y': 16.2258   Cb: 13.614    Cr: 15.3662 )
00000227: 15.6451   (Y': 16.3366   Cb: 13.7297   Cr: 15.4978 )
00000229: 15.4745   (Y': 16.1383   Cb: 13.5988   Cr: 15.3597 )
00000230: 15.4469   (Y': 16.1224   Cb: 13.5614   Cr: 15.3081 )
00000231: 15.7372   (Y': 16.4091   Cb: 13.8519   Cr: 15.61   )
00000232: 16.6357   (Y': 17.4583   Cb: 14.3831   Cr: 16.5907 )
00000233: 16.8156   (Y': 17.6134   Cb: 14.6138   Cr: 16.7681 )
00000234: 16.2772   (Y': 17.1303   Cb: 14.1042   Cr: 16.0075 )
00000235: 15.9735   (Y': 16.7662   Cb: 13.9227   Cr: 15.7049 )
00000236: 15.8495   (Y': 16.6176   Cb: 13.8366   Cr: 15.6013 )
00000237: 15.5574   (Y': 16.2282   Cb: 13.6981   Cr: 15.3949 )
00000239: 15.5235   (Y': 16.1274   Cb: 13.7605   Cr: 15.4437 )
00000238: 15.5398   (Y': 16.1963   Cb: 13.6622   Cr: 15.4524 )
00000240: 15.4656   (Y': 16.0541   Cb: 13.679    Cr: 15.4741 )
00000241: 15.4734   (Y': 16.0568   Cb: 13.7163   Cr: 15.4552 )
00000242: 15.429    (Y': 15.9892   Cb: 13.6956   Cr: 15.4569 )
00000243: 15.4558   (Y': 16.0143   Cb: 13.7516   Cr: 15.4464 )
00000244: 15.4208   (Y': 15.9737   Cb: 13.6895   Cr: 15.4717 )
00000245: 15.4311   (Y': 16.0025   Cb: 13.6713   Cr: 15.4595 )
00000247: 15.5462   (Y': 16.1912   Cb: 13.6749   Cr: 15.4885 )
00000246: 15.4877   (Y': 16.0811   Cb: 13.7118   Cr: 15.4629 )
00000248: 15.6449   (Y': 16.329    Cb: 13.678    Cr: 15.6014 )
00000249: 15.6725   (Y': 16.3692   Cb: 13.7517   Cr: 15.5162 )
00000250: 15.6353   (Y': 16.3455   Cb: 13.7213   Cr: 15.425  )
00000251: 15.6578   (Y': 16.3548   Cb: 13.7296   Cr: 15.5118 )
00000252: 15.5794   (Y': 16.2633   Cb: 13.6453   Cr: 15.4857 )
00000253: 15.5402   (Y': 16.1872   Cb: 13.6923   Cr: 15.4401 )
00000254: 15.4811   (Y': 16.1774   Cb: 13.5402   Cr: 15.3566 )
00000255: 15.5091   (Y': 16.1584   Cb: 13.6405   Cr: 15.4328 )
00000256: 15.5227   (Y': 16.1549   Cb: 13.6588   Cr: 15.4973 )
00000257: 15.47     (Y': 16.1018   Cb: 13.6222   Cr: 15.4213 )
00000258: 15.4791   (Y': 16.1004   Cb: 13.6612   Cr: 15.4215 )
00000259: 15.4945   (Y': 16.1183   Cb: 13.6391   Cr: 15.4852 )
00000260: 15.4485   (Y': 16.0565   Cb: 13.6347   Cr: 15.4304 )
00000261: 15.4705   (Y': 16.077    Cb: 13.6388   Cr: 15.485  )
00000262: 15.4831   (Y': 16.1174   Cb: 13.6157   Cr: 15.4557 )
00000263: 15.5233   (Y': 16.1437   Cb: 13.6839   Cr: 15.5013 )
00000264: 15.4527   (Y': 16.088    Cb: 13.6146   Cr: 15.3774 )
00000265: 15.449    (Y': 16.0866   Cb: 13.5808   Cr: 15.4117 )
00000266: 15.4662   (Y': 16.0757   Cb: 13.6551   Cr: 15.439  )
00000267: 15.4905   (Y': 16.08     Cb: 13.6856   Cr: 15.5235 )
00000268: 15.4629   (Y': 16.0637   Cb: 13.643    Cr: 15.4793 )
00000269: 15.4626   (Y': 16.0899   Cb: 13.5783   Cr: 15.4857 )
00000270: 15.4616   (Y': 16.0675   Cb: 13.679    Cr: 15.4039 )
00000271: 15.4589   (Y': 16.0562   Cb: 13.6929   Cr: 15.4059 )
00000272: 15.4474   (Y': 16.0693   Cb: 13.5911   Cr: 15.4457 )
00000273: 15.4497   (Y': 16.08     Cb: 13.6004   Cr: 15.4084 )
00000274: 15.4506   (Y': 16.032    Cb: 13.6948   Cr: 15.4379 )
00000275: 15.4354   (Y': 16.0513   Cb: 13.6027   Cr: 15.4187 )
00000276: 15.4377   (Y': 16.0356   Cb: 13.6436   Cr: 15.4246 )
00000277: 15.4515   (Y': 16.0802   Cb: 13.6223   Cr: 15.3854 )
00000278: 15.41     (Y': 16.0218   Cb: 13.6289   Cr: 15.3301 )
00000279: 15.4737   (Y': 16.0661   Cb: 13.7312   Cr: 15.4031 )
00000280: 15.4222   (Y': 16.0276   Cb: 13.6198   Cr: 15.3959 )
00000281: 15.4533   (Y': 16.0774   Cb: 13.5925   Cr: 15.4511 )
00000282: 15.4571   (Y': 16.0817   Cb: 13.62     Cr: 15.4169 )
00000284: 15.4043   (Y': 16.0359   Cb: 13.5893   Cr: 15.3073 )
00000283: 15.4315   (Y': 16.0242   Cb: 13.6617   Cr: 15.4001 )
00000285: 15.4049   (Y': 15.9876   Cb: 13.6662   Cr: 15.3621 )
00000286: 15.4653   (Y': 16.0685   Cb: 13.6643   Cr: 15.4446 )
00000287: 15.4323   (Y': 16.0354   Cb: 13.6374   Cr: 15.4026 )
00000288: 15.4235   (Y': 16.0041   Cb: 13.6899   Cr: 15.3807 )
00000289: 15.4296   (Y': 16.004    Cb: 13.6933   Cr: 15.4119 )
00000290: 15.4252   (Y': 16.0111   Cb: 13.6333   Cr: 15.4507 )
00000291: 15.4527   (Y': 16.0748   Cb: 13.6072   Cr: 15.4337 )
00000292: 15.4548   (Y': 16.0653   Cb: 13.6615   Cr: 15.3975 )
00000293: 15.4448   (Y': 16.0593   Cb: 13.6601   Cr: 15.361  )
00000294: 15.4359   (Y': 16.0334   Cb: 13.6358   Cr: 15.4337 )
00000295: 15.4154   (Y': 16.0075   Cb: 13.6325   Cr: 15.4062 )
00000296: 15.4329   (Y': 16.0212   Cb: 13.6453   Cr: 15.4437 )
00000297: 15.4078   (Y': 16.0132   Cb: 13.6195   Cr: 15.3602 )
00000298: 15.4084   (Y': 15.9947   Cb: 13.6193   Cr: 15.4287 )
00000299: 15.4332   (Y': 16.0424   Cb: 13.6538   Cr: 15.3592 )
00000300: 15.4179   (Y': 15.9865   Cb: 13.6708   Cr: 15.4369 )
00000301: 15.4166   (Y': 15.9864   Cb: 13.6579   Cr: 15.4491 )
00000302: 15.4225   (Y': 16.0228   Cb: 13.6276   Cr: 15.4026 )
00000303: 15.4048   (Y': 16.001    Cb: 13.6005   Cr: 15.4131 )
00000304: 15.4125   (Y': 15.9927   Cb: 13.6842   Cr: 15.3629 )
00000305: 15.4148   (Y': 16.0144   Cb: 13.6288   Cr: 15.3841 )
00000306: 15.4173   (Y': 15.9946   Cb: 13.6784   Cr: 15.3936 )
00000307: 15.4341   (Y': 16.0364   Cb: 13.6389   Cr: 15.4077 )
00000308: 15.3969   (Y': 16.0108   Cb: 13.5428   Cr: 15.4196 )
00000309: 15.4092   (Y': 15.9832   Cb: 13.6879   Cr: 15.3709 )
00000310: 15.4325   (Y': 16.0083   Cb: 13.6594   Cr: 15.4651 )
00000311: 15.3877   (Y': 15.9691   Cb: 13.6286   Cr: 15.3798 )
00000312: 15.4189   (Y': 16.0144   Cb: 13.644    Cr: 15.3857 )
00000313: 15.4741   (Y': 16.0705   Cb: 13.6488   Cr: 15.5139 )
00000314: 15.4518   (Y': 16.0308   Cb: 13.6679   Cr: 15.4895 )
00000315: 15.4531   (Y': 16.0345   Cb: 13.6757   Cr: 15.473  )
00000316: 15.4168   (Y': 16.0156   Cb: 13.6318   Cr: 15.3872 )
00000317: 15.4269   (Y': 16.0275   Cb: 13.6348   Cr: 15.4019 )
00000318: 15.4308   (Y': 16.0054   Cb: 13.6716   Cr: 15.4468 )
00000319: 15.4295   (Y': 16.0103   Cb: 13.6838   Cr: 15.404  )
00000320: 15.4337   (Y': 16.0209   Cb: 13.6383   Cr: 15.4603 )
00000321: 15.4191   (Y': 16.0238   Cb: 13.6017   Cr: 15.4178 )
00000322: 15.4146   (Y': 15.9991   Cb: 13.6098   Cr: 15.4651 )
00000323: 15.4016   (Y': 15.9769   Cb: 13.6352   Cr: 15.4257 )
00000324: 15.4246   (Y': 16.0202   Cb: 13.6401   Cr: 15.4055 )
00000325: 15.44     (Y': 16.0313   Cb: 13.7139   Cr: 15.3488 )
00000326: 15.4558   (Y': 16.1023   Cb: 13.5822   Cr: 15.3961 )
00000327: 15.427    (Y': 16.0518   Cb: 13.6097   Cr: 15.3561 )
00000328: 15.4385   (Y': 16.049    Cb: 13.6367   Cr: 15.3936 )
00000329: 15.4602   (Y': 16.0961   Cb: 13.6327   Cr: 15.3672 )
00000330: 15.4526   (Y': 16.0806   Cb: 13.6346   Cr: 15.3725 )
00000331: 15.4273   (Y': 16.0582   Cb: 13.611    Cr: 15.3344 )
00000332: 15.419    (Y': 16.0397   Cb: 13.641    Cr: 15.304  )
00000333: 15.4469   (Y': 16.0501   Cb: 13.676    Cr: 15.3807 )
00000334: 15.4164   (Y': 16.0585   Cb: 13.5938   Cr: 15.2953 )
00000335: 15.4342   (Y': 16.0408   Cb: 13.6469   Cr: 15.3812 )
00000336: 15.4061   (Y': 16.0147   Cb: 13.5849   Cr: 15.3972 )
00000337: 15.4267   (Y': 16.0287   Cb: 13.6339   Cr: 15.3978 )
00000338: 15.4405   (Y': 16.0388   Cb: 13.6824   Cr: 15.3727 )
00000339: 15.4252   (Y': 16.0309   Cb: 13.6363   Cr: 15.3774 )
00000340: 15.4025   (Y': 16.0276   Cb: 13.6078   Cr: 15.2972 )
00000342: 15.4337   (Y': 16.0465   Cb: 13.6366   Cr: 15.3736 )
00000341: 15.4211   (Y': 16.0299   Cb: 13.6604   Cr: 15.3209 )
00000343: 15.4188   (Y': 16.0096   Cb: 13.6706   Cr: 15.3624 )
00000344: 15.416    (Y': 16.0226   Cb: 13.651    Cr: 15.33   )
00000345: 15.4098   (Y': 16.0127   Cb: 13.6449   Cr: 15.3364 )
00000346: 15.4347   (Y': 16.0353   Cb: 13.642    Cr: 15.4107 )
00000347: 15.3853   (Y': 15.9905   Cb: 13.6052   Cr: 15.3265 )
00000348: 15.4221   (Y': 16.0157   Cb: 13.6456   Cr: 15.3981 )
00000349: 15.4109   (Y': 16.0328   Cb: 13.5827   Cr: 15.3664 )
00000350: 15.4843   (Y': 16.1314   Cb: 13.6149   Cr: 15.4163 )
00000351: 15.5939   (Y': 16.2668   Cb: 13.6987   Cr: 15.4782 )
00000352: 15.4797   (Y': 16.1098   Cb: 13.643    Cr: 15.42   )
00000353: 15.467    (Y': 16.0545   Cb: 13.6888   Cr: 15.4665 )
00000354: 15.4349   (Y': 16.0543   Cb: 13.6364   Cr: 15.3546 )
00000355: 15.405    (Y': 16.0123   Cb: 13.6175   Cr: 15.3501 )
00000356: 15.4146   (Y': 16.0256   Cb: 13.5945   Cr: 15.3957 )
00000357: 15.3796   (Y': 15.9737   Cb: 13.6313   Cr: 15.3118 )
00000358: 15.3969   (Y': 16.0032   Cb: 13.6166   Cr: 15.3345 )
00000359: 15.3894   (Y': 16.005    Cb: 13.5776   Cr: 15.3424 )
00000360: 15.3825   (Y': 16.0065   Cb: 13.5588   Cr: 15.3241 )
00000361: 15.4212   (Y': 16.027    Cb: 13.6456   Cr: 15.3532 )
00000362: 15.4175   (Y': 16.0222   Cb: 13.67     Cr: 15.3125 )
00000363: 15.3779   (Y': 15.9654   Cb: 13.6111   Cr: 15.3603 )
00000364: 15.3914   (Y': 15.9909   Cb: 13.6077   Cr: 15.3573 )
00000365: 15.3742   (Y': 15.9563   Cb: 13.615    Cr: 15.3639 )
00000366: 15.3785   (Y': 15.9517   Cb: 13.6379   Cr: 15.3719 )
00000367: 15.4013   (Y': 15.9639   Cb: 13.6924   Cr: 15.3842 )
00000368: 15.4441   (Y': 16.0285   Cb: 13.6819   Cr: 15.4303 )
00000369: 15.389    (Y': 16.0042   Cb: 13.5708   Cr: 15.3526 )
00000370: 15.3699   (Y': 15.9707   Cb: 13.5755   Cr: 15.3478 )
00000371: 15.396    (Y': 16.0088   Cb: 13.5889   Cr: 15.3512 )
00000372: 15.4364   (Y': 16.0531   Cb: 13.5998   Cr: 15.423  )
00000373: 15.5495   (Y': 16.211    Cb: 13.6906   Cr: 15.4175 )
00000374: 15.6343   (Y': 16.3232   Cb: 13.6847   Cr: 15.5473 )
00000375: 15.6598   (Y': 16.3664   Cb: 13.7266   Cr: 15.4896 )
00000376: 15.7235   (Y': 16.4242   Cb: 13.7972   Cr: 15.5623 )
00000377: 15.7129   (Y': 16.4113   Cb: 13.7818   Cr: 15.5667 )
00000378: 15.72     (Y': 16.4041   Cb: 13.8188   Cr: 15.5759 )
00000379: 15.7281   (Y': 16.4184   Cb: 13.8012   Cr: 15.6022 )
00000380: 15.735    (Y': 16.4172   Cb: 13.8451   Cr: 15.5801 )
00000381: 15.7399   (Y': 16.4445   Cb: 13.8105   Cr: 15.5705 )
00000382: 15.7342   (Y': 16.4349   Cb: 13.8066   Cr: 15.5753 )
00000383: 15.7301   (Y': 16.4261   Cb: 13.7778   Cr: 15.6238 )
00000384: 15.826    (Y': 16.5751   Cb: 13.808    Cr: 15.6464 )
00000385: 16.6708   (Y': 17.4204   Cb: 14.5202   Cr: 16.6998 )
00000386: 16.8397   (Y': 17.6159   Cb: 14.6291   Cr: 16.8791 )
00000387: 16.184    (Y': 16.8897   Cb: 14.2022   Cr: 16.091  )
00000388: 15.9226   (Y': 16.563    Cb: 14.0494   Cr: 15.8834 )
00000389: 15.5953   (Y': 16.1838   Cb: 13.7855   Cr: 15.6395 )
00000390: 15.4131   (Y': 15.939    Cb: 13.6981   Cr: 15.5367 )
00000391: 15.3762   (Y': 15.8768   Cb: 13.7209   Cr: 15.5016 )
00000392: 15.3815   (Y': 15.8776   Cb: 13.7417   Cr: 15.5001 )
00000393: 15.3744   (Y': 15.9053   Cb: 13.6537   Cr: 15.4883 )
00000394: 15.5099   (Y': 16.0683   Cb: 13.7717   Cr: 15.5517 )
00000395: 15.4831   (Y': 16.0279   Cb: 13.7572   Cr: 15.5548 )
00000396: 15.3314   (Y': 15.8095   Cb: 13.724    Cr: 15.468  )
00000397: 15.3856   (Y': 15.8931   Cb: 13.7419   Cr: 15.4687 )
00000398: 15.4875   (Y': 16.0388   Cb: 13.7639   Cr: 15.5323 )
00000399: 15.5099   (Y': 16.1188   Cb: 13.75     Cr: 15.4084 )
00000400: 15.5884   (Y': 16.1929   Cb: 13.7987   Cr: 15.5463 )
00000401: 15.6783   (Y': 16.3676   Cb: 13.7524   Cr: 15.5544 )
00000402: 15.7698   (Y': 16.4517   Cb: 13.8382   Cr: 15.6791 )
00000403: 15.7916   (Y': 16.5001   Cb: 13.8502   Cr: 15.6279 )
00000404: 15.8054   (Y': 16.5391   Cb: 13.7972   Cr: 15.6606 )
00000405: 15.7389   (Y': 16.5037   Cb: 13.7061   Cr: 15.5312 )
00000406: 15.7465   (Y': 16.4938   Cb: 13.7454   Cr: 15.5467 )
00000407: 15.7353   (Y': 16.4852   Cb: 13.7267   Cr: 15.5384 )
00000408: 15.6858   (Y': 16.3983   Cb: 13.7404   Cr: 15.5151 )
00000409: 15.6503   (Y': 16.3692   Cb: 13.6654   Cr: 15.5185 )
00000410: 15.5978   (Y': 16.29     Cb: 13.6762   Cr: 15.4582 )
00000411: 15.6093   (Y': 16.3494   Cb: 13.63     Cr: 15.4    )
00000412: 15.6094   (Y': 16.2993   Cb: 13.6756   Cr: 15.4956 )
00000413: 15.5915   (Y': 16.3146   Cb: 13.654    Cr: 15.3742 )
00000414: 15.5516   (Y': 16.2528   Cb: 13.6361   Cr: 15.3725 )
00000415: 15.5208   (Y': 16.1931   Cb: 13.6681   Cr: 15.3435 )
00000416: 15.5303   (Y': 16.2143   Cb: 13.6631   Cr: 15.3365 )
00000417: 15.5337   (Y': 16.19     Cb: 13.6731   Cr: 15.4212 )
00000418: 15.4539   (Y': 16.1064   Cb: 13.6033   Cr: 15.3395 )
00000419: 15.5041   (Y': 16.1826   Cb: 13.6356   Cr: 15.33   )
00000420: 15.5165   (Y': 16.1802   Cb: 13.6459   Cr: 15.3945 )
00000421: 15.5482   (Y': 16.217    Cb: 13.6454   Cr: 15.4579 )
00000422: 15.5991   (Y': 16.2859   Cb: 13.6937   Cr: 15.4521 )
00000423: 16.3923   (Y': 17.1903   Cb: 14.259    Cr: 16.234  )
00000424: 16.3783   (Y': 17.1733   Cb: 14.2512   Cr: 16.22   )
00000425: 16.153    (Y': 16.9409   Cb: 14.1081   Cr: 15.8904 )
00000426: 15.7594   (Y': 16.4955   Cb: 13.818    Cr: 15.5064 )
00000427: 15.6527   (Y': 16.3213   Cb: 13.7575   Cr: 15.5513 )
00000428: 15.5921   (Y': 16.2425   Cb: 13.699    Cr: 15.5491 )
00000429: 15.6444   (Y': 16.2923   Cb: 13.7816   Cr: 15.5636 )
00000430: 15.6876   (Y': 16.3977   Cb: 13.7895   Cr: 15.4542 )
00000431: 15.6892   (Y': 16.4169   Cb: 13.7076   Cr: 15.5235 )
00000432: 15.6854   (Y': 16.3292   Cb: 13.768    Cr: 15.7027 )
00000433: 15.4961   (Y': 16.1208   Cb: 13.6983   Cr: 15.3964 )
00000434: 15.481    (Y': 16.0951   Cb: 13.6959   Cr: 15.3988 )
00000435: 15.4691   (Y': 16.1057   Cb: 13.6787   Cr: 15.3191 )
00000436: 15.4492   (Y': 16.0745   Cb: 13.632    Cr: 15.3768 )
00000438: 15.4508   (Y': 16.0468   Cb: 13.5986   Cr: 15.5341 )
00000437: 15.5039   (Y': 16.1116   Cb: 13.6913   Cr: 15.4847 )
00000439: 15.4879   (Y': 16.1624   Cb: 13.5968   Cr: 15.3607 )
00000440: 15.5654   (Y': 16.2199   Cb: 13.7117   Cr: 15.4491 )
00000441: 15.5155   (Y': 16.1613   Cb: 13.6742   Cr: 15.4098 )
00000442: 15.5844   (Y': 16.2444   Cb: 13.7283   Cr: 15.4533 )
00000443: 15.5216   (Y': 16.1705   Cb: 13.649    Cr: 15.4526 )
00000444: 15.5066   (Y': 16.1635   Cb: 13.608    Cr: 15.4496 )
00000445: 15.4645   (Y': 16.1083   Cb: 13.6039   Cr: 15.3944 )
00000446: 15.5629   (Y': 16.2244   Cb: 13.6662   Cr: 15.4873 )
00000447: 15.5476   (Y': 16.2212   Cb: 13.5856   Cr: 15.532  )
00000448: 15.5032   (Y': 16.1702   Cb: 13.571    Cr: 15.4639 )
00000449: 15.5458   (Y': 16.187    Cb: 13.627    Cr: 15.5739 )
00000450: 15.4562   (Y': 16.0562   Cb: 13.6087   Cr: 15.5177 )
00000451: 15.46     (Y': 16.0726   Cb: 13.5919   Cr: 15.5088 )
00000452: 15.4539   (Y': 16.0755   Cb: 13.5689   Cr: 15.4979 )
00000453: 15.4998   (Y': 16.1002   Cb: 13.6473   Cr: 15.5679 )
00000455: 15.4918   (Y': 16.092    Cb: 13.5896   Cr: 15.639  )
00000454: 15.4829   (Y': 16.0739   Cb: 13.6218   Cr: 15.5975 )
00000456: 15.5247   (Y': 16.1423   Cb: 13.6248   Cr: 15.6057 )
00000457: 15.4997   (Y': 16.1165   Cb: 13.6205   Cr: 15.551  )
00000458: 15.5124   (Y': 16.1107   Cb: 13.6505   Cr: 15.6024 )
00000459: 15.4548   (Y': 16.0386   Cb: 13.6433   Cr: 15.518  )
00000460: 15.4488   (Y': 16.0662   Cb: 13.6385   Cr: 15.3927 )
00000461: 15.462    (Y': 16.0821   Cb: 13.6698   Cr: 15.3699 )
00000462: 15.4572   (Y': 16.1176   Cb: 13.5723   Cr: 15.3676 )
00000463: 15.4537   (Y': 16.0943   Cb: 13.6242   Cr: 15.3478 )
00000464: 15.4155   (Y': 16.0528   Cb: 13.5684   Cr: 15.3474 )
00000465: 15.3983   (Y': 16.0437   Cb: 13.5841   Cr: 15.2538 )
00000466: 15.4778   (Y': 16.1239   Cb: 13.661    Cr: 15.3349 )
00000467: 15.6326   (Y': 16.3494   Cb: 13.69     Cr: 15.4434 )
00000468: 15.6961   (Y': 16.4186   Cb: 13.7178   Cr: 15.5419 )
00000469: 15.824    (Y': 16.5409   Cb: 13.8287   Cr: 15.7147 )
00000470: 15.8123   (Y': 16.5491   Cb: 13.7598   Cr: 15.7266 )
00000471: 15.8583   (Y': 16.6235   Cb: 13.7893   Cr: 15.7052 )
00000472: 15.8432   (Y': 16.5533   Cb: 13.8495   Cr: 15.7535 )
00000473: 15.8679   (Y': 16.5786   Cb: 13.8754   Cr: 15.7749 )
00000474: 15.8156   (Y': 16.5069   Cb: 13.8284   Cr: 15.7795 )
00000475: 15.7996   (Y': 16.509    Cb: 13.8188   Cr: 15.6927 )
00000476: 15.7206   (Y': 16.4219   Cb: 13.7478   Cr: 15.6284 )
00000477: 15.6392   (Y': 16.3521   Cb: 13.6418   Cr: 15.5462 )
00000478: 15.5387   (Y': 16.2146   Cb: 13.6724   Cr: 15.3699 )
00000479: 15.4754   (Y': 16.1265   Cb: 13.5639   Cr: 15.4586 )
00000480: 15.4009   (Y': 16.0544   Cb: 13.5092   Cr: 15.3453 )
00000481: 15.4167   (Y': 16.0163   Cb: 13.6095   Cr: 15.4179 )
00000482: 15.4358   (Y': 16.0856   Cb: 13.5688   Cr: 15.3551 )
00000483: 15.6066   (Y': 16.3085   Cb: 13.6546   Cr: 15.4805 )
00000484: 15.6254   (Y': 16.3218   Cb: 13.6569   Cr: 15.5427 )
00000485: 15.5647   (Y': 16.2611   Cb: 13.6107   Cr: 15.4597 )
00000486: 15.4836   (Y': 16.1576   Cb: 13.5522   Cr: 15.4191 )
00000487: 15.4736   (Y': 16.1372   Cb: 13.6117   Cr: 15.3391 )
00000488: 15.4944   (Y': 16.151    Cb: 13.6038   Cr: 15.4261 )
00000489: 15.4927   (Y': 16.1379   Cb: 13.6056   Cr: 15.4577 )
00000490: 15.5842   (Y': 16.2967   Cb: 13.5804   Cr: 15.5027 )
00000491: 15.5806   (Y': 16.2849   Cb: 13.6311   Cr: 15.4428 )
00000492: 15.6226   (Y': 16.3292   Cb: 13.6844   Cr: 15.4601 )
00000493: 15.6545   (Y': 16.3509   Cb: 13.6967   Cr: 15.5555 )
00000494: 15.5629   (Y': 16.2566   Cb: 13.6084   Cr: 15.4677 )
00000495: 15.5669   (Y': 16.2601   Cb: 13.647    Cr: 15.4211 )
00000496: 15.5222   (Y': 16.1798   Cb: 13.6264   Cr: 15.4584 )
00000497: 15.5346   (Y': 16.1697   Cb: 13.6825   Cr: 15.4813 )
00000498: 15.4923   (Y': 16.1583   Cb: 13.6127   Cr: 15.3761 )
00000499: 15.4567   (Y': 16.0745   Cb: 13.6232   Cr: 15.4345 )
00000500: 15.5064   (Y': 16.1175   Cb: 13.7076   Cr: 15.4549 )
00000501: 15.4798   (Y': 16.1292   Cb: 13.6008   Cr: 15.4187 )
00000502: 15.4474   (Y': 16.0615   Cb: 13.6295   Cr: 15.4148 )
00000503: 15.4843   (Y': 16.0975   Cb: 13.678    Cr: 15.4371 )
00000504: 15.642    (Y': 16.3207   Cb: 13.7192   Cr: 15.5487 )
00000505: 15.6697   (Y': 16.3574   Cb: 13.7834   Cr: 15.4914 )
00000506: 15.7078   (Y': 16.3826   Cb: 13.7895   Cr: 15.6207 )
00000507: 15.6817   (Y': 16.31     Cb: 13.8314   Cr: 15.6487 )
00000508: 15.5338   (Y': 16.098    Cb: 13.7376   Cr: 15.6436 )
00000509: 15.4995   (Y': 16.0451   Cb: 13.7503   Cr: 15.6039 )
00000510: 15.4239   (Y': 15.9527   Cb: 13.6782   Cr: 15.5838 )
00000511: 15.6117   (Y': 16.1539   Cb: 13.8978   Cr: 15.6748 )
00000512: 16.5954   (Y': 17.3317   Cb: 14.494    Cr: 16.5892 )
00000513: 16.7981   (Y': 17.5403   Cb: 14.625    Cr: 16.8898 )
00000514: 16.1126   (Y': 16.7509   Cb: 14.18     Cr: 16.1727 )
00000515: 15.8796   (Y': 16.4758   Cb: 14.0387   Cr: 15.9446 )
00000516: 15.3777   (Y': 15.8707   Cb: 13.746    Cr: 15.4955 )
00000517: 15.3418   (Y': 15.843    Cb: 13.717    Cr: 15.4192 )
00000518: 15.3206   (Y': 15.8239   Cb: 13.6219   Cr: 15.5024 )
00000519: 15.2951   (Y': 15.7871   Cb: 13.6072   Cr: 15.5025 )
00000520: 15.3355   (Y': 15.831    Cb: 13.6933   Cr: 15.4596 )
00000521: 15.3477   (Y': 15.8615   Cb: 13.6259   Cr: 15.5258 )
00000522: 15.4586   (Y': 15.9913   Cb: 13.7428   Cr: 15.5588 )
00000523: 15.5966   (Y': 16.1966   Cb: 13.7918   Cr: 15.5928 )
00000524: 15.7538   (Y': 16.4374   Cb: 13.7943   Cr: 15.7006 )
00000525: 15.7554   (Y': 16.4587   Cb: 13.7914   Cr: 15.643  )
00000526: 15.7777   (Y': 16.5279   Cb: 13.7568   Cr: 15.5985 )
00000527: 15.8119   (Y': 16.5564   Cb: 13.8456   Cr: 15.5693 )
00000528: 15.7698   (Y': 16.5257   Cb: 13.7766   Cr: 15.5309 )
00000529: 15.7722   (Y': 16.5106   Cb: 13.762    Cr: 15.615  )
00000530: 15.7032   (Y': 16.4956   Cb: 13.672    Cr: 15.4063 )
00000531: 15.7595   (Y': 16.5703   Cb: 13.6706   Cr: 15.4917 )
00000532: 15.7004   (Y': 16.4698   Cb: 13.6446   Cr: 15.5131 )
00000534: 15.6408   (Y': 16.4287   Cb: 13.5678   Cr: 15.4211 )
00000533: 15.6954   (Y': 16.4612   Cb: 13.6595   Cr: 15.4896 )
00000535: 15.5978   (Y': 16.3719   Cb: 13.5767   Cr: 15.3429 )
00000536: 15.5223   (Y': 16.2444   Cb: 13.6023   Cr: 15.2823 )
00000537: 15.4112   (Y': 16.1109   Cb: 13.4815   Cr: 15.2585 )
00000538: 15.3923   (Y': 16.0605   Cb: 13.5101   Cr: 15.2728 )
00000540: 15.4252   (Y': 16.0983   Cb: 13.5217   Cr: 15.3214 )
00000539: 15.4192   (Y': 16.1018   Cb: 13.5158   Cr: 15.2834 )
00000541: 15.437    (Y': 16.123    Cb: 13.5236   Cr: 15.3054 )
00000542: 15.6071   (Y': 16.3242   Cb: 13.6447   Cr: 15.447  )
00000543: 16.7446   (Y': 17.566    Cb: 14.5004   Cr: 16.6899 )
00000544: 16.794    (Y': 17.6292   Cb: 14.4777   Cr: 16.8149 )
00000545: 15.9489   (Y': 16.7228   Cb: 13.8789   Cr: 15.7691 )
00000546: 15.7378   (Y': 16.4791   Cb: 13.7342   Cr: 15.5612 )
00000547: 15.4938   (Y': 16.1563   Cb: 13.6145   Cr: 15.3889 )
00000548: 15.4221   (Y': 16.092    Cb: 13.5601   Cr: 15.2667 )
00000550: 15.4201   (Y': 16.0864   Cb: 13.5286   Cr: 15.3209 )
00000549: 15.3763   (Y': 16.0418   Cb: 13.4946   Cr: 15.2649 )
00000551: 15.4053   (Y': 16.0494   Cb: 13.579    Cr: 15.2829 )
00000552: 15.3671   (Y': 16.0437   Cb: 13.4777   Cr: 15.23   )
00000553: 15.3715   (Y': 16.0499   Cb: 13.4932   Cr: 15.2121 )
00000554: 15.3911   (Y': 16.0227   Cb: 13.5721   Cr: 15.3    )
00000555: 15.3959   (Y': 16.0716   Cb: 13.5221   Cr: 15.2385 )
00000556: 15.4177   (Y': 16.0619   Cb: 13.6052   Cr: 15.2746 )
00000557: 15.4293   (Y': 16.1052   Cb: 13.5004   Cr: 15.3546 )
00000558: 15.4324   (Y': 16.1009   Cb: 13.547    Cr: 15.3163 )
00000559: 15.4813   (Y': 16.1737   Cb: 13.6183   Cr: 15.254  )
00000560: 15.4695   (Y': 16.1484   Cb: 13.5802   Cr: 15.3251 )
00000561: 15.5115   (Y': 16.222    Cb: 13.6142   Cr: 15.2757 )
00000562: 15.5511   (Y': 16.2567   Cb: 13.6031   Cr: 15.4065 )
00000563: 15.5849   (Y': 16.3373   Cb: 13.611    Cr: 15.3282 )
00000564: 15.6394   (Y': 16.4003   Cb: 13.6075   Cr: 15.4427 )
00000565: 15.6494   (Y': 16.4176   Cb: 13.6042   Cr: 15.4497 )
00000566: 15.6504   (Y': 16.4274   Cb: 13.66     Cr: 15.3409 )
00000567: 15.6847   (Y': 16.4525   Cb: 13.6621   Cr: 15.4521 )
00000568: 15.6646   (Y': 16.4356   Cb: 13.6331   Cr: 15.4355 )
00000569: 15.686    (Y': 16.4172   Cb: 13.7148   Cr: 15.493  )
00000570: 15.7101   (Y': 16.4714   Cb: 13.6686   Cr: 15.5269 )
00000571: 15.695    (Y': 16.4519   Cb: 13.6941   Cr: 15.4641 )
00000572: 15.6742   (Y': 16.418    Cb: 13.6782   Cr: 15.4779 )
00000573: 15.8496   (Y': 16.6444   Cb: 13.7542   Cr: 15.6423 )
00000574: 16.4372   (Y': 17.2832   Cb: 14.2256   Cr: 16.2501 )
00000575: 16.8808   (Y': 17.6984   Cb: 14.5711   Cr: 16.9492 )
00000576: 16.6971   (Y': 17.5392   Cb: 14.4662   Cr: 16.5536 )
00000577: 15.8977   (Y': 16.6224   Cb: 13.9351   Cr: 15.7127 )
00000578: 15.5135   (Y': 16.1544   Cb: 13.6635   Cr: 15.4371 )
00000579: 15.4295   (Y': 16.0276   Cb: 13.67     Cr: 15.3641 )
00000580: 15.3589   (Y': 15.9133   Cb: 13.6379   Cr: 15.3887 )
00000581: 15.3606   (Y': 15.928    Cb: 13.5959   Cr: 15.4104 )
00000582: 15.3755   (Y': 15.9052   Cb: 13.655    Cr: 15.4937 )
00000583: 15.3949   (Y': 15.9073   Cb: 13.7447   Cr: 15.4697 )
00000584: 15.3579   (Y': 15.8878   Cb: 13.626    Cr: 15.493  )
00000585: 15.3764   (Y': 15.9245   Cb: 13.6672   Cr: 15.4112 )
00000586: 15.3522   (Y': 15.8834   Cb: 13.6454   Cr: 15.4437 )
00000587: 15.3532   (Y': 15.8749   Cb: 13.6651   Cr: 15.451  )
00000588: 15.3128   (Y': 15.8255   Cb: 13.6534   Cr: 15.4007 )
00000590: 15.3307   (Y': 15.821    Cb: 13.6745   Cr: 15.4953 )
00000589: 15.3489   (Y': 15.8686   Cb: 13.649    Cr: 15.4716 )
00000591: 15.3137   (Y': 15.814    Cb: 13.6716   Cr: 15.4201 )
00000592: 15.3036   (Y': 15.8296   Cb: 13.587    Cr: 15.429  )
00000593: 15.343    (Y': 15.8482   Cb: 13.6663   Cr: 15.4839 )
00000594: 15.3083   (Y': 15.8237   Cb: 13.6274   Cr: 15.4185 )
00000595: 15.3216   (Y': 15.822    Cb: 13.6446   Cr: 15.4805 )
00000596: 15.3314   (Y': 15.8276   Cb: 13.6546   Cr: 15.5059 )
00000598: 15.3504   (Y': 15.8763   Cb: 13.6621   Cr: 15.4334 )
00000597: 15.3181   (Y': 15.845    Cb: 13.6399   Cr: 15.3825 )
00000599: 15.3321   (Y': 15.8451   Cb: 13.6735   Cr: 15.4175 )
00000600: 15.3427   (Y': 15.8712   Cb: 13.6393   Cr: 15.439  )
00000601: 15.362    (Y': 15.8539   Cb: 13.6985   Cr: 15.5319 )
00000602: 15.3515   (Y': 15.894    Cb: 13.6203   Cr: 15.4398 )
00000603: 15.3675   (Y': 15.885    Cb: 13.649    Cr: 15.527  )
00000604: 15.3717   (Y': 15.9246   Cb: 13.6229   Cr: 15.4492 )
00000605: 15.3756   (Y': 15.9058   Cb: 13.6825   Cr: 15.4505 )
00000606: 15.3786   (Y': 15.9136   Cb: 13.7091   Cr: 15.4008 )
00000607: 15.3765   (Y': 15.9143   Cb: 13.6891   Cr: 15.4156 )
00000608: 15.3954   (Y': 15.9278   Cb: 13.6397   Cr: 15.5581 )
00000609: 15.3761   (Y': 15.9164   Cb: 13.6641   Cr: 15.4433 )
00000610: 15.4032   (Y': 15.9368   Cb: 13.6667   Cr: 15.5314 )
00000611: 15.4506   (Y': 15.9759   Cb: 13.7304   Cr: 15.5839 )
00000612: 15.4483   (Y': 15.9401   Cb: 13.7576   Cr: 15.6606 )
00000613: 15.4328   (Y': 15.9306   Cb: 13.7501   Cr: 15.6105 )
00000614: 15.5635   (Y': 16.1145   Cb: 13.7844   Cr: 15.6942 )
00000615: 15.6106   (Y': 16.1913   Cb: 13.7745   Cr: 15.7231 )
00000616: 15.6862   (Y': 16.3058   Cb: 13.812    Cr: 15.7202 )
00000617: 15.6851   (Y': 16.3263   Cb: 13.7946   Cr: 15.6694 )
00000618: 15.6756   (Y': 16.333    Cb: 13.7362   Cr: 15.6804 )
00000619: 15.7034   (Y': 16.3489   Cb: 13.8378   Cr: 15.6351 )
00000620: 15.7039   (Y': 16.3484   Cb: 13.8339   Cr: 15.646  )
00000621: 15.6754   (Y': 16.3415   Cb: 13.7523   Cr: 15.6246 )
00000622: 15.6136   (Y': 16.281    Cb: 13.7154   Cr: 15.5209 )
00000623: 15.6189   (Y': 16.2603   Cb: 13.7511   Cr: 15.5675 )
00000624: 15.5825   (Y': 16.2433   Cb: 13.6744   Cr: 15.5271 )
00000625: 15.5289   (Y': 16.1774   Cb: 13.6618   Cr: 15.4527 )
00000626: 15.5447   (Y': 16.1778   Cb: 13.7187   Cr: 15.4592 )
00000627: 15.5019   (Y': 16.1577   Cb: 13.6015   Cr: 15.4515 )
00000628: 15.507    (Y': 16.1007   Cb: 13.707    Cr: 15.5176 )
00000629: 15.528    (Y': 16.1672   Cb: 13.6378   Cr: 15.5186 )
00000630: 15.5397   (Y': 16.1897   Cb: 13.6443   Cr: 15.5013 )
00000631: 15.5349   (Y': 16.1588   Cb: 13.694    Cr: 15.5029 )
00000632: 15.5175   (Y': 16.1524   Cb: 13.6667   Cr: 15.4626 )
00000633: 15.5238   (Y': 16.1309   Cb: 13.7158   Cr: 15.5001 )
00000634: 15.5122   (Y': 16.1448   Cb: 13.6921   Cr: 15.4191 )
00000636: 15.5117   (Y': 16.1482   Cb: 13.632    Cr: 15.4958 )
00000635: 15.5043   (Y': 16.1377   Cb: 13.666    Cr: 15.4358 )
00000637: 15.5151   (Y': 16.1552   Cb: 13.6628   Cr: 15.4448 )
00000638: 15.5149   (Y': 16.1519   Cb: 13.6459   Cr: 15.4808 )
00000639: 15.4884   (Y': 16.1356   Cb: 13.6023   Cr: 15.4454 )
00000640: 15.5023   (Y': 16.1375   Cb: 13.6003   Cr: 15.5251 )
00000641: 15.5126   (Y': 16.1277   Cb: 13.6704   Cr: 15.513  )
00000642: 15.4994   (Y': 16.1357   Cb: 13.6657   Cr: 15.4146 )
00000643: 15.522    (Y': 16.1619   Cb: 13.647    Cr: 15.4873 )
00000644: 15.535    (Y': 16.1428   Cb: 13.7388   Cr: 15.4912 )
00000645: 15.5244   (Y': 16.1501   Cb: 13.6755   Cr: 15.4984 )
00000646: 15.5319   (Y': 16.16     Cb: 13.6862   Cr: 15.4929 )
00000647: 15.552    (Y': 16.1853   Cb: 13.6573   Cr: 15.5704 )
00000648: 15.4966   (Y': 16.1309   Cb: 13.6319   Cr: 15.465  )
00000649: 15.5224   (Y': 16.1334   Cb: 13.7103   Cr: 15.4916 )
00000650: 15.5188   (Y': 16.1337   Cb: 13.6811   Cr: 15.5134 )
00000651: 15.5351   (Y': 16.1736   Cb: 13.659    Cr: 15.5067 )
00000652: 15.5155   (Y': 16.1409   Cb: 13.656    Cr: 15.5065 )
00000653: 15.5272   (Y': 16.1517   Cb: 13.6569   Cr: 15.5381 )
00000654: 15.5239   (Y': 16.1321   Cb: 13.7046   Cr: 15.5137 )
00000655: 15.523    (Y': 16.1273   Cb: 13.6891   Cr: 15.5487 )
00000656: 15.5119   (Y': 16.1355   Cb: 13.6775   Cr: 15.4709 )
00000657: 15.4966   (Y': 16.1041   Cb: 13.6885   Cr: 15.4712 )
00000658: 15.4983   (Y': 16.141    Cb: 13.6319   Cr: 15.4404 )
00000659: 15.4999   (Y': 16.1476   Cb: 13.64     Cr: 15.4157 )
00000660: 15.4988   (Y': 16.1421   Cb: 13.623    Cr: 15.4537 )
00000661: 15.487    (Y': 16.1127   Cb: 13.6009   Cr: 15.5182 )
00000662: 15.5225   (Y': 16.1612   Cb: 13.6535   Cr: 15.4824 )
00000663: 15.5256   (Y': 16.1703   Cb: 13.6493   Cr: 15.4764 )
00000664: 15.5214   (Y': 16.1522   Cb: 13.6472   Cr: 15.5167 )
00000665: 15.54     (Y': 16.1535   Cb: 13.6828   Cr: 15.5687 )
00000666: 15.5394   (Y': 16.1474   Cb: 13.7003   Cr: 15.5598 )
00000667: 15.5189   (Y': 16.1375   Cb: 13.6429   Cr: 15.5593 )
00000668: 15.5642   (Y': 16.2154   Cb: 13.662    Cr: 15.5324 )
00000669: 15.4961   (Y': 16.1378   Cb: 13.6304   Cr: 15.4411 )
00000670: 15.521    (Y': 16.1709   Cb: 13.6436   Cr: 15.4554 )
00000671: 15.5715   (Y': 16.1946   Cb: 13.6867   Cr: 15.6102 )
00000672: 15.6368   (Y': 16.2898   Cb: 13.6885   Cr: 15.6708 )
00000673: 15.6553   (Y': 16.2802   Cb: 13.7604   Cr: 15.7031 )
00000674: 15.6069   (Y': 16.2552   Cb: 13.7169   Cr: 15.566  )
00000675: 15.5834   (Y': 16.2416   Cb: 13.6952   Cr: 15.5063 )
00000676: 15.5812   (Y': 16.2146   Cb: 13.6924   Cr: 15.5895 )
00000677: 15.5307   (Y': 16.1348   Cb: 13.719    Cr: 15.5228 )
00000678: 15.5525   (Y': 16.1324   Cb: 13.7434   Cr: 15.6259 )
00000679: 15.5595   (Y': 16.1852   Cb: 13.7094   Cr: 15.5356 )
00000680: 15.6209   (Y': 16.2811   Cb: 13.7197   Cr: 15.557  )
00000681: 15.6441   (Y': 16.3028   Cb: 13.7324   Cr: 15.6015 )
00000682: 15.6325   (Y': 16.3019   Cb: 13.7228   Cr: 15.5506 )
00000683: 15.5599   (Y': 16.1839   Cb: 13.7062   Cr: 15.5472 )
00000684: 15.6082   (Y': 16.2462   Cb: 13.7735   Cr: 15.5191 )
00000685: 15.5831   (Y': 16.2396   Cb: 13.7263   Cr: 15.4647 )
00000686: 15.4843   (Y': 16.0834   Cb: 13.7038   Cr: 15.4467 )
00000687: 15.5976   (Y': 16.2241   Cb: 13.7881   Cr: 15.5097 )
00000688: 15.6943   (Y': 16.4101   Cb: 13.7675   Cr: 15.4849 )
00000689: 15.6578   (Y': 16.3363   Cb: 13.7225   Cr: 15.5841 )
00000690: 15.5898   (Y': 16.3029   Cb: 13.6287   Cr: 15.441  )
00000692: 15.5672   (Y': 16.2309   Cb: 13.6295   Cr: 15.5472 )
00000691: 15.5987   (Y': 16.3069   Cb: 13.6162   Cr: 15.4984 )
00000693: 15.4761   (Y': 16.1339   Cb: 13.5817   Cr: 15.4099 )
00000694: 15.4535   (Y': 16.1181   Cb: 13.537    Cr: 15.3981 )
00000695: 15.4827   (Y': 16.1558   Cb: 13.5592   Cr: 15.4088 )
00000696: 15.4426   (Y': 16.118    Cb: 13.5087   Cr: 15.3773 )
00000697: 15.4588   (Y': 16.1129   Cb: 13.5816   Cr: 15.3788 )
00000698: 15.4524   (Y': 16.1324   Cb: 13.5118   Cr: 15.3819 )
00000699: 15.4726   (Y': 16.1249   Cb: 13.5967   Cr: 15.3969 )
00000700: 15.4426   (Y': 16.1175   Cb: 13.5455   Cr: 15.323  )
00000701: 15.461    (Y': 16.1242   Cb: 13.5633   Cr: 15.3817 )
00000702: 15.4369   (Y': 16.0937   Cb: 13.5128   Cr: 15.4196 )
00000703: 15.4295   (Y': 16.0696   Cb: 13.5774   Cr: 15.3595 )
00000704: 15.4462   (Y': 16.0638   Cb: 13.602    Cr: 15.4411 )
00000705: 15.4449   (Y': 16.0854   Cb: 13.5677   Cr: 15.4113 )
00000706: 15.4483   (Y': 16.0941   Cb: 13.5787   Cr: 15.3849 )
00000707: 15.4722   (Y': 16.0989   Cb: 13.5998   Cr: 15.4785 )
00000708: 15.5132   (Y': 16.155    Cb: 13.665    Cr: 15.4314 )
00000709: 15.4898   (Y': 16.107    Cb: 13.6533   Cr: 15.4745 )
00000710: 15.5468   (Y': 16.1473   Cb: 13.7242   Cr: 15.5681 )
00000711: 15.5546   (Y': 16.1789   Cb: 13.7022   Cr: 15.5388 )
00000712: 15.6025   (Y': 16.2371   Cb: 13.6907   Cr: 15.6431 )
00000713: 15.628    (Y': 16.2583   Cb: 13.7812   Cr: 15.5832 )
00000714: 15.6438   (Y': 16.292    Cb: 13.7347   Cr: 15.6328 )
00000715: 15.6428   (Y': 16.3271   Cb: 13.7305   Cr: 15.5149 )
00000716: 15.6324   (Y': 16.3071   Cb: 13.7237   Cr: 15.5309 )
00000717: 15.5938   (Y': 16.2618   Cb: 13.669    Cr: 15.5395 )
00000719: 15.5538   (Y': 16.1993   Cb: 13.6565   Cr: 15.5339 )
00000718: 15.5268   (Y': 16.1768   Cb: 13.6164   Cr: 15.5118 )
00000720: 15.6593   (Y': 16.3369   Cb: 13.6793   Cr: 15.6585 )
00000721: 15.6663   (Y': 16.343    Cb: 13.7105   Cr: 15.6306 )
00000722: 15.6513   (Y': 16.3083   Cb: 13.7389   Cr: 15.6153 )
00000724: 15.5579   (Y': 16.1769   Cb: 13.6916   Cr: 15.5815 )
00000723: 15.6147   (Y': 16.2603   Cb: 13.7157   Cr: 15.5971 )
00000725: 15.595    (Y': 16.2459   Cb: 13.6853   Cr: 15.5757 )
00000726: 15.6646   (Y': 16.349    Cb: 13.7041   Cr: 15.6103 )
00000727: 15.7361   (Y': 16.4232   Cb: 13.7894   Cr: 15.6509 )
00000728: 15.7463   (Y': 16.4069   Cb: 13.788    Cr: 15.7693 )
00000729: 15.7957   (Y': 16.4517   Cb: 13.8737   Cr: 15.7782 )
00000730: 15.7979   (Y': 16.4753   Cb: 13.8552   Cr: 15.7395 )
00000731: 15.8294   (Y': 16.4463   Cb: 13.9569   Cr: 15.8706 )
00000732: 15.8109   (Y': 16.4383   Cb: 13.9142   Cr: 15.8528 )
00000733: 15.8456   (Y': 16.4342   Cb: 13.9703   Cr: 15.9917 )
00000734: 15.7674   (Y': 16.3131   Cb: 14.0069   Cr: 15.8883 )
00000735: 15.7259   (Y': 16.2455   Cb: 13.9829   Cr: 15.9155 )
00000736: 15.4929   (Y': 15.92     Cb: 13.856    Cr: 15.8702 )
00000737: 15.3791   (Y': 15.7456   Cb: 13.8201   Cr: 15.8762 )
00000738: 15.356    (Y': 15.7156   Cb: 13.8483   Cr: 15.7999 )
00000739: 15.414    (Y': 15.81     Cb: 13.8768   Cr: 15.7576 )
00000740: 15.4214   (Y': 15.8396   Cb: 13.8187   Cr: 15.7794 )
00000741: 15.3892   (Y': 15.7745   Cb: 13.8655   Cr: 15.7542 )
00000742: 15.3651   (Y': 15.7515   Cb: 13.8227   Cr: 15.7548 )
00000743: 15.3608   (Y': 15.7402   Cb: 13.8282   Cr: 15.7634 )
00000744: 15.4189   (Y': 15.8259   Cb: 13.8873   Cr: 15.7113 )
00000745: 15.3856   (Y': 15.8132   Cb: 13.7748   Cr: 15.7197 )
00000746: 15.3995   (Y': 15.7736   Cb: 13.8591   Cr: 15.8361 )
00000747: 15.427    (Y': 15.8106   Cb: 13.8784   Cr: 15.8381 )
00000748: 15.4449   (Y': 15.8243   Cb: 13.9128   Cr: 15.8468 )
00000749: 15.4292   (Y': 15.8055   Cb: 13.8755   Cr: 15.8776 )
00000750: 15.4008   (Y': 15.7689   Cb: 13.8734   Cr: 15.8408 )
00000751: 15.3913   (Y': 15.7679   Cb: 13.8327   Cr: 15.8459 )
00000752: 15.3892   (Y': 15.7614   Cb: 13.8226   Cr: 15.8754 )
00000753: 15.3965   (Y': 15.77     Cb: 13.8529   Cr: 15.8404 )
00000754: 15.4103   (Y': 15.7697   Cb: 13.902    Cr: 15.8562 )
00000755: 15.3871   (Y': 15.7419   Cb: 13.8977   Cr: 15.8224 )
00000756: 15.3889   (Y': 15.7694   Cb: 13.8198   Cr: 15.845  )
00000757: 15.393    (Y': 15.7628   Cb: 13.8796   Cr: 15.8046 )
00000758: 15.3703   (Y': 15.7309   Cb: 13.8592   Cr: 15.8156 )
00000759: 15.4096   (Y': 15.7752   Cb: 13.899    Cr: 15.8337 )
00000760: 15.3776   (Y': 15.7577   Cb: 13.7962   Cr: 15.8546 )
00000761: 15.4144   (Y': 15.7854   Cb: 13.8692   Cr: 15.871  )
00000762: 15.3961   (Y': 15.7498   Cb: 13.8831   Cr: 15.8729 )
00000763: 15.403    (Y': 15.7711   Cb: 13.8576   Cr: 15.8718 )
00000764: 15.3912   (Y': 15.7803   Cb: 13.829    Cr: 15.8014 )
00000765: 15.3852   (Y': 15.7571   Cb: 13.8548   Cr: 15.815  )
00000766: 15.3813   (Y': 15.7516   Cb: 13.862    Cr: 15.8001 )
00000767: 15.4345   (Y': 15.7826   Cb: 13.9372   Cr: 15.9095 )
00000768: 15.4262   (Y': 15.7946   Cb: 13.9195   Cr: 15.8327 )
00000769: 15.4131   (Y': 15.7834   Cb: 13.8535   Cr: 15.8957 )
00000770: 15.4172   (Y': 15.7718   Cb: 13.9026   Cr: 15.8922 )
00000771: 15.3703   (Y': 15.7447   Cb: 13.8079   Cr: 15.8402 )
00000772: 15.3663   (Y': 15.7115   Cb: 13.874    Cr: 15.8451 )
00000773: 15.3714   (Y': 15.7363   Cb: 13.8404   Cr: 15.8304 )
00000774: 15.3722   (Y': 15.7593   Cb: 13.8251   Cr: 15.7671 )
00000775: 15.4013   (Y': 15.7741   Cb: 13.8911   Cr: 15.7958 )
00000776: 15.4128   (Y': 15.7774   Cb: 13.8863   Cr: 15.8658 )
00000777: 15.3945   (Y': 15.7549   Cb: 13.8916   Cr: 15.8278 )
00000778: 15.3968   (Y': 15.748    Cb: 13.8601   Cr: 15.9214 )
00000780: 15.3794   (Y': 15.7235   Cb: 13.8904   Cr: 15.8573 )
00000779: 15.3927   (Y': 15.7506   Cb: 13.8778   Cr: 15.8546 )
00000781: 15.3866   (Y': 15.7172   Cb: 13.9117   Cr: 15.8984 )
00000782: 15.39     (Y': 15.7471   Cb: 13.8645   Cr: 15.8724 )
00000783: 15.3754   (Y': 15.7231   Cb: 13.8433   Cr: 15.9072 )
00000784: 15.3676   (Y': 15.742    Cb: 13.8036   Cr: 15.8404 )
00000785: 15.371    (Y': 15.7143   Cb: 13.8555   Cr: 15.8941 )
00000786: 15.4008   (Y': 15.7402   Cb: 13.9146   Cr: 15.8945 )
00000788: 15.3627   (Y': 15.7109   Cb: 13.8714   Cr: 15.8279 )
00000787: 15.4068   (Y': 15.7714   Cb: 13.875    Cr: 15.8685 )
00000789: 15.4001   (Y': 15.7451   Cb: 13.8762   Cr: 15.9298 )
00000790: 15.3931   (Y': 15.7251   Cb: 13.8883   Cr: 15.9469 )
00000791: 15.3971   (Y': 15.7404   Cb: 13.8873   Cr: 15.9114 )
00000792: 15.416    (Y': 15.769    Cb: 13.8826   Cr: 15.9281 )
00000793: 15.3666   (Y': 15.7163   Cb: 13.8724   Cr: 15.8303 )
00000794: 15.3791   (Y': 15.7189   Cb: 13.8782   Cr: 15.8939 )
00000795: 15.4048   (Y': 15.7635   Cb: 13.8763   Cr: 15.8856 )
00000796: 15.4032   (Y': 15.7555   Cb: 13.8784   Cr: 15.9044 )
00000797: 15.3801   (Y': 15.7446   Cb: 13.825    Cr: 15.8796 )
00000798: 15.3998   (Y': 15.7474   Cb: 13.8846   Cr: 15.9049 )
00000799: 15.4185   (Y': 15.7701   Cb: 13.8943   Cr: 15.9216 )
00000800: 15.3927   (Y': 15.7412   Cb: 13.8645   Cr: 15.9149 )
00000801: 15.3819   (Y': 15.7445   Cb: 13.8787   Cr: 15.8066 )
00000802: 15.394    (Y': 15.735    Cb: 13.8582   Cr: 15.9596 )
00000803: 15.4127   (Y': 15.775    Cb: 13.8694   Cr: 15.9016 )
00000804: 15.4076   (Y': 15.7468   Cb: 13.8829   Cr: 15.963  )
00000805: 15.4119   (Y': 15.7931   Cb: 13.8213   Cr: 15.8992 )
00000807: 15.5257   (Y': 15.8412   Cb: 14.0363   Cr: 16.1243 )
00000806: 15.3974   (Y': 15.7351   Cb: 13.8732   Cr: 15.9585 )
00000808: 15.5049   (Y': 15.859    Cb: 13.9403   Cr: 16.0628 )
00000809: 15.5366   (Y': 15.8646   Cb: 14.0435   Cr: 16.0887 )
00000810: 15.5775   (Y': 15.9169   Cb: 14.0569   Cr: 16.1254 )
00000811: 15.587    (Y': 15.9256   Cb: 14.0441   Cr: 16.1747 )
00000812: 15.5709   (Y': 15.8823   Cb: 14.102    Cr: 16.1542 )
00000813: 15.6053   (Y': 15.9212   Cb: 14.1177   Cr: 16.1993 )
00000814: 15.582    (Y': 15.9395   Cb: 14.0236   Cr: 16.1154 )
00000815: 15.543    (Y': 15.849    Cb: 14.1247   Cr: 16.0691 )
00000816: 15.5555   (Y': 15.8803   Cb: 14.0406   Cr: 16.1563 )
00000817: 15.5446   (Y': 15.8519   Cb: 14.0533   Cr: 16.182  )
00000818: 15.5222   (Y': 15.8387   Cb: 14.0647   Cr: 16.0657 )
00000819: 15.5276   (Y': 15.8488   Cb: 14.02     Cr: 16.1318 )
00000820: 15.5268   (Y': 15.8487   Cb: 14.0566   Cr: 16.0677 )
00000821: 15.5526   (Y': 15.8934   Cb: 14.0622   Cr: 16.0468 )
00000822: 15.5296   (Y': 15.8602   Cb: 14.043    Cr: 16.0599 )
00000823: 15.5301   (Y': 15.851    Cb: 14.0679   Cr: 16.0627 )
00000824: 15.5281   (Y': 15.8517   Cb: 14.0389   Cr: 16.092  )
00000825: 15.5249   (Y': 15.849    Cb: 14.0999   Cr: 15.986  )
00000826: 15.5222   (Y': 15.8729   Cb: 13.9902   Cr: 16.0413 )
00000827: 15.5071   (Y': 15.8458   Cb: 13.9805   Cr: 16.0679 )
00000828: 15.551    (Y': 15.869    Cb: 14.0696   Cr: 16.1266 )
00000829: 15.5516   (Y': 15.8755   Cb: 14.0495   Cr: 16.1349 )
00000830: 15.5383   (Y': 15.8439   Cb: 14.0689   Cr: 16.1472 )
00000831: 15.515    (Y': 15.8532   Cb: 13.9971   Cr: 16.064  )
00000832: 15.5387   (Y': 15.8678   Cb: 14.0221   Cr: 16.1239 )
00000833: 15.5613   (Y': 15.8673   Cb: 14.0873   Cr: 16.1758 )
00000834: 15.515    (Y': 15.8288   Cb: 14.0212   Cr: 16.1285 )
00000835: 15.5191   (Y': 15.8194   Cb: 14.0754   Cr: 16.1096 )
00000836: 15.522    (Y': 15.8591   Cb: 14.0193   Cr: 16.051  )
00000837: 15.5545   (Y': 15.8738   Cb: 14.1064   Cr: 16.0714 )
00000838: 15.5334   (Y': 15.8627   Cb: 14.0353   Cr: 16.0879 )
00000839: 15.5115   (Y': 15.8401   Cb: 14.0406   Cr: 16.0254 )
00000840: 15.5171   (Y': 15.8395   Cb: 14.0342   Cr: 16.0759 )
00000841: 15.5148   (Y': 15.8188   Cb: 14.0377   Cr: 16.1427 )
00000842: 15.5419   (Y': 15.8644   Cb: 14.0443   Cr: 16.1242 )
00000843: 15.517    (Y': 15.8422   Cb: 14.082    Cr: 15.9888 )
00000845: 15.5782   (Y': 15.8961   Cb: 14.1382   Cr: 16.0883 )
00000844: 15.57     (Y': 15.8952   Cb: 14.1157   Cr: 16.0714 )
00000846: 15.5543   (Y': 15.8976   Cb: 14.03     Cr: 16.092  )
00000848: 15.5519   (Y': 15.8804   Cb: 14.0666   Cr: 16.0892 )
00000847: 15.5433   (Y': 15.8507   Cb: 14.1075   Cr: 16.0905 )
00000849: 15.5519   (Y': 15.8726   Cb: 14.0989   Cr: 16.0712 )
00000850: 15.5279   (Y': 15.8385   Cb: 14.0415   Cr: 16.1427 )
00000851: 15.5298   (Y': 15.8381   Cb: 14.0884   Cr: 16.0823 )
00000852: 15.5317   (Y': 15.8554   Cb: 14.0541   Cr: 16.0768 )
00000853: 15.5258   (Y': 15.8591   Cb: 14.0303   Cr: 16.0589 )
00000854: 15.5452   (Y': 15.8596   Cb: 14.0854   Cr: 16.1014 )
00000855: 15.5188   (Y': 15.8525   Cb: 13.9911   Cr: 16.1019 )
00000856: 15.5581   (Y': 15.8768   Cb: 14.0879   Cr: 16.1125 )
00000857: 15.5296   (Y': 15.858    Cb: 14.0401   Cr: 16.0735 )
00000858: 15.5281   (Y': 15.8561   Cb: 14.0823   Cr: 16.0052 )
00000859: 15.5509   (Y': 15.8887   Cb: 14.0372   Cr: 16.0945 )
00000860: 15.5556   (Y': 15.8971   Cb: 14.0602   Cr: 16.0545 )
00000861: 15.5384   (Y': 15.8573   Cb: 14.0626   Cr: 16.1009 )
00000862: 15.5613   (Y': 15.8721   Cb: 14.0843   Cr: 16.1601 )
00000863: 15.5499   (Y': 15.8734   Cb: 14.0645   Cr: 16.1082 )
00000864: 15.6579   (Y': 16.0212   Cb: 14.0784   Cr: 16.2013 )
00000865: 15.7954   (Y': 16.2318   Cb: 14.1626   Cr: 16.1292 )
00000866: 15.9067   (Y': 16.396    Cb: 14.168    Cr: 16.2042 )
00000868: 16.033    (Y': 16.624    Cb: 14.1667   Cr: 16.1562 )
00000867: 15.9103   (Y': 16.4447   Cb: 14.0756   Cr: 16.1907 )
00000869: 16.0403   (Y': 16.6201   Cb: 14.1945   Cr: 16.1714 )
00000870: 16.0456   (Y': 16.6399   Cb: 14.1653   Cr: 16.1792 )
00000871: 16.0222   (Y': 16.6628   Cb: 14.1091   Cr: 16.0439 )
00000872: 15.9845   (Y': 16.6667   Cb: 14.0134   Cr: 15.9539 )
00000873: 15.9498   (Y': 16.6107   Cb: 14.0706   Cr: 15.8504 )
00000874: 15.9627   (Y': 16.6286   Cb: 14.0274   Cr: 15.9317 )
00000876: 15.9606   (Y': 16.6524   Cb: 13.9991   Cr: 15.8823 )
00000875: 15.9794   (Y': 16.6775   Cb: 14.034    Cr: 15.8559 )
00000877: 15.9653   (Y': 16.6726   Cb: 13.9898   Cr: 15.8573 )
00000878: 15.946    (Y': 16.6723   Cb: 13.9101   Cr: 15.8687 )
00000879: 15.9712   (Y': 16.7132   Cb: 13.9402   Cr: 15.8345 )
00000880: 15.927    (Y': 16.6371   Cb: 13.9401   Cr: 15.8273 )
00000881: 15.859    (Y': 16.6043   Cb: 13.8564   Cr: 15.6679 )
00000882: 15.7827   (Y': 16.4785   Cb: 13.8636   Cr: 15.6272 )
00000883: 15.8018   (Y': 16.4963   Cb: 13.8688   Cr: 15.6709 )
00000884: 15.7864   (Y': 16.4587   Cb: 13.9216   Cr: 15.6269 )
00000885: 15.7355   (Y': 16.3865   Cb: 13.8852   Cr: 15.6255 )
00000886: 15.7196   (Y': 16.3515   Cb: 13.8939   Cr: 15.6372 )
00000887: 15.7313   (Y': 16.3774   Cb: 13.8704   Cr: 15.6541 )
00000888: 15.9367   (Y': 16.5767   Cb: 14.0633   Cr: 15.8988 )
00000889: 16.7939   (Y': 17.5464   Cb: 14.6319   Cr: 16.8323 )
00000890: 16.9564   (Y': 17.6919   Cb: 14.7558   Cr: 17.1184 )
00000891: 16.8249   (Y': 17.6176   Cb: 14.6351   Cr: 16.7747 )
00000892: 15.9013   (Y': 16.5232   Cb: 14.0493   Cr: 15.8934 )
00000893: 15.7575   (Y': 16.3644   Cb: 13.9315   Cr: 15.7618 )
00000894: 15.6821   (Y': 16.3142   Cb: 13.858    Cr: 15.5971 )
00000895: 15.6625   (Y': 16.3417   Cb: 13.7634   Cr: 15.5315 )
00000896: 15.6553   (Y': 16.2489   Cb: 13.8462   Cr: 15.6805 )
00000897: 15.637    (Y': 16.2326   Cb: 13.816    Cr: 15.6729 )
00000898: 15.6319   (Y': 16.2117   Cb: 13.8462   Cr: 15.6701 )
00000899: 15.6253   (Y': 16.2239   Cb: 13.8135   Cr: 15.637  )
00000900: 15.6196   (Y': 16.2078   Cb: 13.7946   Cr: 15.6881 )
00000901: 15.5855   (Y': 16.1796   Cb: 13.7578   Cr: 15.6372 )
00000902: 15.5948   (Y': 16.1643   Cb: 13.8439   Cr: 15.6163 )
00000903: 15.5958   (Y': 16.1682   Cb: 13.853    Cr: 15.5951 )
00000904: 15.5709   (Y': 16.1406   Cb: 13.8664   Cr: 15.5233 )
00000905: 15.5669   (Y': 16.1476   Cb: 13.7843   Cr: 15.5972 )
00000906: 15.5638   (Y': 16.1505   Cb: 13.7645   Cr: 15.5985 )
00000907: 15.5586   (Y': 16.1341   Cb: 13.8013   Cr: 15.5686 )
00000908: 15.5823   (Y': 16.178    Cb: 13.7786   Cr: 15.5916 )
00000909: 15.5879   (Y': 16.1655   Cb: 13.8162   Cr: 15.6125 )
00000910: 15.6432   (Y': 16.2446   Cb: 13.859    Cr: 15.6038 )
00000912: 15.6069   (Y': 16.1871   Cb: 13.8199   Cr: 15.6451 )
00000911: 15.6282   (Y': 16.2228   Cb: 13.8426   Cr: 15.6138 )
00000913: 15.5975   (Y': 16.1865   Cb: 13.8127   Cr: 15.6015 )
Total: 15.5451   (Y': 16.142    Cb: 13.7335   Cr: 15.5624 )
