00000006: 13.5232   (Y': 13.4878   Cb: 12.7733   Cr: 14.6084 )
00000000: 31.7036   (Y': 40.8341   Cb: 27.3013   Cr: 27.3013 )
00000001: 13.5167   (Y': 13.4716   Cb: 12.7668   Cr: 14.6529 )
00000005: 13.436    (Y': 13.3507   Cb: 12.7892   Cr: 14.6274 )
00000004: 13.4871   (Y': 13.4286   Cb: 12.8249   Cr: 14.5606 )
00000003: 13.5085   (Y': 13.4552   Cb: 12.7779   Cr: 14.6585 )
00000002: 13.4809   (Y': 13.4176   Cb: 12.8118   Cr: 14.5895 )
00000007: 13.4875   (Y': 13.4478   Cb: 12.7465   Cr: 14.5822 )
00000008: 13.4774   (Y': 13.4377   Cb: 12.7372   Cr: 14.5704 )
00000009: 13.4741   (Y': 13.4267   Cb: 12.781    Cr: 14.5359 )
00000010: 13.504    (Y': 13.4688   Cb: 12.7359   Cr: 14.6164 )
00000011: 13.5122   (Y': 13.4696   Cb: 12.7647   Cr: 14.6319 )
00000013: 13.4682   (Y': 13.4084   Cb: 12.8026   Cr: 14.5536 )
00000014: 13.477    (Y': 13.4142   Cb: 12.8213   Cr: 14.5625 )
00000012: 13.4866   (Y': 13.4153   Cb: 12.8008   Cr: 14.6628 )
00000015: 13.5239   (Y': 13.4618   Cb: 12.8516   Cr: 14.6305 )
00000016: 13.456    (Y': 13.3861   Cb: 12.7896   Cr: 14.5956 )
00000017: 13.4741   (Y': 13.4112   Cb: 12.7952   Cr: 14.5955 )
00000018: 13.5238   (Y': 13.4623   Cb: 12.8189   Cr: 14.6775 )
00000019: 13.4672   (Y': 13.4122   Cb: 12.7678   Cr: 14.5778 )
00000020: 13.4758   (Y': 13.4219   Cb: 12.7664   Cr: 14.5959 )
00000021: 13.4658   (Y': 13.4029   Cb: 12.7882   Cr: 14.5851 )
00000022: 13.4639   (Y': 13.3923   Cb: 12.7867   Cr: 14.6286 )
00000023: 13.4837   (Y': 13.4205   Cb: 12.8208   Cr: 14.5828 )
00000025: 13.4836   (Y': 13.4391   Cb: 12.7669   Cr: 14.5658 )
00000024: 13.4704   (Y': 13.3983   Cb: 12.8346   Cr: 14.5753 )
00000027: 13.5002   (Y': 13.4363   Cb: 12.7882   Cr: 14.6772 )
00000026: 13.4963   (Y': 13.4241   Cb: 12.8166   Cr: 14.668  )
00000028: 13.4594   (Y': 13.3911   Cb: 12.7987   Cr: 14.5819 )
00000029: 13.4932   (Y': 13.4272   Cb: 12.7875   Cr: 14.6716 )
00000030: 13.4614   (Y': 13.4069   Cb: 12.7769   Cr: 14.5472 )
00000031: 13.46     (Y': 13.4112   Cb: 12.7435   Cr: 14.5646 )
00000032: 13.468    (Y': 13.4137   Cb: 12.7909   Cr: 14.5419 )
00000033: 13.4793   (Y': 13.4049   Cb: 12.7919   Cr: 14.6747 )
00000034: 13.457    (Y': 13.3888   Cb: 12.7973   Cr: 14.5777 )
00000036: 13.4647   (Y': 13.3924   Cb: 12.7669   Cr: 14.6648 )
00000035: 13.4897   (Y': 13.4534   Cb: 12.7626   Cr: 14.5457 )
00000037: 13.4825   (Y': 13.4238   Cb: 12.8302   Cr: 14.5421 )
00000038: 13.472    (Y': 13.3978   Cb: 12.8495   Cr: 14.5683 )
00000039: 13.4785   (Y': 13.4201   Cb: 12.7689   Cr: 14.6226 )
00000040: 13.459    (Y': 13.4054   Cb: 12.7563   Cr: 14.568  )
00000041: 13.5198   (Y': 13.4716   Cb: 12.7974   Cr: 14.6306 )
00000042: 13.4732   (Y': 13.39     Cb: 12.8328   Cr: 14.6435 )
00000043: 13.5215   (Y': 13.5097   Cb: 12.7488   Cr: 14.5211 )
00000046: 13.4756   (Y': 13.4107   Cb: 12.7884   Cr: 14.6197 )
00000045: 13.5065   (Y': 13.4821   Cb: 12.7583   Cr: 14.5334 )
00000047: 13.4368   (Y': 13.3586   Cb: 12.8073   Cr: 14.5642 )
00000044: 13.4551   (Y': 13.4258   Cb: 12.6963   Cr: 14.5232 )
00000049: 13.4946   (Y': 13.4392   Cb: 12.7819   Cr: 14.6279 )
00000048: 13.4447   (Y': 13.385    Cb: 12.741    Cr: 14.5868 )
00000050: 13.535    (Y': 13.5029   Cb: 12.7761   Cr: 14.6173 )
00000051: 13.4941   (Y': 13.4535   Cb: 12.7455   Cr: 14.6049 )
00000052: 13.5109   (Y': 13.4635   Cb: 12.7979   Cr: 14.6032 )
00000053: 13.5177   (Y': 13.4776   Cb: 12.7487   Cr: 14.6572 )
00000054: 13.5242   (Y': 13.4727   Cb: 12.7717   Cr: 14.6979 )
00000055: 13.437    (Y': 13.3426   Cb: 12.8518   Cr: 14.5846 )
00000057: 13.5084   (Y': 13.4507   Cb: 12.7997   Cr: 14.6473 )
00000056: 13.5164   (Y': 13.448    Cb: 12.8443   Cr: 14.6565 )
00000058: 13.4792   (Y': 13.4367   Cb: 12.7497   Cr: 14.5712 )
00000059: 13.5003   (Y': 13.4511   Cb: 12.7694   Cr: 14.6288 )
00000060: 13.4768   (Y': 13.4126   Cb: 12.7904   Cr: 14.6162 )
00000061: 13.4841   (Y': 13.4357   Cb: 12.7635   Cr: 14.5924 )
00000063: 13.4713   (Y': 13.4212   Cb: 12.6898   Cr: 14.684  )
00000062: 13.4624   (Y': 13.4131   Cb: 12.73     Cr: 14.5938 )
00000064: 13.4845   (Y': 13.4329   Cb: 12.7379   Cr: 14.6497 )
00000065: 13.4928   (Y': 13.4594   Cb: 12.7375   Cr: 14.5765 )
00000066: 13.4663   (Y': 13.4042   Cb: 12.7425   Cr: 14.6525 )
00000067: 13.5074   (Y': 13.4708   Cb: 12.7819   Cr: 14.5626 )
00000068: 13.4756   (Y': 13.4284   Cb: 12.7416   Cr: 14.5983 )
00000070: 13.4908   (Y': 13.448    Cb: 12.7489   Cr: 14.603  )
00000069: 13.4767   (Y': 13.4077   Cb: 12.8015   Cr: 14.6247 )
00000071: 13.4829   (Y': 13.433    Cb: 12.7262   Cr: 14.6553 )
00000073: 13.4921   (Y': 13.4356   Cb: 12.7775   Cr: 14.6341 )
00000072: 13.4953   (Y': 13.4508   Cb: 12.7504   Cr: 14.6208 )
00000074: 13.4599   (Y': 13.4097   Cb: 12.7557   Cr: 14.5529 )
00000075: 13.4915   (Y': 13.4445   Cb: 12.7776   Cr: 14.5832 )
00000076: 13.4293   (Y': 13.3609   Cb: 12.7271   Cr: 14.6153 )
00000077: 13.496    (Y': 13.4461   Cb: 12.75     Cr: 14.6513 )
00000078: 13.4993   (Y': 13.4691   Cb: 12.7337   Cr: 14.5822 )
00000079: 13.4641   (Y': 13.4012   Cb: 12.756    Cr: 14.63   )
00000080: 13.4508   (Y': 13.3883   Cb: 12.7726   Cr: 14.5684 )
00000081: 13.4824   (Y': 13.4379   Cb: 12.745    Cr: 14.5967 )
00000082: 13.516    (Y': 13.4769   Cb: 12.7863   Cr: 14.5902 )
00000083: 13.4814   (Y': 13.4319   Cb: 12.7462   Cr: 14.618  )
00000084: 13.4805   (Y': 13.4203   Cb: 12.7456   Cr: 14.6731 )
00000085: 13.4648   (Y': 13.3821   Cb: 12.8119   Cr: 14.6518 )
00000087: 13.4684   (Y': 13.4146   Cb: 12.7702   Cr: 14.5709 )
00000086: 13.4592   (Y': 13.3809   Cb: 12.7799   Cr: 14.6628 )
00000088: 13.4688   (Y': 13.4067   Cb: 12.7715   Cr: 14.6134 )
00000089: 13.4453   (Y': 13.3911   Cb: 12.7715   Cr: 14.5134 )
00000090: 13.4319   (Y': 13.3585   Cb: 12.7607   Cr: 14.5973 )
00000091: 13.5136   (Y': 13.4806   Cb: 12.7799   Cr: 14.5629 )
00000092: 13.4796   (Y': 13.4308   Cb: 12.7349   Cr: 14.6277 )
00000093: 13.4928   (Y': 13.4469   Cb: 12.7416   Cr: 14.635  )
00000094: 13.487    (Y': 13.4447   Cb: 12.7658   Cr: 14.5651 )
00000095: 13.4505   (Y': 13.4023   Cb: 12.7322   Cr: 14.5547 )
00000096: 13.4739   (Y': 13.4389   Cb: 12.7048   Cr: 14.5868 )
00000097: 13.495    (Y': 13.445    Cb: 12.8012   Cr: 14.5712 )
00000098: 13.4708   (Y': 13.4241   Cb: 12.7121   Cr: 14.6293 )
00000099: 13.4705   (Y': 13.4168   Cb: 12.7196   Cr: 14.6539 )
00000100: 13.478    (Y': 13.4452   Cb: 12.6889   Cr: 14.6105 )
00000101: 13.4489   (Y': 13.3944   Cb: 12.7089   Cr: 14.6194 )
00000102: 13.4606   (Y': 13.4162   Cb: 12.6491   Cr: 14.6899 )
00000103: 13.4652   (Y': 13.4202   Cb: 12.7178   Cr: 14.597  )
00000104: 13.4583   (Y': 13.4055   Cb: 12.7384   Cr: 14.5892 )
00000105: 13.4873   (Y': 13.456    Cb: 12.7231   Cr: 14.5738 )
00000106: 13.4443   (Y': 13.4046   Cb: 12.6715   Cr: 14.588  )
00000107: 13.3779   (Y': 13.2885   Cb: 12.7034   Cr: 14.6347 )
00000108: 13.5042   (Y': 13.4476   Cb: 12.7545   Cr: 14.7008 )
00000109: 13.534    (Y': 13.4963   Cb: 12.7432   Cr: 14.6954 )
00000110: 13.4715   (Y': 13.4039   Cb: 12.7629   Cr: 14.6633 )
00000111: 13.4844   (Y': 13.4327   Cb: 12.723    Cr: 14.6735 )
00000112: 13.4855   (Y': 13.4389   Cb: 12.7697   Cr: 14.5778 )
00000113: 13.4861   (Y': 13.4441   Cb: 12.7512   Cr: 14.5833 )
00000114: 13.4681   (Y': 13.4292   Cb: 12.7245   Cr: 14.5625 )
00000115: 13.4808   (Y': 13.4301   Cb: 12.739    Cr: 14.634  )
00000116: 13.5268   (Y': 13.4815   Cb: 12.7918   Cr: 14.6414 )
00000117: 13.4811   (Y': 13.4369   Cb: 12.7138   Cr: 14.64   )
00000119: 13.477    (Y': 13.419    Cb: 12.7643   Cr: 14.624  )
00000118: 13.4814   (Y': 13.4386   Cb: 12.698    Cr: 14.6579 )
00000120: 13.5064   (Y': 13.4586   Cb: 12.7689   Cr: 14.638  )
00000121: 13.4735   (Y': 13.4169   Cb: 12.7303   Cr: 14.66   )
00000122: 13.4716   (Y': 13.4298   Cb: 12.7354   Cr: 14.5696 )
00000123: 13.4664   (Y': 13.409    Cb: 12.7551   Cr: 14.6081 )
00000124: 13.4874   (Y': 13.4501   Cb: 12.7371   Cr: 14.5839 )
00000126: 13.499    (Y': 13.42     Cb: 12.8655   Cr: 14.6372 )
00000125: 13.4734   (Y': 13.3869   Cb: 12.8267   Cr: 14.6712 )
00000127: 13.4855   (Y': 13.4138   Cb: 12.7856   Cr: 14.6857 )
00000128: 13.4767   (Y': 13.4161   Cb: 12.7671   Cr: 14.6332 )
00000129: 13.4778   (Y': 13.3982   Cb: 12.8202   Cr: 14.6548 )
00000130: 13.4967   (Y': 13.4466   Cb: 12.7458   Cr: 14.6614 )
00000131: 13.4969   (Y': 13.4396   Cb: 12.7626   Cr: 14.6731 )
00000132: 13.497    (Y': 13.4306   Cb: 12.8085   Cr: 14.651  )
00000133: 13.4896   (Y': 13.4328   Cb: 12.7791   Cr: 14.6263 )
00000134: 13.5548   (Y': 13.5267   Cb: 12.7838   Cr: 14.6352 )
00000135: 13.4558   (Y': 13.3716   Cb: 12.7666   Cr: 14.7068 )
00000136: 13.5529   (Y': 13.5117   Cb: 12.8182   Cr: 14.6458 )
00000137: 13.5112   (Y': 13.4656   Cb: 12.7773   Cr: 14.6256 )
00000138: 13.4581   (Y': 13.3714   Cb: 12.8268   Cr: 14.6334 )
00000139: 13.5301   (Y': 13.4937   Cb: 12.7906   Cr: 14.6048 )
00000140: 13.4702   (Y': 13.4185   Cb: 12.7632   Cr: 14.5754 )
00000141: 13.4494   (Y': 13.377    Cb: 12.7488   Cr: 14.6548 )
00000143: 13.4874   (Y': 13.4391   Cb: 12.7522   Cr: 14.6183 )
00000142: 13.5018   (Y': 13.4438   Cb: 12.7872   Cr: 14.6514 )
00000144: 13.4499   (Y': 13.3693   Cb: 12.7704   Cr: 14.6664 )
00000145: 13.4672   (Y': 13.3884   Cb: 12.7731   Cr: 14.6972 )
00000146: 13.4727   (Y': 13.4142   Cb: 12.7574   Cr: 14.6264 )
00000147: 13.5202   (Y': 13.4818   Cb: 12.759    Cr: 14.6389 )
00000148: 13.5066   (Y': 13.4611   Cb: 12.7369   Cr: 14.6757 )
00000150: 13.5118   (Y': 13.4761   Cb: 12.7157   Cr: 14.6708 )
00000149: 13.5071   (Y': 13.4417   Cb: 12.7909   Cr: 14.6989 )
00000151: 13.5204   (Y': 13.4817   Cb: 12.773    Cr: 14.6189 )
00000152: 13.4973   (Y': 13.4401   Cb: 12.7867   Cr: 14.6375 )
00000153: 13.4252   (Y': 13.3359   Cb: 12.7667   Cr: 14.6563 )
00000154: 13.4699   (Y': 13.4149   Cb: 12.7304   Cr: 14.6425 )
00000155: 13.4375   (Y': 13.3425   Cb: 12.7944   Cr: 14.6758 )
00000156: 13.5283   (Y': 13.4871   Cb: 12.8041   Cr: 14.6054 )
00000157: 13.4698   (Y': 13.4041   Cb: 12.7443   Cr: 14.6778 )
00000158: 13.4907   (Y': 13.4315   Cb: 12.7751   Cr: 14.6486 )
00000159: 13.4592   (Y': 13.3896   Cb: 12.7707   Cr: 14.6304 )
00000160: 13.4912   (Y': 13.4231   Cb: 12.7924   Cr: 14.6709 )
00000161: 13.4424   (Y': 13.366    Cb: 12.7616   Cr: 14.6386 )
00000162: 13.5052   (Y': 13.4501   Cb: 12.7568   Cr: 14.6924 )
00000163: 13.4933   (Y': 13.4317   Cb: 12.7748   Cr: 14.6681 )
00000164: 13.4277   (Y': 13.3427   Cb: 12.762    Cr: 14.6465 )
00000165: 13.4389   (Y': 13.3648   Cb: 12.741    Cr: 14.6489 )
00000166: 13.4874   (Y': 13.4389   Cb: 12.7283   Cr: 14.6563 )
00000167: 13.4942   (Y': 13.4241   Cb: 12.817    Cr: 14.6506 )
00000168: 13.4671   (Y': 13.4083   Cb: 12.7322   Cr: 14.6525 )
00000169: 13.5134   (Y': 13.4663   Cb: 12.7688   Cr: 14.6522 )
00000170: 13.4775   (Y': 13.4228   Cb: 12.7297   Cr: 14.6613 )
00000171: 13.4853   (Y': 13.4244   Cb: 12.7548   Cr: 14.6751 )
00000172: 13.4583   (Y': 13.3724   Cb: 12.8482   Cr: 14.5975 )
00000173: 13.4965   (Y': 13.4342   Cb: 12.7539   Cr: 14.7127 )
00000174: 13.504    (Y': 13.4378   Cb: 12.7944   Cr: 14.69   )
00000175: 13.4894   (Y': 13.4218   Cb: 12.7825   Cr: 14.6781 )
00000176: 13.4657   (Y': 13.4017   Cb: 12.7872   Cr: 14.5916 )
00000177: 13.4916   (Y': 13.421    Cb: 12.792    Cr: 14.6853 )
00000178: 13.4577   (Y': 13.3829   Cb: 12.7395   Cr: 14.703  )
00000179: 13.4984   (Y': 13.4403   Cb: 12.7875   Cr: 14.6432 )
00000180: 13.4816   (Y': 13.4269   Cb: 12.7367   Cr: 14.6603 )
00000181: 13.5081   (Y': 13.4583   Cb: 12.7273   Cr: 14.7183 )
00000182: 13.4849   (Y': 13.4454   Cb: 12.7134   Cr: 14.6258 )
00000183: 13.4351   (Y': 13.3349   Cb: 12.8272   Cr: 14.6475 )
00000184: 13.533    (Y': 13.4921   Cb: 12.7733   Cr: 14.6624 )
00000185: 13.4828   (Y': 13.4455   Cb: 12.6816   Cr: 14.6584 )
00000186: 13.4541   (Y': 13.3767   Cb: 12.7621   Cr: 14.6727 )
00000187: 13.552    (Y': 13.5228   Cb: 12.761    Cr: 14.669  )
00000188: 13.4367   (Y': 13.3576   Cb: 12.7566   Cr: 14.6464 )
00000189: 13.5352   (Y': 13.4971   Cb: 12.7794   Cr: 14.6442 )
00000190: 13.5041   (Y': 13.4427   Cb: 12.7692   Cr: 14.7031 )
00000191: 13.4687   (Y': 13.4102   Cb: 12.7667   Cr: 14.6015 )
00000192: 13.4447   (Y': 13.3657   Cb: 12.7665   Cr: 14.6507 )
00000193: 13.4902   (Y': 13.4224   Cb: 12.7616   Cr: 14.7141 )
00000194: 13.4788   (Y': 13.4136   Cb: 12.7532   Cr: 14.6843 )
00000195: 13.5021   (Y': 13.4093   Cb: 12.8447   Cr: 14.7503 )
00000196: 13.4152   (Y': 13.3518   Cb: 12.6971   Cr: 14.5994 )
00000197: 13.5212   (Y': 13.4521   Cb: 12.8102   Cr: 14.7243 )
00000198: 13.5019   (Y': 13.4439   Cb: 12.7697   Cr: 14.6796 )
00000199: 13.5008   (Y': 13.4244   Cb: 12.7776   Cr: 14.7626 )
00000200: 13.4788   (Y': 13.4411   Cb: 12.6905   Cr: 14.6357 )
00000201: 13.4836   (Y': 13.3981   Cb: 12.7682   Cr: 14.7831 )
00000202: 13.4674   (Y': 13.3888   Cb: 12.7455   Cr: 14.7398 )
00000203: 13.5435   (Y': 13.5055   Cb: 12.7617   Cr: 14.6922 )
00000204: 13.4688   (Y': 13.3899   Cb: 12.7505   Cr: 14.7368 )
00000205: 13.483    (Y': 13.4014   Cb: 12.7948   Cr: 14.7183 )
00000206: 13.4706   (Y': 13.3901   Cb: 12.8092   Cr: 14.6594 )
00000207: 13.5124   (Y': 13.4393   Cb: 12.7853   Cr: 14.7628 )
00000208: 13.4527   (Y': 13.3702   Cb: 12.7591   Cr: 14.7011 )
00000209: 13.4913   (Y': 13.4234   Cb: 12.7484   Cr: 14.7384 )
00000210: 13.4776   (Y': 13.4052   Cb: 12.7941   Cr: 14.6563 )
00000211: 13.5065   (Y': 13.4637   Cb: 12.7322   Cr: 14.6682 )
00000212: 13.5276   (Y': 13.4822   Cb: 12.7366   Cr: 14.7301 )
00000213: 13.5188   (Y': 13.475    Cb: 12.7694   Cr: 14.6474 )
00000214: 13.4991   (Y': 13.4445   Cb: 12.7387   Cr: 14.7024 )
00000215: 13.4559   (Y': 13.3908   Cb: 12.7317   Cr: 14.6582 )
00000216: 13.4783   (Y': 13.4158   Cb: 12.7576   Cr: 14.6617 )
00000217: 13.5094   (Y': 13.4531   Cb: 12.786    Cr: 14.6643 )
00000218: 13.5032   (Y': 13.458    Cb: 12.7636   Cr: 14.6244 )
00000219: 13.5123   (Y': 13.487    Cb: 12.7063   Cr: 14.6325 )
00000220: 13.5311   (Y': 13.4877   Cb: 12.7841   Cr: 14.6542 )
00000221: 13.5022   (Y': 13.4585   Cb: 12.7149   Cr: 14.6896 )
00000222: 13.5178   (Y': 13.4568   Cb: 12.7736   Cr: 14.7298 )
00000223: 13.4748   (Y': 13.4236   Cb: 12.7281   Cr: 14.6389 )
00000224: 13.4714   (Y': 13.4237   Cb: 12.7169   Cr: 14.6286 )
00000225: 13.4713   (Y': 13.3954   Cb: 12.7307   Cr: 14.7585 )
00000226: 13.4977   (Y': 13.4428   Cb: 12.7714   Cr: 14.6497 )
00000227: 13.476    (Y': 13.3982   Cb: 12.7931   Cr: 14.6827 )
00000228: 13.4619   (Y': 13.385    Cb: 12.7849   Cr: 14.6544 )
00000229: 13.4982   (Y': 13.4657   Cb: 12.7012   Cr: 14.6418 )
00000230: 13.42     (Y': 13.3505   Cb: 12.7053   Cr: 14.6314 )
00000231: 13.513    (Y': 13.4531   Cb: 12.744    Cr: 14.7585 )
00000232: 13.4841   (Y': 13.413    Cb: 12.7753   Cr: 14.6947 )
00000233: 13.5119   (Y': 13.4717   Cb: 12.7377   Cr: 14.66   )
00000234: 13.4732   (Y': 13.3911   Cb: 12.7861   Cr: 14.7098 )
00000235: 13.546    (Y': 13.5035   Cb: 12.7909   Cr: 14.6765 )
00000237: 13.4939   (Y': 13.436    Cb: 12.7718   Cr: 14.655  )
00000236: 13.4874   (Y': 13.4223   Cb: 12.7703   Cr: 14.6794 )
00000238: 13.4635   (Y': 13.3925   Cb: 12.7377   Cr: 14.7    )
00000239: 13.4795   (Y': 13.423    Cb: 12.7883   Cr: 14.586  )
00000240: 13.4928   (Y': 13.4337   Cb: 12.7576   Cr: 14.68   )
00000241: 13.4793   (Y': 13.4282   Cb: 12.7482   Cr: 14.6184 )
00000242: 13.4675   (Y': 13.4172   Cb: 12.7133   Cr: 14.6382 )
00000243: 13.5034   (Y': 13.4502   Cb: 12.7747   Cr: 14.6496 )
00000245: 13.4885   (Y': 13.439    Cb: 12.765    Cr: 14.6078 )
00000244: 13.4921   (Y': 13.4434   Cb: 12.7346   Cr: 14.6592 )
00000246: 13.5069   (Y': 13.4674   Cb: 12.7373   Cr: 14.6446 )
00000247: 13.5027   (Y': 13.441    Cb: 12.7826   Cr: 14.6802 )
00000248: 13.537    (Y': 13.5059   Cb: 12.749    Cr: 14.6597 )
00000249: 13.519    (Y': 13.4797   Cb: 12.747    Cr: 14.659  )
00000250: 13.4337   (Y': 13.3583   Cb: 12.7476   Cr: 14.6325 )
00000251: 13.4529   (Y': 13.4119   Cb: 12.6968   Cr: 14.5774 )
00000252: 13.4498   (Y': 13.4215   Cb: 12.6354   Cr: 14.5981 )
00000253: 13.513    (Y': 13.4814   Cb: 12.6925   Cr: 14.6882 )
00000254: 13.4693   (Y': 13.4344   Cb: 12.7046   Cr: 14.575  )
00000255: 13.4757   (Y': 13.4443   Cb: 12.7027   Cr: 14.576  )
00000256: 13.4493   (Y': 13.3967   Cb: 12.7813   Cr: 14.5011 )
00000257: 13.4668   (Y': 13.4269   Cb: 12.7048   Cr: 14.595  )
00000258: 13.4589   (Y': 13.4064   Cb: 12.7096   Cr: 14.6336 )
00000259: 13.4674   (Y': 13.4322   Cb: 12.665    Cr: 14.6332 )
00000261: 13.4266   (Y': 13.3715   Cb: 12.6511   Cr: 14.6562 )
00000260: 13.4958   (Y': 13.4966   Cb: 12.6236   Cr: 14.5844 )
00000262: 13.4587   (Y': 13.4165   Cb: 12.7152   Cr: 14.5706 )
00000263: 13.4311   (Y': 13.3919   Cb: 12.6832   Cr: 14.5334 )
00000264: 13.4742   (Y': 13.4201   Cb: 12.7235   Cr: 14.6593 )
00000265: 13.4784   (Y': 13.4466   Cb: 12.6799   Cr: 14.6205 )
00000266: 13.517    (Y': 13.458    Cb: 12.771    Cr: 14.7215 )
00000267: 13.4796   (Y': 13.422    Cb: 12.7393   Cr: 14.6669 )
00000269: 13.5325   (Y': 13.5335   Cb: 12.7141   Cr: 14.5366 )
00000268: 13.4908   (Y': 13.4189   Cb: 12.7858   Cr: 14.6996 )
00000270: 13.5192   (Y': 13.4593   Cb: 12.8173   Cr: 14.6602 )
00000271: 13.4836   (Y': 13.444    Cb: 12.7389   Cr: 14.5833 )
00000272: 13.4759   (Y': 13.4224   Cb: 12.7582   Cr: 14.607  )
00000273: 13.4492   (Y': 13.3796   Cb: 12.7444   Cr: 14.6455 )
00000274: 13.482    (Y': 13.4373   Cb: 12.7527   Cr: 14.5847 )
00000275: 13.4685   (Y': 13.4345   Cb: 12.6923   Cr: 14.5874 )
00000277: 13.4765   (Y': 13.4451   Cb: 12.6689   Cr: 14.631  )
00000278: 13.4771   (Y': 13.4333   Cb: 12.7259   Cr: 14.6091 )
00000279: 13.4788   (Y': 13.4208   Cb: 12.7953   Cr: 14.5817 )
00000276: 13.459    (Y': 13.4181   Cb: 12.6842   Cr: 14.6118 )
00000280: 13.5013   (Y': 13.4865   Cb: 12.6769   Cr: 14.5955 )
00000281: 13.4543   (Y': 13.4033   Cb: 12.7363   Cr: 14.5725 )
00000282: 13.4314   (Y': 13.3769   Cb: 12.6851   Cr: 14.6116 )
00000283: 13.4655   (Y': 13.4141   Cb: 12.7071   Cr: 14.6484 )
00000284: 13.4714   (Y': 13.398    Cb: 12.7709   Cr: 14.6816 )
00000285: 13.4205   (Y': 13.3683   Cb: 12.6925   Cr: 14.5601 )
00000286: 13.4327   (Y': 13.3552   Cb: 12.8106   Cr: 14.5456 )
00000287: 13.4609   (Y': 13.4014   Cb: 12.7316   Cr: 14.6411 )
00000288: 13.4612   (Y': 13.406    Cb: 12.7465   Cr: 14.5968 )
00000289: 13.419    (Y': 13.3498   Cb: 12.7084   Cr: 14.6226 )
00000290: 13.4139   (Y': 13.3539   Cb: 12.7114   Cr: 14.5558 )
00000291: 13.4769   (Y': 13.424    Cb: 12.7424   Cr: 14.6303 )
00000292: 13.4846   (Y': 13.4364   Cb: 12.7678   Cr: 14.5868 )
00000293: 13.4748   (Y': 13.4195   Cb: 12.7331   Cr: 14.6519 )
00000294: 13.4771   (Y': 13.4339   Cb: 12.7188   Cr: 14.6163 )
00000295: 13.4886   (Y': 13.4231   Cb: 12.7994   Cr: 14.6389 )
00000296: 13.4633   (Y': 13.3978   Cb: 12.782    Cr: 14.6017 )
00000297: 13.4708   (Y': 13.4282   Cb: 12.7336   Cr: 14.5747 )
00000298: 13.4923   (Y': 13.4592   Cb: 12.7753   Cr: 14.5165 )
00000299: 13.5372   (Y': 13.5126   Cb: 12.732    Cr: 14.6525 )
00000300: 13.5099   (Y': 13.4647   Cb: 12.7499   Cr: 14.6627 )
00000301: 13.5241   (Y': 13.517    Cb: 12.733    Cr: 14.5276 )
00000303: 13.4108   (Y': 13.349    Cb: 12.6742   Cr: 14.6147 )
00000302: 13.4955   (Y': 13.4694   Cb: 12.7319   Cr: 14.5545 )
00000304: 13.4378   (Y': 13.3723   Cb: 12.6831   Cr: 14.6905 )
00000305: 13.4771   (Y': 13.4454   Cb: 12.7131   Cr: 14.5652 )
00000306: 13.5054   (Y': 13.4921   Cb: 12.6649   Cr: 14.6171 )
00000307: 13.4723   (Y': 13.4338   Cb: 12.6961   Cr: 14.6151 )
00000308: 13.4781   (Y': 13.4525   Cb: 12.6684   Cr: 14.6054 )
00000309: 13.5195   (Y': 13.4944   Cb: 12.7472   Cr: 14.5859 )
00000310: 13.4955   (Y': 13.4509   Cb: 12.7458   Cr: 14.6289 )
00000311: 13.5144   (Y': 13.4712   Cb: 12.76     Cr: 14.6479 )
00000312: 13.4799   (Y': 13.4235   Cb: 12.7555   Cr: 14.6364 )
00000313: 13.4644   (Y': 13.4185   Cb: 12.7164   Cr: 14.6025 )
00000314: 13.4483   (Y': 13.3846   Cb: 12.7291   Cr: 14.6353 )
00000315: 13.4487   (Y': 13.3963   Cb: 12.7111   Cr: 14.6043 )
00000316: 13.4298   (Y': 13.3854   Cb: 12.6511   Cr: 14.6071 )
00000317: 13.4749   (Y': 13.4108   Cb: 12.7334   Cr: 14.6989 )
00000318: 13.4495   (Y': 13.3657   Cb: 12.7585   Cr: 14.7006 )
00000319: 13.4719   (Y': 13.4013   Cb: 12.7574   Cr: 14.6892 )
00000320: 13.4859   (Y': 13.4391   Cb: 12.7135   Cr: 14.6663 )
00000321: 13.4873   (Y': 13.457    Cb: 12.7064   Cr: 14.5943 )
00000322: 13.5001   (Y': 13.4756   Cb: 12.6868   Cr: 14.6272 )
00000323: 13.5577   (Y': 13.5521   Cb: 12.7291   Cr: 14.611  )
00000324: 13.5619   (Y': 13.5491   Cb: 12.7637   Cr: 14.6055 )
00000325: 13.4997   (Y': 13.4745   Cb: 12.7107   Cr: 14.5925 )
00000327: 13.5138   (Y': 13.4705   Cb: 12.7411   Cr: 14.6764 )
00000326: 13.4936   (Y': 13.4438   Cb: 12.7445   Cr: 14.6539 )
00000328: 13.5159   (Y': 13.4743   Cb: 12.7194   Cr: 14.7064 )
00000330: 13.4637   (Y': 13.4159   Cb: 12.6956   Cr: 14.6425 )
00000329: 13.4882   (Y': 13.4319   Cb: 12.7316   Cr: 14.6948 )
00000331: 13.5261   (Y': 13.4933   Cb: 12.7386   Cr: 14.6561 )
00000332: 13.5316   (Y': 13.5151   Cb: 12.7368   Cr: 14.5883 )
00000333: 13.4813   (Y': 13.4442   Cb: 12.7088   Cr: 14.6112 )
00000334: 13.4512   (Y': 13.3984   Cb: 12.6954   Cr: 14.6373 )
00000335: 13.5205   (Y': 13.506    Cb: 12.7238   Cr: 14.5706 )
00000336: 13.5105   (Y': 13.4797   Cb: 12.7397   Cr: 14.6047 )
00000338: 13.4668   (Y': 13.4122   Cb: 12.7645   Cr: 14.5799 )
00000337: 13.4967   (Y': 13.4567   Cb: 12.7274   Cr: 14.6359 )
00000339: 13.4363   (Y': 13.3737   Cb: 12.7386   Cr: 14.5846 )
00000340: 13.4788   (Y': 13.4214   Cb: 12.7647   Cr: 14.6247 )
00000341: 13.5273   (Y': 13.4948   Cb: 12.7987   Cr: 14.5659 )
00000342: 13.4715   (Y': 13.4255   Cb: 12.7577   Cr: 14.5573 )
00000343: 13.4746   (Y': 13.4296   Cb: 12.7396   Cr: 14.5875 )
00000344: 13.4696   (Y': 13.4172   Cb: 12.7848   Cr: 14.5452 )
00000345: 13.4503   (Y': 13.3774   Cb: 12.7576   Cr: 14.6459 )
00000346: 13.4817   (Y': 13.4245   Cb: 12.7889   Cr: 14.5941 )
00000347: 13.4858   (Y': 13.4204   Cb: 12.8005   Cr: 14.6301 )
00000348: 13.4831   (Y': 13.4286   Cb: 12.7954   Cr: 14.574  )
00000349: 13.4776   (Y': 13.4076   Cb: 12.8077   Cr: 14.6226 )
00000350: 13.4508   (Y': 13.4094   Cb: 12.726    Cr: 14.5295 )
00000351: 13.4876   (Y': 13.4694   Cb: 12.7028   Cr: 14.5378 )
00000352: 13.4778   (Y': 13.4346   Cb: 12.7307   Cr: 14.6001 )
00000353: 13.455    (Y': 13.4219   Cb: 12.6964   Cr: 14.5423 )
00000354: 13.4608   (Y': 13.4394   Cb: 12.6774   Cr: 14.5252 )
00000355: 13.4677   (Y': 13.4462   Cb: 12.6575   Cr: 14.5742 )
00000356: 13.4208   (Y': 13.3445   Cb: 12.7724   Cr: 14.5664 )
00000357: 13.494    (Y': 13.462    Cb: 12.7358   Cr: 14.5745 )
00000358: 13.4796   (Y': 13.4623   Cb: 12.7228   Cr: 14.4832 )
00000359: 13.5011   (Y': 13.4684   Cb: 12.7554   Cr: 14.5666 )
00000360: 13.4496   (Y': 13.4077   Cb: 12.7142   Cr: 14.5475 )
00000361: 13.4658   (Y': 13.426    Cb: 12.7528   Cr: 14.5187 )
00000362: 13.4214   (Y': 13.3894   Cb: 12.6873   Cr: 14.4652 )
00000363: 13.4423   (Y': 13.3955   Cb: 12.7001   Cr: 14.5758 )
00000364: 13.4557   (Y': 13.429    Cb: 12.6957   Cr: 14.5121 )
00000365: 13.4803   (Y': 13.4403   Cb: 12.7427   Cr: 14.5709 )
00000366: 13.4999   (Y': 13.4522   Cb: 12.7792   Cr: 14.605  )
00000367: 13.4555   (Y': 13.4034   Cb: 12.7398   Cr: 14.5762 )
00000368: 13.4538   (Y': 13.4006   Cb: 12.7407   Cr: 14.5759 )
00000369: 13.4362   (Y': 13.3895   Cb: 12.7135   Cr: 14.5395 )
00000370: 13.4694   (Y': 13.4198   Cb: 12.719    Cr: 14.63   )
00000371: 13.4466   (Y': 13.4143   Cb: 12.7157   Cr: 14.4876 )
00000372: 13.4578   (Y': 13.3746   Cb: 12.8156   Cr: 14.6312 )
00000373: 13.5237   (Y': 13.4827   Cb: 12.765    Cr: 14.652  )
00000374: 13.4645   (Y': 13.4306   Cb: 12.693    Cr: 14.5761 )
00000375: 13.4173   (Y': 13.3427   Cb: 12.7126   Cr: 14.6407 )
00000376: 13.4474   (Y': 13.3832   Cb: 12.7188   Cr: 14.652  )
00000377: 13.4577   (Y': 13.4423   Cb: 12.6821   Cr: 14.4797 )
00000378: 13.4896   (Y': 13.4454   Cb: 12.7411   Cr: 14.6192 )
00000379: 13.4396   (Y': 13.371    Cb: 12.76     Cr: 14.5921 )
00000380: 13.4021   (Y': 13.3256   Cb: 12.7061   Cr: 14.6217 )
00000381: 13.497    (Y': 13.4393   Cb: 12.7572   Cr: 14.684  )
00000382: 13.4822   (Y': 13.4638   Cb: 12.718    Cr: 14.5028 )
00000383: 13.464    (Y': 13.4053   Cb: 12.7096   Cr: 14.6793 )
00000384: 13.4182   (Y': 13.3627   Cb: 12.6884   Cr: 14.5781 )
00000385: 13.5253   (Y': 13.4904   Cb: 12.7304   Cr: 14.678  )
00000386: 13.4659   (Y': 13.4197   Cb: 12.6921   Cr: 14.645  )
00000387: 13.4443   (Y': 13.3888   Cb: 12.711    Cr: 14.6101 )
00000388: 13.4721   (Y': 13.4154   Cb: 12.7586   Cr: 14.6135 )
00000389: 13.4502   (Y': 13.3994   Cb: 12.7098   Cr: 14.6018 )
00000390: 13.4185   (Y': 13.3648   Cb: 12.732    Cr: 14.5036 )
00000391: 13.495    (Y': 13.4561   Cb: 12.7631   Cr: 14.5716 )
00000392: 13.4747   (Y': 13.4337   Cb: 12.69     Cr: 14.6434 )
00000393: 13.396    (Y': 13.3026   Cb: 12.7302   Cr: 14.6609 )
00000394: 13.4822   (Y': 13.436    Cb: 12.7204   Cr: 14.6428 )
00000396: 13.4775   (Y': 13.4194   Cb: 12.772    Cr: 14.6141 )
00000395: 13.4506   (Y': 13.4023   Cb: 12.7128   Cr: 14.5851 )
00000397: 13.4192   (Y': 13.3483   Cb: 12.7195   Cr: 14.6152 )
00000398: 13.5005   (Y': 13.45     Cb: 12.7823   Cr: 14.6161 )
00000399: 13.4871   (Y': 13.4522   Cb: 12.768    Cr: 14.5234 )
00000400: 13.4149   (Y': 13.3465   Cb: 12.7239   Cr: 14.5839 )
00000401: 13.4323   (Y': 13.3667   Cb: 12.729    Cr: 14.6053 )
00000402: 13.4397   (Y': 13.3825   Cb: 12.6907   Cr: 14.6387 )
00000403: 13.4695   (Y': 13.4282   Cb: 12.7143   Cr: 14.5941 )
00000404: 13.4623   (Y': 13.4239   Cb: 12.6855   Cr: 14.6053 )
00000405: 13.4903   (Y': 13.4574   Cb: 12.6947   Cr: 14.6339 )
00000406: 13.5152   (Y': 13.4767   Cb: 12.7496   Cr: 14.6409 )
00000407: 13.5056   (Y': 13.4667   Cb: 12.7063   Cr: 14.6866 )
00000408: 13.4636   (Y': 13.4158   Cb: 12.7483   Cr: 14.5611 )
00000409: 13.4351   (Y': 13.3785   Cb: 12.6838   Cr: 14.6344 )
00000410: 13.4475   (Y': 13.3986   Cb: 12.6785   Cr: 14.6335 )
00000412: 13.4538   (Y': 13.3847   Cb: 12.7207   Cr: 14.6918 )
00000411: 13.4777   (Y': 13.4255   Cb: 12.7402   Cr: 14.6326 )
00000413: 13.48     (Y': 13.4104   Cb: 12.7299   Cr: 14.7473 )
00000414: 13.4604   (Y': 13.3946   Cb: 12.7324   Cr: 14.6727 )
00000415: 13.4888   (Y': 13.4436   Cb: 12.7234   Cr: 14.6497 )
00000416: 13.4767   (Y': 13.4321   Cb: 12.6976   Cr: 14.656  )
00000417: 13.4125   (Y': 13.3419   Cb: 12.6779   Cr: 14.6614 )
00000418: 13.466    (Y': 13.3965   Cb: 12.7721   Cr: 14.6448 )
00000419: 13.4739   (Y': 13.4278   Cb: 12.7364   Cr: 14.5962 )
00000420: 13.4556   (Y': 13.3987   Cb: 12.7563   Cr: 14.5769 )
00000421: 13.4139   (Y': 13.3564   Cb: 12.6851   Cr: 14.583  )
00000422: 13.4767   (Y': 13.4559   Cb: 12.6691   Cr: 14.5759 )
00000423: 13.4878   (Y': 13.4427   Cb: 12.6976   Cr: 14.6873 )
00000424: 13.4506   (Y': 13.3929   Cb: 12.7001   Cr: 14.6546 )
00000425: 13.4659   (Y': 13.4029   Cb: 12.7686   Cr: 14.6158 )
00000426: 13.4636   (Y': 13.4262   Cb: 12.7009   Cr: 14.5789 )
00000427: 13.4821   (Y': 13.4259   Cb: 12.733    Cr: 14.676  )
00000428: 13.4616   (Y': 13.3924   Cb: 12.7505   Cr: 14.6659 )
00000429: 13.4923   (Y': 13.4641   Cb: 12.699    Cr: 14.6081 )
00000430: 13.4709   (Y': 13.4239   Cb: 12.7026   Cr: 14.6455 )
00000431: 13.4303   (Y': 13.3771   Cb: 12.718    Cr: 14.5516 )
00000432: 13.4653   (Y': 13.3933   Cb: 12.7825   Cr: 14.6408 )
00000433: 13.4577   (Y': 13.3822   Cb: 12.7586   Cr: 14.6766 )
00000434: 13.4541   (Y': 13.383    Cb: 12.7458   Cr: 14.6645 )
00000436: 13.455    (Y': 13.4      Cb: 12.7195   Cr: 14.6215 )
00000435: 13.4674   (Y': 13.4275   Cb: 12.7112   Cr: 14.5865 )
00000437: 13.4491   (Y': 13.3751   Cb: 12.7558   Cr: 14.6519 )
00000438: 13.4397   (Y': 13.3937   Cb: 12.6948   Cr: 14.5734 )
00000439: 13.4883   (Y': 13.4381   Cb: 12.7206   Cr: 14.6798 )
00000440: 13.4866   (Y': 13.4428   Cb: 12.7294   Cr: 14.6274 )
00000441: 13.4937   (Y': 13.4693   Cb: 12.6749   Cr: 14.6291 )
00000442: 13.4426   (Y': 13.3866   Cb: 12.681    Cr: 14.6545 )
00000443: 13.4768   (Y': 13.4322   Cb: 12.7181   Cr: 14.624  )
00000444: 13.4583   (Y': 13.414    Cb: 12.7432   Cr: 14.5373 )
00000445: 13.4773   (Y': 13.4614   Cb: 12.7095   Cr: 14.49   )
00000446: 13.4457   (Y': 13.3791   Cb: 12.7793   Cr: 14.5679 )
00000447: 13.4564   (Y': 13.3978   Cb: 12.7239   Cr: 14.6374 )
00000448: 13.4531   (Y': 13.3968   Cb: 12.7755   Cr: 14.5382 )
00000449: 13.4464   (Y': 13.3863   Cb: 12.7532   Cr: 14.5746 )
00000450: 13.4723   (Y': 13.4412   Cb: 12.7385   Cr: 14.5117 )
00000452: 13.4563   (Y': 13.4157   Cb: 12.6681   Cr: 14.6285 )
00000451: 13.4336   (Y': 13.3803   Cb: 12.7423   Cr: 14.5238 )
00000453: 13.4512   (Y': 13.4057   Cb: 12.7075   Cr: 14.5799 )
00000454: 13.4529   (Y': 13.4124   Cb: 12.6775   Cr: 14.6043 )
00000455: 13.4395   (Y': 13.4057   Cb: 12.6553   Cr: 14.5698 )
00000456: 13.4348   (Y': 13.3589   Cb: 12.6924   Cr: 14.7251 )
00000457: 13.4495   (Y': 13.3782   Cb: 12.7394   Cr: 14.6633 )
00000458: 13.471    (Y': 13.4305   Cb: 12.6952   Cr: 14.6234 )
00000459: 13.4381   (Y': 13.3835   Cb: 12.7136   Cr: 14.5859 )
00000460: 13.4571   (Y': 13.416    Cb: 12.7124   Cr: 14.5646 )
00000461: 13.5029   (Y': 13.4495   Cb: 12.7377   Cr: 14.7072 )
00000462: 13.6302   (Y': 13.5923   Cb: 12.8382   Cr: 14.7936 )
00000463: 13.5807   (Y': 13.4417   Cb: 12.9859   Cr: 14.989  )
00000464: 13.5737   (Y': 13.4432   Cb: 12.9623   Cr: 14.9592 )
00000465: 13.6104   (Y': 13.4562   Cb: 13.0025   Cr: 15.1272 )
00000467: 13.5476   (Y': 13.3707   Cb: 13.0038   Cr: 15.0946 )
00000466: 13.5185   (Y': 13.3187   Cb: 12.9965   Cr: 15.1678 )
00000468: 13.5249   (Y': 13.3484   Cb: 12.9297   Cr: 15.1542 )
00000469: 13.4882   (Y': 13.3273   Cb: 12.8432   Cr: 15.1065 )
00000470: 13.5479   (Y': 13.4905   Cb: 12.7576   Cr: 14.8141 )
00000471: 13.4686   (Y': 13.4785   Cb: 12.5111   Cr: 14.6461 )
00000472: 13.4622   (Y': 13.4761   Cb: 12.4493   Cr: 14.7105 )
00000473: 13.4672   (Y': 13.4524   Cb: 12.5213   Cr: 14.757  )
00000474: 13.5147   (Y': 13.4727   Cb: 12.6741   Cr: 14.7777 )
00000475: 13.5329   (Y': 13.4766   Cb: 12.6971   Cr: 14.8668 )
00000476: 13.5034   (Y': 13.3922   Cb: 12.8132   Cr: 14.9056 )
00000477: 13.766    (Y': 13.7006   Cb: 12.9667   Cr: 15.0898 )
00000478: 14.6093   (Y': 14.6248   Cb: 13.6214   Cr: 15.8077 )
00000479: 14.7356   (Y': 14.7301   Cb: 13.7561   Cr: 16.0314 )
00000480: 14.6802   (Y': 14.6767   Cb: 13.7107   Cr: 15.9493 )
00000481: 14.0923   (Y': 14.0758   Cb: 13.194    Cr: 15.313  )
00000482: 13.8556   (Y': 13.8101   Cb: 13.0337   Cr: 15.1079 )
00000484: 13.5698   (Y': 13.5118   Cb: 12.8202   Cr: 14.7737 )
00000483: 13.6287   (Y': 13.5984   Cb: 12.8051   Cr: 14.8026 )
00000485: 13.5182   (Y': 13.4864   Cb: 12.7451   Cr: 14.6204 )
00000486: 13.5135   (Y': 13.5284   Cb: 12.6565   Cr: 14.5069 )
00000487: 13.4599   (Y': 13.4531   Cb: 12.6617   Cr: 14.473  )
00000488: 13.4293   (Y': 13.4291   Cb: 12.6106   Cr: 14.4402 )
00000489: 13.4547   (Y': 13.4425   Cb: 12.6447   Cr: 14.5133 )
00000490: 13.4911   (Y': 13.4799   Cb: 12.6594   Cr: 14.5779 )
00000491: 13.4683   (Y': 13.4427   Cb: 12.6934   Cr: 14.5421 )
00000492: 13.4144   (Y': 13.3703   Cb: 12.6909   Cr: 14.5051 )
00000493: 13.4457   (Y': 13.411    Cb: 12.6633   Cr: 14.5783 )
00000494: 13.3906   (Y': 13.3332   Cb: 12.6798   Cr: 14.5316 )
00000495: 13.457    (Y': 13.4068   Cb: 12.7231   Cr: 14.595  )
00000496: 13.4618   (Y': 13.4622   Cb: 12.6045   Cr: 14.5293 )
00000497: 13.4497   (Y': 13.4158   Cb: 12.6479   Cr: 14.6079 )
00000498: 13.4      (Y': 13.3601   Cb: 12.6533   Cr: 14.5043 )
00000500: 13.4075   (Y': 13.3547   Cb: 12.6777   Cr: 14.5534 )
00000499: 13.393    (Y': 13.3551   Cb: 12.616    Cr: 14.5337 )
00000501: 13.4291   (Y': 13.3782   Cb: 12.6886   Cr: 14.5817 )
00000502: 13.421    (Y': 13.3868   Cb: 12.6625   Cr: 14.5138 )
00000503: 13.4408   (Y': 13.4019   Cb: 12.6724   Cr: 14.5733 )
00000504: 13.4351   (Y': 13.3919   Cb: 12.6893   Cr: 14.5548 )
00000505: 13.4424   (Y': 13.4019   Cb: 12.6555   Cr: 14.6119 )
00000506: 13.457    (Y': 13.4211   Cb: 12.6795   Cr: 14.5881 )
00000508: 13.4578   (Y': 13.4124   Cb: 12.681    Cr: 14.6374 )
00000507: 13.4591   (Y': 13.3889   Cb: 12.7166   Cr: 14.7182 )
00000509: 13.4197   (Y': 13.3583   Cb: 12.73     Cr: 14.5491 )
00000510: 13.4648   (Y': 13.4078   Cb: 12.7361   Cr: 14.6312 )
00000511: 13.3708   (Y': 13.2898   Cb: 12.6972   Cr: 14.58   )
00000512: 13.4112   (Y': 13.3419   Cb: 12.7032   Cr: 14.6112 )
00000513: 13.4274   (Y': 13.3791   Cb: 12.6872   Cr: 14.5654 )
00000514: 13.4389   (Y': 13.4221   Cb: 12.6362   Cr: 14.5097 )
00000515: 13.4428   (Y': 13.3888   Cb: 12.7391   Cr: 14.5554 )
00000516: 13.4895   (Y': 13.4538   Cb: 12.7013   Cr: 14.6356 )
00000517: 13.3805   (Y': 13.3194   Cb: 12.6474   Cr: 14.5753 )
00000518: 13.4419   (Y': 13.3925   Cb: 12.7163   Cr: 14.563  )
00000519: 13.4713   (Y': 13.4331   Cb: 12.699    Cr: 14.6057 )
00000520: 13.4276   (Y': 13.3764   Cb: 12.6882   Cr: 14.5797 )
00000521: 13.4348   (Y': 13.3891   Cb: 12.6929   Cr: 14.5619 )
00000522: 13.4098   (Y': 13.338    Cb: 12.7158   Cr: 14.6012 )
00000525: 13.4404   (Y': 13.3765   Cb: 12.7306   Cr: 14.6142 )
00000523: 13.3844   (Y': 13.3129   Cb: 12.6888   Cr: 14.5765 )
00000524: 13.4659   (Y': 13.42     Cb: 12.7149   Cr: 14.6082 )
00000526: 13.4164   (Y': 13.3706   Cb: 12.6637   Cr: 14.5613 )
00000527: 13.4437   (Y': 13.4054   Cb: 12.708    Cr: 14.5224 )
00000528: 13.4329   (Y': 13.3959   Cb: 12.6595   Cr: 14.5638 )
00000529: 13.4545   (Y': 13.4235   Cb: 12.6641   Cr: 14.5797 )
00000530: 13.4828   (Y': 13.4467   Cb: 12.6938   Cr: 14.6324 )
00000531: 13.4766   (Y': 13.4606   Cb: 12.6967   Cr: 14.5086 )
00000532: 13.4042   (Y': 13.347    Cb: 12.6305   Cr: 14.6424 )
00000533: 13.4326   (Y': 13.3976   Cb: 12.6496   Cr: 14.5679 )
00000534: 13.4384   (Y': 13.4038   Cb: 12.6429   Cr: 14.5903 )
00000535: 13.4388   (Y': 13.4193   Cb: 12.6166   Cr: 14.5539 )
00000536: 13.4467   (Y': 13.3745   Cb: 12.7182   Cr: 14.6939 )
00000537: 13.4676   (Y': 13.442    Cb: 12.6901   Cr: 14.5447 )
00000538: 13.4589   (Y': 13.4178   Cb: 12.6617   Cr: 14.6477 )
00000541: 13.4115   (Y': 13.352    Cb: 12.6491   Cr: 14.6438 )
00000539: 13.4308   (Y': 13.382    Cb: 12.6447   Cr: 14.6436 )
00000540: 13.4744   (Y': 13.4286   Cb: 12.7029   Cr: 14.6482 )
00000542: 13.413    (Y': 13.3336   Cb: 12.7032   Cr: 14.6702 )
00000543: 13.4666   (Y': 13.4335   Cb: 12.6936   Cr: 14.5756 )
00000544: 13.4325   (Y': 13.3703   Cb: 12.7003   Cr: 14.6324 )
00000545: 13.4693   (Y': 13.4369   Cb: 12.6861   Cr: 14.5904 )
00000546: 13.4582   (Y': 13.3975   Cb: 12.7109   Cr: 14.6735 )
00000547: 13.462    (Y': 13.4248   Cb: 12.6792   Cr: 14.608  )
00000548: 13.447    (Y': 13.366    Cb: 12.7496   Cr: 14.6936 )
00000549: 13.4123   (Y': 13.3381   Cb: 12.6818   Cr: 14.6744 )
00000550: 13.4683   (Y': 13.4042   Cb: 12.7766   Cr: 14.6159 )
00000551: 13.4262   (Y': 13.3723   Cb: 12.7046   Cr: 14.5653 )
00000552: 13.462    (Y': 13.4007   Cb: 12.7266   Cr: 14.6613 )
00000553: 13.4653   (Y': 13.4185   Cb: 12.6803   Cr: 14.6654 )
00000554: 13.4229   (Y': 13.3491   Cb: 12.7233   Cr: 14.6343 )
00000557: 13.3666   (Y': 13.2933   Cb: 12.6617   Cr: 14.5833 )
00000555: 13.4334   (Y': 13.3902   Cb: 12.6697   Cr: 14.5808 )
00000556: 13.4343   (Y': 13.3774   Cb: 12.7091   Cr: 14.5948 )
00000559: 13.4678   (Y': 13.4273   Cb: 12.7131   Cr: 14.5875 )
00000558: 13.4288   (Y': 13.374    Cb: 12.6831   Cr: 14.6105 )
00000560: 13.4245   (Y': 13.3596   Cb: 12.7042   Cr: 14.6201 )
00000561: 13.5096   (Y': 13.4899   Cb: 12.7296   Cr: 14.5604 )
00000562: 13.521    (Y': 13.473    Cb: 12.749    Cr: 14.7072 )
00000563: 13.4643   (Y': 13.4059   Cb: 12.7475   Cr: 14.6201 )
00000564: 13.5368   (Y': 13.5295   Cb: 12.733    Cr: 14.5608 )
00000565: 13.4733   (Y': 13.4512   Cb: 12.687    Cr: 14.5463 )
00000566: 13.5454   (Y': 13.5444   Cb: 12.7239   Cr: 14.5647 )
00000567: 13.4513   (Y': 13.4113   Cb: 12.6755   Cr: 14.6015 )
00000568: 13.488    (Y': 13.4518   Cb: 12.7525   Cr: 14.5561 )
00000569: 13.4994   (Y': 13.4514   Cb: 12.7526   Cr: 14.6458 )
00000570: 13.5183   (Y': 13.5118   Cb: 12.7051   Cr: 14.5527 )
00000571: 13.4516   (Y': 13.4648   Cb: 12.563    Cr: 14.5022 )
00000573: 13.4626   (Y': 13.4856   Cb: 12.567    Cr: 14.4748 )
00000572: 13.4722   (Y': 13.4845   Cb: 12.5878   Cr: 14.5213 )
00000574: 13.468    (Y': 13.4704   Cb: 12.6028   Cr: 14.537  )
00000575: 13.4249   (Y': 13.3961   Cb: 12.6467   Cr: 14.5196 )
00000576: 13.4744   (Y': 13.4665   Cb: 12.6221   Cr: 14.5763 )
00000577: 13.4702   (Y': 13.463    Cb: 12.6553   Cr: 14.5111 )
00000578: 13.4789   (Y': 13.4724   Cb: 12.6314   Cr: 14.5663 )
00000579: 13.4462   (Y': 13.4136   Cb: 12.6648   Cr: 14.5657 )
00000580: 13.4349   (Y': 13.4343   Cb: 12.5725   Cr: 14.5151 )
00000581: 13.425    (Y': 13.3941   Cb: 12.6131   Cr: 14.5834 )
00000582: 13.4618   (Y': 13.4481   Cb: 12.6282   Cr: 14.5641 )
00000583: 13.4233   (Y': 13.4114   Cb: 12.6047   Cr: 14.4938 )
00000584: 13.4722   (Y': 13.4488   Cb: 12.6672   Cr: 14.5805 )
00000585: 13.4861   (Y': 13.4494   Cb: 12.6926   Cr: 14.6468 )
00000586: 13.4854   (Y': 13.4514   Cb: 12.6837   Cr: 14.6436 )
00000587: 13.5087   (Y': 13.4957   Cb: 12.6415   Cr: 14.661  )
00000589: 13.533    (Y': 13.5138   Cb: 12.6918   Cr: 14.6763 )
00000588: 13.5431   (Y': 13.541    Cb: 12.6667   Cr: 14.6529 )
00000590: 13.539    (Y': 13.5096   Cb: 12.7466   Cr: 14.6591 )
00000591: 13.5485   (Y': 13.5647   Cb: 12.662    Cr: 14.5804 )
00000592: 13.5107   (Y': 13.4875   Cb: 12.734    Cr: 14.5746 )
00000593: 13.4859   (Y': 13.4764   Cb: 12.6537   Cr: 14.5653 )
00000594: 13.508    (Y': 13.5041   Cb: 12.6703   Cr: 14.5668 )
00000595: 13.5609   (Y': 13.5563   Cb: 12.7253   Cr: 14.6201 )
00000596: 13.53     (Y': 13.5157   Cb: 12.7228   Cr: 14.5953 )
00000597: 13.5759   (Y': 13.5378   Cb: 12.7942   Cr: 14.7245 )
00000598: 13.5778   (Y': 13.5574   Cb: 12.7282   Cr: 14.7405 )
00000599: 13.612    (Y': 13.5895   Cb: 12.7314   Cr: 14.8359 )
00000600: 13.5545   (Y': 13.533    Cb: 12.6791   Cr: 14.7645 )
00000601: 13.5245   (Y': 13.4805   Cb: 12.7108   Cr: 14.7552 )
00000602: 13.5242   (Y': 13.491    Cb: 12.6552   Cr: 14.7866 )
00000603: 13.4891   (Y': 13.4539   Cb: 12.604    Cr: 14.7887 )
00000604: 14.3121   (Y': 14.5191   Cb: 12.9875   Cr: 15.1235 )
00000605: 14.3651   (Y': 14.5787   Cb: 13.1024   Cr: 15.0477 )
00000606: 14.0732   (Y': 14.2174   Cb: 12.8545   Cr: 15.0064 )
00000607: 13.7629   (Y': 13.8202   Cb: 12.7034   Cr: 14.8636 )
00000608: 13.6679   (Y': 13.7041   Cb: 12.6743   Cr: 14.7686 )
00000609: 13.5327   (Y': 13.5483   Cb: 12.5528   Cr: 14.7176 )
00000610: 13.5345   (Y': 13.5338   Cb: 12.5812   Cr: 14.7612 )
00000611: 13.5489   (Y': 13.5582   Cb: 12.5619   Cr: 14.7786 )
00000612: 13.5691   (Y': 13.588    Cb: 12.5434   Cr: 14.8128 )
00000613: 13.5561   (Y': 13.5892   Cb: 12.5459   Cr: 14.6997 )
00000614: 13.5644   (Y': 13.6285   Cb: 12.5299   Cr: 14.5903 )
00000615: 13.5865   (Y': 13.658    Cb: 12.5105   Cr: 14.6418 )
00000616: 13.5796   (Y': 13.6208   Cb: 12.5584   Cr: 14.7002 )
00000617: 13.6262   (Y': 13.6729   Cb: 12.6248   Cr: 14.686  )
00000618: 13.5407   (Y': 13.568    Cb: 12.6131   Cr: 14.5814 )
00000619: 13.5359   (Y': 13.543    Cb: 12.6716   Cr: 14.5799 )
00000620: 13.5415   (Y': 13.5518   Cb: 12.6627   Cr: 14.5916 )
00000621: 13.5721   (Y': 13.5649   Cb: 12.7043   Cr: 14.6949 )
00000622: 13.5535   (Y': 13.5567   Cb: 12.6465   Cr: 14.6845 )
00000623: 13.5375   (Y': 13.5105   Cb: 12.707    Cr: 14.705  )
00000624: 13.5314   (Y': 13.5103   Cb: 12.6625   Cr: 14.7287 )
00000625: 13.6294   (Y': 13.6384   Cb: 12.7259   Cr: 14.7251 )
00000626: 13.584    (Y': 13.5969   Cb: 12.6754   Cr: 14.6676 )
00000627: 13.557    (Y': 13.5514   Cb: 12.7146   Cr: 14.6317 )
00000628: 13.5939   (Y': 13.5683   Cb: 12.7595   Cr: 14.7601 )
00000629: 13.5341   (Y': 13.5052   Cb: 12.7567   Cr: 14.6287 )
00000630: 13.6111   (Y': 13.617    Cb: 12.75     Cr: 14.6555 )
00000631: 13.5568   (Y': 13.508    Cb: 12.8008   Cr: 14.7219 )
00000632: 13.5576   (Y': 13.5371   Cb: 12.7883   Cr: 14.5964 )
00000633: 13.5576   (Y': 13.5344   Cb: 12.7283   Cr: 14.7033 )
00000634: 13.579    (Y': 13.5612   Cb: 12.7774   Cr: 14.6536 )
00000635: 13.557    (Y': 13.5496   Cb: 12.7461   Cr: 14.5928 )
00000636: 13.4897   (Y': 13.4521   Cb: 12.7851   Cr: 14.5181 )
00000638: 13.4847   (Y': 13.4445   Cb: 12.7794   Cr: 14.528  )
00000637: 13.5409   (Y': 13.531    Cb: 12.7157   Cr: 14.6109 )
00000639: 13.4962   (Y': 13.4372   Cb: 12.7956   Cr: 14.6302 )
00000640: 13.4933   (Y': 13.4788   Cb: 12.7026   Cr: 14.5342 )
00000641: 13.5133   (Y': 13.481    Cb: 12.7733   Cr: 14.568  )
00000642: 13.4924   (Y': 13.4634   Cb: 12.7118   Cr: 14.5918 )
00000643: 13.547    (Y': 13.5148   Cb: 12.7977   Cr: 14.6158 )
00000644: 13.5568   (Y': 13.5192   Cb: 12.7884   Cr: 14.6825 )
00000645: 13.5109   (Y': 13.4549   Cb: 12.7725   Cr: 14.6875 )
00000646: 13.5222   (Y': 13.4435   Cb: 12.839    Cr: 14.7342 )
00000647: 13.5024   (Y': 13.4427   Cb: 12.8042   Cr: 14.6359 )
00000648: 13.5052   (Y': 13.455    Cb: 12.7658   Cr: 14.6524 )
00000649: 13.5493   (Y': 13.5084   Cb: 12.7869   Cr: 14.6831 )
00000650: 13.497    (Y': 13.4257   Cb: 12.7882   Cr: 14.7087 )
00000651: 13.5034   (Y': 13.4499   Cb: 12.7705   Cr: 14.6584 )
00000652: 13.4923   (Y': 13.4478   Cb: 12.7273   Cr: 14.649  )
00000654: 13.4296   (Y': 13.3417   Cb: 12.7753   Cr: 14.6464 )
00000653: 13.5028   (Y': 13.4571   Cb: 12.7891   Cr: 14.5871 )
00000655: 13.521    (Y': 13.5091   Cb: 12.6928   Cr: 14.6058 )
00000656: 13.4819   (Y': 13.4266   Cb: 12.7528   Cr: 14.6401 )
00000657: 13.5091   (Y': 13.4675   Cb: 12.7918   Cr: 14.577  )
00000658: 13.5042   (Y': 13.4765   Cb: 12.76     Cr: 14.5417 )
00000659: 13.5056   (Y': 13.4681   Cb: 12.7683   Cr: 14.5834 )
00000660: 13.5149   (Y': 13.4993   Cb: 12.7385   Cr: 14.5397 )
00000662: 13.5384   (Y': 13.5163   Cb: 12.751    Cr: 14.6131 )
00000661: 13.4537   (Y': 13.3794   Cb: 12.779    Cr: 14.6293 )
00000663: 13.4642   (Y': 13.3753   Cb: 12.7892   Cr: 14.7186 )
00000664: 13.4927   (Y': 13.4212   Cb: 12.8226   Cr: 14.6461 )
00000665: 13.4951   (Y': 13.4487   Cb: 12.7441   Cr: 14.6398 )
00000666: 13.5214   (Y': 13.4899   Cb: 12.7906   Cr: 14.5578 )
00000667: 13.5366   (Y': 13.503    Cb: 12.7757   Cr: 14.6302 )
00000668: 13.5126   (Y': 13.4736   Cb: 12.7589   Cr: 14.6232 )
00000669: 13.5176   (Y': 13.4741   Cb: 12.7752   Cr: 14.6341 )
00000671: 13.5229   (Y': 13.4799   Cb: 12.7941   Cr: 14.6156 )
00000670: 13.5188   (Y': 13.4879   Cb: 12.7689   Cr: 14.5811 )
00000672: 13.5332   (Y': 13.4832   Cb: 12.7874   Cr: 14.689  )
00000673: 13.4899   (Y': 13.4552   Cb: 12.7074   Cr: 14.6219 )
00000674: 13.5047   (Y': 13.4424   Cb: 12.7801   Cr: 14.6931 )
00000675: 13.5198   (Y': 13.4789   Cb: 12.7582   Cr: 14.6517 )
00000676: 13.5237   (Y': 13.4676   Cb: 12.7886   Cr: 14.6953 )
00000677: 13.4815   (Y': 13.4312   Cb: 12.7599   Cr: 14.6017 )
00000678: 13.5062   (Y': 13.4755   Cb: 12.7375   Cr: 14.596  )
00000679: 13.4965   (Y': 13.4493   Cb: 12.7558   Cr: 14.6298 )
00000680: 13.4899   (Y': 13.4198   Cb: 12.8022   Cr: 14.6625 )
00000681: 13.4968   (Y': 13.4378   Cb: 12.7716   Cr: 14.6683 )
00000682: 13.4717   (Y': 13.4085   Cb: 12.7686   Cr: 14.6314 )
00000683: 13.4742   (Y': 13.4088   Cb: 12.7918   Cr: 14.6137 )
00000684: 13.5371   (Y': 13.5058   Cb: 12.7559   Cr: 14.6497 )
00000685: 13.4991   (Y': 13.4536   Cb: 12.7551   Cr: 14.628  )
00000686: 13.4754   (Y': 13.4014   Cb: 12.7825   Cr: 14.677  )
00000687: 13.4822   (Y': 13.4133   Cb: 12.7699   Cr: 14.6865 )
00000688: 13.5071   (Y': 13.4416   Cb: 12.7976   Cr: 14.6888 )
00000689: 13.5134   (Y': 13.4697   Cb: 12.7898   Cr: 14.6025 )
00000691: 13.4965   (Y': 13.428    Cb: 12.8006   Cr: 14.6732 )
00000690: 13.4965   (Y': 13.4244   Cb: 12.7937   Cr: 14.7034 )
00000692: 13.5452   (Y': 13.5098   Cb: 12.7752   Cr: 14.6621 )
00000693: 13.5018   (Y': 13.4552   Cb: 12.7538   Cr: 14.6433 )
00000694: 13.514    (Y': 13.4774   Cb: 12.6993   Cr: 14.7071 )
00000695: 13.5033   (Y': 13.4642   Cb: 12.7462   Cr: 14.6197 )
00000696: 13.5055   (Y': 13.4443   Cb: 12.7946   Cr: 14.6667 )
00000697: 13.4697   (Y': 13.4223   Cb: 12.7428   Cr: 14.5823 )
00000698: 13.4403   (Y': 13.353    Cb: 12.7519   Cr: 14.7065 )
00000699: 13.5016   (Y': 13.4416   Cb: 12.7742   Cr: 14.6816 )
00000700: 13.5405   (Y': 13.4872   Cb: 12.7864   Cr: 14.7267 )
00000701: 13.5165   (Y': 13.4682   Cb: 12.7684   Cr: 14.6668 )
00000702: 13.5156   (Y': 13.4827   Cb: 12.7228   Cr: 14.6546 )
00000703: 13.5294   (Y': 13.4822   Cb: 12.7609   Cr: 14.706  )
00000704: 13.4889   (Y': 13.4202   Cb: 12.7656   Cr: 14.7094 )
00000705: 13.5277   (Y': 13.4722   Cb: 12.7981   Cr: 14.6876 )
00000706: 13.5339   (Y': 13.5098   Cb: 12.6972   Cr: 14.6955 )
00000707: 13.5062   (Y': 13.4615   Cb: 12.741    Cr: 14.6643 )
00000708: 13.4655   (Y': 13.3792   Cb: 12.7666   Cr: 14.7434 )
00000709: 13.4609   (Y': 13.3845   Cb: 12.7804   Cr: 14.656  )
00000710: 13.5184   (Y': 13.4615   Cb: 12.7767   Cr: 14.7041 )
00000711: 13.4855   (Y': 13.4253   Cb: 12.7349   Cr: 14.7031 )
00000712: 13.5306   (Y': 13.4701   Cb: 12.8494   Cr: 14.6432 )
00000713: 13.5228   (Y': 13.4683   Cb: 12.8107   Cr: 14.6504 )
00000714: 13.453    (Y': 13.3672   Cb: 12.8165   Cr: 14.6312 )
00000715: 13.543    (Y': 13.4988   Cb: 12.7877   Cr: 14.6832 )
00000716: 13.4312   (Y': 13.3619   Cb: 12.7453   Cr: 14.5968 )
00000717: 13.5144   (Y': 13.4514   Cb: 12.7882   Cr: 14.7088 )
00000718: 13.5286   (Y': 13.4849   Cb: 12.7753   Cr: 14.6625 )
00000719: 13.4798   (Y': 13.4123   Cb: 12.7447   Cr: 14.712  )
00000720: 13.5292   (Y': 13.4877   Cb: 12.7452   Cr: 14.6995 )
00000721: 13.5334   (Y': 13.4902   Cb: 12.7519   Cr: 14.7087 )
00000722: 13.5145   (Y': 13.4707   Cb: 12.7445   Cr: 14.6757 )
00000723: 13.5038   (Y': 13.4546   Cb: 12.756    Cr: 14.6589 )
00000724: 13.5269   (Y': 13.4619   Cb: 12.7988   Cr: 14.7355 )
00000725: 13.4555   (Y': 13.3845   Cb: 12.7358   Cr: 14.6825 )
00000726: 13.5394   (Y': 13.4941   Cb: 12.7385   Cr: 14.7569 )
00000727: 13.514    (Y': 13.4381   Cb: 12.8123   Cr: 14.7394 )
00000728: 13.501    (Y': 13.4319   Cb: 12.7976   Cr: 14.6929 )
00000729: 13.4824   (Y': 13.4206   Cb: 12.7634   Cr: 14.6594 )
00000730: 13.4559   (Y': 13.3956   Cb: 12.748    Cr: 14.6078 )
00000731: 13.5308   (Y': 13.4944   Cb: 12.7289   Cr: 14.702  )
00000732: 13.5339   (Y': 13.4779   Cb: 12.8223   Cr: 14.6688 )
00000733: 13.4971   (Y': 13.4557   Cb: 12.7427   Cr: 14.6208 )
00000735: 13.501    (Y': 13.4496   Cb: 12.7455   Cr: 14.6792 )
00000734: 13.4845   (Y': 13.4318   Cb: 12.7712   Cr: 14.6044 )
00000736: 13.5083   (Y': 13.4578   Cb: 12.743    Cr: 14.6969 )
00000737: 13.5427   (Y': 13.4969   Cb: 12.7707   Cr: 14.7169 )
00000738: 13.4748   (Y': 13.4154   Cb: 12.7396   Cr: 14.6639 )
00000739: 13.5348   (Y': 13.5111   Cb: 12.7412   Cr: 14.6272 )
00000740: 13.5338   (Y': 13.4905   Cb: 12.7785   Cr: 14.669  )
00000741: 13.5237   (Y': 13.498    Cb: 12.7231   Cr: 14.6378 )
00000742: 13.461    (Y': 13.4133   Cb: 12.6984   Cr: 14.6304 )
00000743: 13.5507   (Y': 13.5339   Cb: 12.7298   Cr: 14.6496 )
00000744: 13.5127   (Y': 13.4715   Cb: 12.7698   Cr: 14.6176 )
00000745: 13.5228   (Y': 13.4593   Cb: 12.8175   Cr: 14.6873 )
00000746: 13.5391   (Y': 13.4939   Cb: 12.8159   Cr: 14.6353 )
00000747: 13.5185   (Y': 13.4874   Cb: 12.7223   Cr: 14.6534 )
00000748: 13.4338   (Y': 13.357    Cb: 12.7618   Cr: 14.6186 )
00000749: 13.5267   (Y': 13.4964   Cb: 12.7377   Cr: 14.6464 )
00000750: 13.4723   (Y': 13.4009   Cb: 12.7643   Cr: 14.6833 )
00000751: 13.5173   (Y': 13.481    Cb: 12.737    Cr: 14.6548 )
00000752: 13.5141   (Y': 13.4555   Cb: 12.8047   Cr: 14.6596 )
00000753: 13.525    (Y': 13.4755   Cb: 12.7951   Cr: 14.6534 )
00000754: 13.4759   (Y': 13.4506   Cb: 12.6975   Cr: 14.5535 )
00000755: 13.5059   (Y': 13.4479   Cb: 12.7687   Cr: 14.6906 )
00000756: 13.5233   (Y': 13.4773   Cb: 12.7702   Cr: 14.6693 )
00000757: 13.5299   (Y': 13.4883   Cb: 12.7747   Cr: 14.656  )
00000758: 13.5618   (Y': 13.5632   Cb: 12.7164   Cr: 14.6053 )
00000759: 13.6105   (Y': 13.5934   Cb: 12.799    Cr: 14.6967 )
00000760: 13.5838   (Y': 13.5332   Cb: 12.8345   Cr: 14.7486 )
00000761: 13.5756   (Y': 13.513    Cb: 12.8282   Cr: 14.8013 )
00000762: 13.5942   (Y': 13.5597   Cb: 12.8334   Cr: 14.692  )
00000763: 13.4919   (Y': 13.4493   Cb: 12.726    Cr: 14.6397 )
00000764: 13.5037   (Y': 13.4772   Cb: 12.7038   Cr: 14.6205 )
00000765: 13.4653   (Y': 13.4448   Cb: 12.7091   Cr: 14.4843 )
00000766: 13.5126   (Y': 13.4796   Cb: 12.7392   Cr: 14.6216 )
00000767: 13.4783   (Y': 13.4339   Cb: 12.7549   Cr: 14.5702 )
00000768: 13.5282   (Y': 13.5292   Cb: 12.6745   Cr: 14.5866 )
00000769: 13.5646   (Y': 13.555    Cb: 12.7502   Cr: 14.6168 )
00000770: 13.5417   (Y': 13.5251   Cb: 12.7308   Cr: 14.6243 )
00000771: 13.5498   (Y': 13.5122   Cb: 12.8005   Cr: 14.6461 )
00000772: 13.5457   (Y': 13.5214   Cb: 12.7616   Cr: 14.6268 )
00000773: 13.542    (Y': 13.4903   Cb: 12.8009   Cr: 14.6998 )
00000774: 13.5837   (Y': 13.5407   Cb: 12.8339   Cr: 14.7091 )
00000775: 13.5575   (Y': 13.5465   Cb: 12.7485   Cr: 14.6087 )
00000776: 13.5265   (Y': 13.4846   Cb: 12.8076   Cr: 14.5988 )
00000777: 13.5402   (Y': 13.4974   Cb: 12.8357   Cr: 14.5958 )
00000778: 13.4988   (Y': 13.4106   Cb: 12.8792   Cr: 14.6647 )
00000779: 13.5305   (Y': 13.4748   Cb: 12.8183   Cr: 14.6647 )
00000780: 13.5314   (Y': 13.4817   Cb: 12.7927   Cr: 14.6746 )
00000781: 13.512    (Y': 13.4417   Cb: 12.8324   Cr: 14.6734 )
00000782: 13.5351   (Y': 13.4994   Cb: 12.8087   Cr: 14.5869 )
00000783: 13.5107   (Y': 13.4626   Cb: 12.7905   Cr: 14.617  )
00000784: 13.5128   (Y': 13.4906   Cb: 12.75     Cr: 14.5506 )
00000785: 13.5145   (Y': 13.4666   Cb: 12.7798   Cr: 14.6425 )
00000786: 13.5076   (Y': 13.455    Cb: 12.7943   Cr: 14.6268 )
00000787: 13.5103   (Y': 13.4671   Cb: 12.7934   Cr: 14.5867 )
00000788: 13.5504   (Y': 13.5255   Cb: 12.7665   Cr: 14.6338 )
00000789: 13.5563   (Y': 13.521    Cb: 12.8211   Cr: 14.6195 )
00000790: 13.5113   (Y': 13.4823   Cb: 12.7392   Cr: 14.5982 )
00000792: 13.4987   (Y': 13.4487   Cb: 12.7836   Cr: 14.6076 )
00000791: 13.5773   (Y': 13.546    Cb: 12.8405   Cr: 14.6221 )
00000793: 13.5085   (Y': 13.4449   Cb: 12.8      Cr: 14.6793 )
00000794: 13.5546   (Y': 13.5151   Cb: 12.802    Cr: 14.6658 )
00000795: 13.5702   (Y': 13.5456   Cb: 12.8157   Cr: 14.6077 )
00000796: 13.5122   (Y': 13.4637   Cb: 12.839    Cr: 14.5499 )
00000797: 13.5084   (Y': 13.4546   Cb: 12.7933   Cr: 14.6374 )
00000798: 13.5543   (Y': 13.4953   Cb: 12.8372   Cr: 14.7133 )
00000800: 13.5395   (Y': 13.5108   Cb: 12.7983   Cr: 14.5779 )
00000799: 13.5628   (Y': 13.545    Cb: 12.7678   Cr: 14.6264 )
00000801: 13.5217   (Y': 13.4896   Cb: 12.7339   Cr: 14.6485 )
00000802: 13.5366   (Y': 13.5053   Cb: 12.7675   Cr: 14.6307 )
00000803: 13.5122   (Y': 13.4426   Cb: 12.7958   Cr: 14.7263 )
00000804: 13.569    (Y': 13.5239   Cb: 12.8063   Cr: 14.7256 )
00000805: 13.5454   (Y': 13.4816   Cb: 12.847    Cr: 14.7017 )
00000806: 13.5174   (Y': 13.4743   Cb: 12.7504   Cr: 14.6695 )
00000807: 13.5458   (Y': 13.5039   Cb: 12.7726   Cr: 14.7011 )
00000808: 13.5469   (Y': 13.5195   Cb: 12.749    Cr: 14.6649 )
00000809: 13.5419   (Y': 13.5267   Cb: 12.727    Cr: 14.6231 )
00000810: 13.5273   (Y': 13.4838   Cb: 12.7777   Cr: 14.6545 )
00000812: 13.5365   (Y': 13.4776   Cb: 12.8169   Cr: 14.6992 )
00000811: 13.5446   (Y': 13.502    Cb: 12.8246   Cr: 14.6223 )
00000813: 13.5644   (Y': 13.5336   Cb: 12.8036   Cr: 14.6433 )
00000814: 13.5073   (Y': 13.452    Cb: 12.7873   Cr: 14.6514 )
00000815: 13.5235   (Y': 13.4678   Cb: 12.8245   Cr: 14.6371 )
00000816: 13.5308   (Y': 13.476    Cb: 12.7966   Cr: 14.6941 )
00000817: 13.5285   (Y': 13.4932   Cb: 12.7503   Cr: 14.6567 )
00000818: 13.4888   (Y': 13.4072   Cb: 12.8046   Cr: 14.7177 )
00000820: 13.5408   (Y': 13.5162   Cb: 12.7321   Cr: 14.6611 )
00000819: 13.5762   (Y': 13.5348   Cb: 12.7989   Cr: 14.7359 )
00000821: 13.4795   (Y': 13.4245   Cb: 12.7592   Cr: 14.6222 )
00000823: 13.502    (Y': 13.4335   Cb: 12.798    Cr: 14.6912 )
00000822: 13.4772   (Y': 13.3988   Cb: 12.8186   Cr: 14.65   )
00000824: 13.5521   (Y': 13.4939   Cb: 12.8326   Cr: 14.7106 )
00000825: 13.542    (Y': 13.5135   Cb: 12.7704   Cr: 14.6252 )
00000826: 13.54     (Y': 13.4862   Cb: 12.8297   Cr: 14.6614 )
00000827: 13.5258   (Y': 13.4559   Cb: 12.8165   Cr: 14.7309 )
00000828: 13.5481   (Y': 13.4997   Cb: 12.7921   Cr: 14.7112 )
00000829: 13.4772   (Y': 13.4086   Cb: 12.7719   Cr: 14.6693 )
00000830: 13.5464   (Y': 13.4951   Cb: 12.7736   Cr: 14.7515 )
00000831: 13.4639   (Y': 13.3877   Cb: 12.8038   Cr: 14.6268 )
00000832: 13.5588   (Y': 13.5077   Cb: 12.8019   Cr: 14.7376 )
00000833: 13.5138   (Y': 13.4562   Cb: 12.7815   Cr: 14.6893 )
00000834: 13.4682   (Y': 13.4106   Cb: 12.7648   Cr: 14.5993 )
00000835: 13.5218   (Y': 13.4531   Cb: 12.8329   Cr: 14.6892 )
00000836: 13.5801   (Y': 13.5473   Cb: 12.7824   Cr: 14.7257 )
00000837: 13.5466   (Y': 13.4957   Cb: 12.7636   Cr: 14.7654 )
00000838: 13.5635   (Y': 13.5072   Cb: 12.8233   Cr: 14.744  )
00000839: 13.5382   (Y': 13.4947   Cb: 12.7725   Cr: 14.6909 )
00000840: 13.5692   (Y': 13.5307   Cb: 12.7751   Cr: 14.7394 )
00000841: 13.56     (Y': 13.5264   Cb: 12.7378   Cr: 14.7487 )
00000842: 13.5575   (Y': 13.531    Cb: 12.7706   Cr: 14.6541 )
00000843: 13.5647   (Y': 13.53     Cb: 12.7968   Cr: 14.6747 )
00000844: 13.5615   (Y': 13.5107   Cb: 12.8451   Cr: 14.6763 )
00000845: 13.5225   (Y': 13.4578   Cb: 12.812    Cr: 14.7019 )
00000846: 13.5395   (Y': 13.4909   Cb: 12.8026   Cr: 14.6743 )
00000847: 13.5465   (Y': 13.4838   Cb: 12.8409   Cr: 14.7077 )
00000848: 13.4982   (Y': 13.4268   Cb: 12.8059   Cr: 14.6848 )
00000849: 13.5305   (Y': 13.4649   Cb: 12.793    Cr: 14.7566 )
00000850: 13.5373   (Y': 13.497    Cb: 12.8231   Cr: 14.5944 )
00000852: 13.5256   (Y': 13.4725   Cb: 12.8108   Cr: 14.6501 )
00000851: 13.4907   (Y': 13.4206   Cb: 12.7902   Cr: 14.6834 )
00000853: 13.5072   (Y': 13.4339   Cb: 12.8117   Cr: 14.7089 )
00000854: 13.5268   (Y': 13.4743   Cb: 12.7907   Cr: 14.6807 )
00000855: 13.4991   (Y': 13.4353   Cb: 12.8236   Cr: 14.62   )
00000856: 13.5241   (Y': 13.4647   Cb: 12.835    Cr: 14.6424 )
00000857: 13.5528   (Y': 13.4929   Cb: 12.8615   Cr: 14.6772 )
00000858: 13.5046   (Y': 13.4575   Cb: 12.7651   Cr: 14.6351 )
00000859: 13.5392   (Y': 13.4899   Cb: 12.7705   Cr: 14.7269 )
00000860: 13.4851   (Y': 13.4245   Cb: 12.7543   Cr: 14.674  )
00000861: 13.5237   (Y': 13.4316   Cb: 12.859    Cr: 14.7795 )
00000862: 13.5345   (Y': 13.5126   Cb: 12.8063   Cr: 14.5191 )
00000863: 13.5303   (Y': 13.4861   Cb: 12.7768   Cr: 14.6677 )
00000864: 13.4994   (Y': 13.4611   Cb: 12.736    Cr: 14.6209 )
00000865: 13.5658   (Y': 13.5326   Cb: 12.7927   Cr: 14.6762 )
00000866: 13.5061   (Y': 13.4243   Cb: 12.8548   Cr: 14.6851 )
00000867: 13.553    (Y': 13.5101   Cb: 12.7739   Cr: 14.7231 )
00000868: 13.5275   (Y': 13.4645   Cb: 12.8175   Cr: 14.6966 )
00000869: 13.5326   (Y': 13.4734   Cb: 12.8228   Cr: 14.6812 )
00000870: 13.5228   (Y': 13.4828   Cb: 12.8149   Cr: 14.5683 )
00000871: 13.5226   (Y': 13.4791   Cb: 12.7859   Cr: 14.6307 )
00000872: 13.5221   (Y': 13.471    Cb: 12.7995   Cr: 14.6484 )
00000873: 13.4962   (Y': 13.4287   Cb: 12.8097   Cr: 14.6534 )
00000874: 13.5258   (Y': 13.4573   Cb: 12.863    Cr: 14.6528 )
00000875: 13.5689   (Y': 13.5337   Cb: 12.8225   Cr: 14.6484 )
00000876: 13.5529   (Y': 13.5067   Cb: 12.8162   Cr: 14.6745 )
00000877: 13.4911   (Y': 13.4211   Cb: 12.835    Cr: 14.6152 )
00000878: 13.5226   (Y': 13.4791   Cb: 12.7739   Cr: 14.6491 )
00000879: 13.5146   (Y': 13.4577   Cb: 12.815    Cr: 14.636  )
00000880: 13.5081   (Y': 13.4847   Cb: 12.7117   Cr: 14.6029 )
00000881: 13.4808   (Y': 13.424    Cb: 12.7827   Cr: 14.5994 )
00000882: 13.4954   (Y': 13.4272   Cb: 12.8177   Cr: 14.643  )
00000883: 13.5296   (Y': 13.4911   Cb: 12.7906   Cr: 14.6149 )
00000884: 13.4918   (Y': 13.4274   Cb: 12.8112   Cr: 14.6235 )
00000885: 13.5286   (Y': 13.4822   Cb: 12.7863   Cr: 14.6605 )
00000886: 13.523    (Y': 13.4791   Cb: 12.7966   Cr: 14.6173 )
00000887: 13.5315   (Y': 13.4846   Cb: 12.7795   Cr: 14.6803 )
00000888: 13.5265   (Y': 13.4735   Cb: 12.8346   Cr: 14.6159 )
00000889: 13.5544   (Y': 13.4893   Cb: 12.869    Cr: 14.6977 )
00000890: 13.5145   (Y': 13.4437   Cb: 12.8689   Cr: 14.6272 )
00000891: 13.497    (Y': 13.4341   Cb: 12.7915   Cr: 14.6587 )
00000892: 13.4879   (Y': 13.4152   Cb: 12.8408   Cr: 14.6131 )
00000893: 13.5405   (Y': 13.4785   Cb: 12.8284   Cr: 14.7083 )
00000895: 13.5307   (Y': 13.4745   Cb: 12.8353   Cr: 14.6422 )
00000894: 13.5484   (Y': 13.4844   Cb: 12.8349   Cr: 14.7288 )
00000896: 13.5349   (Y': 13.4874   Cb: 12.7856   Cr: 14.683  )
00000897: 13.5464   (Y': 13.5136   Cb: 12.7926   Cr: 14.6244 )
00000898: 13.545    (Y': 13.4861   Cb: 12.8462   Cr: 14.6755 )
00000899: 13.4734   (Y': 13.4098   Cb: 12.7638   Cr: 14.6454 )
00000900: 13.4953   (Y': 13.4313   Cb: 12.7698   Cr: 14.6944 )
00000901: 13.5336   (Y': 13.4847   Cb: 12.8556   Cr: 14.5809 )
00000903: 13.5597   (Y': 13.5203   Cb: 12.8387   Cr: 14.6225 )
00000902: 13.4999   (Y': 13.4004   Cb: 12.8918   Cr: 14.7087 )
00000904: 13.573    (Y': 13.5303   Cb: 12.8566   Cr: 14.6458 )
00000905: 13.4901   (Y': 13.4264   Cb: 12.8046   Cr: 14.6256 )
00000906: 13.4942   (Y': 13.4249   Cb: 12.809    Cr: 14.6593 )
00000907: 13.5547   (Y': 13.5098   Cb: 12.8218   Cr: 14.6641 )
00000909: 13.5251   (Y': 13.4816   Cb: 12.7756   Cr: 14.6521 )
00000908: 13.5765   (Y': 13.5213   Cb: 12.8806   Cr: 14.6833 )
00000911: 13.5254   (Y': 13.4632   Cb: 12.79     Cr: 14.7303 )
00000910: 13.5388   (Y': 13.4942   Cb: 12.7984   Cr: 14.6578 )
00000912: 13.5028   (Y': 13.4564   Cb: 12.7614   Cr: 14.6331 )
00000913: 13.5075   (Y': 13.4576   Cb: 12.7886   Cr: 14.6214 )
Total: 13.5038   (Y': 13.4565   Cb: 12.7567   Cr: 14.6479 )
