00000000: 31.3234   (Y': 44.3744   Cb: 26.6981   Cr: 26.6981 )
00000005: 16.408    (Y': 16.8875   Cb: 16.0204   Cr: 15.1868 )
00000001: 16.3791   (Y': 16.9242   Cb: 15.8451   Cr: 15.1048 )
00000002: 16.4887   (Y': 17.0021   Cb: 16.0104   Cr: 15.2516 )
00000004: 16.4625   (Y': 16.9764   Cb: 16.0605   Cr: 15.1611 )
00000003: 16.4315   (Y': 16.9643   Cb: 15.8991   Cr: 15.1882 )
00000006: 16.4236   (Y': 16.901    Cb: 16.0299   Cr: 15.2126 )
00000007: 16.3569   (Y': 16.8304   Cb: 15.9533   Cr: 15.1647 )
00000008: 16.4228   (Y': 16.9179   Cb: 16.0053   Cr: 15.1841 )
00000009: 16.3911   (Y': 16.8584   Cb: 16.0154   Cr: 15.1931 )
00000010: 16.3885   (Y': 16.8564   Cb: 16.0108   Cr: 15.1905 )
00000011: 16.3954   (Y': 16.8533   Cb: 15.9836   Cr: 15.253  )
00000013: 16.3841   (Y': 16.8693   Cb: 15.919    Cr: 15.212  )
00000012: 16.3904   (Y': 16.8729   Cb: 15.9266   Cr: 15.2247 )
00000014: 16.3822   (Y': 16.826    Cb: 16.025    Cr: 15.2334 )
00000015: 16.3817   (Y': 16.836    Cb: 15.9476   Cr: 15.2686 )
00000016: 16.4039   (Y': 16.8516   Cb: 16.02     Cr: 15.2665 )
00000017: 16.3202   (Y': 16.7788   Cb: 15.9076   Cr: 15.1767 )
00000018: 16.1372   (Y': 16.5279   Cb: 15.8731   Cr: 15.0603 )
00000019: 15.9023   (Y': 16.2376   Cb: 15.7267   Cr: 14.9127 )
00000021: 15.7292   (Y': 16.0561   Cb: 15.6236   Cr: 14.7069 )
00000020: 15.766    (Y': 16.0746   Cb: 15.6644   Cr: 14.7947 )
00000022: 15.6847   (Y': 16.0148   Cb: 15.576    Cr: 14.6554 )
00000023: 15.538    (Y': 15.8688   Cb: 15.4249   Cr: 14.5102 )
00000024: 15.492    (Y': 15.8056   Cb: 15.4502   Cr: 14.4576 )
00000025: 15.4635   (Y': 15.7733   Cb: 15.382    Cr: 14.4722 )
00000026: 15.51     (Y': 15.8164   Cb: 15.444    Cr: 14.5163 )
00000027: 15.4429   (Y': 15.7427   Cb: 15.3897   Cr: 14.4584 )
00000029: 15.4015   (Y': 15.7212   Cb: 15.3325   Cr: 14.3706 )
00000030: 15.1935   (Y': 15.4746   Cb: 15.1315   Cr: 14.2722 )
00000028: 15.3529   (Y': 15.6499   Cb: 15.2827   Cr: 14.3902 )
00000031: 15.1085   (Y': 15.3925   Cb: 15.0174   Cr: 14.2022 )
00000032: 15.1091   (Y': 15.3991   Cb: 15.0273   Cr: 14.1772 )
00000034: 15.1163   (Y': 15.3859   Cb: 15.0352   Cr: 14.246  )
00000033: 15.0998   (Y': 15.3974   Cb: 15.0183   Cr: 14.1447 )
00000035: 15.0958   (Y': 15.3806   Cb: 15.0044   Cr: 14.1875 )
00000036: 15.0924   (Y': 15.3782   Cb: 15.0344   Cr: 14.1534 )
00000037: 15.1361   (Y': 15.4379   Cb: 15.023    Cr: 14.1947 )
00000039: 15.1088   (Y': 15.4201   Cb: 14.9585   Cr: 14.1694 )
00000038: 15.1024   (Y': 15.3931   Cb: 15.0407   Cr: 14.1518 )
00000040: 15.0881   (Y': 15.3739   Cb: 15.0391   Cr: 14.142  )
00000041: 15.1237   (Y': 15.4308   Cb: 15.0265   Cr: 14.153  )
00000042: 15.0897   (Y': 15.3854   Cb: 14.9784   Cr: 14.1647 )
00000043: 15.1013   (Y': 15.3926   Cb: 15.0352   Cr: 14.1526 )
00000044: 15.1016   (Y': 15.3814   Cb: 15.0316   Cr: 14.1908 )
00000045: 15.0914   (Y': 15.3837   Cb: 15.0013   Cr: 14.1595 )
00000046: 15.1202   (Y': 15.3883   Cb: 15.0222   Cr: 14.2687 )
00000047: 15.1097   (Y': 15.4109   Cb: 14.9721   Cr: 14.1902 )
00000048: 15.1234   (Y': 15.4167   Cb: 15.0535   Cr: 14.1715 )
00000049: 15.0723   (Y': 15.3611   Cb: 14.9749   Cr: 14.1568 )
00000050: 15.1294   (Y': 15.4328   Cb: 14.9734   Cr: 14.2186 )
00000052: 15.0913   (Y': 15.3814   Cb: 14.9867   Cr: 14.1776 )
00000053: 15.1039   (Y': 15.3986   Cb: 14.9991   Cr: 14.1766 )
00000054: 15.093    (Y': 15.3638   Cb: 14.9968   Cr: 14.2315 )
00000055: 15.0953   (Y': 15.3855   Cb: 14.9823   Cr: 14.1884 )
00000051: 15.079    (Y': 15.3514   Cb: 15.0329   Cr: 14.171  )
00000056: 15.0717   (Y': 15.3539   Cb: 14.9908   Cr: 14.1624 )
00000057: 15.0934   (Y': 15.4034   Cb: 14.9425   Cr: 14.1587 )
00000058: 15.0876   (Y': 15.3775   Cb: 14.9947   Cr: 14.1648 )
00000059: 15.1322   (Y': 15.4416   Cb: 14.9664   Cr: 14.2113 )
00000060: 15.0963   (Y': 15.4055   Cb: 14.9713   Cr: 14.1424 )
00000061: 15.0822   (Y': 15.3443   Cb: 15.0358   Cr: 14.2061 )
00000062: 15.1219   (Y': 15.4133   Cb: 15.0101   Cr: 14.2103 )
00000063: 15.1054   (Y': 15.3903   Cb: 14.9996   Cr: 14.2089 )
00000064: 15.0834   (Y': 15.3654   Cb: 15.0211   Cr: 14.1599 )
00000065: 15.095    (Y': 15.3941   Cb: 15.0111   Cr: 14.1375 )
00000066: 15.0819   (Y': 15.3771   Cb: 14.9931   Cr: 14.14   )
00000067: 15.0749   (Y': 15.3765   Cb: 14.9429   Cr: 14.1494 )
00000068: 15.0853   (Y': 15.3972   Cb: 14.9648   Cr: 14.1191 )
00000069: 15.0799   (Y': 15.3794   Cb: 14.9762   Cr: 14.1372 )
00000070: 15.0899   (Y': 15.3926   Cb: 14.9896   Cr: 14.135  )
00000071: 15.1051   (Y': 15.4127   Cb: 14.9841   Cr: 14.1526 )
00000072: 15.1131   (Y': 15.4182   Cb: 15.0083   Cr: 14.1545 )
00000073: 15.0823   (Y': 15.3836   Cb: 14.966    Cr: 14.1448 )
00000074: 15.1002   (Y': 15.4097   Cb: 14.9307   Cr: 14.1826 )
00000075: 15.0989   (Y': 15.4222   Cb: 14.938    Cr: 14.1328 )
00000076: 15.1171   (Y': 15.4398   Cb: 14.9203   Cr: 14.1824 )
00000078: 15.0831   (Y': 15.3891   Cb: 14.9728   Cr: 14.1266 )
00000079: 15.1168   (Y': 15.4059   Cb: 14.98     Cr: 14.2332 )
00000077: 15.0935   (Y': 15.3864   Cb: 14.9852   Cr: 14.1748 )
00000080: 15.1114   (Y': 15.3945   Cb: 15.0409   Cr: 14.191  )
00000081: 15.0896   (Y': 15.3816   Cb: 14.995    Cr: 14.1622 )
00000082: 15.1102   (Y': 15.4197   Cb: 14.9767   Cr: 14.1622 )
00000083: 15.0883   (Y': 15.3784   Cb: 14.9745   Cr: 14.1828 )
00000085: 15.0847   (Y': 15.3897   Cb: 14.9444   Cr: 14.1559 )
00000084: 15.0893   (Y': 15.3915   Cb: 15.0083   Cr: 14.12   )
00000086: 15.1471   (Y': 15.4427   Cb: 15.0163   Cr: 14.2389 )
00000087: 15.1111   (Y': 15.4388   Cb: 14.918    Cr: 14.1585 )
00000088: 15.1222   (Y': 15.4221   Cb: 14.9417   Cr: 14.2424 )
00000089: 15.1058   (Y': 15.4144   Cb: 14.9891   Cr: 14.1468 )
00000090: 15.0787   (Y': 15.3969   Cb: 14.9197   Cr: 14.126  )
00000091: 15.0825   (Y': 15.3912   Cb: 14.9583   Cr: 14.1294 )
00000092: 15.1093   (Y': 15.4018   Cb: 14.9984   Cr: 14.1938 )
00000093: 15.1066   (Y': 15.4059   Cb: 14.9984   Cr: 14.1684 )
00000094: 15.0991   (Y': 15.3868   Cb: 14.9991   Cr: 14.1893 )
00000095: 15.1002   (Y': 15.387    Cb: 15.0009   Cr: 14.1924 )
00000096: 15.0983   (Y': 15.3742   Cb: 15.0405   Cr: 14.1895 )
00000098: 15.0948   (Y': 15.3985   Cb: 14.9774   Cr: 14.151  )
00000097: 15.0976   (Y': 15.3817   Cb: 15.0483   Cr: 14.1567 )
00000099: 15.1115   (Y': 15.4081   Cb: 15.0065   Cr: 14.179  )
00000100: 15.0936   (Y': 15.4102   Cb: 14.9082   Cr: 14.1678 )
00000101: 15.1016   (Y': 15.414    Cb: 14.9258   Cr: 14.1804 )
00000102: 15.0724   (Y': 15.368    Cb: 14.9802   Cr: 14.1319 )
00000103: 15.0854   (Y': 15.3676   Cb: 14.9786   Cr: 14.1978 )
00000104: 15.0976   (Y': 15.4218   Cb: 14.9626   Cr: 14.1073 )
00000105: 15.1043   (Y': 15.4077   Cb: 14.9694   Cr: 14.1759 )
00000106: 15.1055   (Y': 15.3844   Cb: 15.0344   Cr: 14.1982 )
00000107: 15.0824   (Y': 15.3795   Cb: 14.9839   Cr: 14.1428 )
00000108: 15.1217   (Y': 15.4263   Cb: 14.9646   Cr: 14.2084 )
00000109: 15.0843   (Y': 15.3876   Cb: 14.9764   Cr: 14.1337 )
00000110: 15.0888   (Y': 15.3921   Cb: 14.9393   Cr: 14.1729 )
00000111: 15.1037   (Y': 15.4169   Cb: 14.9235   Cr: 14.1835 )
00000112: 15.0917   (Y': 15.4003   Cb: 14.9343   Cr: 14.1661 )
00000113: 15.0665   (Y': 15.3605   Cb: 15.0066   Cr: 14.1044 )
00000114: 15.0804   (Y': 15.374    Cb: 14.9781   Cr: 14.1541 )
00000115: 15.0682   (Y': 15.3632   Cb: 14.9472   Cr: 14.1532 )
00000116: 15.084    (Y': 15.3932   Cb: 14.8994   Cr: 14.1796 )
00000117: 15.0877   (Y': 15.3865   Cb: 14.9827   Cr: 14.1484 )
00000118: 15.1004   (Y': 15.394    Cb: 14.9852   Cr: 14.1852 )
00000119: 15.0716   (Y': 15.3635   Cb: 14.9859   Cr: 14.137  )
00000120: 15.0776   (Y': 15.3964   Cb: 14.912    Cr: 14.1287 )
00000121: 15.0795   (Y': 15.3834   Cb: 14.9273   Cr: 14.164  )
00000123: 15.0754   (Y': 15.3688   Cb: 14.9416   Cr: 14.1763 )
00000124: 15.0904   (Y': 15.3906   Cb: 14.9729   Cr: 14.1573 )
00000125: 15.1012   (Y': 15.4235   Cb: 14.9521   Cr: 14.1283 )
00000122: 15.1039   (Y': 15.4193   Cb: 14.981    Cr: 14.1297 )
00000126: 15.0881   (Y': 15.3795   Cb: 14.9974   Cr: 14.1591 )
00000127: 15.1063   (Y': 15.3981   Cb: 14.9691   Cr: 14.2152 )
00000128: 15.096    (Y': 15.3904   Cb: 14.9555   Cr: 14.1992 )
00000129: 15.0939   (Y': 15.3992   Cb: 14.9549   Cr: 14.1633 )
00000131: 15.1075   (Y': 15.4029   Cb: 14.9784   Cr: 14.1984 )
00000130: 15.1123   (Y': 15.4282   Cb: 15.0062   Cr: 14.1229 )
00000132: 15.0898   (Y': 15.4035   Cb: 14.9553   Cr: 14.13   )
00000133: 15.0826   (Y': 15.3777   Cb: 14.9736   Cr: 14.1578 )
00000134: 15.0692   (Y': 15.3554   Cb: 14.964    Cr: 14.1681 )
00000135: 15.0723   (Y': 15.3873   Cb: 14.8931   Cr: 14.1458 )
00000136: 15.0876   (Y': 15.3997   Cb: 14.9118   Cr: 14.1671 )
00000137: 15.1017   (Y': 15.4054   Cb: 14.9931   Cr: 14.1508 )
00000139: 15.0807   (Y': 15.3882   Cb: 14.9494   Cr: 14.1368 )
00000138: 15.0727   (Y': 15.3725   Cb: 14.9527   Cr: 14.1428 )
00000140: 15.1198   (Y': 15.4169   Cb: 14.9916   Cr: 14.2047 )
00000142: 15.096    (Y': 15.3954   Cb: 14.961    Cr: 14.1797 )
00000141: 15.1055   (Y': 15.4129   Cb: 14.9458   Cr: 14.1861 )
00000143: 15.0834   (Y': 15.3901   Cb: 14.9537   Cr: 14.141  )
00000144: 15.0891   (Y': 15.3807   Cb: 14.9717   Cr: 14.1819 )
00000145: 15.0754   (Y': 15.3853   Cb: 14.9763   Cr: 14.098  )
00000147: 15.1466   (Y': 15.4719   Cb: 15.0058   Cr: 14.1577 )
00000148: 15.2229   (Y': 15.5914   Cb: 14.9385   Cr: 14.2272 )
00000149: 15.3021   (Y': 15.6822   Cb: 15.1323   Cr: 14.1781 )
00000150: 15.3976   (Y': 15.8116   Cb: 15.0677   Cr: 14.3093 )
00000151: 15.3923   (Y': 15.8095   Cb: 15.0657   Cr: 14.2919 )
00000146: 15.1265   (Y': 15.4379   Cb: 14.9946   Cr: 14.1717 )
00000152: 15.383    (Y': 15.7861   Cb: 15.0677   Cr: 14.3133 )
00000153: 15.2816   (Y': 15.6548   Cb: 14.9899   Cr: 14.2783 )
00000154: 15.2066   (Y': 15.5094   Cb: 15.0296   Cr: 14.3154 )
00000155: 15.1743   (Y': 15.5107   Cb: 14.948    Cr: 14.2238 )
00000156: 15.2577   (Y': 15.6626   Cb: 14.8638   Cr: 14.25   )
00000157: 15.2214   (Y': 15.653    Cb: 14.8176   Cr: 14.1462 )
00000158: 15.1595   (Y': 15.6045   Cb: 14.6551   Cr: 14.1339 )
00000159: 15.0846   (Y': 15.4792   Cb: 14.7563   Cr: 14.0504 )
00000160: 15.0602   (Y': 15.4337   Cb: 14.7263   Cr: 14.0919 )
00000161: 15.0432   (Y': 15.3961   Cb: 14.7539   Cr: 14.0974 )
00000162: 14.9127   (Y': 15.2471   Cb: 14.6445   Cr: 14.0042 )
00000163: 14.8908   (Y': 15.176    Cb: 14.7403   Cr: 14.031  )
00000164: 14.9706   (Y': 15.2683   Cb: 14.8013   Cr: 14.0883 )
00000165: 15.1008   (Y': 15.4666   Cb: 14.8094   Cr: 14.1189 )
00000166: 15.1377   (Y': 15.5294   Cb: 14.8103   Cr: 14.111  )
00000167: 15.1248   (Y': 15.5148   Cb: 14.7812   Cr: 14.1168 )
00000168: 15.0829   (Y': 15.4652   Cb: 14.7568   Cr: 14.0826 )
00000169: 14.9985   (Y': 15.3558   Cb: 14.728    Cr: 14.0236 )
00000170: 15.001    (Y': 15.3332   Cb: 14.7726   Cr: 14.0645 )
00000172: 15.0543   (Y': 15.3835   Cb: 14.8794   Cr: 14.0823 )
00000171: 15.0012   (Y': 15.3235   Cb: 14.8111   Cr: 14.0624 )
00000174: 16.7441   (Y': 17.3155   Cb: 16.065    Cr: 15.5257 )
00000173: 16.0545   (Y': 16.5307   Cb: 15.5533   Cr: 14.9382 )
00000175: 16.6558   (Y': 17.2038   Cb: 15.9855   Cr: 15.4923 )
00000176: 15.9611   (Y': 16.3756   Cb: 15.6227   Cr: 14.8786 )
00000177: 15.8469   (Y': 16.2613   Cb: 15.5752   Cr: 14.7092 )
00000178: 15.6839   (Y': 16.0861   Cb: 15.4614   Cr: 14.5407 )
00000179: 15.4148   (Y': 15.8193   Cb: 15.1914   Cr: 14.2657 )
00000180: 15.1435   (Y': 15.4584   Cb: 15.0491   Cr: 14.1476 )
00000182: 15.1773   (Y': 15.5281   Cb: 14.9324   Cr: 14.1998 )
00000181: 15.1768   (Y': 15.5364   Cb: 15.0175   Cr: 14.1031 )
00000183: 15.2245   (Y': 15.5979   Cb: 14.9757   Cr: 14.1844 )
00000184: 15.2186   (Y': 15.6193   Cb: 14.9349   Cr: 14.1291 )
00000185: 15.1802   (Y': 15.5358   Cb: 14.9885   Cr: 14.1444 )
00000186: 15.1981   (Y': 15.5613   Cb: 14.9823   Cr: 14.1602 )
00000187: 15.2115   (Y': 15.6137   Cb: 14.9292   Cr: 14.1167 )
00000188: 15.241    (Y': 15.6328   Cb: 14.9595   Cr: 14.1754 )
00000189: 15.3341   (Y': 15.7579   Cb: 15.0228   Cr: 14.2029 )
00000190: 15.3892   (Y': 15.7955   Cb: 15.0815   Cr: 14.304  )
00000191: 15.3233   (Y': 15.7103   Cb: 15.042    Cr: 14.2714 )
00000192: 15.3847   (Y': 15.817    Cb: 15.1016   Cr: 14.2065 )
00000193: 15.3942   (Y': 15.8182   Cb: 15.0333   Cr: 14.3039 )
00000194: 15.4154   (Y': 15.8749   Cb: 15.0759   Cr: 14.2086 )
00000195: 15.2855   (Y': 15.6871   Cb: 14.9784   Cr: 14.2131 )
00000198: 15.1772   (Y': 15.5335   Cb: 15.0233   Cr: 14.1087 )
00000196: 15.1944   (Y': 15.5661   Cb: 14.9819   Cr: 14.1289 )
00000197: 15.1986   (Y': 15.5888   Cb: 14.9565   Cr: 14.1048 )
00000199: 15.2489   (Y': 15.6361   Cb: 14.9865   Cr: 14.1802 )
00000200: 15.2357   (Y': 15.6187   Cb: 14.9932   Cr: 14.1628 )
00000201: 15.2467   (Y': 15.6279   Cb: 14.975    Cr: 14.2035 )
00000202: 15.2367   (Y': 15.6126   Cb: 15.0002   Cr: 14.1794 )
00000203: 15.2407   (Y': 15.6389   Cb: 14.9758   Cr: 14.1429 )
00000204: 15.196    (Y': 15.5559   Cb: 14.9891   Cr: 14.1605 )
00000205: 15.1585   (Y': 15.4861   Cb: 15.0048   Cr: 14.1733 )
00000206: 15.1689   (Y': 15.4983   Cb: 15.0141   Cr: 14.1796 )
00000207: 15.1547   (Y': 15.4702   Cb: 15.0453   Cr: 14.1688 )
00000208: 15.1337   (Y': 15.4599   Cb: 14.958    Cr: 14.1708 )
00000209: 15.1405   (Y': 15.4609   Cb: 15.0222   Cr: 14.1474 )
00000210: 15.0913   (Y': 15.4113   Cb: 14.9332   Cr: 14.1324 )
00000211: 15.0517   (Y': 15.3854   Cb: 14.8912   Cr: 14.0543 )
00000212: 15.0768   (Y': 15.4117   Cb: 14.9047   Cr: 14.0853 )
00000213: 15.0844   (Y': 15.3889   Cb: 15.0115   Cr: 14.1019 )
00000214: 15.0719   (Y': 15.3695   Cb: 14.9536   Cr: 14.1472 )
00000215: 15.0815   (Y': 15.3763   Cb: 14.9463   Cr: 14.1792 )
00000216: 15.0575   (Y': 15.3611   Cb: 14.9567   Cr: 14.1004 )
00000217: 15.0675   (Y': 15.4057   Cb: 14.9216   Cr: 14.0447 )
00000218: 15.0661   (Y': 15.3923   Cb: 14.9089   Cr: 14.0882 )
00000219: 15.0712   (Y': 15.3794   Cb: 14.9789   Cr: 14.0931 )
00000220: 15.0328   (Y': 15.3454   Cb: 14.848    Cr: 14.1181 )
00000222: 15.0053   (Y': 15.2787   Cb: 14.9207   Cr: 14.1262 )
00000221: 15.0548   (Y': 15.3438   Cb: 14.9546   Cr: 14.1408 )
00000223: 14.9981   (Y': 15.2671   Cb: 14.864    Cr: 14.1743 )
00000224: 15.0165   (Y': 15.2837   Cb: 14.949    Cr: 14.142  )
00000225: 14.9936   (Y': 15.2683   Cb: 14.9232   Cr: 14.0984 )
00000226: 14.9826   (Y': 15.2607   Cb: 14.8714   Cr: 14.1113 )
00000227: 15.0226   (Y': 15.2971   Cb: 14.9437   Cr: 14.1354 )
00000228: 14.9812   (Y': 15.2424   Cb: 14.9331   Cr: 14.1095 )
00000229: 15.0155   (Y': 15.2773   Cb: 14.9792   Cr: 14.1321 )
00000230: 15.0037   (Y': 15.2841   Cb: 14.9452   Cr: 14.0816 )
00000231: 15.0198   (Y': 15.282    Cb: 14.985    Cr: 14.1336 )
00000232: 14.9986   (Y': 15.2799   Cb: 14.949    Cr: 14.0664 )
00000233: 15.0296   (Y': 15.3186   Cb: 14.9711   Cr: 14.0814 )
00000234: 15.0231   (Y': 15.2989   Cb: 14.9765   Cr: 14.1051 )
00000235: 15.0254   (Y': 15.342    Cb: 14.8778   Cr: 14.0679 )
00000236: 15.0446   (Y': 15.3599   Cb: 14.8902   Cr: 14.0966 )
00000237: 15.1395   (Y': 15.4876   Cb: 14.9335   Cr: 14.1376 )
00000238: 15.1345   (Y': 15.4971   Cb: 14.8914   Cr: 14.121  )
00000239: 15.0461   (Y': 15.3979   Cb: 14.8724   Cr: 14.0067 )
00000240: 15.0332   (Y': 15.3417   Cb: 14.9105   Cr: 14.0795 )
00000241: 15.044    (Y': 15.3643   Cb: 14.8904   Cr: 14.0804 )
00000242: 15.0612   (Y': 15.3728   Cb: 14.8334   Cr: 14.1866 )
00000243: 15.0681   (Y': 15.3777   Cb: 14.8877   Cr: 14.1594 )
00000245: 14.9833   (Y': 15.3371   Cb: 14.7654   Cr: 13.9747 )
00000244: 15.033    (Y': 15.3536   Cb: 14.8838   Cr: 14.065  )
00000246: 14.9536   (Y': 15.298    Cb: 14.7447   Cr: 13.9646 )
00000247: 15.0418   (Y': 15.4293   Cb: 14.7607   Cr: 13.988  )
00000248: 15.0862   (Y': 15.4513   Cb: 14.8153   Cr: 14.0891 )
00000249: 15.0791   (Y': 15.4453   Cb: 14.8245   Cr: 14.0648 )
00000250: 15.2123   (Y': 15.5802   Cb: 15.0043   Cr: 14.1542 )
00000251: 15.1999   (Y': 15.5395   Cb: 14.9862   Cr: 14.2293 )
00000253: 15.2738   (Y': 15.6344   Cb: 15.0341   Cr: 14.2632 )
00000252: 15.2519   (Y': 15.6107   Cb: 15.0051   Cr: 14.2528 )
00000254: 15.2126   (Y': 15.6251   Cb: 14.9395   Cr: 14.0812 )
00000255: 15.1106   (Y': 15.4581   Cb: 14.9519   Cr: 14.0715 )
00000256: 15.1252   (Y': 15.5016   Cb: 14.8875   Cr: 14.0674 )
00000257: 15.1808   (Y': 15.5578   Cb: 14.9339   Cr: 14.1291 )
00000258: 15.0558   (Y': 15.386    Cb: 14.8755   Cr: 14.0849 )
00000259: 14.9984   (Y': 15.3573   Cb: 14.7871   Cr: 13.969  )
00000260: 14.9835   (Y': 15.3336   Cb: 14.7883   Cr: 13.9667 )
00000261: 15.029    (Y': 15.3643   Cb: 14.8378   Cr: 14.0524 )
00000262: 15.0454   (Y': 15.3796   Cb: 14.8911   Cr: 14.0415 )
00000263: 15.0116   (Y': 15.3185   Cb: 14.9102   Cr: 14.0451 )
00000264: 14.954    (Y': 15.2515   Cb: 14.873    Cr: 13.9988 )
00000265: 14.9686   (Y': 15.2648   Cb: 14.8538   Cr: 14.0453 )
00000266: 14.9784   (Y': 15.2651   Cb: 14.907    Cr: 14.0479 )
00000267: 14.9717   (Y': 15.2509   Cb: 14.9267   Cr: 14.042  )
00000268: 14.9993   (Y': 15.3197   Cb: 14.851    Cr: 14.0311 )
00000270: 15.1058   (Y': 15.4502   Cb: 14.9025   Cr: 14.1123 )
00000269: 15.0429   (Y': 15.3698   Cb: 14.8882   Cr: 14.0608 )
00000271: 15.1064   (Y': 15.4678   Cb: 14.8671   Cr: 14.0935 )
00000272: 15.1617   (Y': 15.5259   Cb: 14.926    Cr: 14.1374 )
00000273: 15.1937   (Y': 15.5673   Cb: 14.9522   Cr: 14.1473 )
00000274: 15.2179   (Y': 15.62     Cb: 14.9214   Cr: 14.1355 )
00000275: 15.2092   (Y': 15.5824   Cb: 15.0044   Cr: 14.1333 )
00000276: 15.2      (Y': 15.5496   Cb: 15.0516   Cr: 14.1463 )
00000278: 15.1554   (Y': 15.4869   Cb: 14.9652   Cr: 14.1893 )
00000277: 15.1592   (Y': 15.5043   Cb: 14.9819   Cr: 14.1418 )
00000279: 15.164    (Y': 15.496    Cb: 14.9837   Cr: 14.1878 )
00000280: 15.0957   (Y': 15.4054   Cb: 14.919    Cr: 14.1833 )
00000281: 15.1227   (Y': 15.4686   Cb: 14.9004   Cr: 14.1406 )
00000282: 15.1143   (Y': 15.427    Cb: 14.9793   Cr: 14.158  )
00000283: 15.1482   (Y': 15.5051   Cb: 14.9286   Cr: 14.1317 )
00000285: 15.1182   (Y': 15.4618   Cb: 14.9489   Cr: 14.0991 )
00000284: 15.1443   (Y': 15.5026   Cb: 14.8906   Cr: 14.152  )
00000286: 15.1254   (Y': 15.4316   Cb: 14.9825   Cr: 14.1952 )
00000287: 15.1332   (Y': 15.4591   Cb: 14.9794   Cr: 14.1528 )
00000288: 15.108    (Y': 15.4345   Cb: 14.9798   Cr: 14.1055 )
00000289: 15.095    (Y': 15.4397   Cb: 14.9057   Cr: 14.089  )
00000290: 15.1129   (Y': 15.4578   Cb: 14.9662   Cr: 14.0714 )
00000291: 15.0922   (Y': 15.4293   Cb: 14.9333   Cr: 14.0832 )
00000292: 15.1106   (Y': 15.4235   Cb: 15.0409   Cr: 14.1005 )
00000293: 15.1404   (Y': 15.5107   Cb: 14.9381   Cr: 14.0707 )
00000294: 15.2367   (Y': 15.6148   Cb: 15.0167   Cr: 14.1593 )
00000295: 15.2975   (Y': 15.6822   Cb: 15.0381   Cr: 14.2337 )
00000296: 15.2626   (Y': 15.6557   Cb: 14.9923   Cr: 14.1837 )
00000297: 15.2568   (Y': 15.6399   Cb: 14.9398   Cr: 14.2461 )
00000298: 15.1965   (Y': 15.5352   Cb: 15.0869   Cr: 14.1429 )
00000299: 15.1422   (Y': 15.4714   Cb: 14.9548   Cr: 14.1804 )
00000300: 15.0952   (Y': 15.3966   Cb: 14.9714   Cr: 14.1633 )
00000301: 15.0524   (Y': 15.3593   Cb: 14.9566   Cr: 14.0814 )
00000302: 15.0199   (Y': 15.3266   Cb: 14.8366   Cr: 14.1224 )
00000303: 15.0379   (Y': 15.3598   Cb: 14.8836   Cr: 14.0702 )
00000304: 15.0088   (Y': 15.3051   Cb: 14.8865   Cr: 14.0915 )
00000305: 15.0352   (Y': 15.3449   Cb: 14.8975   Cr: 14.09   )
00000306: 15.0112   (Y': 15.3376   Cb: 14.8202   Cr: 14.0608 )
00000307: 15.0002   (Y': 15.2864   Cb: 14.8814   Cr: 14.1104 )
00000308: 14.9988   (Y': 15.2835   Cb: 14.9117   Cr: 14.0874 )
00000309: 14.9719   (Y': 15.2457   Cb: 14.8814   Cr: 14.0965 )
00000310: 15.0001   (Y': 15.2678   Cb: 14.9099   Cr: 14.1432 )
00000311: 14.9764   (Y': 15.2616   Cb: 14.8539   Cr: 14.0925 )
00000312: 14.9715   (Y': 15.27     Cb: 14.91     Cr: 13.9975 )
00000313: 14.9643   (Y': 15.2447   Cb: 14.9182   Cr: 14.0319 )
00000314: 15.034    (Y': 15.347    Cb: 14.8789   Cr: 14.0934 )
00000315: 15.0075   (Y': 15.3368   Cb: 14.8687   Cr: 14.005  )
00000316: 15.0311   (Y': 15.3345   Cb: 14.9009   Cr: 14.0989 )
00000317: 14.9731   (Y': 15.2626   Cb: 14.8408   Cr: 14.0844 )
00000318: 14.976    (Y': 15.2591   Cb: 14.8894   Cr: 14.0691 )
00000319: 14.9707   (Y': 15.2485   Cb: 14.8717   Cr: 14.0902 )
00000320: 14.968    (Y': 15.2697   Cb: 14.7926   Cr: 14.0789 )
00000321: 14.9454   (Y': 15.2066   Cb: 14.9012   Cr: 14.0701 )
00000322: 14.9504   (Y': 15.2162   Cb: 14.8806   Cr: 14.0821 )
00000323: 14.9595   (Y': 15.2549   Cb: 14.8178   Cr: 14.0608 )
00000324: 14.9888   (Y': 15.2724   Cb: 14.8701   Cr: 14.1068 )
00000326: 14.9841   (Y': 15.2739   Cb: 14.8858   Cr: 14.0662 )
00000325: 14.9813   (Y': 15.2661   Cb: 14.8908   Cr: 14.0724 )
00000327: 14.9649   (Y': 15.2684   Cb: 14.8447   Cr: 14.0236 )
00000328: 14.9646   (Y': 15.2469   Cb: 14.879    Cr: 14.0591 )
00000329: 14.9826   (Y': 15.2876   Cb: 14.8727   Cr: 14.0284 )
00000330: 15.0357   (Y': 15.3561   Cb: 14.8913   Cr: 14.0642 )
00000331: 15.0608   (Y': 15.3635   Cb: 14.9387   Cr: 14.1235 )
00000332: 15.1019   (Y': 15.4871   Cb: 14.8494   Cr: 14.0311 )
00000334: 15.1335   (Y': 15.4724   Cb: 14.9189   Cr: 14.1659 )
00000333: 15.1456   (Y': 15.5113   Cb: 14.919    Cr: 14.1094 )
00000335: 15.1217   (Y': 15.4458   Cb: 14.9588   Cr: 14.1544 )
00000336: 15.16     (Y': 15.5033   Cb: 14.9415   Cr: 14.1826 )
00000337: 15.1849   (Y': 15.5434   Cb: 14.9753   Cr: 14.1552 )
00000338: 15.1777   (Y': 15.5335   Cb: 14.8875   Cr: 14.2242 )
00000339: 15.0889   (Y': 15.4551   Cb: 14.8701   Cr: 14.0447 )
00000340: 15.0425   (Y': 15.3955   Cb: 14.8038   Cr: 14.0532 )
00000341: 14.9126   (Y': 15.2046   Cb: 14.728    Cr: 14.061  )
00000342: 14.8245   (Y': 15.0909   Cb: 14.7343   Cr: 13.9717 )
00000343: 14.7306   (Y': 14.9581   Cb: 14.7101   Cr: 13.9411 )
00000344: 14.7518   (Y': 14.9912   Cb: 14.7077   Cr: 13.9445 )
00000345: 14.7585   (Y': 14.9848   Cb: 14.7256   Cr: 13.9829 )
00000346: 14.7845   (Y': 14.9989   Cb: 14.7549   Cr: 14.0443 )
00000347: 14.788    (Y': 15.029    Cb: 14.7129   Cr: 14.0016 )
00000350: 14.8438   (Y': 15.1234   Cb: 14.6805   Cr: 14.0119 )
00000348: 14.7744   (Y': 15.0255   Cb: 14.7109   Cr: 13.9465 )
00000349: 14.7734   (Y': 15.0016   Cb: 14.7407   Cr: 13.9915 )
00000351: 15.0437   (Y': 15.3923   Cb: 14.7949   Cr: 14.0762 )
00000352: 15.1084   (Y': 15.4601   Cb: 14.844    Cr: 14.1449 )
00000353: 15.1297   (Y': 15.4966   Cb: 14.8957   Cr: 14.0959 )
00000354: 15.1088   (Y': 15.4733   Cb: 14.8528   Cr: 14.1006 )
00000355: 15.0897   (Y': 15.4203   Cb: 14.891    Cr: 14.1334 )
00000356: 15.0402   (Y': 15.3463   Cb: 14.8918   Cr: 14.1147 )
00000358: 15.057    (Y': 15.3511   Cb: 14.9068   Cr: 14.1695 )
00000357: 15.0703   (Y': 15.4046   Cb: 14.8592   Cr: 14.1135 )
00000359: 14.979    (Y': 15.2652   Cb: 14.9106   Cr: 14.0473 )
00000360: 14.9234   (Y': 15.1643   Cb: 14.8752   Cr: 14.1147 )
00000361: 14.9411   (Y': 15.201    Cb: 14.8765   Cr: 14.0868 )
00000363: 14.9318   (Y': 15.1873   Cb: 14.9119   Cr: 14.054  )
00000362: 14.9077   (Y': 15.1501   Cb: 14.895    Cr: 14.0646 )
00000364: 14.917    (Y': 15.1444   Cb: 14.9376   Cr: 14.0933 )
00000366: 14.8955   (Y': 15.1425   Cb: 14.8805   Cr: 14.04   )
00000365: 14.9331   (Y': 15.1555   Cb: 14.9641   Cr: 14.1169 )
00000367: 14.9288   (Y': 15.1684   Cb: 14.9159   Cr: 14.095  )
00000368: 14.9412   (Y': 15.2063   Cb: 14.887    Cr: 14.0624 )
00000369: 14.916    (Y': 15.1611   Cb: 14.8773   Cr: 14.0864 )
00000370: 14.9074   (Y': 15.136    Cb: 14.9229   Cr: 14.0842 )
00000371: 14.931    (Y': 15.1813   Cb: 14.908    Cr: 14.072  )
00000372: 14.9144   (Y': 15.1612   Cb: 14.9363   Cr: 14.0298 )
00000374: 14.8855   (Y': 15.1181   Cb: 14.9332   Cr: 14.0233 )
00000373: 14.9172   (Y': 15.1725   Cb: 14.8938   Cr: 14.0432 )
00000375: 14.9073   (Y': 15.1398   Cb: 14.9116   Cr: 14.0812 )
00000376: 14.9193   (Y': 15.1481   Cb: 14.9174   Cr: 14.1101 )
00000377: 14.9116   (Y': 15.1424   Cb: 14.9004   Cr: 14.1037 )
00000378: 14.9133   (Y': 15.1395   Cb: 14.9155   Cr: 14.1088 )
00000379: 14.9236   (Y': 15.1708   Cb: 14.9377   Cr: 14.0438 )
00000381: 14.9082   (Y': 15.1569   Cb: 14.8779   Cr: 14.0605 )
00000382: 14.9287   (Y': 15.1838   Cb: 14.8579   Cr: 14.0947 )
00000380: 14.932    (Y': 15.1652   Cb: 14.897    Cr: 14.1368 )
00000383: 14.925    (Y': 15.1689   Cb: 14.8696   Cr: 14.1133 )
00000384: 14.933    (Y': 15.1953   Cb: 14.8498   Cr: 14.0867 )
00000385: 14.9994   (Y': 15.2568   Cb: 14.9469   Cr: 14.1428 )
00000386: 14.9921   (Y': 15.264    Cb: 14.8996   Cr: 14.1242 )
00000387: 14.9876   (Y': 15.2438   Cb: 14.9249   Cr: 14.1435 )
00000388: 14.9399   (Y': 15.1886   Cb: 14.8664   Cr: 14.1283 )
00000389: 14.9151   (Y': 15.168    Cb: 14.8674   Cr: 14.0683 )
00000390: 14.9009   (Y': 15.1241   Cb: 14.942    Cr: 14.0739 )
00000391: 14.9279   (Y': 15.1501   Cb: 14.95     Cr: 14.1194 )
00000392: 14.8924   (Y': 15.1156   Cb: 14.916    Cr: 14.0795 )
00000393: 14.8675   (Y': 15.0978   Cb: 14.8464   Cr: 14.0695 )
00000394: 14.9188   (Y': 15.1544   Cb: 14.8855   Cr: 14.1143 )
00000395: 14.935    (Y': 15.1607   Cb: 14.9686   Cr: 14.1058 )
00000396: 14.9187   (Y': 15.1517   Cb: 14.8888   Cr: 14.1195 )
00000398: 14.8877   (Y': 15.1091   Cb: 14.9346   Cr: 14.0613 )
00000397: 14.8797   (Y': 15.1168   Cb: 14.846    Cr: 14.0705 )
00000399: 14.8809   (Y': 15.0914   Cb: 14.8782   Cr: 14.1307 )
00000400: 14.9102   (Y': 15.1463   Cb: 14.8748   Cr: 14.1058 )
00000401: 14.8885   (Y': 15.1305   Cb: 14.8881   Cr: 14.0369 )
00000402: 14.8704   (Y': 15.109    Cb: 14.8611   Cr: 14.0363 )
00000403: 14.8989   (Y': 15.1007   Cb: 14.966    Cr: 14.1183 )
00000404: 14.8871   (Y': 15.1363   Cb: 14.8226   Cr: 14.066  )
00000405: 14.8951   (Y': 15.1034   Cb: 14.9254   Cr: 14.124  )
00000406: 14.8663   (Y': 15.1061   Cb: 14.8851   Cr: 14.0054 )
00000407: 14.8493   (Y': 15.0835   Cb: 14.8171   Cr: 14.0481 )
00000408: 14.8872   (Y': 15.1321   Cb: 14.8811   Cr: 14.031  )
00000409: 14.8648   (Y': 15.0799   Cb: 14.903    Cr: 14.0656 )
00000410: 14.8923   (Y': 15.1204   Cb: 14.8662   Cr: 14.1052 )
00000411: 14.8877   (Y': 15.1377   Cb: 14.8416   Cr: 14.0487 )
00000412: 14.8674   (Y': 15.0878   Cb: 14.9095   Cr: 14.0481 )
00000414: 14.876    (Y': 15.1196   Cb: 14.8376   Cr: 14.0505 )
00000413: 14.8729   (Y': 15.1182   Cb: 14.8464   Cr: 14.0325 )
00000415: 14.8635   (Y': 15.0965   Cb: 14.8989   Cr: 14.0106 )
00000416: 14.9148   (Y': 15.1358   Cb: 14.8815   Cr: 14.1563 )
00000417: 14.8823   (Y': 15.1131   Cb: 14.8817   Cr: 14.0653 )
00000418: 14.944    (Y': 15.1816   Cb: 14.9304   Cr: 14.1165 )
00000419: 14.9252   (Y': 15.1597   Cb: 14.8985   Cr: 14.1185 )
00000420: 14.908    (Y': 15.1571   Cb: 14.8631   Cr: 14.0707 )
00000421: 14.882    (Y': 15.0926   Cb: 14.95     Cr: 14.0724 )
00000422: 14.9018   (Y': 15.1439   Cb: 14.8499   Cr: 14.0926 )
00000423: 14.9092   (Y': 15.1197   Cb: 14.9042   Cr: 14.1606 )
00000424: 14.9155   (Y': 15.1557   Cb: 14.8572   Cr: 14.1172 )
00000425: 14.929    (Y': 15.1604   Cb: 14.9285   Cr: 14.1106 )
00000426: 14.8887   (Y': 15.1267   Cb: 14.824    Cr: 14.1031 )
00000427: 14.9024   (Y': 15.1178   Cb: 14.8905   Cr: 14.1437 )
00000428: 14.8921   (Y': 15.1111   Cb: 14.9134   Cr: 14.0947 )
00000429: 14.8666   (Y': 15.0872   Cb: 14.8535   Cr: 14.0928 )
00000430: 14.9101   (Y': 15.1554   Cb: 14.9074   Cr: 14.0499 )
00000431: 14.8873   (Y': 15.1166   Cb: 14.8552   Cr: 14.1014 )
00000432: 14.882    (Y': 15.0935   Cb: 14.9278   Cr: 14.0876 )
00000433: 14.9021   (Y': 15.1164   Cb: 14.8641   Cr: 14.1691 )
00000434: 14.8621   (Y': 15.083    Cb: 14.8649   Cr: 14.074  )
00000435: 14.8944   (Y': 15.1289   Cb: 14.8701   Cr: 14.0857 )
00000436: 14.8945   (Y': 15.1072   Cb: 14.9122   Cr: 14.1199 )
00000437: 14.903    (Y': 15.1341   Cb: 14.9101   Cr: 14.0788 )
00000438: 14.9291   (Y': 15.1716   Cb: 14.9543   Cr: 14.0547 )
00000439: 14.9092   (Y': 15.1238   Cb: 14.9109   Cr: 14.1419 )
00000440: 14.8673   (Y': 15.0868   Cb: 14.8786   Cr: 14.0763 )
00000441: 14.8839   (Y': 15.1151   Cb: 14.8374   Cr: 14.1046 )
00000442: 14.8963   (Y': 15.1089   Cb: 14.9378   Cr: 14.1023 )
00000443: 14.8682   (Y': 15.0891   Cb: 14.8518   Cr: 14.0959 )
00000444: 14.8565   (Y': 15.0905   Cb: 14.8432   Cr: 14.0403 )
00000445: 14.8692   (Y': 15.0731   Cb: 14.8773   Cr: 14.131  )
00000446: 14.8826   (Y': 15.1054   Cb: 14.8714   Cr: 14.1002 )
00000447: 14.8824   (Y': 15.1088   Cb: 14.7976   Cr: 14.1509 )
00000448: 14.9172   (Y': 15.1601   Cb: 14.8935   Cr: 14.0819 )
00000449: 14.9237   (Y': 15.1755   Cb: 14.8225   Cr: 14.1254 )
00000450: 14.975    (Y': 15.2378   Cb: 14.9299   Cr: 14.0957 )
00000451: 14.9544   (Y': 15.2145   Cb: 14.866    Cr: 14.1197 )
00000452: 15.0668   (Y': 15.3755   Cb: 14.9447   Cr: 14.1116 )
00000453: 15.0339   (Y': 15.3189   Cb: 14.9449   Cr: 14.123  )
00000454: 14.9747   (Y': 15.2538   Cb: 14.946    Cr: 14.0323 )
00000455: 14.9644   (Y': 15.2099   Cb: 14.9715   Cr: 14.0953 )
00000456: 15.0233   (Y': 15.2927   Cb: 14.9586   Cr: 14.1402 )
00000457: 14.9373   (Y': 15.1853   Cb: 14.8649   Cr: 14.1267 )
00000459: 14.9779   (Y': 15.23     Cb: 14.9111   Cr: 14.1498 )
00000458: 15.0108   (Y': 15.2825   Cb: 14.928    Cr: 14.1355 )
00000460: 14.9947   (Y': 15.2755   Cb: 14.8548   Cr: 14.1393 )
00000461: 14.9553   (Y': 15.2022   Cb: 14.8901   Cr: 14.1423 )
00000462: 14.9683   (Y': 15.2374   Cb: 14.8805   Cr: 14.1054 )
00000463: 14.9895   (Y': 15.2477   Cb: 14.9633   Cr: 14.1085 )
00000464: 15.0027   (Y': 15.3003   Cb: 14.8946   Cr: 14.0695 )
00000465: 15.0362   (Y': 15.2916   Cb: 14.9642   Cr: 14.2022 )
00000466: 14.9559   (Y': 15.1869   Cb: 14.9512   Cr: 14.1418 )
00000467: 14.9219   (Y': 15.1742   Cb: 14.8315   Cr: 14.1134 )
00000468: 14.9072   (Y': 15.1513   Cb: 14.8227   Cr: 14.1192 )
00000469: 14.9107   (Y': 15.1431   Cb: 14.8658   Cr: 14.1261 )
00000470: 14.9139   (Y': 15.1673   Cb: 14.8653   Cr: 14.0665 )
00000471: 14.9095   (Y': 15.118    Cb: 14.9305   Cr: 14.1453 )
00000472: 14.9013   (Y': 15.1523   Cb: 14.851    Cr: 14.0629 )
00000473: 14.9005   (Y': 15.1162   Cb: 14.8666   Cr: 14.1598 )
00000475: 14.9063   (Y': 15.1312   Cb: 14.855    Cr: 14.1511 )
00000474: 14.9138   (Y': 15.1314   Cb: 14.8745   Cr: 14.1717 )
00000476: 14.9346   (Y': 15.1638   Cb: 14.9279   Cr: 14.128  )
00000477: 14.8938   (Y': 15.1312   Cb: 14.8349   Cr: 14.1052 )
00000478: 14.8617   (Y': 15.0883   Cb: 14.8503   Cr: 14.067  )
00000479: 14.8962   (Y': 15.1218   Cb: 14.8848   Cr: 14.1046 )
00000480: 14.9065   (Y': 15.1225   Cb: 14.9097   Cr: 14.1336 )
00000481: 14.9166   (Y': 15.1446   Cb: 14.8623   Cr: 14.154  )
00000482: 14.884    (Y': 15.1192   Cb: 14.8554   Cr: 14.0767 )
00000483: 14.89     (Y': 15.1085   Cb: 14.8748   Cr: 14.1241 )
00000484: 14.8692   (Y': 15.1061   Cb: 14.8101   Cr: 14.0824 )
00000485: 14.8706   (Y': 15.087    Cb: 14.8806   Cr: 14.0907 )
00000486: 14.8925   (Y': 15.1127   Cb: 14.8675   Cr: 14.1298 )
00000487: 14.8871   (Y': 15.1112   Cb: 14.826    Cr: 14.1423 )
00000488: 14.9016   (Y': 15.1418   Cb: 14.893    Cr: 14.062  )
00000489: 14.9004   (Y': 15.1556   Cb: 14.818    Cr: 14.0756 )
00000490: 14.9263   (Y': 15.1668   Cb: 14.8839   Cr: 14.1141 )
00000491: 14.9125   (Y': 15.1483   Cb: 14.8566   Cr: 14.1267 )
00000492: 14.9115   (Y': 15.1282   Cb: 14.8892   Cr: 14.1577 )
00000493: 14.9056   (Y': 15.1227   Cb: 14.9184   Cr: 14.121  )
00000494: 14.8604   (Y': 15.0894   Cb: 14.8645   Cr: 14.0454 )
00000495: 14.8772   (Y': 15.0873   Cb: 14.9282   Cr: 14.0833 )
00000496: 14.8853   (Y': 15.1191   Cb: 14.8532   Cr: 14.0855 )
00000497: 14.8871   (Y': 15.1201   Cb: 14.8915   Cr: 14.0592 )
00000498: 14.8998   (Y': 15.1366   Cb: 14.8467   Cr: 14.108  )
00000499: 14.8873   (Y': 15.112    Cb: 14.8837   Cr: 14.0923 )
00000500: 14.856    (Y': 15.08     Cb: 14.8348   Cr: 14.0779 )
00000501: 14.8775   (Y': 15.1119   Cb: 14.8568   Cr: 14.066  )
00000502: 14.8855   (Y': 15.1071   Cb: 14.8618   Cr: 14.1173 )
00000503: 14.8993   (Y': 15.1321   Cb: 14.867    Cr: 14.1026 )
00000504: 14.9034   (Y': 15.1314   Cb: 14.964    Cr: 14.0455 )
00000505: 14.8846   (Y': 15.1192   Cb: 14.8878   Cr: 14.053  )
00000506: 14.8906   (Y': 15.1139   Cb: 14.882    Cr: 14.1041 )
00000507: 14.9064   (Y': 15.1403   Cb: 14.8867   Cr: 14.0955 )
00000508: 14.8979   (Y': 15.1238   Cb: 14.9093   Cr: 14.0869 )
00000509: 14.8935   (Y': 15.1419   Cb: 14.8471   Cr: 14.0598 )
00000510: 14.909    (Y': 15.1367   Cb: 14.8982   Cr: 14.1108 )
00000511: 14.8847   (Y': 15.1022   Cb: 14.9124   Cr: 14.0867 )
00000512: 14.9101   (Y': 15.1523   Cb: 14.9137   Cr: 14.0543 )
00000513: 14.8945   (Y': 15.1242   Cb: 14.8733   Cr: 14.0984 )
00000515: 14.8847   (Y': 15.0998   Cb: 14.8598   Cr: 14.1382 )
00000514: 14.8843   (Y': 15.1218   Cb: 14.8491   Cr: 14.0754 )
00000516: 14.9031   (Y': 15.1195   Cb: 14.9303   Cr: 14.1089 )
00000517: 14.9052   (Y': 15.1429   Cb: 14.872    Cr: 14.0939 )
00000518: 14.8978   (Y': 15.123    Cb: 14.9113   Cr: 14.0872 )
00000519: 14.8999   (Y': 15.1088   Cb: 14.8925   Cr: 14.1588 )
00000520: 14.882    (Y': 15.0964   Cb: 14.8452   Cr: 14.148  )
00000521: 14.919    (Y': 15.148    Cb: 14.8948   Cr: 14.1276 )
00000522: 14.9001   (Y': 15.1315   Cb: 14.8535   Cr: 14.1202 )
00000523: 14.9185   (Y': 15.1288   Cb: 14.9233   Cr: 14.1623 )
00000524: 14.8953   (Y': 15.1272   Cb: 14.8558   Cr: 14.1074 )
00000525: 14.8849   (Y': 15.0988   Cb: 14.8531   Cr: 14.1483 )
00000526: 14.8818   (Y': 15.0991   Cb: 14.9457   Cr: 14.0549 )
00000527: 14.904    (Y': 15.1267   Cb: 14.8738   Cr: 14.1379 )
00000528: 14.9026   (Y': 15.1282   Cb: 14.8597   Cr: 14.1376 )
00000529: 14.977    (Y': 15.2396   Cb: 14.8998   Cr: 14.1251 )
00000530: 15.18     (Y': 15.5092   Cb: 15.0155   Cr: 14.1991 )
00000531: 15.1969   (Y': 15.5069   Cb: 15.0479   Cr: 14.2602 )
00000532: 15.1246   (Y': 15.4639   Cb: 14.9012   Cr: 14.163  )
00000533: 15.1022   (Y': 15.4414   Cb: 14.893    Cr: 14.129  )
00000535: 15.2739   (Y': 15.6515   Cb: 15.0186   Cr: 14.2271 )
00000534: 15.1723   (Y': 15.5626   Cb: 14.8663   Cr: 14.1312 )
00000536: 15.2746   (Y': 15.7143   Cb: 15.0147   Cr: 14.0574 )
00000537: 15.3001   (Y': 15.729    Cb: 14.9333   Cr: 14.2009 )
00000538: 15.2547   (Y': 15.6881   Cb: 14.9227   Cr: 14.1139 )
00000539: 15.1059   (Y': 15.5001   Cb: 14.8316   Cr: 14.0274 )
00000540: 15.2059   (Y': 15.6431   Cb: 14.9167   Cr: 14.0193 )
00000541: 15.1475   (Y': 15.5661   Cb: 14.8538   Cr: 14.016  )
00000542: 15.116    (Y': 15.5079   Cb: 14.8782   Cr: 14.0141 )
00000543: 15.2073   (Y': 15.6374   Cb: 14.8302   Cr: 14.1135 )
00000544: 15.2779   (Y': 15.708    Cb: 14.9617   Cr: 14.1329 )
00000545: 15.3081   (Y': 15.7283   Cb: 15.0003   Cr: 14.1837 )
00000546: 15.2565   (Y': 15.6271   Cb: 14.9968   Cr: 14.2335 )
00000547: 15.2761   (Y': 15.6548   Cb: 14.991    Cr: 14.2513 )
00000548: 15.0953   (Y': 15.4327   Cb: 14.9011   Cr: 14.1149 )
00000549: 15.0622   (Y': 15.3951   Cb: 14.9453   Cr: 14.0316 )
00000550: 15.1064   (Y': 15.4412   Cb: 14.9096   Cr: 14.1356 )
00000551: 15.0946   (Y': 15.4218   Cb: 14.8827   Cr: 14.1595 )
00000552: 15.1305   (Y': 15.4768   Cb: 14.9156   Cr: 14.1409 )
00000553: 15.139    (Y': 15.4747   Cb: 14.9199   Cr: 14.1848 )
00000554: 15.0102   (Y': 15.3132   Cb: 14.8584   Cr: 14.0971 )
00000556: 14.9318   (Y': 15.1921   Cb: 14.8171   Cr: 14.1184 )
00000555: 14.8816   (Y': 15.1068   Cb: 14.8435   Cr: 14.1139 )
00000557: 14.9924   (Y': 15.2923   Cb: 14.8027   Cr: 14.121  )
00000558: 14.9967   (Y': 15.2992   Cb: 14.7947   Cr: 14.1277 )
00000559: 15.0503   (Y': 15.3438   Cb: 14.9139   Cr: 14.1533 )
00000560: 15.0308   (Y': 15.3165   Cb: 14.924    Cr: 14.1322 )
00000561: 14.9601   (Y': 15.2125   Cb: 14.8574   Cr: 14.1614 )
00000562: 14.9394   (Y': 15.1824   Cb: 14.8766   Cr: 14.1362 )
00000563: 14.8687   (Y': 15.0933   Cb: 14.8888   Cr: 14.0545 )
00000564: 14.8526   (Y': 15.0178   Cb: 14.9574   Cr: 14.1591 )
00000565: 14.8434   (Y': 15.0658   Cb: 14.8473   Cr: 14.0498 )
00000566: 14.8256   (Y': 15.0116   Cb: 14.8898   Cr: 14.0984 )
00000567: 14.8346   (Y': 15.0251   Cb: 14.9178   Cr: 14.077  )
00000568: 14.8739   (Y': 15.0949   Cb: 14.8625   Cr: 14.097  )
00000569: 14.834    (Y': 15.0365   Cb: 14.8739   Cr: 14.0736 )
00000570: 14.8867   (Y': 15.1236   Cb: 14.8525   Cr: 14.0787 )
00000571: 14.9176   (Y': 15.1582   Cb: 14.8813   Cr: 14.1003 )
00000572: 14.8742   (Y': 15.1084   Cb: 14.8693   Cr: 14.0505 )
00000573: 14.868    (Y': 15.0786   Cb: 14.8813   Cr: 14.1035 )
00000574: 14.847    (Y': 15.055    Cb: 14.8526   Cr: 14.0974 )
00000575: 14.8272   (Y': 15.0275   Cb: 14.8569   Cr: 14.082  )
00000576: 14.8549   (Y': 15.072    Cb: 14.891    Cr: 14.0513 )
00000577: 14.8232   (Y': 15.0358   Cb: 14.8087   Cr: 14.0757 )
00000578: 14.874    (Y': 15.1007   Cb: 14.8274   Cr: 14.109  )
00000579: 14.8824   (Y': 15.1206   Cb: 14.8306   Cr: 14.0852 )
00000580: 14.8723   (Y': 15.085    Cb: 14.9056   Cr: 14.0849 )
00000581: 14.8804   (Y': 15.0899   Cb: 14.8673   Cr: 14.142  )
00000582: 14.8485   (Y': 15.0691   Cb: 14.8169   Cr: 14.0901 )
00000583: 14.8325   (Y': 15.0325   Cb: 14.8994   Cr: 14.0574 )
00000584: 14.8479   (Y': 15.0702   Cb: 14.908    Cr: 14.008  )
00000585: 14.8588   (Y': 15.0849   Cb: 14.878    Cr: 14.0406 )
00000586: 14.8569   (Y': 15.0621   Cb: 14.8809   Cr: 14.1008 )
00000587: 14.868    (Y': 15.0758   Cb: 14.9231   Cr: 14.0782 )
00000588: 14.8574   (Y': 15.071    Cb: 14.8436   Cr: 14.1061 )
00000589: 14.8515   (Y': 15.0644   Cb: 14.8553   Cr: 14.0877 )
00000591: 14.8293   (Y': 15.0533   Cb: 14.8143   Cr: 14.046  )
00000590: 14.8723   (Y': 15.1009   Cb: 14.8921   Cr: 14.0454 )
00000592: 14.8294   (Y': 15.0316   Cb: 14.857    Cr: 14.0803 )
00000593: 14.8506   (Y': 15.0521   Cb: 14.9087   Cr: 14.0783 )
00000594: 14.8324   (Y': 15.056    Cb: 14.8283   Cr: 14.0411 )
00000595: 14.8411   (Y': 15.0625   Cb: 14.815    Cr: 14.0757 )
00000596: 14.8368   (Y': 15.0606   Cb: 14.823    Cr: 14.0529 )
00000597: 14.86     (Y': 15.0825   Cb: 14.8372   Cr: 14.0881 )
00000598: 14.8415   (Y': 15.0659   Cb: 14.8279   Cr: 14.0557 )
00000599: 14.8375   (Y': 15.0411   Cb: 14.8658   Cr: 14.0835 )
00000600: 14.8553   (Y': 15.0715   Cb: 14.8724   Cr: 14.0702 )
00000601: 14.8391   (Y': 15.0567   Cb: 14.8437   Cr: 14.0595 )
00000602: 14.8453   (Y': 15.0632   Cb: 14.8587   Cr: 14.0576 )
00000603: 14.8498   (Y': 15.0615   Cb: 14.8431   Cr: 14.0988 )
00000604: 14.8532   (Y': 15.0582   Cb: 14.8476   Cr: 14.1227 )
00000605: 14.848    (Y': 15.0479   Cb: 14.8901   Cr: 14.0943 )
00000607: 14.8621   (Y': 15.1025   Cb: 14.8222   Cr: 14.0482 )
00000606: 14.8587   (Y': 15.0657   Cb: 14.8856   Cr: 14.0944 )
00000608: 14.8624   (Y': 15.0656   Cb: 14.933    Cr: 14.0745 )
00000609: 14.863    (Y': 15.0772   Cb: 14.8943   Cr: 14.0721 )
00000610: 14.8027   (Y': 15.0153   Cb: 14.8261   Cr: 14.0239 )
00000611: 14.8671   (Y': 15.0599   Cb: 14.9412   Cr: 14.1092 )
00000612: 14.8843   (Y': 15.0897   Cb: 14.8607   Cr: 14.1678 )
00000613: 14.8513   (Y': 15.0569   Cb: 14.8391   Cr: 14.125  )
00000614: 14.8389   (Y': 15.0435   Cb: 14.8522   Cr: 14.094  )
00000615: 14.8463   (Y': 15.0692   Cb: 14.7997   Cr: 14.0936 )
00000616: 14.8419   (Y': 15.0574   Cb: 14.8625   Cr: 14.0558 )
00000617: 14.841    (Y': 15.0604   Cb: 14.8474   Cr: 14.0543 )
00000618: 14.82     (Y': 15.0439   Cb: 14.8097   Cr: 14.0332 )
00000619: 14.8061   (Y': 15.0081   Cb: 14.8597   Cr: 14.0358 )
00000620: 14.8333   (Y': 15.0496   Cb: 14.8533   Cr: 14.0454 )
00000621: 14.8232   (Y': 15.0372   Cb: 14.8514   Cr: 14.0361 )
00000622: 14.8126   (Y': 15.0274   Cb: 14.841    Cr: 14.0225 )
00000623: 14.8316   (Y': 15.0576   Cb: 14.8289   Cr: 14.0318 )
00000624: 14.8408   (Y': 15.074    Cb: 14.8475   Cr: 14.0106 )
00000625: 14.8325   (Y': 15.0324   Cb: 14.8829   Cr: 14.0718 )
00000626: 14.8558   (Y': 15.0687   Cb: 14.8475   Cr: 14.1024 )
00000627: 14.8542   (Y': 15.0536   Cb: 14.8996   Cr: 14.099  )
00000628: 14.8669   (Y': 15.0661   Cb: 14.9016   Cr: 14.121  )
00000629: 14.8512   (Y': 15.0489   Cb: 14.9123   Cr: 14.0887 )
00000630: 14.8618   (Y': 15.0609   Cb: 14.9187   Cr: 14.0979 )
00000631: 14.843    (Y': 15.0645   Cb: 14.7938   Cr: 14.0967 )
00000632: 14.846    (Y': 15.0474   Cb: 14.8819   Cr: 14.0925 )
00000633: 14.8491   (Y': 15.0687   Cb: 14.8266   Cr: 14.0863 )
00000634: 14.8548   (Y': 15.062    Cb: 14.8947   Cr: 14.079  )
00000635: 14.8382   (Y': 15.0354   Cb: 14.8631   Cr: 14.1072 )
00000636: 14.8464   (Y': 15.0759   Cb: 14.8272   Cr: 14.0494 )
00000637: 14.8485   (Y': 15.0326   Cb: 14.8919   Cr: 14.1445 )
00000638: 14.8604   (Y': 15.0761   Cb: 14.8481   Cr: 14.1015 )
00000639: 14.8179   (Y': 15.0121   Cb: 14.8461   Cr: 14.0942 )
00000640: 14.8511   (Y': 15.0596   Cb: 14.8558   Cr: 14.101  )
00000641: 14.8547   (Y': 15.0507   Cb: 14.865    Cr: 14.1402 )
00000642: 14.8515   (Y': 15.0656   Cb: 14.8284   Cr: 14.1069 )
00000643: 14.8928   (Y': 15.1024   Cb: 14.9142   Cr: 14.1254 )
00000644: 14.9014   (Y': 15.0927   Cb: 14.949    Cr: 14.1706 )
00000645: 14.8578   (Y': 15.0679   Cb: 14.8682   Cr: 14.0977 )
00000646: 14.9152   (Y': 15.1389   Cb: 14.9111   Cr: 14.1237 )
00000647: 14.9933   (Y': 15.2664   Cb: 14.8993   Cr: 14.1226 )
00000648: 15.1499   (Y': 15.4415   Cb: 15.0323   Cr: 14.2426 )
00000649: 15.2934   (Y': 15.6398   Cb: 15.0668   Cr: 14.3137 )
00000650: 15.3567   (Y': 15.7329   Cb: 15.0948   Cr: 14.3196 )
00000651: 15.3496   (Y': 15.7456   Cb: 15.0842   Cr: 14.2587 )
00000652: 15.3469   (Y': 15.7812   Cb: 15.0237   Cr: 14.1962 )
00000653: 15.4367   (Y': 15.8664   Cb: 15.1289   Cr: 14.2859 )
00000654: 15.5123   (Y': 15.9651   Cb: 15.1145   Cr: 14.3724 )
00000656: 15.3899   (Y': 15.8467   Cb: 15.0936   Cr: 14.1556 )
00000655: 15.3891   (Y': 15.8406   Cb: 15.006    Cr: 14.2406 )
00000657: 15.1238   (Y': 15.6523   Cb: 14.7411   Cr: 13.7686 )
00000658: 15.1214   (Y': 15.6837   Cb: 14.7297   Cr: 13.6868 )
00000659: 15.0415   (Y': 15.5669   Cb: 14.6783   Cr: 13.6791 )
00000660: 14.9545   (Y': 15.4763   Cb: 14.5472   Cr: 13.6365 )
00000661: 14.7857   (Y': 15.2534   Cb: 14.505    Cr: 13.5093 )
00000662: 14.7374   (Y': 15.1844   Cb: 14.5412   Cr: 13.45   )
00000663: 14.751    (Y': 15.202    Cb: 14.5495   Cr: 13.4572 )
00000664: 14.6579   (Y': 15.108    Cb: 14.4409   Cr: 13.3787 )
00000665: 14.6118   (Y': 15.0536   Cb: 14.4062   Cr: 13.346  )
00000666: 14.588    (Y': 15.0038   Cb: 14.4029   Cr: 13.3767 )
00000667: 14.6474   (Y': 15.0914   Cb: 14.3712   Cr: 13.4316 )
00000668: 14.6375   (Y': 15.0627   Cb: 14.4745   Cr: 13.3833 )
00000669: 14.6524   (Y': 15.1051   Cb: 14.4433   Cr: 13.36   )
00000670: 14.6677   (Y': 15.1038   Cb: 14.4369   Cr: 13.4372 )
00000672: 14.7065   (Y': 15.1875   Cb: 14.4101   Cr: 13.4075 )
00000671: 14.7221   (Y': 15.1852   Cb: 14.4317   Cr: 13.4658 )
00000673: 14.6826   (Y': 15.1307   Cb: 14.44     Cr: 13.4285 )
00000674: 14.7248   (Y': 15.1549   Cb: 14.5374   Cr: 13.4766 )
00000675: 14.6445   (Y': 15.0701   Cb: 14.4884   Cr: 13.3838 )
00000676: 14.6626   (Y': 15.0827   Cb: 14.4664   Cr: 13.4484 )
00000677: 14.6274   (Y': 15.0504   Cb: 14.4497   Cr: 13.3907 )
00000678: 14.644    (Y': 15.0661   Cb: 14.4871   Cr: 13.3934 )
00000679: 14.5889   (Y': 14.9915   Cb: 14.4708   Cr: 13.3616 )
00000680: 14.6317   (Y': 15.0518   Cb: 14.4859   Cr: 13.3782 )
00000681: 14.5802   (Y': 15.0021   Cb: 14.4414   Cr: 13.3164 )
00000682: 14.5843   (Y': 14.9972   Cb: 14.4159   Cr: 13.3677 )
00000683: 14.6338   (Y': 15.0546   Cb: 14.4846   Cr: 13.3809 )
00000684: 14.6245   (Y': 15.0585   Cb: 14.4405   Cr: 13.3627 )
00000685: 14.6098   (Y': 15.0296   Cb: 14.4625   Cr: 13.3582 )
00000686: 14.6081   (Y': 15.0447   Cb: 14.4014   Cr: 13.3572 )
00000687: 14.6121   (Y': 15.052    Cb: 14.3938   Cr: 13.3613 )
00000688: 14.6156   (Y': 15.0445   Cb: 14.4165   Cr: 13.3796 )
00000689: 14.6342   (Y': 15.055    Cb: 14.4507   Cr: 13.4081 )
00000690: 14.6471   (Y': 15.0822   Cb: 14.4726   Cr: 13.3752 )
00000691: 14.6297   (Y': 15.0666   Cb: 14.4088   Cr: 13.3891 )
00000692: 14.5969   (Y': 15.0303   Cb: 14.3729   Cr: 13.3684 )
00000693: 14.6116   (Y': 15.0222   Cb: 14.4437   Cr: 13.4011 )
00000694: 14.628    (Y': 15.0579   Cb: 14.4305   Cr: 13.3881 )
00000695: 14.6494   (Y': 15.0759   Cb: 14.4821   Cr: 13.3949 )
00000696: 14.644    (Y': 15.0853   Cb: 14.4587   Cr: 13.3636 )
00000697: 14.6472   (Y': 15.0862   Cb: 14.4401   Cr: 13.3904 )
00000698: 14.6199   (Y': 15.058    Cb: 14.4886   Cr: 13.3067 )
00000699: 14.6294   (Y': 15.0774   Cb: 14.4307   Cr: 13.3412 )
00000700: 14.6277   (Y': 15.0661   Cb: 14.4464   Cr: 13.3521 )
00000701: 14.6606   (Y': 15.1104   Cb: 14.4501   Cr: 13.3772 )
00000702: 14.7025   (Y': 15.1584   Cb: 14.5043   Cr: 13.393  )
00000703: 14.6526   (Y': 15.0954   Cb: 14.4575   Cr: 13.3759 )
00000704: 14.6414   (Y': 15.087    Cb: 14.4437   Cr: 13.3589 )
00000705: 14.6312   (Y': 15.0913   Cb: 14.448    Cr: 13.299  )
00000706: 14.6632   (Y': 15.0911   Cb: 14.4574   Cr: 13.4353 )
00000708: 14.6595   (Y': 15.0841   Cb: 14.4658   Cr: 13.4311 )
00000707: 14.6849   (Y': 15.0971   Cb: 14.5054   Cr: 13.4793 )
00000709: 14.6545   (Y': 15.0891   Cb: 14.4731   Cr: 13.389  )
00000710: 14.6414   (Y': 15.0868   Cb: 14.4114   Cr: 13.3851 )
00000711: 14.6495   (Y': 15.0754   Cb: 14.5082   Cr: 13.3767 )
00000712: 14.7101   (Y': 15.1829   Cb: 14.4731   Cr: 13.3858 )
00000713: 14.7833   (Y': 15.2365   Cb: 14.5522   Cr: 13.5069 )
00000714: 14.8915   (Y': 15.3741   Cb: 14.57     Cr: 13.6079 )
00000715: 14.9404   (Y': 15.3997   Cb: 14.6771   Cr: 13.6729 )
00000716: 14.8446   (Y': 15.2776   Cb: 14.6189   Cr: 13.6185 )
00000717: 14.8133   (Y': 15.2144   Cb: 14.5954   Cr: 13.6692 )
00000718: 14.8916   (Y': 15.3098   Cb: 14.6541   Cr: 13.7155 )
00000719: 15.0475   (Y': 15.3915   Cb: 14.9474   Cr: 13.971  )
00000720: 15.2246   (Y': 15.5661   Cb: 15.091    Cr: 14.1823 )
00000721: 15.2738   (Y': 15.6379   Cb: 15.0891   Cr: 14.2079 )
00000722: 15.2864   (Y': 15.653    Cb: 15.0887   Cr: 14.2239 )
00000723: 15.2543   (Y': 15.604    Cb: 15.1073   Cr: 14.1991 )
00000724: 15.1766   (Y': 15.5042   Cb: 15.0472   Cr: 14.1716 )
00000725: 15.1877   (Y': 15.5598   Cb: 14.9584   Cr: 14.1351 )
00000726: 15.2078   (Y': 15.5721   Cb: 15.0074   Cr: 14.1539 )
00000727: 15.2163   (Y': 15.591    Cb: 15.0165   Cr: 14.1323 )
00000728: 15.1088   (Y': 15.4518   Cb: 14.9601   Cr: 14.0744 )
00000729: 15.0572   (Y': 15.3866   Cb: 14.8807   Cr: 14.0856 )
00000730: 14.8591   (Y': 15.1988   Cb: 14.749    Cr: 13.8031 )
00000731: 14.8658   (Y': 15.1581   Cb: 14.8219   Cr: 13.8961 )
00000732: 14.9633   (Y': 15.2823   Cb: 14.828    Cr: 13.9884 )
00000733: 14.9662   (Y': 15.2612   Cb: 14.919    Cr: 13.9909 )
00000734: 14.9824   (Y': 15.2569   Cb: 14.9003   Cr: 14.098  )
00000735: 14.9354   (Y': 15.2072   Cb: 14.8815   Cr: 14.0357 )
00000736: 14.9259   (Y': 15.188    Cb: 14.8794   Cr: 14.0498 )
00000737: 14.9258   (Y': 15.2055   Cb: 14.8134   Cr: 14.0505 )
00000738: 14.8639   (Y': 15.1809   Cb: 14.7033   Cr: 13.9159 )
00000739: 14.9836   (Y': 15.2717   Cb: 14.9166   Cr: 14.045  )
00000740: 15.0546   (Y': 15.391    Cb: 14.9428   Cr: 14.0093 )
00000741: 15.0097   (Y': 15.3015   Cb: 14.9286   Cr: 14.0714 )
00000742: 14.9797   (Y': 15.2904   Cb: 14.9242   Cr: 13.9647 )
00000743: 16.393    (Y': 16.8786   Cb: 15.9206   Cr: 15.2261 )
00000744: 16.6338   (Y': 17.1495   Cb: 16.1465   Cr: 15.3981 )
00000745: 16.5908   (Y': 17.0871   Cb: 16.1617   Cr: 15.3584 )
00000746: 15.8135   (Y': 16.1527   Cb: 15.6884   Cr: 14.771  )
00000747: 15.5288   (Y': 15.8421   Cb: 15.4208   Cr: 14.5485 )
00000748: 15.4866   (Y': 15.8225   Cb: 15.36     Cr: 14.4548 )
00000749: 15.327    (Y': 15.6552   Cb: 15.2293   Cr: 14.2947 )
00000750: 15.1128   (Y': 15.4492   Cb: 14.9394   Cr: 14.1179 )
00000751: 15.0865   (Y': 15.4093   Cb: 14.8699   Cr: 14.1685 )
00000752: 15.052    (Y': 15.3603   Cb: 14.9203   Cr: 14.1059 )
00000753: 14.9919   (Y': 15.3257   Cb: 14.79     Cr: 14.0288 )
00000754: 15.0309   (Y': 15.337    Cb: 14.8441   Cr: 14.1378 )
00000755: 14.9479   (Y': 15.2614   Cb: 14.7448   Cr: 14.0463 )
00000756: 14.9369   (Y': 15.2659   Cb: 14.737    Cr: 13.9861 )
00000757: 14.8788   (Y': 15.1953   Cb: 14.6865   Cr: 13.9592 )
00000758: 14.8592   (Y': 15.1843   Cb: 14.6557   Cr: 13.9231 )
00000759: 14.7628   (Y': 15.0501   Cb: 14.587    Cr: 13.918  )
00000760: 14.6814   (Y': 14.9156   Cb: 14.6267   Cr: 13.899  )
00000761: 14.654    (Y': 14.9005   Cb: 14.5338   Cr: 13.8887 )
00000762: 14.5904   (Y': 14.8076   Cb: 14.5532   Cr: 13.8476 )
00000763: 14.353    (Y': 14.4974   Cb: 14.465    Cr: 13.7226 )
00000764: 14.2827   (Y': 14.3781   Cb: 14.5076   Cr: 13.7235 )
00000765: 14.2432   (Y': 14.3219   Cb: 14.4453   Cr: 13.7618 )
00000766: 14.2697   (Y': 14.3443   Cb: 14.4854   Cr: 13.791  )
00000768: 14.3622   (Y': 14.4962   Cb: 14.4199   Cr: 13.8135 )
00000767: 14.3445   (Y': 14.4367   Cb: 14.5261   Cr: 13.8329 )
00000769: 14.4626   (Y': 14.6023   Cb: 14.5306   Cr: 13.8851 )
00000770: 14.4091   (Y': 14.5347   Cb: 14.4907   Cr: 13.8683 )
00000771: 14.3119   (Y': 14.3995   Cb: 14.5064   Cr: 13.8057 )
00000772: 14.3137   (Y': 14.3976   Cb: 14.5284   Cr: 13.8031 )
00000773: 14.298    (Y': 14.3821   Cb: 14.4786   Cr: 13.8157 )
00000774: 14.3637   (Y': 14.4714   Cb: 14.5088   Cr: 13.8295 )
00000776: 14.309    (Y': 14.4346   Cb: 14.4252   Cr: 13.7381 )
00000775: 14.368    (Y': 14.4602   Cb: 14.5538   Cr: 13.8527 )
00000777: 14.3413   (Y': 14.4406   Cb: 14.5391   Cr: 13.7915 )
00000778: 14.3598   (Y': 14.4514   Cb: 14.5503   Cr: 13.8429 )
00000779: 14.3607   (Y': 14.4721   Cb: 14.5156   Cr: 13.8058 )
00000780: 14.3399   (Y': 14.4453   Cb: 14.4664   Cr: 13.8299 )
00000781: 14.3371   (Y': 14.435    Cb: 14.4983   Cr: 13.8232 )
00000782: 14.3297   (Y': 14.4255   Cb: 14.5274   Cr: 13.7922 )
00000783: 14.3417   (Y': 14.4567   Cb: 14.5029   Cr: 13.7688 )
00000784: 14.3709   (Y': 14.5033   Cb: 14.5607   Cr: 13.7153 )
00000785: 14.3702   (Y': 14.4945   Cb: 14.4946   Cr: 13.797  )
00000786: 14.3891   (Y': 14.4994   Cb: 14.5549   Cr: 13.8284 )
00000788: 14.6706   (Y': 14.9081   Cb: 14.5903   Cr: 13.8996 )
00000787: 14.6249   (Y': 14.8299   Cb: 14.5729   Cr: 13.934  )
00000789: 14.7199   (Y': 14.9798   Cb: 14.5954   Cr: 13.9165 )
00000790: 14.7547   (Y': 15.0229   Cb: 14.6124   Cr: 13.9401 )
00000791: 14.7041   (Y': 14.9375   Cb: 14.6445   Cr: 13.9288 )
00000792: 14.6771   (Y': 14.9147   Cb: 14.6236   Cr: 13.8834 )
00000793: 14.6374   (Y': 14.815    Cb: 14.671    Cr: 13.963  )
00000794: 14.563    (Y': 14.7232   Cb: 14.6493   Cr: 13.9015 )
00000795: 14.8308   (Y': 15.1048   Cb: 14.7451   Cr: 13.9508 )
00000796: 15.0184   (Y': 15.3294   Cb: 14.8206   Cr: 14.1197 )
00000798: 15.0832   (Y': 15.4303   Cb: 14.8559   Cr: 14.1017 )
00000797: 15.1033   (Y': 15.4501   Cb: 14.841    Cr: 14.1525 )
00000799: 14.9951   (Y': 15.3476   Cb: 14.7842   Cr: 13.9841 )
00000800: 15.068    (Y': 15.4427   Cb: 14.8171   Cr: 14.0259 )
00000801: 14.9418   (Y': 15.2383   Cb: 14.7877   Cr: 14.0501 )
00000802: 14.7861   (Y': 15.0327   Cb: 14.7488   Cr: 13.9502 )
00000803: 14.7187   (Y': 14.9077   Cb: 14.7397   Cr: 14.0176 )
00000804: 14.7736   (Y': 15.0085   Cb: 14.6682   Cr: 14.0324 )
00000805: 14.8688   (Y': 15.1369   Cb: 14.6987   Cr: 14.0787 )
00000806: 14.8661   (Y': 15.1313   Cb: 14.7501   Cr: 14.0386 )
00000807: 14.8518   (Y': 15.1187   Cb: 14.716    Cr: 14.0361 )
00000808: 14.7746   (Y': 15.0145   Cb: 14.6657   Cr: 14.0205 )
00000809: 14.7636   (Y': 15.0325   Cb: 14.6687   Cr: 13.9071 )
00000810: 14.6991   (Y': 14.9365   Cb: 14.6046   Cr: 13.9407 )
00000811: 14.6509   (Y': 14.8456   Cb: 14.6536   Cr: 13.9472 )
00000812: 14.632    (Y': 14.8163   Cb: 14.6459   Cr: 13.9522 )
00000813: 14.5281   (Y': 14.6618   Cb: 14.6675   Cr: 13.9103 )
00000814: 14.4041   (Y': 14.5103   Cb: 14.558    Cr: 13.8677 )
00000815: 14.4392   (Y': 14.5391   Cb: 14.6325   Cr: 13.8912 )
00000816: 14.5217   (Y': 14.6572   Cb: 14.644    Cr: 13.9124 )
00000817: 14.418    (Y': 14.5181   Cb: 14.6259   Cr: 13.8567 )
00000818: 14.386    (Y': 14.4552   Cb: 14.6157   Cr: 13.9144 )
00000819: 14.3875   (Y': 14.4836   Cb: 14.5772   Cr: 13.8556 )
00000820: 14.3841   (Y': 14.4747   Cb: 14.6029   Cr: 13.8469 )
00000821: 14.3613   (Y': 14.4368   Cb: 14.5742   Cr: 13.8817 )
00000822: 14.3575   (Y': 14.4475   Cb: 14.5292   Cr: 13.8622 )
00000824: 14.3389   (Y': 14.4288   Cb: 14.5579   Cr: 13.8039 )
00000823: 14.3623   (Y': 14.4682   Cb: 14.5709   Cr: 13.7811 )
00000825: 14.335    (Y': 14.4206   Cb: 14.5476   Cr: 13.8201 )
00000826: 14.3695   (Y': 14.4531   Cb: 14.6269   Cr: 13.824  )
00000827: 14.433    (Y': 14.5317   Cb: 14.6291   Cr: 13.8869 )
00000828: 14.4369   (Y': 14.5434   Cb: 14.5959   Cr: 13.895  )
00000829: 14.3911   (Y': 14.4744   Cb: 14.5795   Cr: 13.9052 )
00000830: 14.3928   (Y': 14.4834   Cb: 14.6022   Cr: 13.8635 )
00000832: 14.5924   (Y': 14.7947   Cb: 14.5794   Cr: 13.8771 )
00000831: 14.4183   (Y': 14.5271   Cb: 14.6041   Cr: 13.8461 )
00000833: 14.6751   (Y': 14.881    Cb: 14.6579   Cr: 13.9517 )
00000834: 14.6527   (Y': 14.8602   Cb: 14.6124   Cr: 13.9439 )
00000835: 14.5011   (Y': 14.6376   Cb: 14.6232   Cr: 13.8887 )
00000836: 14.4154   (Y': 14.5228   Cb: 14.5444   Cr: 13.8964 )
00000837: 14.4819   (Y': 14.6056   Cb: 14.5902   Cr: 13.9246 )
00000838: 14.6001   (Y': 14.795    Cb: 14.6114   Cr: 13.888  )
00000839: 14.5753   (Y': 14.747    Cb: 14.64     Cr: 13.894  )
00000840: 14.6129   (Y': 14.7941   Cb: 14.5926   Cr: 13.9727 )
00000841: 14.603    (Y': 14.7954   Cb: 14.6126   Cr: 13.9006 )
00000842: 14.832    (Y': 15.1092   Cb: 14.7228   Cr: 13.9618 )
00000843: 14.8287   (Y': 15.1281   Cb: 14.6384   Cr: 13.9593 )
00000844: 14.6008   (Y': 14.794    Cb: 14.6492   Cr: 13.8635 )
00000845: 14.6418   (Y': 14.8503   Cb: 14.6211   Cr: 13.9131 )
00000846: 14.7094   (Y': 14.9496   Cb: 14.635    Cr: 13.925  )
00000847: 14.5736   (Y': 14.7543   Cb: 14.5792   Cr: 13.9128 )
00000848: 14.6032   (Y': 14.7909   Cb: 14.6051   Cr: 13.9227 )
00000849: 14.6156   (Y': 14.815    Cb: 14.6179   Cr: 13.8968 )
00000850: 14.5066   (Y': 14.6717   Cb: 14.5534   Cr: 13.8624 )
00000851: 14.5282   (Y': 14.6835   Cb: 14.5824   Cr: 13.9103 )
00000852: 14.5852   (Y': 14.7597   Cb: 14.6191   Cr: 13.9209 )
00000853: 14.6538   (Y': 14.8557   Cb: 14.5959   Cr: 13.9783 )
00000854: 14.6399   (Y': 14.8275   Cb: 14.6363   Cr: 13.9643 )
00000855: 14.6824   (Y': 14.9147   Cb: 14.6284   Cr: 13.9056 )
00000856: 14.5601   (Y': 14.7358   Cb: 14.5849   Cr: 13.8997 )
00000857: 14.5205   (Y': 14.6973   Cb: 14.5322   Cr: 13.8675 )
00000858: 14.4869   (Y': 14.6537   Cb: 14.5192   Cr: 13.8494 )
00000859: 14.4363   (Y': 14.5585   Cb: 14.5769   Cr: 13.8565 )
00000860: 14.4258   (Y': 14.5206   Cb: 14.617    Cr: 13.8971 )
00000861: 14.4864   (Y': 14.6155   Cb: 14.5969   Cr: 13.9086 )
00000862: 14.4563   (Y': 14.5818   Cb: 14.5962   Cr: 13.8661 )
00000863: 14.4196   (Y': 14.5428   Cb: 14.5659   Cr: 13.8313 )
00000864: 14.5238   (Y': 14.7173   Cb: 14.5144   Cr: 13.8339 )
00000865: 14.5029   (Y': 14.6565   Cb: 14.5949   Cr: 13.8586 )
00000866: 14.4536   (Y': 14.588    Cb: 14.6025   Cr: 13.8256 )
00000867: 14.4499   (Y': 14.5917   Cb: 14.5574   Cr: 13.8318 )
00000868: 14.5948   (Y': 14.7967   Cb: 14.5449   Cr: 13.9128 )
00000869: 14.7468   (Y': 14.9638   Cb: 14.6689   Cr: 14.0396 )
00000870: 14.8786   (Y': 15.1759   Cb: 14.6813   Cr: 14.0214 )
00000871: 14.8853   (Y': 15.1649   Cb: 14.7058   Cr: 14.0676 )
00000872: 14.7489   (Y': 15.022    Cb: 14.5722   Cr: 13.949  )
00000873: 14.7556   (Y': 15.0155   Cb: 14.6242   Cr: 13.9577 )
00000874: 14.8749   (Y': 15.1496   Cb: 14.7073   Cr: 14.0617 )
00000875: 14.8596   (Y': 15.1513   Cb: 14.662    Cr: 14.0199 )
00000876: 14.8935   (Y': 15.184    Cb: 14.6647   Cr: 14.0849 )
00000877: 14.8835   (Y': 15.1851   Cb: 14.6509   Cr: 14.0438 )
00000878: 14.9076   (Y': 15.195    Cb: 14.7335   Cr: 14.061  )
00000880: 14.9396   (Y': 15.2065   Cb: 14.7839   Cr: 14.1406 )
00000879: 14.8976   (Y': 15.1915   Cb: 14.6861   Cr: 14.063  )
00000881: 14.9286   (Y': 15.222    Cb: 14.7261   Cr: 14.0878 )
00000882: 14.9083   (Y': 15.1742   Cb: 14.757    Cr: 14.1092 )
00000883: 14.7837   (Y': 15.0032   Cb: 14.7486   Cr: 14.0314 )
00000884: 14.6467   (Y': 14.8139   Cb: 14.7187   Cr: 13.9744 )
00000885: 14.5199   (Y': 14.65     Cb: 14.6241   Cr: 13.9443 )
00000886: 14.5071   (Y': 14.6334   Cb: 14.6413   Cr: 13.9187 )
00000887: 14.4776   (Y': 14.5526   Cb: 14.7188   Cr: 13.9755 )
00000888: 14.4961   (Y': 14.5873   Cb: 14.664    Cr: 13.9999 )
00000889: 14.5925   (Y': 14.7039   Cb: 14.7217   Cr: 14.0591 )
00000890: 14.5346   (Y': 14.6469   Cb: 14.6554   Cr: 14.0053 )
00000891: 14.48     (Y': 14.5613   Cb: 14.6867   Cr: 13.9851 )
00000892: 14.3895   (Y': 14.472    Cb: 14.5772   Cr: 13.9071 )
00000893: 14.4412   (Y': 14.4863   Cb: 14.7075   Cr: 14.0243 )
00000895: 14.471    (Y': 14.5648   Cb: 14.6679   Cr: 13.9412 )
00000894: 14.4693   (Y': 14.5263   Cb: 14.7588   Cr: 13.9902 )
00000896: 14.554    (Y': 14.6501   Cb: 14.7636   Cr: 14.0056 )
00000897: 14.5537   (Y': 14.6673   Cb: 14.7112   Cr: 13.9888 )
00000898: 14.5104   (Y': 14.6078   Cb: 14.6673   Cr: 14.0022 )
00000899: 14.6801   (Y': 14.7408   Cb: 14.9546   Cr: 14.2006 )
00000901: 14.7737   (Y': 14.8826   Cb: 14.9175   Cr: 14.2365 )
00000900: 14.6111   (Y': 14.7143   Cb: 14.8357   Cr: 14.0256 )
00000902: 15.0848   (Y': 15.2876   Cb: 15.0843   Cr: 14.3571 )
00000903: 15.278    (Y': 15.5674   Cb: 15.1548   Cr: 14.3825 )
00000904: 15.3149   (Y': 15.6248   Cb: 15.1422   Cr: 14.3986 )
00000905: 15.2924   (Y': 15.5936   Cb: 15.1509   Cr: 14.3762 )
00000906: 15.2099   (Y': 15.5155   Cb: 15.0984   Cr: 14.2553 )
00000907: 15.1394   (Y': 15.4448   Cb: 15.073    Cr: 14.1488 )
00000908: 15.1515   (Y': 15.469    Cb: 15.0577   Cr: 14.1476 )
00000909: 15.1812   (Y': 15.4924   Cb: 15.0756   Cr: 14.2056 )
00000910: 15.1958   (Y': 15.5291   Cb: 15.0947   Cr: 14.151  )
00000911: 15.2521   (Y': 15.5821   Cb: 15.1686   Cr: 14.2026 )
00000912: 15.249    (Y': 15.5976   Cb: 15.1376   Cr: 14.1685 )
00000913: 15.2733   (Y': 15.6001   Cb: 15.1732   Cr: 14.2466 )
00000914: 15.3278   (Y': 15.6863   Cb: 15.2353   Cr: 14.2037 )
00000915: 15.407    (Y': 15.801    Cb: 15.2637   Cr: 14.2232 )
00000916: 15.4946   (Y': 15.8869   Cb: 15.3442   Cr: 14.321  )
00000917: 15.5413   (Y': 15.9316   Cb: 15.4613   Cr: 14.3187 )
00000918: 15.5262   (Y': 15.9132   Cb: 15.4272   Cr: 14.3269 )
00000920: 15.4685   (Y': 15.874    Cb: 15.3335   Cr: 14.2462 )
00000919: 15.4982   (Y': 15.9148   Cb: 15.3325   Cr: 14.2695 )
00000921: 15.4068   (Y': 15.8165   Cb: 15.2517   Cr: 14.1886 )
00000922: 15.318    (Y': 15.6887   Cb: 15.1891   Cr: 14.1882 )
00000923: 15.3457   (Y': 15.7375   Cb: 15.2722   Cr: 14.1139 )
00000924: 15.3437   (Y': 15.7443   Cb: 15.2675   Cr: 14.0895 )
00000925: 15.2863   (Y': 15.6516   Cb: 15.2352   Cr: 14.1108 )
00000926: 15.9267   (Y': 16.4002   Cb: 15.7239   Cr: 14.574  )
00000927: 16.7343   (Y': 17.3459   Cb: 16.3224   Cr: 15.1932 )
00000928: 16.9399   (Y': 17.5377   Cb: 16.4633   Cr: 15.4838 )
00000929: 16.1461   (Y': 16.6626   Cb: 15.7929   Cr: 14.7989 )
00000930: 15.7912   (Y': 16.1794   Cb: 15.7622   Cr: 14.5352 )
00000931: 15.6446   (Y': 15.9894   Cb: 15.6677   Cr: 14.4698 )
00000932: 15.5087   (Y': 15.8408   Cb: 15.5592   Cr: 14.349  )
00000933: 15.4854   (Y': 15.8166   Cb: 15.5444   Cr: 14.322  )
00000934: 15.0671   (Y': 15.3447   Cb: 15.1269   Cr: 14.0587 )
00000935: 15.0772   (Y': 15.3779   Cb: 14.9983   Cr: 14.1105 )
00000936: 15.0735   (Y': 15.3576   Cb: 15.0335   Cr: 14.125  )
00000937: 15.0607   (Y': 15.346    Cb: 15.0691   Cr: 14.0698 )
00000938: 15.1484   (Y': 15.4859   Cb: 15.0267   Cr: 14.1082 )
00000939: 15.226    (Y': 15.5836   Cb: 15.0911   Cr: 14.1383 )
00000941: 15.1329   (Y': 15.4584   Cb: 14.9845   Cr: 14.1498 )
00000940: 15.163    (Y': 15.5016   Cb: 15.0191   Cr: 14.1375 )
00000942: 15.1064   (Y': 15.4215   Cb: 14.9511   Cr: 14.16   )
00000943: 15.1202   (Y': 15.4337   Cb: 15.0015   Cr: 14.1479 )
00000944: 15.0649   (Y': 15.3596   Cb: 14.9912   Cr: 14.112  )
00000945: 15.0506   (Y': 15.3469   Cb: 14.9743   Cr: 14.0952 )
00000946: 15.0615   (Y': 15.3448   Cb: 14.9849   Cr: 14.1457 )
00000947: 15.0788   (Y': 15.3872   Cb: 14.9583   Cr: 14.1236 )
00000948: 15.0529   (Y': 15.3663   Cb: 14.9671   Cr: 14.0541 )
00000949: 15.0239   (Y': 15.3144   Cb: 14.9954   Cr: 14.0471 )
00000950: 15.0255   (Y': 15.3182   Cb: 14.9197   Cr: 14.1054 )
00000951: 15.0472   (Y': 15.3134   Cb: 15.0714   Cr: 14.1013 )
00000952: 15.03     (Y': 15.303    Cb: 15.0283   Cr: 14.0843 )
00000953: 15.019    (Y': 15.2997   Cb: 14.9531   Cr: 14.1022 )
00000954: 15.0148   (Y': 15.293    Cb: 14.9263   Cr: 14.1243 )
00000955: 15.0218   (Y': 15.2865   Cb: 14.9863   Cr: 14.1285 )
00000956: 14.9961   (Y': 15.2685   Cb: 15.005    Cr: 14.0435 )
00000957: 15.0019   (Y': 15.2779   Cb: 14.9591   Cr: 14.0802 )
00000958: 14.9979   (Y': 15.2618   Cb: 14.9948   Cr: 14.0807 )
00000959: 15.0066   (Y': 15.267    Cb: 14.9962   Cr: 14.1062 )
00000960: 15.0215   (Y': 15.2714   Cb: 15.0487   Cr: 14.1225 )
00000961: 15.0223   (Y': 15.3137   Cb: 14.9159   Cr: 14.1065 )
00000962: 14.9993   (Y': 15.2766   Cb: 14.9159   Cr: 14.1071 )
00000963: 15.0002   (Y': 15.2783   Cb: 14.9214   Cr: 14.102  )
00000964: 14.9984   (Y': 15.282    Cb: 14.9179   Cr: 14.0847 )
00000965: 15.0136   (Y': 15.2862   Cb: 14.9675   Cr: 14.1051 )
00000966: 14.9948   (Y': 15.2659   Cb: 14.967    Cr: 14.0758 )
00000967: 15.0145   (Y': 15.2947   Cb: 14.945    Cr: 14.1018 )
00000968: 15.0005   (Y': 15.2681   Cb: 14.9314   Cr: 14.1262 )
00000969: 15.0399   (Y': 15.3327   Cb: 14.9329   Cr: 14.1203 )
00000970: 15.0745   (Y': 15.3775   Cb: 14.9631   Cr: 14.1278 )
00000971: 15.0236   (Y': 15.3088   Cb: 14.9108   Cr: 14.1317 )
00000972: 15.0208   (Y': 15.3027   Cb: 14.9407   Cr: 14.1119 )
00000973: 15.0425   (Y': 15.3005   Cb: 14.9884   Cr: 14.1852 )
00000974: 15.0563   (Y': 15.3367   Cb: 15.0261   Cr: 14.1113 )
00000975: 15.0432   (Y': 15.3194   Cb: 14.9727   Cr: 14.1435 )
00000976: 15.0541   (Y': 15.3214   Cb: 14.9978   Cr: 14.1701 )
00000977: 15.0462   (Y': 15.3253   Cb: 14.9587   Cr: 14.1522 )
00000978: 15.0515   (Y': 15.3369   Cb: 14.9635   Cr: 14.1386 )
00000979: 15.0663   (Y': 15.3525   Cb: 14.9884   Cr: 14.1424 )
00000980: 15.0095   (Y': 15.281    Cb: 14.9785   Cr: 14.0918 )
00000981: 15.0332   (Y': 15.3115   Cb: 14.9501   Cr: 14.1379 )
00000982: 15.0087   (Y': 15.285    Cb: 14.9736   Cr: 14.0799 )
00000983: 15.026    (Y': 15.2706   Cb: 15.0369   Cr: 14.157  )
00000984: 15.0312   (Y': 15.3045   Cb: 15.0279   Cr: 14.0858 )
00000985: 15.0576   (Y': 15.3463   Cb: 14.9815   Cr: 14.1249 )
00000986: 15.0234   (Y': 15.311    Cb: 14.959    Cr: 14.0845 )
00000987: 15.0123   (Y': 15.2633   Cb: 14.9716   Cr: 14.166  )
00000988: 14.9955   (Y': 15.274    Cb: 14.8963   Cr: 14.1127 )
00000989: 15.01     (Y': 15.2794   Cb: 14.9631   Cr: 14.1117 )
00000990: 15.0211   (Y': 15.2891   Cb: 14.9404   Cr: 14.1553 )
00000991: 14.9926   (Y': 15.264    Cb: 14.9488   Cr: 14.0861 )
00000992: 15.0133   (Y': 15.2857   Cb: 14.9986   Cr: 14.08   )
00000993: 15.0081   (Y': 15.2676   Cb: 15.0055   Cr: 14.1041 )
00000994: 15.0269   (Y': 15.2994   Cb: 14.9811   Cr: 14.1186 )
00000995: 15.0038   (Y': 15.2646   Cb: 14.9971   Cr: 14.099  )
00000996: 14.9686   (Y': 15.2155   Cb: 14.957    Cr: 14.1109 )
00000997: 14.9921   (Y': 15.2335   Cb: 14.9862   Cr: 14.1468 )
00000998: 14.9854   (Y': 15.2391   Cb: 14.9775   Cr: 14.1038 )
00000999: 14.9345   (Y': 15.1817   Cb: 14.9037   Cr: 14.0917 )
00001000: 14.9341   (Y': 15.1815   Cb: 14.9345   Cr: 14.0649 )
00001001: 14.9271   (Y': 15.1679   Cb: 14.9254   Cr: 14.08   )
00001002: 14.9458   (Y': 15.1941   Cb: 14.8947   Cr: 14.1165 )
00001003: 14.9455   (Y': 15.1889   Cb: 15.0082   Cr: 14.0381 )
00001004: 14.9766   (Y': 15.2061   Cb: 14.9865   Cr: 14.1552 )
00001005: 15.0056   (Y': 15.2573   Cb: 14.9303   Cr: 14.1859 )
00001006: 15.17     (Y': 15.4947   Cb: 15.022    Cr: 14.189  )
00001007: 15.23     (Y': 15.5625   Cb: 15.0682   Cr: 14.237  )
00001008: 15.2215   (Y': 15.5458   Cb: 15.1016   Cr: 14.2183 )
00001009: 15.2602   (Y': 15.6111   Cb: 15.0691   Cr: 14.2376 )
00001010: 15.1703   (Y': 15.4929   Cb: 15.0117   Cr: 14.2042 )
00001011: 15.1891   (Y': 15.4695   Cb: 15.0921   Cr: 14.2989 )
00001012: 15.1401   (Y': 15.4515   Cb: 15.0209   Cr: 14.1748 )
00001013: 15.1324   (Y': 15.4612   Cb: 14.9909   Cr: 14.1336 )
00001014: 15.0786   (Y': 15.4249   Cb: 14.8892   Cr: 14.0681 )
00001015: 15.0507   (Y': 15.3803   Cb: 14.9343   Cr: 14.0293 )
00001016: 15.0236   (Y': 15.3247   Cb: 14.8533   Cr: 14.1316 )
00001017: 14.9339   (Y': 15.1671   Cb: 14.9387   Cr: 14.1054 )
00001018: 15.091    (Y': 15.3646   Cb: 15.0012   Cr: 14.2154 )
00001019: 15.1597   (Y': 15.4423   Cb: 15.0248   Cr: 14.2946 )
00001020: 15.3499   (Y': 15.7068   Cb: 15.1553   Cr: 14.3129 )
00001021: 15.3742   (Y': 15.74     Cb: 15.1198   Cr: 14.3609 )
00001022: 15.3429   (Y': 15.7195   Cb: 15.0551   Cr: 14.3265 )
00001023: 15.2974   (Y': 15.6599   Cb: 15.0688   Cr: 14.2722 )
00001024: 15.3106   (Y': 15.7004   Cb: 14.9739   Cr: 14.2973 )
00001025: 15.2895   (Y': 15.6482   Cb: 15.0213   Cr: 14.3087 )
00001026: 15.235    (Y': 15.5576   Cb: 15.0701   Cr: 14.2742 )
00001027: 15.7429   (Y': 16.0939   Cb: 15.4932   Cr: 14.7688 )
00001028: 16.2545   (Y': 16.6184   Cb: 15.9138   Cr: 15.3208 )
Total: 14.9921   (Y': 15.2755   Cb: 14.8998   Cr: 14.0886 )
