00000000: 31.3234   (Y': 44.3744   Cb: 26.6981   Cr: 26.6981 )
00000001: 15.2315   (Y': 15.8342   Cb: 13.5803   Cr: 14.996  )
00000003: 15.1251   (Y': 15.7673   Cb: 13.4107   Cr: 14.8484 )
00000002: 15.1363   (Y': 15.7504   Cb: 13.4893   Cr: 14.8575 )
00000004: 15.1562   (Y': 15.7999   Cb: 13.4237   Cr: 14.9001 )
00000005: 15.1292   (Y': 15.7531   Cb: 13.4331   Cr: 14.8865 )
00000006: 15.1417   (Y': 15.7689   Cb: 13.4349   Cr: 14.9031 )
00000007: 15.1431   (Y': 15.7699   Cb: 13.4438   Cr: 14.8953 )
00000008: 15.1036   (Y': 15.781    Cb: 13.3591   Cr: 14.7562 )
00000010: 15.068    (Y': 15.7287   Cb: 13.279    Cr: 14.8364 )
00000009: 15.098    (Y': 15.7597   Cb: 13.3377   Cr: 14.8221 )
00000012: 15.0568   (Y': 15.7163   Cb: 13.3106   Cr: 14.7685 )
00000011: 15.0758   (Y': 15.7602   Cb: 13.2782   Cr: 14.78   )
00000014: 15.0679   (Y': 15.6924   Cb: 13.3896   Cr: 14.7983 )
00000013: 15.0563   (Y': 15.7147   Cb: 13.3059   Cr: 14.7773 )
00000015: 15.0595   (Y': 15.6908   Cb: 13.3591   Cr: 14.7984 )
00000016: 15.0778   (Y': 15.6971   Cb: 13.3706   Cr: 14.8662 )
00000018: 15.2222   (Y': 15.9058   Cb: 13.403    Cr: 14.9599 )
00000017: 15.1513   (Y': 15.7836   Cb: 13.4302   Cr: 14.9161 )
00000019: 15.2406   (Y': 15.9348   Cb: 13.4213   Cr: 14.944  )
00000020: 15.2296   (Y': 15.9639   Cb: 13.3928   Cr: 14.832  )
00000021: 15.2744   (Y': 15.9944   Cb: 13.4442   Cr: 14.9124 )
00000022: 15.2398   (Y': 15.9504   Cb: 13.4089   Cr: 14.908  )
00000023: 15.192    (Y': 15.9183   Cb: 13.3623   Cr: 14.8098 )
00000024: 15.194    (Y': 15.9069   Cb: 13.3733   Cr: 14.8409 )
00000025: 15.1812   (Y': 15.8855   Cb: 13.3664   Cr: 14.8464 )
00000026: 15.1362   (Y': 15.8331   Cb: 13.3302   Cr: 14.8124 )
00000027: 15.1114   (Y': 15.8257   Cb: 13.2961   Cr: 14.7462 )
00000029: 15.1182   (Y': 15.8822   Cb: 13.2135   Cr: 14.7253 )
00000030: 15.1803   (Y': 15.9202   Cb: 13.3375   Cr: 14.7739 )
00000031: 15.2521   (Y': 16.0335   Cb: 13.3362   Cr: 14.8216 )
00000028: 15.0644   (Y': 15.8044   Cb: 13.2321   Cr: 14.6437 )
00000032: 15.3366   (Y': 16.0873   Cb: 13.4403   Cr: 14.9723 )
00000033: 15.3477   (Y': 15.9827   Cb: 13.5593   Cr: 15.2    )
00000034: 15.3055   (Y': 15.8622   Cb: 13.5393   Cr: 15.3959 )
00000035: 15.375    (Y': 15.9357   Cb: 13.5773   Cr: 15.4993 )
00000037: 15.3298   (Y': 15.8951   Cb: 13.5539   Cr: 15.4044 )
00000036: 15.3844   (Y': 15.968    Cb: 13.6069   Cr: 15.3966 )
00000038: 15.3845   (Y': 15.9592   Cb: 13.6048   Cr: 15.4316 )
00000039: 15.4406   (Y': 15.9866   Cb: 13.6324   Cr: 15.6355 )
00000040: 15.4269   (Y': 16.0079   Cb: 13.5953   Cr: 15.5315 )
00000041: 15.4384   (Y': 16.0181   Cb: 13.569    Cr: 15.6075 )
00000042: 15.4752   (Y': 16.0917   Cb: 13.5829   Cr: 15.5487 )
00000043: 15.4432   (Y': 16.0303   Cb: 13.5537   Cr: 15.617  )
00000044: 15.4244   (Y': 16.0102   Cb: 13.49     Cr: 15.6765 )
00000045: 15.3952   (Y': 15.9804   Cb: 13.5204   Cr: 15.5525 )
00000046: 15.4035   (Y': 15.9846   Cb: 13.5252   Cr: 15.5816 )
00000047: 15.5039   (Y': 16.1353   Cb: 13.5337   Cr: 15.6487 )
00000048: 15.3987   (Y': 15.9725   Cb: 13.5407   Cr: 15.5707 )
00000049: 15.3743   (Y': 15.9492   Cb: 13.4918   Cr: 15.582  )
00000050: 15.4126   (Y': 16.01     Cb: 13.5251   Cr: 15.5466 )
00000051: 15.5384   (Y': 16.2136   Cb: 13.5592   Cr: 15.5441 )
00000052: 15.5973   (Y': 16.2454   Cb: 13.6262   Cr: 15.6843 )
00000053: 15.5015   (Y': 16.1315   Cb: 13.6035   Cr: 15.5362 )
00000054: 15.4081   (Y': 15.9773   Cb: 13.608    Cr: 15.5059 )
00000055: 15.316    (Y': 15.8722   Cb: 13.5916   Cr: 15.345  )
00000056: 15.4207   (Y': 16.0488   Cb: 13.5736   Cr: 15.3839 )
00000057: 15.3202   (Y': 15.9523   Cb: 13.5165   Cr: 15.2046 )
00000058: 15.2349   (Y': 15.8511   Cb: 13.4739   Cr: 15.1105 )
00000059: 15.2971   (Y': 15.9164   Cb: 13.5332   Cr: 15.1665 )
00000060: 15.3326   (Y': 15.9575   Cb: 13.5314   Cr: 15.2376 )
00000061: 15.2678   (Y': 15.929    Cb: 13.4847   Cr: 15.0265 )
00000062: 15.2844   (Y': 15.9373   Cb: 13.507    Cr: 15.0614 )
00000063: 15.3011   (Y': 15.9135   Cb: 13.5849   Cr: 15.1249 )
00000064: 15.2289   (Y': 15.8577   Cb: 13.455    Cr: 15.0807 )
00000065: 15.2219   (Y': 15.8049   Cb: 13.5038   Cr: 15.148  )
00000067: 15.3056   (Y': 15.8993   Cb: 13.5723   Cr: 15.2172 )
00000066: 15.2285   (Y': 15.794    Cb: 13.5425   Cr: 15.168  )
00000068: 15.4233   (Y': 16.0526   Cb: 13.6297   Cr: 15.3023 )
00000069: 15.3922   (Y': 16.0576   Cb: 13.5537   Cr: 15.2174 )
00000070: 15.3592   (Y': 16.0177   Cb: 13.4854   Cr: 15.2592 )
00000071: 15.3443   (Y': 15.9458   Cb: 13.5745   Cr: 15.2827 )
00000072: 15.3772   (Y': 15.977    Cb: 13.5662   Cr: 15.3834 )
00000073: 15.374    (Y': 16.0338   Cb: 13.5664   Cr: 15.1724 )
00000075: 15.3683   (Y': 16.0158   Cb: 13.5722   Cr: 15.1903 )
00000074: 15.3847   (Y': 16.0605   Cb: 13.5121   Cr: 15.2251 )
00000076: 15.3124   (Y': 15.9681   Cb: 13.5066   Cr: 15.1213 )
00000077: 15.3      (Y': 15.9306   Cb: 13.4503   Cr: 15.2583 )
00000078: 15.2478   (Y': 15.8572   Cb: 13.4451   Cr: 15.2083 )
00000079: 15.2654   (Y': 15.8841   Cb: 13.5023   Cr: 15.1358 )
00000080: 15.2828   (Y': 15.8768   Cb: 13.5245   Cr: 15.2302 )
00000081: 15.2314   (Y': 15.8765   Cb: 13.4423   Cr: 15.0511 )
00000082: 15.2726   (Y': 15.9357   Cb: 13.4195   Cr: 15.1262 )
00000083: 15.3023   (Y': 15.9607   Cb: 13.4717   Cr: 15.1384 )
00000084: 15.331    (Y': 16.0019   Cb: 13.4991   Cr: 15.128  )
00000085: 15.3303   (Y': 16.0134   Cb: 13.4445   Cr: 15.1664 )
00000086: 15.3464   (Y': 16.0362   Cb: 13.4814   Cr: 15.1298 )
00000087: 15.3008   (Y': 15.9677   Cb: 13.4679   Cr: 15.112  )
00000088: 15.2946   (Y': 15.9234   Cb: 13.4756   Cr: 15.2132 )
00000089: 15.2754   (Y': 15.9029   Cb: 13.483    Cr: 15.1586 )
00000090: 15.3126   (Y': 15.9707   Cb: 13.4923   Cr: 15.1349 )
00000091: 15.3503   (Y': 16.0087   Cb: 13.5519   Cr: 15.1398 )
00000092: 15.3042   (Y': 15.9648   Cb: 13.4588   Cr: 15.155  )
00000093: 15.3028   (Y': 15.9453   Cb: 13.5046   Cr: 15.1445 )
00000094: 15.2917   (Y': 15.9464   Cb: 13.5115   Cr: 15.067  )
00000095: 15.3508   (Y': 15.9825   Cb: 13.5739   Cr: 15.1976 )
00000096: 15.4222   (Y': 16.1037   Cb: 13.5784   Cr: 15.2019 )
00000097: 15.4123   (Y': 16.0993   Cb: 13.5776   Cr: 15.1612 )
00000098: 15.4298   (Y': 16.1272   Cb: 13.5369   Cr: 15.2298 )
00000099: 15.3869   (Y': 16.041    Cb: 13.5517   Cr: 15.2446 )
00000100: 15.3255   (Y': 15.9604   Cb: 13.5097   Cr: 15.2185 )
00000101: 15.3248   (Y': 15.9297   Cb: 13.5783   Cr: 15.2171 )
00000102: 15.3661   (Y': 15.9453   Cb: 13.6306   Cr: 15.3305 )
00000103: 15.5468   (Y': 16.2279   Cb: 13.6431   Cr: 15.4165 )
00000104: 15.5202   (Y': 16.2052   Cb: 13.6034   Cr: 15.3968 )
00000105: 15.4771   (Y': 16.1447   Cb: 13.5984   Cr: 15.3538 )
00000106: 15.3863   (Y': 16.0733   Cb: 13.5098   Cr: 15.1958 )
00000107: 15.413    (Y': 16.0671   Cb: 13.5788   Cr: 15.2685 )
00000108: 15.3803   (Y': 16.0764   Cb: 13.4898   Cr: 15.1811 )
00000109: 15.3077   (Y': 15.9562   Cb: 13.496    Cr: 15.1492 )
00000110: 15.2703   (Y': 15.9141   Cb: 13.4441   Cr: 15.1486 )
00000111: 15.294    (Y': 15.9458   Cb: 13.4244   Cr: 15.2104 )
00000112: 15.3107   (Y': 15.9794   Cb: 13.4936   Cr: 15.0934 )
00000113: 15.2727   (Y': 15.9193   Cb: 13.4286   Cr: 15.168  )
00000114: 15.297    (Y': 15.969    Cb: 13.4878   Cr: 15.058  )
00000115: 15.2821   (Y': 15.9019   Cb: 13.5199   Cr: 15.147  )
00000116: 15.2653   (Y': 15.862    Cb: 13.4997   Cr: 15.2138 )
00000117: 15.2984   (Y': 15.93     Cb: 13.489    Cr: 15.1932 )
00000118: 15.3719   (Y': 16.0123   Cb: 13.5435   Cr: 15.2652 )
00000119: 15.3943   (Y': 16.0622   Cb: 13.5584   Cr: 15.2074 )
00000120: 15.2968   (Y': 15.9229   Cb: 13.4865   Cr: 15.2114 )
00000121: 15.3423   (Y': 15.988    Cb: 13.5051   Cr: 15.2309 )
00000122: 15.3259   (Y': 15.9793   Cb: 13.4841   Cr: 15.1954 )
00000123: 15.3115   (Y': 15.9614   Cb: 13.466    Cr: 15.1979 )
00000124: 15.3077   (Y': 15.9609   Cb: 13.4952   Cr: 15.1347 )
00000125: 15.3066   (Y': 15.951    Cb: 13.4771   Cr: 15.188  )
00000127: 15.3206   (Y': 15.9559   Cb: 13.52     Cr: 15.19   )
00000126: 15.3236   (Y': 15.9921   Cb: 13.497    Cr: 15.1209 )
00000128: 15.2737   (Y': 15.9145   Cb: 13.4896   Cr: 15.1006 )
00000129: 15.2789   (Y': 15.8913   Cb: 13.5155   Cr: 15.1705 )
00000130: 15.3114   (Y': 15.9359   Cb: 13.5372   Cr: 15.1784 )
00000131: 15.3666   (Y': 16.0056   Cb: 13.5629   Cr: 15.2281 )
00000132: 15.319    (Y': 15.9374   Cb: 13.5324   Cr: 15.2249 )
00000133: 15.2212   (Y': 15.7896   Cb: 13.5116   Cr: 15.1854 )
00000134: 15.2417   (Y': 15.8088   Cb: 13.5262   Cr: 15.2192 )
00000135: 15.2576   (Y': 15.8465   Cb: 13.5163   Cr: 15.1975 )
00000136: 15.3026   (Y': 15.9296   Cb: 13.5057   Cr: 15.1939 )
00000137: 16.1002   (Y': 16.8871   Cb: 14.032    Cr: 15.8762 )
00000138: 16.5876   (Y': 17.3903   Cb: 14.4178   Cr: 16.4723 )
00000140: 15.9044   (Y': 16.693    Cb: 13.8558   Cr: 15.6451 )
00000139: 16.4549   (Y': 17.2939   Cb: 14.2732   Cr: 16.2424 )
00000141: 15.6118   (Y': 16.3149   Cb: 13.686    Cr: 15.4423 )
00000142: 15.4368   (Y': 16.0827   Cb: 13.5925   Cr: 15.3349 )
00000143: 15.2984   (Y': 15.8908   Cb: 13.5315   Cr: 15.2636 )
00000144: 15.3384   (Y': 15.9736   Cb: 13.5302   Cr: 15.2191 )
00000145: 15.3513   (Y': 15.9937   Cb: 13.5349   Cr: 15.2197 )
00000146: 15.3825   (Y': 15.9757   Cb: 13.6502   Cr: 15.294  )
00000148: 15.3872   (Y': 16.0357   Cb: 13.5721   Cr: 15.2336 )
00000147: 15.381    (Y': 16.0267   Cb: 13.536    Cr: 15.2811 )
00000149: 15.4135   (Y': 16.0828   Cb: 13.536    Cr: 15.2829 )
00000150: 15.4722   (Y': 16.1544   Cb: 13.5673   Cr: 15.3401 )
00000151: 15.5351   (Y': 16.2114   Cb: 13.6702   Cr: 15.3629 )
00000152: 15.5224   (Y': 16.1938   Cb: 13.6554   Cr: 15.3695 )
00000153: 15.4834   (Y': 16.155    Cb: 13.609    Cr: 15.3409 )
00000154: 15.5221   (Y': 16.1437   Cb: 13.6977   Cr: 15.4731 )
00000155: 15.5676   (Y': 16.17     Cb: 13.7584   Cr: 15.5617 )
00000156: 15.4776   (Y': 16.0416   Cb: 13.7388   Cr: 15.5001 )
00000157: 15.3693   (Y': 15.8674   Cb: 13.7648   Cr: 15.4284 )
00000158: 15.3248   (Y': 15.8359   Cb: 13.6691   Cr: 15.4124 )
00000159: 15.4618   (Y': 16.0138   Cb: 13.7555   Cr: 15.4784 )
00000160: 15.5897   (Y': 16.1844   Cb: 13.785    Cr: 15.6042 )
00000161: 16.2911   (Y': 16.9951   Cb: 14.2946   Cr: 16.2265 )
00000162: 16.1515   (Y': 16.8295   Cb: 14.2101   Cr: 16.0888 )
00000163: 15.9013   (Y': 16.5548   Cb: 14.0627   Cr: 15.7653 )
00000164: 15.7267   (Y': 16.3608   Cb: 13.9139   Cr: 15.6176 )
00000165: 15.6982   (Y': 16.3321   Cb: 13.8686   Cr: 15.6151 )
00000167: 15.6832   (Y': 16.3162   Cb: 13.9289   Cr: 15.493  )
00000166: 15.6759   (Y': 16.3248   Cb: 13.8649   Cr: 15.5151 )
00000168: 15.7269   (Y': 16.3218   Cb: 13.9225   Cr: 15.7402 )
00000169: 15.7562   (Y': 16.3224   Cb: 13.9748   Cr: 15.8362 )
00000170: 15.7562   (Y': 16.292    Cb: 14.0566   Cr: 15.8206 )
00000171: 15.7539   (Y': 16.2838   Cb: 14.0342   Cr: 15.8699 )
00000172: 15.7465   (Y': 16.214    Cb: 14.1043   Cr: 15.9753 )
00000173: 15.6905   (Y': 16.1508   Cb: 14.097    Cr: 15.8723 )
00000174: 15.6854   (Y': 16.1297   Cb: 14.0695   Cr: 15.9626 )
00000175: 15.6689   (Y': 16.0643   Cb: 14.0827   Cr: 16.0918 )
00000176: 15.4077   (Y': 15.7194   Cb: 14.0085   Cr: 15.8799 )
00000177: 15.2377   (Y': 15.5144   Cb: 13.9318   Cr: 15.7139 )
00000178: 15.5448   (Y': 15.9424   Cb: 14.022    Cr: 15.86   )
00000179: 15.6718   (Y': 16.1096   Cb: 14.089    Cr: 15.9226 )
00000180: 15.7209   (Y': 16.2138   Cb: 14.0366   Cr: 15.9187 )
00000181: 15.6874   (Y': 16.2037   Cb: 13.9721   Cr: 15.8465 )
00000183: 15.6538   (Y': 16.2268   Cb: 13.8024   Cr: 15.818  )
00000182: 15.6299   (Y': 16.2012   Cb: 13.8552   Cr: 15.6811 )
00000184: 15.5993   (Y': 16.2395   Cb: 13.6966   Cr: 15.6061 )
00000185: 15.623    (Y': 16.3245   Cb: 13.685    Cr: 15.4769 )
00000186: 15.7175   (Y': 16.3786   Cb: 13.8466   Cr: 15.6047 )
00000187: 15.7511   (Y': 16.4041   Cb: 13.884    Cr: 15.6596 )
00000188: 15.6003   (Y': 16.1475   Cb: 13.9398   Cr: 15.5664 )
00000189: 15.4852   (Y': 15.9736   Cb: 13.9074   Cr: 15.5402 )
00000190: 15.4815   (Y': 16.1101   Cb: 13.6772   Cr: 15.3786 )
00000191: 15.37     (Y': 16.136    Cb: 13.3976   Cr: 15.0679 )
00000192: 15.9918   (Y': 16.8258   Cb: 13.8202   Cr: 15.7797 )
00000193: 16.4975   (Y': 17.3674   Cb: 14.1885   Cr: 16.3935 )
00000194: 16.3723   (Y': 17.2695   Cb: 14.0595   Cr: 16.1881 )
00000195: 15.8453   (Y': 16.7067   Cb: 13.6543   Cr: 15.5778 )
00000196: 15.5619   (Y': 16.3392   Cb: 13.4901   Cr: 15.374  )
00000197: 15.3446   (Y': 16.1332   Cb: 13.3151   Cr: 15.0568 )
00000198: 15.2345   (Y': 15.9736   Cb: 13.2698   Cr: 15.0063 )
00000199: 15.241    (Y': 15.915    Cb: 13.3653   Cr: 15.0921 )
00000200: 15.2062   (Y': 15.8573   Cb: 13.3773   Cr: 15.0643 )
00000201: 15.2729   (Y': 15.922    Cb: 13.4224   Cr: 15.1698 )
00000202: 15.3023   (Y': 15.9875   Cb: 13.4089   Cr: 15.1428 )
00000203: 15.2881   (Y': 15.9778   Cb: 13.4014   Cr: 15.1041 )
00000204: 15.2941   (Y': 15.9845   Cb: 13.4078   Cr: 15.1071 )
00000205: 15.2687   (Y': 15.931    Cb: 13.3808   Cr: 15.1773 )
00000206: 15.2975   (Y': 15.9988   Cb: 13.3579   Cr: 15.1544 )
00000207: 15.3147   (Y': 15.9497   Cb: 13.4779   Cr: 15.2386 )
00000208: 15.3604   (Y': 16.0169   Cb: 13.5198   Cr: 15.2179 )
00000209: 15.3258   (Y': 15.9838   Cb: 13.4852   Cr: 15.1783 )
00000210: 15.4338   (Y': 16.1065   Cb: 13.5805   Cr: 15.2562 )
00000211: 15.4503   (Y': 16.0893   Cb: 13.6349   Cr: 15.329  )
00000212: 15.3972   (Y': 16.0912   Cb: 13.5209   Cr: 15.1838 )
00000214: 15.3347   (Y': 15.9776   Cb: 13.5302   Cr: 15.1841 )
00000213: 15.399    (Y': 16.0906   Cb: 13.5279   Cr: 15.1856 )
00000215: 15.3168   (Y': 15.9472   Cb: 13.548    Cr: 15.1562 )
00000216: 15.2541   (Y': 15.8828   Cb: 13.488    Cr: 15.0953 )
00000217: 15.2604   (Y': 15.8883   Cb: 13.5142   Cr: 15.0753 )
00000218: 15.231    (Y': 15.8469   Cb: 13.4633   Cr: 15.1176 )
00000219: 15.2742   (Y': 15.892    Cb: 13.4991   Cr: 15.1649 )
00000220: 15.2584   (Y': 15.8845   Cb: 13.4455   Cr: 15.1772 )
00000221: 15.2979   (Y': 15.9202   Cb: 13.5434   Cr: 15.1432 )
00000222: 15.2764   (Y': 15.9004   Cb: 13.5115   Cr: 15.1311 )
00000223: 15.2924   (Y': 15.9143   Cb: 13.4911   Cr: 15.2078 )
00000224: 15.3372   (Y': 15.9717   Cb: 13.5203   Cr: 15.2333 )
00000225: 15.3164   (Y': 15.969    Cb: 13.5325   Cr: 15.1042 )
00000226: 15.3869   (Y': 16.056    Cb: 13.5287   Cr: 15.2286 )
00000227: 15.3706   (Y': 16.0198   Cb: 13.5217   Cr: 15.2649 )
00000228: 15.41     (Y': 16.0779   Cb: 13.5344   Cr: 15.2814 )
00000229: 15.3956   (Y': 16.035    Cb: 13.5457   Cr: 15.3244 )
00000230: 15.3451   (Y': 15.9938   Cb: 13.4788   Cr: 15.2668 )
00000231: 15.2869   (Y': 15.95     Cb: 13.4571   Cr: 15.1062 )
00000232: 15.3255   (Y': 15.9654   Cb: 13.5343   Cr: 15.1652 )
00000233: 15.4586   (Y': 16.1511   Cb: 13.5635   Cr: 15.2777 )
00000234: 15.4726   (Y': 16.1427   Cb: 13.6299   Cr: 15.2884 )
00000235: 15.4749   (Y': 16.1379   Cb: 13.6346   Cr: 15.3101 )
00000236: 15.4991   (Y': 16.1325   Cb: 13.6936   Cr: 15.3821 )
00000237: 15.5166   (Y': 16.1218   Cb: 13.7572   Cr: 15.4271 )
00000238: 15.5301   (Y': 16.1204   Cb: 13.7771   Cr: 15.4823 )
00000239: 15.5229   (Y': 16.0921   Cb: 13.7952   Cr: 15.5111 )
00000240: 15.5279   (Y': 16.0844   Cb: 13.8495   Cr: 15.4879 )
00000241: 15.4184   (Y': 15.9381   Cb: 13.8023   Cr: 15.417  )
00000242: 15.3629   (Y': 15.843    Cb: 13.8254   Cr: 15.3898 )
00000243: 15.4178   (Y': 15.9169   Cb: 13.8039   Cr: 15.4873 )
00000245: 15.6454   (Y': 16.2488   Cb: 13.8492   Cr: 15.6165 )
00000246: 15.6418   (Y': 16.2495   Cb: 13.8191   Cr: 15.6379 )
00000247: 15.6185   (Y': 16.2501   Cb: 13.7531   Cr: 15.5975 )
00000244: 15.4792   (Y': 16.0489   Cb: 13.7878   Cr: 15.412  )
00000248: 15.5583   (Y': 16.2205   Cb: 13.6636   Cr: 15.4779 )
00000249: 15.4958   (Y': 16.1633   Cb: 13.6224   Cr: 15.3651 )
00000250: 15.5159   (Y': 16.2043   Cb: 13.5997   Cr: 15.3803 )
00000251: 15.5042   (Y': 16.1662   Cb: 13.6413   Cr: 15.3761 )
00000253: 15.4221   (Y': 16.097    Cb: 13.5467   Cr: 15.2704 )
00000254: 15.4594   (Y': 16.12     Cb: 13.6215   Cr: 15.2989 )
00000252: 15.4598   (Y': 16.1552   Cb: 13.5714   Cr: 15.2596 )
00000255: 15.4794   (Y': 16.1316   Cb: 13.5994   Cr: 15.4103 )
00000256: 15.4749   (Y': 16.1295   Cb: 13.6066   Cr: 15.3796 )
00000257: 15.4802   (Y': 16.1396   Cb: 13.6626   Cr: 15.2942 )
00000258: 15.4864   (Y': 16.1272   Cb: 13.6905   Cr: 15.33   )
00000259: 15.4551   (Y': 16.0717   Cb: 13.6889   Cr: 15.3369 )
00000260: 15.4389   (Y': 16.0209   Cb: 13.7048   Cr: 15.3917 )
00000261: 15.431    (Y': 16.0245   Cb: 13.7232   Cr: 15.3065 )
00000262: 15.4801   (Y': 16.0814   Cb: 13.7344   Cr: 15.384  )
00000263: 15.4505   (Y': 16.0123   Cb: 13.7841   Cr: 15.3748 )
00000264: 15.3621   (Y': 15.9186   Cb: 13.7329   Cr: 15.2512 )
00000265: 15.4498   (Y': 16.0304   Cb: 13.7504   Cr: 15.3567 )
00000266: 15.4202   (Y': 16.0078   Cb: 13.7122   Cr: 15.3158 )
00000267: 15.5221   (Y': 16.1777   Cb: 13.7112   Cr: 15.3386 )
00000268: 15.5309   (Y': 16.2071   Cb: 13.6848   Cr: 15.3312 )
00000269: 15.5298   (Y': 16.1021   Cb: 13.7957   Cr: 15.5167 )
00000270: 15.5067   (Y': 16.0333   Cb: 13.8505   Cr: 15.5396 )
00000271: 15.3966   (Y': 15.9368   Cb: 13.7217   Cr: 15.4088 )
00000272: 15.2995   (Y': 15.8575   Cb: 13.6345   Cr: 15.2345 )
00000273: 15.2798   (Y': 15.8435   Cb: 13.5941   Cr: 15.2252 )
00000274: 15.2969   (Y': 15.8562   Cb: 13.6169   Cr: 15.2491 )
00000275: 15.3406   (Y': 15.9273   Cb: 13.6171   Cr: 15.2618 )
00000276: 15.2296   (Y': 15.8308   Cb: 13.5054   Cr: 15.1025 )
00000277: 15.2434   (Y': 15.814    Cb: 13.5664   Cr: 15.152  )
00000278: 15.2351   (Y': 15.7874   Cb: 13.5803   Cr: 15.175  )
00000279: 15.2628   (Y': 15.8372   Cb: 13.5274   Cr: 15.2439 )
00000280: 15.2622   (Y': 15.8182   Cb: 13.5819   Cr: 15.2263 )
00000281: 15.2109   (Y': 15.7704   Cb: 13.5541   Cr: 15.129  )
00000282: 15.2421   (Y': 15.7956   Cb: 13.5338   Cr: 15.2566 )
00000283: 15.4583   (Y': 16.1222   Cb: 13.6424   Cr: 15.255  )
00000284: 15.4798   (Y': 16.1205   Cb: 13.6514   Cr: 15.3721 )
00000285: 15.4279   (Y': 16.0666   Cb: 13.6251   Cr: 15.2886 )
00000286: 15.4161   (Y': 16.037    Cb: 13.6531   Cr: 15.2789 )
00000287: 15.4109   (Y': 15.9926   Cb: 13.738    Cr: 15.276  )
00000288: 15.3709   (Y': 15.9326   Cb: 13.6683   Cr: 15.348  )
00000289: 15.2906   (Y': 15.8341   Cb: 13.6133   Cr: 15.2943 )
00000290: 15.3098   (Y': 15.863    Cb: 13.5921   Cr: 15.3393 )
00000291: 15.289    (Y': 15.8085   Cb: 13.6813   Cr: 15.276  )
00000292: 15.2401   (Y': 15.762    Cb: 13.6196   Cr: 15.2371 )
00000293: 15.2051   (Y': 15.6836   Cb: 13.6436   Cr: 15.2727 )
00000294: 15.1545   (Y': 15.5906   Cb: 13.6435   Cr: 15.3044 )
00000295: 15.1281   (Y': 15.5766   Cb: 13.5681   Cr: 15.3043 )
00000297: 15.129    (Y': 15.5796   Cb: 13.5803   Cr: 15.2803 )
00000296: 15.1119   (Y': 15.5621   Cb: 13.5928   Cr: 15.2217 )
00000298: 15.0978   (Y': 15.5775   Cb: 13.5066   Cr: 15.2043 )
00000299: 15.1297   (Y': 15.5917   Cb: 13.5568   Cr: 15.2747 )
00000300: 15.1272   (Y': 15.5585   Cb: 13.6062   Cr: 15.3105 )
00000301: 15.1414   (Y': 15.591    Cb: 13.5608   Cr: 15.344  )
00000302: 15.151    (Y': 15.5962   Cb: 13.6039   Cr: 15.3206 )
00000303: 15.1262   (Y': 15.5964   Cb: 13.5578   Cr: 15.2339 )
00000305: 15.2402   (Y': 15.7416   Cb: 13.6574   Cr: 15.2561 )
00000304: 15.1576   (Y': 15.618    Cb: 13.6119   Cr: 15.2682 )
00000306: 15.4311   (Y': 16.0249   Cb: 13.6668   Cr: 15.3877 )
00000307: 15.53     (Y': 16.1771   Cb: 13.6978   Cr: 15.4064 )
00000308: 15.4937   (Y': 16.1513   Cb: 13.6046   Cr: 15.4202 )
00000309: 15.5254   (Y': 16.1998   Cb: 13.6403   Cr: 15.3895 )
00000310: 15.5081   (Y': 16.1967   Cb: 13.5994   Cr: 15.3604 )
00000311: 15.4774   (Y': 16.1431   Cb: 13.5951   Cr: 15.3662 )
00000312: 15.4401   (Y': 16.0973   Cb: 13.6012   Cr: 15.293  )
00000313: 15.4385   (Y': 16.1076   Cb: 13.6038   Cr: 15.2452 )
00000314: 15.4334   (Y': 16.1326   Cb: 13.5651   Cr: 15.1917 )
00000315: 15.4097   (Y': 16.0929   Cb: 13.543    Cr: 15.217  )
00000316: 15.415    (Y': 16.1232   Cb: 13.5372   Cr: 15.1582 )
00000317: 15.3719   (Y': 16.0832   Cb: 13.4593   Cr: 15.1562 )
00000318: 15.4097   (Y': 16.0802   Cb: 13.5076   Cr: 15.312  )
00000319: 15.3264   (Y': 15.9961   Cb: 13.4808   Cr: 15.1475 )
00000321: 15.2675   (Y': 15.8813   Cb: 13.4764   Cr: 15.1952 )
00000320: 15.2909   (Y': 15.934    Cb: 13.438    Cr: 15.2115 )
00000322: 15.2492   (Y': 15.8811   Cb: 13.4406   Cr: 15.1418 )
00000323: 15.227    (Y': 15.8517   Cb: 13.4391   Cr: 15.1134 )
00000324: 15.2442   (Y': 15.8795   Cb: 13.3946   Cr: 15.1866 )
00000325: 15.2532   (Y': 15.9069   Cb: 13.4099   Cr: 15.1239 )
00000326: 15.2888   (Y': 15.9222   Cb: 13.4755   Cr: 15.1833 )
00000327: 15.2929   (Y': 15.9309   Cb: 13.4545   Cr: 15.2089 )
00000328: 15.3959   (Y': 16.0818   Cb: 13.5036   Cr: 15.2329 )
00000329: 15.3464   (Y': 16.03     Cb: 13.4734   Cr: 15.162  )
00000330: 15.3217   (Y': 15.9787   Cb: 13.5033   Cr: 15.1447 )
00000331: 15.2368   (Y': 15.8127   Cb: 13.5056   Cr: 15.2065 )
00000332: 15.2848   (Y': 15.9086   Cb: 13.4606   Cr: 15.2281 )
00000334: 15.258    (Y': 15.8557   Cb: 13.5184   Cr: 15.1652 )
00000333: 15.2632   (Y': 15.8282   Cb: 13.5467   Cr: 15.2491 )
00000335: 15.2328   (Y': 15.8166   Cb: 13.5341   Cr: 15.1279 )
00000336: 15.2288   (Y': 15.8351   Cb: 13.4792   Cr: 15.1212 )
00000337: 15.32     (Y': 15.9703   Cb: 13.4934   Cr: 15.1772 )
00000338: 15.4242   (Y': 16.128    Cb: 13.517    Cr: 15.2246 )
00000339: 15.4601   (Y': 16.1566   Cb: 13.5478   Cr: 15.2918 )
00000340: 15.3834   (Y': 16.0613   Cb: 13.5187   Cr: 15.2054 )
00000341: 15.3003   (Y': 15.9824   Cb: 13.4267   Cr: 15.1219 )
00000342: 15.3608   (Y': 16.0457   Cb: 13.5193   Cr: 15.126  )
00000343: 15.3192   (Y': 15.9881   Cb: 13.4379   Cr: 15.1955 )
00000345: 15.3324   (Y': 15.9491   Cb: 13.5437   Cr: 15.2467 )
00000344: 15.3457   (Y': 15.9771   Cb: 13.5492   Cr: 15.2222 )
00000346: 15.3533   (Y': 15.9851   Cb: 13.5305   Cr: 15.267  )
00000347: 15.3091   (Y': 15.9414   Cb: 13.5198   Cr: 15.1722 )
00000348: 15.3376   (Y': 15.9993   Cb: 13.5345   Cr: 15.1233 )
00000349: 15.3032   (Y': 15.9241   Cb: 13.5243   Cr: 15.189  )
00000350: 15.3373   (Y': 15.9889   Cb: 13.495    Cr: 15.2137 )
00000351: 15.2823   (Y': 15.8967   Cb: 13.4878   Cr: 15.2133 )
00000352: 15.2837   (Y': 15.9062   Cb: 13.4613   Cr: 15.2283 )
00000353: 15.2788   (Y': 15.8659   Cb: 13.5051   Cr: 15.2727 )
00000354: 15.2763   (Y': 15.8817   Cb: 13.5114   Cr: 15.1938 )
00000355: 15.2704   (Y': 15.8865   Cb: 13.453    Cr: 15.23   )
00000356: 15.2612   (Y': 15.8693   Cb: 13.499    Cr: 15.1659 )
00000357: 15.2576   (Y': 15.8616   Cb: 13.4823   Cr: 15.196  )
00000358: 15.2528   (Y': 15.8404   Cb: 13.4633   Cr: 15.269  )
00000359: 15.2907   (Y': 15.8858   Cb: 13.5202   Cr: 15.2523 )
00000360: 15.24     (Y': 15.836    Cb: 13.5053   Cr: 15.1458 )
00000361: 15.2517   (Y': 15.8448   Cb: 13.4969   Cr: 15.197  )
00000362: 15.2507   (Y': 15.862    Cb: 13.4707   Cr: 15.1708 )
00000363: 15.2047   (Y': 15.8094   Cb: 13.4174   Cr: 15.158  )
00000364: 15.2391   (Y': 15.8546   Cb: 13.4378   Cr: 15.1765 )
00000365: 15.2306   (Y': 15.8617   Cb: 13.4024   Cr: 15.1551 )
00000367: 15.2612   (Y': 15.8547   Cb: 13.4703   Cr: 15.2588 )
00000366: 15.2357   (Y': 15.8236   Cb: 13.5315   Cr: 15.1247 )
00000369: 15.2401   (Y': 15.829    Cb: 13.5042   Cr: 15.172  )
00000368: 15.237    (Y': 15.8327   Cb: 13.4387   Cr: 15.2383 )
00000370: 15.2535   (Y': 15.8536   Cb: 13.4712   Cr: 15.215  )
00000371: 15.2361   (Y': 15.7994   Cb: 13.4832   Cr: 15.2828 )
00000372: 15.2394   (Y': 15.8427   Cb: 13.4744   Cr: 15.1647 )
00000373: 15.2546   (Y': 15.856    Cb: 13.4877   Cr: 15.1892 )
00000374: 15.2283   (Y': 15.8345   Cb: 13.4826   Cr: 15.1156 )
00000375: 15.2366   (Y': 15.8562   Cb: 13.4457   Cr: 15.1447 )
00000377: 15.2309   (Y': 15.8287   Cb: 13.4989   Cr: 15.1264 )
00000376: 15.2694   (Y': 15.8426   Cb: 13.5176   Cr: 15.2797 )
00000378: 15.2805   (Y': 15.8926   Cb: 13.5275   Cr: 15.1583 )
00000379: 15.2367   (Y': 15.8345   Cb: 13.4769   Cr: 15.1732 )
00000381: 15.2375   (Y': 15.8427   Cb: 13.4791   Cr: 15.1464 )
00000380: 15.2284   (Y': 15.8382   Cb: 13.4873   Cr: 15.0965 )
00000382: 15.2403   (Y': 15.8446   Cb: 13.4383   Cr: 15.2174 )
00000383: 15.2739   (Y': 15.8411   Cb: 13.5251   Cr: 15.3003 )
00000385: 15.3218   (Y': 15.9698   Cb: 13.4647   Cr: 15.2319 )
00000384: 15.3218   (Y': 15.9135   Cb: 13.5449   Cr: 15.3045 )
00000386: 15.4496   (Y': 16.1673   Cb: 13.5127   Cr: 15.2489 )
00000387: 15.5238   (Y': 16.2147   Cb: 13.6234   Cr: 15.3562 )
00000388: 15.4835   (Y': 16.1907   Cb: 13.5071   Cr: 15.3771 )
00000391: 15.4637   (Y': 16.1367   Cb: 13.5664   Cr: 15.3507 )
00000389: 15.3123   (Y': 15.9686   Cb: 13.4507   Cr: 15.2017 )
00000390: 15.4185   (Y': 16.0863   Cb: 13.5482   Cr: 15.2822 )
00000392: 15.4834   (Y': 16.1919   Cb: 13.5885   Cr: 15.2503 )
00000393: 15.4647   (Y': 16.1129   Cb: 13.5833   Cr: 15.4111 )
00000394: 15.3002   (Y': 15.929    Cb: 13.5173   Cr: 15.165  )
00000395: 15.2431   (Y': 15.8604   Cb: 13.4603   Cr: 15.147  )
00000396: 15.2529   (Y': 15.8814   Cb: 13.4676   Cr: 15.1227 )
00000397: 15.2899   (Y': 15.9021   Cb: 13.5181   Cr: 15.1947 )
00000398: 15.3303   (Y': 15.9272   Cb: 13.567    Cr: 15.2751 )
00000399: 15.3543   (Y': 15.9683   Cb: 13.5884   Cr: 15.2445 )
00000400: 15.3179   (Y': 15.9344   Cb: 13.5084   Cr: 15.2639 )
00000401: 15.3315   (Y': 15.9657   Cb: 13.5375   Cr: 15.1944 )
00000402: 15.3122   (Y': 15.8953   Cb: 13.5934   Cr: 15.2389 )
00000403: 15.3045   (Y': 15.9143   Cb: 13.544    Cr: 15.2007 )
00000404: 15.2355   (Y': 15.8598   Cb: 13.4382   Cr: 15.1371 )
00000405: 15.2967   (Y': 15.9309   Cb: 13.51     Cr: 15.1494 )
00000406: 15.2703   (Y': 15.8632   Cb: 13.5081   Cr: 15.2268 )
00000407: 15.2557   (Y': 15.8401   Cb: 13.4785   Cr: 15.2646 )
00000408: 15.2566   (Y': 15.8471   Cb: 13.4887   Cr: 15.23   )
00000409: 15.2409   (Y': 15.8587   Cb: 13.4124   Cr: 15.2114 )
00000410: 15.2591   (Y': 15.8265   Cb: 13.5397   Cr: 15.241  )
00000411: 15.2489   (Y': 15.8354   Cb: 13.5078   Cr: 15.1966 )
00000412: 15.2697   (Y': 15.8417   Cb: 13.5314   Cr: 15.2634 )
00000413: 15.2441   (Y': 15.8482   Cb: 13.5076   Cr: 15.1245 )
00000414: 15.2511   (Y': 15.8383   Cb: 13.5009   Cr: 15.2095 )
00000415: 15.2585   (Y': 15.8374   Cb: 13.4954   Cr: 15.265  )
00000416: 15.2141   (Y': 15.7993   Cb: 13.471    Cr: 15.1693 )
00000417: 15.2326   (Y': 15.8108   Cb: 13.4768   Cr: 15.2307 )
00000418: 15.2425   (Y': 15.8358   Cb: 13.5138   Cr: 15.1483 )
00000419: 15.2266   (Y': 15.8263   Cb: 13.4564   Cr: 15.1721 )
00000420: 15.2524   (Y': 15.8534   Cb: 13.5319   Cr: 15.1209 )
00000421: 15.2674   (Y': 15.8727   Cb: 13.4887   Cr: 15.2056 )
00000422: 15.2337   (Y': 15.8367   Cb: 13.5163   Cr: 15.0908 )
00000423: 15.2196   (Y': 15.8155   Cb: 13.4884   Cr: 15.1207 )
00000424: 15.2426   (Y': 15.8567   Cb: 13.4637   Cr: 15.1516 )
00000425: 15.293    (Y': 15.8983   Cb: 13.5489   Cr: 15.1804 )
00000426: 15.3059   (Y': 15.931    Cb: 13.5007   Cr: 15.2162 )
00000427: 15.3691   (Y': 16.0337   Cb: 13.5465   Cr: 15.1737 )
00000428: 15.3476   (Y': 16.0104   Cb: 13.482    Cr: 15.2209 )
00000429: 15.3559   (Y': 16.0145   Cb: 13.519    Cr: 15.2007 )
00000430: 15.3463   (Y': 15.9838   Cb: 13.5326   Cr: 15.2274 )
00000431: 15.3349   (Y': 15.9811   Cb: 13.5069   Cr: 15.2077 )
00000432: 15.3201   (Y': 15.9593   Cb: 13.4892   Cr: 15.2212 )
00000433: 15.3349   (Y': 15.9764   Cb: 13.521    Cr: 15.2027 )
00000434: 15.3454   (Y': 15.9973   Cb: 13.4587   Cr: 15.2872 )
00000435: 15.3681   (Y': 16.0387   Cb: 13.5098   Cr: 15.2045 )
00000436: 15.3868   (Y': 16.0504   Cb: 13.5216   Cr: 15.2572 )
00000437: 15.3636   (Y': 16.0713   Cb: 13.4174   Cr: 15.2098 )
00000438: 15.3786   (Y': 16.0673   Cb: 13.476    Cr: 15.2218 )
00000439: 15.3007   (Y': 15.9312   Cb: 13.5137   Cr: 15.1662 )
00000440: 15.2969   (Y': 15.9281   Cb: 13.4706   Cr: 15.2183 )
00000441: 15.3349   (Y': 15.9562   Cb: 13.4998   Cr: 15.3029 )
00000442: 15.3176   (Y': 15.9648   Cb: 13.486    Cr: 15.1928 )
00000443: 15.2872   (Y': 15.921    Cb: 13.4376   Cr: 15.2342 )
00000444: 15.2827   (Y': 15.9293   Cb: 13.4511   Cr: 15.1598 )
00000445: 15.2886   (Y': 15.9124   Cb: 13.496    Cr: 15.1848 )
00000446: 15.2917   (Y': 15.9129   Cb: 13.4646   Cr: 15.2481 )
00000447: 15.3111   (Y': 15.9419   Cb: 13.5009   Cr: 15.2095 )
00000448: 15.3179   (Y': 15.9565   Cb: 13.5313   Cr: 15.156  )
00000449: 15.3514   (Y': 15.9771   Cb: 13.5412   Cr: 15.2668 )
00000450: 15.3356   (Y': 15.9793   Cb: 13.4796   Cr: 15.2593 )
00000451: 15.3762   (Y': 16.0205   Cb: 13.5437   Cr: 15.2625 )
00000452: 15.376    (Y': 16.0146   Cb: 13.5141   Cr: 15.3254 )
00000453: 15.3686   (Y': 16.0092   Cb: 13.5706   Cr: 15.2164 )
00000454: 15.3647   (Y': 15.996    Cb: 13.5143   Cr: 15.3217 )
00000455: 15.3148   (Y': 15.9318   Cb: 13.5305   Cr: 15.2216 )
00000456: 15.2605   (Y': 15.8504   Cb: 13.4772   Cr: 15.2596 )
00000457: 15.2279   (Y': 15.7879   Cb: 13.5255   Cr: 15.2105 )
00000458: 15.2186   (Y': 15.7945   Cb: 13.4455   Cr: 15.2512 )
00000459: 15.2246   (Y': 15.7786   Cb: 13.5046   Cr: 15.2547 )
00000460: 15.2036   (Y': 15.766    Cb: 13.5233   Cr: 15.1456 )
00000461: 15.2208   (Y': 15.8074   Cb: 13.4714   Cr: 15.1804 )
00000462: 15.2059   (Y': 15.7929   Cb: 13.4697   Cr: 15.1441 )
00000463: 15.2395   (Y': 15.8161   Cb: 13.4909   Cr: 15.233  )
00000464: 15.2204   (Y': 15.7678   Cb: 13.5386   Cr: 15.2173 )
00000465: 15.2212   (Y': 15.7935   Cb: 13.5268   Cr: 15.1494 )
00000466: 15.2575   (Y': 15.8307   Cb: 13.5258   Cr: 15.2375 )
00000467: 15.2342   (Y': 15.7648   Cb: 13.5499   Cr: 15.2945 )
00000468: 15.2198   (Y': 15.7829   Cb: 13.5268   Cr: 15.1777 )
00000469: 15.2627   (Y': 15.8121   Cb: 13.5853   Cr: 15.2459 )
00000470: 15.2203   (Y': 15.7557   Cb: 13.5314   Cr: 15.2702 )
00000471: 15.2371   (Y': 15.799    Cb: 13.5068   Cr: 15.2547 )
00000473: 15.2638   (Y': 15.8197   Cb: 13.5758   Cr: 15.2398 )
00000472: 15.2462   (Y': 15.8196   Cb: 13.5121   Cr: 15.2291 )
00000474: 15.2702   (Y': 15.8422   Cb: 13.5574   Cr: 15.2261 )
00000475: 15.279    (Y': 15.8154   Cb: 13.5871   Cr: 15.3298 )
00000476: 15.2688   (Y': 15.8291   Cb: 13.5373   Cr: 15.2937 )
00000477: 15.2802   (Y': 15.8593   Cb: 13.4982   Cr: 15.3149 )
00000478: 15.2726   (Y': 15.8356   Cb: 13.5611   Cr: 15.2584 )
00000479: 15.2774   (Y': 15.859    Cb: 13.5327   Cr: 15.2473 )
00000480: 15.2631   (Y': 15.8516   Cb: 13.4905   Cr: 15.2507 )
00000481: 15.2762   (Y': 15.8738   Cb: 13.5274   Cr: 15.1969 )
00000482: 15.2793   (Y': 15.8777   Cb: 13.5531   Cr: 15.1643 )
00000483: 15.2913   (Y': 15.913    Cb: 13.4583   Cr: 15.2548 )
00000484: 15.2659   (Y': 15.8679   Cb: 13.5057   Cr: 15.1885 )
00000485: 15.3301   (Y': 15.9472   Cb: 13.5209   Cr: 15.2738 )
00000486: 15.3485   (Y': 15.9584   Cb: 13.5508   Cr: 15.2995 )
00000487: 15.3486   (Y': 15.9765   Cb: 13.5141   Cr: 15.2932 )
00000489: 15.3297   (Y': 15.9148   Cb: 13.5795   Cr: 15.2957 )
00000488: 15.3352   (Y': 15.9472   Cb: 13.5718   Cr: 15.2284 )
00000490: 15.32     (Y': 15.9311   Cb: 13.521    Cr: 15.2693 )
00000491: 15.2442   (Y': 15.8312   Cb: 13.5087   Cr: 15.1821 )
00000492: 15.2753   (Y': 15.8557   Cb: 13.4976   Cr: 15.2992 )
00000493: 15.3953   (Y': 16.0482   Cb: 13.5331   Cr: 15.2971 )
00000494: 15.4435   (Y': 16.1099   Cb: 13.5707   Cr: 15.3158 )
00000495: 15.428    (Y': 16.0926   Cb: 13.552    Cr: 15.3106 )
00000497: 15.2743   (Y': 15.8992   Cb: 13.456    Cr: 15.2049 )
00000496: 15.3267   (Y': 15.9762   Cb: 13.4648   Cr: 15.2391 )
00000498: 15.2713   (Y': 15.8834   Cb: 13.5207   Cr: 15.1458 )
00000499: 15.2951   (Y': 15.8855   Cb: 13.5673   Cr: 15.2102 )
00000500: 15.2665   (Y': 15.8492   Cb: 13.5524   Cr: 15.1878 )
00000502: 15.2896   (Y': 15.866    Cb: 13.5517   Cr: 15.2673 )
00000501: 15.2592   (Y': 15.8463   Cb: 13.5176   Cr: 15.2053 )
00000503: 15.2657   (Y': 15.8662   Cb: 13.5171   Cr: 15.1762 )
00000504: 15.2603   (Y': 15.8521   Cb: 13.5041   Cr: 15.2123 )
00000505: 15.2609   (Y': 15.8406   Cb: 13.5343   Cr: 15.2106 )
00000506: 15.3001   (Y': 15.9094   Cb: 13.555    Cr: 15.1757 )
00000507: 15.2321   (Y': 15.8355   Cb: 13.445    Cr: 15.1899 )
00000508: 15.2408   (Y': 15.8485   Cb: 13.5101   Cr: 15.1011 )
00000510: 15.239    (Y': 15.8438   Cb: 13.4812   Cr: 15.1485 )
00000509: 15.2191   (Y': 15.8378   Cb: 13.4432   Cr: 15.108  )
00000511: 15.2583   (Y': 15.862    Cb: 13.5263   Cr: 15.1343 )
00000513: 15.3604   (Y': 16.0012   Cb: 13.5694   Cr: 15.1974 )
00000512: 15.2702   (Y': 15.8732   Cb: 13.5035   Cr: 15.1991 )
00000514: 15.455    (Y': 16.0789   Cb: 13.6517   Cr: 15.3668 )
00000515: 15.4172   (Y': 16.0631   Cb: 13.5648   Cr: 15.3274 )
00000516: 15.4143   (Y': 16.0591   Cb: 13.5595   Cr: 15.332  )
00000518: 15.431    (Y': 16.0986   Cb: 13.5607   Cr: 15.2952 )
00000517: 15.4661   (Y': 16.0972   Cb: 13.5965   Cr: 15.4527 )
00000519: 15.3547   (Y': 15.9692   Cb: 13.5658   Cr: 15.2769 )
00000520: 15.3318   (Y': 15.938    Cb: 13.543    Cr: 15.2824 )
00000521: 15.3615   (Y': 15.9962   Cb: 13.5467   Cr: 15.2535 )
00000522: 15.3617   (Y': 16.0142   Cb: 13.5018   Cr: 15.2614 )
00000523: 15.294    (Y': 15.8867   Cb: 13.5094   Cr: 15.2851 )
00000524: 15.3026   (Y': 15.9216   Cb: 13.4875   Cr: 15.2482 )
00000525: 15.3216   (Y': 15.9305   Cb: 13.5313   Cr: 15.265  )
00000526: 15.3296   (Y': 15.9308   Cb: 13.5418   Cr: 15.296  )
00000527: 15.2734   (Y': 15.8849   Cb: 13.5198   Cr: 15.1542 )
00000529: 15.3411   (Y': 15.9529   Cb: 13.5164   Cr: 15.3261 )
00000528: 15.2991   (Y': 15.908    Cb: 13.5078   Cr: 15.2442 )
00000530: 15.3589   (Y': 16.0131   Cb: 13.4721   Cr: 15.2932 )
00000531: 15.3326   (Y': 15.9681   Cb: 13.4873   Cr: 15.2676 )
00000532: 15.3679   (Y': 16.0124   Cb: 13.558    Cr: 15.2204 )
00000534: 15.3395   (Y': 15.9575   Cb: 13.5015   Cr: 15.3238 )
00000533: 15.37     (Y': 16.0282   Cb: 13.5118   Cr: 15.2474 )
00000535: 15.3215   (Y': 15.9689   Cb: 13.4557   Cr: 15.2469 )
00000537: 15.4416   (Y': 16.1042   Cb: 13.5813   Cr: 15.3078 )
00000536: 15.3543   (Y': 16.0229   Cb: 13.4668   Cr: 15.2408 )
00000538: 15.4336   (Y': 16.1235   Cb: 13.5313   Cr: 15.2719 )
00000539: 15.3817   (Y': 16.0399   Cb: 13.5124   Cr: 15.2761 )
00000540: 15.5052   (Y': 16.173    Cb: 13.588    Cr: 15.4397 )
00000541: 15.4632   (Y': 16.1385   Cb: 13.5903   Cr: 15.3061 )
00000542: 15.4658   (Y': 16.1279   Cb: 13.5764   Cr: 15.3776 )
00000543: 15.5319   (Y': 16.2331   Cb: 13.579    Cr: 15.4094 )
00000544: 15.3975   (Y': 16.0521   Cb: 13.5206   Cr: 15.3157 )
00000545: 15.4259   (Y': 16.0463   Cb: 13.5645   Cr: 15.4375 )
00000546: 15.4595   (Y': 16.1213   Cb: 13.5526   Cr: 15.3988 )
00000547: 15.4957   (Y': 16.1468   Cb: 13.6237   Cr: 15.4181 )
00000548: 15.3812   (Y': 16.0018   Cb: 13.5727   Cr: 15.3121 )
00000549: 15.3597   (Y': 15.995    Cb: 13.457    Cr: 15.383  )
00000550: 15.2945   (Y': 15.881    Cb: 13.4878   Cr: 15.341  )
00000551: 15.3968   (Y': 16.0183   Cb: 13.5618   Cr: 15.364  )
00000552: 15.3287   (Y': 15.9274   Cb: 13.6002   Cr: 15.2165 )
00000553: 15.2992   (Y': 15.871    Cb: 13.5725   Cr: 15.277  )
00000554: 15.312    (Y': 15.8758   Cb: 13.5882   Cr: 15.3131 )
00000555: 15.2718   (Y': 15.8303   Cb: 13.5788   Cr: 15.2462 )
00000556: 15.2915   (Y': 15.8922   Cb: 13.5201   Cr: 15.2352 )
00000557: 15.3632   (Y': 15.9785   Cb: 13.6239   Cr: 15.2101 )
00000558: 15.2971   (Y': 15.8842   Cb: 13.553    Cr: 15.2469 )
00000559: 15.3414   (Y': 15.9607   Cb: 13.5265   Cr: 15.2859 )
00000561: 15.4087   (Y': 16.0501   Cb: 13.6133   Cr: 15.2502 )
00000560: 15.4435   (Y': 16.0329   Cb: 13.711    Cr: 15.3683 )
00000562: 15.4422   (Y': 16.0965   Cb: 13.6587   Cr: 15.2236 )
00000563: 15.4271   (Y': 16.0066   Cb: 13.6975   Cr: 15.3823 )
00000564: 15.4647   (Y': 16.041    Cb: 13.7758   Cr: 15.3713 )
00000565: 15.575    (Y': 16.1527   Cb: 13.8557   Cr: 15.5209 )
00000566: 15.63     (Y': 16.1791   Cb: 13.8718   Cr: 15.7357 )
00000567: 15.5577   (Y': 16.088    Cb: 13.827    Cr: 15.6893 )
00000569: 15.3581   (Y': 15.7286   Cb: 13.8765   Cr: 15.718  )
00000568: 15.4612   (Y': 15.9066   Cb: 13.8575   Cr: 15.7151 )
00000570: 15.2814   (Y': 15.6049   Cb: 13.837    Cr: 15.7746 )
00000571: 15.4079   (Y': 15.7721   Cb: 13.8429   Cr: 15.9241 )
00000572: 15.4436   (Y': 15.7952   Cb: 13.927    Cr: 15.9342 )
00000573: 15.5151   (Y': 15.8963   Cb: 13.9264   Cr: 15.9999 )
00000574: 15.6574   (Y': 16.0296   Cb: 14.0342   Cr: 16.2357 )
00000575: 15.7425   (Y': 16.1235   Cb: 14.133    Cr: 16.2618 )
00000576: 15.7985   (Y': 16.1722   Cb: 14.1876   Cr: 16.3503 )
00000577: 15.935    (Y': 16.2876   Cb: 14.3661   Cr: 16.506  )
00000578: 15.827    (Y': 16.1578   Cb: 14.3203   Cr: 16.3892 )
00000579: 15.6378   (Y': 15.8372   Cb: 14.3155   Cr: 16.4804 )
00000580: 15.6956   (Y': 15.9327   Cb: 14.3232   Cr: 16.4485 )
00000581: 15.8748   (Y': 16.2052   Cb: 14.3062   Cr: 16.5401 )
00000582: 15.9562   (Y': 16.3117   Cb: 14.3864   Cr: 16.5168 )
00000583: 15.9335   (Y': 16.3193   Cb: 14.2502   Cr: 16.5555 )
00000584: 15.9659   (Y': 16.345    Cb: 14.2634   Cr: 16.6494 )
00000585: 15.9583   (Y': 16.3613   Cb: 14.2319   Cr: 16.5811 )
00000586: 16.0433   (Y': 16.4938   Cb: 14.2485   Cr: 16.5869 )
00000587: 16.083    (Y': 16.5031   Cb: 14.2755   Cr: 16.775  )
00000588: 16.0202   (Y': 16.4285   Cb: 14.2565   Cr: 16.6859 )
00000589: 15.9373   (Y': 16.3249   Cb: 14.1543   Cr: 16.7266 )
00000590: 15.878    (Y': 16.2716   Cb: 14.0668   Cr: 16.6918 )
00000591: 15.8521   (Y': 16.1841   Cb: 14.154    Cr: 16.7356 )
00000593: 15.7318   (Y': 16.1229   Cb: 14.0088   Cr: 16.3994 )
00000592: 15.7522   (Y': 16.1072   Cb: 14.0081   Cr: 16.6155 )
00000594: 16.0362   (Y': 16.4361   Cb: 14.3257   Cr: 16.6449 )
00000595: 16.4718   (Y': 16.9753   Cb: 14.5574   Cr: 17.0078 )
00000596: 16.1512   (Y': 16.6248   Cb: 14.2672   Cr: 16.7554 )
00000597: 16.0221   (Y': 16.4604   Cb: 14.1778   Cr: 16.7031 )
00000598: 15.8813   (Y': 16.3535   Cb: 14.0377   Cr: 16.4207 )
00000599: 15.8943   (Y': 16.3662   Cb: 14.0626   Cr: 16.4139 )
00000601: 15.801    (Y': 16.3407   Cb: 13.9361   Cr: 16.1112 )
00000600: 15.8375   (Y': 16.3746   Cb: 13.9014   Cr: 16.2778 )
00000602: 15.7427   (Y': 16.2646   Cb: 13.9828   Cr: 15.9508 )
00000603: 15.7139   (Y': 16.2802   Cb: 13.9107   Cr: 15.8268 )
00000604: 15.563    (Y': 16.1095   Cb: 13.8278   Cr: 15.6425 )
00000605: 15.4351   (Y': 15.9953   Cb: 13.7444   Cr: 15.3996 )
00000606: 15.4542   (Y': 16.0851   Cb: 13.6575   Cr: 15.3323 )
00000607: 15.4447   (Y': 16.1226   Cb: 13.5974   Cr: 15.2411 )
00000609: 15.2436   (Y': 15.929    Cb: 13.4067   Cr: 15.0008 )
00000608: 15.321    (Y': 16.1013   Cb: 13.4268   Cr: 14.8635 )
00000610: 15.208    (Y': 15.8963   Cb: 13.3361   Cr: 15.0066 )
00000611: 15.2449   (Y': 15.9524   Cb: 13.3729   Cr: 14.9819 )
00000612: 16.0101   (Y': 16.8223   Cb: 13.9306   Cr: 15.7241 )
00000613: 16.5786   (Y': 17.399    Cb: 14.3573   Cr: 16.4889 )
00000614: 16.528    (Y': 17.3618   Cb: 14.3173   Cr: 16.3785 )
00000615: 15.9101   (Y': 16.7626   Cb: 13.8156   Cr: 15.5232 )
00000617: 15.1711   (Y': 15.8553   Cb: 13.3198   Cr: 14.953  )
00000616: 15.4064   (Y': 16.1608   Cb: 13.4845   Cr: 15.0673 )
00000618: 15.1181   (Y': 15.7761   Cb: 13.3663   Cr: 14.8429 )
00000619: 15.146    (Y': 15.8115   Cb: 13.3384   Cr: 14.9252 )
00000620: 15.1183   (Y': 15.7919   Cb: 13.3122   Cr: 14.8695 )
00000621: 15.0967   (Y': 15.794    Cb: 13.2529   Cr: 14.8254 )
00000622: 15.1393   (Y': 15.8125   Cb: 13.3346   Cr: 14.8894 )
00000623: 15.132    (Y': 15.8151   Cb: 13.3081   Cr: 14.8779 )
00000624: 15.115    (Y': 15.7653   Cb: 13.3385   Cr: 14.8994 )
00000625: 15.1478   (Y': 15.8131   Cb: 13.3329   Cr: 14.9389 )
00000626: 15.1252   (Y': 15.8331   Cb: 13.284    Cr: 14.8166 )
00000627: 15.1096   (Y': 15.7937   Cb: 13.2816   Cr: 14.8583 )
00000628: 15.1343   (Y': 15.8189   Cb: 13.322    Cr: 14.8585 )
00000629: 15.11     (Y': 15.7547   Cb: 13.3151   Cr: 14.9392 )
00000630: 15.1322   (Y': 15.7956   Cb: 13.3698   Cr: 14.8539 )
00000631: 15.1553   (Y': 15.8313   Cb: 13.3639   Cr: 14.8776 )
00000632: 15.1479   (Y': 15.8422   Cb: 13.3239   Cr: 14.858  )
00000633: 15.1209   (Y': 15.7854   Cb: 13.3083   Cr: 14.9107 )
00000634: 15.1479   (Y': 15.8246   Cb: 13.3263   Cr: 14.9114 )
00000635: 15.1423   (Y': 15.7874   Cb: 13.3604   Cr: 14.9517 )
00000636: 15.1168   (Y': 15.783    Cb: 13.3649   Cr: 14.8149 )
00000637: 15.1052   (Y': 15.7498   Cb: 13.3659   Cr: 14.8554 )
00000638: 15.1076   (Y': 15.7638   Cb: 13.3514   Cr: 14.8441 )
00000639: 15.0968   (Y': 15.7124   Cb: 13.4188   Cr: 14.8561 )
00000641: 15.1237   (Y': 15.8069   Cb: 13.3011   Cr: 14.8669 )
00000640: 15.0755   (Y': 15.7191   Cb: 13.3349   Cr: 14.8311 )
00000642: 15.116    (Y': 15.7613   Cb: 13.3739   Cr: 14.8676 )
00000643: 15.136    (Y': 15.8027   Cb: 13.3583   Cr: 14.8688 )
00000644: 15.1546   (Y': 15.8157   Cb: 13.4019   Cr: 14.8704 )
00000645: 15.231    (Y': 15.9341   Cb: 13.3856   Cr: 14.9436 )
00000646: 15.2132   (Y': 15.9217   Cb: 13.4078   Cr: 14.852  )
00000647: 15.2202   (Y': 15.9406   Cb: 13.3145   Cr: 14.9647 )
00000648: 15.1959   (Y': 15.8785   Cb: 13.3252   Cr: 15.0115 )
00000649: 15.2129   (Y': 15.8969   Cb: 13.3476   Cr: 15.0161 )
00000650: 15.2025   (Y': 15.9029   Cb: 13.3888   Cr: 14.8784 )
00000651: 15.2266   (Y': 15.9069   Cb: 13.3576   Cr: 15.0472 )
00000652: 15.2282   (Y': 15.9207   Cb: 13.3586   Cr: 15.0102 )
00000653: 15.2403   (Y': 15.9383   Cb: 13.3686   Cr: 15.0071 )
00000654: 15.1618   (Y': 15.856    Cb: 13.3155   Cr: 14.9042 )
00000655: 15.2093   (Y': 15.8941   Cb: 13.3483   Cr: 15.0039 )
00000656: 15.2047   (Y': 15.8915   Cb: 13.3652   Cr: 14.9611 )
00000657: 15.205    (Y': 15.9276   Cb: 13.3694   Cr: 14.8424 )
00000658: 15.1956   (Y': 15.8925   Cb: 13.3309   Cr: 14.9559 )
00000659: 15.1776   (Y': 15.8781   Cb: 13.3186   Cr: 14.918  )
00000660: 15.1784   (Y': 15.8743   Cb: 13.2879   Cr: 14.9797 )
00000661: 15.1973   (Y': 15.8893   Cb: 13.2968   Cr: 15.0261 )
00000662: 15.1927   (Y': 15.8709   Cb: 13.3074   Cr: 15.0444 )
00000663: 15.2108   (Y': 15.922    Cb: 13.2999   Cr: 14.9927 )
00000664: 15.2115   (Y': 15.9116   Cb: 13.281    Cr: 15.0589 )
00000665: 15.1921   (Y': 15.8889   Cb: 13.2989   Cr: 14.9943 )
00000666: 15.1688   (Y': 15.87     Cb: 13.2974   Cr: 14.9249 )
00000667: 15.173    (Y': 15.8878   Cb: 13.2521   Cr: 14.9576 )
00000668: 15.2607   (Y': 15.9671   Cb: 13.345    Cr: 15.0652 )
00000669: 15.2781   (Y': 15.9598   Cb: 13.3794   Cr: 15.138  )
00000670: 15.2375   (Y': 15.9068   Cb: 13.3506   Cr: 15.1213 )
00000671: 15.2638   (Y': 15.9142   Cb: 13.4504   Cr: 15.1016 )
00000672: 15.2758   (Y': 15.9221   Cb: 13.4704   Cr: 15.1154 )
00000673: 15.3432   (Y': 16.0047   Cb: 13.4987   Cr: 15.1895 )
00000674: 15.3392   (Y': 16.0144   Cb: 13.4956   Cr: 15.1394 )
00000675: 15.3399   (Y': 16.0246   Cb: 13.4884   Cr: 15.1204 )
00000676: 15.3556   (Y': 16.0527   Cb: 13.5061   Cr: 15.0933 )
00000677: 15.328    (Y': 16.0088   Cb: 13.4826   Cr: 15.1125 )
00000678: 15.3062   (Y': 15.9759   Cb: 13.4686   Cr: 15.1153 )
00000679: 15.2839   (Y': 15.9334   Cb: 13.4576   Cr: 15.1435 )
00000680: 15.2385   (Y': 15.8961   Cb: 13.3953   Cr: 15.0958 )
00000681: 15.2326   (Y': 15.8496   Cb: 13.4698   Cr: 15.1078 )
00000682: 15.2102   (Y': 15.8731   Cb: 13.3393   Cr: 15.0912 )
00000683: 15.2241   (Y': 15.8915   Cb: 13.3906   Cr: 15.0351 )
00000684: 15.228    (Y': 15.8777   Cb: 13.4201   Cr: 15.06   )
00000685: 15.2299   (Y': 15.8849   Cb: 13.3965   Cr: 15.0813 )
00000686: 15.2026   (Y': 15.8539   Cb: 13.3501   Cr: 15.0953 )
00000687: 15.2323   (Y': 15.8945   Cb: 13.4194   Cr: 15.0304 )
00000688: 15.2088   (Y': 15.8475   Cb: 13.4135   Cr: 15.0585 )
00000689: 15.2131   (Y': 15.8228   Cb: 13.4392   Cr: 15.1298 )
00000690: 15.2262   (Y': 15.8782   Cb: 13.3983   Cr: 15.0795 )
00000691: 15.1848   (Y': 15.8503   Cb: 13.3429   Cr: 15.0139 )
00000692: 15.1986   (Y': 15.8485   Cb: 13.3664   Cr: 15.0656 )
00000693: 15.1997   (Y': 15.8318   Cb: 13.3803   Cr: 15.1076 )
00000694: 15.2102   (Y': 15.86     Cb: 13.3889   Cr: 15.0615 )
00000695: 15.2148   (Y': 15.8507   Cb: 13.3766   Cr: 15.138  )
00000696: 15.2121   (Y': 15.8476   Cb: 13.4264   Cr: 15.0588 )
00000697: 15.2155   (Y': 15.8467   Cb: 13.4273   Cr: 15.0803 )
00000698: 15.2104   (Y': 15.8393   Cb: 13.4013   Cr: 15.1138 )
00000699: 15.218    (Y': 15.8493   Cb: 13.4688   Cr: 15.0259 )
00000700: 15.2119   (Y': 15.8398   Cb: 13.3825   Cr: 15.149  )
00000701: 15.2241   (Y': 15.8706   Cb: 13.3937   Cr: 15.0995 )
00000702: 15.2374   (Y': 15.894    Cb: 13.3861   Cr: 15.11   )
00000703: 15.2019   (Y': 15.8492   Cb: 13.3644   Cr: 15.0853 )
00000704: 15.2079   (Y': 15.8835   Cb: 13.3253   Cr: 15.0642 )
00000705: 15.223    (Y': 15.845    Cb: 13.4289   Cr: 15.1272 )
00000706: 15.2465   (Y': 15.8644   Cb: 13.4427   Cr: 15.1797 )
00000707: 15.2063   (Y': 15.8275   Cb: 13.3821   Cr: 15.1583 )
00000708: 15.219    (Y': 15.8277   Cb: 13.4237   Cr: 15.1704 )
00000709: 15.2042   (Y': 15.8066   Cb: 13.4155   Cr: 15.1677 )
00000710: 15.214    (Y': 15.8632   Cb: 13.3703   Cr: 15.1004 )
00000711: 15.204    (Y': 15.8337   Cb: 13.4015   Cr: 15.0949 )
00000712: 15.2159   (Y': 15.854    Cb: 13.4036   Cr: 15.0931 )
00000713: 15.2125   (Y': 15.8159   Cb: 13.4163   Cr: 15.1838 )
00000714: 15.2326   (Y': 15.8402   Cb: 13.4475   Cr: 15.1728 )
00000715: 15.2226   (Y': 15.8557   Cb: 13.4097   Cr: 15.1176 )
00000716: 15.3638   (Y': 16.0658   Cb: 13.4804   Cr: 15.1349 )
00000717: 15.38     (Y': 16.0524   Cb: 13.4931   Cr: 15.2536 )
00000718: 15.3076   (Y': 15.9984   Cb: 13.4347   Cr: 15.0994 )
00000719: 15.2676   (Y': 15.9637   Cb: 13.3822   Cr: 15.0608 )
00000720: 15.3938   (Y': 16.1017   Cb: 13.4713   Cr: 15.2038 )
00000721: 15.4548   (Y': 16.167    Cb: 13.5082   Cr: 15.2864 )
00000722: 15.3614   (Y': 16.0544   Cb: 13.4857   Cr: 15.1505 )
00000723: 15.2821   (Y': 15.9173   Cb: 13.4919   Cr: 15.1362 )
00000724: 15.3249   (Y': 15.9849   Cb: 13.4478   Cr: 15.2246 )
00000725: 15.35     (Y': 16.0605   Cb: 13.4244   Cr: 15.1559 )
00000726: 15.3667   (Y': 16.0773   Cb: 13.4284   Cr: 15.1915 )
00000727: 15.3699   (Y': 16.0749   Cb: 13.4332   Cr: 15.2105 )
00000729: 15.3434   (Y': 16.0436   Cb: 13.4477   Cr: 15.1386 )
00000728: 15.2941   (Y': 16.0265   Cb: 13.3349   Cr: 15.0792 )
00000730: 15.4      (Y': 16.0798   Cb: 13.4571   Cr: 15.3336 )
00000731: 15.407    (Y': 16.0905   Cb: 13.4984   Cr: 15.2759 )
00000732: 15.3665   (Y': 16.066    Cb: 13.4832   Cr: 15.1456 )
00000733: 15.3206   (Y': 16.0102   Cb: 13.4769   Cr: 15.0741 )
00000734: 15.2693   (Y': 15.9597   Cb: 13.4401   Cr: 14.9992 )
00000735: 15.2018   (Y': 15.8437   Cb: 13.4057   Cr: 15.0425 )
00000736: 15.1981   (Y': 15.846    Cb: 13.4508   Cr: 14.9492 )
00000737: 15.2039   (Y': 15.8518   Cb: 13.4025   Cr: 15.032  )
00000738: 15.196    (Y': 15.8518   Cb: 13.4118   Cr: 14.9735 )
00000739: 15.2033   (Y': 15.858    Cb: 13.3687   Cr: 15.0574 )
00000740: 15.2006   (Y': 15.8427   Cb: 13.4356   Cr: 14.9959 )
00000741: 15.217    (Y': 15.8535   Cb: 13.4419   Cr: 15.0452 )
00000742: 15.175    (Y': 15.8396   Cb: 13.3809   Cr: 14.9379 )
00000743: 15.2196   (Y': 15.8351   Cb: 13.4516   Cr: 15.1076 )
00000744: 15.1919   (Y': 15.8344   Cb: 13.4014   Cr: 15.0219 )
00000745: 15.2214   (Y': 15.8258   Cb: 13.4591   Cr: 15.1386 )
00000746: 15.21     (Y': 15.8436   Cb: 13.3944   Cr: 15.1071 )
00000747: 15.1991   (Y': 15.8196   Cb: 13.4352   Cr: 15.0641 )
00000748: 15.228    (Y': 15.8552   Cb: 13.4345   Cr: 15.114  )
00000749: 15.2513   (Y': 15.8921   Cb: 13.4625   Cr: 15.0853 )
00000750: 15.2453   (Y': 15.9168   Cb: 13.4216   Cr: 15.0284 )
00000751: 15.3128   (Y': 16.0225   Cb: 13.4015   Cr: 15.0998 )
00000752: 15.3296   (Y': 15.9984   Cb: 13.4684   Cr: 15.1764 )
00000753: 15.3148   (Y': 16.0061   Cb: 13.4731   Cr: 15.0594 )
00000754: 15.2488   (Y': 15.8992   Cb: 13.4329   Cr: 15.0902 )
00000755: 15.2108   (Y': 15.8311   Cb: 13.4792   Cr: 15.0301 )
00000756: 15.2286   (Y': 15.8373   Cb: 13.4686   Cr: 15.1283 )
00000757: 15.219    (Y': 15.8194   Cb: 13.449    Cr: 15.1611 )
00000758: 15.2644   (Y': 15.8643   Cb: 13.5399   Cr: 15.142  )
00000759: 15.3223   (Y': 15.9667   Cb: 13.5202   Cr: 15.1629 )
00000760: 15.3148   (Y': 15.9641   Cb: 13.5257   Cr: 15.1207 )
00000761: 15.3316   (Y': 16.0097   Cb: 13.5005   Cr: 15.104  )
00000762: 15.3217   (Y': 15.9649   Cb: 13.4861   Cr: 15.2164 )
00000763: 15.2852   (Y': 15.9744   Cb: 13.4315   Cr: 15.054  )
00000764: 15.2546   (Y': 15.9502   Cb: 13.3393   Cr: 15.0941 )
00000765: 15.2755   (Y': 15.9273   Cb: 13.4573   Cr: 15.1152 )
00000766: 15.2971   (Y': 15.9318   Cb: 13.5014   Cr: 15.1611 )
00000767: 15.3461   (Y': 15.983    Cb: 13.5184   Cr: 15.2497 )
00000768: 15.3078   (Y': 15.9928   Cb: 13.4335   Cr: 15.1206 )
00000769: 15.2417   (Y': 15.8982   Cb: 13.3647   Cr: 15.1533 )
00000770: 15.2717   (Y': 15.9744   Cb: 13.3978   Cr: 15.0267 )
00000771: 15.3799   (Y': 16.0931   Cb: 13.4524   Cr: 15.1796 )
00000772: 15.3939   (Y': 16.1219   Cb: 13.4882   Cr: 15.1143 )
00000773: 15.3041   (Y': 15.9696   Cb: 13.4879   Cr: 15.0959 )
00000774: 15.4139   (Y': 16.1128   Cb: 13.5029   Cr: 15.236  )
00000775: 15.3883   (Y': 16.1009   Cb: 13.4414   Cr: 15.2193 )
00000776: 15.3304   (Y': 16.0203   Cb: 13.4353   Cr: 15.158  )
00000777: 15.299    (Y': 15.9664   Cb: 13.4321   Cr: 15.1592 )
00000778: 15.3046   (Y': 15.9658   Cb: 13.4636   Cr: 15.1465 )
00000779: 15.2975   (Y': 15.9366   Cb: 13.4641   Cr: 15.2023 )
00000780: 15.339    (Y': 16.0276   Cb: 13.4536   Cr: 15.1567 )
00000781: 15.2651   (Y': 15.9622   Cb: 13.3994   Cr: 15.0263 )
00000782: 15.2274   (Y': 15.8952   Cb: 13.4108   Cr: 15.0125 )
00000783: 15.2655   (Y': 15.9474   Cb: 13.3912   Cr: 15.0889 )
00000784: 15.2135   (Y': 15.8654   Cb: 13.3695   Cr: 15.091  )
00000785: 15.2314   (Y': 15.8825   Cb: 13.3538   Cr: 15.1625 )
00000786: 15.2206   (Y': 15.8568   Cb: 13.3892   Cr: 15.1324 )
00000787: 15.2501   (Y': 15.8884   Cb: 13.4698   Cr: 15.0796 )
00000788: 15.3265   (Y': 16.0192   Cb: 13.4452   Cr: 15.1249 )
00000789: 15.3651   (Y': 16.0541   Cb: 13.4858   Cr: 15.1727 )
00000791: 15.3451   (Y': 16.0453   Cb: 13.4474   Cr: 15.1432 )
00000790: 15.355    (Y': 16.0449   Cb: 13.4691   Cr: 15.169  )
00000792: 15.3486   (Y': 16.0387   Cb: 13.4556   Cr: 15.1728 )
00000793: 15.3439   (Y': 16.0104   Cb: 13.4906   Cr: 15.1866 )
00000794: 15.3027   (Y': 15.9629   Cb: 13.4532   Cr: 15.1609 )
00000795: 15.2413   (Y': 15.8554   Cb: 13.4957   Cr: 15.1018 )
00000796: 15.2819   (Y': 15.9487   Cb: 13.4338   Cr: 15.1162 )
00000797: 15.2681   (Y': 15.9073   Cb: 13.4782   Cr: 15.1085 )
00000799: 15.2956   (Y': 15.9398   Cb: 13.4311   Cr: 15.2298 )
00000798: 15.2542   (Y': 15.9043   Cb: 13.4127   Cr: 15.1344 )
00000800: 15.2318   (Y': 15.8533   Cb: 13.4339   Cr: 15.1433 )
00000801: 15.2333   (Y': 15.8713   Cb: 13.4396   Cr: 15.0831 )
00000802: 15.2532   (Y': 15.8944   Cb: 13.4718   Cr: 15.0751 )
00000803: 15.3389   (Y': 16.014    Cb: 13.462    Cr: 15.1885 )
00000804: 15.3597   (Y': 16.0491   Cb: 13.5079   Cr: 15.1259 )
00000805: 15.3764   (Y': 16.0599   Cb: 13.5471   Cr: 15.129  )
00000806: 15.147    (Y': 15.7686   Cb: 13.3816   Cr: 15.0106 )
00000807: 15.2502   (Y': 15.8889   Cb: 13.4734   Cr: 15.0732 )
00000808: 15.3125   (Y': 15.9643   Cb: 13.4812   Cr: 15.172  )
00000809: 15.3293   (Y': 15.9964   Cb: 13.4738   Cr: 15.1733 )
00000810: 15.2642   (Y': 15.9288   Cb: 13.4205   Cr: 15.0995 )
00000811: 15.2704   (Y': 15.9204   Cb: 13.4439   Cr: 15.1284 )
00000812: 15.2562   (Y': 15.9331   Cb: 13.4453   Cr: 15.0035 )
00000813: 15.2465   (Y': 15.9183   Cb: 13.3953   Cr: 15.0687 )
00000814: 15.2221   (Y': 15.8627   Cb: 13.4288   Cr: 15.0627 )
00000815: 15.1673   (Y': 15.8131   Cb: 13.3703   Cr: 14.9963 )
00000816: 15.2005   (Y': 15.8284   Cb: 13.4015   Cr: 15.0922 )
00000817: 15.1934   (Y': 15.812    Cb: 13.4171   Cr: 15.0829 )
00000818: 15.1867   (Y': 15.8101   Cb: 13.387    Cr: 15.0945 )
00000819: 15.1664   (Y': 15.8032   Cb: 13.3809   Cr: 15.0084 )
00000820: 15.1709   (Y': 15.7956   Cb: 13.366    Cr: 15.0821 )
00000821: 15.1779   (Y': 15.7977   Cb: 13.4134   Cr: 15.0464 )
00000822: 15.2033   (Y': 15.8251   Cb: 13.3971   Cr: 15.1264 )
00000823: 15.1841   (Y': 15.8295   Cb: 13.3507   Cr: 15.0678 )
00000824: 15.1962   (Y': 15.8254   Cb: 13.4254   Cr: 15.0419 )
00000825: 15.1676   (Y': 15.7868   Cb: 13.4017   Cr: 15.0403 )
00000826: 15.1643   (Y': 15.7844   Cb: 13.3936   Cr: 15.0406 )
00000827: 15.1725   (Y': 15.7995   Cb: 13.3843   Cr: 15.0514 )
00000828: 15.1604   (Y': 15.8041   Cb: 13.3413   Cr: 15.0285 )
00000829: 15.1724   (Y': 15.7972   Cb: 13.4181   Cr: 15.009  )
00000830: 15.1762   (Y': 15.8078   Cb: 13.3955   Cr: 15.0286 )
00000831: 15.2602   (Y': 15.8918   Cb: 13.4344   Cr: 15.1794 )
00000832: 15.3342   (Y': 15.9644   Cb: 13.4756   Cr: 15.3076 )
00000833: 15.2935   (Y': 15.9338   Cb: 13.4327   Cr: 15.2357 )
00000834: 15.2302   (Y': 15.8605   Cb: 13.4447   Cr: 15.094  )
00000835: 15.293    (Y': 15.9451   Cb: 13.507    Cr: 15.0856 )
00000836: 15.219    (Y': 15.8599   Cb: 13.3947   Cr: 15.1042 )
00000837: 15.2502   (Y': 15.8929   Cb: 13.4483   Cr: 15.0968 )
00000838: 15.2683   (Y': 15.8989   Cb: 13.4512   Cr: 15.1778 )
00000839: 15.3063   (Y': 15.9951   Cb: 13.4325   Cr: 15.106  )
00000840: 15.2444   (Y': 15.8976   Cb: 13.3842   Cr: 15.142  )
00000841: 15.1982   (Y': 15.8618   Cb: 13.3177   Cr: 15.0912 )
00000842: 15.208    (Y': 15.8979   Cb: 13.3338   Cr: 15.0052 )
00000843: 15.2296   (Y': 15.8893   Cb: 13.4009   Cr: 15.0585 )
00000844: 15.2187   (Y': 15.8915   Cb: 13.3451   Cr: 15.0709 )
00000845: 15.1784   (Y': 15.8349   Cb: 13.3536   Cr: 15.0127 )
00000846: 15.2167   (Y': 15.8803   Cb: 13.3534   Cr: 15.0841 )
00000847: 15.26     (Y': 15.9089   Cb: 13.4326   Cr: 15.1232 )
00000848: 15.3164   (Y': 16.0152   Cb: 13.4191   Cr: 15.1183 )
00000849: 15.2388   (Y': 15.8971   Cb: 13.4104   Cr: 15.0722 )
00000850: 15.1948   (Y': 15.8174   Cb: 13.4022   Cr: 15.0951 )
00000851: 15.1827   (Y': 15.7887   Cb: 13.4561   Cr: 15.0424 )
00000852: 15.1492   (Y': 15.7646   Cb: 13.3826   Cr: 15.0357 )
00000853: 15.1678   (Y': 15.7996   Cb: 13.3561   Cr: 15.0652 )
00000854: 15.2619   (Y': 15.9227   Cb: 13.4237   Cr: 15.1013 )
00000855: 15.2965   (Y': 15.9743   Cb: 13.4577   Cr: 15.0809 )
00000856: 15.182    (Y': 15.8057   Cb: 13.4115   Cr: 15.0462 )
00000857: 15.1911   (Y': 15.8194   Cb: 13.3958   Cr: 15.0762 )
00000858: 15.1773   (Y': 15.7934   Cb: 13.4072   Cr: 15.0666 )
00000859: 15.1642   (Y': 15.7744   Cb: 13.4098   Cr: 15.0506 )
00000860: 15.175    (Y': 15.8035   Cb: 13.36     Cr: 15.0889 )
00000861: 15.2325   (Y': 15.8807   Cb: 13.3665   Cr: 15.1556 )
00000862: 15.2127   (Y': 15.8175   Cb: 13.4308   Cr: 15.1581 )
00000863: 15.1831   (Y': 15.8083   Cb: 13.3965   Cr: 15.0657 )
00000864: 15.1763   (Y': 15.8024   Cb: 13.3599   Cr: 15.0997 )
00000865: 15.2198   (Y': 15.8296   Cb: 13.4595   Cr: 15.1161 )
00000866: 15.167    (Y': 15.7683   Cb: 13.4075   Cr: 15.0911 )
00000867: 15.1516   (Y': 15.7572   Cb: 13.4154   Cr: 15.0268 )
00000868: 15.1424   (Y': 15.7626   Cb: 13.3684   Cr: 15.0234 )
00000869: 15.1364   (Y': 15.7502   Cb: 13.3995   Cr: 14.9849 )
00000870: 15.1711   (Y': 15.7883   Cb: 13.421    Cr: 15.0275 )
00000871: 15.1595   (Y': 15.7784   Cb: 13.3837   Cr: 15.0477 )
00000872: 15.1426   (Y': 15.7437   Cb: 13.4169   Cr: 15.0181 )
00000873: 15.1589   (Y': 15.7865   Cb: 13.3754   Cr: 15.0287 )
00000874: 15.1518   (Y': 15.7665   Cb: 13.4192   Cr: 14.9911 )
00000875: 15.1276   (Y': 15.7645   Cb: 13.3426   Cr: 14.9686 )
00000876: 15.159    (Y': 15.7787   Cb: 13.3692   Cr: 15.0649 )
00000877: 15.1591   (Y': 15.7576   Cb: 13.4236   Cr: 15.0575 )
00000878: 15.1663   (Y': 15.7857   Cb: 13.3574   Cr: 15.1013 )
00000879: 15.1413   (Y': 15.7504   Cb: 13.3835   Cr: 15.0359 )
00000880: 15.167    (Y': 15.7851   Cb: 13.3789   Cr: 15.076  )
00000881: 15.1444   (Y': 15.7383   Cb: 13.4357   Cr: 15.0192 )
00000882: 15.1418   (Y': 15.7435   Cb: 13.4036   Cr: 15.0334 )
00000883: 15.1368   (Y': 15.74     Cb: 13.4307   Cr: 14.9769 )
00000884: 15.178    (Y': 15.7802   Cb: 13.4051   Cr: 15.1186 )
00000885: 15.1746   (Y': 15.7808   Cb: 13.408    Cr: 15.0921 )
00000886: 15.1461   (Y': 15.7562   Cb: 13.3816   Cr: 15.0473 )
00000887: 15.1569   (Y': 15.7927   Cb: 13.3489   Cr: 15.0353 )
00000888: 15.157    (Y': 15.7744   Cb: 13.3793   Cr: 15.053  )
00000889: 15.153    (Y': 15.7454   Cb: 13.3821   Cr: 15.1241 )
00000890: 15.1592   (Y': 15.7846   Cb: 13.3607   Cr: 15.0587 )
00000891: 15.1874   (Y': 15.7859   Cb: 13.4334   Cr: 15.1126 )
00000892: 15.1979   (Y': 15.845    Cb: 13.361    Cr: 15.0812 )
00000893: 15.2152   (Y': 15.8759   Cb: 13.386    Cr: 15.0419 )
00000894: 15.2225   (Y': 15.8973   Cb: 13.3797   Cr: 15.0224 )
00000895: 15.2292   (Y': 15.9056   Cb: 13.3825   Cr: 15.0298 )
00000896: 15.2531   (Y': 15.9343   Cb: 13.3761   Cr: 15.0824 )
00000897: 15.2528   (Y': 15.9158   Cb: 13.4364   Cr: 15.0534 )
00000898: 15.2616   (Y': 15.9351   Cb: 13.4252   Cr: 15.0566 )
00000899: 15.3225   (Y': 16.0339   Cb: 13.4277   Cr: 15.0797 )
00000900: 15.3515   (Y': 16.0343   Cb: 13.4849   Cr: 15.16   )
00000901: 15.294    (Y': 15.9853   Cb: 13.431    Cr: 15.0699 )
00000902: 15.2018   (Y': 15.7955   Cb: 13.4722   Cr: 15.108  )
00000903: 15.1554   (Y': 15.7449   Cb: 13.4334   Cr: 15.0649 )
00000904: 15.2017   (Y': 15.8109   Cb: 13.4243   Cr: 15.1246 )
00000905: 15.1848   (Y': 15.8089   Cb: 13.4432   Cr: 15.006  )
00000906: 15.1649   (Y': 15.7727   Cb: 13.4004   Cr: 15.0738 )
00000907: 15.181    (Y': 15.7824   Cb: 13.4406   Cr: 15.0768 )
00000908: 15.1735   (Y': 15.7764   Cb: 13.4251   Cr: 15.0756 )
00000909: 15.1869   (Y': 15.795    Cb: 13.4564   Cr: 15.0451 )
00000910: 15.229    (Y': 15.8804   Cb: 13.4098   Cr: 15.0718 )
00000911: 15.2993   (Y': 15.9569   Cb: 13.4749   Cr: 15.129  )
00000912: 15.3697   (Y': 16.043    Cb: 13.5082   Cr: 15.2023 )
00000913: 15.3676   (Y': 16.0825   Cb: 13.4234   Cr: 15.1869 )
00000914: 15.3411   (Y': 16.0643   Cb: 13.4105   Cr: 15.1132 )
00000915: 15.3595   (Y': 16.0427   Cb: 13.4689   Cr: 15.2025 )
00000916: 15.3424   (Y': 16.0247   Cb: 13.4451   Cr: 15.1984 )
00000917: 15.2751   (Y': 15.9841   Cb: 13.3843   Cr: 15.0342 )
00000918: 15.2316   (Y': 15.9179   Cb: 13.3588   Cr: 15.0384 )
00000919: 15.2333   (Y': 15.8976   Cb: 13.3813   Cr: 15.0817 )
00000920: 15.2351   (Y': 15.899    Cb: 13.3751   Cr: 15.0965 )
00000921: 15.2686   (Y': 15.9194   Cb: 13.4308   Cr: 15.1408 )
00000922: 15.2092   (Y': 15.8459   Cb: 13.3763   Cr: 15.1216 )
00000923: 15.2571   (Y': 15.9177   Cb: 13.4109   Cr: 15.1091 )
00000924: 15.1803   (Y': 15.8472   Cb: 13.2836   Cr: 15.0867 )
00000925: 15.2152   (Y': 15.895    Cb: 13.3591   Cr: 15.0187 )
00000926: 15.2451   (Y': 15.896    Cb: 13.3911   Cr: 15.1411 )
00000927: 15.2259   (Y': 15.8877   Cb: 13.3827   Cr: 15.0694 )
00000928: 15.4058   (Y': 16.153    Cb: 13.4161   Cr: 15.1896 )
00000929: 15.3644   (Y': 16.1059   Cb: 13.3944   Cr: 15.1367 )
00000930: 15.2738   (Y': 15.9783   Cb: 13.3832   Cr: 15.0474 )
00000931: 15.2586   (Y': 15.931    Cb: 13.3788   Cr: 15.1216 )
00000932: 15.2213   (Y': 15.9002   Cb: 13.3528   Cr: 15.0456 )
00000933: 15.2255   (Y': 15.9187   Cb: 13.3546   Cr: 15.007  )
00000934: 15.2449   (Y': 15.9371   Cb: 13.342    Cr: 15.077  )
00000935: 15.2079   (Y': 15.8884   Cb: 13.3406   Cr: 15.0253 )
00000936: 15.2372   (Y': 15.9057   Cb: 13.3755   Cr: 15.0862 )
00000937: 15.2216   (Y': 15.8809   Cb: 13.4106   Cr: 15.0263 )
00000938: 15.2243   (Y': 15.9055   Cb: 13.3455   Cr: 15.0563 )
00000939: 15.2193   (Y': 15.8975   Cb: 13.3498   Cr: 15.0474 )
00000940: 15.2078   (Y': 15.8978   Cb: 13.3452   Cr: 14.9875 )
00000941: 15.2466   (Y': 15.9597   Cb: 13.3448   Cr: 15.0089 )
00000942: 15.2521   (Y': 15.9527   Cb: 13.3861   Cr: 15.0025 )
00000943: 15.2975   (Y': 15.9795   Cb: 13.4104   Cr: 15.1393 )
00000944: 15.2951   (Y': 15.9809   Cb: 13.4089   Cr: 15.123  )
00000945: 15.3209   (Y': 16.0583   Cb: 13.333    Cr: 15.1334 )
00000946: 15.3283   (Y': 16.0133   Cb: 13.4453   Cr: 15.1541 )
00000947: 15.3584   (Y': 16.0346   Cb: 13.4653   Cr: 15.2286 )
00000948: 15.309    (Y': 16.0066   Cb: 13.4238   Cr: 15.097  )
00000949: 15.3566   (Y': 16.0677   Cb: 13.4329   Cr: 15.1577 )
00000950: 15.3942   (Y': 16.0765   Cb: 13.523    Cr: 15.2114 )
00000951: 15.3823   (Y': 16.0896   Cb: 13.4856   Cr: 15.1555 )
00000952: 15.3795   (Y': 16.0793   Cb: 13.5051   Cr: 15.1447 )
00000953: 15.3584   (Y': 16.0343   Cb: 13.5058   Cr: 15.1692 )
00000954: 15.3918   (Y': 16.0646   Cb: 13.5533   Cr: 15.1924 )
00000955: 15.3849   (Y': 16.0494   Cb: 13.5307   Cr: 15.2358 )
00000956: 15.3736   (Y': 16.069    Cb: 13.5154   Cr: 15.1294 )
00000957: 15.3396   (Y': 15.961    Cb: 13.5801   Cr: 15.1956 )
00000958: 15.256    (Y': 15.8445   Cb: 13.5121   Cr: 15.2005 )
00000959: 15.1474   (Y': 15.6632   Cb: 13.5396   Cr: 15.1475 )
00000960: 15.2884   (Y': 15.8585   Cb: 13.6023   Cr: 15.2122 )
00000961: 15.3672   (Y': 15.9664   Cb: 13.6226   Cr: 15.2765 )
00000962: 15.3988   (Y': 16.0142   Cb: 13.6251   Cr: 15.2955 )
00000963: 15.3649   (Y': 15.974    Cb: 13.5559   Cr: 15.3357 )
00000964: 15.2031   (Y': 15.7739   Cb: 13.5282   Cr: 15.1081 )
00000965: 15.0404   (Y': 15.5244   Cb: 13.4583   Cr: 15.1175 )
00000966: 15.0828   (Y': 15.5456   Cb: 13.5499   Cr: 15.166  )
00000967: 15.1435   (Y': 15.649    Cb: 13.5308   Cr: 15.1879 )
Total: 15.3361   (Y': 15.9627   Cb: 13.5327   Cr: 15.2388 )
