00000001: 13.5605   (Y': 12.7962   Cb: 15.033    Cr: 16.4184 )
00000000: 31.7036   (Y': 40.8341   Cb: 27.3013   Cr: 27.3013 )
00000002: 13.5709   (Y': 12.8302   Cb: 14.9806   Cr: 16.3011 )
00000003: 13.5884   (Y': 12.822    Cb: 15.0431   Cr: 16.4907 )
00000005: 13.4185   (Y': 12.6612   Cb: 14.844    Cr: 16.2768 )
00000006: 13.4208   (Y': 12.6738   Cb: 14.7823   Cr: 16.2733 )
00000007: 13.308    (Y': 12.5604   Cb: 14.7177   Cr: 16.0997 )
00000004: 13.4831   (Y': 12.7409   Cb: 14.8328   Cr: 16.3091 )
00000009: 13.3233   (Y': 12.5775   Cb: 14.7463   Cr: 16.0812 )
00000008: 13.3873   (Y': 12.6636   Cb: 14.6804   Cr: 16.1264 )
00000010: 13.3251   (Y': 12.6241   Cb: 15.4149   Cr: 14.9919 )
00000011: 13.3233   (Y': 12.6315   Cb: 15.3014   Cr: 15.0298 )
00000012: 13.3364   (Y': 12.6381   Cb: 15.376    Cr: 15.0301 )
00000014: 13.2992   (Y': 12.6066   Cb: 15.3356   Cr: 14.9563 )
00000013: 13.3343   (Y': 12.644    Cb: 15.3763   Cr: 14.9709 )
00000015: 13.3131   (Y': 12.636    Cb: 15.2902   Cr: 14.9193 )
00000017: 14.2155   (Y': 13.4093   Cb: 16.6815   Cr: 16.3106 )
00000016: 12.7202   (Y': 11.7219   Cb: 16.1188   Cr: 15.6528 )
00000019: 12.3669   (Y': 11.3202   Cb: 15.9789   Cr: 15.6039 )
00000018: 14.267    (Y': 13.4587   Cb: 16.6527   Cr: 16.453  )
00000020: 12.1744   (Y': 11.1113   Cb: 15.903    Cr: 15.4825 )
00000022: 12.2254   (Y': 11.1591   Cb: 15.972    Cr: 15.5527 )
00000021: 12.217    (Y': 11.1582   Cb: 15.9354   Cr: 15.4883 )
00000023: 12.8196   (Y': 11.842    Cb: 16.0644   Cr: 15.689  )
00000024: 12.3948   (Y': 11.3575   Cb: 15.9693   Cr: 15.567  )
00000025: 12.3931   (Y': 11.3584   Cb: 15.8616   Cr: 15.6359 )
00000026: 12.1827   (Y': 11.112    Cb: 15.8826   Cr: 15.6024 )
00000027: 12.5927   (Y': 11.5983   Cb: 15.9169   Cr: 15.5548 )
00000028: 12.3861   (Y': 11.3508   Cb: 15.9288   Cr: 15.5657 )
00000029: 12.3982   (Y': 11.3668   Cb: 15.9397   Cr: 15.5379 )
00000030: 12.4158   (Y': 11.3775   Cb: 15.9208   Cr: 15.6629 )
00000031: 12.2586   (Y': 11.21     Cb: 15.8377   Cr: 15.5463 )
00000032: 12.2425   (Y': 11.186    Cb: 15.9457   Cr: 15.5021 )
00000034: 12.6693   (Y': 11.6854   Cb: 15.9096   Cr: 15.6046 )
00000033: 12.5616   (Y': 11.5503   Cb: 15.9986   Cr: 15.5892 )
00000035: 12.9055   (Y': 11.9655   Cb: 15.9005   Cr: 15.6495 )
00000036: 13.0626   (Y': 12.1408   Cb: 15.9669   Cr: 15.7241 )
00000037: 13.3783   (Y': 12.4788   Cb: 16.2159   Cr: 15.9033 )
00000038: 13.4455   (Y': 12.5695   Cb: 16.1737   Cr: 15.8677 )
00000039: 12.9261   (Y': 11.9735   Cb: 15.9972   Cr: 15.7171 )
00000040: 12.8649   (Y': 11.9263   Cb: 15.9239   Cr: 15.5371 )
00000042: 12.4297   (Y': 11.4154   Cb: 15.8722   Cr: 15.4829 )
00000041: 12.5056   (Y': 11.4987   Cb: 15.8875   Cr: 15.539  )
00000043: 12.2284   (Y': 11.1736   Cb: 15.9493   Cr: 15.4533 )
00000044: 12.1942   (Y': 11.1458   Cb: 15.8457   Cr: 15.4141 )
00000045: 12.1609   (Y': 11.108    Cb: 15.8377   Cr: 15.4048 )
00000046: 12.1874   (Y': 11.1345   Cb: 15.8444   Cr: 15.4494 )
00000047: 12.558    (Y': 11.601    Cb: 15.7254   Cr: 15.3015 )
00000048: 12.6703   (Y': 11.7392   Cb: 15.6789   Cr: 15.3201 )
00000049: 13.0017   (Y': 12.189    Cb: 15.4723   Cr: 15.1439 )
00000050: 13.0673   (Y': 12.2873   Cb: 15.3804   Cr: 15.1013 )
00000051: 13.5363   (Y': 12.9091   Cb: 15.2836   Cr: 15.0249 )
00000052: 13.6378   (Y': 13.0662   Cb: 15.2022   Cr: 14.9466 )
00000053: 13.8869   (Y': 13.296    Cb: 15.5508   Cr: 15.2223 )
00000054: 13.8574   (Y': 13.1915   Cb: 15.7449   Cr: 15.4711 )
00000055: 13.918    (Y': 13.1675   Cb: 16.0321   Cr: 15.9187 )
00000057: 13.8174   (Y': 13.0516   Cb: 16.0598   Cr: 15.8104 )
00000056: 13.8948   (Y': 13.1505   Cb: 16.0426   Cr: 15.8171 )
00000058: 13.5023   (Y': 12.6647   Cb: 16.055    Cr: 15.7669 )
00000059: 12.7503   (Y': 11.7689   Cb: 15.978    Cr: 15.6727 )
00000061: 13.7471   (Y': 12.9547   Cb: 16.0815   Cr: 15.8573 )
00000060: 12.883    (Y': 11.9334   Cb: 15.8897   Cr: 15.7063 )
00000062: 13.6983   (Y': 12.9006   Cb: 16.1339   Cr: 15.7556 )
00000063: 13.5619   (Y': 12.7647   Cb: 15.9441   Cr: 15.665  )
00000064: 13.3413   (Y': 12.4931   Cb: 15.8962   Cr: 15.692  )
00000065: 12.8493   (Y': 11.9214   Cb: 15.8209   Cr: 15.503  )
00000066: 12.968    (Y': 12.0952   Cb: 15.7053   Cr: 15.3539 )
00000067: 13.226    (Y': 12.5068   Cb: 15.3548   Cr: 14.9848 )
00000068: 13.2416   (Y': 12.53     Cb: 15.3223   Cr: 14.9904 )
00000070: 13.1877   (Y': 12.4769   Cb: 15.2507   Cr: 14.9478 )
00000069: 13.1697   (Y': 12.4435   Cb: 15.3327   Cr: 14.9464 )
00000071: 13.3408   (Y': 12.6681   Cb: 15.254    Cr: 14.9769 )
00000072: 13.3139   (Y': 12.6517   Cb: 15.1753   Cr: 14.9276 )
00000074: 13.2382   (Y': 12.5843   Cb: 15.1078   Cr: 14.7887 )
00000073: 13.2521   (Y': 12.5761   Cb: 15.2181   Cr: 14.8615 )
00000075: 13.3163   (Y': 12.6886   Cb: 15.1705   Cr: 14.71   )
00000076: 13.283    (Y': 12.6166   Cb: 15.1951   Cr: 14.8773 )
00000077: 13.2399   (Y': 12.5892   Cb: 15.0734   Cr: 14.8021 )
00000078: 13.2877   (Y': 12.6349   Cb: 15.2018   Cr: 14.7893 )
00000079: 13.2512   (Y': 12.5982   Cb: 15.1474   Cr: 14.7707 )
00000080: 13.2974   (Y': 12.6645   Cb: 15.1603   Cr: 14.7167 )
00000081: 13.1963   (Y': 12.5274   Cb: 15.1108   Cr: 14.805  )
00000082: 13.2662   (Y': 12.6167   Cb: 15.1221   Cr: 14.7999 )
00000083: 13.2162   (Y': 12.5729   Cb: 15.1185   Cr: 14.6667 )
00000084: 13.2106   (Y': 12.5676   Cb: 15.0584   Cr: 14.7086 )
00000085: 13.2452   (Y': 12.6061   Cb: 15.0946   Cr: 14.7164 )
00000087: 13.1929   (Y': 12.5399   Cb: 15.0176   Cr: 14.7796 )
00000086: 13.2193   (Y': 12.5879   Cb: 15.0076   Cr: 14.6971 )
00000090: 13.151    (Y': 12.5018   Cb: 15.0656   Cr: 14.629  )
00000088: 13.2151   (Y': 12.5773   Cb: 15.0053   Cr: 14.7332 )
00000089: 13.1708   (Y': 12.508    Cb: 15.0846   Cr: 14.7397 )
00000091: 13.1587   (Y': 12.5211   Cb: 15.0301   Cr: 14.6004 )
00000092: 13.1611   (Y': 12.5202   Cb: 15.0124   Cr: 14.6422 )
00000093: 13.1922   (Y': 12.5703   Cb: 14.9802   Cr: 14.6089 )
00000094: 13.2075   (Y': 12.5722   Cb: 15.0106   Cr: 14.6967 )
00000095: 13.2189   (Y': 12.6094   Cb: 14.9846   Cr: 14.5774 )
00000096: 13.2468   (Y': 12.6284   Cb: 15.0684   Cr: 14.6109 )
00000098: 13.1885   (Y': 12.5814   Cb: 14.9156   Cr: 14.5667 )
00000097: 13.2001   (Y': 12.5839   Cb: 14.9385   Cr: 14.6257 )
00000099: 13.2162   (Y': 12.6051   Cb: 14.9872   Cr: 14.5793 )
00000100: 13.2      (Y': 12.5807   Cb: 15.0365   Cr: 14.5563 )
00000101: 13.1611   (Y': 12.5255   Cb: 14.9611   Cr: 14.6553 )
00000102: 13.242    (Y': 12.6099   Cb: 14.9897   Cr: 14.7622 )
00000103: 13.1834   (Y': 12.5787   Cb: 14.92     Cr: 14.5384 )
00000104: 13.2173   (Y': 12.6026   Cb: 14.9819   Cr: 14.609  )
00000105: 13.1722   (Y': 12.5632   Cb: 14.9868   Cr: 14.4837 )
00000106: 13.221    (Y': 12.6107   Cb: 15.0423   Cr: 14.5345 )
00000107: 13.1835   (Y': 12.5688   Cb: 14.927    Cr: 14.5952 )
00000108: 13.1564   (Y': 12.5331   Cb: 14.9615   Cr: 14.5666 )
00000110: 13.1873   (Y': 12.5817   Cb: 14.9759   Cr: 14.5008 )
00000109: 13.1135   (Y': 12.468    Cb: 14.9836   Cr: 14.608  )
00000111: 13.1972   (Y': 12.5989   Cb: 14.9894   Cr: 14.4622 )
00000112: 13.2058   (Y': 12.5969   Cb: 14.9891   Cr: 14.5452 )
00000114: 13.1033   (Y': 12.4513   Cb: 15.0093   Cr: 14.6074 )
00000113: 13.1686   (Y': 12.5424   Cb: 14.9725   Cr: 14.5978 )
00000115: 13.1087   (Y': 12.4686   Cb: 14.9978   Cr: 14.5502 )
00000116: 13.2335   (Y': 12.6236   Cb: 15.0359   Cr: 14.5611 )
00000117: 13.2212   (Y': 12.6235   Cb: 15.0404   Cr: 14.459  )
00000119: 13.1188   (Y': 12.4915   Cb: 14.9155   Cr: 14.5626 )
00000118: 13.1707   (Y': 12.5468   Cb: 15.0181   Cr: 14.5462 )
00000120: 13.1416   (Y': 12.5211   Cb: 14.9867   Cr: 14.4978 )
00000122: 13.1373   (Y': 12.5146   Cb: 14.9622   Cr: 14.5255 )
00000121: 13.2012   (Y': 12.5872   Cb: 15.0008   Cr: 14.5572 )
00000123: 13.1209   (Y': 12.505    Cb: 14.889    Cr: 14.5181 )
00000124: 13.1516   (Y': 12.5273   Cb: 14.9466   Cr: 14.5773 )
00000125: 13.1651   (Y': 12.5396   Cb: 14.9881   Cr: 14.5734 )
00000126: 13.1386   (Y': 12.5162   Cb: 14.9677   Cr: 14.521  )
00000127: 13.1643   (Y': 12.5363   Cb: 15.0037   Cr: 14.5737 )
00000128: 13.3477   (Y': 12.7844   Cb: 14.9272   Cr: 14.5915 )
00000129: 13.7282   (Y': 13.251    Cb: 15.0596   Cr: 14.7004 )
00000130: 13.7901   (Y': 13.3359   Cb: 15.0243   Cr: 14.7247 )
00000132: 13.8419   (Y': 13.3354   Cb: 15.2806   Cr: 14.8809 )
00000131: 13.8448   (Y': 13.3649   Cb: 15.2207   Cr: 14.7909 )
00000133: 13.7931   (Y': 13.2065   Cb: 15.4275   Cr: 15.1288 )
00000135: 13.5448   (Y': 12.8575   Cb: 15.5856   Cr: 15.1616 )
00000134: 13.7185   (Y': 13.114    Cb: 15.447    Cr: 15.0799 )
00000136: 13.3944   (Y': 12.6501   Cb: 15.6483   Cr: 15.2179 )
00000137: 13.5708   (Y': 12.8195   Cb: 15.8794   Cr: 15.3962 )
00000138: 13.4096   (Y': 12.7088   Cb: 15.5641   Cr: 15.0169 )
00000139: 12.3982   (Y': 11.4696   Cb: 15.2384   Cr: 15.1853 )
00000140: 12.392    (Y': 11.4488   Cb: 15.3229   Cr: 15.2274 )
00000141: 13.3349   (Y': 12.6688   Cb: 15.016    Cr: 15.1532 )
00000142: 13.3878   (Y': 12.7443   Cb: 14.951    Cr: 15.1698 )
00000143: 11.7916   (Y': 10.9148   Cb: 14.3354   Cr: 14.4005 )
00000144: 12.2661   (Y': 11.4712   Cb: 14.3825   Cr: 14.6151 )
00000145: 12.8867   (Y': 12.2027   Cb: 14.5538   Cr: 14.849  )
00000146: 13.1399   (Y': 12.5357   Cb: 14.5224   Cr: 14.8436 )
00000147: 13.4128   (Y': 12.8918   Cb: 14.5      Cr: 14.8906 )
00000148: 13.6394   (Y': 13.1999   Cb: 14.5035   Cr: 14.8636 )
00000149: 14.0827   (Y': 13.7867   Cb: 14.5395   Cr: 14.9569 )
00000150: 14.0818   (Y': 13.8324   Cb: 14.3705   Cr: 14.9018 )
00000151: 13.9734   (Y': 13.8802   Cb: 14.0065   Cr: 14.3316 )
00000152: 13.9385   (Y': 13.9136   Cb: 13.812    Cr: 14.1733 )
00000153: 13.7968   (Y': 13.9654   Cb: 13.2321   Cr: 13.7392 )
00000154: 13.7507   (Y': 13.9533   Cb: 13.2189   Cr: 13.5303 )
00000155: 13.6405   (Y': 13.9629   Cb: 12.7884   Cr: 13.3489 )
00000156: 13.6971   (Y': 14.0215   Cb: 12.841    Cr: 13.4035 )
00000157: 13.6051   (Y': 14.0125   Cb: 12.6391   Cr: 13.1556 )
00000159: 13.4892   (Y': 13.8624   Cb: 12.6029   Cr: 13.0634 )
00000158: 13.5498   (Y': 13.9301   Cb: 12.6292   Cr: 13.139  )
00000160: 13.5171   (Y': 13.932    Cb: 12.5591   Cr: 13.0342 )
00000161: 13.5433   (Y': 13.9767   Cb: 12.6022   Cr: 12.9818 )
00000162: 13.6265   (Y': 14.0754   Cb: 12.6318   Cr: 13.075  )
00000163: 13.5422   (Y': 13.9717   Cb: 12.583    Cr: 13.0135 )
00000164: 13.3864   (Y': 13.8309   Cb: 12.4177   Cr: 12.8199 )
00000165: 13.0651   (Y': 13.4723   Cb: 12.1713   Cr: 12.5362 )
00000166: 12.902    (Y': 13.3208   Cb: 12.004    Cr: 12.3404 )
00000167: 12.3937   (Y': 12.7156   Cb: 11.7886   Cr: 11.8389 )
00000169: 11.7129   (Y': 11.7038   Cb: 11.9103   Cr: 11.5592 )
00000168: 12.1895   (Y': 12.399    Cb: 11.8209   Cr: 11.7765 )
00000170: 11.7102   (Y': 11.7001   Cb: 11.917    Cr: 11.5516 )
00000171: 11.909    (Y': 11.8915   Cb: 12.1653   Cr: 11.734  )
00000172: 11.831    (Y': 11.8213   Cb: 12.1185   Cr: 11.598  )
00000173: 11.9573   (Y': 11.9366   Cb: 12.2404   Cr: 11.7707 )
00000174: 11.9506   (Y': 11.9172   Cb: 12.2645   Cr: 11.7852 )
00000175: 11.9623   (Y': 11.9303   Cb: 12.2284   Cr: 11.8345 )
00000176: 11.8799   (Y': 11.8344   Cb: 12.1804   Cr: 11.7736 )
00000177: 11.823    (Y': 11.7656   Cb: 12.1819   Cr: 11.7112 )
00000178: 11.7711   (Y': 11.7116   Cb: 12.0777   Cr: 11.715  )
00000179: 11.6855   (Y': 11.6248   Cb: 12.0265   Cr: 11.6029 )
00000180: 11.5977   (Y': 11.4903   Cb: 12.0323   Cr: 11.6194 )
00000181: 11.5197   (Y': 11.3989   Cb: 11.9737   Cr: 11.5789 )
00000183: 11.4527   (Y': 11.3382   Cb: 11.9543   Cr: 11.4429 )
00000182: 11.4929   (Y': 11.3615   Cb: 12.011    Cr: 11.5383 )
00000184: 11.4589   (Y': 11.3429   Cb: 11.9388   Cr: 11.4745 )
00000185: 11.3859   (Y': 11.2506   Cb: 11.8899   Cr: 11.4604 )
00000186: 11.4323   (Y': 11.3081   Cb: 11.9326   Cr: 11.4639 )
00000187: 11.434    (Y': 11.2979   Cb: 11.9534   Cr: 11.4977 )
00000188: 11.4094   (Y': 11.2673   Cb: 11.9204   Cr: 11.5063 )
00000189: 11.4688   (Y': 11.3272   Cb: 12.0008   Cr: 11.5444 )
00000191: 11.3739   (Y': 11.2312   Cb: 11.8602   Cr: 11.4957 )
00000190: 11.4129   (Y': 11.2687   Cb: 11.9063   Cr: 11.535  )
00000192: 11.402    (Y': 11.2575   Cb: 11.9237   Cr: 11.499  )
00000193: 11.4531   (Y': 11.3285   Cb: 11.9428   Cr: 11.4957 )
00000194: 11.4557   (Y': 11.3383   Cb: 11.9088   Cr: 11.5015 )
00000195: 11.4182   (Y': 11.2832   Cb: 11.9168   Cr: 11.4962 )
00000196: 11.4381   (Y': 11.3163   Cb: 11.8843   Cr: 11.5087 )
00000197: 11.4978   (Y': 11.3732   Cb: 11.9854   Cr: 11.5423 )
00000199: 11.4287   (Y': 11.2845   Cb: 11.9131   Cr: 11.5585 )
00000198: 11.4703   (Y': 11.318    Cb: 11.9633   Cr: 11.6272 )
00000200: 11.4699   (Y': 11.3385   Cb: 11.9513   Cr: 11.5487 )
00000201: 11.4645   (Y': 11.3375   Cb: 11.9486   Cr: 11.5222 )
00000202: 11.546    (Y': 11.4289   Cb: 12.0233   Cr: 11.5687 )
00000203: 11.6103   (Y': 11.5112   Cb: 12.0043   Cr: 11.6348 )
00000204: 11.492    (Y': 11.3805   Cb: 11.9493   Cr: 11.5098 )
00000205: 11.5102   (Y': 11.3962   Cb: 11.9496   Cr: 11.5546 )
00000206: 11.5179   (Y': 11.4055   Cb: 12.0132   Cr: 11.5053 )
00000207: 11.4547   (Y': 11.3265   Cb: 11.95     Cr: 11.5073 )
00000208: 11.5638   (Y': 11.4431   Cb: 12.0169   Cr: 11.6238 )
00000209: 11.3611   (Y': 11.204    Cb: 11.9007   Cr: 11.4957 )
00000210: 11.4182   (Y': 11.2733   Cb: 11.9092   Cr: 11.5452 )
00000211: 11.4448   (Y': 11.3161   Cb: 11.9689   Cr: 11.4738 )
00000212: 11.4977   (Y': 11.3745   Cb: 11.9659   Cr: 11.5538 )
00000213: 11.4658   (Y': 11.3448   Cb: 11.9176   Cr: 11.528  )
00000214: 11.3772   (Y': 11.245    Cb: 11.9038   Cr: 11.4185 )
00000215: 11.4673   (Y': 11.3406   Cb: 11.9639   Cr: 11.5125 )
00000216: 11.4852   (Y': 11.388    Cb: 11.8948   Cr: 11.4873 )
00000217: 11.404    (Y': 11.252    Cb: 11.9098   Cr: 11.5474 )
00000218: 11.454    (Y': 11.2994   Cb: 11.9857   Cr: 11.5852 )
00000219: 11.4215   (Y': 11.2738   Cb: 11.9844   Cr: 11.4951 )
00000220: 11.5064   (Y': 11.3585   Cb: 12.008    Cr: 11.636  )
00000221: 11.5151   (Y': 11.4001   Cb: 11.9797   Cr: 11.5405 )
00000222: 11.497    (Y': 11.3617   Cb: 12.0074   Cr: 11.5657 )
00000223: 11.4869   (Y': 11.3519   Cb: 11.9832   Cr: 11.5672 )
00000224: 11.4842   (Y': 11.3471   Cb: 12.0019   Cr: 11.5538 )
00000225: 11.4882   (Y': 11.3628   Cb: 11.9617   Cr: 11.5487 )
00000226: 11.4326   (Y': 11.2921   Cb: 11.9242   Cr: 11.5401 )
00000227: 11.4419   (Y': 11.3148   Cb: 11.9623   Cr: 11.4679 )
00000228: 11.5419   (Y': 11.4308   Cb: 12.0035   Cr: 11.5544 )
00000229: 11.4801   (Y': 11.3722   Cb: 11.8683   Cr: 11.5464 )
00000230: 11.5203   (Y': 11.3969   Cb: 12.0062   Cr: 11.5615 )
00000231: 11.4766   (Y': 11.3447   Cb: 11.9374   Cr: 11.5759 )
00000232: 11.5379   (Y': 11.4335   Cb: 11.8958   Cr: 11.6179 )
00000233: 11.4961   (Y': 11.3648   Cb: 11.9808   Cr: 11.5715 )
00000234: 11.602    (Y': 11.5022   Cb: 12.0383   Cr: 11.5908 )
00000235: 11.5067   (Y': 11.4055   Cb: 11.9292   Cr: 11.5138 )
00000237: 11.4742   (Y': 11.3522   Cb: 11.9432   Cr: 11.5247 )
00000236: 11.5482   (Y': 11.4379   Cb: 11.9784   Cr: 11.5858 )
00000238: 11.5388   (Y': 11.4361   Cb: 11.9661   Cr: 11.5476 )
00000239: 11.562    (Y': 11.4686   Cb: 11.9736   Cr: 11.547  )
00000240: 11.4919   (Y': 11.3888   Cb: 11.9262   Cr: 11.4961 )
00000241: 11.4765   (Y': 11.356    Cb: 11.9727   Cr: 11.4962 )
00000242: 11.465    (Y': 11.3454   Cb: 11.9409   Cr: 11.4994 )
00000243: 11.6029   (Y': 11.511    Cb: 11.9968   Cr: 11.5979 )
00000244: 11.5432   (Y': 11.429    Cb: 11.9577   Cr: 11.6113 )
00000245: 11.6702   (Y': 11.5967   Cb: 12.0221   Cr: 11.6287 )
00000246: 11.5596   (Y': 11.4416   Cb: 11.9969   Cr: 11.6225 )
00000247: 11.6107   (Y': 11.5249   Cb: 12.0049   Cr: 11.5809 )
00000248: 11.7325   (Y': 11.6735   Cb: 12.0183   Cr: 11.6937 )
00000249: 11.8121   (Y': 11.7761   Cb: 12.0552   Cr: 11.721  )
00000250: 11.5751   (Y': 11.4677   Cb: 11.9749   Cr: 11.6285 )
00000251: 11.5604   (Y': 11.4266   Cb: 12.0584   Cr: 11.6338 )
00000253: 11.7099   (Y': 11.6407   Cb: 12.0362   Cr: 11.675  )
00000252: 11.7626   (Y': 11.716    Cb: 12.0319   Cr: 11.6896 )
00000254: 11.881    (Y': 11.8483   Cb: 12.1416   Cr: 11.7611 )
00000255: 11.5831   (Y': 11.4812   Cb: 12.0138   Cr: 11.5855 )
00000256: 11.6238   (Y': 11.5012   Cb: 12.0819   Cr: 11.6867 )
00000257: 11.556    (Y': 11.4514   Cb: 12.0187   Cr: 11.5405 )
00000258: 11.6537   (Y': 11.5648   Cb: 12.0525   Cr: 11.632  )
00000259: 11.8084   (Y': 11.7488   Cb: 12.0652   Cr: 11.7988 )
00000260: 11.6811   (Y': 11.607    Cb: 12.0508   Cr: 11.626  )
00000261: 11.5537   (Y': 11.427    Cb: 12.0355   Cr: 11.6123 )
00000262: 11.5652   (Y': 11.4691   Cb: 11.9526   Cr: 11.5835 )
00000263: 11.7617   (Y': 11.6982   Cb: 12.0896   Cr: 11.7023 )
00000265: 11.7905   (Y': 11.7306   Cb: 12.1192   Cr: 11.7156 )
00000264: 11.8233   (Y': 11.7745   Cb: 12.0713   Cr: 11.7791 )
00000266: 11.5759   (Y': 11.4309   Cb: 12.0479   Cr: 11.7207 )
00000267: 11.7503   (Y': 11.688    Cb: 12.0507   Cr: 11.7113 )
00000269: 11.7693   (Y': 11.7232   Cb: 12.0533   Cr: 11.6802 )
00000268: 11.7388   (Y': 11.6498   Cb: 12.0883   Cr: 11.7625 )
00000270: 11.8264   (Y': 11.7747   Cb: 12.1296   Cr: 11.7427 )
00000271: 11.7266   (Y': 11.6608   Cb: 11.9957   Cr: 11.7307 )
00000272: 11.4836   (Y': 11.3477   Cb: 11.9692   Cr: 11.5775 )
00000273: 11.6483   (Y': 11.545    Cb: 12.0469   Cr: 11.686  )
00000275: 11.7467   (Y': 11.678    Cb: 12.0847   Cr: 11.699  )
00000274: 11.7473   (Y': 11.6846   Cb: 12.0457   Cr: 11.7117 )
00000276: 11.5949   (Y': 11.4604   Cb: 12.0686   Cr: 11.6934 )
00000277: 11.6959   (Y': 11.6114   Cb: 12.0173   Cr: 11.7277 )
00000278: 11.591    (Y': 11.4663   Cb: 12.0418   Cr: 11.6694 )
00000279: 11.6067   (Y': 11.4619   Cb: 12.0965   Cr: 11.7342 )
00000280: 11.7254   (Y': 11.6441   Cb: 12.0864   Cr: 11.7072 )
00000281: 11.6236   (Y': 11.4917   Cb: 12.0642   Cr: 11.7419 )
00000282: 11.4613   (Y': 11.3295   Cb: 11.9619   Cr: 11.5238 )
00000283: 11.6204   (Y': 11.5194   Cb: 11.9941   Cr: 11.6713 )
00000284: 11.6688   (Y': 11.5786   Cb: 12.0499   Cr: 11.6685 )
00000285: 11.4953   (Y': 11.3518   Cb: 12.0086   Cr: 11.596  )
00000286: 11.588    (Y': 11.4738   Cb: 12.0391   Cr: 11.6223 )
00000287: 11.4785   (Y': 11.3405   Cb: 11.9437   Cr: 11.6    )
00000288: 11.5188   (Y': 11.3847   Cb: 11.984    Cr: 11.6235 )
00000289: 11.6291   (Y': 11.5342   Cb: 12.0099   Cr: 11.6484 )
00000290: 11.584    (Y': 11.4854   Cb: 12.0112   Cr: 11.5763 )
00000291: 11.5133   (Y': 11.3779   Cb: 11.9872   Cr: 11.6153 )
00000292: 11.4777   (Y': 11.3395   Cb: 12.0185   Cr: 11.5311 )
00000293: 11.5358   (Y': 11.405    Cb: 11.9455   Cr: 11.6784 )
00000294: 11.5452   (Y': 11.4309   Cb: 12.0036   Cr: 11.5738 )
00000295: 11.4555   (Y': 11.3096   Cb: 12.0039   Cr: 11.5343 )
00000296: 11.4904   (Y': 11.3613   Cb: 11.9426   Cr: 11.5863 )
00000297: 11.4978   (Y': 11.3741   Cb: 11.9471   Cr: 11.5735 )
00000298: 11.5371   (Y': 11.408    Cb: 11.9628   Cr: 11.657  )
00000299: 11.4856   (Y': 11.3517   Cb: 11.9088   Cr: 11.6287 )
00000300: 11.5157   (Y': 11.3609   Cb: 12.0203   Cr: 11.6724 )
00000301: 11.5502   (Y': 11.4285   Cb: 11.9857   Cr: 11.6304 )
00000302: 11.4865   (Y': 11.3268   Cb: 12.0252   Cr: 11.6331 )
00000303: 11.4552   (Y': 11.2995   Cb: 12.0129   Cr: 11.5672 )
00000304: 11.5633   (Y': 11.4374   Cb: 12.0171   Cr: 11.6441 )
00000305: 11.4816   (Y': 11.3456   Cb: 11.9509   Cr: 11.591  )
00000306: 11.4912   (Y': 11.3531   Cb: 11.9764   Cr: 11.5948 )
00000307: 11.519    (Y': 11.3845   Cb: 12.0077   Cr: 11.6039 )
00000308: 11.4854   (Y': 11.3514   Cb: 11.9929   Cr: 11.5509 )
00000309: 11.5373   (Y': 11.4013   Cb: 11.9914   Cr: 11.6606 )
00000310: 11.4843   (Y': 11.3326   Cb: 12.039    Cr: 11.5823 )
00000311: 11.5314   (Y': 11.3989   Cb: 12.0225   Cr: 11.6059 )
00000312: 11.5453   (Y': 11.4119   Cb: 11.9941   Cr: 11.6623 )
00000313: 11.5225   (Y': 11.3757   Cb: 12.0107   Cr: 11.6602 )
00000314: 11.5297   (Y': 11.3907   Cb: 11.9929   Cr: 11.6572 )
00000315: 11.5025   (Y': 11.3601   Cb: 12        Cr: 11.613  )
00000316: 11.5868   (Y': 11.4607   Cb: 12.094    Cr: 11.6202 )
00000317: 11.6504   (Y': 11.5438   Cb: 12.0835   Cr: 11.6701 )
00000318: 11.5329   (Y': 11.4039   Cb: 12.0012   Cr: 11.6136 )
00000319: 11.5304   (Y': 11.3889   Cb: 11.9774   Cr: 11.6836 )
00000320: 11.4838   (Y': 11.335    Cb: 12.0132   Cr: 11.5922 )
00000321: 11.5802   (Y': 11.4596   Cb: 12.0161   Cr: 11.6555 )
00000322: 11.6418   (Y': 11.5275   Cb: 12.0571   Cr: 11.7098 )
00000323: 11.5257   (Y': 11.3685   Cb: 12.0207   Cr: 11.7017 )
00000324: 11.5255   (Y': 11.3765   Cb: 12.0675   Cr: 11.6232 )
00000325: 11.5151   (Y': 11.385    Cb: 12.0217   Cr: 11.5655 )
00000326: 11.5433   (Y': 11.4166   Cb: 11.975    Cr: 11.6477 )
00000327: 11.6318   (Y': 11.541    Cb: 11.9959   Cr: 11.6494 )
00000328: 11.5535   (Y': 11.4284   Cb: 12.0191   Cr: 11.6203 )
00000329: 11.5077   (Y': 11.3587   Cb: 11.9888   Cr: 11.6612 )
00000330: 11.6571   (Y': 11.5718   Cb: 12.0235   Cr: 11.6504 )
00000331: 11.5613   (Y': 11.4361   Cb: 11.984    Cr: 11.6677 )
00000332: 11.6068   (Y': 11.4907   Cb: 12.0403   Cr: 11.665  )
00000333: 11.5236   (Y': 11.4023   Cb: 11.9966   Cr: 11.5678 )
00000335: 11.4944   (Y': 11.3586   Cb: 11.9839   Cr: 11.5841 )
00000334: 11.5792   (Y': 11.4691   Cb: 11.9627   Cr: 11.6593 )
00000336: 11.6087   (Y': 11.517    Cb: 11.9622   Cr: 11.64   )
00000337: 11.6408   (Y': 11.5348   Cb: 12.0334   Cr: 11.6951 )
00000338: 11.5176   (Y': 11.3855   Cb: 11.9702   Cr: 11.6258 )
00000339: 11.496    (Y': 11.3682   Cb: 11.9419   Cr: 11.5921 )
00000340: 11.5908   (Y': 11.4995   Cb: 11.9283   Cr: 11.6354 )
00000341: 11.6429   (Y': 11.5327   Cb: 12.0536   Cr: 11.6977 )
00000342: 11.5156   (Y': 11.3779   Cb: 12.0415   Cr: 11.5803 )
00000343: 11.5751   (Y': 11.4827   Cb: 11.9595   Cr: 11.5804 )
00000345: 11.5075   (Y': 11.3967   Cb: 11.9348   Cr: 11.5496 )
00000344: 11.5293   (Y': 11.4132   Cb: 11.9432   Cr: 11.6059 )
00000346: 11.5245   (Y': 11.3943   Cb: 11.987    Cr: 11.6154 )
00000347: 11.5775   (Y': 11.4825   Cb: 11.9771   Cr: 11.5796 )
00000348: 11.527    (Y': 11.4041   Cb: 11.9816   Cr: 11.5944 )
00000349: 11.491    (Y': 11.3443   Cb: 11.9567   Cr: 11.6487 )
00000350: 11.4866   (Y': 11.3606   Cb: 11.9767   Cr: 11.5345 )
00000351: 11.5586   (Y': 11.4473   Cb: 11.957    Cr: 11.6298 )
00000353: 11.5166   (Y': 11.3921   Cb: 11.9585   Cr: 11.6025 )
00000352: 11.7308   (Y': 11.6769   Cb: 12.0237   Cr: 11.6654 )
00000354: 11.5875   (Y': 11.4956   Cb: 11.9786   Cr: 11.5849 )
00000355: 11.5843   (Y': 11.4734   Cb: 12.0105   Cr: 11.6277 )
00000356: 11.5506   (Y': 11.4433   Cb: 11.9512   Cr: 11.6028 )
00000357: 11.5832   (Y': 11.4708   Cb: 12.0075   Cr: 11.6348 )
00000358: 11.6649   (Y': 11.5838   Cb: 11.9766   Cr: 11.6919 )
00000359: 11.8024   (Y': 11.7436   Cb: 12.0917   Cr: 11.7595 )
00000360: 11.8848   (Y': 11.8427   Cb: 12.1389   Cr: 11.8076 )
00000361: 11.9565   (Y': 11.9045   Cb: 12.2614   Cr: 11.8718 )
00000363: 12.4128   (Y': 12.4246   Cb: 12.5069   Cr: 12.2751 )
00000362: 12.2671   (Y': 12.2212   Cb: 12.516    Cr: 12.2099 )
00000364: 12.3353   (Y': 12.3409   Cb: 12.5238   Cr: 12.1333 )
00000365: 12.6567   (Y': 12.6983   Cb: 12.6908   Cr: 12.4616 )
00000367: 12.4705   (Y': 12.4993   Cb: 12.5018   Cr: 12.3269 )
00000366: 12.7957   (Y': 12.8425   Cb: 12.7205   Cr: 12.6865 )
00000368: 12.0689   (Y': 12.0187   Cb: 12.317    Cr: 12.03   )
00000369: 12.2671   (Y': 12.1654   Cb: 12.6266   Cr: 12.334  )
00000370: 12.1829   (Y': 12.114    Cb: 12.4245   Cr: 12.2256 )
00000371: 12.0917   (Y': 11.9887   Cb: 12.4924   Cr: 12.1258 )
00000372: 12.1485   (Y': 12.0628   Cb: 12.5062   Cr: 12.1516 )
00000373: 12.0885   (Y': 12.0436   Cb: 12.2951   Cr: 12.067  )
00000374: 12.2306   (Y': 12.212    Cb: 12.4595   Cr: 12.0844 )
00000375: 12.2832   (Y': 12.2816   Cb: 12.4886   Cr: 12.0929 )
00000376: 12.2224   (Y': 12.1978   Cb: 12.4652   Cr: 12.0869 )
00000377: 12.2054   (Y': 12.1701   Cb: 12.4628   Cr: 12.0984 )
00000378: 12.1017   (Y': 12.0636   Cb: 12.4646   Cr: 11.9109 )
00000379: 12.0783   (Y': 12.0093   Cb: 12.4916   Cr: 11.9638 )
00000380: 11.9932   (Y': 11.905    Cb: 12.4068   Cr: 11.9555 )
00000381: 11.9739   (Y': 11.8958   Cb: 12.3539   Cr: 11.9257 )
00000383: 11.9796   (Y': 11.8751   Cb: 12.4322   Cr: 11.9728 )
00000382: 11.9886   (Y': 11.8725   Cb: 12.4885   Cr: 11.9871 )
00000385: 12.0528   (Y': 11.9388   Cb: 12.5583   Cr: 12.0379 )
00000384: 12.0085   (Y': 11.9112   Cb: 12.4459   Cr: 11.9861 )
00000386: 11.992    (Y': 11.8628   Cb: 12.5461   Cr: 11.9966 )
00000387: 12.0098   (Y': 11.8919   Cb: 12.5106   Cr: 12.015  )
00000388: 12.0499   (Y': 11.9427   Cb: 12.5654   Cr: 11.9983 )
00000389: 12.0628   (Y': 11.9734   Cb: 12.4863   Cr: 12.0208 )
00000390: 12.0049   (Y': 11.9065   Cb: 12.4787   Cr: 11.9542 )
00000391: 12.0182   (Y': 11.9224   Cb: 12.4824   Cr: 11.9661 )
00000392: 12.0815   (Y': 12.008    Cb: 12.5291   Cr: 11.9548 )
00000393: 12.1486   (Y': 12.0593   Cb: 12.6923   Cr: 12.0009 )
00000395: 12.1772   (Y': 12.1173   Cb: 12.5283   Cr: 12.082  )
00000394: 12.1312   (Y': 12.0519   Cb: 12.5443   Cr: 12.0578 )
00000396: 12.335    (Y': 12.3079   Cb: 12.6687   Cr: 12.1274 )
00000397: 12.3557   (Y': 12.2886   Cb: 12.8225   Cr: 12.1872 )
00000399: 12.4413   (Y': 12.4125   Cb: 12.77     Cr: 12.2449 )
00000398: 12.4781   (Y': 12.4497   Cb: 12.7835   Cr: 12.3004 )
00000400: 12.4176   (Y': 12.3684   Cb: 12.8193   Cr: 12.2353 )
00000401: 12.4647   (Y': 12.4043   Cb: 12.9002   Cr: 12.2969 )
00000402: 12.4595   (Y': 12.4101   Cb: 12.8291   Cr: 12.3064 )
00000403: 12.4256   (Y': 12.3771   Cb: 12.7457   Cr: 12.3135 )
00000404: 12.4156   (Y': 12.3855   Cb: 12.7433   Cr: 12.2251 )
00000405: 12.5688   (Y': 12.5567   Cb: 12.8273   Cr: 12.3711 )
00000406: 12.5499   (Y': 12.5361   Cb: 12.8402   Cr: 12.3303 )
00000407: 12.6286   (Y': 12.6662   Cb: 12.7335   Cr: 12.3825 )
00000408: 12.5304   (Y': 12.5554   Cb: 12.6899   Cr: 12.2814 )
00000409: 12.5353   (Y': 12.5854   Cb: 12.6742   Cr: 12.212  )
00000411: 12.4465   (Y': 12.4631   Cb: 12.6544   Cr: 12.1853 )
00000410: 12.5268   (Y': 12.5334   Cb: 12.7288   Cr: 12.3087 )
00000412: 12.9569   (Y': 13.0826   Cb: 12.863    Cr: 12.5738 )
00000413: 13.5878   (Y': 13.806    Cb: 13.3032   Cr: 13.0639 )
00000414: 13.74     (Y': 13.8885   Cb: 13.6474   Cr: 13.2755 )
00000415: 13.2427   (Y': 13.3003   Cb: 13.3727   Cr: 12.8996 )
00000416: 13.1152   (Y': 13.1482   Cb: 13.3212   Cr: 12.7944 )
00000417: 12.9395   (Y': 12.7916   Cb: 13.5289   Cr: 12.9906 )
00000418: 12.9757   (Y': 12.8752   Cb: 13.4537   Cr: 12.9298 )
00000419: 12.8024   (Y': 12.5734   Cb: 13.7448   Cr: 12.8965 )
00000420: 12.8014   (Y': 12.5824   Cb: 13.7417   Cr: 12.8546 )
00000421: 12.7018   (Y': 12.4199   Cb: 13.7683   Cr: 12.9266 )
00000422: 12.661    (Y': 12.3622   Cb: 13.7664   Cr: 12.9307 )
00000423: 12.4079   (Y': 12.0369   Cb: 13.7287   Cr: 12.839  )
00000424: 12.35     (Y': 11.9698   Cb: 13.6768   Cr: 12.821  )
00000425: 12.6066   (Y': 12.2919   Cb: 13.7842   Cr: 12.8897 )
00000426: 12.7811   (Y': 12.4991   Cb: 13.9004   Cr: 12.9637 )
00000427: 12.9878   (Y': 12.7204   Cb: 14.0819   Cr: 13.126  )
00000428: 13.0383   (Y': 12.7642   Cb: 14.1232   Cr: 13.2136 )
00000429: 13.1397   (Y': 12.8651   Cb: 14.167    Cr: 13.3643 )
00000430: 13.1757   (Y': 12.8899   Cb: 14.2634   Cr: 13.4006 )
00000431: 13.1464   (Y': 12.8558   Cb: 14.247    Cr: 13.3827 )
00000432: 13.1197   (Y': 12.8425   Cb: 14.1936   Cr: 13.3178 )
00000433: 13.0878   (Y': 12.7776   Cb: 14.2505   Cr: 13.3627 )
00000434: 13.0228   (Y': 12.6918   Cb: 14.183    Cr: 13.3963 )
00000435: 12.943    (Y': 12.6001   Cb: 14.163    Cr: 13.3226 )
00000436: 12.9046   (Y': 12.5521   Cb: 14.1649   Cr: 13.2971 )
00000437: 13.0331   (Y': 12.6933   Cb: 14.2582   Cr: 13.3941 )
00000438: 13.0582   (Y': 12.7157   Cb: 14.2545   Cr: 13.4559 )
00000439: 13.2912   (Y': 13.0009   Cb: 14.3108   Cr: 13.5939 )
00000441: 13.3439   (Y': 13.0325   Cb: 14.4733   Cr: 13.6512 )
00000440: 13.2844   (Y': 12.956    Cb: 14.4221   Cr: 13.6642 )
00000442: 13.4376   (Y': 13.1482   Cb: 14.497    Cr: 13.7027 )
00000443: 13.326    (Y': 13.029    Cb: 14.4497   Cr: 13.5725 )
00000444: 13.1913   (Y': 12.9127   Cb: 14.247    Cr: 13.4102 )
00000445: 13.0459   (Y': 12.7663   Cb: 14.1372   Cr: 13.2403 )
00000446: 12.882    (Y': 12.5146   Cb: 14.2293   Cr: 13.2747 )
00000447: 12.6804   (Y': 12.223    Cb: 14.2759   Cr: 13.3196 )
00000448: 12.5317   (Y': 12.0465   Cb: 14.2752   Cr: 13.1976 )
00000449: 12.4651   (Y': 11.9549   Cb: 14.3159   Cr: 13.1794 )
00000450: 12.9902   (Y': 12.5117   Cb: 14.7363   Cr: 13.6192 )
00000451: 13.3797   (Y': 12.961    Cb: 15.0023   Cr: 13.8039 )
00000452: 13.5818   (Y': 13.3029   Cb: 14.639    Cr: 13.8014 )
00000453: 12.6463   (Y': 12.4558   Cb: 13.3605   Cr: 12.7686 )
00000454: 12.4734   (Y': 12.2771   Cb: 13.2432   Cr: 12.572  )
00000455: 12.3578   (Y': 12.2076   Cb: 13.0116   Cr: 12.3622 )
00000456: 12.2927   (Y': 12.1768   Cb: 12.7693   Cr: 12.3114 )
00000457: 12.1684   (Y': 12.0248   Cb: 12.7579   Cr: 12.2015 )
00000458: 11.958    (Y': 11.776    Cb: 12.6378   Cr: 12.0742 )
00000459: 11.7931   (Y': 11.548    Cb: 12.6046   Cr: 12.0703 )
00000460: 11.7768   (Y': 11.5348   Cb: 12.6033   Cr: 12.0266 )
00000461: 11.6886   (Y': 11.425    Cb: 12.5283   Cr: 12.0248 )
00000462: 11.6428   (Y': 11.3736   Cb: 12.5344   Cr: 11.9589 )
00000463: 11.6795   (Y': 11.4089   Cb: 12.5502   Cr: 12.0209 )
00000464: 11.7475   (Y': 11.4744   Cb: 12.6381   Cr: 12.0827 )
00000465: 11.7513   (Y': 11.4847   Cb: 12.612    Cr: 12.0826 )
00000466: 11.758    (Y': 11.4816   Cb: 12.6297   Cr: 12.1248 )
00000467: 11.6887   (Y': 11.3945   Cb: 12.5765   Cr: 12.1245 )
00000468: 11.6654   (Y': 11.3805   Cb: 12.5425   Cr: 12.0673 )
00000469: 11.6778   (Y': 11.3913   Cb: 12.5746   Cr: 12.0693 )
00000470: 11.7293   (Y': 11.4457   Cb: 12.6288   Cr: 12.1051 )
00000471: 11.6491   (Y': 11.3606   Cb: 12.5184   Cr: 12.0747 )
00000472: 11.7511   (Y': 11.4711   Cb: 12.6527   Cr: 12.1076 )
00000473: 11.7573   (Y': 11.5161   Cb: 12.5592   Cr: 12.0251 )
00000474: 11.6737   (Y': 11.4293   Cb: 12.4327   Cr: 11.9945 )
00000475: 11.6962   (Y': 11.4616   Cb: 12.4323   Cr: 11.9936 )
00000476: 11.6784   (Y': 11.4283   Cb: 12.4803   Cr: 11.987  )
00000477: 11.6433   (Y': 11.3701   Cb: 12.5074   Cr: 12.0018 )
00000478: 11.6337   (Y': 11.3757   Cb: 12.4603   Cr: 11.9559 )
00000479: 11.6797   (Y': 11.4228   Cb: 12.5018   Cr: 12.0013 )
00000480: 11.6416   (Y': 11.381    Cb: 12.4979   Cr: 11.9494 )
00000481: 11.6383   (Y': 11.3702   Cb: 12.489    Cr: 11.9853 )
00000482: 11.6371   (Y': 11.3651   Cb: 12.4572   Cr: 12.0295 )
00000483: 11.7173   (Y': 11.4439   Cb: 12.5808   Cr: 12.0774 )
00000484: 11.771    (Y': 11.5188   Cb: 12.588    Cr: 12.0758 )
00000485: 11.8125   (Y': 11.5668   Cb: 12.5782   Cr: 12.1332 )
00000486: 11.8308   (Y': 11.5906   Cb: 12.634    Cr: 12.0933 )
00000487: 11.8229   (Y': 11.5828   Cb: 12.5951   Cr: 12.1122 )
00000489: 11.865    (Y': 11.6192   Cb: 12.6534   Cr: 12.1657 )
00000488: 11.7836   (Y': 11.5212   Cb: 12.6116   Cr: 12.1246 )
00000490: 11.7913   (Y': 11.5286   Cb: 12.5935   Cr: 12.1568 )
00000492: 11.814    (Y': 11.529    Cb: 12.6557   Cr: 12.248  )
00000491: 11.8095   (Y': 11.5397   Cb: 12.6574   Cr: 12.1667 )
00000493: 11.7658   (Y': 11.4663   Cb: 12.6326   Cr: 12.2458 )
00000494: 11.7302   (Y': 11.4208   Cb: 12.623    Cr: 12.234  )
00000495: 11.7065   (Y': 11.3866   Cb: 12.6502   Cr: 12.215  )
00000496: 11.6861   (Y': 11.3661   Cb: 12.6342   Cr: 12.1907 )
00000497: 11.7573   (Y': 11.4439   Cb: 12.6765   Cr: 12.2564 )
00000498: 11.7514   (Y': 11.4505   Cb: 12.669    Cr: 12.1923 )
00000499: 11.7659   (Y': 11.463    Cb: 12.6884   Cr: 12.2115 )
00000500: 11.7371   (Y': 11.4387   Cb: 12.6385   Cr: 12.1807 )
00000501: 11.7501   (Y': 11.438    Cb: 12.6929   Cr: 12.2218 )
00000502: 11.7604   (Y': 11.4514   Cb: 12.665    Cr: 12.2518 )
00000503: 11.741    (Y': 11.4323   Cb: 12.6632   Cr: 12.2147 )
00000505: 11.8306   (Y': 11.5438   Cb: 12.7008   Cr: 12.2476 )
00000504: 11.7581   (Y': 11.4486   Cb: 12.6517   Cr: 12.2617 )
00000506: 11.8094   (Y': 11.5179   Cb: 12.6696   Cr: 12.2576 )
00000507: 11.791    (Y': 11.4835   Cb: 12.6594   Cr: 12.3082 )
00000508: 11.7763   (Y': 11.4569   Cb: 12.7046   Cr: 12.2961 )
00000509: 11.7609   (Y': 11.4434   Cb: 12.6921   Cr: 12.2685 )
00000510: 11.7504   (Y': 11.429    Cb: 12.6858   Cr: 12.2736 )
00000511: 11.7492   (Y': 11.4316   Cb: 12.7364   Cr: 12.2079 )
00000512: 11.7727   (Y': 11.4468   Cb: 12.7248   Cr: 12.3031 )
00000513: 11.7336   (Y': 11.4062   Cb: 12.6725   Cr: 12.2828 )
00000514: 11.7293   (Y': 11.4133   Cb: 12.6524   Cr: 12.2376 )
00000515: 11.7627   (Y': 11.4608   Cb: 12.6133   Cr: 12.2689 )
00000516: 11.7274   (Y': 11.4187   Cb: 12.6619   Cr: 12.1901 )
00000517: 11.7483   (Y': 11.4401   Cb: 12.6692   Cr: 12.2208 )
00000518: 11.8005   (Y': 11.4978   Cb: 12.717    Cr: 12.2506 )
00000519: 11.798    (Y': 11.5046   Cb: 12.6477   Cr: 12.2645 )
00000521: 11.7436   (Y': 11.44     Cb: 12.6769   Cr: 12.183  )
00000520: 11.7437   (Y': 11.4374   Cb: 12.7136   Cr: 12.1637 )
00000522: 11.7661   (Y': 11.4723   Cb: 12.6485   Cr: 12.205  )
00000523: 11.7184   (Y': 11.4079   Cb: 12.6649   Cr: 12.1794 )
00000524: 11.717    (Y': 11.4274   Cb: 12.6037   Cr: 12.1318 )
00000525: 11.7308   (Y': 11.43     Cb: 12.6395   Cr: 12.1789 )
00000527: 11.7389   (Y': 11.4464   Cb: 12.6552   Cr: 12.1412 )
00000526: 11.7073   (Y': 11.4047   Cb: 12.6408   Cr: 12.142  )
00000528: 11.634    (Y': 11.3298   Cb: 12.5762   Cr: 12.068  )
00000529: 11.6619   (Y': 11.3574   Cb: 12.5645   Cr: 12.1335 )
00000530: 11.7463   (Y': 11.4646   Cb: 12.6225   Cr: 12.1338 )
00000531: 11.6877   (Y': 11.3817   Cb: 12.6012   Cr: 12.1564 )
00000532: 11.6997   (Y': 11.3927   Cb: 12.6559   Cr: 12.1349 )
00000533: 11.7017   (Y': 11.3951   Cb: 12.569    Cr: 12.2155 )
00000534: 11.6727   (Y': 11.3471   Cb: 12.6256   Cr: 12.2002 )
00000535: 11.7297   (Y': 11.4457   Cb: 12.6289   Cr: 12.1074 )
00000536: 11.7304   (Y': 11.4337   Cb: 12.6347   Cr: 12.1634 )
00000537: 11.6765   (Y': 11.3717   Cb: 12.6113   Cr: 12.1201 )
00000538: 11.7169   (Y': 11.4289   Cb: 12.6423   Cr: 12.09   )
00000540: 11.6886   (Y': 11.3903   Cb: 12.6244   Cr: 12.1004 )
00000539: 11.6671   (Y': 11.3643   Cb: 12.5851   Cr: 12.1162 )
00000541: 11.6736   (Y': 11.3618   Cb: 12.6223   Cr: 12.1383 )
00000542: 11.7059   (Y': 11.4268   Cb: 12.5883   Cr: 12.0758 )
00000543: 11.7336   (Y': 11.4653   Cb: 12.6015   Cr: 12.0663 )
00000544: 11.702    (Y': 11.4038   Cb: 12.6423   Cr: 12.1099 )
00000545: 11.8255   (Y': 11.5674   Cb: 12.6324   Cr: 12.1654 )
00000547: 11.8185   (Y': 11.5569   Cb: 12.6712   Cr: 12.1339 )
00000546: 11.7907   (Y': 11.5128   Cb: 12.691    Cr: 12.1389 )
00000548: 12.0193   (Y': 11.8231   Cb: 12.6942   Cr: 12.2008 )
00000549: 12.1181   (Y': 11.9395   Cb: 12.7422   Cr: 12.2686 )
00000550: 12.128    (Y': 11.9982   Cb: 12.6595   Cr: 12.1545 )
00000551: 12.159    (Y': 12.0365   Cb: 12.712    Cr: 12.1369 )
00000552: 12.1413   (Y': 12.0499   Cb: 12.6274   Cr: 12.0518 )
00000553: 12.2376   (Y': 12.1223   Cb: 12.7351   Cr: 12.2348 )
00000554: 12.3611   (Y': 12.258    Cb: 12.8178   Cr: 12.3446 )
00000555: 12.5714   (Y': 12.5027   Cb: 13.0007   Cr: 12.4412 )
00000556: 12.6147   (Y': 12.5481   Cb: 12.9671   Cr: 12.5454 )
00000557: 12.7885   (Y': 12.6996   Cb: 13.2334   Cr: 12.7254 )
00000559: 12.8728   (Y': 12.7746   Cb: 13.3899   Cr: 12.7832 )
00000558: 12.833    (Y': 12.7285   Cb: 13.3504   Cr: 12.769  )
00000560: 12.9289   (Y': 12.8473   Cb: 13.4268   Cr: 12.7902 )
00000561: 12.8256   (Y': 12.7429   Cb: 13.307    Cr: 12.7056 )
00000562: 12.8084   (Y': 12.7371   Cb: 13.2817   Cr: 12.6506 )
00000563: 12.7208   (Y': 12.6625   Cb: 13.1287   Cr: 12.5688 )
00000564: 12.611    (Y': 12.4977   Cb: 13.0821   Cr: 12.6238 )
00000565: 12.5516   (Y': 12.4879   Cb: 12.9978   Cr: 12.3876 )
00000566: 12.546    (Y': 12.5332   Cb: 12.9153   Cr: 12.2533 )
00000567: 12.5495   (Y': 12.5262   Cb: 12.9397   Cr: 12.2782 )
00000568: 12.4708   (Y': 12.4843   Cb: 12.779    Cr: 12.1328 )
00000569: 12.3581   (Y': 12.3731   Cb: 12.6523   Cr: 12.027  )
00000570: 12.3868   (Y': 12.4053   Cb: 12.7128   Cr: 12.015  )
00000572: 12.3012   (Y': 12.2793   Cb: 12.7519   Cr: 11.9739 )
00000571: 12.3381   (Y': 12.3405   Cb: 12.7302   Cr: 11.9697 )
00000573: 12.298    (Y': 12.2581   Cb: 12.747    Cr: 12.0399 )
00000574: 12.4338   (Y': 12.4194   Cb: 12.8562   Cr: 12.1022 )
00000575: 12.4189   (Y': 12.3804   Cb: 12.8936   Cr: 12.1336 )
00000576: 12.4953   (Y': 12.4165   Cb: 13.1108   Cr: 12.2469 )
00000577: 12.4994   (Y': 12.4107   Cb: 13.0594   Cr: 12.3355 )
00000578: 12.5743   (Y': 12.4841   Cb: 13.1247   Cr: 12.4245 )
00000579: 12.5478   (Y': 12.4535   Cb: 13.1112   Cr: 12.4033 )
00000580: 12.5369   (Y': 12.3949   Cb: 13.2165   Cr: 12.4856 )
00000581: 12.4782   (Y': 12.34     Cb: 13.1484   Cr: 12.4196 )
00000582: 12.513    (Y': 12.3825   Cb: 13.1187   Cr: 12.4779 )
00000583: 12.4948   (Y': 12.3417   Cb: 13.1368   Cr: 12.5212 )
00000584: 12.4765   (Y': 12.3624   Cb: 13.0187   Cr: 12.4296 )
00000585: 12.519    (Y': 12.4223   Cb: 13.0117   Cr: 12.445  )
00000586: 12.4529   (Y': 12.3299   Cb: 12.9588   Cr: 12.4745 )
00000587: 12.4354   (Y': 12.3219   Cb: 12.9725   Cr: 12.3907 )
00000588: 12.3198   (Y': 12.1725   Cb: 12.9177   Cr: 12.3607 )
00000589: 12.3186   (Y': 12.1881   Cb: 12.9044   Cr: 12.3007 )
00000591: 12.2996   (Y': 12.1884   Cb: 12.9044   Cr: 12.1867 )
00000590: 12.2885   (Y': 12.1609   Cb: 12.844    Cr: 12.2849 )
00000592: 12.2877   (Y': 12.177    Cb: 12.7847   Cr: 12.2666 )
00000593: 12.2615   (Y': 12.1494   Cb: 12.7902   Cr: 12.2181 )
00000594: 12.2836   (Y': 12.1721   Cb: 12.8329   Cr: 12.22   )
00000596: 12.2585   (Y': 12.1435   Cb: 12.7847   Cr: 12.229  )
00000595: 12.3106   (Y': 12.1918   Cb: 12.8505   Cr: 12.285  )
00000597: 12.2793   (Y': 12.1648   Cb: 12.7735   Cr: 12.2767 )
00000599: 12.2759   (Y': 12.1586   Cb: 12.7859   Cr: 12.2701 )
00000598: 12.2615   (Y': 12.1358   Cb: 12.7915   Cr: 12.2729 )
00000601: 12.2722   (Y': 12.1373   Cb: 12.8592   Cr: 12.2709 )
00000600: 12.2018   (Y': 12.0492   Cb: 12.7804   Cr: 12.282  )
00000602: 12.2644   (Y': 12.1592   Cb: 12.7304   Cr: 12.2483 )
00000603: 12.2436   (Y': 12.126    Cb: 12.7292   Cr: 12.2607 )
00000604: 12.1968   (Y': 12.0673   Cb: 12.7347   Cr: 12.2171 )
00000605: 12.2356   (Y': 12.1204   Cb: 12.703    Cr: 12.2596 )
00000607: 12.1998   (Y': 12.0931   Cb: 12.6989   Cr: 12.1605 )
00000606: 12.1576   (Y': 12.0084   Cb: 12.7357   Cr: 12.2237 )
00000608: 12.2138   (Y': 12.1075   Cb: 12.6525   Cr: 12.2272 )
00000609: 12.1832   (Y': 12.0565   Cb: 12.7075   Cr: 12.2034 )
00000610: 12.1207   (Y': 11.9934   Cb: 12.6536   Cr: 12.1357 )
00000611: 12.1807   (Y': 12.0617   Cb: 12.699    Cr: 12.1748 )
00000612: 12.8204   (Y': 12.7999   Cb: 13.1205   Cr: 12.6175 )
00000613: 13.6541   (Y': 13.735    Cb: 13.7952   Cr: 13.2171 )
00000614: 13.9105   (Y': 14.0006   Cb: 13.9689   Cr: 13.5144 )
00000615: 13.7934   (Y': 13.8844   Cb: 13.8566   Cr: 13.3898 )
00000616: 12.9124   (Y': 12.8895   Cb: 13.2652   Cr: 12.6724 )
00000617: 12.8337   (Y': 12.8138   Cb: 13.1966   Cr: 12.5731 )
00000618: 12.6515   (Y': 12.6433   Cb: 12.9199   Cr: 12.4296 )
00000619: 12.5857   (Y': 12.5428   Cb: 12.8679   Cr: 12.4861 )
00000620: 12.2439   (Y': 12.1423   Cb: 12.7463   Cr: 12.1811 )
00000621: 12.2431   (Y': 12.1579   Cb: 12.6974   Cr: 12.157  )
00000623: 12.2148   (Y': 12.1161   Cb: 12.6582   Cr: 12.1923 )
00000622: 12.2382   (Y': 12.1372   Cb: 12.7003   Cr: 12.2085 )
00000624: 12.1816   (Y': 12.0756   Cb: 12.666    Cr: 12.1524 )
00000625: 12.2202   (Y': 12.1221   Cb: 12.6602   Cr: 12.1986 )
00000626: 12.1904   (Y': 12.0748   Cb: 12.7189   Cr: 12.1614 )
00000627: 12.2052   (Y': 12.1156   Cb: 12.6475   Cr: 12.1471 )
00000628: 12.1733   (Y': 12.0549   Cb: 12.632    Cr: 12.218  )
00000629: 12.1879   (Y': 12.0835   Cb: 12.6404   Cr: 12.1809 )
00000630: 12.1995   (Y': 12.0857   Cb: 12.6835   Cr: 12.2027 )
00000631: 12.1765   (Y': 12.0888   Cb: 12.5727   Cr: 12.1521 )
00000632: 12.1612   (Y': 12.0834   Cb: 12.5734   Cr: 12.0828 )
00000633: 12.169    (Y': 12.0767   Cb: 12.5858   Cr: 12.1448 )
00000634: 12.1706   (Y': 12.0686   Cb: 12.586    Cr: 12.1876 )
00000635: 12.1808   (Y': 12.0794   Cb: 12.615    Cr: 12.1778 )
00000636: 12.2352   (Y': 12.1385   Cb: 12.6475   Cr: 12.2328 )
00000637: 12.2618   (Y': 12.199    Cb: 12.6168   Cr: 12.1751 )
00000638: 12.2198   (Y': 12.1451   Cb: 12.5286   Cr: 12.2229 )
00000639: 12.2146   (Y': 12.1607   Cb: 12.6144   Cr: 12.0525 )
00000640: 12.1856   (Y': 12.1215   Cb: 12.5576   Cr: 12.0886 )
00000641: 12.2378   (Y': 12.1865   Cb: 12.6216   Cr: 12.0798 )
00000642: 12.2434   (Y': 12.1783   Cb: 12.6264   Cr: 12.1405 )
00000644: 12.2532   (Y': 12.1706   Cb: 12.6561   Cr: 12.2025 )
00000643: 12.2456   (Y': 12.1477   Cb: 12.7114   Cr: 12.2006 )
00000645: 12.2237   (Y': 12.1311   Cb: 12.6916   Cr: 12.1551 )
00000646: 12.2075   (Y': 12.1055   Cb: 12.6993   Cr: 12.1556 )
00000647: 12.1854   (Y': 12.0772   Cb: 12.6815   Cr: 12.1548 )
00000648: 12.2396   (Y': 12.1228   Cb: 12.7604   Cr: 12.2225 )
00000649: 12.2106   (Y': 12.0861   Cb: 12.6953   Cr: 12.2578 )
00000650: 12.2239   (Y': 12.1049   Cb: 12.7492   Cr: 12.2117 )
00000651: 12.2437   (Y': 12.1202   Cb: 12.791    Cr: 12.231  )
00000653: 12.2426   (Y': 12.1084   Cb: 12.7385   Cr: 12.32   )
00000652: 12.2253   (Y': 12.1097   Cb: 12.8243   Cr: 12.1354 )
00000654: 12.2125   (Y': 12.0759   Cb: 12.774    Cr: 12.2411 )
00000655: 12.2368   (Y': 12.0951   Cb: 12.8146   Cr: 12.2722 )
00000656: 12.2243   (Y': 12.1124   Cb: 12.7303   Cr: 12.2001 )
00000657: 12.2154   (Y': 12.1094   Cb: 12.731    Cr: 12.1586 )
00000658: 12.191    (Y': 12.0938   Cb: 12.704    Cr: 12.1013 )
00000659: 12.2322   (Y': 12.122    Cb: 12.7383   Cr: 12.2011 )
00000660: 12.214    (Y': 12.1079   Cb: 12.7463   Cr: 12.1436 )
00000661: 12.2162   (Y': 12.087    Cb: 12.7764   Cr: 12.2153 )
00000662: 12.2731   (Y': 12.1523   Cb: 12.8273   Cr: 12.2429 )
00000663: 12.2345   (Y': 12.1162   Cb: 12.8168   Cr: 12.17   )
00000664: 12.2557   (Y': 12.1341   Cb: 12.7804   Cr: 12.2551 )
00000665: 12.2167   (Y': 12.0985   Cb: 12.7164   Cr: 12.2239 )
00000666: 12.2235   (Y': 12.0954   Cb: 12.7655   Cr: 12.2342 )
00000667: 12.1802   (Y': 12.0615   Cb: 12.7424   Cr: 12.1341 )
00000668: 12.1948   (Y': 12.0833   Cb: 12.7343   Cr: 12.1398 )
00000669: 12.1579   (Y': 12.06     Cb: 12.7009   Cr: 12.0453 )
00000670: 12.1251   (Y': 12.0119   Cb: 12.709    Cr: 12.0383 )
00000671: 12.1325   (Y': 12.0166   Cb: 12.6953   Cr: 12.075  )
00000672: 12.2067   (Y': 12.1131   Cb: 12.753    Cr: 12.0739 )
00000673: 12.1474   (Y': 12.0415   Cb: 12.7103   Cr: 12.0496 )
00000674: 12.1779   (Y': 12.0822   Cb: 12.7089   Cr: 12.0667 )
00000675: 12.1501   (Y': 12.0304   Cb: 12.7763   Cr: 12.0531 )
00000676: 12.1582   (Y': 12.0539   Cb: 12.7093   Cr: 12.0638 )
00000678: 12.1627   (Y': 12.0139   Cb: 12.8305   Cr: 12.1493 )
00000677: 12.1367   (Y': 11.9949   Cb: 12.7549   Cr: 12.1375 )
00000679: 12.1712   (Y': 12.0254   Cb: 12.8239   Cr: 12.1587 )
00000680: 12.2627   (Y': 12.1444   Cb: 12.8174   Cr: 12.222  )
00000681: 12.2491   (Y': 12.1236   Cb: 12.8622   Cr: 12.1869 )
00000682: 12.2635   (Y': 12.118    Cb: 12.9471   Cr: 12.2229 )
00000683: 12.258    (Y': 12.0923   Cb: 12.9216   Cr: 12.3185 )
00000685: 12.2871   (Y': 12.104    Cb: 12.994    Cr: 12.3836 )
00000684: 12.2715   (Y': 12.0673   Cb: 13.0397   Cr: 12.4061 )
00000686: 12.2948   (Y': 12.1224   Cb: 12.9955   Cr: 12.3512 )
00000687: 12.3164   (Y': 12.1555   Cb: 13.0494   Cr: 12.2978 )
00000688: 12.5165   (Y': 12.3002   Cb: 13.3928   Cr: 12.6112 )
00000689: 12.6298   (Y': 12.4279   Cb: 13.4397   Cr: 12.7184 )
00000690: 12.9823   (Y': 12.8555   Cb: 13.6018   Cr: 12.9201 )
00000691: 12.9263   (Y': 12.8074   Cb: 13.4518   Cr: 12.9138 )
00000693: 12.7185   (Y': 12.6415   Cb: 13.2031   Cr: 12.5727 )
00000694: 12.6231   (Y': 12.4762   Cb: 13.2455   Cr: 12.6412 )
00000692: 12.8163   (Y': 12.7343   Cb: 13.2573   Cr: 12.7292 )
00000695: 12.6529   (Y': 12.5706   Cb: 13.1329   Cr: 12.5323 )
00000696: 13.0143   (Y': 12.9961   Cb: 13.349    Cr: 12.7719 )
00000697: 13.0478   (Y': 12.9915   Cb: 13.4063   Cr: 12.932  )
00000698: 12.9976   (Y': 12.9237   Cb: 13.4106   Cr: 12.9028 )
00000699: 12.889    (Y': 12.7885   Cb: 13.3235   Cr: 12.8825 )
00000700: 12.8946   (Y': 12.7771   Cb: 13.3621   Cr: 12.9281 )
00000701: 12.6462   (Y': 12.5079   Cb: 13.1645   Cr: 12.72   )
00000702: 12.3667   (Y': 12.1839   Cb: 13.0726   Cr: 12.4633 )
00000703: 12.5989   (Y': 12.4493   Cb: 13.1542   Cr: 12.6873 )
00000704: 13.0113   (Y': 12.9646   Cb: 13.3121   Cr: 12.9095 )
00000705: 13.548    (Y': 13.5482   Cb: 13.7932   Cr: 13.3148 )
00000706: 14.0098   (Y': 14.0534   Cb: 14.1039   Cr: 13.751  )
00000707: 13.9102   (Y': 13.878    Cb: 14.2602   Cr: 13.7078 )
00000708: 13.3843   (Y': 13.2578   Cb: 13.9902   Cr: 13.3325 )
00000709: 13.2836   (Y': 13.1471   Cb: 13.9522   Cr: 13.219  )
00000710: 12.9884   (Y': 12.8498   Cb: 13.6681   Cr: 12.9233 )
00000711: 12.8432   (Y': 12.7408   Cb: 13.382    Cr: 12.7517 )
00000712: 12.6144   (Y': 12.4823   Cb: 13.3013   Cr: 12.5164 )
00000713: 12.4866   (Y': 12.2814   Cb: 13.3022   Cr: 12.5847 )
00000714: 12.4618   (Y': 12.3954   Cb: 12.8868   Cr: 12.3269 )
00000715: 12.0614   (Y': 11.968    Cb: 12.5373   Cr: 11.9885 )
00000716: 12.052    (Y': 11.9491   Cb: 12.5705   Cr: 11.9806 )
00000717: 12.1386   (Y': 12.0621   Cb: 12.6034   Cr: 12.0083 )
00000719: 12.0686   (Y': 12.052    Cb: 12.3378   Cr: 11.8785 )
00000718: 12.1246   (Y': 12.0617   Cb: 12.5317   Cr: 11.9914 )
00000720: 12.0648   (Y': 12.05     Cb: 12.3509   Cr: 11.8526 )
00000721: 11.9393   (Y': 11.8903   Cb: 12.2621   Cr: 11.8266 )
00000722: 11.9263   (Y': 11.8853   Cb: 12.2525   Cr: 11.7792 )
00000725: 11.7811   (Y': 11.6971   Cb: 12.1646   Cr: 11.7535 )
00000723: 11.7576   (Y': 11.6481   Cb: 12.1854   Cr: 11.7942 )
00000724: 11.7382   (Y': 11.6319   Cb: 12.1722   Cr: 11.7554 )
00000726: 11.7188   (Y': 11.6198   Cb: 12.0807   Cr: 11.7725 )
00000727: 11.868    (Y': 11.8097   Cb: 12.1988   Cr: 11.785  )
00000728: 11.6933   (Y': 11.5877   Cb: 12.1295   Cr: 11.7063 )
00000729: 11.7111   (Y': 11.6004   Cb: 12.1655   Cr: 11.7278 )
00000730: 11.6621   (Y': 11.565    Cb: 12.0789   Cr: 11.6571 )
00000731: 11.7483   (Y': 11.66     Cb: 12.1473   Cr: 11.7242 )
00000732: 11.7136   (Y': 11.6193   Cb: 12.156    Cr: 11.6744 )
00000733: 11.6532   (Y': 11.5427   Cb: 12.1107   Cr: 11.6667 )
00000734: 11.7551   (Y': 11.6864   Cb: 12.1056   Cr: 11.6956 )
00000735: 11.8341   (Y': 11.7822   Cb: 12.1594   Cr: 11.7307 )
00000736: 11.7415   (Y': 11.6589   Cb: 12.1248   Cr: 11.7081 )
00000737: 11.7734   (Y': 11.7007   Cb: 12.1587   Cr: 11.6987 )
00000738: 11.7393   (Y': 11.6517   Cb: 12.1625   Cr: 11.6904 )
00000739: 11.8047   (Y': 11.7599   Cb: 12.1318   Cr: 11.6719 )
00000740: 11.833    (Y': 11.782    Cb: 12.1513   Cr: 11.7322 )
00000741: 11.707    (Y': 11.6291   Cb: 12.1104   Cr: 11.6368 )
00000742: 11.8525   (Y': 11.8051   Cb: 12.1579   Cr: 11.7497 )
00000743: 11.8209   (Y': 11.7945   Cb: 12.092    Cr: 11.6666 )
00000744: 11.6899   (Y': 11.644    Cb: 12.0367   Cr: 11.5437 )
00000745: 11.8089   (Y': 11.7471   Cb: 12.1558   Cr: 11.7253 )
00000746: 11.727    (Y': 11.6799   Cb: 12.0545   Cr: 11.6029 )
00000747: 11.7711   (Y': 11.7076   Cb: 12.1572   Cr: 11.6587 )
00000748: 11.668    (Y': 11.5615   Cb: 12.118    Cr: 11.6716 )
00000749: 11.7046   (Y': 11.6435   Cb: 12.1011   Cr: 11.5741 )
00000750: 11.8368   (Y': 11.809    Cb: 12.1763   Cr: 11.6272 )
00000751: 11.8323   (Y': 11.8002   Cb: 12.1339   Cr: 11.6725 )
00000752: 11.9469   (Y': 11.9221   Cb: 12.29     Cr: 11.722  )
00000753: 11.8171   (Y': 11.7088   Cb: 12.2659   Cr: 11.8295 )
00000754: 11.7661   (Y': 11.6928   Cb: 12.2144   Cr: 11.6374 )
00000755: 11.8719   (Y': 11.8198   Cb: 12.1877   Cr: 11.7778 )
00000756: 11.7708   (Y': 11.6596   Cb: 12.252    Cr: 11.7662 )
00000757: 11.7799   (Y': 11.6959   Cb: 12.2361   Cr: 11.6871 )
00000758: 11.7345   (Y': 11.6045   Cb: 12.2841   Cr: 11.7464 )
00000759: 11.6999   (Y': 11.5855   Cb: 12.1765   Cr: 11.7123 )
00000760: 11.8613   (Y': 11.779    Cb: 12.2525   Cr: 11.8196 )
00000761: 11.6975   (Y': 11.5616   Cb: 12.2618   Cr: 11.7204 )
00000762: 11.6474   (Y': 11.5205   Cb: 12.16     Cr: 11.6791 )
00000763: 11.775    (Y': 11.6836   Cb: 12.2086   Cr: 11.7323 )
00000765: 11.6345   (Y': 11.5122   Cb: 12.1224   Cr: 11.6692 )
00000764: 11.7454   (Y': 11.656    Cb: 12.1889   Cr: 11.6859 )
00000766: 11.6959   (Y': 11.5647   Cb: 12.1837   Cr: 11.7682 )
00000767: 11.6193   (Y': 11.4947   Cb: 12.135    Cr: 11.6387 )
00000768: 11.7123   (Y': 11.6034   Cb: 12.2156   Cr: 11.6781 )
00000769: 11.6663   (Y': 11.5227   Cb: 12.1779   Cr: 11.7691 )
00000770: 11.7117   (Y': 11.5858   Cb: 12.1639   Cr: 11.7944 )
00000771: 11.612    (Y': 11.4599   Cb: 12.1304   Cr: 11.7449 )
00000772: 11.6933   (Y': 11.5693   Cb: 12.1961   Cr: 11.7218 )
00000773: 11.7317   (Y': 11.6204   Cb: 12.1882   Cr: 11.7498 )
00000774: 11.6973   (Y': 11.5864   Cb: 12.1524   Cr: 11.7147 )
00000775: 11.6473   (Y': 11.4987   Cb: 12.2269   Cr: 11.71   )
00000776: 11.5836   (Y': 11.4334   Cb: 12.1456   Cr: 11.6687 )
00000777: 11.7419   (Y': 11.6205   Cb: 12.2067   Cr: 11.7938 )
00000778: 11.7152   (Y': 11.6011   Cb: 12.1765   Cr: 11.7396 )
00000779: 11.7703   (Y': 11.6586   Cb: 12.1912   Cr: 11.8218 )
00000780: 11.5797   (Y': 11.4511   Cb: 12.0948   Cr: 11.616  )
00000781: 11.6181   (Y': 11.4667   Cb: 12.1615   Cr: 11.7246 )
00000782: 11.796    (Y': 11.7196   Cb: 12.1269   Cr: 11.7859 )
00000783: 11.6677   (Y': 11.5469   Cb: 12.1493   Cr: 11.7021 )
00000784: 11.82     (Y': 11.7348   Cb: 12.1866   Cr: 11.8128 )
00000785: 11.7746   (Y': 11.6895   Cb: 12.1413   Cr: 11.7669 )
00000786: 11.7777   (Y': 11.7056   Cb: 12.0926   Cr: 11.7648 )
00000787: 11.8012   (Y': 11.7181   Cb: 12.1507   Cr: 11.8006 )
00000788: 11.6962   (Y': 11.6043   Cb: 12.0789   Cr: 11.7015 )
00000789: 11.6859   (Y': 11.6086   Cb: 12.0492   Cr: 11.6495 )
00000790: 11.6237   (Y': 11.5151   Cb: 12.0466   Cr: 11.6607 )
00000791: 11.7377   (Y': 11.6673   Cb: 12.0659   Cr: 11.7053 )
00000792: 11.7022   (Y': 11.6039   Cb: 12.0466   Cr: 11.7693 )
00000793: 11.6413   (Y': 11.5551   Cb: 11.9886   Cr: 11.656  )
00000794: 11.675    (Y': 11.5676   Cb: 12.0405   Cr: 11.7601 )
00000795: 11.6618   (Y': 11.5699   Cb: 12.0444   Cr: 11.6671 )
00000796: 11.7013   (Y': 11.6093   Cb: 12.051    Cr: 11.7377 )
00000797: 11.6554   (Y': 11.5517   Cb: 12.0531   Cr: 11.6953 )
00000798: 11.6323   (Y': 11.5304   Cb: 12.0252   Cr: 11.6692 )
00000799: 11.6748   (Y': 11.5714   Cb: 12.0536   Cr: 11.7309 )
00000800: 11.7528   (Y': 11.6912   Cb: 12.04     Cr: 11.7232 )
00000801: 11.7337   (Y': 11.6568   Cb: 12.0556   Cr: 11.7338 )
00000802: 11.6718   (Y': 11.5676   Cb: 12.0748   Cr: 11.7092 )
00000803: 11.6541   (Y': 11.5786   Cb: 12.0107   Cr: 11.6167 )
00000804: 11.7177   (Y': 11.6236   Cb: 12.0969   Cr: 11.7349 )
00000805: 11.7235   (Y': 11.6461   Cb: 12.044    Cr: 11.7273 )
00000806: 11.7901   (Y': 11.7053   Cb: 12.184    Cr: 11.7567 )
00000807: 11.6676   (Y': 11.5416   Cb: 12.1137   Cr: 11.756  )
00000808: 11.779    (Y': 11.6894   Cb: 12.167    Cr: 11.77   )
00000809: 11.7591   (Y': 11.6773   Cb: 12.1249   Cr: 11.7385 )
00000810: 11.7583   (Y': 11.6771   Cb: 12.1075   Cr: 11.7505 )
00000811: 11.6492   (Y': 11.5366   Cb: 12.1345   Cr: 11.6461 )
00000812: 11.6463   (Y': 11.5395   Cb: 12.0911   Cr: 11.6561 )
00000813: 11.737    (Y': 11.6566   Cb: 12.0925   Cr: 11.7199 )
00000814: 11.7882   (Y': 11.7364   Cb: 12.0892   Cr: 11.7067 )
00000815: 11.7166   (Y': 11.6033   Cb: 12.1836   Cr: 11.7328 )
00000816: 11.7393   (Y': 11.6621   Cb: 12.0656   Cr: 11.7367 )
00000817: 11.6681   (Y': 11.5825   Cb: 12.0753   Cr: 11.6252 )
00000818: 11.7953   (Y': 11.7328   Cb: 12.1301   Cr: 11.7253 )
00000819: 11.7186   (Y': 11.6284   Cb: 12.1276   Cr: 11.6929 )
00000820: 11.7137   (Y': 11.6381   Cb: 12.12     Cr: 11.632  )
00000821: 11.6555   (Y': 11.5587   Cb: 12.1042   Cr: 11.6212 )
00000822: 11.7491   (Y': 11.6861   Cb: 12.1094   Cr: 11.658  )
00000823: 11.7554   (Y': 11.7069   Cb: 12.0582   Cr: 11.6592 )
00000824: 11.6974   (Y': 11.6209   Cb: 12.0526   Cr: 11.6651 )
00000825: 11.6631   (Y': 11.5727   Cb: 12.0639   Cr: 11.6456 )
00000826: 11.7432   (Y': 11.6539   Cb: 12.1411   Cr: 11.7236 )
00000827: 11.7358   (Y': 11.6494   Cb: 12.1317   Cr: 11.7065 )
00000828: 11.6294   (Y': 11.5217   Cb: 12.0901   Cr: 11.6283 )
00000829: 11.6308   (Y': 11.553    Cb: 12.0591   Cr: 11.538  )
00000830: 11.6861   (Y': 11.592    Cb: 12.0966   Cr: 11.6752 )
00000831: 11.7836   (Y': 11.728    Cb: 12.0809   Cr: 11.7206 )
00000832: 11.7275   (Y': 11.6622   Cb: 12.0991   Cr: 11.6357 )
00000833: 11.633    (Y': 11.5248   Cb: 12.1221   Cr: 11.6086 )
00000834: 11.8114   (Y': 11.7575   Cb: 12.1209   Cr: 11.7308 )
00000835: 11.701    (Y': 11.628    Cb: 12.0862   Cr: 11.6277 )
00000836: 11.7686   (Y': 11.6963   Cb: 12.0972   Cr: 11.7438 )
00000838: 11.749    (Y': 11.6757   Cb: 12.1131   Cr: 11.6958 )
00000837: 11.6499   (Y': 11.5528   Cb: 12.0348   Cr: 11.6746 )
00000839: 11.7427   (Y': 11.6882   Cb: 12.0718   Cr: 11.6464 )
00000840: 11.5779   (Y': 11.4905   Cb: 11.9726   Cr: 11.554  )
00000841: 11.6666   (Y': 11.6004   Cb: 12.0047   Cr: 11.6086 )
00000842: 11.6064   (Y': 11.5217   Cb: 12.0402   Cr: 11.5362 )
00000843: 11.7108   (Y': 11.6578   Cb: 12.028    Cr: 11.6191 )
00000845: 11.756    (Y': 11.7133   Cb: 12.0774   Cr: 11.6199 )
00000844: 11.6402   (Y': 11.5747   Cb: 11.9968   Cr: 11.5625 )
00000846: 11.6253   (Y': 11.5204   Cb: 12.0223   Cr: 11.6705 )
00000847: 11.7448   (Y': 11.7109   Cb: 12.0651   Cr: 11.5756 )
00000848: 11.7073   (Y': 11.647    Cb: 12.0433   Cr: 11.6276 )
00000849: 11.6112   (Y': 11.5064   Cb: 12.0576   Cr: 11.6111 )
00000850: 11.6571   (Y': 11.5787   Cb: 12.0788   Cr: 11.5722 )
00000851: 11.6954   (Y': 11.6022   Cb: 12.105    Cr: 11.6815 )
00000852: 11.8069   (Y': 11.7953   Cb: 12.0523   Cr: 11.6189 )
00000853: 11.6379   (Y': 11.5821   Cb: 12.0185   Cr: 11.5004 )
00000854: 11.6648   (Y': 11.583    Cb: 12.006    Cr: 11.6669 )
00000855: 11.6089   (Y': 11.5451   Cb: 11.9864   Cr: 11.5056 )
00000856: 11.7621   (Y': 11.7046   Cb: 12.0826   Cr: 11.6852 )
00000857: 11.8325   (Y': 11.8147   Cb: 12.0835   Cr: 11.6637 )
00000858: 11.766    (Y': 11.7147   Cb: 12.0938   Cr: 11.6583 )
00000859: 11.673    (Y': 11.5687   Cb: 12.1041   Cr: 11.6845 )
00000860: 11.701    (Y': 11.6464   Cb: 12.0731   Cr: 11.5667 )
00000861: 11.828    (Y': 11.7942   Cb: 12.13     Cr: 11.6748 )
00000862: 11.7225   (Y': 11.638    Cb: 12.0901   Cr: 11.7113 )
00000863: 11.6985   (Y': 11.6561   Cb: 12.013    Cr: 11.5673 )
00000864: 11.6545   (Y': 11.5409   Cb: 12.0829   Cr: 11.7074 )
00000865: 11.7399   (Y': 11.6643   Cb: 12.0886   Cr: 11.7098 )
00000866: 11.7423   (Y': 11.6843   Cb: 12.1174   Cr: 11.6183 )
00000867: 11.6884   (Y': 11.621    Cb: 12.0095   Cr: 11.6508 )
00000868: 11.6436   (Y': 11.571    Cb: 12.0025   Cr: 11.5922 )
00000869: 11.7897   (Y': 11.7235   Cb: 12.1313   Cr: 11.7281 )
00000870: 12.0104   (Y': 11.9812   Cb: 12.2015   Cr: 11.9411 )
00000871: 11.9697   (Y': 11.9356   Cb: 12.2056   Cr: 11.8778 )
00000872: 11.9812   (Y': 11.9066   Cb: 12.2624   Cr: 12.0102 )
00000873: 12.0334   (Y': 11.9603   Cb: 12.3168   Cr: 12.054  )
00000874: 12.1433   (Y': 12.1068   Cb: 12.3322   Cr: 12.1052 )
00000875: 12.1289   (Y': 12.074    Cb: 12.4091   Cr: 12.0788 )
00000877: 12.0572   (Y': 11.9808   Cb: 12.374    Cr: 12.0597 )
00000876: 11.9996   (Y': 11.9319   Cb: 12.3023   Cr: 11.9802 )
00000878: 12.0429   (Y': 11.9916   Cb: 12.2931   Cr: 12.0065 )
00000879: 11.9753   (Y': 11.8925   Cb: 12.3211   Cr: 11.9775 )
00000880: 12.0492   (Y': 11.957    Cb: 12.3982   Cr: 12.0867 )
00000881: 12.099    (Y': 12.0127   Cb: 12.4029   Cr: 12.155  )
00000882: 12.2308   (Y': 12.1933   Cb: 12.4449   Cr: 12.173  )
00000883: 12.3523   (Y': 12.3504   Cb: 12.5089   Cr: 12.2085 )
00000884: 12.3175   (Y': 12.3248   Cb: 12.4813   Cr: 12.1317 )
00000885: 12.3881   (Y': 12.4009   Cb: 12.5011   Cr: 12.2286 )
00000886: 12.3622   (Y': 12.3737   Cb: 12.5432   Cr: 12.1443 )
00000887: 12.4196   (Y': 12.4468   Cb: 12.5163   Cr: 12.2203 )
00000888: 12.3728   (Y': 12.3795   Cb: 12.5337   Cr: 12.1918 )
00000889: 12.227    (Y': 12.1924   Cb: 12.4847   Cr: 12.1174 )
00000890: 12.0816   (Y': 11.8906   Cb: 12.7081   Cr: 12.284  )
00000891: 12.2275   (Y': 12.0407   Cb: 12.8706   Cr: 12.3962 )
00000892: 12.388    (Y': 12.1605   Cb: 13.1867   Cr: 12.5976 )
00000893: 12.2239   (Y': 11.9468   Cb: 13.1332   Cr: 12.5606 )
00000894: 12.2591   (Y': 11.9672   Cb: 13.3384   Cr: 12.5186 )
00000895: 12.3115   (Y': 12.0518   Cb: 13.2905   Cr: 12.5095 )
00000896: 12.3644   (Y': 12.0854   Cb: 13.3391   Cr: 12.653  )
00000897: 12.4313   (Y': 12.1557   Cb: 13.4244   Cr: 12.6894 )
00000898: 12.2781   (Y': 11.9779   Cb: 13.3104   Cr: 12.6153 )
00000899: 12.296    (Y': 11.9835   Cb: 13.5032   Cr: 12.5449 )
00000900: 12.2454   (Y': 11.9278   Cb: 13.3784   Cr: 12.5782 )
00000901: 12.2386   (Y': 11.929    Cb: 13.3577   Cr: 12.5461 )
00000902: 12.1388   (Y': 11.8031   Cb: 13.32     Cr: 12.5166 )
00000903: 12.2554   (Y': 11.9539   Cb: 13.3719   Cr: 12.5281 )
00000904: 12.2077   (Y': 11.8845   Cb: 13.3886   Cr: 12.5276 )
00000905: 12.2124   (Y': 11.9004   Cb: 13.3316   Cr: 12.531  )
00000906: 12.1391   (Y': 11.7979   Cb: 13.3492   Cr: 12.519  )
00000907: 12.1838   (Y': 11.8585   Cb: 13.3743   Cr: 12.5052 )
00000908: 12.1406   (Y': 11.8058   Cb: 13.3153   Cr: 12.5198 )
00000909: 12.1024   (Y': 11.7519   Cb: 13.387    Cr: 12.465  )
00000910: 12.2013   (Y': 11.88     Cb: 13.4101   Cr: 12.4896 )
00000911: 12.265    (Y': 11.9626   Cb: 13.3932   Cr: 12.5323 )
00000912: 12.1556   (Y': 11.8182   Cb: 13.4437   Cr: 12.4546 )
00000913: 12.1978   (Y': 11.8776   Cb: 13.307    Cr: 12.563  )
00000914: 12.2662   (Y': 11.9468   Cb: 13.4065   Cr: 12.6018 )
00000915: 12.3064   (Y': 12.0022   Cb: 13.3771   Cr: 12.63   )
00000916: 12.1457   (Y': 11.8117   Cb: 13.3256   Cr: 12.5165 )
00000917: 12.1699   (Y': 11.837    Cb: 13.3883   Cr: 12.5041 )
00000918: 12.26     (Y': 11.938    Cb: 13.4291   Cr: 12.5835 )
00000919: 12.2945   (Y': 12.0003   Cb: 13.3671   Cr: 12.5703 )
00000920: 12.2726   (Y': 11.9507   Cb: 13.4464   Cr: 12.5918 )
00000921: 12.2428   (Y': 11.909    Cb: 13.4699   Cr: 12.5742 )
00000922: 12.2869   (Y': 11.9848   Cb: 13.4165   Cr: 12.5517 )
00000923: 12.3085   (Y': 12.013    Cb: 13.3791   Cr: 12.592  )
00000924: 12.1898   (Y': 11.8633   Cb: 13.3579   Cr: 12.5351 )
00000926: 12.2508   (Y': 11.9273   Cb: 13.3476   Cr: 12.642  )
00000925: 12.321    (Y': 12.012    Cb: 13.4436   Cr: 12.623  )
00000927: 12.1894   (Y': 11.836    Cb: 13.451    Cr: 12.5844 )
00000928: 12.2152   (Y': 11.8739   Cb: 13.3937   Cr: 12.6218 )
00000929: 12.2702   (Y': 11.943    Cb: 13.4675   Cr: 12.5946 )
00000930: 12.1998   (Y': 11.8433   Cb: 13.482    Cr: 12.5934 )
00000931: 12.1878   (Y': 11.8613   Cb: 13.3768   Cr: 12.5163 )
00000932: 12.3378   (Y': 12.0182   Cb: 13.4662   Cr: 12.6845 )
00000933: 12.2253   (Y': 11.8639   Cb: 13.4489   Cr: 12.6908 )
00000934: 12.1539   (Y': 11.8033   Cb: 13.3828   Cr: 12.5629 )
00000935: 12.1912   (Y': 11.8323   Cb: 13.4429   Cr: 12.621  )
00000936: 12.2857   (Y': 11.9429   Cb: 13.4828   Cr: 12.6839 )
00000937: 12.2257   (Y': 11.8877   Cb: 13.4518   Cr: 12.5775 )
00000938: 12.2184   (Y': 11.8784   Cb: 13.415    Cr: 12.6036 )
00000939: 12.2003   (Y': 11.8616   Cb: 13.3807   Cr: 12.593  )
00000940: 12.2177   (Y': 11.8672   Cb: 13.4507   Cr: 12.6228 )
00000941: 12.2417   (Y': 11.9028   Cb: 13.4585   Cr: 12.6054 )
00000942: 12.2717   (Y': 11.934    Cb: 13.4363   Cr: 12.6725 )
00000943: 12.1875   (Y': 11.8393   Cb: 13.4055   Cr: 12.5942 )
00000944: 12.2962   (Y': 11.9963   Cb: 13.3651   Cr: 12.6013 )
00000945: 12.2424   (Y': 11.9214   Cb: 13.3899   Cr: 12.5794 )
00000946: 12.2294   (Y': 11.9005   Cb: 13.369    Cr: 12.6097 )
00000947: 12.2298   (Y': 11.8972   Cb: 13.4069   Cr: 12.5963 )
00000948: 12.171    (Y': 11.8226   Cb: 13.447    Cr: 12.5307 )
00000949: 12.2858   (Y': 11.9745   Cb: 13.3893   Cr: 12.6145 )
00000950: 12.2296   (Y': 11.8854   Cb: 13.4612   Cr: 12.606  )
00000951: 12.1802   (Y': 11.8342   Cb: 13.4306   Cr: 12.5494 )
00000952: 12.221    (Y': 11.8892   Cb: 13.4193   Cr: 12.5661 )
00000953: 12.1828   (Y': 11.8376   Cb: 13.4298   Cr: 12.5518 )
00000954: 12.1999   (Y': 11.8521   Cb: 13.4397   Cr: 12.5868 )
00000955: 12.1768   (Y': 11.8466   Cb: 13.3619   Cr: 12.5254 )
00000956: 12.1558   (Y': 11.795    Cb: 13.4478   Cr: 12.5615 )
00000957: 12.2078   (Y': 11.8586   Cb: 13.4363   Cr: 12.6106 )
00000958: 12.1772   (Y': 11.8206   Cb: 13.423    Cr: 12.6011 )
00000959: 12.155    (Y': 11.7739   Cb: 13.4542   Cr: 12.6531 )
00000960: 12.2208   (Y': 11.872    Cb: 13.4571   Cr: 12.6151 )
00000961: 12.2508   (Y': 11.9072   Cb: 13.4399   Cr: 12.6594 )
00000962: 12.2131   (Y': 11.8824   Cb: 13.3476   Cr: 12.6069 )
00000963: 12.2046   (Y': 11.8649   Cb: 13.3923   Cr: 12.5958 )
00000964: 12.2359   (Y': 11.902    Cb: 13.4181   Cr: 12.6045 )
00000965: 12.2076   (Y': 11.8757   Cb: 13.3467   Cr: 12.6031 )
00000966: 12.1954   (Y': 11.8596   Cb: 13.4256   Cr: 12.5332 )
00000967: 12.3318   (Y': 12.0399   Cb: 13.3809   Cr: 12.6168 )
00000968: 12.2889   (Y': 11.9993   Cb: 13.3833   Cr: 12.5256 )
00000969: 12.299    (Y': 12.0247   Cb: 13.3803   Cr: 12.4777 )
00000970: 12.2218   (Y': 11.9299   Cb: 13.2721   Cr: 12.5053 )
00000971: 12.2324   (Y': 11.9513   Cb: 13.3299   Cr: 12.4284 )
00000972: 12.2184   (Y': 11.91     Cb: 13.3882   Cr: 12.4791 )
00000974: 12.0636   (Y': 11.7322   Cb: 13.2433   Cr: 12.422  )
00000973: 12.1034   (Y': 11.8041   Cb: 13.202    Cr: 12.381  )
00000975: 12.1727   (Y': 11.8542   Cb: 13.3046   Cr: 12.5114 )
00000976: 12.1207   (Y': 11.8007   Cb: 13.263    Cr: 12.4575 )
00000977: 12.0216   (Y': 11.6634   Cb: 13.3127   Cr: 12.4152 )
00000978: 11.9942   (Y': 11.659    Cb: 13.1927   Cr: 12.355  )
00000979: 12.0803   (Y': 11.7546   Cb: 13.2473   Cr: 12.4232 )
00000980: 12.0864   (Y': 11.7612   Cb: 13.2424   Cr: 12.436  )
00000981: 11.9955   (Y': 11.6341   Cb: 13.2387   Cr: 12.4439 )
00000982: 12.0216   (Y': 11.6725   Cb: 13.2364   Cr: 12.4354 )
00000983: 12.0699   (Y': 11.7103   Cb: 13.2928   Cr: 12.5266 )
00000984: 12.0973   (Y': 11.7654   Cb: 13.2953   Cr: 12.4435 )
00000985: 12.0632   (Y': 11.7162   Cb: 13.2808   Cr: 12.4644 )
00000986: 12.056    (Y': 11.7139   Cb: 13.2673   Cr: 12.4389 )
00000987: 11.975    (Y': 11.6216   Cb: 13.2652   Cr: 12.3472 )
00000988: 12.0203   (Y': 11.6823   Cb: 13.2121   Cr: 12.4003 )
00000989: 12.1327   (Y': 11.8171   Cb: 13.2653   Cr: 12.4566 )
00000990: 12.0435   (Y': 11.7008   Cb: 13.2552   Cr: 12.4291 )
00000991: 12.0684   (Y': 11.7495   Cb: 13.2131   Cr: 12.3979 )
00000992: 12.1366   (Y': 11.8239   Cb: 13.2796   Cr: 12.439  )
00000993: 12.083    (Y': 11.7369   Cb: 13.3026   Cr: 12.4785 )
00000994: 12.1467   (Y': 11.8161   Cb: 13.3024   Cr: 12.5219 )
00000995: 12.0774   (Y': 11.7126   Cb: 13.3617   Cr: 12.5081 )
00000996: 12.1206   (Y': 11.7772   Cb: 13.2746   Cr: 12.5575 )
00000997: 12.0783   (Y': 11.7399   Cb: 13.3421   Cr: 12.4011 )
00000998: 12.0732   (Y': 11.7366   Cb: 13.2864   Cr: 12.4287 )
00000999: 12.2062   (Y': 11.9046   Cb: 13.2769   Cr: 12.5177 )
00001000: 12.1618   (Y': 11.8692   Cb: 13.2259   Cr: 12.4371 )
00001001: 12.047    (Y': 11.7184   Cb: 13.2033   Cr: 12.4118 )
00001002: 12.1316   (Y': 11.8271   Cb: 13.2544   Cr: 12.4128 )
00001003: 12.1468   (Y': 11.8348   Cb: 13.2405   Cr: 12.487  )
00001004: 12.0852   (Y': 11.7438   Cb: 13.261    Cr: 12.4944 )
00001005: 12.0387   (Y': 11.6952   Cb: 13.2538   Cr: 12.4256 )
00001006: 12.0798   (Y': 11.7353   Cb: 13.31     Cr: 12.4589 )
00001007: 12.1473   (Y': 11.8335   Cb: 13.2529   Cr: 12.4855 )
00001008: 12.0702   (Y': 11.7325   Cb: 13.2697   Cr: 12.4419 )
00001009: 12.0437   (Y': 11.7057   Cb: 13.243    Cr: 12.4171 )
00001010: 12.1026   (Y': 11.7771   Cb: 13.2394   Cr: 12.4695 )
00001011: 12.1276   (Y': 11.8124   Cb: 13.2421   Cr: 12.4647 )
00001012: 12.0894   (Y': 11.7646   Cb: 13.2399   Cr: 12.442  )
00001013: 12.0346   (Y': 11.6768   Cb: 13.2904   Cr: 12.4554 )
00001014: 12.1125   (Y': 11.7756   Cb: 13.3028   Cr: 12.4884 )
00001015: 12.1059   (Y': 11.7753   Cb: 13.2856   Cr: 12.461  )
00001016: 12.0173   (Y': 11.6718   Cb: 13.2651   Cr: 12.3864 )
00001017: 12.0583   (Y': 11.7564   Cb: 13.177    Cr: 12.3308 )
00001018: 12.0681   (Y': 11.746    Cb: 13.2092   Cr: 12.4154 )
00001019: 12.2114   (Y': 11.9336   Cb: 13.2424   Cr: 12.4471 )
00001020: 12.1768   (Y': 11.9162   Cb: 13.1728   Cr: 12.3652 )
00001021: 12.3432   (Y': 12.1131   Cb: 13.3122   Cr: 12.4205 )
00001022: 12.4496   (Y': 12.2474   Cb: 13.3787   Cr: 12.4415 )
00001023: 12.3871   (Y': 12.1552   Cb: 13.375    Cr: 12.4566 )
00001024: 12.4086   (Y': 12.1826   Cb: 13.4107   Cr: 12.4418 )
00001025: 12.3007   (Y': 12.056    Cb: 13.3016   Cr: 12.4153 )
00001026: 12.3564   (Y': 12.0845   Cb: 13.4287   Cr: 12.5319 )
00001027: 12.4092   (Y': 12.1051   Cb: 13.5992   Cr: 12.6341 )
00001028: 12.4277   (Y': 12.1256   Cb: 13.6196   Cr: 12.6419 )
00001030: 12.4351   (Y': 12.1598   Cb: 13.505    Cr: 12.6279 )
00001031: 12.448    (Y': 12.1724   Cb: 13.5373   Cr: 12.6265 )
00001029: 12.3751   (Y': 12.0108   Cb: 13.7981   Cr: 12.6932 )
00001032: 12.1391   (Y': 11.9947   Cb: 12.7281   Cr: 12.1756 )
00001033: 12.1643   (Y': 12.0259   Cb: 12.7743   Cr: 12.1575 )
00001034: 12.04     (Y': 11.8851   Cb: 12.6295   Cr: 12.1201 )
00001035: 12.0633   (Y': 11.9437   Cb: 12.5621   Cr: 12.0771 )
00001036: 11.9408   (Y': 11.8011   Cb: 12.4246   Cr: 12.0519 )
00001037: 11.787    (Y': 11.6143   Cb: 12.3847   Cr: 11.9363 )
00001039: 11.8711   (Y': 11.7319   Cb: 12.3915   Cr: 11.9474 )
00001038: 11.8336   (Y': 11.6584   Cb: 12.4259   Cr: 11.9983 )
00001040: 11.889    (Y': 11.758    Cb: 12.3815   Cr: 11.9558 )
00001041: 11.7742   (Y': 11.5959   Cb: 12.3691   Cr: 11.95   )
00001042: 11.7655   (Y': 11.6123   Cb: 12.2875   Cr: 11.8996 )
00001043: 11.8146   (Y': 11.6392   Cb: 12.3642   Cr: 12.0192 )
Total: 12.1639   (Y': 11.9375   Cb: 12.9006   Cr: 12.4237 )
