00000000: 37.4581   (Y': INF       Cb: 32.6869   Cr: 32.6869 )
00000001: 16.2777   (Y': 17.8154   Cb: 14.0918   Cr: 14.4069 )
00000002: 16.3119   (Y': 17.8567   Cb: 14.0732   Cr: 14.4853 )
00000005: 16.2654   (Y': 17.7956   Cb: 14.0343   Cr: 14.4574 )
00000004: 16.2871   (Y': 17.838    Cb: 14.0745   Cr: 14.421  )
00000003: 16.2853   (Y': 17.8156   Cb: 14.0872   Cr: 14.4411 )
00000006: 16.2692   (Y': 17.8051   Cb: 14.0346   Cr: 14.4545 )
00000007: 16.2813   (Y': 17.8354   Cb: 14.0593   Cr: 14.4196 )
00000008: 16.2705   (Y': 17.808    Cb: 14.078    Cr: 14.4069 )
00000009: 16.2875   (Y': 17.8112   Cb: 14.0911   Cr: 14.4537 )
00000011: 16.3106   (Y': 17.8262   Cb: 14.1262   Cr: 14.4786 )
00000010: 16.3093   (Y': 17.8225   Cb: 14.124    Cr: 14.4829 )
00000012: 16.2895   (Y': 17.8358   Cb: 14.1115   Cr: 14.3945 )
00000013: 16.3176   (Y': 17.8242   Cb: 14.2029   Cr: 14.4278 )
00000014: 16.3178   (Y': 17.8182   Cb: 14.1634   Cr: 14.4816 )
00000015: 16.3268   (Y': 17.8271   Cb: 14.1855   Cr: 14.4766 )
00000016: 16.3723   (Y': 17.8621   Cb: 14.2556   Cr: 14.5152 )
00000017: 16.3357   (Y': 17.8208   Cb: 14.2292   Cr: 14.4766 )
00000018: 16.3523   (Y': 17.8238   Cb: 14.204    Cr: 14.5637 )
00000019: 16.3226   (Y': 17.8158   Cb: 14.1925   Cr: 14.474  )
00000021: 16.3319   (Y': 17.8074   Cb: 14.229    Cr: 14.4869 )
00000020: 16.3515   (Y': 17.8325   Cb: 14.2266   Cr: 14.5199 )
00000022: 16.3746   (Y': 17.8512   Cb: 14.2582   Cr: 14.5419 )
00000023: 16.3611   (Y': 17.837    Cb: 14.2334   Cr: 14.5418 )
00000024: 16.3679   (Y': 17.8329   Cb: 14.3044   Cr: 14.5008 )
00000026: 16.3631   (Y': 17.8283   Cb: 14.2564   Cr: 14.5413 )
00000025: 16.3569   (Y': 17.8319   Cb: 14.2434   Cr: 14.524  )
00000027: 16.3818   (Y': 17.8547   Cb: 14.3098   Cr: 14.5092 )
00000028: 16.3823   (Y': 17.8453   Cb: 14.3156   Cr: 14.5223 )
00000029: 16.3646   (Y': 17.8345   Cb: 14.2388   Cr: 14.5547 )
00000030: 16.3613   (Y': 17.8398   Cb: 14.2794   Cr: 14.4885 )
00000031: 16.3526   (Y': 17.8069   Cb: 14.2468   Cr: 14.5504 )
00000032: 16.3445   (Y': 17.803    Cb: 14.2379   Cr: 14.5352 )
00000034: 16.3622   (Y': 17.8368   Cb: 14.2556   Cr: 14.5228 )
00000033: 16.3762   (Y': 17.8673   Cb: 14.2987   Cr: 14.4756 )
00000038: 16.3605   (Y': 17.827    Cb: 14.2393   Cr: 14.552  )
00000036: 16.3807   (Y': 17.8211   Cb: 14.3098   Cr: 14.5678 )
00000035: 16.3451   (Y': 17.8171   Cb: 14.2314   Cr: 14.5184 )
00000037: 16.3576   (Y': 17.8427   Cb: 14.2496   Cr: 14.5005 )
00000039: 16.3753   (Y': 17.8355   Cb: 14.2939   Cr: 14.5363 )
00000040: 16.3931   (Y': 17.8504   Cb: 14.3398   Cr: 14.5297 )
00000041: 16.3639   (Y': 17.8406   Cb: 14.2752   Cr: 14.5018 )
00000042: 16.3592   (Y': 17.8566   Cb: 14.2236   Cr: 14.5086 )
00000044: 16.3717   (Y': 17.8612   Cb: 14.2758   Cr: 14.4933 )
00000043: 16.3541   (Y': 17.8203   Cb: 14.2718   Cr: 14.5047 )
00000046: 16.3821   (Y': 17.8285   Cb: 14.2941   Cr: 14.5759 )
00000045: 16.3522   (Y': 17.8024   Cb: 14.2347   Cr: 14.5706 )
00000047: 16.3476   (Y': 17.8342   Cb: 14.238    Cr: 14.4894 )
00000048: 16.3536   (Y': 17.8209   Cb: 14.2636   Cr: 14.5101 )
00000050: 16.3644   (Y': 17.8457   Cb: 14.2449   Cr: 14.5262 )
00000049: 16.3864   (Y': 17.8554   Cb: 14.2943   Cr: 14.5419 )
00000052: 16.3569   (Y': 17.8355   Cb: 14.2634   Cr: 14.4963 )
00000053: 16.3852   (Y': 17.8429   Cb: 14.3077   Cr: 14.5467 )
00000051: 16.3592   (Y': 17.8388   Cb: 14.2545   Cr: 14.5087 )
00000054: 16.3767   (Y': 17.8311   Cb: 14.2791   Cr: 14.5654 )
00000055: 16.3654   (Y': 17.819    Cb: 14.3107   Cr: 14.5104 )
00000056: 16.355    (Y': 17.8218   Cb: 14.2225   Cr: 14.5579 )
00000058: 16.3686   (Y': 17.8256   Cb: 14.2798   Cr: 14.5434 )
00000057: 16.3421   (Y': 17.8377   Cb: 14.2039   Cr: 14.4975 )
00000059: 16.3638   (Y': 17.8215   Cb: 14.2474   Cr: 14.5666 )
00000060: 16.3659   (Y': 17.8448   Cb: 14.2332   Cr: 14.5464 )
00000061: 16.3512   (Y': 17.8443   Cb: 14.206    Cr: 14.5188 )
00000062: 16.3658   (Y': 17.8115   Cb: 14.2625   Cr: 14.5771 )
00000063: 16.3775   (Y': 17.8261   Cb: 14.2919   Cr: 14.5645 )
00000064: 16.3625   (Y': 17.8314   Cb: 14.2585   Cr: 14.5312 )
00000065: 16.3677   (Y': 17.8278   Cb: 14.282    Cr: 14.5332 )
00000067: 16.357    (Y': 17.834    Cb: 14.2615   Cr: 14.5012 )
00000066: 16.3641   (Y': 17.8112   Cb: 14.2699   Cr: 14.5634 )
00000068: 16.3476   (Y': 17.8199   Cb: 14.2222   Cr: 14.5327 )
00000069: 16.3621   (Y': 17.8322   Cb: 14.277    Cr: 14.5083 )
00000070: 16.3572   (Y': 17.8163   Cb: 14.24     Cr: 14.5584 )
00000071: 16.381    (Y': 17.8487   Cb: 14.2821   Cr: 14.5464 )
00000072: 16.3768   (Y': 17.8626   Cb: 14.2802   Cr: 14.5063 )
00000073: 16.3635   (Y': 17.8313   Cb: 14.2398   Cr: 14.5553 )
00000074: 16.3837   (Y': 17.8629   Cb: 14.2544   Cr: 14.5599 )
00000075: 16.345    (Y': 17.8186   Cb: 14.2468   Cr: 14.4985 )
00000077: 16.367    (Y': 17.8323   Cb: 14.2839   Cr: 14.52   )
00000076: 16.3643   (Y': 17.8355   Cb: 14.2774   Cr: 14.5105 )
00000078: 16.3514   (Y': 17.8286   Cb: 14.2318   Cr: 14.5212 )
00000079: 16.3326   (Y': 17.8086   Cb: 14.2122   Cr: 14.5053 )
00000080: 16.3704   (Y': 17.8232   Cb: 14.3127   Cr: 14.52   )
00000082: 16.358    (Y': 17.8258   Cb: 14.2167   Cr: 14.5688 )
00000081: 16.3457   (Y': 17.8095   Cb: 14.2671   Cr: 14.497  )
00000083: 16.3799   (Y': 17.8297   Cb: 14.299    Cr: 14.5597 )
00000084: 16.3649   (Y': 17.8276   Cb: 14.2806   Cr: 14.5243 )
00000085: 16.3537   (Y': 17.8193   Cb: 14.2318   Cr: 14.5474 )
00000086: 16.3524   (Y': 17.812    Cb: 14.257    Cr: 14.529  )
00000087: 16.3605   (Y': 17.8228   Cb: 14.2398   Cr: 14.5592 )
00000088: 16.3406   (Y': 17.8207   Cb: 14.2275   Cr: 14.4981 )
00000089: 16.3597   (Y': 17.8291   Cb: 14.2412   Cr: 14.543  )
00000091: 16.3486   (Y': 17.8089   Cb: 14.2174   Cr: 14.5624 )
00000090: 16.38     (Y': 17.8589   Cb: 14.2387   Cr: 14.5696 )
00000092: 16.3511   (Y': 17.8407   Cb: 14.2176   Cr: 14.5126 )
00000093: 16.3287   (Y': 17.8315   Cb: 14.1528   Cr: 14.5111 )
00000094: 16.313    (Y': 17.8005   Cb: 14.1789   Cr: 14.4789 )
00000095: 16.3419   (Y': 17.8293   Cb: 14.1997   Cr: 14.5165 )
00000096: 16.3434   (Y': 17.8399   Cb: 14.2238   Cr: 14.4772 )
00000098: 16.3299   (Y': 17.814    Cb: 14.1988   Cr: 14.4992 )
00000097: 16.3392   (Y': 17.8302   Cb: 14.1805   Cr: 14.5252 )
00000099: 16.3499   (Y': 17.8431   Cb: 14.2447   Cr: 14.4747 )
00000100: 16.3171   (Y': 17.8196   Cb: 14.1442   Cr: 14.4968 )
00000101: 16.3162   (Y': 17.8155   Cb: 14.1878   Cr: 14.4541 )
00000103: 16.3309   (Y': 17.8295   Cb: 14.1856   Cr: 14.4886 )
00000102: 16.3038   (Y': 17.8083   Cb: 14.1598   Cr: 14.4487 )
00000104: 16.2919   (Y': 17.7928   Cb: 14.134    Cr: 14.4588 )
00000105: 16.3073   (Y': 17.8269   Cb: 14.1262   Cr: 14.4645 )
00000107: 16.3233   (Y': 17.8246   Cb: 14.1648   Cr: 14.4897 )
00000106: 16.3234   (Y': 17.8096   Cb: 14.1461   Cr: 14.5387 )
00000108: 16.3408   (Y': 17.8445   Cb: 14.1786   Cr: 14.507  )
00000109: 16.3323   (Y': 17.8501   Cb: 14.1751   Cr: 14.467  )
00000110: 16.3159   (Y': 17.8217   Cb: 14.1526   Cr: 14.4795 )
00000111: 16.334    (Y': 17.8247   Cb: 14.1996   Cr: 14.4946 )
00000112: 16.3092   (Y': 17.8173   Cb: 14.1614   Cr: 14.4519 )
00000113: 16.166    (Y': 17.7358   Cb: 14.221    Cr: 13.9955 )
00000114: 16.1772   (Y': 17.7644   Cb: 14.1663   Cr: 14.0403 )
00000115: 16.262    (Y': 17.7778   Cb: 14.115    Cr: 14.3893 )
00000116: 16.2795   (Y': 17.7973   Cb: 14.1041   Cr: 14.4337 )
00000117: 16.2647   (Y': 17.8221   Cb: 14.0404   Cr: 14.3993 )
00000118: 16.2929   (Y': 17.8051   Cb: 14.1315   Cr: 14.4426 )
00000119: 16.2686   (Y': 17.7963   Cb: 14.1012   Cr: 14.396  )
00000120: 16.2818   (Y': 17.8169   Cb: 14.0906   Cr: 14.4211 )
00000121: 16.2798   (Y': 17.82     Cb: 14.0774   Cr: 14.422  )
00000123: 16.3099   (Y': 17.8234   Cb: 14.1486   Cr: 14.4568 )
00000122: 16.2946   (Y': 17.7828   Cb: 14.1754   Cr: 14.4434 )
00000124: 16.2698   (Y': 17.7753   Cb: 14.1247   Cr: 14.4141 )
00000125: 16.298    (Y': 17.8205   Cb: 14.1186   Cr: 14.4481 )
00000126: 16.269    (Y': 17.7694   Cb: 14.1259   Cr: 14.4208 )
00000127: 16.2874   (Y': 17.7955   Cb: 14.1276   Cr: 14.4428 )
00000128: 16.283    (Y': 17.809    Cb: 14.1021   Cr: 14.4282 )
00000129: 16.2825   (Y': 17.8148   Cb: 14.1098   Cr: 14.4075 )
00000130: 16.2719   (Y': 17.8103   Cb: 14.104    Cr: 14.3802 )
00000131: 16.2783   (Y': 17.7956   Cb: 14.1183   Cr: 14.417  )
00000132: 16.2826   (Y': 17.7895   Cb: 14.131    Cr: 14.4315 )
00000133: 16.2718   (Y': 17.7904   Cb: 14.1073   Cr: 14.4131 )
00000134: 16.2618   (Y': 17.8303   Cb: 14.0601   Cr: 14.352  )
00000135: 16.2539   (Y': 17.7813   Cb: 14.0839   Cr: 14.3849 )
00000136: 16.274    (Y': 17.7696   Cb: 14.154    Cr: 14.4099 )
00000137: 16.2927   (Y': 17.7995   Cb: 14.1178   Cr: 14.4667 )
00000138: 16.2737   (Y': 17.7841   Cb: 14.1378   Cr: 14.3995 )
00000139: 16.2767   (Y': 17.7629   Cb: 14.1525   Cr: 14.4347 )
00000140: 16.2875   (Y': 17.7841   Cb: 14.1674   Cr: 14.4218 )
00000141: 16.2862   (Y': 17.8058   Cb: 14.1214   Cr: 14.4259 )
00000142: 16.2763   (Y': 17.7774   Cb: 14.1131   Cr: 14.4484 )
00000143: 16.2687   (Y': 17.7919   Cb: 14.0983   Cr: 14.4076 )
00000144: 16.2736   (Y': 17.764    Cb: 14.1238   Cr: 14.451  )
00000145: 16.2762   (Y': 17.7966   Cb: 14.0913   Cr: 14.4359 )
00000146: 16.2652   (Y': 17.7977   Cb: 14.0951   Cr: 14.3866 )
00000148: 16.2702   (Y': 17.7879   Cb: 14.095    Cr: 14.4246 )
00000147: 16.2998   (Y': 17.8209   Cb: 14.1233   Cr: 14.4492 )
00000149: 16.2711   (Y': 17.7892   Cb: 14.118    Cr: 14.4009 )
00000150: 16.2882   (Y': 17.8005   Cb: 14.1244   Cr: 14.4401 )
00000151: 16.2849   (Y': 17.773    Cb: 14.1507   Cr: 14.45   )
00000152: 16.3061   (Y': 17.8177   Cb: 14.1591   Cr: 14.4414 )
00000153: 16.2744   (Y': 17.8025   Cb: 14.091    Cr: 14.4184 )
00000155: 16.3021   (Y': 17.8056   Cb: 14.1361   Cr: 14.4728 )
00000156: 16.2663   (Y': 17.793    Cb: 14.102    Cr: 14.3923 )
00000154: 16.2755   (Y': 17.7915   Cb: 14.1265   Cr: 14.4048 )
00000157: 16.2903   (Y': 17.7831   Cb: 14.1361   Cr: 14.4682 )
00000158: 16.2915   (Y': 17.7474   Cb: 14.1816   Cr: 14.4906 )
00000159: 16.3476   (Y': 17.8075   Cb: 14.198    Cr: 14.5821 )
00000160: 16.2938   (Y': 17.7699   Cb: 14.1595   Cr: 14.4815 )
00000161: 16.3147   (Y': 17.7598   Cb: 14.201    Cr: 14.5385 )
00000162: 16.3139   (Y': 17.7782   Cb: 14.1887   Cr: 14.5139 )
00000163: 16.2801   (Y': 17.7572   Cb: 14.1274   Cr: 14.4856 )
00000164: 16.2925   (Y': 17.7341   Cb: 14.2052   Cr: 14.4949 )
00000165: 16.3004   (Y': 17.7457   Cb: 14.1589   Cr: 14.5544 )
00000166: 16.2915   (Y': 17.7334   Cb: 14.1859   Cr: 14.5128 )
00000167: 16.3063   (Y': 17.7517   Cb: 14.2256   Cr: 14.4943 )
00000168: 16.2685   (Y': 17.7236   Cb: 14.1528   Cr: 14.4755 )
00000169: 16.3065   (Y': 17.7653   Cb: 14.1777   Cr: 14.5209 )
00000170: 16.2919   (Y': 17.7534   Cb: 14.1697   Cr: 14.494  )
00000171: 16.4033   (Y': 17.8805   Cb: 14.2681   Cr: 14.5899 )
00000172: 16.4082   (Y': 17.9016   Cb: 14.196    Cr: 14.6482 )
00000173: 16.4473   (Y': 17.929    Cb: 14.2881   Cr: 14.651  )
00000174: 16.5208   (Y': 17.9858   Cb: 14.3589   Cr: 14.7592 )
00000175: 16.5516   (Y': 18.0263   Cb: 14.3528   Cr: 14.8123 )
00000176: 16.5022   (Y': 17.9714   Cb: 14.3224   Cr: 14.7523 )
00000177: 16.5048   (Y': 17.972    Cb: 14.3495   Cr: 14.7319 )
00000178: 16.452    (Y': 17.9949   Cb: 14.2127   Cr: 14.6298 )
00000179: 16.398    (Y': 17.9399   Cb: 14.1785   Cr: 14.5556 )
00000180: 16.3344   (Y': 17.8642   Cb: 14.139    Cr: 14.4881 )
00000181: 16.2629   (Y': 17.7981   Cb: 14.0703   Cr: 14.4036 )
00000182: 16.2203   (Y': 17.7063   Cb: 14.0556   Cr: 14.4221 )
00000183: 16.188    (Y': 17.7085   Cb: 14.0116   Cr: 14.3382 )
00000184: 16.2389   (Y': 17.7575   Cb: 14.0403   Cr: 14.4166 )
00000185: 16.2732   (Y': 17.8122   Cb: 14.0399   Cr: 14.4516 )
00000186: 16.3241   (Y': 17.8898   Cb: 14.079    Cr: 14.4665 )
00000187: 16.3621   (Y': 17.9209   Cb: 14.0815   Cr: 14.5563 )
00000188: 16.4039   (Y': 17.9608   Cb: 14.1513   Cr: 14.5704 )
00000190: 16.4403   (Y': 17.9559   Cb: 14.2037   Cr: 14.6658 )
00000189: 16.4441   (Y': 17.9927   Cb: 14.2206   Cr: 14.5939 )
00000191: 16.3992   (Y': 17.9367   Cb: 14.1321   Cr: 14.6177 )
00000192: 16.4038   (Y': 17.9222   Cb: 14.1717   Cr: 14.6191 )
00000193: 16.3917   (Y': 17.9191   Cb: 14.1141   Cr: 14.6411 )
00000194: 16.3579   (Y': 17.8878   Cb: 14.1202   Cr: 14.5581 )
00000195: 16.3445   (Y': 17.8321   Cb: 14.1622   Cr: 14.5625 )
00000196: 16.3043   (Y': 17.8124   Cb: 14.0723   Cr: 14.5388 )
00000198: 16.2568   (Y': 17.7581   Cb: 14.094    Cr: 14.4277 )
00000197: 16.2751   (Y': 17.7451   Cb: 14.1067   Cr: 14.511  )
00000199: 16.2454   (Y': 17.724    Cb: 14.0667   Cr: 14.4764 )
00000200: 16.2695   (Y': 17.7727   Cb: 14.063    Cr: 14.4849 )
00000201: 16.2856   (Y': 17.7678   Cb: 14.1296   Cr: 14.4849 )
00000202: 16.2833   (Y': 17.7748   Cb: 14.1206   Cr: 14.4725 )
00000203: 16.2893   (Y': 17.7837   Cb: 14.1007   Cr: 14.5016 )
00000204: 16.27     (Y': 17.7583   Cb: 14.1003   Cr: 14.4732 )
00000205: 16.2562   (Y': 17.7481   Cb: 14.0997   Cr: 14.4381 )
00000206: 16.2549   (Y': 17.7372   Cb: 14.0738   Cr: 14.4815 )
00000207: 16.254    (Y': 17.7494   Cb: 14.0647   Cr: 14.4651 )
00000208: 16.251    (Y': 17.7572   Cb: 14.0686   Cr: 14.4343 )
00000210: 16.2618   (Y': 17.7527   Cb: 14.1074   Cr: 14.4434 )
00000209: 16.2564   (Y': 17.7431   Cb: 14.0807   Cr: 14.4688 )
00000211: 16.2363   (Y': 17.7298   Cb: 14.0658   Cr: 14.4302 )
00000212: 16.2604   (Y': 17.7306   Cb: 14.1265   Cr: 14.4585 )
00000213: 16.2594   (Y': 17.7358   Cb: 14.0975   Cr: 14.4762 )
00000214: 16.2477   (Y': 17.7254   Cb: 14.0828   Cr: 14.4656 )
00000215: 16.2581   (Y': 17.7379   Cb: 14.104    Cr: 14.46   )
00000216: 16.2594   (Y': 17.7611   Cb: 14.0832   Cr: 14.4444 )
00000217: 16.2374   (Y': 17.7112   Cb: 14.0961   Cr: 14.4369 )
00000218: 16.2514   (Y': 17.7284   Cb: 14.1021   Cr: 14.4535 )
00000219: 16.2523   (Y': 17.7405   Cb: 14.0697   Cr: 14.4694 )
00000220: 16.273    (Y': 17.7453   Cb: 14.1373   Cr: 14.469  )
00000221: 16.2448   (Y': 17.7168   Cb: 14.0739   Cr: 14.4798 )
00000222: 16.252    (Y': 17.7328   Cb: 14.0911   Cr: 14.4596 )
00000223: 16.2373   (Y': 17.741    Cb: 14.0298   Cr: 14.4528 )
00000224: 16.2295   (Y': 17.705    Cb: 14.0948   Cr: 14.4186 )
00000226: 16.2658   (Y': 17.7386   Cb: 14.1195   Cr: 14.4726 )
00000225: 16.2406   (Y': 17.716    Cb: 14.062    Cr: 14.4775 )
00000227: 16.2436   (Y': 17.7386   Cb: 14.0922   Cr: 14.4143 )
00000228: 16.2591   (Y': 17.7385   Cb: 14.0799   Cr: 14.4892 )
00000229: 16.241    (Y': 17.7354   Cb: 14.0657   Cr: 14.4385 )
00000230: 16.2392   (Y': 17.7242   Cb: 14.0635   Cr: 14.4547 )
00000231: 16.2351   (Y': 17.7424   Cb: 14.0529   Cr: 14.4161 )
00000232: 16.278    (Y': 17.7762   Cb: 14.1047   Cr: 14.4665 )
00000234: 16.2504   (Y': 17.7455   Cb: 14.058    Cr: 14.4654 )
00000233: 16.2506   (Y': 17.7332   Cb: 14.0647   Cr: 14.482  )
00000236: 16.253    (Y': 17.7465   Cb: 14.0767   Cr: 14.4533 )
00000235: 16.2406   (Y': 17.7716   Cb: 14.0347   Cr: 14.4038 )
00000237: 16.283    (Y': 17.787    Cb: 14.0733   Cr: 14.5004 )
00000238: 16.2286   (Y': 17.7251   Cb: 14.0223   Cr: 14.4561 )
00000239: 16.2359   (Y': 17.7421   Cb: 14.0674   Cr: 14.4043 )
00000240: 16.2429   (Y': 17.7347   Cb: 14.0555   Cr: 14.4584 )
00000241: 16.2612   (Y': 17.7355   Cb: 14.0905   Cr: 14.4918 )
00000242: 16.2424   (Y': 17.7277   Cb: 14.0665   Cr: 14.4579 )
00000243: 16.2472   (Y': 17.7169   Cb: 14.069    Cr: 14.4948 )
00000244: 16.2742   (Y': 17.7568   Cb: 14.111    Cr: 14.4808 )
00000245: 16.2825   (Y': 17.7897   Cb: 14.0815   Cr: 14.4844 )
00000246: 16.2728   (Y': 17.7688   Cb: 14.0847   Cr: 14.4816 )
00000247: 16.2876   (Y': 17.7837   Cb: 14.0908   Cr: 14.5055 )
00000248: 16.2972   (Y': 17.7943   Cb: 14.1038   Cr: 14.5093 )
00000249: 16.2942   (Y': 17.7936   Cb: 14.0802   Cr: 14.525  )
00000250: 16.275    (Y': 17.7723   Cb: 14.0909   Cr: 14.4768 )
00000251: 16.2499   (Y': 17.7276   Cb: 14.0948   Cr: 14.457  )
00000252: 16.2848   (Y': 17.7582   Cb: 14.0883   Cr: 14.5453 )
00000253: 16.2595   (Y': 17.7591   Cb: 14.0916   Cr: 14.4394 )
00000254: 16.4357   (Y': 17.9709   Cb: 14.2041   Cr: 14.6189 )
00000255: 16.9201   (Y': 18.5656   Cb: 14.5403   Cr: 15.068  )
00000256: 17.1034   (Y': 18.7061   Cb: 14.7292   Cr: 15.3227 )
00000257: 17.0055   (Y': 18.6276   Cb: 14.6467   Cr: 15.172  )
00000258: 16.8108   (Y': 18.4143   Cb: 14.4576   Cr: 15.0045 )
00000259: 16.6479   (Y': 18.2525   Cb: 14.3652   Cr: 14.7609 )
00000260: 16.5685   (Y': 18.137    Cb: 14.2938   Cr: 14.738  )
00000261: 16.4942   (Y': 18.0793   Cb: 14.2313   Cr: 14.6208 )
00000262: 16.4741   (Y': 18.053    Cb: 14.2237   Cr: 14.598  )
00000263: 16.2975   (Y': 17.8157   Cb: 14.0905   Cr: 14.4853 )
00000264: 16.3541   (Y': 17.8494   Cb: 14.134    Cr: 14.5995 )
00000265: 16.3638   (Y': 17.854    Cb: 14.1722   Cr: 14.5871 )
00000266: 16.3205   (Y': 17.8334   Cb: 14.1172   Cr: 14.514  )
00000267: 16.3585   (Y': 17.8509   Cb: 14.1612   Cr: 14.5838 )
00000268: 16.3899   (Y': 17.8926   Cb: 14.1774   Cr: 14.6127 )
00000269: 16.3967   (Y': 17.9146   Cb: 14.1914   Cr: 14.5831 )
00000270: 16.3674   (Y': 17.8574   Cb: 14.1848   Cr: 14.5811 )
00000271: 16.3874   (Y': 17.8718   Cb: 14.1707   Cr: 14.6499 )
00000272: 16.3068   (Y': 17.8007   Cb: 14.1317   Cr: 14.5051 )
00000274: 16.4086   (Y': 17.8798   Cb: 14.2411   Cr: 14.6414 )
00000273: 16.294    (Y': 17.7592   Cb: 14.1181   Cr: 14.5474 )
00000275: 16.3713   (Y': 17.8817   Cb: 14.1786   Cr: 14.5582 )
00000276: 16.3234   (Y': 17.8172   Cb: 14.1401   Cr: 14.5308 )
00000277: 16.2968   (Y': 17.7912   Cb: 14.1407   Cr: 14.4736 )
00000278: 16.3547   (Y': 17.8647   Cb: 14.1784   Cr: 14.5244 )
00000279: 16.3565   (Y': 17.8404   Cb: 14.1829   Cr: 14.572  )
00000280: 16.3029   (Y': 17.7541   Cb: 14.1332   Cr: 14.5763 )
00000281: 16.2921   (Y': 17.7699   Cb: 14.1389   Cr: 14.497  )
00000282: 16.2998   (Y': 17.7774   Cb: 14.12     Cr: 14.5342 )
00000283: 16.3831   (Y': 17.8762   Cb: 14.2101   Cr: 14.581  )
00000284: 16.3489   (Y': 17.8343   Cb: 14.1924   Cr: 14.5429 )
00000285: 16.3493   (Y': 17.8218   Cb: 14.166    Cr: 14.5968 )
00000286: 16.2901   (Y': 17.7799   Cb: 14.1214   Cr: 14.4892 )
00000287: 16.2909   (Y': 17.7973   Cb: 14.0759   Cr: 14.5095 )
00000288: 16.2819   (Y': 17.7504   Cb: 14.1225   Cr: 14.5111 )
00000289: 16.2887   (Y': 17.7802   Cb: 14.0911   Cr: 14.5163 )
00000290: 16.2629   (Y': 17.7581   Cb: 14.045    Cr: 14.5059 )
00000291: 16.3271   (Y': 17.8279   Cb: 14.1519   Cr: 14.5126 )
00000292: 16.2975   (Y': 17.7804   Cb: 14.1176   Cr: 14.5217 )
00000293: 16.2782   (Y': 17.792    Cb: 14.0825   Cr: 14.4619 )
00000294: 16.3162   (Y': 17.8218   Cb: 14.1223   Cr: 14.5131 )
00000295: 16.3185   (Y': 17.8236   Cb: 14.1157   Cr: 14.5263 )
00000296: 16.3219   (Y': 17.8571   Cb: 14.0954   Cr: 14.4997 )
00000298: 16.3198   (Y': 17.8299   Cb: 14.1393   Cr: 14.4938 )
00000297: 16.3003   (Y': 17.822    Cb: 14.1255   Cr: 14.4467 )
00000299: 16.2811   (Y': 17.7675   Cb: 14.0871   Cr: 14.5141 )
00000300: 16.2587   (Y': 17.7563   Cb: 14.0861   Cr: 14.4474 )
00000301: 16.2877   (Y': 17.7884   Cb: 14.101    Cr: 14.4862 )
00000302: 16.3305   (Y': 17.8135   Cb: 14.1581   Cr: 14.5463 )
00000303: 16.3286   (Y': 17.8127   Cb: 14.1518   Cr: 14.5472 )
00000304: 16.2843   (Y': 17.7679   Cb: 14.0801   Cr: 14.5342 )
00000306: 16.2887   (Y': 17.7808   Cb: 14.1013   Cr: 14.5037 )
00000305: 16.2574   (Y': 17.733    Cb: 14.0978   Cr: 14.4732 )
00000307: 16.2702   (Y': 17.7659   Cb: 14.0823   Cr: 14.4791 )
00000308: 16.2416   (Y': 17.7271   Cb: 14.0477   Cr: 14.4765 )
00000309: 16.2844   (Y': 17.7468   Cb: 14.1688   Cr: 14.4776 )
00000310: 16.2678   (Y': 17.7674   Cb: 14.0628   Cr: 14.4883 )
00000311: 16.2726   (Y': 17.7529   Cb: 14.1124   Cr: 14.4803 )
00000312: 16.2558   (Y': 17.7362   Cb: 14.0949   Cr: 14.4641 )
00000313: 16.3068   (Y': 17.7811   Cb: 14.1396   Cr: 14.5334 )
00000314: 16.2964   (Y': 17.82     Cb: 14.0997   Cr: 14.4629 )
00000315: 16.2623   (Y': 17.743    Cb: 14.0878   Cr: 14.4847 )
00000316: 16.2747   (Y': 17.749    Cb: 14.1038   Cr: 14.5054 )
00000318: 16.2917   (Y': 17.7629   Cb: 14.118    Cr: 14.5313 )
00000317: 16.2594   (Y': 17.7496   Cb: 14.081    Cr: 14.4683 )
00000319: 16.3044   (Y': 17.803    Cb: 14.1066   Cr: 14.5186 )
00000320: 16.2904   (Y': 17.8041   Cb: 14.1005   Cr: 14.4679 )
00000322: 16.2819   (Y': 17.7765   Cb: 14.1157   Cr: 14.4692 )
00000321: 16.2789   (Y': 17.7572   Cb: 14.1392   Cr: 14.4683 )
00000323: 16.3276   (Y': 17.8009   Cb: 14.1354   Cr: 14.5839 )
00000324: 16.2934   (Y': 17.7708   Cb: 14.1204   Cr: 14.5206 )
00000326: 16.3354   (Y': 17.8471   Cb: 14.113    Cr: 14.5524 )
00000325: 16.3332   (Y': 17.8641   Cb: 14.131    Cr: 14.4925 )
00000327: 16.3483   (Y': 17.8508   Cb: 14.1648   Cr: 14.5399 )
00000328: 16.3364   (Y': 17.8421   Cb: 14.1235   Cr: 14.554  )
00000329: 16.3839   (Y': 17.8703   Cb: 14.2087   Cr: 14.5965 )
00000330: 16.4092   (Y': 17.905    Cb: 14.1911   Cr: 14.6514 )
00000331: 16.3997   (Y': 17.8929   Cb: 14.1669   Cr: 14.6633 )
00000332: 16.4227   (Y': 17.9187   Cb: 14.2105   Cr: 14.6578 )
00000333: 16.4165   (Y': 17.9162   Cb: 14.2124   Cr: 14.6357 )
00000334: 16.4206   (Y': 17.8873   Cb: 14.2429   Cr: 14.6733 )
00000335: 16.4059   (Y': 17.8528   Cb: 14.2209   Cr: 14.7049 )
00000336: 16.398    (Y': 17.8259   Cb: 14.2435   Cr: 14.6999 )
00000337: 16.3631   (Y': 17.7721   Cb: 14.2248   Cr: 14.6837 )
00000338: 16.3844   (Y': 17.7801   Cb: 14.2496   Cr: 14.7275 )
00000339: 16.4102   (Y': 17.8502   Cb: 14.2449   Cr: 14.7002 )
00000340: 16.4526   (Y': 17.949    Cb: 14.2395   Cr: 14.6878 )
00000341: 16.5003   (Y': 17.9903   Cb: 14.2717   Cr: 14.7652 )
00000342: 16.4617   (Y': 17.9521   Cb: 14.2222   Cr: 14.7381 )
00000343: 16.4508   (Y': 17.942    Cb: 14.2398   Cr: 14.6939 )
00000344: 16.4353   (Y': 17.9386   Cb: 14.2208   Cr: 14.6593 )
00000345: 16.441    (Y': 17.9633   Cb: 14.226    Cr: 14.6301 )
00000346: 16.3999   (Y': 17.9168   Cb: 14.1836   Cr: 14.6004 )
00000347: 16.361    (Y': 17.8549   Cb: 14.1258   Cr: 14.6259 )
00000348: 16.269    (Y': 17.7951   Cb: 14.0195   Cr: 14.489  )
00000350: 16.2393   (Y': 17.7402   Cb: 14.0329   Cr: 14.4589 )
00000349: 16.1932   (Y': 17.6635   Cb: 14.0201   Cr: 14.4338 )
00000351: 16.2705   (Y': 17.7637   Cb: 14.0534   Cr: 14.5164 )
00000352: 16.3242   (Y': 17.8495   Cb: 14.0798   Cr: 14.54   )
00000353: 16.3345   (Y': 17.8599   Cb: 14.1072   Cr: 14.5313 )
00000354: 16.3647   (Y': 17.8939   Cb: 14.1594   Cr: 14.5304 )
00000355: 16.4005   (Y': 17.916    Cb: 14.1566   Cr: 14.6342 )
00000356: 16.4165   (Y': 17.9436   Cb: 14.1463   Cr: 14.6577 )
00000357: 16.3911   (Y': 17.8753   Cb: 14.1566   Cr: 14.6735 )
00000358: 16.3695   (Y': 17.86     Cb: 14.1549   Cr: 14.618  )
00000359: 16.3777   (Y': 17.8471   Cb: 14.1694   Cr: 14.6591 )
00000360: 16.3733   (Y': 17.8168   Cb: 14.1844   Cr: 14.683  )
00000361: 16.3366   (Y': 17.7529   Cb: 14.1634   Cr: 14.682  )
00000362: 16.279    (Y': 17.6517   Cb: 14.1582   Cr: 14.6522 )
00000363: 16.2983   (Y': 17.6985   Cb: 14.173    Cr: 14.6219 )
00000364: 16.3363   (Y': 17.7393   Cb: 14.1971   Cr: 14.6701 )
00000365: 16.3201   (Y': 17.7298   Cb: 14.1601   Cr: 14.6639 )
00000366: 16.3007   (Y': 17.6909   Cb: 14.1335   Cr: 14.6909 )
00000367: 16.2968   (Y': 17.6852   Cb: 14.1861   Cr: 14.6277 )
00000368: 16.2362   (Y': 17.6286   Cb: 14.0989   Cr: 14.5887 )
00000369: 16.266    (Y': 17.6649   Cb: 14.119    Cr: 14.6164 )
00000370: 16.304    (Y': 17.6914   Cb: 14.1951   Cr: 14.6349 )
00000371: 16.3333   (Y': 17.7807   Cb: 14.1357   Cr: 14.6454 )
00000372: 16.3074   (Y': 17.7353   Cb: 14.1724   Cr: 14.5874 )
00000373: 16.2926   (Y': 17.7355   Cb: 14.1217   Cr: 14.5834 )
00000374: 16.2997   (Y': 17.7437   Cb: 14.1365   Cr: 14.5801 )
00000375: 16.2964   (Y': 17.7278   Cb: 14.1399   Cr: 14.5937 )
00000376: 16.299    (Y': 17.7355   Cb: 14.1092   Cr: 14.6236 )
00000378: 16.3377   (Y': 17.7895   Cb: 14.1627   Cr: 14.6158 )
00000377: 16.2898   (Y': 17.7039   Cb: 14.131    Cr: 14.6232 )
00000379: 16.3546   (Y': 17.8163   Cb: 14.1438   Cr: 14.6538 )
00000380: 16.3372   (Y': 17.8067   Cb: 14.1354   Cr: 14.6112 )
00000381: 16.319    (Y': 17.787    Cb: 14.0834   Cr: 14.6338 )
00000382: 16.3534   (Y': 17.7987   Cb: 14.1753   Cr: 14.6478 )
00000383: 16.3577   (Y': 17.8541   Cb: 14.1316   Cr: 14.6077 )
00000384: 16.3478   (Y': 17.7877   Cb: 14.1641   Cr: 14.6586 )
00000385: 16.2775   (Y': 17.7035   Cb: 14.1274   Cr: 14.5781 )
00000386: 16.3048   (Y': 17.7473   Cb: 14.1119   Cr: 14.6209 )
00000387: 16.3518   (Y': 17.8252   Cb: 14.1705   Cr: 14.5955 )
00000388: 16.2977   (Y': 17.7806   Cb: 14.0748   Cr: 14.5698 )
00000389: 16.2815   (Y': 17.7407   Cb: 14.1042   Cr: 14.5479 )
00000390: 16.2874   (Y': 17.7361   Cb: 14.1563   Cr: 14.5233 )
00000391: 16.2869   (Y': 17.7393   Cb: 14.0886   Cr: 14.59   )
00000392: 16.3239   (Y': 17.7404   Cb: 14.2038   Cr: 14.6099 )
00000394: 16.3468   (Y': 17.8357   Cb: 14.1341   Cr: 14.596  )
00000393: 16.3722   (Y': 17.8707   Cb: 14.1285   Cr: 14.6378 )
00000395: 16.3482   (Y': 17.8671   Cb: 14.1134   Cr: 14.5654 )
00000396: 16.3223   (Y': 17.8215   Cb: 14.1274   Cr: 14.5322 )
00000397: 16.3532   (Y': 17.8357   Cb: 14.1491   Cr: 14.6049 )
00000398: 16.3375   (Y': 17.8365   Cb: 14.1111   Cr: 14.5828 )
00000399: 16.3309   (Y': 17.8489   Cb: 14.0934   Cr: 14.5526 )
00000400: 16.28     (Y': 17.7898   Cb: 14.0812   Cr: 14.4747 )
00000402: 16.3266   (Y': 17.8212   Cb: 14.1135   Cr: 14.5654 )
00000401: 16.2775   (Y': 17.7921   Cb: 14.0578   Cr: 14.4859 )
00000403: 16.2845   (Y': 17.7875   Cb: 14.0736   Cr: 14.5052 )
00000404: 16.2748   (Y': 17.7677   Cb: 14.0979   Cr: 14.4771 )
00000405: 16.2766   (Y': 17.7701   Cb: 14.1039   Cr: 14.4731 )
00000406: 16.2617   (Y': 17.7505   Cb: 14.0751   Cr: 14.4822 )
00000407: 16.2776   (Y': 17.7739   Cb: 14.0649   Cr: 14.5129 )
00000408: 16.2848   (Y': 17.7759   Cb: 14.0869   Cr: 14.5136 )
00000409: 16.2751   (Y': 17.7925   Cb: 14.0665   Cr: 14.4661 )
00000410: 16.3006   (Y': 17.8219   Cb: 14.1308   Cr: 14.4422 )
00000411: 16.2778   (Y': 17.7594   Cb: 14.102    Cr: 14.4999 )
00000412: 16.2751   (Y': 17.7586   Cb: 14.1128   Cr: 14.4791 )
00000413: 16.3      (Y': 17.797    Cb: 14.1152   Cr: 14.503  )
00000414: 16.3282   (Y': 17.8361   Cb: 14.1514   Cr: 14.5021 )
00000415: 16.281    (Y': 17.804    Cb: 14.0616   Cr: 14.4736 )
00000416: 16.2429   (Y': 17.7497   Cb: 14.0356   Cr: 14.4523 )
00000417: 16.3046   (Y': 17.7856   Cb: 14.1325   Cr: 14.524  )
00000418: 16.32     (Y': 17.8091   Cb: 14.1325   Cr: 14.5409 )
00000419: 16.2933   (Y': 17.7826   Cb: 14.092    Cr: 14.5293 )
00000420: 16.3406   (Y': 17.8244   Cb: 14.1935   Cr: 14.5276 )
00000421: 16.3052   (Y': 17.7922   Cb: 14.1116   Cr: 14.5369 )
00000422: 16.3127   (Y': 17.832    Cb: 14.0556   Cr: 14.5541 )
00000423: 16.3572   (Y': 17.8403   Cb: 14.1503   Cr: 14.611  )
00000424: 16.3223   (Y': 17.8125   Cb: 14.1338   Cr: 14.5421 )
00000425: 16.323    (Y': 17.812    Cb: 14.1123   Cr: 14.5699 )
00000426: 16.3154   (Y': 17.7939   Cb: 14.1423   Cr: 14.5403 )
00000427: 16.3429   (Y': 17.8528   Cb: 14.1414   Cr: 14.5401 )
00000428: 16.301    (Y': 17.8249   Cb: 14.0868   Cr: 14.4861 )
00000429: 16.365    (Y': 17.8887   Cb: 14.1326   Cr: 14.5708 )
00000430: 16.2927   (Y': 17.7826   Cb: 14.0984   Cr: 14.5196 )
00000431: 16.3138   (Y': 17.8106   Cb: 14.1078   Cr: 14.5406 )
00000432: 16.3467   (Y': 17.8537   Cb: 14.1362   Cr: 14.5594 )
00000433: 16.3004   (Y': 17.777    Cb: 14.1307   Cr: 14.5255 )
00000434: 16.3227   (Y': 17.8193   Cb: 14.1151   Cr: 14.5516 )
00000435: 16.3264   (Y': 17.813    Cb: 14.1401   Cr: 14.5507 )
00000436: 16.2733   (Y': 17.7673   Cb: 14.0898   Cr: 14.4808 )
00000437: 16.3327   (Y': 17.8456   Cb: 14.1299   Cr: 14.5259 )
00000438: 16.293    (Y': 17.7929   Cb: 14.1009   Cr: 14.4988 )
00000439: 16.3154   (Y': 17.8302   Cb: 14.0918   Cr: 14.5278 )
00000440: 16.308    (Y': 17.8147   Cb: 14.0946   Cr: 14.5245 )
00000441: 16.2451   (Y': 17.7364   Cb: 14.0564   Cr: 14.4631 )
00000442: 16.2863   (Y': 17.7829   Cb: 14.1195   Cr: 14.4705 )
00000443: 16.325    (Y': 17.8053   Cb: 14.1434   Cr: 14.5559 )
00000444: 16.3164   (Y': 17.796    Cb: 14.1644   Cr: 14.5167 )
00000445: 16.3005   (Y': 17.8049   Cb: 14.0804   Cr: 14.5286 )
00000447: 16.2707   (Y': 17.7438   Cb: 14.1217   Cr: 14.4799 )
00000446: 16.3015   (Y': 17.8203   Cb: 14.0882   Cr: 14.495  )
00000448: 16.2692   (Y': 17.7742   Cb: 14.083    Cr: 14.4591 )
00000449: 16.2852   (Y': 17.7929   Cb: 14.0957   Cr: 14.4735 )
00000450: 16.261    (Y': 17.7698   Cb: 14.0615   Cr: 14.458  )
00000451: 16.3224   (Y': 17.8136   Cb: 14.1365   Cr: 14.5377 )
00000452: 16.281    (Y': 17.7846   Cb: 14.0931   Cr: 14.475  )
00000453: 16.3258   (Y': 17.8249   Cb: 14.1292   Cr: 14.5378 )
00000454: 16.2753   (Y': 17.7613   Cb: 14.0928   Cr: 14.4968 )
00000455: 16.3339   (Y': 17.8393   Cb: 14.116    Cr: 14.5578 )
00000456: 16.3291   (Y': 17.8284   Cb: 14.1433   Cr: 14.5291 )
00000457: 16.3199   (Y': 17.8217   Cb: 14.0806   Cr: 14.5743 )
00000458: 16.3116   (Y': 17.8208   Cb: 14.1123   Cr: 14.5079 )
00000459: 16.3279   (Y': 17.8659   Cb: 14.0681   Cr: 14.5371 )
00000460: 16.3121   (Y': 17.8337   Cb: 14.0852   Cr: 14.5157 )
00000461: 16.3276   (Y': 17.8479   Cb: 14.1225   Cr: 14.5097 )
00000463: 16.2859   (Y': 17.7821   Cb: 14.0964   Cr: 14.4958 )
00000462: 16.297    (Y': 17.8222   Cb: 14.0847   Cr: 14.4777 )
00000464: 16.2697   (Y': 17.7624   Cb: 14.1134   Cr: 14.4501 )
00000465: 16.322    (Y': 17.8274   Cb: 14.1363   Cr: 14.5105 )
00000466: 16.3636   (Y': 17.8563   Cb: 14.1763   Cr: 14.5777 )
00000467: 16.3084   (Y': 17.8373   Cb: 14.0764   Cr: 14.5041 )
00000468: 16.2528   (Y': 17.7838   Cb: 14.0313   Cr: 14.4326 )
00000469: 16.2581   (Y': 17.7697   Cb: 14.0752   Cr: 14.4319 )
00000470: 16.2902   (Y': 17.7994   Cb: 14.1127   Cr: 14.4626 )
00000471: 16.3071   (Y': 17.8243   Cb: 14.1139   Cr: 14.482  )
00000472: 16.3055   (Y': 17.8084   Cb: 14.1418   Cr: 14.4746 )
00000473: 16.2821   (Y': 17.7981   Cb: 14.0919   Cr: 14.456  )
00000474: 16.2932   (Y': 17.7833   Cb: 14.1152   Cr: 14.5018 )
00000475: 16.2746   (Y': 17.7588   Cb: 14.0646   Cr: 14.5298 )
00000476: 16.2606   (Y': 17.758    Cb: 14.0421   Cr: 14.5001 )
00000477: 16.2701   (Y': 17.7579   Cb: 14.0931   Cr: 14.482  )
00000478: 16.2466   (Y': 17.7578   Cb: 14.0633   Cr: 14.4216 )
00000479: 16.2522   (Y': 17.756    Cb: 14.0622   Cr: 14.4484 )
00000480: 16.2634   (Y': 17.7635   Cb: 14.0545   Cr: 14.487  )
00000481: 16.2596   (Y': 17.7523   Cb: 14.089    Cr: 14.4551 )
00000482: 16.2737   (Y': 17.7715   Cb: 14.0934   Cr: 14.4706 )
00000483: 16.2491   (Y': 17.7566   Cb: 14.0442   Cr: 14.4548 )
00000484: 16.2641   (Y': 17.7601   Cb: 14.0727   Cr: 14.4763 )
00000486: 16.2529   (Y': 17.7764   Cb: 14.0676   Cr: 14.4075 )
00000487: 16.269    (Y': 17.7511   Cb: 14.0896   Cr: 14.494  )
00000485: 16.2563   (Y': 17.761    Cb: 14.0767   Cr: 14.4393 )
00000488: 16.2671   (Y': 17.7795   Cb: 14.0875   Cr: 14.4358 )
00000489: 16.267    (Y': 17.7801   Cb: 14.0646   Cr: 14.4595 )
00000490: 16.2503   (Y': 17.7404   Cb: 14.0738   Cr: 14.4572 )
00000491: 16.2573   (Y': 17.7569   Cb: 14.0728   Cr: 14.4554 )
00000492: 16.2543   (Y': 17.7492   Cb: 14.0557   Cr: 14.4764 )
00000493: 16.2366   (Y': 17.752    Cb: 14.0272   Cr: 14.4324 )
00000494: 16.2392   (Y': 17.7528   Cb: 14.0308   Cr: 14.4373 )
00000495: 16.2542   (Y': 17.7421   Cb: 14.0776   Cr: 14.4654 )
00000496: 16.2706   (Y': 17.7713   Cb: 14.1134   Cr: 14.4369 )
00000497: 16.2234   (Y': 17.7167   Cb: 14.0463   Cr: 14.4251 )
00000498: 16.2448   (Y': 17.7617   Cb: 14.0378   Cr: 14.4351 )
00000499: 16.2334   (Y': 17.7415   Cb: 14.0123   Cr: 14.4559 )
00000500: 16.257    (Y': 17.7599   Cb: 14.1018   Cr: 14.4169 )
00000501: 16.2519   (Y': 17.7228   Cb: 14.071    Cr: 14.5    )
00000502: 16.2655   (Y': 17.7784   Cb: 14.0862   Cr: 14.4331 )
00000503: 16.2644   (Y': 17.7622   Cb: 14.0973   Cr: 14.4467 )
00000504: 16.2605   (Y': 17.8014   Cb: 14.0216   Cr: 14.4413 )
00000505: 16.2424   (Y': 17.7424   Cb: 14.0726   Cr: 14.4236 )
00000506: 16.2632   (Y': 17.7567   Cb: 14.0958   Cr: 14.454  )
00000508: 16.2605   (Y': 17.7425   Cb: 14.0821   Cr: 14.4847 )
00000507: 16.2447   (Y': 17.735    Cb: 14.0711   Cr: 14.4481 )
00000509: 16.2342   (Y': 17.7502   Cb: 14.0469   Cr: 14.4047 )
00000510: 16.2126   (Y': 17.7271   Cb: 14.0217   Cr: 14.3896 )
00000511: 16.2438   (Y': 17.7299   Cb: 14.0609   Cr: 14.4654 )
00000512: 16.2245   (Y': 17.7033   Cb: 14.0776   Cr: 14.4208 )
00000513: 16.2384   (Y': 17.7498   Cb: 14.0506   Cr: 14.4181 )
00000514: 16.2392   (Y': 17.7284   Cb: 14.0619   Cr: 14.4486 )
00000515: 16.2461   (Y': 17.7454   Cb: 14.0636   Cr: 14.4422 )
00000516: 16.2536   (Y': 17.7467   Cb: 14.0787   Cr: 14.4531 )
00000517: 16.2601   (Y': 17.758    Cb: 14.0672   Cr: 14.4705 )
00000518: 16.2538   (Y': 17.7337   Cb: 14.0878   Cr: 14.4687 )
00000519: 16.2399   (Y': 17.7326   Cb: 14.0695   Cr: 14.4353 )
00000520: 16.2454   (Y': 17.7459   Cb: 14.0676   Cr: 14.4344 )
00000521: 16.2414   (Y': 17.7521   Cb: 14.0481   Cr: 14.4281 )
00000522: 16.2711   (Y': 17.76     Cb: 14.0918   Cr: 14.4835 )
00000523: 16.2664   (Y': 17.7824   Cb: 14.0563   Cr: 14.4616 )
00000524: 16.2515   (Y': 17.7441   Cb: 14.0542   Cr: 14.4766 )
00000525: 16.2551   (Y': 17.7662   Cb: 14.0653   Cr: 14.4372 )
00000526: 16.268    (Y': 17.7461   Cb: 14.1233   Cr: 14.4631 )
00000527: 16.2441   (Y': 17.7567   Cb: 14.0557   Cr: 14.4222 )
00000528: 16.2759   (Y': 17.7514   Cb: 14.1255   Cr: 14.4819 )
00000529: 16.2623   (Y': 17.7339   Cb: 14.1063   Cr: 14.4818 )
00000530: 16.2565   (Y': 17.7412   Cb: 14.0956   Cr: 14.4567 )
00000531: 16.2587   (Y': 17.7594   Cb: 14.0369   Cr: 14.4957 )
00000532: 16.2651   (Y': 17.7564   Cb: 14.0866   Cr: 14.4722 )
00000534: 16.2563   (Y': 17.7723   Cb: 14.0596   Cr: 14.437  )
00000533: 16.262    (Y': 17.7497   Cb: 14.082    Cr: 14.4773 )
00000535: 16.2494   (Y': 17.7461   Cb: 14.0608   Cr: 14.4573 )
00000536: 16.2418   (Y': 17.735    Cb: 14.0513   Cr: 14.458  )
00000537: 16.2208   (Y': 17.7192   Cb: 14.0323   Cr: 14.4254 )
00000538: 16.2586   (Y': 17.7591   Cb: 14.0611   Cr: 14.4691 )
00000539: 16.2602   (Y': 17.7442   Cb: 14.0899   Cr: 14.4717 )
00000540: 16.2562   (Y': 17.7635   Cb: 14.0556   Cr: 14.4575 )
00000541: 16.2265   (Y': 17.7313   Cb: 14.0351   Cr: 14.4221 )
00000543: 16.2635   (Y': 17.7436   Cb: 14.1006   Cr: 14.4746 )
00000542: 16.252    (Y': 17.7298   Cb: 14.1149   Cr: 14.4392 )
00000544: 16.2425   (Y': 17.7272   Cb: 14.053    Cr: 14.474  )
00000545: 16.2257   (Y': 17.7332   Cb: 14.015    Cr: 14.4378 )
00000546: 16.2298   (Y': 17.7532   Cb: 14.023    Cr: 14.4079 )
00000547: 16.2325   (Y': 17.7409   Cb: 14.0575   Cr: 14.404  )
00000548: 16.2503   (Y': 17.743    Cb: 14.0691   Cr: 14.4575 )
00000549: 16.2394   (Y': 17.7453   Cb: 14.0357   Cr: 14.4467 )
00000550: 16.2344   (Y': 17.7223   Cb: 14.0437   Cr: 14.4611 )
00000551: 16.2261   (Y': 17.7267   Cb: 14.0332   Cr: 14.4314 )
00000552: 16.2465   (Y': 17.757    Cb: 14.0537   Cr: 14.4333 )
00000553: 16.2234   (Y': 17.7391   Cb: 14.0156   Cr: 14.4167 )
00000554: 16.2575   (Y': 17.7481   Cb: 14.1022   Cr: 14.4405 )
00000555: 16.2707   (Y': 17.7646   Cb: 14.0888   Cr: 14.4762 )
00000556: 16.254    (Y': 17.7605   Cb: 14.0755   Cr: 14.4326 )
00000558: 16.2364   (Y': 17.7291   Cb: 14.0641   Cr: 14.4342 )
00000559: 16.2578   (Y': 17.7303   Cb: 14.1127   Cr: 14.464  )
00000557: 16.2624   (Y': 17.7802   Cb: 14.0517   Cr: 14.4549 )
00000560: 16.2626   (Y': 17.7596   Cb: 14.0796   Cr: 14.4637 )
00000561: 16.2216   (Y': 17.7183   Cb: 14.0013   Cr: 14.4644 )
00000562: 16.2531   (Y': 17.7783   Cb: 14.0438   Cr: 14.4304 )
00000563: 16.2771   (Y': 17.7863   Cb: 14.0973   Cr: 14.452  )
00000564: 16.2553   (Y': 17.7724   Cb: 14.0651   Cr: 14.427  )
00000565: 16.2506   (Y': 17.7379   Cb: 14.0745   Cr: 14.4623 )
00000566: 16.2371   (Y': 17.7323   Cb: 14.0367   Cr: 14.4607 )
00000567: 16.2742   (Y': 17.7716   Cb: 14.0965   Cr: 14.4687 )
00000568: 16.2704   (Y': 17.7552   Cb: 14.1017   Cr: 14.479  )
00000569: 16.2487   (Y': 17.7465   Cb: 14.0693   Cr: 14.4444 )
00000570: 16.2605   (Y': 17.7615   Cb: 14.0766   Cr: 14.4554 )
00000571: 16.2576   (Y': 17.7542   Cb: 14.0839   Cr: 14.4493 )
00000572: 16.2498   (Y': 17.7399   Cb: 14.0738   Cr: 14.456  )
00000573: 16.2383   (Y': 17.745    Cb: 14.0699   Cr: 14.4055 )
00000574: 16.2599   (Y': 17.7749   Cb: 14.073    Cr: 14.4318 )
00000575: 16.2785   (Y': 17.7666   Cb: 14.1069   Cr: 14.4842 )
00000576: 16.2712   (Y': 17.7424   Cb: 14.1163   Cr: 14.4902 )
00000577: 16.2551   (Y': 17.7585   Cb: 14.0789   Cr: 14.4367 )
00000578: 16.2685   (Y': 17.7402   Cb: 14.1298   Cr: 14.4691 )
00000579: 16.2568   (Y': 17.7706   Cb: 14.0637   Cr: 14.4376 )
00000580: 16.2624   (Y': 17.7521   Cb: 14.0863   Cr: 14.4698 )
00000581: 16.2669   (Y': 17.7379   Cb: 14.1053   Cr: 14.4938 )
00000583: 16.241    (Y': 17.7321   Cb: 14.0796   Cr: 14.4297 )
00000582: 16.2579   (Y': 17.7188   Cb: 14.0929   Cr: 14.5078 )
00000584: 16.2222   (Y': 17.7165   Cb: 14.0334   Cr: 14.4348 )
00000585: 16.2766   (Y': 17.7903   Cb: 14.1117   Cr: 14.4272 )
00000586: 16.2683   (Y': 17.7712   Cb: 14.0898   Cr: 14.4536 )
00000587: 16.2531   (Y': 17.7588   Cb: 14.0685   Cr: 14.4399 )
00000588: 16.2586   (Y': 17.744    Cb: 14.0888   Cr: 14.4671 )
00000589: 16.2664   (Y': 17.7647   Cb: 14.1018   Cr: 14.4453 )
00000590: 16.2607   (Y': 17.7436   Cb: 14.0975   Cr: 14.4667 )
00000591: 16.2476   (Y': 17.7659   Cb: 14.0515   Cr: 14.4232 )
00000592: 16.2466   (Y': 17.729    Cb: 14.0737   Cr: 14.4639 )
00000593: 16.2409   (Y': 17.7338   Cb: 14.0808   Cr: 14.4249 )
00000594: 16.2593   (Y': 17.7932   Cb: 14.0484   Cr: 14.4222 )
00000595: 16.2564   (Y': 17.7527   Cb: 14.0737   Cr: 14.4583 )
00000596: 16.2615   (Y': 17.7634   Cb: 14.0542   Cr: 14.48   )
00000597: 16.2506   (Y': 17.7445   Cb: 14.0664   Cr: 14.4587 )
00000598: 16.2866   (Y': 17.7639   Cb: 14.1505   Cr: 14.4738 )
00000599: 16.268    (Y': 17.7675   Cb: 14.113    Cr: 14.4342 )
00000600: 16.2719   (Y': 17.7671   Cb: 14.093    Cr: 14.4719 )
00000601: 16.2602   (Y': 17.757    Cb: 14.0491   Cr: 14.4927 )
00000602: 16.2649   (Y': 17.7596   Cb: 14.0929   Cr: 14.4585 )
00000603: 16.253    (Y': 17.7652   Cb: 14.0536   Cr: 14.4439 )
00000604: 16.2579   (Y': 17.747    Cb: 14.0738   Cr: 14.4752 )
00000605: 16.2793   (Y': 17.7576   Cb: 14.1208   Cr: 14.4892 )
00000606: 16.2652   (Y': 17.793    Cb: 14.0765   Cr: 14.4154 )
00000607: 16.2605   (Y': 17.7681   Cb: 14.0842   Cr: 14.4345 )
00000608: 16.2619   (Y': 17.7459   Cb: 14.0719   Cr: 14.4951 )
00000609: 16.2668   (Y': 17.7467   Cb: 14.0822   Cr: 14.5019 )
00000610: 16.2772   (Y': 17.7689   Cb: 14.0969   Cr: 14.4854 )
00000611: 16.2857   (Y': 17.7893   Cb: 14.1045   Cr: 14.4726 )
00000612: 16.2605   (Y': 17.7561   Cb: 14.0846   Cr: 14.4567 )
00000613: 16.2596   (Y': 17.744    Cb: 14.1282   Cr: 14.4283 )
00000614: 16.2648   (Y': 17.7568   Cb: 14.0941   Cr: 14.4619 )
00000615: 16.2529   (Y': 17.7483   Cb: 14.045    Cr: 14.4844 )
00000616: 16.2603   (Y': 17.7164   Cb: 14.1324   Cr: 14.4787 )
00000617: 16.2674   (Y': 17.7587   Cb: 14.1041   Cr: 14.4579 )
00000618: 16.253    (Y': 17.7407   Cb: 14.1004   Cr: 14.4386 )
00000619: 16.2753   (Y': 17.7502   Cb: 14.1273   Cr: 14.4797 )
00000620: 16.2419   (Y': 17.7281   Cb: 14.0663   Cr: 14.4554 )
00000621: 16.261    (Y': 17.7671   Cb: 14.0552   Cr: 14.4702 )
00000622: 16.2547   (Y': 17.7352   Cb: 14.1163   Cr: 14.4382 )
00000623: 16.2532   (Y': 17.7504   Cb: 14.0625   Cr: 14.4624 )
00000624: 16.2479   (Y': 17.7553   Cb: 14.0169   Cr: 14.4823 )
00000625: 16.2786   (Y': 17.7741   Cb: 14.0902   Cr: 14.4885 )
00000626: 16.2993   (Y': 17.7781   Cb: 14.1448   Cr: 14.5037 )
00000627: 16.2606   (Y': 17.7674   Cb: 14.1129   Cr: 14.4055 )
00000628: 16.2642   (Y': 17.7623   Cb: 14.0574   Cr: 14.4893 )
00000629: 16.2807   (Y': 17.7683   Cb: 14.1257   Cr: 14.469  )
00000630: 16.2653   (Y': 17.7562   Cb: 14.1177   Cr: 14.4394 )
00000631: 16.275    (Y': 17.7657   Cb: 14.0946   Cr: 14.4852 )
00000632: 16.2956   (Y': 17.7676   Cb: 14.1148   Cr: 14.5416 )
00000633: 16.245    (Y': 17.7308   Cb: 14.0442   Cr: 14.4871 )
00000634: 16.2454   (Y': 17.7337   Cb: 14.0927   Cr: 14.4298 )
00000635: 16.2308   (Y': 17.7236   Cb: 14.0528   Cr: 14.4346 )
00000636: 16.2726   (Y': 17.7674   Cb: 14.097    Cr: 14.4698 )
00000637: 16.2664   (Y': 17.7558   Cb: 14.1005   Cr: 14.463  )
00000638: 16.2777   (Y': 17.7666   Cb: 14.089    Cr: 14.5002 )
00000639: 16.2437   (Y': 17.7398   Cb: 14.1028   Cr: 14.401  )
00000640: 16.2783   (Y': 17.7855   Cb: 14.0951   Cr: 14.4606 )
00000641: 16.278    (Y': 17.7707   Cb: 14.1009   Cr: 14.4808 )
00000642: 16.2679   (Y': 17.7567   Cb: 14.0881   Cr: 14.4808 )
00000643: 16.258    (Y': 17.7417   Cb: 14.1121   Cr: 14.4439 )
00000644: 16.2577   (Y': 17.7363   Cb: 14.1077   Cr: 14.4575 )
00000645: 16.2611   (Y': 17.737    Cb: 14.1064   Cr: 14.4712 )
00000647: 16.2609   (Y': 17.7509   Cb: 14.0896   Cr: 14.4625 )
00000646: 16.2714   (Y': 17.7752   Cb: 14.0935   Cr: 14.4542 )
00000648: 16.2739   (Y': 17.7651   Cb: 14.1138   Cr: 14.4611 )
00000649: 16.2531   (Y': 17.7542   Cb: 14.1      Cr: 14.4142 )
00000650: 16.271    (Y': 17.7608   Cb: 14.0921   Cr: 14.4814 )
00000651: 16.2583   (Y': 17.7703   Cb: 14.0369   Cr: 14.4736 )
00000652: 16.2512   (Y': 17.756    Cb: 14.0496   Cr: 14.4583 )
00000653: 16.2496   (Y': 17.7547   Cb: 14.0582   Cr: 14.4448 )
00000655: 16.2527   (Y': 17.7425   Cb: 14.0758   Cr: 14.4607 )
00000656: 16.2696   (Y': 17.7499   Cb: 14.0988   Cr: 14.489  )
00000654: 16.2562   (Y': 17.7656   Cb: 14.0841   Cr: 14.4224 )
00000657: 16.2623   (Y': 17.7704   Cb: 14.047    Cr: 14.4781 )
00000658: 16.2522   (Y': 17.7566   Cb: 14.0791   Cr: 14.4287 )
00000659: 16.2551   (Y': 17.7349   Cb: 14.0806   Cr: 14.4795 )
00000660: 16.2762   (Y': 17.7655   Cb: 14.12     Cr: 14.4627 )
00000661: 16.2791   (Y': 17.7546   Cb: 14.1074   Cr: 14.5083 )
00000663: 16.2319   (Y': 17.7334   Cb: 14.0785   Cr: 14.3928 )
00000662: 16.2509   (Y': 17.7299   Cb: 14.0929   Cr: 14.4584 )
00000664: 16.2706   (Y': 17.7727   Cb: 14.1006   Cr: 14.4483 )
00000665: 16.2669   (Y': 17.748    Cb: 14.1222   Cr: 14.4565 )
00000666: 16.2632   (Y': 17.7593   Cb: 14.0703   Cr: 14.4769 )
00000667: 16.276    (Y': 17.7662   Cb: 14.1      Cr: 14.4823 )
00000668: 16.2757   (Y': 17.7807   Cb: 14.0706   Cr: 14.4863 )
00000669: 16.2772   (Y': 17.7486   Cb: 14.1403   Cr: 14.4762 )
00000670: 16.2394   (Y': 17.7468   Cb: 14.0547   Cr: 14.4228 )
00000672: 16.2711   (Y': 17.754    Cb: 14.1072   Cr: 14.4781 )
00000671: 16.2627   (Y': 17.7431   Cb: 14.0817   Cr: 14.4928 )
00000673: 16.2744   (Y': 17.7715   Cb: 14.1152   Cr: 14.4495 )
00000674: 16.2585   (Y': 17.7474   Cb: 14.0742   Cr: 14.4763 )
00000675: 16.2577   (Y': 17.7798   Cb: 14.0675   Cr: 14.4202 )
00000676: 16.2682   (Y': 17.7467   Cb: 14.0739   Cr: 14.5166 )
00000677: 16.249    (Y': 17.7578   Cb: 14.0707   Cr: 14.4232 )
00000678: 16.2538   (Y': 17.7582   Cb: 14.072    Cr: 14.44   )
00000680: 16.2629   (Y': 17.7688   Cb: 14.0809   Cr: 14.4464 )
00000679: 16.2594   (Y': 17.7569   Cb: 14.0449   Cr: 14.4944 )
00000681: 16.2539   (Y': 17.7738   Cb: 14.0729   Cr: 14.4103 )
00000682: 16.2619   (Y': 17.7535   Cb: 14.0765   Cr: 14.4756 )
00000683: 16.2864   (Y': 17.7825   Cb: 14.1205   Cr: 14.4703 )
00000684: 16.2701   (Y': 17.7657   Cb: 14.0938   Cr: 14.4664 )
00000685: 16.2588   (Y': 17.7456   Cb: 14.1028   Cr: 14.4497 )
00000687: 16.2816   (Y': 17.7711   Cb: 14.1088   Cr: 14.4858 )
00000686: 16.241    (Y': 17.7508   Cb: 14.0162   Cr: 14.4643 )
00000688: 16.2501   (Y': 17.7595   Cb: 14.0569   Cr: 14.4392 )
00000689: 16.2803   (Y': 17.7528   Cb: 14.1148   Cr: 14.5086 )
00000690: 16.2217   (Y': 17.7245   Cb: 14.019    Cr: 14.4336 )
00000691: 16.273    (Y': 17.7912   Cb: 14.0575   Cr: 14.4703 )
00000692: 16.2775   (Y': 17.7696   Cb: 14.0973   Cr: 14.485  )
00000693: 16.2675   (Y': 17.777    Cb: 14.0859   Cr: 14.4437 )
00000694: 16.2438   (Y': 17.7345   Cb: 14.0667   Cr: 14.4505 )
00000695: 16.2616   (Y': 17.7534   Cb: 14.0815   Cr: 14.4692 )
00000696: 16.2564   (Y': 17.7516   Cb: 14.0734   Cr: 14.4611 )
00000697: 16.2827   (Y': 17.7562   Cb: 14.1299   Cr: 14.4952 )
00000698: 16.3013   (Y': 17.7945   Cb: 14.1217   Cr: 14.5056 )
00000699: 16.2829   (Y': 17.7964   Cb: 14.0764   Cr: 14.4792 )
00000700: 16.2445   (Y': 17.7507   Cb: 14.0749   Cr: 14.414  )
00000701: 16.3016   (Y': 17.795    Cb: 14.1089   Cr: 14.5203 )
00000702: 16.2697   (Y': 17.7499   Cb: 14.0928   Cr: 14.4957 )
00000703: 16.2434   (Y': 17.7202   Cb: 14.117    Cr: 14.4212 )
00000704: 16.2988   (Y': 17.8042   Cb: 14.0852   Cr: 14.518  )
00000705: 16.3111   (Y': 17.8064   Cb: 14.138    Cr: 14.5047 )
00000706: 16.2889   (Y': 17.7669   Cb: 14.1368   Cr: 14.4922 )
00000707: 16.2951   (Y': 17.795    Cb: 14.132    Cr: 14.4692 )
00000708: 16.3566   (Y': 17.8482   Cb: 14.1408   Cr: 14.6042 )
00000709: 16.3156   (Y': 17.8057   Cb: 14.1309   Cr: 14.5316 )
00000710: 16.3137   (Y': 17.8098   Cb: 14.1334   Cr: 14.5136 )
00000711: 16.2944   (Y': 17.777    Cb: 14.1123   Cr: 14.5219 )
00000712: 16.2876   (Y': 17.7829   Cb: 14.1022   Cr: 14.4946 )
00000713: 16.2703   (Y': 17.7637   Cb: 14.0837   Cr: 14.4823 )
00000714: 16.2688   (Y': 17.7454   Cb: 14.1126   Cr: 14.4788 )
00000715: 16.3069   (Y': 17.8201   Cb: 14.078    Cr: 14.5283 )
00000716: 16.2397   (Y': 17.7308   Cb: 14.035    Cr: 14.4759 )
00000717: 16.3206   (Y': 17.8519   Cb: 14.0956   Cr: 14.504  )
00000718: 16.2785   (Y': 17.7967   Cb: 14.0381   Cr: 14.5033 )
00000719: 16.3366   (Y': 17.8477   Cb: 14.1237   Cr: 14.544  )
00000720: 16.3704   (Y': 17.898    Cb: 14.1402   Cr: 14.5666 )
00000721: 16.3949   (Y': 17.9603   Cb: 14.1295   Cr: 14.5601 )
00000722: 16.447    (Y': 18.0022   Cb: 14.1893   Cr: 14.6224 )
00000723: 16.3839   (Y': 17.9507   Cb: 14.0982   Cr: 14.5688 )
00000724: 16.3688   (Y': 17.9067   Cb: 14.1229   Cr: 14.5629 )
00000725: 16.2782   (Y': 17.8259   Cb: 14.0564   Cr: 14.4279 )
00000726: 16.2417   (Y': 17.7359   Cb: 14.0817   Cr: 14.423  )
00000727: 16.1871   (Y': 17.6838   Cb: 14.0238   Cr: 14.3675 )
00000728: 16.1314   (Y': 17.5874   Cb: 14.0131   Cr: 14.3398 )
00000729: 16.0479   (Y': 17.4926   Cb: 13.9502   Cr: 14.2554 )
00000730: 16.1889   (Y': 17.6854   Cb: 14.0459   Cr: 14.3479 )
00000731: 16.2303   (Y': 17.7255   Cb: 14.0645   Cr: 14.4161 )
00000732: 16.2341   (Y': 17.7917   Cb: 13.9922   Cr: 14.3876 )
00000733: 16.2728   (Y': 17.8321   Cb: 14.0396   Cr: 14.4137 )
00000734: 16.3577   (Y': 17.9109   Cb: 14.1592   Cr: 14.4719 )
00000735: 16.4342   (Y': 17.9892   Cb: 14.1883   Cr: 14.5969 )
00000736: 16.4406   (Y': 18.0058   Cb: 14.1729   Cr: 14.6085 )
00000737: 16.4827   (Y': 18.0229   Cb: 14.2651   Cr: 14.6417 )
00000738: 16.4644   (Y': 18.0012   Cb: 14.1868   Cr: 14.696  )
00000739: 16.518    (Y': 18.074    Cb: 14.2297   Cr: 14.726  )
00000740: 16.4878   (Y': 18.0246   Cb: 14.2133   Cr: 14.716  )
00000741: 16.463    (Y': 17.9775   Cb: 14.2441   Cr: 14.6708 )
00000742: 16.4301   (Y': 17.9147   Cb: 14.2689   Cr: 14.6307 )
00000743: 16.3441   (Y': 17.8111   Cb: 14.153    Cr: 14.611  )
00000744: 16.3238   (Y': 17.7581   Cb: 14.1846   Cr: 14.5961 )
00000746: 16.354    (Y': 17.7977   Cb: 14.191    Cr: 14.6345 )
00000745: 16.3288   (Y': 17.782    Cb: 14.1317   Cr: 14.6289 )
00000747: 16.3008   (Y': 17.7536   Cb: 14.1362   Cr: 14.5657 )
00000748: 16.3246   (Y': 17.7887   Cb: 14.1312   Cr: 14.5995 )
00000749: 16.3055   (Y': 17.7658   Cb: 14.1443   Cr: 14.5522 )
00000750: 16.4802   (Y': 17.9892   Cb: 14.2327   Cr: 14.7302 )
00000751: 16.4643   (Y': 17.9801   Cb: 14.2151   Cr: 14.7034 )
00000752: 16.522    (Y': 18.0197   Cb: 14.3117   Cr: 14.7516 )
00000753: 16.5094   (Y': 18.0479   Cb: 14.237    Cr: 14.7318 )
00000754: 16.5155   (Y': 18.0721   Cb: 14.2178   Cr: 14.7328 )
00000755: 16.5931   (Y': 18.0692   Cb: 14.3805   Cr: 14.8667 )
00000756: 16.5597   (Y': 18.073    Cb: 14.3539   Cr: 14.7556 )
00000757: 16.53     (Y': 18.0032   Cb: 14.3368   Cr: 14.7872 )
00000758: 16.5115   (Y': 17.9892   Cb: 14.2959   Cr: 14.7851 )
00000759: 16.4552   (Y': 17.9227   Cb: 14.2626   Cr: 14.7229 )
00000760: 16.3904   (Y': 17.8594   Cb: 14.2084   Cr: 14.6434 )
00000762: 16.2003   (Y': 17.6507   Cb: 14.0826   Cr: 14.4182 )
00000761: 16.3172   (Y': 17.7852   Cb: 14.1554   Cr: 14.5498 )
00000763: 16.3012   (Y': 17.7704   Cb: 14.1386   Cr: 14.5325 )
00000764: 16.2937   (Y': 17.7611   Cb: 14.1446   Cr: 14.5136 )
00000765: 16.2741   (Y': 17.7166   Cb: 14.1152   Cr: 14.5523 )
00000766: 16.1646   (Y': 17.5618   Cb: 14.075    Cr: 14.455  )
00000767: 16.318    (Y': 17.6212   Cb: 14.4245   Cr: 14.5848 )
00000768: 16.3275   (Y': 17.6369   Cb: 14.3999   Cr: 14.6177 )
00000769: 16.1834   (Y': 17.6238   Cb: 14.0313   Cr: 14.4584 )
00000770: 16.2957   (Y': 17.5901   Cb: 14.3998   Cr: 14.5828 )
00000771: 16.4406   (Y': 17.7532   Cb: 14.5007   Cr: 14.7372 )
00000772: 16.4456   (Y': 17.7687   Cb: 14.5322   Cr: 14.6935 )
00000773: 16.7157   (Y': 18.0075   Cb: 14.7321   Cr: 15.1011 )
00000774: 16.5581   (Y': 18.0352   Cb: 14.2313   Cr: 14.961  )
00000775: 16.661    (Y': 18.0989   Cb: 14.3718   Cr: 15.0976 )
00000776: 16.7092   (Y': 18.1459   Cb: 14.4279   Cr: 15.1387 )
00000777: 16.7237   (Y': 18.1776   Cb: 14.3826   Cr: 15.1897 )
00000778: 16.7474   (Y': 18.1881   Cb: 14.4422   Cr: 15.197  )
00000779: 16.7738   (Y': 18.1858   Cb: 14.5008   Cr: 15.2433 )
00000780: 16.7155   (Y': 18.1573   Cb: 14.4492   Cr: 15.1173 )
00000781: 16.7415   (Y': 18.1601   Cb: 14.4924   Cr: 15.1694 )
00000782: 16.7303   (Y': 18.1919   Cb: 14.4343   Cr: 15.1277 )
00000783: 16.7839   (Y': 18.246    Cb: 14.4807   Cr: 15.1886 )
00000784: 16.8039   (Y': 18.3101   Cb: 14.4559   Cr: 15.1747 )
00000785: 16.7579   (Y': 18.2533   Cb: 14.4466   Cr: 15.1069 )
00000786: 16.7507   (Y': 18.2525   Cb: 14.4443   Cr: 15.0817 )
00000787: 16.7225   (Y': 18.2066   Cb: 14.4283   Cr: 15.0733 )
00000788: 16.6609   (Y': 18.1228   Cb: 14.4026   Cr: 15.0138 )
00000789: 16.6626   (Y': 18.1231   Cb: 14.4146   Cr: 15.0063 )
00000790: 16.7113   (Y': 18.167    Cb: 14.4405   Cr: 15.0906 )
00000791: 16.9107   (Y': 18.2843   Cb: 14.7732   Cr: 15.301  )
00000792: 16.8953   (Y': 18.2763   Cb: 14.7685   Cr: 15.2588 )
00000793: 16.4872   (Y': 17.9956   Cb: 14.2736   Cr: 14.7007 )
00000794: 16.5557   (Y': 18.0152   Cb: 14.3871   Cr: 14.8119 )
00000795: 16.462    (Y': 17.8748   Cb: 14.3532   Cr: 14.7428 )
00000796: 16.5518   (Y': 17.928    Cb: 14.4842   Cr: 14.8593 )
00000797: 16.5517   (Y': 17.9298   Cb: 14.4299   Cr: 14.9151 )
00000798: 16.5924   (Y': 17.9922   Cb: 14.4804   Cr: 14.9022 )
00000799: 16.6319   (Y': 18.0377   Cb: 14.4923   Cr: 14.9604 )
00000800: 16.651    (Y': 18.0513   Cb: 14.5275   Cr: 14.9723 )
00000802: 16.6185   (Y': 18.0202   Cb: 14.4877   Cr: 14.9454 )
00000801: 16.6175   (Y': 18.0319   Cb: 14.5004   Cr: 14.9041 )
00000803: 16.5865   (Y': 18.0075   Cb: 14.464    Cr: 14.8663 )
00000804: 16.5796   (Y': 17.9935   Cb: 14.4954   Cr: 14.8316 )
00000805: 16.6045   (Y': 18.0246   Cb: 14.5162   Cr: 14.8487 )
00000806: 16.5785   (Y': 18.0076   Cb: 14.4479   Cr: 14.8515 )
00000807: 16.5882   (Y': 18.0199   Cb: 14.4638   Cr: 14.8493 )
00000808: 16.5607   (Y': 17.9518   Cb: 14.4519   Cr: 14.884  )
00000810: 16.5374   (Y': 17.9235   Cb: 14.4695   Cr: 14.8258 )
00000809: 16.5815   (Y': 17.9779   Cb: 14.4928   Cr: 14.8724 )
00000811: 16.5743   (Y': 17.983    Cb: 14.4598   Cr: 14.8693 )
00000812: 16.5691   (Y': 17.9792   Cb: 14.4646   Cr: 14.8502 )
00000813: 16.5908   (Y': 18.0215   Cb: 14.4649   Cr: 14.8557 )
00000814: 16.6377   (Y': 18.0443   Cb: 14.5642   Cr: 14.8923 )
00000815: 16.6249   (Y': 18.0573   Cb: 14.4862   Cr: 14.9003 )
00000816: 16.6284   (Y': 18.0495   Cb: 14.5172   Cr: 14.8957 )
00000818: 16.5889   (Y': 17.9927   Cb: 14.4769   Cr: 14.8908 )
00000817: 16.6219   (Y': 18.0357   Cb: 14.5259   Cr: 14.8869 )
00000819: 16.6004   (Y': 18.0096   Cb: 14.5111   Cr: 14.8669 )
00000820: 16.5581   (Y': 17.9653   Cb: 14.5003   Cr: 14.7946 )
00000821: 16.5267   (Y': 17.9191   Cb: 14.4585   Cr: 14.8028 )
00000822: 16.5313   (Y': 17.9458   Cb: 14.4487   Cr: 14.7805 )
00000823: 16.5384   (Y': 17.9454   Cb: 14.4775   Cr: 14.7785 )
00000824: 16.5158   (Y': 17.9135   Cb: 14.4304   Cr: 14.8002 )
00000825: 16.5251   (Y': 17.8848   Cb: 14.4979   Cr: 14.8215 )
00000826: 16.5      (Y': 17.8907   Cb: 14.4684   Cr: 14.7405 )
00000827: 16.538    (Y': 17.9121   Cb: 14.5007   Cr: 14.8169 )
00000828: 16.5027   (Y': 17.9181   Cb: 14.4127   Cr: 14.7578 )
00000829: 16.4937   (Y': 17.9069   Cb: 14.4414   Cr: 14.7127 )
00000830: 16.5012   (Y': 17.8943   Cb: 14.4456   Cr: 14.7625 )
00000831: 16.518    (Y': 17.9056   Cb: 14.4421   Cr: 14.8121 )
00000832: 16.5225   (Y': 17.8998   Cb: 14.4854   Cr: 14.795  )
00000833: 16.5162   (Y': 17.9042   Cb: 14.4303   Cr: 14.8204 )
00000834: 16.4863   (Y': 17.8678   Cb: 14.4346   Cr: 14.7661 )
00000835: 16.4871   (Y': 17.8777   Cb: 14.4574   Cr: 14.7258 )
00000836: 16.4958   (Y': 17.8915   Cb: 14.4425   Cr: 14.7495 )
00000837: 16.481    (Y': 17.8765   Cb: 14.4083   Cr: 14.7559 )
00000838: 16.5108   (Y': 17.9114   Cb: 14.4076   Cr: 14.8092 )
00000839: 16.4691   (Y': 17.886    Cb: 14.3929   Cr: 14.7067 )
00000840: 16.4811   (Y': 17.8804   Cb: 14.3972   Cr: 14.7608 )
00000842: 16.5137   (Y': 17.9021   Cb: 14.452    Cr: 14.7908 )
00000841: 16.5205   (Y': 17.9025   Cb: 14.4701   Cr: 14.7981 )
00000843: 16.4992   (Y': 17.8633   Cb: 14.4614   Cr: 14.7982 )
00000844: 16.5067   (Y': 17.8993   Cb: 14.4408   Cr: 14.7799 )
00000845: 16.487    (Y': 17.8751   Cb: 14.4267   Cr: 14.7633 )
00000846: 16.515    (Y': 17.9027   Cb: 14.4585   Cr: 14.7881 )
00000847: 16.493    (Y': 17.8801   Cb: 14.45     Cr: 14.7525 )
00000848: 16.5127   (Y': 17.8998   Cb: 14.4816   Cr: 14.7594 )
00000849: 16.5301   (Y': 17.9029   Cb: 14.5263   Cr: 14.7758 )
00000850: 16.5233   (Y': 17.9088   Cb: 14.4945   Cr: 14.7706 )
00000851: 16.4996   (Y': 17.8904   Cb: 14.49     Cr: 14.7164 )
00000852: 16.505    (Y': 17.8878   Cb: 14.4251   Cr: 14.8129 )
00000853: 16.4853   (Y': 17.8723   Cb: 14.4463   Cr: 14.7408 )
00000854: 16.4926   (Y': 17.9029   Cb: 14.4049   Cr: 14.7552 )
00000855: 16.4919   (Y': 17.9024   Cb: 14.4113   Cr: 14.7465 )
00000856: 16.5133   (Y': 17.8946   Cb: 14.4675   Cr: 14.7872 )
00000858: 16.4704   (Y': 17.8712   Cb: 14.4083   Cr: 14.7239 )
00000857: 16.4825   (Y': 17.8879   Cb: 14.3852   Cr: 14.7651 )
00000859: 16.4838   (Y': 17.8827   Cb: 14.4636   Cr: 14.6963 )
00000860: 16.5034   (Y': 17.8888   Cb: 14.4558   Cr: 14.771  )
00000861: 16.4984   (Y': 17.9146   Cb: 14.4165   Cr: 14.7434 )
00000862: 16.492    (Y': 17.8983   Cb: 14.4287   Cr: 14.736  )
00000863: 16.5556   (Y': 17.9572   Cb: 14.4672   Cr: 14.836  )
00000864: 16.5547   (Y': 17.9566   Cb: 14.5149   Cr: 14.7819 )
00000865: 16.5422   (Y': 17.9642   Cb: 14.4867   Cr: 14.7476 )
00000866: 16.5275   (Y': 17.9489   Cb: 14.4509   Cr: 14.7566 )
00000867: 16.5787   (Y': 17.9736   Cb: 14.5231   Cr: 14.8364 )
00000868: 16.5592   (Y': 17.9432   Cb: 14.4731   Cr: 14.8714 )
00000869: 16.5686   (Y': 17.9478   Cb: 14.5056   Cr: 14.865  )
00000870: 16.5294   (Y': 17.9221   Cb: 14.4616   Cr: 14.8047 )
00000871: 16.529    (Y': 17.9081   Cb: 14.4947   Cr: 14.7946 )
00000872: 16.5291   (Y': 17.9145   Cb: 14.4927   Cr: 14.7847 )
00000873: 16.5328   (Y': 17.9      Cb: 14.4873   Cr: 14.834  )
00000874: 16.555    (Y': 17.9634   Cb: 14.4734   Cr: 14.8146 )
00000875: 16.5387   (Y': 17.9185   Cb: 14.4877   Cr: 14.8213 )
00000876: 16.5258   (Y': 17.9128   Cb: 14.5039   Cr: 14.7631 )
00000877: 16.5228   (Y': 17.9387   Cb: 14.4419   Cr: 14.7673 )
00000878: 16.5101   (Y': 17.9257   Cb: 14.4425   Cr: 14.741  )
00000879: 16.5247   (Y': 17.9236   Cb: 14.4865   Cr: 14.7561 )
00000881: 16.5248   (Y': 17.9389   Cb: 14.4009   Cr: 14.8199 )
00000882: 16.5232   (Y': 17.928    Cb: 14.4376   Cr: 14.7942 )
00000880: 16.5083   (Y': 17.8979   Cb: 14.4528   Cr: 14.7764 )
00000883: 16.528    (Y': 17.9576   Cb: 14.4335   Cr: 14.7608 )
00000884: 16.5361   (Y': 17.9349   Cb: 14.4855   Cr: 14.781  )
00000885: 16.5331   (Y': 17.9468   Cb: 14.4651   Cr: 14.768  )
00000886: 16.5779   (Y': 17.9866   Cb: 14.5257   Cr: 14.8055 )
00000887: 16.5561   (Y': 17.9569   Cb: 14.4972   Cr: 14.8061 )
00000888: 16.5663   (Y': 17.9733   Cb: 14.4769   Cr: 14.8372 )
00000889: 16.612    (Y': 18.0324   Cb: 14.5184   Cr: 14.8616 )
00000890: 16.5964   (Y': 17.9691   Cb: 14.5689   Cr: 14.8674 )
00000891: 16.6439   (Y': 18.0678   Cb: 14.4994   Cr: 14.9425 )
00000892: 16.6151   (Y': 18.0212   Cb: 14.5461   Cr: 14.8656 )
00000893: 16.5899   (Y': 17.9845   Cb: 14.5125   Cr: 14.8721 )
00000894: 16.602    (Y': 18.0334   Cb: 14.478    Cr: 14.8633 )
00000895: 16.6392   (Y': 18.0715   Cb: 14.5072   Cr: 14.9075 )
00000896: 16.612    (Y': 18.0008   Cb: 14.5229   Cr: 14.9181 )
00000897: 16.5163   (Y': 17.8967   Cb: 14.4696   Cr: 14.793  )
00000899: 16.5572   (Y': 17.9439   Cb: 14.4721   Cr: 14.8628 )
00000898: 16.5225   (Y': 17.9121   Cb: 14.4463   Cr: 14.8131 )
00000900: 16.5622   (Y': 17.9771   Cb: 14.4627   Cr: 14.8286 )
00000901: 16.5573   (Y': 17.9717   Cb: 14.471    Cr: 14.8103 )
00000902: 16.5526   (Y': 17.9774   Cb: 14.4551   Cr: 14.7977 )
00000903: 16.5517   (Y': 17.969    Cb: 14.4789   Cr: 14.7849 )
00000904: 16.5889   (Y': 17.9818   Cb: 14.5262   Cr: 14.8582 )
00000905: 16.5955   (Y': 17.996    Cb: 14.5036   Cr: 14.8818 )
00000906: 16.6011   (Y': 17.9838   Cb: 14.5232   Cr: 14.9069 )
00000907: 16.5792   (Y': 17.987    Cb: 14.5035   Cr: 14.8334 )
00000908: 16.5526   (Y': 17.9599   Cb: 14.4624   Cr: 14.8236 )
00000909: 16.5243   (Y': 17.904    Cb: 14.4437   Cr: 14.839  )
00000910: 16.5571   (Y': 17.9609   Cb: 14.4865   Cr: 14.814  )
00000911: 16.5949   (Y': 17.9884   Cb: 14.5134   Cr: 14.8833 )
00000913: 16.5561   (Y': 17.9626   Cb: 14.4611   Cr: 14.8339 )
00000912: 16.5684   (Y': 17.9559   Cb: 14.4801   Cr: 14.8763 )
00000914: 16.4874   (Y': 17.861    Cb: 14.4166   Cr: 14.8033 )
00000915: 16.5172   (Y': 17.8707   Cb: 14.5044   Cr: 14.8102 )
00000916: 16.523    (Y': 17.9325   Cb: 14.4373   Cr: 14.785  )
00000917: 16.5345   (Y': 17.9142   Cb: 14.4735   Cr: 14.8278 )
00000918: 16.5142   (Y': 17.9041   Cb: 14.4515   Cr: 14.7893 )
00000919: 16.4926   (Y': 17.8703   Cb: 14.4423   Cr: 14.778  )
00000921: 16.5155   (Y': 17.8932   Cb: 14.4662   Cr: 14.8002 )
00000920: 16.5299   (Y': 17.9158   Cb: 14.4723   Cr: 14.8073 )
00000922: 16.4968   (Y': 17.8841   Cb: 14.4213   Cr: 14.7908 )
00000923: 16.4859   (Y': 17.8706   Cb: 14.4056   Cr: 14.7903 )
00000924: 16.5084   (Y': 17.8737   Cb: 14.4537   Cr: 14.8236 )
00000925: 16.4913   (Y': 17.8821   Cb: 14.417    Cr: 14.7774 )
00000926: 16.5064   (Y': 17.9214   Cb: 14.4235   Cr: 14.7548 )
00000927: 16.4927   (Y': 17.883    Cb: 14.4276   Cr: 14.77   )
00000928: 16.4916   (Y': 17.8835   Cb: 14.4514   Cr: 14.7389 )
00000929: 16.4765   (Y': 17.8728   Cb: 14.4028   Cr: 14.7511 )
00000930: 16.501    (Y': 17.868    Cb: 14.4808   Cr: 14.7756 )
00000931: 16.4909   (Y': 17.896    Cb: 14.4419   Cr: 14.7219 )
00000932: 16.4927   (Y': 17.8834   Cb: 14.443    Cr: 14.7525 )
00000933: 16.4685   (Y': 17.8782   Cb: 14.3823   Cr: 14.7307 )
00000934: 16.4901   (Y': 17.8484   Cb: 14.4607   Cr: 14.7915 )
00000935: 16.4852   (Y': 17.8637   Cb: 14.4186   Cr: 14.7869 )
00000936: 16.4946   (Y': 17.8982   Cb: 14.4505   Cr: 14.7235 )
00000937: 16.5073   (Y': 17.8683   Cb: 14.455    Cr: 14.8283 )
00000938: 16.5028   (Y': 17.8899   Cb: 14.4373   Cr: 14.7867 )
00000939: 16.4985   (Y': 17.8514   Cb: 14.4405   Cr: 14.8418 )
00000940: 16.5092   (Y': 17.8943   Cb: 14.4269   Cr: 14.815  )
00000941: 16.4957   (Y': 17.8866   Cb: 14.4368   Cr: 14.7649 )
00000942: 16.5059   (Y': 17.8722   Cb: 14.4601   Cr: 14.8093 )
00000943: 16.4933   (Y': 17.883    Cb: 14.4376   Cr: 14.7615 )
00000944: 16.4972   (Y': 17.8803   Cb: 14.436    Cr: 14.7842 )
00000945: 16.5091   (Y': 17.9141   Cb: 14.4342   Cr: 14.7682 )
00000946: 16.5025   (Y': 17.8822   Cb: 14.4359   Cr: 14.8017 )
00000947: 16.4775   (Y': 17.8703   Cb: 14.4265   Cr: 14.7344 )
00000948: 16.4992   (Y': 17.8907   Cb: 14.4388   Cr: 14.7689 )
00000949: 16.4879   (Y': 17.8947   Cb: 14.4385   Cr: 14.7158 )
00000950: 16.4904   (Y': 17.8895   Cb: 14.4304   Cr: 14.7448 )
00000951: 16.5041   (Y': 17.894    Cb: 14.4618   Cr: 14.7573 )
00000952: 16.5354   (Y': 17.9078   Cb: 14.4957   Cr: 14.8202 )
00000953: 16.5042   (Y': 17.9061   Cb: 14.407    Cr: 14.7937 )
00000954: 16.4797   (Y': 17.8937   Cb: 14.4253   Cr: 14.6993 )
00000955: 16.5032   (Y': 17.8951   Cb: 14.4335   Cr: 14.7822 )
00000956: 16.5045   (Y': 17.9075   Cb: 14.4491   Cr: 14.7465 )
00000957: 16.5211   (Y': 17.9039   Cb: 14.4934   Cr: 14.7727 )
00000958: 16.4877   (Y': 17.8589   Cb: 14.4504   Cr: 14.7721 )
00000959: 16.4887   (Y': 17.8835   Cb: 14.4056   Cr: 14.7765 )
00000960: 16.4859   (Y': 17.8838   Cb: 14.4395   Cr: 14.7278 )
00000961: 16.4972   (Y': 17.8987   Cb: 14.4454   Cr: 14.738  )
00000962: 16.5075   (Y': 17.9019   Cb: 14.4194   Cr: 14.8014 )
00000963: 16.5137   (Y': 17.8949   Cb: 14.4545   Cr: 14.8021 )
00000964: 16.5279   (Y': 17.9264   Cb: 14.4839   Cr: 14.7662 )
00000965: 16.5025   (Y': 17.8772   Cb: 14.4581   Cr: 14.788  )
00000966: 16.491    (Y': 17.8836   Cb: 14.4385   Cr: 14.7498 )
00000967: 16.4753   (Y': 17.8759   Cb: 14.3973   Cr: 14.7461 )
00000969: 16.5015   (Y': 17.8905   Cb: 14.4813   Cr: 14.7332 )
00000968: 16.4996   (Y': 17.8885   Cb: 14.4371   Cr: 14.7766 )
00000970: 16.4855   (Y': 17.8824   Cb: 14.4227   Cr: 14.7471 )
00000971: 16.4853   (Y': 17.8906   Cb: 14.4137   Cr: 14.7403 )
00000972: 16.5015   (Y': 17.8982   Cb: 14.4411   Cr: 14.7609 )
00000973: 16.4952   (Y': 17.8842   Cb: 14.4761   Cr: 14.7254 )
00000974: 16.474    (Y': 17.8818   Cb: 14.4338   Cr: 14.6904 )
00000975: 16.4792   (Y': 17.8663   Cb: 14.472    Cr: 14.7005 )
00000976: 16.4897   (Y': 17.8979   Cb: 14.4289   Cr: 14.7273 )
00000977: 16.5008   (Y': 17.8969   Cb: 14.4269   Cr: 14.7762 )
00000980: 16.4823   (Y': 17.8811   Cb: 14.4226   Cr: 14.7368 )
00000978: 16.5006   (Y': 17.9014   Cb: 14.4357   Cr: 14.7568 )
00000979: 16.4643   (Y': 17.8822   Cb: 14.3979   Cr: 14.6892 )
00000981: 16.4967   (Y': 17.8926   Cb: 14.447    Cr: 14.7463 )
00000982: 16.4797   (Y': 17.8727   Cb: 14.4653   Cr: 14.6972 )
Total: 16.361    (Y': 17.8343   Cb: 14.2043   Cr: 14.5779 )
