00000000: 31.7036   (Y': 40.8341   Cb: 27.3013   Cr: 27.3013 )
00000006: 12.683    (Y': 12.4385   Cb: 13.5396   Cr: 12.9181 )
00000002: 12.6426   (Y': 12.3591   Cb: 13.6035   Cr: 12.9644 )
00000001: 12.6547   (Y': 12.3466   Cb: 13.6585   Cr: 13.0532 )
00000003: 12.6577   (Y': 12.3816   Cb: 13.6056   Cr: 12.956  )
00000005: 12.6437   (Y': 12.3798   Cb: 13.5132   Cr: 12.955  )
00000004: 12.6812   (Y': 12.4199   Cb: 13.5762   Cr: 12.9584 )
00000007: 12.6603   (Y': 12.4025   Cb: 13.4806   Cr: 12.9876 )
00000010: 12.6236   (Y': 12.3663   Cb: 13.4706   Cr: 12.9245 )
00000008: 12.6711   (Y': 12.4023   Cb: 13.5274   Cr: 13.016  )
00000009: 12.6776   (Y': 12.4349   Cb: 13.5495   Cr: 12.8912 )
00000011: 12.6464   (Y': 12.3888   Cb: 13.4638   Cr: 12.9749 )
00000012: 12.6411   (Y': 12.3928   Cb: 13.4579   Cr: 12.9277 )
00000013: 12.6641   (Y': 12.4173   Cb: 13.4385   Cr: 12.9815 )
00000014: 12.6289   (Y': 12.3773   Cb: 13.4403   Cr: 12.9354 )
00000015: 12.6317   (Y': 12.3887   Cb: 13.4529   Cr: 12.8907 )
00000016: 12.6812   (Y': 12.4576   Cb: 13.3481   Cr: 12.9919 )
00000019: 12.6673   (Y': 12.4379   Cb: 13.4241   Cr: 12.922  )
00000021: 12.5966   (Y': 12.3626   Cb: 13.3511   Cr: 12.8744 )
00000017: 12.6697   (Y': 12.4229   Cb: 13.4469   Cr: 12.985  )
00000020: 12.6511   (Y': 12.4315   Cb: 13.3888   Cr: 12.8791 )
00000018: 12.6284   (Y': 12.4071   Cb: 13.3718   Cr: 12.8595 )
00000022: 12.6208   (Y': 12.381    Cb: 13.4014   Cr: 12.9014 )
00000023: 12.614    (Y': 12.3747   Cb: 13.4097   Cr: 12.8792 )
00000026: 12.6099   (Y': 12.3722   Cb: 13.3666   Cr: 12.9022 )
00000025: 12.6054   (Y': 12.3656   Cb: 13.3857   Cr: 12.886  )
00000024: 12.6345   (Y': 12.411    Cb: 13.3731   Cr: 12.8796 )
00000028: 12.6583   (Y': 12.4385   Cb: 13.3714   Cr: 12.9094 )
00000027: 12.6153   (Y': 12.3728   Cb: 13.4306   Cr: 12.8772 )
00000029: 12.6371   (Y': 12.4077   Cb: 13.3967   Cr: 12.89   )
00000030: 12.643    (Y': 12.4094   Cb: 13.4481   Cr: 12.8747 )
00000031: 12.6128   (Y': 12.3444   Cb: 13.4657   Cr: 12.9595 )
00000032: 12.6225   (Y': 12.3548   Cb: 13.4535   Cr: 12.9855 )
00000035: 12.612    (Y': 12.3307   Cb: 13.4917   Cr: 12.9944 )
00000034: 12.6257   (Y': 12.3495   Cb: 13.4875   Cr: 13.0003 )
00000033: 12.6288   (Y': 12.3605   Cb: 13.4767   Cr: 12.9796 )
00000036: 12.6032   (Y': 12.3157   Cb: 13.498    Cr: 13.0013 )
00000037: 12.6593   (Y': 12.3956   Cb: 13.4626   Cr: 13.0288 )
00000038: 12.6652   (Y': 12.3854   Cb: 13.5701   Cr: 13.0183 )
00000039: 12.6882   (Y': 12.4181   Cb: 13.5817   Cr: 13.0064 )
00000040: 12.649    (Y': 12.3704   Cb: 13.536    Cr: 13.0125 )
00000042: 12.6724   (Y': 12.3593   Cb: 13.6138   Cr: 13.15   )
00000041: 12.6476   (Y': 12.345    Cb: 13.5964   Cr: 13.0685 )
00000043: 12.5967   (Y': 12.2772   Cb: 13.592    Cr: 13.057  )
00000044: 12.6149   (Y': 12.2943   Cb: 13.568    Cr: 13.1179 )
00000045: 12.5837   (Y': 12.2755   Cb: 13.5483   Cr: 13.0172 )
00000046: 12.6113   (Y': 12.2915   Cb: 13.5994   Cr: 13.0794 )
00000047: 12.625    (Y': 12.2901   Cb: 13.6487   Cr: 13.1346 )
00000048: 12.6085   (Y': 12.3017   Cb: 13.5619   Cr: 13.0454 )
00000049: 12.6179   (Y': 12.3219   Cb: 13.5765   Cr: 12.9996 )
00000050: 12.6331   (Y': 12.3409   Cb: 13.5436   Cr: 13.0395 )
00000052: 12.5984   (Y': 12.2845   Cb: 13.5489   Cr: 13.0718 )
00000051: 12.6423   (Y': 12.3387   Cb: 13.5798   Cr: 13.0785 )
00000053: 12.6211   (Y': 12.3216   Cb: 13.5628   Cr: 13.0338 )
00000054: 12.6261   (Y': 12.3371   Cb: 13.5622   Cr: 12.9946 )
00000055: 12.6199   (Y': 12.3276   Cb: 13.5238   Cr: 13.0324 )
00000056: 12.6611   (Y': 12.3664   Cb: 13.5829   Cr: 13.069  )
00000057: 12.6188   (Y': 12.3193   Cb: 13.5248   Cr: 13.0634 )
00000058: 12.6334   (Y': 12.3621   Cb: 13.509    Cr: 12.973  )
00000059: 12.6447   (Y': 12.3474   Cb: 13.5873   Cr: 13.0461 )
00000060: 12.6611   (Y': 12.3713   Cb: 13.5358   Cr: 13.0875 )
00000062: 12.6238   (Y': 12.3143   Cb: 13.5465   Cr: 13.1014 )
00000061: 12.6786   (Y': 12.3741   Cb: 13.5858   Cr: 13.1463 )
00000063: 12.6962   (Y': 12.3986   Cb: 13.6013   Cr: 13.1324 )
00000064: 12.6398   (Y': 12.3156   Cb: 13.6251   Cr: 13.1315 )
00000065: 12.6829   (Y': 12.384    Cb: 13.5949   Cr: 13.1188 )
00000066: 12.6574   (Y': 12.3251   Cb: 13.6629   Cr: 13.1704 )
00000068: 12.6695   (Y': 12.343    Cb: 13.6553   Cr: 13.1722 )
00000067: 12.6957   (Y': 12.3919   Cb: 13.6119   Cr: 13.1515 )
00000069: 12.6513   (Y': 12.3107   Cb: 13.7096   Cr: 13.1576 )
00000070: 12.6389   (Y': 12.2989   Cb: 13.6858   Cr: 13.153  )
00000071: 12.6499   (Y': 12.2903   Cb: 13.7216   Cr: 13.2378 )
00000072: 12.6316   (Y': 12.2469   Cb: 13.8139   Cr: 13.2473 )
00000073: 12.6213   (Y': 12.2685   Cb: 13.6829   Cr: 13.1847 )
00000074: 12.6641   (Y': 12.3257   Cb: 13.7069   Cr: 13.1735 )
00000076: 12.7172   (Y': 12.409    Cb: 13.6478   Cr: 13.1811 )
00000077: 12.6801   (Y': 12.3699   Cb: 13.6472   Cr: 13.1214 )
00000075: 12.6741   (Y': 12.3325   Cb: 13.6976   Cr: 13.2164 )
00000078: 12.6579   (Y': 12.3599   Cb: 13.5703   Cr: 13.0895 )
00000079: 12.7058   (Y': 12.397    Cb: 13.6264   Cr: 13.1815 )
00000080: 12.7165   (Y': 12.4356   Cb: 13.5409   Cr: 13.1466 )
00000081: 12.6892   (Y': 12.4018   Cb: 13.5935   Cr: 13.0783 )
00000082: 12.7377   (Y': 12.485    Cb: 13.5253   Cr: 13.0709 )
00000083: 12.7258   (Y': 12.446    Cb: 13.5666   Cr: 13.1366 )
00000084: 12.7684   (Y': 12.5491   Cb: 13.4798   Cr: 13.0193 )
00000085: 12.7458   (Y': 12.5199   Cb: 13.4666   Cr: 13.0173 )
00000086: 12.7893   (Y': 12.5773   Cb: 13.4342   Cr: 13.0676 )
00000087: 12.8179   (Y': 12.6464   Cb: 13.4061   Cr: 12.9703 )
00000088: 12.7323   (Y': 12.56     Cb: 13.3277   Cr: 12.8811 )
00000089: 12.76     (Y': 12.5804   Cb: 13.3522   Cr: 12.9435 )
00000090: 12.7294   (Y': 12.5521   Cb: 13.3434   Cr: 12.8834 )
00000091: 12.6633   (Y': 12.4789   Cb: 13.2684   Cr: 12.8558 )
00000092: 12.6985   (Y': 12.5441   Cb: 13.2598   Cr: 12.8021 )
00000093: 12.6999   (Y': 12.5257   Cb: 13.322    Cr: 12.8332 )
00000094: 12.666    (Y': 12.4847   Cb: 13.2678   Cr: 12.8489 )
00000095: 12.7555   (Y': 12.6091   Cb: 13.255    Cr: 12.8811 )
00000096: 12.7173   (Y': 12.5649   Cb: 13.2529   Cr: 12.8354 )
00000097: 12.6897   (Y': 12.5267   Cb: 13.2529   Cr: 12.8279 )
00000099: 12.6793   (Y': 12.5305   Cb: 13.2089   Cr: 12.7878 )
00000098: 12.6423   (Y': 12.4761   Cb: 13.2132   Cr: 12.7873 )
00000101: 12.6606   (Y': 12.5107   Cb: 13.1727   Cr: 12.7896 )
00000100: 12.6734   (Y': 12.5189   Cb: 13.2328   Cr: 12.7786 )
00000103: 12.6582   (Y': 12.4925   Cb: 13.2468   Cr: 12.7855 )
00000102: 12.6727   (Y': 12.5142   Cb: 13.2224   Cr: 12.8039 )
00000104: 12.6748   (Y': 12.5108   Cb: 13.2579   Cr: 12.7995 )
00000105: 12.6729   (Y': 12.5011   Cb: 13.2525   Cr: 12.8344 )
00000106: 12.6815   (Y': 12.5174   Cb: 13.2439   Cr: 12.8258 )
00000108: 12.665    (Y': 12.4941   Cb: 13.2956   Cr: 12.7765 )
00000107: 12.6633   (Y': 12.4946   Cb: 13.23     Cr: 12.8229 )
00000109: 12.6623   (Y': 12.4831   Cb: 13.2937   Cr: 12.8085 )
00000110: 12.6415   (Y': 12.4728   Cb: 13.2462   Cr: 12.7667 )
00000111: 12.6754   (Y': 12.5152   Cb: 13.2462   Cr: 12.7948 )
00000112: 12.6579   (Y': 12.4923   Cb: 13.2624   Cr: 12.7702 )
00000113: 12.6538   (Y': 12.4735   Cb: 13.2704   Cr: 12.8185 )
00000115: 12.6549   (Y': 12.474    Cb: 13.2997   Cr: 12.7966 )
00000116: 12.6694   (Y': 12.4886   Cb: 13.2488   Cr: 12.8703 )
00000114: 12.6622   (Y': 12.4893   Cb: 13.2424   Cr: 12.828  )
00000117: 12.6352   (Y': 12.517    Cb: 13.2146   Cr: 12.5726 )
00000119: 12.6621   (Y': 12.4886   Cb: 13.2248   Cr: 12.8462 )
00000118: 12.627    (Y': 12.4906   Cb: 13.2614   Cr: 12.5908 )
00000120: 12.6853   (Y': 12.4993   Cb: 13.2956   Cr: 12.8807 )
00000121: 12.68     (Y': 12.5151   Cb: 13.2598   Cr: 12.8119 )
00000122: 12.7032   (Y': 12.5407   Cb: 13.2993   Cr: 12.8098 )
00000123: 12.6498   (Y': 12.4897   Cb: 13.2409   Cr: 12.7508 )
00000125: 12.703    (Y': 12.5528   Cb: 13.2634   Cr: 12.7891 )
00000124: 12.7025   (Y': 12.5611   Cb: 13.2152   Cr: 12.7947 )
00000126: 12.6751   (Y': 12.5232   Cb: 13.2135   Cr: 12.7883 )
00000127: 12.6907   (Y': 12.5419   Cb: 13.1965   Cr: 12.821  )
00000128: 12.6677   (Y': 12.5145   Cb: 13.1864   Cr: 12.8046 )
00000129: 12.6727   (Y': 12.5053   Cb: 13.25     Cr: 12.8174 )
00000130: 12.6829   (Y': 12.5305   Cb: 13.2442   Cr: 12.7774 )
00000131: 12.6648   (Y': 12.4961   Cb: 13.2524   Cr: 12.8058 )
00000133: 12.661    (Y': 12.5013   Cb: 13.2632   Cr: 12.7505 )
00000132: 12.6814   (Y': 12.5169   Cb: 13.2473   Cr: 12.8237 )
00000134: 12.6361   (Y': 12.4532   Cb: 13.2754   Cr: 12.7914 )
00000135: 12.6707   (Y': 12.5047   Cb: 13.2862   Cr: 12.7749 )
00000136: 12.6368   (Y': 12.4631   Cb: 13.2344   Cr: 12.7896 )
00000137: 12.6776   (Y': 12.5107   Cb: 13.2436   Cr: 12.8302 )
00000138: 12.6272   (Y': 12.4568   Cb: 13.2266   Cr: 12.7643 )
00000139: 12.6602   (Y': 12.4829   Cb: 13.2362   Cr: 12.8488 )
00000140: 12.6589   (Y': 12.4976   Cb: 13.2119   Cr: 12.7989 )
00000141: 12.6533   (Y': 12.4729   Cb: 13.285    Cr: 12.805  )
00000142: 12.6611   (Y': 12.5082   Cb: 13.2268   Cr: 12.7543 )
00000143: 12.6581   (Y': 12.4817   Cb: 13.2471   Cr: 12.8308 )
00000144: 12.6638   (Y': 12.4978   Cb: 13.246    Cr: 12.7977 )
00000145: 12.6613   (Y': 12.4824   Cb: 13.2378   Cr: 12.8564 )
00000146: 12.6788   (Y': 12.5038   Cb: 13.2341   Cr: 12.8764 )
00000149: 12.6543   (Y': 12.4716   Cb: 13.2927   Cr: 12.8098 )
00000148: 12.6876   (Y': 12.5019   Cb: 13.2535   Cr: 12.9225 )
00000147: 12.6976   (Y': 12.5242   Cb: 13.2641   Cr: 12.8779 )
00000150: 12.6777   (Y': 12.5158   Cb: 13.1752   Cr: 12.8716 )
00000151: 12.6629   (Y': 12.4829   Cb: 13.2207   Cr: 12.8799 )
00000152: 12.6995   (Y': 12.5263   Cb: 13.2448   Cr: 12.8984 )
00000153: 12.6499   (Y': 12.4681   Cb: 13.2255   Cr: 12.8584 )
00000154: 12.6656   (Y': 12.4855   Cb: 13.2391   Cr: 12.8685 )
00000155: 12.6706   (Y': 12.4865   Cb: 13.2267   Cr: 12.9077 )
00000156: 12.7244   (Y': 12.5482   Cb: 13.2621   Cr: 12.9434 )
00000157: 12.7127   (Y': 12.5497   Cb: 13.2598   Cr: 12.8656 )
00000158: 12.701    (Y': 12.536    Cb: 13.2266   Cr: 12.8823 )
00000159: 12.7045   (Y': 12.5407   Cb: 13.2375   Cr: 12.8739 )
00000161: 12.6633   (Y': 12.4831   Cb: 13.2462   Cr: 12.8582 )
00000160: 12.6504   (Y': 12.4659   Cb: 13.2327   Cr: 12.8646 )
00000162: 12.704    (Y': 12.5405   Cb: 13.2576   Cr: 12.8533 )
00000163: 12.6671   (Y': 12.4887   Cb: 13.2432   Cr: 12.8603 )
00000164: 12.6621   (Y': 12.4954   Cb: 13.2034   Cr: 12.8361 )
00000165: 12.6403   (Y': 12.4595   Cb: 13.2066   Cr: 12.853  )
00000166: 12.6641   (Y': 12.4911   Cb: 13.2455   Cr: 12.829  )
00000167: 12.6383   (Y': 12.4515   Cb: 13.2386   Cr: 12.8464 )
00000168: 12.6684   (Y': 12.5101   Cb: 13.1716   Cr: 12.8416 )
00000169: 12.6466   (Y': 12.4605   Cb: 13.2337   Cr: 12.8637 )
00000170: 12.69     (Y': 12.5188   Cb: 13.2169   Cr: 12.8972 )
00000171: 12.6992   (Y': 12.5282   Cb: 13.2569   Cr: 12.8771 )
00000173: 12.676    (Y': 12.5059   Cb: 13.2375   Cr: 12.8462 )
00000172: 12.6932   (Y': 12.5185   Cb: 13.261    Cr: 12.878  )
00000174: 12.6679   (Y': 12.4797   Cb: 13.2395   Cr: 12.9087 )
00000175: 12.6806   (Y': 12.5165   Cb: 13.2102   Cr: 12.8544 )
00000176: 12.6561   (Y': 12.4786   Cb: 13.2182   Cr: 12.8578 )
00000177: 12.7007   (Y': 12.5348   Cb: 13.24     Cr: 12.8732 )
00000178: 12.6764   (Y': 12.5028   Cb: 13.2516   Cr: 12.8497 )
00000179: 12.6682   (Y': 12.4885   Cb: 13.2584   Cr: 12.8542 )
00000181: 12.7111   (Y': 12.5343   Cb: 13.288    Cr: 12.8969 )
00000180: 12.6944   (Y': 12.5335   Cb: 13.2535   Cr: 12.8272 )
00000182: 12.6786   (Y': 12.4921   Cb: 13.2437   Cr: 12.9173 )
00000183: 12.6637   (Y': 12.4851   Cb: 13.2317   Cr: 12.8651 )
00000184: 12.6631   (Y': 12.4763   Cb: 13.2492   Cr: 12.8841 )
00000185: 12.714    (Y': 12.5311   Cb: 13.2868   Cr: 12.9298 )
00000186: 12.6664   (Y': 12.4916   Cb: 13.2353   Cr: 12.8506 )
00000187: 12.7157   (Y': 12.5496   Cb: 13.267    Cr: 12.8784 )
00000188: 12.6837   (Y': 12.518    Cb: 13.2588   Cr: 12.8229 )
00000189: 12.675    (Y': 12.5048   Cb: 13.2515   Cr: 12.8319 )
00000190: 12.6508   (Y': 12.4809   Cb: 13.197    Cr: 12.8343 )
00000191: 12.7327   (Y': 12.5676   Cb: 13.2671   Cr: 12.9065 )
00000192: 12.6403   (Y': 12.4571   Cb: 13.2672   Cr: 12.8082 )
00000193: 12.6743   (Y': 12.5178   Cb: 13.2218   Cr: 12.799  )
00000194: 12.6824   (Y': 12.5149   Cb: 13.2139   Cr: 12.8696 )
00000195: 12.6727   (Y': 12.5114   Cb: 13.2055   Cr: 12.8317 )
00000196: 12.6698   (Y': 12.4846   Cb: 13.2341   Cr: 12.9038 )
00000197: 12.6442   (Y': 12.4777   Cb: 13.154    Cr: 12.8468 )
00000198: 12.6545   (Y': 12.4771   Cb: 13.1762   Cr: 12.8938 )
00000199: 12.6409   (Y': 12.4689   Cb: 13.1997   Cr: 12.8222 )
00000200: 12.6585   (Y': 12.4908   Cb: 13.2142   Cr: 12.8238 )
00000201: 12.6412   (Y': 12.4561   Cb: 13.2237   Cr: 12.8575 )
00000202: 12.6513   (Y': 12.475    Cb: 13.1912   Cr: 12.8683 )
00000203: 12.6746   (Y': 12.504    Cb: 13.1967   Cr: 12.8839 )
00000204: 12.6499   (Y': 12.4747   Cb: 13.2239   Cr: 12.8314 )
00000205: 12.6523   (Y': 12.4732   Cb: 13.2574   Cr: 12.8223 )
00000206: 12.6654   (Y': 12.4973   Cb: 13.2121   Cr: 12.8407 )
00000207: 12.6626   (Y': 12.4696   Cb: 13.2943   Cr: 12.8691 )
00000208: 12.6709   (Y': 12.5037   Cb: 13.2155   Cr: 12.8443 )
00000209: 12.6856   (Y': 12.5264   Cb: 13.22     Cr: 12.8337 )
00000210: 12.7      (Y': 12.523    Cb: 13.2837   Cr: 12.8799 )
00000212: 12.6683   (Y': 12.4757   Cb: 13.2787   Cr: 12.8922 )
00000211: 12.7013   (Y': 12.5316   Cb: 13.2747   Cr: 12.8589 )
00000213: 12.6935   (Y': 12.5219   Cb: 13.2303   Cr: 12.8932 )
00000214: 12.6809   (Y': 12.503    Cb: 13.2499   Cr: 12.8781 )
00000215: 12.6805   (Y': 12.5087   Cb: 13.2446   Cr: 12.8562 )
00000216: 12.6811   (Y': 12.5092   Cb: 13.2364   Cr: 12.8651 )
00000217: 12.6517   (Y': 12.4699   Cb: 13.2304   Cr: 12.8575 )
00000218: 12.6778   (Y': 12.5032   Cb: 13.2356   Cr: 12.8717 )
00000219: 12.6216   (Y': 12.448    Cb: 13.2023   Cr: 12.7894 )
00000220: 12.6418   (Y': 12.4791   Cb: 13.1829   Cr: 12.7992 )
00000221: 12.66     (Y': 12.495    Cb: 13.1965   Cr: 12.8313 )
00000222: 12.6412   (Y': 12.4739   Cb: 13.1983   Cr: 12.8034 )
00000223: 12.6775   (Y': 12.5033   Cb: 13.2602   Cr: 12.8467 )
00000224: 12.6717   (Y': 12.4997   Cb: 13.2283   Cr: 12.8553 )
00000226: 12.6473   (Y': 12.4611   Cb: 13.2613   Cr: 12.84   )
00000225: 12.6289   (Y': 12.4476   Cb: 13.2166   Cr: 12.8237 )
00000227: 12.6156   (Y': 12.4481   Cb: 13.1577   Cr: 12.7927 )
00000228: 12.6215   (Y': 12.4508   Cb: 13.1679   Cr: 12.8084 )
00000229: 12.632    (Y': 12.4591   Cb: 13.2602   Cr: 12.7543 )
00000230: 12.6504   (Y': 12.4835   Cb: 13.2057   Cr: 12.813  )
00000231: 12.686    (Y': 12.5249   Cb: 13.2159   Cr: 12.8463 )
00000232: 12.6914   (Y': 12.5479   Cb: 13.1576   Cr: 12.8353 )
00000234: 12.7105   (Y': 12.5668   Cb: 13.2145   Cr: 12.8202 )
00000233: 12.7346   (Y': 12.609    Cb: 13.2017   Cr: 12.8022 )
00000235: 12.7183   (Y': 12.5678   Cb: 13.2759   Cr: 12.8083 )
00000236: 12.6989   (Y': 12.5538   Cb: 13.2101   Cr: 12.8082 )
00000237: 12.7837   (Y': 12.6586   Cb: 13.2453   Cr: 12.8537 )
00000239: 12.9133   (Y': 12.7651   Cb: 13.4423   Cr: 13.0192 )
00000238: 12.8234   (Y': 12.6893   Cb: 13.334    Cr: 12.8869 )
00000240: 12.9558   (Y': 12.8032   Cb: 13.5485   Cr: 13.0234 )
00000241: 13.0137   (Y': 12.823    Cb: 13.6449   Cr: 13.2104 )
00000242: 12.991    (Y': 12.7813   Cb: 13.6442   Cr: 13.2518 )
00000243: 12.9875   (Y': 12.7657   Cb: 13.7479   Cr: 13.2053 )
00000244: 13.0615   (Y': 12.8041   Cb: 13.8412   Cr: 13.423  )
00000245: 13.1402   (Y': 12.8281   Cb: 14.0945   Cr: 13.6012 )
00000246: 13.1528   (Y': 12.8208   Cb: 14.1485   Cr: 13.6732 )
00000247: 13.2058   (Y': 12.9372   Cb: 14.0797   Cr: 13.5348 )
00000248: 13.3739   (Y': 13.1178   Cb: 14.1392   Cr: 13.7426 )
00000249: 13.3808   (Y': 13.2059   Cb: 13.9384   Cr: 13.5758 )
00000250: 13.3112   (Y': 13.1001   Cb: 14.0242   Cr: 13.5237 )
00000251: 13.396    (Y': 13.1879   Cb: 14.0824   Cr: 13.6197 )
00000252: 13.4027   (Y': 13.1946   Cb: 14.1163   Cr: 13.6015 )
00000253: 13.2289   (Y': 12.9254   Cb: 14.201    Cr: 13.6332 )
00000254: 13.1375   (Y': 12.8056   Cb: 14.1401   Cr: 13.6512 )
00000255: 13.1067   (Y': 12.7277   Cb: 14.2372   Cr: 13.7393 )
00000256: 13.0737   (Y': 12.671    Cb: 14.3354   Cr: 13.7112 )
00000257: 13.1244   (Y': 12.6882   Cb: 14.4438   Cr: 13.8847 )
00000258: 13.1321   (Y': 12.6651   Cb: 14.5491   Cr: 13.971  )
00000261: 14.7356   (Y': 14.4533   Cb: 15.5865   Cr: 15.1486 )
00000259: 13.8672   (Y': 13.5923   Cb: 14.767    Cr: 14.2019 )
00000260: 14.2749   (Y': 14.0162   Cb: 15.117    Cr: 14.5863 )
00000262: 14.6751   (Y': 14.3954   Cb: 15.5226   Cr: 15.0788 )
00000263: 14.1837   (Y': 13.8925   Cb: 15.1662   Cr: 14.5218 )
00000264: 14.3157   (Y': 13.904    Cb: 15.702    Cr: 14.8935 )
00000265: 14.2076   (Y': 13.7865   Cb: 15.6627   Cr: 14.7755 )
00000266: 14.2342   (Y': 13.5741   Cb: 15.1665   Cr: 16.9385 )
00000267: 14.1692   (Y': 13.5114   Cb: 15.1595   Cr: 16.7676 )
00000268: 14.0676   (Y': 13.4058   Cb: 15.1943   Cr: 16.5077 )
00000269: 14.0476   (Y': 13.5066   Cb: 14.7737   Cr: 16.0999 )
00000270: 13.7648   (Y': 13.466    Cb: 13.7236   Cr: 15.2795 )
00000271: 13.6612   (Y': 13.3889   Cb: 13.5116   Cr: 15.1725 )
00000272: 13.5022   (Y': 13.157    Cb: 13.5191   Cr: 15.2229 )
00000274: 13.3748   (Y': 13.0783   Cb: 13.4037   Cr: 14.7773 )
00000273: 13.5539   (Y': 13.2162   Cb: 13.5399   Cr: 15.2718 )
00000275: 13.2712   (Y': 13.0629   Cb: 13.0712   Cr: 14.4842 )
00000276: 13.1866   (Y': 13.0204   Cb: 12.8478   Cr: 14.3626 )
00000277: 13.1021   (Y': 12.9601   Cb: 12.6547   Cr: 14.3028 )
00000278: 13.0311   (Y': 12.8937   Cb: 12.5852   Cr: 14.2041 )
00000279: 13.0954   (Y': 12.9466   Cb: 12.6573   Cr: 14.3188 )
00000280: 13.2223   (Y': 13.2581   Cb: 13.6049   Cr: 12.7414 )
00000282: 13.151    (Y': 13.1633   Cb: 13.6154   Cr: 12.6873 )
00000281: 13.2254   (Y': 13.22     Cb: 13.7639   Cr: 12.7661 )
00000283: 13.0203   (Y': 13.02     Cb: 13.4999   Cr: 12.5895 )
00000285: 14.2578   (Y': 14.4043   Cb: 14.3873   Cr: 13.6053 )
00000284: 13.9135   (Y': 14.069    Cb: 14.0794   Cr: 13.2015 )
00000286: 14.4002   (Y': 14.4996   Cb: 14.6058   Cr: 13.8439 )
00000287: 13.972    (Y': 14.0332   Cb: 14.2745   Cr: 13.4671 )
00000289: 13.512    (Y': 13.5717   Cb: 13.8022   Cr: 13.0231 )
00000288: 13.6099   (Y': 13.7133   Cb: 13.8194   Cr: 13.0366 )
00000290: 13.2796   (Y': 13.367    Cb: 13.4992   Cr: 12.7528 )
00000291: 13.2992   (Y': 13.3939   Cb: 13.5069   Cr: 12.7569 )
00000292: 13.0432   (Y': 13.0729   Cb: 13.2924   Cr: 12.6968 )
00000293: 13.0367   (Y': 13.0699   Cb: 13.2793   Cr: 12.6831 )
00000294: 13.0186   (Y': 13.0511   Cb: 13.2419   Cr: 12.6847 )
00000295: 13.0036   (Y': 13.059    Cb: 13.1605   Cr: 12.6448 )
00000296: 13.0794   (Y': 13.1336   Cb: 13.2613   Cr: 12.7029 )
00000297: 13.0661   (Y': 13.1022   Cb: 13.2937   Cr: 12.7148 )
00000298: 13.1312   (Y': 13.176    Cb: 13.339    Cr: 12.7655 )
00000299: 13.0995   (Y': 13.1341   Cb: 13.3395   Cr: 12.7431 )
00000300: 13.0578   (Y': 13.114    Cb: 13.2478   Cr: 12.6667 )
00000301: 13.1031   (Y': 13.1629   Cb: 13.2706   Cr: 12.7185 )
00000302: 13.0478   (Y': 13.0759   Cb: 13.2926   Cr: 12.711  )
00000303: 13.0819   (Y': 13.1164   Cb: 13.2596   Cr: 12.7809 )
00000304: 13.0927   (Y': 13.1328   Cb: 13.222    Cr: 12.8145 )
00000306: 13.1004   (Y': 13.1134   Cb: 13.2627   Cr: 12.8943 )
00000305: 13.0872   (Y': 13.1285   Cb: 13.1997   Cr: 12.8201 )
00000307: 13.0896   (Y': 13.1152   Cb: 13.2531   Cr: 12.8346 )
00000308: 13.1266   (Y': 13.1484   Cb: 13.2621   Cr: 12.9117 )
00000309: 12.9449   (Y': 12.8511   Cb: 13.398    Cr: 12.8943 )
00000310: 12.9007   (Y': 12.7868   Cb: 13.3971   Cr: 12.8934 )
00000311: 12.9772   (Y': 12.8519   Cb: 13.5213   Cr: 12.974  )
00000312: 13.0297   (Y': 12.921    Cb: 13.5339   Cr: 12.9939 )
00000314: 12.9533   (Y': 12.8052   Cb: 13.5798   Cr: 12.9726 )
00000313: 13.0209   (Y': 12.8818   Cb: 13.5559   Cr: 13.083  )
00000315: 12.9236   (Y': 12.7673   Cb: 13.6151   Cr: 12.9209 )
00000316: 12.8886   (Y': 12.7349   Cb: 13.5498   Cr: 12.901  )
00000318: 12.8987   (Y': 12.7635   Cb: 13.5307   Cr: 12.8604 )
00000317: 12.9156   (Y': 12.7833   Cb: 13.5348   Cr: 12.8762 )
00000319: 12.937    (Y': 12.7889   Cb: 13.5847   Cr: 12.9377 )
00000320: 12.9356   (Y': 12.8133   Cb: 13.5039   Cr: 12.899  )
00000322: 12.9687   (Y': 12.8159   Cb: 13.6229   Cr: 12.9836 )
00000321: 12.9647   (Y': 12.8355   Cb: 13.5587   Cr: 12.9338 )
00000323: 13.0215   (Y': 12.9093   Cb: 13.5739   Cr: 12.9581 )
00000324: 13.004    (Y': 12.8808   Cb: 13.6174   Cr: 12.9321 )
00000326: 12.9567   (Y': 12.8287   Cb: 13.6107   Cr: 12.8699 )
00000325: 12.9669   (Y': 12.8461   Cb: 13.5619   Cr: 12.9011 )
00000327: 12.9426   (Y': 12.8189   Cb: 13.5085   Cr: 12.9141 )
00000328: 12.9403   (Y': 12.8106   Cb: 13.5509   Cr: 12.8977 )
00000329: 12.9516   (Y': 12.8184   Cb: 13.6045   Cr: 12.887  )
00000330: 12.9178   (Y': 12.7873   Cb: 13.5538   Cr: 12.8564 )
00000331: 12.912    (Y': 12.7891   Cb: 13.5345   Cr: 12.8315 )
00000332: 12.8786   (Y': 12.7432   Cb: 13.5037   Cr: 12.8464 )
00000333: 12.8319   (Y': 12.6762   Cb: 13.5407   Cr: 12.8116 )
00000334: 12.8835   (Y': 12.7438   Cb: 13.5437   Cr: 12.839  )
00000335: 12.8726   (Y': 12.7266   Cb: 13.5351   Cr: 12.8521 )
00000336: 12.8898   (Y': 12.7557   Cb: 13.5098   Cr: 12.8567 )
00000337: 12.9155   (Y': 12.7634   Cb: 13.5633   Cr: 12.9327 )
00000338: 12.8789   (Y': 12.7335   Cb: 13.5245   Cr: 12.8704 )
00000339: 12.9403   (Y': 12.8206   Cb: 13.4626   Cr: 12.9338 )
00000340: 12.9696   (Y': 12.8382   Cb: 13.573    Cr: 12.9399 )
00000341: 13.0184   (Y': 12.8492   Cb: 13.7137   Cr: 13.0666 )
00000342: 13.0172   (Y': 12.8555   Cb: 13.6626   Cr: 13.0767 )
00000343: 13.1047   (Y': 12.9187   Cb: 13.7916   Cr: 13.2314 )
00000344: 13.0779   (Y': 12.8708   Cb: 13.8417   Cr: 13.2285 )
00000345: 12.9748   (Y': 12.745    Cb: 13.8462   Cr: 13.1322 )
00000346: 12.9179   (Y': 12.6711   Cb: 13.8222   Cr: 13.1217 )
00000347: 12.869    (Y': 12.6088   Cb: 13.8512   Cr: 13.0673 )
00000349: 12.867    (Y': 12.6098   Cb: 13.7799   Cr: 13.1101 )
00000348: 12.8778   (Y': 12.6286   Cb: 13.7903   Cr: 13.0853 )
00000350: 12.8116   (Y': 12.5679   Cb: 13.7172   Cr: 13.0007 )
00000351: 12.8492   (Y': 12.6001   Cb: 13.7569   Cr: 13.0604 )
00000352: 12.8262   (Y': 12.5782   Cb: 13.7365   Cr: 13.0308 )
00000353: 12.8108   (Y': 12.5467   Cb: 13.7142   Cr: 13.0932 )
00000354: 12.8925   (Y': 12.6468   Cb: 13.755    Cr: 13.1278 )
00000355: 12.9674   (Y': 12.7192   Cb: 13.8883   Cr: 13.1635 )
00000356: 13.0186   (Y': 12.8252   Cb: 13.8081   Cr: 13.0883 )
00000357: 12.979    (Y': 12.7938   Cb: 13.7185   Cr: 13.0566 )
00000358: 12.9681   (Y': 12.8032   Cb: 13.6592   Cr: 13.0016 )
00000359: 12.9743   (Y': 12.8284   Cb: 13.5897   Cr: 12.9938 )
00000361: 12.9085   (Y': 12.7365   Cb: 13.6011   Cr: 12.9705 )
00000360: 12.9625   (Y': 12.8189   Cb: 13.5971   Cr: 12.9563 )
00000362: 12.9017   (Y': 12.7406   Cb: 13.5655   Cr: 12.9429 )
00000363: 12.9062   (Y': 12.7503   Cb: 13.5371   Cr: 12.9545 )
00000365: 12.8265   (Y': 12.6492   Cb: 13.5809   Cr: 12.8583 )
00000364: 12.8385   (Y': 12.6676   Cb: 13.5916   Cr: 12.8445 )
00000366: 12.8167   (Y': 12.6348   Cb: 13.5636   Cr: 12.8738 )
00000367: 12.8151   (Y': 12.6022   Cb: 13.5853   Cr: 12.9853 )
00000368: 12.8467   (Y': 12.6895   Cb: 13.5084   Cr: 12.8734 )
00000369: 12.8759   (Y': 12.698    Cb: 13.6344   Cr: 12.9065 )
00000370: 12.8667   (Y': 12.6903   Cb: 13.5796   Cr: 12.9299 )
00000371: 12.9155   (Y': 12.7534   Cb: 13.5757   Cr: 12.9636 )
00000372: 12.9093   (Y': 12.7632   Cb: 13.5515   Cr: 12.9069 )
00000373: 12.8461   (Y': 12.6864   Cb: 13.5062   Cr: 12.8844 )
00000374: 12.8844   (Y': 12.7332   Cb: 13.5797   Cr: 12.8576 )
00000375: 12.9305   (Y': 12.7711   Cb: 13.6034   Cr: 12.9568 )
00000377: 12.9187   (Y': 12.7556   Cb: 13.62     Cr: 12.9358 )
00000376: 12.9038   (Y': 12.755    Cb: 13.4995   Cr: 12.9531 )
00000378: 12.8969   (Y': 12.74     Cb: 13.5655   Cr: 12.9165 )
00000379: 12.8902   (Y': 12.7298   Cb: 13.5669   Cr: 12.917  )
00000380: 12.8555   (Y': 12.6717   Cb: 13.5832   Cr: 12.9374 )
00000382: 12.8775   (Y': 12.6966   Cb: 13.6445   Cr: 12.9138 )
00000381: 12.8972   (Y': 12.7276   Cb: 13.5703   Cr: 12.9658 )
00000383: 12.9097   (Y': 12.7136   Cb: 13.652    Cr: 13.0315 )
00000384: 12.9165   (Y': 12.7495   Cb: 13.5999   Cr: 12.9654 )
00000385: 12.901    (Y': 12.7053   Cb: 13.6301   Cr: 13.032  )
00000386: 12.8837   (Y': 12.7046   Cb: 13.6084   Cr: 12.948  )
00000387: 12.9031   (Y': 12.7127   Cb: 13.6595   Cr: 12.9882 )
00000388: 12.8853   (Y': 12.6945   Cb: 13.6681   Cr: 12.95   )
00000390: 12.8332   (Y': 12.6062   Cb: 13.6636   Cr: 13.0134 )
00000389: 12.8538   (Y': 12.6459   Cb: 13.6248   Cr: 13.0014 )
00000391: 12.8504   (Y': 12.6445   Cb: 13.6513   Cr: 12.9638 )
00000393: 12.8586   (Y': 12.6625   Cb: 13.6047   Cr: 12.9772 )
00000392: 12.8235   (Y': 12.6079   Cb: 13.6214   Cr: 12.9818 )
00000394: 12.8729   (Y': 12.6683   Cb: 13.6934   Cr: 12.9642 )
00000395: 12.8334   (Y': 12.6242   Cb: 13.5745   Cr: 13.0131 )
00000396: 12.8789   (Y': 12.6825   Cb: 13.636    Cr: 12.989  )
00000398: 12.8374   (Y': 12.6442   Cb: 13.5936   Cr: 12.9346 )
00000397: 12.8534   (Y': 12.6554   Cb: 13.6281   Cr: 12.9554 )
00000399: 12.8148   (Y': 12.6235   Cb: 13.5489   Cr: 12.923  )
00000400: 12.8658   (Y': 12.6793   Cb: 13.5896   Cr: 12.9625 )
00000401: 12.836    (Y': 12.6352   Cb: 13.6082   Cr: 12.9524 )
00000402: 12.8491   (Y': 12.6524   Cb: 13.6392   Cr: 12.9324 )
00000403: 12.8308   (Y': 12.6256   Cb: 13.6451   Cr: 12.9301 )
00000405: 12.8672   (Y': 12.6887   Cb: 13.5886   Cr: 12.9317 )
00000406: 12.8472   (Y': 12.6516   Cb: 13.5663   Cr: 12.9873 )
00000404: 12.8416   (Y': 12.6671   Cb: 13.5578   Cr: 12.8937 )
00000407: 12.835    (Y': 12.6571   Cb: 13.6063   Cr: 12.8549 )
00000409: 12.8035   (Y': 12.6136   Cb: 13.5157   Cr: 12.9248 )
00000408: 12.8354   (Y': 12.6276   Cb: 13.6306   Cr: 12.9621 )
00000410: 12.8253   (Y': 12.6204   Cb: 13.6292   Cr: 12.9318 )
00000411: 12.8266   (Y': 12.6279   Cb: 13.6338   Cr: 12.9037 )
00000413: 12.8175   (Y': 12.6067   Cb: 13.6215   Cr: 12.9495 )
00000412: 12.8028   (Y': 12.6011   Cb: 13.6037   Cr: 12.8985 )
00000414: 12.8252   (Y': 12.6215   Cb: 13.6275   Cr: 12.9281 )
00000415: 12.83     (Y': 12.6346   Cb: 13.5665   Cr: 12.9538 )
00000416: 12.8522   (Y': 12.667    Cb: 13.5551   Cr: 12.9614 )
00000417: 12.8388   (Y': 12.6523   Cb: 13.6186   Cr: 12.8879 )
00000418: 12.8609   (Y': 12.6828   Cb: 13.5506   Cr: 12.9512 )
00000419: 12.8056   (Y': 12.6127   Cb: 13.5517   Cr: 12.9101 )
00000420: 12.8197   (Y': 12.6402   Cb: 13.539    Cr: 12.8907 )
00000421: 12.8431   (Y': 12.6447   Cb: 13.599    Cr: 12.9627 )
00000422: 12.8237   (Y': 12.6268   Cb: 13.5942   Cr: 12.9245 )
00000423: 12.8303   (Y': 12.6382   Cb: 13.5791   Cr: 12.9293 )
00000424: 12.8024   (Y': 12.5894   Cb: 13.582    Cr: 12.9648 )
00000425: 12.817    (Y': 12.6339   Cb: 13.5985   Cr: 12.8498 )
00000426: 12.8427   (Y': 12.6578   Cb: 13.5432   Cr: 12.9529 )
00000427: 12.8555   (Y': 12.6539   Cb: 13.6176   Cr: 12.9837 )
00000428: 12.8593   (Y': 12.6851   Cb: 13.5356   Cr: 12.945  )
00000429: 12.8156   (Y': 12.6244   Cb: 13.5329   Cr: 12.9381 )
00000430: 12.8117   (Y': 12.601    Cb: 13.5838   Cr: 12.971  )
00000431: 12.7787   (Y': 12.5784   Cb: 13.5144   Cr: 12.9245 )
00000432: 12.8168   (Y': 12.6213   Cb: 13.5647   Cr: 12.9313 )
00000433: 12.8105   (Y': 12.6158   Cb: 13.58     Cr: 12.9028 )
00000434: 12.8602   (Y': 12.6632   Cb: 13.6322   Cr: 12.96   )
00000435: 12.7959   (Y': 12.5973   Cb: 13.566    Cr: 12.9044 )
00000436: 12.8311   (Y': 12.6624   Cb: 13.5177   Cr: 12.8846 )
00000438: 12.8193   (Y': 12.6505   Cb: 13.4783   Cr: 12.897  )
00000437: 12.8396   (Y': 12.6512   Cb: 13.5134   Cr: 12.9884 )
00000439: 12.8367   (Y': 12.6475   Cb: 13.5686   Cr: 12.9377 )
00000440: 12.8138   (Y': 12.6277   Cb: 13.5919   Cr: 12.8622 )
00000441: 12.818    (Y': 12.6436   Cb: 13.5128   Cr: 12.8882 )
00000442: 12.8449   (Y': 12.6752   Cb: 13.5546   Cr: 12.8829 )
00000443: 12.8262   (Y': 12.6357   Cb: 13.5718   Cr: 12.9212 )
00000444: 12.8599   (Y': 12.6729   Cb: 13.5711   Cr: 12.97   )
00000445: 12.8316   (Y': 12.6426   Cb: 13.5953   Cr: 12.9048 )
00000446: 12.8465   (Y': 12.6709   Cb: 13.5707   Cr: 12.8964 )
00000447: 12.8069   (Y': 12.6058   Cb: 13.5892   Cr: 12.9158 )
00000448: 12.8184   (Y': 12.6225   Cb: 13.5656   Cr: 12.935  )
00000449: 12.8366   (Y': 12.6631   Cb: 13.5497   Cr: 12.8871 )
00000450: 12.8536   (Y': 12.6734   Cb: 13.5586   Cr: 12.9393 )
00000451: 12.8501   (Y': 12.6825   Cb: 13.5625   Cr: 12.8764 )
00000452: 12.8358   (Y': 12.6549   Cb: 13.5536   Cr: 12.9137 )
00000453: 12.9123   (Y': 12.7537   Cb: 13.61     Cr: 12.9141 )
00000454: 12.9763   (Y': 12.8415   Cb: 13.5772   Cr: 12.9626 )
00000455: 12.955    (Y': 12.8233   Cb: 13.5547   Cr: 12.9297 )
00000457: 12.9592   (Y': 12.8224   Cb: 13.5543   Cr: 12.9588 )
00000456: 12.9133   (Y': 12.7565   Cb: 13.5786   Cr: 12.9352 )
00000458: 12.9314   (Y': 12.8031   Cb: 13.5294   Cr: 12.8935 )
00000459: 12.875    (Y': 12.7321   Cb: 13.5256   Cr: 12.8516 )
00000460: 12.8429   (Y': 12.7078   Cb: 13.4959   Cr: 12.7858 )
00000461: 12.8432   (Y': 12.7093   Cb: 13.4624   Cr: 12.8101 )
00000462: 12.8358   (Y': 12.6878   Cb: 13.5159   Cr: 12.8086 )
00000463: 12.8453   (Y': 12.6862   Cb: 13.5159   Cr: 12.8723 )
00000465: 12.823    (Y': 12.6767   Cb: 13.4872   Cr: 12.8023 )
00000464: 12.8761   (Y': 12.7387   Cb: 13.4885   Cr: 12.863  )
00000466: 12.8083   (Y': 12.651    Cb: 13.4986   Cr: 12.8109 )
00000467: 12.8547   (Y': 12.7171   Cb: 13.4605   Cr: 12.8486 )
00000468: 12.7893   (Y': 12.6232   Cb: 13.5522   Cr: 12.7669 )
00000469: 12.8291   (Y': 12.6914   Cb: 13.4641   Cr: 12.7982 )
00000471: 12.8519   (Y': 12.7259   Cb: 13.4872   Cr: 12.7729 )
00000470: 12.8427   (Y': 12.6962   Cb: 13.5073   Cr: 12.822  )
00000472: 12.7771   (Y': 12.6464   Cb: 13.3508   Cr: 12.7704 )
00000473: 12.8379   (Y': 12.7066   Cb: 13.4721   Cr: 12.7814 )
00000474: 12.8297   (Y': 12.6831   Cb: 13.5055   Cr: 12.8004 )
00000475: 12.9086   (Y': 12.7836   Cb: 13.4905   Cr: 12.8716 )
00000476: 12.9005   (Y': 12.7412   Cb: 13.5665   Cr: 12.932  )
00000477: 12.9445   (Y': 12.8113   Cb: 13.5676   Cr: 12.9056 )
00000478: 13.0055   (Y': 12.8577   Cb: 13.6849   Cr: 12.9781 )
00000479: 12.9626   (Y': 12.7948   Cb: 13.6579   Cr: 13.0045 )
00000481: 13.0333   (Y': 12.8924   Cb: 13.6384   Cr: 13.0411 )
00000480: 12.9735   (Y': 12.8063   Cb: 13.693    Cr: 12.9923 )
00000482: 13.091    (Y': 12.9139   Cb: 13.797    Cr: 13.1626 )
00000483: 13.0586   (Y': 12.8747   Cb: 13.7559   Cr: 13.1671 )
00000484: 13.0323   (Y': 12.84     Cb: 13.8096   Cr: 13.1076 )
00000485: 13.0698   (Y': 12.9013   Cb: 13.8026   Cr: 13.0831 )
00000486: 13.0761   (Y': 12.904    Cb: 13.768    Cr: 13.1393 )
00000487: 13.1101   (Y': 12.9241   Cb: 13.869    Cr: 13.1745 )
00000488: 13.0659   (Y': 12.8604   Cb: 13.878    Cr: 13.1681 )
00000489: 13.0291   (Y': 12.7963   Cb: 13.9122   Cr: 13.1899 )
00000490: 13.0129   (Y': 12.7411   Cb: 14.0211   Cr: 13.2409 )
00000491: 13.0066   (Y': 12.7386   Cb: 13.9617   Cr: 13.262  )
00000492: 13.005    (Y': 12.7592   Cb: 13.9204   Cr: 13.1954 )
00000493: 13.0658   (Y': 12.8137   Cb: 13.9895   Cr: 13.2769 )
00000494: 13.1035   (Y': 12.8711   Cb: 13.9614   Cr: 13.284  )
00000495: 13.1099   (Y': 12.9032   Cb: 13.9463   Cr: 13.1963 )
00000496: 12.8859   (Y': 12.6552   Cb: 13.7917   Cr: 13.018  )
00000497: 13.904    (Y': 13.8232   Cb: 14.3966   Cr: 13.7665 )
00000498: 13.989    (Y': 13.9015   Cb: 14.5325   Cr: 13.8347 )
00000499: 13.9036   (Y': 13.8087   Cb: 14.4934   Cr: 13.739  )
00000500: 13.4864   (Y': 13.3021   Cb: 14.2618   Cr: 13.5294 )
00000501: 13.2411   (Y': 12.8803   Cb: 14.421    Cr: 13.7408 )
00000502: 13.3268   (Y': 13.0145   Cb: 14.3668   Cr: 13.7137 )
00000503: 13.3887   (Y': 13.1005   Cb: 14.3455   Cr: 13.7353 )
00000504: 12.9418   (Y': 12.7483   Cb: 13.6243   Cr: 13.1048 )
00000505: 12.924    (Y': 12.7412   Cb: 13.6007   Cr: 13.0458 )
00000506: 13.0578   (Y': 12.9214   Cb: 13.6464   Cr: 13.0616 )
00000507: 12.8999   (Y': 12.7651   Cb: 13.4115   Cr: 12.9654 )
00000508: 12.8662   (Y': 12.7347   Cb: 13.4131   Cr: 12.8866 )
00000509: 12.9078   (Y': 12.8068   Cb: 13.3153   Cr: 12.928  )
00000510: 12.9021   (Y': 12.8008   Cb: 13.3527   Cr: 12.8839 )
00000511: 12.8202   (Y': 12.7313   Cb: 13.1704   Cr: 12.8434 )
00000512: 12.8794   (Y': 12.7882   Cb: 13.2924   Cr: 12.8546 )
00000513: 13.9529   (Y': 14.0297   Cb: 14.0135   Cr: 13.6027 )
00000514: 14.2823   (Y': 14.349    Cb: 14.3668   Cr: 13.9471 )
00000515: 14.351    (Y': 14.4291   Cb: 14.3656   Cr: 14.0385 )
00000516: 13.6731   (Y': 13.7108   Cb: 13.7803   Cr: 13.4242 )
00000517: 13.5274   (Y': 13.5532   Cb: 13.6936   Cr: 13.2692 )
00000518: 13.3411   (Y': 13.3478   Cb: 13.556    Cr: 13.1109 )
00000519: 13.1988   (Y': 13.1774   Cb: 13.4865   Cr: 13.0104 )
00000520: 13.2468   (Y': 13.2482   Cb: 13.4403   Cr: 13.0563 )
00000521: 12.8212   (Y': 12.7257   Cb: 13.2608   Cr: 12.7893 )
00000522: 12.8104   (Y': 12.7154   Cb: 13.223    Cr: 12.8011 )
00000523: 12.7993   (Y': 12.6713   Cb: 13.2815   Cr: 12.8628 )
00000524: 12.8004   (Y': 12.6851   Cb: 13.2624   Cr: 12.8295 )
00000525: 12.8043   (Y': 12.6832   Cb: 13.2442   Cr: 12.8779 )
00000527: 12.7742   (Y': 12.6595   Cb: 13.2738   Cr: 12.7669 )
00000526: 12.7709   (Y': 12.6553   Cb: 13.2351   Cr: 12.7994 )
00000528: 12.8337   (Y': 12.7419   Cb: 13.2185   Cr: 12.8365 )
00000529: 12.7561   (Y': 12.6117   Cb: 13.2994   Cr: 12.8339 )
00000530: 12.8195   (Y': 12.701    Cb: 13.3152   Cr: 12.832  )
00000531: 12.8108   (Y': 12.6994   Cb: 13.24     Cr: 12.8538 )
00000532: 12.8052   (Y': 12.6949   Cb: 13.2917   Cr: 12.7918 )
00000533: 12.7709   (Y': 12.6472   Cb: 13.2517   Cr: 12.818  )
00000534: 12.7992   (Y': 12.6974   Cb: 13.1969   Cr: 12.8311 )
00000535: 12.7843   (Y': 12.6594   Cb: 13.2979   Cr: 12.8069 )
00000536: 12.7799   (Y': 12.6561   Cb: 13.2473   Cr: 12.8396 )
00000537: 12.8193   (Y': 12.7068   Cb: 13.2969   Cr: 12.8231 )
00000538: 12.769    (Y': 12.662    Cb: 13.2237   Cr: 12.7707 )
00000539: 12.7838   (Y': 12.6578   Cb: 13.2483   Cr: 12.855  )
00000540: 12.7712   (Y': 12.6485   Cb: 13.2759   Cr: 12.7927 )
00000541: 12.7726   (Y': 12.6515   Cb: 13.2532   Cr: 12.8089 )
00000542: 12.7597   (Y': 12.6405   Cb: 13.2435   Cr: 12.7858 )
00000543: 12.822    (Y': 12.7223   Cb: 13.2224   Cr: 12.843  )
00000545: 12.814    (Y': 12.699    Cb: 13.2421   Cr: 12.873  )
00000544: 12.7942   (Y': 12.6871   Cb: 13.2623   Cr: 12.7841 )
00000546: 12.7582   (Y': 12.6456   Cb: 13.1461   Cr: 12.8445 )
00000547: 12.7897   (Y': 12.6773   Cb: 13.2202   Cr: 12.8356 )
00000548: 12.8016   (Y': 12.6866   Cb: 13.2255   Cr: 12.8646 )
00000549: 12.7701   (Y': 12.6498   Cb: 13.2263   Cr: 12.8253 )
00000551: 12.7907   (Y': 12.6857   Cb: 13.2286   Cr: 12.7993 )
00000550: 12.7857   (Y': 12.679    Cb: 13.2246   Cr: 12.8003 )
00000553: 12.7884   (Y': 12.6528   Cb: 13.2552   Cr: 12.8979 )
00000552: 12.8001   (Y': 12.6989   Cb: 13.2121   Cr: 12.8166 )
00000554: 12.7965   (Y': 12.7149   Cb: 13.2158   Cr: 12.7267 )
00000555: 12.8291   (Y': 12.7153   Cb: 13.3087   Cr: 12.8363 )
00000556: 12.8154   (Y': 12.7304   Cb: 13.1837   Cr: 12.8055 )
00000557: 12.8708   (Y': 12.7758   Cb: 13.2379   Cr: 12.903  )
00000558: 12.8455   (Y': 12.7276   Cb: 13.2846   Cr: 12.9063 )
00000559: 12.8398   (Y': 12.7279   Cb: 13.2772   Cr: 12.8773 )
00000560: 12.9586   (Y': 12.8658   Cb: 13.3336   Cr: 12.9743 )
00000561: 12.9639   (Y': 12.8571   Cb: 13.4046   Cr: 12.9778 )
00000562: 13.0312   (Y': 12.9397   Cb: 13.4592   Cr: 12.9938 )
00000563: 13.0286   (Y': 12.9515   Cb: 13.4143   Cr: 12.9714 )
00000564: 12.9025   (Y': 12.7699   Cb: 13.4239   Cr: 12.95   )
00000565: 12.8975   (Y': 12.7659   Cb: 13.4121   Cr: 12.9471 )
00000566: 12.7872   (Y': 12.6148   Cb: 13.4105   Cr: 12.9118 )
00000567: 12.7952   (Y': 12.6201   Cb: 13.4121   Cr: 12.937  )
00000568: 12.8413   (Y': 12.6973   Cb: 13.4135   Cr: 12.8911 )
00000569: 12.8919   (Y': 12.7548   Cb: 13.4505   Cr: 12.9251 )
00000570: 12.9008   (Y': 12.7869   Cb: 13.3822   Cr: 12.9065 )
00000572: 12.914    (Y': 12.7999   Cb: 13.389    Cr: 12.9266 )
00000571: 12.8816   (Y': 12.7634   Cb: 13.406    Cr: 12.8665 )
00000573: 13.0029   (Y': 12.8885   Cb: 13.4769   Cr: 13.0175 )
00000575: 12.9166   (Y': 12.8302   Cb: 13.2438   Cr: 12.951  )
00000574: 13.0308   (Y': 12.9504   Cb: 13.4127   Cr: 12.9904 )
00000576: 12.923    (Y': 12.8472   Cb: 13.2827   Cr: 12.884  )
00000577: 12.8883   (Y': 12.7976   Cb: 13.2671   Cr: 12.8924 )
00000578: 12.8423   (Y': 12.7459   Cb: 13.2531   Cr: 12.8404 )
00000579: 12.8626   (Y': 12.7871   Cb: 13.2245   Cr: 12.8205 )
00000580: 12.8187   (Y': 12.708    Cb: 13.2257   Cr: 12.8794 )
00000581: 12.7951   (Y': 12.702    Cb: 13.2216   Cr: 12.7651 )
00000582: 12.7743   (Y': 12.6761   Cb: 13.1973   Cr: 12.7682 )
00000583: 12.7605   (Y': 12.6684   Cb: 13.1661   Cr: 12.7456 )
00000584: 12.7608   (Y': 12.6614   Cb: 13.2081   Cr: 12.7376 )
00000586: 12.7965   (Y': 12.6872   Cb: 13.241    Cr: 12.8172 )
00000585: 12.7763   (Y': 12.6732   Cb: 13.2032   Cr: 12.7868 )
00000588: 12.7943   (Y': 12.6852   Cb: 13.2346   Cr: 12.8178 )
00000587: 12.7949   (Y': 12.6812   Cb: 13.2396   Cr: 12.8336 )
00000589: 12.7681   (Y': 12.6401   Cb: 13.2444   Cr: 12.8368 )
00000590: 12.8314   (Y': 12.7346   Cb: 13.2265   Cr: 12.8452 )
00000591: 12.8394   (Y': 12.7493   Cb: 13.2334   Cr: 12.8265 )
00000593: 12.8078   (Y': 12.7139   Cb: 13.1725   Cr: 12.8378 )
00000592: 12.8091   (Y': 12.7276   Cb: 13.1677   Cr: 12.7939 )
00000594: 12.7783   (Y': 12.6882   Cb: 13.1      Cr: 12.833  )
00000595: 12.7751   (Y': 12.6626   Cb: 13.1948   Cr: 12.8316 )
00000596: 12.8167   (Y': 12.7173   Cb: 13.2174   Cr: 12.8359 )
00000597: 12.781    (Y': 12.6902   Cb: 13.1673   Cr: 12.7787 )
00000598: 12.7935   (Y': 12.6997   Cb: 13.1887   Cr: 12.7948 )
00000599: 12.8333   (Y': 12.7473   Cb: 13.1965   Cr: 12.8323 )
00000602: 12.7081   (Y': 12.5993   Cb: 13.119    Cr: 12.7571 )
00000600: 12.7659   (Y': 12.6688   Cb: 13.1331   Cr: 12.8064 )
00000601: 12.7465   (Y': 12.6534   Cb: 13.1068   Cr: 12.7775 )
00000604: 12.7618   (Y': 12.6834   Cb: 13.0664   Cr: 12.7845 )
00000603: 12.7333   (Y': 12.6476   Cb: 13.1139   Cr: 12.7155 )
00000605: 12.7625   (Y': 12.6737   Cb: 13.1258   Cr: 12.7728 )
00000606: 12.8232   (Y': 12.7287   Cb: 13.2018   Cr: 12.8432 )
00000607: 12.7903   (Y': 12.7088   Cb: 13.1674   Cr: 12.7584 )
00000608: 12.7429   (Y': 12.6287   Cb: 13.1603   Cr: 12.8082 )
00000610: 12.6788   (Y': 12.5477   Cb: 13.1758   Cr: 12.7422 )
00000609: 12.7279   (Y': 12.6138   Cb: 13.1401   Cr: 12.7979 )
00000611: 12.7487   (Y': 12.6559   Cb: 13.148    Cr: 12.7423 )
00000612: 12.8082   (Y': 12.7164   Cb: 13.2012   Cr: 12.8037 )
00000613: 12.8115   (Y': 12.7414   Cb: 13.1166   Cr: 12.7996 )
00000614: 12.8328   (Y': 12.774    Cb: 13.1466   Cr: 12.7675 )
00000615: 12.832    (Y': 12.7545   Cb: 13.1461   Cr: 12.8418 )
00000616: 12.8273   (Y': 12.7195   Cb: 13.2382   Cr: 12.872  )
00000617: 12.7784   (Y': 12.6466   Cb: 13.2604   Cr: 12.8581 )
00000618: 12.7359   (Y': 12.6218   Cb: 13.154    Cr: 12.8004 )
00000619: 12.7608   (Y': 12.6457   Cb: 13.1599   Cr: 12.847  )
00000620: 12.7219   (Y': 12.5805   Cb: 13.2102   Cr: 12.8363 )
00000621: 12.8041   (Y': 12.6859   Cb: 13.2535   Cr: 12.8566 )
00000622: 12.8132   (Y': 12.707    Cb: 13.1835   Cr: 12.8885 )
00000623: 12.7367   (Y': 12.6042   Cb: 13.1759   Cr: 12.8586 )
00000624: 12.7113   (Y': 12.5718   Cb: 13.1634   Cr: 12.8508 )
00000626: 12.6953   (Y': 12.5642   Cb: 13.1556   Cr: 12.7919 )
00000625: 12.6986   (Y': 12.5404   Cb: 13.2188   Cr: 12.8561 )
00000627: 12.7316   (Y': 12.5936   Cb: 13.2136   Cr: 12.8375 )
00000628: 12.6967   (Y': 12.5322   Cb: 13.2138   Cr: 12.8833 )
00000629: 12.7534   (Y': 12.6309   Cb: 13.1578   Cr: 12.8656 )
00000630: 12.7618   (Y': 12.6385   Cb: 13.1854   Cr: 12.8597 )
00000631: 12.7851   (Y': 12.6829   Cb: 13.2034   Cr: 12.7998 )
00000632: 12.8027   (Y': 12.7057   Cb: 13.2014   Cr: 12.8138 )
00000633: 12.7918   (Y': 12.7002   Cb: 13.1741   Cr: 12.796  )
00000634: 12.8021   (Y': 12.6962   Cb: 13.1994   Cr: 12.8513 )
00000635: 12.8021   (Y': 12.7224   Cb: 13.193    Cr: 12.7507 )
00000636: 12.799    (Y': 12.7074   Cb: 13.168    Cr: 12.8159 )
00000637: 12.7901   (Y': 12.7058   Cb: 13.1357   Cr: 12.798  )
00000638: 12.8058   (Y': 12.72     Cb: 13.1461   Cr: 12.8253 )
00000639: 12.7594   (Y': 12.6481   Cb: 13.197    Cr: 12.794  )
00000640: 12.7571   (Y': 12.6475   Cb: 13.1706   Cr: 12.8072 )
00000642: 12.7187   (Y': 12.5995   Cb: 13.1014   Cr: 12.8376 )
00000641: 12.7818   (Y': 12.6883   Cb: 13.1246   Cr: 12.8306 )
00000643: 12.812    (Y': 12.725    Cb: 13.1825   Cr: 12.8085 )
00000644: 12.7457   (Y': 12.6434   Cb: 13.0967   Cr: 12.8234 )
00000645: 12.7318   (Y': 12.6246   Cb: 13.1265   Cr: 12.7895 )
00000646: 12.738    (Y': 12.627    Cb: 13.1337   Cr: 12.8105 )
00000647: 12.759    (Y': 12.6359   Cb: 13.1817   Cr: 12.8567 )
00000650: 12.728    (Y': 12.6237   Cb: 13.1319   Cr: 12.7649 )
00000648: 12.7733   (Y': 12.6835   Cb: 13.1431   Cr: 12.7819 )
00000649: 12.7998   (Y': 12.7189   Cb: 13.1314   Cr: 12.8075 )
00000651: 12.7191   (Y': 12.6214   Cb: 13.0733   Cr: 12.7749 )
00000652: 12.6642   (Y': 12.5235   Cb: 13.1185   Cr: 12.8072 )
00000653: 12.7165   (Y': 12.5938   Cb: 13.1608   Cr: 12.7928 )
00000654: 12.7414   (Y': 12.6319   Cb: 13.1523   Cr: 12.7937 )
00000655: 12.7685   (Y': 12.6768   Cb: 13.1427   Cr: 12.7807 )
00000656: 12.7684   (Y': 12.6716   Cb: 13.1374   Cr: 12.8063 )
00000657: 12.7655   (Y': 12.6689   Cb: 13.1651   Cr: 12.7744 )
00000658: 12.736    (Y': 12.6213   Cb: 13.1232   Cr: 12.832  )
00000659: 12.7768   (Y': 12.6814   Cb: 13.1325   Cr: 12.8211 )
00000660: 12.7533   (Y': 12.661    Cb: 13.0983   Cr: 12.7948 )
00000661: 12.7675   (Y': 12.6793   Cb: 13.0662   Cr: 12.8355 )
00000662: 12.7572   (Y': 12.6545   Cb: 13.1575   Cr: 12.7902 )
00000663: 12.8008   (Y': 12.7213   Cb: 13.1456   Cr: 12.7904 )
00000664: 12.7856   (Y': 12.6935   Cb: 13.1286   Cr: 12.8286 )
00000665: 12.7189   (Y': 12.6316   Cb: 13.0306   Cr: 12.7708 )
00000666: 12.7393   (Y': 12.6295   Cb: 13.1675   Cr: 12.7761 )
00000668: 12.7655   (Y': 12.6525   Cb: 13.1849   Cr: 12.8239 )
00000669: 12.805    (Y': 12.7025   Cb: 13.1661   Cr: 12.8742 )
00000667: 12.8057   (Y': 12.7152   Cb: 13.1543   Cr: 12.8367 )
00000670: 12.737    (Y': 12.6435   Cb: 13.0958   Cr: 12.7709 )
00000671: 12.7501   (Y': 12.6505   Cb: 13.1448   Cr: 12.7759 )
00000672: 12.7874   (Y': 12.7039   Cb: 13.1237   Cr: 12.8009 )
00000673: 12.7586   (Y': 12.6409   Cb: 13.2418   Cr: 12.7786 )
00000674: 12.7599   (Y': 12.6779   Cb: 13.0916   Cr: 12.7713 )
00000676: 12.7631   (Y': 12.6673   Cb: 13.1416   Cr: 12.7884 )
00000675: 12.7564   (Y': 12.6655   Cb: 13.1281   Cr: 12.7677 )
00000677: 12.7939   (Y': 12.672    Cb: 13.2523   Cr: 12.854  )
00000678: 12.8293   (Y': 12.704    Cb: 13.3194   Cr: 12.8746 )
00000679: 12.8162   (Y': 12.6718   Cb: 13.3076   Cr: 12.9404 )
00000680: 12.8429   (Y': 12.7141   Cb: 13.3645   Cr: 12.874  )
00000681: 12.8478   (Y': 12.7001   Cb: 13.3655   Cr: 12.962  )
00000682: 12.8386   (Y': 12.6788   Cb: 13.4361   Cr: 12.9323 )
00000683: 12.8294   (Y': 12.6797   Cb: 13.4382   Cr: 12.8706 )
00000684: 12.8403   (Y': 12.6984   Cb: 13.4826   Cr: 12.8205 )
00000685: 12.824    (Y': 12.6967   Cb: 13.4139   Cr: 12.7888 )
00000686: 12.8364   (Y': 12.7256   Cb: 13.4194   Cr: 12.7407 )
00000687: 12.8039   (Y': 12.6578   Cb: 13.4309   Cr: 12.8143 )
00000688: 12.8163   (Y': 12.662    Cb: 13.4777   Cr: 12.831  )
00000689: 12.822    (Y': 12.6883   Cb: 13.4482   Cr: 12.7821 )
00000690: 12.8604   (Y': 12.7249   Cb: 13.4937   Cr: 12.8222 )
00000692: 12.844    (Y': 12.7146   Cb: 13.442    Cr: 12.811  )
00000691: 12.8327   (Y': 12.7019   Cb: 13.4255   Cr: 12.8099 )
00000693: 12.9036   (Y': 12.7828   Cb: 13.4958   Cr: 12.8407 )
00000694: 12.8997   (Y': 12.7608   Cb: 13.5324   Cr: 12.8759 )
00000695: 12.9459   (Y': 12.8612   Cb: 13.4963   Cr: 12.7746 )
00000696: 12.9683   (Y': 12.8515   Cb: 13.5418   Cr: 12.9053 )
00000697: 12.9222   (Y': 12.7737   Cb: 13.5841   Cr: 12.9123 )
00000698: 12.9368   (Y': 12.8139   Cb: 13.5684   Cr: 12.8486 )
00000699: 12.9071   (Y': 12.7421   Cb: 13.6278   Cr: 12.9159 )
00000700: 12.9135   (Y': 12.767    Cb: 13.5526   Cr: 12.9152 )
00000701: 12.8944   (Y': 12.7279   Cb: 13.5977   Cr: 12.924  )
00000702: 12.902    (Y': 12.741    Cb: 13.5939   Cr: 12.9183 )
00000703: 12.8954   (Y': 12.725    Cb: 13.5346   Cr: 12.9974 )
00000704: 12.8547   (Y': 12.6675   Cb: 13.6081   Cr: 12.9288 )
00000705: 12.8379   (Y': 12.6417   Cb: 13.5939   Cr: 12.9486 )
00000706: 12.8197   (Y': 12.6013   Cb: 13.6407   Cr: 12.9704 )
00000707: 12.8174   (Y': 12.597    Cb: 13.6455   Cr: 12.9703 )
00000709: 12.7925   (Y': 12.588    Cb: 13.594    Cr: 12.8998 )
00000708: 12.7896   (Y': 12.5731   Cb: 13.5922   Cr: 12.9476 )
00000710: 12.811    (Y': 12.5868   Cb: 13.6337   Cr: 12.9854 )
00000711: 12.8447   (Y': 12.6489   Cb: 13.6374   Cr: 12.9218 )
00000712: 12.8158   (Y': 12.5927   Cb: 13.6348   Cr: 12.9888 )
00000713: 12.8219   (Y': 12.6098   Cb: 13.5953   Cr: 12.9858 )
00000714: 12.8096   (Y': 12.5974   Cb: 13.6278   Cr: 12.9353 )
00000715: 12.831    (Y': 12.6159   Cb: 13.6304   Cr: 12.9853 )
00000717: 12.8164   (Y': 12.5863   Cb: 13.6576   Cr: 13.0006 )
00000716: 12.7787   (Y': 12.5518   Cb: 13.6242   Cr: 12.9452 )
00000718: 12.7964   (Y': 12.5788   Cb: 13.6129   Cr: 12.9475 )
00000719: 12.8119   (Y': 12.5887   Cb: 13.6112   Cr: 13.0023 )
00000720: 12.8133   (Y': 12.607    Cb: 13.5565   Cr: 12.9788 )
00000721: 12.7909   (Y': 12.5664   Cb: 13.6337   Cr: 12.9494 )
00000722: 12.7985   (Y': 12.5921   Cb: 13.513    Cr: 12.9895 )
00000723: 12.7836   (Y': 12.5646   Cb: 13.5462   Cr: 12.9876 )
00000724: 12.8226   (Y': 12.6368   Cb: 13.4933   Cr: 12.963  )
00000725: 12.7772   (Y': 12.566    Cb: 13.5204   Cr: 12.9643 )
00000726: 12.8305   (Y': 12.6339   Cb: 13.549    Cr: 12.9753 )
00000727: 12.829    (Y': 12.6325   Cb: 13.5072   Cr: 13.0089 )
00000728: 12.8363   (Y': 12.6489   Cb: 13.5236   Cr: 12.9687 )
00000729: 12.9195   (Y': 12.7651   Cb: 13.5958   Cr: 12.9222 )
00000730: 12.8599   (Y': 12.6921   Cb: 13.6041   Cr: 12.8602 )
00000731: 12.9025   (Y': 12.7262   Cb: 13.5331   Cr: 13.0375 )
00000732: 12.8952   (Y': 12.738    Cb: 13.5655   Cr: 12.9148 )
00000733: 12.9691   (Y': 12.8101   Cb: 13.6582   Cr: 12.98   )
00000734: 12.9093   (Y': 12.7457   Cb: 13.6388   Cr: 12.9043 )
00000735: 12.87     (Y': 12.7264   Cb: 13.5032   Cr: 12.8649 )
00000736: 12.8856   (Y': 12.7077   Cb: 13.5884   Cr: 12.9641 )
00000737: 12.8438   (Y': 12.6811   Cb: 13.5188   Cr: 12.8821 )
00000738: 12.8385   (Y': 12.6738   Cb: 13.5109   Cr: 12.8875 )
00000739: 12.8311   (Y': 12.6759   Cb: 13.5131   Cr: 12.8319 )
00000742: 12.7767   (Y': 12.5793   Cb: 13.6089   Cr: 12.8277 )
00000741: 12.8119   (Y': 12.6184   Cb: 13.5914   Cr: 12.8907 )
00000740: 12.7747   (Y': 12.6029   Cb: 13.4733   Cr: 12.8306 )
00000743: 12.8213   (Y': 12.6412   Cb: 13.5438   Cr: 12.8916 )
00000744: 12.8135   (Y': 12.638    Cb: 13.5417   Cr: 12.8597 )
00000745: 12.8399   (Y': 12.6665   Cb: 13.5534   Cr: 12.8901 )
00000746: 12.8077   (Y': 12.6385   Cb: 13.5005   Cr: 12.8577 )
00000747: 12.7798   (Y': 12.5921   Cb: 13.4821   Cr: 12.9    )
00000748: 12.8327   (Y': 12.6572   Cb: 13.5787   Cr: 12.8639 )
00000749: 12.8972   (Y': 12.7673   Cb: 13.5425   Cr: 12.8256 )
00000750: 12.8541   (Y': 12.7092   Cb: 13.5472   Cr: 12.8032 )
00000751: 12.8147   (Y': 12.6801   Cb: 13.4522   Cr: 12.7687 )
00000752: 12.8442   (Y': 12.7101   Cb: 13.4769   Cr: 12.8003 )
00000753: 12.816    (Y': 12.6847   Cb: 13.4273   Cr: 12.7791 )
00000754: 12.8556   (Y': 12.7055   Cb: 13.5044   Cr: 12.8638 )
00000755: 12.8558   (Y': 12.7173   Cb: 13.5134   Cr: 12.8088 )
00000756: 12.847    (Y': 12.7171   Cb: 13.4763   Cr: 12.7889 )
00000757: 12.8548   (Y': 12.7252   Cb: 13.4826   Cr: 12.7968 )
00000758: 12.7829   (Y': 12.6405   Cb: 13.4432   Cr: 12.7494 )
00000759: 12.8431   (Y': 12.6961   Cb: 13.5307   Cr: 12.8054 )
00000760: 12.8335   (Y': 12.6846   Cb: 13.4899   Cr: 12.8302 )
00000761: 12.7991   (Y': 12.6714   Cb: 13.4009   Cr: 12.7558 )
00000762: 12.8306   (Y': 12.6966   Cb: 13.4148   Cr: 12.8282 )
00000763: 12.837    (Y': 12.6977   Cb: 13.4963   Cr: 12.7914 )
00000764: 12.8075   (Y': 12.6652   Cb: 13.481    Cr: 12.7622 )
00000765: 12.8195   (Y': 12.6792   Cb: 13.4585   Cr: 12.7959 )
00000766: 12.8272   (Y': 12.6879   Cb: 13.4725   Cr: 12.7938 )
00000767: 12.8515   (Y': 12.7307   Cb: 13.41     Cr: 12.8179 )
00000768: 12.8461   (Y': 12.7103   Cb: 13.451    Cr: 12.8336 )
00000769: 12.8326   (Y': 12.6939   Cb: 13.476    Cr: 12.7985 )
00000770: 12.8203   (Y': 12.6715   Cb: 13.4785   Cr: 12.815  )
00000771: 12.8342   (Y': 12.6843   Cb: 13.4714   Cr: 12.8515 )
00000772: 12.8261   (Y': 12.6588   Cb: 13.5041   Cr: 12.8811 )
00000773: 12.8309   (Y': 12.6753   Cb: 13.5105   Cr: 12.8353 )
00000774: 12.806    (Y': 12.667    Cb: 13.4261   Cr: 12.7931 )
00000775: 12.8115   (Y': 12.6693   Cb: 13.4495   Cr: 12.7964 )
00000776: 12.8557   (Y': 12.7164   Cb: 13.4663   Cr: 12.8526 )
00000777: 12.8583   (Y': 12.7197   Cb: 13.4949   Cr: 12.8295 )
00000778: 12.8051   (Y': 12.6591   Cb: 13.4315   Cr: 12.8159 )
00000779: 12.8429   (Y': 12.6877   Cb: 13.52     Cr: 12.8483 )
00000780: 12.8456   (Y': 12.6968   Cb: 13.5172   Cr: 12.8287 )
00000781: 12.8472   (Y': 12.7007   Cb: 13.4797   Cr: 12.8547 )
00000782: 12.8478   (Y': 12.7173   Cb: 13.4146   Cr: 12.8463 )
00000783: 12.8684   (Y': 12.7479   Cb: 13.4897   Cr: 12.7791 )
00000784: 12.8458   (Y': 12.7113   Cb: 13.4491   Cr: 12.8293 )
00000785: 12.8038   (Y': 12.6433   Cb: 13.4715   Cr: 12.839  )
00000786: 12.8122   (Y': 12.6621   Cb: 13.4415   Cr: 12.8375 )
00000787: 12.7934   (Y': 12.6371   Cb: 13.4533   Cr: 12.818  )
00000788: 12.8042   (Y': 12.6584   Cb: 13.4647   Cr: 12.7848 )
00000789: 12.8404   (Y': 12.6998   Cb: 13.49     Cr: 12.8087 )
00000790: 12.8564   (Y': 12.714    Cb: 13.4578   Cr: 12.8738 )
00000791: 12.8362   (Y': 12.6841   Cb: 13.4923   Cr: 12.8466 )
00000792: 12.8634   (Y': 12.7237   Cb: 13.4919   Cr: 12.8464 )
00000793: 12.8471   (Y': 12.7032   Cb: 13.4915   Cr: 12.8336 )
00000794: 12.845    (Y': 12.7044   Cb: 13.4318   Cr: 12.8679 )
00000795: 12.85     (Y': 12.7272   Cb: 13.458    Cr: 12.7814 )
00000796: 12.8415   (Y': 12.7011   Cb: 13.46     Cr: 12.8358 )
00000797: 12.8388   (Y': 12.6872   Cb: 13.5002   Cr: 12.8426 )
00000798: 12.8353   (Y': 12.6928   Cb: 13.4563   Cr: 12.8358 )
00000799: 12.8324   (Y': 12.6941   Cb: 13.4607   Cr: 12.8093 )
00000800: 12.794    (Y': 12.6317   Cb: 13.4715   Cr: 12.8285 )
00000801: 12.8396   (Y': 12.7022   Cb: 13.4222   Cr: 12.8532 )
00000802: 12.8195   (Y': 12.6549   Cb: 13.4834   Cr: 12.8751 )
00000803: 12.8282   (Y': 12.6829   Cb: 13.4652   Cr: 12.8264 )
00000804: 12.8282   (Y': 12.659    Cb: 13.5025   Cr: 12.8941 )
00000805: 12.8413   (Y': 12.6983   Cb: 13.4796   Cr: 12.8288 )
00000806: 12.8313   (Y': 12.6841   Cb: 13.447    Cr: 12.856  )
00000807: 12.8382   (Y': 12.6761   Cb: 13.5154   Cr: 12.8723 )
00000808: 12.8174   (Y': 12.6665   Cb: 13.4251   Cr: 12.8648 )
00000809: 12.8223   (Y': 12.6651   Cb: 13.4651   Cr: 12.8656 )
00000810: 12.8353   (Y': 12.6841   Cb: 13.4771   Cr: 12.8542 )
00000811: 12.8353   (Y': 12.6976   Cb: 13.4529   Cr: 12.8188 )
00000812: 12.8232   (Y': 12.6665   Cb: 13.4835   Cr: 12.8493 )
00000813: 12.8643   (Y': 12.7211   Cb: 13.4941   Cr: 12.8607 )
00000814: 12.8392   (Y': 12.6961   Cb: 13.4794   Cr: 12.8261 )
00000815: 12.8355   (Y': 12.6918   Cb: 13.4949   Cr: 12.8084 )
00000816: 12.8177   (Y': 12.6819   Cb: 13.3916   Cr: 12.8322 )
00000817: 12.8388   (Y': 12.6872   Cb: 13.4576   Cr: 12.8794 )
00000818: 12.8639   (Y': 12.7237   Cb: 13.4599   Cr: 12.8771 )
00000819: 12.8471   (Y': 12.7063   Cb: 13.4846   Cr: 12.8267 )
00000821: 12.8625   (Y': 12.7274   Cb: 13.4367   Cr: 12.8734 )
00000820: 12.8153   (Y': 12.6564   Cb: 13.476    Cr: 12.8502 )
00000822: 12.8322   (Y': 12.6879   Cb: 13.4541   Cr: 12.8399 )
00000823: 12.8112   (Y': 12.6542   Cb: 13.4754   Cr: 12.835  )
00000824: 12.8711   (Y': 12.7499   Cb: 13.4494   Cr: 12.8213 )
00000825: 12.8366   (Y': 12.6882   Cb: 13.4484   Cr: 12.8695 )
00000826: 12.8322   (Y': 12.6955   Cb: 13.43     Cr: 12.8291 )
00000827: 12.848    (Y': 12.7035   Cb: 13.4658   Cr: 12.86   )
00000828: 12.876    (Y': 12.728    Cb: 13.5437   Cr: 12.8594 )
00000829: 12.8161   (Y': 12.6544   Cb: 13.4815   Cr: 12.8586 )
00000830: 12.8351   (Y': 12.6889   Cb: 13.5116   Cr: 12.8035 )
00000831: 12.8725   (Y': 12.7218   Cb: 13.5009   Cr: 12.9005 )
00000832: 12.8061   (Y': 12.6557   Cb: 13.4605   Cr: 12.8108 )
00000833: 12.8234   (Y': 12.682    Cb: 13.4386   Cr: 12.8246 )
00000834: 12.8546   (Y': 12.699    Cb: 13.4877   Cr: 12.8993 )
00000835: 12.8393   (Y': 12.6914   Cb: 13.4771   Cr: 12.848  )
00000836: 12.8036   (Y': 12.6499   Cb: 13.4395   Cr: 12.8382 )
00000837: 12.8346   (Y': 12.679    Cb: 13.4774   Cr: 12.8708 )
00000838: 12.8059   (Y': 12.6471   Cb: 13.4404   Cr: 12.8631 )
00000839: 12.8452   (Y': 12.6885   Cb: 13.5056   Cr: 12.871  )
00000840: 12.8188   (Y': 12.6612   Cb: 13.4764   Cr: 12.8504 )
00000841: 12.8221   (Y': 12.6689   Cb: 13.4857   Cr: 12.8304 )
00000842: 12.8191   (Y': 12.6624   Cb: 13.5031   Cr: 12.8248 )
00000843: 12.8258   (Y': 12.672    Cb: 13.4502   Cr: 12.8708 )
00000844: 12.8418   (Y': 12.6976   Cb: 13.4375   Cr: 12.8717 )
00000845: 12.8379   (Y': 12.6852   Cb: 13.5331   Cr: 12.817  )
00000846: 12.8562   (Y': 12.7146   Cb: 13.5034   Cr: 12.8308 )
00000847: 12.82     (Y': 12.6546   Cb: 13.5013   Cr: 12.864  )
00000848: 12.8237   (Y': 12.6632   Cb: 13.4989   Cr: 12.8524 )
00000849: 12.8164   (Y': 12.6594   Cb: 13.4444   Cr: 12.8715 )
00000850: 12.8056   (Y': 12.6577   Cb: 13.3984   Cr: 12.854  )
00000851: 12.823    (Y': 12.6517   Cb: 13.5286   Cr: 12.8708 )
00000852: 12.8353   (Y': 12.6782   Cb: 13.4404   Cr: 12.9113 )
00000853: 12.832    (Y': 12.6717   Cb: 13.4846   Cr: 12.8792 )
00000854: 12.8102   (Y': 12.6408   Cb: 13.5036   Cr: 12.8607 )
00000855: 12.8426   (Y': 12.6955   Cb: 13.4613   Cr: 12.8644 )
00000856: 12.8405   (Y': 12.6745   Cb: 13.5142   Cr: 12.8936 )
00000857: 12.8356   (Y': 12.6762   Cb: 13.5014   Cr: 12.8677 )
00000858: 12.8197   (Y': 12.6717   Cb: 13.4759   Cr: 12.813  )
00000859: 12.8692   (Y': 12.7313   Cb: 13.4894   Cr: 12.8515 )
00000861: 12.8295   (Y': 12.6607   Cb: 13.5043   Cr: 12.8939 )
00000860: 12.8115   (Y': 12.6586   Cb: 13.457    Cr: 12.8342 )
00000862: 12.8101   (Y': 12.6533   Cb: 13.4707   Cr: 12.836  )
00000863: 12.9038   (Y': 12.7691   Cb: 13.5171   Cr: 12.8792 )
00000864: 12.9525   (Y': 12.8298   Cb: 13.5508   Cr: 12.8919 )
00000865: 12.9453   (Y': 12.8285   Cb: 13.4823   Cr: 12.9139 )
00000866: 12.868    (Y': 12.7739   Cb: 13.3962   Cr: 12.7531 )
00000867: 12.9288   (Y': 12.8125   Cb: 13.5098   Cr: 12.8568 )
00000868: 12.9239   (Y': 12.8086   Cb: 13.537    Cr: 12.8203 )
00000869: 12.8479   (Y': 12.7098   Cb: 13.446    Cr: 12.8508 )
00000870: 12.8696   (Y': 12.7429   Cb: 13.5199   Cr: 12.7808 )
00000871: 12.9153   (Y': 12.8015   Cb: 13.5001   Cr: 12.8304 )
00000872: 12.8719   (Y': 12.7458   Cb: 13.4684   Cr: 12.8266 )
00000873: 12.8752   (Y': 12.7565   Cb: 13.4339   Cr: 12.8324 )
00000874: 12.8953   (Y': 12.7723   Cb: 13.511    Cr: 12.8211 )
00000875: 12.8513   (Y': 12.6992   Cb: 13.4782   Cr: 12.887  )
00000876: 12.9154   (Y': 12.8015   Cb: 13.4924   Cr: 12.8379 )
00000877: 12.8474   (Y': 12.7233   Cb: 13.4267   Cr: 12.8092 )
00000878: 12.8635   (Y': 12.7652   Cb: 13.3156   Cr: 12.8318 )
00000879: 12.8565   (Y': 12.7313   Cb: 13.436    Cr: 12.8222 )
00000880: 12.8693   (Y': 12.7492   Cb: 13.468    Cr: 12.7978 )
00000881: 12.8973   (Y': 12.79     Cb: 13.4454   Cr: 12.8176 )
00000882: 12.8446   (Y': 12.7034   Cb: 13.4354   Cr: 12.8663 )
00000883: 12.8335   (Y': 12.7046   Cb: 13.3886   Cr: 12.8357 )
00000884: 12.8098   (Y': 12.67     Cb: 13.4205   Cr: 12.8082 )
00000885: 12.8411   (Y': 12.7187   Cb: 13.3954   Cr: 12.8173 )
00000886: 12.8555   (Y': 12.7484   Cb: 13.391    Cr: 12.7858 )
00000887: 12.8187   (Y': 12.6879   Cb: 13.4293   Cr: 12.7804 )
00000888: 12.8332   (Y': 12.6911   Cb: 13.4821   Cr: 12.8085 )
00000889: 12.8504   (Y': 12.712    Cb: 13.4724   Cr: 12.8332 )
00000890: 12.815    (Y': 12.6801   Cb: 13.4253   Cr: 12.7937 )
00000891: 12.8701   (Y': 12.7444   Cb: 13.4689   Cr: 12.8209 )
00000892: 12.8371   (Y': 12.713    Cb: 13.4252   Cr: 12.7905 )
00000893: 12.8259   (Y': 12.6904   Cb: 13.4378   Cr: 12.8055 )
00000895: 12.835    (Y': 12.7075   Cb: 13.4258   Cr: 12.8001 )
00000894: 12.7915   (Y': 12.6495   Cb: 13.4162   Cr: 12.7872 )
00000896: 12.843    (Y': 12.7073   Cb: 13.4666   Cr: 12.8137 )
00000897: 12.8298   (Y': 12.6965   Cb: 13.4605   Cr: 12.7846 )
00000898: 12.8381   (Y': 12.7187   Cb: 13.4315   Cr: 12.7684 )
00000899: 12.8229   (Y': 12.6998   Cb: 13.3958   Cr: 12.7858 )
00000901: 12.8038   (Y': 12.6619   Cb: 13.4272   Cr: 12.7997 )
00000900: 12.8379   (Y': 12.7004   Cb: 13.4581   Cr: 12.8188 )
00000902: 12.8057   (Y': 12.6488   Cb: 13.4704   Cr: 12.8286 )
00000903: 12.8487   (Y': 12.7282   Cb: 13.4744   Cr: 12.7558 )
00000904: 12.8208   (Y': 12.702    Cb: 13.4079   Cr: 12.7536 )
00000905: 12.8553   (Y': 12.7146   Cb: 13.4763   Cr: 12.849  )
00000906: 12.8814   (Y': 12.754    Cb: 13.4454   Cr: 12.87   )
00000907: 12.8562   (Y': 12.7469   Cb: 13.4201   Cr: 12.7712 )
00000908: 12.8237   (Y': 12.7122   Cb: 13.3758   Cr: 12.7579 )
00000909: 12.8174   (Y': 12.6942   Cb: 13.3851   Cr: 12.7851 )
00000910: 12.8651   (Y': 12.7611   Cb: 13.3901   Cr: 12.7924 )
00000911: 12.7942   (Y': 12.6794   Cb: 13.4043   Cr: 12.6913 )
00000912: 12.8492   (Y': 12.7462   Cb: 13.3759   Cr: 12.7712 )
00000913: 12.8127   (Y': 12.6715   Cb: 13.4322   Cr: 12.8097 )
00000914: 12.8299   (Y': 12.7102   Cb: 13.4009   Cr: 12.7804 )
00000915: 12.8153   (Y': 12.6966   Cb: 13.4223   Cr: 12.7313 )
00000917: 12.8155   (Y': 12.6869   Cb: 13.4146   Cr: 12.778  )
00000916: 12.8597   (Y': 12.7576   Cb: 13.4158   Cr: 12.7521 )
00000918: 12.8691   (Y': 12.7601   Cb: 13.4371   Cr: 12.7791 )
00000919: 12.8361   (Y': 12.7015   Cb: 13.4701   Cr: 12.7931 )
00000920: 12.833    (Y': 12.7106   Cb: 13.4079   Cr: 12.7912 )
00000921: 12.8756   (Y': 12.7477   Cb: 13.4943   Cr: 12.8189 )
00000922: 12.8438   (Y': 12.7087   Cb: 13.4643   Cr: 12.8146 )
00000923: 12.826    (Y': 12.7191   Cb: 13.3796   Cr: 12.7399 )
00000924: 12.8572   (Y': 12.7497   Cb: 13.4211   Cr: 12.7647 )
00000925: 12.8822   (Y': 12.8085   Cb: 13.3244   Cr: 12.761  )
00000927: 12.8865   (Y': 12.7929   Cb: 13.4017   Cr: 12.7808 )
00000926: 12.8252   (Y': 12.7228   Cb: 13.3847   Cr: 12.716  )
00000928: 12.901    (Y': 12.8055   Cb: 13.393    Cr: 12.823  )
00000929: 12.8981   (Y': 12.8029   Cb: 13.4086   Cr: 12.8024 )
00000930: 12.9219   (Y': 12.8044   Cb: 13.4691   Cr: 12.8843 )
00000931: 12.9625   (Y': 12.8601   Cb: 13.5312   Cr: 12.8455 )
00000933: 13.0094   (Y': 12.8759   Cb: 13.6046   Cr: 12.9957 )
00000932: 12.9907   (Y': 12.8779   Cb: 13.5606   Cr: 12.9142 )
00000934: 13.0427   (Y': 12.9405   Cb: 13.6093   Cr: 12.927  )
00000935: 13.0295   (Y': 12.8816   Cb: 13.6833   Cr: 13.0244 )
00000936: 13.0533   (Y': 12.9238   Cb: 13.6164   Cr: 13.051  )
00000937: 13.0145   (Y': 12.869    Cb: 13.683    Cr: 12.9866 )
00000938: 13.0589   (Y': 12.9105   Cb: 13.7216   Cr: 13.0481 )
00000939: 13.0741   (Y': 12.9084   Cb: 13.7633   Cr: 13.1124 )
00000941: 12.944    (Y': 12.764    Cb: 13.6564   Cr: 13.0228 )
00000940: 12.9062   (Y': 12.7287   Cb: 13.6452   Cr: 12.9513 )
00000942: 12.9226   (Y': 12.7385   Cb: 13.69     Cr: 12.9715 )
00000943: 13.0233   (Y': 12.8612   Cb: 13.6908   Cr: 13.0653 )
00000944: 13.015    (Y': 12.8596   Cb: 13.69     Cr: 13.0228 )
00000945: 13.0145   (Y': 12.8725   Cb: 13.6136   Cr: 13.0322 )
00000946: 12.9891   (Y': 12.8427   Cb: 13.6428   Cr: 12.9776 )
00000947: 12.9678   (Y': 12.8252   Cb: 13.5663   Cr: 12.9888 )
00000949: 12.9614   (Y': 12.8226   Cb: 13.541    Cr: 12.983  )
00000948: 12.9582   (Y': 12.7943   Cb: 13.6414   Cr: 12.9944 )
00000950: 12.9564   (Y': 12.7894   Cb: 13.5951   Cr: 13.0443 )
00000951: 12.9639   (Y': 12.8023   Cb: 13.6339   Cr: 13.0017 )
00000952: 12.9431   (Y': 12.7816   Cb: 13.6195   Cr: 12.9748 )
00000953: 12.9328   (Y': 12.7625   Cb: 13.5958   Cr: 13.0136 )
00000954: 12.9007   (Y': 12.7368   Cb: 13.5577   Cr: 12.9598 )
00000955: 12.8726   (Y': 12.6952   Cb: 13.5479   Cr: 12.9724 )
00000956: 12.8648   (Y': 12.6751   Cb: 13.5671   Cr: 12.9938 )
00000957: 12.926    (Y': 12.7666   Cb: 13.5715   Cr: 12.9762 )
00000958: 12.9059   (Y': 12.7403   Cb: 13.5511   Cr: 12.9824 )
00000959: 12.8922   (Y': 12.7355   Cb: 13.5385   Cr: 12.9302 )
00000960: 12.8764   (Y': 12.707    Cb: 13.5366   Cr: 12.9555 )
00000961: 12.8725   (Y': 12.7028   Cb: 13.5317   Cr: 12.9539 )
00000962: 12.8908   (Y': 12.7229   Cb: 13.5793   Cr: 12.9394 )
00000963: 12.8741   (Y': 12.6921   Cb: 13.5519   Cr: 12.9916 )
00000965: 12.8617   (Y': 12.6814   Cb: 13.5831   Cr: 12.934  )
00000964: 12.9219   (Y': 12.7728   Cb: 13.5748   Cr: 12.9223 )
00000966: 12.8695   (Y': 12.6889   Cb: 13.5613   Cr: 12.9689 )
00000967: 12.8583   (Y': 12.6668   Cb: 13.5606   Cr: 12.9947 )
00000968: 12.8545   (Y': 12.6852   Cb: 13.5324   Cr: 12.9182 )
00000969: 12.8654   (Y': 12.6862   Cb: 13.557    Cr: 12.9588 )
00000970: 12.8889   (Y': 12.7165   Cb: 13.5631   Cr: 12.9683 )
00000971: 12.8696   (Y': 12.6908   Cb: 13.5583   Cr: 12.9639 )
00000972: 12.9067   (Y': 12.7342   Cb: 13.5678   Cr: 12.9983 )
00000973: 12.9597   (Y': 12.8032   Cb: 13.5899   Cr: 13.0112 )
00000974: 13.0144   (Y': 12.863    Cb: 13.6225   Cr: 13.0632 )
00000975: 13.0162   (Y': 12.8919   Cb: 13.5886   Cr: 12.9843 )
00000976: 12.9654   (Y': 12.8328   Cb: 13.5307   Cr: 12.9735 )
00000977: 12.9135   (Y': 12.7779   Cb: 13.4699   Cr: 12.9426 )
00000978: 12.9425   (Y': 12.807    Cb: 13.5319   Cr: 12.942  )
00000979: 12.9802   (Y': 12.8505   Cb: 13.5542   Cr: 12.9691 )
00000980: 12.9547   (Y': 12.8203   Cb: 13.4794   Cr: 13.0065 )
00000981: 12.9083   (Y': 12.7598   Cb: 13.4887   Cr: 12.9698 )
00000982: 12.8969   (Y': 12.7533   Cb: 13.5049   Cr: 12.9136 )
00000983: 12.9466   (Y': 12.8098   Cb: 13.5001   Cr: 12.983  )
00000984: 12.9307   (Y': 12.7918   Cb: 13.4832   Cr: 12.977  )
00000985: 12.9448   (Y': 12.8202   Cb: 13.4666   Cr: 12.9587 )
00000986: 12.9363   (Y': 12.8188   Cb: 13.4387   Cr: 12.9379 )
00000987: 12.9266   (Y': 12.78     Cb: 13.5257   Cr: 12.9633 )
00000988: 12.9321   (Y': 12.7984   Cb: 13.4877   Cr: 12.9537 )
00000989: 12.9389   (Y': 12.7975   Cb: 13.5153   Cr: 12.9743 )
00000990: 12.9462   (Y': 12.8123   Cb: 13.5121   Cr: 12.9592 )
00000991: 12.9159   (Y': 12.7597   Cb: 13.5065   Cr: 13.0007 )
00000992: 12.9164   (Y': 12.7596   Cb: 13.5663   Cr: 12.9517 )
00000993: 12.939    (Y': 12.802    Cb: 13.5279   Cr: 12.9451 )
00000994: 12.8857   (Y': 12.7192   Cb: 13.5689   Cr: 12.9326 )
00000995: 12.919    (Y': 12.7738   Cb: 13.5614   Cr: 12.9124 )
00000997: 12.9111   (Y': 12.7611   Cb: 13.5238   Cr: 12.9501 )
00000996: 12.917    (Y': 12.7731   Cb: 13.5241   Cr: 12.9359 )
00000998: 12.9372   (Y': 12.7999   Cb: 13.5018   Cr: 12.9659 )
00000999: 12.8901   (Y': 12.7414   Cb: 13.479    Cr: 12.9449 )
00001000: 12.9053   (Y': 12.7663   Cb: 13.4623   Cr: 12.9479 )
00001001: 12.9116   (Y': 12.7592   Cb: 13.4915   Cr: 12.9899 )
00001002: 12.9201   (Y': 12.7803   Cb: 13.49     Cr: 12.9545 )
00001003: 12.924    (Y': 12.7961   Cb: 13.471    Cr: 12.9295 )
00001005: 12.904    (Y': 12.7626   Cb: 13.4903   Cr: 12.9303 )
00001004: 12.917    (Y': 12.7757   Cb: 13.526    Cr: 12.9233 )
00001006: 12.9243   (Y': 12.7693   Cb: 13.5385   Cr: 12.9828 )
00001007: 12.9083   (Y': 12.7568   Cb: 13.5132   Cr: 12.9611 )
00001008: 12.892    (Y': 12.7296   Cb: 13.5384   Cr: 12.9535 )
00001009: 12.9277   (Y': 12.7914   Cb: 13.49     Cr: 12.9544 )
00001010: 12.911    (Y': 12.7719   Cb: 13.4787   Cr: 12.9446 )
00001011: 12.9356   (Y': 12.8148   Cb: 13.4517   Cr: 12.9389 )
00001013: 12.9098   (Y': 12.7723   Cb: 13.4709   Cr: 12.9425 )
00001012: 12.8896   (Y': 12.7392   Cb: 13.4611   Cr: 12.9668 )
00001014: 12.8981   (Y': 12.7406   Cb: 13.5055   Cr: 12.9736 )
00001015: 12.9341   (Y': 12.79     Cb: 13.5036   Cr: 12.9871 )
00001016: 12.9199   (Y': 12.7654   Cb: 13.4842   Cr: 13.0213 )
00001017: 12.8558   (Y': 12.6802   Cb: 13.5216   Cr: 12.9567 )
00001018: 12.9165   (Y': 12.7701   Cb: 13.4673   Cr: 12.9957 )
00001019: 12.8912   (Y': 12.7316   Cb: 13.5041   Cr: 12.9708 )
00001020: 12.8775   (Y': 12.718    Cb: 13.4615   Cr: 12.9819 )
00001021: 12.8934   (Y': 12.7256   Cb: 13.4919   Cr: 13.0207 )
00001022: 12.9339   (Y': 12.7845   Cb: 13.5602   Cr: 12.9587 )
00001023: 12.8879   (Y': 12.7286   Cb: 13.5223   Cr: 12.9472 )
00001024: 12.9063   (Y': 12.7393   Cb: 13.5203   Cr: 13.0164 )
00001025: 12.8773   (Y': 12.7166   Cb: 13.483    Cr: 12.9679 )
00001026: 12.8831   (Y': 12.7239   Cb: 13.5244   Cr: 12.9354 )
00001027: 12.9124   (Y': 12.7646   Cb: 13.5433   Cr: 12.9269 )
00001028: 12.9078   (Y': 12.7666   Cb: 13.4544   Cr: 12.9692 )
Total: 12.8611   (Y': 12.6996   Cb: 13.4699   Cr: 12.952  )
