00000007: 17.9453   (Y': 18.5762   Cb: 15.8903   Cr: 18.2339 )
00000000: 37.4581   (Y': INF       Cb: 32.6869   Cr: 32.6869 )
00000001: 17.8845   (Y': 18.4482   Cb: 15.8841   Cr: 18.3334 )
00000004: 17.8516   (Y': 18.4829   Cb: 15.7642   Cr: 18.1945 )
00000003: 17.6561   (Y': 18.3319   Cb: 15.4517   Cr: 18.0411 )
00000005: 17.8597   (Y': 18.5      Cb: 15.7878   Cr: 18.1424 )
00000002: 17.8632   (Y': 18.4232   Cb: 15.9123   Cr: 18.2406 )
00000006: 17.8508   (Y': 18.5002   Cb: 15.7494   Cr: 18.1511 )
00000009: 17.9106   (Y': 18.527    Cb: 15.8431   Cr: 18.2749 )
00000008: 17.9051   (Y': 18.5318   Cb: 15.8194   Cr: 18.2628 )
00000010: 17.9762   (Y': 18.582    Cb: 15.9212   Cr: 18.3586 )
00000011: 17.954    (Y': 18.5628   Cb: 15.9209   Cr: 18.2869 )
00000013: 17.9545   (Y': 18.5893   Cb: 15.8638   Cr: 18.2902 )
00000012: 17.9653   (Y': 18.572    Cb: 15.9309   Cr: 18.3087 )
00000014: 17.9553   (Y': 18.5845   Cb: 15.8749   Cr: 18.2939 )
00000015: 17.9477   (Y': 18.587    Cb: 15.8723   Cr: 18.2397 )
00000017: 17.9486   (Y': 18.5676   Cb: 15.8802   Cr: 18.3046 )
00000016: 17.9609   (Y': 18.5917   Cb: 15.9031   Cr: 18.2546 )
00000019: 17.9859   (Y': 18.6321   Cb: 15.8989   Cr: 18.2732 )
00000022: 17.9782   (Y': 18.6117   Cb: 15.9061   Cr: 18.2865 )
00000020: 17.9624   (Y': 18.5697   Cb: 15.9142   Cr: 18.3273 )
00000021: 17.9352   (Y': 18.5514   Cb: 15.9084   Cr: 18.2297 )
00000023: 17.9709   (Y': 18.6107   Cb: 15.8946   Cr: 18.2631 )
00000018: 17.9919   (Y': 18.6129   Cb: 15.9409   Cr: 18.3104 )
00000025: 17.9803   (Y': 18.5979   Cb: 15.9459   Cr: 18.2826 )
00000024: 17.9701   (Y': 18.5859   Cb: 15.9052   Cr: 18.3317 )
00000026: 17.9387   (Y': 18.5496   Cb: 15.9011   Cr: 18.2715 )
00000027: 17.9712   (Y': 18.588    Cb: 15.9214   Cr: 18.3031 )
00000028: 17.9578   (Y': 18.5655   Cb: 15.9691   Cr: 18.2195 )
00000029: 17.9845   (Y': 18.6159   Cb: 15.9117   Cr: 18.3019 )
00000030: 17.9423   (Y': 18.5811   Cb: 15.8435   Cr: 18.2776 )
00000031: 17.9797   (Y': 18.5799   Cb: 15.9674   Cr: 18.3093 )
00000032: 17.9439   (Y': 18.5567   Cb: 15.8903   Cr: 18.2978 )
00000033: 17.9616   (Y': 18.5519   Cb: 15.9586   Cr: 18.3122 )
00000034: 18.0024   (Y': 18.6192   Cb: 15.9458   Cr: 18.3459 )
00000035: 17.9692   (Y': 18.5862   Cb: 15.9344   Cr: 18.2745 )
00000036: 17.9506   (Y': 18.5656   Cb: 15.8963   Cr: 18.2969 )
00000037: 17.9882   (Y': 18.591    Cb: 15.9811   Cr: 18.2996 )
00000038: 17.9833   (Y': 18.6227   Cb: 15.8983   Cr: 18.2919 )
00000039: 17.9816   (Y': 18.5808   Cb: 15.9462   Cr: 18.3553 )
00000040: 17.9693   (Y': 18.5922   Cb: 15.9149   Cr: 18.2861 )
00000041: 17.9763   (Y': 18.5948   Cb: 15.9187   Cr: 18.315  )
00000042: 17.9711   (Y': 18.5972   Cb: 15.9016   Cr: 18.3021 )
00000043: 17.9572   (Y': 18.6023   Cb: 15.8869   Cr: 18.2197 )
00000044: 17.9702   (Y': 18.5898   Cb: 15.9116   Cr: 18.3072 )
00000045: 17.9722   (Y': 18.5848   Cb: 15.924    Cr: 18.3172 )
00000047: 17.9874   (Y': 18.5951   Cb: 15.9541   Cr: 18.3248 )
00000046: 18.0056   (Y': 18.6282   Cb: 15.9381   Cr: 18.3461 )
00000048: 17.9757   (Y': 18.5945   Cb: 15.9081   Cr: 18.3308 )
00000049: 17.9751   (Y': 18.6124   Cb: 15.9128   Cr: 18.2519 )
00000050: 17.976    (Y': 18.5925   Cb: 15.9312   Cr: 18.3003 )
00000051: 17.9681   (Y': 18.5921   Cb: 15.8992   Cr: 18.3061 )
00000052: 17.9761   (Y': 18.613    Cb: 15.9115   Cr: 18.2591 )
00000054: 17.9651   (Y': 18.5894   Cb: 15.9184   Cr: 18.2641 )
00000053: 17.9565   (Y': 18.563    Cb: 15.91     Cr: 18.3214 )
00000055: 17.9765   (Y': 18.6081   Cb: 15.9016   Cr: 18.2964 )
00000056: 17.9807   (Y': 18.6087   Cb: 15.9141   Cr: 18.3    )
00000057: 17.9488   (Y': 18.5802   Cb: 15.9044   Cr: 18.2174 )
00000058: 17.9753   (Y': 18.6437   Cb: 15.8458   Cr: 18.2549 )
00000059: 17.9973   (Y': 18.6075   Cb: 15.9926   Cr: 18.2766 )
00000060: 17.9756   (Y': 18.6191   Cb: 15.9322   Cr: 18.198  )
00000061: 17.9968   (Y': 18.7522   Cb: 15.7796   Cr: 18.1183 )
00000062: 17.9942   (Y': 18.7441   Cb: 15.7446   Cr: 18.1909 )
00000063: 18.0098   (Y': 18.7639   Cb: 15.7784   Cr: 18.1605 )
00000064: 18.0047   (Y': 18.7669   Cb: 15.7474   Cr: 18.1718 )
00000065: 17.9942   (Y': 18.7784   Cb: 15.6963   Cr: 18.1563 )
00000066: 18.0092   (Y': 18.7624   Cb: 15.7398   Cr: 18.2289 )
00000067: 18.0135   (Y': 18.7948   Cb: 15.7268   Cr: 18.166  )
00000068: 17.9903   (Y': 18.7452   Cb: 15.693    Cr: 18.2543 )
00000069: 17.9986   (Y': 18.7594   Cb: 15.7611   Cr: 18.136  )
00000070: 17.9641   (Y': 18.725    Cb: 15.6773   Cr: 18.1881 )
00000071: 18.0927   (Y': 18.879    Cb: 15.7723   Cr: 18.287  )
00000072: 18.6362   (Y': 19.505    Cb: 16.1107   Cr: 18.9212 )
00000073: 18.7143   (Y': 19.5923   Cb: 16.1096   Cr: 19.1218 )
00000074: 18.4337   (Y': 19.3311   Cb: 15.9299   Cr: 18.5801 )
00000075: 18.2524   (Y': 19.0704   Cb: 15.8697   Cr: 18.4484 )
00000076: 18.0521   (Y': 18.8111   Cb: 15.7753   Cr: 18.2648 )
00000077: 18.0374   (Y': 18.8085   Cb: 15.7204   Cr: 18.2796 )
00000078: 17.9749   (Y': 18.742    Cb: 15.6726   Cr: 18.2042 )
00000079: 17.9744   (Y': 18.7212   Cb: 15.7179   Cr: 18.1947 )
00000080: 17.9917   (Y': 18.7214   Cb: 15.7592   Cr: 18.2298 )
00000081: 17.949    (Y': 18.6851   Cb: 15.7123   Cr: 18.172  )
00000082: 17.979    (Y': 18.7238   Cb: 15.762    Cr: 18.1372 )
00000085: 17.9461   (Y': 18.6754   Cb: 15.6981   Cr: 18.2136 )
00000083: 17.9645   (Y': 18.7113   Cb: 15.7111   Cr: 18.1792 )
00000084: 17.9523   (Y': 18.6584   Cb: 15.7716   Cr: 18.184  )
00000086: 17.9214   (Y': 18.6675   Cb: 15.6871   Cr: 18.1047 )
00000087: 17.9435   (Y': 18.6856   Cb: 15.7106   Cr: 18.1387 )
00000088: 17.9987   (Y': 18.7556   Cb: 15.7405   Cr: 18.186  )
00000089: 17.9803   (Y': 18.7454   Cb: 15.7112   Cr: 18.158  )
00000090: 17.9375   (Y': 18.6584   Cb: 15.7587   Cr: 18.1136 )
00000091: 17.9814   (Y': 18.6963   Cb: 15.7868   Cr: 18.206  )
00000092: 17.9532   (Y': 18.6648   Cb: 15.7602   Cr: 18.187  )
00000093: 17.9648   (Y': 18.6882   Cb: 15.7395   Cr: 18.2131 )
00000094: 17.9395   (Y': 18.6474   Cb: 15.7809   Cr: 18.127  )
00000095: 17.94     (Y': 18.6608   Cb: 15.7585   Cr: 18.1213 )
00000096: 17.9102   (Y': 18.601    Cb: 15.7261   Cr: 18.2031 )
00000097: 17.9172   (Y': 18.627    Cb: 15.7177   Cr: 18.1688 )
00000098: 17.9187   (Y': 18.6297   Cb: 15.7009   Cr: 18.1983 )
00000099: 17.9682   (Y': 18.6859   Cb: 15.7847   Cr: 18.1638 )
00000100: 17.9309   (Y': 18.6286   Cb: 15.7578   Cr: 18.1799 )
00000101: 17.9117   (Y': 18.6091   Cb: 15.7966   Cr: 18.0624 )
00000102: 17.9155   (Y': 18.6061   Cb: 15.7315   Cr: 18.2089 )
00000103: 17.9372   (Y': 18.6172   Cb: 15.7552   Cr: 18.266  )
00000104: 17.9578   (Y': 18.647    Cb: 15.7997   Cr: 18.2114 )
00000105: 17.9503   (Y': 18.6245   Cb: 15.8192   Cr: 18.211  )
00000106: 17.9193   (Y': 18.5897   Cb: 15.784    Cr: 18.2016 )
00000107: 17.94     (Y': 18.6168   Cb: 15.8335   Cr: 18.1492 )
00000108: 17.9531   (Y': 18.627    Cb: 15.8229   Cr: 18.2131 )
00000109: 17.9448   (Y': 18.6004   Cb: 15.852    Cr: 18.2075 )
00000110: 17.9678   (Y': 18.6835   Cb: 15.7552   Cr: 18.2211 )
00000111: 17.9559   (Y': 18.6768   Cb: 15.7803   Cr: 18.1265 )
00000112: 17.9532   (Y': 18.6293   Cb: 15.8352   Cr: 18.185  )
00000113: 17.9239   (Y': 18.6126   Cb: 15.7945   Cr: 18.13   )
00000114: 17.9577   (Y': 18.6617   Cb: 15.8092   Cr: 18.1416 )
00000115: 17.9494   (Y': 18.6351   Cb: 15.8109   Cr: 18.1812 )
00000116: 17.9529   (Y': 18.6471   Cb: 15.813    Cr: 18.1569 )
00000117: 17.9419   (Y': 18.622    Cb: 15.8196   Cr: 18.1665 )
00000118: 17.9413   (Y': 18.6557   Cb: 15.7944   Cr: 18.0856 )
00000119: 17.9509   (Y': 18.6448   Cb: 15.8136   Cr: 18.1518 )
00000120: 17.9008   (Y': 18.6036   Cb: 15.7492   Cr: 18.0945 )
00000122: 17.8798   (Y': 18.6105   Cb: 15.6873   Cr: 18.0449 )
00000121: 17.926    (Y': 18.6462   Cb: 15.7517   Cr: 18.0967 )
00000123: 17.9245   (Y': 18.634    Cb: 15.8098   Cr: 18.0317 )
00000124: 17.9283   (Y': 18.6595   Cb: 15.7736   Cr: 18.0274 )
00000125: 17.8861   (Y': 18.6001   Cb: 15.7377   Cr: 18.0341 )
00000126: 17.9132   (Y': 18.6317   Cb: 15.7273   Cr: 18.1096 )
00000127: 17.9479   (Y': 18.6752   Cb: 15.7941   Cr: 18.0592 )
00000128: 17.9072   (Y': 18.6322   Cb: 15.7109   Cr: 18.099  )
00000129: 17.9049   (Y': 18.6126   Cb: 15.76     Cr: 18.0691 )
00000130: 17.9262   (Y': 18.6347   Cb: 15.7763   Cr: 18.0963 )
00000131: 17.9282   (Y': 18.6473   Cb: 15.7445   Cr: 18.1189 )
00000132: 17.9316   (Y': 18.6307   Cb: 15.7731   Cr: 18.1498 )
00000133: 17.9207   (Y': 18.6077   Cb: 15.7931   Cr: 18.1291 )
00000134: 17.8925   (Y': 18.6133   Cb: 15.7331   Cr: 18.0355 )
00000135: 17.9095   (Y': 18.6114   Cb: 15.732    Cr: 18.151  )
00000136: 17.9114   (Y': 18.6262   Cb: 15.7596   Cr: 18.0627 )
00000137: 17.9141   (Y': 18.6253   Cb: 15.73     Cr: 18.1337 )
00000138: 17.9279   (Y': 18.631    Cb: 15.7613   Cr: 18.1462 )
00000139: 17.9457   (Y': 18.6457   Cb: 15.8015   Cr: 18.1366 )
00000140: 17.9083   (Y': 18.6195   Cb: 15.7525   Cr: 18.0793 )
00000141: 17.933    (Y': 18.6534   Cb: 15.7391   Cr: 18.1367 )
00000142: 17.9434   (Y': 18.6472   Cb: 15.8054   Cr: 18.11   )
00000143: 17.9498   (Y': 18.6429   Cb: 15.8101   Cr: 18.1574 )
00000144: 17.943    (Y': 18.6502   Cb: 15.7708   Cr: 18.156  )
00000145: 17.9478   (Y': 18.6697   Cb: 15.7678   Cr: 18.1224 )
00000146: 17.9301   (Y': 18.6544   Cb: 15.7402   Cr: 18.1131 )
00000147: 17.9315   (Y': 18.6284   Cb: 15.7535   Cr: 18.1922 )
00000148: 17.9056   (Y': 18.6094   Cb: 15.7576   Cr: 18.0892 )
00000149: 17.9384   (Y': 18.6482   Cb: 15.7516   Cr: 18.1675 )
00000150: 17.9172   (Y': 18.6361   Cb: 15.7758   Cr: 18.0365 )
00000151: 17.9124   (Y': 18.6078   Cb: 15.7463   Cr: 18.1573 )
00000152: 17.9185   (Y': 18.6258   Cb: 15.748    Cr: 18.1285 )
00000153: 17.9195   (Y': 18.607    Cb: 15.7864   Cr: 18.1359 )
00000154: 17.9121   (Y': 18.607    Cb: 15.7564   Cr: 18.141  )
00000155: 17.9045   (Y': 18.5983   Cb: 15.792    Cr: 18.0633 )
00000156: 17.9235   (Y': 18.638    Cb: 15.7747   Cr: 18.0712 )
00000158: 17.9308   (Y': 18.6357   Cb: 15.7943   Cr: 18.0908 )
00000157: 17.9188   (Y': 18.6      Cb: 15.8096   Cr: 18.1167 )
00000159: 17.8985   (Y': 18.5933   Cb: 15.7717   Cr: 18.0776 )
00000160: 17.9317   (Y': 18.6356   Cb: 15.7708   Cr: 18.1372 )
00000162: 17.9243   (Y': 18.6347   Cb: 15.7608   Cr: 18.111  )
00000161: 17.9223   (Y': 18.6212   Cb: 15.7761   Cr: 18.1203 )
00000164: 17.9156   (Y': 18.6333   Cb: 15.7425   Cr: 18.0932 )
00000163: 17.9202   (Y': 18.6344   Cb: 15.7795   Cr: 18.0547 )
00000165: 17.957    (Y': 18.6521   Cb: 15.8211   Cr: 18.1513 )
00000166: 17.9008   (Y': 18.6364   Cb: 15.7078   Cr: 18.0494 )
00000167: 17.9213   (Y': 18.6298   Cb: 15.7885   Cr: 18.0629 )
00000168: 17.9116   (Y': 18.6008   Cb: 15.7635   Cr: 18.1478 )
00000169: 17.9097   (Y': 18.6159   Cb: 15.7519   Cr: 18.1017 )
00000170: 17.9358   (Y': 18.6223   Cb: 15.8147   Cr: 18.1349 )
00000171: 17.936    (Y': 18.6254   Cb: 15.8142   Cr: 18.1261 )
00000172: 17.9106   (Y': 18.624    Cb: 15.7662   Cr: 18.0543 )
00000173: 17.8947   (Y': 18.5956   Cb: 15.7527   Cr: 18.0782 )
00000174: 17.9163   (Y': 18.6159   Cb: 15.7701   Cr: 18.1118 )
00000175: 17.9384   (Y': 18.6283   Cb: 15.7802   Cr: 18.1896 )
00000176: 17.9159   (Y': 18.6111   Cb: 15.7693   Cr: 18.1276 )
00000177: 17.922    (Y': 18.6196   Cb: 15.7748   Cr: 18.1263 )
00000178: 17.9021   (Y': 18.5824   Cb: 15.7719   Cr: 18.139  )
00000179: 17.8816   (Y': 18.5673   Cb: 15.7797   Cr: 18.0514 )
00000180: 17.9523   (Y': 18.6323   Cb: 15.8452   Cr: 18.1511 )
00000181: 17.9005   (Y': 18.5666   Cb: 15.7905   Cr: 18.1542 )
00000182: 17.9094   (Y': 18.6021   Cb: 15.7718   Cr: 18.1149 )
00000183: 17.9475   (Y': 18.6371   Cb: 15.8098   Cr: 18.1644 )
00000184: 17.9221   (Y': 18.5975   Cb: 15.7661   Cr: 18.2221 )
00000185: 17.9485   (Y': 18.6053   Cb: 15.8301   Cr: 18.251  )
00000186: 17.9438   (Y': 18.6286   Cb: 15.7785   Cr: 18.2262 )
00000187: 17.9215   (Y': 18.6153   Cb: 15.7716   Cr: 18.144  )
00000188: 17.9235   (Y': 18.5965   Cb: 15.7799   Cr: 18.2105 )
00000189: 17.9309   (Y': 18.6258   Cb: 15.7689   Cr: 18.1709 )
00000190: 17.9111   (Y': 18.6125   Cb: 15.7613   Cr: 18.1062 )
00000191: 17.9155   (Y': 18.6173   Cb: 15.7594   Cr: 18.1205 )
00000192: 17.9306   (Y': 18.6245   Cb: 15.8115   Cr: 18.1    )
00000193: 17.9187   (Y': 18.5977   Cb: 15.7751   Cr: 18.1839 )
00000194: 17.9316   (Y': 18.6442   Cb: 15.7744   Cr: 18.0997 )
00000196: 17.9152   (Y': 18.5983   Cb: 15.7702   Cr: 18.1682 )
00000195: 17.9189   (Y': 18.6484   Cb: 15.7673   Cr: 18.0183 )
00000197: 17.9222   (Y': 18.6218   Cb: 15.7927   Cr: 18.0893 )
00000199: 17.9177   (Y': 18.6174   Cb: 15.7742   Cr: 18.1083 )
00000198: 17.9043   (Y': 18.5968   Cb: 15.7608   Cr: 18.1208 )
00000200: 17.9294   (Y': 18.6081   Cb: 15.8108   Cr: 18.1525 )
00000201: 17.917    (Y': 18.6028   Cb: 15.791    Cr: 18.1273 )
00000202: 17.8886   (Y': 18.5605   Cb: 15.7394   Cr: 18.1896 )
00000203: 17.9231   (Y': 18.5987   Cb: 15.8051   Cr: 18.1565 )
00000204: 17.928    (Y': 18.6204   Cb: 15.7433   Cr: 18.2165 )
00000205: 17.9185   (Y': 18.604    Cb: 15.7872   Cr: 18.1386 )
00000206: 17.9021   (Y': 18.6103   Cb: 15.7519   Cr: 18.0738 )
00000207: 17.9202   (Y': 18.5946   Cb: 15.8314   Cr: 18.1082 )
00000208: 17.9166   (Y': 18.6221   Cb: 15.7531   Cr: 18.1207 )
00000209: 17.9284   (Y': 18.6364   Cb: 15.7632   Cr: 18.1268 )
00000210: 17.919    (Y': 18.5915   Cb: 15.795    Cr: 18.1736 )
00000211: 17.91     (Y': 18.5966   Cb: 15.7741   Cr: 18.1345 )
00000212: 17.9339   (Y': 18.6274   Cb: 15.8182   Cr: 18.0995 )
00000213: 17.9216   (Y': 18.5977   Cb: 15.8146   Cr: 18.1339 )
00000215: 17.9024   (Y': 18.5638   Cb: 15.7903   Cr: 18.1768 )
00000214: 17.9147   (Y': 18.5987   Cb: 15.8061   Cr: 18.1014 )
00000216: 17.9188   (Y': 18.5972   Cb: 15.8052   Cr: 18.1346 )
00000217: 17.8882   (Y': 18.5796   Cb: 15.7785   Cr: 18.0508 )
00000218: 17.9062   (Y': 18.5886   Cb: 15.7724   Cr: 18.1418 )
00000219: 17.9148   (Y': 18.5939   Cb: 15.8268   Cr: 18.0843 )
00000220: 17.9428   (Y': 18.6286   Cb: 15.8281   Cr: 18.1336 )
00000221: 17.9323   (Y': 18.6017   Cb: 15.8485   Cr: 18.1292 )
00000223: 17.9138   (Y': 18.6025   Cb: 15.8105   Cr: 18.0751 )
00000222: 17.9004   (Y': 18.5887   Cb: 15.7558   Cr: 18.1333 )
00000224: 17.8932   (Y': 18.5743   Cb: 15.7472   Cr: 18.1548 )
00000225: 17.8997   (Y': 18.5838   Cb: 15.7594   Cr: 18.1407 )
00000226: 17.9165   (Y': 18.6113   Cb: 15.792    Cr: 18.0918 )
00000227: 17.9135   (Y': 18.6167   Cb: 15.7636   Cr: 18.1024 )
00000229: 17.9169   (Y': 18.6084   Cb: 15.7915   Cr: 18.1055 )
00000228: 17.893    (Y': 18.5899   Cb: 15.7646   Cr: 18.0677 )
00000230: 17.9274   (Y': 18.6123   Cb: 15.803    Cr: 18.1383 )
00000231: 17.9216   (Y': 18.6066   Cb: 15.8163   Cr: 18.0993 )
00000232: 17.8987   (Y': 18.5806   Cb: 15.7858   Cr: 18.1005 )
00000233: 17.9105   (Y': 18.5931   Cb: 15.7881   Cr: 18.1261 )
00000234: 17.926    (Y': 18.6026   Cb: 15.8185   Cr: 18.1376 )
00000235: 17.889    (Y': 18.5787   Cb: 15.7423   Cr: 18.1208 )
00000236: 17.9188   (Y': 18.5931   Cb: 15.8127   Cr: 18.1361 )
00000237: 17.8899   (Y': 18.5848   Cb: 15.7442   Cr: 18.1016 )
00000238: 17.9092   (Y': 18.6074   Cb: 15.7523   Cr: 18.1282 )
00000239: 17.9073   (Y': 18.5998   Cb: 15.7903   Cr: 18.0784 )
00000240: 17.9057   (Y': 18.5797   Cb: 15.7961   Cr: 18.1304 )
00000241: 17.8826   (Y': 18.5789   Cb: 15.7509   Cr: 18.0654 )
00000242: 17.901    (Y': 18.5885   Cb: 15.7767   Cr: 18.102  )
00000244: 17.9188   (Y': 18.5721   Cb: 15.8153   Cr: 18.2084 )
00000243: 17.9068   (Y': 18.5721   Cb: 15.8136   Cr: 18.1345 )
00000245: 17.9108   (Y': 18.6091   Cb: 15.7852   Cr: 18.0759 )
00000246: 17.8989   (Y': 18.5877   Cb: 15.7668   Cr: 18.1086 )
00000247: 17.8961   (Y': 18.5871   Cb: 15.7726   Cr: 18.0835 )
00000248: 17.9153   (Y': 18.607    Cb: 15.7785   Cr: 18.1227 )
00000249: 17.8866   (Y': 18.5718   Cb: 15.7634   Cr: 18.0941 )
00000250: 17.9079   (Y': 18.6094   Cb: 15.745    Cr: 18.1255 )
00000252: 17.8899   (Y': 18.5776   Cb: 15.7584   Cr: 18.1028 )
00000253: 17.9434   (Y': 18.6073   Cb: 15.8841   Cr: 18.1193 )
00000251: 17.9182   (Y': 18.6058   Cb: 15.7941   Cr: 18.1185 )
00000255: 17.9045   (Y': 18.5883   Cb: 15.7851   Cr: 18.1105 )
00000254: 17.9258   (Y': 18.6151   Cb: 15.8001   Cr: 18.1228 )
00000256: 17.897    (Y': 18.5683   Cb: 15.79     Cr: 18.1274 )
00000257: 17.9063   (Y': 18.569    Cb: 15.7916   Cr: 18.1807 )
00000258: 17.8963   (Y': 18.5808   Cb: 15.7788   Cr: 18.0969 )
00000259: 17.9022   (Y': 18.5804   Cb: 15.803    Cr: 18.0941 )
00000260: 17.8905   (Y': 18.5729   Cb: 15.773    Cr: 18.0986 )
00000261: 17.9313   (Y': 18.6028   Cb: 15.8156   Cr: 18.1751 )
00000262: 17.9106   (Y': 18.5949   Cb: 15.7537   Cr: 18.1798 )
00000263: 17.9106   (Y': 18.5696   Cb: 15.8158   Cr: 18.1642 )
00000264: 17.9145   (Y': 18.603    Cb: 15.7734   Cr: 18.141  )
00000265: 17.9226   (Y': 18.6112   Cb: 15.8159   Cr: 18.0905 )
00000266: 17.9187   (Y': 18.6185   Cb: 15.7726   Cr: 18.1135 )
00000267: 17.8958   (Y': 18.5644   Cb: 15.779    Cr: 18.1521 )
00000269: 17.8968   (Y': 18.5621   Cb: 15.8124   Cr: 18.1096 )
00000268: 17.9252   (Y': 18.6047   Cb: 15.8098   Cr: 18.1397 )
00000271: 17.9205   (Y': 18.587    Cb: 15.8262   Cr: 18.1461 )
00000270: 17.9013   (Y': 18.5912   Cb: 15.7605   Cr: 18.1219 )
00000272: 17.9308   (Y': 18.6108   Cb: 15.8051   Cr: 18.1613 )
00000273: 17.9395   (Y': 18.6258   Cb: 15.7913   Cr: 18.1859 )
00000274: 17.9103   (Y': 18.5816   Cb: 15.8133   Cr: 18.1232 )
00000275: 17.8911   (Y': 18.5799   Cb: 15.7573   Cr: 18.1042 )
00000276: 17.922    (Y': 18.6215   Cb: 15.7734   Cr: 18.1219 )
00000277: 17.8866   (Y': 18.5771   Cb: 15.733    Cr: 18.1276 )
00000279: 17.9112   (Y': 18.5984   Cb: 15.7676   Cr: 18.1464 )
00000278: 17.904    (Y': 18.5935   Cb: 15.7789   Cr: 18.0992 )
00000280: 17.9283   (Y': 18.6087   Cb: 15.7925   Cr: 18.1749 )
00000281: 17.8963   (Y': 18.5951   Cb: 15.7302   Cr: 18.1294 )
00000282: 17.9035   (Y': 18.5893   Cb: 15.7867   Cr: 18.0978 )
00000283: 17.9248   (Y': 18.606    Cb: 15.7979   Cr: 18.1527 )
00000284: 17.9105   (Y': 18.5802   Cb: 15.7952   Cr: 18.1606 )
00000285: 17.9      (Y': 18.5772   Cb: 15.7936   Cr: 18.1076 )
00000287: 17.9142   (Y': 18.5928   Cb: 15.7823   Cr: 18.1608 )
00000286: 17.9361   (Y': 18.6179   Cb: 15.8345   Cr: 18.1191 )
00000288: 17.9158   (Y': 18.618    Cb: 15.7759   Cr: 18.0915 )
00000289: 17.9188   (Y': 18.6073   Cb: 15.7512   Cr: 18.1913 )
00000290: 17.9022   (Y': 18.598    Cb: 15.7865   Cr: 18.059  )
00000291: 17.9121   (Y': 18.5911   Cb: 15.7826   Cr: 18.1529 )
00000292: 17.9033   (Y': 18.565    Cb: 15.773    Cr: 18.2086 )
00000293: 17.9232   (Y': 18.5972   Cb: 15.8003   Cr: 18.1706 )
00000294: 17.9097   (Y': 18.5877   Cb: 15.7709   Cr: 18.1702 )
00000295: 17.9384   (Y': 18.6147   Cb: 15.8302   Cr: 18.1522 )
00000296: 17.8902   (Y': 18.584    Cb: 15.7504   Cr: 18.0954 )
00000297: 17.9217   (Y': 18.6002   Cb: 15.8031   Cr: 18.1452 )
00000298: 17.8993   (Y': 18.5897   Cb: 15.7446   Cr: 18.1424 )
00000300: 17.9357   (Y': 18.6013   Cb: 15.8131   Cr: 18.2131 )
00000301: 17.9038   (Y': 18.5877   Cb: 15.7945   Cr: 18.0921 )
00000299: 17.922    (Y': 18.6261   Cb: 15.7851   Cr: 18.086  )
00000302: 17.9237   (Y': 18.6034   Cb: 15.7998   Cr: 18.1518 )
00000303: 17.8744   (Y': 18.5579   Cb: 15.7512   Cr: 18.0878 )
00000304: 17.8963   (Y': 18.5592   Cb: 15.7902   Cr: 18.1546 )
00000305: 17.9368   (Y': 18.6183   Cb: 15.8392   Cr: 18.1142 )
00000306: 17.9178   (Y': 18.5961   Cb: 15.8003   Cr: 18.1404 )
00000307: 17.9115   (Y': 18.5987   Cb: 15.7746   Cr: 18.1353 )
00000311: 17.9181   (Y': 18.6074   Cb: 15.7986   Cr: 18.1044 )
00000308: 17.9273   (Y': 18.6247   Cb: 15.8092   Cr: 18.0827 )
00000310: 17.9067   (Y': 18.5907   Cb: 15.7808   Cr: 18.1231 )
00000309: 17.8998   (Y': 18.5838   Cb: 15.7465   Cr: 18.1638 )
00000312: 17.9277   (Y': 18.5941   Cb: 15.8165   Cr: 18.1826 )
00000313: 17.9115   (Y': 18.604    Cb: 15.794    Cr: 18.0835 )
00000314: 17.9132   (Y': 18.5934   Cb: 15.8043   Cr: 18.1143 )
00000315: 17.924    (Y': 18.5977   Cb: 15.7678   Cr: 18.2306 )
00000316: 17.9129   (Y': 18.6177   Cb: 15.7918   Cr: 18.0477 )
00000317: 17.9002   (Y': 18.5918   Cb: 15.7753   Cr: 18.0875 )
00000318: 17.8896   (Y': 18.584    Cb: 15.7635   Cr: 18.0694 )
00000319: 17.9073   (Y': 18.588    Cb: 15.7861   Cr: 18.1274 )
00000320: 17.9171   (Y': 18.607    Cb: 15.8158   Cr: 18.0705 )
00000322: 17.9183   (Y': 18.5944   Cb: 15.796    Cr: 18.1572 )
00000321: 17.9506   (Y': 18.6187   Cb: 15.8509   Cr: 18.1799 )
00000323: 17.9237   (Y': 18.598    Cb: 15.8228   Cr: 18.1326 )
00000324: 17.9093   (Y': 18.6129   Cb: 15.7593   Cr: 18.097  )
00000325: 17.8851   (Y': 18.5695   Cb: 15.7991   Cr: 18.0326 )
00000326: 17.9198   (Y': 18.594    Cb: 15.7968   Cr: 18.1664 )
00000327: 17.9106   (Y': 18.5807   Cb: 15.7901   Cr: 18.1681 )
00000328: 17.8838   (Y': 18.5683   Cb: 15.7313   Cr: 18.1443 )
00000330: 17.9103   (Y': 18.5824   Cb: 15.82     Cr: 18.1092 )
00000329: 17.9413   (Y': 18.6116   Cb: 15.8182   Cr: 18.2024 )
00000331: 17.918    (Y': 18.5871   Cb: 15.8129   Cr: 18.1525 )
00000332: 17.8899   (Y': 18.5774   Cb: 15.7703   Cr: 18.0833 )
00000333: 17.9095   (Y': 18.5983   Cb: 15.7959   Cr: 18.0878 )
00000334: 17.9027   (Y': 18.5759   Cb: 15.8046   Cr: 18.1103 )
00000335: 17.8938   (Y': 18.6037   Cb: 15.7435   Cr: 18.0598 )
00000336: 17.9178   (Y': 18.5947   Cb: 15.8071   Cr: 18.1339 )
00000338: 17.8854   (Y': 18.5627   Cb: 15.749    Cr: 18.1442 )
00000337: 17.9216   (Y': 18.5896   Cb: 15.8135   Cr: 18.1651 )
00000339: 17.8922   (Y': 18.5735   Cb: 15.8191   Cr: 18.029  )
00000340: 17.9212   (Y': 18.6109   Cb: 15.7893   Cr: 18.128  )
00000341: 17.9452   (Y': 18.6196   Cb: 15.8695   Cr: 18.111  )
00000342: 17.8962   (Y': 18.5725   Cb: 15.7759   Cr: 18.1309 )
00000343: 17.8994   (Y': 18.5855   Cb: 15.7637   Cr: 18.1254 )
00000344: 17.9258   (Y': 18.6143   Cb: 15.8092   Cr: 18.1103 )
00000346: 17.9273   (Y': 18.6049   Cb: 15.8354   Cr: 18.1088 )
00000345: 17.9308   (Y': 18.5966   Cb: 15.8074   Cr: 18.2092 )
00000347: 17.8851   (Y': 18.5503   Cb: 15.7873   Cr: 18.1212 )
00000348: 17.9039   (Y': 18.5906   Cb: 15.7854   Cr: 18.0984 )
00000349: 17.9068   (Y': 18.6134   Cb: 15.7463   Cr: 18.1023 )
00000350: 17.9166   (Y': 18.6054   Cb: 15.7684   Cr: 18.1545 )
00000351: 17.9396   (Y': 18.6103   Cb: 15.8583   Cr: 18.1281 )
00000352: 17.9379   (Y': 18.6081   Cb: 15.8179   Cr: 18.1943 )
00000353: 17.9019   (Y': 18.584    Cb: 15.7676   Cr: 18.1402 )
00000354: 17.9162   (Y': 18.6092   Cb: 15.7943   Cr: 18.0938 )
00000355: 17.9307   (Y': 18.6089   Cb: 15.8296   Cr: 18.1261 )
00000356: 17.9055   (Y': 18.6295   Cb: 15.7063   Cr: 18.1062 )
00000357: 17.8969   (Y': 18.5819   Cb: 15.7599   Cr: 18.129  )
00000358: 17.9308   (Y': 18.5997   Cb: 15.7925   Cr: 18.2233 )
00000359: 17.9076   (Y': 18.5944   Cb: 15.759    Cr: 18.1529 )
00000360: 17.8903   (Y': 18.5733   Cb: 15.7568   Cr: 18.1234 )
00000361: 17.915    (Y': 18.6283   Cb: 15.7423   Cr: 18.1074 )
00000362: 17.9204   (Y': 18.6075   Cb: 15.7389   Cr: 18.2227 )
00000363: 17.9298   (Y': 18.595    Cb: 15.8104   Cr: 18.2034 )
00000364: 17.9317   (Y': 18.6097   Cb: 15.7769   Cr: 18.2204 )
00000365: 17.9478   (Y': 18.62     Cb: 15.8288   Cr: 18.1948 )
00000366: 17.9393   (Y': 18.6384   Cb: 15.7696   Cr: 18.177  )
00000367: 17.9474   (Y': 18.6586   Cb: 15.7881   Cr: 18.1238 )
00000368: 17.9875   (Y': 18.6999   Cb: 15.7979   Cr: 18.2124 )
00000369: 18.0124   (Y': 18.7307   Cb: 15.7886   Cr: 18.2759 )
00000370: 18.057    (Y': 18.7824   Cb: 15.8145   Cr: 18.3286 )
00000371: 18.0266   (Y': 18.7358   Cb: 15.8125   Cr: 18.3059 )
00000372: 17.9953   (Y': 18.7139   Cb: 15.803    Cr: 18.2027 )
00000373: 18.0071   (Y': 18.7202   Cb: 15.7947   Cr: 18.2694 )
00000374: 17.977    (Y': 18.6979   Cb: 15.7614   Cr: 18.2174 )
00000375: 17.9592   (Y': 18.6762   Cb: 15.7373   Cr: 18.2246 )
00000376: 17.9607   (Y': 18.6735   Cb: 15.749    Cr: 18.2231 )
00000377: 17.9286   (Y': 18.6272   Cb: 15.7695   Cr: 18.1501 )
00000378: 17.9108   (Y': 18.6216   Cb: 15.6969   Cr: 18.184  )
00000379: 17.9511   (Y': 18.6607   Cb: 15.7558   Cr: 18.1959 )
00000380: 17.9365   (Y': 18.6285   Cb: 15.7754   Cr: 18.1847 )
00000382: 17.9423   (Y': 18.6544   Cb: 15.7585   Cr: 18.158  )
00000381: 17.967    (Y': 18.6978   Cb: 15.7539   Cr: 18.1678 )
00000383: 17.9428   (Y': 18.6551   Cb: 15.792    Cr: 18.1013 )
00000384: 17.9215   (Y': 18.6251   Cb: 15.7747   Cr: 18.1036 )
00000386: 17.959    (Y': 18.6897   Cb: 15.7686   Cr: 18.1206 )
00000385: 17.9165   (Y': 18.6005   Cb: 15.7457   Cr: 18.211  )
00000387: 17.9034   (Y': 18.6211   Cb: 15.7018   Cr: 18.1305 )
00000388: 17.9493   (Y': 18.6649   Cb: 15.7422   Cr: 18.1932 )
00000389: 17.9244   (Y': 18.6407   Cb: 15.7245   Cr: 18.1532 )
00000390: 17.9223   (Y': 18.6414   Cb: 15.6996   Cr: 18.181  )
00000391: 17.9168   (Y': 18.6266   Cb: 15.7337   Cr: 18.1396 )
00000392: 17.9155   (Y': 18.6219   Cb: 15.7361   Cr: 18.1442 )
00000393: 17.936    (Y': 18.6619   Cb: 15.7122   Cr: 18.1726 )
00000394: 17.9149   (Y': 18.6155   Cb: 15.7757   Cr: 18.095  )
00000395: 17.9155   (Y': 18.6358   Cb: 15.7546   Cr: 18.0632 )
00000396: 17.9238   (Y': 18.6249   Cb: 15.7548   Cr: 18.1535 )
00000398: 17.8923   (Y': 18.5986   Cb: 15.7181   Cr: 18.1123 )
00000397: 17.9143   (Y': 18.6299   Cb: 15.7388   Cr: 18.1034 )
00000399: 17.9005   (Y': 18.6032   Cb: 15.7113   Cr: 18.1593 )
00000400: 17.9077   (Y': 18.6055   Cb: 15.7345   Cr: 18.1562 )
00000401: 17.9435   (Y': 18.6692   Cb: 15.7386   Cr: 18.1478 )
00000402: 18.0153   (Y': 18.7574   Cb: 15.7713   Cr: 18.2295 )
00000403: 18.0234   (Y': 18.761    Cb: 15.7561   Cr: 18.2956 )
00000404: 18.0627   (Y': 18.7903   Cb: 15.8466   Cr: 18.2794 )
00000406: 17.9873   (Y': 18.6884   Cb: 15.8531   Cr: 18.157  )
00000405: 18.0047   (Y': 18.7403   Cb: 15.7555   Cr: 18.2517 )
00000407: 17.9645   (Y': 18.6411   Cb: 15.8328   Cr: 18.2177 )
00000408: 17.9596   (Y': 18.6439   Cb: 15.8197   Cr: 18.1988 )
00000409: 17.9615   (Y': 18.6299   Cb: 15.871    Cr: 18.1739 )
00000410: 17.9826   (Y': 18.6762   Cb: 15.8315   Cr: 18.2081 )
00000411: 17.963    (Y': 18.6268   Cb: 15.8448   Cr: 18.2395 )
00000412: 17.9471   (Y': 18.6215   Cb: 15.8151   Cr: 18.2093 )
00000413: 17.9128   (Y': 18.5897   Cb: 15.7804   Cr: 18.1665 )
00000414: 17.9427   (Y': 18.6095   Cb: 15.8167   Cr: 18.2216 )
00000415: 17.9566   (Y': 18.632    Cb: 15.8223   Cr: 18.2186 )
00000416: 17.9346   (Y': 18.5906   Cb: 15.828    Cr: 18.2196 )
00000418: 17.9176   (Y': 18.5518   Cb: 15.8049   Cr: 18.2942 )
00000417: 17.9217   (Y': 18.5852   Cb: 15.8126   Cr: 18.1834 )
00000419: 17.9167   (Y': 18.5738   Cb: 15.8003   Cr: 18.2148 )
00000420: 17.898    (Y': 18.5701   Cb: 15.7775   Cr: 18.1483 )
00000421: 17.9297   (Y': 18.578    Cb: 15.8244   Cr: 18.2409 )
00000422: 17.9511   (Y': 18.5973   Cb: 15.878    Cr: 18.2139 )
00000423: 17.9224   (Y': 18.6055   Cb: 15.7527   Cr: 18.2181 )
00000424: 17.9241   (Y': 18.5793   Cb: 15.8642   Cr: 18.1321 )
00000425: 17.912    (Y': 18.5705   Cb: 15.8046   Cr: 18.1893 )
00000426: 17.9236   (Y': 18.5703   Cb: 15.8289   Cr: 18.2218 )
00000427: 17.9424   (Y': 18.6049   Cb: 15.8464   Cr: 18.185  )
00000428: 17.9244   (Y': 18.5674   Cb: 15.8538   Cr: 18.195  )
00000429: 17.9336   (Y': 18.5675   Cb: 15.849    Cr: 18.2623 )
00000430: 17.9108   (Y': 18.5454   Cb: 15.8276   Cr: 18.2343 )
00000431: 17.9276   (Y': 18.576    Cb: 15.8312   Cr: 18.2229 )
00000432: 17.9481   (Y': 18.5955   Cb: 15.8774   Cr: 18.2028 )
00000433: 17.9178   (Y': 18.554    Cb: 15.8356   Cr: 18.2335 )
00000434: 17.9409   (Y': 18.5785   Cb: 15.8732   Cr: 18.2264 )
00000435: 17.9268   (Y': 18.5675   Cb: 15.8325   Cr: 18.2466 )
00000436: 17.9179   (Y': 18.5445   Cb: 15.8396   Cr: 18.2622 )
00000437: 17.938    (Y': 18.5698   Cb: 15.8868   Cr: 18.2165 )
00000438: 17.9187   (Y': 18.5649   Cb: 15.835    Cr: 18.2002 )
00000439: 17.9325   (Y': 18.5906   Cb: 15.8249   Cr: 18.2114 )
00000440: 17.9162   (Y': 18.5821   Cb: 15.7744   Cr: 18.2262 )
00000441: 17.9326   (Y': 18.602    Cb: 15.7935   Cr: 18.2251 )
00000442: 17.9411   (Y': 18.5977   Cb: 15.8766   Cr: 18.152  )
00000444: 17.9261   (Y': 18.5584   Cb: 15.8611   Cr: 18.2265 )
00000443: 17.9173   (Y': 18.5616   Cb: 15.8274   Cr: 18.2164 )
00000446: 17.9213   (Y': 18.5732   Cb: 15.8381   Cr: 18.1809 )
00000445: 17.9163   (Y': 18.5508   Cb: 15.8454   Cr: 18.2184 )
00000447: 17.9197   (Y': 18.5747   Cb: 15.8014   Cr: 18.2286 )
00000448: 17.9258   (Y': 18.5639   Cb: 15.8429   Cr: 18.2356 )
00000449: 17.9258   (Y': 18.5895   Cb: 15.7902   Cr: 18.2325 )
00000450: 17.919    (Y': 18.5766   Cb: 15.7833   Cr: 18.2489 )
00000452: 17.926    (Y': 18.5977   Cb: 15.7927   Cr: 18.1997 )
00000451: 17.9299   (Y': 18.5929   Cb: 15.8172   Cr: 18.1998 )
00000453: 17.9227   (Y': 18.5852   Cb: 15.841    Cr: 18.1408 )
00000455: 17.9238   (Y': 18.6021   Cb: 15.7826   Cr: 18.1874 )
00000454: 17.9173   (Y': 18.5614   Cb: 15.8218   Cr: 18.2269 )
00000456: 17.9214   (Y': 18.5863   Cb: 15.7923   Cr: 18.2125 )
00000458: 17.9064   (Y': 18.58     Cb: 15.7883   Cr: 18.1468 )
00000457: 17.9236   (Y': 18.6012   Cb: 15.7856   Cr: 18.1839 )
00000460: 17.9139   (Y': 18.5774   Cb: 15.7744   Cr: 18.2285 )
00000459: 17.9149   (Y': 18.5729   Cb: 15.7972   Cr: 18.2117 )
00000461: 17.9272   (Y': 18.5926   Cb: 15.8469   Cr: 18.1332 )
00000462: 17.9412   (Y': 18.6057   Cb: 15.8168   Cr: 18.2255 )
00000463: 17.9079   (Y': 18.606    Cb: 15.7617   Cr: 18.1089 )
00000464: 17.921    (Y': 18.5843   Cb: 15.7826   Cr: 18.2344 )
00000465: 17.9192   (Y': 18.6045   Cb: 15.7848   Cr: 18.1459 )
00000466: 17.9431   (Y': 18.6208   Cb: 15.8171   Cr: 18.1824 )
00000468: 17.9083   (Y': 18.5957   Cb: 15.7879   Cr: 18.1034 )
00000467: 17.923    (Y': 18.5941   Cb: 15.7908   Cr: 18.1973 )
00000469: 17.9192   (Y': 18.5763   Cb: 15.8034   Cr: 18.2157 )
00000470: 17.9228   (Y': 18.5922   Cb: 15.7959   Cr: 18.1942 )
00000471: 17.9228   (Y': 18.5736   Cb: 15.85     Cr: 18.1683 )
00000472: 17.9212   (Y': 18.6213   Cb: 15.7483   Cr: 18.1612 )
00000473: 17.9225   (Y': 18.5909   Cb: 15.8394   Cr: 18.1224 )
00000474: 17.9357   (Y': 18.6      Cb: 15.8094   Cr: 18.2239 )
00000476: 17.9305   (Y': 18.6012   Cb: 15.8052   Cr: 18.1941 )
00000475: 17.9385   (Y': 18.5923   Cb: 15.83     Cr: 18.2347 )
00000477: 17.9113   (Y': 18.5947   Cb: 15.7879   Cr: 18.1255 )
00000478: 17.9373   (Y': 18.6026   Cb: 15.8187   Cr: 18.209  )
00000479: 17.9343   (Y': 18.6133   Cb: 15.8084   Cr: 18.1692 )
00000480: 17.9122   (Y': 18.5918   Cb: 15.794    Cr: 18.1309 )
00000482: 17.9353   (Y': 18.6156   Cb: 15.7979   Cr: 18.1852 )
00000481: 17.9342   (Y': 18.602    Cb: 15.8004   Cr: 18.2235 )
00000483: 17.9143   (Y': 18.5662   Cb: 15.8376   Cr: 18.1625 )
00000484: 17.9375   (Y': 18.6062   Cb: 15.8179   Cr: 18.1984 )
00000485: 17.9275   (Y': 18.5892   Cb: 15.8242   Cr: 18.1864 )
00000486: 17.9318   (Y': 18.6142   Cb: 15.808    Cr: 18.1503 )
00000487: 17.9257   (Y': 18.596    Cb: 15.7879   Cr: 18.2124 )
00000488: 17.9442   (Y': 18.6173   Cb: 15.8459   Cr: 18.1529 )
00000489: 17.9339   (Y': 18.6034   Cb: 15.8099   Cr: 18.1994 )
00000490: 17.9286   (Y': 18.5861   Cb: 15.8187   Cr: 18.2138 )
00000492: 17.9727   (Y': 18.6129   Cb: 15.8682   Cr: 18.3127 )
00000491: 17.9451   (Y': 18.6216   Cb: 15.7971   Cr: 18.2272 )
00000493: 17.934    (Y': 18.5853   Cb: 15.8563   Cr: 18.1862 )
00000494: 17.9543   (Y': 18.6066   Cb: 15.847    Cr: 18.2541 )
00000495: 17.9327   (Y': 18.61     Cb: 15.7809   Cr: 18.2188 )
00000496: 17.9069   (Y': 18.554    Cb: 15.8275   Cr: 18.1778 )
00000497: 17.9471   (Y': 18.5945   Cb: 15.816    Cr: 18.3067 )
00000498: 17.9364   (Y': 18.5936   Cb: 15.8274   Cr: 18.2211 )
00000499: 17.925    (Y': 18.5981   Cb: 15.7953   Cr: 18.187  )
00000501: 17.9096   (Y': 18.5962   Cb: 15.7573   Cr: 18.1625 )
00000500: 17.9198   (Y': 18.5949   Cb: 15.8007   Cr: 18.1571 )
00000502: 17.9409   (Y': 18.6023   Cb: 15.8272   Cr: 18.2187 )
00000503: 17.9313   (Y': 18.5957   Cb: 15.8102   Cr: 18.2104 )
00000504: 17.9418   (Y': 18.582    Cb: 15.8535   Cr: 18.2535 )
00000506: 17.9174   (Y': 18.5935   Cb: 15.7821   Cr: 18.1788 )
00000505: 17.9464   (Y': 18.6178   Cb: 15.8261   Cr: 18.1991 )
00000507: 17.954    (Y': 18.6131   Cb: 15.8289   Cr: 18.2597 )
00000509: 17.9274   (Y': 18.6087   Cb: 15.8049   Cr: 18.1482 )
00000508: 17.9308   (Y': 18.5869   Cb: 15.7979   Cr: 18.2615 )
00000510: 17.9221   (Y': 18.5936   Cb: 15.8111   Cr: 18.1583 )
00000511: 17.9383   (Y': 18.6012   Cb: 15.8065   Cr: 18.2418 )
00000512: 17.9521   (Y': 18.6208   Cb: 15.8368   Cr: 18.2058 )
00000513: 17.9323   (Y': 18.5818   Cb: 15.8339   Cr: 18.2272 )
00000514: 17.9486   (Y': 18.6318   Cb: 15.8217   Cr: 18.1701 )
00000516: 17.9354   (Y': 18.5798   Cb: 15.8505   Cr: 18.2256 )
00000515: 17.9271   (Y': 18.5899   Cb: 15.8095   Cr: 18.2063 )
00000517: 17.9331   (Y': 18.6073   Cb: 15.8199   Cr: 18.1633 )
00000519: 17.9426   (Y': 18.6122   Cb: 15.8187   Cr: 18.2073 )
00000518: 17.919    (Y': 18.5992   Cb: 15.7868   Cr: 18.1599 )
00000520: 17.9094   (Y': 18.5817   Cb: 15.7694   Cr: 18.1927 )
00000522: 17.9056   (Y': 18.5568   Cb: 15.8053   Cr: 18.197  )
00000521: 17.91     (Y': 18.5814   Cb: 15.7639   Cr: 18.2072 )
00000523: 17.9267   (Y': 18.603    Cb: 15.804    Cr: 18.1656 )
00000524: 17.9159   (Y': 18.5708   Cb: 15.8023   Cr: 18.217  )
00000525: 17.9278   (Y': 18.5943   Cb: 15.7799   Cr: 18.2465 )
00000526: 17.9384   (Y': 18.601    Cb: 15.811    Cr: 18.2354 )
00000527: 17.9285   (Y': 18.5939   Cb: 15.7973   Cr: 18.2221 )
00000528: 17.9278   (Y': 18.569    Cb: 15.8186   Cr: 18.2722 )
00000529: 17.9263   (Y': 18.5991   Cb: 15.7926   Cr: 18.1968 )
00000530: 17.9404   (Y': 18.6033   Cb: 15.8382   Cr: 18.1927 )
00000531: 17.9237   (Y': 18.5753   Cb: 15.8363   Cr: 18.1919 )
00000532: 17.9533   (Y': 18.6128   Cb: 15.8795   Cr: 18.169  )
00000533: 17.9309   (Y': 18.5779   Cb: 15.8553   Cr: 18.1957 )
00000534: 17.9326   (Y': 18.5908   Cb: 15.8478   Cr: 18.1718 )
00000535: 17.9225   (Y': 18.5992   Cb: 15.8169   Cr: 18.1307 )
00000536: 17.9406   (Y': 18.6207   Cb: 15.7718   Cr: 18.2461 )
00000537: 17.9334   (Y': 18.5942   Cb: 15.8061   Cr: 18.2367 )
00000538: 17.9345   (Y': 18.6032   Cb: 15.8024   Cr: 18.217  )
00000539: 17.9398   (Y': 18.5905   Cb: 15.8703   Cr: 18.1801 )
00000540: 17.932    (Y': 18.5648   Cb: 15.898    Cr: 18.178  )
00000541: 17.9252   (Y': 18.6098   Cb: 15.7696   Cr: 18.1913 )
00000542: 17.9167   (Y': 18.5913   Cb: 15.7865   Cr: 18.1744 )
00000543: 17.9222   (Y': 18.5792   Cb: 15.8362   Cr: 18.1682 )
00000544: 17.9212   (Y': 18.5704   Cb: 15.8118   Cr: 18.2357 )
00000545: 17.9357   (Y': 18.588    Cb: 15.844    Cr: 18.2082 )
00000546: 17.9251   (Y': 18.5827   Cb: 15.8033   Cr: 18.2305 )
00000547: 17.9012   (Y': 18.5681   Cb: 15.7753   Cr: 18.1795 )
00000548: 17.9428   (Y': 18.5892   Cb: 15.8347   Cr: 18.2658 )
00000549: 17.9319   (Y': 18.5797   Cb: 15.8378   Cr: 18.225  )
00000550: 17.925    (Y': 18.587    Cb: 15.8076   Cr: 18.2068 )
00000551: 17.9294   (Y': 18.5911   Cb: 15.8355   Cr: 18.1715 )
00000552: 17.9197   (Y': 18.5748   Cb: 15.8202   Cr: 18.1953 )
00000553: 17.9594   (Y': 18.6253   Cb: 15.8349   Cr: 18.2389 )
00000554: 17.9245   (Y': 18.5771   Cb: 15.7903   Cr: 18.2704 )
00000556: 17.9331   (Y': 18.593    Cb: 15.8045   Cr: 18.2418 )
00000555: 17.9319   (Y': 18.5847   Cb: 15.805    Cr: 18.2643 )
00000557: 17.9121   (Y': 18.5788   Cb: 15.7917   Cr: 18.1814 )
00000559: 17.921    (Y': 18.5931   Cb: 15.8118   Cr: 18.1517 )
00000558: 17.9297   (Y': 18.5794   Cb: 15.8146   Cr: 18.253  )
00000560: 17.9461   (Y': 18.6135   Cb: 15.8158   Cr: 18.2304 )
00000561: 17.9335   (Y': 18.5846   Cb: 15.8547   Cr: 18.1888 )
00000562: 17.9172   (Y': 18.5738   Cb: 15.7851   Cr: 18.2446 )
00000563: 17.9216   (Y': 18.5868   Cb: 15.8297   Cr: 18.1475 )
00000564: 17.9054   (Y': 18.5824   Cb: 15.7825   Cr: 18.1421 )
00000565: 17.9292   (Y': 18.5731   Cb: 15.8473   Cr: 18.216  )
00000566: 17.9155   (Y': 18.5749   Cb: 15.8108   Cr: 18.185  )
00000567: 17.9361   (Y': 18.6169   Cb: 15.7916   Cr: 18.196  )
00000568: 17.9333   (Y': 18.5836   Cb: 15.8235   Cr: 18.2452 )
00000569: 17.9054   (Y': 18.5698   Cb: 15.7895   Cr: 18.1758 )
00000570: 17.9415   (Y': 18.5963   Cb: 15.8605   Cr: 18.1865 )
00000571: 17.917    (Y': 18.5809   Cb: 15.8133   Cr: 18.1681 )
00000572: 17.9187   (Y': 18.5806   Cb: 15.797    Cr: 18.2077 )
00000573: 17.9008   (Y': 18.5595   Cb: 15.7958   Cr: 18.173  )
00000574: 17.9213   (Y': 18.5683   Cb: 15.8431   Cr: 18.1904 )
00000575: 17.9118   (Y': 18.5868   Cb: 15.8061   Cr: 18.1261 )
00000576: 17.9229   (Y': 18.5865   Cb: 15.7732   Cr: 18.255  )
00000577: 17.9533   (Y': 18.6126   Cb: 15.8575   Cr: 18.2074 )
00000578: 17.9257   (Y': 18.5923   Cb: 15.831    Cr: 18.1517 )
00000580: 17.9043   (Y': 18.5662   Cb: 15.7726   Cr: 18.2115 )
00000579: 17.9236   (Y': 18.5784   Cb: 15.8154   Cr: 18.2154 )
00000581: 17.9417   (Y': 18.5861   Cb: 15.8622   Cr: 18.2219 )
00000582: 17.9166   (Y': 18.5769   Cb: 15.7924   Cr: 18.2162 )
00000583: 17.9314   (Y': 18.5755   Cb: 15.8566   Cr: 18.2052 )
00000584: 17.9137   (Y': 18.5843   Cb: 15.7905   Cr: 18.174  )
00000585: 17.9407   (Y': 18.5962   Cb: 15.8525   Cr: 18.1956 )
00000586: 17.9229   (Y': 18.5821   Cb: 15.8106   Cr: 18.2063 )
00000587: 17.9254   (Y': 18.5712   Cb: 15.8168   Cr: 18.2515 )
00000588: 17.9298   (Y': 18.6088   Cb: 15.7814   Cr: 18.2032 )
00000589: 17.9357   (Y': 18.6015   Cb: 15.8253   Cr: 18.1916 )
00000590: 17.9302   (Y': 18.5845   Cb: 15.8402   Cr: 18.1926 )
00000591: 17.9588   (Y': 18.6022   Cb: 15.8403   Cr: 18.3109 )
00000592: 17.8974   (Y': 18.5611   Cb: 15.7858   Cr: 18.1625 )
00000593: 17.9222   (Y': 18.5752   Cb: 15.8262   Cr: 18.1998 )
00000594: 17.9251   (Y': 18.5794   Cb: 15.8193   Cr: 18.2149 )
00000595: 17.9282   (Y': 18.5793   Cb: 15.8132   Cr: 18.246  )
00000596: 17.9319   (Y': 18.6046   Cb: 15.7907   Cr: 18.2156 )
00000597: 17.935    (Y': 18.5998   Cb: 15.8194   Cr: 18.2037 )
00000598: 17.9142   (Y': 18.5697   Cb: 15.8153   Cr: 18.1877 )
00000599: 17.9446   (Y': 18.5853   Cb: 15.8869   Cr: 18.2017 )
00000600: 17.9024   (Y': 18.5731   Cb: 15.808    Cr: 18.1131 )
00000602: 17.9406   (Y': 18.5617   Cb: 15.8867   Cr: 18.2634 )
00000601: 17.9442   (Y': 18.5894   Cb: 15.9007   Cr: 18.1609 )
00000603: 17.9532   (Y': 18.5993   Cb: 15.8964   Cr: 18.1891 )
00000604: 17.9228   (Y': 18.5557   Cb: 15.8736   Cr: 18.1936 )
00000605: 17.9309   (Y': 18.5803   Cb: 15.8243   Cr: 18.2403 )
00000606: 17.912    (Y': 18.5693   Cb: 15.7983   Cr: 18.2041 )
00000607: 17.9122   (Y': 18.5662   Cb: 15.8245   Cr: 18.1719 )
00000608: 17.9577   (Y': 18.5913   Cb: 15.889    Cr: 18.2599 )
00000609: 17.9238   (Y': 18.598    Cb: 15.788    Cr: 18.1928 )
00000610: 17.9547   (Y': 18.6289   Cb: 15.8066   Cr: 18.2454 )
00000611: 17.9332   (Y': 18.585    Cb: 15.8603   Cr: 18.1755 )
00000612: 17.9438   (Y': 18.5961   Cb: 15.87     Cr: 18.186  )
00000613: 17.9292   (Y': 18.5946   Cb: 15.8257   Cr: 18.1745 )
00000614: 17.9311   (Y': 18.5877   Cb: 15.8271   Cr: 18.2092 )
00000615: 17.9129   (Y': 18.5813   Cb: 15.7886   Cr: 18.183  )
00000616: 17.9033   (Y': 18.5678   Cb: 15.7739   Cr: 18.1964 )
00000617: 17.9215   (Y': 18.5709   Cb: 15.8059   Cr: 18.2465 )
00000618: 17.9154   (Y': 18.5776   Cb: 15.7854   Cr: 18.218  )
00000619: 17.9236   (Y': 18.5797   Cb: 15.8143   Cr: 18.2132 )
00000620: 17.9512   (Y': 18.5918   Cb: 15.8725   Cr: 18.2445 )
00000621: 17.939    (Y': 18.6148   Cb: 15.832    Cr: 18.1524 )
00000622: 17.9366   (Y': 18.5836   Cb: 15.8658   Cr: 18.193  )
00000623: 17.9494   (Y': 18.6087   Cb: 15.8392   Cr: 18.2288 )
00000624: 17.9501   (Y': 18.6206   Cb: 15.8252   Cr: 18.2134 )
00000625: 17.9325   (Y': 18.5979   Cb: 15.8109   Cr: 18.2089 )
00000626: 17.9521   (Y': 18.5936   Cb: 15.8487   Cr: 18.2847 )
00000627: 17.9326   (Y': 18.5767   Cb: 15.8249   Cr: 18.2632 )
00000628: 17.9484   (Y': 18.6128   Cb: 15.8445   Cr: 18.1976 )
00000629: 17.9412   (Y': 18.5886   Cb: 15.8293   Cr: 18.2673 )
00000630: 17.9273   (Y': 18.5646   Cb: 15.8581   Cr: 18.2162 )
00000631: 17.9267   (Y': 18.5501   Cb: 15.8413   Cr: 18.296  )
00000632: 17.8977   (Y': 18.5655   Cb: 15.786    Cr: 18.1485 )
00000633: 17.941    (Y': 18.6147   Cb: 15.8315   Cr: 18.1662 )
00000634: 17.921    (Y': 18.5744   Cb: 15.8199   Cr: 18.2059 )
00000635: 17.9368   (Y': 18.572    Cb: 15.8642   Cr: 18.2393 )
00000636: 17.9404   (Y': 18.598    Cb: 15.8593   Cr: 18.1758 )
00000637: 17.9305   (Y': 18.5761   Cb: 15.8404   Cr: 18.2253 )
00000638: 17.9237   (Y': 18.5763   Cb: 15.8447   Cr: 18.1738 )
00000639: 17.9226   (Y': 18.5682   Cb: 15.8485   Cr: 18.1897 )
00000640: 17.9663   (Y': 18.6061   Cb: 15.8859   Cr: 18.2655 )
00000641: 17.905    (Y': 18.541    Cb: 15.8467   Cr: 18.1802 )
00000642: 17.9353   (Y': 18.5792   Cb: 15.8634   Cr: 18.2046 )
00000643: 17.9271   (Y': 18.5825   Cb: 15.8583   Cr: 18.1498 )
00000644: 17.9464   (Y': 18.6028   Cb: 15.829    Cr: 18.2487 )
00000645: 17.9396   (Y': 18.5485   Cb: 15.911    Cr: 18.2647 )
00000646: 17.937    (Y': 18.5902   Cb: 15.8318   Cr: 18.2296 )
00000647: 17.9211   (Y': 18.597    Cb: 15.7695   Cr: 18.2118 )
00000648: 17.9328   (Y': 18.5796   Cb: 15.8295   Cr: 18.2458 )
00000649: 17.934    (Y': 18.5846   Cb: 15.8194   Cr: 18.2531 )
00000650: 17.9483   (Y': 18.5817   Cb: 15.8612   Cr: 18.2829 )
00000651: 17.9428   (Y': 18.5832   Cb: 15.8387   Cr: 18.2814 )
00000652: 17.9431   (Y': 18.5696   Cb: 15.8899   Cr: 18.2449 )
00000653: 17.9443   (Y': 18.5746   Cb: 15.9097   Cr: 18.2002 )
00000654: 17.9378   (Y': 18.6096   Cb: 15.8246   Cr: 18.1766 )
00000655: 17.9405   (Y': 18.6144   Cb: 15.8058   Cr: 18.2086 )
00000656: 17.9517   (Y': 18.6048   Cb: 15.8378   Cr: 18.2599 )
00000657: 17.9343   (Y': 18.5795   Cb: 15.859    Cr: 18.2047 )
00000658: 17.9347   (Y': 18.5766   Cb: 15.8502   Cr: 18.2333 )
00000659: 17.9356   (Y': 18.5691   Cb: 15.8201   Cr: 18.3201 )
00000660: 17.9067   (Y': 18.5569   Cb: 15.8535   Cr: 18.1216 )
00000661: 17.9109   (Y': 18.5493   Cb: 15.8703   Cr: 18.1473 )
00000662: 17.9196   (Y': 18.566    Cb: 15.8327   Cr: 18.2058 )
00000663: 17.9248   (Y': 18.5993   Cb: 15.8346   Cr: 18.1146 )
00000664: 17.9266   (Y': 18.5617   Cb: 15.8529   Cr: 18.2316 )
00000665: 17.9383   (Y': 18.5765   Cb: 15.8884   Cr: 18.191  )
00000666: 17.9364   (Y': 18.5803   Cb: 15.8746   Cr: 18.1884 )
00000668: 17.9089   (Y': 18.5672   Cb: 15.804    Cr: 18.1824 )
00000667: 17.9274   (Y': 18.5806   Cb: 15.8223   Cr: 18.2196 )
00000669: 17.9322   (Y': 18.5777   Cb: 15.8342   Cr: 18.2407 )
00000670: 17.9443   (Y': 18.5755   Cb: 15.8655   Cr: 18.2729 )
00000671: 17.9301   (Y': 18.5699   Cb: 15.8543   Cr: 18.2213 )
00000672: 17.9188   (Y': 18.579    Cb: 15.7905   Cr: 18.2263 )
00000673: 17.952    (Y': 18.6028   Cb: 15.8528   Cr: 18.2432 )
00000674: 17.9175   (Y': 18.5798   Cb: 15.7941   Cr: 18.2087 )
00000675: 17.9339   (Y': 18.5972   Cb: 15.8096   Cr: 18.2227 )
00000676: 17.9348   (Y': 18.5878   Cb: 15.8226   Cr: 18.2403 )
00000677: 17.9457   (Y': 18.5926   Cb: 15.8209   Cr: 18.2961 )
00000678: 17.9398   (Y': 18.6024   Cb: 15.8116   Cr: 18.2383 )
00000679: 17.9371   (Y': 18.5854   Cb: 15.8409   Cr: 18.2325 )
00000680: 17.9124   (Y': 18.5727   Cb: 15.7894   Cr: 18.2104 )
00000681: 17.9377   (Y': 18.5754   Cb: 15.8468   Cr: 18.2633 )
00000682: 17.928    (Y': 18.5857   Cb: 15.842    Cr: 18.171  )
00000683: 17.9246   (Y': 18.5745   Cb: 15.8305   Cr: 18.2103 )
00000684: 17.9272   (Y': 18.583    Cb: 15.8304   Cr: 18.196  )
00000685: 17.9126   (Y': 18.5788   Cb: 15.782    Cr: 18.202  )
00000686: 17.9023   (Y': 18.5733   Cb: 15.7676   Cr: 18.181  )
00000687: 17.9415   (Y': 18.5991   Cb: 15.8332   Cr: 18.2237 )
00000688: 17.9224   (Y': 18.5731   Cb: 15.8299   Cr: 18.2021 )
00000689: 17.9433   (Y': 18.6004   Cb: 15.8615   Cr: 18.1816 )
00000690: 17.9196   (Y': 18.5836   Cb: 15.7899   Cr: 18.2156 )
00000692: 17.9927   (Y': 18.6773   Cb: 15.8505   Cr: 18.2352 )
00000693: 17.9969   (Y': 18.6598   Cb: 15.9125   Cr: 18.2184 )
00000691: 17.9781   (Y': 18.6537   Cb: 15.8672   Cr: 18.1996 )
00000694: 18.0205   (Y': 18.672    Cb: 15.926    Cr: 18.3012 )
00000695: 18.0586   (Y': 18.686    Cb: 16.0121   Cr: 18.3454 )
00000696: 18.1023   (Y': 18.6844   Cb: 16.0933   Cr: 18.4951 )
00000697: 18.1164   (Y': 18.6735   Cb: 16.1284   Cr: 18.5688 )
00000698: 18.118    (Y': 18.6508   Cb: 16.1429   Cr: 18.6433 )
00000700: 18.07     (Y': 18.5693   Cb: 16.1867   Cr: 18.5689 )
00000699: 18.0859   (Y': 18.5733   Cb: 16.2192   Cr: 18.6035 )
00000701: 18.0034   (Y': 18.4295   Cb: 16.2307   Cr: 18.6098 )
00000702: 17.9919   (Y': 18.3872   Cb: 16.2804   Cr: 18.622  )
00000703: 18.1558   (Y': 18.6367   Cb: 16.2891   Cr: 18.6997 )
00000704: 18.2242   (Y': 18.7208   Cb: 16.3237   Cr: 18.7635 )
00000705: 18.224    (Y': 18.7474   Cb: 16.3147   Cr: 18.6714 )
00000706: 18.2881   (Y': 18.7651   Cb: 16.3607   Cr: 18.9558 )
00000707: 18.3639   (Y': 18.8601   Cb: 16.4175   Cr: 18.9866 )
00000708: 18.4664   (Y': 18.9518   Cb: 16.4854   Cr: 19.1974 )
00000709: 18.5554   (Y': 19.0285   Cb: 16.5456   Cr: 19.3945 )
00000710: 18.6367   (Y': 19.0629   Cb: 16.6264   Cr: 19.6863 )
00000711: 18.6387   (Y': 19.0358   Cb: 16.6202   Cr: 19.8428 )
00000712: 18.6032   (Y': 18.9789   Cb: 16.5963   Cr: 19.8872 )
00000713: 18.4443   (Y': 18.8068   Cb: 16.4803   Cr: 19.7025 )
00000714: 18.2813   (Y': 18.6246   Cb: 16.3453   Cr: 19.5751 )
00000715: 18.1576   (Y': 18.4448   Cb: 16.3278   Cr: 19.5125 )
00000716: 18.0433   (Y': 18.3641   Cb: 16.1436   Cr: 19.3735 )
00000718: 17.9964   (Y': 18.37     Cb: 16.0376   Cr: 19.19   )
00000717: 17.9665   (Y': 18.276    Cb: 16.0747   Cr: 19.3379 )
00000719: 18.1812   (Y': 18.6894   Cb: 16.0058   Cr: 19.197  )
00000720: 18.2276   (Y': 18.7578   Cb: 16.0552   Cr: 19.1396 )
00000721: 18.9357   (Y': 19.6495   Cb: 16.3648   Cr: 19.9122 )
00000722: 18.9387   (Y': 19.6289   Cb: 16.3708   Cr: 20.0093 )
00000723: 19.1248   (Y': 19.8473   Cb: 16.5514   Cr: 20.0696 )
00000724: 18.8346   (Y': 19.4307   Cb: 16.4967   Cr: 19.8042 )
00000725: 18.6607   (Y': 19.1611   Cb: 16.4869   Cr: 19.7082 )
00000726: 18.4888   (Y': 18.929    Cb: 16.4325   Cr: 19.5677 )
00000727: 18.5091   (Y': 18.9291   Cb: 16.4647   Cr: 19.6578 )
00000728: 18.5136   (Y': 18.8665   Cb: 16.5636   Cr: 19.79   )
00000729: 18.5498   (Y': 18.9111   Cb: 16.5704   Cr: 19.8465 )
00000730: 18.5869   (Y': 18.9104   Cb: 16.6548   Cr: 19.973  )
00000731: 18.8136   (Y': 19.1432   Cb: 16.8689   Cr: 20.1949 )
00000732: 18.8915   (Y': 19.2237   Cb: 16.9067   Cr: 20.3473 )
00000733: 18.9818   (Y': 19.2662   Cb: 17.1186   Cr: 20.4212 )
00000734: 18.8854   (Y': 19.2249   Cb: 17.0079   Cr: 20.0772 )
00000735: 18.8968   (Y': 19.2445   Cb: 17.0218   Cr: 20.0443 )
00000736: 18.8278   (Y': 19.2574   Cb: 16.8998   Cr: 19.7004 )
00000737: 18.8204   (Y': 19.2752   Cb: 16.9052   Cr: 19.56   )
00000738: 18.745    (Y': 19.2183   Cb: 16.8961   Cr: 19.2887 )
00000739: 18.7007   (Y': 19.2476   Cb: 16.755    Cr: 19.1195 )
00000740: 18.6402   (Y': 19.1826   Cb: 16.6816   Cr: 19.0988 )
00000741: 18.6097   (Y': 19.1804   Cb: 16.6295   Cr: 18.9961 )
00000742: 18.483    (Y': 19.0431   Cb: 16.5371   Cr: 18.8513 )
00000743: 18.4307   (Y': 19.0348   Cb: 16.4323   Cr: 18.722  )
00000744: 18.454    (Y': 19.0689   Cb: 16.476    Cr: 18.6714 )
00000745: 18.426    (Y': 19.0341   Cb: 16.4557   Cr: 18.6552 )
00000746: 18.4202   (Y': 19.0006   Cb: 16.4552   Cr: 18.7439 )
00000747: 18.2142   (Y': 18.8727   Cb: 16.186    Cr: 18.3576 )
00000748: 18.1464   (Y': 18.7744   Cb: 16.0887   Cr: 18.4499 )
00000749: 18.1154   (Y': 18.739    Cb: 16.0673   Cr: 18.4192 )
00000750: 18.1083   (Y': 18.7301   Cb: 16.0881   Cr: 18.371  )
00000751: 18.1146   (Y': 18.7541   Cb: 16.0003   Cr: 18.4747 )
00000752: 18.1344   (Y': 18.7643   Cb: 16.0606   Cr: 18.4588 )
00000753: 18.0929   (Y': 18.7019   Cb: 16.0849   Cr: 18.382  )
00000754: 18.7099   (Y': 19.4972   Cb: 16.3909   Cr: 18.8988 )
00000755: 18.8959   (Y': 19.6491   Cb: 16.482    Cr: 19.3844 )
00000756: 18.9209   (Y': 19.6714   Cb: 16.5288   Cr: 19.3774 )
00000757: 18.5274   (Y': 19.2637   Cb: 16.2735   Cr: 18.7797 )
00000758: 18.4071   (Y': 19.1395   Cb: 16.1742   Cr: 18.6362 )
00000759: 18.21     (Y': 18.8998   Cb: 16.0759   Cr: 18.42   )
00000760: 18.1082   (Y': 18.7292   Cb: 16.0542   Cr: 18.4317 )
00000761: 18.1173   (Y': 18.7463   Cb: 16.0743   Cr: 18.3924 )
00000762: 18.0903   (Y': 18.7636   Cb: 15.9517   Cr: 18.3675 )
00000763: 18.0469   (Y': 18.6991   Cb: 15.9693   Cr: 18.2958 )
00000764: 18.0752   (Y': 18.7181   Cb: 16.0006   Cr: 18.353  )
00000765: 18.0797   (Y': 18.6879   Cb: 16.0105   Cr: 18.4784 )
00000766: 18.069    (Y': 18.6856   Cb: 16.0398   Cr: 18.3659 )
00000768: 18.0923   (Y': 18.7022   Cb: 16.0514   Cr: 18.4346 )
00000767: 18.0852   (Y': 18.6987   Cb: 16.0437   Cr: 18.4152 )
00000769: 18.115    (Y': 18.7159   Cb: 16.1248   Cr: 18.4043 )
00000770: 18.0837   (Y': 18.707    Cb: 16.0454   Cr: 18.3712 )
00000771: 18.0732   (Y': 18.7109   Cb: 16.0175   Cr: 18.3375 )
00000772: 18.0841   (Y': 18.7261   Cb: 15.9977   Cr: 18.3859 )
00000773: 18.0616   (Y': 18.6842   Cb: 16.0007   Cr: 18.3907 )
00000774: 18.0483   (Y': 18.6873   Cb: 15.9812   Cr: 18.3272 )
00000775: 18.0687   (Y': 18.6971   Cb: 15.993    Cr: 18.4022 )
00000776: 18.1182   (Y': 18.7428   Cb: 16.0668   Cr: 18.4239 )
00000777: 18.0665   (Y': 18.677    Cb: 16.0375   Cr: 18.3856 )
00000778: 18.0711   (Y': 18.706    Cb: 15.9851   Cr: 18.3981 )
00000779: 18.1076   (Y': 18.7196   Cb: 16.0896   Cr: 18.403  )
00000780: 18.0859   (Y': 18.7512   Cb: 15.9938   Cr: 18.3122 )
00000781: 18.0554   (Y': 18.6715   Cb: 16.0239   Cr: 18.3584 )
00000782: 18.0832   (Y': 18.7091   Cb: 16.0073   Cr: 18.4263 )
00000783: 18.0712   (Y': 18.6911   Cb: 16.0313   Cr: 18.3744 )
00000784: 18.0775   (Y': 18.6834   Cb: 16.0407   Cr: 18.428  )
00000785: 18.0506   (Y': 18.6949   Cb: 15.9349   Cr: 18.3946 )
00000786: 18.0794   (Y': 18.7217   Cb: 16.0101   Cr: 18.3502 )
00000787: 18.058    (Y': 18.7007   Cb: 16.0049   Cr: 18.2999 )
00000788: 18.0765   (Y': 18.6956   Cb: 16.0321   Cr: 18.3905 )
00000789: 18.0913   (Y': 18.7055   Cb: 16.0485   Cr: 18.4207 )
00000790: 18.0986   (Y': 18.7319   Cb: 16.0288   Cr: 18.4036 )
00000791: 18.0384   (Y': 18.6834   Cb: 15.9639   Cr: 18.3081 )
00000792: 18.0452   (Y': 18.6618   Cb: 16.01     Cr: 18.3526 )
00000793: 18.0765   (Y': 18.7085   Cb: 16.0152   Cr: 18.3713 )
00000794: 18.0603   (Y': 18.6892   Cb: 16.0203   Cr: 18.3308 )
00000795: 18.0589   (Y': 18.7048   Cb: 16.0018   Cr: 18.296  )
00000796: 18.0453   (Y': 18.6716   Cb: 16.006    Cr: 18.3241 )
00000797: 18.0971   (Y': 18.7228   Cb: 16.0147   Cr: 18.4527 )
00000798: 18.0597   (Y': 18.678    Cb: 16.0051   Cr: 18.394  )
00000799: 18.0594   (Y': 18.6822   Cb: 16.0112   Cr: 18.3661 )
00000800: 18.073    (Y': 18.6979   Cb: 16.0322   Cr: 18.3588 )
00000801: 18.0639   (Y': 18.6796   Cb: 16.0351   Cr: 18.364  )
00000802: 18.046    (Y': 18.6785   Cb: 16.0076   Cr: 18.3    )
00000803: 18.08     (Y': 18.6992   Cb: 16.0142   Cr: 18.4304 )
00000804: 18.0593   (Y': 18.6833   Cb: 16.0214   Cr: 18.3437 )
00000805: 18.0729   (Y': 18.7076   Cb: 16.0195   Cr: 18.3444 )
00000806: 18.0574   (Y': 18.6778   Cb: 16.0046   Cr: 18.3811 )
00000807: 18.0476   (Y': 18.6755   Cb: 16.0015   Cr: 18.3316 )
00000808: 18.0526   (Y': 18.6773   Cb: 15.9836   Cr: 18.3882 )
00000809: 18.0539   (Y': 18.6609   Cb: 16.0374   Cr: 18.3655 )
00000810: 18.0436   (Y': 18.6899   Cb: 15.9399   Cr: 18.3595 )
00000811: 18.1018   (Y': 18.7208   Cb: 16.0411   Cr: 18.4447 )
00000812: 18.0529   (Y': 18.6645   Cb: 16.0022   Cr: 18.4056 )
00000813: 18.0459   (Y': 18.691    Cb: 15.9778   Cr: 18.3043 )
00000814: 18.0557   (Y': 18.6833   Cb: 16.021    Cr: 18.3215 )
00000815: 18.0606   (Y': 18.6913   Cb: 16.0136   Cr: 18.3358 )
00000816: 18.04     (Y': 18.6898   Cb: 15.9631   Cr: 18.2967 )
00000817: 18.0435   (Y': 18.6873   Cb: 15.9483   Cr: 18.3534 )
00000818: 18.0316   (Y': 18.6865   Cb: 15.9682   Cr: 18.2463 )
00000819: 18.0066   (Y': 18.6412   Cb: 15.929    Cr: 18.3201 )
00000820: 18.05     (Y': 18.6954   Cb: 15.9842   Cr: 18.3034 )
00000821: 18.0467   (Y': 18.6768   Cb: 16.0002   Cr: 18.3234 )
00000822: 18.0493   (Y': 18.6864   Cb: 15.99     Cr: 18.3222 )
00000823: 18.0539   (Y': 18.6907   Cb: 15.9843   Cr: 18.3459 )
00000824: 18.0362   (Y': 18.6942   Cb: 15.9606   Cr: 18.2608 )
00000825: 18.0438   (Y': 18.6685   Cb: 16.0074   Cr: 18.3237 )
00000826: 18.0213   (Y': 18.6543   Cb: 15.9471   Cr: 18.335  )
00000827: 18.0641   (Y': 18.6893   Cb: 16.0157   Cr: 18.3624 )
00000828: 18.0554   (Y': 18.6819   Cb: 16.0129   Cr: 18.339  )
00000829: 18.046    (Y': 18.6762   Cb: 15.9812   Cr: 18.3538 )
00000830: 18.0549   (Y': 18.6887   Cb: 15.9528   Cr: 18.4145 )
00000831: 18.0402   (Y': 18.6662   Cb: 15.9974   Cr: 18.326  )
00000832: 18.0602   (Y': 18.7055   Cb: 15.991    Cr: 18.3197 )
00000833: 18.0666   (Y': 18.6957   Cb: 15.9992   Cr: 18.3826 )
00000834: 18.0728   (Y': 18.694    Cb: 16.0277   Cr: 18.3798 )
00000835: 18.056    (Y': 18.6809   Cb: 15.9914   Cr: 18.3831 )
00000836: 18.0681   (Y': 18.6734   Cb: 16.0447   Cr: 18.3977 )
00000837: 18.0572   (Y': 18.6826   Cb: 15.9994   Cr: 18.3709 )
00000838: 18.0565   (Y': 18.681    Cb: 15.9954   Cr: 18.3791 )
00000839: 18.0594   (Y': 18.6909   Cb: 15.9627   Cr: 18.4182 )
00000840: 18.075    (Y': 18.6874   Cb: 16.0501   Cr: 18.3806 )
00000841: 18.0518   (Y': 18.6921   Cb: 15.9596   Cr: 18.37   )
00000842: 18.0541   (Y': 18.6858   Cb: 16.0039   Cr: 18.331  )
00000843: 18.0431   (Y': 18.6974   Cb: 15.9436   Cr: 18.3218 )
00000844: 18.0553   (Y': 18.6959   Cb: 16        Cr: 18.3086 )
00000845: 18.0571   (Y': 18.6935   Cb: 15.985    Cr: 18.3547 )
00000846: 18.0561   (Y': 18.7027   Cb: 15.9693   Cr: 18.3411 )
00000847: 18.0551   (Y': 18.6753   Cb: 16.0105   Cr: 18.3653 )
00000848: 18.0638   (Y': 18.7053   Cb: 15.9885   Cr: 18.3481 )
00000849: 18.0439   (Y': 18.6857   Cb: 15.9772   Cr: 18.3125 )
00000850: 18.044    (Y': 18.6893   Cb: 15.9461   Cr: 18.3534 )
00000851: 18.0262   (Y': 18.671    Cb: 15.951    Cr: 18.2978 )
00000852: 18.0501   (Y': 18.6902   Cb: 15.951    Cr: 18.3808 )
00000853: 18.059    (Y': 18.6795   Cb: 16.0088   Cr: 18.378  )
00000854: 18.037    (Y': 18.6941   Cb: 15.9361   Cr: 18.3077 )
00000855: 18.0635   (Y': 18.6893   Cb: 15.9865   Cr: 18.4089 )
00000856: 18.0512   (Y': 18.6628   Cb: 16.0363   Cr: 18.3427 )
00000857: 18.07     (Y': 18.7076   Cb: 15.9936   Cr: 18.3705 )
00000858: 18.0605   (Y': 18.722    Cb: 15.9531   Cr: 18.3269 )
00000859: 18.0757   (Y': 18.7191   Cb: 16.0026   Cr: 18.3489 )
00000860: 18.063    (Y': 18.686    Cb: 15.9821   Cr: 18.4258 )
00000861: 18.0479   (Y': 18.6896   Cb: 15.9868   Cr: 18.3067 )
00000862: 18.0551   (Y': 18.7019   Cb: 15.9765   Cr: 18.3257 )
00000863: 18.0719   (Y': 18.6923   Cb: 16.0277   Cr: 18.3805 )
00000864: 18.0889   (Y': 18.7216   Cb: 16.0553   Cr: 18.3342 )
00000865: 18.0467   (Y': 18.6817   Cb: 15.9822   Cr: 18.3362 )
00000866: 18.0497   (Y': 18.674    Cb: 16.002    Cr: 18.3497 )
00000867: 18.0564   (Y': 18.6969   Cb: 15.9901   Cr: 18.3288 )
00000868: 18.0488   (Y': 18.6893   Cb: 15.9701   Cr: 18.3426 )
00000869: 18.0571   (Y': 18.6969   Cb: 15.9863   Cr: 18.3395 )
00000870: 18.0546   (Y': 18.6798   Cb: 15.9953   Cr: 18.3714 )
00000871: 18.0885   (Y': 18.7332   Cb: 16.0298   Cr: 18.3327 )
00000872: 18.065    (Y': 18.7044   Cb: 16.0117   Cr: 18.319  )
00000873: 18.071    (Y': 18.7018   Cb: 16.0194   Cr: 18.3541 )
00000874: 18.0783   (Y': 18.6985   Cb: 16.056    Cr: 18.3506 )
00000875: 18.052    (Y': 18.679    Cb: 15.9911   Cr: 18.3649 )
00000876: 18.0678   (Y': 18.6867   Cb: 16.011    Cr: 18.4039 )
00000877: 18.0503   (Y': 18.699    Cb: 15.9797   Cr: 18.3    )
00000878: 18.0625   (Y': 18.6841   Cb: 16.0303   Cr: 18.3459 )
00000879: 18.0687   (Y': 18.6982   Cb: 16.0237   Cr: 18.3452 )
00000880: 18.068    (Y': 18.7113   Cb: 16.0104   Cr: 18.3157 )
00000881: 18.0386   (Y': 18.6657   Cb: 15.9977   Cr: 18.3164 )
00000882: 18.0729   (Y': 18.7238   Cb: 15.9828   Cr: 18.3481 )
00000883: 18.0872   (Y': 18.7152   Cb: 16.0282   Cr: 18.3934 )
00000884: 18.0506   (Y': 18.677    Cb: 15.9918   Cr: 18.3626 )
00000885: 18.0584   (Y': 18.6939   Cb: 16.0151   Cr: 18.3095 )
00000886: 18.0674   (Y': 18.6901   Cb: 15.9979   Cr: 18.4114 )
00000887: 18.0408   (Y': 18.6846   Cb: 15.9874   Cr: 18.2793 )
00000888: 18.0647   (Y': 18.7026   Cb: 16.023    Cr: 18.3048 )
00000889: 18.0414   (Y': 18.7021   Cb: 15.9237   Cr: 18.3282 )
00000890: 18.0828   (Y': 18.7068   Cb: 16.0814   Cr: 18.3058 )
00000891: 18.05     (Y': 18.6754   Cb: 15.9991   Cr: 18.3516 )
00000892: 18.0927   (Y': 18.7292   Cb: 15.9977   Cr: 18.4294 )
00000893: 18.0653   (Y': 18.6819   Cb: 16.0403   Cr: 18.3554 )
00000894: 18.0464   (Y': 18.6876   Cb: 15.9813   Cr: 18.3141 )
00000895: 18.0325   (Y': 18.6611   Cb: 15.9806   Cr: 18.3243 )
00000896: 18.0517   (Y': 18.7026   Cb: 15.9734   Cr: 18.307  )
00000897: 18.0696   (Y': 18.6726   Cb: 16.0599   Cr: 18.3843 )
00000898: 18.0705   (Y': 18.6929   Cb: 16.0154   Cr: 18.3906 )
00000899: 18.0682   (Y': 18.7079   Cb: 16.0109   Cr: 18.3282 )
00000900: 18.0575   (Y': 18.6868   Cb: 16.0052   Cr: 18.347  )
00000901: 18.0761   (Y': 18.7157   Cb: 15.9777   Cr: 18.4076 )
00000902: 18.0494   (Y': 18.6901   Cb: 15.9892   Cr: 18.3109 )
00000903: 18.0526   (Y': 18.6597   Cb: 16.0266   Cr: 18.38   )
00000904: 18.0834   (Y': 18.7182   Cb: 16.0233   Cr: 18.3663 )
00000905: 18.0444   (Y': 18.675    Cb: 15.9657   Cr: 18.3747 )
00000906: 18.0741   (Y': 18.7418   Cb: 15.9556   Cr: 18.3368 )
00000907: 18.0841   (Y': 18.7171   Cb: 16.0451   Cr: 18.3375 )
00000908: 18.0512   (Y': 18.6698   Cb: 16.0093   Cr: 18.3627 )
00000909: 18.0725   (Y': 18.719    Cb: 15.9693   Cr: 18.3862 )
00000912: 18.0889   (Y': 18.7122   Cb: 16.0281   Cr: 18.4155 )
00000913: 18.0684   (Y': 18.6956   Cb: 15.9874   Cr: 18.4156 )
00000911: 18.0569   (Y': 18.6998   Cb: 15.9791   Cr: 18.3399 )
00000910: 18.0621   (Y': 18.6972   Cb: 15.9984   Cr: 18.35   )
Total: 17.994    (Y': 18.6515   Cb: 15.8844   Cr: 18.2785 )
