00000000: 31.7036   (Y': 40.8341   Cb: 27.3013   Cr: 27.3013 )
00000002: 12.0261   (Y': 11.8068   Cb: 12.8861   Cr: 12.1472 )
00000001: 11.9518   (Y': 11.734    Cb: 12.7976   Cr: 12.0784 )
00000003: 11.9995   (Y': 11.858    Cb: 12.5783   Cr: 12.033  )
00000005: 11.9408   (Y': 11.7593   Cb: 12.6015   Cr: 12.0714 )
00000004: 11.8907   (Y': 11.6872   Cb: 12.5926   Cr: 12.0802 )
00000006: 11.8156   (Y': 11.6496   Cb: 12.4266   Cr: 11.9237 )
00000007: 11.7572   (Y': 11.5813   Cb: 12.3763   Cr: 11.9007 )
00000008: 11.8668   (Y': 11.693    Cb: 12.4798   Cr: 12.007  )
00000009: 11.7594   (Y': 11.5739   Cb: 12.3804   Cr: 11.9425 )
00000010: 11.7285   (Y': 11.5646   Cb: 12.2989   Cr: 11.8643 )
00000011: 11.7466   (Y': 11.5768   Cb: 12.3472   Cr: 11.8802 )
00000012: 11.7104   (Y': 11.53     Cb: 12.3268   Cr: 11.8756 )
00000013: 11.8087   (Y': 11.6378   Cb: 12.3761   Cr: 11.9772 )
00000014: 11.7923   (Y': 11.6285   Cb: 12.3329   Cr: 11.9545 )
00000015: 11.7428   (Y': 11.5605   Cb: 12.3063   Cr: 11.9648 )
00000017: 11.6803   (Y': 11.5062   Cb: 12.3247   Cr: 11.7935 )
00000016: 11.8196   (Y': 11.6677   Cb: 12.3481   Cr: 11.9424 )
00000019: 11.8242   (Y': 11.6671   Cb: 12.3561   Cr: 11.966  )
00000018: 11.7439   (Y': 11.5836   Cb: 12.3342   Cr: 11.8464 )
00000021: 11.7842   (Y': 11.6038   Cb: 12.3767   Cr: 11.9711 )
00000022: 11.7415   (Y': 11.5769   Cb: 12.2876   Cr: 11.9021 )
00000023: 11.6878   (Y': 11.5054   Cb: 12.2935   Cr: 11.8717 )
00000020: 11.7269   (Y': 11.5291   Cb: 12.3057   Cr: 12.0032 )
00000024: 11.7454   (Y': 11.5527   Cb: 12.3503   Cr: 11.9748 )
00000025: 11.709    (Y': 11.5038   Cb: 12.3299   Cr: 11.9796 )
00000027: 11.763    (Y': 11.6      Cb: 12.2885   Cr: 11.9358 )
00000026: 11.7835   (Y': 11.6145   Cb: 12.294    Cr: 11.9963 )
00000028: 11.6158   (Y': 11.4107   Cb: 12.2482   Cr: 11.8752 )
00000030: 11.7349   (Y': 11.5439   Cb: 12.3416   Cr: 11.9551 )
00000029: 11.7749   (Y': 11.6085   Cb: 12.2983   Cr: 11.9641 )
00000031: 11.7077   (Y': 11.5094   Cb: 12.3108   Cr: 11.9634 )
00000032: 11.7081   (Y': 11.5488   Cb: 12.2495   Cr: 11.8507 )
00000033: 11.7634   (Y': 11.5875   Cb: 12.3571   Cr: 11.9295 )
00000034: 11.6914   (Y': 11.4869   Cb: 12.3132   Cr: 11.9578 )
00000035: 11.702    (Y': 11.5116   Cb: 12.3129   Cr: 11.9156 )
00000036: 11.7543   (Y': 11.5918   Cb: 12.2937   Cr: 11.912  )
00000038: 11.6483   (Y': 11.4558   Cb: 12.2834   Cr: 11.8497 )
00000037: 11.7867   (Y': 11.6163   Cb: 12.3178   Cr: 11.9866 )
00000039: 11.741    (Y': 11.5558   Cb: 12.3036   Cr: 11.976  )
00000040: 11.7965   (Y': 11.6245   Cb: 12.363    Cr: 11.9707 )
00000041: 11.7297   (Y': 11.5386   Cb: 12.2961   Cr: 11.9874 )
00000042: 11.6979   (Y': 11.5125   Cb: 12.2906   Cr: 11.9063 )
00000043: 11.6887   (Y': 11.5396   Cb: 12.1853   Cr: 11.8283 )
00000044: 11.7634   (Y': 11.5853   Cb: 12.3188   Cr: 11.974  )
00000045: 11.7205   (Y': 11.5464   Cb: 12.3145   Cr: 11.8783 )
00000046: 11.6263   (Y': 11.4312   Cb: 12.286    Cr: 11.8169 )
00000047: 11.844    (Y': 11.6989   Cb: 12.3069   Cr: 11.998  )
00000048: 11.8969   (Y': 11.7969   Cb: 12.2585   Cr: 11.9549 )
00000049: 11.9878   (Y': 11.9191   Cb: 12.3603   Cr: 11.9086 )
00000050: 12.0553   (Y': 11.9814   Cb: 12.3988   Cr: 12.0234 )
00000052: 12.058    (Y': 12.0372   Cb: 12.3377   Cr: 11.8744 )
00000051: 12.0343   (Y': 11.9748   Cb: 12.3422   Cr: 11.9769 )
00000053: 11.9764   (Y': 11.9698   Cb: 12.1967   Cr: 11.7921 )
00000054: 11.9267   (Y': 11.9317   Cb: 12.1323   Cr: 11.7114 )
00000055: 11.9512   (Y': 11.9952   Cb: 12.0601   Cr: 11.6775 )
00000056: 11.9203   (Y': 11.9613   Cb: 12.0191   Cr: 11.6668 )
00000057: 11.8      (Y': 11.8114   Cb: 11.9175   Cr: 11.6414 )
00000058: 11.729    (Y': 11.7256   Cb: 11.9434   Cr: 11.5377 )
00000061: 11.6529   (Y': 11.653    Cb: 11.8095   Cr: 11.5014 )
00000059: 11.6107   (Y': 11.5863   Cb: 11.8592   Cr: 11.4693 )
00000060: 11.6428   (Y': 11.6184   Cb: 11.8973   Cr: 11.4961 )
00000062: 11.6401   (Y': 11.6208   Cb: 11.8882   Cr: 11.4794 )
00000063: 11.6734   (Y': 11.6507   Cb: 11.8868   Cr: 11.5578 )
00000064: 11.6463   (Y': 11.6275   Cb: 11.8394   Cr: 11.5342 )
00000065: 11.7069   (Y': 11.6668   Cb: 11.9517   Cr: 11.631  )
00000066: 11.6068   (Y': 11.5343   Cb: 11.9437   Cr: 11.5752 )
00000067: 11.6093   (Y': 11.5761   Cb: 11.8561   Cr: 11.5038 )
00000068: 11.7262   (Y': 11.6881   Cb: 11.9831   Cr: 11.6306 )
00000069: 11.8123   (Y': 11.8084   Cb: 11.9909   Cr: 11.6559 )
00000070: 11.7128   (Y': 11.6736   Cb: 11.9728   Cr: 11.6186 )
00000071: 11.8378   (Y': 11.8238   Cb: 12.0584   Cr: 11.6818 )
00000072: 11.8448   (Y': 11.823    Cb: 12.0816   Cr: 11.7039 )
00000073: 11.6554   (Y': 11.5736   Cb: 11.973    Cr: 11.6793 )
00000074: 11.7027   (Y': 11.6077   Cb: 12.0337   Cr: 11.7684 )
00000075: 11.5877   (Y': 11.5094   Cb: 11.9792   Cr: 11.5295 )
00000076: 11.7041   (Y': 11.6594   Cb: 11.956    Cr: 11.6394 )
00000077: 11.6294   (Y': 11.5966   Cb: 11.8588   Cr: 11.5386 )
00000078: 11.6209   (Y': 11.5655   Cb: 11.9288   Cr: 11.5472 )
00000079: 11.6843   (Y': 11.6288   Cb: 11.9407   Cr: 11.6593 )
00000080: 11.6558   (Y': 11.6278   Cb: 11.8984   Cr: 11.534  )
00000081: 11.7811   (Y': 11.784    Cb: 11.9268   Cr: 11.6292 )
00000082: 11.6015   (Y': 11.5439   Cb: 11.8701   Cr: 11.5734 )
00000083: 11.5753   (Y': 11.526    Cb: 11.8433   Cr: 11.514  )
00000084: 11.6065   (Y': 11.5202   Cb: 11.9283   Cr: 11.6454 )
00000086: 11.7977   (Y': 11.7864   Cb: 11.9487   Cr: 11.6956 )
00000085: 11.7213   (Y': 11.6813   Cb: 11.9548   Cr: 11.6551 )
00000087: 11.5971   (Y': 11.5228   Cb: 11.9199   Cr: 11.5857 )
00000088: 11.4881   (Y': 11.3972   Cb: 11.8582   Cr: 11.5008 )
00000089: 11.6966   (Y': 11.6623   Cb: 11.9457   Cr: 11.5934 )
00000090: 11.5391   (Y': 11.4828   Cb: 11.8533   Cr: 11.4636 )
00000091: 11.581    (Y': 11.5103   Cb: 11.8307   Cr: 11.6236 )
00000092: 11.6335   (Y': 11.6026   Cb: 11.803    Cr: 11.5914 )
00000093: 11.7176   (Y': 11.7022   Cb: 11.8793   Cr: 11.6216 )
00000094: 11.6415   (Y': 11.5945   Cb: 11.8876   Cr: 11.5918 )
00000095: 11.5492   (Y': 11.48     Cb: 11.8563   Cr: 11.5314 )
00000096: 11.6436   (Y': 11.5889   Cb: 11.8864   Cr: 11.6279 )
00000097: 11.7548   (Y': 11.7389   Cb: 11.8872   Cr: 11.689  )
00000098: 11.8247   (Y': 11.8133   Cb: 11.9781   Cr: 11.7208 )
00000099: 11.8059   (Y': 11.7967   Cb: 11.9655   Cr: 11.6874 )
00000100: 11.707    (Y': 11.6695   Cb: 11.9042   Cr: 11.6649 )
00000102: 11.7879   (Y': 11.7997   Cb: 11.8297   Cr: 11.7001 )
00000101: 11.6822   (Y': 11.6643   Cb: 11.858    Cr: 11.5826 )
00000103: 11.6925   (Y': 11.6663   Cb: 11.851    Cr: 11.6422 )
00000104: 11.6365   (Y': 11.6449   Cb: 11.7564   Cr: 11.4873 )
00000105: 11.7327   (Y': 11.7313   Cb: 11.8604   Cr: 11.6137 )
00000106: 11.6832   (Y': 11.6848   Cb: 11.8038   Cr: 11.5593 )
00000107: 11.5538   (Y': 11.5278   Cb: 11.7907   Cr: 11.4292 )
00000108: 11.6121   (Y': 11.5759   Cb: 11.8317   Cr: 11.5441 )
00000109: 11.6526   (Y': 11.643    Cb: 11.7691   Cr: 11.5769 )
00000110: 11.6931   (Y': 11.7001   Cb: 11.7949   Cr: 11.5664 )
00000111: 11.6375   (Y': 11.6035   Cb: 11.8372   Cr: 11.5796 )
00000112: 11.5558   (Y': 11.5286   Cb: 11.7963   Cr: 11.4331 )
00000114: 11.6197   (Y': 11.5862   Cb: 11.7903   Cr: 11.5872 )
00000113: 11.5779   (Y': 11.5283   Cb: 11.8259   Cr: 11.5368 )
00000115: 11.6532   (Y': 11.64     Cb: 11.8074   Cr: 11.5553 )
00000116: 11.5672   (Y': 11.5181   Cb: 11.7683   Cr: 11.5684 )
00000117: 11.5423   (Y': 11.4983   Cb: 11.7913   Cr: 11.4781 )
00000118: 11.6897   (Y': 11.6776   Cb: 11.8655   Cr: 11.5678 )
00000119: 11.6759   (Y': 11.6469   Cb: 11.8999   Cr: 11.5749 )
00000120: 11.5599   (Y': 11.5249   Cb: 11.765    Cr: 11.5005 )
00000121: 11.5828   (Y': 11.5336   Cb: 11.7833   Cr: 11.5848 )
00000122: 11.7023   (Y': 11.6847   Cb: 11.8456   Cr: 11.6322 )
00000124: 11.5823   (Y': 11.523    Cb: 11.8301   Cr: 11.5806 )
00000125: 11.5494   (Y': 11.5135   Cb: 11.7779   Cr: 11.4717 )
00000126: 11.6208   (Y': 11.5895   Cb: 11.8088   Cr: 11.5631 )
00000123: 11.6104   (Y': 11.5845   Cb: 11.7672   Cr: 11.5605 )
00000127: 11.7264   (Y': 11.711    Cb: 11.8504   Cr: 11.6663 )
00000128: 11.5603   (Y': 11.5182   Cb: 11.7897   Cr: 11.5067 )
00000129: 11.5852   (Y': 11.5487   Cb: 11.7875   Cr: 11.5349 )
00000130: 11.6589   (Y': 11.6461   Cb: 11.8154   Cr: 11.5578 )
00000131: 11.652    (Y': 11.6038   Cb: 11.9223   Cr: 11.5846 )
00000132: 11.6144   (Y': 11.5782   Cb: 11.7923   Cr: 11.5856 )
00000133: 11.5214   (Y': 11.4982   Cb: 11.7183   Cr: 11.4229 )
00000134: 11.6628   (Y': 11.6465   Cb: 11.8068   Cr: 11.5874 )
00000135: 11.6839   (Y': 11.6748   Cb: 11.8274   Cr: 11.5805 )
00000136: 11.5809   (Y': 11.5541   Cb: 11.7844   Cr: 11.4908 )
00000137: 11.5568   (Y': 11.5181   Cb: 11.7554   Cr: 11.518  )
00000138: 11.6702   (Y': 11.6585   Cb: 11.8199   Cr: 11.5712 )
00000139: 11.7105   (Y': 11.6914   Cb: 11.8939   Cr: 11.6088 )
00000140: 11.5996   (Y': 11.5537   Cb: 11.8055   Cr: 11.5833 )
00000141: 11.5329   (Y': 11.5023   Cb: 11.7551   Cr: 11.4401 )
00000142: 11.6177   (Y': 11.5935   Cb: 11.783    Cr: 11.5533 )
00000143: 11.6887   (Y': 11.6819   Cb: 11.8593   Cr: 11.5508 )
00000144: 11.6202   (Y': 11.6251   Cb: 11.7495   Cr: 11.4758 )
00000145: 11.5336   (Y': 11.4959   Cb: 11.7388   Cr: 11.485  )
00000146: 11.6437   (Y': 11.6349   Cb: 11.7652   Cr: 11.5599 )
00000147: 11.6575   (Y': 11.6489   Cb: 11.8191   Cr: 11.5354 )
00000149: 11.556    (Y': 11.538    Cb: 11.76     Cr: 11.4308 )
00000148: 11.6482   (Y': 11.6453   Cb: 11.7879   Cr: 11.5243 )
00000150: 11.6202   (Y': 11.6036   Cb: 11.794    Cr: 11.5176 )
00000151: 11.7318   (Y': 11.7365   Cb: 11.8146   Cr: 11.6322 )
00000152: 11.6343   (Y': 11.6528   Cb: 11.761    Cr: 11.44   )
00000153: 11.5403   (Y': 11.5193   Cb: 11.7185   Cr: 11.4509 )
00000154: 11.6419   (Y': 11.6407   Cb: 11.7746   Cr: 11.518  )
00000155: 11.7233   (Y': 11.7389   Cb: 11.8086   Cr: 11.5792 )
00000156: 11.6727   (Y': 11.6661   Cb: 11.7701   Cr: 11.6031 )
00000157: 11.5744   (Y': 11.559    Cb: 11.7624   Cr: 11.4538 )
00000158: 11.6617   (Y': 11.6467   Cb: 11.7864   Cr: 11.5994 )
00000159: 11.7153   (Y': 11.7158   Cb: 11.8256   Cr: 11.6059 )
00000160: 11.5976   (Y': 11.5728   Cb: 11.7815   Cr: 11.5175 )
00000161: 11.594    (Y': 11.5673   Cb: 11.7806   Cr: 11.5194 )
00000162: 11.6037   (Y': 11.5925   Cb: 11.7632   Cr: 11.4933 )
00000163: 11.7011   (Y': 11.7053   Cb: 11.8155   Cr: 11.5733 )
00000165: 11.5435   (Y': 11.5264   Cb: 11.7391   Cr: 11.4224 )
00000164: 11.6506   (Y': 11.6315   Cb: 11.7964   Cr: 11.5843 )
00000166: 11.6848   (Y': 11.689    Cb: 11.81     Cr: 11.5466 )
00000167: 11.661    (Y': 11.6712   Cb: 11.7431   Cr: 11.5406 )
00000168: 11.5386   (Y': 11.5265   Cb: 11.6662   Cr: 11.4622 )
00000169: 11.5915   (Y': 11.5687   Cb: 11.7057   Cr: 11.5704 )
00000170: 11.63     (Y': 11.6344   Cb: 11.7211   Cr: 11.5235 )
00000171: 11.7341   (Y': 11.7535   Cb: 11.7864   Cr: 11.6065 )
00000172: 11.6346   (Y': 11.6127   Cb: 11.7565   Cr: 11.6024 )
00000174: 11.7037   (Y': 11.6927   Cb: 11.8283   Cr: 11.6254 )
00000173: 11.5088   (Y': 11.4628   Cb: 11.7025   Cr: 11.5042 )
00000175: 11.6153   (Y': 11.5736   Cb: 11.7647   Cr: 11.6361 )
00000176: 11.6583   (Y': 11.6454   Cb: 11.7992   Cr: 11.5721 )
00000177: 11.5929   (Y': 11.5516   Cb: 11.7352   Cr: 11.6188 )
00000178: 11.618    (Y': 11.6131   Cb: 11.7516   Cr: 11.5074 )
00000179: 11.7282   (Y': 11.7433   Cb: 11.8208   Cr: 11.579  )
00000180: 11.7126   (Y': 11.7191   Cb: 11.7752   Cr: 11.6251 )
00000181: 11.7082   (Y': 11.741    Cb: 11.7501   Cr: 11.5394 )
00000182: 11.667    (Y': 11.6353   Cb: 11.8232   Cr: 11.6408 )
00000183: 11.7332   (Y': 11.7459   Cb: 11.8152   Cr: 11.6032 )
00000184: 11.6722   (Y': 11.6829   Cb: 11.7754   Cr: 11.5295 )
00000185: 11.5832   (Y': 11.5384   Cb: 11.7851   Cr: 11.5661 )
00000186: 11.6365   (Y': 11.6281   Cb: 11.7536   Cr: 11.5558 )
00000187: 11.5972   (Y': 11.5792   Cb: 11.7413   Cr: 11.5281 )
00000188: 11.9144   (Y': 11.971    Cb: 11.9106   Cr: 11.6988 )
00000190: 11.7564   (Y': 11.7543   Cb: 11.864    Cr: 11.6594 )
00000189: 11.7865   (Y': 11.83     Cb: 11.7943   Cr: 11.6092 )
00000191: 11.7262   (Y': 11.7138   Cb: 11.8564   Cr: 11.6482 )
00000192: 11.8014   (Y': 11.8422   Cb: 11.8649   Cr: 11.5815 )
00000193: 11.7099   (Y': 11.7125   Cb: 11.7911   Cr: 11.6198 )
00000194: 11.5875   (Y': 11.5744   Cb: 11.7647   Cr: 11.4681 )
00000195: 11.5399   (Y': 11.4991   Cb: 11.7533   Cr: 11.4959 )
00000196: 11.7055   (Y': 11.7104   Cb: 11.8242   Cr: 11.5708 )
00000198: 11.7865   (Y': 11.8075   Cb: 11.8858   Cr: 11.6081 )
00000197: 11.6852   (Y': 11.6946   Cb: 11.7827   Cr: 11.553  )
00000199: 11.9234   (Y': 11.9649   Cb: 11.9978   Cr: 11.6909 )
00000200: 12.0367   (Y': 12.0624   Cb: 12.1208   Cr: 11.8548 )
00000201: 12.0012   (Y': 12.0103   Cb: 12.0905   Cr: 11.8783 )
00000202: 11.9947   (Y': 11.985    Cb: 12.125    Cr: 11.9062 )
00000203: 11.9874   (Y': 11.9859   Cb: 12.0487   Cr: 11.9326 )
00000204: 11.9629   (Y': 11.9418   Cb: 12.079    Cr: 11.9333 )
00000205: 11.9406   (Y': 11.9168   Cb: 12.0606   Cr: 11.9179 )
00000206: 11.924    (Y': 11.8781   Cb: 12.1041   Cr: 11.9322 )
00000207: 11.9064   (Y': 11.853    Cb: 12.1203   Cr: 11.9126 )
00000208: 11.719    (Y': 11.6338   Cb: 11.9839   Cr: 11.8072 )
00000209: 11.6123   (Y': 11.513    Cb: 11.9624   Cr: 11.6781 )
00000210: 11.6675   (Y': 11.5784   Cb: 11.9866   Cr: 11.7199 )
00000211: 11.7362   (Y': 11.6607   Cb: 11.9827   Cr: 11.8016 )
00000212: 11.6291   (Y': 11.5645   Cb: 11.8674   Cr: 11.6577 )
00000214: 11.6091   (Y': 11.5466   Cb: 11.8668   Cr: 11.6109 )
00000213: 11.6615   (Y': 11.5776   Cb: 11.9626   Cr: 11.7099 )
00000215: 11.6556   (Y': 11.5721   Cb: 11.9554   Cr: 11.7032 )
00000216: 11.6556   (Y': 11.634    Cb: 11.8367   Cr: 11.5658 )
00000217: 11.5285   (Y': 11.4576   Cb: 11.826    Cr: 11.5267 )
00000218: 11.5794   (Y': 11.5271   Cb: 11.8095   Cr: 11.5657 )
00000219: 11.4779   (Y': 11.4037   Cb: 11.8244   Cr: 11.4442 )
00000220: 11.5446   (Y': 11.4866   Cb: 11.8159   Cr: 11.515  )
00000221: 11.3573   (Y': 11.265    Cb: 11.719    Cr: 11.3838 )
00000222: 11.3819   (Y': 11.3077   Cb: 11.6727   Cr: 11.3998 )
00000223: 11.5897   (Y': 11.5399   Cb: 11.8019   Cr: 11.5831 )
00000224: 11.541    (Y': 11.4753   Cb: 11.8372   Cr: 11.5194 )
00000225: 11.5726   (Y': 11.5136   Cb: 11.857    Cr: 11.535  )
00000226: 11.6248   (Y': 11.5282   Cb: 12.0048   Cr: 11.6518 )
00000227: 11.793    (Y': 11.7003   Cb: 12.1807   Cr: 11.7971 )
00000228: 11.7993   (Y': 11.6937   Cb: 12.196    Cr: 11.8478 )
00000229: 11.7804   (Y': 11.6517   Cb: 12.2874   Cr: 11.8249 )
00000230: 11.6855   (Y': 11.5139   Cb: 12.2012   Cr: 11.905  )
00000231: 11.627    (Y': 11.4597   Cb: 12.1647   Cr: 11.8077 )
00000232: 11.705    (Y': 11.5387   Cb: 12.2515   Cr: 11.8725 )
00000233: 11.5695   (Y': 11.3724   Cb: 12.2043   Cr: 11.7913 )
00000234: 11.6132   (Y': 11.4274   Cb: 12.1916   Cr: 11.8367 )
00000235: 11.5712   (Y': 11.3886   Cb: 12.1625   Cr: 11.7693 )
00000236: 11.6281   (Y': 11.462    Cb: 12.1734   Cr: 11.7962 )
00000238: 11.558    (Y': 11.3841   Cb: 12.1205   Cr: 11.7441 )
00000237: 11.5224   (Y': 11.3369   Cb: 12.1596   Cr: 11.6908 )
00000239: 11.638    (Y': 11.471    Cb: 12.1927   Cr: 11.8014 )
00000240: 11.5578   (Y': 11.3975   Cb: 12.1358   Cr: 11.6716 )
00000241: 11.5957   (Y': 11.44     Cb: 12.1151   Cr: 11.7426 )
00000242: 11.5398   (Y': 11.3535   Cb: 12.1766   Cr: 11.7118 )
00000243: 11.5769   (Y': 11.4151   Cb: 12.1094   Cr: 11.7385 )
00000244: 11.6499   (Y': 11.498    Cb: 12.1963   Cr: 11.7559 )
00000245: 11.559    (Y': 11.4015   Cb: 12.1428   Cr: 11.6554 )
00000246: 11.5706   (Y': 11.3881   Cb: 12.1711   Cr: 11.7591 )
00000247: 11.5919   (Y': 11.4347   Cb: 12.1602   Cr: 11.7013 )
00000248: 11.5524   (Y': 11.3987   Cb: 12.1237   Cr: 11.6439 )
00000249: 11.5599   (Y': 11.3968   Cb: 12.1452   Cr: 11.6788 )
00000250: 11.6056   (Y': 11.4571   Cb: 12.1545   Cr: 11.6953 )
00000251: 11.5852   (Y': 11.4066   Cb: 12.1997   Cr: 11.7441 )
00000252: 11.562    (Y': 11.3904   Cb: 12.1942   Cr: 11.6751 )
00000253: 11.5588   (Y': 11.3703   Cb: 12.1786   Cr: 11.7558 )
00000254: 11.5997   (Y': 11.4311   Cb: 12.1983   Cr: 11.7297 )
00000255: 11.5797   (Y': 11.4113   Cb: 12.173    Cr: 11.714  )
00000256: 11.5886   (Y': 11.4138   Cb: 12.2      Cr: 11.7341 )
00000257: 11.5596   (Y': 11.3729   Cb: 12.1704   Cr: 11.7577 )
00000258: 11.5917   (Y': 11.3995   Cb: 12.1806   Cr: 11.8338 )
00000259: 11.5205   (Y': 11.3375   Cb: 12.1401   Cr: 11.6943 )
00000260: 11.5712   (Y': 11.379    Cb: 12.1939   Cr: 11.7818 )
00000261: 11.5606   (Y': 11.3778   Cb: 12.1926   Cr: 11.7219 )
00000262: 11.6105   (Y': 11.4194   Cb: 12.2341   Cr: 11.8163 )
00000263: 11.5719   (Y': 11.3896   Cb: 12.2007   Cr: 11.7342 )
00000264: 11.5568   (Y': 11.3605   Cb: 12.2593   Cr: 11.714  )
00000265: 11.5953   (Y': 11.4033   Cb: 12.2079   Cr: 11.8147 )
00000266: 11.5947   (Y': 11.4164   Cb: 12.213    Cr: 11.7494 )
00000267: 11.5712   (Y': 11.3881   Cb: 12.2172   Cr: 11.7214 )
00000268: 11.5907   (Y': 11.4104   Cb: 12.2299   Cr: 11.7353 )
00000269: 11.5601   (Y': 11.3712   Cb: 12.1962   Cr: 11.7442 )
00000270: 11.5716   (Y': 11.3787   Cb: 12.181    Cr: 11.7979 )
00000271: 11.5855   (Y': 11.3955   Cb: 12.2134   Cr: 11.7822 )
00000272: 11.5504   (Y': 11.3572   Cb: 12.2112   Cr: 11.7317 )
00000273: 11.5558   (Y': 11.3568   Cb: 12.2119   Cr: 11.7667 )
00000274: 11.5759   (Y': 11.4088   Cb: 12.2187   Cr: 11.6605 )
00000275: 11.5194   (Y': 11.3404   Cb: 12.1291   Cr: 11.6842 )
00000276: 11.5496   (Y': 11.3654   Cb: 12.1715   Cr: 11.7265 )
00000277: 11.5942   (Y': 11.4157   Cb: 12.2      Cr: 11.7611 )
00000278: 11.5553   (Y': 11.3869   Cb: 12.171    Cr: 11.6694 )
00000279: 11.5613   (Y': 11.3761   Cb: 12.165    Cr: 11.7587 )
00000280: 11.553    (Y': 11.3914   Cb: 12.1653   Cr: 11.6413 )
00000281: 11.6052   (Y': 11.4497   Cb: 12.1638   Cr: 11.716  )
00000282: 11.5746   (Y': 11.4013   Cb: 12.1615   Cr: 11.7356 )
00000284: 11.5816   (Y': 11.3999   Cb: 12.2204   Cr: 11.7324 )
00000283: 11.6239   (Y': 11.4462   Cb: 12.2285   Cr: 11.7881 )
00000285: 11.549    (Y': 11.3464   Cb: 12.2405   Cr: 11.7435 )
00000286: 11.5875   (Y': 11.4208   Cb: 12.1936   Cr: 11.7031 )
00000287: 11.5655   (Y': 11.3799   Cb: 12.1854   Cr: 11.75   )
00000288: 11.6574   (Y': 11.5042   Cb: 12.202    Cr: 11.771  )
00000289: 11.6278   (Y': 11.4616   Cb: 12.1842   Cr: 11.786  )
00000290: 11.6726   (Y': 11.5305   Cb: 12.1813   Cr: 11.7713 )
00000291: 11.6952   (Y': 11.5583   Cb: 12.2123   Cr: 11.7645 )
00000292: 11.567    (Y': 11.3933   Cb: 12.1728   Cr: 11.7131 )
00000293: 11.6133   (Y': 11.4603   Cb: 12.1852   Cr: 11.7015 )
00000294: 11.5916   (Y': 11.4303   Cb: 12.1853   Cr: 11.6953 )
00000295: 11.6488   (Y': 11.4987   Cb: 12.1984   Cr: 11.7448 )
00000296: 11.57     (Y': 11.3873   Cb: 12.1983   Cr: 11.7343 )
00000297: 11.6056   (Y': 11.4378   Cb: 12.2024   Cr: 11.7343 )
00000298: 11.5705   (Y': 11.4075   Cb: 12.1747   Cr: 11.6721 )
00000300: 11.5429   (Y': 11.3704   Cb: 12.1634   Cr: 11.6706 )
00000299: 11.6066   (Y': 11.4423   Cb: 12.1796   Cr: 11.7418 )
00000301: 11.5785   (Y': 11.399    Cb: 12.2233   Cr: 11.7143 )
00000302: 11.739    (Y': 11.6041   Cb: 12.2658   Cr: 11.7915 )
00000303: 11.6142   (Y': 11.4479   Cb: 12.1861   Cr: 11.7587 )
00000304: 11.7647   (Y': 11.634    Cb: 12.2558   Cr: 11.8314 )
00000305: 11.8485   (Y': 11.7524   Cb: 12.2896   Cr: 11.8178 )
00000306: 11.7862   (Y': 11.6877   Cb: 12.189    Cr: 11.7997 )
00000308: 11.9941   (Y': 11.9785   Cb: 12.2079   Cr: 11.8507 )
00000307: 11.9035   (Y': 11.8388   Cb: 12.2042   Cr: 11.8741 )
00000309: 11.98     (Y': 11.9773   Cb: 12.2263   Cr: 11.7574 )
00000310: 12.0853   (Y': 12.078    Cb: 12.3335   Cr: 11.8782 )
00000311: 12.1004   (Y': 12.1116   Cb: 12.3169   Cr: 11.8517 )
00000312: 12.1165   (Y': 12.124    Cb: 12.39     Cr: 11.831  )
00000313: 12.244    (Y': 12.2612   Cb: 12.4869   Cr: 11.9493 )
00000314: 12.2071   (Y': 12.2284   Cb: 12.3967   Cr: 11.9444 )
00000315: 12.3407   (Y': 12.3967   Cb: 12.4504   Cr: 12.0215 )
00000316: 12.3386   (Y': 12.4055   Cb: 12.5196   Cr: 11.917  )
00000317: 12.3665   (Y': 12.4496   Cb: 12.4638   Cr: 11.9608 )
00000318: 12.3202   (Y': 12.3626   Cb: 12.4845   Cr: 12.0021 )
00000319: 12.3997   (Y': 12.4177   Cb: 12.685    Cr: 12.065  )
00000320: 12.4561   (Y': 12.4873   Cb: 12.7022   Cr: 12.1067 )
00000321: 12.4031   (Y': 12.2672   Cb: 13.0612   Cr: 12.3451 )
00000322: 12.5437   (Y': 12.3891   Cb: 13.3276   Cr: 12.4568 )
00000323: 12.2953   (Y': 12.0208   Cb: 13.4006   Cr: 12.4555 )
00000324: 12.4391   (Y': 12.2026   Cb: 13.4733   Cr: 12.4917 )
00000325: 12.6901   (Y': 12.4945   Cb: 13.5847   Cr: 12.6823 )
00000326: 12.2949   (Y': 11.9854   Cb: 13.4801   Cr: 12.5479 )
00000327: 12.467    (Y': 12.203    Cb: 13.6354   Cr: 12.5316 )
00000328: 12.719    (Y': 12.4956   Cb: 13.7593   Cr: 12.7109 )
00000329: 12.6469   (Y': 12.4033   Cb: 13.7686   Cr: 12.6606 )
00000330: 12.5177   (Y': 12.2624   Cb: 13.6294   Cr: 12.5892 )
00000331: 12.6276   (Y': 12.3742   Cb: 13.6838   Cr: 12.7351 )
00000332: 12.6295   (Y': 12.3888   Cb: 13.6929   Cr: 12.6769 )
00000333: 12.7718   (Y': 12.5758   Cb: 13.7222   Cr: 12.7204 )
00000334: 12.5435   (Y': 12.3035   Cb: 13.6055   Cr: 12.5889 )
00000335: 12.2959   (Y': 11.9835   Cb: 13.5782   Cr: 12.4852 )
00000336: 12.5184   (Y': 12.2465   Cb: 13.7191   Cr: 12.5924 )
00000337: 12.4647   (Y': 12.1756   Cb: 13.7097   Cr: 12.5797 )
00000338: 12.3407   (Y': 12.023    Cb: 13.6329   Cr: 12.5461 )
00000339: 12.4343   (Y': 12.1233   Cb: 13.6939   Cr: 12.6349 )
00000340: 12.4618   (Y': 12.1427   Cb: 13.7728   Cr: 12.6593 )
00000341: 12.4753   (Y': 12.1688   Cb: 13.7327   Cr: 12.6574 )
00000342: 12.3946   (Y': 12.077    Cb: 13.6962   Cr: 12.5923 )
00000343: 12.2069   (Y': 11.8507   Cb: 13.593    Cr: 12.5156 )
00000344: 12.3669   (Y': 12.0349   Cb: 13.733    Cr: 12.5801 )
00000345: 12.5318   (Y': 12.2399   Cb: 13.7643   Cr: 12.6685 )
00000346: 12.4371   (Y': 12.1255   Cb: 13.7847   Cr: 12.5729 )
00000347: 12.3148   (Y': 11.9802   Cb: 13.6601   Cr: 12.5561 )
00000348: 12.4415   (Y': 12.1496   Cb: 13.7203   Cr: 12.5424 )
00000350: 12.4392   (Y': 12.1453   Cb: 13.6678   Cr: 12.5883 )
00000349: 12.4485   (Y': 12.1478   Cb: 13.7808   Cr: 12.5476 )
00000351: 12.3586   (Y': 12.0718   Cb: 13.6222   Cr: 12.4489 )
00000352: 12.5209   (Y': 12.2309   Cb: 13.7286   Cr: 12.6684 )
00000353: 12.6274   (Y': 12.4137   Cb: 13.6533   Cr: 12.59   )
00000354: 12.5661   (Y': 12.3367   Cb: 13.656    Cr: 12.5446 )
00000355: 12.6786   (Y': 12.4616   Cb: 13.7175   Cr: 12.6447 )
00000356: 12.5922   (Y': 12.3775   Cb: 13.601    Cr: 12.5727 )
00000358: 12.5284   (Y': 12.3447   Cb: 13.4874   Cr: 12.42   )
00000357: 12.466    (Y': 12.2575   Cb: 13.4826   Cr: 12.4139 )
00000359: 12.5501   (Y': 12.3628   Cb: 13.5804   Cr: 12.4012 )
00000360: 12.3965   (Y': 12.178    Cb: 13.4725   Cr: 12.3401 )
00000361: 12.2681   (Y': 12.0343   Cb: 13.3904   Cr: 12.2397 )
00000362: 12.3437   (Y': 12.1143   Cb: 13.4371   Cr: 12.3195 )
00000363: 12.5048   (Y': 12.2929   Cb: 13.5229   Cr: 12.4663 )
00000364: 12.2185   (Y': 11.9601   Cb: 13.4162   Cr: 12.2367 )
00000365: 12.0434   (Y': 11.7291   Cb: 13.3416   Cr: 12.2291 )
00000366: 12.2301   (Y': 11.9679   Cb: 13.3487   Cr: 12.3263 )
00000367: 12.3375   (Y': 12.0818   Cb: 13.5168   Cr: 12.3585 )
00000368: 12.2078   (Y': 11.9429   Cb: 13.3796   Cr: 12.2741 )
00000369: 12.0254   (Y': 11.696    Cb: 13.4091   Cr: 12.2133 )
00000370: 12.2171   (Y': 11.9736   Cb: 13.3121   Cr: 12.2509 )
00000371: 12.3493   (Y': 12.1014   Cb: 13.4905   Cr: 12.3666 )
00000372: 12.3451   (Y': 12.1248   Cb: 13.4613   Cr: 12.2655 )
00000373: 11.9958   (Y': 11.6884   Cb: 13.2927   Cr: 12.1515 )
00000374: 12.1434   (Y': 11.8814   Cb: 13.2603   Cr: 12.2401 )
00000375: 12.3711   (Y': 12.1447   Cb: 13.4535   Cr: 12.343  )
00000376: 12.3294   (Y': 12.1067   Cb: 13.4535   Cr: 12.2537 )
00000377: 12.057    (Y': 11.7455   Cb: 13.3065   Cr: 12.2679 )
00000378: 12.0356   (Y': 11.7386   Cb: 13.3001   Cr: 12.1702 )
00000379: 12.2931   (Y': 12.0411   Cb: 13.3977   Cr: 12.3562 )
00000380: 12.3622   (Y': 12.1235   Cb: 13.4828   Cr: 12.3564 )
00000381: 12.085    (Y': 11.7839   Cb: 13.3462   Cr: 12.2403 )
00000382: 12.013    (Y': 11.6963   Cb: 13.3161   Cr: 12.2058 )
00000383: 12.2358   (Y': 11.9804   Cb: 13.3515   Cr: 12.3045 )
00000384: 12.4059   (Y': 12.1854   Cb: 13.4395   Cr: 12.3908 )
00000385: 12.2956   (Y': 12.06     Cb: 13.4233   Cr: 12.2708 )
00000386: 12.0135   (Y': 11.7167   Cb: 13.2732   Cr: 12.1513 )
00000387: 12.1671   (Y': 11.8975   Cb: 13.3613   Cr: 12.2363 )
00000388: 12.3776   (Y': 12.1657   Cb: 13.4676   Cr: 12.2831 )
00000389: 12.3304   (Y': 12.1169   Cb: 13.368    Cr: 12.2827 )
00000390: 12.1763   (Y': 11.9113   Cb: 13.3518   Cr: 12.24   )
00000391: 12.1212   (Y': 11.8781   Cb: 13.2397   Cr: 12.1356 )
00000392: 12.3586   (Y': 12.1473   Cb: 13.3909   Cr: 12.3064 )
00000393: 12.2576   (Y': 12.0133   Cb: 13.343    Cr: 12.3028 )
00000394: 12.3542   (Y': 12.1521   Cb: 13.3505   Cr: 12.2918 )
00000395: 12.0855   (Y': 11.7993   Cb: 13.3189   Cr: 12.1962 )
00000396: 12.1191   (Y': 11.8873   Cb: 13.1569   Cr: 12.1485 )
00000397: 12.4059   (Y': 12.2099   Cb: 13.4023   Cr: 12.3185 )
00000398: 12.3541   (Y': 12.1632   Cb: 13.3078   Cr: 12.2793 )
00000399: 12.04     (Y': 11.7871   Cb: 13.141    Cr: 12.1097 )
00000400: 12.1419   (Y': 11.8794   Cb: 13.3218   Cr: 12.1912 )
00000401: 12.4261   (Y': 12.25     Cb: 13.4059   Cr: 12.2705 )
00000402: 12.511    (Y': 12.366    Cb: 13.3382   Cr: 12.3504 )
00000403: 12.0528   (Y': 11.763    Cb: 13.3235   Cr: 12.151  )
00000404: 12.3443   (Y': 12.1458   Cb: 13.3638   Cr: 12.2491 )
00000405: 12.265    (Y': 12.0327   Cb: 13.3237   Cr: 12.2802 )
00000406: 12.3001   (Y': 12.113    Cb: 13.2937   Cr: 12.1787 )
00000407: 12.2263   (Y': 12.0561   Cb: 13.1066   Cr: 12.1253 )
00000408: 12.1325   (Y': 11.9467   Cb: 12.9936   Cr: 12.1103 )
00000409: 12.1081   (Y': 11.9823   Cb: 12.8409   Cr: 11.9476 )
00000410: 12.3722   (Y': 12.2718   Cb: 12.9806   Cr: 12.2138 )
00000411: 12.4185   (Y': 12.3354   Cb: 13.023    Cr: 12.1958 )
00000412: 12.2625   (Y': 12.1698   Cb: 12.9114   Cr: 12.0399 )
00000413: 12.0903   (Y': 11.9233   Cb: 12.8909   Cr: 12.0405 )
00000414: 12.2025   (Y': 12.1041   Cb: 12.84     Cr: 12.0118 )
00000415: 12.4291   (Y': 12.3596   Cb: 12.9724   Cr: 12.2048 )
00000416: 12.3656   (Y': 12.264    Cb: 13.028    Cr: 12.1674 )
00000417: 12.2073   (Y': 12.1069   Cb: 12.8877   Cr: 11.9896 )
00000418: 12.0722   (Y': 11.88     Cb: 12.9211   Cr: 12.0869 )
00000419: 12.2504   (Y': 12.1409   Cb: 12.8848   Cr: 12.1059 )
00000420: 12.3408   (Y': 12.2218   Cb: 13.0347   Cr: 12.1852 )
00000422: 11.9714   (Y': 11.8063   Cb: 12.7843   Cr: 11.904  )
00000421: 12.2544   (Y': 12.1156   Cb: 12.9771   Cr: 12.1541 )
00000423: 12.1503   (Y': 12.0065   Cb: 12.8766   Cr: 12.0672 )
00000424: 12.3581   (Y': 12.2836   Cb: 12.8653   Cr: 12.1834 )
00000425: 12.2398   (Y': 12.0997   Cb: 12.9672   Cr: 12.1405 )
00000426: 12.0696   (Y': 11.8894   Cb: 12.8609   Cr: 12.082  )
00000427: 12.0419   (Y': 11.8731   Cb: 12.7776   Cr: 12.0534 )
00000428: 12.2972   (Y': 12.1612   Cb: 12.9551   Cr: 12.2399 )
00000429: 12.3503   (Y': 12.2366   Cb: 12.9751   Cr: 12.2306 )
00000430: 12.1065   (Y': 11.9619   Cb: 12.8563   Cr: 12.0072 )
00000431: 11.9901   (Y': 11.7883   Cb: 12.8087   Cr: 12.0709 )
00000432: 12.1542   (Y': 12.0044   Cb: 12.8636   Cr: 12.1094 )
00000433: 12.3439   (Y': 12.2487   Cb: 12.9359   Cr: 12.179  )
00000434: 12.3031   (Y': 12.178    Cb: 12.9809   Cr: 12.1847 )
00000435: 12.044    (Y': 11.8799   Cb: 12.8221   Cr: 12.0008 )
00000436: 12.096    (Y': 11.9139   Cb: 12.8819   Cr: 12.1208 )
00000438: 12.299    (Y': 12.1547   Cb: 12.9863   Cr: 12.2507 )
00000437: 12.3428   (Y': 12.2421   Cb: 12.997    Cr: 12.1472 )
00000439: 12.1506   (Y': 11.9779   Cb: 12.9088   Cr: 12.1597 )
00000440: 12.2819   (Y': 12.1555   Cb: 13.0314   Cr: 12.1103 )
00000441: 12.2067   (Y': 12.0504   Cb: 12.934    Cr: 12.1736 )
00000442: 12.3969   (Y': 12.299    Cb: 13.0159   Cr: 12.2197 )
00000443: 12.2519   (Y': 12.1228   Cb: 12.95     Cr: 12.1329 )
00000444: 12.0931   (Y': 11.9208   Cb: 12.8563   Cr: 12.0967 )
00000445: 12.1661   (Y': 12.0366   Cb: 12.857    Cr: 12.0547 )
00000446: 12.341    (Y': 12.2509   Cb: 12.9302   Cr: 12.1584 )
00000447: 12.3274   (Y': 12.1997   Cb: 12.985    Cr: 12.2367 )
00000448: 12.0715   (Y': 11.9263   Cb: 12.8034   Cr: 11.9894 )
00000449: 12.3003   (Y': 12.1853   Cb: 12.9808   Cr: 12.1398 )
00000450: 12.272    (Y': 12.1606   Cb: 12.9034   Cr: 12.1379 )
00000451: 12.3676   (Y': 12.2528   Cb: 13.0235   Cr: 12.2262 )
00000452: 12.2684   (Y': 12.141    Cb: 12.9029   Cr: 12.1961 )
00000453: 11.9989   (Y': 11.8195   Cb: 12.8406   Cr: 11.9669 )
00000454: 12.1678   (Y': 12.0307   Cb: 12.8902   Cr: 12.0604 )
00000455: 12.0049   (Y': 11.8206   Cb: 12.7915   Cr: 12.039  )
00000456: 12.2695   (Y': 12.1413   Cb: 12.9272   Cr: 12.1805 )
00000457: 12.0981   (Y': 11.9122   Cb: 12.8681   Cr: 12.1525 )
00000458: 12.069    (Y': 11.9239   Cb: 12.7879   Cr: 11.997  )
00000459: 12.0334   (Y': 11.8286   Cb: 12.9022   Cr: 12.0854 )
00000460: 12.1313   (Y': 11.9864   Cb: 12.8445   Cr: 12.0634 )
00000462: 12.0151   (Y': 11.83     Cb: 12.8214   Cr: 12.0357 )
00000461: 12.3095   (Y': 12.1835   Cb: 12.939    Cr: 12.2357 )
00000463: 12.2543   (Y': 12.1532   Cb: 12.8774   Cr: 12.0861 )
00000464: 12.3372   (Y': 12.2118   Cb: 12.9986   Cr: 12.2337 )
00000465: 12.2786   (Y': 12.1582   Cb: 12.929    Cr: 12.1643 )
00000466: 11.9742   (Y': 11.7973   Cb: 12.815    Cr: 11.9323 )
00000467: 12.2503   (Y': 12.1083   Cb: 12.974    Cr: 12.1616 )
00000468: 11.932    (Y': 11.747    Cb: 12.7094   Cr: 11.9763 )
00000469: 12.2395   (Y': 12.1081   Cb: 12.9024   Cr: 12.1589 )
00000470: 12.1225   (Y': 11.9663   Cb: 12.857    Cr: 12.0832 )
00000471: 11.9714   (Y': 11.8146   Cb: 12.7469   Cr: 11.9007 )
00000472: 12.3163   (Y': 12.2074   Cb: 12.8709   Cr: 12.2376 )
00000473: 12.0807   (Y': 11.9345   Cb: 12.8027   Cr: 12.0108 )
00000474: 12.2702   (Y': 12.1995   Cb: 12.8667   Cr: 12.0058 )
00000475: 11.9816   (Y': 11.7717   Cb: 12.8273   Cr: 12.0743 )
00000476: 12.1677   (Y': 12.037    Cb: 12.8544   Cr: 12.0646 )
00000477: 12.417    (Y': 12.3346   Cb: 12.9913   Cr: 12.2164 )
00000478: 12.3703   (Y': 12.2719   Cb: 12.9704   Cr: 12.2105 )
00000479: 12.0439   (Y': 11.8859   Cb: 12.7509   Cr: 12.0352 )
00000480: 12.1357   (Y': 11.9681   Cb: 12.9031   Cr: 12.1155 )
00000481: 12.3667   (Y': 12.2613   Cb: 12.9984   Cr: 12.2082 )
00000482: 12.3431   (Y': 12.2191   Cb: 13.0432   Cr: 12.2022 )
00000483: 12.4245   (Y': 12.3462   Cb: 12.9362   Cr: 12.2607 )
00000484: 12.0031   (Y': 11.8289   Cb: 12.7472   Cr: 12.0306 )
00000485: 12.0965   (Y': 11.9249   Cb: 12.8578   Cr: 12.0983 )
00000486: 12.0172   (Y': 11.8389   Cb: 12.7926   Cr: 12.0351 )
00000487: 12.317    (Y': 12.1964   Cb: 12.9528   Cr: 12.216  )
00000488: 12.4456   (Y': 12.3519   Cb: 13.0114   Cr: 12.2966 )
00000489: 12.185    (Y': 12.0745   Cb: 12.8551   Cr: 12.0149 )
00000490: 12.3272   (Y': 12.1905   Cb: 12.9977   Cr: 12.2621 )
00000491: 12.3971   (Y': 12.3217   Cb: 12.9328   Cr: 12.2015 )
00000492: 12.3605   (Y': 12.2642   Cb: 12.9297   Cr: 12.2188 )
00000494: 12.0124   (Y': 11.8698   Cb: 12.7018   Cr: 11.9551 )
00000493: 12.0656   (Y': 11.8906   Cb: 12.8439   Cr: 12.0675 )
00000495: 12.3264   (Y': 12.241    Cb: 12.8954   Cr: 12.1419 )
00000496: 12.3109   (Y': 12.1965   Cb: 12.8895   Cr: 12.2335 )
00000497: 11.9647   (Y': 11.8069   Cb: 12.7475   Cr: 11.892  )
00000498: 12.2147   (Y': 12.0995   Cb: 12.8331   Cr: 12.1065 )
00000499: 12.0148   (Y': 11.8782   Cb: 12.7219   Cr: 11.9185 )
00000500: 12.2396   (Y': 12.1289   Cb: 12.8607   Cr: 12.1116 )
00000501: 12.1481   (Y': 12.0039   Cb: 12.8696   Cr: 12.0706 )
00000502: 12.412    (Y': 12.3561   Cb: 12.9696   Cr: 12.1235 )
00000503: 12.3624   (Y': 12.2673   Cb: 12.89     Cr: 12.252  )
00000504: 12.4588   (Y': 12.397    Cb: 12.9603   Cr: 12.2399 )
00000505: 12.2379   (Y': 12.1385   Cb: 12.8871   Cr: 12.0417 )
00000506: 12.4527   (Y': 12.4016   Cb: 12.9482   Cr: 12.1978 )
00000507: 12.2708   (Y': 12.176    Cb: 12.8893   Cr: 12.0819 )
00000508: 12.4302   (Y': 12.3573   Cb: 13.0135   Cr: 12.1855 )
00000509: 12.401    (Y': 12.3315   Cb: 12.9693   Cr: 12.1556 )
00000510: 12.418    (Y': 12.3639   Cb: 12.8872   Cr: 12.197  )
00000511: 12.1048   (Y': 11.9639   Cb: 12.8044   Cr: 12.0324 )
00000512: 12.0337   (Y': 11.8937   Cb: 12.759    Cr: 11.9356 )
00000513: 12.1478   (Y': 11.9964   Cb: 12.8828   Cr: 12.0888 )
00000514: 12.4323   (Y': 12.3986   Cb: 12.9475   Cr: 12.0948 )
00000515: 12.0112   (Y': 11.8864   Cb: 12.7145   Cr: 11.8711 )
00000516: 12.2332   (Y': 12.143    Cb: 12.8409   Cr: 12.0349 )
00000517: 12.4744   (Y': 12.4157   Cb: 13.0293   Cr: 12.199  )
00000518: 12.2845   (Y': 12.1744   Cb: 12.9141   Cr: 12.1467 )
00000519: 12.1555   (Y': 12.0297   Cb: 12.8634   Cr: 12.0152 )
00000520: 12.1181   (Y': 12.0265   Cb: 12.7481   Cr: 11.907  )
00000521: 12.2955   (Y': 12.1996   Cb: 12.9082   Cr: 12.1157 )
00000522: 12.1737   (Y': 12.0862   Cb: 12.8124   Cr: 11.9399 )
00000523: 12.376    (Y': 12.2799   Cb: 12.9307   Cr: 12.246  )
00000524: 12.4169   (Y': 12.3393   Cb: 12.955    Cr: 12.2279 )
00000525: 12.1928   (Y': 12.0812   Cb: 12.8398   Cr: 12.0467 )
00000526: 12.0167   (Y': 11.8262   Cb: 12.8339   Cr: 12.0508 )
00000527: 12.2404   (Y': 12.1343   Cb: 12.8445   Cr: 12.1079 )
00000528: 12.3181   (Y': 12.199    Cb: 12.9458   Cr: 12.218  )
00000529: 12.028    (Y': 11.852    Cb: 12.8281   Cr: 12.0156 )
00000530: 12.0022   (Y': 11.8566   Cb: 12.6752   Cr: 11.9715 )
00000531: 12.3434   (Y': 12.2598   Cb: 12.8572   Cr: 12.1988 )
00000532: 12.3016   (Y': 12.181    Cb: 12.8876   Cr: 12.2433 )
00000533: 11.9459   (Y': 11.8142   Cb: 12.6877   Cr: 11.8015 )
00000534: 12.1889   (Y': 12.0743   Cb: 12.7834   Cr: 12.099  )
00000535: 11.9892   (Y': 11.8579   Cb: 12.7092   Cr: 11.861  )
00000536: 12.3084   (Y': 12.2178   Cb: 12.8717   Cr: 12.1494 )
00000537: 12.3102   (Y': 12.2202   Cb: 12.9077   Cr: 12.1202 )
00000538: 12.0837   (Y': 11.9848   Cb: 12.7637   Cr: 11.8603 )
00000539: 12.0545   (Y': 11.9313   Cb: 12.6659   Cr: 11.9849 )
00000540: 12.1809   (Y': 12.0868   Cb: 12.7924   Cr: 11.995  )
00000541: 12.2598   (Y': 12.1778   Cb: 12.86     Cr: 12.0363 )
00000542: 12.1653   (Y': 12.0557   Cb: 12.7353   Cr: 12.0758 )
00000543: 12.0145   (Y': 11.8955   Cb: 12.7107   Cr: 11.8568 )
00000544: 12.228    (Y': 12.14     Cb: 12.7868   Cr: 12.0627 )
00000545: 12.1301   (Y': 12.0002   Cb: 12.7762   Cr: 12.0577 )
00000546: 11.876    (Y': 11.6843   Cb: 12.7046   Cr: 11.9055 )
00000547: 12.052    (Y': 11.8976   Cb: 12.7839   Cr: 12.0075 )
00000548: 12.2249   (Y': 12.1458   Cb: 12.7696   Cr: 12.0365 )
00000549: 12.1743   (Y': 12.0584   Cb: 12.8607   Cr: 12.0124 )
00000550: 11.9941   (Y': 11.8292   Cb: 12.7129   Cr: 12.004  )
00000551: 12.0722   (Y': 11.9802   Cb: 12.6599   Cr: 11.8982 )
00000552: 12.0852   (Y': 11.9729   Cb: 12.7155   Cr: 11.9555 )
00000553: 11.9613   (Y': 11.7895   Cb: 12.7154   Cr: 11.9701 )
00000554: 12.1574   (Y': 12.0647   Cb: 12.7348   Cr: 11.9942 )
00000555: 12.0044   (Y': 11.8571   Cb: 12.7236   Cr: 11.9413 )
00000556: 12.2184   (Y': 12.124    Cb: 12.8134   Cr: 12.0475 )
00000557: 12.2824   (Y': 12.1878   Cb: 12.8687   Cr: 12.1195 )
00000558: 12.1147   (Y': 12.0002   Cb: 12.7935   Cr: 11.9531 )
00000559: 12.2992   (Y': 12.2313   Cb: 12.8544   Cr: 12.0589 )
00000560: 12.2199   (Y': 12.1451   Cb: 12.7844   Cr: 11.9982 )
00000561: 12.379    (Y': 12.3146   Cb: 12.8679   Cr: 12.1809 )
00000562: 12.0091   (Y': 11.9043   Cb: 12.6411   Cr: 11.8481 )
00000563: 11.9682   (Y': 11.8028   Cb: 12.7276   Cr: 11.9458 )
00000564: 12.3082   (Y': 12.2578   Cb: 12.7912   Cr: 12.0615 )
00000565: 12.0688   (Y': 11.9702   Cb: 12.68     Cr: 11.9008 )
00000566: 11.9452   (Y': 11.793    Cb: 12.6383   Cr: 11.9241 )
00000567: 12.2187   (Y': 12.1493   Cb: 12.7492   Cr: 12.0042 )
00000568: 12.3407   (Y': 12.2656   Cb: 12.8772   Cr: 12.144  )
00000569: 12.3225   (Y': 12.2571   Cb: 12.8529   Cr: 12.0931 )
00000570: 11.922    (Y': 11.7782   Cb: 12.6644   Cr: 11.8252 )
00000571: 12.1696   (Y': 12.0779   Cb: 12.7264   Cr: 12.0204 )
00000572: 12.3641   (Y': 12.3098   Cb: 12.814    Cr: 12.16   )
00000573: 12.3236   (Y': 12.2595   Cb: 12.8353   Cr: 12.1047 )
00000574: 12.0908   (Y': 11.9674   Cb: 12.7656   Cr: 11.9685 )
00000575: 12.2642   (Y': 12.209    Cb: 12.7765   Cr: 12.0107 )
00000576: 12.3568   (Y': 12.2992   Cb: 12.8434   Cr: 12.1342 )
00000577: 12.425    (Y': 12.3784   Cb: 12.8639   Cr: 12.2011 )
00000578: 12.2066   (Y': 12.1359   Cb: 12.7367   Cr: 11.9979 )
00000579: 11.9842   (Y': 11.8142   Cb: 12.7293   Cr: 11.9932 )
00000580: 12.109    (Y': 12.0049   Cb: 12.7229   Cr: 11.9607 )
00000581: 12.0955   (Y': 11.932    Cb: 12.8572   Cr: 12.0632 )
00000582: 12.3451   (Y': 12.2665   Cb: 12.8665   Cr: 12.1746 )
00000583: 12.3897   (Y': 12.2815   Cb: 12.9825   Cr: 12.2751 )
00000584: 12.3445   (Y': 12.2246   Cb: 12.953    Cr: 12.2634 )
00000585: 12.469    (Y': 12.4278   Cb: 12.9509   Cr: 12.1874 )
00000586: 12.206    (Y': 12.0585   Cb: 12.8736   Cr: 12.1875 )
00000587: 12.2222   (Y': 12.0739   Cb: 12.9239   Cr: 12.1776 )
00000588: 12.4218   (Y': 12.3496   Cb: 12.9633   Cr: 12.2089 )
00000589: 12.5213   (Y': 12.442    Cb: 13.1008   Cr: 12.3041 )
00000590: 12.4295   (Y': 12.3629   Cb: 12.9908   Cr: 12.1787 )
00000591: 12.4885   (Y': 12.3973   Cb: 13.1477   Cr: 12.2523 )
00000592: 12.6956   (Y': 12.6398   Cb: 13.281    Cr: 12.384  )
00000593: 12.4333   (Y': 12.372    Cb: 13.0003   Cr: 12.1574 )
00000594: 12.4172   (Y': 12.289    Cb: 13.1626   Cr: 12.2558 )
00000595: 12.4208   (Y': 12.349    Cb: 13.0137   Cr: 12.164  )
00000596: 12.6065   (Y': 12.5154   Cb: 13.2008   Cr: 12.4229 )
00000597: 12.4242   (Y': 12.3004   Cb: 13.1273   Cr: 12.2796 )
00000598: 12.4618   (Y': 12.3727   Cb: 13.0533   Cr: 12.2727 )
00000599: 12.6721   (Y': 12.5922   Cb: 13.2336   Cr: 12.4728 )
00000600: 12.5939   (Y': 12.4528   Cb: 13.4055   Cr: 12.43   )
00000601: 12.7235   (Y': 12.5677   Cb: 13.5843   Cr: 12.5797 )
00000602: 12.601    (Y': 12.5042   Cb: 13.2665   Cr: 12.3813 )
00000603: 12.3752   (Y': 12.2625   Cb: 13.0402   Cr: 12.2182 )
00000604: 12.2596   (Y': 12.0688   Cb: 13.1516   Cr: 12.2339 )
00000605: 12.2947   (Y': 12.1972   Cb: 12.8489   Cr: 12.1707 )
00000606: 12.5697   (Y': 12.498    Cb: 13.1075   Cr: 12.3586 )
00000607: 12.2091   (Y': 12.0581   Cb: 12.9169   Cr: 12.171  )
00000608: 12.306    (Y': 12.2479   Cb: 12.7704   Cr: 12.1044 )
00000609: 12.5059   (Y': 12.4634   Cb: 12.8756   Cr: 12.3263 )
00000610: 12.6044   (Y': 12.5939   Cb: 12.8772   Cr: 12.3874 )
00000611: 12.4026   (Y': 12.4035   Cb: 12.7258   Cr: 12.0983 )
00000613: 12.2751   (Y': 12.2391   Cb: 12.5758   Cr: 12.1314 )
00000612: 12.5415   (Y': 12.5151   Cb: 12.8193   Cr: 12.3812 )
00000614: 12.278    (Y': 12.2387   Cb: 12.5724   Cr: 12.1533 )
00000615: 12.3932   (Y': 12.3721   Cb: 12.6499   Cr: 12.2319 )
00000616: 12.1151   (Y': 12.1317   Cb: 12.2916   Cr: 11.8822 )
00000617: 12.1993   (Y': 12.1818   Cb: 12.4596   Cr: 12.0209 )
00000618: 11.8515   (Y': 11.8434   Cb: 12.1188   Cr: 11.6305 )
00000619: 12.3593   (Y': 12.4034   Cb: 12.4792   Cr: 12.0752 )
00000620: 12.0783   (Y': 12.0869   Cb: 12.2512   Cr: 11.8793 )
00000621: 12.537    (Y': 12.578    Cb: 12.6301   Cr: 12.2888 )
00000622: 12.2499   (Y': 12.2099   Cb: 12.4668   Cr: 12.1996 )
00000623: 12.183    (Y': 12.174    Cb: 12.38     Cr: 12.0292 )
00000624: 12.5855   (Y': 12.6174   Cb: 12.6351   Cr: 12.4123 )
00000625: 12.2598   (Y': 12.2078   Cb: 12.5273   Cr: 12.2097 )
00000626: 12.1662   (Y': 12.1363   Cb: 12.4087   Cr: 12.0515 )
00000627: 12.0704   (Y': 11.9383   Cb: 12.5599   Cr: 12.1448 )
00000628: 12.2933   (Y': 12.2059   Cb: 12.6049   Cr: 12.3461 )
00000629: 12.3112   (Y': 12.2552   Cb: 12.6076   Cr: 12.2505 )
00000630: 12.344    (Y': 12.2677   Cb: 12.6706   Cr: 12.337  )
00000631: 11.8905   (Y': 11.7228   Cb: 12.45     Cr: 12.0527 )
00000632: 12.0627   (Y': 11.9185   Cb: 12.5466   Cr: 12.1933 )
00000633: 12.5234   (Y': 12.5463   Cb: 12.6457   Cr: 12.3165 )
00000634: 11.9623   (Y': 11.8441   Cb: 12.455    Cr: 11.9758 )
00000635: 12.0837   (Y': 11.941    Cb: 12.5331   Cr: 12.2396 )
00000636: 12.3584   (Y': 12.3386   Cb: 12.59     Cr: 12.2146 )
00000637: 12.2312   (Y': 12.1277   Cb: 12.5737   Cr: 12.3217 )
00000638: 12.33     (Y': 12.3336   Cb: 12.4628   Cr: 12.1875 )
00000639: 12.164    (Y': 12.1477   Cb: 12.3831   Cr: 12.0181 )
00000640: 12.225    (Y': 12.2355   Cb: 12.3536   Cr: 12.0596 )
00000641: 11.9115   (Y': 11.8889   Cb: 12.067    Cr: 11.8495 )
00000642: 12.0076   (Y': 11.9861   Cb: 12.1827   Cr: 11.9232 )
00000643: 12.296    (Y': 12.3505   Cb: 12.2355   Cr: 12.143  )
00000644: 11.9753   (Y': 11.959    Cb: 12.0998   Cr: 11.9184 )
00000645: 11.7839   (Y': 11.7082   Cb: 11.9955   Cr: 11.8839 )
00000646: 12.1621   (Y': 12.1848   Cb: 12.1943   Cr: 12.0408 )
00000647: 12.2039   (Y': 12.2332   Cb: 12.1844   Cr: 12.1077 )
00000648: 11.8291   (Y': 11.757    Cb: 12.0658   Cr: 11.8901 )
00000649: 11.837    (Y': 11.8048   Cb: 11.9644   Cr: 11.8405 )
00000650: 12.057    (Y': 12.0316   Cb: 12.203    Cr: 12.0157 )
00000651: 12.2276   (Y': 12.2757   Cb: 12.1891   Cr: 12.0776 )
00000652: 12.0951   (Y': 12.1186   Cb: 12.1735   Cr: 11.9268 )
00000653: 11.8779   (Y': 11.8102   Cb: 12.1164   Cr: 11.9187 )
00000654: 12.2532   (Y': 12.3349   Cb: 12.1498   Cr: 12.0393 )
00000655: 12.0219   (Y': 12.0166   Cb: 12.1002   Cr: 11.9657 )
00000656: 11.8357   (Y': 11.7968   Cb: 12.0022   Cr: 11.8288 )
00000657: 11.9585   (Y': 11.9587   Cb: 12.0507   Cr: 11.8675 )
00000658: 12.16     (Y': 12.2345   Cb: 12.1146   Cr: 11.9171 )
00000659: 12.0676   (Y': 12.1148   Cb: 12.0512   Cr: 11.8994 )
00000660: 11.7475   (Y': 11.7013   Cb: 11.9397   Cr: 11.7454 )
00000661: 11.7337   (Y': 11.6734   Cb: 11.908    Cr: 11.8066 )
00000662: 12.0548   (Y': 12.1181   Cb: 11.9862   Cr: 11.8763 )
00000663: 11.8544   (Y': 11.8586   Cb: 11.945    Cr: 11.7492 )
00000664: 11.7891   (Y': 11.7312   Cb: 11.9929   Cr: 11.8232 )
00000665: 11.9126   (Y': 11.9202   Cb: 11.9878   Cr: 11.8091 )
00000666: 11.7209   (Y': 11.623    Cb: 11.9853   Cr: 11.8626 )
00000667: 11.9526   (Y': 11.9588   Cb: 11.9999   Cr: 11.8814 )
00000668: 11.726    (Y': 11.6638   Cb: 11.9485   Cr: 11.7601 )
00000669: 11.7508   (Y': 11.6854   Cb: 11.976    Cr: 11.7949 )
00000670: 11.6174   (Y': 11.5458   Cb: 11.8498   Cr: 11.6806 )
00000671: 11.9042   (Y': 11.8939   Cb: 12.0122   Cr: 11.839  )
00000672: 11.9591   (Y': 11.9607   Cb: 12.0271   Cr: 11.8859 )
00000673: 11.6821   (Y': 11.6152   Cb: 11.934    Cr: 11.7068 )
00000674: 11.5914   (Y': 11.4869   Cb: 11.8823   Cr: 11.7352 )
00000675: 11.8996   (Y': 11.882    Cb: 11.9796   Cr: 11.891  )
00000676: 11.7859   (Y': 11.7467   Cb: 11.9478   Cr: 11.7844 )
00000677: 11.797    (Y': 11.7615   Cb: 11.9516   Cr: 11.7876 )
00000678: 11.8463   (Y': 11.8327   Cb: 11.9473   Cr: 11.8012 )
00000679: 11.7954   (Y': 11.7577   Cb: 11.9547   Cr: 11.7902 )
00000680: 12.0696   (Y': 12.1182   Cb: 12.0421   Cr: 11.9068 )
00000681: 11.657    (Y': 11.6096   Cb: 11.8652   Cr: 11.6443 )
00000682: 11.6812   (Y': 11.6257   Cb: 11.8766   Cr: 11.7138 )
00000683: 11.9067   (Y': 11.9777   Cb: 11.8392   Cr: 11.6983 )
00000684: 11.8862   (Y': 11.9154   Cb: 11.9312   Cr: 11.7277 )
00000685: 11.8259   (Y': 11.8628   Cb: 11.8464   Cr: 11.6618 )
00000686: 11.7708   (Y': 11.7983   Cb: 11.8211   Cr: 11.6141 )
00000687: 11.8257   (Y': 11.8492   Cb: 11.8847   Cr: 11.6757 )
00000688: 12.0045   (Y': 12.0743   Cb: 11.9439   Cr: 11.7939 )
00000689: 11.8165   (Y': 11.8527   Cb: 11.8416   Cr: 11.6502 )
00000690: 12.0734   (Y': 12.0997   Cb: 12.0768   Cr: 11.9664 )
00000691: 12.2374   (Y': 12.3842   Cb: 12.0591   Cr: 11.8591 )
00000692: 11.9154   (Y': 11.9829   Cb: 11.8957   Cr: 11.6741 )
00000693: 11.9223   (Y': 11.9759   Cb: 11.9042   Cr: 11.7314 )
00000694: 11.9742   (Y': 12.0765   Cb: 11.8883   Cr: 11.6676 )
00000695: 11.8657   (Y': 11.946    Cb: 11.8487   Cr: 11.5742 )
00000696: 12.1679   (Y': 12.2788   Cb: 12.0661   Cr: 11.8455 )
00000697: 11.898    (Y': 11.9332   Cb: 12.0051   Cr: 11.6588 )
00000698: 12.1671   (Y': 12.2042   Cb: 12.2884   Cr: 11.9078 )
00000699: 12.1771   (Y': 12.2386   Cb: 12.2596   Cr: 11.8629 )
00000700: 12.4874   (Y': 12.5429   Cb: 12.5956   Cr: 12.1715 )
00000701: 12.4777   (Y': 12.5384   Cb: 12.5607   Cr: 12.1657 )
00000703: 12.4897   (Y': 12.4808   Cb: 12.7966   Cr: 12.2365 )
00000702: 12.2682   (Y': 12.245    Cb: 12.5801   Cr: 12.0651 )
00000704: 12.5344   (Y': 12.4746   Cb: 12.9888   Cr: 12.348  )
00000705: 12.6154   (Y': 12.6099   Cb: 12.9671   Cr: 12.3105 )
00000706: 12.2927   (Y': 12.1059   Cb: 13.095    Cr: 12.3234 )
00000707: 12.4588   (Y': 12.3241   Cb: 13.1283   Cr: 12.3861 )
00000708: 12.3849   (Y': 12.2366   Cb: 13.1828   Cr: 12.2612 )
00000709: 12.3951   (Y': 12.2422   Cb: 13.1273   Cr: 12.3443 )
00000711: 12.1211   (Y': 11.9199   Cb: 12.9804   Cr: 12.1655 )
00000710: 12.425    (Y': 12.3148   Cb: 13.141    Cr: 12.2165 )
00000712: 12.6447   (Y': 12.5599   Cb: 13.2751   Cr: 12.4068 )
00000713: 12.2106   (Y': 12.0351   Cb: 13.0526   Cr: 12.1618 )
00000714: 12.3127   (Y': 12.1666   Cb: 13.1301   Cr: 12.1648 )
00000715: 12.6808   (Y': 12.6418   Cb: 13.2922   Cr: 12.2856 )
00000716: 12.1427   (Y': 11.9887   Cb: 12.9635   Cr: 12.0236 )
00000717: 12.2294   (Y': 12.0936   Cb: 13.0018   Cr: 12.0761 )
00000718: 12.6378   (Y': 12.5995   Cb: 13.2253   Cr: 12.2591 )
00000719: 12.5375   (Y': 12.5106   Cb: 13.0826   Cr: 12.151  )
00000720: 12.6451   (Y': 12.6313   Cb: 13.1621   Cr: 12.2333 )
00000721: 12.273    (Y': 12.1889   Cb: 12.9283   Cr: 12.0127 )
00000722: 12.6002   (Y': 12.5696   Cb: 13.1441   Cr: 12.2284 )
00000723: 12.4557   (Y': 12.4241   Cb: 12.9839   Cr: 12.1004 )
00000724: 12.2061   (Y': 12.1208   Cb: 12.8445   Cr: 11.9637 )
00000725: 12.5242   (Y': 12.4867   Cb: 13.0876   Cr: 12.1623 )
00000727: 12.4217   (Y': 12.3166   Cb: 13.1223   Cr: 12.2058 )
00000726: 12.6052   (Y': 12.5784   Cb: 13.139    Cr: 12.2275 )
00000728: 12.256    (Y': 12.1175   Cb: 13.0382   Cr: 12.1056 )
00000729: 12.6141   (Y': 12.5605   Cb: 13.2366   Cr: 12.2647 )
00000730: 12.4839   (Y': 12.4164   Cb: 13.0414   Cr: 12.24   )
00000731: 12.0624   (Y': 11.895    Cb: 12.8769   Cr: 12.0028 )
00000732: 12.4955   (Y': 12.4292   Cb: 13.0878   Cr: 12.218  )
00000733: 12.518    (Y': 12.4286   Cb: 13.1873   Cr: 12.2668 )
00000734: 12.245    (Y': 12.1058   Cb: 13.0582   Cr: 12.0727 )
00000735: 12.0341   (Y': 11.8369   Cb: 12.9402   Cr: 12.0231 )
00000736: 12.4344   (Y': 12.3133   Cb: 13.0957   Cr: 12.3134 )
00000737: 12.5505   (Y': 12.4451   Cb: 13.1869   Cr: 12.3884 )
00000738: 12.1776   (Y': 12.0012   Cb: 13.0395   Cr: 12.1167 )
00000739: 11.955    (Y': 11.7431   Cb: 12.8832   Cr: 11.9882 )
00000740: 12.3386   (Y': 12.2429   Cb: 12.9995   Cr: 12.1183 )
00000741: 12.5355   (Y': 12.4565   Cb: 13.2009   Cr: 12.2474 )
00000742: 11.9446   (Y': 11.7376   Cb: 12.8984   Cr: 11.9362 )
00000743: 12.1039   (Y': 11.9144   Cb: 12.9671   Cr: 12.0955 )
00000744: 12.5188   (Y': 12.4428   Cb: 13.123    Cr: 12.2688 )
00000745: 12.4426   (Y': 12.3359   Cb: 13.0871   Cr: 12.2791 )
00000746: 12.4602   (Y': 12.358    Cb: 13.1389   Cr: 12.2508 )
00000747: 12.2268   (Y': 12.0937   Cb: 12.9788   Cr: 12.0791 )
00000748: 12.4161   (Y': 12.2983   Cb: 13.0358   Cr: 12.3175 )
00000749: 12.3416   (Y': 12.2509   Cb: 13.0688   Cr: 12.0489 )
00000750: 12.0451   (Y': 11.8747   Cb: 12.8812   Cr: 11.9803 )
00000751: 12.3188   (Y': 12.199    Cb: 13.009    Cr: 12.169  )
00000752: 12.4559   (Y': 12.382    Cb: 13.0878   Cr: 12.1752 )
00000753: 12.154    (Y': 12.008    Cb: 12.9142   Cr: 12.0519 )
00000754: 12.2283   (Y': 12.0776   Cb: 13.0384   Cr: 12.1045 )
00000755: 12.4543   (Y': 12.3634   Cb: 13.1402   Cr: 12.1951 )
00000756: 12.3397   (Y': 12.2188   Cb: 13.0402   Cr: 12.1864 )
00000757: 12.0397   (Y': 11.8819   Cb: 12.9408   Cr: 11.8717 )
00000758: 12.3375   (Y': 12.2303   Cb: 13.0611   Cr: 12.1111 )
00000759: 11.9629   (Y': 11.7702   Cb: 12.8612   Cr: 11.9397 )
00000760: 12.3585   (Y': 12.2563   Cb: 13.0569   Cr: 12.133  )
00000761: 12.3563   (Y': 12.283    Cb: 12.9517   Cr: 12.1031 )
00000762: 12.1447   (Y': 12.019    Cb: 12.8845   Cr: 11.9779 )
00000763: 12.3619   (Y': 12.2692   Cb: 12.9871   Cr: 12.1594 )
00000764: 12.413    (Y': 12.3307   Cb: 13.0092   Cr: 12.1938 )
00000765: 12.1177   (Y': 11.9898   Cb: 12.8772   Cr: 11.9438 )
00000766: 11.961    (Y': 11.7567   Cb: 12.9001   Cr: 11.9536 )
00000768: 12.5284   (Y': 12.454    Cb: 13.1812   Cr: 12.2324 )
00000767: 12.364    (Y': 12.2622   Cb: 13.0017   Cr: 12.1866 )
00000770: 11.9315   (Y': 11.725    Cb: 12.8766   Cr: 11.9286 )
00000769: 12.1101   (Y': 11.9393   Cb: 12.9711   Cr: 12.0268 )
00000771: 12.2346   (Y': 12.084    Cb: 13.0523   Cr: 12.104  )
00000772: 12.5479   (Y': 12.4917   Cb: 13.1277   Cr: 12.2423 )
00000773: 11.9419   (Y': 11.7485   Cb: 12.8258   Cr: 11.933  )
00000774: 12.0551   (Y': 11.8732   Cb: 12.9056   Cr: 12.0257 )
00000775: 12.0246   (Y': 11.8689   Cb: 12.8858   Cr: 11.8797 )
00000776: 12.4463   (Y': 12.3439   Cb: 13.0811   Cr: 12.2733 )
00000777: 12.0221   (Y': 11.8122   Cb: 12.9178   Cr: 12.073  )
00000778: 12.2483   (Y': 12.1094   Cb: 12.985    Cr: 12.1368 )
00000779: 12.4868   (Y': 12.3815   Cb: 13.0966   Cr: 12.3465 )
00000780: 12.2863   (Y': 12.169    Cb: 12.9365   Cr: 12.1599 )
00000781: 12.5094   (Y': 12.4134   Cb: 13.1033   Cr: 12.3458 )
00000782: 12.4142   (Y': 12.2979   Cb: 13.0664   Cr: 12.2821 )
00000783: 12.0008   (Y': 11.8322   Cb: 12.8199   Cr: 11.9424 )
00000784: 12.1569   (Y': 12.0013   Cb: 12.9678   Cr: 12.0522 )
00000785: 12.4862   (Y': 12.4023   Cb: 13.1349   Cr: 12.2304 )
00000786: 12.4524   (Y': 12.3615   Cb: 13.0502   Cr: 12.2654 )
00000787: 12.2309   (Y': 12.0842   Cb: 12.9655   Cr: 12.1524 )
00000788: 11.9233   (Y': 11.7348   Cb: 12.8151   Cr: 11.888  )
00000789: 12.4561   (Y': 12.394    Cb: 13.0228   Cr: 12.1837 )
00000790: 12.4431   (Y': 12.3631   Cb: 13.0179   Cr: 12.2332 )
00000791: 11.9751   (Y': 11.8194   Cb: 12.7435   Cr: 11.9057 )
00000792: 12.019    (Y': 11.8256   Cb: 12.8952   Cr: 12.0164 )
00000793: 12.1236   (Y': 11.9615   Cb: 12.904    Cr: 12.0702 )
00000794: 12.4237   (Y': 12.3234   Cb: 13.0279   Cr: 12.2683 )
00000795: 12.0538   (Y': 11.8611   Cb: 12.9248   Cr: 12.0532 )
00000796: 12.2457   (Y': 12.1543   Cb: 12.8614   Cr: 12.0458 )
00000797: 12.4305   (Y': 12.3521   Cb: 13.0028   Cr: 12.2162 )
00000798: 12.3537   (Y': 12.2876   Cb: 12.9414   Cr: 12.0794 )
00000799: 12.4892   (Y': 12.4379   Cb: 13.0419   Cr: 12.1875 )
00000800: 12.3481   (Y': 12.2495   Cb: 13.0144   Cr: 12.1345 )
00000801: 12.3553   (Y': 12.2921   Cb: 12.9531   Cr: 12.0613 )
00000802: 12.1508   (Y': 12.0063   Cb: 12.9636   Cr: 11.9997 )
00000803: 12.2901   (Y': 12.1935   Cb: 12.961    Cr: 12.065  )
00000804: 12.0455   (Y': 11.883    Cb: 12.8624   Cr: 11.9642 )
00000805: 12.1355   (Y': 11.9481   Cb: 12.9828   Cr: 12.1319 )
00000806: 11.9406   (Y': 11.7309   Cb: 12.8699   Cr: 11.9639 )
00000807: 12.3419   (Y': 12.2023   Cb: 13.0557   Cr: 12.2518 )
00000808: 12.525    (Y': 12.4333   Cb: 13.203    Cr: 12.275  )
00000809: 12.3409   (Y': 12.2059   Cb: 13.0619   Cr: 12.2264 )
00000810: 12.405    (Y': 12.2661   Cb: 13.1397   Cr: 12.2952 )
00000811: 12.1931   (Y': 12.0454   Cb: 13.0133   Cr: 12.0493 )
00000812: 12.4858   (Y': 12.3623   Cb: 13.1474   Cr: 12.375  )
00000813: 12.5117   (Y': 12.3795   Cb: 13.2281   Cr: 12.3901 )
00000814: 12.2028   (Y': 12.0211   Cb: 13.0661   Cr: 12.1624 )
00000815: 12.0514   (Y': 11.8303   Cb: 12.9839   Cr: 12.1196 )
00000816: 12.4449   (Y': 12.3145   Cb: 13.2016   Cr: 12.2831 )
00000817: 12.4765   (Y': 12.3532   Cb: 13.1843   Cr: 12.3259 )
00000818: 12.4486   (Y': 12.28     Cb: 13.2864   Cr: 12.3752 )
00000819: 12.035    (Y': 11.8443   Cb: 12.915    Cr: 12.0182 )
00000820: 12.5474   (Y': 12.4516   Cb: 13.1606   Cr: 12.3665 )
00000821: 12.5106   (Y': 12.4292   Cb: 13.1751   Cr: 12.2325 )
00000822: 11.9919   (Y': 11.7855   Cb: 12.945    Cr: 11.9817 )
00000823: 12.2707   (Y': 12.0896   Cb: 13.1655   Cr: 12.2026 )
00000824: 12.4981   (Y': 12.3849   Cb: 13.2561   Cr: 12.2677 )
00000826: 12.4944   (Y': 12.3885   Cb: 13.2678   Cr: 12.2232 )
00000825: 12.2371   (Y': 12.07     Cb: 13.1271   Cr: 12.1157 )
00000827: 12.4612   (Y': 12.3385   Cb: 13.1789   Cr: 12.3007 )
00000828: 12.0508   (Y': 11.8307   Cb: 13.0261   Cr: 12.0806 )
00000829: 12.0051   (Y': 11.7851   Cb: 12.9334   Cr: 12.0724 )
00000830: 12.35     (Y': 12.2131   Cb: 13.0975   Cr: 12.2211 )
00000831: 12.5846   (Y': 12.4762   Cb: 13.2825   Cr: 12.3838 )
00000832: 12.1182   (Y': 11.947    Cb: 12.9455   Cr: 12.0634 )
00000833: 12.0116   (Y': 11.7632   Cb: 13.0346   Cr: 12.1239 )
00000834: 12.5221   (Y': 12.4193   Cb: 13.1667   Cr: 12.343  )
00000835: 12.4837   (Y': 12.3766   Cb: 13.1439   Cr: 12.3084 )
00000836: 12.5023   (Y': 12.3872   Cb: 13.276    Cr: 12.2666 )
00000837: 12.1957   (Y': 12.0424   Cb: 13.0016   Cr: 12.0859 )
00000838: 12.4682   (Y': 12.3411   Cb: 13.201    Cr: 12.3126 )
00000839: 12.2936   (Y': 12.1748   Cb: 13.0275   Cr: 12.1047 )
00000840: 12.2162   (Y': 12.058    Cb: 13.0895   Cr: 12.0719 )
00000841: 12.4125   (Y': 12.2655   Cb: 13.2486   Cr: 12.2529 )
00000842: 12.3218   (Y': 12.2039   Cb: 13.0733   Cr: 12.115  )
00000843: 12.0395   (Y': 11.8234   Cb: 13.0137   Cr: 12.0531 )
00000844: 12.4133   (Y': 12.2399   Cb: 13.308    Cr: 12.3137 )
00000845: 12.5673   (Y': 12.4585   Cb: 13.2719   Cr: 12.3622 )
00000846: 12.1025   (Y': 11.8823   Cb: 13.106    Cr: 12.1102 )
00000847: 12.0113   (Y': 11.8028   Cb: 12.9456   Cr: 12.0252 )
00000848: 12.5188   (Y': 12.3932   Cb: 13.2795   Cr: 12.3344 )
00000849: 12.3328   (Y': 12.1516   Cb: 13.1972   Cr: 12.2891 )
00000850: 12.5425   (Y': 12.4098   Cb: 13.326    Cr: 12.3682 )
00000851: 12.1623   (Y': 11.9788   Cb: 13.0832   Cr: 12.0828 )
00000852: 11.9082   (Y': 11.67     Cb: 12.8776   Cr: 12.02   )
00000853: 12.4867   (Y': 12.3726   Cb: 13.2246   Cr: 12.2756 )
00000854: 12.5374   (Y': 12.4327   Cb: 13.2374   Cr: 12.3206 )
00000855: 11.9618   (Y': 11.7396   Cb: 12.956    Cr: 11.985  )
00000856: 12.1665   (Y': 11.9635   Cb: 13.0857   Cr: 12.1691 )
00000858: 12.3721   (Y': 12.2094   Cb: 13.1837   Cr: 12.2956 )
00000857: 12.5401   (Y': 12.4262   Cb: 13.2871   Cr: 12.3212 )
00000859: 12.168    (Y': 11.96     Cb: 13.1025   Cr: 12.1797 )
00000860: 12.4528   (Y': 12.3253   Cb: 13.1997   Cr: 12.2872 )
00000861: 12.4857   (Y': 12.3434   Cb: 13.2409   Cr: 12.3724 )
00000862: 12.1694   (Y': 12.0122   Cb: 13.0254   Cr: 12.0348 )
00000863: 12.3168   (Y': 12.165    Cb: 13.0627   Cr: 12.2503 )
00000864: 12.4058   (Y': 12.2136   Cb: 13.3149   Cr: 12.3714 )
00000866: 12.0781   (Y': 11.8554   Cb: 13.0669   Cr: 12.108  )
00000865: 12.1839   (Y': 12.0079   Cb: 13.0126   Cr: 12.1479 )
00000867: 12.2734   (Y': 12.084    Cb: 13.1511   Cr: 12.2531 )
00000868: 12.4534   (Y': 12.2825   Cb: 13.2436   Cr: 12.4282 )
00000869: 12.1935   (Y': 11.9798   Cb: 13.1591   Cr: 12.2042 )
00000870: 11.8587   (Y': 11.5869   Cb: 12.9344   Cr: 12.0315 )
00000871: 12.3192   (Y': 12.1433   Cb: 13.1513   Cr: 12.2799 )
00000872: 12.3481   (Y': 12.1563   Cb: 13.2581   Cr: 12.3119 )
00000873: 12.1246   (Y': 11.9092   Cb: 13.0792   Cr: 12.1508 )
00000874: 11.9183   (Y': 11.6292   Cb: 13.0402   Cr: 12.1306 )
00000875: 12.2271   (Y': 12.0253   Cb: 13.1194   Cr: 12.2465 )
00000876: 12.3252   (Y': 12.1192   Cb: 13.2505   Cr: 12.3359 )
00000877: 11.9901   (Y': 11.7297   Cb: 13.0339   Cr: 12.1384 )
00000878: 11.8313   (Y': 11.5534   Cb: 12.9678   Cr: 11.9818 )
00000879: 12.2223   (Y': 11.9919   Cb: 13.153    Cr: 12.3323 )
00000880: 12.2134   (Y': 11.9788   Cb: 13.2111   Cr: 12.2869 )
00000881: 12.0252   (Y': 11.7843   Cb: 13.0514   Cr: 12.1027 )
00000882: 12.0067   (Y': 11.7972   Cb: 12.9097   Cr: 12.0502 )
00000883: 12.2117   (Y': 12.0697   Cb: 12.8834   Cr: 12.1667 )
00000884: 12.2733   (Y': 12.181    Cb: 12.8253   Cr: 12.1307 )
00000885: 12.1034   (Y': 11.9626   Cb: 12.7346   Cr: 12.088  )
00000886: 11.9206   (Y': 11.7906   Cb: 12.5763   Cr: 11.8408 )
00000887: 12.2474   (Y': 12.1357   Cb: 12.7628   Cr: 12.2144 )
00000888: 12.3332   (Y': 12.263    Cb: 12.8221   Cr: 12.1577 )
00000889: 12.0799   (Y': 11.9809   Cb: 12.6644   Cr: 11.9362 )
00000890: 11.9389   (Y': 11.7881   Cb: 12.6087   Cr: 11.9321 )
00000891: 12.1853   (Y': 12.0613   Cb: 12.7631   Cr: 12.1475 )
00000892: 12.2925   (Y': 12.1898   Cb: 12.8293   Cr: 12.2039 )
00000893: 12.0317   (Y': 11.8812   Cb: 12.683    Cr: 12.0393 )
00000894: 12.2888   (Y': 12.2079   Cb: 12.8096   Cr: 12.1278 )
00000895: 12.1619   (Y': 12.0439   Cb: 12.739    Cr: 12.1003 )
00000896: 12.3406   (Y': 12.2734   Cb: 12.8104   Cr: 12.1697 )
00000897: 12.1789   (Y': 12.0872   Cb: 12.7679   Cr: 12.0022 )
00000898: 12.2702   (Y': 12.1791   Cb: 12.7085   Cr: 12.2218 )
00000899: 12.0473   (Y': 11.987    Cb: 12.5276   Cr: 11.8406 )
00000900: 12.0908   (Y': 12.0136   Cb: 12.6508   Cr: 11.8822 )
00000901: 12.2975   (Y': 12.2223   Cb: 12.7376   Cr: 12.1838 )
00000902: 12.1749   (Y': 12.1143   Cb: 12.6701   Cr: 11.9566 )
00000903: 12.0305   (Y': 11.9094   Cb: 12.6078   Cr: 11.9812 )
00000904: 12.3392   (Y': 12.3125   Cb: 12.7076   Cr: 12.0998 )
00000905: 12.3154   (Y': 12.2457   Cb: 12.7886   Cr: 12.1515 )
00000906: 12.1225   (Y': 12.0017   Cb: 12.6928   Cr: 12.0783 )
00000907: 11.8878   (Y': 11.7701   Cb: 12.4613   Cr: 11.8279 )
00000908: 12.2155   (Y': 12.1312   Cb: 12.6718   Cr: 12.1241 )
00000909: 12.4105   (Y': 12.3655   Cb: 12.8535   Cr: 12.1766 )
00000910: 11.9087   (Y': 11.812    Cb: 12.4636   Cr: 11.7808 )
00000911: 11.9211   (Y': 11.7875   Cb: 12.5152   Cr: 11.9087 )
00000912: 12.3774   (Y': 12.3369   Cb: 12.796    Cr: 12.1475 )
00000913: 12.3198   (Y': 12.2292   Cb: 12.7646   Cr: 12.2638 )
00000915: 11.9505   (Y': 11.8607   Cb: 12.4941   Cr: 11.8047 )
00000914: 12.3583   (Y': 12.2784   Cb: 12.8252   Cr: 12.2398 )
00000916: 11.9318   (Y': 11.793    Cb: 12.597    Cr: 11.8795 )
00000917: 12.3186   (Y': 12.2724   Cb: 12.7846   Cr: 12.0698 )
00000918: 11.8733   (Y': 11.772    Cb: 12.4618   Cr: 11.7346 )
00000919: 12.1184   (Y': 12.0039   Cb: 12.6588   Cr: 12.0744 )
00000920: 12.3161   (Y': 12.2704   Cb: 12.7106   Cr: 12.1268 )
00000921: 12.2101   (Y': 12.1385   Cb: 12.6668   Cr: 12.0675 )
00000922: 12.0187   (Y': 11.9296   Cb: 12.5282   Cr: 11.8996 )
00000923: 12.2033   (Y': 12.1424   Cb: 12.6818   Cr: 12.0008 )
00000924: 12.2446   (Y': 12.1642   Cb: 12.6851   Cr: 12.1512 )
00000925: 11.9887   (Y': 11.9176   Cb: 12.5029   Cr: 11.7947 )
00000926: 12.2545   (Y': 12.1871   Cb: 12.6851   Cr: 12.1188 )
00000927: 12.2641   (Y': 12.2023   Cb: 12.6723   Cr: 12.1259 )
00000928: 12.1056   (Y': 12.0143   Cb: 12.6586   Cr: 11.9581 )
00000929: 11.9411   (Y': 11.7844   Cb: 12.5975   Cr: 11.9703 )
00000930: 12.1749   (Y': 12.0844   Cb: 12.6255   Cr: 12.1129 )
00000931: 12.287    (Y': 12.2316   Cb: 12.7558   Cr: 12.071  )
00000932: 12.1317   (Y': 12.0273   Cb: 12.657    Cr: 12.0604 )
00000933: 11.8783   (Y': 11.7745   Cb: 12.4518   Cr: 11.7628 )
00000934: 12.2572   (Y': 12.2004   Cb: 12.7201   Cr: 12.0518 )
00000935: 12.3068   (Y': 12.2644   Cb: 12.6988   Cr: 12.1069 )
00000936: 12.1712   (Y': 12.1204   Cb: 12.631    Cr: 11.9449 )
00000937: 11.9248   (Y': 11.7983   Cb: 12.5361   Cr: 11.8683 )
00000938: 12.0175   (Y': 11.9428   Cb: 12.5263   Cr: 11.8425 )
00000939: 12.2256   (Y': 12.1349   Cb: 12.7161   Cr: 12.1294 )
00000940: 12.2663   (Y': 12.1877   Cb: 12.7476   Cr: 12.1305 )
00000941: 12.1237   (Y': 12.055    Cb: 12.6649   Cr: 11.8978 )
00000942: 11.9068   (Y': 11.7805   Cb: 12.5317   Cr: 11.8381 )
00000943: 12.2617   (Y': 12.2099   Cb: 12.6993   Cr: 12.0587 )
00000944: 12.2186   (Y': 12.1597   Cb: 12.7083   Cr: 11.9983 )
00000945: 12.1966   (Y': 12.1491   Cb: 12.5998   Cr: 12.0066 )
00000946: 11.9388   (Y': 11.8355   Cb: 12.4696   Cr: 11.8581 )
00000947: 12.0944   (Y': 12.0353   Cb: 12.6174   Cr: 11.8468 )
00000948: 12.3674   (Y': 12.3668   Cb: 12.7455   Cr: 12.022  )
00000949: 12.0069   (Y': 11.9583   Cb: 12.4579   Cr: 11.78   )
00000950: 12.1501   (Y': 12.0793   Cb: 12.6359   Cr: 11.9796 )
00000951: 12.0643   (Y': 12.0303   Cb: 12.5047   Cr: 11.7907 )
00000952: 12.022    (Y': 12.0086   Cb: 12.3928   Cr: 11.7302 )
00000953: 12.0031   (Y': 11.9777   Cb: 12.3963   Cr: 11.7374 )
00000954: 12.0517   (Y': 12.0359   Cb: 12.4506   Cr: 11.7448 )
00000955: 12.0455   (Y': 12.0226   Cb: 12.4984   Cr: 11.7197 )
00000956: 12.2469   (Y': 12.246    Cb: 12.5901   Cr: 11.932  )
00000957: 12.4189   (Y': 12.4108   Cb: 12.8008   Cr: 12.0979 )
00000958: 12.5147   (Y': 12.4706   Cb: 12.981    Cr: 12.2578 )
00000959: 12.6227   (Y': 12.5361   Cb: 13.1428   Cr: 12.4847 )
00000960: 12.6727   (Y': 12.5526   Cb: 13.2479   Cr: 12.6216 )
00000961: 12.7253   (Y': 12.5848   Cb: 13.3458   Cr: 12.7179 )
00000962: 13.0461   (Y': 12.8126   Cb: 13.945    Cr: 13.196  )
00000964: 13.3369   (Y': 13.0584   Cb: 14.4022   Cr: 13.5478 )
00000963: 13.1245   (Y': 12.8641   Cb: 14.1327   Cr: 13.3021 )
00000965: 13.3581   (Y': 13.0272   Cb: 14.5103   Cr: 13.7373 )
00000966: 13.4904   (Y': 13.2222   Cb: 14.4438   Cr: 13.7486 )
00000967: 13.5314   (Y': 13.2481   Cb: 14.5603   Cr: 13.7938 )
00000968: 13.5848   (Y': 13.2649   Cb: 14.6814   Cr: 13.9589 )
00000969: 13.566    (Y': 13.2396   Cb: 14.6575   Cr: 13.9758 )
00000970: 13.3238   (Y': 12.9802   Cb: 14.5372   Cr: 13.7123 )
00000971: 13.3141   (Y': 12.9483   Cb: 14.602    Cr: 13.747  )
00000972: 13.0397   (Y': 12.6636   Cb: 14.4473   Cr: 13.4254 )
00000973: 13.0058   (Y': 12.6091   Cb: 14.4927   Cr: 13.4282 )
00000974: 12.6783   (Y': 12.2262   Cb: 14.319    Cr: 13.2541 )
00000975: 12.756    (Y': 12.3056   Cb: 14.4273   Cr: 13.2995 )
00000976: 12.8498   (Y': 12.4383   Cb: 14.3702   Cr: 13.3178 )
00000977: 12.556    (Y': 12.0175   Cb: 14.5101   Cr: 13.3428 )
00000978: 12.5645   (Y': 12.0234   Cb: 14.5465   Cr: 13.3442 )
00000979: 12.6514   (Y': 12.1055   Cb: 14.6708   Cr: 13.4287 )
00000980: 12.8408   (Y': 12.3369   Cb: 14.7044   Cr: 13.5118 )
00000981: 12.8422   (Y': 12.3327   Cb: 14.7703   Cr: 13.4943 )
00000982: 12.9002   (Y': 12.4148   Cb: 14.819    Cr: 13.4353 )
00000983: 12.8472   (Y': 12.3504   Cb: 14.7111   Cr: 13.4811 )
00000984: 12.8594   (Y': 12.3816   Cb: 14.7203   Cr: 13.3982 )
00000985: 12.744    (Y': 12.2464   Cb: 14.7041   Cr: 13.3108 )
00000986: 12.8154   (Y': 12.3294   Cb: 14.7238   Cr: 13.361  )
00000987: 12.8716   (Y': 12.4197   Cb: 14.76     Cr: 13.2618 )
00000988: 12.9166   (Y': 12.4776   Cb: 14.7111   Cr: 13.3119 )
00000989: 12.8856   (Y': 12.4484   Cb: 14.6724   Cr: 13.2779 )
00000990: 12.7627   (Y': 12.307    Cb: 14.5981   Cr: 13.2097 )
00000991: 12.7225   (Y': 12.2824   Cb: 14.5009   Cr: 13.1348 )
00000992: 12.5916   (Y': 12.1208   Cb: 14.508    Cr: 13.0554 )
00000993: 12.565    (Y': 12.0688   Cb: 14.4683   Cr: 13.1664 )
00000994: 12.6038   (Y': 12.1014   Cb: 14.5961   Cr: 13.1721 )
00000995: 12.5782   (Y': 12.0806   Cb: 14.5129   Cr: 13.1636 )
00000996: 12.5749   (Y': 12.084    Cb: 14.5276   Cr: 13.1128 )
00000997: 12.603    (Y': 12.1115   Cb: 14.5319   Cr: 13.1617 )
00000998: 12.647    (Y': 12.1667   Cb: 14.517    Cr: 13.1921 )
00000999: 12.6652   (Y': 12.2156   Cb: 14.3739   Cr: 13.1764 )
00001000: 12.6204   (Y': 12.169    Cb: 14.4395   Cr: 13.0587 )
00001001: 12.5681   (Y': 12.0992   Cb: 14.3485   Cr: 13.1217 )
00001002: 12.5324   (Y': 12.0348   Cb: 14.4715   Cr: 13.1148 )
00001003: 12.5113   (Y': 12.0324   Cb: 14.3692   Cr: 13.0577 )
00001004: 12.5112   (Y': 12.0263   Cb: 14.3531   Cr: 13.1003 )
00001005: 12.5417   (Y': 12.0504   Cb: 14.4983   Cr: 13.0785 )
00001006: 12.4999   (Y': 12.0162   Cb: 14.3832   Cr: 13.0521 )
00001007: 12.511    (Y': 12.0256   Cb: 14.3894   Cr: 13.0751 )
00001008: 12.5009   (Y': 12.0067   Cb: 14.3727   Cr: 13.1155 )
00001009: 12.521    (Y': 12.0235   Cb: 14.4327   Cr: 13.123  )
00001010: 12.4862   (Y': 12.0035   Cb: 14.3423   Cr: 13.0536 )
00001011: 12.5097   (Y': 12.0281   Cb: 14.3462   Cr: 13.0864 )
00001012: 12.5389   (Y': 12.055    Cb: 14.4177   Cr: 13.0956 )
00001013: 12.5141   (Y': 12.0269   Cb: 14.4123   Cr: 13.073  )
00001014: 12.5491   (Y': 12.0827   Cb: 14.4415   Cr: 13.0081 )
00001015: 12.5475   (Y': 12.0865   Cb: 14.387    Cr: 13.0179 )
00001016: 12.5592   (Y': 12.0868   Cb: 14.3972   Cr: 13.088  )
00001017: 12.6915   (Y': 12.2413   Cb: 14.4808   Cr: 13.1453 )
00001018: 12.7395   (Y': 12.3194   Cb: 14.4096   Cr: 13.1352 )
00001019: 13.9306   (Y': 13.705    Cb: 15.0736   Cr: 13.8527 )
00001020: 14.2094   (Y': 13.9976   Cb: 15.2588   Cr: 14.1456 )
00001021: 13.4137   (Y': 13.0902   Cb: 14.8015   Cr: 13.5719 )
00001022: 13.1867   (Y': 12.8293   Cb: 14.6605   Cr: 13.4338 )
00001024: 12.7889   (Y': 12.3666   Cb: 14.4948   Cr: 13.1685 )
00001023: 12.8671   (Y': 12.4394   Cb: 14.5607   Cr: 13.2818 )
00001025: 12.781    (Y': 12.3953   Cb: 14.3785   Cr: 13.0673 )
00001026: 12.6368   (Y': 12.2013   Cb: 14.3847   Cr: 13.0489 )
00001027: 12.4912   (Y': 12.0217   Cb: 14.3206   Cr: 13.0115 )
00001028: 12.5467   (Y': 12.0954   Cb: 14.3051   Cr: 13.0284 )
Total: 12.0928   (Y': 11.9653   Cb: 12.6837   Cr: 12.0579 )
