00000000: 31.7036   (Y': 40.8341   Cb: 27.3013   Cr: 27.3013 )
00000001: 12.8993   (Y': 12.563    Cb: 12.8181   Cr: 14.7105 )
00000002: 12.8791   (Y': 12.5432   Cb: 12.8543   Cr: 14.6014 )
00000003: 12.8993   (Y': 12.5488   Cb: 12.8671   Cr: 14.7278 )
00000004: 12.9861   (Y': 12.6429   Cb: 12.9876   Cr: 14.7163 )
00000005: 12.9351   (Y': 12.575    Cb: 12.9499   Cr: 14.7556 )
00000007: 12.9665   (Y': 12.6136   Cb: 13.0196   Cr: 14.6823 )
00000006: 12.9648   (Y': 12.6342   Cb: 12.9729   Cr: 14.6048 )
00000008: 12.9687   (Y': 12.6102   Cb: 13.0223   Cr: 14.7201 )
00000009: 13.0569   (Y': 12.7205   Cb: 12.985    Cr: 14.8542 )
00000010: 13.0529   (Y': 12.7144   Cb: 12.9809   Cr: 14.8634 )
00000011: 12.9848   (Y': 12.6133   Cb: 13.0381   Cr: 14.8224 )
00000012: 13.0305   (Y': 12.6805   Cb: 13.0075   Cr: 14.8413 )
00000013: 12.945    (Y': 12.5849   Cb: 12.9596   Cr: 14.7658 )
00000014: 12.9876   (Y': 12.6225   Cb: 13.0268   Cr: 14.8042 )
00000015: 12.985    (Y': 12.6432   Cb: 12.9983   Cr: 14.6883 )
00000016: 13.0033   (Y': 12.6591   Cb: 12.9986   Cr: 14.7492 )
00000017: 12.9358   (Y': 12.558    Cb: 13.0081   Cr: 14.7873 )
00000018: 13.0222   (Y': 12.6735   Cb: 13.0238   Cr: 14.7878 )
00000020: 12.9925   (Y': 12.6375   Cb: 12.9434   Cr: 14.8778 )
00000019: 13.0615   (Y': 12.7138   Cb: 13.0005   Cr: 14.9162 )
00000022: 13.0884   (Y': 12.7524   Cb: 13.042    Cr: 14.8439 )
00000021: 13.0727   (Y': 12.7506   Cb: 12.9959   Cr: 14.7848 )
00000023: 13.037    (Y': 12.6952   Cb: 13.026    Cr: 14.7767 )
00000024: 13.092    (Y': 12.7567   Cb: 13.0459   Cr: 14.8424 )
00000026: 12.9878   (Y': 12.6155   Cb: 13.0399   Cr: 14.8324 )
00000025: 13.0271   (Y': 12.6778   Cb: 13.0427   Cr: 14.7757 )
00000027: 12.9812   (Y': 12.6169   Cb: 12.9895   Cr: 14.8397 )
00000028: 12.9189   (Y': 12.5253   Cb: 13.0077   Cr: 14.8515 )
00000029: 12.961    (Y': 12.5915   Cb: 12.9815   Cr: 14.8356 )
00000030: 13.0427   (Y': 12.7138   Cb: 12.9845   Cr: 14.7701 )
00000031: 13.0636   (Y': 12.7257   Cb: 13.0563   Cr: 14.7727 )
00000032: 12.9764   (Y': 12.6376   Cb: 12.9521   Cr: 14.7168 )
00000033: 13.0081   (Y': 12.6648   Cb: 12.9856   Cr: 14.7746 )
00000034: 13.0578   (Y': 12.7147   Cb: 12.9894   Cr: 14.8929 )
00000036: 13.0045   (Y': 12.6458   Cb: 13.0299   Cr: 14.7997 )
00000035: 13.0852   (Y': 12.7548   Cb: 13.0008   Cr: 14.8624 )
00000037: 12.9881   (Y': 12.644    Cb: 12.9851   Cr: 14.7309 )
00000038: 13.0247   (Y': 12.6972   Cb: 12.9756   Cr: 14.7294 )
00000039: 13.0612   (Y': 12.752    Cb: 12.9838   Cr: 14.6927 )
00000040: 13.0925   (Y': 12.7668   Cb: 13.0301   Cr: 14.8065 )
00000041: 13.0528   (Y': 12.703    Cb: 13.0553   Cr: 14.824  )
00000042: 13.1778   (Y': 12.8369   Cb: 13.1329   Cr: 14.9627 )
00000043: 13.2001   (Y': 12.8963   Cb: 13.0763   Cr: 14.8668 )
00000044: 13.1404   (Y': 12.8161   Cb: 13.0664   Cr: 14.8624 )
00000045: 13.0856   (Y': 12.7318   Cb: 13.1364   Cr: 14.811  )
00000046: 12.9998   (Y': 12.6212   Cb: 13.069    Cr: 14.8613 )
00000047: 12.9396   (Y': 12.5736   Cb: 12.9697   Cr: 14.7755 )
00000048: 12.9296   (Y': 12.5404   Cb: 13.0007   Cr: 14.8599 )
00000049: 12.9321   (Y': 12.5667   Cb: 12.9859   Cr: 14.729  )
00000050: 12.9095   (Y': 12.5326   Cb: 12.9954   Cr: 14.7347 )
00000051: 12.9164   (Y': 12.5378   Cb: 12.959    Cr: 14.8176 )
00000052: 12.9299   (Y': 12.5553   Cb: 12.9801   Cr: 14.7934 )
00000053: 12.9386   (Y': 12.5642   Cb: 13.0401   Cr: 14.7234 )
00000054: 12.9822   (Y': 12.6287   Cb: 12.9848   Cr: 14.7776 )
00000055: 12.9196   (Y': 12.555    Cb: 12.9795   Cr: 14.7019 )
00000056: 12.9114   (Y': 12.5536   Cb: 12.9427   Cr: 14.6915 )
00000057: 12.9618   (Y': 12.6101   Cb: 12.9163   Cr: 14.8189 )
00000058: 12.9437   (Y': 12.5892   Cb: 12.9907   Cr: 14.6785 )
00000059: 12.9011   (Y': 12.5088   Cb: 12.9999   Cr: 14.8092 )
00000060: 12.8244   (Y': 12.4159   Cb: 12.9443   Cr: 14.8121 )
00000061: 12.8641   (Y': 12.464    Cb: 12.9792   Cr: 14.8014 )
00000062: 12.8869   (Y': 12.5014   Cb: 12.9938   Cr: 14.7373 )
00000063: 12.8851   (Y': 12.4881   Cb: 13.0255   Cr: 14.7625 )
00000064: 12.85     (Y': 12.4361   Cb: 13.0427   Cr: 14.7649 )
00000065: 12.9306   (Y': 12.539    Cb: 13.0424   Cr: 14.8149 )
00000066: 12.8866   (Y': 12.4775   Cb: 13.0395   Cr: 14.828  )
00000067: 12.8359   (Y': 12.4181   Cb: 13.0024   Cr: 14.8165 )
00000068: 12.8718   (Y': 12.4603   Cb: 13.0426   Cr: 14.8033 )
00000069: 12.8994   (Y': 12.5032   Cb: 13.0035   Cr: 14.827  )
00000070: 12.9063   (Y': 12.5057   Cb: 12.9954   Cr: 14.8866 )
00000071: 12.8928   (Y': 12.4946   Cb: 12.9878   Cr: 14.8484 )
00000072: 12.9143   (Y': 12.5262   Cb: 13.0138   Cr: 14.7935 )
00000074: 12.9955   (Y': 12.6299   Cb: 13.0392   Cr: 14.8088 )
00000073: 12.9485   (Y': 12.565    Cb: 13.0004   Cr: 14.8691 )
00000075: 12.9724   (Y': 12.6158   Cb: 12.9026   Cr: 14.9006 )
00000077: 12.8571   (Y': 12.4353   Cb: 13.0034   Cr: 14.8974 )
00000076: 12.9303   (Y': 12.5445   Cb: 13.0359   Cr: 14.7844 )
00000078: 12.9629   (Y': 12.5932   Cb: 12.9983   Cr: 14.8152 )
00000079: 13.0388   (Y': 12.6778   Cb: 13.017    Cr: 14.9218 )
00000080: 13.0165   (Y': 12.6593   Cb: 13.0382   Cr: 14.8069 )
00000081: 12.9492   (Y': 12.5777   Cb: 12.9989   Cr: 14.7924 )
00000082: 12.9474   (Y': 12.5536   Cb: 13.08     Cr: 14.8156 )
00000083: 12.9719   (Y': 12.6018   Cb: 13.054    Cr: 14.7577 )
00000084: 12.9038   (Y': 12.5096   Cb: 13.0402   Cr: 14.7695 )
00000085: 12.9681   (Y': 12.5989   Cb: 12.9941   Cr: 14.8322 )
00000086: 12.8956   (Y': 12.5303   Cb: 12.9273   Cr: 14.7252 )
00000087: 12.8659   (Y': 12.4837   Cb: 12.9503   Cr: 14.7281 )
00000088: 12.9136   (Y': 12.5198   Cb: 12.991    Cr: 14.8652 )
00000089: 12.8737   (Y': 12.4951   Cb: 12.9313   Cr: 14.7526 )
00000090: 12.8267   (Y': 12.4137   Cb: 13.0194   Cr: 14.7356 )
00000091: 12.8251   (Y': 12.428    Cb: 12.9135   Cr: 14.7822 )
00000092: 12.9103   (Y': 12.5309   Cb: 12.9736   Cr: 14.7855 )
00000093: 12.8592   (Y': 12.4492   Cb: 13.0092   Cr: 14.8111 )
00000094: 12.894    (Y': 12.4948   Cb: 13.0145   Cr: 14.8169 )
00000095: 12.896    (Y': 12.5052   Cb: 12.9993   Cr: 14.7875 )
00000096: 12.8843   (Y': 12.4957   Cb: 12.9814   Cr: 14.7703 )
00000097: 12.863    (Y': 12.4634   Cb: 13.0095   Cr: 14.7496 )
00000098: 12.8473   (Y': 12.4572   Cb: 12.9164   Cr: 14.7864 )
00000099: 12.8488   (Y': 12.4429   Cb: 13.0088   Cr: 14.7579 )
00000102: 12.9467   (Y': 12.5699   Cb: 13.0012   Cr: 14.8181 )
00000100: 12.8566   (Y': 12.4576   Cb: 13.001    Cr: 14.7428 )
00000101: 12.9162   (Y': 12.5487   Cb: 12.9608   Cr: 14.7401 )
00000103: 12.9069   (Y': 12.509    Cb: 13.0743   Cr: 14.7511 )
00000104: 13.0041   (Y': 12.6399   Cb: 13.0325   Cr: 14.8314 )
00000105: 13.0302   (Y': 12.6754   Cb: 13.0425   Cr: 14.8199 )
00000106: 13.0649   (Y': 12.7078   Cb: 13.0749   Cr: 14.8721 )
00000107: 13.0903   (Y': 12.7144   Cb: 13.1103   Cr: 15.008  )
00000108: 13.1017   (Y': 12.7677   Cb: 13.0465   Cr: 14.8572 )
00000109: 13.2371   (Y': 12.9385   Cb: 13.1121   Cr: 14.8726 )
00000110: 13.312    (Y': 13.0722   Cb: 12.9799   Cr: 14.9021 )
00000111: 13.4057   (Y': 13.1778   Cb: 13.0777   Cr: 14.9178 )
00000112: 13.3009   (Y': 13.0455   Cb: 13.0202   Cr: 14.9066 )
00000113: 13.2034   (Y': 12.9559   Cb: 12.8994   Cr: 14.7966 )
00000114: 13.1244   (Y': 12.8234   Cb: 13.0032   Cr: 14.7698 )
00000115: 13.1012   (Y': 12.787    Cb: 12.9803   Cr: 14.8298 )
00000116: 13.0586   (Y': 12.7223   Cb: 12.9784   Cr: 14.8674 )
00000117: 13.0575   (Y': 12.7296   Cb: 12.9703   Cr: 14.8222 )
00000118: 13.0981   (Y': 12.7925   Cb: 12.9444   Cr: 14.8217 )
00000119: 13.0914   (Y': 12.7728   Cb: 12.9627   Cr: 14.8598 )
00000120: 14.4529   (Y': 14.4249   Cb: 13.6599   Cr: 15.5666 )
00000121: 14.5972   (Y': 14.5776   Cb: 13.7328   Cr: 15.7795 )
00000122: 13.8914   (Y': 13.7559   Cb: 13.345    Cr: 15.2045 )
00000123: 13.6869   (Y': 13.4787   Cb: 13.2806   Cr: 15.2016 )
00000124: 13.1431   (Y': 12.8343   Cb: 12.985    Cr: 14.8943 )
00000125: 13.0687   (Y': 12.7332   Cb: 12.9853   Cr: 14.8775 )
00000126: 13.0269   (Y': 12.6794   Cb: 12.9524   Cr: 14.9007 )
00000127: 13.0908   (Y': 12.7793   Cb: 12.9577   Cr: 14.8209 )
00000128: 13.0459   (Y': 12.7176   Cb: 12.9267   Cr: 14.8634 )
00000129: 13.0266   (Y': 12.706    Cb: 12.898    Cr: 14.8076 )
00000131: 13.1959   (Y': 12.9101   Cb: 12.9945   Cr: 14.8674 )
00000130: 13.0554   (Y': 12.7171   Cb: 13.0027   Cr: 14.8351 )
00000132: 13.1282   (Y': 12.8459   Cb: 12.9051   Cr: 14.8118 )
00000134: 13.043    (Y': 12.657    Cb: 13.083    Cr: 14.9985 )
00000133: 13.0548   (Y': 12.6953   Cb: 13.0667   Cr: 14.8757 )
00000135: 13.0691   (Y': 12.6957   Cb: 13.1026   Cr: 14.9496 )
00000136: 13.0156   (Y': 12.6107   Cb: 13.16     Cr: 14.9411 )
00000137: 13.026    (Y': 12.639    Cb: 13.0958   Cr: 14.9429 )
00000138: 13.0415   (Y': 12.6683   Cb: 13.0875   Cr: 14.9016 )
00000139: 13.0024   (Y': 12.5989   Cb: 13.143    Cr: 14.9243 )
00000140: 12.9988   (Y': 12.6026   Cb: 13.1213   Cr: 14.8984 )
00000142: 14.3693   (Y': 14.2599   Cb: 13.7253   Cr: 15.6881 )
00000141: 14.0801   (Y': 13.9052   Cb: 13.5975   Cr: 15.5181 )
00000143: 14.4195   (Y': 14.2966   Cb: 13.8089   Cr: 15.7612 )
00000144: 13.8403   (Y': 13.6096   Cb: 13.5328   Cr: 15.3377 )
00000145: 13.3622   (Y': 13.0196   Cb: 13.3232   Cr: 15.1498 )
00000146: 13.2256   (Y': 12.8707   Cb: 13.2123   Cr: 15.0544 )
00000147: 13.1297   (Y': 12.7592   Cb: 13.1809   Cr: 14.9644 )
00000148: 13.1089   (Y': 12.7416   Cb: 13.1348   Cr: 14.9602 )
00000149: 13.0449   (Y': 12.6388   Cb: 13.1485   Cr: 15.0414 )
00000150: 13.062    (Y': 12.6533   Cb: 13.1843   Cr: 15.0474 )
00000151: 13.1115   (Y': 12.7277   Cb: 13.1728   Cr: 15.0198 )
00000152: 13.1523   (Y': 12.7837   Cb: 13.1544   Cr: 15.0493 )
00000153: 13.0599   (Y': 12.664    Cb: 13.1349   Cr: 15.0296 )
00000154: 13.0447   (Y': 12.6295   Cb: 13.1713   Cr: 15.0684 )
00000155: 13.233    (Y': 12.8961   Cb: 13.1785   Cr: 15.0066 )
00000156: 13.2693   (Y': 12.9305   Cb: 13.1698   Cr: 15.1249 )
00000157: 13.3148   (Y': 12.9763   Cb: 13.2039   Cr: 15.1858 )
00000158: 13.2857   (Y': 12.9307   Cb: 13.2731   Cr: 15.1135 )
00000159: 13.0783   (Y': 12.6803   Cb: 13.1512   Cr: 15.0654 )
00000160: 13.029    (Y': 12.6178   Cb: 13.1056   Cr: 15.1032 )
00000161: 13.0148   (Y': 12.5984   Cb: 13.158    Cr: 15.0219 )
00000162: 12.9738   (Y': 12.5261   Cb: 13.187    Cr: 15.095  )
00000163: 13.0913   (Y': 12.7038   Cb: 13.1312   Cr: 15.0578 )
00000164: 13.0976   (Y': 12.7207   Cb: 13.1376   Cr: 14.9914 )
00000165: 13.1518   (Y': 12.7711   Cb: 13.1811   Cr: 15.0886 )
00000167: 13.0933   (Y': 12.6858   Cb: 13.2312   Cr: 15.0466 )
00000166: 13.1273   (Y': 12.6943   Cb: 13.2689   Cr: 15.255  )
00000168: 13.0467   (Y': 12.61     Cb: 13.2213   Cr: 15.1493 )
00000170: 13.0236   (Y': 12.6158   Cb: 13.1349   Cr: 15.0197 )
00000169: 13.0119   (Y': 12.5653   Cb: 13.2452   Cr: 15.095  )
00000171: 13.1011   (Y': 12.6958   Cb: 13.2241   Cr: 15.062  )
00000172: 13.1257   (Y': 12.731    Cb: 13.2582   Cr: 15.0001 )
00000173: 13.08     (Y': 12.6762   Cb: 13.1966   Cr: 15.04   )
00000174: 13.2401   (Y': 12.8931   Cb: 13.1835   Cr: 15.0827 )
00000175: 13.1839   (Y': 12.8373   Cb: 13.1429   Cr: 14.9999 )
00000176: 13.2161   (Y': 12.8256   Cb: 13.1903   Cr: 15.3084 )
00000178: 13.0142   (Y': 12.6599   Cb: 12.9647   Cr: 14.8947 )
00000177: 13.2529   (Y': 12.8748   Cb: 13.17     Cr: 15.3514 )
00000180: 12.9253   (Y': 12.5448   Cb: 12.8895   Cr: 14.964  )
00000179: 13.0384   (Y': 12.6707   Cb: 13.054    Cr: 14.9081 )
00000182: 12.8969   (Y': 12.5097   Cb: 12.952    Cr: 14.8377 )
00000181: 12.8124   (Y': 12.4333   Cb: 12.8081   Cr: 14.7899 )
00000183: 12.9159   (Y': 12.5395   Cb: 12.9306   Cr: 14.8463 )
00000184: 12.8734   (Y': 12.4549   Cb: 12.9662   Cr: 14.9738 )
00000185: 13.0318   (Y': 12.6635   Cb: 13.0348   Cr: 14.9249 )
00000186: 14.5495   (Y': 14.4588   Cb: 13.834    Cr: 15.8775 )
00000187: 14.5358   (Y': 14.454    Cb: 13.7852   Cr: 15.8715 )
00000188: 13.5527   (Y': 13.2869   Cb: 13.2956   Cr: 15.1863 )
00000190: 12.9169   (Y': 12.5261   Cb: 13.0067   Cr: 14.8297 )
00000189: 13.3097   (Y': 12.9875   Cb: 13.2233   Cr: 15.0364 )
00000191: 12.887    (Y': 12.5039   Cb: 12.9529   Cr: 14.7836 )
00000192: 12.8905   (Y': 12.5044   Cb: 12.9757   Cr: 14.7784 )
00000193: 12.8846   (Y': 12.5024   Cb: 12.9301   Cr: 14.8061 )
00000194: 12.8079   (Y': 12.3822   Cb: 12.9654   Cr: 14.8585 )
00000195: 12.8608   (Y': 12.4442   Cb: 12.9651   Cr: 14.9297 )
00000196: 12.7901   (Y': 12.3814   Cb: 12.9279   Cr: 14.7524 )
00000198: 12.8038   (Y': 12.3814   Cb: 12.9245   Cr: 14.8882 )
00000197: 12.7673   (Y': 12.3253   Cb: 13.0006   Cr: 14.8169 )
00000199: 12.782    (Y': 12.3649   Cb: 12.9772   Cr: 14.7154 )
00000200: 12.7561   (Y': 12.3366   Cb: 12.9233   Cr: 14.7484 )
00000201: 12.7837   (Y': 12.3494   Cb: 12.9774   Cr: 14.8394 )
00000202: 12.7937   (Y': 12.3854   Cb: 12.8811   Cr: 14.8312 )
00000203: 12.7835   (Y': 12.3623   Cb: 12.957    Cr: 14.7772 )
00000204: 12.7697   (Y': 12.3549   Cb: 12.9545   Cr: 14.7025 )
00000205: 12.7173   (Y': 12.2714   Cb: 12.9734   Cr: 14.7598 )
00000207: 12.7842   (Y': 12.3714   Cb: 12.9137   Cr: 14.7876 )
00000206: 12.7604   (Y': 12.3411   Cb: 12.9084   Cr: 14.7803 )
00000208: 12.7654   (Y': 12.3507   Cb: 12.9367   Cr: 14.7181 )
00000209: 12.836    (Y': 12.4268   Cb: 12.976    Cr: 14.7977 )
00000210: 12.8127   (Y': 12.3812   Cb: 12.9837   Cr: 14.8835 )
00000211: 12.7825   (Y': 12.3583   Cb: 12.9811   Cr: 14.7595 )
00000212: 12.7675   (Y': 12.3383   Cb: 12.9293   Cr: 14.8366 )
00000213: 12.7433   (Y': 12.3061   Cb: 12.9347   Cr: 14.8237 )
00000215: 12.7743   (Y': 12.362    Cb: 12.9252   Cr: 14.7409 )
00000214: 12.763    (Y': 12.338    Cb: 12.9006   Cr: 14.8392 )
00000216: 12.7342   (Y': 12.2766   Cb: 12.9738   Cr: 14.8861 )
00000217: 12.7571   (Y': 12.3329   Cb: 12.9103   Cr: 14.8039 )
00000218: 12.7858   (Y': 12.368    Cb: 12.9523   Cr: 14.7667 )
00000220: 12.8018   (Y': 12.3925   Cb: 12.9063   Cr: 14.8191 )
00000219: 12.8019   (Y': 12.3886   Cb: 12.9482   Cr: 14.7831 )
00000221: 12.7696   (Y': 12.3261   Cb: 12.9858   Cr: 14.8561 )
00000223: 12.7668   (Y': 12.3351   Cb: 12.9663   Cr: 14.7952 )
00000222: 12.7602   (Y': 12.3122   Cb: 13.0148   Cr: 14.8203 )
00000224: 12.7653   (Y': 12.3586   Cb: 12.9096   Cr: 14.704  )
00000225: 12.7884   (Y': 12.3649   Cb: 12.9965   Cr: 14.7471 )
00000226: 12.8255   (Y': 12.4312   Cb: 12.9111   Cr: 14.7686 )
00000228: 12.8904   (Y': 12.4832   Cb: 13.0135   Cr: 14.8637 )
00000227: 12.9321   (Y': 12.5326   Cb: 12.9964   Cr: 14.9442 )
00000229: 12.8636   (Y': 12.4563   Cb: 12.9872   Cr: 14.8372 )
00000231: 12.9316   (Y': 12.5257   Cb: 13.0199   Cr: 14.9505 )
00000230: 12.9365   (Y': 12.5376   Cb: 13.0259   Cr: 14.9042 )
00000232: 12.8802   (Y': 12.4512   Cb: 13.0214   Cr: 14.9801 )
00000233: 12.8242   (Y': 12.394    Cb: 12.9706   Cr: 14.924  )
00000234: 12.8113   (Y': 12.3806   Cb: 12.9791   Cr: 14.8811 )
00000235: 12.8521   (Y': 12.4345   Cb: 12.9673   Cr: 14.9116 )
00000236: 12.8283   (Y': 12.4092   Cb: 13.0066   Cr: 14.8011 )
00000237: 12.767    (Y': 12.3371   Cb: 12.9226   Cr: 14.8504 )
00000238: 12.9917   (Y': 12.5855   Cb: 13.0712   Cr: 15.0256 )
00000239: 14.1548   (Y': 13.9842   Cb: 13.6248   Cr: 15.6422 )
00000240: 14.3382   (Y': 14.1921   Cb: 13.8075   Cr: 15.6861 )
00000241: 13.5038   (Y': 13.1715   Cb: 13.4562   Cr: 15.2375 )
00000242: 13.0543   (Y': 12.6489   Cb: 13.1535   Cr: 15.052  )
00000244: 12.7907   (Y': 12.3689   Cb: 12.9391   Cr: 14.8277 )
00000243: 12.8477   (Y': 12.4179   Cb: 13.0147   Cr: 14.9125 )
00000245: 12.7676   (Y': 12.3189   Cb: 12.9856   Cr: 14.8885 )
00000246: 12.7528   (Y': 12.2908   Cb: 13.033    Cr: 14.8742 )
00000247: 12.7118   (Y': 12.2425   Cb: 12.9428   Cr: 14.9648 )
00000248: 12.7584   (Y': 12.3192   Cb: 12.9806   Cr: 14.8055 )
00000249: 12.8136   (Y': 12.3796   Cb: 13.0199   Cr: 14.8475 )
00000250: 12.8213   (Y': 12.3834   Cb: 12.9961   Cr: 14.9319 )
00000252: 12.7191   (Y': 12.2857   Cb: 12.9267   Cr: 14.7476 )
00000251: 12.7683   (Y': 12.3213   Cb: 13.0229   Cr: 14.8217 )
00000253: 12.7038   (Y': 12.2402   Cb: 13.0255   Cr: 14.7744 )
00000254: 12.6484   (Y': 12.1711   Cb: 13.0013   Cr: 14.7716 )
00000255: 12.7316   (Y': 12.2602   Cb: 13.031    Cr: 14.8931 )
00000256: 12.7315   (Y': 12.2728   Cb: 13.017    Cr: 14.8218 )
00000257: 12.7256   (Y': 12.2671   Cb: 12.9661   Cr: 14.883  )
00000258: 12.7195   (Y': 12.256    Cb: 13.004    Cr: 14.8455 )
00000260: 12.7517   (Y': 12.3349   Cb: 12.9175   Cr: 14.7267 )
00000259: 12.7478   (Y': 12.3207   Cb: 12.9231   Cr: 14.7805 )
00000261: 12.7413   (Y': 12.3133   Cb: 12.9145   Cr: 14.7833 )
00000262: 12.7172   (Y': 12.2708   Cb: 12.9474   Cr: 14.803  )
00000263: 12.7308   (Y': 12.2814   Cb: 13.0143   Cr: 14.7574 )
00000264: 12.704    (Y': 12.2423   Cb: 12.9848   Cr: 14.8225 )
00000265: 12.7236   (Y': 12.2739   Cb: 12.9648   Cr: 14.8158 )
00000266: 12.6895   (Y': 12.2348   Cb: 12.9559   Cr: 14.7797 )
00000268: 12.6846   (Y': 12.243    Cb: 12.9039   Cr: 14.7528 )
00000267: 12.6756   (Y': 12.2269   Cb: 12.9142   Cr: 14.7654 )
00000269: 12.7472   (Y': 12.3285   Cb: 12.9129   Cr: 14.7358 )
00000270: 12.7266   (Y': 12.2991   Cb: 12.9546   Cr: 14.683  )
00000271: 12.7326   (Y': 12.2976   Cb: 12.9274   Cr: 14.7912 )
00000272: 12.7501   (Y': 12.3174   Cb: 12.9791   Cr: 14.7407 )
00000273: 12.7247   (Y': 12.2898   Cb: 12.8835   Cr: 14.8386 )
00000274: 12.7155   (Y': 12.2838   Cb: 12.9089   Cr: 14.7531 )
00000275: 12.6673   (Y': 12.2025   Cb: 12.9631   Cr: 14.7856 )
00000276: 12.7555   (Y': 12.316    Cb: 12.9375   Cr: 14.8667 )
00000277: 12.6732   (Y': 12.208    Cb: 12.9614   Cr: 14.8068 )
00000278: 12.7108   (Y': 12.2767   Cb: 12.9204   Cr: 14.7405 )
00000279: 12.7825   (Y': 12.3689   Cb: 12.8786   Cr: 14.8435 )
00000280: 12.7468   (Y': 12.3106   Cb: 12.9201   Cr: 14.8473 )
00000281: 12.7424   (Y': 12.3053   Cb: 12.9627   Cr: 14.7773 )
00000282: 12.7868   (Y': 12.3655   Cb: 12.9501   Cr: 14.7974 )
00000284: 12.7121   (Y': 12.2737   Cb: 12.9119   Cr: 14.7875 )
00000283: 12.741    (Y': 12.3231   Cb: 12.9004   Cr: 14.7332 )
00000285: 12.7358   (Y': 12.2754   Cb: 12.9988   Cr: 14.8723 )
00000286: 12.7295   (Y': 12.2814   Cb: 12.9398   Cr: 14.8583 )
00000287: 12.7029   (Y': 12.2461   Cb: 12.9151   Cr: 14.8921 )
00000288: 12.7145   (Y': 12.2693   Cb: 12.9291   Cr: 14.8161 )
00000289: 12.8031   (Y': 12.3836   Cb: 12.9578   Cr: 14.8147 )
00000290: 12.8457   (Y': 12.4548   Cb: 12.9119   Cr: 14.7947 )
00000291: 12.7299   (Y': 12.2918   Cb: 12.9178   Cr: 14.8215 )
00000292: 12.8276   (Y': 12.4182   Cb: 12.9257   Cr: 14.8554 )
00000293: 12.9593   (Y': 12.5592   Cb: 13.0637   Cr: 14.9128 )
00000294: 13.0715   (Y': 12.7254   Cb: 13.0264   Cr: 14.8911 )
00000295: 13.0222   (Y': 12.6629   Cb: 13.0117   Cr: 14.8757 )
00000296: 12.9087   (Y': 12.5229   Cb: 12.9766   Cr: 14.8206 )
00000297: 12.9121   (Y': 12.5224   Cb: 12.9542   Cr: 14.8904 )
00000298: 12.8477   (Y': 12.4116   Cb: 13.0595   Cr: 14.8884 )
00000299: 12.7071   (Y': 12.2522   Cb: 12.927    Cr: 14.8701 )
00000300: 12.7191   (Y': 12.2825   Cb: 12.9395   Cr: 14.75   )
00000301: 12.706    (Y': 12.2532   Cb: 12.9208   Cr: 14.8623 )
00000302: 13.0209   (Y': 12.5418   Cb: 13.358    Cr: 15.1801 )
00000303: 13.8781   (Y': 13.5355   Cb: 13.8675   Cr: 15.6221 )
00000304: 14.4931   (Y': 14.2539   Cb: 14.2154   Cr: 15.9963 )
00000306: 13.2294   (Y': 12.9483   Cb: 13.0258   Cr: 14.8754 )
00000305: 14.4037   (Y': 14.1443   Cb: 14.2099   Cr: 15.9024 )
00000307: 13.0676   (Y': 12.7532   Cb: 12.898    Cr: 14.8731 )
00000308: 12.8628   (Y': 12.5473   Cb: 12.7611   Cr: 14.5702 )
00000309: 12.9844   (Y': 12.6954   Cb: 12.7522   Cr: 14.725  )
00000310: 12.9637   (Y': 12.7063   Cb: 12.6686   Cr: 14.604  )
00000311: 12.9184   (Y': 12.6106   Cb: 12.7225   Cr: 14.7228 )
00000312: 12.8462   (Y': 12.5545   Cb: 12.6481   Cr: 14.5499 )
00000313: 12.8296   (Y': 12.5171   Cb: 12.6869   Cr: 14.5804 )
00000314: 12.739    (Y': 12.4061   Cb: 12.6564   Cr: 14.5301 )
00000315: 12.6801   (Y': 12.3115   Cb: 12.6783   Cr: 14.5825 )
00000316: 12.6491   (Y': 12.311    Cb: 12.6107   Cr: 14.4065 )
00000317: 12.6615   (Y': 12.3351   Cb: 12.5871   Cr: 14.3976 )
00000318: 12.6771   (Y': 12.3271   Cb: 12.6728   Cr: 14.4599 )
00000319: 12.6808   (Y': 12.3746   Cb: 12.5285   Cr: 14.4067 )
00000320: 12.67     (Y': 12.3437   Cb: 12.6017   Cr: 14.396  )
00000321: 12.6583   (Y': 12.3083   Cb: 12.6316   Cr: 14.4754 )
00000322: 12.6323   (Y': 12.2855   Cb: 12.6203   Cr: 14.4058 )
00000323: 12.6655   (Y': 12.3229   Cb: 12.5864   Cr: 14.5138 )
00000324: 12.6496   (Y': 12.3129   Cb: 12.5996   Cr: 14.4154 )
00000325: 12.641    (Y': 12.2983   Cb: 12.6266   Cr: 14.3917 )
00000326: 12.66     (Y': 12.3297   Cb: 12.55     Cr: 14.4757 )
00000327: 12.6879   (Y': 12.3697   Cb: 12.6013   Cr: 14.39   )
00000328: 12.7398   (Y': 12.4177   Cb: 12.6148   Cr: 14.5259 )
00000330: 12.7147   (Y': 12.3862   Cb: 12.6456   Cr: 14.4562 )
00000329: 12.7002   (Y': 12.3788   Cb: 12.5939   Cr: 14.4527 )
00000331: 12.7083   (Y': 12.3801   Cb: 12.601    Cr: 14.5068 )
00000332: 12.8038   (Y': 12.4896   Cb: 12.6294   Cr: 14.6156 )
00000334: 12.9433   (Y': 12.6794   Cb: 12.71     Cr: 14.5286 )
00000333: 12.9259   (Y': 12.6501   Cb: 12.6726   Cr: 14.615  )
00000335: 12.8497   (Y': 12.5606   Cb: 12.6369   Cr: 14.5598 )
00000336: 12.9024   (Y': 12.5973   Cb: 12.7258   Cr: 14.6585 )
00000337: 12.8237   (Y': 12.4919   Cb: 12.6884   Cr: 14.6894 )
00000338: 12.7555   (Y': 12.4192   Cb: 12.6184   Cr: 14.6539 )
00000339: 12.6911   (Y': 12.3498   Cb: 12.6395   Cr: 14.4888 )
00000340: 12.6505   (Y': 12.2903   Cb: 12.638    Cr: 14.5135 )
00000342: 12.6976   (Y': 12.3502   Cb: 12.5822   Cr: 14.6358 )
00000341: 12.6361   (Y': 12.2884   Cb: 12.6044   Cr: 14.4456 )
00000343: 12.6605   (Y': 12.2867   Cb: 12.6468   Cr: 14.6166 )
00000344: 12.6585   (Y': 12.2953   Cb: 12.626    Cr: 14.5722 )
00000345: 12.6768   (Y': 12.3157   Cb: 12.687    Cr: 14.511  )
00000346: 12.6636   (Y': 12.3122   Cb: 12.5948   Cr: 14.5549 )
00000347: 12.5962   (Y': 12.2265   Cb: 12.6339   Cr: 14.4453 )
00000348: 12.6402   (Y': 12.2699   Cb: 12.6498   Cr: 14.536  )
00000349: 12.6801   (Y': 12.3033   Cb: 12.6703   Cr: 14.6512 )
00000350: 12.7023   (Y': 12.3534   Cb: 12.6425   Cr: 14.5632 )
00000351: 12.727    (Y': 12.3716   Cb: 12.6895   Cr: 14.5965 )
00000352: 12.7032   (Y': 12.3381   Cb: 12.6853   Cr: 14.6069 )
00000353: 12.6626   (Y': 12.306    Cb: 12.6088   Cr: 14.5653 )
00000354: 12.6336   (Y': 12.2564   Cb: 12.6554   Cr: 14.5579 )
00000355: 12.6393   (Y': 12.288    Cb: 12.5961   Cr: 14.4899 )
00000356: 12.7507   (Y': 12.3955   Cb: 12.6903   Cr: 14.6541 )
00000357: 12.7036   (Y': 12.3414   Cb: 12.7072   Cr: 14.5547 )
00000358: 12.8122   (Y': 12.5099   Cb: 12.6064   Cr: 14.5963 )
00000359: 12.8059   (Y': 12.4714   Cb: 12.7403   Cr: 14.5809 )
00000360: 12.8525   (Y': 12.5292   Cb: 12.7225   Cr: 14.6533 )
00000361: 12.9104   (Y': 12.6297   Cb: 12.6725   Cr: 14.6066 )
00000362: 12.9512   (Y': 12.6926   Cb: 12.6176   Cr: 14.6601 )
00000363: 12.8009   (Y': 12.5332   Cb: 12.5162   Cr: 14.4889 )
00000364: 12.8345   (Y': 12.5287   Cb: 12.6202   Cr: 14.6548 )
00000366: 12.9135   (Y': 12.6278   Cb: 12.6765   Cr: 14.6403 )
00000365: 12.9358   (Y': 12.7007   Cb: 12.5563   Cr: 14.571  )
00000367: 13.0477   (Y': 12.8087   Cb: 12.6814   Cr: 14.6867 )
00000368: 12.8029   (Y': 12.4754   Cb: 12.6726   Cr: 14.6321 )
00000369: 12.9028   (Y': 12.5987   Cb: 12.7253   Cr: 14.6538 )
00000370: 12.9669   (Y': 12.6913   Cb: 12.6772   Cr: 14.7122 )
00000371: 12.8249   (Y': 12.5041   Cb: 12.6697   Cr: 14.6497 )
00000372: 12.7956   (Y': 12.4743   Cb: 12.6618   Cr: 14.5892 )
00000374: 12.7061   (Y': 12.3634   Cb: 12.6324   Cr: 14.5476 )
00000373: 12.7773   (Y': 12.4468   Cb: 12.6602   Cr: 14.6055 )
00000375: 12.6611   (Y': 12.304    Cb: 12.6315   Cr: 14.5295 )
00000376: 12.7331   (Y': 12.3782   Cb: 12.6701   Cr: 14.6386 )
00000377: 12.6765   (Y': 12.3281   Cb: 12.6566   Cr: 14.473  )
00000378: 12.6835   (Y': 12.3406   Cb: 12.607    Cr: 14.5303 )
00000379: 12.6845   (Y': 12.3468   Cb: 12.5582   Cr: 14.5755 )
00000380: 12.6797   (Y': 12.3263   Cb: 12.6179   Cr: 14.5733 )
00000381: 12.7365   (Y': 12.405    Cb: 12.6349   Cr: 14.5467 )
00000382: 12.8009   (Y': 12.475    Cb: 12.6934   Cr: 14.5847 )
00000383: 12.7695   (Y': 12.4362   Cb: 12.6539   Cr: 14.6136 )
00000384: 12.7014   (Y': 12.3557   Cb: 12.6401   Cr: 14.5433 )
00000385: 12.731    (Y': 12.3879   Cb: 12.7082   Cr: 14.4967 )
00000386: 12.6857   (Y': 12.3173   Cb: 12.6805   Cr: 14.5923 )
00000387: 12.7201   (Y': 12.3745   Cb: 12.6829   Cr: 14.5248 )
00000388: 12.7183   (Y': 12.3725   Cb: 12.6864   Cr: 14.5158 )
00000389: 12.6825   (Y': 12.3389   Cb: 12.6005   Cr: 14.5432 )
00000390: 12.7087   (Y': 12.3499   Cb: 12.6671   Cr: 14.6068 )
00000391: 12.7005   (Y': 12.3491   Cb: 12.691    Cr: 14.5002 )
00000392: 12.7149   (Y': 12.3604   Cb: 12.6531   Cr: 14.616  )
00000393: 12.6289   (Y': 12.2785   Cb: 12.6124   Cr: 14.4328 )
00000394: 12.699    (Y': 12.349    Cb: 12.6583   Cr: 14.5378 )
00000395: 12.6854   (Y': 12.3476   Cb: 12.5982   Cr: 14.515  )
00000396: 12.6883   (Y': 12.3588   Cb: 12.589    Cr: 14.482  )
00000397: 12.7241   (Y': 12.3775   Cb: 12.662    Cr: 14.5728 )
00000398: 12.6642   (Y': 12.3002   Cb: 12.6626   Cr: 14.5353 )
00000399: 12.6697   (Y': 12.3177   Cb: 12.6007   Cr: 14.5658 )
00000400: 12.7227   (Y': 12.3821   Cb: 12.6504   Cr: 14.5474 )
00000401: 12.7334   (Y': 12.3864   Cb: 12.6712   Cr: 14.5849 )
00000402: 12.6897   (Y': 12.3283   Cb: 12.7313   Cr: 14.4778 )
00000403: 12.7913   (Y': 12.4614   Cb: 12.6639   Cr: 14.6322 )
00000404: 12.6609   (Y': 12.2924   Cb: 12.6717   Cr: 14.5433 )
00000405: 12.7138   (Y': 12.3675   Cb: 12.6265   Cr: 14.6002 )
00000406: 12.6526   (Y': 12.2801   Cb: 12.6684   Cr: 14.5543 )
00000407: 12.7113   (Y': 12.3531   Cb: 12.6675   Cr: 14.6088 )
00000408: 12.7111   (Y': 12.3592   Cb: 12.6546   Cr: 14.5868 )
00000410: 12.7029   (Y': 12.3229   Cb: 12.7261   Cr: 14.6438 )
00000409: 12.7056   (Y': 12.3491   Cb: 12.6666   Cr: 14.5847 )
00000411: 12.7572   (Y': 12.4402   Cb: 12.6564   Cr: 14.4726 )
00000412: 12.6677   (Y': 12.3174   Cb: 12.5843   Cr: 14.5747 )
00000413: 12.6708   (Y': 12.3003   Cb: 12.7059   Cr: 14.5291 )
00000414: 12.6778   (Y': 12.2902   Cb: 12.7333   Cr: 14.6211 )
00000415: 12.846    (Y': 12.5347   Cb: 12.6891   Cr: 14.6117 )
00000416: 12.7463   (Y': 12.3758   Cb: 12.7412   Cr: 14.6665 )
00000417: 12.7447   (Y': 12.3849   Cb: 12.7588   Cr: 14.5638 )
00000418: 12.7299   (Y': 12.3743   Cb: 12.6586   Cr: 14.6539 )
00000419: 12.7191   (Y': 12.3647   Cb: 12.6832   Cr: 14.5794 )
00000420: 12.7681   (Y': 12.4329   Cb: 12.6686   Cr: 14.5996 )
00000421: 12.7476   (Y': 12.3706   Cb: 12.7852   Cr: 14.6464 )
00000422: 12.7365   (Y': 12.3761   Cb: 12.7571   Cr: 14.5502 )
00000423: 12.6775   (Y': 12.3316   Cb: 12.6461   Cr: 14.4744 )
00000424: 12.7289   (Y': 12.3888   Cb: 12.6715   Cr: 14.5279 )
00000426: 12.6931   (Y': 12.3305   Cb: 12.7041   Cr: 14.536  )
00000425: 12.7527   (Y': 12.3916   Cb: 12.7038   Cr: 14.6781 )
00000428: 12.7365   (Y': 12.4064   Cb: 12.6626   Cr: 14.4955 )
00000427: 12.7146   (Y': 12.3858   Cb: 12.6174   Cr: 14.501  )
00000429: 12.723    (Y': 12.3418   Cb: 12.7593   Cr: 14.6521 )
00000430: 12.7494   (Y': 12.402    Cb: 12.6792   Cr: 14.6158 )
00000431: 12.7112   (Y': 12.3385   Cb: 12.7239   Cr: 14.6191 )
00000432: 12.6552   (Y': 12.3059   Cb: 12.5702   Cr: 14.5578 )
00000433: 12.6848   (Y': 12.3104   Cb: 12.7161   Cr: 14.5752 )
00000434: 12.693    (Y': 12.3491   Cb: 12.5887   Cr: 14.5907 )
00000435: 12.7151   (Y': 12.3714   Cb: 12.6334   Cr: 14.5751 )
00000436: 12.6894   (Y': 12.3376   Cb: 12.6464   Cr: 14.5436 )
00000437: 12.6807   (Y': 12.3133   Cb: 12.6758   Cr: 14.5794 )
00000438: 12.7156   (Y': 12.3525   Cb: 12.6349   Cr: 14.7049 )
00000439: 12.6595   (Y': 12.3109   Cb: 12.5981   Cr: 14.5207 )
00000440: 12.6715   (Y': 12.2948   Cb: 12.691    Cr: 14.596  )
00000441: 12.7093   (Y': 12.3646   Cb: 12.6342   Cr: 14.5658 )
00000442: 12.6938   (Y': 12.3238   Cb: 12.6777   Cr: 14.6287 )
00000443: 12.7029   (Y': 12.3511   Cb: 12.6473   Cr: 14.5768 )
00000444: 12.6844   (Y': 12.313    Cb: 12.7129   Cr: 14.5598 )
00000445: 12.6939   (Y': 12.3525   Cb: 12.5888   Cr: 14.5758 )
00000446: 12.6784   (Y': 12.3211   Cb: 12.6407   Cr: 14.5607 )
00000447: 12.6789   (Y': 12.3153   Cb: 12.6228   Cr: 14.6329 )
00000448: 12.7754   (Y': 12.4322   Cb: 12.7345   Cr: 14.5697 )
00000449: 12.786    (Y': 12.4779   Cb: 12.5973   Cr: 14.5806 )
00000450: 12.8159   (Y': 12.4951   Cb: 12.7318   Cr: 14.5313 )
00000451: 12.8996   (Y': 12.5774   Cb: 12.7524   Cr: 14.7206 )
00000452: 13.0101   (Y': 12.7114   Cb: 12.8224   Cr: 14.7431 )
00000453: 12.8668   (Y': 12.5505   Cb: 12.7394   Cr: 14.6184 )
00000454: 12.8512   (Y': 12.5417   Cb: 12.7153   Cr: 14.5722 )
00000455: 12.891    (Y': 12.5546   Cb: 12.8014   Cr: 14.7148 )
00000456: 12.8809   (Y': 12.5688   Cb: 12.717    Cr: 14.6626 )
00000457: 12.911    (Y': 12.5984   Cb: 12.7607   Cr: 14.6748 )
00000458: 12.9751   (Y': 12.6874   Cb: 12.7672   Cr: 14.6695 )
00000459: 12.9328   (Y': 12.6102   Cb: 12.8087   Cr: 14.7208 )
00000460: 12.9889   (Y': 12.6525   Cb: 12.8845   Cr: 14.8368 )
00000461: 13.1843   (Y': 12.9041   Cb: 12.9425   Cr: 14.8832 )
00000462: 14.2186   (Y': 14.1721   Cb: 13.4033   Cr: 15.4654 )
00000463: 14.346    (Y': 14.2665   Cb: 13.568    Cr: 15.7135 )
00000464: 14.207    (Y': 14.1341   Cb: 13.4053   Cr: 15.5762 )
00000465: 13.3829   (Y': 13.109    Cb: 13.1133   Cr: 15.0864 )
00000466: 13.0112   (Y': 12.6945   Cb: 12.8334   Cr: 14.8443 )
00000468: 12.8894   (Y': 12.4864   Cb: 12.9499   Cr: 14.9317 )
00000467: 12.9042   (Y': 12.5356   Cb: 12.8275   Cr: 14.925  )
00000469: 13.0338   (Y': 12.6292   Cb: 13.1224   Cr: 15.0429 )
00000470: 13.2756   (Y': 12.9428   Cb: 13.1269   Cr: 15.1692 )
00000471: 13.13     (Y': 12.7503   Cb: 13.1692   Cr: 15.044  )
00000472: 13.1214   (Y': 12.7194   Cb: 13.1438   Cr: 15.2164 )
00000473: 12.9383   (Y': 12.5307   Cb: 13.0183   Cr: 14.9825 )
00000474: 13.0415   (Y': 12.6325   Cb: 13.1011   Cr: 15.1273 )
00000476: 12.9288   (Y': 12.5031   Cb: 13.0541   Cr: 15.0293 )
00000475: 13.0147   (Y': 12.6248   Cb: 13.0836   Cr: 14.9526 )
00000477: 12.9553   (Y': 12.5357   Cb: 13.0635   Cr: 15.039  )
00000478: 12.9312   (Y': 12.515    Cb: 13.0616   Cr: 14.9565 )
00000479: 13.0336   (Y': 12.6438   Cb: 13.0935   Cr: 14.9847 )
00000480: 12.9492   (Y': 12.526    Cb: 13.0533   Cr: 15.0652 )
00000481: 12.9351   (Y': 12.5184   Cb: 13.0773   Cr: 14.9464 )
00000482: 12.959    (Y': 12.5386   Cb: 13.0708   Cr: 15.0428 )
00000483: 13.0082   (Y': 12.6299   Cb: 13.0341   Cr: 14.9335 )
00000484: 13.0268   (Y': 12.6429   Cb: 13.0704   Cr: 14.9628 )
00000485: 13.1073   (Y': 12.7487   Cb: 13.0429   Cr: 15.04   )
00000486: 13.017    (Y': 12.629    Cb: 13.0385   Cr: 15.0156 )
00000487: 13.0442   (Y': 12.6649   Cb: 13.0735   Cr: 14.9717 )
00000488: 13.1802   (Y': 12.8361   Cb: 13.1254   Cr: 15.0015 )
00000489: 13.2377   (Y': 12.9055   Cb: 13.1046   Cr: 15.103  )
00000490: 13.2366   (Y': 12.9035   Cb: 13.1919   Cr: 14.9713 )
00000491: 13.3928   (Y': 13.1269   Cb: 13.1334   Cr: 15.0298 )
00000492: 13.4131   (Y': 13.126    Cb: 13.2274   Cr: 15.0688 )
00000493: 13.3953   (Y': 13.0998   Cb: 13.1767   Cr: 15.1552 )
00000494: 13.4426   (Y': 13.198    Cb: 13.1135   Cr: 15.0576 )
00000495: 13.5666   (Y': 13.3343   Cb: 13.1757   Cr: 15.2037 )
00000496: 13.5541   (Y': 13.3018   Cb: 13.2229   Cr: 15.22   )
00000497: 13.5266   (Y': 13.2497   Cb: 13.2938   Cr: 15.1918 )
00000498: 13.5151   (Y': 13.227    Cb: 13.2867   Cr: 15.2439 )
00000499: 13.5136   (Y': 13.1925   Cb: 13.3595   Cr: 15.3382 )
00000500: 13.5479   (Y': 13.246    Cb: 13.2744   Cr: 15.4389 )
00000501: 13.616    (Y': 13.3278   Cb: 13.3977   Cr: 15.3295 )
00000502: 13.7029   (Y': 13.3958   Cb: 13.4793   Cr: 15.5464 )
00000503: 13.7199   (Y': 13.4285   Cb: 13.5211   Cr: 15.4226 )
00000504: 13.7508   (Y': 13.3943   Cb: 13.6386   Cr: 15.7465 )
00000505: 13.7943   (Y': 13.4373   Cb: 13.6987   Cr: 15.7664 )
00000506: 13.6913   (Y': 13.3252   Cb: 13.6219   Cr: 15.6837 )
00000507: 13.6681   (Y': 13.2615   Cb: 13.7002   Cr: 15.781  )
00000508: 13.5959   (Y': 13.1414   Cb: 13.731    Cr: 15.8919 )
00000509: 13.5544   (Y': 13.1258   Cb: 13.595    Cr: 15.813  )
00000510: 13.6005   (Y': 13.1792   Cb: 13.6328   Cr: 15.8195 )
00000511: 13.5003   (Y': 13.0436   Cb: 13.6285   Cr: 15.8252 )
00000512: 13.716    (Y': 13.3253   Cb: 13.6291   Cr: 15.9112 )
00000513: 14.4237   (Y': 14.0656   Cb: 14.3132   Cr: 16.4277 )
00000514: 14.0339   (Y': 13.6089   Cb: 14.076    Cr: 16.2636 )
00000515: 13.9222   (Y': 13.4694   Cb: 14.0685   Cr: 16.1878 )
00000517: 13.4836   (Y': 13.0591   Cb: 13.5672   Cr: 15.6426 )
00000516: 13.539    (Y': 13.098    Cb: 13.6839   Cr: 15.7194 )
00000518: 13.4841   (Y': 13.0216   Cb: 13.6692   Cr: 15.7588 )
00000519: 13.4168   (Y': 12.9496   Cb: 13.5814   Cr: 15.7611 )
00000520: 13.502    (Y': 13.0539   Cb: 13.6082   Cr: 15.7981 )
00000521: 13.4846   (Y': 13.0341   Cb: 13.647    Cr: 15.7066 )
00000522: 13.4862   (Y': 13.0035   Cb: 13.7127   Cr: 15.8475 )
00000523: 13.5861   (Y': 13.1316   Cb: 13.7234   Cr: 15.8783 )
00000524: 13.7209   (Y': 13.3151   Cb: 13.7411   Cr: 15.8474 )
00000525: 13.9053   (Y': 13.5725   Cb: 13.7221   Cr: 15.8545 )
00000526: 14.1266   (Y': 13.8825   Cb: 13.7983   Cr: 15.7363 )
00000527: 14.1282   (Y': 13.8606   Cb: 13.8382   Cr: 15.824  )
00000528: 13.9404   (Y': 13.6847   Cb: 13.6402   Cr: 15.578  )
00000529: 13.982    (Y': 13.7268   Cb: 13.6776   Cr: 15.6225 )
00000530: 13.8686   (Y': 13.5822   Cb: 13.6696   Cr: 15.541  )
00000531: 13.804    (Y': 13.5081   Cb: 13.6213   Cr: 15.5106 )
00000533: 13.6842   (Y': 13.3246   Cb: 13.6577   Cr: 15.5644 )
00000532: 13.721    (Y': 13.3869   Cb: 13.6638   Cr: 15.4805 )
00000534: 13.7048   (Y': 13.3535   Cb: 13.6933   Cr: 15.507  )
00000535: 13.6585   (Y': 13.3158   Cb: 13.5934   Cr: 15.4865 )
00000536: 13.665    (Y': 13.3429   Cb: 13.5259   Cr: 15.473  )
00000537: 14.6006   (Y': 14.4811   Cb: 14.0029   Cr: 15.9032 )
00000538: 14.7596   (Y': 14.626    Cb: 14.1405   Cr: 16.1748 )
00000539: 15.1492   (Y': 14.8851   Cb: 14.8193   Cr: 16.8869 )
00000541: 15.453    (Y': 15.1124   Cb: 15.1314   Cr: 17.6949 )
00000540: 15.2221   (Y': 14.9655   Cb: 14.8101   Cr: 17.0463 )
00000542: 15.4096   (Y': 15.0555   Cb: 15.1164   Cr: 17.6989 )
00000543: 15.0284   (Y': 14.8405   Cb: 14.4633   Cr: 16.6766 )
00000544: 14.9416   (Y': 14.7009   Cb: 14.4871   Cr: 16.7351 )
00000545: 14.7913   (Y': 14.6974   Cb: 13.9655   Cr: 16.321  )
00000546: 14.7354   (Y': 14.6261   Cb: 13.9991   Cr: 16.2024 )
00000547: 14.7801   (Y': 14.703    Cb: 13.9519   Cr: 16.2171 )
00000550: 14.4808   (Y': 14.3891   Cb: 13.7566   Cr: 15.8285 )
00000548: 14.7299   (Y': 14.6513   Cb: 13.9066   Cr: 16.1672 )
00000549: 14.5369   (Y': 14.4305   Cb: 13.8184   Cr: 15.958  )
00000551: 14.0923   (Y': 13.9382   Cb: 13.566    Cr: 15.4793 )
00000552: 13.9007   (Y': 13.6945   Cb: 13.4832   Cr: 15.421  )
00000553: 13.2059   (Y': 12.8181   Cb: 13.2682   Cr: 15.1401 )
00000554: 12.9619   (Y': 12.5663   Cb: 13.0169   Cr: 14.961  )
00000555: 12.995    (Y': 12.6183   Cb: 13.07     Cr: 14.8345 )
00000556: 12.9606   (Y': 12.5681   Cb: 13.0405   Cr: 14.9    )
00000559: 12.8756   (Y': 12.4632   Cb: 13.0234   Cr: 14.8476 )
00000557: 12.9689   (Y': 12.5747   Cb: 13.0401   Cr: 14.9333 )
00000558: 12.9592   (Y': 12.5428   Cb: 13.0885   Cr: 14.9873 )
00000560: 12.9204   (Y': 12.5283   Cb: 13.0143   Cr: 14.836  )
00000561: 12.8659   (Y': 12.4503   Cb: 12.9823   Cr: 14.9093 )
00000562: 12.885    (Y': 12.4596   Cb: 13.044    Cr: 14.9307 )
00000563: 12.8268   (Y': 12.4078   Cb: 13.001    Cr: 14.8049 )
00000564: 12.8632   (Y': 12.4607   Cb: 13.0051   Cr: 14.7766 )
00000565: 12.8488   (Y': 12.4282   Cb: 13.0546   Cr: 14.7899 )
00000566: 12.8797   (Y': 12.4627   Cb: 13.0466   Cr: 14.8547 )
00000567: 12.8856   (Y': 12.4568   Cb: 13.0616   Cr: 14.9293 )
00000568: 12.832    (Y': 12.4014   Cb: 13.0851   Cr: 14.7722 )
00000569: 12.8664   (Y': 12.4443   Cb: 13.0673   Cr: 14.8251 )
00000570: 12.8706   (Y': 12.443    Cb: 13.0616   Cr: 14.8834 )
00000571: 12.8448   (Y': 12.4309   Cb: 13.0067   Cr: 14.806  )
00000572: 12.8191   (Y': 12.3806   Cb: 13.0442   Cr: 14.8566 )
00000575: 12.881    (Y': 12.4543   Cb: 13.074    Cr: 14.8843 )
00000573: 12.8727   (Y': 12.4715   Cb: 13.0219   Cr: 14.7664 )
00000574: 12.8424   (Y': 12.4311   Cb: 12.9861   Cr: 14.8136 )
00000576: 12.9495   (Y': 12.5502   Cb: 13.0094   Cr: 14.9669 )
00000577: 13.028    (Y': 12.6239   Cb: 13.1552   Cr: 14.9746 )
00000578: 13.0516   (Y': 12.6673   Cb: 13.0624   Cr: 15.0414 )
00000579: 13.0249   (Y': 12.6026   Cb: 13.1644   Cr: 15.0794 )
00000580: 13.019    (Y': 12.616    Cb: 13.0727   Cr: 15.0716 )
00000581: 13.0008   (Y': 12.5876   Cb: 13.1311   Cr: 15.0056 )
00000583: 13.0051   (Y': 12.5808   Cb: 13.1394   Cr: 15.081  )
00000582: 12.9505   (Y': 12.4893   Cb: 13.1434   Cr: 15.2031 )
00000584: 13.026    (Y': 12.6085   Cb: 13.1301   Cr: 15.1019 )
00000585: 12.9766   (Y': 12.5574   Cb: 13.1056   Cr: 15.0252 )
00000586: 12.9611   (Y': 12.5215   Cb: 13.1381   Cr: 15.0811 )
00000587: 12.9823   (Y': 12.5627   Cb: 13.0955   Cr: 15.0584 )
00000588: 12.9745   (Y': 12.5596   Cb: 13.0695   Cr: 15.0465 )
00000589: 13.0101   (Y': 12.602    Cb: 13.1086   Cr: 15.0281 )
00000590: 13.3046   (Y': 12.9846   Cb: 13.1651   Cr: 15.0993 )
00000591: 14.2918   (Y': 14.1045   Cb: 13.8019   Cr: 15.8139 )
00000592: 14.5052   (Y': 14.3561   Cb: 13.8774   Cr: 16.0245 )
00000593: 14.4078   (Y': 14.2877   Cb: 13.7646   Cr: 15.785  )
00000594: 13.3785   (Y': 13.0146   Cb: 13.3623   Cr: 15.2719 )
00000595: 13.2031   (Y': 12.8507   Cb: 13.1456   Cr: 15.0839 )
00000596: 13.1342   (Y': 12.7665   Cb: 13.1574   Cr: 14.9925 )
00000597: 13.1225   (Y': 12.7497   Cb: 13.1587   Cr: 14.9946 )
00000598: 12.9049   (Y': 12.4912   Cb: 13.0336   Cr: 14.9152 )
00000599: 12.94     (Y': 12.5488   Cb: 13.0261   Cr: 14.8609 )
00000600: 12.9334   (Y': 12.5161   Cb: 13.0824   Cr: 14.938  )
00000601: 12.9341   (Y': 12.5176   Cb: 13.1118   Cr: 14.8894 )
00000602: 12.9796   (Y': 12.5666   Cb: 13.0765   Cr: 15.0349 )
00000603: 12.9502   (Y': 12.5419   Cb: 13.04     Cr: 14.9836 )
00000604: 12.9016   (Y': 12.4769   Cb: 13.0369   Cr: 14.9794 )
00000605: 12.8976   (Y': 12.4649   Cb: 13.0644   Cr: 14.9834 )
00000606: 12.9515   (Y': 12.566    Cb: 12.9989   Cr: 14.8932 )
00000607: 12.9001   (Y': 12.4974   Cb: 13.0185   Cr: 14.8501 )
00000608: 12.9768   (Y': 12.5666   Cb: 13.0982   Cr: 14.974  )
00000609: 12.9619   (Y': 12.5664   Cb: 13.0341   Cr: 14.9333 )
00000610: 13.0309   (Y': 12.6494   Cb: 13.0671   Cr: 14.9616 )
00000611: 13.0057   (Y': 12.6392   Cb: 13.0018   Cr: 14.8975 )
00000612: 13.0093   (Y': 12.6382   Cb: 13.0256   Cr: 14.901  )
00000613: 13.0295   (Y': 12.6659   Cb: 13.0261   Cr: 14.9008 )
00000614: 13.0146   (Y': 12.646    Cb: 13.0481   Cr: 14.8628 )
00000615: 13.0299   (Y': 12.669    Cb: 13.0047   Cr: 14.9165 )
00000616: 12.9649   (Y': 12.5711   Cb: 13.0493   Cr: 14.9056 )
00000617: 12.9782   (Y': 12.6045   Cb: 13.0035   Cr: 14.8733 )
00000618: 12.8994   (Y': 12.4954   Cb: 12.9479   Cr: 14.967  )
00000619: 12.8728   (Y': 12.4663   Cb: 12.9743   Cr: 14.8748 )
00000620: 12.8463   (Y': 12.4316   Cb: 12.9961   Cr: 14.8312 )
00000621: 12.8995   (Y': 12.4732   Cb: 13.0525   Cr: 14.9614 )
00000622: 12.8313   (Y': 12.4121   Cb: 12.9596   Cr: 14.8812 )
00000623: 12.8648   (Y': 12.447    Cb: 13.0339   Cr: 14.8422 )
00000624: 12.8651   (Y': 12.4648   Cb: 12.9449   Cr: 14.8586 )
00000625: 12.9055   (Y': 12.4973   Cb: 13.027    Cr: 14.8887 )
00000626: 13.2308   (Y': 12.8703   Cb: 13.2336   Cr: 15.0722 )
00000627: 14.5124   (Y': 14.3703   Cb: 13.8669   Cr: 16.0201 )
00000628: 14.5084   (Y': 14.3692   Cb: 13.8628   Cr: 15.9988 )
00000629: 13.5795   (Y': 13.3084   Cb: 13.3517   Cr: 15.2004 )
00000630: 13.3659   (Y': 13.0626   Cb: 13.2191   Cr: 15.0643 )
00000631: 12.9617   (Y': 12.5598   Cb: 13.0993   Cr: 14.8772 )
00000632: 12.9404   (Y': 12.5432   Cb: 13.0591   Cr: 14.8525 )
00000633: 12.8786   (Y': 12.4517   Cb: 13.0786   Cr: 14.8721 )
00000634: 12.8782   (Y': 12.4743   Cb: 13.0181   Cr: 14.8033 )
00000635: 12.8752   (Y': 12.4485   Cb: 13.0451   Cr: 14.9137 )
00000636: 12.8829   (Y': 12.4651   Cb: 13.0505   Cr: 14.8623 )
00000637: 12.8733   (Y': 12.4538   Cb: 13.0444   Cr: 14.8592 )
00000638: 12.8826   (Y': 12.457    Cb: 13.071    Cr: 14.8849 )
00000639: 12.8761   (Y': 12.4678   Cb: 13.014    Cr: 14.8352 )
00000640: 12.8615   (Y': 12.471    Cb: 12.9298   Cr: 14.8046 )
00000641: 12.8697   (Y': 12.4685   Cb: 12.9603   Cr: 14.8518 )
00000642: 12.9375   (Y': 12.5506   Cb: 13.033    Cr: 14.8151 )
00000643: 12.8919   (Y': 12.4885   Cb: 13.0145   Cr: 14.8405 )
00000644: 12.8788   (Y': 12.4747   Cb: 12.9426   Cr: 14.9229 )
00000645: 12.8718   (Y': 12.457    Cb: 13.0091   Cr: 14.8762 )
00000646: 12.8665   (Y': 12.4464   Cb: 13.0057   Cr: 14.9056 )
00000647: 12.8954   (Y': 12.4887   Cb: 13.0217   Cr: 14.861  )
00000648: 12.8511   (Y': 12.4276   Cb: 13.0131   Cr: 14.8789 )
00000649: 12.8601   (Y': 12.4443   Cb: 13.004    Cr: 14.8622 )
00000650: 12.8614   (Y': 12.4663   Cb: 12.9488   Cr: 14.8065 )
00000651: 12.8441   (Y': 12.4553   Cb: 12.8555   Cr: 14.8643 )
00000652: 12.8401   (Y': 12.4109   Cb: 13.0245   Cr: 14.8746 )
00000653: 12.8964   (Y': 12.4889   Cb: 13.0222   Cr: 14.8685 )
00000654: 12.8675   (Y': 12.4455   Cb: 13.0105   Cr: 14.9145 )
00000655: 12.8295   (Y': 12.4115   Cb: 12.9552   Cr: 14.8751 )
00000656: 12.8539   (Y': 12.4117   Cb: 13.0615   Cr: 14.945  )
00000657: 12.8511   (Y': 12.4342   Cb: 12.9509   Cr: 14.9295 )
00000658: 12.8794   (Y': 12.4848   Cb: 12.9089   Cr: 14.9112 )
00000659: 12.8675   (Y': 12.4633   Cb: 12.942    Cr: 14.8954 )
00000660: 12.8822   (Y': 12.4906   Cb: 12.9362   Cr: 14.8552 )
00000661: 12.8836   (Y': 12.4906   Cb: 12.9663   Cr: 14.8217 )
00000662: 12.8877   (Y': 12.4913   Cb: 12.9473   Cr: 14.8849 )
00000663: 12.8543   (Y': 12.4252   Cb: 13.0471   Cr: 14.8744 )
00000664: 12.8891   (Y': 12.4838   Cb: 12.9826   Cr: 14.8948 )
00000665: 12.8523   (Y': 12.434    Cb: 12.9737   Cr: 14.9068 )
00000666: 12.8261   (Y': 12.404    Cb: 12.973    Cr: 14.8669 )
00000667: 12.8144   (Y': 12.3917   Cb: 12.9621   Cr: 14.8584 )
00000668: 12.8578   (Y': 12.4582   Cb: 12.9575   Cr: 14.8146 )
00000669: 12.8471   (Y': 12.4442   Cb: 12.9465   Cr: 14.8281 )
00000670: 12.8817   (Y': 12.4741   Cb: 12.9634   Cr: 14.9229 )
00000671: 12.8607   (Y': 12.4441   Cb: 12.9621   Cr: 14.9343 )
00000672: 12.8438   (Y': 12.4405   Cb: 12.9559   Cr: 14.8073 )
00000673: 12.8645   (Y': 12.4681   Cb: 12.9478   Cr: 14.8246 )
00000674: 12.8399   (Y': 12.4278   Cb: 12.9577   Cr: 14.8562 )
00000675: 12.7933   (Y': 12.3714   Cb: 12.9126   Cr: 14.8764 )
00000676: 12.865    (Y': 12.4685   Cb: 12.9088   Cr: 14.8876 )
00000677: 12.901    (Y': 12.5063   Cb: 12.9756   Cr: 14.8632 )
00000679: 12.8677   (Y': 12.4611   Cb: 12.9761   Cr: 14.8601 )
00000678: 12.875    (Y': 12.4555   Cb: 13.008    Cr: 14.9201 )
00000680: 12.849    (Y': 12.446    Cb: 12.9757   Cr: 14.7882 )
00000681: 12.8286   (Y': 12.4096   Cb: 12.9579   Cr: 14.875  )
00000682: 12.8264   (Y': 12.4004   Cb: 12.9971   Cr: 14.8582 )
00000683: 12.8231   (Y': 12.4102   Cb: 12.9624   Cr: 14.8119 )
00000684: 12.8486   (Y': 12.4554   Cb: 12.8762   Cr: 14.8739 )
00000685: 12.8369   (Y': 12.4231   Cb: 12.9889   Cr: 14.8128 )
00000687: 12.8348   (Y': 12.4139   Cb: 12.9905   Cr: 14.8543 )
00000686: 12.8078   (Y': 12.3957   Cb: 12.9559   Cr: 14.7776 )
00000688: 12.86     (Y': 12.4454   Cb: 13.0012   Cr: 14.8577 )
00000689: 12.8456   (Y': 12.4138   Cb: 13.0309   Cr: 14.8966 )
00000690: 12.8572   (Y': 12.446    Cb: 12.9692   Cr: 14.8764 )
00000691: 12.8341   (Y': 12.4211   Cb: 12.9646   Cr: 14.8368 )
00000692: 12.8437   (Y': 12.4323   Cb: 12.9391   Cr: 14.8899 )
00000693: 12.8786   (Y': 12.4645   Cb: 13.0201   Cr: 14.872  )
00000694: 12.8575   (Y': 12.4463   Cb: 12.9544   Cr: 14.8992 )
00000695: 12.8253   (Y': 12.4226   Cb: 12.9075   Cr: 14.8307 )
00000696: 12.8319   (Y': 12.428    Cb: 12.9081   Cr: 14.8555 )
00000697: 12.853    (Y': 12.436    Cb: 12.9927   Cr: 14.8697 )
00000698: 12.8388   (Y': 12.4236   Cb: 12.9698   Cr: 14.8564 )
00000699: 12.8417   (Y': 12.4328   Cb: 12.9446   Cr: 14.859  )
00000700: 12.8459   (Y': 12.4311   Cb: 12.9345   Cr: 14.927  )
00000701: 12.8367   (Y': 12.3997   Cb: 13.0205   Cr: 14.9267 )
00000702: 12.873    (Y': 12.4588   Cb: 12.9874   Cr: 14.9093 )
00000703: 12.8292   (Y': 12.4139   Cb: 12.912    Cr: 14.9232 )
00000704: 12.8478   (Y': 12.4169   Cb: 13.0073   Cr: 14.9323 )
00000705: 12.8451   (Y': 12.4351   Cb: 12.9387   Cr: 14.8847 )
00000706: 12.851    (Y': 12.4481   Cb: 12.9246   Cr: 14.8713 )
00000707: 12.8375   (Y': 12.4388   Cb: 12.9889   Cr: 14.7115 )
00000708: 12.8365   (Y': 12.4406   Cb: 12.9206   Cr: 14.7929 )
00000709: 12.8608   (Y': 12.4545   Cb: 12.9357   Cr: 14.9032 )
00000711: 12.7965   (Y': 12.3984   Cb: 12.8815   Cr: 14.7664 )
00000710: 12.8614   (Y': 12.4442   Cb: 13.0028   Cr: 14.8765 )
00000712: 12.8246   (Y': 12.4049   Cb: 12.9572   Cr: 14.8709 )
00000713: 12.8768   (Y': 12.4716   Cb: 12.9624   Cr: 14.8945 )
00000714: 12.8155   (Y': 12.3848   Cb: 12.9847   Cr: 14.8833 )
00000715: 12.8784   (Y': 12.4801   Cb: 12.9918   Cr: 14.8066 )
00000716: 12.8527   (Y': 12.4216   Cb: 13.0865   Cr: 14.8255 )
00000717: 12.859    (Y': 12.435    Cb: 12.9976   Cr: 14.9266 )
00000719: 12.8657   (Y': 12.4463   Cb: 13.0049   Cr: 14.9    )
00000718: 12.8714   (Y': 12.4486   Cb: 13.0674   Cr: 14.8432 )
00000720: 12.8862   (Y': 12.4824   Cb: 13.0048   Cr: 14.8434 )
00000721: 12.8696   (Y': 12.4582   Cb: 12.9655   Cr: 14.9148 )
00000722: 12.9957   (Y': 12.6059   Cb: 13.0344   Cr: 14.9798 )
00000723: 13.0046   (Y': 12.6236   Cb: 13.0613   Cr: 14.9007 )
00000724: 12.9727   (Y': 12.5948   Cb: 13.0148   Cr: 14.8702 )
00000725: 12.8944   (Y': 12.4814   Cb: 13.0094   Cr: 14.9218 )
00000726: 12.921    (Y': 12.5178   Cb: 12.9997   Cr: 14.936  )
00000727: 12.9098   (Y': 12.5019   Cb: 13.0386   Cr: 14.8801 )
00000728: 12.8812   (Y': 12.4548   Cb: 13.0174   Cr: 14.9693 )
00000729: 12.8865   (Y': 12.4735   Cb: 13.016    Cr: 14.8909 )
00000730: 12.8899   (Y': 12.4825   Cb: 12.9806   Cr: 14.9147 )
00000731: 12.9056   (Y': 12.5018   Cb: 13.0053   Cr: 14.8913 )
00000732: 12.8779   (Y': 12.4432   Cb: 13.095    Cr: 14.9    )
00000733: 12.9306   (Y': 12.5154   Cb: 13.0848   Cr: 14.9125 )
00000734: 12.9494   (Y': 12.566    Cb: 12.9706   Cr: 14.9175 )
00000735: 13.0647   (Y': 12.6946   Cb: 13.0844   Cr: 14.9446 )
00000736: 13.0036   (Y': 12.5966   Cb: 13.1224   Cr: 14.9832 )
00000737: 12.9521   (Y': 12.5807   Cb: 12.9455   Cr: 14.8807 )
00000739: 13.0666   (Y': 12.7098   Cb: 13.0064   Cr: 14.9807 )
00000738: 13.0337   (Y': 12.6857   Cb: 12.9964   Cr: 14.8537 )
00000740: 12.9903   (Y': 12.6021   Cb: 13.0337   Cr: 14.9569 )
00000741: 12.9622   (Y': 12.6002   Cb: 12.9094   Cr: 14.9001 )
00000742: 12.9594   (Y': 12.5819   Cb: 13.0075   Cr: 14.8452 )
00000743: 12.98     (Y': 12.5959   Cb: 13.0135   Cr: 14.9332 )
00000744: 12.9773   (Y': 12.5999   Cb: 12.997    Cr: 14.9066 )
00000745: 12.8897   (Y': 12.5079   Cb: 12.9372   Cr: 14.8053 )
00000747: 12.8861   (Y': 12.4976   Cb: 12.9699   Cr: 14.7916 )
00000746: 12.8469   (Y': 12.4522   Cb: 12.889    Cr: 14.8597 )
00000748: 13.0507   (Y': 12.6892   Cb: 12.9891   Cr: 14.9985 )
00000749: 14.3984   (Y': 14.3314   Cb: 13.6551   Cr: 15.6413 )
00000750: 14.6021   (Y': 14.5375   Cb: 13.825    Cr: 15.8855 )
00000751: 13.8378   (Y': 13.6514   Cb: 13.3416   Cr: 15.3645 )
00000752: 13.667    (Y': 13.4305   Cb: 13.3072   Cr: 15.2799 )
00000753: 13.2212   (Y': 12.9246   Cb: 13.0141   Cr: 14.9707 )
00000754: 13.2432   (Y': 12.9507   Cb: 13.0457   Cr: 14.9522 )
00000755: 13.0235   (Y': 12.6766   Cb: 12.9891   Cr: 14.8321 )
00000756: 12.9566   (Y': 12.5781   Cb: 12.9932   Cr: 14.8666 )
00000757: 12.9111   (Y': 12.5374   Cb: 12.913    Cr: 14.842  )
00000758: 12.9398   (Y': 12.577    Cb: 12.9172   Cr: 14.8355 )
00000759: 12.9279   (Y': 12.5489   Cb: 12.9983   Cr: 14.7898 )
00000760: 12.8249   (Y': 12.4333   Cb: 12.923    Cr: 14.7299 )
00000761: 12.8209   (Y': 12.425    Cb: 12.9045   Cr: 14.7773 )
00000763: 12.7829   (Y': 12.3719   Cb: 12.8991   Cr: 14.7935 )
00000762: 12.811    (Y': 12.4063   Cb: 12.93     Cr: 14.7743 )
00000764: 12.8463   (Y': 12.4672   Cb: 12.8641   Cr: 14.7899 )
00000765: 12.8768   (Y': 12.4951   Cb: 12.9588   Cr: 14.7392 )
00000766: 12.8528   (Y': 12.458    Cb: 12.924    Cr: 14.8212 )
00000767: 12.7852   (Y': 12.363    Cb: 12.9754   Cr: 14.7611 )
00000768: 12.8599   (Y': 12.4815   Cb: 12.9435   Cr: 14.698  )
00000769: 12.9501   (Y': 12.5952   Cb: 12.957    Cr: 14.7481 )
00000770: 12.8814   (Y': 12.4943   Cb: 12.9408   Cr: 14.8152 )
00000771: 12.9906   (Y': 12.6507   Cb: 12.926    Cr: 14.7994 )
00000772: 12.8371   (Y': 12.4447   Cb: 12.9273   Cr: 14.7592 )
00000773: 12.8883   (Y': 12.4968   Cb: 12.9631   Cr: 14.8285 )
00000774: 12.9646   (Y': 12.5985   Cb: 12.9916   Cr: 14.8058 )
00000775: 13.1275   (Y': 12.8112   Cb: 13.0142   Cr: 14.8583 )
00000776: 13.0463   (Y': 12.7105   Cb: 12.993    Cr: 14.8112 )
00000777: 12.949    (Y': 12.5924   Cb: 12.9185   Cr: 14.8156 )
00000778: 12.956    (Y': 12.5721   Cb: 13.0286   Cr: 14.8476 )
00000779: 12.9796   (Y': 12.616    Cb: 13.0107   Cr: 14.7982 )
00000780: 12.9744   (Y': 12.6246   Cb: 12.8932   Cr: 14.875  )
00000781: 12.9405   (Y': 12.5617   Cb: 12.9511   Cr: 14.8934 )
00000782: 12.8899   (Y': 12.4904   Cb: 13.0194   Cr: 14.8007 )
00000783: 12.9043   (Y': 12.4921   Cb: 13.0734   Cr: 14.843  )
00000784: 12.8501   (Y': 12.4416   Cb: 13.0086   Cr: 14.7787 )
00000787: 12.9251   (Y': 12.5529   Cb: 12.8985   Cr: 14.8907 )
00000785: 12.8338   (Y': 12.44     Cb: 12.9322   Cr: 14.7528 )
00000786: 12.8221   (Y': 12.4149   Cb: 12.9444   Cr: 14.7974 )
00000788: 12.8291   (Y': 12.4181   Cb: 12.9814   Cr: 14.7852 )
00000789: 12.8732   (Y': 12.4878   Cb: 12.9606   Cr: 14.7526 )
00000790: 12.8211   (Y': 12.4321   Cb: 12.8471   Cr: 14.8201 )
00000791: 12.8377   (Y': 12.4289   Cb: 12.9759   Cr: 14.7998 )
00000792: 12.8111   (Y': 12.3916   Cb: 12.9713   Cr: 14.8144 )
00000793: 12.8169   (Y': 12.4173   Cb: 12.9052   Cr: 14.7912 )
00000795: 12.8588   (Y': 12.4551   Cb: 12.9774   Cr: 14.8154 )
00000794: 12.8611   (Y': 12.4696   Cb: 12.9259   Cr: 14.816  )
00000796: 12.9262   (Y': 12.5562   Cb: 12.919    Cr: 14.8465 )
00000797: 12.8673   (Y': 12.4809   Cb: 12.9661   Cr: 14.7359 )
00000798: 12.8955   (Y': 12.4875   Cb: 13.0162   Cr: 14.878  )
00000799: 12.9492   (Y': 12.5434   Cb: 13.0722   Cr: 14.9136 )
00000800: 12.9829   (Y': 12.6106   Cb: 13.0213   Cr: 14.8488 )
00000802: 12.8967   (Y': 12.4887   Cb: 13.0321   Cr: 14.8578 )
00000801: 12.9285   (Y': 12.532    Cb: 12.9944   Cr: 14.9163 )
00000803: 12.9882   (Y': 12.5945   Cb: 13.0599   Cr: 14.9474 )
00000804: 12.941    (Y': 12.5788   Cb: 12.9898   Cr: 14.7243 )
00000805: 13.0227   (Y': 12.6481   Cb: 13.054    Cr: 14.9148 )
00000806: 13.0642   (Y': 12.6983   Cb: 13.0528   Cr: 14.9636 )
00000807: 13.1489   (Y': 12.8029   Cb: 13.1003   Cr: 14.9733 )
00000808: 13.2371   (Y': 12.9353   Cb: 13.0665   Cr: 14.9626 )
00000809: 13.2481   (Y': 12.9104   Cb: 13.2077   Cr: 15.0051 )
00000810: 13.2097   (Y': 12.8829   Cb: 13.1124   Cr: 14.9835 )
00000811: 13.2485   (Y': 12.9093   Cb: 13.1968   Cr: 15.0331 )
00000812: 13.1698   (Y': 12.808    Cb: 13.1655   Cr: 15.0302 )
00000813: 13.2254   (Y': 12.8681   Cb: 13.1997   Cr: 15.0892 )
00000814: 13.2125   (Y': 12.8699   Cb: 13.128    Cr: 15.0706 )
00000816: 13.0526   (Y': 12.6481   Cb: 13.1151   Cr: 15.1021 )
00000815: 13.0779   (Y': 12.6777   Cb: 13.1153   Cr: 15.1376 )
00000817: 13.0207   (Y': 12.6129   Cb: 13.1379   Cr: 15.0082 )
00000819: 14.0245   (Y': 13.8347   Cb: 13.5349   Cr: 15.5609 )
00000818: 12.9394   (Y': 12.5271   Cb: 13.0491   Cr: 14.9696 )
00000820: 14.4392   (Y': 14.2748   Cb: 13.8825   Cr: 15.933  )
00000821: 14.4241   (Y': 14.2853   Cb: 13.8174   Cr: 15.85   )
00000822: 13.8928   (Y': 13.6645   Cb: 13.4828   Cr: 15.5349 )
00000823: 13.1619   (Y': 12.7957   Cb: 13.1372   Cr: 15.084  )
00000824: 13.1006   (Y': 12.7081   Cb: 13.1662   Cr: 15.0617 )
00000825: 12.9565   (Y': 12.5592   Cb: 13.0551   Cr: 14.8996 )
00000827: 13.0361   (Y': 12.6572   Cb: 13.1008   Cr: 14.9056 )
00000826: 12.9528   (Y': 12.5502   Cb: 13.025    Cr: 14.974  )
00000828: 13.0397   (Y': 12.6717   Cb: 13.0511   Cr: 14.9176 )
00000829: 13.022    (Y': 12.6558   Cb: 13.0389   Cr: 14.88   )
00000830: 13.0426   (Y': 12.6687   Cb: 13.0962   Cr: 14.8955 )
00000832: 13.0273   (Y': 12.6709   Cb: 12.9894   Cr: 14.9042 )
00000831: 13.0522   (Y': 12.6964   Cb: 13.0733   Cr: 14.8345 )
00000833: 12.9319   (Y': 12.5536   Cb: 12.9945   Cr: 14.8004 )
00000834: 12.9672   (Y': 12.5691   Cb: 13.1236   Cr: 14.8289 )
00000835: 12.9191   (Y': 12.5289   Cb: 13.0621   Cr: 14.7477 )
00000836: 12.8902   (Y': 12.4882   Cb: 13.0204   Cr: 14.8172 )
00000837: 12.9019   (Y': 12.5051   Cb: 12.9578   Cr: 14.9079 )
00000838: 12.969    (Y': 12.6082   Cb: 12.9716   Cr: 14.8125 )
00000840: 13.0631   (Y': 12.6649   Cb: 13.2025   Cr: 14.951  )
00000839: 13.0238   (Y': 12.6574   Cb: 13.0332   Cr: 14.8943 )
00000841: 13.0255   (Y': 12.6268   Cb: 13.1234   Cr: 14.9791 )
00000842: 13.0216   (Y': 12.615    Cb: 13.1176   Cr: 15.0336 )
00000843: 13.0147   (Y': 12.602    Cb: 13.1315   Cr: 15.0369 )
00000844: 12.9988   (Y': 12.5823   Cb: 13.0979   Cr: 15.0757 )
00000845: 13.0998   (Y': 12.6944   Cb: 13.1923   Cr: 15.1088 )
00000846: 13.0467   (Y': 12.6541   Cb: 13.1426   Cr: 14.9619 )
00000847: 13.0195   (Y': 12.6183   Cb: 13.1003   Cr: 15.0169 )
00000848: 12.9494   (Y': 12.529    Cb: 13.1435   Cr: 14.9075 )
00000849: 12.9825   (Y': 12.5654   Cb: 13.1347   Cr: 14.9803 )
00000850: 13.0722   (Y': 12.6718   Cb: 13.1799   Cr: 15.0233 )
00000851: 13.0531   (Y': 12.6533   Cb: 13.115    Cr: 15.0708 )
00000852: 13.0752   (Y': 12.6942   Cb: 13.0812   Cr: 15.05   )
00000853: 13.0766   (Y': 12.7138   Cb: 13.0685   Cr: 14.9501 )
00000854: 13.0122   (Y': 12.6596   Cb: 12.9953   Cr: 14.8307 )
00000855: 13.0655   (Y': 12.7195   Cb: 13.0561   Cr: 14.8304 )
00000856: 13.0408   (Y': 12.7024   Cb: 12.9497   Cr: 14.8803 )
00000857: 12.973    (Y': 12.5931   Cb: 12.9544   Cr: 14.9792 )
00000858: 12.9349   (Y': 12.577    Cb: 12.9427   Cr: 14.7514 )
00000859: 12.9733   (Y': 12.6192   Cb: 12.9811   Cr: 14.7644 )
00000860: 12.9635   (Y': 12.5575   Cb: 13.038    Cr: 15.0051 )
00000861: 12.9719   (Y': 12.5822   Cb: 13.0728   Cr: 14.8603 )
00000862: 14.4188   (Y': 14.3376   Cb: 13.7318   Cr: 15.6505 )
00000863: 14.5052   (Y': 14.4028   Cb: 13.8546   Cr: 15.7957 )
00000864: 13.7714   (Y': 13.5309   Cb: 13.4753   Cr: 15.3099 )
00000865: 13.5317   (Y': 13.2386   Cb: 13.3679   Cr: 15.1923 )
00000866: 12.9947   (Y': 12.6184   Cb: 13.0436   Cr: 14.8709 )
00000867: 12.9518   (Y': 12.5708   Cb: 13.0428   Cr: 14.7957 )
00000868: 12.9216   (Y': 12.519    Cb: 13.0414   Cr: 14.8685 )
00000869: 12.9243   (Y': 12.5292   Cb: 13.0332   Cr: 14.8371 )
00000870: 12.9534   (Y': 12.5807   Cb: 13.0231   Cr: 14.775  )
00000871: 12.916    (Y': 12.5402   Cb: 12.9778   Cr: 14.7701 )
00000872: 12.984    (Y': 12.6152   Cb: 13.0317   Cr: 14.8122 )
00000873: 12.8757   (Y': 12.4671   Cb: 13.0194   Cr: 14.8283 )
00000874: 12.868    (Y': 12.47     Cb: 13.0101   Cr: 14.75   )
00000875: 12.9779   (Y': 12.6339   Cb: 12.9638   Cr: 14.7365 )
00000876: 12.8712   (Y': 12.4981   Cb: 12.9554   Cr: 14.6732 )
00000877: 12.8879   (Y': 12.4788   Cb: 13.008    Cr: 14.8793 )
00000878: 12.8752   (Y': 12.4984   Cb: 12.9708   Cr: 14.6855 )
00000879: 12.9285   (Y': 12.551    Cb: 13.0184   Cr: 14.7514 )
00000880: 12.9585   (Y': 12.5974   Cb: 12.9752   Cr: 14.7826 )
00000881: 13.0225   (Y': 12.7027   Cb: 12.9323   Cr: 14.7396 )
00000882: 12.9881   (Y': 12.6557   Cb: 12.9765   Cr: 14.669  )
00000883: 12.994    (Y': 12.6535   Cb: 12.9863   Cr: 14.7209 )
00000884: 12.9329   (Y': 12.5951   Cb: 12.8644   Cr: 14.7338 )
00000885: 12.9203   (Y': 12.5636   Cb: 12.9824   Cr: 14.6475 )
00000886: 12.8834   (Y': 12.5389   Cb: 12.921    Cr: 14.5685 )
00000887: 12.9514   (Y': 12.6017   Cb: 12.9751   Cr: 14.6903 )
00000888: 12.9713   (Y': 12.6363   Cb: 12.9218   Cr: 14.7252 )
00000889: 12.9483   (Y': 12.641    Cb: 12.8302   Cr: 14.6287 )
00000890: 12.91     (Y': 12.5749   Cb: 12.9003   Cr: 14.605  )
00000891: 12.9224   (Y': 12.6043   Cb: 12.8391   Cr: 14.6187 )
00000892: 12.9852   (Y': 12.6743   Cb: 12.8876   Cr: 14.657  )
00000893: 13.005    (Y': 12.6955   Cb: 12.9411   Cr: 14.6184 )
00000894: 12.8535   (Y': 12.5019   Cb: 12.8882   Cr: 14.5886 )
00000895: 12.9038   (Y': 12.5657   Cb: 12.8495   Cr: 14.6847 )
00000896: 12.9143   (Y': 12.5807   Cb: 12.8598   Cr: 14.6664 )
00000897: 12.8633   (Y': 12.5127   Cb: 12.8714   Cr: 14.6313 )
00000898: 12.8989   (Y': 12.5731   Cb: 12.8492   Cr: 14.5932 )
00000899: 12.8776   (Y': 12.5238   Cb: 12.8843   Cr: 14.6693 )
00000900: 12.9372   (Y': 12.5837   Cb: 12.979    Cr: 14.6742 )
00000902: 12.9244   (Y': 12.5831   Cb: 12.894    Cr: 14.6897 )
00000901: 12.9212   (Y': 12.5812   Cb: 12.9253   Cr: 14.6267 )
00000903: 12.9321   (Y': 12.5838   Cb: 12.9095   Cr: 14.7318 )
00000904: 12.9035   (Y': 12.5404   Cb: 12.9465   Cr: 14.7009 )
00000905: 12.9488   (Y': 12.611    Cb: 12.9326   Cr: 14.6711 )
00000906: 13.018    (Y': 12.703    Cb: 12.8769   Cr: 14.7826 )
00000907: 13.0205   (Y': 12.7048   Cb: 12.9549   Cr: 14.6752 )
00000908: 13.0622   (Y': 12.7342   Cb: 12.9761   Cr: 14.8264 )
00000909: 13.1216   (Y': 12.7977   Cb: 13.0331   Cr: 14.863  )
00000910: 13.1586   (Y': 12.8728   Cb: 12.9754   Cr: 14.8031 )
00000911: 13.173    (Y': 12.8738   Cb: 13.0167   Cr: 14.8602 )
00000912: 13.1413   (Y': 12.8343   Cb: 13.0235   Cr: 14.8196 )
00000913: 13.0866   (Y': 12.761    Cb: 12.9941   Cr: 14.8452 )
00000914: 13.1407   (Y': 12.8429   Cb: 12.9837   Cr: 14.8204 )
00000915: 13.0201   (Y': 12.6607   Cb: 12.9783   Cr: 14.9227 )
00000916: 12.9818   (Y': 12.6306   Cb: 12.9451   Cr: 14.822  )
00000918: 12.9587   (Y': 12.5578   Cb: 13.0785   Cr: 14.8944 )
00000917: 12.9166   (Y': 12.5144   Cb: 13.0358   Cr: 14.8624 )
00000919: 12.9424   (Y': 12.5569   Cb: 13.0359   Cr: 14.8129 )
00000920: 14.1314   (Y': 14.0278   Cb: 13.4768   Cr: 15.4345 )
00000921: 14.6578   (Y': 14.5751   Cb: 13.9131   Cr: 15.9886 )
00000922: 14.5901   (Y': 14.4985   Cb: 13.8817   Cr: 15.9121 )
00000923: 13.8714   (Y': 13.7076   Cb: 13.3977   Cr: 15.2323 )
00000924: 13.6207   (Y': 13.3859   Cb: 13.2423   Cr: 15.2526 )
00000925: 13.1302   (Y': 12.78     Cb: 13.0635   Cr: 15.0107 )
00000926: 13.149    (Y': 12.828    Cb: 13.0361   Cr: 14.9087 )
00000927: 12.9745   (Y': 12.5961   Cb: 13.0034   Cr: 14.8959 )
00000928: 12.9084   (Y': 12.5157   Cb: 12.9646   Cr: 14.8855 )
00000929: 12.9182   (Y': 12.4989   Cb: 13.0781   Cr: 14.9193 )
00000930: 12.9282   (Y': 12.524    Cb: 13.0316   Cr: 14.9116 )
00000931: 12.9043   (Y': 12.5107   Cb: 12.9719   Cr: 14.8695 )
00000932: 12.9451   (Y': 12.5493   Cb: 13.0514   Cr: 14.8661 )
00000933: 12.9887   (Y': 12.5955   Cb: 13.0696   Cr: 14.9309 )
00000934: 13.0103   (Y': 12.6403   Cb: 12.9896   Cr: 14.9518 )
00000935: 12.9974   (Y': 12.6306   Cb: 13.0012   Cr: 14.8792 )
00000936: 13.029    (Y': 12.6799   Cb: 12.9924   Cr: 14.8549 )
00000937: 12.8678   (Y': 12.4501   Cb: 12.9871   Cr: 14.9208 )
00000939: 12.8463   (Y': 12.4388   Cb: 12.9678   Cr: 14.8252 )
00000938: 12.8779   (Y': 12.4727   Cb: 12.9739   Cr: 14.8794 )
00000940: 12.8369   (Y': 12.4333   Cb: 12.9051   Cr: 14.8706 )
00000942: 12.9114   (Y': 12.503    Cb: 13.015    Cr: 14.9241 )
00000941: 12.8147   (Y': 12.4135   Cb: 12.9133   Cr: 14.7848 )
00000943: 12.9041   (Y': 12.5135   Cb: 12.964    Cr: 14.8614 )
Total: 13.0193   (Y': 12.6507   Cb: 13.0268   Cr: 14.9081 )
