00000000: 31.3193   (Y': 40.8341   Cb: 26.8846   Cr: 26.8846 )
00000002: 11.5163   (Y': 10.7696   Cb: 12.7868   Cr: 14.4983 )
00000001: 11.5982   (Y': 10.8559   Cb: 12.8718   Cr: 14.5349 )
00000004: 11.5013   (Y': 10.738    Cb: 12.8181   Cr: 14.5728 )
00000003: 11.5272   (Y': 10.7796   Cb: 12.7871   Cr: 14.5338 )
00000005: 11.5509   (Y': 10.8123   Cb: 12.7826   Cr: 14.5137 )
00000006: 11.4846   (Y': 10.7252   Cb: 12.8206   Cr: 14.4897 )
00000007: 11.569    (Y': 10.818    Cb: 12.8682   Cr: 14.549  )
00000008: 11.4938   (Y': 10.7296   Cb: 12.8097   Cr: 14.5751 )
00000009: 11.5165   (Y': 10.7646   Cb: 12.8195   Cr: 14.4993 )
00000010: 11.5176   (Y': 10.7616   Cb: 12.7955   Cr: 14.5777 )
00000011: 11.5763   (Y': 10.8406   Cb: 12.7933   Cr: 14.5352 )
00000012: 11.5276   (Y': 10.7796   Cb: 12.7624   Cr: 14.5761 )
00000014: 11.4969   (Y': 10.7384   Cb: 12.8288   Cr: 14.5005 )
00000013: 11.5622   (Y': 10.8395   Cb: 12.7061   Cr: 14.5092 )
00000015: 11.4953   (Y': 10.738    Cb: 12.7981   Cr: 14.5302 )
00000016: 11.4568   (Y': 10.7067   Cb: 12.7268   Cr: 14.4728 )
00000019: 11.5097   (Y': 10.7649   Cb: 12.7481   Cr: 14.5213 )
00000017: 11.5604   (Y': 10.8177   Cb: 12.7818   Cr: 14.579  )
00000018: 11.4672   (Y': 10.7144   Cb: 12.706    Cr: 14.5549 )
00000020: 11.4502   (Y': 10.6937   Cb: 12.6946   Cr: 14.5661 )
00000021: 11.4905   (Y': 10.7355   Cb: 12.7605   Cr: 14.5522 )
00000023: 11.5183   (Y': 10.7709   Cb: 12.7349   Cr: 14.5889 )
00000022: 11.4373   (Y': 10.659    Cb: 12.7549   Cr: 14.6562 )
00000024: 11.5271   (Y': 10.7867   Cb: 12.7298   Cr: 14.5509 )
00000025: 11.4923   (Y': 10.7442   Cb: 12.7255   Cr: 14.5435 )
00000028: 11.5477   (Y': 10.8098   Cb: 12.7866   Cr: 14.4936 )
00000026: 11.3877   (Y': 10.6104   Cb: 12.7344   Cr: 14.5509 )
00000027: 11.512    (Y': 10.7719   Cb: 12.7171   Cr: 14.5297 )
00000029: 11.4661   (Y': 10.7133   Cb: 12.7103   Cr: 14.5458 )
00000030: 11.4713   (Y': 10.7287   Cb: 12.6881   Cr: 14.496  )
00000031: 11.4752   (Y': 10.7139   Cb: 12.7686   Cr: 14.5627 )
00000032: 11.5072   (Y': 10.7593   Cb: 12.7554   Cr: 14.5344 )
00000033: 11.512    (Y': 10.7704   Cb: 12.7285   Cr: 14.527  )
00000034: 11.526    (Y': 10.7814   Cb: 12.784    Cr: 14.506  )
00000035: 11.5311   (Y': 10.7821   Cb: 12.7723   Cr: 14.5794 )
00000036: 11.5029   (Y': 10.7712   Cb: 12.7045   Cr: 14.4464 )
00000037: 11.5129   (Y': 10.7836   Cb: 12.7164   Cr: 14.4319 )
00000038: 11.5522   (Y': 10.8237   Cb: 12.7546   Cr: 14.4658 )
00000039: 11.4711   (Y': 10.7196   Cb: 12.7237   Cr: 14.5258 )
00000040: 11.4993   (Y': 10.7493   Cb: 12.7619   Cr: 14.5251 )
00000041: 11.5233   (Y': 10.7786   Cb: 12.8039   Cr: 14.4716 )
00000043: 11.4952   (Y': 10.7631   Cb: 12.693    Cr: 14.449  )
00000042: 11.5371   (Y': 10.7987   Cb: 12.7854   Cr: 14.4747 )
00000044: 11.4729   (Y': 10.7219   Cb: 12.7336   Cr: 14.5112 )
00000045: 11.5704   (Y': 10.8414   Cb: 12.7438   Cr: 14.5313 )
00000046: 11.4427   (Y': 10.6792   Cb: 12.767    Cr: 14.5053 )
00000047: 11.4275   (Y': 10.675    Cb: 12.6998   Cr: 14.4616 )
00000048: 11.4873   (Y': 10.756    Cb: 12.6386   Cr: 14.5034 )
00000049: 11.4935   (Y': 10.7544   Cb: 12.7315   Cr: 14.4527 )
00000050: 11.4659   (Y': 10.7227   Cb: 12.7104   Cr: 14.4537 )
00000051: 11.4709   (Y': 10.729    Cb: 12.7069   Cr: 14.4601 )
00000052: 11.524    (Y': 10.8173   Cb: 12.5372   Cr: 14.5236 )
00000053: 11.5059   (Y': 10.7661   Cb: 12.7532   Cr: 14.4575 )
00000055: 11.4698   (Y': 10.7334   Cb: 12.6944   Cr: 14.4239 )
00000054: 11.5319   (Y': 10.814    Cb: 12.6834   Cr: 14.4224 )
00000056: 11.5485   (Y': 10.8183   Cb: 12.7783   Cr: 14.4365 )
00000057: 11.6347   (Y': 10.9145   Cb: 12.7538   Cr: 14.5966 )
00000059: 11.6499   (Y': 10.9342   Cb: 12.7381   Cr: 14.6177 )
00000058: 11.6564   (Y': 10.9522   Cb: 12.7144   Cr: 14.5631 )
00000060: 11.6565   (Y': 10.9632   Cb: 12.6995   Cr: 14.4871 )
00000061: 11.5926   (Y': 10.9031   Cb: 12.6225   Cr: 14.4082 )
00000062: 11.6252   (Y': 10.9293   Cb: 12.6908   Cr: 14.4454 )
00000063: 11.6701   (Y': 10.9863   Cb: 12.6925   Cr: 14.446  )
00000064: 11.5507   (Y': 10.848    Cb: 12.6597   Cr: 14.3665 )
00000065: 11.5614   (Y': 10.8441   Cb: 12.716    Cr: 14.4424 )
00000066: 11.5047   (Y': 10.7904   Cb: 12.6285   Cr: 14.4038 )
00000067: 11.4714   (Y': 10.752    Cb: 12.6534   Cr: 14.3308 )
00000068: 11.6014   (Y': 10.8953   Cb: 12.7442   Cr: 14.3981 )
00000069: 11.5004   (Y': 10.7704   Cb: 12.7293   Cr: 14.3877 )
00000070: 11.5294   (Y': 10.8189   Cb: 12.6336   Cr: 14.424  )
00000071: 11.4882   (Y': 10.7686   Cb: 12.6658   Cr: 14.3564 )
00000072: 11.4886   (Y': 10.7461   Cb: 12.7355   Cr: 14.4659 )
00000073: 11.4641   (Y': 10.7324   Cb: 12.6967   Cr: 14.3625 )
00000074: 11.5261   (Y': 10.7901   Cb: 12.7513   Cr: 14.4751 )
00000075: 11.5089   (Y': 10.7859   Cb: 12.6677   Cr: 14.4364 )
00000076: 11.4883   (Y': 10.7695   Cb: 12.6168   Cr: 14.4228 )
00000077: 11.5151   (Y': 10.803    Cb: 12.624    Cr: 14.4165 )
00000079: 11.5798   (Y': 10.8624   Cb: 12.7595   Cr: 14.4252 )
00000078: 11.6598   (Y': 10.9615   Cb: 12.7178   Cr: 14.5128 )
00000080: 11.5215   (Y': 10.819    Cb: 12.6064   Cr: 14.3715 )
00000082: 11.6828   (Y': 10.9924   Cb: 12.7067   Cr: 14.5161 )
00000081: 11.461    (Y': 10.7177   Cb: 12.7035   Cr: 14.4525 )
00000083: 11.5374   (Y': 10.8172   Cb: 12.6395   Cr: 14.5252 )
00000084: 11.5477   (Y': 10.8313   Cb: 12.64     Cr: 14.5155 )
00000085: 11.5034   (Y': 10.7774   Cb: 12.6891   Cr: 14.4184 )
00000087: 11.5013   (Y': 10.7842   Cb: 12.6648   Cr: 14.3671 )
00000086: 11.5073   (Y': 10.7925   Cb: 12.6115   Cr: 14.4409 )
00000088: 11.3911   (Y': 10.6373   Cb: 12.6911   Cr: 14.396  )
00000089: 11.5243   (Y': 10.8015   Cb: 12.7053   Cr: 14.417  )
00000091: 11.4791   (Y': 10.7454   Cb: 12.6908   Cr: 14.4263 )
00000090: 11.504    (Y': 10.7918   Cb: 12.607    Cr: 14.4151 )
00000092: 11.54     (Y': 10.8192   Cb: 12.7291   Cr: 14.4016 )
00000093: 11.5071   (Y': 10.79     Cb: 12.6865   Cr: 14.3492 )
00000094: 11.4732   (Y': 10.7387   Cb: 12.6898   Cr: 14.4213 )
00000095: 11.5667   (Y': 10.8516   Cb: 12.685    Cr: 14.482  )
00000096: 11.5543   (Y': 10.8357   Cb: 12.7118   Cr: 14.4431 )
00000098: 11.4944   (Y': 10.7723   Cb: 12.6336   Cr: 14.4432 )
00000097: 11.5215   (Y': 10.8112   Cb: 12.6063   Cr: 14.4425 )
00000099: 11.5491   (Y': 10.8319   Cb: 12.7035   Cr: 14.4293 )
00000100: 11.4959   (Y': 10.7799   Cb: 12.6407   Cr: 14.3793 )
00000101: 11.4932   (Y': 10.781    Cb: 12.6081   Cr: 14.3868 )
00000102: 11.5247   (Y': 10.8182   Cb: 12.6431   Cr: 14.3614 )
00000103: 11.4711   (Y': 10.7405   Cb: 12.6934   Cr: 14.3744 )
00000104: 11.4928   (Y': 10.7854   Cb: 12.5893   Cr: 14.3697 )
00000105: 11.4476   (Y': 10.7249   Cb: 12.6234   Cr: 14.3465 )
00000107: 11.4998   (Y': 10.7815   Cb: 12.6316   Cr: 14.4243 )
00000106: 11.5089   (Y': 10.7934   Cb: 12.6506   Cr: 14.3929 )
00000108: 11.4302   (Y': 10.6916   Cb: 12.6416   Cr: 14.424  )
00000109: 11.499    (Y': 10.7902   Cb: 12.6322   Cr: 14.3344 )
00000111: 11.5054   (Y': 10.7902   Cb: 12.6732   Cr: 14.348  )
00000110: 11.4995   (Y': 10.785    Cb: 12.6091   Cr: 14.4233 )
00000112: 11.5409   (Y': 10.8471   Cb: 12.5812   Cr: 14.3796 )
00000113: 11.6085   (Y': 10.9321   Cb: 12.6139   Cr: 14.3449 )
00000114: 11.6089   (Y': 10.9181   Cb: 12.6757   Cr: 14.3815 )
00000115: 11.6063   (Y': 10.907    Cb: 12.7428   Cr: 14.3519 )
00000116: 11.5134   (Y': 10.8176   Cb: 12.6002   Cr: 14.3011 )
00000117: 11.552    (Y': 10.8576   Cb: 12.6144   Cr: 14.3633 )
00000119: 11.5355   (Y': 10.8358   Cb: 12.6547   Cr: 14.3096 )
00000118: 11.5133   (Y': 10.8086   Cb: 12.6258   Cr: 14.342  )
00000120: 11.4922   (Y': 10.7799   Cb: 12.6142   Cr: 14.3771 )
00000121: 11.5287   (Y': 10.8374   Cb: 12.5503   Cr: 14.3732 )
00000123: 11.5561   (Y': 10.8506   Cb: 12.6611   Cr: 14.4041 )
00000122: 11.5057   (Y': 10.8163   Cb: 12.5551   Cr: 14.2923 )
00000124: 11.476    (Y': 10.7657   Cb: 12.5769   Cr: 14.3738 )
00000125: 11.5271   (Y': 10.8196   Cb: 12.6489   Cr: 14.368  )
00000127: 11.6006   (Y': 10.9245   Cb: 12.5989   Cr: 14.3445 )
00000126: 11.4873   (Y': 10.7773   Cb: 12.5865   Cr: 14.3849 )
00000128: 11.4803   (Y': 10.7884   Cb: 12.5366   Cr: 14.2789 )
00000129: 11.568    (Y': 10.8875   Cb: 12.584    Cr: 14.3255 )
00000131: 11.5508   (Y': 10.8561   Cb: 12.6419   Cr: 14.322  )
00000130: 11.4676   (Y': 10.7583   Cb: 12.6221   Cr: 14.2764 )
00000132: 11.5099   (Y': 10.8147   Cb: 12.5661   Cr: 14.3372 )
00000133: 11.5033   (Y': 10.8038   Cb: 12.5663   Cr: 14.3592 )
00000134: 11.5383   (Y': 10.842    Cb: 12.5922   Cr: 14.3792 )
00000135: 11.533    (Y': 10.8311   Cb: 12.6448   Cr: 14.3379 )
00000136: 11.5502   (Y': 10.8481   Cb: 12.6471   Cr: 14.3785 )
00000137: 11.4824   (Y': 10.7788   Cb: 12.5761   Cr: 14.3294 )
00000138: 11.5556   (Y': 10.8586   Cb: 12.6179   Cr: 14.3908 )
00000139: 11.5426   (Y': 10.8483   Cb: 12.5879   Cr: 14.3782 )
00000140: 11.5678   (Y': 10.8697   Cb: 12.6881   Cr: 14.3258 )
00000141: 11.5547   (Y': 10.8478   Cb: 12.6812   Cr: 14.3823 )
00000143: 11.4688   (Y': 10.7644   Cb: 12.5536   Cr: 14.3366 )
00000142: 11.5433   (Y': 10.8568   Cb: 12.5688   Cr: 14.3399 )
00000144: 11.5615   (Y': 10.867    Cb: 12.6274   Cr: 14.3684 )
00000145: 11.535    (Y': 10.8403   Cb: 12.6102   Cr: 14.3296 )
00000147: 11.5036   (Y': 10.8075   Cb: 12.5938   Cr: 14.2885 )
00000146: 11.5488   (Y': 10.8433   Cb: 12.6483   Cr: 14.4039 )
00000148: 11.5777   (Y': 10.8908   Cb: 12.6052   Cr: 14.3739 )
00000149: 11.5475   (Y': 10.8501   Cb: 12.5999   Cr: 14.4014 )
00000150: 11.5123   (Y': 10.8204   Cb: 12.5557   Cr: 14.3293 )
00000151: 11.4994   (Y': 10.798    Cb: 12.5684   Cr: 14.3634 )
00000152: 11.5579   (Y': 10.8711   Cb: 12.6011   Cr: 14.3298 )
00000153: 11.4779   (Y': 10.7589   Cb: 12.6615   Cr: 14.3315 )
00000155: 11.5463   (Y': 10.8568   Cb: 12.6087   Cr: 14.3136 )
00000154: 11.5408   (Y': 10.8336   Cb: 12.6115   Cr: 14.4556 )
00000156: 11.5342   (Y': 10.8386   Cb: 12.6048   Cr: 14.3443 )
00000157: 11.5537   (Y': 10.8612   Cb: 12.5982   Cr: 14.3755 )
00000159: 11.4865   (Y': 10.7707   Cb: 12.6482   Cr: 14.343  )
00000158: 11.5336   (Y': 10.8428   Cb: 12.6253   Cr: 14.2695 )
00000160: 11.4971   (Y': 10.7907   Cb: 12.641    Cr: 14.2946 )
00000161: 11.4978   (Y': 10.7848   Cb: 12.6424   Cr: 14.3547 )
00000163: 11.5268   (Y': 10.8172   Cb: 12.6446   Cr: 14.3924 )
00000162: 11.4776   (Y': 10.7621   Cb: 12.6263   Cr: 14.351  )
00000165: 11.4937   (Y': 10.7782   Cb: 12.6136   Cr: 14.4104 )
00000164: 11.5487   (Y': 10.8517   Cb: 12.6691   Cr: 14.2977 )
00000166: 11.5142   (Y': 10.8049   Cb: 12.6166   Cr: 14.4008 )
00000167: 11.5057   (Y': 10.7939   Cb: 12.6486   Cr: 14.3531 )
00000168: 11.4646   (Y': 10.7543   Cb: 12.5679   Cr: 14.3586 )
00000169: 11.5118   (Y': 10.8055   Cb: 12.6361   Cr: 14.3375 )
00000170: 11.5122   (Y': 10.8131   Cb: 12.6235   Cr: 14.2922 )
00000171: 11.5354   (Y': 10.8412   Cb: 12.6447   Cr: 14.2756 )
00000172: 11.54     (Y': 10.8365   Cb: 12.6604   Cr: 14.3469 )
00000173: 11.5819   (Y': 10.8831   Cb: 12.7057   Cr: 14.342  )
00000174: 11.5719   (Y': 10.8802   Cb: 12.6476   Cr: 14.3392 )
00000175: 11.5079   (Y': 10.7829   Cb: 12.6989   Cr: 14.4063 )
00000176: 11.5236   (Y': 10.8172   Cb: 12.6321   Cr: 14.3746 )
00000177: 11.5056   (Y': 10.8001   Cb: 12.6147   Cr: 14.347  )
00000178: 11.539    (Y': 10.8363   Cb: 12.6582   Cr: 14.3396 )
00000179: 11.5194   (Y': 10.816    Cb: 12.6311   Cr: 14.3381 )
00000180: 11.5283   (Y': 10.8096   Cb: 12.7003   Cr: 14.3966 )
00000182: 11.4754   (Y': 10.7529   Cb: 12.6263   Cr: 14.4094 )
00000181: 11.5496   (Y': 10.8479   Cb: 12.6352   Cr: 14.391  )
00000183: 11.5262   (Y': 10.8313   Cb: 12.61     Cr: 14.3101 )
00000184: 11.606    (Y': 10.9134   Cb: 12.6664   Cr: 14.4038 )
00000185: 11.5957   (Y': 10.8995   Cb: 12.6956   Cr: 14.367  )
00000186: 11.5806   (Y': 10.8757   Cb: 12.695    Cr: 14.4088 )
00000187: 11.5501   (Y': 10.8574   Cb: 12.55     Cr: 14.4413 )
00000188: 11.446    (Y': 10.7148   Cb: 12.6237   Cr: 14.4217 )
00000189: 11.4851   (Y': 10.7565   Cb: 12.6838   Cr: 14.405  )
00000191: 11.5239   (Y': 10.8162   Cb: 12.6386   Cr: 14.3769 )
00000190: 11.5888   (Y': 10.9044   Cb: 12.6048   Cr: 14.3804 )
00000192: 11.5877   (Y': 10.8766   Cb: 12.6962   Cr: 14.482  )
00000193: 11.5497   (Y': 10.8305   Cb: 12.7009   Cr: 14.4535 )
00000194: 11.6323   (Y': 10.9586   Cb: 12.6012   Cr: 14.3992 )
00000195: 11.5854   (Y': 10.8879   Cb: 12.6683   Cr: 14.394  )
00000196: 11.5513   (Y': 10.8424   Cb: 12.6932   Cr: 14.3754 )
00000197: 11.541    (Y': 10.8347   Cb: 12.6201   Cr: 14.4343 )
00000198: 11.5623   (Y': 10.8509   Cb: 12.7013   Cr: 14.4121 )
00000199: 11.5104   (Y': 10.7978   Cb: 12.62     Cr: 14.4156 )
00000200: 11.4968   (Y': 10.769    Cb: 12.682    Cr: 14.4292 )
00000201: 11.5763   (Y': 10.8793   Cb: 12.6359   Cr: 14.4142 )
00000202: 11.4755   (Y': 10.7603   Cb: 12.5972   Cr: 14.3867 )
00000203: 11.561    (Y': 10.8732   Cb: 12.6067   Cr: 14.3379 )
00000204: 11.5373   (Y': 10.8435   Cb: 12.6203   Cr: 14.3124 )
00000205: 11.5803   (Y': 10.8812   Cb: 12.6443   Cr: 14.4312 )
00000206: 11.5499   (Y': 10.8503   Cb: 12.6354   Cr: 14.3728 )
00000207: 11.5412   (Y': 10.842    Cb: 12.6063   Cr: 14.3918 )
00000208: 11.5325   (Y': 10.8299   Cb: 12.6095   Cr: 14.3951 )
00000209: 11.5262   (Y': 10.8107   Cb: 12.6601   Cr: 14.4215 )
00000210: 11.6182   (Y': 10.9423   Cb: 12.6124   Cr: 14.3668 )
00000211: 11.6089   (Y': 10.9197   Cb: 12.6283   Cr: 14.4386 )
00000212: 11.5803   (Y': 10.8776   Cb: 12.6938   Cr: 14.3902 )
00000213: 11.6081   (Y': 10.9221   Cb: 12.6704   Cr: 14.3445 )
00000214: 11.608    (Y': 10.9341   Cb: 12.5979   Cr: 14.3451 )
00000215: 11.57     (Y': 10.8832   Cb: 12.5778   Cr: 14.3956 )
00000216: 11.5895   (Y': 10.9033   Cb: 12.5953   Cr: 14.4118 )
00000217: 11.5463   (Y': 10.8517   Cb: 12.6117   Cr: 14.3552 )
00000218: 11.5801   (Y': 10.895    Cb: 12.5841   Cr: 14.3955 )
00000219: 11.5191   (Y': 10.7975   Cb: 12.691    Cr: 14.4141 )
00000220: 11.6057   (Y': 10.9116   Cb: 12.6715   Cr: 14.4088 )
00000221: 11.5575   (Y': 10.8623   Cb: 12.641    Cr: 14.3439 )
00000222: 11.4961   (Y': 10.7836   Cb: 12.6026   Cr: 14.4056 )
00000223: 11.5789   (Y': 10.873    Cb: 12.7066   Cr: 14.3968 )
00000224: 11.6392   (Y': 10.9562   Cb: 12.707    Cr: 14.3411 )
00000226: 11.6088   (Y': 10.9216   Cb: 12.6407   Cr: 14.4005 )
00000225: 11.5175   (Y': 10.8069   Cb: 12.6438   Cr: 14.3787 )
00000227: 11.5887   (Y': 10.8823   Cb: 12.6396   Cr: 14.5267 )
00000228: 11.6131   (Y': 10.9202   Cb: 12.6458   Cr: 14.4556 )
00000229: 11.5846   (Y': 10.8977   Cb: 12.5778   Cr: 14.4335 )
00000230: 11.5615   (Y': 10.8755   Cb: 12.5625   Cr: 14.3898 )
00000231: 11.6492   (Y': 10.954    Cb: 12.7022   Cr: 14.4819 )
00000232: 11.5874   (Y': 10.8941   Cb: 12.6313   Cr: 14.4166 )
00000233: 11.5513   (Y': 10.8447   Cb: 12.6814   Cr: 14.3717 )
00000234: 11.573    (Y': 10.8738   Cb: 12.6168   Cr: 14.4561 )
00000235: 11.5136   (Y': 10.8001   Cb: 12.5714   Cr: 14.507  )
00000236: 11.519    (Y': 10.7955   Cb: 12.6845   Cr: 14.4418 )
00000237: 11.516    (Y': 10.82     Cb: 12.5777   Cr: 14.3421 )
00000238: 11.5329   (Y': 10.8284   Cb: 12.5854   Cr: 14.4501 )
00000239: 11.589    (Y': 10.8887   Cb: 12.669    Cr: 14.4268 )
00000240: 11.5636   (Y': 10.8566   Cb: 12.6164   Cr: 14.5032 )
00000242: 11.5515   (Y': 10.8289   Cb: 12.6796   Cr: 14.5209 )
00000241: 11.5327   (Y': 10.8316   Cb: 12.617    Cr: 14.371  )
00000243: 11.5394   (Y': 10.838    Cb: 12.6187   Cr: 14.3878 )
00000244: 11.5997   (Y': 10.9062   Cb: 12.6314   Cr: 14.449  )
00000245: 11.5774   (Y': 10.8826   Cb: 12.6318   Cr: 14.4038 )
00000246: 11.5491   (Y': 10.8538   Cb: 12.5927   Cr: 14.3967 )
00000247: 11.6072   (Y': 10.91     Cb: 12.6746   Cr: 14.4359 )
00000248: 11.5791   (Y': 10.8769   Cb: 12.669    Cr: 14.4198 )
00000250: 11.571    (Y': 10.8712   Cb: 12.6218   Cr: 14.449  )
00000249: 11.5284   (Y': 10.8028   Cb: 12.6951   Cr: 14.4688 )
00000251: 11.6005   (Y': 10.8994   Cb: 12.697    Cr: 14.4207 )
00000252: 11.6077   (Y': 10.9128   Cb: 12.671    Cr: 14.4219 )
00000253: 11.5325   (Y': 10.8249   Cb: 12.6552   Cr: 14.3722 )
00000254: 11.5729   (Y': 10.884    Cb: 12.6152   Cr: 14.3647 )
00000255: 11.5723   (Y': 10.8686   Cb: 12.6492   Cr: 14.4455 )
00000256: 11.5319   (Y': 10.8121   Cb: 12.6603   Cr: 14.4749 )
00000257: 11.6079   (Y': 10.8946   Cb: 12.7406   Cr: 14.4852 )
00000258: 11.5256   (Y': 10.8177   Cb: 12.6474   Cr: 14.3699 )
00000259: 11.6111   (Y': 10.9256   Cb: 12.6327   Cr: 14.4039 )
00000260: 11.5772   (Y': 10.9001   Cb: 12.5619   Cr: 14.3508 )
00000261: 11.5709   (Y': 10.8745   Cb: 12.6321   Cr: 14.4015 )
00000262: 11.573    (Y': 10.8724   Cb: 12.6132   Cr: 14.4741 )
00000263: 11.6426   (Y': 10.9689   Cb: 12.6549   Cr: 14.3451 )
00000264: 11.5517   (Y': 10.8542   Cb: 12.6014   Cr: 14.4105 )
00000265: 11.5271   (Y': 10.8189   Cb: 12.6744   Cr: 14.3367 )
00000266: 11.561    (Y': 10.8676   Cb: 12.6195   Cr: 14.3684 )
00000267: 11.5136   (Y': 10.8079   Cb: 12.5973   Cr: 14.3947 )
00000268: 11.5986   (Y': 10.9179   Cb: 12.6152   Cr: 14.3562 )
00000269: 11.5284   (Y': 10.816    Cb: 12.6335   Cr: 14.4385 )
00000270: 11.5556   (Y': 10.8672   Cb: 12.5923   Cr: 14.3521 )
00000271: 11.5447   (Y': 10.8539   Cb: 12.5745   Cr: 14.3718 )
00000272: 11.5461   (Y': 10.8383   Cb: 12.6521   Cr: 14.4131 )
00000273: 11.5702   (Y': 10.8789   Cb: 12.6217   Cr: 14.3704 )
00000274: 11.5112   (Y': 10.8127   Cb: 12.5837   Cr: 14.3449 )
00000275: 11.5086   (Y': 10.8019   Cb: 12.6147   Cr: 14.3645 )
00000276: 11.5717   (Y': 10.887    Cb: 12.6219   Cr: 14.3153 )
00000277: 11.4641   (Y': 10.7514   Cb: 12.6122   Cr: 14.3121 )
00000278: 11.556    (Y': 10.8657   Cb: 12.6099   Cr: 14.3426 )
00000279: 11.5852   (Y': 10.9154   Cb: 12.5608   Cr: 14.3079 )
00000280: 11.5845   (Y': 10.9019   Cb: 12.6475   Cr: 14.2906 )
00000281: 11.5184   (Y': 10.8067   Cb: 12.6897   Cr: 14.3235 )
00000282: 11.5487   (Y': 10.8493   Cb: 12.6155   Cr: 14.3981 )
00000283: 11.4813   (Y': 10.7623   Cb: 12.6508   Cr: 14.3559 )
00000284: 11.4565   (Y': 10.7209   Cb: 12.7114   Cr: 14.3577 )
00000285: 11.5356   (Y': 10.8257   Cb: 12.6714   Cr: 14.3776 )
00000286: 11.4855   (Y': 10.7637   Cb: 12.6111   Cr: 14.4526 )
00000287: 11.5352   (Y': 10.8177   Cb: 12.6784   Cr: 14.4352 )
00000288: 11.6256   (Y': 10.9696   Cb: 12.5392   Cr: 14.3223 )
00000289: 11.6236   (Y': 10.9358   Cb: 12.6644   Cr: 14.4079 )
00000290: 11.5494   (Y': 10.8713   Cb: 12.5372   Cr: 14.3275 )
00000291: 11.6722   (Y': 11.0034   Cb: 12.6144   Cr: 14.4364 )
00000292: 11.6296   (Y': 10.9803   Cb: 12.5189   Cr: 14.3049 )
00000293: 11.4898   (Y': 10.8325   Cb: 12.4016   Cr: 14.2009 )
00000294: 11.6151   (Y': 10.9962   Cb: 12.3892   Cr: 14.2065 )
00000295: 11.4917   (Y': 10.82     Cb: 12.439    Cr: 14.2741 )
00000296: 11.5897   (Y': 10.9375   Cb: 12.4751   Cr: 14.2963 )
00000297: 11.6594   (Y': 11.0148   Cb: 12.5302   Cr: 14.3224 )
00000298: 11.6596   (Y': 11.0163   Cb: 12.5311   Cr: 14.3104 )
00000299: 11.5684   (Y': 10.9007   Cb: 12.564    Cr: 14.2434 )
00000300: 11.5859   (Y': 10.9192   Cb: 12.5621   Cr: 14.2806 )
00000301: 11.4964   (Y': 10.7915   Cb: 12.5472   Cr: 14.4206 )
00000302: 11.6495   (Y': 10.9742   Cb: 12.6595   Cr: 14.3701 )
00000303: 11.6664   (Y': 11.0194   Cb: 12.5171   Cr: 14.3808 )
00000304: 11.5643   (Y': 10.8796   Cb: 12.5635   Cr: 14.3843 )
00000306: 11.4948   (Y': 10.784    Cb: 12.6084   Cr: 14.3772 )
00000305: 11.5843   (Y': 10.9041   Cb: 12.5765   Cr: 14.3747 )
00000307: 11.497    (Y': 10.7712   Cb: 12.6702   Cr: 14.429  )
00000308: 11.5564   (Y': 10.8644   Cb: 12.5829   Cr: 14.3996 )
00000309: 11.5166   (Y': 10.813    Cb: 12.5979   Cr: 14.3825 )
00000310: 11.5763   (Y': 10.8926   Cb: 12.5733   Cr: 14.3903 )
00000311: 11.5653   (Y': 10.8684   Cb: 12.6464   Cr: 14.3705 )
00000312: 11.4823   (Y': 10.7459   Cb: 12.6788   Cr: 14.4782 )
00000313: 11.4966   (Y': 10.778    Cb: 12.6695   Cr: 14.3624 )
00000314: 11.5152   (Y': 10.8049   Cb: 12.6324   Cr: 14.3887 )
00000315: 11.4811   (Y': 10.762    Cb: 12.6155   Cr: 14.4088 )
00000316: 11.5639   (Y': 10.8555   Cb: 12.6698   Cr: 14.4367 )
00000317: 11.5866   (Y': 10.889    Cb: 12.673    Cr: 14.3907 )
00000318: 11.531    (Y': 10.832    Cb: 12.6512   Cr: 14.2979 )
00000319: 11.5697   (Y': 10.8739   Cb: 12.6222   Cr: 14.4076 )
00000320: 11.5674   (Y': 10.8595   Cb: 12.6861   Cr: 14.4167 )
00000322: 11.5767   (Y': 10.8761   Cb: 12.6924   Cr: 14.3638 )
00000321: 11.5748   (Y': 10.8829   Cb: 12.6319   Cr: 14.3721 )
00000323: 11.5235   (Y': 10.8385   Cb: 12.5076   Cr: 14.3686 )
00000324: 11.5364   (Y': 10.8328   Cb: 12.6035   Cr: 14.4237 )
00000325: 11.5358   (Y': 10.8373   Cb: 12.6022   Cr: 14.3772 )
00000326: 11.4991   (Y': 10.7834   Cb: 12.6065   Cr: 14.4372 )
00000327: 11.5374   (Y': 10.8409   Cb: 12.6042   Cr: 14.3603 )
00000328: 11.5277   (Y': 10.8296   Cb: 12.6052   Cr: 14.3499 )
00000330: 11.513    (Y': 10.8041   Cb: 12.6393   Cr: 14.3602 )
00000329: 11.5345   (Y': 10.8288   Cb: 12.6489   Cr: 14.3695 )
00000331: 11.5139   (Y': 10.7972   Cb: 12.6832   Cr: 14.3675 )
00000332: 11.5878   (Y': 10.908    Cb: 12.6218   Cr: 14.3112 )
00000333: 11.612    (Y': 10.9363   Cb: 12.6289   Cr: 14.3248 )
00000334: 11.6147   (Y': 10.9446   Cb: 12.5564   Cr: 14.3922 )
00000335: 11.6902   (Y': 11.0301   Cb: 12.6571   Cr: 14.3427 )
00000336: 11.6597   (Y': 11.0015   Cb: 12.576    Cr: 14.3712 )
00000337: 11.6259   (Y': 10.9775   Cb: 12.5188   Cr: 14.2869 )
00000338: 11.5547   (Y': 10.8803   Cb: 12.5563   Cr: 14.2799 )
00000339: 11.7327   (Y': 11.0811   Cb: 12.615    Cr: 14.4382 )
00000340: 11.6702   (Y': 11.001    Cb: 12.6509   Cr: 14.3802 )
00000341: 11.7503   (Y': 11.1043   Cb: 12.5705   Cr: 14.5029 )
00000342: 11.7836   (Y': 11.138    Cb: 12.6668   Cr: 14.4369 )
00000343: 11.713    (Y': 11.0508   Cb: 12.654    Cr: 14.4221 )
00000344: 11.6909   (Y': 11.0111   Cb: 12.6667   Cr: 14.502  )
00000345: 11.6807   (Y': 11.0067   Cb: 12.6016   Cr: 14.5246 )
00000346: 11.6883   (Y': 11.0221   Cb: 12.6154   Cr: 14.4533 )
00000347: 11.6185   (Y': 10.9494   Cb: 12.5885   Cr: 14.3441 )
00000348: 11.5607   (Y': 10.8689   Cb: 12.6542   Cr: 14.3023 )
00000350: 11.596    (Y': 10.9118   Cb: 12.5804   Cr: 14.4332 )
00000349: 11.5888   (Y': 10.9125   Cb: 12.5886   Cr: 14.3329 )
00000351: 11.6342   (Y': 10.9608   Cb: 12.6647   Cr: 14.3075 )
00000352: 11.6898   (Y': 11.0256   Cb: 12.6571   Cr: 14.3765 )
00000353: 11.7075   (Y': 11.0478   Cb: 12.6622   Cr: 14.3741 )
00000354: 11.6611   (Y': 10.9876   Cb: 12.64     Cr: 14.4118 )
00000355: 11.6234   (Y': 10.9358   Cb: 12.6746   Cr: 14.3906 )
00000356: 11.6298   (Y': 10.9365   Cb: 12.6835   Cr: 14.4438 )
00000357: 11.5074   (Y': 10.8146   Cb: 12.5509   Cr: 14.3331 )
00000358: 11.5997   (Y': 10.9143   Cb: 12.6257   Cr: 14.3853 )
00000359: 11.5361   (Y': 10.8156   Cb: 12.7051   Cr: 14.4252 )
00000360: 11.526    (Y': 10.8261   Cb: 12.6024   Cr: 14.3662 )
00000361: 11.5832   (Y': 10.9071   Cb: 12.5714   Cr: 14.3435 )
00000362: 11.5778   (Y': 10.8712   Cb: 12.6784   Cr: 14.4418 )
00000363: 11.5549   (Y': 10.8453   Cb: 12.7291   Cr: 14.3378 )
00000364: 11.6163   (Y': 10.9427   Cb: 12.5437   Cr: 14.4468 )
00000365: 11.4924   (Y': 10.7749   Cb: 12.6455   Cr: 14.3775 )
00000366: 11.5575   (Y': 10.8532   Cb: 12.6263   Cr: 14.4484 )
00000367: 11.5918   (Y': 10.8912   Cb: 12.6642   Cr: 14.4441 )
00000368: 11.5531   (Y': 10.855    Cb: 12.6116   Cr: 14.4028 )
00000369: 11.5114   (Y': 10.7951   Cb: 12.6475   Cr: 14.4118 )
00000370: 11.4874   (Y': 10.7639   Cb: 12.6266   Cr: 14.4491 )
00000371: 11.5582   (Y': 10.8626   Cb: 12.6126   Cr: 14.3925 )
00000372: 11.5353   (Y': 10.8391   Cb: 12.5953   Cr: 14.3657 )
00000373: 11.5254   (Y': 10.8271   Cb: 12.5676   Cr: 14.4019 )
00000374: 11.5758   (Y': 10.8632   Cb: 12.706    Cr: 14.4512 )
00000375: 11.6045   (Y': 10.9114   Cb: 12.6831   Cr: 14.3798 )
00000376: 11.7056   (Y': 11.0373   Cb: 12.6601   Cr: 14.4472 )
00000377: 11.7062   (Y': 11.0256   Cb: 12.7288   Cr: 14.4539 )
00000378: 11.7351   (Y': 11.0572   Cb: 12.7072   Cr: 14.5359 )
00000379: 11.759    (Y': 11.0905   Cb: 12.7089   Cr: 14.5088 )
00000380: 11.7725   (Y': 11.1018   Cb: 12.7258   Cr: 14.5374 )
00000381: 11.6799   (Y': 11.0077   Cb: 12.6811   Cr: 14.3854 )
00000382: 11.6197   (Y': 10.9289   Cb: 12.6241   Cr: 14.4852 )
00000383: 11.5813   (Y': 10.891    Cb: 12.5956   Cr: 14.4282 )
00000384: 11.6279   (Y': 10.9362   Cb: 12.6678   Cr: 14.4484 )
00000385: 11.659    (Y': 10.9678   Cb: 12.7083   Cr: 14.4618 )
00000386: 11.6395   (Y': 10.9477   Cb: 12.6734   Cr: 14.4699 )
00000387: 11.8736   (Y': 11.2281   Cb: 12.7583   Cr: 14.5231 )
00000388: 11.6915   (Y': 10.9929   Cb: 12.736    Cr: 14.5684 )
00000389: 11.6499   (Y': 10.9572   Cb: 12.6977   Cr: 14.4673 )
00000390: 12.4931   (Y': 11.9204   Cb: 13.0969   Cr: 14.9656 )
00000391: 13.1562   (Y': 12.6665   Cb: 13.5337   Cr: 15.3331 )
00000392: 13.1268   (Y': 12.6331   Cb: 13.5084   Cr: 15.3265 )
00000393: 12.3333   (Y': 11.737    Cb: 13.0659   Cr: 14.801  )
00000394: 11.8984   (Y': 11.2412   Cb: 12.8229   Cr: 14.5886 )
00000396: 11.6489   (Y': 10.9776   Cb: 12.6135   Cr: 14.4018 )
00000395: 11.7283   (Y': 11.0443   Cb: 12.7507   Cr: 14.5063 )
00000397: 11.5941   (Y': 10.899    Cb: 12.6649   Cr: 14.3996 )
00000398: 11.6075   (Y': 10.9231   Cb: 12.638    Cr: 14.3775 )
00000399: 11.6132   (Y': 10.923    Cb: 12.6365   Cr: 14.4451 )
00000400: 11.7207   (Y': 11.0639   Cb: 12.6664   Cr: 14.3756 )
00000401: 11.7523   (Y': 11.1034   Cb: 12.6585   Cr: 14.3986 )
00000402: 11.6596   (Y': 10.9658   Cb: 12.739    Cr: 14.4392 )
00000404: 11.619    (Y': 10.9287   Cb: 12.6545   Cr: 14.4331 )
00000403: 11.6748   (Y': 10.9887   Cb: 12.7243   Cr: 14.4311 )
00000405: 11.611    (Y': 10.9212   Cb: 12.6823   Cr: 14.3682 )
00000406: 11.6523   (Y': 10.9782   Cb: 12.655    Cr: 14.3728 )
00000407: 11.6838   (Y': 11.0073   Cb: 12.6669   Cr: 14.4544 )
00000408: 11.5824   (Y': 10.8982   Cb: 12.5868   Cr: 14.3893 )
00000409: 11.5234   (Y': 10.8327   Cb: 12.5649   Cr: 14.3317 )
00000410: 11.5213   (Y': 10.8238   Cb: 12.6081   Cr: 14.3241 )
00000411: 11.6003   (Y': 10.9169   Cb: 12.5551   Cr: 14.4764 )
00000412: 11.5803   (Y': 10.8925   Cb: 12.5954   Cr: 14.403  )
00000413: 11.551    (Y': 10.847    Cb: 12.66     Cr: 14.3786 )
00000414: 11.6227   (Y': 10.935    Cb: 12.6503   Cr: 14.4266 )
00000415: 11.566    (Y': 10.8648   Cb: 12.6594   Cr: 14.3919 )
00000416: 11.6847   (Y': 11.0118   Cb: 12.6641   Cr: 14.4292 )
00000417: 11.646    (Y': 10.9739   Cb: 12.6259   Cr: 14.3831 )
00000418: 11.6412   (Y': 10.9615   Cb: 12.6593   Cr: 14.3877 )
00000419: 11.6201   (Y': 10.9501   Cb: 12.6117   Cr: 14.3218 )
00000420: 11.5734   (Y': 10.8953   Cb: 12.6013   Cr: 14.2915 )
00000421: 11.5411   (Y': 10.864    Cb: 12.5556   Cr: 14.2708 )
00000422: 11.5488   (Y': 10.8679   Cb: 12.5981   Cr: 14.2597 )
00000423: 11.6447   (Y': 10.9793   Cb: 12.5879   Cr: 14.3783 )
00000424: 11.6257   (Y': 10.9608   Cb: 12.5985   Cr: 14.31   )
00000425: 11.6102   (Y': 10.9317   Cb: 12.6223   Cr: 14.3554 )
00000426: 11.6986   (Y': 11.028    Cb: 12.6969   Cr: 14.3947 )
00000427: 11.7199   (Y': 11.0756   Cb: 12.6231   Cr: 14.3316 )
00000428: 11.721    (Y': 11.0666   Cb: 12.633    Cr: 14.4067 )
00000429: 11.622    (Y': 10.9412   Cb: 12.6463   Cr: 14.369  )
00000431: 11.7743   (Y': 11.1231   Cb: 12.7175   Cr: 14.3854 )
00000430: 11.628    (Y': 10.9648   Cb: 12.5679   Cr: 14.3467 )
00000432: 11.6514   (Y': 10.9731   Cb: 12.6615   Cr: 14.3975 )
00000433: 11.703    (Y': 11.0448   Cb: 12.6272   Cr: 14.4022 )
00000434: 11.8046   (Y': 11.1457   Cb: 12.7358   Cr: 14.4993 )
00000435: 11.7503   (Y': 11.0991   Cb: 12.6631   Cr: 14.4066 )
00000436: 11.6257   (Y': 10.9458   Cb: 12.6186   Cr: 14.4125 )
00000437: 11.644    (Y': 10.9666   Cb: 12.6105   Cr: 14.4478 )
00000438: 11.6017   (Y': 10.9265   Cb: 12.5996   Cr: 14.3395 )
00000439: 11.6522   (Y': 10.9761   Cb: 12.6002   Cr: 14.4731 )
00000440: 11.6536   (Y': 10.9946   Cb: 12.5831   Cr: 14.3519 )
00000441: 11.7902   (Y': 11.1449   Cb: 12.716    Cr: 14.3768 )
00000442: 11.6343   (Y': 10.9352   Cb: 12.723    Cr: 14.449  )
00000443: 11.6803   (Y': 11.0228   Cb: 12.639    Cr: 14.3223 )
00000444: 11.7363   (Y': 11.0686   Cb: 12.7087   Cr: 14.4455 )
00000445: 11.5881   (Y': 10.8917   Cb: 12.6571   Cr: 14.4066 )
00000446: 11.6696   (Y': 10.9996   Cb: 12.6444   Cr: 14.3957 )
00000447: 11.7477   (Y': 11.0841   Cb: 12.6973   Cr: 14.456  )
00000448: 11.7512   (Y': 11.0936   Cb: 12.7236   Cr: 14.3733 )
00000449: 11.7122   (Y': 11.0428   Cb: 12.6787   Cr: 14.4447 )
00000450: 11.6347   (Y': 10.957    Cb: 12.6227   Cr: 14.409  )
00000451: 11.6618   (Y': 10.9747   Cb: 12.7295   Cr: 14.4004 )
00000452: 11.6283   (Y': 10.951    Cb: 12.6395   Cr: 14.3635 )
00000453: 11.7377   (Y': 11.0816   Cb: 12.6624   Cr: 14.4185 )
00000454: 11.5728   (Y': 10.8998   Cb: 12.5456   Cr: 14.3288 )
00000455: 11.7318   (Y': 11.0866   Cb: 12.638    Cr: 14.3467 )
00000456: 11.5435   (Y': 10.8454   Cb: 12.6128   Cr: 14.3777 )
00000457: 11.6169   (Y': 10.9293   Cb: 12.6828   Cr: 14.3624 )
00000458: 11.6422   (Y': 10.9813   Cb: 12.5837   Cr: 14.3389 )
00000459: 11.6701   (Y': 10.9941   Cb: 12.6309   Cr: 14.4705 )
00000460: 11.6103   (Y': 10.9368   Cb: 12.6115   Cr: 14.3272 )
00000461: 11.5814   (Y': 10.8962   Cb: 12.6209   Cr: 14.3437 )
00000462: 11.5632   (Y': 10.8768   Cb: 12.5569   Cr: 14.4056 )
00000463: 11.5933   (Y': 10.9042   Cb: 12.6805   Cr: 14.3215 )
00000464: 11.6076   (Y': 10.9234   Cb: 12.6781   Cr: 14.3159 )
00000465: 11.572    (Y': 10.8873   Cb: 12.5488   Cr: 14.4252 )
00000466: 11.6951   (Y': 11.0101   Cb: 12.7213   Cr: 14.4757 )
00000467: 11.7658   (Y': 11.0999   Cb: 12.6781   Cr: 14.5499 )
00000468: 11.7474   (Y': 11.076    Cb: 12.7266   Cr: 14.4791 )
00000469: 11.6164   (Y': 10.9321   Cb: 12.6248   Cr: 14.4183 )
00000470: 11.5336   (Y': 10.8167   Cb: 12.6708   Cr: 14.437  )
00000471: 11.5894   (Y': 10.8809   Cb: 12.6666   Cr: 14.506  )
00000472: 11.6159   (Y': 10.9259   Cb: 12.6281   Cr: 14.4629 )
00000474: 11.5325   (Y': 10.8257   Cb: 12.61     Cr: 14.4341 )
00000473: 11.5569   (Y': 10.8519   Cb: 12.6223   Cr: 14.4593 )
00000475: 11.4995   (Y': 10.7677   Cb: 12.6758   Cr: 14.4819 )
00000476: 11.4583   (Y': 10.7209   Cb: 12.6608   Cr: 14.4555 )
00000477: 11.5655   (Y': 10.8548   Cb: 12.6213   Cr: 14.5362 )
00000478: 11.5236   (Y': 10.8043   Cb: 12.6515   Cr: 14.4634 )
00000479: 11.6375   (Y': 10.9254   Cb: 12.7452   Cr: 14.5412 )
00000480: 11.6146   (Y': 10.9058   Cb: 12.7148   Cr: 14.4987 )
00000481: 11.655    (Y': 10.9348   Cb: 12.7933   Cr: 14.5876 )
00000482: 11.6301   (Y': 10.9206   Cb: 12.7016   Cr: 14.5643 )
00000483: 11.5537   (Y': 10.8351   Cb: 12.6909   Cr: 14.4721 )
00000484: 11.5899   (Y': 10.8874   Cb: 12.6752   Cr: 14.4405 )
00000485: 11.5506   (Y': 10.8365   Cb: 12.6889   Cr: 14.4266 )
00000486: 11.6886   (Y': 11.0076   Cb: 12.694    Cr: 14.4664 )
00000487: 11.655    (Y': 10.9514   Cb: 12.6859   Cr: 14.5979 )
00000488: 11.5706   (Y': 10.8561   Cb: 12.6958   Cr: 14.4707 )
00000489: 11.5822   (Y': 10.8679   Cb: 12.7378   Cr: 14.4337 )
00000490: 11.6529   (Y': 10.9587   Cb: 12.6642   Cr: 14.5403 )
00000491: 11.6413   (Y': 10.9258   Cb: 12.7661   Cr: 14.5504 )
00000492: 11.7733   (Y': 11.0911   Cb: 12.7581   Cr: 14.5922 )
00000493: 11.6389   (Y': 10.9488   Cb: 12.6568   Cr: 14.4786 )
00000494: 11.64     (Y': 10.9496   Cb: 12.6669   Cr: 14.4685 )
00000495: 11.6553   (Y': 10.979    Cb: 12.6275   Cr: 14.4412 )
00000496: 11.5491   (Y': 10.8591   Cb: 12.5782   Cr: 14.3706 )
00000497: 11.6553   (Y': 10.9845   Cb: 12.6455   Cr: 14.3654 )
00000498: 11.6896   (Y': 11.0284   Cb: 12.6329   Cr: 14.3864 )
00000499: 11.6148   (Y': 10.9446   Cb: 12.5666   Cr: 14.3767 )
00000500: 11.6843   (Y': 11.024    Cb: 12.6523   Cr: 14.3361 )
00000501: 11.687    (Y': 11.0227   Cb: 12.6305   Cr: 14.4103 )
00000502: 11.6497   (Y': 10.9841   Cb: 12.6028   Cr: 14.3698 )
00000503: 11.6808   (Y': 11.0006   Cb: 12.709    Cr: 14.4169 )
00000504: 11.6787   (Y': 10.991    Cb: 12.7396   Cr: 14.4332 )
00000505: 11.7121   (Y': 11.0365   Cb: 12.7181   Cr: 14.441  )
00000506: 11.7119   (Y': 11.0408   Cb: 12.6894   Cr: 14.4441 )
00000507: 11.6808   (Y': 10.9958   Cb: 12.7353   Cr: 14.4199 )
00000508: 11.6018   (Y': 10.9005   Cb: 12.6819   Cr: 14.4484 )
00000509: 11.6256   (Y': 10.939    Cb: 12.6578   Cr: 14.412  )
00000510: 11.616    (Y': 10.9089   Cb: 12.7237   Cr: 14.4731 )
00000511: 11.5455   (Y': 10.8309   Cb: 12.6659   Cr: 14.4524 )
00000512: 11.5951   (Y': 10.9068   Cb: 12.6575   Cr: 14.3515 )
00000513: 11.603    (Y': 10.9089   Cb: 12.6807   Cr: 14.3888 )
00000514: 11.5697   (Y': 10.8495   Cb: 12.7094   Cr: 14.5    )
00000515: 11.6124   (Y': 10.9226   Cb: 12.6691   Cr: 14.3911 )
00000516: 11.5205   (Y': 10.8019   Cb: 12.6868   Cr: 14.3961 )
00000518: 11.5755   (Y': 10.8659   Cb: 12.6953   Cr: 14.4379 )
00000517: 11.5846   (Y': 10.8795   Cb: 12.6848   Cr: 14.4363 )
00000519: 11.516    (Y': 10.8072   Cb: 12.6124   Cr: 14.4059 )
00000520: 11.5183   (Y': 10.8109   Cb: 12.6074   Cr: 14.4076 )
00000521: 11.5318   (Y': 10.8092   Cb: 12.7094   Cr: 14.4273 )
00000522: 11.6161   (Y': 10.9176   Cb: 12.7689   Cr: 14.3313 )
00000523: 11.5533   (Y': 10.8383   Cb: 12.6893   Cr: 14.4409 )
00000524: 11.5641   (Y': 10.8485   Cb: 12.7316   Cr: 14.4103 )
00000527: 11.6464   (Y': 10.9679   Cb: 12.6387   Cr: 14.4203 )
00000525: 11.5695   (Y': 10.8616   Cb: 12.6576   Cr: 14.4646 )
00000526: 11.5973   (Y': 10.9031   Cb: 12.6866   Cr: 14.3673 )
00000528: 11.6732   (Y': 10.988    Cb: 12.7105   Cr: 14.4397 )
00000529: 11.6511   (Y': 10.9637   Cb: 12.6986   Cr: 14.422  )
00000530: 11.6397   (Y': 10.9508   Cb: 12.6817   Cr: 14.4321 )
00000531: 11.6591   (Y': 10.9808   Cb: 12.6413   Cr: 14.4464 )
00000532: 11.6379   (Y': 10.9573   Cb: 12.6163   Cr: 14.452  )
00000533: 11.5868   (Y': 10.9094   Cb: 12.5672   Cr: 14.37   )
00000534: 11.635    (Y': 10.9591   Cb: 12.614    Cr: 14.4071 )
00000535: 11.601    (Y': 10.9125   Cb: 12.6414   Cr: 14.3927 )
00000536: 11.5844   (Y': 10.9051   Cb: 12.564    Cr: 14.3854 )
00000537: 11.5536   (Y': 10.8569   Cb: 12.5929   Cr: 14.4195 )
00000538: 11.561    (Y': 10.8596   Cb: 12.6228   Cr: 14.436  )
00000539: 11.5786   (Y': 10.8781   Cb: 12.6121   Cr: 14.4886 )
00000540: 11.6009   (Y': 10.9226   Cb: 12.563    Cr: 14.42   )
00000541: 11.5357   (Y': 10.8333   Cb: 12.6042   Cr: 14.4099 )
00000542: 11.552    (Y': 10.8472   Cb: 12.6734   Cr: 14.3691 )
00000543: 11.5678   (Y': 10.8696   Cb: 12.6393   Cr: 14.3987 )
00000544: 11.6551   (Y': 10.9685   Cb: 12.663    Cr: 14.4787 )
00000545: 11.5351   (Y': 10.8414   Cb: 12.5628   Cr: 14.3921 )
00000546: 11.6301   (Y': 10.9393   Cb: 12.6632   Cr: 14.4533 )
00000547: 11.544    (Y': 10.8473   Cb: 12.6328   Cr: 14.3361 )
00000548: 11.5595   (Y': 10.8675   Cb: 12.6001   Cr: 14.3817 )
00000549: 11.5509   (Y': 10.8602   Cb: 12.5755   Cr: 14.3856 )
00000550: 11.5901   (Y': 10.903    Cb: 12.584    Cr: 14.4383 )
00000551: 11.5258   (Y': 10.8288   Cb: 12.5712   Cr: 14.3865 )
00000552: 11.5635   (Y': 10.8707   Cb: 12.625    Cr: 14.3618 )
00000553: 11.5886   (Y': 10.9012   Cb: 12.6094   Cr: 14.3987 )
00000554: 11.5694   (Y': 10.8754   Cb: 12.6123   Cr: 14.4067 )
00000555: 11.6464   (Y': 10.9645   Cb: 12.678    Cr: 14.3924 )
00000556: 11.566    (Y': 10.8743   Cb: 12.6347   Cr: 14.3438 )
00000557: 11.611    (Y': 10.9371   Cb: 12.5908   Cr: 14.3643 )
00000558: 11.6512   (Y': 10.9816   Cb: 12.604    Cr: 14.4065 )
00000559: 11.5988   (Y': 10.9079   Cb: 12.6455   Cr: 14.4024 )
00000560: 11.6586   (Y': 10.9788   Cb: 12.692    Cr: 14.3826 )
00000561: 11.6993   (Y': 11.0315   Cb: 12.6286   Cr: 14.4744 )
00000562: 11.6304   (Y': 10.9508   Cb: 12.6164   Cr: 14.4245 )
00000563: 11.5892   (Y': 10.8963   Cb: 12.604    Cr: 14.4583 )
00000564: 11.6639   (Y': 10.9865   Cb: 12.6368   Cr: 14.4584 )
00000565: 11.6248   (Y': 10.9396   Cb: 12.6441   Cr: 14.4181 )
00000566: 11.5495   (Y': 10.8579   Cb: 12.5331   Cr: 14.456  )
00000567: 11.594    (Y': 10.8988   Cb: 12.6215   Cr: 14.4643 )
00000568: 11.5617   (Y': 10.8586   Cb: 12.6567   Cr: 14.4017 )
00000569: 11.6438   (Y': 10.9679   Cb: 12.6892   Cr: 14.3172 )
00000570: 11.5373   (Y': 10.8313   Cb: 12.672    Cr: 14.3455 )
00000571: 11.7148   (Y': 11.0494   Cb: 12.6702   Cr: 14.4301 )
00000572: 11.5496   (Y': 10.8451   Cb: 12.6312   Cr: 14.4241 )
00000573: 11.6042   (Y': 10.9149   Cb: 12.6629   Cr: 14.3749 )
00000574: 11.5741   (Y': 10.87     Cb: 12.6662   Cr: 14.4289 )
00000575: 11.575    (Y': 10.8706   Cb: 12.6282   Cr: 14.4911 )
00000576: 11.5811   (Y': 10.8879   Cb: 12.6039   Cr: 14.4419 )
00000577: 11.5517   (Y': 10.8443   Cb: 12.6458   Cr: 14.4321 )
00000578: 11.5815   (Y': 10.8978   Cb: 12.5901   Cr: 14.3774 )
00000579: 11.4914   (Y': 10.7804   Cb: 12.6129   Cr: 14.3644 )
00000580: 11.5428   (Y': 10.8466   Cb: 12.5739   Cr: 14.4172 )
00000581: 11.5243   (Y': 10.8122   Cb: 12.6429   Cr: 14.4114 )
00000582: 11.6258   (Y': 10.9379   Cb: 12.6377   Cr: 14.4546 )
00000583: 11.5603   (Y': 10.8535   Cb: 12.5863   Cr: 14.5411 )
00000584: 11.5658   (Y': 10.8547   Cb: 12.6718   Cr: 14.4634 )
00000585: 11.5834   (Y': 10.88     Cb: 12.6215   Cr: 14.5126 )
00000586: 11.5316   (Y': 10.8223   Cb: 12.6346   Cr: 14.4164 )
00000587: 11.5194   (Y': 10.8031   Cb: 12.6137   Cr: 14.4819 )
00000588: 11.5065   (Y': 10.7766   Cb: 12.674    Cr: 14.4858 )
00000589: 11.5519   (Y': 10.8533   Cb: 12.6338   Cr: 14.3722 )
00000590: 11.6078   (Y': 10.9196   Cb: 12.6433   Cr: 14.4038 )
00000591: 11.5202   (Y': 10.8131   Cb: 12.5967   Cr: 14.4262 )
00000592: 11.6365   (Y': 10.9448   Cb: 12.6999   Cr: 14.4219 )
00000593: 11.5266   (Y': 10.8242   Cb: 12.6178   Cr: 14.3665 )
00000594: 11.5623   (Y': 10.852    Cb: 12.6432   Cr: 14.4899 )
00000595: 11.5196   (Y': 10.814    Cb: 12.603    Cr: 14.4006 )
00000596: 11.6591   (Y': 10.981    Cb: 12.6502   Cr: 14.4323 )
00000597: 11.6064   (Y': 10.9078   Cb: 12.6602   Cr: 14.468  )
00000598: 11.5874   (Y': 10.8971   Cb: 12.589    Cr: 14.4538 )
00000599: 11.6029   (Y': 10.904    Cb: 12.6749   Cr: 14.4403 )
00000600: 11.5065   (Y': 10.7974   Cb: 12.6339   Cr: 14.3536 )
00000601: 11.5898   (Y': 10.92     Cb: 12.5487   Cr: 14.3373 )
00000602: 11.5626   (Y': 10.8786   Cb: 12.6293   Cr: 14.275  )
00000603: 11.5869   (Y': 10.8718   Cb: 12.7277   Cr: 14.4685 )
00000604: 11.4816   (Y': 10.7577   Cb: 12.6573   Cr: 14.3919 )
00000605: 11.5865   (Y': 10.9018   Cb: 12.5831   Cr: 14.41   )
00000606: 11.5142   (Y': 10.7992   Cb: 12.6059   Cr: 14.4682 )
00000607: 11.5033   (Y': 10.7999   Cb: 12.6017   Cr: 14.3424 )
00000608: 11.5575   (Y': 10.8711   Cb: 12.5604   Cr: 14.3863 )
00000609: 11.5817   (Y': 10.8759   Cb: 12.6758   Cr: 14.4486 )
00000610: 11.5184   (Y': 10.8071   Cb: 12.6687   Cr: 14.3509 )
00000611: 11.555    (Y': 10.8449   Cb: 12.686    Cr: 14.4056 )
00000612: 11.5018   (Y': 10.7924   Cb: 12.6319   Cr: 14.3469 )
00000613: 11.5986   (Y': 10.927    Cb: 12.5479   Cr: 14.3775 )
00000614: 11.5033   (Y': 10.7879   Cb: 12.5916   Cr: 14.4676 )
00000615: 11.5746   (Y': 10.8796   Cb: 12.6223   Cr: 14.4131 )
00000616: 11.5598   (Y': 10.86     Cb: 12.6174   Cr: 14.4263 )
00000617: 11.4873   (Y': 10.7672   Cb: 12.6548   Cr: 14.375  )
00000618: 11.5515   (Y': 10.8587   Cb: 12.6094   Cr: 14.3544 )
00000619: 11.5324   (Y': 10.8399   Cb: 12.5498   Cr: 14.3942 )
00000620: 11.561    (Y': 10.8514   Cb: 12.6643   Cr: 14.4491 )
00000621: 11.5142   (Y': 10.806    Cb: 12.6101   Cr: 14.4004 )
00000622: 11.4881   (Y': 10.7862   Cb: 12.5524   Cr: 14.3643 )
00000623: 11.5197   (Y': 10.8104   Cb: 12.6207   Cr: 14.4075 )
00000624: 11.5183   (Y': 10.8076   Cb: 12.5823   Cr: 14.4765 )
00000625: 11.5455   (Y': 10.853    Cb: 12.6098   Cr: 14.3362 )
00000626: 11.6584   (Y': 10.9718   Cb: 12.6903   Cr: 14.4452 )
00000627: 11.6281   (Y': 10.9444   Cb: 12.6657   Cr: 14.3812 )
00000628: 11.4985   (Y': 10.7777   Cb: 12.6903   Cr: 14.3559 )
00000629: 11.6208   (Y': 10.9104   Cb: 12.7114   Cr: 14.5348 )
00000630: 11.689    (Y': 11.0044   Cb: 12.6979   Cr: 14.4926 )
00000631: 11.7081   (Y': 11.0373   Cb: 12.6724   Cr: 14.457  )
00000632: 11.5253   (Y': 10.7977   Cb: 12.7007   Cr: 14.4704 )
00000633: 11.5541   (Y': 10.8539   Cb: 12.6591   Cr: 14.3538 )
00000634: 11.6079   (Y': 10.9092   Cb: 12.6887   Cr: 14.4305 )
00000635: 11.6296   (Y': 10.9299   Cb: 12.7684   Cr: 14.3758 )
00000636: 11.5547   (Y': 10.8595   Cb: 12.6168   Cr: 14.3739 )
00000637: 11.5034   (Y': 10.7829   Cb: 12.6814   Cr: 14.3794 )
00000638: 11.596    (Y': 10.903    Cb: 12.6652   Cr: 14.3844 )
00000639: 11.5539   (Y': 10.8697   Cb: 12.5416   Cr: 14.3865 )
00000640: 11.568    (Y': 10.8543   Cb: 12.7496   Cr: 14.3768 )
00000641: 11.5574   (Y': 10.8382   Cb: 12.6932   Cr: 14.4837 )
00000642: 11.5348   (Y': 10.8266   Cb: 12.6723   Cr: 14.3585 )
00000643: 11.6098   (Y': 10.9192   Cb: 12.5921   Cr: 14.5086 )
00000644: 11.5887   (Y': 10.8818   Cb: 12.6872   Cr: 14.4593 )
00000645: 11.6144   (Y': 10.9134   Cb: 12.7557   Cr: 14.3678 )
00000646: 11.5466   (Y': 10.8297   Cb: 12.7123   Cr: 14.4079 )
00000647: 11.6014   (Y': 10.9146   Cb: 12.6406   Cr: 14.3787 )
00000648: 11.5918   (Y': 10.8866   Cb: 12.6783   Cr: 14.4646 )
00000649: 11.6046   (Y': 10.9      Cb: 12.7295   Cr: 14.4145 )
00000650: 11.7018   (Y': 11.0282   Cb: 12.727    Cr: 14.3849 )
00000651: 11.6057   (Y': 10.9206   Cb: 12.6534   Cr: 14.3563 )
00000652: 11.6185   (Y': 10.9267   Cb: 12.6552   Cr: 14.444  )
00000653: 11.6041   (Y': 10.9094   Cb: 12.6828   Cr: 14.3928 )
00000654: 11.6799   (Y': 11.0059   Cb: 12.7187   Cr: 14.3465 )
00000655: 11.7071   (Y': 11.0331   Cb: 12.7017   Cr: 14.4393 )
00000656: 11.699    (Y': 11.0202   Cb: 12.7257   Cr: 14.4253 )
00000657: 11.6514   (Y': 10.9709   Cb: 12.6324   Cr: 14.4614 )
00000658: 11.5276   (Y': 10.813    Cb: 12.6635   Cr: 14.4116 )
00000659: 11.6394   (Y': 10.9565   Cb: 12.6187   Cr: 14.4728 )
00000660: 11.5699   (Y': 10.8524   Cb: 12.7221   Cr: 14.4564 )
00000661: 11.5197   (Y': 10.8063   Cb: 12.6407   Cr: 14.4156 )
00000662: 11.5594   (Y': 10.8686   Cb: 12.6121   Cr: 14.3532 )
00000663: 11.5337   (Y': 10.8133   Cb: 12.7043   Cr: 14.4201 )
00000664: 11.6644   (Y': 10.9806   Cb: 12.6738   Cr: 14.4605 )
00000665: 11.4862   (Y': 10.7772   Cb: 12.6332   Cr: 14.3031 )
00000666: 11.5591   (Y': 10.8365   Cb: 12.7155   Cr: 14.4861 )
00000667: 11.5308   (Y': 10.8057   Cb: 12.6949   Cr: 14.4702 )
00000668: 11.55     (Y': 10.8371   Cb: 12.7061   Cr: 14.3898 )
00000669: 11.5727   (Y': 10.8637   Cb: 12.7      Cr: 14.419  )
00000670: 11.6248   (Y': 10.9471   Cb: 12.6104   Cr: 14.4026 )
00000671: 11.6469   (Y': 10.9443   Cb: 12.7458   Cr: 14.477  )
00000672: 11.701    (Y': 11.0398   Cb: 12.622    Cr: 14.4319 )
00000673: 11.6635   (Y': 10.9812   Cb: 12.7029   Cr: 14.401  )
00000674: 11.7102   (Y': 11.0568   Cb: 12.6012   Cr: 14.4185 )
00000675: 11.6966   (Y': 11.0224   Cb: 12.6724   Cr: 14.4589 )
00000676: 11.7016   (Y': 11.0163   Cb: 12.7419   Cr: 14.4654 )
00000677: 11.743    (Y': 11.0726   Cb: 12.7272   Cr: 14.4591 )
00000678: 11.5891   (Y': 10.9141   Cb: 12.5689   Cr: 14.3522 )
00000679: 11.5528   (Y': 10.8591   Cb: 12.6061   Cr: 14.3721 )
00000680: 11.6544   (Y': 10.9724   Cb: 12.7182   Cr: 14.3535 )
00000681: 11.6459   (Y': 10.9692   Cb: 12.6255   Cr: 14.4241 )
00000682: 11.7181   (Y': 11.0612   Cb: 12.6155   Cr: 14.4464 )
00000683: 11.6263   (Y': 10.9275   Cb: 12.7053   Cr: 14.4522 )
00000684: 11.6562   (Y': 10.9829   Cb: 12.6234   Cr: 14.4229 )
00000685: 11.6522   (Y': 10.9789   Cb: 12.673    Cr: 14.3396 )
00000686: 11.6264   (Y': 10.9568   Cb: 12.604    Cr: 14.3444 )
00000687: 11.6139   (Y': 10.9396   Cb: 12.6186   Cr: 14.3329 )
00000688: 11.6122   (Y': 10.9293   Cb: 12.66     Cr: 14.3429 )
00000689: 11.6882   (Y': 11.0262   Cb: 12.6619   Cr: 14.3465 )
00000690: 11.6168   (Y': 10.9249   Cb: 12.6645   Cr: 14.4282 )
00000691: 11.565    (Y': 10.8726   Cb: 12.6378   Cr: 14.3421 )
00000692: 11.5664   (Y': 10.8652   Cb: 12.6262   Cr: 14.4422 )
00000693: 11.6044   (Y': 10.9274   Cb: 12.5971   Cr: 14.3648 )
00000694: 11.582    (Y': 10.8888   Cb: 12.6152   Cr: 14.4254 )
00000695: 11.573    (Y': 10.8811   Cb: 12.5964   Cr: 14.4207 )
00000696: 11.6123   (Y': 10.9319   Cb: 12.6314   Cr: 14.3639 )
00000697: 11.5393   (Y': 10.8344   Cb: 12.6071   Cr: 14.4374 )
00000698: 11.5278   (Y': 10.8232   Cb: 12.6111   Cr: 14.3994 )
00000699: 11.5563   (Y': 10.8675   Cb: 12.5965   Cr: 14.3509 )
00000700: 11.6186   (Y': 10.9426   Cb: 12.6147   Cr: 14.3656 )
00000701: 11.4978   (Y': 10.7858   Cb: 12.6175   Cr: 14.3822 )
00000702: 11.543    (Y': 10.8442   Cb: 12.6179   Cr: 14.3747 )
00000703: 11.5568   (Y': 10.8446   Cb: 12.6996   Cr: 14.4088 )
00000704: 11.5328   (Y': 10.8374   Cb: 12.5609   Cr: 14.405  )
00000705: 11.581    (Y': 10.9136   Cb: 12.4819   Cr: 14.3969 )
00000706: 11.6228   (Y': 10.9324   Cb: 12.6509   Cr: 14.4497 )
00000707: 11.4919   (Y': 10.7817   Cb: 12.5789   Cr: 14.4095 )
00000708: 11.5336   (Y': 10.8233   Cb: 12.6562   Cr: 14.3984 )
00000709: 11.5642   (Y': 10.8661   Cb: 12.6113   Cr: 14.4318 )
00000710: 11.5702   (Y': 10.8602   Cb: 12.6657   Cr: 14.4738 )
00000711: 11.5528   (Y': 10.853    Cb: 12.5922   Cr: 14.4474 )
00000712: 11.5552   (Y': 10.8434   Cb: 12.6868   Cr: 14.4206 )
00000713: 11.5553   (Y': 10.8483   Cb: 12.6931   Cr: 14.3676 )
00000714: 11.6198   (Y': 10.9484   Cb: 12.5823   Cr: 14.3776 )
00000715: 11.4788   (Y': 10.7591   Cb: 12.6315   Cr: 14.3845 )
00000716: 11.5777   (Y': 10.8713   Cb: 12.6881   Cr: 14.4255 )
00000717: 11.5126   (Y': 10.806    Cb: 12.623    Cr: 14.362  )
00000718: 11.505    (Y': 10.8049   Cb: 12.5876   Cr: 14.337  )
00000719: 11.5068   (Y': 10.7921   Cb: 12.6338   Cr: 14.4051 )
00000720: 11.5646   (Y': 10.8691   Cb: 12.6084   Cr: 14.4145 )
00000721: 11.5481   (Y': 10.8479   Cb: 12.6141   Cr: 14.4067 )
00000722: 11.5711   (Y': 10.8764   Cb: 12.6064   Cr: 14.4257 )
00000723: 11.5462   (Y': 10.843    Cb: 12.6197   Cr: 14.4207 )
00000724: 11.5229   (Y': 10.8204   Cb: 12.6356   Cr: 14.3318 )
00000725: 11.5781   (Y': 10.8905   Cb: 12.5981   Cr: 14.3921 )
00000726: 11.5736   (Y': 10.8718   Cb: 12.6388   Cr: 14.4476 )
00000727: 11.504    (Y': 10.7963   Cb: 12.626    Cr: 14.3467 )
00000728: 11.5554   (Y': 10.8597   Cb: 12.6072   Cr: 14.3943 )
00000729: 11.5467   (Y': 10.8448   Cb: 12.6709   Cr: 14.3341 )
00000730: 11.635    (Y': 10.9445   Cb: 12.6728   Cr: 14.4484 )
00000732: 11.5807   (Y': 10.8772   Cb: 12.6787   Cr: 14.4202 )
00000731: 11.5614   (Y': 10.8426   Cb: 12.6979   Cr: 14.4829 )
00000733: 11.6217   (Y': 10.9266   Cb: 12.6445   Cr: 14.4984 )
00000734: 11.6611   (Y': 10.9721   Cb: 12.6992   Cr: 14.4598 )
00000735: 11.6002   (Y': 10.8903   Cb: 12.6992   Cr: 14.4975 )
00000736: 11.5613   (Y': 10.8297   Cb: 12.763    Cr: 14.5035 )
00000737: 11.6126   (Y': 10.8938   Cb: 12.7286   Cr: 14.5659 )
00000738: 11.5572   (Y': 10.8252   Cb: 12.719    Cr: 14.5641 )
00000739: 11.5615   (Y': 10.8345   Cb: 12.7126   Cr: 14.5372 )
00000740: 11.4959   (Y': 10.7402   Cb: 12.7534   Cr: 14.5838 )
00000741: 11.5831   (Y': 10.8608   Cb: 12.7061   Cr: 14.5579 )
00000742: 11.5525   (Y': 10.8167   Cb: 12.6969   Cr: 14.6232 )
00000743: 11.5778   (Y': 10.8584   Cb: 12.7235   Cr: 14.4916 )
00000744: 11.5044   (Y': 10.7598   Cb: 12.7127   Cr: 14.5609 )
00000745: 11.5581   (Y': 10.8431   Cb: 12.6665   Cr: 14.4873 )
00000746: 11.5767   (Y': 10.8523   Cb: 12.7332   Cr: 14.5195 )
00000747: 11.6004   (Y': 10.8716   Cb: 12.763    Cr: 14.5763 )
00000748: 11.6271   (Y': 10.9162   Cb: 12.729    Cr: 14.5286 )
00000749: 11.5538   (Y': 10.8396   Cb: 12.6799   Cr: 14.4491 )
00000750: 11.627    (Y': 10.9162   Cb: 12.7299   Cr: 14.5258 )
00000751: 11.567    (Y': 10.8372   Cb: 12.7631   Cr: 14.5008 )
00000752: 11.5519   (Y': 10.8292   Cb: 12.702    Cr: 14.489  )
00000753: 11.6401   (Y': 10.9333   Cb: 12.7139   Cr: 14.5466 )
00000754: 11.5879   (Y': 10.8526   Cb: 12.8279   Cr: 14.5091 )
00000755: 11.6021   (Y': 10.8732   Cb: 12.788    Cr: 14.5443 )
00000756: 11.5751   (Y': 10.8549   Cb: 12.7456   Cr: 14.4589 )
00000757: 11.5834   (Y': 10.8769   Cb: 12.6253   Cr: 14.5364 )
00000758: 11.5256   (Y': 10.7955   Cb: 12.6991   Cr: 14.4969 )
00000759: 11.6144   (Y': 10.8865   Cb: 12.7742   Cr: 14.5852 )
00000760: 11.6037   (Y': 10.894    Cb: 12.7204   Cr: 14.4715 )
00000761: 11.5889   (Y': 10.8739   Cb: 12.7389   Cr: 14.4565 )
00000762: 11.4324   (Y': 10.6669   Cb: 12.7622   Cr: 14.5054 )
00000763: 11.6008   (Y': 10.8877   Cb: 12.7349   Cr: 14.4743 )
00000764: 11.5383   (Y': 10.8083   Cb: 12.7665   Cr: 14.4265 )
00000765: 11.5803   (Y': 10.864    Cb: 12.7589   Cr: 14.4162 )
00000766: 11.6115   (Y': 10.8895   Cb: 12.7983   Cr: 14.4876 )
00000767: 11.5655   (Y': 10.8484   Cb: 12.7165   Cr: 14.4502 )
00000768: 11.5865   (Y': 10.8458   Cb: 12.8224   Cr: 14.564  )
00000769: 11.6371   (Y': 10.9269   Cb: 12.6849   Cr: 14.6156 )
00000770: 11.6      (Y': 10.8826   Cb: 12.719    Cr: 14.536  )
00000771: 11.5845   (Y': 10.8631   Cb: 12.742    Cr: 14.4984 )
00000772: 11.641    (Y': 10.9171   Cb: 12.7798   Cr: 14.6072 )
00000773: 11.5651   (Y': 10.8525   Cb: 12.659    Cr: 14.4949 )
00000774: 11.5613   (Y': 10.817    Cb: 12.7862   Cr: 14.5896 )
00000775: 11.5513   (Y': 10.8384   Cb: 12.6618   Cr: 14.4586 )
00000776: 11.613    (Y': 10.8883   Cb: 12.7735   Cr: 14.5539 )
00000777: 11.6418   (Y': 10.9261   Cb: 12.7587   Cr: 14.5654 )
00000778: 11.5874   (Y': 10.8428   Cb: 12.8244   Cr: 14.5998 )
00000780: 11.5608   (Y': 10.8151   Cb: 12.7528   Cr: 14.6523 )
00000779: 11.5896   (Y': 10.8506   Cb: 12.7491   Cr: 14.6674 )
00000781: 11.5928   (Y': 10.8625   Cb: 12.75     Cr: 14.5906 )
00000782: 11.6529   (Y': 10.9421   Cb: 12.6917   Cr: 14.6501 )
00000783: 11.6489   (Y': 10.9227   Cb: 12.7997   Cr: 14.6182 )
00000784: 11.4992   (Y': 10.7529   Cb: 12.7171   Cr: 14.5577 )
00000785: 11.601    (Y': 10.8698   Cb: 12.766    Cr: 14.5954 )
00000786: 11.65     (Y': 10.9309   Cb: 12.7658   Cr: 14.6064 )
00000787: 11.6455   (Y': 10.9316   Cb: 12.7657   Cr: 14.5465 )
00000788: 11.6036   (Y': 10.8833   Cb: 12.7576   Cr: 14.5124 )
00000789: 11.5726   (Y': 10.8526   Cb: 12.6818   Cr: 14.5476 )
00000790: 11.5317   (Y': 10.806    Cb: 12.7098   Cr: 14.4552 )
00000791: 11.6099   (Y': 10.8817   Cb: 12.8252   Cr: 14.501  )
00000792: 11.5494   (Y': 10.8193   Cb: 12.7361   Cr: 14.5011 )
00000793: 11.5936   (Y': 10.8758   Cb: 12.7677   Cr: 14.4494 )
00000794: 11.5781   (Y': 10.8538   Cb: 12.7645   Cr: 14.476  )
00000796: 11.5757   (Y': 10.8426   Cb: 12.7631   Cr: 14.5542 )
00000795: 11.5558   (Y': 10.813    Cb: 12.8276   Cr: 14.4995 )
00000797: 11.5651   (Y': 10.8419   Cb: 12.7135   Cr: 14.5099 )
00000798: 11.6076   (Y': 10.9051   Cb: 12.6898   Cr: 14.4619 )
00000799: 11.5699   (Y': 10.8448   Cb: 12.704    Cr: 14.5539 )
00000800: 11.5948   (Y': 10.8928   Cb: 12.7039   Cr: 14.405  )
00000801: 11.5866   (Y': 10.8569   Cb: 12.775    Cr: 14.5321 )
00000802: 11.5568   (Y': 10.8322   Cb: 12.6971   Cr: 14.5262 )
00000804: 11.5697   (Y': 10.8507   Cb: 12.7218   Cr: 14.4699 )
00000803: 11.4778   (Y': 10.7208   Cb: 12.7488   Cr: 14.5573 )
00000805: 11.5612   (Y': 10.8382   Cb: 12.7501   Cr: 14.4427 )
00000806: 11.5731   (Y': 10.8591   Cb: 12.7019   Cr: 14.4628 )
00000807: 11.5363   (Y': 10.8038   Cb: 12.7902   Cr: 14.4103 )
00000808: 11.5036   (Y': 10.7723   Cb: 12.704    Cr: 14.4457 )
00000809: 11.5164   (Y': 10.7846   Cb: 12.7318   Cr: 14.4401 )
00000810: 11.6155   (Y': 10.8915   Cb: 12.7886   Cr: 14.531  )
00000811: 11.5799   (Y': 10.8481   Cb: 12.7517   Cr: 14.5691 )
00000812: 11.531    (Y': 10.7901   Cb: 12.7542   Cr: 14.5288 )
00000813: 11.5785   (Y': 10.8668   Cb: 12.7102   Cr: 14.4425 )
00000814: 11.5163   (Y': 10.7789   Cb: 12.6944   Cr: 14.5501 )
00000815: 11.607    (Y': 10.8957   Cb: 12.6949   Cr: 14.5332 )
00000816: 11.5667   (Y': 10.8478   Cb: 12.7233   Cr: 14.4596 )
00000817: 11.558    (Y': 10.8386   Cb: 12.6766   Cr: 14.5132 )
00000818: 11.5001   (Y': 10.7494   Cb: 12.7621   Cr: 14.5336 )
00000819: 11.5601   (Y': 10.8248   Cb: 12.7631   Cr: 14.5366 )
00000820: 11.5489   (Y': 10.8156   Cb: 12.6931   Cr: 14.5963 )
00000821: 11.5254   (Y': 10.7926   Cb: 12.6946   Cr: 14.5288 )
00000823: 11.5737   (Y': 10.8541   Cb: 12.7243   Cr: 14.482  )
00000822: 11.5397   (Y': 10.8091   Cb: 12.7129   Cr: 14.5163 )
00000824: 11.5607   (Y': 10.8318   Cb: 12.7198   Cr: 14.542  )
00000825: 11.5769   (Y': 10.8527   Cb: 12.7443   Cr: 14.5026 )
00000826: 11.4765   (Y': 10.7183   Cb: 12.7515   Cr: 14.562  )
00000827: 11.5624   (Y': 10.8344   Cb: 12.7452   Cr: 14.4996 )
00000828: 11.5274   (Y': 10.7877   Cb: 12.737    Cr: 14.5344 )
00000829: 11.5194   (Y': 10.7819   Cb: 12.725    Cr: 14.512  )
00000830: 11.5888   (Y': 10.8551   Cb: 12.7878   Cr: 14.556  )
00000831: 11.5434   (Y': 10.8077   Cb: 12.7479   Cr: 14.5207 )
00000832: 11.5974   (Y': 10.8878   Cb: 12.6597   Cr: 14.5476 )
00000833: 11.5567   (Y': 10.8245   Cb: 12.7872   Cr: 14.4624 )
00000834: 11.5351   (Y': 10.7982   Cb: 12.709    Cr: 14.5702 )
00000835: 11.5522   (Y': 10.8217   Cb: 12.7735   Cr: 14.4558 )
00000836: 11.5604   (Y': 10.8364   Cb: 12.7288   Cr: 14.4828 )
00000837: 11.5802   (Y': 10.8563   Cb: 12.7495   Cr: 14.5001 )
00000838: 11.4612   (Y': 10.7021   Cb: 12.7526   Cr: 14.531  )
00000839: 11.5058   (Y': 10.7571   Cb: 12.7857   Cr: 14.4931 )
00000840: 11.5659   (Y': 10.8382   Cb: 12.7556   Cr: 14.4897 )
00000841: 11.6163   (Y': 10.9064   Cb: 12.7139   Cr: 14.5157 )
00000842: 11.6072   (Y': 10.8824   Cb: 12.7728   Cr: 14.5403 )
00000843: 11.5819   (Y': 10.8563   Cb: 12.7287   Cr: 14.5506 )
00000844: 11.5877   (Y': 10.8729   Cb: 12.7072   Cr: 14.4983 )
00000845: 11.6276   (Y': 10.9385   Cb: 12.6564   Cr: 14.442  )
00000846: 11.6565   (Y': 10.9698   Cb: 12.649    Cr: 14.5042 )
00000847: 11.6928   (Y': 11.0345   Cb: 12.6285   Cr: 14.3755 )
00000848: 11.6131   (Y': 10.9441   Cb: 12.601    Cr: 14.3105 )
00000849: 11.6343   (Y': 10.9639   Cb: 12.576    Cr: 14.4143 )
00000850: 11.7128   (Y': 11.0764   Cb: 12.54     Cr: 14.3717 )
00000851: 11.7671   (Y': 11.1381   Cb: 12.5919   Cr: 14.3667 )
00000852: 11.7349   (Y': 11.0713   Cb: 12.6796   Cr: 14.4498 )
00000853: 11.5943   (Y': 10.9126   Cb: 12.6258   Cr: 14.3393 )
00000854: 11.7338   (Y': 11.0842   Cb: 12.6117   Cr: 14.429  )
00000855: 11.7053   (Y': 11.058    Cb: 12.5762   Cr: 14.3913 )
00000856: 11.7319   (Y': 11.1106   Cb: 12.5059   Cr: 14.3428 )
00000857: 11.6899   (Y': 11.0437   Cb: 12.5702   Cr: 14.3524 )
00000858: 11.6991   (Y': 11.0449   Cb: 12.6026   Cr: 14.3959 )
00000859: 11.7372   (Y': 11.0858   Cb: 12.6352   Cr: 14.4174 )
00000860: 11.7079   (Y': 11.0548   Cb: 12.6004   Cr: 14.4114 )
00000861: 11.6309   (Y': 10.9685   Cb: 12.4771   Cr: 14.4884 )
00000862: 11.6964   (Y': 11.0296   Cb: 12.5993   Cr: 14.5045 )
00000863: 11.7735   (Y': 11.1196   Cb: 12.6651   Cr: 14.4849 )
00000864: 11.7399   (Y': 11.0488   Cb: 12.7567   Cr: 14.5903 )
00000865: 11.6124   (Y': 10.9001   Cb: 12.7118   Cr: 14.5306 )
00000866: 11.67     (Y': 10.9622   Cb: 12.753    Cr: 14.5709 )
00000867: 11.5628   (Y': 10.8197   Cb: 12.7475   Cr: 14.6406 )
00000868: 11.6238   (Y': 10.9128   Cb: 12.7682   Cr: 14.4626 )
00000869: 11.6041   (Y': 10.8956   Cb: 12.6802   Cr: 14.5225 )
00000871: 11.6035   (Y': 10.8948   Cb: 12.6939   Cr: 14.5027 )
00000870: 11.533    (Y': 10.8115   Cb: 12.6398   Cr: 14.5259 )
00000872: 11.576    (Y': 10.8544   Cb: 12.697    Cr: 14.5476 )
00000873: 11.6421   (Y': 10.9418   Cb: 12.7002   Cr: 14.5125 )
00000874: 11.5773   (Y': 10.8561   Cb: 12.7394   Cr: 14.4835 )
00000875: 11.6435   (Y': 10.9329   Cb: 12.7481   Cr: 14.5379 )
00000876: 11.5982   (Y': 10.8659   Cb: 12.8343   Cr: 14.4963 )
00000877: 11.556    (Y': 10.836    Cb: 12.6759   Cr: 14.5147 )
00000878: 11.5536   (Y': 10.8233   Cb: 12.7555   Cr: 14.4844 )
00000879: 11.6494   (Y': 10.9607   Cb: 12.6878   Cr: 14.4453 )
00000880: 11.6229   (Y': 10.9235   Cb: 12.7546   Cr: 14.3756 )
00000881: 11.6025   (Y': 10.8794   Cb: 12.7943   Cr: 14.4816 )
00000882: 11.6667   (Y': 10.9662   Cb: 12.814    Cr: 14.4075 )
00000884: 11.6751   (Y': 10.9943   Cb: 12.6736   Cr: 14.4608 )
00000883: 11.6108   (Y': 10.9119   Cb: 12.6916   Cr: 14.4347 )
00000885: 11.5633   (Y': 10.842    Cb: 12.6935   Cr: 14.5183 )
00000886: 11.6347   (Y': 10.9378   Cb: 12.7221   Cr: 14.4303 )
00000887: 11.5722   (Y': 10.8548   Cb: 12.6622   Cr: 14.5524 )
00000888: 11.5978   (Y': 10.8881   Cb: 12.6893   Cr: 14.5047 )
00000889: 11.5471   (Y': 10.813    Cb: 12.75     Cr: 14.5116 )
00000890: 11.6526   (Y': 10.9398   Cb: 12.7933   Cr: 14.5134 )
00000893: 11.617    (Y': 10.9059   Cb: 12.7745   Cr: 14.4372 )
00000891: 11.651    (Y': 10.9476   Cb: 12.7202   Cr: 14.5336 )
00000892: 11.6713   (Y': 10.9714   Cb: 12.7451   Cr: 14.5142 )
00000894: 11.5275   (Y': 10.8056   Cb: 12.6762   Cr: 14.4595 )
00000895: 11.6366   (Y': 10.9339   Cb: 12.7269   Cr: 14.4805 )
00000896: 11.5883   (Y': 10.8696   Cb: 12.7122   Cr: 14.529  )
00000897: 11.628    (Y': 10.9231   Cb: 12.7037   Cr: 14.5144 )
00000898: 11.6469   (Y': 10.9502   Cb: 12.6729   Cr: 14.5347 )
00000899: 11.5476   (Y': 10.8467   Cb: 12.6067   Cr: 14.4222 )
00000901: 11.6381   (Y': 10.9502   Cb: 12.6638   Cr: 14.4465 )
00000900: 11.6486   (Y': 10.9742   Cb: 12.6468   Cr: 14.3785 )
00000902: 11.6072   (Y': 10.9175   Cb: 12.6716   Cr: 14.3731 )
00000903: 11.5588   (Y': 10.8457   Cb: 12.7135   Cr: 14.4019 )
00000904: 11.4954   (Y': 10.7874   Cb: 12.628    Cr: 14.3247 )
00000905: 11.5758   (Y': 10.8718   Cb: 12.7349   Cr: 14.3311 )
00000906: 11.6046   (Y': 10.916    Cb: 12.6846   Cr: 14.3379 )
00000907: 11.6462   (Y': 10.9564   Cb: 12.6745   Cr: 14.4669 )
00000908: 11.6997   (Y': 11.029    Cb: 12.6859   Cr: 14.4153 )
00000909: 11.5599   (Y': 10.8569   Cb: 12.6674   Cr: 14.3814 )
00000910: 11.6413   (Y': 10.9538   Cb: 12.7443   Cr: 14.3319 )
00000911: 11.7043   (Y': 11.029    Cb: 12.6865   Cr: 14.4658 )
00000912: 11.6683   (Y': 10.9733   Cb: 12.7009   Cr: 14.5306 )
00000913: 11.6459   (Y': 10.9395   Cb: 12.7521   Cr: 14.5001 )
00000914: 11.6541   (Y': 10.9577   Cb: 12.742    Cr: 14.4451 )
00000915: 11.6613   (Y': 10.9747   Cb: 12.692    Cr: 14.4501 )
00000917: 11.6309   (Y': 10.928    Cb: 12.6968   Cr: 14.514  )
00000916: 11.6169   (Y': 10.9031   Cb: 12.765    Cr: 14.4757 )
00000918: 11.5728   (Y': 10.8467   Cb: 12.7196   Cr: 14.5467 )
00000919: 11.6195   (Y': 10.9046   Cb: 12.7555   Cr: 14.5055 )
00000920: 11.5837   (Y': 10.8723   Cb: 12.7333   Cr: 14.4179 )
00000921: 11.5892   (Y': 10.8789   Cb: 12.7115   Cr: 14.4539 )
00000922: 11.5642   (Y': 10.8508   Cb: 12.7171   Cr: 14.4124 )
00000923: 11.624    (Y': 10.9234   Cb: 12.7457   Cr: 14.4027 )
00000924: 11.69     (Y': 10.9753   Cb: 12.8306   Cr: 14.5678 )
00000925: 11.6077   (Y': 10.8957   Cb: 12.7041   Cr: 14.5276 )
00000926: 11.6333   (Y': 10.9132   Cb: 12.7346   Cr: 14.621  )
00000927: 11.5525   (Y': 10.8272   Cb: 12.7329   Cr: 14.469  )
00000928: 11.6025   (Y': 10.8728   Cb: 12.7809   Cr: 14.5624 )
00000929: 11.6396   (Y': 10.9329   Cb: 12.762    Cr: 14.4716 )
00000930: 11.6121   (Y': 10.8855   Cb: 12.8245   Cr: 14.4922 )
00000931: 11.5582   (Y': 10.8201   Cb: 12.7769   Cr: 14.5372 )
00000932: 11.6099   (Y': 10.8821   Cb: 12.7562   Cr: 14.6005 )
00000933: 11.5878   (Y': 10.8684   Cb: 12.7453   Cr: 14.4833 )
00000934: 11.5445   (Y': 10.8168   Cb: 12.6931   Cr: 14.5314 )
00000935: 11.5456   (Y': 10.7951   Cb: 12.8173   Cr: 14.5624 )
00000936: 11.5369   (Y': 10.7883   Cb: 12.7846   Cr: 14.5719 )
00000937: 11.5822   (Y': 10.8478   Cb: 12.7729   Cr: 14.5681 )
00000938: 11.5264   (Y': 10.7856   Cb: 12.7545   Cr: 14.5161 )
00000939: 11.617    (Y': 10.8985   Cb: 12.7515   Cr: 14.5388 )
00000940: 11.5311   (Y': 10.7892   Cb: 12.772    Cr: 14.5124 )
00000941: 11.5888   (Y': 10.8397   Cb: 12.8388   Cr: 14.6243 )
00000942: 11.5957   (Y': 10.8654   Cb: 12.7671   Cr: 14.5718 )
00000943: 11.5818   (Y': 10.8598   Cb: 12.7374   Cr: 14.505  )
00000944: 11.5762   (Y': 10.8299   Cb: 12.83     Cr: 14.5795 )
00000945: 11.5365   (Y': 10.79     Cb: 12.8162   Cr: 14.5028 )
00000946: 11.5723   (Y': 10.8474   Cb: 12.7239   Cr: 14.5287 )
00000947: 11.5542   (Y': 10.8339   Cb: 12.7186   Cr: 14.4484 )
00000948: 11.4596   (Y': 10.7165   Cb: 12.6723   Cr: 14.4954 )
00000949: 11.5751   (Y': 10.8271   Cb: 12.8141   Cr: 14.6164 )
00000950: 11.5609   (Y': 10.816    Cb: 12.786    Cr: 14.5939 )
00000951: 11.4892   (Y': 10.7419   Cb: 12.7374   Cr: 14.5102 )
00000952: 11.6247   (Y': 10.9014   Cb: 12.7225   Cr: 14.6479 )
00000953: 11.5646   (Y': 10.8423   Cb: 12.7102   Cr: 14.5056 )
00000954: 11.5221   (Y': 10.7724   Cb: 12.7761   Cr: 14.5583 )
00000955: 11.5356   (Y': 10.823    Cb: 12.579    Cr: 14.5433 )
00000956: 11.5223   (Y': 10.7696   Cb: 12.7619   Cr: 14.6081 )
00000957: 11.5634   (Y': 10.8201   Cb: 12.7703   Cr: 14.6091 )
00000958: 11.4977   (Y': 10.7453   Cb: 12.7459   Cr: 14.5669 )
00000959: 11.5031   (Y': 10.7483   Cb: 12.7555   Cr: 14.5898 )
00000960: 11.5661   (Y': 10.8278   Cb: 12.6985   Cr: 14.6797 )
00000961: 11.5122   (Y': 10.7541   Cb: 12.7484   Cr: 14.6559 )
00000962: 11.5859   (Y': 10.8349   Cb: 12.8332   Cr: 14.6439 )
00000963: 11.5105   (Y': 10.7583   Cb: 12.7563   Cr: 14.5819 )
00000965: 11.5836   (Y': 10.8521   Cb: 12.7663   Cr: 14.5541 )
00000964: 11.5383   (Y': 10.7865   Cb: 12.8331   Cr: 14.5336 )
00000967: 11.5046   (Y': 10.742    Cb: 12.7838   Cr: 14.6271 )
00000966: 11.6101   (Y': 10.8813   Cb: 12.7825   Cr: 14.5707 )
00000968: 11.571    (Y': 10.8369   Cb: 12.7687   Cr: 14.5432 )
00000969: 11.5636   (Y': 10.8434   Cb: 12.6774   Cr: 14.5324 )
Total: 11.5873   (Y': 10.8842   Cb: 12.6742   Cr: 14.4406 )
