00000000: 37.4581   (Y': INF       Cb: 32.6869   Cr: 32.6869 )
00000001: 16.5396   (Y': 18.0042   Cb: 14.411    Cr: 14.7426 )
00000002: 16.5454   (Y': 18.0026   Cb: 14.4223   Cr: 14.7563 )
00000005: 16.503    (Y': 17.9742   Cb: 14.3378   Cr: 14.7333 )
00000003: 16.5408   (Y': 17.9942   Cb: 14.3556   Cr: 14.8273 )
00000006: 16.518    (Y': 17.9982   Cb: 14.2628   Cr: 14.8316 )
00000007: 16.5044   (Y': 17.9858   Cb: 14.2858   Cr: 14.7744 )
00000004: 16.4894   (Y': 17.9525   Cb: 14.2601   Cr: 14.8069 )
00000008: 16.5033   (Y': 17.9908   Cb: 14.2659   Cr: 14.783  )
00000009: 16.5153   (Y': 18.0131   Cb: 14.2543   Cr: 14.8017 )
00000011: 16.5532   (Y': 18.0667   Cb: 14.3184   Cr: 14.7806 )
00000010: 16.5361   (Y': 18.0242   Cb: 14.2916   Cr: 14.8224 )
00000012: 16.4962   (Y': 18.012    Cb: 14.2137   Cr: 14.7729 )
00000014: 16.5226   (Y': 18.034    Cb: 14.2572   Cr: 14.788  )
00000013: 16.5128   (Y': 18.0231   Cb: 14.2635   Cr: 14.7623 )
00000015: 16.4794   (Y': 18.0201   Cb: 14.2148   Cr: 14.689  )
00000016: 16.4958   (Y': 18.0054   Cb: 14.238    Cr: 14.756  )
00000017: 16.5106   (Y': 18.0116   Cb: 14.2825   Cr: 14.754  )
00000018: 16.489    (Y': 18.0148   Cb: 14.2319   Cr: 14.7182 )
00000020: 16.489    (Y': 17.9932   Cb: 14.2503   Cr: 14.7382 )
00000019: 16.4866   (Y': 18.0019   Cb: 14.2424   Cr: 14.7208 )
00000021: 16.4749   (Y': 17.9907   Cb: 14.2085   Cr: 14.7335 )
00000022: 16.4766   (Y': 17.9862   Cb: 14.2425   Cr: 14.7105 )
00000023: 16.4694   (Y': 17.969    Cb: 14.2648   Cr: 14.6894 )
00000024: 16.4763   (Y': 17.9803   Cb: 14.2334   Cr: 14.7304 )
00000025: 16.4603   (Y': 17.9516   Cb: 14.2384   Cr: 14.715  )
00000026: 16.4724   (Y': 18.0013   Cb: 14.2191   Cr: 14.6918 )
00000028: 16.4855   (Y': 18.001    Cb: 14.2204   Cr: 14.7431 )
00000027: 16.4723   (Y': 17.9573   Cb: 14.2173   Cr: 14.7764 )
00000029: 16.4768   (Y': 17.9751   Cb: 14.2543   Cr: 14.7191 )
00000030: 16.4642   (Y': 17.9789   Cb: 14.2248   Cr: 14.6944 )
00000031: 16.4643   (Y': 17.9821   Cb: 14.2049   Cr: 14.711  )
00000032: 16.4577   (Y': 17.9924   Cb: 14.1952   Cr: 14.6763 )
00000033: 16.4761   (Y': 17.981    Cb: 14.2055   Cr: 14.7599 )
00000035: 16.4807   (Y': 18.022    Cb: 14.1876   Cr: 14.7211 )
00000034: 16.4616   (Y': 17.9622   Cb: 14.1873   Cr: 14.7578 )
00000036: 16.4687   (Y': 17.969    Cb: 14.2332   Cr: 14.7217 )
00000037: 16.449    (Y': 17.9822   Cb: 14.1448   Cr: 14.7175 )
00000038: 16.4643   (Y': 17.9575   Cb: 14.2133   Cr: 14.7481 )
00000039: 16.4725   (Y': 17.9826   Cb: 14.2186   Cr: 14.7274 )
00000040: 16.4814   (Y': 18.0107   Cb: 14.194    Cr: 14.7379 )
00000041: 16.4609   (Y': 17.9652   Cb: 14.2497   Cr: 14.6793 )
00000042: 16.4695   (Y': 17.9591   Cb: 14.2337   Cr: 14.743  )
00000043: 16.4513   (Y': 17.9496   Cb: 14.1931   Cr: 14.7337 )
00000044: 16.4585   (Y': 17.9719   Cb: 14.2044   Cr: 14.7076 )
00000045: 16.4838   (Y': 17.9679   Cb: 14.2718   Cr: 14.7413 )
00000046: 16.4401   (Y': 17.952    Cb: 14.2039   Cr: 14.672  )
00000047: 16.4632   (Y': 17.9649   Cb: 14.2027   Cr: 14.7417 )
00000048: 16.4852   (Y': 17.9831   Cb: 14.238    Cr: 14.7559 )
00000049: 16.4763   (Y': 17.9812   Cb: 14.2344   Cr: 14.7278 )
00000050: 16.464    (Y': 17.9892   Cb: 14.2256   Cr: 14.6734 )
00000051: 16.4497   (Y': 17.9656   Cb: 14.166    Cr: 14.7275 )
00000052: 16.4617   (Y': 17.972    Cb: 14.216    Cr: 14.7071 )
00000053: 16.4632   (Y': 17.9724   Cb: 14.1839   Cr: 14.7489 )
00000054: 16.4853   (Y': 17.9827   Cb: 14.2354   Cr: 14.76   )
00000055: 16.459    (Y': 17.9516   Cb: 14.2361   Cr: 14.7125 )
00000056: 16.4721   (Y': 17.9896   Cb: 14.2409   Cr: 14.688  )
00000057: 16.4635   (Y': 17.9864   Cb: 14.1809   Cr: 14.727  )
00000059: 16.4599   (Y': 17.9869   Cb: 14.1729   Cr: 14.7205 )
00000058: 16.4581   (Y': 17.9646   Cb: 14.1826   Cr: 14.7446 )
00000060: 16.4777   (Y': 17.981    Cb: 14.2556   Cr: 14.7102 )
00000062: 16.4683   (Y': 17.965    Cb: 14.2292   Cr: 14.7322 )
00000061: 16.4595   (Y': 17.9631   Cb: 14.1821   Cr: 14.7538 )
00000063: 16.455    (Y': 17.9721   Cb: 14.2201   Cr: 14.6757 )
00000064: 16.4869   (Y': 17.9874   Cb: 14.2592   Cr: 14.731  )
00000065: 16.4732   (Y': 17.9766   Cb: 14.227    Cr: 14.7324 )
00000067: 16.4575   (Y': 17.9791   Cb: 14.1654   Cr: 14.734  )
00000066: 16.4673   (Y': 17.9689   Cb: 14.2067   Cr: 14.7461 )
00000068: 16.4751   (Y': 17.9848   Cb: 14.2126   Cr: 14.7407 )
00000069: 16.4556   (Y': 17.9492   Cb: 14.2407   Cr: 14.6984 )
00000070: 16.4536   (Y': 17.9471   Cb: 14.2133   Cr: 14.7248 )
00000071: 16.4385   (Y': 17.9526   Cb: 14.1686   Cr: 14.7042 )
00000072: 16.4648   (Y': 17.9959   Cb: 14.2192   Cr: 14.671  )
00000073: 16.5204   (Y': 18.0235   Cb: 14.262    Cr: 14.7937 )
00000075: 16.5336   (Y': 18.0647   Cb: 14.2226   Cr: 14.8138 )
00000074: 16.51     (Y': 18.0448   Cb: 14.2167   Cr: 14.7632 )
00000077: 16.5599   (Y': 18.1259   Cb: 14.2407   Cr: 14.784  )
00000076: 16.5322   (Y': 18.0863   Cb: 14.2157   Cr: 14.7753 )
00000078: 16.5845   (Y': 18.1113   Cb: 14.312    Cr: 14.8292 )
00000079: 16.6165   (Y': 18.1506   Cb: 14.3586   Cr: 14.8309 )
00000080: 16.6094   (Y': 18.1751   Cb: 14.283    Cr: 14.8425 )
00000081: 16.6078   (Y': 18.1304   Cb: 14.33     Cr: 14.8662 )
00000082: 16.5828   (Y': 18.1385   Cb: 14.239    Cr: 14.8545 )
00000083: 16.5758   (Y': 18.1284   Cb: 14.3159   Cr: 14.7584 )
00000084: 16.605    (Y': 18.1349   Cb: 14.3232   Cr: 14.8544 )
00000085: 16.6316   (Y': 18.2009   Cb: 14.3313   Cr: 14.8285 )
00000086: 16.6189   (Y': 18.2028   Cb: 14.2888   Cr: 14.8225 )
00000087: 16.6296   (Y': 18.188    Cb: 14.3361   Cr: 14.839  )
00000088: 16.624    (Y': 18.198    Cb: 14.3072   Cr: 14.8307 )
00000089: 16.5175   (Y': 18.1771   Cb: 14.2068   Cr: 14.5643 )
00000090: 17.2722   (Y': 18.9976   Cb: 14.8406   Cr: 15.3382 )
00000091: 17.3618   (Y': 19.084    Cb: 14.9197   Cr: 15.445  )
00000092: 17.036    (Y': 18.7865   Cb: 14.6113   Cr: 15.0514 )
00000093: 16.9574   (Y': 18.6907   Cb: 14.5583   Cr: 14.9739 )
00000094: 16.8502   (Y': 18.567    Cb: 14.4855   Cr: 14.8574 )
00000095: 16.9446   (Y': 18.5549   Cb: 14.7524   Cr: 14.9507 )
00000096: 16.8853   (Y': 18.4773   Cb: 14.6995   Cr: 14.9168 )
00000097: 16.933    (Y': 18.5669   Cb: 14.6921   Cr: 14.9493 )
00000098: 16.4545   (Y': 18.1159   Cb: 14.1665   Cr: 14.4736 )
00000099: 16.27     (Y': 17.9025   Cb: 13.9983   Cr: 14.3218 )
00000101: 16.2849   (Y': 17.9002   Cb: 14.1167   Cr: 14.2573 )
00000100: 16.2984   (Y': 17.9323   Cb: 14.1504   Cr: 14.2185 )
00000102: 16.3084   (Y': 17.9138   Cb: 14.1718   Cr: 14.2658 )
00000103: 16.3359   (Y': 17.9302   Cb: 14.1776   Cr: 14.3347 )
00000104: 16.3392   (Y': 17.9469   Cb: 14.1717   Cr: 14.3242 )
00000105: 16.3259   (Y': 17.9327   Cb: 14.1564   Cr: 14.3147 )
00000106: 16.3234   (Y': 17.941    Cb: 14.1959   Cr: 14.2503 )
00000107: 16.3241   (Y': 17.9399   Cb: 14.1735   Cr: 14.2776 )
00000110: 16.3191   (Y': 17.947    Cb: 14.1454   Cr: 14.2755 )
00000108: 16.3332   (Y': 17.9455   Cb: 14.1696   Cr: 14.3063 )
00000109: 16.3535   (Y': 17.9523   Cb: 14.1901   Cr: 14.3496 )
00000111: 16.3084   (Y': 17.9346   Cb: 14.1188   Cr: 14.2844 )
00000112: 16.3248   (Y': 17.9174   Cb: 14.1827   Cr: 14.31   )
00000113: 16.2898   (Y': 17.9099   Cb: 14.1207   Cr: 14.255  )
00000114: 16.3141   (Y': 17.902    Cb: 14.1759   Cr: 14.3033 )
00000115: 16.3292   (Y': 17.9285   Cb: 14.1875   Cr: 14.3023 )
00000116: 16.3337   (Y': 17.9339   Cb: 14.1573   Cr: 14.341  )
00000117: 16.3096   (Y': 17.9358   Cb: 14.1522   Cr: 14.2524 )
00000118: 16.2888   (Y': 17.9078   Cb: 14.1373   Cr: 14.2379 )
00000119: 16.3096   (Y': 17.9172   Cb: 14.1539   Cr: 14.2826 )
00000120: 16.3063   (Y': 17.9154   Cb: 14.1456   Cr: 14.2819 )
00000121: 16.2725   (Y': 17.8995   Cb: 14.0863   Cr: 14.2435 )
00000122: 16.2984   (Y': 17.9003   Cb: 14.1557   Cr: 14.2681 )
00000123: 16.3007   (Y': 17.9143   Cb: 14.119    Cr: 14.2902 )
00000124: 16.317    (Y': 17.9143   Cb: 14.1828   Cr: 14.286  )
00000126: 16.3264   (Y': 17.9315   Cb: 14.1705   Cr: 14.3039 )
00000125: 16.2993   (Y': 17.9201   Cb: 14.1029   Cr: 14.2916 )
00000127: 16.3071   (Y': 17.9148   Cb: 14.174    Cr: 14.2568 )
00000128: 16.3416   (Y': 17.9305   Cb: 14.1928   Cr: 14.34   )
00000129: 16.2987   (Y': 17.8814   Cb: 14.1706   Cr: 14.2866 )
00000130: 16.2871   (Y': 17.8776   Cb: 14.1584   Cr: 14.2623 )
00000131: 16.3266   (Y': 17.9334   Cb: 14.1375   Cr: 14.3359 )
00000133: 16.272    (Y': 17.8928   Cb: 14.1037   Cr: 14.2353 )
00000132: 16.2887   (Y': 17.8921   Cb: 14.0931   Cr: 14.3105 )
00000134: 16.2549   (Y': 17.8753   Cb: 14.0727   Cr: 14.2333 )
00000135: 16.2139   (Y': 17.8034   Cb: 14.0733   Cr: 14.2028 )
00000136: 16.2479   (Y': 17.8381   Cb: 14.0638   Cr: 14.281  )
00000137: 16.2204   (Y': 17.8001   Cb: 14.0865   Cr: 14.2195 )
00000138: 16.2409   (Y': 17.8387   Cb: 14.0794   Cr: 14.237  )
00000139: 16.2395   (Y': 17.8456   Cb: 14.0542   Cr: 14.2459 )
00000141: 16.2301   (Y': 17.8363   Cb: 14.0713   Cr: 14.2086 )
00000140: 16.2262   (Y': 17.8172   Cb: 14.0738   Cr: 14.2246 )
00000143: 16.2491   (Y': 17.8535   Cb: 14.0493   Cr: 14.2737 )
00000142: 16.2153   (Y': 17.82     Cb: 14.0643   Cr: 14.1884 )
00000144: 16.2354   (Y': 17.8472   Cb: 14.0395   Cr: 14.243  )
00000145: 16.2483   (Y': 17.8671   Cb: 14.0358   Cr: 14.2609 )
00000146: 16.2782   (Y': 17.8739   Cb: 14.1465   Cr: 14.247  )
00000147: 16.2536   (Y': 17.8716   Cb: 14.0524   Cr: 14.2556 )
00000148: 16.2498   (Y': 17.8468   Cb: 14.0923   Cr: 14.2433 )
00000149: 16.2583   (Y': 17.8541   Cb: 14.0762   Cr: 14.2795 )
00000151: 16.2231   (Y': 17.8223   Cb: 14.0368   Cr: 14.2424 )
00000150: 16.2624   (Y': 17.8641   Cb: 14.0873   Cr: 14.2658 )
00000152: 16.2487   (Y': 17.8264   Cb: 14.0915   Cr: 14.2757 )
00000153: 16.2511   (Y': 17.8717   Cb: 14.0528   Cr: 14.2455 )
00000154: 16.2563   (Y': 17.8542   Cb: 14.0863   Cr: 14.261  )
00000155: 16.2635   (Y': 17.8519   Cb: 14.1024   Cr: 14.2756 )
00000156: 16.2938   (Y': 17.8727   Cb: 14.1741   Cr: 14.2795 )
00000157: 16.253    (Y': 17.8587   Cb: 14.0859   Cr: 14.2412 )
00000158: 16.2529   (Y': 17.8598   Cb: 14.08     Cr: 14.2449 )
00000159: 16.2525   (Y': 17.8689   Cb: 14.0537   Cr: 14.2549 )
00000160: 16.2591   (Y': 17.8586   Cb: 14.0916   Cr: 14.2584 )
00000161: 16.2786   (Y': 17.8747   Cb: 14.0922   Cr: 14.3038 )
00000162: 16.2584   (Y': 17.9067   Cb: 14.0474   Cr: 14.2187 )
00000163: 16.3022   (Y': 17.9185   Cb: 14.1106   Cr: 14.2973 )
00000164: 16.287    (Y': 17.945    Cb: 14.0448   Cr: 14.263  )
00000165: 16.3093   (Y': 17.9273   Cb: 14.0692   Cr: 14.3526 )
00000166: 16.3312   (Y': 17.9413   Cb: 14.1129   Cr: 14.3653 )
00000167: 16.3035   (Y': 17.9034   Cb: 14.1327   Cr: 14.3058 )
00000168: 16.2777   (Y': 17.862    Cb: 14.1274   Cr: 14.2858 )
00000169: 16.2765   (Y': 17.8675   Cb: 14.1142   Cr: 14.2852 )
00000170: 16.3055   (Y': 17.8634   Cb: 14.1708   Cr: 14.3442 )
00000171: 16.2963   (Y': 17.8753   Cb: 14.1255   Cr: 14.3349 )
00000172: 16.2936   (Y': 17.8726   Cb: 14.1075   Cr: 14.3486 )
00000173: 16.2926   (Y': 17.8708   Cb: 14.1651   Cr: 14.2877 )
00000174: 16.2944   (Y': 17.8917   Cb: 14.1564   Cr: 14.2671 )
00000175: 16.309    (Y': 17.8867   Cb: 14.1776   Cr: 14.309  )
00000176: 16.3071   (Y': 17.8761   Cb: 14.1763   Cr: 14.3219 )
00000177: 16.3166   (Y': 17.9168   Cb: 14.1414   Cr: 14.3227 )
00000178: 16.3003   (Y': 17.9113   Cb: 14.1188   Cr: 14.2942 )
00000179: 16.3265   (Y': 17.9163   Cb: 14.1871   Cr: 14.3135 )
00000180: 16.3008   (Y': 17.8938   Cb: 14.1357   Cr: 14.309  )
00000182: 16.2937   (Y': 17.872    Cb: 14.1551   Cr: 14.3001 )
00000181: 16.3163   (Y': 17.8859   Cb: 14.1571   Cr: 14.3595 )
00000183: 16.2684   (Y': 17.8824   Cb: 14.0995   Cr: 14.244  )
00000184: 16.2652   (Y': 17.875    Cb: 14.0709   Cr: 14.2744 )
00000185: 16.2786   (Y': 17.8761   Cb: 14.0859   Cr: 14.308  )
00000186: 16.3013   (Y': 17.9346   Cb: 14.1215   Cr: 14.2548 )
00000187: 16.2952   (Y': 17.8948   Cb: 14.1289   Cr: 14.2931 )
00000188: 16.2776   (Y': 17.8649   Cb: 14.1118   Cr: 14.2965 )
00000189: 16.3176   (Y': 17.8989   Cb: 14.1452   Cr: 14.354  )
00000190: 16.3212   (Y': 17.936    Cb: 14.1571   Cr: 14.2903 )
00000191: 16.3042   (Y': 17.9058   Cb: 14.1536   Cr: 14.2824 )
00000192: 16.3098   (Y': 17.8725   Cb: 14.1592   Cr: 14.3563 )
00000193: 16.3326   (Y': 17.9187   Cb: 14.1969   Cr: 14.3223 )
00000194: 16.2975   (Y': 17.908    Cb: 14.1449   Cr: 14.2625 )
00000195: 16.3257   (Y': 17.9194   Cb: 14.1867   Cr: 14.3057 )
00000196: 16.2921   (Y': 17.877    Cb: 14.1133   Cr: 14.3288 )
00000197: 16.2623   (Y': 17.8389   Cb: 14.0945   Cr: 14.3021 )
00000198: 16.2605   (Y': 17.8139   Cb: 14.1164   Cr: 14.3168 )
00000199: 16.2628   (Y': 17.8057   Cb: 14.1177   Cr: 14.3391 )
00000200: 16.349    (Y': 17.824    Cb: 14.1887   Cr: 14.5666 )
00000201: 16.3531   (Y': 17.8212   Cb: 14.1718   Cr: 14.607  )
00000202: 16.3656   (Y': 17.8459   Cb: 14.1531   Cr: 14.6309 )
00000203: 16.375    (Y': 17.8415   Cb: 14.1699   Cr: 14.6587 )
00000204: 16.3828   (Y': 17.8531   Cb: 14.1648   Cr: 14.6736 )
00000205: 16.3796   (Y': 17.8657   Cb: 14.1551   Cr: 14.6471 )
00000206: 16.3887   (Y': 17.8475   Cb: 14.1664   Cr: 14.7064 )
00000207: 16.3863   (Y': 17.8656   Cb: 14.168    Cr: 14.6601 )
00000208: 16.3803   (Y': 17.8289   Cb: 14.1404   Cr: 14.7381 )
00000209: 16.3726   (Y': 17.8252   Cb: 14.1389   Cr: 14.7154 )
00000210: 16.3886   (Y': 17.8105   Cb: 14.2065   Cr: 14.7329 )
00000211: 16.3924   (Y': 17.8085   Cb: 14.2059   Cr: 14.753  )
00000212: 16.3802   (Y': 17.7639   Cb: 14.222    Cr: 14.7734 )
00000213: 16.3138   (Y': 17.6673   Cb: 14.2062   Cr: 14.7107 )
00000214: 16.2601   (Y': 17.6095   Cb: 14.1439   Cr: 14.6753 )
00000215: 16.2442   (Y': 17.5755   Cb: 14.1707   Cr: 14.6484 )
00000216: 16.2845   (Y': 17.6435   Cb: 14.1765   Cr: 14.6709 )
00000217: 16.3631   (Y': 17.7424   Cb: 14.1984   Cr: 14.7726 )
00000218: 16.8463   (Y': 18.2663   Cb: 14.6018   Cr: 15.2661 )
00000219: 17.2      (Y': 18.6501   Cb: 14.8472   Cr: 15.688  )
00000220: 17.2174   (Y': 18.6867   Cb: 14.8667   Cr: 15.6643 )
00000221: 16.681    (Y': 18.0621   Cb: 14.4742   Cr: 15.1355 )
00000223: 16.5301   (Y': 17.9005   Cb: 14.3723   Cr: 14.9497 )
00000222: 16.5602   (Y': 17.9522   Cb: 14.3458   Cr: 15.0012 )
00000224: 16.4263   (Y': 17.7755   Cb: 14.288    Cr: 14.867  )
00000225: 16.3717   (Y': 17.7399   Cb: 14.1971   Cr: 14.8152 )
00000226: 16.4261   (Y': 17.8176   Cb: 14.2352   Cr: 14.8412 )
00000227: 16.1451   (Y': 17.5472   Cb: 13.9284   Cr: 14.5686 )
00000228: 16.1365   (Y': 17.5431   Cb: 13.9495   Cr: 14.5168 )
00000229: 16.5093   (Y': 17.7902   Cb: 14.5004   Cr: 14.9453 )
00000230: 16.5355   (Y': 17.8134   Cb: 14.5496   Cr: 14.9522 )
00000231: 16.4829   (Y': 17.7922   Cb: 14.4091   Cr: 14.9325 )
00000232: 16.472    (Y': 17.7652   Cb: 14.4425   Cr: 14.9051 )
00000233: 16.5024   (Y': 17.7752   Cb: 14.4148   Cr: 15.0442 )
00000234: 16.4943   (Y': 17.776    Cb: 14.3613   Cr: 15.07   )
00000235: 16.5121   (Y': 17.8024   Cb: 14.4065   Cr: 15.0377 )
00000236: 16.488    (Y': 17.7709   Cb: 14.3933   Cr: 15.0166 )
00000237: 16.5057   (Y': 17.7821   Cb: 14.4043   Cr: 15.056  )
00000238: 16.5153   (Y': 17.7811   Cb: 14.4495   Cr: 15.0474 )
00000239: 16.5127   (Y': 17.7945   Cb: 14.3998   Cr: 15.0649 )
00000240: 16.5096   (Y': 17.788    Cb: 14.4133   Cr: 15.0497 )
00000241: 16.5205   (Y': 17.7899   Cb: 14.4224   Cr: 15.0821 )
00000242: 16.5119   (Y': 17.8019   Cb: 14.4219   Cr: 15.0201 )
00000243: 16.5096   (Y': 17.7819   Cb: 14.4126   Cr: 15.0635 )
00000244: 16.486    (Y': 17.7846   Cb: 14.4047   Cr: 14.9663 )
00000245: 16.5014   (Y': 17.8011   Cb: 14.3763   Cr: 15.0296 )
00000246: 16.5109   (Y': 17.7816   Cb: 14.4686   Cr: 15.0056 )
00000247: 16.4977   (Y': 17.7999   Cb: 14.4102   Cr: 14.9776 )
00000248: 16.4853   (Y': 17.7844   Cb: 14.3595   Cr: 15.0158 )
00000249: 16.4766   (Y': 17.7529   Cb: 14.4093   Cr: 14.9878 )
00000250: 16.5062   (Y': 17.7751   Cb: 14.4427   Cr: 15.0288 )
00000251: 16.5111   (Y': 17.7745   Cb: 14.4471   Cr: 15.0461 )
00000252: 16.4842   (Y': 17.7593   Cb: 14.4159   Cr: 14.9992 )
00000253: 16.4956   (Y': 17.7894   Cb: 14.3798   Cr: 15.0258 )
00000254: 16.4938   (Y': 17.7771   Cb: 14.3712   Cr: 15.0541 )
00000255: 16.5106   (Y': 17.795    Cb: 14.4023   Cr: 15.0517 )
00000256: 16.5003   (Y': 17.7659   Cb: 14.4127   Cr: 15.0577 )
00000257: 16.5065   (Y': 17.7898   Cb: 14.4001   Cr: 15.0478 )
00000258: 16.5205   (Y': 17.7768   Cb: 14.4512   Cr: 15.0767 )
00000259: 16.5178   (Y': 17.7775   Cb: 14.4516   Cr: 15.0631 )
00000260: 16.5013   (Y': 17.7784   Cb: 14.4047   Cr: 15.0444 )
00000261: 16.4889   (Y': 17.7729   Cb: 14.3936   Cr: 15.016  )
00000262: 16.5092   (Y': 17.7578   Cb: 14.4447   Cr: 15.0762 )
00000263: 16.5243   (Y': 17.7837   Cb: 14.4617   Cr: 15.066  )
00000264: 16.4895   (Y': 17.7617   Cb: 14.4131   Cr: 15.0198 )
00000265: 16.4826   (Y': 17.7724   Cb: 14.3916   Cr: 14.9923 )
00000266: 16.4893   (Y': 17.7677   Cb: 14.4148   Cr: 15.0041 )
00000267: 16.4882   (Y': 17.7575   Cb: 14.4258   Cr: 15.0086 )
00000268: 16.4931   (Y': 17.781    Cb: 14.4335   Cr: 14.9712 )
00000269: 16.4756   (Y': 17.7499   Cb: 14.4031   Cr: 14.9968 )
00000270: 16.4977   (Y': 17.7658   Cb: 14.3921   Cr: 15.0703 )
00000271: 16.5252   (Y': 17.8118   Cb: 14.4315   Cr: 15.0449 )
00000272: 16.5047   (Y': 17.8028   Cb: 14.3966   Cr: 15.0169 )
00000273: 16.5079   (Y': 17.8007   Cb: 14.4194   Cr: 15.0086 )
00000274: 16.5147   (Y': 17.7926   Cb: 14.436    Cr: 15.0354 )
00000275: 16.4936   (Y': 17.7773   Cb: 14.4265   Cr: 14.9891 )
00000276: 16.4945   (Y': 17.7597   Cb: 14.4312   Cr: 15.0248 )
00000277: 16.4494   (Y': 17.7401   Cb: 14.3232   Cr: 14.9981 )
00000278: 16.4845   (Y': 17.767    Cb: 14.3974   Cr: 15.0054 )
00000279: 16.4902   (Y': 17.7632   Cb: 14.399    Cr: 15.0359 )
00000280: 16.5061   (Y': 17.7893   Cb: 14.4182   Cr: 15.0264 )
00000281: 16.499    (Y': 17.7734   Cb: 14.4127   Cr: 15.0362 )
00000282: 16.5029   (Y': 17.7844   Cb: 14.4104   Cr: 15.032  )
00000283: 16.4838   (Y': 17.756    Cb: 14.3839   Cr: 15.0414 )
00000284: 16.4865   (Y': 17.7483   Cb: 14.4437   Cr: 15.0003 )
00000285: 16.482    (Y': 17.7978   Cb: 14.374    Cr: 14.957  )
00000286: 16.4711   (Y': 17.7422   Cb: 14.3798   Cr: 15.0212 )
00000287: 16.5083   (Y': 17.7738   Cb: 14.4081   Cr: 15.0805 )
00000288: 16.4843   (Y': 17.7576   Cb: 14.4062   Cr: 15.0142 )
00000289: 16.4758   (Y': 17.7574   Cb: 14.3803   Cr: 15.0083 )
00000290: 16.4907   (Y': 17.7348   Cb: 14.4429   Cr: 15.0485 )
00000291: 16.4581   (Y': 17.756    Cb: 14.346    Cr: 14.9753 )
00000292: 16.4863   (Y': 17.7578   Cb: 14.3822   Cr: 15.0501 )
00000293: 16.4827   (Y': 17.7565   Cb: 14.4191   Cr: 14.9953 )
00000294: 16.4889   (Y': 17.7684   Cb: 14.3503   Cr: 15.0761 )
00000295: 16.4821   (Y': 17.7606   Cb: 14.392    Cr: 15.0151 )
00000296: 16.4699   (Y': 17.7572   Cb: 14.3773   Cr: 14.9868 )
00000297: 16.5108   (Y': 17.7904   Cb: 14.4303   Cr: 15.0301 )
00000298: 16.4867   (Y': 17.7704   Cb: 14.3871   Cr: 15.0195 )
00000299: 16.5181   (Y': 17.7795   Cb: 14.4601   Cr: 15.0506 )
00000300: 16.4918   (Y': 17.7827   Cb: 14.3423   Cr: 15.0676 )
00000301: 16.5514   (Y': 17.8415   Cb: 14.4381   Cr: 15.0866 )
00000302: 16.4974   (Y': 17.7787   Cb: 14.4002   Cr: 15.0323 )
00000303: 16.5011   (Y': 17.7888   Cb: 14.3976   Cr: 15.0297 )
00000304: 16.4633   (Y': 17.7476   Cb: 14.3657   Cr: 14.9925 )
00000305: 16.5222   (Y': 17.8208   Cb: 14.404    Cr: 15.0448 )
00000306: 16.516    (Y': 17.8152   Cb: 14.3826   Cr: 15.0549 )
00000307: 16.5488   (Y': 17.854    Cb: 14.4101   Cr: 15.0814 )
00000308: 16.5466   (Y': 17.8786   Cb: 14.3955   Cr: 15.0374 )
00000309: 16.5123   (Y': 17.827    Cb: 14.4032   Cr: 14.9909 )
00000310: 16.483    (Y': 17.7805   Cb: 14.3471   Cr: 15.0287 )
00000311: 16.5207   (Y': 17.8322   Cb: 14.3768   Cr: 15.0462 )
00000312: 16.5159   (Y': 17.8115   Cb: 14.4009   Cr: 15.041  )
00000313: 16.5196   (Y': 17.8098   Cb: 14.4      Cr: 15.0618 )
00000314: 16.5431   (Y': 17.8455   Cb: 14.39     Cr: 15.0987 )
00000315: 16.6401   (Y': 17.9902   Cb: 14.442    Cr: 15.1479 )
00000316: 16.6121   (Y': 17.9693   Cb: 14.4309   Cr: 15.0858 )
00000317: 16.6007   (Y': 17.9354   Cb: 14.4699   Cr: 15.0627 )
00000318: 16.5777   (Y': 17.8974   Cb: 14.4362   Cr: 15.0832 )
00000319: 16.5788   (Y': 17.8971   Cb: 14.4216   Cr: 15.1055 )
00000320: 16.5377   (Y': 17.8845   Cb: 14.3721   Cr: 15.0146 )
00000321: 16.5875   (Y': 17.9585   Cb: 14.4      Cr: 15.0401 )
00000322: 16.5688   (Y': 17.9174   Cb: 14.4321   Cr: 15.0088 )
00000323: 16.5258   (Y': 17.8542   Cb: 14.3886   Cr: 15.0082 )
00000324: 16.5604   (Y': 17.8998   Cb: 14.4051   Cr: 15.0406 )
00000325: 16.5193   (Y': 17.8498   Cb: 14.3776   Cr: 15.0025 )
00000326: 16.5575   (Y': 17.8965   Cb: 14.3822   Cr: 15.0616 )
00000327: 16.5828   (Y': 17.9486   Cb: 14.3995   Cr: 15.0412 )
00000328: 16.5061   (Y': 17.8516   Cb: 14.3335   Cr: 14.994  )
00000329: 16.5198   (Y': 17.8582   Cb: 14.3941   Cr: 14.968  )
00000330: 16.5425   (Y': 17.8899   Cb: 14.3582   Cr: 15.04   )
00000331: 16.5028   (Y': 17.8556   Cb: 14.3069   Cr: 15.0026 )
00000332: 16.5038   (Y': 17.8137   Cb: 14.3731   Cr: 15.0173 )
00000333: 16.4999   (Y': 17.8278   Cb: 14.3699   Cr: 14.9748 )
00000334: 16.52     (Y': 17.8481   Cb: 14.3814   Cr: 15.0045 )
00000335: 16.5365   (Y': 17.8656   Cb: 14.3869   Cr: 15.0318 )
00000336: 16.5262   (Y': 17.847    Cb: 14.3786   Cr: 15.0362 )
00000337: 16.5284   (Y': 17.872    Cb: 14.386    Cr: 14.9852 )
00000338: 16.5364   (Y': 17.8724   Cb: 14.3962   Cr: 15.0065 )
00000339: 16.5074   (Y': 17.8328   Cb: 14.3391   Cr: 15.032  )
00000340: 16.4919   (Y': 17.844    Cb: 14.3147   Cr: 14.9712 )
00000341: 16.5223   (Y': 17.8478   Cb: 14.3718   Cr: 15.026  )
00000342: 16.5191   (Y': 17.857    Cb: 14.3672   Cr: 14.9985 )
00000343: 16.515    (Y': 17.8517   Cb: 14.3722   Cr: 14.9866 )
00000344: 16.5154   (Y': 17.8753   Cb: 14.3257   Cr: 14.9932 )
00000345: 16.6037   (Y': 17.9993   Cb: 14.4098   Cr: 15.0138 )
00000346: 16.5946   (Y': 17.9701   Cb: 14.4329   Cr: 15.0085 )
00000347: 16.5507   (Y': 17.9294   Cb: 14.359    Cr: 14.9926 )
00000348: 16.5204   (Y': 17.9001   Cb: 14.3194   Cr: 14.9711 )
00000349: 16.5232   (Y': 17.8669   Cb: 14.3496   Cr: 15.0157 )
00000350: 16.5369   (Y': 17.8846   Cb: 14.3931   Cr: 14.9869 )
00000351: 16.5598   (Y': 17.9046   Cb: 14.415    Cr: 15.0169 )
00000352: 16.53     (Y': 17.9066   Cb: 14.3365   Cr: 14.9783 )
00000353: 16.5398   (Y': 17.8825   Cb: 14.3792   Cr: 15.0194 )
00000354: 16.5153   (Y': 17.8549   Cb: 14.3654   Cr: 14.9889 )
00000355: 16.5176   (Y': 17.8728   Cb: 14.3336   Cr: 14.9988 )
00000356: 16.6434   (Y': 18.0266   Cb: 14.4326   Cr: 15.098  )
00000357: 17.2269   (Y': 18.7025   Cb: 14.8593   Cr: 15.6818 )
00000358: 17.6315   (Y': 19.1286   Cb: 15.1889   Cr: 16.1351 )
00000359: 17.6634   (Y': 19.1538   Cb: 15.2139   Cr: 16.1889 )
00000360: 17.3618   (Y': 18.8596   Cb: 14.9636   Cr: 15.8094 )
00000361: 17.2579   (Y': 18.7314   Cb: 14.9183   Cr: 15.6831 )
00000362: 17.1757   (Y': 18.6324   Cb: 14.8597   Cr: 15.6061 )
00000363: 16.9014   (Y': 18.2173   Cb: 14.7643   Cr: 15.4097 )
00000364: 16.7603   (Y': 18.0498   Cb: 14.6523   Cr: 15.2902 )
00000365: 16.6866   (Y': 17.9189   Cb: 14.5889   Cr: 15.3282 )
00000366: 16.5615   (Y': 17.7573   Cb: 14.551    Cr: 15.1816 )
00000367: 16.4842   (Y': 17.706    Cb: 14.442    Cr: 15.0836 )
00000368: 16.4829   (Y': 17.7036   Cb: 14.423    Cr: 15.1053 )
00000369: 16.4733   (Y': 17.6868   Cb: 14.4614   Cr: 15.056  )
00000370: 16.475    (Y': 17.6777   Cb: 14.4436   Cr: 15.104  )
00000371: 16.4587   (Y': 17.6683   Cb: 14.4126   Cr: 15.0897 )
00000372: 16.4426   (Y': 17.6492   Cb: 14.419    Cr: 15.0542 )
00000373: 16.4598   (Y': 17.6774   Cb: 14.4331   Cr: 15.0507 )
00000374: 16.4581   (Y': 17.668    Cb: 14.4482   Cr: 15.0466 )
00000375: 16.4618   (Y': 17.6519   Cb: 14.4501   Cr: 15.0958 )
00000376: 16.4407   (Y': 17.6394   Cb: 14.4433   Cr: 15.0392 )
00000377: 16.4601   (Y': 17.6831   Cb: 14.4062   Cr: 15.0709 )
00000378: 16.4667   (Y': 17.642    Cb: 14.4884   Cr: 15.0949 )
00000379: 16.4521   (Y': 17.6662   Cb: 14.4252   Cr: 15.0509 )
00000380: 16.4792   (Y': 17.6853   Cb: 14.4594   Cr: 15.0873 )
00000381: 16.4869   (Y': 17.6739   Cb: 14.4843   Cr: 15.1173 )
00000382: 16.5086   (Y': 17.6964   Cb: 14.5177   Cr: 15.1235 )
00000383: 16.4955   (Y': 17.7022   Cb: 14.4928   Cr: 15.0829 )
00000384: 16.4858   (Y': 17.6821   Cb: 14.4814   Cr: 15.0977 )
00000385: 16.4932   (Y': 17.6818   Cb: 14.498    Cr: 15.1115 )
00000386: 16.4938   (Y': 17.7085   Cb: 14.4665   Cr: 15.0919 )
00000387: 16.5119   (Y': 17.7194   Cb: 14.5107   Cr: 15.0959 )
00000388: 16.5005   (Y': 17.7311   Cb: 14.4799   Cr: 15.0561 )
00000389: 16.5211   (Y': 17.74     Cb: 14.4773   Cr: 15.1287 )
00000390: 16.5248   (Y': 17.7391   Cb: 14.4758   Cr: 15.1485 )
00000391: 16.5227   (Y': 17.7472   Cb: 14.4987   Cr: 15.0956 )
00000392: 16.5207   (Y': 17.7342   Cb: 14.4867   Cr: 15.1289 )
00000393: 16.5135   (Y': 17.7511   Cb: 14.4567   Cr: 15.0953 )
00000394: 16.5099   (Y': 17.7399   Cb: 14.4467   Cr: 15.1163 )
00000395: 16.4844   (Y': 17.7153   Cb: 14.4196   Cr: 15.0903 )
00000396: 16.4861   (Y': 17.7183   Cb: 14.4127   Cr: 15.0994 )
00000397: 16.5146   (Y': 17.7396   Cb: 14.4376   Cr: 15.1477 )
00000398: 16.4965   (Y': 17.7109   Cb: 14.4455   Cr: 15.1227 )
00000399: 16.5352   (Y': 17.7766   Cb: 14.4692   Cr: 15.1197 )
00000400: 16.5482   (Y': 17.7926   Cb: 14.4787   Cr: 15.1302 )
00000401: 16.5768   (Y': 17.8325   Cb: 14.518    Cr: 15.1223 )
00000402: 16.5145   (Y': 17.7463   Cb: 14.4735   Cr: 15.0908 )
00000403: 16.4861   (Y': 17.6932   Cb: 14.4656   Cr: 15.0928 )
00000404: 16.5041   (Y': 17.7101   Cb: 14.5039   Cr: 15.0899 )
00000405: 16.5037   (Y': 17.7419   Cb: 14.429    Cr: 15.1051 )
00000406: 16.5768   (Y': 17.8139   Cb: 14.5029   Cr: 15.1799 )
00000407: 16.5643   (Y': 17.8059   Cb: 14.4969   Cr: 15.1502 )
00000408: 16.5825   (Y': 17.8415   Cb: 14.4806   Cr: 15.171  )
00000409: 16.5852   (Y': 17.8237   Cb: 14.5087   Cr: 15.1883 )
00000410: 16.51     (Y': 17.7325   Cb: 14.4409   Cr: 15.1395 )
00000411: 16.506    (Y': 17.7611   Cb: 14.4156   Cr: 15.0892 )
00000412: 16.4989   (Y': 17.7315   Cb: 14.4643   Cr: 15.0662 )
00000413: 16.5102   (Y': 17.7198   Cb: 14.5149   Cr: 15.0826 )
00000414: 16.5594   (Y': 17.8036   Cb: 14.4805   Cr: 15.1528 )
00000415: 16.5111   (Y': 17.7377   Cb: 14.4608   Cr: 15.1098 )
00000416: 16.512    (Y': 17.7319   Cb: 14.4636   Cr: 15.1232 )
00000417: 16.4961   (Y': 17.7287   Cb: 14.4181   Cr: 15.1136 )
00000418: 16.501    (Y': 17.7428   Cb: 14.4256   Cr: 15.0955 )
00000419: 16.5073   (Y': 17.7221   Cb: 14.4451   Cr: 15.1459 )
00000420: 16.5066   (Y': 17.7461   Cb: 14.4457   Cr: 15.0895 )
00000421: 16.5014   (Y': 17.7258   Cb: 14.4606   Cr: 15.0939 )
00000422: 16.5911   (Y': 17.8548   Cb: 14.5054   Cr: 15.1502 )
00000423: 16.5477   (Y': 17.8185   Cb: 14.4364   Cr: 15.1216 )
00000424: 16.5439   (Y': 17.8277   Cb: 14.4654   Cr: 15.0522 )
00000425: 16.532    (Y': 17.7741   Cb: 14.4528   Cr: 15.1301 )
00000426: 16.5208   (Y': 17.7753   Cb: 14.4649   Cr: 15.0657 )
00000427: 16.5266   (Y': 17.7769   Cb: 14.4503   Cr: 15.1038 )
00000428: 16.5413   (Y': 17.8068   Cb: 14.4299   Cr: 15.1268 )
00000429: 16.496    (Y': 17.755    Cb: 14.4187   Cr: 15.0554 )
00000430: 16.5443   (Y': 17.7921   Cb: 14.459    Cr: 15.1377 )
00000431: 16.5366   (Y': 17.7855   Cb: 14.4717   Cr: 15.1036 )
00000432: 16.5465   (Y': 17.8097   Cb: 14.4498   Cr: 15.1195 )
00000433: 16.5258   (Y': 17.7509   Cb: 14.4939   Cr: 15.1062 )
00000434: 16.5773   (Y': 17.8389   Cb: 14.4908   Cr: 15.142  )
00000435: 16.651    (Y': 17.9585   Cb: 14.4947   Cr: 15.1994 )
00000436: 16.572    (Y': 17.8437   Cb: 14.4719   Cr: 15.131  )
00000437: 16.6189   (Y': 17.8917   Cb: 14.5336   Cr: 15.1583 )
00000438: 16.5933   (Y': 17.8585   Cb: 14.4909   Cr: 15.1688 )
00000439: 16.5616   (Y': 17.823    Cb: 14.4731   Cr: 15.1292 )
00000440: 16.5098   (Y': 17.7609   Cb: 14.423    Cr: 15.0975 )
00000441: 16.5293   (Y': 17.7836   Cb: 14.4475   Cr: 15.1041 )
00000442: 16.5366   (Y': 17.8032   Cb: 14.4636   Cr: 15.0749 )
00000443: 16.5071   (Y': 17.7697   Cb: 14.4148   Cr: 15.0764 )
00000444: 16.5298   (Y': 17.7956   Cb: 14.4294   Cr: 15.1018 )
00000445: 16.5698   (Y': 17.8068   Cb: 14.5473   Cr: 15.1137 )
00000446: 16.6143   (Y': 17.9034   Cb: 14.5232   Cr: 15.1259 )
00000447: 16.6374   (Y': 17.9622   Cb: 14.5067   Cr: 15.1194 )
00000448: 16.6222   (Y': 17.9486   Cb: 14.474    Cr: 15.1213 )
00000449: 16.6331   (Y': 17.8966   Cb: 14.5427   Cr: 15.1985 )
00000450: 16.6202   (Y': 17.906    Cb: 14.4793   Cr: 15.1963 )
00000451: 16.6042   (Y': 17.9071   Cb: 14.4505   Cr: 15.1591 )
00000452: 16.5961   (Y': 17.8947   Cb: 14.4596   Cr: 15.1401 )
00000453: 16.5832   (Y': 17.8883   Cb: 14.4622   Cr: 15.0951 )
00000454: 16.567    (Y': 17.8744   Cb: 14.4274   Cr: 15.0959 )
00000455: 16.5431   (Y': 17.837    Cb: 14.4193   Cr: 15.0823 )
00000456: 16.5624   (Y': 17.8543   Cb: 14.4299   Cr: 15.116  )
00000457: 16.5638   (Y': 17.8554   Cb: 14.4458   Cr: 15.101  )
00000458: 16.5558   (Y': 17.8339   Cb: 14.4483   Cr: 15.1094 )
00000459: 16.5778   (Y': 17.8686   Cb: 14.4486   Cr: 15.1297 )
00000460: 16.5975   (Y': 17.9369   Cb: 14.4484   Cr: 15.0706 )
00000461: 16.5906   (Y': 17.9247   Cb: 14.4393   Cr: 15.0772 )
00000462: 16.5729   (Y': 17.9197   Cb: 14.4089   Cr: 15.0479 )
00000463: 16.5708   (Y': 17.891    Cb: 14.4349   Cr: 15.0685 )
00000464: 16.5584   (Y': 17.8451   Cb: 14.4361   Cr: 15.1112 )
00000465: 16.5446   (Y': 17.8526   Cb: 14.4173   Cr: 15.0578 )
00000466: 16.553    (Y': 17.8543   Cb: 14.4338   Cr: 15.0711 )
00000467: 16.5339   (Y': 17.8319   Cb: 14.4247   Cr: 15.0474 )
00000468: 16.4857   (Y': 17.7959   Cb: 14.3423   Cr: 15.0133 )
00000469: 16.5093   (Y': 17.7839   Cb: 14.4304   Cr: 15.0375 )
00000470: 16.5246   (Y': 17.7888   Cb: 14.4378   Cr: 15.084  )
00000471: 16.5138   (Y': 17.8217   Cb: 14.3805   Cr: 15.0345 )
00000472: 16.5061   (Y': 17.7864   Cb: 14.3906   Cr: 15.0646 )
00000473: 16.512    (Y': 17.7663   Cb: 14.4235   Cr: 15.0948 )
00000474: 16.4937   (Y': 17.7809   Cb: 14.405    Cr: 15.0062 )
00000475: 16.477    (Y': 17.7568   Cb: 14.3909   Cr: 15.0022 )
00000476: 16.4993   (Y': 17.7712   Cb: 14.4382   Cr: 15.0127 )
00000477: 16.5108   (Y': 17.7985   Cb: 14.3897   Cr: 15.0598 )
00000479: 16.506    (Y': 17.7909   Cb: 14.4056   Cr: 15.037  )
00000478: 16.5013   (Y': 17.7913   Cb: 14.3824   Cr: 15.0429 )
00000480: 16.4745   (Y': 17.7684   Cb: 14.3662   Cr: 14.9957 )
00000481: 16.4809   (Y': 17.7617   Cb: 14.3925   Cr: 15.0071 )
00000482: 16.4765   (Y': 17.7584   Cb: 14.3943   Cr: 14.9928 )
00000483: 16.4974   (Y': 17.7762   Cb: 14.4194   Cr: 15.0156 )
00000484: 16.4622   (Y': 17.7192   Cb: 14.3794   Cr: 15.0325 )
00000485: 16.4823   (Y': 17.7505   Cb: 14.3793   Cr: 15.0521 )
00000487: 16.4804   (Y': 17.7453   Cb: 14.4112   Cr: 15.0181 )
00000486: 16.4729   (Y': 17.7478   Cb: 14.4127   Cr: 14.979  )
00000488: 16.51     (Y': 17.7677   Cb: 14.4474   Cr: 15.0555 )
00000489: 16.4874   (Y': 17.7475   Cb: 14.393    Cr: 15.0646 )
00000490: 16.4776   (Y': 17.7551   Cb: 14.4055   Cr: 14.9918 )
00000491: 16.4662   (Y': 17.7484   Cb: 14.3484   Cr: 15.0234 )
00000492: 16.4591   (Y': 17.7211   Cb: 14.3677   Cr: 15.0285 )
00000493: 16.4805   (Y': 17.7508   Cb: 14.3965   Cr: 15.0236 )
00000494: 16.4719   (Y': 17.7628   Cb: 14.367    Cr: 14.9955 )
00000495: 16.4651   (Y': 17.7738   Cb: 14.3204   Cr: 14.9971 )
00000496: 16.4504   (Y': 17.7416   Cb: 14.3291   Cr: 14.9921 )
00000497: 16.4387   (Y': 17.7283   Cb: 14.339    Cr: 14.9589 )
00000498: 16.4647   (Y': 17.7369   Cb: 14.3558   Cr: 15.0327 )
00000499: 16.4656   (Y': 17.7506   Cb: 14.382    Cr: 14.9769 )
00000500: 16.4688   (Y': 17.7545   Cb: 14.3897   Cr: 14.9737 )
00000501: 16.4683   (Y': 17.7461   Cb: 14.4125   Cr: 14.9631 )
00000503: 16.4632   (Y': 17.7535   Cb: 14.3461   Cr: 15.0022 )
00000502: 16.4971   (Y': 17.7492   Cb: 14.4007   Cr: 15.0936 )
00000504: 16.4868   (Y': 17.7682   Cb: 14.3893   Cr: 15.0219 )
00000505: 16.4644   (Y': 17.7578   Cb: 14.3595   Cr: 14.9827 )
00000506: 16.4653   (Y': 17.7482   Cb: 14.3457   Cr: 15.0228 )
00000507: 16.4578   (Y': 17.7483   Cb: 14.352    Cr: 14.9832 )
00000508: 16.4519   (Y': 17.7356   Cb: 14.3729   Cr: 14.9608 )
00000509: 16.4748   (Y': 17.7855   Cb: 14.3637   Cr: 14.9638 )
00000510: 16.4802   (Y': 17.7576   Cb: 14.3764   Cr: 15.031  )
00000511: 16.4799   (Y': 17.7443   Cb: 14.4128   Cr: 15.0162 )
00000512: 16.4647   (Y': 17.7542   Cb: 14.3326   Cr: 15.023  )
00000513: 16.4844   (Y': 17.7739   Cb: 14.3787   Cr: 15.0119 )
00000514: 16.4565   (Y': 17.7344   Cb: 14.3744   Cr: 14.9811 )
00000515: 16.4601   (Y': 17.7371   Cb: 14.3638   Cr: 15.0033 )
00000516: 16.4946   (Y': 17.7824   Cb: 14.4121   Cr: 14.9987 )
00000517: 16.4724   (Y': 17.744    Cb: 14.3878   Cr: 15.0137 )
00000518: 16.4663   (Y': 17.751    Cb: 14.3743   Cr: 14.9881 )
00000519: 16.4776   (Y': 17.7596   Cb: 14.3808   Cr: 15.0107 )
00000520: 16.4809   (Y': 17.7494   Cb: 14.3798   Cr: 15.0478 )
00000521: 16.4808   (Y': 17.7653   Cb: 14.3554   Cr: 15.042  )
00000522: 16.4933   (Y': 17.7678   Cb: 14.4025   Cr: 15.0354 )
00000523: 16.4924   (Y': 17.7837   Cb: 14.39     Cr: 15.0124 )
00000524: 16.4764   (Y': 17.7583   Cb: 14.3712   Cr: 15.0196 )
00000525: 16.4657   (Y': 17.7445   Cb: 14.3681   Cr: 15.0067 )
00000526: 16.4799   (Y': 17.7527   Cb: 14.3855   Cr: 15.0296 )
00000527: 16.4608   (Y': 17.731    Cb: 14.4025   Cr: 14.9749 )
00000528: 16.4855   (Y': 17.7731   Cb: 14.3795   Cr: 15.0174 )
00000529: 16.4854   (Y': 17.7483   Cb: 14.4004   Cr: 15.0457 )
00000530: 16.4765   (Y': 17.7634   Cb: 14.3934   Cr: 14.9835 )
00000531: 16.4699   (Y': 17.735    Cb: 14.3938   Cr: 15.0151 )
00000532: 16.4734   (Y': 17.79     Cb: 14.3702   Cr: 14.9412 )
00000533: 16.4861   (Y': 17.7802   Cb: 14.4      Cr: 14.9811 )
00000534: 16.5039   (Y': 17.7703   Cb: 14.428    Cr: 15.0461 )
00000535: 16.4474   (Y': 17.7614   Cb: 14.3232   Cr: 14.9449 )
00000536: 16.4797   (Y': 17.7709   Cb: 14.4078   Cr: 14.9648 )
00000537: 16.4674   (Y': 17.7719   Cb: 14.3518   Cr: 14.9743 )
00000538: 16.4748   (Y': 17.7688   Cb: 14.385    Cr: 14.9745 )
00000539: 16.4824   (Y': 17.771    Cb: 14.3846   Cr: 15.0028 )
00000540: 16.4958   (Y': 17.7792   Cb: 14.4139   Cr: 15.0088 )
00000541: 16.5047   (Y': 17.8277   Cb: 14.3192   Cr: 15.0545 )
00000542: 16.5282   (Y': 17.8395   Cb: 14.3911   Cr: 15.046  )
00000543: 16.5376   (Y': 17.8205   Cb: 14.4565   Cr: 15.0506 )
00000544: 16.5335   (Y': 17.8266   Cb: 14.43     Cr: 15.0509 )
00000545: 16.5598   (Y': 17.8683   Cb: 14.4458   Cr: 15.0567 )
00000546: 16.58     (Y': 17.8777   Cb: 14.4642   Cr: 15.1016 )
00000547: 16.5722   (Y': 17.867    Cb: 14.4431   Cr: 15.1156 )
00000548: 16.5865   (Y': 17.9119   Cb: 14.4242   Cr: 15.1043 )
00000549: 16.6222   (Y': 17.9241   Cb: 14.5164   Cr: 15.1237 )
00000550: 16.6602   (Y': 17.9798   Cb: 14.5211   Cr: 15.1628 )
00000551: 16.6845   (Y': 17.9902   Cb: 14.5693   Cr: 15.1887 )
00000552: 16.6883   (Y': 17.9976   Cb: 14.5568   Cr: 15.2039 )
00000553: 16.6409   (Y': 17.9357   Cb: 14.5069   Cr: 15.1898 )
00000554: 16.6096   (Y': 17.882    Cb: 14.4865   Cr: 15.1941 )
00000555: 16.5701   (Y': 17.8059   Cb: 14.5186   Cr: 15.1502 )
00000556: 16.4708   (Y': 17.6731   Cb: 14.488    Cr: 15.0449 )
00000557: 16.5001   (Y': 17.7203   Cb: 14.4417   Cr: 15.1221 )
00000558: 16.4594   (Y': 17.6591   Cb: 14.4489   Cr: 15.0707 )
00000559: 16.4846   (Y': 17.661    Cb: 14.5161   Cr: 15.0992 )
00000560: 16.4758   (Y': 17.6402   Cb: 14.4837   Cr: 15.1445 )
00000561: 16.441    (Y': 17.6285   Cb: 14.4279   Cr: 15.0827 )
00000562: 16.4587   (Y': 17.641    Cb: 14.4589   Cr: 15.0965 )
00000563: 16.4534   (Y': 17.6265   Cb: 14.4386   Cr: 15.1291 )
00000564: 16.4437   (Y': 17.6079   Cb: 14.4475   Cr: 15.1178 )
00000565: 16.4583   (Y': 17.6391   Cb: 14.4494   Cr: 15.1099 )
00000567: 16.4401   (Y': 17.6155   Cb: 14.4575   Cr: 15.0735 )
00000566: 16.4378   (Y': 17.6      Cb: 14.4653   Cr: 15.0886 )
00000568: 16.4289   (Y': 17.6054   Cb: 14.3972   Cr: 15.1169 )
00000569: 16.4458   (Y': 17.6371   Cb: 14.4203   Cr: 15.0933 )
00000570: 16.4571   (Y': 17.6442   Cb: 14.455    Cr: 15.0866 )
00000571: 16.4759   (Y': 17.6596   Cb: 14.4414   Cr: 15.151  )
00000572: 16.4552   (Y': 17.6339   Cb: 14.4197   Cr: 15.1424 )
00000573: 16.4725   (Y': 17.6582   Cb: 14.4452   Cr: 15.1345 )
00000575: 16.4709   (Y': 17.6544   Cb: 14.4584   Cr: 15.1209 )
00000574: 16.4505   (Y': 17.6372   Cb: 14.4489   Cr: 15.0802 )
00000576: 16.4333   (Y': 17.6233   Cb: 14.416    Cr: 15.074  )
00000577: 16.5003   (Y': 17.6773   Cb: 14.499    Cr: 15.1516 )
00000578: 16.503    (Y': 17.7147   Cb: 14.4451   Cr: 15.1432 )
00000579: 16.5489   (Y': 17.7349   Cb: 14.5618   Cr: 15.1636 )
00000580: 16.5809   (Y': 17.7835   Cb: 14.5581   Cr: 15.2002 )
00000581: 16.6048   (Y': 17.8152   Cb: 14.5877   Cr: 15.2005 )
00000582: 16.608    (Y': 17.8105   Cb: 14.547    Cr: 15.2723 )
00000583: 16.5848   (Y': 17.7912   Cb: 14.5328   Cr: 15.2296 )
00000584: 16.5004   (Y': 17.755    Cb: 14.4971   Cr: 14.9854 )
00000585: 16.462    (Y': 17.7147   Cb: 14.4818   Cr: 14.925  )
00000586: 16.4219   (Y': 17.6294   Cb: 14.513    Cr: 14.9024 )
00000587: 16.3851   (Y': 17.5736   Cb: 14.4833   Cr: 14.8986 )
00000588: 16.3456   (Y': 17.5398   Cb: 14.4176   Cr: 14.8758 )
00000589: 16.3656   (Y': 17.551    Cb: 14.5165   Cr: 14.8282 )
00000591: 16.3285   (Y': 17.6428   Cb: 14.2794   Cr: 14.7401 )
00000590: 16.4148   (Y': 17.617    Cb: 14.493    Cr: 14.9207 )
00000592: 16.3586   (Y': 17.6838   Cb: 14.301    Cr: 14.7573 )
00000593: 16.3401   (Y': 17.6716   Cb: 14.2235   Cr: 14.7921 )
00000594: 16.4638   (Y': 17.9126   Cb: 14.2424   Cr: 14.7999 )
00000595: 16.4639   (Y': 17.9558   Cb: 14.1892   Cr: 14.7776 )
00000596: 16.4814   (Y': 17.9606   Cb: 14.2555   Cr: 14.7639 )
00000597: 16.4543   (Y': 17.9505   Cb: 14.2167   Cr: 14.7175 )
00000598: 16.4294   (Y': 17.9266   Cb: 14.183    Cr: 14.7006 )
00000599: 16.454    (Y': 17.9999   Cb: 14.1842   Cr: 14.6597 )
00000600: 16.4353   (Y': 17.9458   Cb: 14.1679   Cr: 14.705  )
00000601: 16.4358   (Y': 17.9675   Cb: 14.1406   Cr: 14.6969 )
00000602: 16.4387   (Y': 17.9562   Cb: 14.168    Cr: 14.6986 )
00000603: 16.4079   (Y': 17.9378   Cb: 14.1784   Cr: 14.5987 )
00000604: 16.3738   (Y': 17.9092   Cb: 14.0962   Cr: 14.6079 )
00000605: 16.3483   (Y': 17.8723   Cb: 14.0546   Cr: 14.6221 )
00000606: 16.3148   (Y': 17.8513   Cb: 14.0561   Cr: 14.5257 )
00000607: 16.287    (Y': 17.8186   Cb: 14.021    Cr: 14.5151 )
00000609: 16.3478   (Y': 17.8571   Cb: 14.0937   Cr: 14.6047 )
00000608: 16.3222   (Y': 17.8535   Cb: 14.0361   Cr: 14.5736 )
00000610: 16.3383   (Y': 17.8661   Cb: 14.0614   Cr: 14.5861 )
00000611: 16.3403   (Y': 17.8763   Cb: 14.0453   Cr: 14.593  )
00000612: 16.3649   (Y': 17.8912   Cb: 14.0906   Cr: 14.6123 )
00000613: 16.333    (Y': 17.8624   Cb: 14.0769   Cr: 14.5544 )
00000614: 16.4441   (Y': 18.0044   Cb: 14.1353   Cr: 14.6672 )
00000615: 16.9785   (Y': 18.6514   Cb: 14.5102   Cr: 15.1791 )
00000616: 17.2374   (Y': 18.9263   Cb: 14.6775   Cr: 15.5179 )
00000617: 17.2419   (Y': 18.94     Cb: 14.7207   Cr: 15.4594 )
00000618: 17.1606   (Y': 18.8797   Cb: 14.6155   Cr: 15.3686 )
00000619: 16.8342   (Y': 18.4854   Cb: 14.3845   Cr: 15.0523 )
00000620: 16.7016   (Y': 18.3088   Cb: 14.3287   Cr: 14.9112 )
00000621: 16.4903   (Y': 18.0451   Cb: 14.1661   Cr: 14.741  )
00000622: 16.4497   (Y': 18.0339   Cb: 14.1231   Cr: 14.6486 )
00000623: 16.3873   (Y': 17.9411   Cb: 14.0749   Cr: 14.6266 )
00000624: 16.3409   (Y': 17.8549   Cb: 14.1057   Cr: 14.5676 )
00000625: 16.3594   (Y': 17.8715   Cb: 14.175    Cr: 14.5341 )
00000626: 16.4406   (Y': 17.9135   Cb: 14.2634   Cr: 14.6809 )
00000627: 16.4304   (Y': 17.9142   Cb: 14.2673   Cr: 14.6345 )
00000628: 16.4199   (Y': 17.8423   Cb: 14.3159   Cr: 14.6769 )
00000629: 16.391    (Y': 17.8171   Cb: 14.257    Cr: 14.6738 )
00000630: 16.3978   (Y': 17.8169   Cb: 14.2843   Cr: 14.6713 )
00000631: 16.417    (Y': 17.8258   Cb: 14.2815   Cr: 14.7349 )
00000633: 16.3712   (Y': 17.7726   Cb: 14.2474   Cr: 14.6905 )
00000632: 16.3846   (Y': 17.7811   Cb: 14.2971   Cr: 14.6739 )
00000634: 16.3802   (Y': 17.7727   Cb: 14.3061   Cr: 14.6629 )
00000635: 16.3764   (Y': 17.7794   Cb: 14.2711   Cr: 14.6724 )
00000636: 16.3821   (Y': 17.7766   Cb: 14.2848   Cr: 14.6859 )
00000637: 16.4173   (Y': 17.8669   Cb: 14.2337   Cr: 14.7094 )
00000638: 16.4184   (Y': 17.8112   Cb: 14.3251   Cr: 14.7214 )
00000639: 16.3825   (Y': 17.8102   Cb: 14.259    Cr: 14.6504 )
00000641: 16.3821   (Y': 17.8009   Cb: 14.2494   Cr: 14.6775 )
00000640: 16.3999   (Y': 17.7935   Cb: 14.3058   Cr: 14.702  )
00000642: 16.3924   (Y': 17.8117   Cb: 14.2767   Cr: 14.6682 )
00000644: 16.403    (Y': 17.8083   Cb: 14.3036   Cr: 14.6879 )
00000643: 16.3948   (Y': 17.798    Cb: 14.2826   Cr: 14.698  )
00000645: 16.3833   (Y': 17.8163   Cb: 14.2487   Cr: 14.653  )
00000646: 16.3985   (Y': 17.8003   Cb: 14.3099   Cr: 14.6787 )
00000647: 16.3895   (Y': 17.8175   Cb: 14.2736   Cr: 14.6485 )
00000648: 16.385    (Y': 17.8071   Cb: 14.2633   Cr: 14.662  )
00000649: 16.3876   (Y': 17.8016   Cb: 14.2413   Cr: 14.7073 )
00000650: 16.3734   (Y': 17.7881   Cb: 14.2646   Cr: 14.6507 )
00000651: 16.412    (Y': 17.8141   Cb: 14.3258   Cr: 14.6888 )
00000652: 16.3814   (Y': 17.8039   Cb: 14.2823   Cr: 14.6326 )
00000653: 16.3925   (Y': 17.7982   Cb: 14.2361   Cr: 14.7401 )
00000654: 16.3965   (Y': 17.8136   Cb: 14.2866   Cr: 14.6702 )
00000655: 16.3742   (Y': 17.7862   Cb: 14.2605   Cr: 14.6619 )
00000656: 16.3856   (Y': 17.7971   Cb: 14.3221   Cr: 14.62   )
00000658: 16.3694   (Y': 17.7821   Cb: 14.281    Cr: 14.6282 )
00000657: 16.3866   (Y': 17.7937   Cb: 14.3032   Cr: 14.6507 )
00000659: 16.4138   (Y': 17.8247   Cb: 14.3049   Cr: 14.6986 )
00000660: 16.3851   (Y': 17.7898   Cb: 14.2639   Cr: 14.6955 )
00000661: 16.3945   (Y': 17.7986   Cb: 14.2963   Cr: 14.6807 )
00000662: 16.4921   (Y': 17.8535   Cb: 14.3023   Cr: 14.967  )
00000663: 16.4852   (Y': 17.8455   Cb: 14.3022   Cr: 14.9546 )
00000664: 16.5076   (Y': 17.8398   Cb: 14.3531   Cr: 15.0023 )
00000665: 16.5039   (Y': 17.8591   Cb: 14.3323   Cr: 14.9704 )
00000666: 16.5092   (Y': 17.8375   Cb: 14.3529   Cr: 15.0136 )
00000667: 16.5112   (Y': 17.8994   Cb: 14.2844   Cr: 14.9746 )
00000668: 16.4934   (Y': 17.8526   Cb: 14.3158   Cr: 14.9584 )
00000669: 16.492    (Y': 17.8328   Cb: 14.3081   Cr: 15.0026 )
00000670: 16.549    (Y': 17.9103   Cb: 14.3924   Cr: 14.9858 )
00000671: 16.5079   (Y': 17.8653   Cb: 14.3442   Cr: 14.961  )
00000672: 16.5027   (Y': 17.8357   Cb: 14.3586   Cr: 14.9832 )
00000673: 16.4873   (Y': 17.8412   Cb: 14.3175   Cr: 14.9547 )
00000674: 16.5038   (Y': 17.8544   Cb: 14.3499   Cr: 14.9594 )
00000675: 16.4847   (Y': 17.8408   Cb: 14.3541   Cr: 14.9027 )
00000676: 16.5185   (Y': 17.8582   Cb: 14.365    Cr: 14.996  )
00000677: 16.5028   (Y': 17.8721   Cb: 14.3269   Cr: 14.9456 )
00000678: 16.4948   (Y': 17.8392   Cb: 14.3246   Cr: 14.9821 )
00000679: 16.5038   (Y': 17.8432   Cb: 14.3666   Cr: 14.9634 )
00000680: 16.4782   (Y': 17.8326   Cb: 14.2931   Cr: 14.9622 )
00000681: 16.4969   (Y': 17.814    Cb: 14.3504   Cr: 15.0136 )
00000682: 16.481    (Y': 17.8343   Cb: 14.3418   Cr: 14.9144 )
00000683: 16.46     (Y': 17.8287   Cb: 14.2931   Cr: 14.8937 )
00000684: 16.4615   (Y': 17.8277   Cb: 14.2629   Cr: 14.9369 )
00000685: 16.5029   (Y': 17.8505   Cb: 14.3315   Cr: 14.9849 )
00000686: 16.4782   (Y': 17.8419   Cb: 14.3226   Cr: 14.9092 )
00000687: 16.5408   (Y': 17.8961   Cb: 14.3528   Cr: 15.0262 )
00000688: 16.5336   (Y': 17.8756   Cb: 14.3531   Cr: 15.0379 )
00000689: 16.5528   (Y': 17.934    Cb: 14.3333   Cr: 15.0219 )
00000690: 16.5788   (Y': 17.986    Cb: 14.3319   Cr: 15.027  )
00000691: 16.5568   (Y': 17.9151   Cb: 14.368    Cr: 15.0369 )
00000692: 16.5187   (Y': 17.8534   Cb: 14.3744   Cr: 14.9961 )
00000693: 16.5253   (Y': 17.8828   Cb: 14.3503   Cr: 14.991  )
00000694: 16.5213   (Y': 17.8528   Cb: 14.3606   Cr: 15.0244 )
00000695: 16.5055   (Y': 17.8547   Cb: 14.3287   Cr: 14.9906 )
00000696: 16.4921   (Y': 17.8402   Cb: 14.3062   Cr: 14.9899 )
00000697: 16.5215   (Y': 17.8582   Cb: 14.3708   Cr: 15.0023 )
00000698: 16.5266   (Y': 17.8648   Cb: 14.37     Cr: 15.011  )
00000699: 16.5416   (Y': 17.8841   Cb: 14.3715   Cr: 15.0326 )
00000700: 16.5243   (Y': 17.8571   Cb: 14.3528   Cr: 15.0374 )
00000701: 16.5418   (Y': 17.8731   Cb: 14.387    Cr: 15.0383 )
00000702: 16.5416   (Y': 17.875    Cb: 14.3721   Cr: 15.0507 )
00000703: 16.5542   (Y': 17.8759   Cb: 14.3792   Cr: 15.0945 )
00000704: 16.5686   (Y': 17.8915   Cb: 14.4323   Cr: 15.0614 )
00000705: 16.5814   (Y': 17.9241   Cb: 14.4208   Cr: 15.061  )
00000706: 16.5954   (Y': 17.9062   Cb: 14.4444   Cr: 15.1303 )
00000707: 16.5886   (Y': 17.8817   Cb: 14.4439   Cr: 15.1539 )
00000708: 16.5606   (Y': 17.871    Cb: 14.4227   Cr: 15.0815 )
00000709: 16.5521   (Y': 17.8424   Cb: 14.4232   Cr: 15.1049 )
00000710: 16.5237   (Y': 17.8169   Cb: 14.3507   Cr: 15.1222 )
00000711: 16.5387   (Y': 17.8176   Cb: 14.4365   Cr: 15.0847 )
00000712: 16.5159   (Y': 17.7829   Cb: 14.4117   Cr: 15.0896 )
00000713: 16.6367   (Y': 17.9615   Cb: 14.4418   Cr: 15.1941 )
00000714: 17.1976   (Y': 18.5612   Cb: 14.9306   Cr: 15.7596 )
00000715: 17.5693   (Y': 18.9652   Cb: 15.2039   Cr: 16.1847 )
00000716: 17.5308   (Y': 18.9305   Cb: 15.155    Cr: 16.1514 )
00000717: 17.4215   (Y': 18.8199   Cb: 15.0797   Cr: 16.0022 )
00000718: 16.9943   (Y': 18.328    Cb: 14.7614   Cr: 15.5782 )
00000719: 16.821    (Y': 18.1411   Cb: 14.6446   Cr: 15.3665 )
00000720: 16.7639   (Y': 18.0447   Cb: 14.6383   Cr: 15.333  )
00000721: 16.68     (Y': 17.929    Cb: 14.5683   Cr: 15.3017 )
00000722: 16.675    (Y': 17.9255   Cb: 14.564    Cr: 15.2925 )
00000723: 16.5948   (Y': 17.864    Cb: 14.5025   Cr: 15.15   )
00000724: 16.549    (Y': 17.8038   Cb: 14.4763   Cr: 15.1125 )
00000725: 16.5333   (Y': 17.8216   Cb: 14.4331   Cr: 15.057  )
00000726: 16.5854   (Y': 17.9005   Cb: 14.4209   Cr: 15.1274 )
00000727: 16.6745   (Y': 18.0197   Cb: 14.4924   Cr: 15.1742 )
00000728: 16.7617   (Y': 18.1307   Cb: 14.5319   Cr: 15.2678 )
00000729: 16.7626   (Y': 18.1639   Cb: 14.4936   Cr: 15.2491 )
00000730: 16.6546   (Y': 17.9965   Cb: 14.425    Cr: 15.2175 )
00000731: 16.6476   (Y': 17.9938   Cb: 14.4547   Cr: 15.1575 )
00000732: 16.6343   (Y': 18.0028   Cb: 14.4597   Cr: 15.0772 )
00000733: 16.6466   (Y': 18.0274   Cb: 14.4279   Cr: 15.1153 )
00000734: 16.6421   (Y': 18.0197   Cb: 14.4279   Cr: 15.1124 )
00000735: 16.6036   (Y': 17.98     Cb: 14.4243   Cr: 15.036  )
00000736: 16.5692   (Y': 17.9807   Cb: 14.3034   Cr: 15.0309 )
00000737: 16.5947   (Y': 18.0146   Cb: 14.3348   Cr: 15.0324 )
00000738: 16.633    (Y': 18.0572   Cb: 14.387    Cr: 15.0459 )
00000739: 16.5447   (Y': 17.9293   Cb: 14.3667   Cr: 14.959  )
00000740: 16.5243   (Y': 17.9046   Cb: 14.3301   Cr: 14.9658 )
00000741: 16.5117   (Y': 17.8927   Cb: 14.3408   Cr: 14.9248 )
00000742: 16.5265   (Y': 17.9225   Cb: 14.345    Cr: 14.9216 )
00000743: 16.5375   (Y': 17.9032   Cb: 14.3751   Cr: 14.9722 )
00000744: 17.133    (Y': 18.6364   Cb: 14.7484   Cr: 15.5531 )
00000745: 17.2994   (Y': 18.8069   Cb: 14.8486   Cr: 15.7923 )
00000746: 17.5163   (Y': 19.0367   Cb: 15.0371   Cr: 16.0191 )
00000747: 17.5473   (Y': 19.0966   Cb: 15.0798   Cr: 15.9781 )
00000748: 17.4401   (Y': 18.9694   Cb: 14.9737   Cr: 15.9089 )
00000749: 17.0523   (Y': 18.5338   Cb: 14.7246   Cr: 15.4475 )
00000750: 16.9326   (Y': 18.4004   Cb: 14.604    Cr: 15.3559 )
00000751: 16.8882   (Y': 18.3549   Cb: 14.5727   Cr: 15.2983 )
00000752: 16.7127   (Y': 18.1048   Cb: 14.4913   Cr: 15.1616 )
00000753: 16.7254   (Y': 18.1054   Cb: 14.4667   Cr: 15.243  )
00000754: 16.5841   (Y': 17.9501   Cb: 14.3713   Cr: 15.0766 )
00000755: 16.5277   (Y': 17.9017   Cb: 14.324    Cr: 14.993  )
00000756: 16.4842   (Y': 17.8724   Cb: 14.2639   Cr: 14.9399 )
00000757: 16.4962   (Y': 17.8385   Cb: 14.3216   Cr: 14.993  )
00000758: 16.4988   (Y': 17.8455   Cb: 14.336    Cr: 14.9728 )
00000759: 16.5177   (Y': 17.9134   Cb: 14.3005   Cr: 14.9548 )
00000760: 16.4846   (Y': 17.8679   Cb: 14.2826   Cr: 14.9292 )
00000761: 16.5292   (Y': 17.8732   Cb: 14.3854   Cr: 14.9869 )
00000762: 16.5229   (Y': 17.8906   Cb: 14.3368   Cr: 14.9806 )
00000763: 16.4976   (Y': 17.8786   Cb: 14.2911   Cr: 14.952  )
00000764: 16.5055   (Y': 17.855    Cb: 14.3195   Cr: 15.0006 )
00000765: 16.5259   (Y': 17.8923   Cb: 14.3306   Cr: 14.9971 )
00000766: 16.5041   (Y': 17.8814   Cb: 14.2816   Cr: 14.9846 )
00000767: 16.4956   (Y': 17.8632   Cb: 14.2954   Cr: 14.97   )
00000768: 16.5093   (Y': 17.8834   Cb: 14.3089   Cr: 14.9708 )
00000769: 16.5489   (Y': 17.9361   Cb: 14.347    Cr: 14.9852 )
00000770: 16.5462   (Y': 17.9138   Cb: 14.3518   Cr: 15.0138 )
00000771: 16.5311   (Y': 17.8974   Cb: 14.3112   Cr: 15.0313 )
00000772: 16.5076   (Y': 17.8826   Cb: 14.3485   Cr: 14.9195 )
00000773: 16.5012   (Y': 17.9096   Cb: 14.2803   Cr: 14.917  )
00000774: 16.4934   (Y': 17.8764   Cb: 14.3325   Cr: 14.8911 )
00000775: 16.5058   (Y': 17.894    Cb: 14.3309   Cr: 14.9092 )
00000776: 16.5078   (Y': 17.8887   Cb: 14.3213   Cr: 14.9392 )
00000777: 16.7189   (Y': 18.1725   Cb: 14.4302   Cr: 15.1232 )
00000778: 16.7637   (Y': 18.2132   Cb: 14.4678   Cr: 15.1849 )
00000779: 16.7177   (Y': 18.1673   Cb: 14.4423   Cr: 15.1143 )
00000780: 16.4874   (Y': 17.8807   Cb: 14.2538   Cr: 14.9485 )
00000781: 16.4815   (Y': 17.8904   Cb: 14.2848   Cr: 14.8682 )
00000782: 16.547    (Y': 17.9832   Cb: 14.3252   Cr: 14.9084 )
00000783: 16.526    (Y': 17.9569   Cb: 14.2701   Cr: 14.937  )
00000784: 16.6746   (Y': 18.1161   Cb: 14.4103   Cr: 15.0744 )
00000785: 16.5004   (Y': 17.8784   Cb: 14.3093   Cr: 14.943  )
00000786: 16.4591   (Y': 17.848    Cb: 14.2497   Cr: 14.9007 )
00000787: 16.4847   (Y': 17.8677   Cb: 14.3149   Cr: 14.8926 )
00000788: 16.5254   (Y': 17.9217   Cb: 14.2806   Cr: 14.9932 )
00000789: 16.5677   (Y': 17.9626   Cb: 14.3412   Cr: 15.0171 )
00000790: 16.4975   (Y': 17.8852   Cb: 14.3063   Cr: 14.9204 )
00000791: 16.4722   (Y': 17.8671   Cb: 14.2837   Cr: 14.8774 )
00000792: 16.513    (Y': 17.9062   Cb: 14.2927   Cr: 14.9584 )
00000793: 16.5022   (Y': 17.8858   Cb: 14.3303   Cr: 14.9112 )
00000794: 16.4883   (Y': 17.8586   Cb: 14.323    Cr: 14.9166 )
00000795: 16.478    (Y': 17.8505   Cb: 14.3061   Cr: 14.9094 )
00000796: 16.4687   (Y': 17.859    Cb: 14.2774   Cr: 14.8867 )
00000797: 16.4788   (Y': 17.8611   Cb: 14.2887   Cr: 14.9116 )
00000798: 16.4678   (Y': 17.8534   Cb: 14.2703   Cr: 14.9021 )
00000799: 16.4564   (Y': 17.8282   Cb: 14.2637   Cr: 14.9134 )
00000800: 16.4735   (Y': 17.8373   Cb: 14.2663   Cr: 14.9641 )
00000801: 16.4781   (Y': 17.8585   Cb: 14.2769   Cr: 14.9277 )
00000802: 16.4512   (Y': 17.8552   Cb: 14.2256   Cr: 14.8808 )
00000803: 16.4488   (Y': 17.8516   Cb: 14.2336   Cr: 14.8692 )
00000804: 16.4854   (Y': 17.8572   Cb: 14.3141   Cr: 14.9176 )
00000805: 16.4671   (Y': 17.8549   Cb: 14.2892   Cr: 14.8747 )
00000806: 16.4467   (Y': 17.8125   Cb: 14.2725   Cr: 14.8946 )
00000807: 16.4738   (Y': 17.851    Cb: 14.2911   Cr: 14.9084 )
00000808: 16.4966   (Y': 17.8732   Cb: 14.3035   Cr: 14.9443 )
00000809: 16.468    (Y': 17.8747   Cb: 14.2342   Cr: 14.9019 )
00000810: 16.491    (Y': 17.8952   Cb: 14.2757   Cr: 14.9086 )
00000811: 16.4604   (Y': 17.8344   Cb: 14.2735   Cr: 14.906  )
00000812: 16.4488   (Y': 17.8321   Cb: 14.2317   Cr: 14.9107 )
00000813: 16.4801   (Y': 17.8705   Cb: 14.2806   Cr: 14.9072 )
00000814: 16.4521   (Y': 17.839    Cb: 14.2365   Cr: 14.9051 )
00000815: 16.4844   (Y': 17.8467   Cb: 14.295    Cr: 14.957  )
00000816: 16.443    (Y': 17.8111   Cb: 14.2519   Cr: 14.9059 )
00000817: 16.4748   (Y': 17.8557   Cb: 14.2802   Cr: 14.9155 )
00000818: 16.4703   (Y': 17.8459   Cb: 14.2533   Cr: 14.9477 )
00000819: 16.4502   (Y': 17.8266   Cb: 14.2713   Cr: 14.8819 )
00000820: 16.4591   (Y': 17.8086   Cb: 14.2833   Cr: 14.9422 )
00000821: 16.4573   (Y': 17.8229   Cb: 14.2682   Cr: 14.923  )
00000822: 16.4633   (Y': 17.8219   Cb: 14.2751   Cr: 14.9424 )
00000823: 16.4715   (Y': 17.8468   Cb: 14.2759   Cr: 14.925  )
00000824: 16.4604   (Y': 17.8609   Cb: 14.2365   Cr: 14.8952 )
00000825: 16.467    (Y': 17.8421   Cb: 14.2884   Cr: 14.901  )
00000826: 16.4862   (Y': 17.8487   Cb: 14.3351   Cr: 14.9144 )
00000827: 16.4633   (Y': 17.8582   Cb: 14.2848   Cr: 14.8573 )
00000828: 16.4796   (Y': 17.8504   Cb: 14.2754   Cr: 14.9523 )
00000829: 16.4818   (Y': 17.8486   Cb: 14.2791   Cr: 14.9607 )
00000830: 16.4817   (Y': 17.8549   Cb: 14.268    Cr: 14.9603 )
00000831: 16.469    (Y': 17.8349   Cb: 14.2769   Cr: 14.9374 )
00000832: 16.4745   (Y': 17.8267   Cb: 14.3178   Cr: 14.9299 )
00000833: 16.4777   (Y': 17.8269   Cb: 14.3078   Cr: 14.9548 )
00000834: 16.491    (Y': 17.852    Cb: 14.3294   Cr: 14.9343 )
00000835: 16.4785   (Y': 17.8422   Cb: 14.3093   Cr: 14.9247 )
00000836: 16.4607   (Y': 17.8177   Cb: 14.3021   Cr: 14.9086 )
00000837: 16.4837   (Y': 17.8333   Cb: 14.3033   Cr: 14.9722 )
00000838: 16.4713   (Y': 17.8378   Cb: 14.269    Cr: 14.9502 )
00000839: 16.4595   (Y': 17.85     Cb: 14.2554   Cr: 14.8916 )
00000840: 16.4702   (Y': 17.8576   Cb: 14.2615   Cr: 14.914  )
00000841: 16.4978   (Y': 17.8824   Cb: 14.3074   Cr: 14.926  )
00000842: 16.4528   (Y': 17.8192   Cb: 14.3003   Cr: 14.8745 )
00000843: 16.4986   (Y': 17.8685   Cb: 14.3165   Cr: 14.9473 )
00000844: 16.4974   (Y': 17.8592   Cb: 14.3297   Cr: 14.9458 )
00000845: 16.4525   (Y': 17.8275   Cb: 14.2588   Cr: 14.9041 )
00000846: 16.4787   (Y': 17.8473   Cb: 14.2641   Cr: 14.9678 )
00000847: 16.4677   (Y': 17.8453   Cb: 14.282    Cr: 14.9046 )
00000848: 16.4697   (Y': 17.8237   Cb: 14.3062   Cr: 14.9295 )
00000849: 16.4943   (Y': 17.8542   Cb: 14.3182   Cr: 14.9565 )
00000850: 16.4877   (Y': 17.8616   Cb: 14.298    Cr: 14.9368 )
00000851: 16.4734   (Y': 17.8387   Cb: 14.2757   Cr: 14.9497 )
00000852: 16.475    (Y': 17.865    Cb: 14.2662   Cr: 14.9137 )
00000853: 16.4766   (Y': 17.8364   Cb: 14.2994   Cr: 14.9404 )
00000854: 16.4828   (Y': 17.8488   Cb: 14.3037   Cr: 14.936  )
00000855: 16.4492   (Y': 17.827    Cb: 14.2483   Cr: 14.9033 )
00000856: 16.4673   (Y': 17.8486   Cb: 14.2652   Cr: 14.916  )
00000857: 16.4534   (Y': 17.8356   Cb: 14.248    Cr: 14.9042 )
00000858: 16.4756   (Y': 17.8508   Cb: 14.2815   Cr: 14.9273 )
00000859: 16.4563   (Y': 17.8129   Cb: 14.2867   Cr: 14.9176 )
00000860: 16.4829   (Y': 17.8429   Cb: 14.2917   Cr: 14.9623 )
00000861: 16.4743   (Y': 17.8311   Cb: 14.3155   Cr: 14.9227 )
00000862: 16.4634   (Y': 17.8378   Cb: 14.2779   Cr: 14.9066 )
00000863: 16.4713   (Y': 17.8297   Cb: 14.2789   Cr: 14.9556 )
00000864: 16.4559   (Y': 17.8347   Cb: 14.2703   Cr: 14.8904 )
00000865: 16.4898   (Y': 17.8766   Cb: 14.2988   Cr: 14.9141 )
00000866: 16.4613   (Y': 17.8211   Cb: 14.3013   Cr: 14.905  )
00000867: 16.4886   (Y': 17.8542   Cb: 14.3202   Cr: 14.9303 )
00000868: 16.4663   (Y': 17.8188   Cb: 14.3      Cr: 14.9323 )
00000869: 16.474    (Y': 17.8437   Cb: 14.2903   Cr: 14.925  )
00000870: 16.502    (Y': 17.8911   Cb: 14.303    Cr: 14.9312 )
00000871: 16.5362   (Y': 17.9092   Cb: 14.3362   Cr: 14.9993 )
00000872: 16.5702   (Y': 17.9697   Cb: 14.3353   Cr: 15.0201 )
00000873: 16.5858   (Y': 17.9816   Cb: 14.3679   Cr: 15.0235 )
00000874: 16.6187   (Y': 18        Cb: 14.4235   Cr: 15.0593 )
00000875: 16.6299   (Y': 18.0468   Cb: 14.3821   Cr: 15.0599 )
00000876: 16.6865   (Y': 18.0784   Cb: 14.4083   Cr: 15.2034 )
00000877: 16.703    (Y': 18.0468   Cb: 14.4922   Cr: 15.2393 )
00000878: 16.6578   (Y': 18.0178   Cb: 14.4615   Cr: 15.1432 )
00000879: 16.6804   (Y': 18.0327   Cb: 14.4982   Cr: 15.1653 )
00000880: 16.683    (Y': 18.0198   Cb: 14.5028   Cr: 15.1979 )
00000881: 16.6871   (Y': 18.0058   Cb: 14.517    Cr: 15.2281 )
00000882: 16.6126   (Y': 17.902    Cb: 14.484    Cr: 15.1669 )
00000883: 16.6143   (Y': 17.891    Cb: 14.4902   Cr: 15.1904 )
00000884: 16.5673   (Y': 17.8059   Cb: 14.5141   Cr: 15.1429 )
00000885: 17.13     (Y': 18.4315   Cb: 14.9294   Cr: 15.744  )
00000886: 17.1399   (Y': 18.4339   Cb: 14.9414   Cr: 15.7673 )
00000887: 17.4737   (Y': 18.7887   Cb: 15.1919   Cr: 16.1581 )
00000888: 17.3426   (Y': 18.7666   Cb: 15.1017   Cr: 15.75   )
00000889: 17.229    (Y': 18.5765   Cb: 15.0871   Cr: 15.6773 )
00000890: 16.7783   (Y': 18.0979   Cb: 14.6831   Cr: 15.2308 )
00000891: 16.6499   (Y': 17.9278   Cb: 14.6309   Cr: 15.1035 )
00000892: 16.5779   (Y': 17.8607   Cb: 14.5528   Cr: 15.028  )
00000893: 16.5227   (Y': 17.8067   Cb: 14.5113   Cr: 14.9548 )
00000894: 16.6212   (Y': 17.9193   Cb: 14.5848   Cr: 15.0519 )
00000895: 16.3878   (Y': 17.6793   Cb: 14.3633   Cr: 14.8188 )
00000896: 16.3843   (Y': 17.6777   Cb: 14.3771   Cr: 14.7924 )
00000897: 16.3931   (Y': 17.6727   Cb: 14.4319   Cr: 14.7794 )
00000898: 16.3768   (Y': 17.6787   Cb: 14.359    Cr: 14.7793 )
00000899: 16.3603   (Y': 17.6573   Cb: 14.3799   Cr: 14.7316 )
00000900: 16.3858   (Y': 17.6762   Cb: 14.3907   Cr: 14.7868 )
00000901: 16.4141   (Y': 17.6944   Cb: 14.4354   Cr: 14.8182 )
00000902: 16.3926   (Y': 17.6948   Cb: 14.4274   Cr: 14.7372 )
00000903: 16.3856   (Y': 17.6985   Cb: 14.3947   Cr: 14.7362 )
00000904: 16.3734   (Y': 17.6939   Cb: 14.3412   Cr: 14.7534 )
00000905: 16.359    (Y': 17.6771   Cb: 14.3418   Cr: 14.7276 )
00000906: 16.3721   (Y': 17.6744   Cb: 14.3914   Cr: 14.7333 )
00000907: 16.3416   (Y': 17.672    Cb: 14.31     Cr: 14.7013 )
00000908: 16.3651   (Y': 17.6814   Cb: 14.3618   Cr: 14.7221 )
00000909: 16.362    (Y': 17.6641   Cb: 14.4007   Cr: 14.7024 )
00000910: 16.3672   (Y': 17.6703   Cb: 14.3952   Cr: 14.7175 )
00000911: 16.3645   (Y': 17.6718   Cb: 14.3813   Cr: 14.718  )
00000912: 16.3618   (Y': 17.672    Cb: 14.355    Cr: 14.7351 )
00000913: 16.3707   (Y': 17.6622   Cb: 14.3932   Cr: 14.7503 )
00000914: 16.3681   (Y': 17.6513   Cb: 14.3941   Cr: 14.7609 )
00000915: 16.37     (Y': 17.664    Cb: 14.363    Cr: 14.7766 )
00000916: 16.3683   (Y': 17.6497   Cb: 14.3797   Cr: 14.7808 )
00000917: 16.3705   (Y': 17.6613   Cb: 14.3706   Cr: 14.7762 )
00000918: 16.3685   (Y': 17.6731   Cb: 14.3732   Cr: 14.7407 )
00000919: 16.3546   (Y': 17.6459   Cb: 14.3382   Cr: 14.7773 )
00000920: 16.3582   (Y': 17.6642   Cb: 14.3609   Cr: 14.7299 )
00000921: 16.3654   (Y': 17.6708   Cb: 14.3912   Cr: 14.713  )
00000922: 16.3588   (Y': 17.6581   Cb: 14.346    Cr: 14.7609 )
00000923: 16.3481   (Y': 17.6491   Cb: 14.3343   Cr: 14.7481 )
00000924: 16.3816   (Y': 17.6592   Cb: 14.3984   Cr: 14.796  )
00000925: 16.3699   (Y': 17.6561   Cb: 14.3682   Cr: 14.787  )
00000926: 16.3763   (Y': 17.6482   Cb: 14.4223   Cr: 14.7707 )
00000927: 16.3534   (Y': 17.6603   Cb: 14.333    Cr: 14.7481 )
00000928: 16.3264   (Y': 17.626    Cb: 14.3148   Cr: 14.7266 )
00000929: 16.3625   (Y': 17.6579   Cb: 14.3723   Cr: 14.7481 )
00000930: 16.3624   (Y': 17.6258   Cb: 14.4172   Cr: 14.7648 )
00000931: 16.3492   (Y': 17.6475   Cb: 14.35     Cr: 14.7387 )
00000932: 16.3521   (Y': 17.6497   Cb: 14.3499   Cr: 14.7463 )
00000933: 16.3467   (Y': 17.6462   Cb: 14.3471   Cr: 14.7338 )
00000934: 16.3635   (Y': 17.6566   Cb: 14.3668   Cr: 14.7606 )
00000935: 16.3697   (Y': 17.6715   Cb: 14.3314   Cr: 14.7949 )
00000936: 16.3611   (Y': 17.6823   Cb: 14.3269   Cr: 14.7423 )
00000937: 16.3642   (Y': 17.6542   Cb: 14.3781   Cr: 14.7562 )
00000938: 16.3533   (Y': 17.6586   Cb: 14.3629   Cr: 14.7187 )
00000939: 16.3695   (Y': 17.6553   Cb: 14.38     Cr: 14.7739 )
00000940: 16.3705   (Y': 17.6678   Cb: 14.3636   Cr: 14.7703 )
00000941: 16.3557   (Y': 17.651    Cb: 14.374    Cr: 14.7323 )
00000942: 16.3433   (Y': 17.6285   Cb: 14.3205   Cr: 14.7858 )
00000943: 16.3574   (Y': 17.6633   Cb: 14.3394   Cr: 14.7515 )
00000944: 16.3813   (Y': 17.6808   Cb: 14.3452   Cr: 14.8089 )
00000945: 16.3701   (Y': 17.6315   Cb: 14.3939   Cr: 14.8103 )
00000946: 16.3516   (Y': 17.6354   Cb: 14.3634   Cr: 14.7588 )
00000947: 16.3456   (Y': 17.6459   Cb: 14.3581   Cr: 14.7182 )
00000948: 16.3545   (Y': 17.6503   Cb: 14.333    Cr: 14.7734 )
00000949: 16.3436   (Y': 17.6239   Cb: 14.3627   Cr: 14.7499 )
00000950: 16.3876   (Y': 17.6785   Cb: 14.3988   Cr: 14.7807 )
00000951: 16.3607   (Y': 17.6698   Cb: 14.3418   Cr: 14.7497 )
00000952: 16.3484   (Y': 17.6679   Cb: 14.3165   Cr: 14.7306 )
00000953: 16.3885   (Y': 17.6823   Cb: 14.3788   Cr: 14.7985 )
00000954: 16.3624   (Y': 17.6554   Cb: 14.3687   Cr: 14.7568 )
00000955: 16.3813   (Y': 17.679    Cb: 14.3604   Cr: 14.7958 )
00000956: 16.3996   (Y': 17.6951   Cb: 14.421    Cr: 14.7722 )
00000957: 16.3734   (Y': 17.6764   Cb: 14.3457   Cr: 14.7844 )
00000958: 16.3841   (Y': 17.6766   Cb: 14.3671   Cr: 14.8048 )
00000959: 16.3712   (Y': 17.6703   Cb: 14.3434   Cr: 14.7903 )
00000960: 16.3759   (Y': 17.6839   Cb: 14.3655   Cr: 14.7575 )
00000961: 16.3693   (Y': 17.687    Cb: 14.3584   Cr: 14.7318 )
00000962: 16.3443   (Y': 17.6737   Cb: 14.3061   Cr: 14.7132 )
00000963: 16.3558   (Y': 17.6714   Cb: 14.3404   Cr: 14.7276 )
00000964: 16.3608   (Y': 17.6546   Cb: 14.3539   Cr: 14.7676 )
00000965: 16.3727   (Y': 17.6895   Cb: 14.3419   Cr: 14.7587 )
00000966: 16.3763   (Y': 17.6895   Cb: 14.3712   Cr: 14.7417 )
00000967: 16.3581   (Y': 17.6832   Cb: 14.3193   Cr: 14.7362 )
00000968: 16.3515   (Y': 17.6651   Cb: 14.313    Cr: 14.7528 )
00000969: 16.3611   (Y': 17.6813   Cb: 14.3432   Cr: 14.7262 )
00000971: 16.3595   (Y': 17.6735   Cb: 14.3601   Cr: 14.7171 )
00000970: 16.3663   (Y': 17.6607   Cb: 14.3832   Cr: 14.7458 )
00000972: 16.3553   (Y': 17.6595   Cb: 14.3258   Cr: 14.7658 )
00000973: 16.3669   (Y': 17.687    Cb: 14.3472   Cr: 14.7341 )
00000974: 16.367    (Y': 17.65     Cb: 14.3823   Cr: 14.7719 )
00000975: 16.3457   (Y': 17.6462   Cb: 14.3534   Cr: 14.7232 )
00000976: 16.3646   (Y': 17.6841   Cb: 14.3508   Cr: 14.7266 )
00000977: 16.3467   (Y': 17.648    Cb: 14.3646   Cr: 14.7115 )
00000978: 16.3749   (Y': 17.6887   Cb: 14.3594   Cr: 14.7506 )
00000980: 16.6771   (Y': 18.1221   Cb: 14.497    Cr: 14.974  )
00000979: 16.44     (Y': 17.7725   Cb: 14.3728   Cr: 14.8344 )
00000981: 16.7206   (Y': 18.1938   Cb: 14.5113   Cr: 14.9957 )
00000982: 16.7199   (Y': 18.2171   Cb: 14.4954   Cr: 14.9667 )
00000983: 16.6321   (Y': 18.1      Cb: 14.4341   Cr: 14.905  )
00000984: 16.6013   (Y': 18.0689   Cb: 14.3951   Cr: 14.884  )
00000985: 16.622    (Y': 18.0896   Cb: 14.423    Cr: 14.8966 )
00000986: 16.6048   (Y': 18.1074   Cb: 14.378    Cr: 14.8438 )
00000987: 16.5908   (Y': 18.0922   Cb: 14.3592   Cr: 14.8372 )
00000988: 16.5648   (Y': 18.0615   Cb: 14.3409   Cr: 14.8114 )
00000989: 16.5972   (Y': 18.1071   Cb: 14.4081   Cr: 14.7808 )
00000990: 16.5925   (Y': 18.1019   Cb: 14.392    Cr: 14.7898 )
00000991: 16.5864   (Y': 18.117    Cb: 14.3698   Cr: 14.7617 )
00000992: 16.5794   (Y': 18.1084   Cb: 14.359    Cr: 14.7621 )
00000993: 16.5889   (Y': 18.1603   Cb: 14.3368   Cr: 14.7285 )
00000994: 16.6015   (Y': 18.1327   Cb: 14.3699   Cr: 14.7925 )
00000995: 16.5994   (Y': 18.1658   Cb: 14.3826   Cr: 14.7095 )
00000996: 16.6462   (Y': 18.1888   Cb: 14.4529   Cr: 14.7741 )
00000997: 17.1539   (Y': 18.7973   Cb: 14.8073   Cr: 15.2683 )
00000998: 17.4088   (Y': 19.0657   Cb: 15.0262   Cr: 15.5395 )
00000999: 17.4849   (Y': 19.1114   Cb: 15.1057   Cr: 15.6662 )
00001000: 17.4528   (Y': 19.0851   Cb: 15.0783   Cr: 15.6187 )
00001001: 17.0854   (Y': 18.7701   Cb: 14.7085   Cr: 15.1612 )
00001002: 17.0063   (Y': 18.6792   Cb: 14.6675   Cr: 15.0602 )
00001003: 16.9257   (Y': 18.5683   Cb: 14.6163   Cr: 15.0007 )
00001005: 16.8465   (Y': 18.4491   Cb: 14.5738   Cr: 14.9526 )
00001004: 16.8728   (Y': 18.4992   Cb: 14.5893   Cr: 14.9482 )
00001006: 16.6554   (Y': 18.2004   Cb: 14.4449   Cr: 14.7976 )
00001007: 16.6201   (Y': 18.1683   Cb: 14.4027   Cr: 14.764  )
00001008: 16.6043   (Y': 18.1498   Cb: 14.3887   Cr: 14.7511 )
00001009: 16.6561   (Y': 18.224    Cb: 14.4519   Cr: 14.7501 )
Total: 16.5046   (Y': 17.8848   Cb: 14.3584   Cr: 14.8914 )
