00000000: 31.3234   (Y': 44.3744   Cb: 26.6981   Cr: 26.6981 )
00000002: 14.0924   (Y': 14.9671   Cb: 12.7785   Cr: 12.7052 )
00000001: 13.9433   (Y': 14.9099   Cb: 12.4399   Cr: 12.5303 )
00000003: 14.1198   (Y': 14.9886   Cb: 12.7883   Cr: 12.764  )
00000005: 14.133    (Y': 15.005    Cb: 12.8175   Cr: 12.7535 )
00000006: 14.1148   (Y': 14.983    Cb: 12.8398   Cr: 12.7047 )
00000004: 14.1157   (Y': 15.0193   Cb: 12.7921   Cr: 12.6696 )
00000007: 14.1153   (Y': 14.9787   Cb: 12.8394   Cr: 12.7176 )
00000009: 14.1023   (Y': 14.9666   Cb: 12.8007   Cr: 12.7277 )
00000008: 14.1094   (Y': 14.9923   Cb: 12.817    Cr: 12.6816 )
00000010: 14.1078   (Y': 15.0037   Cb: 12.8024   Cr: 12.6618 )
00000014: 14.1039   (Y': 14.9858   Cb: 12.8124   Cr: 12.6774 )
00000011: 14.0905   (Y': 14.9774   Cb: 12.8001   Cr: 12.6512 )
00000012: 14.1206   (Y': 14.9796   Cb: 12.8258   Cr: 12.7517 )
00000013: 14.0945   (Y': 14.9598   Cb: 12.7898   Cr: 12.7205 )
00000015: 14.1152   (Y': 14.988    Cb: 12.8338   Cr: 12.7006 )
00000016: 14.1444   (Y': 15.0173   Cb: 12.8234   Cr: 12.7681 )
00000017: 14.1305   (Y': 15.0218   Cb: 12.8175   Cr: 12.7029 )
00000020: 14.1104   (Y': 14.9838   Cb: 12.7649   Cr: 12.7576 )
00000019: 14.1054   (Y': 14.9797   Cb: 12.7997   Cr: 12.7109 )
00000018: 14.1007   (Y': 14.9861   Cb: 12.8145   Cr: 12.6611 )
00000022: 14.0843   (Y': 14.9562   Cb: 12.7923   Cr: 12.682  )
00000021: 14.1317   (Y': 15.0217   Cb: 12.789    Cr: 12.7363 )
00000023: 14.1056   (Y': 15.0037   Cb: 12.8077   Cr: 12.6477 )
00000024: 14.1233   (Y': 14.9904   Cb: 12.8047   Cr: 12.759  )
00000025: 14.1278   (Y': 15.0224   Cb: 12.8041   Cr: 12.7033 )
00000028: 14.1367   (Y': 15.0097   Cb: 12.872    Cr: 12.7054 )
00000029: 14.1295   (Y': 15.0151   Cb: 12.8146   Cr: 12.7172 )
00000026: 14.1033   (Y': 14.9878   Cb: 12.81     Cr: 12.6723 )
00000027: 14.1074   (Y': 14.9911   Cb: 12.7907   Cr: 12.7015 )
00000030: 14.1137   (Y': 15.0092   Cb: 12.7802   Cr: 12.6965 )
00000031: 14.0937   (Y': 14.9791   Cb: 12.7708   Cr: 12.6898 )
00000032: 14.1268   (Y': 15.0367   Cb: 12.7785   Cr: 12.6905 )
00000033: 14.1329   (Y': 15.0097   Cb: 12.8162   Cr: 12.7434 )
00000034: 14.1093   (Y': 14.9855   Cb: 12.7942   Cr: 12.7193 )
00000036: 14.1084   (Y': 14.9836   Cb: 12.8038   Cr: 12.7108 )
00000035: 14.1163   (Y': 14.983    Cb: 12.8338   Cr: 12.7174 )
00000038: 14.1202   (Y': 15.023    Cb: 12.7812   Cr: 12.6912 )
00000037: 14.1256   (Y': 15.0167   Cb: 12.8012   Cr: 12.7097 )
00000039: 14.096    (Y': 14.968    Cb: 12.8018   Cr: 12.6956 )
00000040: 14.1215   (Y': 15.0055   Cb: 12.8356   Cr: 12.6846 )
00000041: 14.1229   (Y': 15.0053   Cb: 12.7893   Cr: 12.7365 )
00000042: 14.1284   (Y': 14.9974   Cb: 12.8216   Cr: 12.7478 )
00000043: 14.1178   (Y': 15.0078   Cb: 12.7761   Cr: 12.7218 )
00000044: 14.1091   (Y': 14.9869   Cb: 12.7966   Cr: 12.7127 )
00000045: 14.1462   (Y': 15.0088   Cb: 12.8516   Cr: 12.7687 )
00000046: 14.0935   (Y': 14.9442   Cb: 12.8398   Cr: 12.7044 )
00000047: 14.1045   (Y': 14.989    Cb: 12.8106   Cr: 12.6742 )
00000048: 14.1177   (Y': 14.9909   Cb: 12.8327   Cr: 12.7057 )
00000049: 14.0865   (Y': 14.9512   Cb: 12.7827   Cr: 12.7128 )
00000050: 14.1075   (Y': 14.9827   Cb: 12.7772   Cr: 12.7349 )
00000051: 14.1032   (Y': 14.9939   Cb: 12.7983   Cr: 12.6691 )
00000052: 14.1063   (Y': 14.9741   Cb: 12.8165   Cr: 12.7117 )
00000054: 14.1215   (Y': 14.9973   Cb: 12.8269   Cr: 12.7126 )
00000053: 14.0982   (Y': 14.9624   Cb: 12.8411   Cr: 12.6803 )
00000055: 14.1352   (Y': 15.0096   Cb: 12.8233   Cr: 12.7468 )
00000056: 14.15     (Y': 15.0076   Cb: 12.8898   Cr: 12.751  )
00000057: 14.1197   (Y': 15.0149   Cb: 12.7988   Cr: 12.6909 )
00000058: 14.1194   (Y': 15.0083   Cb: 12.8059   Cr: 12.6983 )
00000059: 14.112    (Y': 14.9905   Cb: 12.7927   Cr: 12.7209 )
00000060: 14.1224   (Y': 14.9968   Cb: 12.8557   Cr: 12.6896 )
00000061: 14.1339   (Y': 15.0122   Cb: 12.8207   Cr: 12.7374 )
00000062: 14.0965   (Y': 14.9787   Cb: 12.7987   Cr: 12.6756 )
00000063: 14.0823   (Y': 14.971    Cb: 12.7964   Cr: 12.6347 )
00000064: 14.1248   (Y': 14.9786   Cb: 12.8576   Cr: 12.7416 )
00000065: 14.1266   (Y': 15.0067   Cb: 12.8058   Cr: 12.7333 )
00000066: 14.1313   (Y': 15.0139   Cb: 12.8636   Cr: 12.6805 )
00000067: 14.1235   (Y': 14.9929   Cb: 12.8117   Cr: 12.7468 )
00000068: 14.1024   (Y': 14.9567   Cb: 12.8066   Cr: 12.7457 )
00000069: 14.1111   (Y': 15.0204   Cb: 12.7468   Cr: 12.6916 )
00000070: 14.1115   (Y': 14.9773   Cb: 12.8179   Cr: 12.7256 )
00000071: 14.1229   (Y': 15.0145   Cb: 12.8069   Cr: 12.6979 )
00000072: 14.1172   (Y': 15.0114   Cb: 12.7751   Cr: 12.7114 )
00000073: 14.0731   (Y': 14.955    Cb: 12.7393   Cr: 12.6883 )
00000074: 14.1245   (Y': 14.9768   Cb: 12.8227   Cr: 12.7786 )
00000075: 14.1054   (Y': 14.9456   Cb: 12.873    Cr: 12.7208 )
00000077: 14.1413   (Y': 15.0123   Cb: 12.804    Cr: 12.7856 )
00000076: 14.0969   (Y': 14.961    Cb: 12.8093   Cr: 12.7088 )
00000078: 14.1384   (Y': 14.9925   Cb: 12.8912   Cr: 12.735  )
00000079: 14.1088   (Y': 14.9699   Cb: 12.8402   Cr: 12.7093 )
00000080: 14.1134   (Y': 14.982    Cb: 12.84     Cr: 12.7006 )
00000081: 14.1232   (Y': 14.9925   Cb: 12.8528   Cr: 12.7062 )
00000082: 14.0992   (Y': 14.9925   Cb: 12.7741   Cr: 12.679  )
00000083: 14.1263   (Y': 14.9867   Cb: 12.875    Cr: 12.7117 )
00000085: 14.1219   (Y': 14.978    Cb: 12.8438   Cr: 12.7437 )
00000086: 14.1341   (Y': 14.9949   Cb: 12.8433   Cr: 12.7573 )
00000084: 14.1353   (Y': 15.0097   Cb: 12.8126   Cr: 12.7575 )
00000087: 14.1332   (Y': 14.9855   Cb: 12.8595   Cr: 12.76   )
00000088: 14.0045   (Y': 14.9627   Cb: 12.7347   Cr: 12.3837 )
00000089: 14.0089   (Y': 14.9216   Cb: 12.7863   Cr: 12.4463 )
00000090: 14.0655   (Y': 14.9621   Cb: 12.7245   Cr: 12.6528 )
00000091: 14.084    (Y': 14.9557   Cb: 12.7993   Cr: 12.6753 )
00000092: 14.0931   (Y': 14.9503   Cb: 12.8154   Cr: 12.7118 )
00000093: 14.0729   (Y': 14.9336   Cb: 12.7731   Cr: 12.7052 )
00000094: 14.0779   (Y': 14.9497   Cb: 12.7783   Cr: 12.6834 )
00000095: 14.1007   (Y': 14.9679   Cb: 12.8238   Cr: 12.695  )
00000096: 14.0783   (Y': 14.9414   Cb: 12.8039   Cr: 12.68   )
00000097: 14.0606   (Y': 14.9656   Cb: 12.7293   Cr: 12.6187 )
00000098: 14.0888   (Y': 14.9362   Cb: 12.8079   Cr: 12.734  )
00000100: 14.0758   (Y': 14.9472   Cb: 12.8087   Cr: 12.6507 )
00000099: 14.0913   (Y': 14.951    Cb: 12.7591   Cr: 12.7578 )
00000103: 14.1199   (Y': 14.9697   Cb: 12.8376   Cr: 12.7611 )
00000102: 14.1075   (Y': 14.985    Cb: 12.8049   Cr: 12.7023 )
00000101: 14.0891   (Y': 14.9509   Cb: 12.7684   Cr: 12.7394 )
00000104: 14.1009   (Y': 14.9894   Cb: 12.7705   Cr: 12.6968 )
00000105: 14.1268   (Y': 15.0133   Cb: 12.8273   Cr: 12.6975 )
00000106: 14.0935   (Y': 14.9662   Cb: 12.7821   Cr: 12.7084 )
00000107: 14.1033   (Y': 14.9989   Cb: 12.7595   Cr: 12.6961 )
00000108: 14.1234   (Y': 15.0115   Cb: 12.8096   Cr: 12.7044 )
00000109: 14.0791   (Y': 14.9786   Cb: 12.7143   Cr: 12.6833 )
00000110: 14.1195   (Y': 15.0327   Cb: 12.7589   Cr: 12.6873 )
00000111: 14.0812   (Y': 14.9945   Cb: 12.7353   Cr: 12.6347 )
00000112: 14.0925   (Y': 14.9866   Cb: 12.7493   Cr: 12.6879 )
00000113: 14.0989   (Y': 14.9909   Cb: 12.8024   Cr: 12.6539 )
00000114: 14.106    (Y': 14.9982   Cb: 12.7657   Cr: 12.7033 )
00000116: 14.1147   (Y': 15.0031   Cb: 12.7677   Cr: 12.7275 )
00000115: 14.0987   (Y': 15.0202   Cb: 12.741    Cr: 12.6446 )
00000117: 14.1117   (Y': 15.0091   Cb: 12.7574   Cr: 12.7103 )
00000118: 14.1077   (Y': 15.0081   Cb: 12.7384   Cr: 12.7144 )
00000119: 14.1138   (Y': 15.0362   Cb: 12.7526   Cr: 12.6608 )
00000120: 14.128    (Y': 15.0498   Cb: 12.7849   Cr: 12.6592 )
00000121: 14.1386   (Y': 15.0573   Cb: 12.7852   Cr: 12.6864 )
00000122: 14.1416   (Y': 15.0243   Cb: 12.8117   Cr: 12.7512 )
00000124: 14.0673   (Y': 14.9408   Cb: 12.745    Cr: 12.6908 )
00000125: 14.0814   (Y': 14.976    Cb: 12.7425   Cr: 12.6713 )
00000126: 14.1034   (Y': 14.9908   Cb: 12.7602   Cr: 12.7146 )
00000123: 14.1295   (Y': 15.0453   Cb: 12.7749   Cr: 12.6855 )
00000127: 14.0652   (Y': 14.9564   Cb: 12.728    Cr: 12.6615 )
00000128: 14.066    (Y': 14.945    Cb: 12.7374   Cr: 12.6829 )
00000129: 14.0688   (Y': 14.9642   Cb: 12.6939   Cr: 12.6928 )
00000130: 14.1246   (Y': 15.0247   Cb: 12.7838   Cr: 12.7037 )
00000132: 14.0758   (Y': 14.9635   Cb: 12.738    Cr: 12.6811 )
00000133: 14.086    (Y': 14.9697   Cb: 12.7839   Cr: 12.666  )
00000134: 14.1035   (Y': 15.0027   Cb: 12.7613   Cr: 12.6861 )
00000131: 14.072    (Y': 14.9907   Cb: 12.7363   Cr: 12.6029 )
00000135: 14.1438   (Y': 15.0387   Cb: 12.7989   Cr: 12.739  )
00000136: 14.1427   (Y': 15.0274   Cb: 12.7923   Cr: 12.7675 )
00000137: 14.0998   (Y': 14.9599   Cb: 12.8105   Cr: 12.7233 )
00000138: 14.0953   (Y': 14.9657   Cb: 12.8104   Cr: 12.6896 )
00000139: 14.0741   (Y': 14.9347   Cb: 12.8017   Cr: 12.6798 )
00000140: 14.0709   (Y': 14.9297   Cb: 12.8126   Cr: 12.6669 )
00000142: 14.0704   (Y': 14.9332   Cb: 12.7562   Cr: 12.7116 )
00000141: 14.0682   (Y': 14.9101   Cb: 12.8009   Cr: 12.7135 )
00000143: 14.1058   (Y': 14.9666   Cb: 12.7942   Cr: 12.7494 )
00000144: 14.0571   (Y': 14.9399   Cb: 12.743    Cr: 12.6507 )
00000145: 14.091    (Y': 14.9684   Cb: 12.7541   Cr: 12.7199 )
00000146: 14.0866   (Y': 14.958    Cb: 12.7831   Cr: 12.6968 )
00000147: 14.083    (Y': 14.9592   Cb: 12.7899   Cr: 12.6715 )
00000148: 14.0956   (Y': 14.9704   Cb: 12.7945   Cr: 12.6952 )
00000149: 14.1041   (Y': 14.9732   Cb: 12.8128   Cr: 12.708  )
00000150: 14.0913   (Y': 14.9421   Cb: 12.8348   Cr: 12.7045 )
00000151: 14.0825   (Y': 14.9633   Cb: 12.7569   Cr: 12.6921 )
00000152: 14.0955   (Y': 14.9674   Cb: 12.8153   Cr: 12.6819 )
00000153: 14.0864   (Y': 14.9486   Cb: 12.7507   Cr: 12.7507 )
00000154: 14.1054   (Y': 14.9728   Cb: 12.7921   Cr: 12.7348 )
00000155: 14.0572   (Y': 14.9616   Cb: 12.7364   Cr: 12.6067 )
00000156: 14.1006   (Y': 14.987    Cb: 12.7795   Cr: 12.6926 )
00000157: 14.0787   (Y': 14.937    Cb: 12.7441   Cr: 12.7512 )
00000158: 14.0834   (Y': 14.9628   Cb: 12.7401   Cr: 12.7138 )
00000159: 14.0862   (Y': 14.9551   Cb: 12.7538   Cr: 12.7308 )
00000160: 14.0967   (Y': 14.9842   Cb: 12.7244   Cr: 12.7367 )
00000161: 14.1219   (Y': 15.0054   Cb: 12.794    Cr: 12.7272 )
00000162: 14.1078   (Y': 14.9646   Cb: 12.7819   Cr: 12.7752 )
00000163: 14.1188   (Y': 15.0013   Cb: 12.7889   Cr: 12.7286 )
00000165: 14.1046   (Y': 14.9821   Cb: 12.8089   Cr: 12.6928 )
00000164: 14.0853   (Y': 14.9439   Cb: 12.7916   Cr: 12.7163 )
00000166: 14.1102   (Y': 14.9553   Cb: 12.8469   Cr: 12.7441 )
00000167: 14.0781   (Y': 14.9349   Cb: 12.7771   Cr: 12.7209 )
00000168: 14.093    (Y': 14.9547   Cb: 12.7842   Cr: 12.7316 )
00000169: 14.1013   (Y': 14.9842   Cb: 12.7679   Cr: 12.7136 )
00000170: 14.0999   (Y': 14.9661   Cb: 12.7856   Cr: 12.7331 )
00000171: 14.0843   (Y': 14.9607   Cb: 12.7652   Cr: 12.6981 )
00000172: 14.0839   (Y': 14.9423   Cb: 12.784    Cr: 12.7217 )
00000173: 14.0916   (Y': 14.9819   Cb: 12.7838   Cr: 12.6612 )
00000174: 14.1028   (Y': 14.9668   Cb: 12.7634   Cr: 12.7664 )
00000175: 14.0841   (Y': 14.9895   Cb: 12.7253   Cr: 12.6684 )
00000176: 14.0672   (Y': 14.9422   Cb: 12.7527   Cr: 12.6797 )
00000177: 14.0756   (Y': 14.9671   Cb: 12.7429   Cr: 12.667  )
00000178: 14.0752   (Y': 14.9333   Cb: 12.7762   Cr: 12.7125 )
00000179: 14.1052   (Y': 14.9893   Cb: 12.759    Cr: 12.7271 )
00000180: 14.0997   (Y': 14.9729   Cb: 12.8012   Cr: 12.7008 )
00000181: 14.0503   (Y': 14.9204   Cb: 12.7275   Cr: 12.6825 )
00000182: 14.0886   (Y': 14.953    Cb: 12.7763   Cr: 12.7241 )
00000183: 14.1076   (Y': 15.0001   Cb: 12.7347   Cr: 12.7363 )
00000184: 14.0937   (Y': 14.9724   Cb: 12.7693   Cr: 12.707  )
00000185: 14.0975   (Y': 14.9944   Cb: 12.7522   Cr: 12.6885 )
00000186: 14.093    (Y': 14.9843   Cb: 12.7176   Cr: 12.7273 )
00000187: 14.1286   (Y': 15.0341   Cb: 12.7724   Cr: 12.7103 )
00000188: 14.1059   (Y': 15.0032   Cb: 12.7342   Cr: 12.7223 )
00000189: 14.0898   (Y': 14.9775   Cb: 12.76     Cr: 12.6872 )
00000190: 14.1042   (Y': 15.0295   Cb: 12.7304   Cr: 12.657  )
00000191: 14.0801   (Y': 14.9708   Cb: 12.7335   Cr: 12.6869 )
00000192: 14.1091   (Y': 15.0171   Cb: 12.7345   Cr: 12.703  )
00000193: 14.0842   (Y': 14.9751   Cb: 12.7651   Cr: 12.6636 )
00000194: 14.0845   (Y': 14.9737   Cb: 12.7424   Cr: 12.6904 )
00000195: 14.11     (Y': 15.0034   Cb: 12.7638   Cr: 12.71   )
00000196: 14.0885   (Y': 14.9762   Cb: 12.751    Cr: 12.6937 )
00000197: 14.0828   (Y': 14.9889   Cb: 12.7503   Cr: 12.6399 )
00000198: 14.0892   (Y': 14.972    Cb: 12.7293   Cr: 12.7282 )
00000199: 14.0771   (Y': 14.9782   Cb: 12.7586   Cr: 12.6321 )
00000200: 14.0851   (Y': 14.9772   Cb: 12.7798   Cr: 12.648  )
00000201: 14.0879   (Y': 14.9904   Cb: 12.7447   Cr: 12.6634 )
00000202: 14.0892   (Y': 14.986    Cb: 12.7384   Cr: 12.686  )
00000203: 14.106    (Y': 14.9739   Cb: 12.7981   Cr: 12.729  )
00000204: 14.0832   (Y': 14.9798   Cb: 12.7409   Cr: 12.6719 )
00000205: 14.0843   (Y': 14.9838   Cb: 12.7428   Cr: 12.6653 )
00000206: 14.0847   (Y': 14.9861   Cb: 12.7297   Cr: 12.6745 )
00000207: 14.0655   (Y': 14.956    Cb: 12.7141   Cr: 12.6777 )
00000208: 14.0544   (Y': 14.95     Cb: 12.7486   Cr: 12.6098 )
00000209: 14.0732   (Y': 14.9772   Cb: 12.72     Cr: 12.6553 )
00000210: 14.0539   (Y': 14.946    Cb: 12.6974   Cr: 12.6676 )
00000211: 14.0679   (Y': 14.9454   Cb: 12.7615   Cr: 12.6665 )
00000212: 14.0613   (Y': 14.9666   Cb: 12.7142   Cr: 12.6343 )
00000213: 14.0945   (Y': 14.9926   Cb: 12.7803   Cr: 12.6523 )
00000214: 14.0987   (Y': 14.9891   Cb: 12.7831   Cr: 12.676  )
00000215: 14.0609   (Y': 14.9507   Cb: 12.7095   Cr: 12.6745 )
00000216: 14.0828   (Y': 14.9498   Cb: 12.7607   Cr: 12.7218 )
00000217: 14.0595   (Y': 14.9512   Cb: 12.7529   Cr: 12.6247 )
00000218: 14.0823   (Y': 14.9797   Cb: 12.6777   Cr: 12.7316 )
00000219: 14.0438   (Y': 14.9616   Cb: 12.6883   Cr: 12.5959 )
00000220: 14.0946   (Y': 14.9725   Cb: 12.7662   Cr: 12.714  )
00000221: 14.0868   (Y': 14.9888   Cb: 12.7358   Cr: 12.6715 )
00000222: 14.0959   (Y': 14.9859   Cb: 12.7557   Cr: 12.6983 )
00000223: 14.1115   (Y': 14.9986   Cb: 12.7788   Cr: 12.713  )
00000224: 14.0729   (Y': 14.9598   Cb: 12.7627   Cr: 12.6532 )
00000225: 14.081    (Y': 14.9899   Cb: 12.7243   Cr: 12.6548 )
00000226: 14.0821   (Y': 14.9965   Cb: 12.7412   Cr: 12.6278 )
00000227: 14.1038   (Y': 15.0196   Cb: 12.7134   Cr: 12.695  )
00000228: 14.0827   (Y': 14.9849   Cb: 12.7259   Cr: 12.6724 )
00000229: 14.0819   (Y': 14.9911   Cb: 12.725    Cr: 12.6557 )
00000230: 14.0902   (Y': 14.99     Cb: 12.7458   Cr: 12.6734 )
00000231: 14.0982   (Y': 14.9923   Cb: 12.7909   Cr: 12.6588 )
00000232: 14.0935   (Y': 15.0155   Cb: 12.7213   Cr: 12.6523 )
00000233: 14.0875   (Y': 15.0127   Cb: 12.712    Cr: 12.6421 )
00000234: 14.0885   (Y': 15.0061   Cb: 12.7346   Cr: 12.6395 )
00000235: 14.0695   (Y': 14.9679   Cb: 12.7585   Cr: 12.6233 )
00000236: 14.1223   (Y': 15.0202   Cb: 12.7713   Cr: 12.7165 )
00000237: 14.0947   (Y': 15.0012   Cb: 12.7034   Cr: 12.7086 )
00000238: 14.0884   (Y': 14.9825   Cb: 12.7142   Cr: 12.7146 )
00000239: 14.0923   (Y': 14.9749   Cb: 12.7477   Cr: 12.7164 )
00000240: 14.1085   (Y': 15.0072   Cb: 12.771    Cr: 12.6876 )
00000241: 14.0995   (Y': 15.0186   Cb: 12.7322   Cr: 12.6604 )
00000242: 14.0879   (Y': 14.992    Cb: 12.7208   Cr: 12.6835 )
00000243: 14.0593   (Y': 14.9389   Cb: 12.7071   Cr: 12.6982 )
00000244: 14.0785   (Y': 14.9702   Cb: 12.7146   Cr: 12.7    )
00000246: 14.0924   (Y': 14.9694   Cb: 12.7552   Cr: 12.7224 )
00000245: 14.0714   (Y': 14.9455   Cb: 12.7842   Cr: 12.6591 )
00000247: 14.0991   (Y': 14.9852   Cb: 12.804    Cr: 12.6667 )
00000248: 14.0976   (Y': 14.9977   Cb: 12.7566   Cr: 12.6768 )
00000249: 14.088    (Y': 15.0029   Cb: 12.7337   Cr: 12.6456 )
00000250: 14.0713   (Y': 14.9689   Cb: 12.7506   Cr: 12.6363 )
00000251: 14.1091   (Y': 15.0102   Cb: 12.7408   Cr: 12.713  )
00000252: 14.1179   (Y': 14.9936   Cb: 12.7651   Cr: 12.7664 )
00000253: 14.1002   (Y': 14.9864   Cb: 12.7683   Cr: 12.7032 )
00000254: 14.07     (Y': 14.9615   Cb: 12.7234   Cr: 12.6751 )
00000255: 14.0701   (Y': 14.9567   Cb: 12.7415   Cr: 12.6687 )
00000256: 14.0954   (Y': 14.9883   Cb: 12.7617   Cr: 12.6842 )
00000257: 14.1103   (Y': 14.9872   Cb: 12.7584   Cr: 12.7554 )
00000258: 14.1356   (Y': 15.0261   Cb: 12.8051   Cr: 12.727  )
00000259: 14.095    (Y': 14.9854   Cb: 12.7609   Cr: 12.6903 )
00000261: 14.0745   (Y': 14.9891   Cb: 12.7397   Cr: 12.6138 )
00000260: 14.0723   (Y': 14.9819   Cb: 12.7217   Cr: 12.6388 )
00000262: 14.0901   (Y': 14.9858   Cb: 12.7645   Cr: 12.6646 )
00000263: 14.0899   (Y': 15.0049   Cb: 12.7328   Cr: 12.6503 )
00000264: 14.0659   (Y': 14.9676   Cb: 12.7209   Cr: 12.6454 )
00000265: 14.0794   (Y': 14.9691   Cb: 12.7865   Cr: 12.6361 )
00000266: 14.0876   (Y': 14.9808   Cb: 12.7392   Cr: 12.6904 )
00000267: 14.0952   (Y': 14.9914   Cb: 12.7515   Cr: 12.6864 )
00000268: 14.1089   (Y': 15.0009   Cb: 12.7795   Cr: 12.6961 )
00000269: 14.0835   (Y': 15.001    Cb: 12.7254   Cr: 12.6387 )
00000270: 14.059    (Y': 14.9725   Cb: 12.7133   Cr: 12.6117 )
00000271: 14.0898   (Y': 15.0074   Cb: 12.7365   Cr: 12.6403 )
00000272: 14.0791   (Y': 14.9832   Cb: 12.7305   Cr: 12.6566 )
00000273: 14.1055   (Y': 15.0204   Cb: 12.7021   Cr: 12.7117 )
00000275: 14.0753   (Y': 14.975    Cb: 12.7396   Cr: 12.6504 )
00000274: 14.1134   (Y': 15.0177   Cb: 12.7806   Cr: 12.6747 )
00000277: 14.0838   (Y': 14.9915   Cb: 12.7193   Cr: 12.6686 )
00000276: 14.0635   (Y': 14.9767   Cb: 12.6832   Cr: 12.651  )
00000278: 14.0754   (Y': 14.9825   Cb: 12.7169   Cr: 12.6555 )
00000279: 14.0763   (Y': 14.9676   Cb: 12.7486   Cr: 12.6633 )
00000280: 14.089    (Y': 15.0043   Cb: 12.7283   Cr: 12.6518 )
00000281: 14.0958   (Y': 15.0096   Cb: 12.7263   Cr: 12.6709 )
00000282: 14.0769   (Y': 14.9823   Cb: 12.7349   Cr: 12.6448 )
00000283: 14.061    (Y': 14.9416   Cb: 12.7679   Cr: 12.6392 )
00000284: 14.0994   (Y': 15.0141   Cb: 12.7356   Cr: 12.6669 )
00000285: 14.1007   (Y': 14.99     Cb: 12.7413   Cr: 12.7236 )
00000286: 14.0769   (Y': 14.9793   Cb: 12.7129   Cr: 12.6736 )
00000287: 14.0937   (Y': 15.0071   Cb: 12.7653   Cr: 12.6298 )
00000288: 14.1133   (Y': 15.008    Cb: 12.7871   Cr: 12.6907 )
00000289: 14.1001   (Y': 14.9864   Cb: 12.7842   Cr: 12.6872 )
00000290: 14.1031   (Y': 15.0014   Cb: 12.7708   Cr: 12.6781 )
00000291: 14.0879   (Y': 14.9841   Cb: 12.7266   Cr: 12.6966 )
00000292: 14.1088   (Y': 14.9751   Cb: 12.8192   Cr: 12.7174 )
00000293: 14.1087   (Y': 14.9881   Cb: 12.745    Cr: 12.7594 )
00000294: 14.0991   (Y': 14.99     Cb: 12.7529   Cr: 12.7051 )
00000295: 14.1602   (Y': 15.0744   Cb: 12.8042   Cr: 12.7212 )
00000296: 14.1363   (Y': 15.0428   Cb: 12.7847   Cr: 12.7109 )
00000297: 14.1069   (Y': 15.0244   Cb: 12.7711   Cr: 12.6405 )
00000298: 14.106    (Y': 15.0038   Cb: 12.7811   Cr: 12.6748 )
00000299: 14.1      (Y': 15.0059   Cb: 12.7353   Cr: 12.6891 )
00000300: 14.1039   (Y': 15.0057   Cb: 12.7487   Cr: 12.6931 )
00000301: 14.111    (Y': 15.0059   Cb: 12.7348   Cr: 12.7376 )
00000302: 14.1734   (Y': 15.0518   Cb: 12.8342   Cr: 12.8023 )
00000303: 14.1718   (Y': 15.0804   Cb: 12.7848   Cr: 12.7764 )
00000304: 14.0995   (Y': 14.9925   Cb: 12.7761   Cr: 12.6782 )
00000305: 14.1094   (Y': 15.0154   Cb: 12.75     Cr: 12.693  )
00000306: 14.1181   (Y': 15.0206   Cb: 12.7561   Cr: 12.7126 )
00000307: 14.1136   (Y': 15.0122   Cb: 12.788    Cr: 12.6811 )
00000308: 14.1408   (Y': 15.0196   Cb: 12.8242   Cr: 12.7465 )
00000309: 14.1271   (Y': 14.9958   Cb: 12.8471   Cr: 12.7211 )
00000310: 14.1342   (Y': 14.9992   Cb: 12.8153   Cr: 12.7751 )
00000311: 14.1262   (Y': 15.0055   Cb: 12.8137   Cr: 12.7264 )
00000312: 14.1135   (Y': 14.9909   Cb: 12.7799   Cr: 12.7393 )
00000313: 14.1604   (Y': 15.0359   Cb: 12.8644   Cr: 12.7536 )
00000314: 14.1556   (Y': 15.0281   Cb: 12.8004   Cr: 12.8146 )
00000315: 14.1237   (Y': 15.0292   Cb: 12.7739   Cr: 12.6988 )
00000316: 14.1356   (Y': 15.0563   Cb: 12.7189   Cr: 12.742  )
00000317: 14.1746   (Y': 15.0682   Cb: 12.8038   Cr: 12.7989 )
00000318: 14.1609   (Y': 15.0569   Cb: 12.8163   Cr: 12.7534 )
00000319: 14.1457   (Y': 15.0255   Cb: 12.7725   Cr: 12.8053 )
00000320: 14.132    (Y': 15.0224   Cb: 12.7844   Cr: 12.7406 )
00000321: 14.1474   (Y': 15.0353   Cb: 12.7727   Cr: 12.7886 )
00000322: 14.1166   (Y': 14.9881   Cb: 12.8209   Cr: 12.719  )
00000323: 14.1546   (Y': 15.0588   Cb: 12.8183   Cr: 12.7195 )
00000324: 14.126    (Y': 15.029    Cb: 12.7354   Cr: 12.7475 )
00000325: 14.0929   (Y': 14.9653   Cb: 12.7426   Cr: 12.7473 )
00000326: 14.157    (Y': 15.0313   Cb: 12.8561   Cr: 12.7576 )
00000327: 14.124    (Y': 15.037    Cb: 12.7391   Cr: 12.7162 )
00000328: 14.1907   (Y': 15.0964   Cb: 12.8271   Cr: 12.779  )
00000329: 14.1889   (Y': 15.0984   Cb: 12.8373   Cr: 12.7565 )
00000331: 14.1174   (Y': 15.0513   Cb: 12.695    Cr: 12.6986 )
00000330: 14.1616   (Y': 15.0598   Cb: 12.7827   Cr: 12.783  )
00000332: 14.1752   (Y': 15.0756   Cb: 12.8154   Cr: 12.7724 )
00000333: 14.1808   (Y': 15.0846   Cb: 12.8146   Cr: 12.7764 )
00000334: 14.153    (Y': 15.0559   Cb: 12.789    Cr: 12.7482 )
00000335: 14.124    (Y': 15.0215   Cb: 12.764    Cr: 12.7279 )
00000336: 14.1468   (Y': 15.0365   Cb: 12.7783   Cr: 12.7781 )
00000337: 14.1188   (Y': 14.9926   Cb: 12.8416   Cr: 12.6978 )
00000338: 14.1195   (Y': 15.0099   Cb: 12.7883   Cr: 12.7121 )
00000339: 14.1218   (Y': 15.0288   Cb: 12.71     Cr: 12.7554 )
00000340: 14.1261   (Y': 15.017    Cb: 12.8184   Cr: 12.6944 )
00000341: 14.0965   (Y': 14.9819   Cb: 12.7763   Cr: 12.6898 )
00000342: 14.0977   (Y': 14.9886   Cb: 12.7462   Cr: 12.7091 )
00000343: 14.1142   (Y': 15.008    Cb: 12.7477   Cr: 12.7336 )
00000344: 14.1334   (Y': 15.0314   Cb: 12.7695   Cr: 12.7402 )
00000345: 14.1372   (Y': 15.0424   Cb: 12.7808   Cr: 12.7197 )
00000346: 14.1121   (Y': 15.0155   Cb: 12.7582   Cr: 12.6965 )
00000347: 14.1011   (Y': 14.9745   Cb: 12.7607   Cr: 12.7432 )
00000348: 14.0937   (Y': 14.9785   Cb: 12.7567   Cr: 12.7052 )
00000349: 14.1291   (Y': 15.0151   Cb: 12.7971   Cr: 12.7328 )
00000350: 14.0845   (Y': 14.9895   Cb: 12.7171   Cr: 12.6783 )
00000351: 14.0729   (Y': 14.9649   Cb: 12.7802   Cr: 12.624  )
00000352: 14.0662   (Y': 14.9467   Cb: 12.7461   Cr: 12.6711 )
00000353: 14.0958   (Y': 14.9627   Cb: 12.7455   Cr: 12.7634 )
00000354: 14.1048   (Y': 15.0089   Cb: 12.753    Cr: 12.685  )
00000355: 14.093    (Y': 14.9891   Cb: 12.7449   Cr: 12.6884 )
00000356: 14.1265   (Y': 15.0392   Cb: 12.7499   Cr: 12.7116 )
00000357: 14.0914   (Y': 14.9964   Cb: 12.7493   Cr: 12.6602 )
00000358: 14.0843   (Y': 14.9539   Cb: 12.7411   Cr: 12.7383 )
00000359: 14.0946   (Y': 14.9974   Cb: 12.7515   Cr: 12.6697 )
00000360: 14.1264   (Y': 15.007    Cb: 12.8091   Cr: 12.7282 )
00000361: 14.1225   (Y': 15.0061   Cb: 12.8227   Cr: 12.7001 )
00000363: 14.1029   (Y': 15.0035   Cb: 12.7742   Cr: 12.6692 )
00000362: 14.1107   (Y': 14.9799   Cb: 12.7957   Cr: 12.7375 )
00000364: 14.0972   (Y': 15.0097   Cb: 12.7347   Cr: 12.6683 )
00000365: 14.1059   (Y': 14.998    Cb: 12.7883   Cr: 12.681  )
00000366: 14.0898   (Y': 14.9816   Cb: 12.7667   Cr: 12.671  )
00000367: 14.0837   (Y': 14.9736   Cb: 12.7259   Cr: 12.7036 )
00000368: 14.0823   (Y': 14.9925   Cb: 12.7203   Cr: 12.6587 )
00000369: 14.0973   (Y': 14.9786   Cb: 12.783    Cr: 12.6945 )
00000371: 14.1036   (Y': 14.9843   Cb: 12.7951   Cr: 12.6966 )
00000370: 14.1063   (Y': 14.9781   Cb: 12.8267   Cr: 12.6924 )
00000372: 14.0918   (Y': 14.9835   Cb: 12.7803   Cr: 12.6618 )
00000373: 14.092    (Y': 14.9842   Cb: 12.7414   Cr: 12.6991 )
00000374: 14.08     (Y': 14.9906   Cb: 12.72     Cr: 12.6531 )
00000375: 14.1043   (Y': 15.0055   Cb: 12.7235   Cr: 12.7204 )
00000376: 14.0952   (Y': 14.9982   Cb: 12.7152   Cr: 12.7065 )
00000377: 14.0855   (Y': 14.994    Cb: 12.7229   Cr: 12.6662 )
00000378: 14.0959   (Y': 14.9854   Cb: 12.7489   Cr: 12.7058 )
00000379: 14.1124   (Y': 15.0119   Cb: 12.7472   Cr: 12.7168 )
00000380: 14.076    (Y': 14.9704   Cb: 12.7483   Cr: 12.6556 )
00000381: 14.0814   (Y': 14.9888   Cb: 12.7453   Cr: 12.6387 )
00000383: 14.1272   (Y': 15.0329   Cb: 12.7878   Cr: 12.692  )
00000382: 14.1066   (Y': 14.9873   Cb: 12.7867   Cr: 12.7111 )
00000384: 14.0969   (Y': 14.9783   Cb: 12.7735   Cr: 12.7029 )
00000385: 14.092    (Y': 14.9654   Cb: 12.8008   Cr: 12.6854 )
00000386: 14.0943   (Y': 14.9577   Cb: 12.7875   Cr: 12.7268 )
00000387: 14.1337   (Y': 15.0229   Cb: 12.808    Cr: 12.7236 )
00000388: 14.0881   (Y': 14.9786   Cb: 12.8007   Cr: 12.6377 )
00000389: 14.0687   (Y': 14.934    Cb: 12.7401   Cr: 12.7182 )
00000391: 14.0822   (Y': 14.9719   Cb: 12.756    Cr: 12.6712 )
00000390: 14.1147   (Y': 14.9817   Cb: 12.8165   Cr: 12.7303 )
00000392: 14.0989   (Y': 14.9852   Cb: 12.7589   Cr: 12.7096 )
00000393: 14.1073   (Y': 15.0022   Cb: 12.7195   Cr: 12.7455 )
00000394: 14.1042   (Y': 14.9721   Cb: 12.7741   Cr: 12.7488 )
00000395: 14.1217   (Y': 15.0106   Cb: 12.7949   Cr: 12.7134 )
00000396: 14.1162   (Y': 15.0048   Cb: 12.7561   Cr: 12.7416 )
00000397: 14.1064   (Y': 14.9742   Cb: 12.8138   Cr: 12.7145 )
00000398: 14.1247   (Y': 14.9818   Cb: 12.8114   Cr: 12.7787 )
00000399: 14.1009   (Y': 14.9756   Cb: 12.7832   Cr: 12.7171 )
00000400: 14.1158   (Y': 14.9807   Cb: 12.8003   Cr: 12.7534 )
00000401: 14.1458   (Y': 15.0371   Cb: 12.7878   Cr: 12.7628 )
00000402: 14.0943   (Y': 14.9949   Cb: 12.7183   Cr: 12.7071 )
00000403: 14.0819   (Y': 14.9657   Cb: 12.7365   Cr: 12.7042 )
00000404: 14.1391   (Y': 15.0407   Cb: 12.7865   Cr: 12.726  )
00000405: 14.1208   (Y': 14.9958   Cb: 12.7856   Cr: 12.754  )
00000406: 14.0869   (Y': 14.9798   Cb: 12.7663   Cr: 12.6629 )
00000407: 14.1052   (Y': 15.0009   Cb: 12.7479   Cr: 12.7111 )
00000408: 14.1255   (Y': 15.0195   Cb: 12.7657   Cr: 12.7376 )
00000409: 14.1124   (Y': 14.9806   Cb: 12.8167   Cr: 12.7227 )
00000410: 14.0857   (Y': 14.9769   Cb: 12.7454   Cr: 12.6853 )
00000411: 14.089    (Y': 14.9857   Cb: 12.7795   Cr: 12.6453 )
00000412: 14.1015   (Y': 14.9829   Cb: 12.7749   Cr: 12.7106 )
00000413: 14.0921   (Y': 14.9544   Cb: 12.7987   Cr: 12.7142 )
00000414: 14.0884   (Y': 14.966    Cb: 12.7785   Cr: 12.6902 )
00000415: 14.0983   (Y': 14.9809   Cb: 12.7558   Cr: 12.7203 )
00000416: 14.0723   (Y': 14.9623   Cb: 12.7587   Cr: 12.6485 )
00000417: 14.0925   (Y': 14.9779   Cb: 12.773    Cr: 12.6855 )
00000418: 14.0976   (Y': 14.9845   Cb: 12.7672   Cr: 12.6974 )
00000419: 14.0669   (Y': 14.9573   Cb: 12.6936   Cr: 12.7012 )
00000420: 14.081    (Y': 14.9762   Cb: 12.7489   Cr: 12.6632 )
00000421: 14.0934   (Y': 14.9925   Cb: 12.7112   Cr: 12.7159 )
00000422: 14.1065   (Y': 15.0089   Cb: 12.7225   Cr: 12.7229 )
00000423: 14.0886   (Y': 14.9824   Cb: 12.7101   Cr: 12.7202 )
00000424: 14.0858   (Y': 14.9755   Cb: 12.7096   Cr: 12.7246 )
00000425: 14.0957   (Y': 14.9884   Cb: 12.7944   Cr: 12.6533 )
00000426: 14.122    (Y': 15.0073   Cb: 12.7894   Cr: 12.7277 )
00000427: 14.0938   (Y': 14.9848   Cb: 12.7819   Cr: 12.6659 )
00000428: 14.0934   (Y': 14.9791   Cb: 12.7777   Cr: 12.6816 )
00000429: 14.0837   (Y': 14.9622   Cb: 12.7623   Cr: 12.6944 )
00000430: 14.0835   (Y': 14.984    Cb: 12.704    Cr: 12.6999 )
00000431: 14.0799   (Y': 14.9752   Cb: 12.7137   Cr: 12.6952 )
00000432: 14.1253   (Y': 15.0279   Cb: 12.8067   Cr: 12.6769 )
00000433: 14.0722   (Y': 14.9475   Cb: 12.7339   Cr: 12.7076 )
00000434: 14.0815   (Y': 14.967    Cb: 12.781    Cr: 12.6554 )
00000435: 14.0936   (Y': 14.9858   Cb: 12.7887   Cr: 12.6561 )
00000436: 14.129    (Y': 15.0319   Cb: 12.7879   Cr: 12.7021 )
00000437: 14.0991   (Y': 14.9817   Cb: 12.7893   Cr: 12.6888 )
00000438: 14.0977   (Y': 15.023    Cb: 12.7023   Cr: 12.6716 )
00000439: 14.1095   (Y': 15.0155   Cb: 12.7283   Cr: 12.7148 )
00000440: 14.1422   (Y': 15.0338   Cb: 12.8357   Cr: 12.7078 )
00000441: 14.1073   (Y': 14.9888   Cb: 12.7612   Cr: 12.7354 )
00000442: 14.0906   (Y': 14.995    Cb: 12.7346   Cr: 12.6746 )
00000443: 14.087    (Y': 14.9804   Cb: 12.7465   Cr: 12.6814 )
00000444: 14.1137   (Y': 15.0097   Cb: 12.7964   Cr: 12.6795 )
00000445: 14.1275   (Y': 15.007    Cb: 12.7859   Cr: 12.7561 )
00000446: 14.1404   (Y': 15.0222   Cb: 12.7976   Cr: 12.7648 )
00000447: 14.079    (Y': 14.9371   Cb: 12.7552   Cr: 12.741  )
00000448: 14.093    (Y': 14.9767   Cb: 12.7763   Cr: 12.687  )
00000449: 14.0955   (Y': 14.9708   Cb: 12.8072   Cr: 12.6814 )
00000450: 14.1323   (Y': 15.0378   Cb: 12.7589   Cr: 12.7306 )
00000451: 14.1408   (Y': 14.9997   Cb: 12.8273   Cr: 12.7907 )
00000452: 14.0963   (Y': 14.995    Cb: 12.7668   Cr: 12.6677 )
00000453: 14.1369   (Y': 14.9784   Cb: 12.8458   Cr: 12.8065 )
00000454: 14.088    (Y': 14.9554   Cb: 12.795    Cr: 12.6975 )
00000455: 14.1164   (Y': 15.0112   Cb: 12.7651   Cr: 12.7184 )
00000456: 14.0923   (Y': 14.9874   Cb: 12.7833   Cr: 12.6521 )
00000457: 14.0957   (Y': 14.9849   Cb: 12.7412   Cr: 12.7142 )
00000458: 14.0658   (Y': 14.9432   Cb: 12.7447   Cr: 12.679  )
00000459: 14.079    (Y': 14.9669   Cb: 12.7161   Cr: 12.7085 )
00000460: 14.0677   (Y': 14.9576   Cb: 12.7627   Cr: 12.6357 )
00000461: 14.0873   (Y': 15.0032   Cb: 12.6941   Cr: 12.6814 )
00000462: 14.1322   (Y': 15.0128   Cb: 12.7816   Cr: 12.7669 )
00000464: 14.1228   (Y': 15.0187   Cb: 12.7601   Cr: 12.7331 )
00000463: 14.1517   (Y': 15.0698   Cb: 12.7708   Cr: 12.728  )
00000465: 14.1695   (Y': 15.126    Cb: 12.7031   Cr: 12.742  )
00000466: 14.1702   (Y': 15.1548   Cb: 12.6844   Cr: 12.698  )
00000467: 14.1511   (Y': 15.1346   Cb: 12.6565   Cr: 12.6904 )
00000468: 14.1576   (Y': 15.1124   Cb: 12.6989   Cr: 12.7269 )
00000470: 14.1937   (Y': 15.1344   Cb: 12.7758   Cr: 12.7542 )
00000469: 14.1995   (Y': 15.1514   Cb: 12.7587   Cr: 12.7575 )
00000471: 14.2017   (Y': 15.1526   Cb: 12.7534   Cr: 12.7694 )
00000472: 14.1717   (Y': 15.1142   Cb: 12.7652   Cr: 12.7172 )
00000473: 14.1326   (Y': 15.0896   Cb: 12.6766   Cr: 12.6938 )
00000474: 14.1164   (Y': 15.0587   Cb: 12.6915   Cr: 12.6807 )
00000475: 14.1445   (Y': 15.1003   Cb: 12.7168   Cr: 12.6802 )
00000476: 14.2092   (Y': 15.1843   Cb: 12.7894   Cr: 12.6931 )
00000477: 14.2393   (Y': 15.2179   Cb: 12.7542   Cr: 12.7802 )
00000478: 14.2256   (Y': 15.1744   Cb: 12.7902   Cr: 12.7849 )
00000479: 14.2129   (Y': 15.1147   Cb: 12.8489   Cr: 12.8108 )
00000480: 14.2194   (Y': 15.1153   Cb: 12.8563   Cr: 12.8303 )
00000481: 14.3024   (Y': 15.208    Cb: 12.9092   Cr: 12.9205 )
00000483: 14.2535   (Y': 15.1575   Cb: 12.8515   Cr: 12.884  )
00000482: 14.2973   (Y': 15.2284   Cb: 12.8904   Cr: 12.8692 )
00000484: 14.2412   (Y': 15.1348   Cb: 12.87     Cr: 12.8656 )
00000485: 14.1854   (Y': 15.1054   Cb: 12.7767   Cr: 12.7852 )
00000486: 14.0997   (Y': 14.9933   Cb: 12.7602   Cr: 12.6924 )
00000487: 14.064    (Y': 14.9545   Cb: 12.7402   Cr: 12.6488 )
00000488: 14.1114   (Y': 15.0083   Cb: 12.7503   Cr: 12.7179 )
00000489: 14.1438   (Y': 15.0256   Cb: 12.7899   Cr: 12.7792 )
00000490: 14.1288   (Y': 15.0421   Cb: 12.7366   Cr: 12.7275 )
00000491: 14.1204   (Y': 15.0087   Cb: 12.7746   Cr: 12.732  )
00000492: 14.0799   (Y': 14.9529   Cb: 12.7387   Cr: 12.7234 )
00000493: 14.0553   (Y': 14.9603   Cb: 12.6969   Cr: 12.6404 )
00000494: 14.0803   (Y': 14.9772   Cb: 12.7487   Cr: 12.658  )
00000495: 14.1138   (Y': 15.0418   Cb: 12.7497   Cr: 12.6509 )
00000496: 14.1048   (Y': 14.9919   Cb: 12.7487   Cr: 12.7296 )
00000497: 14.0793   (Y': 14.9365   Cb: 12.7686   Cr: 12.7306 )
00000498: 14.0912   (Y': 14.9682   Cb: 12.7459   Cr: 12.7296 )
00000499: 14.0812   (Y': 14.9757   Cb: 12.7082   Cr: 12.7052 )
00000500: 14.0644   (Y': 14.9443   Cb: 12.7584   Cr: 12.6567 )
00000501: 14.09     (Y': 14.9749   Cb: 12.782    Cr: 12.6724 )
00000502: 14.0919   (Y': 15.0087   Cb: 12.7116   Cr: 12.6709 )
00000503: 14.0973   (Y': 14.9915   Cb: 12.7352   Cr: 12.7115 )
00000504: 14.1168   (Y': 15.0096   Cb: 12.7635   Cr: 12.7253 )
00000505: 14.0995   (Y': 14.9782   Cb: 12.7835   Cr: 12.7046 )
00000506: 14.0761   (Y': 14.966    Cb: 12.7171   Cr: 12.6972 )
00000507: 14.0782   (Y': 14.9734   Cb: 12.7005   Cr: 12.7053 )
00000508: 14.066    (Y': 14.9736   Cb: 12.7135   Cr: 12.639  )
00000509: 14.0575   (Y': 14.9599   Cb: 12.6922   Cr: 12.6555 )
00000510: 14.0677   (Y': 14.9593   Cb: 12.7308   Cr: 12.6628 )
00000511: 14.0749   (Y': 14.968    Cb: 12.7211   Cr: 12.6832 )
00000512: 14.0841   (Y': 14.9814   Cb: 12.7261   Cr: 12.6867 )
00000513: 14.0644   (Y': 14.9545   Cb: 12.6953   Cr: 12.6949 )
00000514: 14.0844   (Y': 14.9626   Cb: 12.7641   Cr: 12.6947 )
00000515: 14.0708   (Y': 14.9606   Cb: 12.7333   Cr: 12.6709 )
00000516: 14.0562   (Y': 14.9503   Cb: 12.7085   Cr: 12.656  )
00000517: 14.0933   (Y': 14.9672   Cb: 12.7579   Cr: 12.7291 )
00000518: 14.0752   (Y': 14.9489   Cb: 12.7439   Cr: 12.7073 )
00000519: 14.1041   (Y': 15.0028   Cb: 12.7439   Cr: 12.7055 )
00000520: 14.0863   (Y': 14.964    Cb: 12.7669   Cr: 12.6974 )
00000521: 14.0752   (Y': 14.9678   Cb: 12.7344   Cr: 12.6717 )
00000522: 14.0782   (Y': 14.9704   Cb: 12.7099   Cr: 12.7034 )
00000523: 14.0775   (Y': 14.974    Cb: 12.7266   Cr: 12.6747 )
00000524: 14.0904   (Y': 14.9666   Cb: 12.7666   Cr: 12.7092 )
00000525: 14.0718   (Y': 14.9625   Cb: 12.6785   Cr: 12.7253 )
00000526: 14.0737   (Y': 14.939    Cb: 12.7433   Cr: 12.7251 )
00000527: 14.0646   (Y': 14.9466   Cb: 12.7429   Cr: 12.6676 )
00000528: 14.0601   (Y': 14.9636   Cb: 12.6777   Cr: 12.6723 )
00000529: 14.1012   (Y': 14.9997   Cb: 12.731    Cr: 12.7131 )
00000530: 14.0571   (Y': 14.9329   Cb: 12.7555   Cr: 12.6551 )
00000531: 14.0755   (Y': 14.9645   Cb: 12.7532   Cr: 12.6626 )
00000532: 14.1069   (Y': 14.9925   Cb: 12.7723   Cr: 12.7141 )
00000534: 14.0533   (Y': 14.9539   Cb: 12.6812   Cr: 12.6623 )
00000533: 14.0894   (Y': 14.9843   Cb: 12.7229   Cr: 12.7061 )
00000535: 14.0842   (Y': 14.9765   Cb: 12.7236   Cr: 12.7013 )
00000537: 14.0759   (Y': 14.9566   Cb: 12.7463   Cr: 12.6898 )
00000536: 14.077    (Y': 14.9567   Cb: 12.7333   Cr: 12.707  )
00000538: 14.064    (Y': 14.9521   Cb: 12.7229   Cr: 12.6715 )
00000539: 14.0856   (Y': 14.9628   Cb: 12.7251   Cr: 12.7385 )
00000540: 14.0855   (Y': 14.9735   Cb: 12.7311   Cr: 12.7063 )
00000541: 14.0574   (Y': 14.9347   Cb: 12.7355   Cr: 12.6719 )
00000542: 14.0727   (Y': 14.9642   Cb: 12.6999   Cr: 12.7037 )
00000543: 14.0835   (Y': 14.9851   Cb: 12.7084   Cr: 12.693  )
00000544: 14.0813   (Y': 14.9578   Cb: 12.757    Cr: 12.7001 )
00000545: 14.1157   (Y': 15.0019   Cb: 12.802    Cr: 12.7008 )
00000546: 14.0805   (Y': 14.9716   Cb: 12.728    Cr: 12.6921 )
00000547: 14.0764   (Y': 14.99     Cb: 12.677    Cr: 12.6817 )
00000548: 14.0837   (Y': 14.9743   Cb: 12.7384   Cr: 12.6894 )
00000549: 14.0971   (Y': 14.9813   Cb: 12.7218   Cr: 12.7479 )
00000550: 14.0634   (Y': 14.9432   Cb: 12.7397   Cr: 12.6732 )
00000551: 14.0864   (Y': 14.9832   Cb: 12.7332   Cr: 12.6855 )
00000552: 14.0586   (Y': 14.9424   Cb: 12.7492   Cr: 12.645  )
00000553: 14.093    (Y': 14.9636   Cb: 12.7648   Cr: 12.7292 )
00000554: 14.0782   (Y': 14.9456   Cb: 12.7622   Cr: 12.7102 )
00000555: 14.0788   (Y': 14.9548   Cb: 12.7276   Cr: 12.7254 )
00000556: 14.0605   (Y': 14.9576   Cb: 12.694    Cr: 12.6717 )
00000557: 14.0656   (Y': 14.9568   Cb: 12.6959   Cr: 12.6943 )
00000558: 14.0821   (Y': 14.9668   Cb: 12.7443   Cr: 12.6943 )
00000559: 14.1013   (Y': 15.0035   Cb: 12.7182   Cr: 12.7174 )
00000560: 14.0953   (Y': 14.9686   Cb: 12.7639   Cr: 12.7283 )
00000561: 14.1115   (Y': 15.0139   Cb: 12.724    Cr: 12.7314 )
00000562: 14.0852   (Y': 14.9791   Cb: 12.7243   Cr: 12.6985 )
00000563: 14.0766   (Y': 14.9644   Cb: 12.7428   Cr: 12.6776 )
00000564: 14.0844   (Y': 14.968    Cb: 12.7557   Cr: 12.6906 )
00000565: 14.0683   (Y': 14.9301   Cb: 12.7526   Cr: 12.7136 )
00000566: 14.0698   (Y': 14.9609   Cb: 12.7189   Cr: 12.68   )
00000567: 14.0826   (Y': 14.9855   Cb: 12.7131   Cr: 12.6835 )
00000568: 14.0919   (Y': 14.9565   Cb: 12.7557   Cr: 12.7509 )
00000569: 14.0921   (Y': 14.9577   Cb: 12.7585   Cr: 12.7459 )
00000570: 14.0982   (Y': 14.9764   Cb: 12.7468   Cr: 12.7396 )
00000571: 14.0743   (Y': 14.9396   Cb: 12.7582   Cr: 12.7113 )
00000572: 14.0986   (Y': 15.004    Cb: 12.7069   Cr: 12.7156 )
00000573: 14.1017   (Y': 14.9892   Cb: 12.7479   Cr: 12.7231 )
00000574: 14.0833   (Y': 14.9655   Cb: 12.7324   Cr: 12.7144 )
00000575: 14.0618   (Y': 14.9458   Cb: 12.7374   Cr: 12.6629 )
00000576: 14.0449   (Y': 14.9219   Cb: 12.7257   Cr: 12.6572 )
00000577: 14.0775   (Y': 14.943    Cb: 12.7491   Cr: 12.7265 )
00000578: 14.1023   (Y': 14.997    Cb: 12.7226   Cr: 12.7325 )
00000579: 14.084    (Y': 14.9508   Cb: 12.7712   Cr: 12.7143 )
00000580: 14.0757   (Y': 14.9425   Cb: 12.7864   Cr: 12.6828 )
00000581: 14.0688   (Y': 14.9523   Cb: 12.7417   Cr: 12.6733 )
00000582: 14.0861   (Y': 14.9559   Cb: 12.7519   Cr: 12.7304 )
00000583: 14.0676   (Y': 14.9409   Cb: 12.7368   Cr: 12.7003 )
00000584: 14.0625   (Y': 14.9362   Cb: 12.7326   Cr: 12.6934 )
00000585: 14.1021   (Y': 14.9846   Cb: 12.7624   Cr: 12.7219 )
00000586: 14.0787   (Y': 14.9426   Cb: 12.7954   Cr: 12.6869 )
00000587: 14.0884   (Y': 14.9575   Cb: 12.7357   Cr: 12.7527 )
00000588: 14.0972   (Y': 14.98     Cb: 12.7582   Cr: 12.7154 )
00000589: 14.0939   (Y': 14.9806   Cb: 12.7375   Cr: 12.7199 )
00000590: 14.0816   (Y': 14.9415   Cb: 12.7423   Cr: 12.7547 )
00000591: 14.0816   (Y': 14.9677   Cb: 12.7376   Cr: 12.697  )
00000592: 14.1216   (Y': 14.994    Cb: 12.7736   Cr: 12.7736 )
00000593: 14.0448   (Y': 14.9416   Cb: 12.7071   Cr: 12.6288 )
00000594: 14.093    (Y': 14.9843   Cb: 12.7457   Cr: 12.699  )
00000595: 14.0886   (Y': 14.963    Cb: 12.741    Cr: 12.7354 )
00000596: 14.1044   (Y': 14.9924   Cb: 12.7567   Cr: 12.7186 )
00000597: 14.0497   (Y': 14.9191   Cb: 12.7363   Cr: 12.6746 )
00000598: 14.1021   (Y': 14.9718   Cb: 12.7747   Cr: 12.74   )
00000599: 14.0907   (Y': 14.983    Cb: 12.7348   Cr: 12.7031 )
00000600: 14.1094   (Y': 14.9895   Cb: 12.7906   Cr: 12.7143 )
00000601: 14.071    (Y': 14.9402   Cb: 12.7328   Cr: 12.7206 )
00000602: 14.1165   (Y': 14.9812   Cb: 12.7744   Cr: 12.781  )
00000603: 14.0936   (Y': 14.9778   Cb: 12.757    Cr: 12.7059 )
00000604: 14.1008   (Y': 14.9987   Cb: 12.7637   Cr: 12.6813 )
00000605: 14.0978   (Y': 14.9698   Cb: 12.7743   Cr: 12.7265 )
00000606: 14.1011   (Y': 14.9847   Cb: 12.7395   Cr: 12.7399 )
00000607: 14.0426   (Y': 14.9154   Cb: 12.691    Cr: 12.6972 )
00000608: 14.0653   (Y': 14.9402   Cb: 12.7595   Cr: 12.6693 )
00000609: 14.0896   (Y': 14.9587   Cb: 12.7626   Cr: 12.7285 )
00000610: 14.0653   (Y': 14.9651   Cb: 12.6903   Cr: 12.679  )
00000611: 14.0934   (Y': 14.9702   Cb: 12.7185   Cr: 12.7617 )
00000612: 14.0822   (Y': 14.9635   Cb: 12.7277   Cr: 12.7193 )
00000613: 14.1044   (Y': 14.9867   Cb: 12.7668   Cr: 12.7221 )
00000614: 14.1086   (Y': 14.9743   Cb: 12.7535   Cr: 12.7837 )
00000615: 14.0943   (Y': 14.9895   Cb: 12.7504   Cr: 12.6882 )
00000616: 14.0782   (Y': 14.953    Cb: 12.7132   Cr: 12.7415 )
00000617: 14.1044   (Y': 14.9824   Cb: 12.7839   Cr: 12.7155 )
00000618: 14.0908   (Y': 14.9772   Cb: 12.7857   Cr: 12.6671 )
00000619: 14.1104   (Y': 14.9823   Cb: 12.787    Cr: 12.739  )
00000620: 14.0887   (Y': 14.9809   Cb: 12.7172   Cr: 12.7169 )
00000621: 14.0631   (Y': 14.967    Cb: 12.7191   Cr: 12.6363 )
00000622: 14.1372   (Y': 15.0389   Cb: 12.7856   Cr: 12.723  )
00000623: 14.0897   (Y': 14.9974   Cb: 12.7044   Cr: 12.695  )
00000624: 14.1056   (Y': 14.9764   Cb: 12.7608   Cr: 12.7582 )
00000625: 14.0836   (Y': 14.9727   Cb: 12.7325   Cr: 12.6986 )
00000626: 14.1137   (Y': 15.0079   Cb: 12.7473   Cr: 12.7317 )
00000627: 14.0843   (Y': 14.9648   Cb: 12.7274   Cr: 12.7259 )
00000628: 14.0755   (Y': 14.9484   Cb: 12.7636   Cr: 12.6905 )
00000629: 14.1269   (Y': 15.0161   Cb: 12.7695   Cr: 12.7481 )
00000631: 14.1466   (Y': 15.0249   Cb: 12.8296   Cr: 12.7536 )
00000630: 14.1145   (Y': 15.0055   Cb: 12.7071   Cr: 12.7816 )
00000632: 14.1354   (Y': 15.0286   Cb: 12.7672   Cr: 12.7578 )
00000633: 14.1237   (Y': 15.0522   Cb: 12.7587   Cr: 12.6603 )
00000634: 14.1445   (Y': 15.0484   Cb: 12.7905   Cr: 12.7277 )
00000635: 14.1527   (Y': 15.0265   Cb: 12.8205   Cr: 12.7854 )
00000636: 14.1519   (Y': 15.0341   Cb: 12.8302   Cr: 12.7542 )
00000637: 14.1407   (Y': 14.9896   Cb: 12.8355   Cr: 12.8067 )
00000638: 14.1308   (Y': 14.9989   Cb: 12.8169   Cr: 12.7593 )
00000639: 14.1043   (Y': 14.9487   Cb: 12.8079   Cr: 12.7724 )
00000640: 14.2583   (Y': 15.0597   Cb: 12.8875   Cr: 13.1095 )
00000641: 14.2538   (Y': 15.0456   Cb: 12.8954   Cr: 13.1163 )
00000642: 14.2737   (Y': 15.0797   Cb: 12.9492   Cr: 13.0648 )
00000643: 14.233    (Y': 15.0947   Cb: 12.8294   Cr: 12.9675 )
00000644: 14.2292   (Y': 15.0328   Cb: 12.8554   Cr: 13.0779 )
00000645: 14.2153   (Y': 15.0639   Cb: 12.8108   Cr: 12.983  )
00000646: 14.2501   (Y': 15.0845   Cb: 12.8387   Cr: 13.06   )
00000647: 14.232    (Y': 15.0365   Cb: 12.8414   Cr: 13.0959 )
00000648: 14.2299   (Y': 15.0609   Cb: 12.8105   Cr: 13.0569 )
00000649: 14.2171   (Y': 15.0294   Cb: 12.8268   Cr: 13.0609 )
00000650: 14.2112   (Y': 15.0123   Cb: 12.8383   Cr: 13.0653 )
00000651: 14.2039   (Y': 15.0396   Cb: 12.8133   Cr: 12.9892 )
00000652: 14.2122   (Y': 15.0175   Cb: 12.842    Cr: 13.0524 )
00000653: 14.2034   (Y': 15.0271   Cb: 12.7798   Cr: 13.0533 )
00000654: 14.1799   (Y': 14.9838   Cb: 12.8566   Cr: 12.9751 )
00000655: 14.1474   (Y': 14.9616   Cb: 12.7612   Cr: 12.9821 )
00000656: 14.1865   (Y': 15.0065   Cb: 12.821    Cr: 12.9847 )
00000657: 14.2103   (Y': 15.0304   Cb: 12.8153   Cr: 13.0396 )
00000658: 14.1802   (Y': 14.9901   Cb: 12.8143   Cr: 13.0044 )
00000659: 14.1843   (Y': 14.9886   Cb: 12.8472   Cr: 12.9928 )
00000660: 14.1751   (Y': 14.9887   Cb: 12.7761   Cr: 13.0246 )
00000661: 14.1918   (Y': 15.0051   Cb: 12.7842   Cr: 13.0512 )
00000662: 14.2402   (Y': 15.0499   Cb: 12.8559   Cr: 13.0841 )
00000663: 14.2696   (Y': 15.1113   Cb: 12.8431   Cr: 13.0774 )
00000664: 14.2945   (Y': 15.1219   Cb: 12.898    Cr: 13.1067 )
00000665: 14.2679   (Y': 15.0951   Cb: 12.9002   Cr: 13.0503 )
00000666: 14.2959   (Y': 15.106    Cb: 12.9088   Cr: 13.1417 )
00000667: 14.2497   (Y': 15.073    Cb: 12.8465   Cr: 13.0793 )
00000668: 14.2645   (Y': 15.1007   Cb: 12.8617   Cr: 13.061  )
00000669: 14.2421   (Y': 15.0494   Cb: 12.8858   Cr: 13.0628 )
00000670: 14.259    (Y': 15.1019   Cb: 12.8389   Cr: 13.0572 )
00000671: 14.1993   (Y': 15.026    Cb: 12.8206   Cr: 12.9947 )
00000672: 14.2033   (Y': 15.0122   Cb: 12.8787   Cr: 12.9871 )
00000673: 14.2217   (Y': 15.0079   Cb: 12.8583   Cr: 13.1038 )
00000674: 14.2189   (Y': 15.0451   Cb: 12.8319   Cr: 13.0242 )
00000675: 14.2707   (Y': 15.0687   Cb: 12.9357   Cr: 13.093  )
00000676: 14.2445   (Y': 15.0677   Cb: 12.8231   Cr: 13.0934 )
00000677: 14.25     (Y': 15.0524   Cb: 12.8722   Cr: 13.1058 )
00000678: 14.2038   (Y': 15.0178   Cb: 12.8406   Cr: 13.0149 )
00000679: 14.1875   (Y': 14.9997   Cb: 12.8125   Cr: 13.0155 )
00000680: 14.2205   (Y': 15.0274   Cb: 12.8415   Cr: 13.066  )
00000681: 14.199    (Y': 15.0159   Cb: 12.8022   Cr: 13.0377 )
00000682: 14.2132   (Y': 15.0236   Cb: 12.809    Cr: 13.0766 )
00000683: 14.1804   (Y': 14.9544   Cb: 12.8465   Cr: 13.0632 )
00000684: 14.2034   (Y': 15.0139   Cb: 12.8471   Cr: 13.0161 )
00000685: 14.2081   (Y': 15.006    Cb: 12.8201   Cr: 13.0861 )
00000686: 14.2211   (Y': 15.0071   Cb: 12.8762   Cr: 13.0842 )
00000687: 14.2201   (Y': 15.0397   Cb: 12.7983   Cr: 13.0787 )
00000688: 14.2223   (Y': 15.0256   Cb: 12.8394   Cr: 13.0812 )
00000689: 14.2281   (Y': 15.0428   Cb: 12.851    Cr: 13.0516 )
00000690: 14.2569   (Y': 15.0749   Cb: 12.8693   Cr: 13.0835 )
00000691: 14.292    (Y': 15.0983   Cb: 12.9136   Cr: 13.1384 )
00000692: 14.3137   (Y': 15.1437   Cb: 12.9223   Cr: 13.1141 )
00000693: 14.3436   (Y': 15.1715   Cb: 12.9739   Cr: 13.1263 )
00000694: 14.3177   (Y': 15.0861   Cb: 12.9845   Cr: 13.2139 )
00000695: 14.2794   (Y': 15.0466   Cb: 12.9784   Cr: 13.1451 )
00000696: 14.286    (Y': 15.0831   Cb: 12.9172   Cr: 13.1459 )
00000697: 14.2769   (Y': 15.0438   Cb: 12.9618   Cr: 13.1581 )
00000698: 14.3553   (Y': 15.1575   Cb: 12.9901   Cr: 13.1983 )
00000699: 14.3608   (Y': 15.1576   Cb: 12.9788   Cr: 13.2351 )
00000700: 14.2622   (Y': 15.0928   Cb: 12.8602   Cr: 13.0721 )
00000701: 14.2578   (Y': 15.0677   Cb: 12.8714   Cr: 13.1037 )
00000702: 14.3065   (Y': 15.136    Cb: 12.922    Cr: 13.1007 )
00000703: 14.3392   (Y': 15.1551   Cb: 12.9579   Cr: 13.1643 )
00000704: 14.2826   (Y': 15.1345   Cb: 12.8595   Cr: 13.0612 )
00000705: 14.2231   (Y': 15.0581   Cb: 12.8323   Cr: 13.01   )
00000706: 14.261    (Y': 15.1202   Cb: 12.8273   Cr: 13.0326 )
00000707: 14.3051   (Y': 15.1304   Cb: 12.9166   Cr: 13.114  )
00000708: 14.2663   (Y': 15.1      Cb: 12.8658   Cr: 13.0667 )
00000709: 14.249    (Y': 15.059    Cb: 12.8665   Cr: 13.0902 )
00000710: 14.2655   (Y': 15.0466   Cb: 12.9039   Cr: 13.1588 )
00000711: 14.2904   (Y': 15.087    Cb: 12.9161   Cr: 13.1573 )
00000712: 14.2361   (Y': 15.0261   Cb: 12.882    Cr: 13.0988 )
00000713: 14.2577   (Y': 15.0912   Cb: 12.8694   Cr: 13.0458 )
00000714: 14.259    (Y': 15.0655   Cb: 12.9174   Cr: 13.0665 )
00000715: 14.2528   (Y': 15.0641   Cb: 12.8968   Cr: 13.0632 )
00000716: 14.2332   (Y': 15.0534   Cb: 12.8624   Cr: 13.0364 )
00000717: 14.2996   (Y': 15.1147   Cb: 12.9208   Cr: 13.1241 )
00000718: 14.2984   (Y': 15.0775   Cb: 12.9861   Cr: 13.1453 )
00000719: 14.2714   (Y': 15.0768   Cb: 12.8943   Cr: 13.1188 )
00000720: 14.2575   (Y': 15.0674   Cb: 12.8974   Cr: 13.0758 )
00000721: 14.2682   (Y': 15.0785   Cb: 12.8592   Cr: 13.1369 )
00000722: 14.2689   (Y': 15.0846   Cb: 12.8771   Cr: 13.1055 )
00000723: 14.1883   (Y': 14.9677   Cb: 12.8249   Cr: 13.0879 )
00000724: 14.2447   (Y': 15.0479   Cb: 12.865    Cr: 13.1006 )
00000725: 14.2353   (Y': 15.0118   Cb: 12.8746   Cr: 13.1396 )
00000726: 14.2382   (Y': 15.0522   Cb: 12.8498   Cr: 13.0758 )
00000727: 14.2307   (Y': 15.074    Cb: 12.8023   Cr: 13.0365 )
00000728: 14.2245   (Y': 15.0441   Cb: 12.8062   Cr: 13.0792 )
00000729: 14.2149   (Y': 15.008    Cb: 12.849    Cr: 13.082  )
00000730: 14.2043   (Y': 15.018    Cb: 12.8013   Cr: 13.0581 )
00000731: 14.2114   (Y': 15.0276   Cb: 12.8173   Cr: 13.0493 )
00000732: 14.1863   (Y': 14.9754   Cb: 12.8739   Cr: 13.0074 )
00000733: 14.242    (Y': 15.0498   Cb: 12.8735   Cr: 13.0743 )
00000734: 14.2003   (Y': 15.0155   Cb: 12.7995   Cr: 13.0479 )
00000735: 14.249    (Y': 15.0542   Cb: 12.8636   Cr: 13.1058 )
00000736: 14.2256   (Y': 15.0141   Cb: 12.8922   Cr: 13.0705 )
00000737: 14.2119   (Y': 15.0281   Cb: 12.8252   Cr: 13.0418 )
00000738: 14.1929   (Y': 15.0204   Cb: 12.8223   Cr: 12.9778 )
00000739: 14.2435   (Y': 15.0366   Cb: 12.8762   Cr: 13.1122 )
00000740: 14.2201   (Y': 15.0235   Cb: 12.8628   Cr: 13.0519 )
00000741: 14.2116   (Y': 15.0332   Cb: 12.8111   Cr: 13.0425 )
00000742: 14.1894   (Y': 14.9908   Cb: 12.8727   Cr: 12.984  )
00000743: 14.2192   (Y': 15.0368   Cb: 12.8035   Cr: 13.0763 )
00000744: 14.1902   (Y': 14.9959   Cb: 12.8191   Cr: 13.0303 )
00000745: 14.1844   (Y': 15.013    Cb: 12.8099   Cr: 12.9707 )
00000746: 14.1942   (Y': 14.9966   Cb: 12.8178   Cr: 13.0484 )
00000747: 14.2255   (Y': 15.0269   Cb: 12.8632   Cr: 13.0676 )
00000748: 14.2016   (Y': 15.009    Cb: 12.8119   Cr: 13.0571 )
00000749: 14.1995   (Y': 15.0061   Cb: 12.8297   Cr: 13.0362 )
00000750: 14.2249   (Y': 15.0123   Cb: 12.8555   Cr: 13.1104 )
00000751: 14.1771   (Y': 14.9487   Cb: 12.8385   Cr: 13.0707 )
00000752: 14.1833   (Y': 14.9986   Cb: 12.8346   Cr: 12.9758 )
00000753: 14.2213   (Y': 14.9977   Cb: 12.8698   Cr: 13.1163 )
00000754: 14.2538   (Y': 15.0759   Cb: 12.8388   Cr: 13.099  )
00000755: 14.235    (Y': 15.0568   Cb: 12.8522   Cr: 13.0466 )
00000756: 14.2543   (Y': 15.0976   Cb: 12.8388   Cr: 13.0465 )
00000757: 14.2671   (Y': 15.0966   Cb: 12.8437   Cr: 13.1022 )
00000758: 14.2178   (Y': 15.0657   Cb: 12.7563   Cr: 13.0473 )
00000759: 14.2074   (Y': 15.0662   Cb: 12.789    Cr: 12.9639 )
00000760: 14.2079   (Y': 15.0271   Cb: 12.8345   Cr: 13.0164 )
00000761: 14.2593   (Y': 15.1095   Cb: 12.8003   Cr: 13.0801 )
00000762: 14.2668   (Y': 15.1027   Cb: 12.8615   Cr: 13.067  )
00000763: 14.1978   (Y': 15.0221   Cb: 12.7783   Cr: 13.0421 )
00000764: 14.2502   (Y': 15.0773   Cb: 12.8694   Cr: 13.0465 )
00000765: 14.2447   (Y': 15.0606   Cb: 12.8473   Cr: 13.0868 )
00000766: 14.218    (Y': 15.0542   Cb: 12.8273   Cr: 13.002  )
00000767: 14.1866   (Y': 15.022    Cb: 12.8063   Cr: 12.9619 )
00000768: 14.224    (Y': 15.0686   Cb: 12.8267   Cr: 12.994  )
00000769: 14.2075   (Y': 15.0487   Cb: 12.8084   Cr: 12.9879 )
00000770: 14.2616   (Y': 15.1005   Cb: 12.8746   Cr: 13.035  )
00000771: 14.1779   (Y': 15.0258   Cb: 12.7697   Cr: 12.9511 )
00000772: 14.224    (Y': 15.0572   Cb: 12.7908   Cr: 13.0602 )
00000773: 14.2477   (Y': 15.0962   Cb: 12.7966   Cr: 13.0645 )
00000774: 14.1961   (Y': 15.0198   Cb: 12.7887   Cr: 13.0291 )
00000775: 14.2255   (Y': 15.0711   Cb: 12.7892   Cr: 13.0336 )
00000776: 14.2126   (Y': 15.0667   Cb: 12.7737   Cr: 13.0025 )
00000777: 14.2215   (Y': 15.0789   Cb: 12.7826   Cr: 13.0034 )
00000778: 14.2516   (Y': 15.0859   Cb: 12.8189   Cr: 13.0847 )
00000779: 14.2423   (Y': 15.0696   Cb: 12.8192   Cr: 13.0827 )
00000780: 14.2326   (Y': 15.0602   Cb: 12.8097   Cr: 13.0721 )
00000781: 14.2148   (Y': 15.0434   Cb: 12.8071   Cr: 13.0358 )
00000782: 14.1862   (Y': 15.0333   Cb: 12.7702   Cr: 12.9694 )
00000783: 14.1959   (Y': 15.0512   Cb: 12.7399   Cr: 13.001  )
00000784: 14.2054   (Y': 15.0275   Cb: 12.8043   Cr: 13.0358 )
00000785: 14.2019   (Y': 15.0304   Cb: 12.7903   Cr: 13.027  )
00000786: 14.2052   (Y': 15.0332   Cb: 12.8208   Cr: 13.0029 )
00000787: 14.1576   (Y': 14.9673   Cb: 12.7723   Cr: 13.0027 )
00000788: 14.1684   (Y': 15.0081   Cb: 12.7448   Cr: 12.9779 )
00000789: 14.2141   (Y': 15.0427   Cb: 12.8244   Cr: 13.0162 )
00000790: 14.1933   (Y': 15.0384   Cb: 12.7336   Cr: 13.028  )
00000791: 14.1801   (Y': 15.0076   Cb: 12.7825   Cr: 12.993  )
00000792: 14.1893   (Y': 15.0264   Cb: 12.81     Cr: 12.9589 )
00000793: 14.1881   (Y': 15.0069   Cb: 12.8059   Cr: 13.007  )
00000794: 14.2023   (Y': 15.0189   Cb: 12.8449   Cr: 13.0008 )
00000795: 14.1875   (Y': 15.0193   Cb: 12.81     Cr: 12.969  )
00000796: 14.1857   (Y': 15.0367   Cb: 12.7437   Cr: 12.9869 )
00000797: 14.2192   (Y': 15.0571   Cb: 12.8208   Cr: 13.0068 )
00000798: 14.2175   (Y': 15.0391   Cb: 12.7843   Cr: 13.0831 )
00000799: 14.1841   (Y': 15.0251   Cb: 12.7895   Cr: 12.9601 )
00000800: 14.2284   (Y': 15.0471   Cb: 12.8392   Cr: 13.0548 )
00000801: 14.2234   (Y': 15.0519   Cb: 12.8605   Cr: 12.9978 )
00000802: 14.1885   (Y': 14.9842   Cb: 12.8706   Cr: 12.9989 )
00000803: 14.2229   (Y': 15.0468   Cb: 12.8499   Cr: 13.0193 )
00000804: 14.1908   (Y': 15.0488   Cb: 12.7579   Cr: 12.9645 )
00000805: 14.2266   (Y': 15.0586   Cb: 12.8368   Cr: 13.0198 )
00000806: 14.2043   (Y': 15.0533   Cb: 12.7923   Cr: 12.9787 )
00000807: 14.1964   (Y': 15.0299   Cb: 12.8184   Cr: 12.9741 )
00000808: 14.1971   (Y': 15.0252   Cb: 12.7751   Cr: 13.0342 )
00000809: 14.1983   (Y': 15.0171   Cb: 12.8197   Cr: 13.0132 )
00000810: 14.2151   (Y': 15.0334   Cb: 12.7689   Cr: 13.1032 )
00000811: 14.2097   (Y': 15.0223   Cb: 12.8692   Cr: 13.0009 )
00000812: 14.2025   (Y': 15.0269   Cb: 12.7962   Cr: 13.0324 )
00000813: 14.1949   (Y': 15.0494   Cb: 12.775    Cr: 12.9639 )
00000814: 14.1906   (Y': 15.0257   Cb: 12.7783   Cr: 13      )
00000815: 14.2156   (Y': 15.0475   Cb: 12.8318   Cr: 13.0031 )
00000816: 14.1972   (Y': 15.0028   Cb: 12.8368   Cr: 13.0266 )
00000817: 14.2133   (Y': 15.0287   Cb: 12.8435   Cr: 13.0275 )
00000818: 14.2215   (Y': 15.0629   Cb: 12.7938   Cr: 13.0311 )
00000819: 14.2119   (Y': 15.0349   Cb: 12.8099   Cr: 13.0409 )
00000820: 14.2194   (Y': 15.0726   Cb: 12.7624   Cr: 13.0308 )
00000821: 14.1928   (Y': 15.0362   Cb: 12.8226   Cr: 12.9376 )
00000822: 14.1947   (Y': 15.0371   Cb: 12.7661   Cr: 13.003  )
00000823: 14.1931   (Y': 15.0334   Cb: 12.7865   Cr: 12.9836 )
00000824: 14.2067   (Y': 15.0419   Cb: 12.7881   Cr: 13.0224 )
00000825: 14.2023   (Y': 15.0374   Cb: 12.785    Cr: 13.017  )
00000826: 14.2025   (Y': 15.0382   Cb: 12.8183   Cr: 12.9809 )
00000827: 14.18     (Y': 15.0187   Cb: 12.7878   Cr: 12.9591 )
00000828: 14.1819   (Y': 14.9809   Cb: 12.8066   Cr: 13.0438 )
00000829: 14.1812   (Y': 15.0128   Cb: 12.8032   Cr: 12.9633 )
00000830: 14.1916   (Y': 15.0373   Cb: 12.7881   Cr: 12.9652 )
00000831: 14.1686   (Y': 14.9857   Cb: 12.8073   Cr: 12.9701 )
00000832: 14.2129   (Y': 15.0389   Cb: 12.8278   Cr: 13.0168 )
00000833: 14.2235   (Y': 15.0624   Cb: 12.7957   Cr: 13.0397 )
00000834: 14.183    (Y': 15.0083   Cb: 12.7901   Cr: 12.9966 )
00000835: 14.1911   (Y': 15.016    Cb: 12.792    Cr: 13.0122 )
00000836: 14.1757   (Y': 14.998    Cb: 12.7675   Cr: 13.0128 )
00000837: 14.167    (Y': 15.0289   Cb: 12.7019   Cr: 12.9651 )
00000838: 14.2039   (Y': 15.0259   Cb: 12.8072   Cr: 13.0299 )
00000839: 14.1814   (Y': 15.0259   Cb: 12.7773   Cr: 12.9587 )
00000840: 14.1983   (Y': 15.025    Cb: 12.8419   Cr: 12.9703 )
00000841: 14.204    (Y': 15.0385   Cb: 12.7725   Cr: 13.035  )
00000842: 14.1986   (Y': 15.0156   Cb: 12.7805   Cr: 13.0598 )
00000843: 14.1936   (Y': 15.0377   Cb: 12.7734   Cr: 12.9888 )
00000844: 14.1789   (Y': 15.0333   Cb: 12.7226   Cr: 12.9864 )
00000845: 14.182    (Y': 15.0104   Cb: 12.7729   Cr: 13.0049 )
00000846: 14.2092   (Y': 15.0398   Cb: 12.8082   Cr: 13.0177 )
00000847: 14.1864   (Y': 15.0234   Cb: 12.7781   Cr: 12.9869 )
00000848: 14.198    (Y': 15.025    Cb: 12.7861   Cr: 13.0274 )
00000849: 14.2192   (Y': 15.0578   Cb: 12.7917   Cr: 13.0358 )
00000850: 14.1784   (Y': 15.0163   Cb: 12.7659   Cr: 12.9812 )
00000851: 14.1868   (Y': 15.0193   Cb: 12.7653   Cr: 13.0125 )
00000852: 14.1767   (Y': 14.9997   Cb: 12.7983   Cr: 12.9811 )
00000853: 14.1831   (Y': 15.0175   Cb: 12.7754   Cr: 12.9897 )
00000854: 14.2024   (Y': 15.0397   Cb: 12.7837   Cr: 13.013  )
00000855: 14.197    (Y': 15.0193   Cb: 12.7802   Cr: 13.0433 )
00000856: 14.1772   (Y': 15.002    Cb: 12.7788   Cr: 12.9981 )
00000857: 14.2009   (Y': 15.0489   Cb: 12.7745   Cr: 12.993  )
00000858: 14.2125   (Y': 15.0557   Cb: 12.7986   Cr: 13.0033 )
00000859: 14.1828   (Y': 15.0071   Cb: 12.797    Cr: 12.9916 )
00000860: 14.212    (Y': 15.0593   Cb: 12.8012   Cr: 12.9891 )
00000861: 14.1738   (Y': 14.9845   Cb: 12.792    Cr: 13.0128 )
00000862: 14.2      (Y': 15.0141   Cb: 12.8226   Cr: 13.0255 )
00000863: 14.1845   (Y': 15.0282   Cb: 12.7475   Cr: 12.9982 )
00000864: 14.1881   (Y': 15.0161   Cb: 12.7655   Cr: 13.0261 )
00000865: 14.2018   (Y': 15.0518   Cb: 12.7644   Cr: 13.0006 )
00000866: 14.2015   (Y': 15.0439   Cb: 12.7986   Cr: 12.9826 )
00000867: 14.1767   (Y': 15.0199   Cb: 12.7308   Cr: 13.0012 )
00000868: 14.1863   (Y': 15.018    Cb: 12.747    Cr: 13.0329 )
00000869: 14.2062   (Y': 15.0409   Cb: 12.7937   Cr: 13.0167 )
00000870: 14.1958   (Y': 15.0435   Cb: 12.7826   Cr: 12.9744 )
00000871: 14.1992   (Y': 15.0267   Cb: 12.7977   Cr: 13.0163 )
00000872: 14.2058   (Y': 15.0405   Cb: 12.7804   Cr: 13.0301 )
00000873: 14.2102   (Y': 15.019    Cb: 12.8103   Cr: 13.0729 )
00000874: 14.2077   (Y': 15.0474   Cb: 12.7801   Cr: 13.0218 )
00000875: 14.18     (Y': 15.0099   Cb: 12.7795   Cr: 12.9898 )
00000876: 14.2146   (Y': 15.0594   Cb: 12.8173   Cr: 12.984  )
00000877: 14.2003   (Y': 15.0404   Cb: 12.7611   Cr: 13.0257 )
00000878: 14.207    (Y': 15.0472   Cb: 12.7993   Cr: 12.9988 )
00000879: 14.2189   (Y': 15.0584   Cb: 12.8018   Cr: 13.0222 )
00000880: 14.2015   (Y': 15.0243   Cb: 12.8308   Cr: 12.9981 )
00000881: 14.1965   (Y': 15.0248   Cb: 12.7986   Cr: 13.0078 )
00000882: 14.1977   (Y': 15.0295   Cb: 12.7945   Cr: 13.0057 )
00000883: 14.1752   (Y': 14.9978   Cb: 12.7668   Cr: 13.0119 )
00000884: 14.2045   (Y': 15.0306   Cb: 12.7931   Cr: 13.0357 )
00000885: 14.188    (Y': 15.0271   Cb: 12.8014   Cr: 12.9604 )
00000886: 14.1872   (Y': 15.0114   Cb: 12.7901   Cr: 13.0079 )
00000887: 14.193    (Y': 15.0268   Cb: 12.8081   Cr: 12.9767 )
00000888: 14.1913   (Y': 15.0225   Cb: 12.7916   Cr: 12.9974 )
00000889: 14.1922   (Y': 15.0048   Cb: 12.8184   Cr: 13.0179 )
00000890: 14.1825   (Y': 15.0188   Cb: 12.7689   Cr: 12.9902 )
00000891: 14.1837   (Y': 14.993    Cb: 12.7829   Cr: 13.0463 )
Total: 14.1393   (Y': 15.0097   Cb: 12.7869   Cr: 12.8002 )
