00000000: 37.4581   (Y': INF       Cb: 32.6869   Cr: 32.6869 )
00000002: 17.1979   (Y': 18.1033   Cb: 15.9468   Cr: 15.6783 )
00000001: 17.1992   (Y': 18.1014   Cb: 15.9599   Cr: 15.6761 )
00000006: 17.018    (Y': 17.9722   Cb: 15.6898   Cr: 15.4608 )
00000005: 17.0685   (Y': 18.0116   Cb: 15.7586   Cr: 15.519  )
00000003: 17.0976   (Y': 18.0586   Cb: 15.7848   Cr: 15.5105 )
00000004: 17.0715   (Y': 18.0243   Cb: 15.7453   Cr: 15.5155 )
00000007: 17.0121   (Y': 17.9837   Cb: 15.6908   Cr: 15.4097 )
00000009: 17.0493   (Y': 17.9823   Cb: 15.7612   Cr: 15.5019 )
00000008: 17.0028   (Y': 17.9383   Cb: 15.6899   Cr: 15.4731 )
00000011: 17.0349   (Y': 17.9593   Cb: 15.766    Cr: 15.4891 )
00000010: 17.0129   (Y': 17.9608   Cb: 15.678    Cr: 15.4761 )
00000012: 17.0285   (Y': 17.9653   Cb: 15.7292   Cr: 15.4829 )
00000015: 17.0249   (Y': 17.9676   Cb: 15.7117   Cr: 15.4793 )
00000014: 17.0286   (Y': 17.975    Cb: 15.6949   Cr: 15.494  )
00000013: 17.0401   (Y': 17.9809   Cb: 15.7517   Cr: 15.4755 )
00000016: 17.0343   (Y': 17.9757   Cb: 15.7558   Cr: 15.459  )
00000017: 17.0492   (Y': 17.9878   Cb: 15.7733   Cr: 15.4778 )
00000018: 17.0116   (Y': 17.9518   Cb: 15.6987   Cr: 15.4715 )
00000019: 17.0015   (Y': 17.9425   Cb: 15.6744   Cr: 15.4732 )
00000020: 17.0424   (Y': 17.9765   Cb: 15.7633   Cr: 15.484  )
00000022: 17.0243   (Y': 17.9683   Cb: 15.706    Cr: 15.4807 )
00000021: 17.0289   (Y': 17.961    Cb: 15.7081   Cr: 15.5149 )
00000023: 17.0203   (Y': 17.9506   Cb: 15.7155   Cr: 15.495  )
00000025: 17.0046   (Y': 17.9346   Cb: 15.6569   Cr: 15.5211 )
00000024: 17.0307   (Y': 17.9754   Cb: 15.7073   Cr: 15.4906 )
00000027: 17.0025   (Y': 17.9552   Cb: 15.6478   Cr: 15.4738 )
00000026: 17.0138   (Y': 17.9561   Cb: 15.697    Cr: 15.4727 )
00000028: 16.9843   (Y': 17.9369   Cb: 15.6448   Cr: 15.4414 )
00000029: 17.032    (Y': 17.9625   Cb: 15.7422   Cr: 15.4919 )
00000030: 17.03     (Y': 17.9765   Cb: 15.7182   Cr: 15.4747 )
00000031: 17.0309   (Y': 17.9679   Cb: 15.676    Cr: 15.538  )
00000034: 17.0115   (Y': 17.9499   Cb: 15.6862   Cr: 15.4873 )
00000032: 17.022    (Y': 17.9695   Cb: 15.683    Cr: 15.4903 )
00000033: 17.0165   (Y': 17.9542   Cb: 15.7188   Cr: 15.4675 )
00000035: 17.0232   (Y': 17.9709   Cb: 15.7309   Cr: 15.4465 )
00000037: 17.038    (Y': 17.9739   Cb: 15.7583   Cr: 15.4762 )
00000036: 17.0056   (Y': 17.9555   Cb: 15.7078   Cr: 15.4294 )
00000038: 17.0163   (Y': 17.9625   Cb: 15.7181   Cr: 15.4488 )
00000039: 17.0047   (Y': 17.9631   Cb: 15.6569   Cr: 15.4567 )
00000042: 17.0216   (Y': 17.9612   Cb: 15.7175   Cr: 15.4747 )
00000040: 17.0187   (Y': 17.9782   Cb: 15.6776   Cr: 15.4618 )
00000041: 17.0151   (Y': 17.963    Cb: 15.6924   Cr: 15.467  )
00000043: 17.0138   (Y': 17.9379   Cb: 15.7677   Cr: 15.4473 )
00000044: 17.0192   (Y': 17.9544   Cb: 15.74     Cr: 15.4585 )
00000045: 17.0395   (Y': 17.9658   Cb: 15.7182   Cr: 15.5391 )
00000046: 17.0021   (Y': 17.9681   Cb: 15.6542   Cr: 15.4373 )
00000047: 17.012    (Y': 17.9499   Cb: 15.7223   Cr: 15.4552 )
00000048: 17.0117   (Y': 17.9796   Cb: 15.7093   Cr: 15.3997 )
00000049: 17.0141   (Y': 17.9663   Cb: 15.6772   Cr: 15.4697 )
00000050: 17.0191   (Y': 17.9412   Cb: 15.7787   Cr: 15.4515 )
00000051: 17.006    (Y': 17.95     Cb: 15.6801   Cr: 15.4698 )
00000053: 17.0336   (Y': 17.9613   Cb: 15.7256   Cr: 15.5172 )
00000052: 17.0012   (Y': 17.944    Cb: 15.7027   Cr: 15.4416 )
00000054: 17.0122   (Y': 17.9438   Cb: 15.7584   Cr: 15.4359 )
00000055: 17.019    (Y': 17.9615   Cb: 15.6791   Cr: 15.4992 )
00000056: 17.0157   (Y': 17.9655   Cb: 15.6931   Cr: 15.463  )
00000057: 17.0189   (Y': 17.9492   Cb: 15.739    Cr: 15.47   )
00000059: 17.0238   (Y': 17.9604   Cb: 15.7      Cr: 15.5021 )
00000058: 16.9986   (Y': 17.9497   Cb: 15.7092   Cr: 15.4118 )
00000060: 17.0259   (Y': 17.9743   Cb: 15.6933   Cr: 15.486  )
00000061: 17.0424   (Y': 17.9687   Cb: 15.7471   Cr: 15.5171 )
00000062: 17.0144   (Y': 17.9631   Cb: 15.6837   Cr: 15.472  )
00000063: 17.0183   (Y': 17.9474   Cb: 15.7566   Cr: 15.455  )
00000064: 16.996    (Y': 17.9381   Cb: 15.6671   Cr: 15.4668 )
00000066: 17.0193   (Y': 17.9751   Cb: 15.7061   Cr: 15.4441 )
00000067: 17.0086   (Y': 17.9587   Cb: 15.6799   Cr: 15.4613 )
00000068: 17.0264   (Y': 17.9631   Cb: 15.697    Cr: 15.51   )
00000065: 17.0067   (Y': 17.9467   Cb: 15.7009   Cr: 15.4601 )
00000070: 17.0225   (Y': 17.967    Cb: 15.7303   Cr: 15.4532 )
00000069: 17.0213   (Y': 17.96     Cb: 15.7226   Cr: 15.4712 )
00000071: 17.0265   (Y': 17.9579   Cb: 15.7184   Cr: 15.5015 )
00000072: 17.005    (Y': 17.9536   Cb: 15.6539   Cr: 15.4823 )
00000073: 17.0263   (Y': 17.9779   Cb: 15.6784   Cr: 15.4938 )
00000074: 17.0187   (Y': 17.9606   Cb: 15.7487   Cr: 15.4346 )
00000075: 17.0056   (Y': 17.932    Cb: 15.6785   Cr: 15.5101 )
00000077: 16.9964   (Y': 17.9663   Cb: 15.6384   Cr: 15.4324 )
00000076: 17.0181   (Y': 17.9649   Cb: 15.7159   Cr: 15.4532 )
00000079: 17.0246   (Y': 17.956    Cb: 15.7301   Cr: 15.4872 )
00000078: 16.9981   (Y': 17.9469   Cb: 15.6864   Cr: 15.4373 )
00000080: 17.0057   (Y': 17.9339   Cb: 15.6878   Cr: 15.4978 )
00000081: 17.0124   (Y': 17.9679   Cb: 15.6686   Cr: 15.4672 )
00000082: 17.0158   (Y': 17.9708   Cb: 15.6732   Cr: 15.4704 )
00000083: 16.9868   (Y': 17.9095   Cb: 15.7065   Cr: 15.4552 )
00000084: 17.0299   (Y': 17.9308   Cb: 15.7733   Cr: 15.5259 )
00000085: 17.0033   (Y': 17.9333   Cb: 15.7084   Cr: 15.4692 )
00000086: 17.001    (Y': 17.9377   Cb: 15.6822   Cr: 15.4744 )
00000087: 17.0228   (Y': 17.9708   Cb: 15.7091   Cr: 15.4658 )
00000088: 17.0083   (Y': 17.9342   Cb: 15.7129   Cr: 15.4838 )
00000089: 17.0215   (Y': 17.9736   Cb: 15.7054   Cr: 15.4575 )
00000090: 17.0144   (Y': 17.9697   Cb: 15.668    Cr: 15.4719 )
00000091: 17.0317   (Y': 17.974    Cb: 15.7463   Cr: 15.4608 )
00000092: 17.0224   (Y': 17.9457   Cb: 15.7487   Cr: 15.4835 )
00000093: 17.0061   (Y': 17.9479   Cb: 15.6558   Cr: 15.4983 )
00000094: 17.004    (Y': 17.9209   Cb: 15.7455   Cr: 15.4656 )
00000095: 17.0219   (Y': 17.9595   Cb: 15.6808   Cr: 15.5148 )
00000096: 17.0094   (Y': 17.9525   Cb: 15.7403   Cr: 15.4216 )
00000097: 17.0058   (Y': 17.9568   Cb: 15.6802   Cr: 15.4533 )
00000098: 16.995    (Y': 17.9374   Cb: 15.6848   Cr: 15.4474 )
00000099: 17.0231   (Y': 17.9491   Cb: 15.7292   Cr: 15.497  )
00000100: 16.9928   (Y': 17.9452   Cb: 15.6664   Cr: 15.438  )
00000101: 16.9555   (Y': 17.8134   Cb: 15.708    Cr: 15.5433 )
00000102: 16.9884   (Y': 17.8866   Cb: 15.7798   Cr: 15.446  )
00000103: 17.0245   (Y': 17.9682   Cb: 15.7167   Cr: 15.4716 )
00000104: 17.0122   (Y': 17.9407   Cb: 15.7168   Cr: 15.4817 )
00000105: 17.0192   (Y': 17.9633   Cb: 15.7053   Cr: 15.4712 )
00000106: 17.024    (Y': 17.9835   Cb: 15.6836   Cr: 15.4666 )
00000107: 17.006    (Y': 17.971    Cb: 15.648    Cr: 15.453  )
00000108: 16.9801   (Y': 17.9386   Cb: 15.6401   Cr: 15.4244 )
00000109: 17.0306   (Y': 17.9672   Cb: 15.7117   Cr: 15.5044 )
00000111: 16.9973   (Y': 17.9466   Cb: 15.6615   Cr: 15.4583 )
00000110: 17.0179   (Y': 17.9548   Cb: 15.6895   Cr: 15.4998 )
00000112: 17.0137   (Y': 17.9407   Cb: 15.6852   Cr: 15.5187 )
00000113: 17.0118   (Y': 17.9704   Cb: 15.6452   Cr: 15.4817 )
00000114: 17.0297   (Y': 17.9743   Cb: 15.6952   Cr: 15.5002 )
00000115: 17.0161   (Y': 17.9856   Cb: 15.6346   Cr: 15.4758 )
00000116: 16.9931   (Y': 17.9445   Cb: 15.6911   Cr: 15.4175 )
00000117: 17.0189   (Y': 17.9733   Cb: 15.6605   Cr: 15.4899 )
00000118: 16.9837   (Y': 17.9278   Cb: 15.6341   Cr: 15.4699 )
00000119: 17.0218   (Y': 17.9595   Cb: 15.7439   Cr: 15.4542 )
00000120: 16.9917   (Y': 17.9492   Cb: 15.6814   Cr: 15.4101 )
00000121: 16.984    (Y': 17.9414   Cb: 15.6468   Cr: 15.4282 )
00000122: 17.0294   (Y': 17.959    Cb: 15.6805   Cr: 15.548  )
00000123: 17.0082   (Y': 17.9593   Cb: 15.7041   Cr: 15.4352 )
00000124: 17.0373   (Y': 17.9759   Cb: 15.7199   Cr: 15.5051 )
00000125: 16.9856   (Y': 17.9678   Cb: 15.6468   Cr: 15.3761 )
00000126: 17.0232   (Y': 17.9788   Cb: 15.7227   Cr: 15.4367 )
00000127: 17.0079   (Y': 17.9823   Cb: 15.6411   Cr: 15.4424 )
00000128: 17.0179   (Y': 17.9738   Cb: 15.715    Cr: 15.4331 )
00000129: 17.0344   (Y': 17.9833   Cb: 15.6864   Cr: 15.5079 )
00000130: 17.0156   (Y': 17.9859   Cb: 15.6803   Cr: 15.4294 )
00000132: 17.0172   (Y': 17.9777   Cb: 15.704    Cr: 15.432  )
00000131: 17.0006   (Y': 17.9606   Cb: 15.7129   Cr: 15.3924 )
00000133: 17.0249   (Y': 17.9664   Cb: 15.6932   Cr: 15.4998 )
00000134: 17.0133   (Y': 17.9882   Cb: 15.6429   Cr: 15.4503 )
00000135: 16.9866   (Y': 17.9623   Cb: 15.6051   Cr: 15.4323 )
00000136: 17.0109   (Y': 17.9462   Cb: 15.7028   Cr: 15.4771 )
00000137: 17.0132   (Y': 17.9727   Cb: 15.6658   Cr: 15.4625 )
00000138: 17.0012   (Y': 17.9521   Cb: 15.6601   Cr: 15.4636 )
00000139: 17.0144   (Y': 17.9595   Cb: 15.6816   Cr: 15.4821 )
00000140: 17.0124   (Y': 17.9633   Cb: 15.7274   Cr: 15.422  )
00000141: 17.0007   (Y': 17.9669   Cb: 15.6637   Cr: 15.4249 )
00000142: 17.0096   (Y': 17.9812   Cb: 15.6366   Cr: 15.4562 )
00000143: 17.0041   (Y': 17.9592   Cb: 15.6963   Cr: 15.4256 )
00000144: 17.0135   (Y': 17.9639   Cb: 15.7057   Cr: 15.4455 )
00000145: 16.999    (Y': 17.9518   Cb: 15.646    Cr: 15.4687 )
00000146: 17.0023   (Y': 17.9582   Cb: 15.6781   Cr: 15.4377 )
00000147: 17.013    (Y': 17.9721   Cb: 15.7053   Cr: 15.4257 )
00000148: 16.9925   (Y': 17.9694   Cb: 15.6601   Cr: 15.3887 )
00000149: 17.012    (Y': 17.9679   Cb: 15.6814   Cr: 15.4534 )
00000150: 16.9993   (Y': 17.9401   Cb: 15.7022   Cr: 15.443  )
00000151: 17.0104   (Y': 17.9788   Cb: 15.6413   Cr: 15.4602 )
00000152: 17.0131   (Y': 17.9749   Cb: 15.6832   Cr: 15.4403 )
00000153: 17.0159   (Y': 17.9674   Cb: 15.6743   Cr: 15.4775 )
00000154: 17.0356   (Y': 17.9929   Cb: 15.71     Cr: 15.4689 )
00000155: 16.9893   (Y': 17.9751   Cb: 15.5945   Cr: 15.4254 )
00000156: 16.9805   (Y': 17.9403   Cb: 15.6177   Cr: 15.4439 )
00000157: 17.0022   (Y': 17.9546   Cb: 15.6585   Cr: 15.4636 )
00000158: 16.9905   (Y': 17.9583   Cb: 15.653    Cr: 15.4115 )
00000159: 16.9958   (Y': 17.9576   Cb: 15.6467   Cr: 15.4414 )
00000161: 16.9788   (Y': 17.9592   Cb: 15.6133   Cr: 15.3989 )
00000160: 17.0115   (Y': 17.9684   Cb: 15.67     Cr: 15.4609 )
00000162: 16.9927   (Y': 17.946    Cb: 15.6709   Cr: 15.4316 )
00000164: 16.982    (Y': 17.9495   Cb: 15.6405   Cr: 15.4075 )
00000163: 17.0062   (Y': 17.9554   Cb: 15.649    Cr: 15.488  )
00000165: 16.9913   (Y': 17.9535   Cb: 15.6678   Cr: 15.4119 )
00000167: 16.9884   (Y': 17.9612   Cb: 15.5969   Cr: 15.4503 )
00000166: 16.9977   (Y': 17.9676   Cb: 15.6223   Cr: 15.4503 )
00000168: 16.9899   (Y': 17.9602   Cb: 15.6166   Cr: 15.4396 )
00000169: 17.0198   (Y': 17.9577   Cb: 15.6837   Cr: 15.507  )
00000170: 17.0145   (Y': 17.9655   Cb: 15.726    Cr: 15.4274 )
00000172: 16.9981   (Y': 17.9469   Cb: 15.6641   Cr: 15.4586 )
00000171: 16.99     (Y': 17.9445   Cb: 15.5994   Cr: 15.4921 )
00000173: 16.964    (Y': 17.9238   Cb: 15.6214   Cr: 15.4081 )
00000175: 16.9837   (Y': 17.9394   Cb: 15.6207   Cr: 15.4566 )
00000174: 16.9976   (Y': 17.9371   Cb: 15.6563   Cr: 15.4863 )
00000176: 16.9929   (Y': 17.9625   Cb: 15.6258   Cr: 15.4382 )
00000177: 16.9981   (Y': 17.9508   Cb: 15.6576   Cr: 15.4562 )
00000178: 16.9804   (Y': 17.9454   Cb: 15.6056   Cr: 15.4435 )
00000179: 17.0167   (Y': 17.9716   Cb: 15.6828   Cr: 15.4635 )
00000180: 16.9845   (Y': 17.9317   Cb: 15.6245   Cr: 15.4736 )
00000181: 16.9878   (Y': 17.9557   Cb: 15.6168   Cr: 15.4407 )
00000183: 17.0031   (Y': 17.9704   Cb: 15.5989   Cr: 15.4896 )
00000182: 16.9812   (Y': 17.932    Cb: 15.6511   Cr: 15.4337 )
00000184: 16.9732   (Y': 17.9294   Cb: 15.6317   Cr: 15.4241 )
00000185: 16.9741   (Y': 17.9399   Cb: 15.606    Cr: 15.429  )
00000186: 16.9779   (Y': 17.926    Cb: 15.6356   Cr: 15.4477 )
00000187: 16.9873   (Y': 17.9067   Cb: 15.7158   Cr: 15.4552 )
00000188: 16.9708   (Y': 17.9225   Cb: 15.62     Cr: 15.4408 )
00000190: 16.9971   (Y': 17.9466   Cb: 15.6533   Cr: 15.4654 )
00000189: 16.9918   (Y': 17.9387   Cb: 15.6461   Cr: 15.468  )
00000191: 16.9882   (Y': 17.9558   Cb: 15.6425   Cr: 15.4174 )
00000192: 17.0296   (Y': 17.9836   Cb: 15.6583   Cr: 15.5141 )
00000193: 16.9975   (Y': 17.9779   Cb: 15.6498   Cr: 15.4005 )
00000194: 17.0206   (Y': 17.9534   Cb: 15.6952   Cr: 15.5091 )
00000195: 16.9989   (Y': 17.9504   Cb: 15.6842   Cr: 15.4349 )
00000196: 16.9925   (Y': 17.9452   Cb: 15.6328   Cr: 15.4688 )
00000197: 17.0017   (Y': 17.9591   Cb: 15.7127   Cr: 15.4006 )
00000199: 16.9836   (Y': 17.9386   Cb: 15.6833   Cr: 15.3983 )
00000198: 16.9981   (Y': 17.9234   Cb: 15.7196   Cr: 15.4589 )
00000200: 17.007    (Y': 17.9448   Cb: 15.6773   Cr: 15.4884 )
00000201: 17.0095   (Y': 17.9606   Cb: 15.6641   Cr: 15.4757 )
00000202: 16.979    (Y': 17.9409   Cb: 15.614    Cr: 15.4397 )
00000204: 17.0051   (Y': 17.9628   Cb: 15.6381   Cr: 15.4771 )
00000203: 16.9895   (Y': 17.9578   Cb: 15.6669   Cr: 15.3956 )
00000205: 17.0057   (Y': 17.9595   Cb: 15.6875   Cr: 15.4399 )
00000207: 16.9795   (Y': 17.8984   Cb: 15.695    Cr: 15.4609 )
00000206: 17.0142   (Y': 17.9661   Cb: 15.6505   Cr: 15.496  )
00000208: 16.9873   (Y': 17.9409   Cb: 15.6541   Cr: 15.4363 )
00000209: 16.9972   (Y': 17.9325   Cb: 15.6764   Cr: 15.4756 )
00000210: 16.9992   (Y': 17.9489   Cb: 15.6527   Cr: 15.4698 )
00000211: 16.9811   (Y': 17.9138   Cb: 15.635    Cr: 15.49   )
00000213: 17.0076   (Y': 17.9276   Cb: 15.7091   Cr: 15.4999 )
00000212: 16.9683   (Y': 17.9263   Cb: 15.6065   Cr: 15.4345 )
00000214: 16.9924   (Y': 17.9328   Cb: 15.6621   Cr: 15.4684 )
00000215: 16.9836   (Y': 17.9344   Cb: 15.6508   Cr: 15.4386 )
00000216: 16.962    (Y': 17.909    Cb: 15.6441   Cr: 15.411  )
00000217: 17.0014   (Y': 17.925    Cb: 15.6896   Cr: 15.4978 )
00000218: 16.9761   (Y': 17.9284   Cb: 15.6382   Cr: 15.4325 )
00000219: 16.9871   (Y': 17.9302   Cb: 15.6729   Cr: 15.4414 )
00000222: 16.9768   (Y': 17.9116   Cb: 15.6276   Cr: 15.4835 )
00000220: 16.9856   (Y': 17.9305   Cb: 15.6175   Cr: 15.4877 )
00000221: 16.9733   (Y': 17.9115   Cb: 15.6475   Cr: 15.4499 )
00000223: 16.9641   (Y': 17.9157   Cb: 15.6381   Cr: 15.4104 )
00000224: 16.9828   (Y': 17.9336   Cb: 15.6418   Cr: 15.4453 )
00000225: 17.0005   (Y': 17.9318   Cb: 15.6804   Cr: 15.4873 )
00000226: 16.9841   (Y': 17.9247   Cb: 15.6816   Cr: 15.4334 )
00000227: 17.0004   (Y': 17.9471   Cb: 15.7      Cr: 15.4338 )
00000229: 16.9893   (Y': 17.9459   Cb: 15.6202   Cr: 15.4657 )
00000228: 16.9922   (Y': 17.9287   Cb: 15.6674   Cr: 15.4717 )
00000230: 16.994    (Y': 17.9478   Cb: 15.6425   Cr: 15.46   )
00000231: 16.9918   (Y': 17.9432   Cb: 15.6407   Cr: 15.4626 )
00000233: 16.9799   (Y': 17.896    Cb: 15.6895   Cr: 15.4733 )
00000232: 16.9907   (Y': 17.9296   Cb: 15.6607   Cr: 15.4698 )
00000234: 16.9929   (Y': 17.9138   Cb: 15.6887   Cr: 15.4882 )
00000235: 16.9712   (Y': 17.9068   Cb: 15.6445   Cr: 15.4546 )
00000237: 16.9908   (Y': 17.9373   Cb: 15.6516   Cr: 15.4614 )
00000236: 16.9662   (Y': 17.9197   Cb: 15.6159   Cr: 15.432  )
00000239: 17.012    (Y': 17.958    Cb: 15.675    Cr: 15.4817 )
00000238: 16.9937   (Y': 17.9412   Cb: 15.6796   Cr: 15.4383 )
00000240: 17.0179   (Y': 17.9684   Cb: 15.6577   Cr: 15.4998 )
00000241: 16.9678   (Y': 17.9059   Cb: 15.6562   Cr: 15.4311 )
00000242: 16.9709   (Y': 17.9119   Cb: 15.6076   Cr: 15.4771 )
00000243: 16.9836   (Y': 17.9263   Cb: 15.6391   Cr: 15.4679 )
00000244: 16.9793   (Y': 17.9247   Cb: 15.6596   Cr: 15.434  )
00000245: 16.9812   (Y': 17.9382   Cb: 15.6451   Cr: 15.4253 )
00000246: 16.9827   (Y': 17.9631   Cb: 15.5902   Cr: 15.4286 )
00000247: 16.9914   (Y': 17.9175   Cb: 15.6832   Cr: 15.4785 )
00000248: 17.0058   (Y': 17.9587   Cb: 15.6285   Cr: 15.4986 )
00000249: 16.9865   (Y': 17.9356   Cb: 15.6812   Cr: 15.4192 )
00000250: 16.9892   (Y': 17.9444   Cb: 15.6328   Cr: 15.4564 )
00000251: 16.9718   (Y': 17.9401   Cb: 15.606    Cr: 15.419  )
00000252: 17.0023   (Y': 17.9443   Cb: 15.6896   Cr: 15.4578 )
00000253: 16.9855   (Y': 17.9422   Cb: 15.6367   Cr: 15.4424 )
00000255: 16.9935   (Y': 17.9408   Cb: 15.6541   Cr: 15.4626 )
00000254: 16.9856   (Y': 17.9153   Cb: 15.6447   Cr: 15.4963 )
00000256: 16.9768   (Y': 17.9206   Cb: 15.6636   Cr: 15.4288 )
00000257: 17.0062   (Y': 17.9523   Cb: 15.6881   Cr: 15.4575 )
00000258: 16.9867   (Y': 17.9189   Cb: 15.6749   Cr: 15.4635 )
00000259: 17.004    (Y': 17.9558   Cb: 15.6555   Cr: 15.4715 )
00000260: 16.9514   (Y': 17.9207   Cb: 15.6061   Cr: 15.3768 )
00000261: 16.9955   (Y': 17.9414   Cb: 15.6354   Cr: 15.4876 )
00000262: 16.9841   (Y': 17.9379   Cb: 15.6326   Cr: 15.4501 )
00000263: 16.9887   (Y': 17.919    Cb: 15.6686   Cr: 15.4778 )
00000264: 16.9828   (Y': 17.9344   Cb: 15.6361   Cr: 15.4492 )
00000265: 16.982    (Y': 17.9043   Cb: 15.6825   Cr: 15.47   )
00000266: 16.9865   (Y': 17.9491   Cb: 15.6096   Cr: 15.4569 )
00000267: 16.9649   (Y': 17.9172   Cb: 15.5853   Cr: 15.4612 )
00000268: 16.9964   (Y': 17.9209   Cb: 15.6847   Cr: 15.4907 )
00000269: 16.9982   (Y': 17.9419   Cb: 15.6388   Cr: 15.4948 )
00000270: 17.0076   (Y': 17.9464   Cb: 15.6777   Cr: 15.4869 )
00000271: 16.9894   (Y': 17.9337   Cb: 15.6652   Cr: 15.4508 )
00000272: 16.9778   (Y': 17.9343   Cb: 15.6238   Cr: 15.4402 )
00000273: 17.0083   (Y': 17.9637   Cb: 15.6514   Cr: 15.4759 )
00000274: 17.0028   (Y': 17.9856   Cb: 15.6118   Cr: 15.4417 )
00000276: 16.9734   (Y': 17.9115   Cb: 15.6636   Cr: 15.435  )
00000275: 17.0121   (Y': 17.9488   Cb: 15.6596   Cr: 15.5176 )
00000277: 16.9732   (Y': 17.9433   Cb: 15.5974   Cr: 15.4257 )
00000278: 16.9826   (Y': 17.9253   Cb: 15.6238   Cr: 15.4809 )
00000279: 16.9971   (Y': 17.9299   Cb: 15.638    Cr: 15.518  )
00000280: 17.0065   (Y': 17.9506   Cb: 15.6941   Cr: 15.4571 )
00000281: 16.9868   (Y': 17.9023   Cb: 15.687    Cr: 15.4906 )
00000282: 17.0215   (Y': 17.9574   Cb: 15.6966   Cr: 15.5026 )
00000283: 16.9868   (Y': 17.9213   Cb: 15.669    Cr: 15.4644 )
00000284: 16.9942   (Y': 17.936    Cb: 15.6692   Cr: 15.4619 )
00000285: 16.9808   (Y': 17.9351   Cb: 15.6496   Cr: 15.4266 )
00000286: 16.9876   (Y': 17.9323   Cb: 15.6488   Cr: 15.4619 )
00000287: 16.9852   (Y': 17.9109   Cb: 15.649    Cr: 15.5003 )
00000288: 16.9959   (Y': 17.9542   Cb: 15.6289   Cr: 15.4668 )
00000289: 17.0012   (Y': 17.955    Cb: 15.631    Cr: 15.4851 )
00000290: 16.9794   (Y': 17.9344   Cb: 15.6162   Cr: 15.4538 )
00000291: 16.9889   (Y': 17.9609   Cb: 15.5975   Cr: 15.4522 )
00000292: 16.9871   (Y': 17.9548   Cb: 15.6212   Cr: 15.4357 )
00000293: 16.9615   (Y': 17.9319   Cb: 15.6048   Cr: 15.3952 )
00000294: 16.9834   (Y': 17.9155   Cb: 15.6746   Cr: 15.4578 )
00000295: 16.9769   (Y': 17.9198   Cb: 15.658    Cr: 15.4363 )
00000296: 16.9831   (Y': 17.9385   Cb: 15.6096   Cr: 15.4663 )
00000297: 16.9841   (Y': 17.9269   Cb: 15.6574   Cr: 15.4513 )
00000298: 16.9632   (Y': 17.8788   Cb: 15.6259   Cr: 15.5028 )
00000300: 16.9962   (Y': 17.9587   Cb: 15.653    Cr: 15.4346 )
00000299: 16.9956   (Y': 17.9603   Cb: 15.6285   Cr: 15.4518 )
00000301: 16.9766   (Y': 17.9439   Cb: 15.6115   Cr: 15.4255 )
00000302: 16.9984   (Y': 17.9374   Cb: 15.6604   Cr: 15.4849 )
00000303: 16.9861   (Y': 17.9431   Cb: 15.6409   Cr: 15.4391 )
00000304: 16.9631   (Y': 17.89     Cb: 15.6808   Cr: 15.4239 )
00000305: 16.9831   (Y': 17.9299   Cb: 15.6316   Cr: 15.4647 )
00000306: 16.998    (Y': 17.9449   Cb: 15.649    Cr: 15.4774 )
00000307: 17.0117   (Y': 17.9486   Cb: 15.6591   Cr: 15.5172 )
00000308: 16.9883   (Y': 17.9189   Cb: 15.6697   Cr: 15.4755 )
00000309: 16.989    (Y': 17.9492   Cb: 15.6566   Cr: 15.4223 )
00000310: 17.0028   (Y': 17.9552   Cb: 15.6559   Cr: 15.4676 )
00000311: 16.988    (Y': 17.9023   Cb: 15.6931   Cr: 15.4899 )
00000312: 16.9667   (Y': 17.9186   Cb: 15.6025   Cr: 15.4489 )
00000313: 16.9884   (Y': 17.9442   Cb: 15.6397   Cr: 15.4473 )
00000314: 16.9794   (Y': 17.904    Cb: 15.6408   Cr: 15.4992 )
00000316: 16.9969   (Y': 17.9216   Cb: 15.6777   Cr: 15.4977 )
00000315: 16.9876   (Y': 17.9545   Cb: 15.5956   Cr: 15.4629 )
00000317: 16.9863   (Y': 17.9479   Cb: 15.5853   Cr: 15.4823 )
00000318: 16.9781   (Y': 17.9423   Cb: 15.5934   Cr: 15.4524 )
00000319: 17.0008   (Y': 17.951    Cb: 15.6267   Cr: 15.4966 )
00000320: 16.9937   (Y': 17.9373   Cb: 15.6812   Cr: 15.4454 )
00000321: 16.9871   (Y': 17.9319   Cb: 15.65     Cr: 15.4596 )
00000322: 16.9901   (Y': 17.9336   Cb: 15.6584   Cr: 15.4603 )
00000323: 16.9951   (Y': 17.9531   Cb: 15.6173   Cr: 15.4767 )
00000324: 16.9972   (Y': 17.938    Cb: 15.6399   Cr: 15.4982 )
00000326: 16.9733   (Y': 17.9369   Cb: 15.6088   Cr: 15.4297 )
00000327: 16.9742   (Y': 17.9191   Cb: 15.6049   Cr: 15.4777 )
00000325: 16.9732   (Y': 17.9156   Cb: 15.6205   Cr: 15.4662 )
00000328: 16.9854   (Y': 17.9319   Cb: 15.6408   Cr: 15.4615 )
00000329: 16.9871   (Y': 17.9175   Cb: 15.6639   Cr: 15.479  )
00000330: 17.025    (Y': 17.9677   Cb: 15.683    Cr: 15.5071 )
00000332: 16.9771   (Y': 17.9235   Cb: 15.6378   Cr: 15.4482 )
00000331: 17.0104   (Y': 17.9668   Cb: 15.6558   Cr: 15.4737 )
00000333: 16.9835   (Y': 17.941    Cb: 15.6067   Cr: 15.4657 )
00000334: 16.9805   (Y': 17.9324   Cb: 15.5851   Cr: 15.4933 )
00000335: 16.9788   (Y': 17.933    Cb: 15.629    Cr: 15.4423 )
00000336: 16.986    (Y': 17.9582   Cb: 15.6546   Cr: 15.3917 )
00000337: 16.9756   (Y': 17.9313   Cb: 15.6225   Cr: 15.4389 )
00000338: 17.0021   (Y': 17.9514   Cb: 15.6185   Cr: 15.5094 )
00000339: 17.0081   (Y': 17.9379   Cb: 15.6934   Cr: 15.493  )
00000340: 16.9814   (Y': 17.9619   Cb: 15.6001   Cr: 15.4161 )
00000341: 16.9855   (Y': 17.9188   Cb: 15.6202   Cr: 15.5116 )
00000342: 16.9909   (Y': 17.9168   Cb: 15.6829   Cr: 15.4787 )
00000343: 17.0036   (Y': 17.951    Cb: 15.6394   Cr: 15.4963 )
00000344: 16.9782   (Y': 17.9387   Cb: 15.5946   Cr: 15.4599 )
00000345: 16.9742   (Y': 17.9271   Cb: 15.6605   Cr: 15.4061 )
00000346: 16.9935   (Y': 17.9383   Cb: 15.6656   Cr: 15.4571 )
00000347: 17.0052   (Y': 17.9636   Cb: 15.6407   Cr: 15.4732 )
00000348: 16.9836   (Y': 17.9282   Cb: 15.6264   Cr: 15.4758 )
00000349: 16.9945   (Y': 17.9722   Cb: 15.6331   Cr: 15.4167 )
00000350: 17.0143   (Y': 17.954    Cb: 15.7217   Cr: 15.4561 )
00000351: 16.9839   (Y': 17.937    Cb: 15.628    Cr: 15.4555 )
00000352: 17.0064   (Y': 17.9522   Cb: 15.6417   Cr: 15.5033 )
00000353: 16.9865   (Y': 17.9556   Cb: 15.6424   Cr: 15.4111 )
00000354: 16.9906   (Y': 17.9374   Cb: 15.627    Cr: 15.4838 )
00000355: 16.9879   (Y': 17.9335   Cb: 15.663    Cr: 15.4468 )
00000356: 16.9971   (Y': 17.9315   Cb: 15.6411   Cr: 15.5115 )
00000357: 16.9835   (Y': 17.9407   Cb: 15.605    Cr: 15.4677 )
00000358: 16.9726   (Y': 17.9338   Cb: 15.621    Cr: 15.4221 )
00000359: 16.9914   (Y': 17.9448   Cb: 15.6571   Cr: 15.4417 )
00000360: 16.9828   (Y': 17.9367   Cb: 15.6306   Cr: 15.4489 )
00000361: 16.9854   (Y': 17.9208   Cb: 15.6848   Cr: 15.4445 )
00000362: 16.9514   (Y': 17.8991   Cb: 15.5932   Cr: 15.4374 )
00000363: 16.9902   (Y': 17.94     Cb: 15.6158   Cr: 15.4873 )
00000364: 16.9625   (Y': 17.8979   Cb: 15.653    Cr: 15.4299 )
00000365: 16.9871   (Y': 17.9461   Cb: 15.6385   Cr: 15.4385 )
00000366: 16.9899   (Y': 17.9258   Cb: 15.6756   Cr: 15.4607 )
00000367: 16.9977   (Y': 17.9482   Cb: 15.6466   Cr: 15.4708 )
00000368: 17.0177   (Y': 17.9706   Cb: 15.6614   Cr: 15.4903 )
00000369: 17.0311   (Y': 17.9894   Cb: 15.6638   Cr: 15.5021 )
00000370: 17.0063   (Y': 17.9672   Cb: 15.6508   Cr: 15.4601 )
00000371: 17.0123   (Y': 17.9581   Cb: 15.7074   Cr: 15.4522 )
00000372: 16.997    (Y': 17.9599   Cb: 15.7009   Cr: 15.3903 )
00000373: 16.9725   (Y': 17.9366   Cb: 15.6162   Cr: 15.4198 )
00000374: 16.9853   (Y': 17.9347   Cb: 15.6243   Cr: 15.4703 )
00000375: 17.0053   (Y': 17.9519   Cb: 15.6608   Cr: 15.481  )
00000376: 17.0076   (Y': 17.9568   Cb: 15.671    Cr: 15.4695 )
00000377: 16.9913   (Y': 17.9343   Cb: 15.658    Cr: 15.4642 )
00000378: 17.0028   (Y': 17.9399   Cb: 15.6525   Cr: 15.5055 )
00000379: 16.989    (Y': 17.9263   Cb: 15.665    Cr: 15.466  )
00000380: 16.9629   (Y': 17.9067   Cb: 15.654    Cr: 15.4108 )
00000381: 16.9939   (Y': 17.946    Cb: 15.6298   Cr: 15.4757 )
00000382: 16.9789   (Y': 17.9223   Cb: 15.6302   Cr: 15.4656 )
00000383: 16.9708   (Y': 17.9015   Cb: 15.6656   Cr: 15.4446 )
00000384: 16.9741   (Y': 17.9143   Cb: 15.6556   Cr: 15.4391 )
00000385: 16.9817   (Y': 17.9146   Cb: 15.6684   Cr: 15.4582 )
00000386: 16.9719   (Y': 17.9353   Cb: 15.6542   Cr: 15.3844 )
00000387: 16.9779   (Y': 17.9144   Cb: 15.6593   Cr: 15.4515 )
00000388: 17.0004   (Y': 17.9435   Cb: 15.7118   Cr: 15.4309 )
00000389: 17.0055   (Y': 17.9306   Cb: 15.681    Cr: 15.5108 )
00000390: 16.9661   (Y': 17.9269   Cb: 15.5962   Cr: 15.4337 )
00000391: 16.9819   (Y': 17.9228   Cb: 15.6475   Cr: 15.4607 )
00000392: 16.9711   (Y': 17.9193   Cb: 15.6282   Cr: 15.4413 )
00000393: 17.0056   (Y': 17.9507   Cb: 15.6777   Cr: 15.4685 )
00000394: 16.979    (Y': 17.904    Cb: 15.707    Cr: 15.4347 )
00000395: 16.9711   (Y': 17.9253   Cb: 15.6412   Cr: 15.4152 )
00000396: 16.9801   (Y': 17.9257   Cb: 15.6869   Cr: 15.4094 )
00000397: 16.9809   (Y': 17.9328   Cb: 15.6362   Cr: 15.4444 )
00000398: 16.9922   (Y': 17.9444   Cb: 15.636    Cr: 15.4664 )
00000399: 16.9666   (Y': 17.9263   Cb: 15.6203   Cr: 15.4141 )
00000400: 17.0045   (Y': 17.9397   Cb: 15.713    Cr: 15.4553 )
00000401: 16.9859   (Y': 17.9173   Cb: 15.6771   Cr: 15.4619 )
00000402: 16.986    (Y': 17.937    Cb: 15.6603   Cr: 15.4336 )
00000403: 16.9877   (Y': 17.932    Cb: 15.6676   Cr: 15.4449 )
00000404: 16.9727   (Y': 17.9171   Cb: 15.6892   Cr: 15.3953 )
00000405: 16.984    (Y': 17.9292   Cb: 15.6644   Cr: 15.4392 )
00000406: 16.9762   (Y': 17.947    Cb: 15.6272   Cr: 15.4014 )
00000407: 16.9632   (Y': 17.9023   Cb: 15.6665   Cr: 15.41   )
00000408: 16.9918   (Y': 17.9374   Cb: 15.6399   Cr: 15.4768 )
00000409: 16.9722   (Y': 17.927    Cb: 15.6459   Cr: 15.4118 )
00000410: 16.9573   (Y': 17.9073   Cb: 15.6502   Cr: 15.3895 )
00000411: 16.9521   (Y': 17.8915   Cb: 15.5903   Cr: 15.4607 )
00000412: 16.9928   (Y': 17.9422   Cb: 15.6529   Cr: 15.4576 )
00000413: 16.9746   (Y': 17.9174   Cb: 15.6454   Cr: 15.4442 )
00000414: 16.9911   (Y': 17.9221   Cb: 15.6703   Cr: 15.4795 )
00000415: 16.9665   (Y': 17.9289   Cb: 15.6054   Cr: 15.4225 )
00000416: 16.985    (Y': 17.9049   Cb: 15.6536   Cr: 15.5088 )
00000417: 16.9632   (Y': 17.8996   Cb: 15.6807   Cr: 15.4031 )
00000418: 16.9829   (Y': 17.9242   Cb: 15.6564   Cr: 15.4532 )
00000419: 16.9618   (Y': 17.9087   Cb: 15.6246   Cr: 15.4297 )
00000420: 16.9685   (Y': 17.9309   Cb: 15.6157   Cr: 15.4163 )
00000421: 16.9829   (Y': 17.9266   Cb: 15.6294   Cr: 15.4738 )
00000422: 16.9976   (Y': 17.938    Cb: 15.667    Cr: 15.4735 )
00000423: 16.9897   (Y': 17.9377   Cb: 15.6899   Cr: 15.4196 )
00000424: 16.9952   (Y': 17.9533   Cb: 15.6093   Cr: 15.4847 )
00000425: 16.9868   (Y': 17.9361   Cb: 15.6269   Cr: 15.471  )
00000426: 16.9815   (Y': 17.9367   Cb: 15.6481   Cr: 15.4273 )
00000427: 16.9703   (Y': 17.9259   Cb: 15.6055   Cr: 15.4451 )
00000428: 16.9687   (Y': 17.9365   Cb: 15.602    Cr: 15.4177 )
00000429: 16.9823   (Y': 17.9335   Cb: 15.6364   Cr: 15.449  )
00000430: 16.9828   (Y': 17.9219   Cb: 15.6567   Cr: 15.4575 )
00000431: 16.9701   (Y': 17.9075   Cb: 15.6269   Cr: 15.4652 )
00000432: 16.9969   (Y': 17.9342   Cb: 15.6638   Cr: 15.4824 )
00000433: 16.9702   (Y': 17.914    Cb: 15.6272   Cr: 15.4509 )
00000434: 16.9708   (Y': 17.9331   Cb: 15.6351   Cr: 15.4025 )
00000435: 16.9788   (Y': 17.9221   Cb: 15.6687   Cr: 15.4291 )
00000436: 16.9906   (Y': 17.9271   Cb: 15.6982   Cr: 15.4396 )
00000437: 16.9852   (Y': 17.9155   Cb: 15.669    Cr: 15.4705 )
00000438: 17.028    (Y': 17.9976   Cb: 15.6601   Cr: 15.474  )
00000439: 17.0128   (Y': 17.9546   Cb: 15.681    Cr: 15.4869 )
00000440: 17.0492   (Y': 17.9774   Cb: 15.7281   Cr: 15.5441 )
00000441: 17.0548   (Y': 17.9557   Cb: 15.7698   Cr: 15.5776 )
00000442: 17.0927   (Y': 17.9777   Cb: 15.7845   Cr: 15.6752 )
00000443: 17.0844   (Y': 17.9199   Cb: 15.8506   Cr: 15.7126 )
00000444: 17.1219   (Y': 17.9779   Cb: 15.8904   Cr: 15.699  )
00000445: 17.147    (Y': 18.0015   Cb: 15.9015   Cr: 15.7412 )
00000446: 17.1991   (Y': 18.0501   Cb: 15.9732   Cr: 15.7829 )
00000447: 17.2202   (Y': 18.0864   Cb: 15.9256   Cr: 15.8342 )
00000448: 17.234    (Y': 18.0907   Cb: 15.9782   Cr: 15.8327 )
00000449: 17.2738   (Y': 18.0668   Cb: 16.0607   Cr: 15.9853 )
00000450: 17.2715   (Y': 18.0507   Cb: 16.1109   Cr: 15.9659 )
00000451: 17.3238   (Y': 18.1055   Cb: 16.1174   Cr: 16.0572 )
00000452: 17.27     (Y': 18.0093   Cb: 16.1543   Cr: 16.0211 )
00000453: 17.2267   (Y': 18.0233   Cb: 16.0694   Cr: 15.8756 )
00000454: 17.227    (Y': 17.9947   Cb: 16.0997   Cr: 15.9183 )
00000455: 17.1833   (Y': 17.9861   Cb: 16.0282   Cr: 15.8148 )
00000456: 17.1694   (Y': 17.9908   Cb: 16.0209   Cr: 15.7501 )
00000457: 17.2284   (Y': 18.0287   Cb: 16.0828   Cr: 15.8568 )
00000458: 17.2438   (Y': 18.0671   Cb: 16.0819   Cr: 15.8326 )
00000459: 17.2453   (Y': 18.0935   Cb: 16.0507   Cr: 15.8056 )
00000460: 17.2875   (Y': 18.1464   Cb: 16.0509   Cr: 15.8626 )
00000461: 17.3018   (Y': 18.182    Cb: 16.0448   Cr: 15.8463 )
00000462: 17.3083   (Y': 18.223    Cb: 16.022    Cr: 15.8008 )
00000463: 17.2357   (Y': 18.1571   Cb: 15.9182   Cr: 15.7429 )
00000464: 17.3283   (Y': 18.2329   Cb: 16.0164   Cr: 15.8685 )
00000465: 17.2754   (Y': 18.1487   Cb: 16.0011   Cr: 15.8528 )
00000466: 17.155    (Y': 18.0975   Cb: 15.8598   Cr: 15.5928 )
00000467: 17.1967   (Y': 18.1309   Cb: 15.861    Cr: 15.6919 )
00000468: 17.1368   (Y': 18.067    Cb: 15.8417   Cr: 15.6025 )
00000469: 17.1532   (Y': 18.0821   Cb: 15.8566   Cr: 15.6234 )
00000470: 17.1541   (Y': 18.0908   Cb: 15.8346   Cr: 15.6282 )
00000471: 17.1719   (Y': 18.0622   Cb: 15.9028   Cr: 15.7043 )
00000472: 17.1622   (Y': 18.0743   Cb: 15.8858   Cr: 15.6513 )
00000473: 17.1473   (Y': 18.0484   Cb: 15.8929   Cr: 15.6409 )
00000474: 17.1648   (Y': 18.0729   Cb: 15.8901   Cr: 15.6615 )
00000475: 17.1917   (Y': 18.0812   Cb: 15.9527   Cr: 15.6976 )
00000476: 17.1656   (Y': 18.0549   Cb: 15.9226   Cr: 15.6756 )
00000477: 17.1855   (Y': 18.0818   Cb: 15.9235   Cr: 15.6974 )
00000478: 17.1575   (Y': 18.0745   Cb: 15.8473   Cr: 15.6677 )
00000479: 17.179    (Y': 18.0807   Cb: 15.9036   Cr: 15.6911 )
00000480: 17.2075   (Y': 18.0977   Cb: 15.9318   Cr: 15.7468 )
00000481: 17.2029   (Y': 18.1176   Cb: 15.913    Cr: 15.6987 )
00000483: 17.2271   (Y': 18.1064   Cb: 15.9756   Cr: 15.7684 )
00000482: 17.2061   (Y': 18.104    Cb: 15.9444   Cr: 15.7138 )
00000484: 17.2123   (Y': 18.0777   Cb: 15.9547   Cr: 15.7921 )
00000485: 17.2014   (Y': 18.0734   Cb: 15.9556   Cr: 15.7546 )
00000486: 17.1971   (Y': 18.0985   Cb: 15.9249   Cr: 15.707  )
00000487: 17.2028   (Y': 18.0808   Cb: 15.9533   Cr: 15.7451 )
00000488: 17.1991   (Y': 18.0865   Cb: 15.9484   Cr: 15.7209 )
00000489: 17.2049   (Y': 18.0938   Cb: 15.9548   Cr: 15.7226 )
00000490: 17.2361   (Y': 18.1221   Cb: 15.9645   Cr: 15.7811 )
00000492: 17.1947   (Y': 18.075    Cb: 15.9349   Cr: 15.7418 )
00000493: 17.2264   (Y': 18.1206   Cb: 15.9705   Cr: 15.7373 )
00000491: 17.2173   (Y': 18.1082   Cb: 15.9452   Cr: 15.7514 )
00000494: 17.2068   (Y': 18.0959   Cb: 15.9605   Cr: 15.7202 )
00000495: 17.218    (Y': 18.1116   Cb: 15.9558   Cr: 15.7364 )
00000496: 17.2227   (Y': 18.1183   Cb: 15.9316   Cr: 15.7638 )
00000497: 17.1841   (Y': 18.0888   Cb: 15.9149   Cr: 15.6837 )
00000499: 17.2369   (Y': 18.1302   Cb: 15.9625   Cr: 15.7673 )
00000498: 17.2167   (Y': 18.0975   Cb: 15.9858   Cr: 15.7351 )
00000501: 17.2352   (Y': 18.14     Cb: 15.9588   Cr: 15.7411 )
00000500: 17.233    (Y': 18.1192   Cb: 15.9434   Cr: 15.7947 )
00000502: 17.2312   (Y': 18.1286   Cb: 15.9625   Cr: 15.7469 )
00000503: 17.2055   (Y': 18.1015   Cb: 15.9145   Cr: 15.7456 )
00000504: 17.2714   (Y': 18.1403   Cb: 15.9931   Cr: 15.8629 )
00000505: 17.2217   (Y': 18.108    Cb: 15.9253   Cr: 15.7898 )
00000507: 17.2048   (Y': 18.0938   Cb: 15.9625   Cr: 15.715  )
00000506: 17.201    (Y': 18.0891   Cb: 15.9634   Cr: 15.7088 )
00000508: 17.2187   (Y': 18.0956   Cb: 15.9941   Cr: 15.7403 )
00000509: 17.2344   (Y': 18.1336   Cb: 15.9285   Cr: 15.7817 )
00000510: 17.2564   (Y': 18.1442   Cb: 15.9961   Cr: 15.7861 )
00000511: 17.2581   (Y': 18.1392   Cb: 16.0209   Cr: 15.7818 )
00000512: 17.2266   (Y': 18.1505   Cb: 15.9507   Cr: 15.6884 )
00000513: 17.2103   (Y': 18.0804   Cb: 15.9747   Cr: 15.758  )
00000514: 17.2246   (Y': 18.0998   Cb: 16.0047   Cr: 15.7458 )
00000515: 17.2426   (Y': 18.0982   Cb: 16.0196   Cr: 15.8125 )
00000516: 17.2606   (Y': 18.1368   Cb: 15.9864   Cr: 15.8308 )
00000517: 17.2274   (Y': 18.1557   Cb: 15.9012   Cr: 15.7269 )
00000518: 17.2448   (Y': 18.1383   Cb: 15.9764   Cr: 15.7691 )
00000519: 17.2366   (Y': 18.1275   Cb: 15.9524   Cr: 15.7823 )
00000520: 17.2374   (Y': 18.1091   Cb: 16.0072   Cr: 15.7762 )
00000521: 17.2387   (Y': 18.1066   Cb: 16.0043   Cr: 15.7906 )
00000522: 17.222    (Y': 18.1353   Cb: 15.9634   Cr: 15.6915 )
00000523: 17.247    (Y': 18.1469   Cb: 15.9808   Cr: 15.7545 )
00000524: 17.1862   (Y': 18.1114   Cb: 15.9034   Cr: 15.6517 )
00000525: 17.2678   (Y': 18.141    Cb: 16.0245   Cr: 15.8158 )
00000526: 17.166    (Y': 18.0693   Cb: 15.8795   Cr: 15.6848 )
00000527: 17.2229   (Y': 18.1558   Cb: 15.9596   Cr: 15.6526 )
00000528: 17.2018   (Y': 18.1242   Cb: 15.9079   Cr: 15.6838 )
00000529: 17.2123   (Y': 18.132    Cb: 15.9299   Cr: 15.6898 )
00000530: 17.2252   (Y': 18.1569   Cb: 15.9136   Cr: 15.7031 )
00000531: 17.1627   (Y': 18.073    Cb: 15.9043   Cr: 15.6391 )
00000532: 17.2215   (Y': 18.129    Cb: 15.9416   Cr: 15.7246 )
00000533: 17.1845   (Y': 18.0788   Cb: 15.9608   Cr: 15.665  )
00000534: 17.1908   (Y': 18.0933   Cb: 15.9339   Cr: 15.6837 )
00000535: 17.1979   (Y': 18.0924   Cb: 15.9517   Cr: 15.6988 )
00000536: 17.2319   (Y': 18.1044   Cb: 16.0136   Cr: 15.7575 )
00000537: 17.1891   (Y': 18.0924   Cb: 15.9014   Cr: 15.7092 )
00000538: 17.208    (Y': 18.1188   Cb: 15.9809   Cr: 15.6539 )
00000539: 17.2364   (Y': 18.1231   Cb: 15.9494   Cr: 15.7944 )
00000540: 17.2302   (Y': 18.1118   Cb: 15.9507   Cr: 15.7929 )
00000541: 17.2701   (Y': 18.1928   Cb: 15.9768   Cr: 15.7509 )
00000542: 17.2886   (Y': 18.194    Cb: 15.9286   Cr: 15.874  )
00000543: 17.2914   (Y': 18.1943   Cb: 15.97     Cr: 15.845  )
00000544: 17.2744   (Y': 18.1728   Cb: 15.9936   Cr: 15.7993 )
00000545: 17.2831   (Y': 18.1605   Cb: 15.9819   Cr: 15.8767 )
00000546: 17.2347   (Y': 18.112    Cb: 16.0255   Cr: 15.741  )
00000547: 17.2177   (Y': 18.0712   Cb: 15.998    Cr: 15.7895 )
00000548: 17.1917   (Y': 18.0548   Cb: 15.9648   Cr: 15.7478 )
00000549: 17.196    (Y': 18.0541   Cb: 15.9512   Cr: 15.781  )
00000550: 17.2005   (Y': 18.0547   Cb: 15.9348   Cr: 15.8146 )
00000551: 17.2057   (Y': 18.054    Cb: 15.9886   Cr: 15.7872 )
00000552: 17.2152   (Y': 18.0811   Cb: 15.9725   Cr: 15.7795 )
00000553: 17.1765   (Y': 18.0265   Cb: 15.9244   Cr: 15.7876 )
00000555: 17.1938   (Y': 18.0509   Cb: 15.9597   Cr: 15.7705 )
00000554: 17.2162   (Y': 18.0754   Cb: 15.9814   Cr: 15.7889 )
00000556: 17.2057   (Y': 18.0685   Cb: 15.9645   Cr: 15.7757 )
00000557: 17.2194   (Y': 18.0802   Cb: 15.9841   Cr: 15.7887 )
00000558: 17.2156   (Y': 18.0846   Cb: 15.9595   Cr: 15.7856 )
00000559: 17.2285   (Y': 18.0783   Cb: 16.0153   Cr: 15.8027 )
00000560: 17.2323   (Y': 18.1042   Cb: 15.9771   Cr: 15.7944 )
00000561: 17.2325   (Y': 18.1135   Cb: 15.9441   Cr: 15.8054 )
00000562: 17.2697   (Y': 18.1291   Cb: 16.0302   Cr: 15.8464 )
00000563: 17.2443   (Y': 18.0999   Cb: 15.9721   Cr: 15.8616 )
00000564: 17.2151   (Y': 18.1011   Cb: 15.9391   Cr: 15.7644 )
00000565: 17.2573   (Y': 18.1649   Cb: 15.9477   Cr: 15.7884 )
00000566: 17.3119   (Y': 18.2038   Cb: 16.0781   Cr: 15.8072 )
00000567: 17.316    (Y': 18.1931   Cb: 16.1038   Cr: 15.825  )
00000568: 17.3513   (Y': 18.2366   Cb: 16.0936   Cr: 15.8847 )
00000569: 17.3402   (Y': 18.2656   Cb: 16.0049   Cr: 15.8549 )
00000570: 17.3711   (Y': 18.2603   Cb: 16.0356   Cr: 15.9706 )
00000571: 17.3209   (Y': 18.1999   Cb: 15.9621   Cr: 15.9678 )
00000572: 17.354    (Y': 18.2531   Cb: 16.0027   Cr: 15.9455 )
00000573: 17.284    (Y': 18.2008   Cb: 15.923    Cr: 15.8438 )
00000574: 17.2774   (Y': 18.1895   Cb: 15.8958   Cr: 15.8684 )
00000575: 17.245    (Y': 18.0781   Cb: 16.0039   Cr: 15.886  )
00000576: 17.2222   (Y': 18.1006   Cb: 15.9331   Cr: 15.8017 )
00000577: 17.2164   (Y': 18.0938   Cb: 15.8958   Cr: 15.8291 )
00000578: 17.2431   (Y': 18.1174   Cb: 15.9389   Cr: 15.847  )
00000579: 17.1987   (Y': 18.0991   Cb: 15.8984   Cr: 15.7375 )
00000580: 17.2094   (Y': 18.0933   Cb: 15.9096   Cr: 15.7862 )
00000581: 17.1777   (Y': 18.0455   Cb: 15.9074   Cr: 15.764  )
00000582: 17.1517   (Y': 18.0205   Cb: 15.8945   Cr: 15.7233 )
00000583: 17.1943   (Y': 18.0635   Cb: 15.9191   Cr: 15.7823 )
00000584: 17.2929   (Y': 18.1403   Cb: 16.0949   Cr: 15.8587 )
00000585: 17.2414   (Y': 18.1168   Cb: 16.0044   Cr: 15.7779 )
00000586: 17.2267   (Y': 18.0899   Cb: 16.0116   Cr: 15.7712 )
00000587: 17.2936   (Y': 18.2006   Cb: 16.0353   Cr: 15.7771 )
00000588: 17.2446   (Y': 18.1625   Cb: 15.9677   Cr: 15.7209 )
00000589: 17.3209   (Y': 18.2329   Cb: 16.0154   Cr: 15.8382 )
00000590: 17.1852   (Y': 18.0902   Cb: 15.9254   Cr: 15.675  )
00000591: 17.2274   (Y': 18.122    Cb: 15.9319   Cr: 15.7752 )
00000592: 17.2114   (Y': 18.0725   Cb: 15.9673   Cr: 15.7887 )
00000593: 17.2054   (Y': 18.0658   Cb: 16.0034   Cr: 15.7439 )
00000594: 17.2362   (Y': 18.1454   Cb: 15.9473   Cr: 15.7439 )
00000595: 17.1859   (Y': 18.0975   Cb: 15.9056   Cr: 15.68   )
00000596: 17.1986   (Y': 18.1031   Cb: 15.8921   Cr: 15.7342 )
00000597: 17.3344   (Y': 18.2622   Cb: 16.0423   Cr: 15.8029 )
00000598: 17.2748   (Y': 18.2464   Cb: 15.8893   Cr: 15.7331 )
00000599: 17.2292   (Y': 18.1191   Cb: 15.9545   Cr: 15.7679 )
00000600: 17.1906   (Y': 18.1077   Cb: 15.9155   Cr: 15.6672 )
00000601: 17.2799   (Y': 18.2338   Cb: 15.9249   Cr: 15.749  )
00000602: 17.2268   (Y': 18.1376   Cb: 15.9325   Cr: 15.7359 )
00000603: 17.2168   (Y': 18.1476   Cb: 15.9181   Cr: 15.6846 )
00000604: 17.2593   (Y': 18.1749   Cb: 15.9676   Cr: 15.7551 )
00000605: 17.1945   (Y': 18.1292   Cb: 15.8638   Cr: 15.6836 )
00000606: 17.2085   (Y': 18.127    Cb: 15.8991   Cr: 15.7145 )
00000607: 17.199    (Y': 18.1166   Cb: 15.8923   Cr: 15.7045 )
00000608: 17.2401   (Y': 18.1432   Cb: 15.9243   Cr: 15.7877 )
00000609: 17.1675   (Y': 18.084    Cb: 15.8558   Cr: 15.6803 )
00000610: 17.2343   (Y': 18.1429   Cb: 15.9219   Cr: 15.766  )
00000612: 17.1857   (Y': 18.1073   Cb: 15.8749   Cr: 15.686  )
00000611: 17.2487   (Y': 18.1857   Cb: 15.8774   Cr: 15.772  )
00000613: 17.2196   (Y': 18.1207   Cb: 15.8733   Cr: 15.8015 )
00000614: 17.1359   (Y': 18.0421   Cb: 15.828    Cr: 15.6686 )
00000615: 17.2303   (Y': 18.1221   Cb: 15.97     Cr: 15.7508 )
00000616: 17.1783   (Y': 18.0693   Cb: 15.8926   Cr: 15.7251 )
00000617: 17.1882   (Y': 18.0977   Cb: 15.892    Cr: 15.702  )
00000618: 17.2119   (Y': 18.0918   Cb: 15.9668   Cr: 15.7458 )
00000619: 17.2013   (Y': 18.0938   Cb: 15.9068   Cr: 15.7532 )
00000620: 17.2286   (Y': 18.1132   Cb: 15.968    Cr: 15.7662 )
00000621: 17.2121   (Y': 18.1143   Cb: 15.9025   Cr: 15.7558 )
00000622: 17.1898   (Y': 18.0873   Cb: 15.9111   Cr: 15.7146 )
00000623: 17.2187   (Y': 18.1077   Cb: 15.9141   Cr: 15.7886 )
00000624: 17.1923   (Y': 18.0908   Cb: 15.9198   Cr: 15.709  )
00000625: 17.2163   (Y': 18.1159   Cb: 15.9281   Cr: 15.7457 )
00000626: 17.2184   (Y': 18.1173   Cb: 15.8812   Cr: 15.7968 )
00000627: 17.2308   (Y': 18.1123   Cb: 15.9532   Cr: 15.7921 )
00000628: 17.2218   (Y': 18.1145   Cb: 15.9108   Cr: 15.789  )
00000629: 17.2141   (Y': 18.1013   Cb: 15.9185   Cr: 15.7793 )
00000630: 17.1912   (Y': 18.1112   Cb: 15.8884   Cr: 15.6873 )
00000631: 17.2162   (Y': 18.0929   Cb: 15.9395   Cr: 15.788  )
00000632: 17.2144   (Y': 18.1102   Cb: 15.9386   Cr: 15.7406 )
00000633: 17.2172   (Y': 18.0875   Cb: 15.95     Cr: 15.7946 )
00000634: 17.2488   (Y': 18.1116   Cb: 15.983    Cr: 15.8429 )
00000635: 17.1885   (Y': 18.0924   Cb: 15.8931   Cr: 15.7146 )
00000636: 17.2116   (Y': 18.0859   Cb: 15.9424   Cr: 15.7816 )
00000637: 17.2048   (Y': 18.0979   Cb: 15.9186   Cr: 15.747  )
00000638: 17.2196   (Y': 18.0894   Cb: 15.9496   Cr: 15.8009 )
00000639: 17.2268   (Y': 18.0707   Cb: 15.9522   Cr: 15.8747 )
00000640: 17.3264   (Y': 18.2345   Cb: 15.9799   Cr: 15.8923 )
00000641: 17.3604   (Y': 18.2746   Cb: 16.0541   Cr: 15.8733 )
00000642: 17.2508   (Y': 18.1331   Cb: 15.9504   Cr: 15.832  )
00000643: 17.2489   (Y': 18.1195   Cb: 15.9792   Cr: 15.8284 )
00000644: 17.2197   (Y': 18.099    Cb: 15.9488   Cr: 15.7796 )
00000645: 17.2146   (Y': 18.083    Cb: 15.9602   Cr: 15.7841 )
00000646: 17.3137   (Y': 18.2125   Cb: 15.9979   Cr: 15.8712 )
00000647: 17.2029   (Y': 18.0824   Cb: 15.973    Cr: 15.7231 )
00000648: 17.2239   (Y': 18.109    Cb: 15.9541   Cr: 15.7691 )
00000649: 17.2309   (Y': 18.1311   Cb: 15.9423   Cr: 15.759  )
00000650: 17.2317   (Y': 18.1243   Cb: 15.9575   Cr: 15.7634 )
00000652: 17.2062   (Y': 18.1094   Cb: 15.9213   Cr: 15.7239 )
00000651: 17.2616   (Y': 18.142    Cb: 15.9614   Cr: 15.8471 )
00000653: 17.207    (Y': 18.1021   Cb: 15.9537   Cr: 15.7133 )
00000654: 17.207    (Y': 18.0989   Cb: 15.9546   Cr: 15.7199 )
00000655: 17.2499   (Y': 18.1404   Cb: 15.9652   Cr: 15.7971 )
00000656: 17.229    (Y': 18.1203   Cb: 15.9516   Cr: 15.767  )
00000657: 17.1795   (Y': 18.0775   Cb: 15.9006   Cr: 15.7034 )
00000658: 17.2106   (Y': 18.1109   Cb: 15.9213   Cr: 15.739  )
00000659: 17.1853   (Y': 18.0687   Cb: 15.9011   Cr: 15.7485 )
00000660: 17.2215   (Y': 18.1065   Cb: 15.9813   Cr: 15.739  )
00000661: 17.2129   (Y': 18.0844   Cb: 15.9626   Cr: 15.7713 )
00000662: 17.2195   (Y': 18.0964   Cb: 16.0153   Cr: 15.7218 )
00000663: 17.2246   (Y': 18.106    Cb: 15.9555   Cr: 15.7776 )
00000664: 17.1872   (Y': 18.0622   Cb: 15.9607   Cr: 15.7148 )
00000665: 17.2095   (Y': 18.1217   Cb: 15.9161   Cr: 15.7144 )
00000666: 17.214    (Y': 18.1304   Cb: 15.898    Cr: 15.7313 )
00000667: 17.1956   (Y': 18.1103   Cb: 15.9159   Cr: 15.6819 )
00000668: 17.1773   (Y': 18.1      Cb: 15.8723   Cr: 15.6691 )
00000669: 17.2228   (Y': 18.1389   Cb: 15.907    Cr: 15.7405 )
00000670: 17.1929   (Y': 18.1194   Cb: 15.885    Cr: 15.679  )
00000671: 17.2003   (Y': 18.1447   Cb: 15.8431   Cr: 15.6927 )
00000672: 17.2118   (Y': 18.1512   Cb: 15.8701   Cr: 15.7011 )
00000673: 17.2096   (Y': 18.1424   Cb: 15.9067   Cr: 15.6765 )
00000674: 17.1802   (Y': 18.1031   Cb: 15.8204   Cr: 15.7249 )
00000675: 17.1915   (Y': 18.1012   Cb: 15.8941   Cr: 15.7061 )
00000676: 17.1701   (Y': 18.0801   Cb: 15.8498   Cr: 15.7059 )
00000677: 17.1779   (Y': 18.1003   Cb: 15.8512   Cr: 15.6917 )
00000678: 17.2051   (Y': 18.1348   Cb: 15.8901   Cr: 15.6909 )
00000679: 17.1891   (Y': 18.128    Cb: 15.8462   Cr: 15.6806 )
00000680: 17.1846   (Y': 18.095    Cb: 15.9098   Cr: 15.6763 )
00000681: 17.2012   (Y': 18.1276   Cb: 15.865    Cr: 15.7148 )
00000682: 17.1804   (Y': 18.0976   Cb: 15.9174   Cr: 15.6453 )
00000683: 17.1903   (Y': 18.1078   Cb: 15.8667   Cr: 15.7124 )
00000684: 17.1784   (Y': 18.1021   Cb: 15.8753   Cr: 15.6665 )
00000685: 17.1625   (Y': 18.1096   Cb: 15.8368   Cr: 15.6189 )
00000686: 17.1914   (Y': 18.1109   Cb: 15.8872   Cr: 15.6899 )
00000687: 17.1839   (Y': 18.1116   Cb: 15.859    Cr: 15.6837 )
00000688: 17.1725   (Y': 18.1155   Cb: 15.8317   Cr: 15.6524 )
00000689: 17.1791   (Y': 18.1315   Cb: 15.8038   Cr: 15.6712 )
00000690: 17.2022   (Y': 18.1398   Cb: 15.8848   Cr: 15.6723 )
00000691: 17.1737   (Y': 18.108    Cb: 15.8361   Cr: 15.6705 )
00000692: 17.1881   (Y': 18.1096   Cb: 15.8813   Cr: 15.6846 )
00000693: 17.184    (Y': 18.1015   Cb: 15.8853   Cr: 15.6818 )
00000694: 17.1839   (Y': 18.1172   Cb: 15.8387   Cr: 15.6901 )
00000695: 17.1906   (Y': 18.1177   Cb: 15.8654   Cr: 15.6918 )
00000696: 17.1841   (Y': 18.1239   Cb: 15.8902   Cr: 15.6269 )
00000697: 17.1816   (Y': 18.1242   Cb: 15.834    Cr: 15.6693 )
00000698: 17.2028   (Y': 18.1344   Cb: 15.8857   Cr: 15.686  )
00000699: 17.1918   (Y': 18.0976   Cb: 15.8572   Cr: 15.7516 )
00000700: 17.1941   (Y': 18.1318   Cb: 15.8554   Cr: 15.6844 )
00000701: 17.213    (Y': 18.1167   Cb: 15.9596   Cr: 15.6997 )
00000702: 17.1888   (Y': 18.1219   Cb: 15.8457   Cr: 15.6934 )
00000703: 17.216    (Y': 18.1391   Cb: 15.9073   Cr: 15.7108 )
00000704: 17.1761   (Y': 18.1277   Cb: 15.8176   Cr: 15.6537 )
00000705: 17.1947   (Y': 18.124    Cb: 15.882    Cr: 15.679  )
00000706: 17.1851   (Y': 18.1172   Cb: 15.8878   Cr: 15.6486 )
00000707: 17.1908   (Y': 18.1123   Cb: 15.864    Cr: 15.7068 )
00000708: 17.1691   (Y': 18.1143   Cb: 15.8426   Cr: 15.6304 )
00000709: 17.1784   (Y': 18.1014   Cb: 15.8419   Cr: 15.7002 )
00000710: 17.1888   (Y': 18.1128   Cb: 15.8938   Cr: 15.6686 )
00000711: 17.1914   (Y': 18.0957   Cb: 15.9115   Cr: 15.7018 )
00000712: 17.1912   (Y': 18.1147   Cb: 15.8414   Cr: 15.7248 )
00000713: 17.1985   (Y': 18.1203   Cb: 15.8516   Cr: 15.7331 )
00000714: 17.1859   (Y': 18.1079   Cb: 15.8948   Cr: 15.6664 )
00000715: 17.1976   (Y': 18.1178   Cb: 15.8624   Cr: 15.7244 )
00000716: 17.1657   (Y': 18.0917   Cb: 15.8053   Cr: 15.7037 )
00000717: 17.1862   (Y': 18.1194   Cb: 15.8543   Cr: 15.6799 )
00000718: 17.1796   (Y': 18.1074   Cb: 15.8325   Cr: 15.7005 )
00000719: 17.1899   (Y': 18.1326   Cb: 15.8106   Cr: 15.708  )
00000720: 17.1888   (Y': 18.1122   Cb: 15.869    Cr: 15.6937 )
00000721: 17.1909   (Y': 18.1207   Cb: 15.8852   Cr: 15.6675 )
00000722: 17.1884   (Y': 18.1101   Cb: 15.8532   Cr: 15.7118 )
00000723: 17.1649   (Y': 18.1078   Cb: 15.8346   Cr: 15.6352 )
00000724: 17.1926   (Y': 18.127    Cb: 15.8494   Cr: 15.6947 )
00000725: 17.1624   (Y': 18.0958   Cb: 15.8525   Cr: 15.6348 )
00000726: 17.1791   (Y': 18.1095   Cb: 15.8737   Cr: 15.6542 )
00000727: 17.2096   (Y': 18.1726   Cb: 15.8421   Cr: 15.6702 )
00000728: 17.1789   (Y': 18.1145   Cb: 15.8876   Cr: 15.6289 )
00000729: 17.201    (Y': 18.1194   Cb: 15.8317   Cr: 15.7652 )
00000730: 17.1815   (Y': 18.144    Cb: 15.7984   Cr: 15.6584 )
00000731: 17.1947   (Y': 18.1128   Cb: 15.8772   Cr: 15.7093 )
00000732: 17.1901   (Y': 18.148    Cb: 15.826    Cr: 15.6589 )
00000733: 17.194    (Y': 18.1229   Cb: 15.8836   Cr: 15.6769 )
00000734: 17.1905   (Y': 18.1202   Cb: 15.8706   Cr: 15.681  )
00000735: 17.179    (Y': 18.0994   Cb: 15.843    Cr: 15.7063 )
00000736: 17.1707   (Y': 18.1217   Cb: 15.7979   Cr: 15.6635 )
00000737: 17.1837   (Y': 18.129    Cb: 15.8467   Cr: 15.6548 )
00000738: 17.1947   (Y': 18.1231   Cb: 15.8581   Cr: 15.704  )
00000739: 17.1889   (Y': 18.1293   Cb: 15.8283   Cr: 15.694  )
00000741: 17.2327   (Y': 18.1545   Cb: 15.8791   Cr: 15.7736 )
00000740: 17.2051   (Y': 18.1467   Cb: 15.838    Cr: 15.7138 )
00000742: 17.2202   (Y': 18.1728   Cb: 15.8088   Cr: 15.7472 )
00000743: 17.2169   (Y': 18.1857   Cb: 15.7919   Cr: 15.7202 )
00000744: 17.2089   (Y': 18.1784   Cb: 15.8395   Cr: 15.6569 )
00000745: 17.184    (Y': 18.1944   Cb: 15.7191   Cr: 15.6331 )
00000746: 17.1988   (Y': 18.1921   Cb: 15.744    Cr: 15.6765 )
00000747: 17.1964   (Y': 18.1678   Cb: 15.7716   Cr: 15.6938 )
00000748: 17.1511   (Y': 18.1096   Cb: 15.7389   Cr: 15.6655 )
00000749: 17.1999   (Y': 18.1508   Cb: 15.8205   Cr: 15.6996 )
00000750: 17.1578   (Y': 18.131    Cb: 15.7396   Cr: 15.6448 )
00000751: 17.1814   (Y': 18.1705   Cb: 15.7775   Cr: 15.6188 )
00000752: 17.2138   (Y': 18.19     Cb: 15.7728   Cr: 15.7164 )
00000753: 17.2307   (Y': 18.1464   Cb: 15.8622   Cr: 15.8009 )
00000754: 17.2514   (Y': 18.2211   Cb: 15.8736   Cr: 15.7067 )
00000755: 17.2495   (Y': 18.1857   Cb: 15.9137   Cr: 15.7401 )
00000756: 17.2295   (Y': 18.1875   Cb: 15.8573   Cr: 15.7058 )
00000757: 17.218    (Y': 18.1761   Cb: 15.8913   Cr: 15.6509 )
00000758: 17.2305   (Y': 18.1555   Cb: 15.9338   Cr: 15.7094 )
00000760: 17.2299   (Y': 18.1594   Cb: 15.9127   Cr: 15.7181 )
00000759: 17.1923   (Y': 18.1239   Cb: 15.8822   Cr: 15.6691 )
00000761: 17.2223   (Y': 18.1597   Cb: 15.8921   Cr: 15.7051 )
00000762: 17.1985   (Y': 18.135    Cb: 15.8229   Cr: 15.7271 )
00000763: 17.1777   (Y': 18.0925   Cb: 15.9026   Cr: 15.6596 )
00000765: 17.1809   (Y': 18.1167   Cb: 15.8457   Cr: 15.6722 )
00000764: 17.1965   (Y': 18.1444   Cb: 15.8724   Cr: 15.6498 )
00000766: 17.2221   (Y': 18.1606   Cb: 15.8924   Cr: 15.7016 )
00000768: 17.1811   (Y': 18.1122   Cb: 15.8274   Cr: 15.7008 )
00000767: 17.162    (Y': 18.0866   Cb: 15.8327   Cr: 15.673  )
00000769: 17.2072   (Y': 18.1471   Cb: 15.8947   Cr: 15.6674 )
00000770: 17.2047   (Y': 18.1415   Cb: 15.895    Cr: 15.6691 )
00000771: 17.1933   (Y': 18.1264   Cb: 15.8959   Cr: 15.6544 )
00000772: 17.1888   (Y': 18.1111   Cb: 15.8682   Cr: 15.6967 )
00000773: 17.2033   (Y': 18.1471   Cb: 15.8459   Cr: 15.6977 )
00000774: 17.2067   (Y': 18.1532   Cb: 15.8419   Cr: 15.7021 )
00000775: 17.1758   (Y': 18.125    Cb: 15.7974   Cr: 15.6782 )
00000776: 17.2092   (Y': 18.1488   Cb: 15.8689   Cr: 15.6966 )
00000777: 17.1955   (Y': 18.1349   Cb: 15.8406   Cr: 15.6973 )
00000778: 17.1929   (Y': 18.1176   Cb: 15.8613   Cr: 15.706  )
00000781: 17.1963   (Y': 18.1273   Cb: 15.8668   Cr: 15.6929 )
00000780: 17.1885   (Y': 18.1125   Cb: 15.8781   Cr: 15.6827 )
00000779: 17.1955   (Y': 18.1398   Cb: 15.8488   Cr: 15.6782 )
00000782: 17.1978   (Y': 18.1482   Cb: 15.8222   Cr: 15.6945 )
00000783: 17.2104   (Y': 18.1505   Cb: 15.8678   Cr: 15.699  )
00000784: 17.1931   (Y': 18.1326   Cb: 15.8888   Cr: 15.6464 )
00000785: 17.1964   (Y': 18.1096   Cb: 15.8715   Cr: 15.7293 )
00000786: 17.1732   (Y': 18.1303   Cb: 15.826    Cr: 15.6278 )
00000787: 17.1885   (Y': 18.1283   Cb: 15.8614   Cr: 15.6628 )
00000788: 17.1902   (Y': 18.1233   Cb: 15.8453   Cr: 15.6966 )
00000789: 17.192    (Y': 18.1536   Cb: 15.7715   Cr: 15.7071 )
00000790: 17.1826   (Y': 18.1425   Cb: 15.8035   Cr: 15.6616 )
00000791: 17.1814   (Y': 18.1198   Cb: 15.8483   Cr: 15.6645 )
00000792: 17.2086   (Y': 18.1439   Cb: 15.9081   Cr: 15.6679 )
00000793: 17.1722   (Y': 18.1172   Cb: 15.8423   Cr: 15.6374 )
00000794: 17.203    (Y': 18.1356   Cb: 15.9228   Cr: 15.6494 )
00000795: 17.1909   (Y': 18.129    Cb: 15.843    Cr: 15.6891 )
00000796: 17.2062   (Y': 18.1392   Cb: 15.874    Cr: 15.7011 )
00000797: 17.1745   (Y': 18.1031   Cb: 15.8232   Cr: 15.6975 )
00000798: 17.2014   (Y': 18.1438   Cb: 15.8356   Cr: 15.7069 )
00000799: 17.1634   (Y': 18.1036   Cb: 15.8321   Cr: 15.6408 )
00000800: 17.1952   (Y': 18.1354   Cb: 15.8621   Cr: 15.6744 )
00000801: 17.1829   (Y': 18.1254   Cb: 15.8293   Cr: 15.6763 )
00000802: 17.1839   (Y': 18.1556   Cb: 15.805    Cr: 15.636  )
00000803: 17.1675   (Y': 18.138    Cb: 15.7905   Cr: 15.6205 )
00000804: 17.1716   (Y': 18.0991   Cb: 15.8197   Cr: 15.6979 )
00000805: 17.1928   (Y': 18.1513   Cb: 15.8248   Cr: 15.6641 )
00000806: 17.168    (Y': 18.1185   Cb: 15.7846   Cr: 15.6722 )
00000807: 17.1807   (Y': 18.136    Cb: 15.8025   Cr: 15.669  )
00000808: 17.1908   (Y': 18.1313   Cb: 15.8579   Cr: 15.6691 )
00000809: 17.1774   (Y': 18.1146   Cb: 15.8399   Cr: 15.6676 )
00000810: 17.2082   (Y': 18.1741   Cb: 15.8608   Cr: 15.643  )
00000811: 17.1944   (Y': 18.1484   Cb: 15.7829   Cr: 15.7184 )
00000812: 17.2007   (Y': 18.1338   Cb: 15.8797   Cr: 15.6844 )
00000813: 17.1781   (Y': 18.1094   Cb: 15.8764   Cr: 15.6474 )
00000814: 17.1837   (Y': 18.1224   Cb: 15.8318   Cr: 15.6845 )
00000815: 17.1857   (Y': 18.1519   Cb: 15.7869   Cr: 15.6695 )
00000816: 17.1797   (Y': 18.1178   Cb: 15.8211   Cr: 15.6879 )
00000817: 17.1892   (Y': 18.1514   Cb: 15.8042   Cr: 15.6685 )
00000818: 17.1526   (Y': 18.1075   Cb: 15.8053   Cr: 15.6119 )
00000819: 17.2003   (Y': 18.1703   Cb: 15.7873   Cr: 15.6891 )
00000820: 17.1781   (Y': 18.1325   Cb: 15.8322   Cr: 15.6374 )
00000821: 17.1952   (Y': 18.1551   Cb: 15.8377   Cr: 15.6531 )
00000822: 17.1734   (Y': 18.1367   Cb: 15.8558   Cr: 15.586  )
00000823: 17.183    (Y': 18.1406   Cb: 15.8328   Cr: 15.6391 )
00000824: 17.2161   (Y': 18.1795   Cb: 15.8349   Cr: 15.6889 )
00000825: 17.1724   (Y': 18.1285   Cb: 15.8089   Cr: 15.6446 )
00000826: 17.1421   (Y': 18.1071   Cb: 15.8045   Cr: 15.5697 )
00000827: 17.1846   (Y': 18.1426   Cb: 15.8031   Cr: 15.6702 )
00000828: 17.1982   (Y': 18.1196   Cb: 15.8567   Cr: 15.7282 )
00000829: 17.1908   (Y': 18.1375   Cb: 15.8316   Cr: 15.6801 )
00000830: 17.2272   (Y': 18.1688   Cb: 15.8975   Cr: 15.6999 )
00000831: 17.1937   (Y': 18.1536   Cb: 15.872    Cr: 15.6176 )
00000833: 17.186    (Y': 18.1234   Cb: 15.8636   Cr: 15.6611 )
00000832: 17.1872   (Y': 18.1331   Cb: 15.8424   Cr: 15.6645 )
00000834: 17.1578   (Y': 18.0979   Cb: 15.8356   Cr: 15.6266 )
00000835: 17.2177   (Y': 18.1614   Cb: 15.8745   Cr: 15.6988 )
00000836: 17.1826   (Y': 18.1133   Cb: 15.8436   Cr: 15.689  )
00000837: 17.1959   (Y': 18.1482   Cb: 15.8505   Cr: 15.6593 )
00000838: 17.1971   (Y': 18.1427   Cb: 15.81     Cr: 15.7159 )
00000840: 17.2094   (Y': 18.1655   Cb: 15.8313   Cr: 15.6956 )
00000839: 17.1835   (Y': 18.1424   Cb: 15.7908   Cr: 15.6779 )
00000841: 17.2004   (Y': 18.1432   Cb: 15.8607   Cr: 15.6798 )
00000842: 17.203    (Y': 18.1356   Cb: 15.8825   Cr: 15.6873 )
00000843: 17.1929   (Y': 18.1668   Cb: 15.7844   Cr: 15.6688 )
00000844: 17.2156   (Y': 18.1432   Cb: 15.8833   Cr: 15.7226 )
00000845: 17.1903   (Y': 18.1173   Cb: 15.8903   Cr: 15.6678 )
00000846: 17.2221   (Y': 18.1565   Cb: 15.9005   Cr: 15.7032 )
00000847: 17.1983   (Y': 18.1399   Cb: 15.8837   Cr: 15.6565 )
00000848: 17.2022   (Y': 18.1365   Cb: 15.8596   Cr: 15.7037 )
00000849: 17.1811   (Y': 18.137    Cb: 15.8101   Cr: 15.6613 )
00000850: 17.222    (Y': 18.1659   Cb: 15.8771   Cr: 15.704  )
00000851: 17.2208   (Y': 18.1599   Cb: 15.8282   Cr: 15.7602 )
00000852: 17.1943   (Y': 18.1213   Cb: 15.8464   Cr: 15.7178 )
00000853: 17.2214   (Y': 18.1808   Cb: 15.8453   Cr: 15.6984 )
00000854: 17.2093   (Y': 18.177    Cb: 15.8519   Cr: 15.65   )
00000855: 17.1965   (Y': 18.1143   Cb: 15.8829   Cr: 15.7081 )
00000856: 17.1972   (Y': 18.1393   Cb: 15.8653   Cr: 15.6709 )
00000857: 17.1842   (Y': 18.1089   Cb: 15.8735   Cr: 15.6771 )
00000858: 17.1954   (Y': 18.1185   Cb: 15.8555   Cr: 15.7202 )
00000859: 17.1897   (Y': 18.1387   Cb: 15.8444   Cr: 15.6606 )
00000860: 17.2015   (Y': 18.1219   Cb: 15.8697   Cr: 15.7248 )
00000861: 17.2123   (Y': 18.1437   Cb: 15.8835   Cr: 15.7072 )
00000862: 17.1704   (Y': 18.1221   Cb: 15.7899   Cr: 15.6689 )
00000863: 17.1786   (Y': 18.1146   Cb: 15.8283   Cr: 15.6837 )
00000864: 17.1698   (Y': 18.0897   Cb: 15.8309   Cr: 15.7011 )
00000865: 17.1831   (Y': 18.1244   Cb: 15.817    Cr: 15.6916 )
00000866: 17.198    (Y': 18.138    Cb: 15.8874   Cr: 15.6561 )
00000867: 17.2018   (Y': 18.1316   Cb: 15.8466   Cr: 15.726  )
00000868: 17.2027   (Y': 18.1391   Cb: 15.9044   Cr: 15.6571 )
00000869: 17.1925   (Y': 18.1355   Cb: 15.8762   Cr: 15.6493 )
00000870: 17.2152   (Y': 18.1638   Cb: 15.8876   Cr: 15.6701 )
00000871: 17.2096   (Y': 18.1389   Cb: 15.843    Cr: 15.7461 )
00000872: 17.1777   (Y': 18.1421   Cb: 15.8002   Cr: 15.6448 )
00000873: 17.2058   (Y': 18.1512   Cb: 15.8835   Cr: 15.6627 )
00000874: 17.1974   (Y': 18.1314   Cb: 15.8402   Cr: 15.7141 )
00000875: 17.1755   (Y': 18.1126   Cb: 15.8471   Cr: 15.657  )
00000876: 17.1933   (Y': 18.1572   Cb: 15.8373   Cr: 15.6406 )
00000877: 17.176    (Y': 18.1018   Cb: 15.8805   Cr: 15.6522 )
00000878: 17.1988   (Y': 18.1197   Cb: 15.8674   Cr: 15.7206 )
00000879: 17.2064   (Y': 18.1354   Cb: 15.8526   Cr: 15.7313 )
00000880: 17.1872   (Y': 18.1259   Cb: 15.8453   Cr: 15.6782 )
00000881: 17.1956   (Y': 18.1276   Cb: 15.8458   Cr: 15.7096 )
00000882: 17.1759   (Y': 18.1251   Cb: 15.8382   Cr: 15.6389 )
00000884: 17.1786   (Y': 18.1126   Cb: 15.8232   Cr: 15.6932 )
00000883: 17.2073   (Y': 18.1094   Cb: 15.91     Cr: 15.7393 )
00000885: 17.1845   (Y': 18.1519   Cb: 15.7769   Cr: 15.6741 )
00000886: 17.193    (Y': 18.1381   Cb: 15.8483   Cr: 15.6723 )
00000887: 17.1767   (Y': 18.1338   Cb: 15.8141   Cr: 15.646  )
00000888: 17.1757   (Y': 18.1247   Cb: 15.8001   Cr: 15.6757 )
00000889: 17.1726   (Y': 18.0895   Cb: 15.8656   Cr: 15.68   )
00000890: 17.1757   (Y': 18.0736   Cb: 15.8741   Cr: 15.7216 )
00000891: 17.1832   (Y': 18.1033   Cb: 15.866    Cr: 15.6929 )
00000892: 17.1858   (Y': 18.1321   Cb: 15.8211   Cr: 15.6815 )
00000893: 17.1807   (Y': 18.1017   Cb: 15.8858   Cr: 15.6672 )
00000894: 17.2017   (Y': 18.1437   Cb: 15.8854   Cr: 15.6606 )
00000895: 17.1954   (Y': 18.1308   Cb: 15.8695   Cr: 15.6785 )
00000896: 17.1787   (Y': 18.1269   Cb: 15.7983   Cr: 15.6854 )
00000897: 17.1836   (Y': 18.134    Cb: 15.822    Cr: 15.6671 )
00000898: 17.2116   (Y': 18.1622   Cb: 15.8518   Cr: 15.6929 )
00000899: 17.196    (Y': 18.1421   Cb: 15.8691   Cr: 15.656  )
00000900: 17.2081   (Y': 18.1407   Cb: 15.9133   Cr: 15.6678 )
00000901: 17.1869   (Y': 18.144    Cb: 15.8364   Cr: 15.6443 )
00000902: 17.2212   (Y': 18.1822   Cb: 15.8807   Cr: 15.6605 )
00000903: 17.1898   (Y': 18.157    Cb: 15.8262   Cr: 15.6372 )
00000904: 17.2001   (Y': 18.1503   Cb: 15.8682   Cr: 15.6556 )
00000905: 17.2139   (Y': 18.1438   Cb: 15.8862   Cr: 15.7114 )
00000906: 17.201    (Y': 18.1274   Cb: 15.8862   Cr: 15.6941 )
00000907: 17.1848   (Y': 18.111    Cb: 15.8307   Cr: 15.7161 )
00000908: 17.2149   (Y': 18.1476   Cb: 15.8655   Cr: 15.7265 )
00000909: 17.1848   (Y': 18.0919   Cb: 15.8894   Cr: 15.7035 )
00000910: 17.2124   (Y': 18.1276   Cb: 15.8876   Cr: 15.7405 )
00000911: 17.2117   (Y': 18.1215   Cb: 15.9183   Cr: 15.7223 )
00000912: 17.212    (Y': 18.1232   Cb: 15.8827   Cr: 15.7541 )
00000913: 17.2043   (Y': 18.1419   Cb: 15.8771   Cr: 15.6838 )
00000914: 17.1721   (Y': 18.1082   Cb: 15.8646   Cr: 15.6362 )
00000915: 17.1888   (Y': 18.1192   Cb: 15.864    Cr: 15.6821 )
00000916: 17.2197   (Y': 18.1548   Cb: 15.8361   Cr: 15.7593 )
00000917: 17.2128   (Y': 18.1391   Cb: 15.8958   Cr: 15.7082 )
00000918: 17.1805   (Y': 18.1101   Cb: 15.8423   Cr: 15.6886 )
00000919: 17.1938   (Y': 18.12     Cb: 15.8737   Cr: 15.6926 )
00000920: 17.2245   (Y': 18.1386   Cb: 15.8875   Cr: 15.767  )
00000921: 17.2802   (Y': 18.2478   Cb: 15.9115   Cr: 15.7316 )
00000922: 17.2838   (Y': 18.2406   Cb: 15.8863   Cr: 15.7872 )
00000923: 17.2682   (Y': 18.202    Cb: 15.9419   Cr: 15.7553 )
00000924: 17.2819   (Y': 18.2654   Cb: 15.8656   Cr: 15.744  )
00000925: 17.3038   (Y': 18.2881   Cb: 15.9023   Cr: 15.7497 )
00000926: 17.284    (Y': 18.2614   Cb: 15.8884   Cr: 15.7393 )
00000927: 17.3564   (Y': 18.3342   Cb: 15.9128   Cr: 15.8578 )
00000928: 17.3352   (Y': 18.2969   Cb: 15.9228   Cr: 15.8423 )
00000929: 17.2921   (Y': 18.2814   Cb: 15.8868   Cr: 15.7302 )
00000930: 17.2683   (Y': 18.259    Cb: 15.8276   Cr: 15.7378 )
00000931: 17.2696   (Y': 18.236    Cb: 15.8684   Cr: 15.755  )
00000932: 17.3551   (Y': 18.3288   Cb: 15.9522   Cr: 15.8258 )
00000933: 17.3357   (Y': 18.3493   Cb: 15.8733   Cr: 15.7753 )
00000934: 17.4033   (Y': 18.4185   Cb: 15.9377   Cr: 15.8427 )
00000935: 17.3102   (Y': 18.2681   Cb: 15.9336   Cr: 15.7912 )
00000936: 17.3267   (Y': 18.2973   Cb: 15.904    Cr: 15.8237 )
00000937: 17.3562   (Y': 18.3071   Cb: 16.0273   Cr: 15.8071 )
00000938: 17.3377   (Y': 18.2657   Cb: 15.993    Cr: 15.8559 )
00000939: 17.3827   (Y': 18.3182   Cb: 16.0295   Cr: 15.8919 )
00000940: 17.3305   (Y': 18.2301   Cb: 16.061    Cr: 15.8416 )
00000941: 17.3556   (Y': 18.2233   Cb: 16.1535   Cr: 15.8773 )
00000942: 17.3393   (Y': 18.2173   Cb: 16.1258   Cr: 15.8476 )
00000943: 17.3522   (Y': 18.2179   Cb: 16.1639   Cr: 15.8658 )
00000944: 17.328    (Y': 18.1794   Cb: 16.1337   Cr: 15.8805 )
00000945: 17.1714   (Y': 17.9812   Cb: 16.0022   Cr: 15.7993 )
00000946: 17.125    (Y': 17.9007   Cb: 16.037    Cr: 15.7592 )
00000947: 17.0929   (Y': 17.8556   Cb: 16.0133   Cr: 15.751  )
00000948: 16.996    (Y': 17.7528   Cb: 15.9584   Cr: 15.6295 )
00000949: 16.9496   (Y': 17.6938   Cb: 15.8871   Cr: 15.6374 )
00000950: 16.8215   (Y': 17.5689   Cb: 15.7658   Cr: 15.4952 )
00000951: 16.8212   (Y': 17.5525   Cb: 15.8151   Cr: 15.4885 )
00000952: 16.7753   (Y': 17.6872   Cb: 15.517    Cr: 15.2478 )
00000953: 16.6909   (Y': 17.6507   Cb: 15.349    Cr: 15.1341 )
00000954: 16.613    (Y': 17.5367   Cb: 15.3466   Cr: 15.0663 )
00000955: 16.4211   (Y': 17.2996   Cb: 15.1435   Cr: 14.9892 )
00000956: 16.3586   (Y': 17.2453   Cb: 15.0435   Cr: 14.9441 )
00000957: 16.3718   (Y': 17.2979   Cb: 15.0461   Cr: 14.8758 )
00000958: 16.3714   (Y': 17.311    Cb: 14.9791   Cr: 14.9094 )
00000959: 16.2035   (Y': 17.0663   Cb: 14.9359   Cr: 14.799  )
00000960: 16.1345   (Y': 16.9282   Cb: 15.0086   Cr: 14.7603 )
00000961: 16.0818   (Y': 16.9016   Cb: 14.9105   Cr: 14.6878 )
00000962: 16.1271   (Y': 16.9511   Cb: 14.935    Cr: 14.7429 )
00000963: 16.1963   (Y': 17.0343   Cb: 15.0065   Cr: 14.7765 )
00000964: 16.317    (Y': 17.2304   Cb: 15.0112   Cr: 14.8311 )
00000965: 16.4099   (Y': 17.4059   Cb: 15.0019   Cr: 14.836  )
00000966: 16.6653   (Y': 17.6295   Cb: 15.1925   Cr: 15.2269 )
00000967: 16.7808   (Y': 17.7816   Cb: 15.2405   Cr: 15.3271 )
00000968: 16.8898   (Y': 17.8983   Cb: 15.2886   Cr: 15.4812 )
00000969: 16.9342   (Y': 17.9665   Cb: 15.3164   Cr: 15.4887 )
00000970: 16.9926   (Y': 18.049    Cb: 15.3555   Cr: 15.5131 )
00000971: 17.0713   (Y': 18.1606   Cb: 15.4052   Cr: 15.5493 )
00000972: 17.1773   (Y': 18.2765   Cb: 15.4828   Cr: 15.663  )
00000973: 17.1486   (Y': 18.3525   Cb: 15.4219   Cr: 15.4453 )
00000974: 17.1472   (Y': 18.3892   Cb: 15.3921   Cr: 15.3952 )
00000975: 17.2198   (Y': 18.3819   Cb: 15.5016   Cr: 15.5946 )
00000976: 17.227    (Y': 18.4246   Cb: 15.4871   Cr: 15.5502 )
00000977: 17.2411   (Y': 18.4621   Cb: 15.476    Cr: 15.5419 )
00000978: 17.2773   (Y': 18.5247   Cb: 15.4744   Cr: 15.563  )
00000979: 17.315    (Y': 18.5884   Cb: 15.4966   Cr: 15.5641 )
00000980: 17.3312   (Y': 18.5809   Cb: 15.5145   Cr: 15.6261 )
00000981: 17.3562   (Y': 18.5987   Cb: 15.5605   Cr: 15.6443 )
00000982: 17.336    (Y': 18.5853   Cb: 15.5031   Cr: 15.6482 )
00000983: 17.3443   (Y': 18.601    Cb: 15.4906   Cr: 15.6632 )
00000984: 17.3101   (Y': 18.5409   Cb: 15.4907   Cr: 15.6462 )
00000985: 17.3113   (Y': 18.5489   Cb: 15.5187   Cr: 15.6059 )
00000986: 17.2838   (Y': 18.5277   Cb: 15.4123   Cr: 15.6478 )
00000987: 17.2918   (Y': 18.5504   Cb: 15.453    Cr: 15.5914 )
00000988: 17.3244   (Y': 18.58     Cb: 15.4684   Cr: 15.6481 )
00000989: 17.2718   (Y': 18.5353   Cb: 15.4235   Cr: 15.5713 )
00000990: 17.2704   (Y': 18.512    Cb: 15.4406   Cr: 15.5952 )
00000991: 17.2892   (Y': 18.5408   Cb: 15.4277   Cr: 15.6268 )
00000992: 17.2684   (Y': 18.5068   Cb: 15.4222   Cr: 15.6172 )
00000993: 17.281    (Y': 18.5489   Cb: 15.4365   Cr: 15.5679 )
00000994: 17.271    (Y': 18.5493   Cb: 15.4095   Cr: 15.5544 )
00000995: 17.2891   (Y': 18.5293   Cb: 15.4475   Cr: 15.6292 )
00000996: 17.3375   (Y': 18.5716   Cb: 15.4535   Cr: 15.7351 )
00000997: 17.3555   (Y': 18.5875   Cb: 15.4999   Cr: 15.727  )
00000998: 17.3301   (Y': 18.5802   Cb: 15.4475   Cr: 15.6929 )
00000999: 17.2969   (Y': 18.5466   Cb: 15.4774   Cr: 15.5945 )
00001000: 17.4198   (Y': 18.6355   Cb: 15.6058   Cr: 15.7816 )
00001001: 17.1869   (Y': 18.1058   Cb: 15.7386   Cr: 15.8296 )
00001002: 17.0452   (Y': 18.064    Cb: 15.51     Cr: 15.5458 )
00001003: 17.1116   (Y': 18.1221   Cb: 15.6306   Cr: 15.5764 )
00001004: 17.1516   (Y': 18.1821   Cb: 15.6762   Cr: 15.567  )
00001005: 17.1236   (Y': 18.1449   Cb: 15.6234   Cr: 15.5833 )
00001006: 17.1329   (Y': 18.1491   Cb: 15.6556   Cr: 15.5817 )
00001007: 17.121    (Y': 18.137    Cb: 15.6953   Cr: 15.52   )
00001008: 17.126    (Y': 18.1282   Cb: 15.7062   Cr: 15.5494 )
00001009: 17.1505   (Y': 18.1629   Cb: 15.7436   Cr: 15.5394 )
00001010: 17.1479   (Y': 18.1571   Cb: 15.7161   Cr: 15.5675 )
00001011: 17.159    (Y': 18.1765   Cb: 15.7669   Cr: 15.5229 )
00001012: 17.1606   (Y': 18.1369   Cb: 15.7844   Cr: 15.5999 )
00001013: 17.1246   (Y': 18.1127   Cb: 15.7479   Cr: 15.5383 )
00001014: 17.1416   (Y': 18.1493   Cb: 15.712    Cr: 15.5627 )
00001016: 17.1075   (Y': 18.0807   Cb: 15.7454   Cr: 15.5399 )
00001015: 17.1308   (Y': 18.1008   Cb: 15.7767   Cr: 15.5628 )
00001017: 17.1307   (Y': 18.1171   Cb: 15.7189   Cr: 15.5817 )
00001018: 17.1592   (Y': 18.1459   Cb: 15.8363   Cr: 15.5249 )
00001019: 17.1641   (Y': 18.1726   Cb: 15.7714   Cr: 15.5479 )
00001020: 17.2222   (Y': 18.2231   Cb: 15.8497   Cr: 15.6035 )
00001021: 17.1859   (Y': 18.1992   Cb: 15.7908   Cr: 15.5616 )
00001022: 17.2088   (Y': 18.2032   Cb: 15.8257   Cr: 15.6145 )
00001023: 17.1832   (Y': 18.155    Cb: 15.8592   Cr: 15.5827 )
00001024: 17.2106   (Y': 18.1656   Cb: 15.9143   Cr: 15.6217 )
00001025: 17.2209   (Y': 18.1765   Cb: 15.9139   Cr: 15.6405 )
00001026: 17.2331   (Y': 18.1694   Cb: 15.9649   Cr: 15.6596 )
00001027: 17.1937   (Y': 18.0968   Cb: 15.9695   Cr: 15.6542 )
00001028: 17.1775   (Y': 18.0506   Cb: 15.9718   Cr: 15.6899 )
00001029: 17.1425   (Y': 17.9804   Cb: 15.9687   Cr: 15.7078 )
00001030: 17.0237   (Y': 17.8103   Cb: 15.9752   Cr: 15.5946 )
00001031: 17.0022   (Y': 17.7454   Cb: 15.9956   Cr: 15.6402 )
00001032: 16.9799   (Y': 17.7554   Cb: 15.9605   Cr: 15.5512 )
00001033: 17.1566   (Y': 17.8136   Cb: 16.3036   Cr: 15.8708 )
00001034: 17.1627   (Y': 17.8454   Cb: 16.3086   Cr: 15.8132 )
00001035: 17.2356   (Y': 17.911    Cb: 16.3829   Cr: 15.9029 )
00001036: 17.2379   (Y': 18.3612   Cb: 15.7966   Cr: 15.425  )
00001037: 17.2483   (Y': 18.4076   Cb: 15.6937   Cr: 15.4681 )
00001038: 17.2829   (Y': 18.4611   Cb: 15.6878   Cr: 15.5028 )
00001039: 17.297    (Y': 18.5122   Cb: 15.6563   Cr: 15.4863 )
00001040: 17.3171   (Y': 18.5742   Cb: 15.5954   Cr: 15.5021 )
00001041: 17.27     (Y': 18.5372   Cb: 15.5359   Cr: 15.4473 )
00001042: 17.295    (Y': 18.6061   Cb: 15.5332   Cr: 15.4142 )
00001043: 17.2807   (Y': 18.5969   Cb: 15.5263   Cr: 15.383  )
Total: 17.1096   (Y': 18.0491   Cb: 15.7737   Cr: 15.5929 )
