00000000: 37.4581   (Y': INF       Cb: 32.6869   Cr: 32.6869 )
00000003: 17.3635   (Y': 17.8245   Cb: 15.4013   Cr: 18.1638 )
00000002: 17.367    (Y': 17.8141   Cb: 15.4555   Cr: 18.1326 )
00000004: 17.4278   (Y': 17.9092   Cb: 15.473    Cr: 18.1276 )
00000005: 17.3061   (Y': 17.8778   Cb: 15.158    Cr: 17.9944 )
00000001: 17.2801   (Y': 17.7028   Cb: 15.4238   Cr: 18.0491 )
00000006: 17.3284   (Y': 17.9019   Cb: 15.1581   Cr: 18.0519 )
00000007: 17.3566   (Y': 17.929    Cb: 15.1969   Cr: 18.0645 )
00000009: 17.5114   (Y': 18.1182   Cb: 15.2868   Cr: 18.2039 )
00000008: 17.4519   (Y': 18.0479   Cb: 15.2522   Cr: 18.1402 )
00000010: 17.4873   (Y': 18.1216   Cb: 15.2135   Cr: 18.1653 )
00000011: 17.406    (Y': 18.0531   Cb: 15.2112   Cr: 17.8825 )
00000012: 17.4144   (Y': 18.0358   Cb: 15.1915   Cr: 18.0445 )
00000013: 17.4458   (Y': 18.0604   Cb: 15.2244   Cr: 18.1002 )
00000014: 17.3927   (Y': 17.9702   Cb: 15.2052   Cr: 18.1336 )
00000015: 17.3552   (Y': 17.9189   Cb: 15.1989   Cr: 18.0918 )
00000016: 17.4303   (Y': 17.994    Cb: 15.3326   Cr: 18.0552 )
00000017: 17.302    (Y': 17.8356   Cb: 15.2253   Cr: 18.0115 )
00000018: 17.31     (Y': 17.8322   Cb: 15.2801   Cr: 17.978  )
00000019: 17.2979   (Y': 17.7964   Cb: 15.2711   Cr: 18.0601 )
00000020: 17.2306   (Y': 17.7157   Cb: 15.2277   Cr: 18.0047 )
00000021: 17.2862   (Y': 17.7849   Cb: 15.2745   Cr: 18.0191 )
00000022: 17.2923   (Y': 17.7991   Cb: 15.2871   Cr: 17.9785 )
00000023: 17.2422   (Y': 17.7387   Cb: 15.2371   Cr: 17.9715 )
00000025: 17.2479   (Y': 17.7294   Cb: 15.2555   Cr: 18.0172 )
00000024: 17.2455   (Y': 17.7311   Cb: 15.297    Cr: 17.9157 )
00000026: 17.2217   (Y': 17.7053   Cb: 15.2499   Cr: 17.9432 )
00000027: 17.2308   (Y': 17.6927   Cb: 15.3164   Cr: 17.9387 )
00000028: 17.2009   (Y': 17.697    Cb: 15.2095   Cr: 17.9067 )
00000029: 17.2141   (Y': 17.7126   Cb: 15.1862   Cr: 17.9782 )
00000030: 17.191    (Y': 17.6825   Cb: 15.2011   Cr: 17.913  )
00000031: 17.1937   (Y': 17.6699   Cb: 15.2422   Cr: 17.9096 )
00000032: 17.2379   (Y': 17.718    Cb: 15.2589   Cr: 17.9878 )
00000033: 17.2073   (Y': 17.7003   Cb: 15.2165   Cr: 17.925  )
00000034: 17.2136   (Y': 17.7013   Cb: 15.2281   Cr: 17.9434 )
00000035: 17.1986   (Y': 17.6818   Cb: 15.2466   Cr: 17.8856 )
00000036: 17.2296   (Y': 17.7247   Cb: 15.2554   Cr: 17.9074 )
00000037: 17.2265   (Y': 17.6997   Cb: 15.2663   Cr: 17.971  )
00000038: 17.1951   (Y': 17.6785   Cb: 15.2209   Cr: 17.9226 )
00000039: 17.2282   (Y': 17.7051   Cb: 15.2821   Cr: 17.931  )
00000040: 17.1936   (Y': 17.678    Cb: 15.2213   Cr: 17.9134 )
00000041: 17.1851   (Y': 17.6945   Cb: 15.1629   Cr: 17.8924 )
00000042: 17.169    (Y': 17.6464   Cb: 15.1916   Cr: 17.9276 )
00000043: 17.1844   (Y': 17.6648   Cb: 15.2346   Cr: 17.8791 )
00000044: 17.1719   (Y': 17.6602   Cb: 15.2437   Cr: 17.7946 )
00000045: 17.1667   (Y': 17.6509   Cb: 15.1665   Cr: 17.9391 )
00000046: 17.2203   (Y': 17.6882   Cb: 15.2763   Cr: 17.957  )
00000047: 17.2022   (Y': 17.6973   Cb: 15.2017   Cr: 17.9288 )
00000048: 17.1955   (Y': 17.6814   Cb: 15.2365   Cr: 17.8836 )
00000049: 17.2358   (Y': 17.7251   Cb: 15.2572   Cr: 17.9463 )
00000050: 17.1826   (Y': 17.6687   Cb: 15.2051   Cr: 17.9042 )
00000051: 17.2111   (Y': 17.6853   Cb: 15.2612   Cr: 17.932  )
00000052: 17.1988   (Y': 17.6791   Cb: 15.2132   Cr: 17.9604 )
00000053: 17.1718   (Y': 17.6577   Cb: 15.2063   Cr: 17.8723 )
00000054: 17.1878   (Y': 17.6787   Cb: 15.2367   Cr: 17.8409 )
00000055: 17.2275   (Y': 17.7223   Cb: 15.2628   Cr: 17.8892 )
00000056: 17.2214   (Y': 17.7283   Cb: 15.1778   Cr: 17.9794 )
00000057: 17.2347   (Y': 17.7403   Cb: 15.2537   Cr: 17.8812 )
00000058: 17.2389   (Y': 17.7265   Cb: 15.2793   Cr: 17.9212 )
00000059: 17.2083   (Y': 17.7174   Cb: 15.207    Cr: 17.8777 )
00000060: 17.2034   (Y': 17.7      Cb: 15.2146   Cr: 17.9024 )
00000061: 17.2316   (Y': 17.7537   Cb: 15.2142   Cr: 17.8778 )
00000062: 17.2952   (Y': 17.8292   Cb: 15.2467   Cr: 17.9495 )
00000063: 17.2924   (Y': 17.8092   Cb: 15.2781   Cr: 17.9544 )
00000064: 17.3378   (Y': 17.899    Cb: 15.2387   Cr: 17.9753 )
00000066: 17.2864   (Y': 17.8259   Cb: 15.2157   Cr: 17.9598 )
00000065: 17.3325   (Y': 17.8953   Cb: 15.2493   Cr: 17.9339 )
00000067: 17.3125   (Y': 17.8769   Cb: 15.2231   Cr: 17.9194 )
00000069: 17.227    (Y': 17.7694   Cb: 15.2156   Cr: 17.7792 )
00000070: 17.2425   (Y': 17.7843   Cb: 15.1948   Cr: 17.8636 )
00000068: 17.3126   (Y': 17.8982   Cb: 15.1988   Cr: 17.8794 )
00000071: 17.3791   (Y': 17.9684   Cb: 15.2541   Cr: 17.952  )
00000072: 17.4312   (Y': 18.0456   Cb: 15.2748   Cr: 17.9637 )
00000073: 17.4845   (Y': 18.041    Cb: 15.4107   Cr: 18.0945 )
00000074: 17.4612   (Y': 18.0532   Cb: 15.301    Cr: 18.0895 )
00000075: 17.5183   (Y': 18.0789   Cb: 15.4248   Cr: 18.1478 )
00000077: 17.3775   (Y': 17.883    Cb: 15.3355   Cr: 18.1387 )
00000076: 17.4171   (Y': 17.964    Cb: 15.3252   Cr: 18.0997 )
00000079: 17.2717   (Y': 17.748    Cb: 15.3025   Cr: 18.0199 )
00000078: 17.3391   (Y': 17.8594   Cb: 15.2805   Cr: 18.0697 )
00000080: 17.2785   (Y': 17.7463   Cb: 15.3005   Cr: 18.0791 )
00000082: 17.2799   (Y': 17.7593   Cb: 15.2725   Cr: 18.0866 )
00000081: 17.2707   (Y': 17.7626   Cb: 15.2611   Cr: 18.0278 )
00000083: 17.2418   (Y': 17.724    Cb: 15.2388   Cr: 18.0283 )
00000084: 17.295    (Y': 17.7845   Cb: 15.2794   Cr: 18.0738 )
00000085: 17.3493   (Y': 17.8536   Cb: 15.3059   Cr: 18.1183 )
00000086: 17.4234   (Y': 17.9774   Cb: 15.2817   Cr: 18.1722 )
00000087: 17.424    (Y': 17.9882   Cb: 15.3177   Cr: 18.0635 )
00000088: 17.4527   (Y': 18.0263   Cb: 15.3563   Cr: 18.0354 )
00000091: 17.181    (Y': 17.6723   Cb: 15.261    Cr: 17.7762 )
00000089: 17.3696   (Y': 17.9256   Cb: 15.3069   Cr: 17.9607 )
00000090: 17.2611   (Y': 17.786    Cb: 15.3047   Cr: 17.7851 )
00000092: 17.1219   (Y': 17.6104   Cb: 15.172    Cr: 17.7832 )
00000095: 17.1444   (Y': 17.6269   Cb: 15.1856   Cr: 17.8468 )
00000094: 17.1549   (Y': 17.6586   Cb: 15.196    Cr: 17.7695 )
00000093: 17.1404   (Y': 17.6292   Cb: 15.2164   Cr: 17.753  )
00000096: 17.1234   (Y': 17.631    Cb: 15.1423   Cr: 17.7623 )
00000097: 17.1309   (Y': 17.597    Cb: 15.2237   Cr: 17.8075 )
00000098: 17.1212   (Y': 17.5736   Cb: 15.2314   Cr: 17.8241 )
00000099: 17.0883   (Y': 17.5428   Cb: 15.2173   Cr: 17.7485 )
00000100: 17.1009   (Y': 17.5588   Cb: 15.1813   Cr: 17.8356 )
00000101: 17.0949   (Y': 17.5504   Cb: 15.2186   Cr: 17.7602 )
00000102: 17.106    (Y': 17.5829   Cb: 15.198    Cr: 17.7391 )
00000103: 17.09     (Y': 17.5588   Cb: 15.1529   Cr: 17.8096 )
00000104: 17.1057   (Y': 17.5801   Cb: 15.2002   Cr: 17.7448 )
00000106: 17.1343   (Y': 17.6138   Cb: 15.2025   Cr: 17.8003 )
00000105: 17.1271   (Y': 17.588    Cb: 15.2045   Cr: 17.8544 )
00000107: 17.1495   (Y': 17.6097   Cb: 15.2551   Cr: 17.8282 )
00000108: 17.1229   (Y': 17.609    Cb: 15.1659   Cr: 17.8066 )
00000109: 17.1165   (Y': 17.5898   Cb: 15.1904   Cr: 17.7977 )
00000110: 17.1239   (Y': 17.6084   Cb: 15.1882   Cr: 17.7755 )
00000111: 17.129    (Y': 17.6184   Cb: 15.1932   Cr: 17.7603 )
00000112: 17.1407   (Y': 17.6087   Cb: 15.2419   Cr: 17.7948 )
00000114: 17.1353   (Y': 17.5871   Cb: 15.2444   Cr: 17.8427 )
00000113: 17.1195   (Y': 17.5985   Cb: 15.1706   Cr: 17.8188 )
00000115: 17.1113   (Y': 17.5874   Cb: 15.1856   Cr: 17.7798 )
00000116: 17.1009   (Y': 17.5637   Cb: 15.198    Cr: 17.7843 )
00000117: 17.1022   (Y': 17.5587   Cb: 15.2166   Cr: 17.7802 )
00000118: 17.117    (Y': 17.5841   Cb: 15.2201   Cr: 17.7714 )
00000119: 17.1242   (Y': 17.5987   Cb: 15.1948   Cr: 17.8068 )
00000120: 17.1046   (Y': 17.5789   Cb: 15.1853   Cr: 17.7697 )
00000121: 17.1119   (Y': 17.5893   Cb: 15.1876   Cr: 17.7723 )
00000122: 17.121    (Y': 17.5742   Cb: 15.2595   Cr: 17.7697 )
00000123: 17.1328   (Y': 17.6052   Cb: 15.2203   Cr: 17.793  )
00000124: 17.122    (Y': 17.6272   Cb: 15.151    Cr: 17.7522 )
00000125: 17.1561   (Y': 17.6228   Cb: 15.2495   Cr: 17.8295 )
00000126: 17.1096   (Y': 17.5891   Cb: 15.1517   Cr: 17.8228 )
00000127: 17.134    (Y': 17.5877   Cb: 15.2201   Cr: 17.8756 )
00000128: 17.1218   (Y': 17.6041   Cb: 15.1736   Cr: 17.8055 )
00000130: 17.1159   (Y': 17.5834   Cb: 15.1792   Cr: 17.8406 )
00000129: 17.1401   (Y': 17.6029   Cb: 15.2178   Cr: 17.8587 )
00000131: 17.1254   (Y': 17.5937   Cb: 15.2183   Cr: 17.7932 )
00000132: 17.141    (Y': 17.6214   Cb: 15.1927   Cr: 17.8327 )
00000133: 17.1394   (Y': 17.632    Cb: 15.1542   Cr: 17.848  )
00000134: 17.1539   (Y': 17.6267   Cb: 15.1955   Cr: 17.8964 )
00000135: 17.144    (Y': 17.6341   Cb: 15.2153   Cr: 17.7599 )
00000136: 17.1175   (Y': 17.6049   Cb: 15.158    Cr: 17.8007 )
00000138: 17.1445   (Y': 17.6133   Cb: 15.2484   Cr: 17.7899 )
00000137: 17.1194   (Y': 17.5995   Cb: 15.1489   Cr: 17.8534 )
00000139: 17.1464   (Y': 17.626    Cb: 15.2174   Cr: 17.8061 )
00000140: 17.1599   (Y': 17.6429   Cb: 15.2333   Cr: 17.8012 )
00000141: 17.1083   (Y': 17.5903   Cb: 15.1521   Cr: 17.8084 )
00000142: 17.1013   (Y': 17.5819   Cb: 15.1816   Cr: 17.74   )
00000143: 17.1222   (Y': 17.5819   Cb: 15.1851   Cr: 17.8813 )
00000144: 17.1082   (Y': 17.577    Cb: 15.1774   Cr: 17.8166 )
00000145: 17.1391   (Y': 17.593    Cb: 15.2566   Cr: 17.8225 )
00000146: 17.1302   (Y': 17.5931   Cb: 15.2349   Cr: 17.7988 )
00000147: 17.106    (Y': 17.5642   Cb: 15.2081   Cr: 17.7991 )
00000148: 17.1392   (Y': 17.6082   Cb: 15.1829   Cr: 17.8939 )
00000149: 17.116    (Y': 17.584    Cb: 15.1943   Cr: 17.8112 )
00000150: 17.1214   (Y': 17.588    Cb: 15.1854   Cr: 17.8489 )
00000151: 17.1148   (Y': 17.5973   Cb: 15.161    Cr: 17.8081 )
00000152: 17.1323   (Y': 17.5813   Cb: 15.2166   Cr: 17.8974 )
00000153: 17.1056   (Y': 17.58     Cb: 15.1736   Cr: 17.7923 )
00000154: 17.1168   (Y': 17.5859   Cb: 15.1909   Cr: 17.8148 )
00000155: 17.1053   (Y': 17.588    Cb: 15.1485   Cr: 17.8034 )
00000156: 17.141    (Y': 17.6372   Cb: 15.1881   Cr: 17.7756 )
00000157: 17.1146   (Y': 17.575    Cb: 15.2009   Cr: 17.8272 )
00000158: 17.1147   (Y': 17.5926   Cb: 15.1702   Cr: 17.81   )
00000159: 17.1084   (Y': 17.5805   Cb: 15.2068   Cr: 17.7504 )
00000160: 17.1367   (Y': 17.618    Cb: 15.2205   Cr: 17.7666 )
00000161: 17.1067   (Y': 17.5784   Cb: 15.154    Cr: 17.8438 )
00000162: 17.1245   (Y': 17.6023   Cb: 15.2082   Cr: 17.7688 )
00000163: 17.0953   (Y': 17.5843   Cb: 15.1138   Cr: 17.8119 )
00000165: 17.1347   (Y': 17.6239   Cb: 15.1556   Cr: 17.8466 )
00000164: 17.1419   (Y': 17.6032   Cb: 15.2369   Cr: 17.8353 )
00000166: 17.1327   (Y': 17.6071   Cb: 15.1887   Cr: 17.8423 )
00000167: 17.1294   (Y': 17.6027   Cb: 15.19     Cr: 17.8348 )
00000168: 17.1156   (Y': 17.6058   Cb: 15.154    Cr: 17.7904 )
00000169: 17.1113   (Y': 17.5987   Cb: 15.1408   Cr: 17.8145 )
00000170: 17.1275   (Y': 17.6192   Cb: 15.1849   Cr: 17.7616 )
00000171: 17.1193   (Y': 17.606    Cb: 15.1643   Cr: 17.797  )
00000173: 17.1268   (Y': 17.6112   Cb: 15.1482   Cr: 17.8583 )
00000172: 17.1314   (Y': 17.6018   Cb: 15.2048   Cr: 17.8252 )
00000174: 17.1374   (Y': 17.5972   Cb: 15.2038   Cr: 17.8896 )
00000175: 17.1355   (Y': 17.6111   Cb: 15.1972   Cr: 17.8294 )
00000176: 17.1579   (Y': 17.6224   Cb: 15.2648   Cr: 17.8157 )
00000177: 17.1053   (Y': 17.5915   Cb: 15.1614   Cr: 17.7649 )
00000179: 17.1276   (Y': 17.6054   Cb: 15.2048   Cr: 17.7837 )
00000178: 17.1318   (Y': 17.6097   Cb: 15.2151   Cr: 17.7768 )
00000180: 17.1417   (Y': 17.6224   Cb: 15.173    Cr: 17.8703 )
00000182: 17.1474   (Y': 17.6265   Cb: 15.2245   Cr: 17.7984 )
00000181: 17.1458   (Y': 17.6093   Cb: 15.2153   Cr: 17.8763 )
00000183: 17.1374   (Y': 17.6354   Cb: 15.1703   Cr: 17.79   )
00000184: 17.1386   (Y': 17.6153   Cb: 15.1937   Cr: 17.8396 )
00000185: 17.1311   (Y': 17.6079   Cb: 15.2027   Cr: 17.802  )
00000187: 17.1168   (Y': 17.6052   Cb: 15.1801   Cr: 17.7541 )
00000186: 17.1314   (Y': 17.6108   Cb: 15.2087   Cr: 17.7802 )
00000188: 17.1272   (Y': 17.6088   Cb: 15.1717   Cr: 17.8278 )
00000189: 17.1442   (Y': 17.6081   Cb: 15.2395   Cr: 17.8256 )
00000190: 17.1265   (Y': 17.5938   Cb: 15.2044   Cr: 17.8254 )
00000191: 17.1053   (Y': 17.5893   Cb: 15.1603   Cr: 17.7761 )
00000192: 17.1476   (Y': 17.6266   Cb: 15.2162   Cr: 17.8141 )
00000193: 17.1308   (Y': 17.6226   Cb: 15.1647   Cr: 17.8075 )
00000194: 17.1411   (Y': 17.617    Cb: 15.2228   Cr: 17.7972 )
00000195: 17.1273   (Y': 17.6143   Cb: 15.1697   Cr: 17.8086 )
00000196: 17.1253   (Y': 17.6157   Cb: 15.1626   Cr: 17.8019 )
00000197: 17.1079   (Y': 17.5844   Cb: 15.1802   Cr: 17.7785 )
00000198: 17.1414   (Y': 17.6161   Cb: 15.215    Cr: 17.8175 )
00000199: 17.1417   (Y': 17.6253   Cb: 15.2249   Cr: 17.7631 )
00000200: 17.1347   (Y': 17.6105   Cb: 15.2213   Cr: 17.7827 )
00000201: 17.1019   (Y': 17.5677   Cb: 15.1964   Cr: 17.7768 )
00000202: 17.1381   (Y': 17.612    Cb: 15.1942   Cr: 17.849  )
00000203: 17.1342   (Y': 17.6156   Cb: 15.2179   Cr: 17.7637 )
00000204: 17.1128   (Y': 17.5757   Cb: 15.1912   Cr: 17.8294 )
00000205: 17.1329   (Y': 17.5954   Cb: 15.1903   Cr: 17.8903 )
00000206: 17.1053   (Y': 17.5695   Cb: 15.1732   Cr: 17.8358 )
00000207: 17.1387   (Y': 17.5875   Cb: 15.2459   Cr: 17.8624 )
00000208: 17.1402   (Y': 17.5999   Cb: 15.2237   Cr: 17.861  )
00000209: 17.1273   (Y': 17.5944   Cb: 15.2097   Cr: 17.8188 )
00000210: 17.123    (Y': 17.5788   Cb: 15.2169   Cr: 17.8415 )
00000211: 17.1079   (Y': 17.582    Cb: 15.1952   Cr: 17.7611 )
00000212: 17.1362   (Y': 17.5982   Cb: 15.2451   Cr: 17.8013 )
00000213: 17.1338   (Y': 17.6159   Cb: 15.2065   Cr: 17.7801 )
00000214: 17.1117   (Y': 17.5743   Cb: 15.1953   Cr: 17.82   )
00000215: 17.1084   (Y': 17.6001   Cb: 15.142    Cr: 17.7863 )
00000216: 17.1252   (Y': 17.5925   Cb: 15.1833   Cr: 17.8604 )
00000218: 17.1132   (Y': 17.5933   Cb: 15.1847   Cr: 17.7705 )
00000217: 17.1191   (Y': 17.5881   Cb: 15.2095   Cr: 17.7878 )
00000219: 17.1286   (Y': 17.6003   Cb: 15.2112   Cr: 17.8003 )
00000220: 17.1382   (Y': 17.6157   Cb: 15.1888   Cr: 17.8444 )
00000221: 17.1486   (Y': 17.6166   Cb: 15.2243   Cr: 17.8484 )
00000222: 17.1196   (Y': 17.608    Cb: 15.1852   Cr: 17.7533 )
00000223: 17.1498   (Y': 17.6408   Cb: 15.1917   Cr: 17.8156 )
00000224: 17.1485   (Y': 17.6059   Cb: 15.2255   Cr: 17.891  )
00000225: 17.1576   (Y': 17.6312   Cb: 15.2294   Cr: 17.8416 )
00000226: 17.1629   (Y': 17.6585   Cb: 15.194    Cr: 17.8288 )
00000227: 17.157    (Y': 17.6331   Cb: 15.2037   Cr: 17.8759 )
00000228: 17.1456   (Y': 17.6284   Cb: 15.192    Cr: 17.8372 )
00000229: 17.1806   (Y': 17.6732   Cb: 15.2149   Cr: 17.8531 )
00000230: 17.1622   (Y': 17.6306   Cb: 15.2252   Cr: 17.8841 )
00000231: 17.1975   (Y': 17.679    Cb: 15.2441   Cr: 17.8944 )
00000232: 17.1668   (Y': 17.6322   Cb: 15.2288   Cr: 17.9027 )
00000233: 17.169    (Y': 17.6469   Cb: 15.2448   Cr: 17.8275 )
00000234: 17.1888   (Y': 17.6724   Cb: 15.2229   Cr: 17.8998 )
00000235: 17.1873   (Y': 17.6756   Cb: 15.197    Cr: 17.9233 )
00000236: 17.2132   (Y': 17.6836   Cb: 15.2611   Cr: 17.9544 )
00000237: 17.2101   (Y': 17.7369   Cb: 15.1643   Cr: 17.8889 )
00000238: 17.2188   (Y': 17.691    Cb: 15.2587   Cr: 17.9675 )
00000239: 17.1758   (Y': 17.667    Cb: 15.2061   Cr: 17.8622 )
00000240: 17.1957   (Y': 17.6828   Cb: 15.232    Cr: 17.8874 )
00000242: 17.2136   (Y': 17.685    Cb: 15.2522   Cr: 17.9681 )
00000241: 17.2022   (Y': 17.6911   Cb: 15.2224   Cr: 17.9168 )
00000243: 17.2203   (Y': 17.7209   Cb: 15.2387   Cr: 17.8891 )
00000244: 17.2749   (Y': 17.7698   Cb: 15.2612   Cr: 18.0273 )
00000245: 17.4024   (Y': 17.9484   Cb: 15.3329   Cr: 18.047  )
00000246: 17.4706   (Y': 18.0578   Cb: 15.3233   Cr: 18.0941 )
00000247: 17.5003   (Y': 18.1025   Cb: 15.2754   Cr: 18.2124 )
00000248: 17.5231   (Y': 18.171    Cb: 15.2722   Cr: 18.1021 )
00000249: 17.4887   (Y': 18.114    Cb: 15.272    Cr: 18.0913 )
00000250: 17.2988   (Y': 17.8397   Cb: 15.2124   Cr: 17.9966 )
00000251: 17.1919   (Y': 17.7032   Cb: 15.092    Cr: 18.0407 )
00000252: 17.1481   (Y': 17.6803   Cb: 15.0041   Cr: 17.9938 )
00000253: 17.2285   (Y': 17.7468   Cb: 15.1455   Cr: 18.0142 )
00000254: 17.3441   (Y': 17.8546   Cb: 15.252    Cr: 18.1805 )
00000255: 17.4153   (Y': 17.9264   Cb: 15.334    Cr: 18.2283 )
00000256: 17.4109   (Y': 17.9395   Cb: 15.316    Cr: 18.1763 )
00000257: 17.2739   (Y': 17.7673   Cb: 15.2796   Cr: 17.9961 )
00000259: 17.3373   (Y': 17.8599   Cb: 15.2411   Cr: 18.1303 )
00000258: 17.2363   (Y': 17.7314   Cb: 15.2284   Cr: 17.9768 )
00000260: 17.4477   (Y': 18.0114   Cb: 15.3156   Cr: 18.138  )
00000261: 17.5124   (Y': 18.0936   Cb: 15.3165   Cr: 18.2538 )
00000262: 17.4155   (Y': 17.972    Cb: 15.2523   Cr: 18.1961 )
00000263: 17.3392   (Y': 17.8929   Cb: 15.1543   Cr: 18.1748 )
00000264: 17.2256   (Y': 17.7538   Cb: 15.0966   Cr: 18.059  )
00000265: 17.3088   (Y': 17.844    Cb: 15.1597   Cr: 18.1518 )
00000266: 17.2751   (Y': 17.7849   Cb: 15.157    Cr: 18.167  )
00000267: 17.1452   (Y': 17.6763   Cb: 14.9795   Cr: 18.0392 )
00000268: 17.1032   (Y': 17.6505   Cb: 14.9433   Cr: 17.9159 )
00000269: 17.0868   (Y': 17.6507   Cb: 14.9041   Cr: 17.8745 )
00000270: 17.1791   (Y': 17.7205   Cb: 14.9837   Cr: 18.0889 )
00000271: 17.2592   (Y': 17.7568   Cb: 15.0938   Cr: 18.3019 )
00000272: 17.3926   (Y': 17.9533   Cb: 15.1808   Cr: 18.2527 )
00000273: 17.5157   (Y': 18.1434   Cb: 15.1966   Cr: 18.3112 )
00000274: 17.481    (Y': 18.0557   Cb: 15.297    Cr: 18.2262 )
00000275: 17.3333   (Y': 17.8508   Cb: 15.2785   Cr: 18.0683 )
00000276: 17.3293   (Y': 17.8366   Cb: 15.2643   Cr: 18.1267 )
00000277: 17.3137   (Y': 17.8401   Cb: 15.2399   Cr: 18.047  )
00000278: 17.2835   (Y': 17.8013   Cb: 15.2656   Cr: 17.9479 )
00000279: 17.2873   (Y': 17.8045   Cb: 15.2431   Cr: 18.0038 )
00000280: 17.2821   (Y': 17.7896   Cb: 15.2348   Cr: 18.0451 )
00000281: 17.3171   (Y': 17.8436   Cb: 15.2118   Cr: 18.1114 )
00000283: 17.2389   (Y': 17.7491   Cb: 15.1434   Cr: 18.0842 )
00000282: 17.3098   (Y': 17.8532   Cb: 15.1869   Cr: 18.0668 )
00000284: 17.2365   (Y': 17.7394   Cb: 15.1321   Cr: 18.1309 )
00000285: 17.1576   (Y': 17.6773   Cb: 15.0639   Cr: 17.9581 )
00000286: 17.2511   (Y': 17.7814   Cb: 15.1204   Cr: 18.0792 )
00000287: 17.2297   (Y': 17.7712   Cb: 15.0737   Cr: 18.0598 )
00000288: 17.2138   (Y': 17.7082   Cb: 15.0784   Cr: 18.2082 )
00000289: 17.2132   (Y': 17.746    Cb: 15.0285   Cr: 18.1388 )
00000290: 17.335    (Y': 17.8894   Cb: 15.1619   Cr: 18.1439 )
00000291: 17.3218   (Y': 17.8882   Cb: 15.1889   Cr: 18.0028 )
00000292: 17.3169   (Y': 17.8431   Cb: 15.2772   Cr: 17.9868 )
00000293: 17.2732   (Y': 17.7765   Cb: 15.2391   Cr: 18.0288 )
00000294: 17.3278   (Y': 17.8441   Cb: 15.2783   Cr: 18.058  )
00000295: 17.2653   (Y': 17.7386   Cb: 15.2795   Cr: 18.0569 )
00000296: 17.2245   (Y': 17.7768   Cb: 15.1339   Cr: 17.8826 )
00000297: 17.3855   (Y': 17.9543   Cb: 15.2504   Cr: 18.0602 )
00000298: 17.5643   (Y': 18.1659   Cb: 15.389    Cr: 18.1829 )
00000299: 17.6186   (Y': 18.2737   Cb: 15.3338   Cr: 18.2344 )
00000300: 17.6917   (Y': 18.3918   Cb: 15.3914   Cr: 18.163  )
00000301: 17.6894   (Y': 18.4051   Cb: 15.3513   Cr: 18.1736 )
00000302: 17.6461   (Y': 18.3034   Cb: 15.3924   Cr: 18.1934 )
00000303: 17.588    (Y': 18.2407   Cb: 15.3251   Cr: 18.1709 )
00000304: 17.6275   (Y': 18.2878   Cb: 15.2876   Cr: 18.3316 )
00000305: 17.5673   (Y': 18.2341   Cb: 15.279    Cr: 18.1441 )
00000306: 17.4523   (Y': 17.9973   Cb: 15.3538   Cr: 18.1556 )
00000307: 17.7144   (Y': 18.333    Cb: 15.4643   Cr: 18.4088 )
00000308: 17.8795   (Y': 18.5397   Cb: 15.585    Cr: 18.4943 )
00000309: 17.9502   (Y': 18.6137   Cb: 15.5924   Cr: 18.6777 )
00000310: 17.933    (Y': 18.6189   Cb: 15.5636   Cr: 18.594  )
00000311: 17.8922   (Y': 18.551    Cb: 15.5743   Cr: 18.559  )
00000312: 17.846    (Y': 18.5218   Cb: 15.5473   Cr: 18.4079 )
00000313: 17.7229   (Y': 18.3943   Cb: 15.4167   Cr: 18.3166 )
00000314: 17.5955   (Y': 18.1896   Cb: 15.4482   Cr: 18.1913 )
00000315: 17.2978   (Y': 17.8289   Cb: 15.2426   Cr: 17.9767 )
00000316: 17.5477   (Y': 18.1227   Cb: 15.4224   Cr: 18.179  )
00000317: 17.7279   (Y': 18.3977   Cb: 15.452    Cr: 18.2692 )
00000318: 17.8253   (Y': 18.4893   Cb: 15.5188   Cr: 18.4489 )
00000319: 17.8515   (Y': 18.5173   Cb: 15.5428   Cr: 18.4722 )
00000320: 17.8437   (Y': 18.5048   Cb: 15.5327   Cr: 18.4873 )
00000321: 17.8107   (Y': 18.4894   Cb: 15.5029   Cr: 18.3783 )
00000322: 17.7126   (Y': 18.3658   Cb: 15.4502   Cr: 18.2924 )
00000323: 17.6218   (Y': 18.2597   Cb: 15.3987   Cr: 18.1868 )
00000324: 17.5789   (Y': 18.1766   Cb: 15.4223   Cr: 18.1773 )
00000325: 17.6181   (Y': 18.2413   Cb: 15.3893   Cr: 18.2525 )
00000326: 17.7214   (Y': 18.3743   Cb: 15.4494   Cr: 18.3213 )
00000327: 17.6467   (Y': 18.279    Cb: 15.4226   Cr: 18.2356 )
00000328: 17.5334   (Y': 18.1101   Cb: 15.3827   Cr: 18.2059 )
00000329: 17.4727   (Y': 18.0343   Cb: 15.348    Cr: 18.1576 )
00000331: 17.5404   (Y': 18.1356   Cb: 15.3902   Cr: 18.1369 )
00000330: 17.4823   (Y': 18.0374   Cb: 15.3677   Cr: 18.1743 )
00000332: 17.5606   (Y': 18.1313   Cb: 15.3814   Cr: 18.3127 )
00000333: 17.6386   (Y': 18.2736   Cb: 15.3727   Cr: 18.2981 )
00000334: 17.6656   (Y': 18.3068   Cb: 15.4131   Cr: 18.274  )
00000335: 17.6018   (Y': 18.2163   Cb: 15.4354   Cr: 18.152  )
00000336: 17.5768   (Y': 18.1886   Cb: 15.4072   Cr: 18.1441 )
00000337: 17.5507   (Y': 18.17     Cb: 15.3429   Cr: 18.1603 )
00000338: 17.5503   (Y': 18.2012   Cb: 15.324    Cr: 18.0707 )
00000339: 17.611    (Y': 18.2869   Cb: 15.3635   Cr: 18.075  )
00000340: 17.6053   (Y': 18.2732   Cb: 15.3683   Cr: 18.08   )
00000341: 17.5798   (Y': 18.2294   Cb: 15.349    Cr: 18.1136 )
00000342: 17.5452   (Y': 18.1366   Cb: 15.3906   Cr: 18.1655 )
00000343: 17.444    (Y': 18.0083   Cb: 15.3361   Cr: 18.0859 )
00000344: 17.2928   (Y': 17.84     Cb: 15.2288   Cr: 17.9221 )
00000345: 17.2125   (Y': 17.7284   Cb: 15.1887   Cr: 17.8955 )
00000346: 17.3227   (Y': 17.87     Cb: 15.2228   Cr: 18.0187 )
00000347: 17.3658   (Y': 17.9224   Cb: 15.2373   Cr: 18.0785 )
00000348: 17.4497   (Y': 18.0461   Cb: 15.2648   Cr: 18.1076 )
00000350: 17.5839   (Y': 18.2026   Cb: 15.363    Cr: 18.2212 )
00000349: 17.5715   (Y': 18.193    Cb: 15.3528   Cr: 18.1933 )
00000351: 17.512    (Y': 18.1038   Cb: 15.3597   Cr: 18.1259 )
00000352: 17.3539   (Y': 17.9068   Cb: 15.2651   Cr: 18.006  )
00000353: 17.3622   (Y': 17.9675   Cb: 15.2007   Cr: 17.9398 )
00000354: 17.352    (Y': 17.9109   Cb: 15.2444   Cr: 18.0155 )
00000355: 17.401    (Y': 17.9737   Cb: 15.2537   Cr: 18.0833 )
00000356: 17.5098   (Y': 18.1123   Cb: 15.2831   Cr: 18.2243 )
00000358: 17.3967   (Y': 18.018    Cb: 15.1618   Cr: 18.0506 )
00000357: 17.4586   (Y': 18.0393   Cb: 15.2853   Cr: 18.1578 )
00000359: 17.2592   (Y': 17.8087   Cb: 15.19     Cr: 17.8888 )
00000360: 17.317    (Y': 17.9063   Cb: 15.1797   Cr: 17.9132 )
00000361: 17.2742   (Y': 17.8693   Cb: 15.1017   Cr: 17.9138 )
00000362: 17.3281   (Y': 17.901    Cb: 15.1962   Cr: 17.9803 )
00000363: 17.3148   (Y': 17.855    Cb: 15.2251   Cr: 18.0214 )
00000364: 17.3211   (Y': 17.8859   Cb: 15.2095   Cr: 17.968  )
00000365: 17.2353   (Y': 17.7882   Cb: 15.1462   Cr: 17.8885 )
00000366: 17.2776   (Y': 17.8324   Cb: 15.1866   Cr: 17.9263 )
00000367: 17.2735   (Y': 17.8255   Cb: 15.188    Cr: 17.9233 )
00000368: 17.347    (Y': 17.9054   Cb: 15.2358   Cr: 18.0192 )
00000369: 17.3636   (Y': 17.9671   Cb: 15.1662   Cr: 18.0167 )
00000370: 17.4177   (Y': 18.0052   Cb: 15.2184   Cr: 18.14   )
00000371: 17.5094   (Y': 18.1575   Cb: 15.2888   Cr: 18.0302 )
00000372: 17.52     (Y': 18.189    Cb: 15.2394   Cr: 18.073  )
00000374: 17.6289   (Y': 18.2941   Cb: 15.3705   Cr: 18.1544 )
00000373: 17.5982   (Y': 18.2436   Cb: 15.3277   Cr: 18.225  )
00000375: 17.4006   (Y': 17.9972   Cb: 15.1505   Cr: 18.186  )
00000376: 17.3901   (Y': 18.0655   Cb: 15.082    Cr: 17.9715 )
00000377: 17.4621   (Y': 18.0856   Cb: 15.2148   Cr: 18.1312 )
00000378: 17.6399   (Y': 18.2799   Cb: 15.3746   Cr: 18.2779 )
00000379: 17.7015   (Y': 18.3086   Cb: 15.5109   Cr: 18.327  )
00000380: 17.6617   (Y': 18.2775   Cb: 15.4654   Cr: 18.2632 )
00000381: 17.6334   (Y': 18.2111   Cb: 15.508    Cr: 18.2541 )
00000382: 17.6011   (Y': 18.1473   Cb: 15.4606   Cr: 18.3808 )
00000383: 17.5992   (Y': 18.1873   Cb: 15.4547   Cr: 18.2137 )
00000384: 17.6542   (Y': 18.2774   Cb: 15.4338   Cr: 18.2727 )
00000385: 17.5884   (Y': 18.1657   Cb: 15.4186   Cr: 18.295  )
00000387: 17.5414   (Y': 18.1168   Cb: 15.3845   Cr: 18.2305 )
00000386: 17.5501   (Y': 18.11     Cb: 15.3903   Cr: 18.3098 )
00000388: 17.608    (Y': 18.1914   Cb: 15.3875   Cr: 18.3888 )
00000389: 17.701    (Y': 18.2827   Cb: 15.4742   Cr: 18.5018 )
00000390: 17.7488   (Y': 18.3513   Cb: 15.4817   Cr: 18.5441 )
00000391: 17.7534   (Y': 18.3569   Cb: 15.4909   Cr: 18.5347 )
00000392: 17.7747   (Y': 18.3676   Cb: 15.4907   Cr: 18.6452 )
00000393: 17.8373   (Y': 18.4199   Cb: 15.5251   Cr: 18.8108 )
00000394: 17.9249   (Y': 18.4609   Cb: 15.645    Cr: 19.0379 )
00000395: 17.9677   (Y': 18.4829   Cb: 15.7059   Cr: 19.1362 )
00000396: 18.0161   (Y': 18.4656   Cb: 15.7856   Cr: 19.4304 )
00000397: 17.9892   (Y': 18.4516   Cb: 15.7207   Cr: 19.4276 )
00000398: 17.9231   (Y': 18.4012   Cb: 15.6734   Cr: 19.2411 )
00000399: 17.6806   (Y': 18.1175   Cb: 15.5227   Cr: 18.9923 )
00000400: 17.8448   (Y': 18.3422   Cb: 15.6012   Cr: 19.0568 )
00000401: 18.1774   (Y': 18.5991   Cb: 16.0148   Cr: 19.5754 )
00000402: 18.4981   (Y': 18.9048   Cb: 16.2994   Cr: 20.0565 )
00000403: 18.4761   (Y': 18.8539   Cb: 16.337    Cr: 20.0454 )
00000404: 18.5067   (Y': 18.8441   Cb: 16.4491   Cr: 20.0994 )
00000406: 18.4255   (Y': 18.8342   Cb: 16.4007   Cr: 19.5869 )
00000405: 18.3877   (Y': 18.7671   Cb: 16.3186   Cr: 19.7885 )
00000407: 18.358    (Y': 18.8769   Cb: 16.2186   Cr: 19.2525 )
00000408: 18.2363   (Y': 18.822    Cb: 16.0334   Cr: 18.9727 )
00000409: 18.2175   (Y': 18.831    Cb: 16.0155   Cr: 18.8389 )
00000410: 18.098    (Y': 18.7229   Cb: 15.8528   Cr: 18.7574 )
00000411: 17.9432   (Y': 18.6192   Cb: 15.6649   Cr: 18.4647 )
00000412: 17.7156   (Y': 18.3812   Cb: 15.4464   Cr: 18.26   )
00000413: 17.5435   (Y': 18.2283   Cb: 15.2569   Cr: 18.0471 )
00000414: 17.5812   (Y': 18.3015   Cb: 15.2451   Cr: 18.0438 )
00000415: 17.5417   (Y': 18.2623   Cb: 15.2162   Cr: 17.983  )
00000416: 17.3943   (Y': 18.065    Cb: 15.1367   Cr: 17.8968 )
00000417: 17.5251   (Y': 18.1785   Cb: 15.3083   Cr: 18.0178 )
00000418: 17.6332   (Y': 18.2852   Cb: 15.4081   Cr: 18.1473 )
00000419: 17.7125   (Y': 18.3366   Cb: 15.5031   Cr: 18.306  )
00000420: 17.7148   (Y': 18.3269   Cb: 15.4955   Cr: 18.3759 )
00000421: 17.6601   (Y': 18.2547   Cb: 15.4773   Cr: 18.3208 )
00000422: 17.5894   (Y': 18.1853   Cb: 15.4349   Cr: 18.1913 )
00000423: 17.4988   (Y': 18.0393   Cb: 15.4617   Cr: 18.1054 )
00000424: 17.4364   (Y': 17.9649   Cb: 15.4152   Cr: 18.0633 )
00000425: 17.4164   (Y': 17.9354   Cb: 15.384    Cr: 18.1031 )
00000426: 17.4393   (Y': 17.9512   Cb: 15.4179   Cr: 18.1349 )
00000427: 17.4561   (Y': 18.008    Cb: 15.3616   Cr: 18.1235 )
00000428: 17.4813   (Y': 18.0206   Cb: 15.4402   Cr: 18.1005 )
00000429: 17.4504   (Y': 17.9804   Cb: 15.417    Cr: 18.0935 )
00000430: 17.4139   (Y': 17.9115   Cb: 15.4237   Cr: 18.1107 )
00000431: 17.3989   (Y': 17.907    Cb: 15.3999   Cr: 18.0684 )
00000432: 17.3665   (Y': 17.8774   Cb: 15.4133   Cr: 17.9416 )
00000433: 17.4364   (Y': 17.945    Cb: 15.4437   Cr: 18.0928 )
00000434: 17.5104   (Y': 18.0387   Cb: 15.4871   Cr: 18.1415 )
00000435: 17.5633   (Y': 18.0957   Cb: 15.5034   Cr: 18.2459 )
00000436: 17.6518   (Y': 18.1829   Cb: 15.5989   Cr: 18.3263 )
00000437: 17.6737   (Y': 18.2383   Cb: 15.5547   Cr: 18.3353 )
00000438: 17.6316   (Y': 18.1624   Cb: 15.5888   Cr: 18.2886 )
00000439: 17.6226   (Y': 18.1706   Cb: 15.5118   Cr: 18.3374 )
00000440: 17.5991   (Y': 18.1562   Cb: 15.5364   Cr: 18.1857 )
00000441: 17.5945   (Y': 18.1555   Cb: 15.4771   Cr: 18.2683 )
00000442: 17.5097   (Y': 18.0474   Cb: 15.4323   Cr: 18.2029 )
00000443: 17.4812   (Y': 17.994    Cb: 15.4333   Cr: 18.2228 )
00000444: 17.4525   (Y': 17.9547   Cb: 15.4468   Cr: 18.1589 )
00000445: 17.3938   (Y': 17.9071   Cb: 15.3612   Cr: 18.1046 )
00000446: 17.4467   (Y': 17.9149   Cb: 15.4822   Cr: 18.2205 )
00000447: 17.4598   (Y': 17.9552   Cb: 15.4765   Cr: 18.1536 )
00000448: 17.4327   (Y': 17.9284   Cb: 15.4544   Cr: 18.1159 )
00000449: 17.4318   (Y': 17.917    Cb: 15.4525   Cr: 18.1608 )
00000450: 17.4701   (Y': 17.9838   Cb: 15.4305   Cr: 18.1924 )
00000451: 17.486    (Y': 17.9949   Cb: 15.4715   Cr: 18.1809 )
00000452: 17.4916   (Y': 17.9876   Cb: 15.4618   Cr: 18.2698 )
00000453: 17.4859   (Y': 17.9675   Cb: 15.5037   Cr: 18.2353 )
00000455: 17.5485   (Y': 18.0396   Cb: 15.53     Cr: 18.326  )
00000454: 17.5414   (Y': 18.0615   Cb: 15.5093   Cr: 18.2225 )
00000456: 17.5771   (Y': 18.1093   Cb: 15.5103   Cr: 18.2733 )
00000457: 17.5766   (Y': 18.1203   Cb: 15.4891   Cr: 18.2643 )
00000458: 17.5931   (Y': 18.144    Cb: 15.5015   Cr: 18.2593 )
00000459: 17.5996   (Y': 18.1291   Cb: 15.5443   Cr: 18.285  )
00000460: 17.5992   (Y': 18.1571   Cb: 15.4626   Cr: 18.3224 )
00000461: 17.5729   (Y': 18.0937   Cb: 15.5056   Cr: 18.318  )
00000462: 17.5368   (Y': 18.0846   Cb: 15.4534   Cr: 18.1996 )
00000463: 17.5231   (Y': 18.0521   Cb: 15.4566   Cr: 18.232  )
00000464: 17.5301   (Y': 18.0495   Cb: 15.4733   Cr: 18.261  )
00000465: 17.4996   (Y': 18.0406   Cb: 15.3635   Cr: 18.2926 )
00000466: 17.5484   (Y': 18.0518   Cb: 15.5249   Cr: 18.2831 )
00000468: 17.4332   (Y': 17.9348   Cb: 15.4037   Cr: 18.187  )
00000467: 17.4484   (Y': 17.9467   Cb: 15.4087   Cr: 18.2359 )
00000469: 17.4784   (Y': 17.9881   Cb: 15.454    Cr: 18.1886 )
00000470: 17.5506   (Y': 18.0743   Cb: 15.4752   Cr: 18.2993 )
00000471: 17.589    (Y': 18.1053   Cb: 15.5351   Cr: 18.3275 )
00000472: 17.5968   (Y': 18.1194   Cb: 15.4924   Cr: 18.4058 )
00000473: 17.5629   (Y': 18.0903   Cb: 15.4706   Cr: 18.3283 )
00000474: 17.5317   (Y': 18.0619   Cb: 15.4549   Cr: 18.2555 )
00000475: 17.4595   (Y': 17.982    Cb: 15.4204   Cr: 18.1437 )
00000476: 17.4224   (Y': 17.9269   Cb: 15.3865   Cr: 18.1764 )
00000477: 17.4049   (Y': 17.9192   Cb: 15.4229   Cr: 18.0177 )
00000478: 17.5023   (Y': 18.0263   Cb: 15.4811   Cr: 18.1473 )
00000479: 17.5591   (Y': 18.0694   Cb: 15.5128   Cr: 18.3081 )
00000480: 17.655    (Y': 18.1862   Cb: 15.5735   Cr: 18.3831 )
00000481: 17.6378   (Y': 18.164    Cb: 15.5967   Cr: 18.3108 )
00000482: 17.7575   (Y': 18.3488   Cb: 15.6301   Cr: 18.3273 )
00000483: 17.7487   (Y': 18.3248   Cb: 15.6256   Cr: 18.3707 )
00000484: 17.72     (Y': 18.2587   Cb: 15.5912   Cr: 18.5082 )
00000485: 17.8749   (Y': 18.4333   Cb: 15.6661   Cr: 18.7387 )
00000486: 17.945    (Y': 18.4913   Cb: 15.7609   Cr: 18.8106 )
00000487: 17.9078   (Y': 18.5022   Cb: 15.6529   Cr: 18.7123 )
00000488: 17.7426   (Y': 18.3174   Cb: 15.5397   Cr: 18.5247 )
00000489: 17.6728   (Y': 18.2169   Cb: 15.5197   Cr: 18.4862 )
00000490: 17.8678   (Y': 18.415    Cb: 15.6761   Cr: 18.7446 )
00000491: 17.6781   (Y': 18.1538   Cb: 15.5974   Cr: 18.6454 )
00000492: 17.7503   (Y': 18.2567   Cb: 15.5981   Cr: 18.726  )
00000493: 17.7316   (Y': 18.2309   Cb: 15.6027   Cr: 18.6912 )
00000495: 17.8993   (Y': 18.465    Cb: 15.6769   Cr: 18.7592 )
00000494: 17.8466   (Y': 18.3844   Cb: 15.6963   Cr: 18.681  )
00000496: 17.9122   (Y': 18.4474   Cb: 15.717    Cr: 18.849  )
00000497: 17.8409   (Y': 18.3764   Cb: 15.6748   Cr: 18.7173 )
00000498: 17.7833   (Y': 18.3023   Cb: 15.6311   Cr: 18.7028 )
00000499: 17.7479   (Y': 18.2932   Cb: 15.6401   Cr: 18.4677 )
00000500: 17.7996   (Y': 18.3528   Cb: 15.7358   Cr: 18.4043 )
00000501: 17.8128   (Y': 18.4468   Cb: 15.6393   Cr: 18.3006 )
00000502: 17.7443   (Y': 18.3872   Cb: 15.5172   Cr: 18.2973 )
00000503: 17.8108   (Y': 18.5077   Cb: 15.5276   Cr: 18.262  )
00000504: 17.7081   (Y': 18.4027   Cb: 15.4478   Cr: 18.1256 )
00000505: 17.6547   (Y': 18.3289   Cb: 15.4423   Cr: 18.0604 )
00000506: 17.6481   (Y': 18.296    Cb: 15.4439   Cr: 18.1387 )
00000507: 17.6828   (Y': 18.3028   Cb: 15.506    Cr: 18.2312 )
00000508: 17.5637   (Y': 18.1532   Cb: 15.4609   Cr: 18.0945 )
00000509: 17.5967   (Y': 18.2014   Cb: 15.4321   Cr: 18.1829 )
00000510: 17.7495   (Y': 18.3847   Cb: 15.5245   Cr: 18.3286 )
00000511: 17.8102   (Y': 18.4193   Cb: 15.6303   Cr: 18.4078 )
00000512: 17.7934   (Y': 18.41     Cb: 15.5848   Cr: 18.4152 )
00000513: 17.8196   (Y': 18.4616   Cb: 15.584    Cr: 18.3924 )
00000514: 17.8818   (Y': 18.5093   Cb: 15.6337   Cr: 18.5364 )
00000515: 17.9108   (Y': 18.5605   Cb: 15.6318   Cr: 18.5371 )
00000516: 17.9303   (Y': 18.5594   Cb: 15.6478   Cr: 18.6469 )
00000517: 17.8776   (Y': 18.5004   Cb: 15.6243   Cr: 18.5614 )
00000518: 17.6926   (Y': 18.2544   Cb: 15.545    Cr: 18.4204 )
00000519: 17.5189   (Y': 18.0376   Cb: 15.454    Cr: 18.2677 )
00000520: 17.5145   (Y': 18.0378   Cb: 15.4072   Cr: 18.3262 )
00000521: 17.5438   (Y': 18.0603   Cb: 15.4341   Cr: 18.3896 )
00000522: 17.6804   (Y': 18.2282   Cb: 15.5142   Cr: 18.5043 )
00000523: 17.7461   (Y': 18.3343   Cb: 15.5317   Cr: 18.4949 )
00000524: 17.6484   (Y': 18.2025   Cb: 15.515    Cr: 18.3804 )
00000525: 17.8225   (Y': 18.416    Cb: 15.5971   Cr: 18.5711 )
00000527: 17.8023   (Y': 18.3937   Cb: 15.5876   Cr: 18.5385 )
00000526: 17.8217   (Y': 18.4097   Cb: 15.5867   Cr: 18.6129 )
00000528: 17.6524   (Y': 18.186    Cb: 15.5424   Cr: 18.4256 )
00000529: 17.6463   (Y': 18.1827   Cb: 15.4894   Cr: 18.4996 )
00000530: 17.7425   (Y': 18.3026   Cb: 15.5364   Cr: 18.5931 )
00000531: 17.7503   (Y': 18.292    Cb: 15.5944   Cr: 18.5797 )
00000532: 17.8057   (Y': 18.374    Cb: 15.6011   Cr: 18.6189 )
00000533: 17.864    (Y': 18.4739   Cb: 15.6642   Cr: 18.4959 )
00000534: 17.8807   (Y': 18.4994   Cb: 15.6386   Cr: 18.559  )
00000535: 17.8161   (Y': 18.4702   Cb: 15.5805   Cr: 18.3415 )
00000536: 17.8403   (Y': 18.5166   Cb: 15.5711   Cr: 18.3437 )
00000537: 17.7555   (Y': 18.434    Cb: 15.4909   Cr: 18.2421 )
00000538: 17.7102   (Y': 18.4038   Cb: 15.4495   Cr: 18.1319 )
00000539: 17.6599   (Y': 18.3081   Cb: 15.4619   Cr: 18.1379 )
00000540: 17.587    (Y': 18.2219   Cb: 15.4245   Cr: 18.0509 )
00000541: 17.5178   (Y': 18.1199   Cb: 15.4249   Cr: 17.9817 )
00000542: 17.5321   (Y': 18.1249   Cb: 15.4253   Cr: 18.0574 )
00000543: 17.4914   (Y': 18.0787   Cb: 15.3815   Cr: 18.0447 )
00000544: 17.555    (Y': 18.1633   Cb: 15.3874   Cr: 18.1326 )
00000545: 17.5748   (Y': 18.187    Cb: 15.4423   Cr: 18.0718 )
00000547: 17.6608   (Y': 18.2986   Cb: 15.4104   Cr: 18.2786 )
00000546: 17.5622   (Y': 18.1768   Cb: 15.3769   Cr: 18.148  )
00000548: 17.7134   (Y': 18.3408   Cb: 15.5176   Cr: 18.2682 )
00000549: 17.7028   (Y': 18.3076   Cb: 15.5029   Cr: 18.3557 )
00000550: 17.7051   (Y': 18.3046   Cb: 15.5213   Cr: 18.3482 )
00000551: 17.6936   (Y': 18.2926   Cb: 15.542    Cr: 18.2777 )
00000552: 17.6132   (Y': 18.1997   Cb: 15.4713   Cr: 18.2292 )
00000553: 17.6277   (Y': 18.2057   Cb: 15.4818   Cr: 18.2856 )
00000554: 17.6512   (Y': 18.243    Cb: 15.4772   Cr: 18.3071 )
00000555: 17.6467   (Y': 18.2084   Cb: 15.5306   Cr: 18.3147 )
00000557: 17.4833   (Y': 18.033    Cb: 15.4004   Cr: 18.1379 )
00000556: 17.6038   (Y': 18.1815   Cb: 15.5015   Cr: 18.1811 )
00000559: 17.5984   (Y': 18.1454   Cb: 15.5211   Cr: 18.2534 )
00000558: 17.5842   (Y': 18.1296   Cb: 15.4876   Cr: 18.2823 )
00000560: 17.5577   (Y': 18.0729   Cb: 15.4987   Cr: 18.3103 )
00000561: 17.4785   (Y': 17.9951   Cb: 15.4362   Cr: 18.1935 )
00000562: 17.469    (Y': 17.9599   Cb: 15.5045   Cr: 18.1462 )
00000563: 17.4921   (Y': 17.997    Cb: 15.4721   Cr: 18.2141 )
00000564: 17.5493   (Y': 18.0772   Cb: 15.4898   Cr: 18.2498 )
00000565: 17.6547   (Y': 18.2029   Cb: 15.5293   Cr: 18.3965 )
00000566: 17.7713   (Y': 18.3527   Cb: 15.64     Cr: 18.388  )
00000567: 17.8919   (Y': 18.4766   Cb: 15.7305   Cr: 18.5524 )
00000568: 17.9334   (Y': 18.5147   Cb: 15.764    Cr: 18.6232 )
00000569: 17.9502   (Y': 18.5438   Cb: 15.7197   Cr: 18.709  )
00000571: 17.8474   (Y': 18.4064   Cb: 15.6649   Cr: 18.6555 )
00000570: 17.906    (Y': 18.4932   Cb: 15.6692   Cr: 18.704  )
00000572: 17.7911   (Y': 18.3207   Cb: 15.6474   Cr: 18.6474 )
00000573: 17.6512   (Y': 18.1163   Cb: 15.6208   Cr: 18.5656 )
00000574: 17.7117   (Y': 18.2334   Cb: 15.6293   Cr: 18.4818 )
00000575: 17.7313   (Y': 18.2842   Cb: 15.5729   Cr: 18.518  )
00000576: 17.898    (Y': 18.4503   Cb: 15.7186   Cr: 18.7289 )
00000577: 18.4541   (Y': 19.1462   Cb: 15.9843   Cr: 19.2984 )
00000579: 18.7044   (Y': 19.3617   Cb: 16.1941   Cr: 19.7875 )
00000578: 18.5878   (Y': 19.2731   Cb: 16.075    Cr: 19.5544 )
00000580: 18.7135   (Y': 19.387    Cb: 16.1215   Cr: 19.9149 )
00000581: 18.7698   (Y': 19.3945   Cb: 16.2166   Cr: 20.1025 )
00000582: 18.6866   (Y': 19.3496   Cb: 16.1747   Cr: 19.7486 )
00000583: 18.6737   (Y': 19.327    Cb: 16.1811   Cr: 19.7339 )
00000584: 18.6484   (Y': 19.3274   Cb: 16.134    Cr: 19.6461 )
00000585: 18.673    (Y': 19.3764   Cb: 16.1359   Cr: 19.617  )
00000586: 18.6409   (Y': 19.3534   Cb: 16.0752   Cr: 19.6108 )
00000587: 18.6524   (Y': 19.3649   Cb: 16.124    Cr: 19.5394 )
00000589: 18.5329   (Y': 19.26     Cb: 16.0149   Cr: 19.3368 )
00000588: 18.6619   (Y': 19.376    Cb: 16.1394   Cr: 19.529  )
00000590: 18.3712   (Y': 19.084    Cb: 15.9543   Cr: 19.0214 )
00000591: 18.2069   (Y': 18.8744   Cb: 15.8742   Cr: 18.8682 )
00000592: 17.9578   (Y': 18.6079   Cb: 15.67     Cr: 18.5994 )
00000593: 17.7535   (Y': 18.3495   Cb: 15.5744   Cr: 18.4022 )
00000594: 17.6704   (Y': 18.2258   Cb: 15.567    Cr: 18.34   )
00000595: 17.6308   (Y': 18.1446   Cb: 15.5914   Cr: 18.3522 )
00000597: 17.566    (Y': 18.0795   Cb: 15.5254   Cr: 18.2907 )
00000596: 17.5767   (Y': 18.109    Cb: 15.4911   Cr: 18.3084 )
00000598: 17.6095   (Y': 18.1261   Cb: 15.5802   Cr: 18.2997 )
00000599: 17.5722   (Y': 18.0671   Cb: 15.5557   Cr: 18.3303 )
00000600: 17.5321   (Y': 18.0144   Cb: 15.5323   Cr: 18.3119 )
00000601: 17.6166   (Y': 18.1511   Cb: 15.5582   Cr: 18.2872 )
00000603: 17.6907   (Y': 18.2631   Cb: 15.5553   Cr: 18.3517 )
00000602: 17.709    (Y': 18.2597   Cb: 15.6012   Cr: 18.4064 )
00000604: 17.6474   (Y': 18.1973   Cb: 15.5364   Cr: 18.3542 )
00000605: 17.6325   (Y': 18.1463   Cb: 15.5716   Cr: 18.3951 )
00000606: 17.6046   (Y': 18.108    Cb: 15.6223   Cr: 18.2629 )
00000607: 17.575    (Y': 18.0583   Cb: 15.6103   Cr: 18.2847 )
00000608: 17.5114   (Y': 17.9689   Cb: 15.5577   Cr: 18.311  )
00000609: 17.4394   (Y': 17.8715   Cb: 15.52     Cr: 18.2848 )
00000610: 17.3827   (Y': 17.8054   Cb: 15.5148   Cr: 18.1731 )
00000611: 17.4567   (Y': 17.9061   Cb: 15.5206   Cr: 18.2579 )
00000612: 17.4874   (Y': 17.9241   Cb: 15.5688   Cr: 18.311  )
00000613: 17.4757   (Y': 17.955    Cb: 15.4771   Cr: 18.2663 )
00000614: 17.4787   (Y': 17.9428   Cb: 15.5135   Cr: 18.271  )
00000615: 17.4785   (Y': 17.924    Cb: 15.555    Cr: 18.273  )
00000616: 17.4784   (Y': 17.9614   Cb: 15.4682   Cr: 18.2751 )
00000617: 17.4629   (Y': 17.9306   Cb: 15.5138   Cr: 18.2101 )
00000619: 17.4223   (Y': 17.8748   Cb: 15.4784   Cr: 18.2252 )
00000618: 17.427    (Y': 17.8868   Cb: 15.4798   Cr: 18.2044 )
00000620: 17.4082   (Y': 17.8713   Cb: 15.42     Cr: 18.2488 )
00000621: 17.4536   (Y': 17.9256   Cb: 15.4812   Cr: 18.2261 )
00000622: 17.4082   (Y': 17.8834   Cb: 15.4508   Cr: 18.1391 )
00000623: 17.4334   (Y': 17.9005   Cb: 15.4581   Cr: 18.2324 )
00000624: 17.4238   (Y': 17.8697   Cb: 15.4886   Cr: 18.2389 )
00000625: 17.3961   (Y': 17.868    Cb: 15.4598   Cr: 18.1022 )
00000626: 17.4118   (Y': 17.8663   Cb: 15.4786   Cr: 18.1861 )
00000627: 17.4301   (Y': 17.8845   Cb: 15.4946   Cr: 18.2087 )
00000628: 17.4102   (Y': 17.8657   Cb: 15.4674   Cr: 18.1976 )
00000629: 17.3949   (Y': 17.8622   Cb: 15.4503   Cr: 18.1353 )
00000630: 17.4061   (Y': 17.8574   Cb: 15.4758   Cr: 18.1881 )
00000631: 17.4009   (Y': 17.8633   Cb: 15.4507   Cr: 18.173  )
00000632: 17.3722   (Y': 17.8139   Cb: 15.4463   Cr: 18.1878 )
00000633: 17.4154   (Y': 17.8515   Cb: 15.5074   Cr: 18.2221 )
00000634: 17.4155   (Y': 17.8639   Cb: 15.4668   Cr: 18.2449 )
00000635: 17.3919   (Y': 17.8621   Cb: 15.4273   Cr: 18.1573 )
00000636: 17.4057   (Y': 17.8689   Cb: 15.4445   Cr: 18.1949 )
00000637: 17.4072   (Y': 17.8643   Cb: 15.4646   Cr: 18.1874 )
00000638: 17.4245   (Y': 17.8851   Cb: 15.4733   Cr: 18.2055 )
00000639: 17.4517   (Y': 17.9426   Cb: 15.4595   Cr: 18.1803 )
00000640: 17.3965   (Y': 17.8862   Cb: 15.4135   Cr: 18.1136 )
00000641: 17.4246   (Y': 17.8935   Cb: 15.4592   Cr: 18.197  )
00000642: 17.3727   (Y': 17.8185   Cb: 15.4648   Cr: 18.1373 )
00000643: 17.3958   (Y': 17.846    Cb: 15.4498   Cr: 18.2127 )
00000644: 17.4002   (Y': 17.8739   Cb: 15.4453   Cr: 18.1325 )
00000645: 17.5134   (Y': 18.02     Cb: 15.4965   Cr: 18.2221 )
00000646: 17.5856   (Y': 18.0954   Cb: 15.5756   Cr: 18.2685 )
00000647: 17.6206   (Y': 18.1479   Cb: 15.586    Cr: 18.2767 )
00000648: 17.7049   (Y': 18.2859   Cb: 15.5841   Cr: 18.303  )
00000649: 17.7132   (Y': 18.2928   Cb: 15.5829   Cr: 18.335  )
00000650: 17.7322   (Y': 18.3259   Cb: 15.6032   Cr: 18.2951 )
00000651: 17.7462   (Y': 18.344    Cb: 15.5761   Cr: 18.37   )
00000652: 17.7346   (Y': 18.3325   Cb: 15.5459   Cr: 18.3941 )
00000653: 17.6575   (Y': 18.2552   Cb: 15.4945   Cr: 18.2682 )
00000654: 17.6132   (Y': 18.1697   Cb: 15.5093   Cr: 18.2795 )
00000655: 17.6213   (Y': 18.1815   Cb: 15.5199   Cr: 18.2679 )
00000656: 17.6745   (Y': 18.2541   Cb: 15.5101   Cr: 18.3612 )
00000657: 17.6135   (Y': 18.1761   Cb: 15.4872   Cr: 18.2971 )
00000658: 17.4513   (Y': 17.9942   Cb: 15.3917   Cr: 18.0898 )
00000659: 17.6449   (Y': 18.2159   Cb: 15.51     Cr: 18.3108 )
00000660: 17.6446   (Y': 18.2212   Cb: 15.5518   Cr: 18.2089 )
00000661: 17.6312   (Y': 18.2188   Cb: 15.5078   Cr: 18.2081 )
00000662: 17.5722   (Y': 18.1448   Cb: 15.4634   Cr: 18.1818 )
00000664: 17.5629   (Y': 18.134    Cb: 15.4606   Cr: 18.1667 )
00000663: 17.5613   (Y': 18.1341   Cb: 15.4379   Cr: 18.1976 )
00000665: 17.5198   (Y': 18.0682   Cb: 15.4236   Cr: 18.2046 )
00000666: 17.5503   (Y': 18.1433   Cb: 15.4322   Cr: 18.0962 )
00000667: 17.5487   (Y': 18.0957   Cb: 15.4914   Cr: 18.1666 )
00000669: 17.4642   (Y': 17.9765   Cb: 15.4497   Cr: 18.1452 )
00000668: 17.4431   (Y': 18.0095   Cb: 15.4045   Cr: 17.949  )
00000670: 17.5355   (Y': 18.0567   Cb: 15.4893   Cr: 18.2384 )
00000671: 17.512    (Y': 18.0655   Cb: 15.4237   Cr: 18.1608 )
00000672: 17.4715   (Y': 18.0072   Cb: 15.4118   Cr: 18.1398 )
00000673: 17.4761   (Y': 18.0129   Cb: 15.3986   Cr: 18.1739 )
00000674: 17.4753   (Y': 18.0071   Cb: 15.3944   Cr: 18.2    )
00000675: 17.4481   (Y': 17.9615   Cb: 15.441    Cr: 18.111  )
00000676: 17.4267   (Y': 17.9413   Cb: 15.379    Cr: 18.1607 )
00000677: 17.3881   (Y': 17.9048   Cb: 15.3555   Cr: 18.0843 )
00000678: 17.358    (Y': 17.8586   Cb: 15.3329   Cr: 18.1082 )
00000679: 17.3474   (Y': 17.8624   Cb: 15.3412   Cr: 18.0015 )
00000680: 17.4171   (Y': 17.9418   Cb: 15.3616   Cr: 18.1234 )
00000681: 17.431    (Y': 17.9895   Cb: 15.3169   Cr: 18.1081 )
00000682: 17.4538   (Y': 18.0011   Cb: 15.358    Cr: 18.1423 )
00000683: 17.4552   (Y': 18.0171   Cb: 15.351    Cr: 18.0998 )
00000684: 17.4637   (Y': 18.0033   Cb: 15.3785   Cr: 18.1643 )
00000685: 18.3701   (Y': 19.11     Cb: 15.9401   Cr: 18.9413 )
00000686: 18.4922   (Y': 19.2423   Cb: 15.9817   Cr: 19.1883 )
00000687: 18.0523   (Y': 18.7523   Cb: 15.7325   Cr: 18.5608 )
00000688: 17.7263   (Y': 18.3205   Cb: 15.584    Cr: 18.3123 )
00000689: 17.4699   (Y': 18.0281   Cb: 15.3902   Cr: 18.084  )
00000690: 17.382    (Y': 17.926    Cb: 15.3143   Cr: 18.0316 )
00000691: 17.4076   (Y': 17.9224   Cb: 15.3872   Cr: 18.0892 )
00000692: 17.3994   (Y': 17.9115   Cb: 15.3416   Cr: 18.1628 )
00000693: 17.3945   (Y': 17.9046   Cb: 15.3921   Cr: 18.0624 )
00000694: 17.3931   (Y': 17.9434   Cb: 15.3419   Cr: 17.9865 )
00000695: 17.4183   (Y': 17.9607   Cb: 15.3783   Cr: 18.0228 )
00000696: 17.4068   (Y': 17.9389   Cb: 15.3646   Cr: 18.0569 )
00000697: 17.3257   (Y': 17.8336   Cb: 15.3353   Cr: 17.9799 )
00000698: 17.3077   (Y': 17.834    Cb: 15.2626   Cr: 17.9881 )
00000699: 17.3109   (Y': 17.8341   Cb: 15.3067   Cr: 17.9278 )
00000700: 17.2894   (Y': 17.8143   Cb: 15.2687   Cr: 17.9296 )
00000701: 17.311    (Y': 17.8368   Cb: 15.3267   Cr: 17.8814 )
00000702: 17.337    (Y': 17.8439   Cb: 15.3266   Cr: 18.033  )
00000703: 17.3632   (Y': 17.8863   Cb: 15.3296   Cr: 18.035  )
00000704: 17.3665   (Y': 17.8949   Cb: 15.3376   Cr: 18.0076 )
00000705: 17.3742   (Y': 17.8822   Cb: 15.3326   Cr: 18.1243 )
00000706: 17.3368   (Y': 17.8436   Cb: 15.3402   Cr: 18.0073 )
00000707: 17.3197   (Y': 17.8283   Cb: 15.3117   Cr: 18.004  )
00000708: 17.318    (Y': 17.824    Cb: 15.3439   Cr: 17.9504 )
00000709: 17.2904   (Y': 17.8124   Cb: 15.2735   Cr: 17.9357 )
00000710: 17.2991   (Y': 17.7817   Cb: 15.3381   Cr: 18.0052 )
00000711: 17.2647   (Y': 17.765    Cb: 15.2799   Cr: 17.9405 )
00000712: 17.2751   (Y': 17.7913   Cb: 15.2709   Cr: 17.9206 )
00000713: 17.3006   (Y': 17.8158   Cb: 15.3237   Cr: 17.9005 )
00000714: 17.3012   (Y': 17.8178   Cb: 15.2881   Cr: 17.9619 )
00000715: 17.2838   (Y': 17.8123   Cb: 15.3084   Cr: 17.827  )
00000716: 17.2829   (Y': 17.7894   Cb: 15.2882   Cr: 17.9516 )
00000717: 17.2786   (Y': 17.7939   Cb: 15.287    Cr: 17.9047 )
00000718: 17.2762   (Y': 17.8109   Cb: 15.2444   Cr: 17.8967 )
00000719: 17.2831   (Y': 17.7905   Cb: 15.295    Cr: 17.9352 )
00000720: 17.3217   (Y': 17.8708   Cb: 15.2654   Cr: 17.9291 )
00000721: 17.3555   (Y': 17.8854   Cb: 15.3634   Cr: 17.9236 )
00000722: 17.3865   (Y': 17.9397   Cb: 15.3099   Cr: 18.0148 )
00000723: 17.4049   (Y': 17.9533   Cb: 15.3519   Cr: 18.0092 )
00000724: 17.3848   (Y': 17.93     Cb: 15.3201   Cr: 18.0233 )
00000725: 17.415    (Y': 17.9585   Cb: 15.3652   Cr: 18.033  )
00000726: 17.3703   (Y': 17.8947   Cb: 15.3404   Cr: 18.0299 )
00000727: 17.3756   (Y': 17.877    Cb: 15.3881   Cr: 18.0521 )
00000728: 17.3461   (Y': 17.8739   Cb: 15.3224   Cr: 17.9802 )
00000729: 17.3423   (Y': 17.8598   Cb: 15.3263   Cr: 18.0047 )
00000730: 17.3924   (Y': 17.9105   Cb: 15.4004   Cr: 18.0079 )
00000731: 17.393    (Y': 17.944    Cb: 15.3066   Cr: 18.0486 )
00000732: 17.4101   (Y': 17.9631   Cb: 15.341    Cr: 18.0257 )
00000733: 17.4165   (Y': 17.9823   Cb: 15.3469   Cr: 17.9808 )
00000734: 17.3971   (Y': 17.9443   Cb: 15.316    Cr: 18.0584 )
00000735: 17.3658   (Y': 17.9049   Cb: 15.3122   Cr: 18.0089 )
00000736: 17.3399   (Y': 17.8728   Cb: 15.3374   Cr: 17.9145 )
00000737: 17.3251   (Y': 17.8435   Cb: 15.3097   Cr: 17.9825 )
00000738: 17.3226   (Y': 17.8596   Cb: 15.2714   Cr: 17.9697 )
00000739: 17.3461   (Y': 17.8524   Cb: 15.3454   Cr: 18.0262 )
00000740: 17.3261   (Y': 17.8515   Cb: 15.3187   Cr: 17.9398 )
00000741: 17.3355   (Y': 17.8636   Cb: 15.3221   Cr: 17.9492 )
00000742: 17.3487   (Y': 17.8754   Cb: 15.3316   Cr: 17.9751 )
00000743: 17.3219   (Y': 17.8525   Cb: 15.2896   Cr: 17.9604 )
00000744: 17.2837   (Y': 17.7997   Cb: 15.2655   Cr: 17.9559 )
00000745: 17.2865   (Y': 17.8028   Cb: 15.2927   Cr: 17.9123 )
00000746: 17.2821   (Y': 17.7986   Cb: 15.2668   Cr: 17.9467 )
00000747: 17.3551   (Y': 17.8585   Cb: 15.3586   Cr: 18.0392 )
00000748: 17.3725   (Y': 17.8945   Cb: 15.3534   Cr: 18.0218 )
00000749: 17.4035   (Y': 17.9341   Cb: 15.3623   Cr: 18.0584 )
00000750: 17.3972   (Y': 17.936    Cb: 15.3654   Cr: 18.0014 )
00000751: 17.452    (Y': 17.9794   Cb: 15.393    Cr: 18.1537 )
00000752: 17.4913   (Y': 18.0461   Cb: 15.4279   Cr: 18.0887 )
00000753: 17.479    (Y': 18.0494   Cb: 15.3684   Cr: 18.1012 )
00000754: 17.4891   (Y': 18.0776   Cb: 15.3673   Cr: 18.0589 )
00000755: 17.4828   (Y': 18.0719   Cb: 15.3571   Cr: 18.0578 )
00000756: 17.5123   (Y': 18.1152   Cb: 15.3458   Cr: 18.1088 )
00000757: 17.4919   (Y': 18.1067   Cb: 15.3497   Cr: 17.9967 )
00000758: 17.5319   (Y': 18.1347   Cb: 15.3691   Cr: 18.1219 )
00000759: 17.4521   (Y': 18.1018   Cb: 15.2191   Cr: 17.9896 )
00000760: 17.3299   (Y': 17.9426   Cb: 15.154    Cr: 17.9052 )
00000761: 17.2885   (Y': 17.8891   Cb: 15.1573   Cr: 17.8283 )
00000762: 17.4071   (Y': 18.0426   Cb: 15.2112   Cr: 17.9307 )
00000763: 17.5677   (Y': 18.2175   Cb: 15.327    Cr: 18.1197 )
00000764: 17.7072   (Y': 18.3604   Cb: 15.4766   Cr: 18.2267 )
00000765: 17.7711   (Y': 18.4061   Cb: 15.5498   Cr: 18.3441 )
00000766: 17.7712   (Y': 18.4216   Cb: 15.5014   Cr: 18.3772 )
00000767: 17.8094   (Y': 18.4293   Cb: 15.5836   Cr: 18.451  )
00000768: 17.8343   (Y': 18.4497   Cb: 15.6047   Cr: 18.5019 )
00000769: 17.8151   (Y': 18.4358   Cb: 15.5657   Cr: 18.4996 )
00000770: 17.6627   (Y': 18.228    Cb: 15.4779   Cr: 18.4487 )
00000771: 17.6214   (Y': 18.1929   Cb: 15.4314   Cr: 18.3916 )
00000772: 17.5659   (Y': 18.1155   Cb: 15.4077   Cr: 18.3657 )
00000773: 17.5872   (Y': 18.1282   Cb: 15.4288   Cr: 18.4239 )
00000774: 17.6489   (Y': 18.2146   Cb: 15.4407   Cr: 18.4799 )
00000775: 17.7612   (Y': 18.3505   Cb: 15.5344   Cr: 18.53   )
00000776: 17.8308   (Y': 18.4551   Cb: 15.5711   Cr: 18.5212 )
00000777: 17.7859   (Y': 18.3951   Cb: 15.552    Cr: 18.4872 )
00000778: 17.7802   (Y': 18.4062   Cb: 15.5599   Cr: 18.3871 )
00000779: 17.7484   (Y': 18.4121   Cb: 15.4818   Cr: 18.2953 )
00000780: 17.7021   (Y': 18.3855   Cb: 15.4163   Cr: 18.2097 )
00000781: 17.6329   (Y': 18.3918   Cb: 15.2188   Cr: 18.1006 )
00000782: 17.489    (Y': 18.2683   Cb: 15.0669   Cr: 17.8964 )
00000783: 17.4004   (Y': 18.1336   Cb: 15.0481   Cr: 17.8458 )
00000784: 17.2813   (Y': 18.0302   Cb: 14.9126   Cr: 17.6996 )
00000785: 17.2733   (Y': 18.0618   Cb: 14.8311   Cr: 17.6858 )
00000786: 17.3321   (Y': 18.152    Cb: 14.8635   Cr: 17.6812 )
00000787: 17.4364   (Y': 18.219    Cb: 14.9867   Cr: 17.8852 )
00000788: 17.533    (Y': 18.2876   Cb: 15.1261   Cr: 18.0029 )
00000789: 17.6896   (Y': 18.4083   Cb: 15.3107   Cr: 18.2415 )
00000790: 17.7972   (Y': 18.4616   Cb: 15.5231   Cr: 18.356  )
00000791: 17.8512   (Y': 18.4992   Cb: 15.5713   Cr: 18.4859 )
00000792: 17.8772   (Y': 18.5148   Cb: 15.6039   Cr: 18.5407 )
00000793: 17.8068   (Y': 18.4598   Cb: 15.5537   Cr: 18.3699 )
00000794: 17.7764   (Y': 18.3903   Cb: 15.5503   Cr: 18.4431 )
00000795: 17.7816   (Y': 18.3946   Cb: 15.5276   Cr: 18.5073 )
00000796: 17.7679   (Y': 18.3649   Cb: 15.4951   Cr: 18.5978 )
00000797: 17.762    (Y': 18.3444   Cb: 15.4932   Cr: 18.6457 )
00000798: 17.6275   (Y': 18.1539   Cb: 15.4783   Cr: 18.509  )
00000799: 17.5526   (Y': 18.0748   Cb: 15.4241   Cr: 18.4106 )
00000800: 17.6841   (Y': 18.257    Cb: 15.484    Cr: 18.4686 )
00000801: 17.7286   (Y': 18.3278   Cb: 15.4667   Cr: 18.5265 )
00000802: 17.7358   (Y': 18.3374   Cb: 15.4591   Cr: 18.5547 )
00000803: 17.706    (Y': 18.2635   Cb: 15.5109   Cr: 18.5461 )
00000804: 17.7189   (Y': 18.2998   Cb: 15.5315   Cr: 18.4447 )
00000805: 17.7744   (Y': 18.394    Cb: 15.5598   Cr: 18.3958 )
00000806: 17.8346   (Y': 18.4989   Cb: 15.5534   Cr: 18.4072 )
00000807: 17.8653   (Y': 18.5135   Cb: 15.6134   Cr: 18.4449 )
00000808: 17.7858   (Y': 18.4714   Cb: 15.4953   Cr: 18.2939 )
00000809: 17.6852   (Y': 18.4548   Cb: 15.2759   Cr: 18.1042 )
00000810: 17.5718   (Y': 18.3431   Cb: 15.179    Cr: 17.9527 )
00000811: 17.562    (Y': 18.3346   Cb: 15.1631   Cr: 17.9496 )
00000812: 17.4808   (Y': 18.2284   Cb: 15.1294   Cr: 17.8712 )
00000813: 17.4422   (Y': 18.1482   Cb: 15.1467   Cr: 17.8824 )
00000814: 17.5016   (Y': 18.1692   Cb: 15.2418   Cr: 18.0208 )
00000815: 17.6108   (Y': 18.2709   Cb: 15.3748   Cr: 18.1139 )
00000816: 17.7159   (Y': 18.346    Cb: 15.4875   Cr: 18.3223 )
00000817: 17.6838   (Y': 18.3039   Cb: 15.4772   Cr: 18.2882 )
00000818: 17.5731   (Y': 18.1494   Cb: 15.4696   Cr: 18.1577 )
00000819: 17.6375   (Y': 18.2122   Cb: 15.5199   Cr: 18.2552 )
00000820: 17.6676   (Y': 18.2356   Cb: 15.5302   Cr: 18.3506 )
00000821: 17.6601   (Y': 18.2367   Cb: 15.4882   Cr: 18.3735 )
00000822: 17.7034   (Y': 18.2825   Cb: 15.5177   Cr: 18.4342 )
00000823: 17.6279   (Y': 18.2173   Cb: 15.4404   Cr: 18.3193 )
00000824: 17.6459   (Y': 18.204    Cb: 15.5075   Cr: 18.3711 )
00000825: 17.5986   (Y': 18.1411   Cb: 15.5011   Cr: 18.3104 )
00000826: 17.5852   (Y': 18.1337   Cb: 15.4812   Cr: 18.2843 )
00000827: 17.6728   (Y': 18.2409   Cb: 15.5132   Cr: 18.3982 )
00000828: 17.7045   (Y': 18.2533   Cb: 15.5953   Cr: 18.4128 )
00000829: 17.7156   (Y': 18.2906   Cb: 15.5543   Cr: 18.4153 )
00000830: 17.7338   (Y': 18.3237   Cb: 15.5759   Cr: 18.3661 )
00000831: 17.7378   (Y': 18.3571   Cb: 15.5022   Cr: 18.4011 )
00000832: 17.641    (Y': 18.2365   Cb: 15.466    Cr: 18.2835 )
00000833: 17.524    (Y': 18.0887   Cb: 15.4115   Cr: 18.1728 )
00000834: 17.3892   (Y': 17.9604   Cb: 15.2876   Cr: 17.9915 )
00000835: 17.3209   (Y': 17.8396   Cb: 15.3164   Cr: 17.9572 )
00000836: 17.4434   (Y': 18.0124   Cb: 15.3573   Cr: 18.0253 )
00000837: 17.6335   (Y': 18.2552   Cb: 15.4434   Cr: 18.2003 )
00000838: 17.7238   (Y': 18.3483   Cb: 15.5174   Cr: 18.31   )
00000839: 17.8214   (Y': 18.4406   Cb: 15.5937   Cr: 18.4694 )
00000840: 17.7934   (Y': 18.3966   Cb: 15.5724   Cr: 18.4935 )
00000841: 17.7729   (Y': 18.384    Cb: 15.5424   Cr: 18.4595 )
00000842: 17.7645   (Y': 18.3662   Cb: 15.5339   Cr: 18.4897 )
00000843: 17.7794   (Y': 18.3588   Cb: 15.6002   Cr: 18.496  )
00000844: 17.8173   (Y': 18.435    Cb: 15.5644   Cr: 18.5211 )
00000845: 17.8405   (Y': 18.4726   Cb: 15.5662   Cr: 18.5278 )
00000846: 17.8251   (Y': 18.4307   Cb: 15.572    Cr: 18.5788 )
00000847: 17.6333   (Y': 18.1652   Cb: 15.4974   Cr: 18.4646 )
00000849: 17.4301   (Y': 17.8876   Cb: 15.3492   Cr: 18.4801 )
00000848: 17.337    (Y': 17.7862   Cb: 15.3292   Cr: 18.2769 )
00000850: 17.4866   (Y': 17.9696   Cb: 15.3912   Cr: 18.4507 )
00000851: 17.5584   (Y': 18.1143   Cb: 15.3487   Cr: 18.435  )
00000852: 17.5631   (Y': 18.0823   Cb: 15.4442   Cr: 18.4154 )
00000853: 17.6253   (Y': 18.1646   Cb: 15.4867   Cr: 18.43   )
00000854: 17.7237   (Y': 18.2963   Cb: 15.5004   Cr: 18.5557 )
00000855: 17.761    (Y': 18.3522   Cb: 15.5327   Cr: 18.5254 )
00000856: 17.7508   (Y': 18.3396   Cb: 15.5443   Cr: 18.4819 )
00000857: 17.7365   (Y': 18.323    Cb: 15.502    Cr: 18.5328 )
00000858: 17.6751   (Y': 18.2584   Cb: 15.483    Cr: 18.4007 )
00000859: 17.6514   (Y': 18.2033   Cb: 15.5366   Cr: 18.3573 )
00000860: 17.6227   (Y': 18.174    Cb: 15.4951   Cr: 18.356  )
00000861: 17.5966   (Y': 18.1555   Cb: 15.4599   Cr: 18.3156 )
00000862: 17.6506   (Y': 18.2839   Cb: 15.4284   Cr: 18.2325 )
00000863: 17.6385   (Y': 18.2591   Cb: 15.4498   Cr: 18.2064 )
00000864: 17.5524   (Y': 18.1543   Cb: 15.392    Cr: 18.1415 )
00000865: 17.4847   (Y': 18.0805   Cb: 15.3421   Cr: 18.0647 )
00000866: 17.3769   (Y': 17.9261   Cb: 15.3231   Cr: 17.9796 )
00000867: 17.3623   (Y': 17.916    Cb: 15.2829   Cr: 17.9938 )
00000868: 17.5207   (Y': 18.1373   Cb: 15.3492   Cr: 18.0724 )
00000869: 17.6977   (Y': 18.3236   Cb: 15.5389   Cr: 18.1899 )
00000870: 17.8504   (Y': 18.4659   Cb: 15.6454   Cr: 18.47   )
00000871: 17.9414   (Y': 18.5599   Cb: 15.7082   Cr: 18.6037 )
00000872: 17.9565   (Y': 18.5878   Cb: 15.6809   Cr: 18.6497 )
00000873: 17.9591   (Y': 18.6184   Cb: 15.6098   Cr: 18.6863 )
00000874: 17.9652   (Y': 18.5903   Cb: 15.7154   Cr: 18.6332 )
00000875: 17.8941   (Y': 18.4882   Cb: 15.6065   Cr: 18.7662 )
00000876: 17.8571   (Y': 18.4246   Cb: 15.5942   Cr: 18.7928 )
00000877: 17.7486   (Y': 18.2672   Cb: 15.5492   Cr: 18.7675 )
00000878: 17.4946   (Y': 17.9147   Cb: 15.4565   Cr: 18.6297 )
00000879: 17.4344   (Y': 17.8371   Cb: 15.4219   Cr: 18.599  )
00000880: 17.6286   (Y': 18.1223   Cb: 15.4687   Cr: 18.6773 )
00000881: 17.7587   (Y': 18.2927   Cb: 15.5328   Cr: 18.7649 )
00000882: 18.2088   (Y': 18.8315   Cb: 15.8286   Cr: 19.1534 )
00000883: 18.5222   (Y': 19.1882   Cb: 16.0074   Cr: 19.5769 )
00000884: 18.6307   (Y': 19.3449   Cb: 16.0041   Cr: 19.7343 )
00000885: 18.7247   (Y': 19.4012   Cb: 16.135    Cr: 19.9072 )
00000887: 18.7704   (Y': 19.3952   Cb: 16.2016   Cr: 20.1416 )
00000886: 18.7315   (Y': 19.4136   Cb: 16.1139   Cr: 19.9563 )
00000888: 18.7613   (Y': 19.3673   Cb: 16.1994   Cr: 20.2047 )
00000889: 18.793    (Y': 19.4354   Cb: 16.1738   Cr: 20.2063 )
00000890: 18.7158   (Y': 19.4163   Cb: 16.0925   Cr: 19.8715 )
00000891: 18.6397   (Y': 19.4138   Cb: 15.9476   Cr: 19.6393 )
00000892: 18.652    (Y': 19.4573   Cb: 15.9449   Cr: 19.5569 )
00000893: 18.636    (Y': 19.4386   Cb: 15.9208   Cr: 19.5711 )
00000894: 18.6466   (Y': 19.4542   Cb: 15.8987   Cr: 19.6374 )
00000895: 18.658    (Y': 19.4494   Cb: 15.9866   Cr: 19.5387 )
00000896: 18.7028   (Y': 19.4243   Cb: 16.0793   Cr: 19.7669 )
00000897: 18.7087   (Y': 19.4246   Cb: 16.1293   Cr: 19.6949 )
00000898: 18.6949   (Y': 19.4249   Cb: 16.142    Cr: 19.563  )
00000899: 18.7518   (Y': 19.4744   Cb: 16.0915   Cr: 19.8982 )
00000900: 18.7752   (Y': 19.4084   Cb: 16.1695   Cr: 20.1984 )
00000901: 18.7562   (Y': 19.3851   Cb: 16.1814   Cr: 20.1226 )
00000902: 18.6618   (Y': 19.2774   Cb: 16.1227   Cr: 20.0029 )
00000903: 18.6381   (Y': 19.2517   Cb: 16.065    Cr: 20.0737 )
00000904: 18.6051   (Y': 19.2057   Cb: 16.0157   Cr: 20.1461 )
00000905: 18.6285   (Y': 19.2214   Cb: 15.9877   Cr: 20.3451 )
00000906: 18.7624   (Y': 19.2872   Cb: 16.2599   Cr: 20.4631 )
00000907: 18.7554   (Y': 19.2875   Cb: 16.2451   Cr: 20.4385 )
00000908: 18.7088   (Y': 19.1666   Cb: 16.2748   Cr: 20.5882 )
00000909: 18.6588   (Y': 19.1294   Cb: 16.204    Cr: 20.5241 )
00000910: 18.7029   (Y': 19.1824   Cb: 16.2252   Cr: 20.5808 )
00000911: 18.6856   (Y': 19.1366   Cb: 16.2846   Cr: 20.5141 )
00000912: 18.5948   (Y': 19.1144   Cb: 16.0949   Cr: 20.3157 )
00000913: 18.4893   (Y': 19.0695   Cb: 15.9443   Cr: 20.0168 )
00000914: 18.5178   (Y': 19.1471   Cb: 15.9139   Cr: 19.955  )
00000915: 18.8358   (Y': 19.3303   Cb: 16.5022   Cr: 20.268  )
00000916: 18.9101   (Y': 19.4322   Cb: 16.5689   Cr: 20.2255 )
00000917: 18.9552   (Y': 19.4597   Cb: 16.6412   Cr: 20.2925 )
00000918: 18.7185   (Y': 19.4232   Cb: 16.037    Cr: 19.9968 )
00000919: 18.7438   (Y': 19.3944   Cb: 16.1541   Cr: 20.0446 )
00000920: 18.7734   (Y': 19.4505   Cb: 16.1771   Cr: 19.9695 )
00000921: 18.7406   (Y': 19.4271   Cb: 16.1486   Cr: 19.8841 )
00000922: 18.6146   (Y': 19.418    Cb: 16.0215   Cr: 19.2761 )
00000923: 18.5132   (Y': 19.3668   Cb: 15.8194   Cr: 19.1966 )
00000924: 18.3875   (Y': 19.2576   Cb: 15.7477   Cr: 18.8947 )
00000925: 18.2533   (Y': 19.1578   Cb: 15.628    Cr: 18.6076 )
00000927: 17.5325   (Y': 18.219    Cb: 15.268    Cr: 17.9879 )
00000926: 17.8602   (Y': 18.6677   Cb: 15.4012   Cr: 18.236  )
00000928: 17.2668   (Y': 17.9074   Cb: 15.0526   Cr: 17.8043 )
00000929: 17.2472   (Y': 17.8677   Cb: 15.0887   Cr: 17.7594 )
00000930: 17.2216   (Y': 17.8269   Cb: 15.0865   Cr: 17.75   )
00000931: 17.1665   (Y': 17.7387   Cb: 15.0853   Cr: 17.7271 )
00000932: 17.2007   (Y': 17.7705   Cb: 15.1281   Cr: 17.7545 )
00000933: 17.1942   (Y': 17.781    Cb: 15.1155   Cr: 17.6922 )
00000935: 17.1702   (Y': 17.7222   Cb: 15.135    Cr: 17.7271 )
00000934: 17.1719   (Y': 17.7396   Cb: 15.1005   Cr: 17.7323 )
00000936: 17.1705   (Y': 17.7414   Cb: 15.1004   Cr: 17.7152 )
00000937: 17.1585   (Y': 17.7051   Cb: 15.1053   Cr: 17.7702 )
00000938: 17.1552   (Y': 17.7148   Cb: 15.1107   Cr: 17.6986 )
00000939: 17.1468   (Y': 17.7214   Cb: 15.0821   Cr: 17.6672 )
00000940: 17.1639   (Y': 17.7182   Cb: 15.128    Cr: 17.713  )
00000941: 17.154    (Y': 17.7364   Cb: 15.0681   Cr: 17.6825 )
00000942: 17.1441   (Y': 17.7134   Cb: 15.0882   Cr: 17.6696 )
00000943: 17.1447   (Y': 17.7244   Cb: 15.0672   Cr: 17.6683 )
00000944: 17.1539   (Y': 17.7118   Cb: 15.1171   Cr: 17.6903 )
00000945: 17.1572   (Y': 17.7129   Cb: 15.1138   Cr: 17.7145 )
00000946: 17.1778   (Y': 17.7489   Cb: 15.1279   Cr: 17.6853 )
00000947: 17.1552   (Y': 17.7398   Cb: 15.0695   Cr: 17.675  )
00000948: 17.1648   (Y': 17.7289   Cb: 15.0996   Cr: 17.7279 )
00000949: 17.151    (Y': 17.7244   Cb: 15.0849   Cr: 17.6792 )
00000950: 17.1543   (Y': 17.7157   Cb: 15.0926   Cr: 17.722  )
00000951: 17.1497   (Y': 17.7252   Cb: 15.0735   Cr: 17.6879 )
00000952: 17.1623   (Y': 17.7552   Cb: 15.0508   Cr: 17.6958 )
00000953: 17.1722   (Y': 17.7716   Cb: 15.08     Cr: 17.6452 )
00000954: 17.1759   (Y': 17.7494   Cb: 15.0672   Cr: 17.7817 )
00000955: 17.1456   (Y': 17.7309   Cb: 15.059    Cr: 17.6641 )
00000957: 17.1576   (Y': 17.7463   Cb: 15.0356   Cr: 17.728  )
00000956: 17.1268   (Y': 17.7213   Cb: 15.0194   Cr: 17.6469 )
00000958: 17.1356   (Y': 17.7532   Cb: 15.0095   Cr: 17.5995 )
Total: 17.5161   (Y': 18.0651   Cb: 15.4075   Cr: 18.2218 )
