00000000: 37.4581   (Y': INF       Cb: 32.6869   Cr: 32.6869 )
00000002: 16.2058   (Y': 17.6532   Cb: 14.0024   Cr: 14.5243 )
00000001: 16.3973   (Y': 17.7682   Cb: 14.3099   Cr: 14.7372 )
00000004: 16.1702   (Y': 17.585    Cb: 13.9973   Cr: 14.5185 )
00000007: 16.505    (Y': 17.8968   Cb: 14.3573   Cr: 14.8702 )
00000005: 16.519    (Y': 17.8782   Cb: 14.3869   Cr: 14.932  )
00000006: 16.4938   (Y': 17.8581   Cb: 14.3885   Cr: 14.8663 )
00000003: 16.2216   (Y': 17.6776   Cb: 14.0096   Cr: 14.5329 )
00000008: 16.451    (Y': 17.8718   Cb: 14.2889   Cr: 14.7748 )
00000010: 16.5103   (Y': 17.867    Cb: 14.3401   Cr: 14.9721 )
00000009: 16.4506   (Y': 17.8574   Cb: 14.2599   Cr: 14.8347 )
00000014: 16.4876   (Y': 17.8737   Cb: 14.2908   Cr: 14.9203 )
00000015: 16.4869   (Y': 17.878    Cb: 14.2868   Cr: 14.9134 )
00000012: 16.4749   (Y': 17.8481   Cb: 14.2915   Cr: 14.9184 )
00000011: 16.5024   (Y': 17.8551   Cb: 14.3297   Cr: 14.9753 )
00000013: 16.5143   (Y': 17.886    Cb: 14.3406   Cr: 14.9497 )
00000016: 16.4987   (Y': 17.8907   Cb: 14.2849   Cr: 14.939  )
00000017: 16.5018   (Y': 17.9102   Cb: 14.2655   Cr: 14.9352 )
00000018: 16.4745   (Y': 17.8374   Cb: 14.315    Cr: 14.9113 )
00000019: 16.4726   (Y': 17.8568   Cb: 14.2826   Cr: 14.9011 )
00000020: 16.5101   (Y': 17.906    Cb: 14.2991   Cr: 14.9394 )
00000021: 16.4621   (Y': 17.8721   Cb: 14.2382   Cr: 14.8779 )
00000022: 16.5048   (Y': 17.8852   Cb: 14.2857   Cr: 14.975  )
00000023: 16.4933   (Y': 17.8836   Cb: 14.3047   Cr: 14.908  )
00000024: 16.4928   (Y': 17.8935   Cb: 14.276    Cr: 14.9192 )
00000025: 16.4725   (Y': 17.8625   Cb: 14.2789   Cr: 14.8937 )
00000026: 16.4976   (Y': 17.8702   Cb: 14.2963   Cr: 14.9631 )
00000028: 16.4917   (Y': 17.8626   Cb: 14.3108   Cr: 14.9368 )
00000027: 16.4899   (Y': 17.8716   Cb: 14.2757   Cr: 14.9519 )
00000029: 16.4976   (Y': 17.9045   Cb: 14.2789   Cr: 14.9136 )
00000031: 16.5024   (Y': 17.8786   Cb: 14.3085   Cr: 14.9518 )
00000030: 16.5089   (Y': 17.8885   Cb: 14.3039   Cr: 14.9645 )
00000032: 16.5034   (Y': 17.8761   Cb: 14.3128   Cr: 14.9561 )
00000034: 16.5141   (Y': 17.8758   Cb: 14.3436   Cr: 14.9663 )
00000033: 16.5056   (Y': 17.8817   Cb: 14.3094   Cr: 14.9577 )
00000036: 16.4927   (Y': 17.8472   Cb: 14.3132   Cr: 14.9699 )
00000035: 16.4897   (Y': 17.8752   Cb: 14.2821   Cr: 14.9362 )
00000037: 16.497    (Y': 17.8611   Cb: 14.3279   Cr: 14.9424 )
00000038: 16.494    (Y': 17.8615   Cb: 14.3394   Cr: 14.9159 )
00000039: 16.4955   (Y': 17.8708   Cb: 14.3202   Cr: 14.9252 )
00000040: 16.4981   (Y': 17.8808   Cb: 14.3222   Cr: 14.9135 )
00000041: 16.4726   (Y': 17.8378   Cb: 14.2872   Cr: 14.9348 )
00000042: 16.5179   (Y': 17.8696   Cb: 14.3268   Cr: 15.0145 )
00000043: 16.4734   (Y': 17.8254   Cb: 14.3137   Cr: 14.933  )
00000044: 16.4744   (Y': 17.8645   Cb: 14.2911   Cr: 14.8832 )
00000045: 16.4892   (Y': 17.8651   Cb: 14.3004   Cr: 14.9333 )
00000046: 16.4884   (Y': 17.8631   Cb: 14.3375   Cr: 14.8917 )
00000047: 16.537    (Y': 17.898    Cb: 14.3787   Cr: 14.9762 )
00000048: 16.484    (Y': 17.8691   Cb: 14.2822   Cr: 14.9245 )
00000049: 16.534    (Y': 17.8893   Cb: 14.375    Cr: 14.9859 )
00000050: 16.5003   (Y': 17.8596   Cb: 14.3653   Cr: 14.9166 )
00000051: 16.4887   (Y': 17.8649   Cb: 14.2742   Cr: 14.9623 )
00000052: 16.5049   (Y': 17.8639   Cb: 14.3532   Cr: 14.9408 )
00000054: 16.5089   (Y': 17.856    Cb: 14.364    Cr: 14.9612 )
00000053: 16.5123   (Y': 17.8869   Cb: 14.3495   Cr: 14.9292 )
00000055: 16.4988   (Y': 17.8707   Cb: 14.3108   Cr: 14.9502 )
00000057: 16.5158   (Y': 17.8734   Cb: 14.3394   Cr: 14.9832 )
00000056: 16.5044   (Y': 17.885    Cb: 14.3285   Cr: 14.9242 )
00000058: 16.4922   (Y': 17.8864   Cb: 14.275    Cr: 14.9321 )
00000059: 16.5152   (Y': 17.9117   Cb: 14.2824   Cr: 14.9687 )
00000060: 16.5094   (Y': 17.8824   Cb: 14.3209   Cr: 14.959  )
00000061: 16.4979   (Y': 17.8633   Cb: 14.3494   Cr: 14.917  )
00000062: 16.5029   (Y': 17.9077   Cb: 14.2787   Cr: 14.9295 )
00000063: 16.4986   (Y': 17.8617   Cb: 14.3137   Cr: 14.9643 )
00000064: 16.4942   (Y': 17.862    Cb: 14.3197   Cr: 14.9381 )
00000065: 16.4859   (Y': 17.8849   Cb: 14.273    Cr: 14.9112 )
00000066: 16.5051   (Y': 17.873    Cb: 14.3428   Cr: 14.9351 )
00000067: 16.5008   (Y': 17.8567   Cb: 14.3412   Cr: 14.9522 )
00000068: 16.509    (Y': 17.8838   Cb: 14.3162   Cr: 14.9599 )
00000069: 16.499    (Y': 17.8684   Cb: 14.3244   Cr: 14.94   )
00000070: 16.5139   (Y': 17.8942   Cb: 14.3251   Cr: 14.9491 )
00000071: 16.4939   (Y': 17.8715   Cb: 14.2981   Cr: 14.9428 )
00000072: 16.5011   (Y': 17.8881   Cb: 14.2904   Cr: 14.948  )
00000073: 16.4876   (Y': 17.8539   Cb: 14.3309   Cr: 14.9144 )
00000074: 16.5098   (Y': 17.8897   Cb: 14.3244   Cr: 14.9418 )
00000075: 16.4834   (Y': 17.8587   Cb: 14.3084   Cr: 14.9128 )
00000076: 16.4951   (Y': 17.8699   Cb: 14.3261   Cr: 14.9189 )
00000078: 16.4979   (Y': 17.8592   Cb: 14.3252   Cr: 14.9533 )
00000077: 16.4831   (Y': 17.8698   Cb: 14.2614   Cr: 14.9434 )
00000079: 16.4844   (Y': 17.8385   Cb: 14.3181   Cr: 14.9471 )
00000080: 16.504    (Y': 17.8721   Cb: 14.375    Cr: 14.8956 )
00000081: 16.4942   (Y': 17.8682   Cb: 14.3115   Cr: 14.9349 )
00000082: 16.5138   (Y': 17.8649   Cb: 14.3263   Cr: 15.0075 )
00000083: 16.5342   (Y': 17.8766   Cb: 14.3976   Cr: 14.9869 )
00000084: 16.5278   (Y': 17.8808   Cb: 14.3588   Cr: 14.996  )
00000085: 16.5087   (Y': 17.867    Cb: 14.3173   Cr: 14.9921 )
00000086: 16.527    (Y': 17.8818   Cb: 14.3827   Cr: 14.963  )
00000087: 16.5412   (Y': 17.8775   Cb: 14.3941   Cr: 15.0186 )
00000088: 16.5291   (Y': 17.8536   Cb: 14.3475   Cr: 15.0714 )
00000090: 16.5036   (Y': 17.8463   Cb: 14.3246   Cr: 15.0049 )
00000089: 16.5033   (Y': 17.8564   Cb: 14.348    Cr: 14.9556 )
00000091: 16.5278   (Y': 17.876    Cb: 14.3951   Cr: 14.9641 )
00000092: 16.5207   (Y': 17.8567   Cb: 14.3769   Cr: 14.9949 )
00000093: 16.5111   (Y': 17.8844   Cb: 14.3555   Cr: 14.9225 )
00000094: 16.4844   (Y': 17.8445   Cb: 14.3436   Cr: 14.9056 )
00000095: 16.528    (Y': 17.8685   Cb: 14.3604   Cr: 15.0204 )
00000096: 16.5066   (Y': 17.8488   Cb: 14.3374   Cr: 14.9974 )
00000098: 16.5311   (Y': 17.881    Cb: 14.364    Cr: 15.0033 )
00000097: 16.5096   (Y': 17.8413   Cb: 14.364    Cr: 14.9947 )
00000099: 16.4361   (Y': 17.7652   Cb: 14.4184   Cr: 14.783  )
00000100: 16.454    (Y': 17.8245   Cb: 14.3728   Cr: 14.7879 )
00000101: 16.3886   (Y': 17.7505   Cb: 14.2977   Cr: 14.7504 )
00000103: 16.4518   (Y': 17.7971   Cb: 14.309    Cr: 14.9057 )
00000102: 16.4694   (Y': 17.8128   Cb: 14.3319   Cr: 14.9212 )
00000104: 16.4941   (Y': 17.8193   Cb: 14.3406   Cr: 15.0019 )
00000105: 16.4762   (Y': 17.8269   Cb: 14.3066   Cr: 14.9497 )
00000106: 16.4736   (Y': 17.8139   Cb: 14.3227   Cr: 14.9468 )
00000107: 16.4966   (Y': 17.8353   Cb: 14.3205   Cr: 15.0024 )
00000108: 16.4714   (Y': 17.8021   Cb: 14.3121   Cr: 14.9745 )
00000110: 16.4957   (Y': 17.8424   Cb: 14.3019   Cr: 15.0059 )
00000109: 16.476    (Y': 17.8207   Cb: 14.2873   Cr: 14.9844 )
00000111: 16.4724   (Y': 17.7993   Cb: 14.3046   Cr: 14.9933 )
00000112: 16.4655   (Y': 17.7979   Cb: 14.3167   Cr: 14.9527 )
00000113: 16.4768   (Y': 17.7917   Cb: 14.3454   Cr: 14.9805 )
00000114: 16.4726   (Y': 17.8217   Cb: 14.2907   Cr: 14.9639 )
00000115: 16.5176   (Y': 17.8616   Cb: 14.3374   Cr: 15.0171 )
00000116: 16.5336   (Y': 17.8454   Cb: 14.4      Cr: 15.0462 )
00000117: 16.5068   (Y': 17.8566   Cb: 14.3476   Cr: 14.9702 )
00000119: 16.4906   (Y': 17.8405   Cb: 14.3082   Cr: 14.9807 )
00000118: 16.5032   (Y': 17.8469   Cb: 14.3302   Cr: 14.9951 )
00000120: 16.4765   (Y': 17.8088   Cb: 14.3048   Cr: 14.9906 )
00000121: 16.5243   (Y': 17.8483   Cb: 14.3219   Cr: 15.0924 )
00000122: 16.5475   (Y': 17.9138   Cb: 14.3401   Cr: 15.0331 )
00000124: 16.5289   (Y': 17.8813   Cb: 14.3799   Cr: 14.9749 )
00000123: 16.5082   (Y': 17.8693   Cb: 14.2896   Cr: 15.0177 )
00000126: 16.5015   (Y': 17.843    Cb: 14.348    Cr: 14.9754 )
00000127: 16.4846   (Y': 17.8561   Cb: 14.2942   Cr: 14.9397 )
00000125: 16.4998   (Y': 17.86     Cb: 14.3057   Cr: 14.9825 )
00000128: 16.4731   (Y': 17.828    Cb: 14.3032   Cr: 14.9382 )
00000129: 16.4695   (Y': 17.8132   Cb: 14.3128   Cr: 14.9424 )
00000131: 16.4774   (Y': 17.8426   Cb: 14.2785   Cr: 14.9551 )
00000130: 16.4611   (Y': 17.8322   Cb: 14.3012   Cr: 14.8818 )
00000132: 16.4836   (Y': 17.8513   Cb: 14.3106   Cr: 14.9261 )
00000133: 16.4938   (Y': 17.8468   Cb: 14.3556   Cr: 14.9265 )
00000134: 16.4896   (Y': 17.8483   Cb: 14.3151   Cr: 14.9523 )
00000135: 16.4957   (Y': 17.8405   Cb: 14.3319   Cr: 14.9747 )
00000136: 16.4846   (Y': 17.8282   Cb: 14.3368   Cr: 14.9479 )
00000137: 16.4687   (Y': 17.803    Cb: 14.3196   Cr: 14.9526 )
00000140: 16.4762   (Y': 17.8209   Cb: 14.3355   Cr: 14.9288 )
00000138: 16.4549   (Y': 17.8114   Cb: 14.2703   Cr: 14.9339 )
00000139: 16.4603   (Y': 17.7972   Cb: 14.306    Cr: 14.9448 )
00000141: 16.4655   (Y': 17.8212   Cb: 14.3113   Cr: 14.9112 )
00000142: 16.4642   (Y': 17.8036   Cb: 14.3213   Cr: 14.9304 )
00000143: 16.4496   (Y': 17.796    Cb: 14.2764   Cr: 14.9363 )
00000144: 16.47     (Y': 17.8027   Cb: 14.3049   Cr: 14.9755 )
00000145: 16.4755   (Y': 17.8251   Cb: 14.3527   Cr: 14.8976 )
00000146: 16.4383   (Y': 17.7911   Cb: 14.2231   Cr: 14.9609 )
00000147: 16.4562   (Y': 17.8084   Cb: 14.2811   Cr: 14.9331 )
00000148: 16.4647   (Y': 17.8107   Cb: 14.3137   Cr: 14.9263 )
00000150: 16.5454   (Y': 17.905    Cb: 14.3673   Cr: 15.0104 )
00000149: 16.4928   (Y': 17.8522   Cb: 14.308    Cr: 14.9662 )
00000151: 16.5213   (Y': 17.8732   Cb: 14.3368   Cr: 15.0098 )
00000152: 16.5015   (Y': 17.8419   Cb: 14.3519   Cr: 14.9732 )
00000153: 16.4842   (Y': 17.8225   Cb: 14.318    Cr: 14.9796 )
00000155: 16.48     (Y': 17.7835   Cb: 14.3362   Cr: 15.0222 )
00000154: 16.4917   (Y': 17.8086   Cb: 14.343    Cr: 15.0116 )
00000156: 16.4453   (Y': 17.777    Cb: 14.3013   Cr: 14.9288 )
00000157: 16.4424   (Y': 17.7687   Cb: 14.2596   Cr: 14.9822 )
00000158: 16.4296   (Y': 17.7831   Cb: 14.2763   Cr: 14.8784 )
00000159: 16.3943   (Y': 17.7249   Cb: 14.2589   Cr: 14.8699 )
00000160: 16.4875   (Y': 17.7731   Cb: 14.3888   Cr: 15.015  )
00000161: 16.4908   (Y': 17.797    Cb: 14.338    Cr: 15.0377 )
00000163: 16.5171   (Y': 17.8313   Cb: 14.3524   Cr: 15.0613 )
00000162: 16.4933   (Y': 17.7839   Cb: 14.3875   Cr: 15.0185 )
00000164: 16.5044   (Y': 17.8246   Cb: 14.3687   Cr: 15.0021 )
00000165: 16.5177   (Y': 17.8583   Cb: 14.3558   Cr: 15.0035 )
00000167: 16.5126   (Y': 17.8266   Cb: 14.3737   Cr: 15.027  )
00000166: 16.4961   (Y': 17.8372   Cb: 14.3292   Cr: 14.9864 )
00000168: 16.4742   (Y': 17.7954   Cb: 14.3356   Cr: 14.9728 )
00000169: 16.4953   (Y': 17.819    Cb: 14.3349   Cr: 15.0141 )
00000171: 16.4898   (Y': 17.8107   Cb: 14.321    Cr: 15.0245 )
00000172: 16.4897   (Y': 17.8203   Cb: 14.3562   Cr: 14.9632 )
00000173: 16.4899   (Y': 17.8204   Cb: 14.3235   Cr: 15.0015 )
00000175: 16.4934   (Y': 17.803    Cb: 14.3442   Cr: 15.0289 )
00000170: 16.4783   (Y': 17.7981   Cb: 14.3153   Cr: 15.0085 )
00000174: 16.4962   (Y': 17.8098   Cb: 14.3504   Cr: 15.0193 )
00000176: 16.4862   (Y': 17.823    Cb: 14.3202   Cr: 14.9842 )
00000177: 16.4788   (Y': 17.7855   Cb: 14.3715   Cr: 14.9718 )
00000178: 16.4972   (Y': 17.802    Cb: 14.3678   Cr: 15.0199 )
00000179: 16.4997   (Y': 17.813    Cb: 14.34     Cr: 15.0397 )
00000180: 16.4886   (Y': 17.8205   Cb: 14.3029   Cr: 15.0202 )
00000181: 16.504    (Y': 17.8014   Cb: 14.3633   Cr: 15.0557 )
00000182: 16.492    (Y': 17.8124   Cb: 14.3225   Cr: 15.0285 )
00000183: 16.4925   (Y': 17.8271   Cb: 14.3017   Cr: 15.0243 )
00000184: 16.5182   (Y': 17.8245   Cb: 14.3798   Cr: 15.0482 )
00000185: 16.5076   (Y': 17.8301   Cb: 14.3547   Cr: 15.0203 )
00000186: 16.5214   (Y': 17.8747   Cb: 14.3441   Cr: 14.9985 )
00000187: 16.4969   (Y': 17.8383   Cb: 14.3249   Cr: 14.9926 )
00000188: 16.5152   (Y': 17.8568   Cb: 14.3597   Cr: 14.9911 )
00000189: 16.4959   (Y': 17.8226   Cb: 14.3596   Cr: 14.9804 )
00000190: 16.5016   (Y': 17.8337   Cb: 14.3305   Cr: 15.0153 )
00000191: 16.534    (Y': 17.8658   Cb: 14.3645   Cr: 15.0467 )
00000192: 16.5407   (Y': 17.8811   Cb: 14.3568   Cr: 15.0526 )
00000193: 16.4984   (Y': 17.8394   Cb: 14.3321   Cr: 14.9882 )
00000194: 16.51     (Y': 17.8239   Cb: 14.3643   Cr: 15.0323 )
00000195: 16.5231   (Y': 17.8646   Cb: 14.3451   Cr: 15.0254 )
00000196: 16.5065   (Y': 17.8157   Cb: 14.3422   Cr: 15.0607 )
00000197: 16.5171   (Y': 17.8538   Cb: 14.3552   Cr: 15.0109 )
00000199: 16.517    (Y': 17.8431   Cb: 14.3458   Cr: 15.0434 )
00000198: 16.5068   (Y': 17.8237   Cb: 14.3447   Cr: 15.0419 )
00000200: 16.4994   (Y': 17.8448   Cb: 14.3096   Cr: 15.0073 )
00000201: 16.4739   (Y': 17.8118   Cb: 14.33     Cr: 14.944  )
00000202: 16.4847   (Y': 17.8188   Cb: 14.2972   Cr: 15.0136 )
00000203: 16.5241   (Y': 17.8405   Cb: 14.3742   Cr: 15.0463 )
00000204: 16.5074   (Y': 17.8394   Cb: 14.348    Cr: 15.0079 )
00000205: 16.5127   (Y': 17.8346   Cb: 14.3625   Cr: 15.0237 )
00000206: 16.4926   (Y': 17.801    Cb: 14.3852   Cr: 14.9825 )
00000207: 16.5002   (Y': 17.8363   Cb: 14.2997   Cr: 15.0405 )
00000208: 16.5146   (Y': 17.8614   Cb: 14.3624   Cr: 14.976  )
00000209: 16.5238   (Y': 17.8734   Cb: 14.3491   Cr: 15.0053 )
00000210: 16.5046   (Y': 17.8298   Cb: 14.3297   Cr: 15.0377 )
00000211: 16.4996   (Y': 17.8092   Cb: 14.3712   Cr: 15.0108 )
00000212: 16.4934   (Y': 17.8256   Cb: 14.3363   Cr: 14.991  )
00000213: 16.505    (Y': 17.838    Cb: 14.3374   Cr: 15.0131 )
00000214: 16.4966   (Y': 17.8193   Cb: 14.3428   Cr: 15.01   )
00000215: 16.4834   (Y': 17.8091   Cb: 14.3017   Cr: 15.0233 )
00000216: 16.4776   (Y': 17.8179   Cb: 14.3227   Cr: 14.9556 )
00000217: 16.49     (Y': 17.8294   Cb: 14.3222   Cr: 14.985  )
00000219: 16.4799   (Y': 17.8074   Cb: 14.3393   Cr: 14.968  )
00000218: 16.4813   (Y': 17.7985   Cb: 14.3413   Cr: 14.9901 )
00000220: 16.484    (Y': 17.8109   Cb: 14.3298   Cr: 14.9889 )
00000221: 16.4815   (Y': 17.8145   Cb: 14.3138   Cr: 14.9893 )
00000222: 16.4799   (Y': 17.7911   Cb: 14.3451   Cr: 14.9952 )
00000223: 16.4934   (Y': 17.8289   Cb: 14.3315   Cr: 14.9898 )
00000224: 16.4755   (Y': 17.7891   Cb: 14.318    Cr: 15.0123 )
00000225: 16.4988   (Y': 17.8296   Cb: 14.3109   Cr: 15.0353 )
00000226: 16.4827   (Y': 17.8172   Cb: 14.3324   Cr: 14.9677 )
00000227: 16.4824   (Y': 17.8222   Cb: 14.3089   Cr: 14.9832 )
00000228: 16.4805   (Y': 17.795    Cb: 14.3349   Cr: 15.0016 )
00000229: 16.5162   (Y': 17.8229   Cb: 14.3536   Cr: 15.0738 )
00000230: 16.4908   (Y': 17.7998   Cb: 14.3678   Cr: 14.9973 )
00000231: 16.4916   (Y': 17.8131   Cb: 14.3225   Cr: 15.0253 )
00000232: 16.4575   (Y': 17.7874   Cb: 14.3257   Cr: 14.9303 )
00000233: 16.4805   (Y': 17.8005   Cb: 14.362    Cr: 14.9585 )
00000235: 16.4757   (Y': 17.8016   Cb: 14.2744   Cr: 15.0386 )
00000234: 16.5012   (Y': 17.8143   Cb: 14.3989   Cr: 14.9752 )
00000236: 16.4683   (Y': 17.815    Cb: 14.2991   Cr: 14.9499 )
00000237: 16.4698   (Y': 17.7905   Cb: 14.3354   Cr: 14.965  )
00000238: 16.4858   (Y': 17.8207   Cb: 14.333    Cr: 14.9727 )
00000239: 16.4493   (Y': 17.7634   Cb: 14.3051   Cr: 14.9696 )
00000240: 16.4869   (Y': 17.8054   Cb: 14.3501   Cr: 14.989  )
00000241: 16.4685   (Y': 17.7684   Cb: 14.3252   Cr: 15.0177 )
00000242: 16.4764   (Y': 17.7895   Cb: 14.3369   Cr: 14.9934 )
00000243: 16.4795   (Y': 17.8218   Cb: 14.3153   Cr: 14.9643 )
00000244: 16.4876   (Y': 17.8444   Cb: 14.3015   Cr: 14.9678 )
00000245: 16.4998   (Y': 17.8053   Cb: 14.3708   Cr: 15.0205 )
00000246: 16.5058   (Y': 17.8207   Cb: 14.3588   Cr: 15.0277 )
00000247: 16.4721   (Y': 17.8131   Cb: 14.2883   Cr: 14.9823 )
00000248: 16.4891   (Y': 17.8042   Cb: 14.3511   Cr: 15.0001 )
00000249: 16.4566   (Y': 17.777    Cb: 14.3233   Cr: 14.9507 )
00000250: 16.4612   (Y': 17.7881   Cb: 14.3057   Cr: 14.9679 )
00000251: 16.4773   (Y': 17.7969   Cb: 14.339    Cr: 14.9793 )
00000252: 16.4861   (Y': 17.8158   Cb: 14.3128   Cr: 15.008  )
00000253: 16.4611   (Y': 17.7845   Cb: 14.3153   Cr: 14.9636 )
00000254: 16.4777   (Y': 17.8118   Cb: 14.3105   Cr: 14.983  )
00000255: 16.4962   (Y': 17.8165   Cb: 14.3547   Cr: 15.0003 )
00000256: 16.5006   (Y': 17.8453   Cb: 14.3211   Cr: 14.9982 )
00000257: 16.478    (Y': 17.8183   Cb: 14.277    Cr: 15.0101 )
00000258: 16.4795   (Y': 17.7992   Cb: 14.3242   Cr: 15.0009 )
00000259: 16.553    (Y': 17.8945   Cb: 14.3654   Cr: 15.0666 )
00000260: 16.58     (Y': 17.9249   Cb: 14.392    Cr: 15.087  )
00000261: 16.559    (Y': 17.885    Cb: 14.3819   Cr: 15.0928 )
00000262: 16.5653   (Y': 17.9078   Cb: 14.399    Cr: 15.0517 )
00000263: 16.5263   (Y': 17.8486   Cb: 14.3507   Cr: 15.0662 )
00000264: 16.4937   (Y': 17.8042   Cb: 14.355    Cr: 15.0153 )
00000265: 16.4719   (Y': 17.7751   Cb: 14.3535   Cr: 14.9853 )
00000266: 16.497    (Y': 17.8057   Cb: 14.3499   Cr: 15.0321 )
00000267: 16.5265   (Y': 17.8406   Cb: 14.3783   Cr: 15.0517 )
00000268: 16.5967   (Y': 17.9037   Cb: 14.4028   Cr: 15.1908 )
00000269: 16.5627   (Y': 17.903    Cb: 14.3671   Cr: 15.088  )
00000270: 16.4877   (Y': 17.8031   Cb: 14.3224   Cr: 15.0298 )
00000271: 16.4835   (Y': 17.8035   Cb: 14.3218   Cr: 15.0119 )
00000272: 16.4773   (Y': 17.7958   Cb: 14.3101   Cr: 15.0153 )
00000273: 16.4847   (Y': 17.8244   Cb: 14.3064   Cr: 14.9914 )
00000274: 16.5009   (Y': 17.8335   Cb: 14.3392   Cr: 15.0028 )
00000275: 16.495    (Y': 17.8082   Cb: 14.347    Cr: 15.0213 )
00000276: 16.4754   (Y': 17.7962   Cb: 14.3295   Cr: 14.9837 )
00000277: 16.4827   (Y': 17.7879   Cb: 14.3384   Cr: 15.0219 )
00000278: 16.4699   (Y': 17.8003   Cb: 14.3482   Cr: 14.9302 )
00000279: 16.4959   (Y': 17.8136   Cb: 14.3452   Cr: 15.0162 )
00000280: 16.4739   (Y': 17.7911   Cb: 14.3191   Cr: 14.9998 )
00000281: 16.4836   (Y': 17.7991   Cb: 14.3468   Cr: 14.9926 )
00000282: 16.4835   (Y': 17.8074   Cb: 14.3181   Cr: 15.0079 )
00000283: 16.4736   (Y': 17.8119   Cb: 14.3087   Cr: 14.9671 )
00000284: 16.4749   (Y': 17.8038   Cb: 14.3055   Cr: 14.9937 )
00000285: 16.4859   (Y': 17.8241   Cb: 14.3258   Cr: 14.9743 )
00000286: 16.475    (Y': 17.7944   Cb: 14.3185   Cr: 14.9986 )
00000287: 16.4843   (Y': 17.7964   Cb: 14.3529   Cr: 14.994  )
00000288: 16.4796   (Y': 17.8034   Cb: 14.2906   Cr: 15.0322 )
00000289: 16.49     (Y': 17.8081   Cb: 14.3577   Cr: 14.9882 )
00000290: 16.497    (Y': 17.8274   Cb: 14.348    Cr: 14.9888 )
00000291: 16.4968   (Y': 17.8154   Cb: 14.3469   Cr: 15.0141 )
00000292: 16.4537   (Y': 17.7744   Cb: 14.322    Cr: 14.9453 )
00000294: 16.4764   (Y': 17.8055   Cb: 14.3308   Cr: 14.9668 )
00000293: 16.4701   (Y': 17.7941   Cb: 14.3118   Cr: 14.9858 )
00000295: 16.4853   (Y': 17.8191   Cb: 14.3083   Cr: 15.0027 )
00000296: 16.4819   (Y': 17.8034   Cb: 14.3672   Cr: 14.9525 )
00000297: 16.5121   (Y': 17.8173   Cb: 14.3404   Cr: 15.0833 )
00000298: 16.4953   (Y': 17.8013   Cb: 14.3599   Cr: 15.0225 )
00000299: 16.4904   (Y': 17.8212   Cb: 14.3471   Cr: 14.9745 )
00000300: 16.4832   (Y': 17.8202   Cb: 14.3372   Cr: 14.9581 )
00000301: 16.4816   (Y': 17.797    Cb: 14.3339   Cr: 15.003  )
00000302: 16.4854   (Y': 17.8118   Cb: 14.3278   Cr: 14.9955 )
00000303: 16.478    (Y': 17.7815   Cb: 14.3372   Cr: 15.0163 )
00000304: 16.5006   (Y': 17.8353   Cb: 14.3445   Cr: 14.9915 )
00000305: 16.4687   (Y': 17.8153   Cb: 14.2953   Cr: 14.9551 )
00000306: 16.4815   (Y': 17.8379   Cb: 14.2997   Cr: 14.9574 )
00000307: 16.4764   (Y': 17.777    Cb: 14.3394   Cr: 15.0165 )
00000308: 16.4885   (Y': 17.808    Cb: 14.3307   Cr: 15.0135 )
00000309: 16.4707   (Y': 17.816    Cb: 14.3375   Cr: 14.9137 )
00000310: 16.4847   (Y': 17.8202   Cb: 14.3368   Cr: 14.9647 )
00000311: 16.4896   (Y': 17.8042   Cb: 14.3754   Cr: 14.9741 )
00000312: 16.4779   (Y': 17.8043   Cb: 14.3276   Cr: 14.9793 )
00000313: 16.4773   (Y': 17.811    Cb: 14.3306   Cr: 14.9596 )
00000314: 16.486    (Y': 17.7743   Cb: 14.3819   Cr: 15.014  )
00000315: 16.4751   (Y': 17.8088   Cb: 14.3219   Cr: 14.965  )
00000316: 16.4665   (Y': 17.8039   Cb: 14.3154   Cr: 14.9462 )
00000317: 16.4805   (Y': 17.8014   Cb: 14.3205   Cr: 15.005  )
00000318: 16.4656   (Y': 17.7951   Cb: 14.2929   Cr: 14.9869 )
00000319: 16.4982   (Y': 17.8287   Cb: 14.3352   Cr: 15.0059 )
00000320: 16.4848   (Y': 17.8066   Cb: 14.3282   Cr: 15.0034 )
00000321: 16.4891   (Y': 17.8056   Cb: 14.3161   Cr: 15.0381 )
00000322: 16.4883   (Y': 17.8253   Cb: 14.3262   Cr: 14.9815 )
00000323: 16.4868   (Y': 17.8159   Cb: 14.3584   Cr: 14.9577 )
00000324: 16.4682   (Y': 17.8015   Cb: 14.3307   Cr: 14.9408 )
00000325: 16.4893   (Y': 17.8166   Cb: 14.3146   Cr: 15.0174 )
00000326: 16.4868   (Y': 17.7995   Cb: 14.3498   Cr: 15.0017 )
00000327: 16.4711   (Y': 17.8056   Cb: 14.3152   Cr: 14.9624 )
00000328: 16.502    (Y': 17.8205   Cb: 14.3619   Cr: 15.0082 )
00000329: 16.484    (Y': 17.809    Cb: 14.3105   Cr: 15.0156 )
00000330: 16.489    (Y': 17.813    Cb: 14.3556   Cr: 14.9759 )
00000331: 16.5081   (Y': 17.8381   Cb: 14.343    Cr: 15.0193 )
00000332: 16.4791   (Y': 17.8178   Cb: 14.295    Cr: 14.9946 )
00000334: 16.5176   (Y': 17.8488   Cb: 14.377    Cr: 14.9978 )
00000333: 16.4768   (Y': 17.7985   Cb: 14.326    Cr: 14.9887 )
00000335: 16.5393   (Y': 17.8721   Cb: 14.3944   Cr: 15.0214 )
00000336: 16.569    (Y': 17.918    Cb: 14.3871   Cr: 15.0605 )
00000337: 16.5862   (Y': 17.9612   Cb: 14.346    Cr: 15.0926 )
00000338: 16.5639   (Y': 17.924    Cb: 14.3519   Cr: 15.0679 )
00000340: 16.5227   (Y': 17.8406   Cb: 14.3632   Cr: 15.0529 )
00000339: 16.524    (Y': 17.849    Cb: 14.3572   Cr: 15.0477 )
00000341: 16.5059   (Y': 17.8222   Cb: 14.3529   Cr: 15.0318 )
00000342: 16.5213   (Y': 17.8349   Cb: 14.3493   Cr: 15.0751 )
00000343: 16.5168   (Y': 17.8549   Cb: 14.3276   Cr: 15.0394 )
00000344: 16.5281   (Y': 17.8712   Cb: 14.3473   Cr: 15.0304 )
00000345: 16.4978   (Y': 17.852    Cb: 14.3196   Cr: 14.9738 )
00000346: 16.5436   (Y': 17.8739   Cb: 14.357    Cr: 15.0793 )
00000347: 16.5318   (Y': 17.864    Cb: 14.3838   Cr: 15.0188 )
00000348: 16.485    (Y': 17.8046   Cb: 14.3246   Cr: 15.0128 )
00000349: 16.5039   (Y': 17.8492   Cb: 14.3265   Cr: 14.9974 )
00000350: 16.5074   (Y': 17.8264   Cb: 14.3703   Cr: 15.0093 )
00000351: 16.5048   (Y': 17.8377   Cb: 14.3443   Cr: 15.0048 )
00000352: 16.5265   (Y': 17.8601   Cb: 14.3509   Cr: 15.0427 )
00000353: 16.5204   (Y': 17.8498   Cb: 14.3493   Cr: 15.0401 )
00000354: 16.5369   (Y': 17.8887   Cb: 14.3549   Cr: 15.0228 )
00000355: 16.5187   (Y': 17.8073   Cb: 14.3989   Cr: 15.0644 )
00000356: 16.5216   (Y': 17.8169   Cb: 14.3939   Cr: 15.0621 )
00000357: 16.4879   (Y': 17.8228   Cb: 14.3181   Cr: 14.9944 )
00000358: 16.4644   (Y': 17.789    Cb: 14.2917   Cr: 14.9958 )
00000359: 16.4855   (Y': 17.7914   Cb: 14.3259   Cr: 15.0412 )
00000360: 16.4738   (Y': 17.786    Cb: 14.3443   Cr: 14.981  )
00000361: 16.4836   (Y': 17.8007   Cb: 14.3409   Cr: 14.9957 )
00000362: 16.4865   (Y': 17.7916   Cb: 14.3626   Cr: 15.0019 )
00000363: 16.4882   (Y': 17.7929   Cb: 14.3588   Cr: 15.0108 )
00000364: 16.4834   (Y': 17.8185   Cb: 14.3296   Cr: 14.9709 )
00000365: 16.4829   (Y': 17.8054   Cb: 14.3358   Cr: 14.989  )
00000366: 16.4896   (Y': 17.8084   Cb: 14.3473   Cr: 14.9977 )
00000367: 16.4829   (Y': 17.7998   Cb: 14.3254   Cr: 15.0127 )
00000368: 16.5033   (Y': 17.7957   Cb: 14.3502   Cr: 15.0802 )
00000369: 16.4974   (Y': 17.7961   Cb: 14.354    Cr: 15.0494 )
00000370: 16.4674   (Y': 17.7814   Cb: 14.345    Cr: 14.9628 )
00000371: 16.483    (Y': 17.7982   Cb: 14.3524   Cr: 14.985  )
00000372: 16.506    (Y': 17.8139   Cb: 14.3879   Cr: 15.009  )
00000373: 16.5553   (Y': 17.8752   Cb: 14.3769   Cr: 15.1035 )
00000374: 16.5722   (Y': 17.9261   Cb: 14.3621   Cr: 15.0863 )
00000375: 16.5623   (Y': 17.9101   Cb: 14.3746   Cr: 15.063  )
00000376: 16.5265   (Y': 17.8357   Cb: 14.3889   Cr: 15.0494 )
00000377: 16.5794   (Y': 17.9165   Cb: 14.3892   Cr: 15.1051 )
00000378: 16.6146   (Y': 17.9611   Cb: 14.4116   Cr: 15.1361 )
00000379: 16.633    (Y': 17.9892   Cb: 14.4139   Cr: 15.1533 )
00000380: 16.64     (Y': 17.9996   Cb: 14.4355   Cr: 15.1358 )
00000381: 16.5716   (Y': 17.8985   Cb: 14.3985   Cr: 15.0988 )
00000382: 16.581    (Y': 17.9385   Cb: 14.39     Cr: 15.0654 )
00000383: 16.528    (Y': 17.8882   Cb: 14.3348   Cr: 15.0092 )
00000384: 16.5302   (Y': 17.8819   Cb: 14.3351   Cr: 15.0315 )
00000385: 16.5411   (Y': 17.8898   Cb: 14.3681   Cr: 15.0226 )
00000386: 16.5022   (Y': 17.8641   Cb: 14.3198   Cr: 14.9677 )
00000388: 16.4881   (Y': 17.8025   Cb: 14.3368   Cr: 15.0161 )
00000387: 16.4618   (Y': 17.8032   Cb: 14.2673   Cr: 14.9841 )
00000389: 16.4891   (Y': 17.82     Cb: 14.3085   Cr: 15.0167 )
00000390: 16.5509   (Y': 17.8715   Cb: 14.3902   Cr: 15.0769 )
00000391: 16.5802   (Y': 17.9047   Cb: 14.4115   Cr: 15.1073 )
00000392: 16.6009   (Y': 17.8887   Cb: 14.4667   Cr: 15.1651 )
00000393: 16.609    (Y': 17.9271   Cb: 14.4442   Cr: 15.1451 )
00000394: 16.5716   (Y': 17.8441   Cb: 14.469    Cr: 15.1315 )
00000396: 16.572    (Y': 17.8519   Cb: 14.4434   Cr: 15.1464 )
00000395: 16.5822   (Y': 17.8751   Cb: 14.4723   Cr: 15.107  )
00000397: 16.5124   (Y': 17.7888   Cb: 14.4075   Cr: 15.0668 )
00000398: 16.5289   (Y': 17.8043   Cb: 14.4298   Cr: 15.0789 )
00000399: 16.5259   (Y': 17.8032   Cb: 14.4097   Cr: 15.0915 )
00000400: 16.5329   (Y': 17.8033   Cb: 14.4241   Cr: 15.1046 )
00000401: 16.4782   (Y': 17.7552   Cb: 14.3525   Cr: 15.0554 )
00000402: 16.5043   (Y': 17.7506   Cb: 14.4169   Cr: 15.1031 )
00000404: 16.5096   (Y': 17.8119   Cb: 14.3343   Cr: 15.0915 )
00000403: 16.4935   (Y': 17.7677   Cb: 14.394    Cr: 15.0462 )
00000405: 16.481    (Y': 17.7683   Cb: 14.3801   Cr: 15.0074 )
00000406: 16.509    (Y': 17.7732   Cb: 14.3955   Cr: 15.0994 )
00000407: 16.5097   (Y': 17.7666   Cb: 14.4396   Cr: 15.0655 )
00000408: 16.5734   (Y': 17.8808   Cb: 14.4112   Cr: 15.129  )
00000409: 16.6213   (Y': 17.9536   Cb: 14.4505   Cr: 15.1346 )
00000410: 16.6088   (Y': 17.9577   Cb: 14.4032   Cr: 15.1282 )
00000412: 16.5839   (Y': 17.9561   Cb: 14.3661   Cr: 15.0696 )
00000411: 16.5406   (Y': 17.8882   Cb: 14.3314   Cr: 15.0672 )
00000413: 16.5578   (Y': 17.9314   Cb: 14.3419   Cr: 15.0381 )
00000414: 16.5496   (Y': 17.9281   Cb: 14.3567   Cr: 14.9931 )
00000415: 16.5908   (Y': 17.9805   Cb: 14.3765   Cr: 15.0364 )
00000416: 16.5973   (Y': 17.9516   Cb: 14.3968   Cr: 15.0996 )
00000417: 16.5464   (Y': 17.9188   Cb: 14.308    Cr: 15.0559 )
00000418: 16.5297   (Y': 17.8666   Cb: 14.324    Cr: 15.0745 )
00000419: 16.4902   (Y': 17.8204   Cb: 14.3254   Cr: 15.0004 )
00000420: 16.4784   (Y': 17.8289   Cb: 14.2812   Cr: 14.9846 )
00000421: 16.4974   (Y': 17.8377   Cb: 14.3045   Cr: 15.0197 )
00000422: 16.4545   (Y': 17.8035   Cb: 14.2459   Cr: 14.9774 )
00000423: 16.4803   (Y': 17.8263   Cb: 14.2798   Cr: 14.9997 )
00000424: 16.4662   (Y': 17.8544   Cb: 14.2134   Cr: 14.9603 )
00000425: 16.4426   (Y': 17.8097   Cb: 14.2321   Cr: 14.9301 )
00000426: 16.4923   (Y': 17.8741   Cb: 14.2642   Cr: 14.9703 )
00000427: 16.4676   (Y': 17.8516   Cb: 14.2494   Cr: 14.9296 )
00000428: 16.514    (Y': 17.8702   Cb: 14.3246   Cr: 14.9993 )
00000429: 16.5376   (Y': 17.9156   Cb: 14.3166   Cr: 15.0149 )
00000430: 16.5369   (Y': 17.8772   Cb: 14.3662   Cr: 15.033  )
00000431: 16.5642   (Y': 17.9241   Cb: 14.3475   Cr: 15.074  )
00000432: 16.5258   (Y': 17.9141   Cb: 14.3123   Cr: 14.9736 )
00000433: 16.5504   (Y': 17.9223   Cb: 14.3269   Cr: 15.0434 )
00000434: 16.5626   (Y': 17.9121   Cb: 14.3904   Cr: 15.0416 )
00000435: 16.5146   (Y': 17.8443   Cb: 14.3684   Cr: 15.0047 )
00000436: 16.5367   (Y': 17.8933   Cb: 14.339    Cr: 15.0309 )
00000437: 16.4981   (Y': 17.8698   Cb: 14.2767   Cr: 14.989  )
00000438: 16.5192   (Y': 17.8325   Cb: 14.3776   Cr: 15.0381 )
00000439: 16.5406   (Y': 17.8602   Cb: 14.3706   Cr: 15.0794 )
00000440: 16.5197   (Y': 17.836    Cb: 14.3853   Cr: 15.024  )
00000441: 16.5211   (Y': 17.8335   Cb: 14.3634   Cr: 15.0608 )
00000442: 16.5035   (Y': 17.8092   Cb: 14.3601   Cr: 15.0404 )
00000443: 16.4732   (Y': 17.7999   Cb: 14.3256   Cr: 14.9711 )
00000444: 16.519    (Y': 17.8157   Cb: 14.3956   Cr: 15.0516 )
00000445: 16.5251   (Y': 17.8075   Cb: 14.422    Cr: 15.0648 )
00000446: 16.533    (Y': 17.8462   Cb: 14.361    Cr: 15.0878 )
00000447: 16.5196   (Y': 17.8487   Cb: 14.347    Cr: 15.0415 )
00000448: 16.5663   (Y': 17.8838   Cb: 14.3844   Cr: 15.1237 )
00000449: 16.5832   (Y': 17.931    Cb: 14.3792   Cr: 15.1033 )
00000450: 16.546    (Y': 17.8875   Cb: 14.3242   Cr: 15.1002 )
00000451: 16.5246   (Y': 17.8363   Cb: 14.3698   Cr: 15.0621 )
00000452: 16.5255   (Y': 17.8855   Cb: 14.3137   Cr: 15.029  )
00000453: 16.5325   (Y': 17.8498   Cb: 14.3802   Cr: 15.0553 )
00000454: 16.507    (Y': 17.8921   Cb: 14.2572   Cr: 15.004  )
00000455: 16.5026   (Y': 17.8588   Cb: 14.2528   Cr: 15.0595 )
00000456: 16.4872   (Y': 17.837    Cb: 14.2864   Cr: 14.9991 )
00000457: 16.4805   (Y': 17.8516   Cb: 14.2718   Cr: 14.9577 )
00000458: 16.4623   (Y': 17.8375   Cb: 14.2715   Cr: 14.91   )
00000459: 16.4791   (Y': 17.8493   Cb: 14.2635   Cr: 14.9663 )
00000460: 16.4757   (Y': 17.8236   Cb: 14.2873   Cr: 14.977  )
00000461: 16.5139   (Y': 17.8872   Cb: 14.2803   Cr: 15.0158 )
00000462: 16.5694   (Y': 17.9322   Cb: 14.3725   Cr: 15.0499 )
00000463: 16.5691   (Y': 17.9321   Cb: 14.3424   Cr: 15.0839 )
00000464: 16.5234   (Y': 17.8842   Cb: 14.3418   Cr: 14.9903 )
00000465: 16.5432   (Y': 17.889    Cb: 14.3417   Cr: 15.0645 )
00000466: 16.5296   (Y': 17.8623   Cb: 14.3284   Cr: 15.0776 )
00000467: 16.6258   (Y': 18.0084   Cb: 14.3755   Cr: 15.1284 )
00000468: 16.562    (Y': 17.941    Cb: 14.328    Cr: 15.0529 )
00000469: 16.5266   (Y': 17.8743   Cb: 14.322    Cr: 15.0472 )
00000470: 16.5553   (Y': 17.9157   Cb: 14.3495   Cr: 15.051  )
00000471: 16.5376   (Y': 17.8937   Cb: 14.3211   Cr: 15.055  )
00000472: 16.5194   (Y': 17.878    Cb: 14.2921   Cr: 15.0445 )
00000473: 16.5064   (Y': 17.8758   Cb: 14.292    Cr: 14.994  )
00000474: 16.47     (Y': 17.8131   Cb: 14.2884   Cr: 14.9733 )
00000475: 16.4673   (Y': 17.8096   Cb: 14.2936   Cr: 14.963  )
00000476: 16.5173   (Y': 17.867    Cb: 14.3467   Cr: 14.9943 )
00000477: 16.487    (Y': 17.8326   Cb: 14.2634   Cr: 15.0349 )
00000478: 16.4876   (Y': 17.8314   Cb: 14.3249   Cr: 14.9674 )
00000479: 16.4848   (Y': 17.8259   Cb: 14.2858   Cr: 15.0127 )
00000480: 16.479    (Y': 17.8093   Cb: 14.299    Cr: 15.0072 )
00000481: 16.4491   (Y': 17.8083   Cb: 14.2607   Cr: 14.927  )
00000482: 16.4878   (Y': 17.81     Cb: 14.2837   Cr: 15.0616 )
00000483: 16.4587   (Y': 17.8047   Cb: 14.2862   Cr: 14.9452 )
00000484: 16.472    (Y': 17.8098   Cb: 14.2767   Cr: 15.0026 )
00000485: 16.4855   (Y': 17.8018   Cb: 14.334    Cr: 15.0098 )
00000486: 16.4832   (Y': 17.822    Cb: 14.2711   Cr: 15.0312 )
00000487: 16.502    (Y': 17.8431   Cb: 14.3014   Cr: 15.0321 )
00000488: 16.466    (Y': 17.8105   Cb: 14.2815   Cr: 14.9699 )
00000489: 16.4663   (Y': 17.7895   Cb: 14.3265   Cr: 14.9624 )
00000490: 16.4727   (Y': 17.8002   Cb: 14.317    Cr: 14.9783 )
00000492: 16.4773   (Y': 17.7995   Cb: 14.2992   Cr: 15.0202 )
00000491: 16.4451   (Y': 17.7777   Cb: 14.28     Cr: 14.9509 )
00000493: 16.4728   (Y': 17.8138   Cb: 14.2526   Cr: 15.026  )
00000494: 16.4751   (Y': 17.7995   Cb: 14.2984   Cr: 15.0116 )
00000495: 16.4543   (Y': 17.7869   Cb: 14.2568   Cr: 14.9983 )
00000496: 16.4557   (Y': 17.7908   Cb: 14.2521   Cr: 15.0017 )
00000497: 16.4707   (Y': 17.7905   Cb: 14.2977   Cr: 15.0125 )
00000498: 16.5105   (Y': 17.839    Cb: 14.3304   Cr: 15.0427 )
00000500: 16.4807   (Y': 17.83     Cb: 14.261    Cr: 15.0158 )
00000499: 16.4736   (Y': 17.7998   Cb: 14.3075   Cr: 14.994  )
00000501: 16.5056   (Y': 17.8431   Cb: 14.2923   Cr: 15.058  )
00000502: 16.4856   (Y': 17.8093   Cb: 14.2852   Cr: 15.0518 )
00000503: 16.4861   (Y': 17.8267   Cb: 14.3053   Cr: 14.9936 )
00000504: 16.482    (Y': 17.8209   Cb: 14.2811   Cr: 15.0168 )
00000505: 16.4574   (Y': 17.7912   Cb: 14.2754   Cr: 14.9806 )
00000506: 16.4487   (Y': 17.7814   Cb: 14.2674   Cr: 14.9736 )
00000507: 16.4727   (Y': 17.7959   Cb: 14.2957   Cr: 15.0122 )
00000508: 16.4634   (Y': 17.7921   Cb: 14.2855   Cr: 14.9923 )
00000509: 16.4957   (Y': 17.8325   Cb: 14.3118   Cr: 15.0148 )
00000510: 16.4913   (Y': 17.8457   Cb: 14.3095   Cr: 14.9716 )
00000511: 16.5278   (Y': 17.8778   Cb: 14.3568   Cr: 15.0045 )
00000512: 16.5515   (Y': 17.9201   Cb: 14.3165   Cr: 15.0649 )
00000513: 16.5834   (Y': 17.9767   Cb: 14.3352   Cr: 15.0616 )
00000514: 16.6154   (Y': 17.986    Cb: 14.3843   Cr: 15.1197 )
00000515: 16.6088   (Y': 17.9448   Cb: 14.3972   Cr: 15.1621 )
00000516: 16.604    (Y': 17.9806   Cb: 14.3702   Cr: 15.0994 )
00000517: 16.5691   (Y': 17.9082   Cb: 14.3801   Cr: 15.0893 )
00000518: 16.5613   (Y': 17.8882   Cb: 14.3715   Cr: 15.1083 )
00000519: 16.5541   (Y': 17.8738   Cb: 14.3959   Cr: 15.0789 )
00000520: 16.4885   (Y': 17.8148   Cb: 14.3198   Cr: 15.0118 )
00000521: 16.5493   (Y': 17.8801   Cb: 14.3879   Cr: 15.0545 )
00000522: 16.5625   (Y': 17.8905   Cb: 14.3449   Cr: 15.1403 )
00000523: 16.5564   (Y': 17.9025   Cb: 14.3162   Cr: 15.1232 )
00000524: 16.5575   (Y': 17.9167   Cb: 14.3447   Cr: 15.0643 )
00000525: 16.6006   (Y': 17.9229   Cb: 14.4012   Cr: 15.1685 )
00000526: 16.5476   (Y': 17.8772   Cb: 14.3734   Cr: 15.0703 )
00000527: 16.5315   (Y': 17.8626   Cb: 14.372    Cr: 15.0341 )
00000528: 16.4512   (Y': 17.806    Cb: 14.2673   Cr: 14.9331 )
00000529: 16.4903   (Y': 17.8334   Cb: 14.2829   Cr: 15.0238 )
00000530: 16.4902   (Y': 17.8172   Cb: 14.3431   Cr: 14.9868 )
00000531: 16.4802   (Y': 17.8177   Cb: 14.3188   Cr: 14.9714 )
00000532: 16.4756   (Y': 17.8187   Cb: 14.2684   Cr: 15.0088 )
00000533: 16.4864   (Y': 17.8249   Cb: 14.2866   Cr: 15.0207 )
00000534: 16.4897   (Y': 17.8063   Cb: 14.3251   Cr: 15.0284 )
00000535: 16.4976   (Y': 17.837    Cb: 14.3109   Cr: 15.0147 )
00000536: 16.5005   (Y': 17.8269   Cb: 14.3203   Cr: 15.0371 )
00000537: 16.5007   (Y': 17.8415   Cb: 14.2969   Cr: 15.035  )
00000538: 16.4862   (Y': 17.8405   Cb: 14.2945   Cr: 14.9782 )
00000539: 16.4579   (Y': 17.8018   Cb: 14.2474   Cr: 14.9933 )
00000540: 16.4574   (Y': 17.7971   Cb: 14.2793   Cr: 14.9636 )
00000541: 16.4771   (Y': 17.8092   Cb: 14.3029   Cr: 14.9944 )
00000542: 16.54     (Y': 17.8856   Cb: 14.2996   Cr: 15.1078 )
00000543: 16.5436   (Y': 17.887    Cb: 14.3438   Cr: 15.0677 )
00000544: 16.5026   (Y': 17.8396   Cb: 14.288    Cr: 15.0575 )
00000545: 16.4961   (Y': 17.8413   Cb: 14.2983   Cr: 15.0142 )
00000546: 16.4912   (Y': 17.8225   Cb: 14.3269   Cr: 14.999  )
00000547: 16.4701   (Y': 17.807    Cb: 14.2746   Cr: 15.0025 )
00000548: 16.5072   (Y': 17.816    Cb: 14.3879   Cr: 15.0097 )
00000549: 16.4604   (Y': 17.7992   Cb: 14.2807   Cr: 14.9705 )
00000550: 16.516    (Y': 17.8568   Cb: 14.3217   Cr: 15.039  )
00000551: 16.4635   (Y': 17.7963   Cb: 14.3114   Cr: 14.9538 )
00000552: 16.4901   (Y': 17.8206   Cb: 14.3153   Cr: 15.0115 )
00000553: 16.5192   (Y': 17.8568   Cb: 14.3392   Cr: 15.032  )
00000554: 16.4782   (Y': 17.8381   Cb: 14.2922   Cr: 14.9519 )
00000555: 16.4798   (Y': 17.8344   Cb: 14.2841   Cr: 14.9756 )
00000557: 16.4635   (Y': 17.8008   Cb: 14.2753   Cr: 14.9868 )
00000558: 16.507    (Y': 17.8452   Cb: 14.3187   Cr: 15.0285 )
00000556: 16.4864   (Y': 17.8101   Cb: 14.3129   Cr: 15.0208 )
00000559: 16.5477   (Y': 17.8926   Cb: 14.3781   Cr: 15.0333 )
00000560: 16.5579   (Y': 17.8996   Cb: 14.3822   Cr: 15.0573 )
00000561: 16.5554   (Y': 17.9003   Cb: 14.3594   Cr: 15.0719 )
00000562: 16.5257   (Y': 17.8844   Cb: 14.3044   Cr: 15.0432 )
00000563: 16.5835   (Y': 17.921    Cb: 14.3699   Cr: 15.1365 )
00000564: 16.539    (Y': 17.8812   Cb: 14.3562   Cr: 15.0453 )
00000565: 16.5577   (Y': 17.8735   Cb: 14.4139   Cr: 15.0739 )
00000566: 16.5554   (Y': 17.8615   Cb: 14.3956   Cr: 15.1106 )
00000567: 16.5143   (Y': 17.8161   Cb: 14.3604   Cr: 15.0719 )
00000568: 16.5122   (Y': 17.7902   Cb: 14.3969   Cr: 15.0752 )
00000569: 16.531    (Y': 17.825    Cb: 14.4013   Cr: 15.0767 )
00000570: 16.4454   (Y': 17.7442   Cb: 14.2982   Cr: 15.0017 )
00000571: 16.4347   (Y': 17.7301   Cb: 14.2923   Cr: 14.9925 )
00000572: 16.4421   (Y': 17.7253   Cb: 14.328    Cr: 14.9925 )
00000573: 16.456    (Y': 17.7401   Cb: 14.3322   Cr: 15.016  )
00000574: 16.4482   (Y': 17.7394   Cb: 14.3318   Cr: 14.9846 )
00000575: 16.4558   (Y': 17.7521   Cb: 14.3162   Cr: 15.0082 )
00000576: 16.4417   (Y': 17.732    Cb: 14.3083   Cr: 14.9996 )
00000577: 16.4491   (Y': 17.7157   Cb: 14.3318   Cr: 15.0391 )
00000578: 16.474    (Y': 17.7671   Cb: 14.3336   Cr: 15.0344 )
00000579: 16.4995   (Y': 17.8188   Cb: 14.331    Cr: 15.0373 )
00000580: 16.5161   (Y': 17.8211   Cb: 14.3519   Cr: 15.0792 )
00000581: 16.5167   (Y': 17.813    Cb: 14.3475   Cr: 15.1042 )
00000582: 16.5195   (Y': 17.8317   Cb: 14.332    Cr: 15.0947 )
00000583: 16.5127   (Y': 17.8461   Cb: 14.3316   Cr: 15.0353 )
00000584: 16.4968   (Y': 17.8459   Cb: 14.2901   Cr: 15.0168 )
00000585: 16.5058   (Y': 17.8597   Cb: 14.3205   Cr: 14.9907 )
00000586: 16.4973   (Y': 17.8386   Cb: 14.3218   Cr: 14.9971 )
00000587: 16.4654   (Y': 17.8288   Cb: 14.2562   Cr: 14.9592 )
00000588: 16.485    (Y': 17.8057   Cb: 14.3371   Cr: 14.9958 )
00000589: 16.5026   (Y': 17.8275   Cb: 14.3384   Cr: 15.0237 )
00000590: 16.4792   (Y': 17.822    Cb: 14.2865   Cr: 14.996  )
00000591: 16.4615   (Y': 17.7977   Cb: 14.2972   Cr: 14.9587 )
00000592: 16.4878   (Y': 17.8215   Cb: 14.311    Cr: 15.0048 )
00000593: 16.4879   (Y': 17.8434   Cb: 14.3032   Cr: 14.9692 )
00000594: 16.4872   (Y': 17.8261   Cb: 14.3207   Cr: 14.9816 )
00000595: 16.4738   (Y': 17.7867   Cb: 14.2988   Cr: 15.0329 )
00000596: 16.4808   (Y': 17.8185   Cb: 14.2929   Cr: 15.0025 )
00000597: 16.4899   (Y': 17.8178   Cb: 14.3266   Cr: 15.0034 )
00000598: 16.4866   (Y': 17.8174   Cb: 14.3115   Cr: 15.0081 )
00000599: 16.4861   (Y': 17.8069   Cb: 14.3249   Cr: 15.012  )
00000600: 16.4744   (Y': 17.8087   Cb: 14.2937   Cr: 14.995  )
00000601: 16.4483   (Y': 17.8105   Cb: 14.2517   Cr: 14.9297 )
00000602: 16.4684   (Y': 17.8155   Cb: 14.2794   Cr: 14.972  )
00000603: 16.4667   (Y': 17.783    Cb: 14.3171   Cr: 14.9885 )
00000604: 16.4536   (Y': 17.7702   Cb: 14.2913   Cr: 14.9897 )
00000605: 16.4693   (Y': 17.7915   Cb: 14.2986   Cr: 15.0035 )
00000606: 16.4757   (Y': 17.8124   Cb: 14.2783   Cr: 15.011  )
00000607: 16.4884   (Y': 17.817    Cb: 14.3324   Cr: 14.992  )
00000608: 16.4609   (Y': 17.8054   Cb: 14.2484   Cr: 14.9977 )
00000609: 16.4696   (Y': 17.7974   Cb: 14.3092   Cr: 14.9802 )
00000610: 16.4594   (Y': 17.8255   Cb: 14.2425   Cr: 14.9567 )
00000611: 16.466    (Y': 17.8081   Cb: 14.3      Cr: 14.9531 )
00000612: 16.4543   (Y': 17.8112   Cb: 14.2316   Cr: 14.9775 )
00000613: 16.4499   (Y': 17.8018   Cb: 14.2614   Cr: 14.943  )
00000614: 16.4668   (Y': 17.8232   Cb: 14.2683   Cr: 14.9626 )
00000615: 16.4705   (Y': 17.8411   Cb: 14.2572   Cr: 14.9539 )
00000616: 16.4582   (Y': 17.8012   Cb: 14.2792   Cr: 14.9587 )
00000617: 16.4477   (Y': 17.8024   Cb: 14.2338   Cr: 14.965  )
00000618: 16.4467   (Y': 17.7749   Cb: 14.2595   Cr: 14.9877 )
00000619: 16.4836   (Y': 17.8127   Cb: 14.3067   Cr: 15.0106 )
00000620: 16.4804   (Y': 17.8038   Cb: 14.3043   Cr: 15.0181 )
00000621: 16.4518   (Y': 17.7767   Cb: 14.2821   Cr: 14.9789 )
00000622: 16.4671   (Y': 17.8025   Cb: 14.2989   Cr: 14.9705 )
00000623: 16.479    (Y': 17.8132   Cb: 14.3091   Cr: 14.9874 )
00000624: 16.4642   (Y': 17.8179   Cb: 14.2905   Cr: 14.9363 )
00000625: 16.4603   (Y': 17.7884   Cb: 14.258    Cr: 15.0196 )
00000626: 16.4892   (Y': 17.7972   Cb: 14.3772   Cr: 14.9851 )
00000627: 16.4727   (Y': 17.8203   Cb: 14.3108   Cr: 14.9438 )
00000628: 16.4607   (Y': 17.7988   Cb: 14.2757   Cr: 14.9786 )
00000629: 16.4783   (Y': 17.79     Cb: 14.3045   Cr: 15.0384 )
00000630: 16.4708   (Y': 17.7891   Cb: 14.3026   Cr: 15.0104 )
00000631: 16.4539   (Y': 17.796    Cb: 14.2383   Cr: 14.9994 )
00000632: 16.4656   (Y': 17.7851   Cb: 14.2951   Cr: 15.0053 )
00000633: 16.447    (Y': 17.8022   Cb: 14.2487   Cr: 14.9449 )
00000634: 16.4745   (Y': 17.8208   Cb: 14.2628   Cr: 15.0066 )
00000635: 16.4678   (Y': 17.7875   Cb: 14.3138   Cr: 14.9876 )
00000636: 16.4705   (Y': 17.8043   Cb: 14.2674   Cr: 15.0188 )
00000637: 16.4787   (Y': 17.8062   Cb: 14.291    Cr: 15.0219 )
00000638: 16.4701   (Y': 17.7824   Cb: 14.3212   Cr: 14.9996 )
00000639: 16.4472   (Y': 17.7753   Cb: 14.2645   Cr: 14.9831 )
00000640: 16.4877   (Y': 17.846    Cb: 14.2851   Cr: 14.9843 )
00000641: 16.4606   (Y': 17.7811   Cb: 14.2981   Cr: 14.9887 )
00000642: 16.4634   (Y': 17.7953   Cb: 14.2887   Cr: 14.9819 )
00000643: 16.4729   (Y': 17.7991   Cb: 14.3199   Cr: 14.9778 )
00000644: 16.4469   (Y': 17.7742   Cb: 14.3001   Cr: 14.9426 )
00000645: 16.4692   (Y': 17.7882   Cb: 14.3069   Cr: 15.0002 )
00000646: 16.4565   (Y': 17.7862   Cb: 14.26     Cr: 15.0056 )
00000647: 16.432    (Y': 17.7557   Cb: 14.2698   Cr: 14.9531 )
00000648: 16.4541   (Y': 17.8053   Cb: 14.2693   Cr: 14.9442 )
00000649: 16.4554   (Y': 17.8003   Cb: 14.2687   Cr: 14.9609 )
00000650: 16.4626   (Y': 17.7793   Cb: 14.315    Cr: 14.9812 )
00000651: 16.4787   (Y': 17.8102   Cb: 14.3367   Cr: 14.96   )
00000652: 16.478    (Y': 17.8127   Cb: 14.2798   Cr: 15.0182 )
00000653: 16.4707   (Y': 17.796    Cb: 14.3046   Cr: 14.993  )
00000654: 16.4544   (Y': 17.7838   Cb: 14.269    Cr: 14.9907 )
00000655: 16.4433   (Y': 17.811    Cb: 14.2197   Cr: 14.9449 )
00000656: 16.4659   (Y': 17.7755   Cb: 14.3132   Cr: 15.0057 )
00000657: 16.4573   (Y': 17.7873   Cb: 14.2728   Cr: 14.9911 )
00000658: 16.4728   (Y': 17.798    Cb: 14.3346   Cr: 14.9626 )
00000659: 16.4695   (Y': 17.8026   Cb: 14.2984   Cr: 14.9814 )
00000660: 16.4834   (Y': 17.8153   Cb: 14.2941   Cr: 15.0194 )
00000661: 16.4617   (Y': 17.7942   Cb: 14.2797   Cr: 14.9878 )
00000662: 16.4621   (Y': 17.8043   Cb: 14.2889   Cr: 14.9572 )
00000663: 16.4837   (Y': 17.8233   Cb: 14.2899   Cr: 15.0085 )
00000664: 16.4633   (Y': 17.7984   Cb: 14.2965   Cr: 14.9659 )
00000665: 16.4636   (Y': 17.7843   Cb: 14.2848   Cr: 15.0107 )
00000666: 16.4773   (Y': 17.8196   Cb: 14.2955   Cr: 14.9824 )
00000667: 16.4612   (Y': 17.7979   Cb: 14.2486   Cr: 15.0147 )
00000668: 16.4644   (Y': 17.7938   Cb: 14.3241   Cr: 14.9482 )
00000669: 16.469    (Y': 17.7977   Cb: 14.2886   Cr: 15.0011 )
00000670: 16.4827   (Y': 17.8456   Cb: 14.301    Cr: 14.945  )
00000671: 16.4782   (Y': 17.799    Cb: 14.2831   Cr: 15.0445 )
00000672: 16.4796   (Y': 17.7968   Cb: 14.3301   Cr: 14.9995 )
00000673: 16.4601   (Y': 17.7787   Cb: 14.297    Cr: 14.9929 )
00000674: 16.4645   (Y': 17.8009   Cb: 14.2925   Cr: 14.9707 )
00000675: 16.4933   (Y': 17.8229   Cb: 14.2977   Cr: 15.0415 )
00000676: 16.4743   (Y': 17.8022   Cb: 14.3087   Cr: 14.9906 )
00000677: 16.4745   (Y': 17.8263   Cb: 14.3046   Cr: 14.946  )
00000678: 16.4536   (Y': 17.7852   Cb: 14.2912   Cr: 14.9585 )
00000679: 16.4692   (Y': 17.7982   Cb: 14.2955   Cr: 14.9924 )
00000680: 16.4664   (Y': 17.7972   Cb: 14.2735   Cr: 15.0088 )
00000681: 16.4612   (Y': 17.8076   Cb: 14.2647   Cr: 14.9751 )
00000682: 16.445    (Y': 17.8047   Cb: 14.2492   Cr: 14.9307 )
00000683: 16.4722   (Y': 17.7924   Cb: 14.2941   Cr: 15.0195 )
00000684: 16.4576   (Y': 17.7942   Cb: 14.2862   Cr: 14.9625 )
00000685: 16.4877   (Y': 17.8431   Cb: 14.2838   Cr: 14.9916 )
00000686: 16.4532   (Y': 17.8034   Cb: 14.292    Cr: 14.9181 )
00000687: 16.457    (Y': 17.8159   Cb: 14.3007   Cr: 14.8985 )
00000688: 16.4562   (Y': 17.8116   Cb: 14.2319   Cr: 14.9843 )
00000689: 16.4742   (Y': 17.816    Cb: 14.2563   Cr: 15.0231 )
00000690: 16.4932   (Y': 17.8256   Cb: 14.2893   Cr: 15.045  )
00000691: 16.4879   (Y': 17.8667   Cb: 14.2729   Cr: 14.9569 )
00000692: 16.4862   (Y': 17.8197   Cb: 14.3234   Cr: 14.9876 )
00000693: 16.4988   (Y': 17.8033   Cb: 14.3235   Cr: 15.076  )
00000694: 16.4814   (Y': 17.8444   Cb: 14.2883   Cr: 14.957  )
00000695: 16.465    (Y': 17.8071   Cb: 14.2889   Cr: 14.9638 )
00000696: 16.4562   (Y': 17.7962   Cb: 14.2707   Cr: 14.9702 )
00000697: 16.4552   (Y': 17.8061   Cb: 14.2676   Cr: 14.9493 )
00000698: 16.4747   (Y': 17.8236   Cb: 14.287    Cr: 14.9731 )
00000699: 16.4808   (Y': 17.8158   Cb: 14.2911   Cr: 15.0107 )
00000700: 16.4734   (Y': 17.826    Cb: 14.297    Cr: 14.951  )
00000701: 16.4837   (Y': 17.7937   Cb: 14.3454   Cr: 15.0057 )
00000702: 16.4796   (Y': 17.8107   Cb: 14.2828   Cr: 15.0259 )
00000703: 16.5048   (Y': 17.8205   Cb: 14.325    Cr: 15.0635 )
00000704: 16.4506   (Y': 17.8049   Cb: 14.2646   Cr: 14.9361 )
00000705: 16.4717   (Y': 17.8071   Cb: 14.2958   Cr: 14.9846 )
00000706: 16.5089   (Y': 17.8558   Cb: 14.3226   Cr: 15.0097 )
00000707: 16.4842   (Y': 17.8205   Cb: 14.2849   Cr: 15.0224 )
00000708: 16.4724   (Y': 17.8151   Cb: 14.2617   Cr: 15.0107 )
00000709: 16.4972   (Y': 17.8371   Cb: 14.3108   Cr: 15.0125 )
00000710: 16.503    (Y': 17.8496   Cb: 14.3137   Cr: 15.0081 )
00000711: 16.4738   (Y': 17.82     Cb: 14.2898   Cr: 14.9737 )
00000712: 16.4714   (Y': 17.8056   Cb: 14.298    Cr: 14.9836 )
00000714: 16.4832   (Y': 17.8108   Cb: 14.3077   Cr: 15.0117 )
00000713: 16.4413   (Y': 17.7688   Cb: 14.2737   Cr: 14.9606 )
00000715: 16.4972   (Y': 17.8409   Cb: 14.2653   Cr: 15.0587 )
00000716: 16.4973   (Y': 17.8385   Cb: 14.3298   Cr: 14.9881 )
00000717: 16.5042   (Y': 17.8446   Cb: 14.3037   Cr: 15.0354 )
00000718: 16.5032   (Y': 17.8502   Cb: 14.2963   Cr: 15.028  )
00000719: 16.5029   (Y': 17.8441   Cb: 14.3271   Cr: 15.0035 )
00000720: 16.4941   (Y': 17.8203   Cb: 14.3151   Cr: 15.0295 )
00000721: 16.5297   (Y': 17.8821   Cb: 14.305    Cr: 15.0644 )
00000722: 16.5428   (Y': 17.9134   Cb: 14.3247   Cr: 15.032  )
00000723: 16.5655   (Y': 17.9219   Cb: 14.3648   Cr: 15.0634 )
00000724: 16.5315   (Y': 17.8614   Cb: 14.3424   Cr: 15.0713 )
00000725: 16.5266   (Y': 17.8444   Cb: 14.3455   Cr: 15.0824 )
00000726: 16.4914   (Y': 17.7691   Cb: 14.3726   Cr: 15.0592 )
00000727: 16.4693   (Y': 17.7601   Cb: 14.3486   Cr: 15.0113 )
00000728: 16.469    (Y': 17.782    Cb: 14.2821   Cr: 15.0419 )
00000729: 16.5108   (Y': 17.7738   Cb: 14.392    Cr: 15.1101 )
00000730: 16.5062   (Y': 17.8205   Cb: 14.3454   Cr: 15.0451 )
00000731: 16.487    (Y': 17.7751   Cb: 14.3347   Cr: 15.0717 )
00000732: 16.4719   (Y': 17.7709   Cb: 14.3439   Cr: 15.0053 )
00000733: 16.4537   (Y': 17.7421   Cb: 14.3135   Cr: 15.024  )
00000734: 16.4585   (Y': 17.7261   Cb: 14.3395   Cr: 15.0483 )
00000735: 16.4356   (Y': 17.7115   Cb: 14.3136   Cr: 15.011  )
00000736: 16.4659   (Y': 17.7417   Cb: 14.3464   Cr: 15.0385 )
00000737: 16.4735   (Y': 17.7689   Cb: 14.3379   Cr: 15.023  )
00000738: 16.4706   (Y': 17.7631   Cb: 14.3363   Cr: 15.025  )
00000739: 16.4406   (Y': 17.7278   Cb: 14.2868   Cr: 15.0291 )
00000740: 16.4529   (Y': 17.7471   Cb: 14.3085   Cr: 15.0154 )
00000741: 16.451    (Y': 17.7534   Cb: 14.3169   Cr: 14.9841 )
00000742: 16.4569   (Y': 17.7807   Cb: 14.2972   Cr: 14.9747 )
00000743: 16.4802   (Y': 17.7835   Cb: 14.3259   Cr: 15.0351 )
00000744: 16.4556   (Y': 17.7488   Cb: 14.3039   Cr: 15.0288 )
00000745: 16.441    (Y': 17.7098   Cb: 14.2924   Cr: 15.0633 )
00000746: 16.4596   (Y': 17.7435   Cb: 14.3387   Cr: 15.0166 )
00000747: 16.4417   (Y': 17.7343   Cb: 14.3079   Cr: 14.9954 )
00000748: 16.4357   (Y': 17.7132   Cb: 14.3154   Cr: 15.0058 )
00000749: 16.4313   (Y': 17.7337   Cb: 14.319    Cr: 14.9392 )
00000750: 16.4458   (Y': 17.7436   Cb: 14.3143   Cr: 14.9858 )
00000751: 16.4307   (Y': 17.7117   Cb: 14.3324   Cr: 14.9677 )
00000752: 16.4448   (Y': 17.7259   Cb: 14.3091   Cr: 15.025  )
00000753: 16.4338   (Y': 17.721    Cb: 14.3167   Cr: 14.9793 )
00000754: 16.4479   (Y': 17.7356   Cb: 14.3055   Cr: 15.0221 )
00000755: 16.4376   (Y': 17.7249   Cb: 14.2787   Cr: 15.0322 )
00000756: 16.4541   (Y': 17.7381   Cb: 14.3238   Cr: 15.0219 )
00000757: 16.448    (Y': 17.743    Cb: 14.2975   Cr: 15.016  )
00000758: 16.4999   (Y': 17.8355   Cb: 14.289    Cr: 15.0537 )
00000759: 16.5418   (Y': 17.8988   Cb: 14.368    Cr: 15.0072 )
00000760: 16.5223   (Y': 17.8842   Cb: 14.3378   Cr: 14.9905 )
00000762: 16.4936   (Y': 17.8273   Cb: 14.3294   Cr: 14.996  )
00000761: 16.4994   (Y': 17.8618   Cb: 14.3111   Cr: 14.9706 )
00000763: 16.5161   (Y': 17.8597   Cb: 14.3299   Cr: 15.0239 )
00000764: 16.4881   (Y': 17.848    Cb: 14.2821   Cr: 14.9853 )
00000765: 16.4859   (Y': 17.8301   Cb: 14.3039   Cr: 14.9873 )
00000766: 16.5165   (Y': 17.8636   Cb: 14.3027   Cr: 15.0493 )
00000767: 16.4918   (Y': 17.832    Cb: 14.3053   Cr: 15.0069 )
00000768: 16.4653   (Y': 17.8218   Cb: 14.2381   Cr: 14.9943 )
00000770: 16.5046   (Y': 17.8575   Cb: 14.2844   Cr: 15.0328 )
00000769: 16.5015   (Y': 17.8404   Cb: 14.3287   Cr: 15.0031 )
00000771: 16.4655   (Y': 17.8103   Cb: 14.29     Cr: 14.9581 )
00000772: 16.4991   (Y': 17.8115   Cb: 14.307    Cr: 15.0796 )
00000773: 16.495    (Y': 17.813    Cb: 14.3214   Cr: 15.0416 )
00000774: 16.477    (Y': 17.8275   Cb: 14.2462   Cr: 15.0229 )
00000775: 16.4779   (Y': 17.8405   Cb: 14.2725   Cr: 14.9686 )
00000776: 16.4977   (Y': 17.8326   Cb: 14.2931   Cr: 15.0451 )
00000778: 16.576    (Y': 17.9349   Cb: 14.3618   Cr: 15.0849 )
00000777: 16.5267   (Y': 17.8762   Cb: 14.3204   Cr: 15.0457 )
00000779: 16.5681   (Y': 17.9262   Cb: 14.3506   Cr: 15.0825 )
00000780: 16.5992   (Y': 17.961    Cb: 14.3786   Cr: 15.1094 )
00000781: 16.5727   (Y': 17.9232   Cb: 14.3685   Cr: 15.0872 )
00000782: 16.5646   (Y': 17.9033   Cb: 14.353    Cr: 15.1126 )
00000783: 16.5437   (Y': 17.8719   Cb: 14.3639   Cr: 15.076  )
00000784: 16.5369   (Y': 17.8751   Cb: 14.3462   Cr: 15.061  )
00000786: 16.5791   (Y': 17.9587   Cb: 14.3708   Cr: 15.0383 )
00000785: 16.5563   (Y': 17.9273   Cb: 14.339    Cr: 15.0437 )
00000787: 16.5786   (Y': 17.9475   Cb: 14.354    Cr: 15.0789 )
00000788: 16.6235   (Y': 17.9964   Cb: 14.3716   Cr: 15.148  )
00000789: 16.5977   (Y': 17.9609   Cb: 14.368    Cr: 15.1159 )
00000790: 16.5909   (Y': 17.9674   Cb: 14.3574   Cr: 15.0863 )
00000791: 16.5977   (Y': 17.9646   Cb: 14.3739   Cr: 15.1012 )
00000792: 16.566    (Y': 17.9114   Cb: 14.3652   Cr: 15.0873 )
00000793: 16.5584   (Y': 17.9153   Cb: 14.3294   Cr: 15.0889 )
00000794: 16.5436   (Y': 17.9129   Cb: 14.3018   Cr: 15.0634 )
00000795: 16.523    (Y': 17.85     Cb: 14.3439   Cr: 15.057  )
00000796: 16.513    (Y': 17.8532   Cb: 14.3488   Cr: 15.0019 )
00000797: 16.466    (Y': 17.8345   Cb: 14.2368   Cr: 14.9724 )
00000798: 16.5031   (Y': 17.8719   Cb: 14.248    Cr: 15.0401 )
00000799: 16.4695   (Y': 17.8287   Cb: 14.2491   Cr: 14.9848 )
00000800: 16.471    (Y': 17.7918   Cb: 14.3236   Cr: 14.9811 )
00000801: 16.4647   (Y': 17.8094   Cb: 14.2572   Cr: 14.9951 )
00000802: 16.4772   (Y': 17.8217   Cb: 14.3113   Cr: 14.9593 )
00000803: 16.4877   (Y': 17.8223   Cb: 14.2858   Cr: 15.0325 )
00000804: 16.4991   (Y': 17.8164   Cb: 14.3437   Cr: 15.0255 )
00000805: 16.4747   (Y': 17.8166   Cb: 14.2638   Cr: 15.0149 )
00000806: 16.4938   (Y': 17.8479   Cb: 14.2905   Cr: 14.9996 )
00000807: 16.5223   (Y': 17.8691   Cb: 14.3231   Cr: 15.0386 )
00000808: 16.5641   (Y': 17.9527   Cb: 14.3172   Cr: 15.0502 )
00000809: 16.5821   (Y': 17.9555   Cb: 14.3433   Cr: 15.0901 )
00000810: 16.5854   (Y': 17.9686   Cb: 14.3637   Cr: 15.0528 )
00000811: 16.5902   (Y': 17.9507   Cb: 14.3464   Cr: 15.1307 )
00000812: 16.5866   (Y': 17.96     Cb: 14.3895   Cr: 15.0454 )
00000813: 16.5705   (Y': 17.9332   Cb: 14.4078   Cr: 15.0114 )
00000814: 16.5395   (Y': 17.9131   Cb: 14.3317   Cr: 15.0103 )
00000815: 16.5855   (Y': 17.9438   Cb: 14.379    Cr: 15.0865 )
00000816: 16.5219   (Y': 17.8392   Cb: 14.3644   Cr: 15.051  )
00000817: 16.4737   (Y': 17.7835   Cb: 14.3386   Cr: 14.9922 )
00000818: 16.4611   (Y': 17.7821   Cb: 14.2966   Cr: 14.9906 )
00000819: 16.4538   (Y': 17.7477   Cb: 14.2991   Cr: 15.0294 )
00000820: 16.4614   (Y': 17.7533   Cb: 14.3404   Cr: 15.0015 )
00000821: 16.4968   (Y': 17.8197   Cb: 14.3301   Cr: 15.025  )
00000822: 16.5073   (Y': 17.8436   Cb: 14.3127   Cr: 15.0402 )
00000823: 16.4806   (Y': 17.8282   Cb: 14.3312   Cr: 14.9374 )
00000824: 16.4985   (Y': 17.8046   Cb: 14.3582   Cr: 15.031  )
00000825: 16.5116   (Y': 17.8296   Cb: 14.3392   Cr: 15.0568 )
00000826: 16.6152   (Y': 17.9935   Cb: 14.405    Cr: 15.0794 )
00000827: 16.6045   (Y': 17.961    Cb: 14.3543   Cr: 15.1614 )
00000828: 16.5396   (Y': 17.8905   Cb: 14.3323   Cr: 15.057  )
00000829: 16.5104   (Y': 17.8641   Cb: 14.2943   Cr: 15.0323 )
00000830: 16.5152   (Y': 17.8631   Cb: 14.2767   Cr: 15.0758 )
00000831: 16.5437   (Y': 17.908    Cb: 14.3229   Cr: 15.049  )
00000832: 16.5309   (Y': 17.8848   Cb: 14.3342   Cr: 15.0294 )
00000833: 16.5707   (Y': 17.9106   Cb: 14.3687   Cr: 15.1047 )
00000834: 16.5891   (Y': 17.921    Cb: 14.3821   Cr: 15.1458 )
00000835: 16.6063   (Y': 17.9336   Cb: 14.3948   Cr: 15.1779 )
00000836: 16.5536   (Y': 17.8742   Cb: 14.4135   Cr: 15.0554 )
00000837: 16.5356   (Y': 17.8446   Cb: 14.3473   Cr: 15.1185 )
00000838: 16.566    (Y': 17.8543   Cb: 14.4236   Cr: 15.1389 )
00000839: 16.5669   (Y': 17.881    Cb: 14.3757   Cr: 15.1424 )
00000840: 16.5783   (Y': 17.849    Cb: 14.4567   Cr: 15.1643 )
00000841: 16.5676   (Y': 17.8525   Cb: 14.4512   Cr: 15.1172 )
00000842: 16.5332   (Y': 17.8238   Cb: 14.4248   Cr: 15.0613 )
00000843: 16.4872   (Y': 17.7715   Cb: 14.345    Cr: 15.0684 )
00000844: 16.4976   (Y': 17.7804   Cb: 14.3894   Cr: 15.042  )
00000845: 16.4923   (Y': 17.7938   Cb: 14.3267   Cr: 15.0646 )
00000846: 16.4922   (Y': 17.8027   Cb: 14.31     Cr: 15.0649 )
00000847: 16.4503   (Y': 17.7531   Cb: 14.3001   Cr: 15.0015 )
00000848: 16.4815   (Y': 17.7636   Cb: 14.3425   Cr: 15.0635 )
00000849: 16.4719   (Y': 17.7645   Cb: 14.3505   Cr: 15.011  )
00000850: 16.5495   (Y': 17.8685   Cb: 14.3854   Cr: 15.0827 )
00000851: 16.537    (Y': 17.8499   Cb: 14.3493   Cr: 15.111  )
00000852: 16.5004   (Y': 17.8388   Cb: 14.2844   Cr: 15.0541 )
00000853: 16.5403   (Y': 17.8683   Cb: 14.3825   Cr: 15.0471 )
00000854: 16.533    (Y': 17.8658   Cb: 14.3433   Cr: 15.0672 )
00000855: 16.4636   (Y': 17.7837   Cb: 14.2913   Cr: 15.004  )
00000856: 16.4805   (Y': 17.8218   Cb: 14.3142   Cr: 14.9694 )
00000857: 16.509    (Y': 17.8505   Cb: 14.3087   Cr: 15.0377 )
00000858: 16.5102   (Y': 17.8614   Cb: 14.3292   Cr: 14.9961 )
00000859: 16.5277   (Y': 17.8818   Cb: 14.3131   Cr: 15.0467 )
00000860: 16.5077   (Y': 17.868    Cb: 14.3011   Cr: 15.0045 )
00000861: 16.4734   (Y': 17.8138   Cb: 14.2731   Cr: 15.0042 )
00000862: 16.4814   (Y': 17.8129   Cb: 14.3018   Cr: 15.0066 )
00000863: 16.4541   (Y': 17.7995   Cb: 14.24     Cr: 14.9909 )
00000864: 16.4756   (Y': 17.8221   Cb: 14.2958   Cr: 14.9696 )
00000865: 16.4659   (Y': 17.7784   Cb: 14.2915   Cr: 15.0252 )
00000866: 16.4829   (Y': 17.8282   Cb: 14.2777   Cr: 15.0096 )
00000867: 16.5346   (Y': 17.9138   Cb: 14.3027   Cr: 15.0226 )
00000868: 16.4947   (Y': 17.8273   Cb: 14.3002   Cr: 15.0349 )
00000869: 16.5256   (Y': 17.8775   Cb: 14.302    Cr: 15.06   )
00000870: 16.5651   (Y': 17.9062   Cb: 14.3968   Cr: 15.0571 )
00000871: 16.5676   (Y': 17.9071   Cb: 14.368    Cr: 15.0994 )
00000872: 16.4993   (Y': 17.8322   Cb: 14.3286   Cr: 15.0111 )
00000873: 16.49     (Y': 17.8211   Cb: 14.289    Cr: 15.0414 )
00000874: 16.5027   (Y': 17.8109   Cb: 14.3484   Cr: 15.047  )
00000875: 16.4909   (Y': 17.784    Cb: 14.335    Cr: 15.0694 )
00000876: 16.4453   (Y': 17.744    Cb: 14.2871   Cr: 15.0148 )
00000877: 16.4641   (Y': 17.7946   Cb: 14.3107   Cr: 14.9609 )
00000878: 16.5036   (Y': 17.8182   Cb: 14.3492   Cr: 15.0347 )
00000879: 16.4991   (Y': 17.8338   Cb: 14.3026   Cr: 15.0376 )
00000880: 16.4825   (Y': 17.8001   Cb: 14.3013   Cr: 15.0386 )
00000881: 16.4853   (Y': 17.8132   Cb: 14.3063   Cr: 15.0173 )
00000882: 16.4829   (Y': 17.8126   Cb: 14.2993   Cr: 15.0164 )
00000883: 16.4519   (Y': 17.7569   Cb: 14.2644   Cr: 15.0424 )
00000884: 16.4848   (Y': 17.7914   Cb: 14.3243   Cr: 15.0402 )
00000885: 16.5014   (Y': 17.8006   Cb: 14.3445   Cr: 15.0679 )
00000886: 16.6068   (Y': 17.9498   Cb: 14.4191   Cr: 15.1175 )
00000887: 16.4952   (Y': 17.7957   Cb: 14.3413   Cr: 15.0556 )
00000888: 16.4609   (Y': 17.7563   Cb: 14.3232   Cr: 15.0129 )
00000889: 16.4805   (Y': 17.7721   Cb: 14.3266   Cr: 15.0601 )
00000890: 16.4523   (Y': 17.7509   Cb: 14.3092   Cr: 15.004  )
00000891: 16.5021   (Y': 17.7991   Cb: 14.35     Cr: 15.0679 )
00000893: 16.5674   (Y': 17.8688   Cb: 14.3864   Cr: 15.1579 )
00000892: 16.5231   (Y': 17.7931   Cb: 14.3956   Cr: 15.1176 )
00000894: 16.5995   (Y': 17.9314   Cb: 14.3913   Cr: 15.1579 )
00000895: 16.5952   (Y': 17.9019   Cb: 14.433    Cr: 15.1523 )
00000896: 16.5477   (Y': 17.8431   Cb: 14.4012   Cr: 15.1101 )
00000897: 16.5335   (Y': 17.83     Cb: 14.4032   Cr: 15.0746 )
00000898: 16.5595   (Y': 17.8483   Cb: 14.39     Cr: 15.1634 )
00000899: 16.5693   (Y': 17.885    Cb: 14.3508   Cr: 15.1742 )
00000900: 16.5631   (Y': 17.8874   Cb: 14.3877   Cr: 15.0983 )
00000901: 16.523    (Y': 17.8225   Cb: 14.3751   Cr: 15.0784 )
00000902: 16.4782   (Y': 17.7787   Cb: 14.3399   Cr: 15.0203 )
00000903: 16.5522   (Y': 17.8546   Cb: 14.4094   Cr: 15.0954 )
00000904: 16.4988   (Y': 17.7962   Cb: 14.3818   Cr: 15.0225 )
00000905: 16.5622   (Y': 17.8706   Cb: 14.4258   Cr: 15.0853 )
00000906: 16.5612   (Y': 17.8566   Cb: 14.3785   Cr: 15.1668 )
00000907: 16.5944   (Y': 17.9081   Cb: 14.4357   Cr: 15.1325 )
00000908: 16.553    (Y': 17.8626   Cb: 14.4044   Cr: 15.0882 )
00000909: 16.5419   (Y': 17.8464   Cb: 14.3687   Cr: 15.1165 )
00000910: 16.4825   (Y': 17.7811   Cb: 14.325    Cr: 15.051  )
00000911: 16.4326   (Y': 17.7328   Cb: 14.2882   Cr: 14.9822 )
00000912: 16.534    (Y': 17.837    Cb: 14.3587   Cr: 15.1144 )
00000913: 16.452    (Y': 17.7398   Cb: 14.2885   Cr: 15.0509 )
00000914: 16.4844   (Y': 17.7993   Cb: 14.3281   Cr: 15.0172 )
00000915: 16.4441   (Y': 17.7095   Cb: 14.3548   Cr: 15.0039 )
00000916: 16.471    (Y': 17.7614   Cb: 14.3274   Cr: 15.0408 )
00000917: 16.5113   (Y': 17.8307   Cb: 14.3659   Cr: 15.0219 )
00000918: 16.5207   (Y': 17.8265   Cb: 14.366    Cr: 15.0709 )
00000919: 16.4655   (Y': 17.7524   Cb: 14.345    Cr: 15.0156 )
00000920: 16.6416   (Y': 17.9845   Cb: 14.4528   Cr: 15.1538 )
00000921: 16.6303   (Y': 17.9581   Cb: 14.4356   Cr: 15.1812 )
00000922: 16.6769   (Y': 17.9491   Cb: 14.5244   Cr: 15.2966 )
00000923: 16.6326   (Y': 17.9594   Cb: 14.431    Cr: 15.1936 )
00000924: 16.5631   (Y': 17.8955   Cb: 14.3605   Cr: 15.1136 )
00000925: 16.5933   (Y': 17.9046   Cb: 14.3876   Cr: 15.1921 )
00000926: 16.4969   (Y': 17.8097   Cb: 14.3467   Cr: 15.027  )
00000927: 16.5002   (Y': 17.8087   Cb: 14.3546   Cr: 15.0338 )
00000928: 16.4945   (Y': 17.8098   Cb: 14.3405   Cr: 15.0236 )
00000929: 16.4523   (Y': 17.7443   Cb: 14.3283   Cr: 14.9956 )
00000930: 16.498    (Y': 17.7716   Cb: 14.3766   Cr: 15.0774 )
00000931: 16.5839   (Y': 17.9203   Cb: 14.3981   Cr: 15.106  )
00000932: 16.4907   (Y': 17.8141   Cb: 14.3042   Cr: 15.041  )
00000933: 16.4296   (Y': 17.7192   Cb: 14.3081   Cr: 14.9751 )
00000934: 16.4466   (Y': 17.7204   Cb: 14.3365   Cr: 15.0126 )
00000935: 16.4281   (Y': 17.7205   Cb: 14.3053   Cr: 14.9692 )
00000936: 16.4376   (Y': 17.7492   Cb: 14.3019   Cr: 14.9531 )
00000937: 16.4802   (Y': 17.7971   Cb: 14.2987   Cr: 15.0383 )
00000938: 16.4597   (Y': 17.7784   Cb: 14.3032   Cr: 14.9844 )
00000939: 16.4512   (Y': 17.7526   Cb: 14.2597   Cr: 15.0546 )
00000940: 16.4426   (Y': 17.7266   Cb: 14.3352   Cr: 14.9838 )
00000942: 16.4934   (Y': 17.7862   Cb: 14.3305   Cr: 15.081  )
00000941: 16.4508   (Y': 17.7546   Cb: 14.2956   Cr: 15.0055 )
00000943: 16.4933   (Y': 17.802    Cb: 14.3313   Cr: 15.046  )
00000944: 16.4446   (Y': 17.7642   Cb: 14.2697   Cr: 14.9894 )
00000945: 16.4596   (Y': 17.7696   Cb: 14.2988   Cr: 15.008  )
00000946: 16.4598   (Y': 17.7751   Cb: 14.2829   Cr: 15.0157 )
00000947: 16.4893   (Y': 17.8527   Cb: 14.2521   Cr: 15.0161 )
00000948: 16.5161   (Y': 17.8651   Cb: 14.3193   Cr: 15.0247 )
00000949: 16.47     (Y': 17.7943   Cb: 14.3317   Cr: 14.9617 )
00000950: 16.4706   (Y': 17.8171   Cb: 14.2648   Cr: 14.9954 )
00000951: 16.5253   (Y': 17.8734   Cb: 14.3075   Cr: 15.061  )
00000952: 16.4826   (Y': 17.8029   Cb: 14.3419   Cr: 14.9857 )
00000953: 16.4801   (Y': 17.8065   Cb: 14.3297   Cr: 14.9817 )
00000954: 16.4516   (Y': 17.7618   Cb: 14.241    Cr: 15.0589 )
00000955: 16.4699   (Y': 17.7885   Cb: 14.3178   Cr: 14.9899 )
00000956: 16.4727   (Y': 17.8193   Cb: 14.2753   Cr: 14.9871 )
00000957: 16.4517   (Y': 17.7867   Cb: 14.2841   Cr: 14.9556 )
00000958: 16.4698   (Y': 17.8287   Cb: 14.2761   Cr: 14.9546 )
00000959: 16.4485   (Y': 17.7862   Cb: 14.2941   Cr: 14.9315 )
00000960: 16.4698   (Y': 17.794    Cb: 14.3027   Cr: 14.9957 )
00000961: 16.4462   (Y': 17.7791   Cb: 14.268    Cr: 14.9669 )
00000962: 16.4535   (Y': 17.793    Cb: 14.2739   Cr: 14.962  )
00000963: 16.4564   (Y': 17.7957   Cb: 14.2768   Cr: 14.9652 )
00000964: 16.4528   (Y': 17.7804   Cb: 14.2823   Cr: 14.9756 )
00000965: 16.4571   (Y': 17.794    Cb: 14.2288   Cr: 15.0288 )
00000966: 16.4558   (Y': 17.7521   Cb: 14.3155   Cr: 15.0093 )
00000967: 16.4763   (Y': 17.8124   Cb: 14.2553   Cr: 15.0407 )
00000968: 16.4642   (Y': 17.7998   Cb: 14.2852   Cr: 14.98   )
00000969: 16.4467   (Y': 17.7864   Cb: 14.2529   Cr: 14.9712 )
00000970: 16.4439   (Y': 17.7768   Cb: 14.2442   Cr: 14.9901 )
00000971: 16.4257   (Y': 17.7593   Cb: 14.2408   Cr: 14.9527 )
00000972: 16.4633   (Y': 17.8004   Cb: 14.2674   Cr: 14.9961 )
00000973: 16.4421   (Y': 17.7581   Cb: 14.2561   Cr: 15.0077 )
00000974: 16.4565   (Y': 17.8015   Cb: 14.2677   Cr: 14.9641 )
00000975: 16.4291   (Y': 17.774    Cb: 14.218    Cr: 14.9635 )
00000976: 16.4367   (Y': 17.7597   Cb: 14.292    Cr: 14.9389 )
00000977: 16.4589   (Y': 17.7966   Cb: 14.2865   Cr: 14.9626 )
00000978: 16.4522   (Y': 17.7964   Cb: 14.2617   Cr: 14.9637 )
00000979: 16.4494   (Y': 17.796    Cb: 14.2773   Cr: 14.9342 )
00000980: 16.4614   (Y': 17.7872   Cb: 14.2788   Cr: 15.0022 )
00000981: 16.4455   (Y': 17.7754   Cb: 14.2762   Cr: 14.9617 )
00000982: 16.4429   (Y': 17.7805   Cb: 14.2404   Cr: 14.9824 )
00000983: 16.4528   (Y': 17.7828   Cb: 14.2536   Cr: 15.0043 )
00000984: 16.4351   (Y': 17.7867   Cb: 14.2427   Cr: 14.9335 )
00000985: 16.4252   (Y': 17.787    Cb: 14.2181   Cr: 14.9197 )
00000986: 16.4642   (Y': 17.774    Cb: 14.3204   Cr: 14.9932 )
00000987: 16.4547   (Y': 17.7922   Cb: 14.2374   Cr: 15.0119 )
00000988: 16.4668   (Y': 17.7973   Cb: 14.2898   Cr: 14.9912 )
00000989: 16.4568   (Y': 17.7793   Cb: 14.2577   Cr: 15.0238 )
00000990: 16.444    (Y': 17.7646   Cb: 14.2679   Cr: 14.9878 )
00000991: 16.4474   (Y': 17.7876   Cb: 14.2574   Cr: 14.9668 )
00000992: 16.4444   (Y': 17.7696   Cb: 14.2639   Cr: 14.9838 )
00000993: 16.4609   (Y': 17.8084   Cb: 14.2617   Cr: 14.9757 )
00000994: 16.4538   (Y': 17.7957   Cb: 14.2606   Cr: 14.9733 )
00000995: 16.4531   (Y': 17.8005   Cb: 14.2517   Cr: 14.9704 )
Total: 16.5004   (Y': 17.8345   Cb: 14.3279   Cr: 15.0117 )
