00000000: 31.7036   (Y': 40.8341   Cb: 27.3013   Cr: 27.3013 )
00000001: 12.4642   (Y': 11.9301   Cb: 14.2047   Cr: 13.3967 )
00000002: 12.4806   (Y': 11.9245   Cb: 14.2719   Cr: 13.4955 )
00000004: 12.4703   (Y': 11.9738   Cb: 14.0858   Cr: 13.2998 )
00000003: 12.4424   (Y': 11.944    Cb: 14.0389   Cr: 13.2978 )
00000005: 12.426    (Y': 11.9305   Cb: 14.0649   Cr: 13.2304 )
00000006: 12.398    (Y': 11.9886   Cb: 13.7586   Cr: 12.985  )
00000007: 12.415    (Y': 12.0223   Cb: 13.7134   Cr: 12.9712 )
00000008: 12.5048   (Y': 12.0802   Cb: 13.9245   Cr: 13.1193 )
00000009: 12.4923   (Y': 12.0784   Cb: 13.8334   Cr: 13.1186 )
00000010: 12.4474   (Y': 12.0246   Cb: 13.7997   Cr: 13.1098 )
00000011: 12.4525   (Y': 12.0297   Cb: 13.8542   Cr: 13.0729 )
00000012: 12.4844   (Y': 12.0542   Cb: 13.9039   Cr: 13.128  )
00000013: 12.4267   (Y': 11.9833   Cb: 13.8697   Cr: 13.1184 )
00000014: 12.4335   (Y': 11.9854   Cb: 13.8591   Cr: 13.1647 )
00000015: 12.4372   (Y': 11.9849   Cb: 13.9742   Cr: 13.0975 )
00000016: 12.4197   (Y': 11.9759   Cb: 13.838    Cr: 13.1343 )
00000019: 12.4988   (Y': 12.0814   Cb: 13.8279   Cr: 13.1533 )
00000017: 12.4638   (Y': 12.0319   Cb: 13.8897   Cr: 13.1108 )
00000018: 12.4714   (Y': 12.0455   Cb: 13.9016   Cr: 13.0845 )
00000020: 12.4465   (Y': 12.0056   Cb: 13.8891   Cr: 13.1255 )
00000021: 12.4618   (Y': 12.0416   Cb: 13.8711   Cr: 13.063  )
00000022: 12.4289   (Y': 11.9996   Cb: 13.8237   Cr: 13.0885 )
00000023: 12.453    (Y': 12.0328   Cb: 13.8494   Cr: 13.0652 )
00000024: 12.4382   (Y': 12.0169   Cb: 13.8091   Cr: 13.0773 )
00000026: 12.4464   (Y': 12.0102   Cb: 13.8413   Cr: 13.1413 )
00000025: 12.4738   (Y': 12.0535   Cb: 13.8356   Cr: 13.1154 )
00000027: 12.4402   (Y': 11.9945   Cb: 13.8461   Cr: 13.175  )
00000028: 12.4518   (Y': 12.0112   Cb: 13.9114   Cr: 13.1152 )
00000029: 12.4987   (Y': 12.0776   Cb: 13.8452   Cr: 13.1569 )
00000030: 12.4546   (Y': 12.0369   Cb: 13.7563   Cr: 13.1337 )
00000031: 12.4907   (Y': 12.0678   Cb: 13.8742   Cr: 13.1266 )
00000032: 12.46     (Y': 12.0279   Cb: 13.886    Cr: 13.1077 )
00000034: 12.4478   (Y': 12.0214   Cb: 13.8431   Cr: 13.0925 )
00000033: 12.4511   (Y': 12.0248   Cb: 13.8366   Cr: 13.1026 )
00000035: 12.4583   (Y': 12.0255   Cb: 13.8199   Cr: 13.1641 )
00000036: 12.4797   (Y': 12.0601   Cb: 13.8517   Cr: 13.1087 )
00000037: 12.4071   (Y': 11.9617   Cb: 13.8689   Cr: 13.0935 )
00000038: 12.4631   (Y': 12.0366   Cb: 13.8248   Cr: 13.1362 )
00000039: 12.4724   (Y': 12.0679   Cb: 13.7755   Cr: 13.0834 )
00000040: 12.4329   (Y': 11.9958   Cb: 13.8597   Cr: 13.1055 )
00000041: 12.4577   (Y': 12.039    Cb: 13.7706   Cr: 13.1328 )
00000043: 12.4199   (Y': 11.9899   Cb: 13.7847   Cr: 13.109  )
00000042: 12.4149   (Y': 11.9815   Cb: 13.8332   Cr: 13.0763 )
00000044: 12.419    (Y': 11.9978   Cb: 13.7739   Cr: 13.0714 )
00000046: 12.4364   (Y': 12.0146   Cb: 13.7813   Cr: 13.0999 )
00000045: 12.4522   (Y': 12.0269   Cb: 13.8376   Cr: 13.0996 )
00000047: 12.5135   (Y': 12.1043   Cb: 13.8196   Cr: 13.1462 )
00000048: 12.4649   (Y': 12.0477   Cb: 13.8362   Cr: 13.0824 )
00000049: 12.4901   (Y': 12.0623   Cb: 13.8644   Cr: 13.1595 )
00000050: 12.4649   (Y': 12.0428   Cb: 13.844    Cr: 13.1005 )
00000051: 12.4242   (Y': 11.9972   Cb: 13.8046   Cr: 13.0844 )
00000053: 12.4796   (Y': 12.0603   Cb: 13.8501   Cr: 13.1082 )
00000052: 12.4863   (Y': 12.0522   Cb: 13.9152   Cr: 13.1414 )
00000054: 12.45     (Y': 12.0392   Cb: 13.7304   Cr: 13.1126 )
00000055: 12.4565   (Y': 12.0387   Cb: 13.7562   Cr: 13.1383 )
00000056: 12.4818   (Y': 12.0573   Cb: 13.8364   Cr: 13.1512 )
00000058: 12.4673   (Y': 12.0304   Cb: 13.9362   Cr: 13.1045 )
00000057: 12.4967   (Y': 12.0923   Cb: 13.8224   Cr: 13.0878 )
00000059: 12.4348   (Y': 12.0161   Cb: 13.8388   Cr: 13.0325 )
00000061: 12.4869   (Y': 12.0809   Cb: 13.8198   Cr: 13.08   )
00000060: 12.4551   (Y': 12.0323   Cb: 13.8257   Cr: 13.1018 )
00000062: 12.4752   (Y': 12.062    Cb: 13.8264   Cr: 13.0893 )
00000063: 12.5191   (Y': 12.0991   Cb: 13.9174   Cr: 13.1284 )
00000064: 12.5679   (Y': 12.1921   Cb: 13.8592   Cr: 13.046  )
00000065: 12.6897   (Y': 12.3191   Cb: 13.9338   Cr: 13.1821 )
00000066: 12.7365   (Y': 12.3604   Cb: 14.0067   Cr: 13.2337 )
00000067: 12.794    (Y': 12.4545   Cb: 13.9444   Cr: 13.2155 )
00000068: 12.7528   (Y': 12.3925   Cb: 13.9983   Cr: 13.1947 )
00000069: 12.7401   (Y': 12.3958   Cb: 13.9243   Cr: 13.1558 )
00000070: 12.7616   (Y': 12.4315   Cb: 13.9404   Cr: 13.1153 )
00000071: 12.6901   (Y': 12.3353   Cb: 13.8542   Cr: 13.1737 )
00000072: 12.66     (Y': 12.2867   Cb: 13.8914   Cr: 13.1762 )
00000073: 12.6508   (Y': 12.3055   Cb: 13.817    Cr: 13.0866 )
00000075: 12.6447   (Y': 12.273    Cb: 13.8216   Cr: 13.2003 )
00000074: 12.644    (Y': 12.2748   Cb: 13.9311   Cr: 13.0939 )
00000076: 12.609    (Y': 12.2377   Cb: 13.8336   Cr: 13.1215 )
00000077: 12.6733   (Y': 12.294    Cb: 13.9425   Cr: 13.1873 )
00000078: 12.6641   (Y': 12.3103   Cb: 13.8538   Cr: 13.1211 )
00000079: 12.6791   (Y': 12.3189   Cb: 13.9508   Cr: 13.0986 )
00000080: 12.6641   (Y': 12.2918   Cb: 13.9275   Cr: 13.149  )
00000081: 12.6328   (Y': 12.2592   Cb: 13.8646   Cr: 13.1501 )
00000082: 12.6036   (Y': 12.2406   Cb: 13.8281   Cr: 13.0762 )
00000083: 12.6221   (Y': 12.2711   Cb: 13.8043   Cr: 13.072  )
00000084: 12.6717   (Y': 12.3208   Cb: 13.8913   Cr: 13.0895 )
00000085: 12.6847   (Y': 12.3187   Cb: 13.9134   Cr: 13.168  )
00000086: 12.6569   (Y': 12.3014   Cb: 13.8586   Cr: 13.1123 )
00000087: 12.6122   (Y': 12.2469   Cb: 13.8079   Cr: 13.1202 )
00000088: 12.6777   (Y': 12.3254   Cb: 13.8704   Cr: 13.1254 )
00000089: 12.7278   (Y': 12.4077   Cb: 13.828    Cr: 13.1004 )
00000091: 12.6557   (Y': 12.3184   Cb: 13.7955   Cr: 13.0759 )
00000090: 12.7472   (Y': 12.4395   Cb: 13.8027   Cr: 13.0993 )
00000092: 12.6251   (Y': 12.2907   Cb: 13.7411   Cr: 13.0514 )
00000093: 12.6219   (Y': 12.2818   Cb: 13.7431   Cr: 13.0717 )
00000094: 12.6816   (Y': 12.3428   Cb: 13.7789   Cr: 13.1457 )
00000095: 12.663    (Y': 12.3365   Cb: 13.7584   Cr: 13.0699 )
00000096: 12.6474   (Y': 12.3003   Cb: 13.8766   Cr: 13.0391 )
00000097: 12.6456   (Y': 12.3015   Cb: 13.7758   Cr: 13.1063 )
00000099: 12.6185   (Y': 12.2705   Cb: 13.7715   Cr: 13.0789 )
00000098: 12.6304   (Y': 12.2938   Cb: 13.7576   Cr: 13.0578 )
00000100: 12.5878   (Y': 12.3167   Cb: 13.7744   Cr: 12.6691 )
00000101: 12.5427   (Y': 12.2906   Cb: 13.6252   Cr: 12.6241 )
00000102: 12.6053   (Y': 12.3211   Cb: 13.8023   Cr: 12.7355 )
00000103: 12.5932   (Y': 12.2967   Cb: 13.7326   Cr: 12.8245 )
00000104: 12.6429   (Y': 12.2957   Cb: 13.8688   Cr: 13.0382 )
00000105: 12.6365   (Y': 12.2922   Cb: 13.7711   Cr: 13.0945 )
00000106: 12.6647   (Y': 12.3344   Cb: 13.7709   Cr: 13.0801 )
00000107: 12.6772   (Y': 12.3488   Cb: 13.8372   Cr: 13.0384 )
00000108: 12.6462   (Y': 12.3023   Cb: 13.7693   Cr: 13.1124 )
00000109: 12.5957   (Y': 12.2408   Cb: 13.7519   Cr: 13.0861 )
00000110: 12.6237   (Y': 12.277    Cb: 13.7738   Cr: 13.0799 )
00000111: 12.6511   (Y': 12.3032   Cb: 13.8512   Cr: 13.0707 )
00000112: 12.5965   (Y': 12.2541   Cb: 13.7524   Cr: 13.0272 )
00000113: 12.6431   (Y': 12.3053   Cb: 13.7497   Cr: 13.0941 )
00000114: 12.6285   (Y': 12.2778   Cb: 13.7658   Cr: 13.1149 )
00000116: 12.6722   (Y': 12.3361   Cb: 13.8098   Cr: 13.0887 )
00000115: 12.648    (Y': 12.3213   Cb: 13.7617   Cr: 13.0396 )
00000117: 12.681    (Y': 12.353    Cb: 13.8192   Cr: 13.0583 )
00000118: 12.6465   (Y': 12.296    Cb: 13.8718   Cr: 13.0582 )
00000119: 12.6163   (Y': 12.257    Cb: 13.7766   Cr: 13.1251 )
00000120: 12.6251   (Y': 12.2753   Cb: 13.8336   Cr: 13.0473 )
00000121: 12.6212   (Y': 12.2822   Cb: 13.7885   Cr: 13.0262 )
00000122: 12.6194   (Y': 12.2721   Cb: 13.8334   Cr: 13.0252 )
00000123: 12.6294   (Y': 12.2692   Cb: 13.8449   Cr: 13.0956 )
00000124: 12.6033   (Y': 12.2512   Cb: 13.8413   Cr: 13.0122 )
00000126: 12.6535   (Y': 12.3235   Cb: 13.8417   Cr: 12.9987 )
00000125: 12.6467   (Y': 12.2907   Cb: 13.9152   Cr: 13.0484 )
00000127: 12.649    (Y': 12.3036   Cb: 13.8235   Cr: 13.0788 )
00000128: 12.5875   (Y': 12.241    Cb: 13.756    Cr: 13.0274 )
00000129: 12.5987   (Y': 12.2455   Cb: 13.7498   Cr: 13.0856 )
00000130: 12.5662   (Y': 12.2015   Cb: 13.76     Cr: 13.0731 )
00000131: 12.6128   (Y': 12.2693   Cb: 13.743    Cr: 13.0705 )
00000132: 12.6057   (Y': 12.2593   Cb: 13.7871   Cr: 13.034  )
00000133: 12.6198   (Y': 12.2816   Cb: 13.7869   Cr: 13.0212 )
00000134: 12.6636   (Y': 12.3227   Cb: 13.8434   Cr: 13.0668 )
00000135: 12.6102   (Y': 12.2612   Cb: 13.7944   Cr: 13.0491 )
00000136: 12.6254   (Y': 12.2722   Cb: 13.7649   Cr: 13.1222 )
00000137: 12.6074   (Y': 12.2681   Cb: 13.7792   Cr: 13.0099 )
00000138: 12.5987   (Y': 12.2631   Cb: 13.7781   Cr: 12.9778 )
00000140: 12.6118   (Y': 12.2718   Cb: 13.7588   Cr: 13.0388 )
00000139: 12.6021   (Y': 12.2616   Cb: 13.7859   Cr: 13.0006 )
00000141: 12.5817   (Y': 12.2252   Cb: 13.7913   Cr: 13.035  )
00000142: 12.581    (Y': 12.2283   Cb: 13.7394   Cr: 13.0589 )
00000143: 12.5864   (Y': 12.215    Cb: 13.8229   Cr: 13.0893 )
00000144: 12.6057   (Y': 12.2641   Cb: 13.7533   Cr: 13.0395 )
00000145: 12.5916   (Y': 12.2519   Cb: 13.7963   Cr: 12.9688 )
00000146: 12.6087   (Y': 12.2472   Cb: 13.8523   Cr: 13.0574 )
00000147: 12.6099   (Y': 12.2669   Cb: 13.7585   Cr: 13.0495 )
00000149: 12.5897   (Y': 12.2444   Cb: 13.7506   Cr: 13.03   )
00000150: 12.5965   (Y': 12.2431   Cb: 13.8208   Cr: 13.0225 )
00000148: 12.6219   (Y': 12.2823   Cb: 13.8101   Cr: 13.0123 )
00000151: 12.6073   (Y': 12.2602   Cb: 13.7722   Cr: 13.0533 )
00000152: 12.581    (Y': 12.2234   Cb: 13.7546   Cr: 13.0699 )
00000153: 12.5586   (Y': 12.2141   Cb: 13.707    Cr: 13.0057 )
00000154: 12.5934   (Y': 12.2466   Cb: 13.7639   Cr: 13.0329 )
00000155: 12.6053   (Y': 12.2534   Cb: 13.8497   Cr: 13.0073 )
00000156: 12.6176   (Y': 12.2818   Cb: 13.7628   Cr: 13.0262 )
00000157: 12.6191   (Y': 12.2968   Cb: 13.7234   Cr: 12.9987 )
00000158: 12.5965   (Y': 12.2329   Cb: 13.8399   Cr: 13.0558 )
00000159: 12.5956   (Y': 12.2542   Cb: 13.7587   Cr: 13.0158 )
00000160: 12.5795   (Y': 12.2293   Cb: 13.8018   Cr: 12.9918 )
00000161: 12.6179   (Y': 12.2796   Cb: 13.7679   Cr: 13.0344 )
00000162: 12.606    (Y': 12.2484   Cb: 13.8168   Cr: 13.0639 )
00000163: 12.5874   (Y': 12.2278   Cb: 13.8325   Cr: 13.026  )
00000164: 12.6065   (Y': 12.2603   Cb: 13.7736   Cr: 13.0462 )
00000165: 12.6047   (Y': 12.2324   Cb: 13.911    Cr: 13.0539 )
00000166: 12.6713   (Y': 12.3136   Cb: 13.9225   Cr: 13.096  )
00000167: 12.6018   (Y': 12.2429   Cb: 13.8057   Cr: 13.0715 )
00000168: 12.5972   (Y': 12.2508   Cb: 13.7962   Cr: 13.0112 )
00000169: 12.6321   (Y': 12.2799   Cb: 13.9367   Cr: 12.9869 )
00000170: 12.6601   (Y': 12.306    Cb: 13.9471   Cr: 13.0376 )
00000171: 12.6096   (Y': 12.2732   Cb: 13.7337   Cr: 13.039  )
00000172: 12.6179   (Y': 12.2775   Cb: 13.81     Cr: 13.0086 )
00000173: 12.6572   (Y': 12.3339   Cb: 13.7967   Cr: 13.0111 )
00000174: 12.6508   (Y': 12.2933   Cb: 13.9225   Cr: 13.0573 )
00000175: 12.6112   (Y': 12.2411   Cb: 13.9055   Cr: 13.0595 )
00000176: 12.6278   (Y': 12.2864   Cb: 13.8283   Cr: 13.0167 )
00000177: 12.6161   (Y': 12.2777   Cb: 13.7793   Cr: 13.0217 )
00000178: 12.6329   (Y': 12.2662   Cb: 13.9055   Cr: 13.0829 )
00000179: 12.6982   (Y': 12.3473   Cb: 13.9591   Cr: 13.0827 )
00000180: 12.6873   (Y': 12.362    Cb: 13.8382   Cr: 13.0412 )
00000182: 12.61     (Y': 12.2461   Cb: 13.8915   Cr: 13.0387 )
00000181: 12.6206   (Y': 12.278    Cb: 13.8309   Cr: 13.007  )
00000183: 12.6339   (Y': 12.311    Cb: 13.7687   Cr: 12.9903 )
00000184: 12.6864   (Y': 12.353    Cb: 13.8949   Cr: 13.0308 )
00000185: 12.7534   (Y': 12.4358   Cb: 13.8191   Cr: 13.1435 )
00000186: 12.6702   (Y': 12.3186   Cb: 13.9445   Cr: 13.0463 )
00000187: 12.6771   (Y': 12.3295   Cb: 13.8669   Cr: 13.1043 )
00000188: 12.6856   (Y': 12.3552   Cb: 13.9098   Cr: 13.0034 )
00000189: 12.6724   (Y': 12.303    Cb: 13.9263   Cr: 13.1507 )
00000190: 12.6552   (Y': 12.3054   Cb: 13.8731   Cr: 13.069  )
00000191: 12.5988   (Y': 12.2391   Cb: 13.8174   Cr: 13.0597 )
00000192: 12.6691   (Y': 12.3063   Cb: 13.9272   Cr: 13.1122 )
00000193: 12.6921   (Y': 12.3588   Cb: 13.8318   Cr: 13.0937 )
00000194: 12.6826   (Y': 12.3441   Cb: 13.8572   Cr: 13.0791 )
00000195: 12.6109   (Y': 12.2522   Cb: 13.788    Cr: 13.1022 )
00000196: 12.5971   (Y': 12.2297   Cb: 13.8691   Cr: 13.0511 )
00000198: 12.5849   (Y': 12.2146   Cb: 13.83     Cr: 13.0754 )
00000197: 12.6217   (Y': 12.2793   Cb: 13.7449   Cr: 13.0804 )
00000199: 12.5908   (Y': 12.2293   Cb: 13.8809   Cr: 13.0017 )
00000200: 12.6278   (Y': 12.274    Cb: 13.8654   Cr: 13.0443 )
00000201: 12.6382   (Y': 12.2972   Cb: 13.8463   Cr: 13.0186 )
00000202: 12.666    (Y': 12.3286   Cb: 13.8315   Cr: 13.0648 )
00000203: 12.5915   (Y': 12.2317   Cb: 13.796    Cr: 13.0647 )
00000204: 12.6128   (Y': 12.2283   Cb: 13.9465   Cr: 13.0986 )
00000205: 12.6995   (Y': 12.3927   Cb: 13.832    Cr: 12.9832 )
00000206: 12.5901   (Y': 12.2158   Cb: 13.8585   Cr: 13.0807 )
00000207: 12.5359   (Y': 12.1642   Cb: 13.7981   Cr: 13.019  )
00000208: 12.7308   (Y': 12.4102   Cb: 13.8267   Cr: 13.1091 )
00000209: 12.6465   (Y': 12.3055   Cb: 13.8439   Cr: 13.0359 )
00000210: 12.602    (Y': 12.2562   Cb: 13.7828   Cr: 13.0282 )
00000211: 12.6408   (Y': 12.2943   Cb: 13.8109   Cr: 13.0794 )
00000212: 12.7267   (Y': 12.3988   Cb: 13.8988   Cr: 13.0757 )
00000214: 12.7369   (Y': 12.4074   Cb: 13.9312   Cr: 13.0746 )
00000213: 12.6618   (Y': 12.3073   Cb: 13.9262   Cr: 13.0599 )
00000215: 12.7223   (Y': 12.3933   Cb: 13.8774   Cr: 13.0904 )
00000216: 12.7307   (Y': 12.3941   Cb: 13.9334   Cr: 13.0949 )
00000217: 12.6703   (Y': 12.3166   Cb: 13.8802   Cr: 13.1097 )
00000218: 12.7      (Y': 12.3426   Cb: 13.9569   Cr: 13.1178 )
00000219: 12.7577   (Y': 12.4044   Cb: 14.0095   Cr: 13.1608 )
00000220: 12.7451   (Y': 12.4286   Cb: 13.8234   Cr: 13.1191 )
00000221: 12.7666   (Y': 12.423    Cb: 13.9557   Cr: 13.1752 )
00000222: 12.7077   (Y': 12.3653   Cb: 13.8983   Cr: 13.1095 )
00000223: 12.7458   (Y': 12.4139   Cb: 13.8935   Cr: 13.1335 )
00000224: 12.7308   (Y': 12.38     Cb: 13.9286   Cr: 13.1666 )
00000225: 12.7196   (Y': 12.3817   Cb: 13.8733   Cr: 13.131  )
00000226: 12.6639   (Y': 12.2886   Cb: 13.9568   Cr: 13.1388 )
00000227: 12.6643   (Y': 12.2894   Cb: 14.0047   Cr: 13.0984 )
00000228: 12.6449   (Y': 12.2632   Cb: 13.9191   Cr: 13.1667 )
00000229: 12.6887   (Y': 12.3216   Cb: 13.9723   Cr: 13.1318 )
00000230: 12.6743   (Y': 12.3229   Cb: 13.9471   Cr: 13.051  )
00000231: 12.682    (Y': 12.3288   Cb: 13.9312   Cr: 13.0862 )
00000232: 12.7074   (Y': 12.324    Cb: 14.0267   Cr: 13.1999 )
00000233: 12.6717   (Y': 12.3132   Cb: 13.8901   Cr: 13.1276 )
00000234: 12.6643   (Y': 12.2938   Cb: 13.9543   Cr: 13.1181 )
00000235: 12.6786   (Y': 12.3159   Cb: 13.8926   Cr: 13.1581 )
00000236: 12.6965   (Y': 12.3287   Cb: 14.0246   Cr: 13.1065 )
00000237: 12.7199   (Y': 12.3568   Cb: 13.9588   Cr: 13.1804 )
00000238: 12.6851   (Y': 12.3351   Cb: 13.8527   Cr: 13.1425 )
00000239: 12.7333   (Y': 12.3883   Cb: 13.921    Cr: 13.1501 )
00000240: 12.6448   (Y': 12.2606   Cb: 14.0208   Cr: 13.0945 )
00000241: 12.6043   (Y': 12.2107   Cb: 13.9942   Cr: 13.0885 )
00000242: 12.7088   (Y': 12.3364   Cb: 13.969    Cr: 13.197  )
00000243: 12.6383   (Y': 12.2914   Cb: 13.84     Cr: 13.052  )
00000244: 12.6521   (Y': 12.2925   Cb: 13.872    Cr: 13.1116 )
00000245: 12.6831   (Y': 12.3161   Cb: 13.9094   Cr: 13.1735 )
00000246: 12.7776   (Y': 12.4277   Cb: 14.0237   Cr: 13.169  )
00000247: 12.7335   (Y': 12.3805   Cb: 13.9227   Cr: 13.187  )
00000248: 12.8141   (Y': 12.4736   Cb: 13.989    Cr: 13.2201 )
00000249: 12.7263   (Y': 12.3805   Cb: 13.8734   Cr: 13.181  )
00000250: 12.7027   (Y': 12.3504   Cb: 13.9565   Cr: 13.0992 )
00000251: 12.7259   (Y': 12.3704   Cb: 14.0007   Cr: 13.1203 )
00000252: 12.7566   (Y': 12.4162   Cb: 13.9707   Cr: 13.129  )
00000253: 12.7148   (Y': 12.3708   Cb: 13.8575   Cr: 13.1642 )
00000254: 12.737    (Y': 12.3762   Cb: 13.9411   Cr: 13.2152 )
00000255: 12.7391   (Y': 12.3779   Cb: 13.9884   Cr: 13.1818 )
00000256: 12.7281   (Y': 12.3579   Cb: 14.0355   Cr: 13.1666 )
00000257: 12.7131   (Y': 12.3801   Cb: 13.8881   Cr: 13.0834 )
00000258: 12.7378   (Y': 12.3968   Cb: 13.9303   Cr: 13.131  )
00000259: 12.6985   (Y': 12.3468   Cb: 13.9282   Cr: 13.1117 )
00000260: 12.6442   (Y': 12.2945   Cb: 13.8804   Cr: 13.043  )
00000261: 12.6738   (Y': 12.3456   Cb: 13.8437   Cr: 13.0258 )
00000262: 12.6645   (Y': 12.2988   Cb: 13.8958   Cr: 13.1439 )
00000263: 12.6496   (Y': 12.29     Cb: 13.9239   Cr: 13.0641 )
00000264: 12.6184   (Y': 12.2404   Cb: 13.9786   Cr: 13.0511 )
00000265: 12.6897   (Y': 12.3221   Cb: 13.9857   Cr: 13.1248 )
00000266: 12.6154   (Y': 12.2694   Cb: 13.7908   Cr: 13.0467 )
00000267: 12.6018   (Y': 12.2378   Cb: 13.8684   Cr: 13.0436 )
00000268: 12.6589   (Y': 12.3056   Cb: 13.8516   Cr: 13.1109 )
00000269: 12.7034   (Y': 12.3333   Cb: 14.0199   Cr: 13.1337 )
00000270: 12.6801   (Y': 12.3225   Cb: 13.8917   Cr: 13.1367 )
00000271: 12.5686   (Y': 12.1964   Cb: 13.8095   Cr: 13.0713 )
00000272: 12.6307   (Y': 12.2631   Cb: 13.8815   Cr: 13.1031 )
00000273: 12.6211   (Y': 12.2365   Cb: 13.9643   Cr: 13.0995 )
00000274: 12.6324   (Y': 12.2693   Cb: 13.8801   Cr: 13.0853 )
00000275: 12.6254   (Y': 12.2616   Cb: 13.8516   Cr: 13.0998 )
00000276: 12.5874   (Y': 12.204    Cb: 13.9089   Cr: 13.0777 )
00000277: 12.6314   (Y': 12.2526   Cb: 13.8749   Cr: 13.165  )
00000279: 12.6538   (Y': 12.2807   Cb: 13.9542   Cr: 13.1117 )
00000278: 12.5903   (Y': 12.2      Cb: 13.9734   Cr: 13.0641 )
00000280: 12.5922   (Y': 12.2241   Cb: 13.8816   Cr: 13.0346 )
00000281: 12.6891   (Y': 12.3291   Cb: 13.8865   Cr: 13.1691 )
00000282: 12.7147   (Y': 12.3756   Cb: 13.8817   Cr: 13.1208 )
00000283: 12.6463   (Y': 12.263    Cb: 13.9807   Cr: 13.1259 )
00000284: 12.6588   (Y': 12.2985   Cb: 13.8999   Cr: 13.1045 )
00000285: 12.6434   (Y': 12.2743   Cb: 13.9071   Cr: 13.1123 )
00000287: 12.6717   (Y': 12.3049   Cb: 13.9302   Cr: 13.1337 )
00000286: 12.6685   (Y': 12.3096   Cb: 13.8987   Cr: 13.1158 )
00000288: 12.7424   (Y': 12.3842   Cb: 14.0081   Cr: 13.157  )
00000289: 12.7712   (Y': 12.4297   Cb: 13.9141   Cr: 13.2088 )
00000290: 12.7248   (Y': 12.3794   Cb: 13.8998   Cr: 13.1537 )
00000291: 12.7469   (Y': 12.4231   Cb: 13.8898   Cr: 13.1006 )
00000292: 12.7296   (Y': 12.3736   Cb: 13.9762   Cr: 13.1497 )
00000293: 12.7428   (Y': 12.3998   Cb: 13.9961   Cr: 13.0957 )
00000294: 12.698    (Y': 12.3533   Cb: 13.9862   Cr: 13.0304 )
00000295: 12.7066   (Y': 12.3456   Cb: 13.9397   Cr: 13.1619 )
00000296: 12.707    (Y': 12.3453   Cb: 13.8935   Cr: 13.2052 )
00000297: 12.6548   (Y': 12.2937   Cb: 13.8816   Cr: 13.1159 )
00000298: 12.6167   (Y': 12.2428   Cb: 13.9009   Cr: 13.0918 )
00000299: 12.6429   (Y': 12.3013   Cb: 13.814    Cr: 13.0572 )
00000300: 12.6755   (Y': 12.3189   Cb: 13.8862   Cr: 13.1283 )
00000302: 12.6463   (Y': 12.2682   Cb: 13.9693   Cr: 13.1102 )
00000301: 12.6403   (Y': 12.285    Cb: 13.8301   Cr: 13.1041 )
00000303: 12.7427   (Y': 12.3791   Cb: 13.9776   Cr: 13.2091 )
00000304: 12.6171   (Y': 12.2516   Cb: 13.8796   Cr: 13.0696 )
00000305: 12.5913   (Y': 12.2265   Cb: 13.8515   Cr: 13.0421 )
00000306: 12.6289   (Y': 12.2602   Cb: 13.895    Cr: 13.0939 )
00000307: 12.5977   (Y': 12.2019   Cb: 13.9753   Cr: 13.1031 )
00000308: 12.6237   (Y': 12.2617   Cb: 13.8799   Cr: 13.0646 )
00000309: 12.5992   (Y': 12.2263   Cb: 13.8719   Cr: 13.0787 )
00000310: 12.6173   (Y': 12.2332   Cb: 13.9454   Cr: 13.1057 )
00000311: 12.6122   (Y': 12.2258   Cb: 13.9089   Cr: 13.1381 )
00000312: 12.6407   (Y': 12.2695   Cb: 13.9305   Cr: 13.0983 )
00000313: 12.6037   (Y': 12.2071   Cb: 13.9383   Cr: 13.1483 )
00000314: 12.5428   (Y': 12.1422   Cb: 13.8971   Cr: 13.0913 )
00000315: 12.6143   (Y': 12.2299   Cb: 13.8819   Cr: 13.1553 )
00000316: 12.5839   (Y': 12.2025   Cb: 13.9015   Cr: 13.0682 )
00000317: 12.5956   (Y': 12.2073   Cb: 13.948    Cr: 13.0848 )
00000318: 12.5942   (Y': 12.2194   Cb: 13.8758   Cr: 13.0763 )
00000319: 12.5344   (Y': 12.1295   Cb: 13.8426   Cr: 13.1429 )
00000320: 12.6023   (Y': 12.2224   Cb: 13.8791   Cr: 13.1134 )
00000321: 12.5954   (Y': 12.2071   Cb: 13.973    Cr: 13.0637 )
00000322: 12.6131   (Y': 12.2236   Cb: 13.9254   Cr: 13.1413 )
00000323: 12.5544   (Y': 12.1759   Cb: 13.8219   Cr: 13.0665 )
00000324: 12.5409   (Y': 12.1373   Cb: 13.88     Cr: 13.1169 )
00000326: 12.5551   (Y': 12.1806   Cb: 13.8454   Cr: 13.0279 )
00000325: 12.5285   (Y': 12.1259   Cb: 13.9235   Cr: 13.0534 )
00000327: 12.5695   (Y': 12.1758   Cb: 13.9117   Cr: 13.0934 )
00000328: 12.5908   (Y': 12.2396   Cb: 13.8307   Cr: 12.9931 )
00000329: 12.5678   (Y': 12.1842   Cb: 13.9084   Cr: 13.0438 )
00000330: 12.5752   (Y': 12.1993   Cb: 13.8306   Cr: 13.0842 )
00000332: 12.5854   (Y': 12.2188   Cb: 13.8468   Cr: 13.044  )
00000331: 12.5696   (Y': 12.1961   Cb: 13.8544   Cr: 13.0427 )
00000333: 12.6049   (Y': 12.2456   Cb: 13.8565   Cr: 13.0367 )
00000334: 12.5474   (Y': 12.1892   Cb: 13.7565   Cr: 13.0096 )
00000335: 12.5862   (Y': 12.2193   Cb: 13.844    Cr: 13.0494 )
00000336: 12.574    (Y': 12.1954   Cb: 13.873    Cr: 13.0598 )
00000337: 12.5451   (Y': 12.1681   Cb: 13.8601   Cr: 13.0098 )
00000338: 12.5514   (Y': 12.1709   Cb: 13.8677   Cr: 13.0325 )
00000340: 12.5261   (Y': 12.1434   Cb: 13.8297   Cr: 13.028  )
00000339: 12.5098   (Y': 12.1284   Cb: 13.7909   Cr: 13.0243 )
00000342: 12.585    (Y': 12.232    Cb: 13.8277   Cr: 12.994  )
00000341: 12.5522   (Y': 12.185    Cb: 13.8489   Cr: 12.9848 )
00000343: 12.5607   (Y': 12.1691   Cb: 13.8979   Cr: 13.0783 )
00000344: 12.5647   (Y': 12.1791   Cb: 13.858    Cr: 13.0899 )
00000345: 12.5675   (Y': 12.1874   Cb: 13.8995   Cr: 13.0333 )
00000346: 12.5623   (Y': 12.1814   Cb: 13.8849   Cr: 13.0402 )
00000347: 12.5816   (Y': 12.2155   Cb: 13.8517   Cr: 13.0305 )
00000348: 12.6298   (Y': 12.2627   Cb: 13.8664   Cr: 13.1115 )
00000350: 12.561    (Y': 12.1766   Cb: 13.8601   Cr: 13.0751 )
00000349: 12.5602   (Y': 12.1795   Cb: 13.8437   Cr: 13.0692 )
00000351: 12.582    (Y': 12.196    Cb: 13.8948   Cr: 13.0928 )
00000352: 12.5557   (Y': 12.1794   Cb: 13.8807   Cr: 13.0088 )
00000353: 12.575    (Y': 12.1976   Cb: 13.8228   Cr: 13.0981 )
00000354: 12.5855   (Y': 12.2179   Cb: 13.8524   Cr: 13.044  )
00000356: 12.6117   (Y': 12.2489   Cb: 13.8348   Cr: 13.0842 )
00000355: 12.5677   (Y': 12.1784   Cb: 13.8631   Cr: 13.1087 )
00000358: 12.6212   (Y': 12.2559   Cb: 13.9029   Cr: 13.0572 )
00000359: 12.5876   (Y': 12.1895   Cb: 13.8995   Cr: 13.1592 )
00000357: 12.5827   (Y': 12.1925   Cb: 13.8851   Cr: 13.1226 )
00000360: 12.5797   (Y': 12.1936   Cb: 13.8873   Cr: 13.0951 )
00000361: 12.5564   (Y': 12.1595   Cb: 13.8899   Cr: 13.1033 )
00000362: 12.6101   (Y': 12.2436   Cb: 13.8427   Cr: 13.0926 )
00000364: 12.5685   (Y': 12.2023   Cb: 13.8217   Cr: 13.0321 )
00000363: 12.5888   (Y': 12.2086   Cb: 13.8834   Cr: 13.0859 )
00000365: 12.5793   (Y': 12.2083   Cb: 13.8632   Cr: 13.0408 )
00000366: 12.5707   (Y': 12.1948   Cb: 13.8173   Cr: 13.0874 )
00000367: 12.593    (Y': 12.2092   Cb: 13.8726   Cr: 13.1206 )
00000368: 12.5619   (Y': 12.171    Cb: 13.8686   Cr: 13.1021 )
00000369: 12.5592   (Y': 12.1797   Cb: 13.8766   Cr: 13.0343 )
00000370: 12.5902   (Y': 12.2099   Cb: 13.8852   Cr: 13.0879 )
00000371: 12.617    (Y': 12.2516   Cb: 13.9077   Cr: 13.0459 )
00000372: 12.58     (Y': 12.1998   Cb: 13.9416   Cr: 13.0222 )
00000373: 12.5813   (Y': 12.1918   Cb: 13.9429   Cr: 13.0685 )
00000374: 12.5681   (Y': 12.1944   Cb: 13.8813   Cr: 13.0184 )
00000375: 12.5855   (Y': 12.216    Cb: 13.8591   Cr: 13.0484 )
00000376: 12.5367   (Y': 12.159    Cb: 13.8083   Cr: 13.041  )
00000377: 12.5281   (Y': 12.1347   Cb: 13.8574   Cr: 13.0615 )
00000378: 12.596    (Y': 12.2103   Cb: 13.9058   Cr: 13.1079 )
00000379: 12.5811   (Y': 12.2014   Cb: 13.9256   Cr: 13.0352 )
00000380: 12.5857   (Y': 12.1944   Cb: 13.9021   Cr: 13.1197 )
00000381: 12.5726   (Y': 12.1836   Cb: 13.9251   Cr: 13.0654 )
00000382: 12.6055   (Y': 12.2203   Cb: 13.939    Cr: 13.0952 )
00000383: 12.5418   (Y': 12.1712   Cb: 13.8481   Cr: 12.9829 )
00000384: 12.5515   (Y': 12.1792   Cb: 13.8287   Cr: 13.0248 )
00000385: 12.5718   (Y': 12.2017   Cb: 13.8147   Cr: 13.0631 )
00000386: 12.5607   (Y': 12.1795   Cb: 13.881    Cr: 13.0415 )
00000387: 12.5378   (Y': 12.1599   Cb: 13.8274   Cr: 13.0282 )
00000388: 12.56     (Y': 12.1927   Cb: 13.8318   Cr: 13.0137 )
00000389: 12.5663   (Y': 12.1888   Cb: 13.8764   Cr: 13.0372 )
00000390: 12.5769   (Y': 12.2105   Cb: 13.7944   Cr: 13.0717 )
00000391: 12.5685   (Y': 12.1854   Cb: 13.8811   Cr: 13.0651 )
00000392: 12.5874   (Y': 12.2153   Cb: 13.8303   Cr: 13.088  )
00000393: 12.603    (Y': 12.2416   Cb: 13.8667   Cr: 13.0349 )
00000394: 12.5549   (Y': 12.2012   Cb: 13.7941   Cr: 12.97   )
00000396: 12.5621   (Y': 12.1935   Cb: 13.7893   Cr: 13.0594 )
00000395: 12.5778   (Y': 12.222    Cb: 13.7857   Cr: 13.0289 )
00000397: 12.5516   (Y': 12.1698   Cb: 13.8018   Cr: 13.0943 )
00000398: 12.5554   (Y': 12.1711   Cb: 13.8487   Cr: 13.0738 )
00000399: 12.5998   (Y': 12.2418   Cb: 13.792    Cr: 13.0747 )
00000400: 12.6548   (Y': 12.2947   Cb: 13.8755   Cr: 13.116  )
00000401: 12.5827   (Y': 12.1846   Cb: 13.9156   Cr: 13.1365 )
00000402: 12.5678   (Y': 12.1908   Cb: 13.8318   Cr: 13.0747 )
00000403: 12.5712   (Y': 12.1897   Cb: 13.8403   Cr: 13.0962 )
00000404: 12.585    (Y': 12.2061   Cb: 13.8568   Cr: 13.095  )
00000405: 12.5769   (Y': 12.1928   Cb: 13.8527   Cr: 13.109  )
00000406: 12.6064   (Y': 12.229    Cb: 13.8386   Cr: 13.142  )
00000407: 12.596    (Y': 12.2064   Cb: 13.9095   Cr: 13.1235 )
00000408: 12.5777   (Y': 12.1847   Cb: 13.8641   Cr: 13.145  )
00000409: 12.5674   (Y': 12.1949   Cb: 13.8387   Cr: 13.0461 )
00000410: 12.6219   (Y': 12.242    Cb: 13.9414   Cr: 13.0971 )
00000411: 12.5527   (Y': 12.1715   Cb: 13.8364   Cr: 13.0643 )
00000412: 12.6053   (Y': 12.2289   Cb: 13.8653   Cr: 13.1129 )
00000413: 12.6154   (Y': 12.2451   Cb: 13.8588   Cr: 13.1073 )
00000414: 12.6639   (Y': 12.2908   Cb: 13.9606   Cr: 13.1251 )
00000415: 12.6441   (Y': 12.272    Cb: 13.902    Cr: 13.1325 )
00000416: 12.5977   (Y': 12.215    Cb: 13.8564   Cr: 13.1376 )
00000417: 12.6018   (Y': 12.2419   Cb: 13.8236   Cr: 13.0612 )
00000418: 12.6114   (Y': 12.2502   Cb: 13.8377   Cr: 13.0732 )
00000420: 12.7096   (Y': 12.3665   Cb: 13.8177   Cr: 13.1846 )
00000419: 12.6042   (Y': 12.2153   Cb: 13.8665   Cr: 13.1718 )
00000421: 12.7388   (Y': 12.396    Cb: 13.8851   Cr: 13.1794 )
00000422: 12.7844   (Y': 12.4507   Cb: 13.9501   Cr: 13.1656 )
00000423: 12.8405   (Y': 12.5248   Cb: 13.9309   Cr: 13.2006 )
00000424: 12.8331   (Y': 12.509    Cb: 13.9854   Cr: 13.1804 )
00000425: 12.8405   (Y': 12.5011   Cb: 13.9443   Cr: 13.3014 )
00000426: 12.8624   (Y': 12.5089   Cb: 14.0868   Cr: 13.2891 )
00000427: 12.8323   (Y': 12.4708   Cb: 14.0199   Cr: 13.3287 )
00000428: 12.7707   (Y': 12.3827   Cb: 14.0497   Cr: 13.3198 )
00000429: 12.7181   (Y': 12.3336   Cb: 14.0437   Cr: 13.2105 )
00000430: 12.6838   (Y': 12.2626   Cb: 14.1239   Cr: 13.2643 )
00000431: 12.6925   (Y': 12.2766   Cb: 14.0952   Cr: 13.2775 )
00000432: 12.6912   (Y': 12.2637   Cb: 14.1139   Cr: 13.3183 )
00000433: 12.7352   (Y': 12.3132   Cb: 14.124    Cr: 13.3626 )
00000434: 12.8298   (Y': 12.4464   Cb: 14.1693   Cr: 13.3058 )
00000435: 12.7598   (Y': 12.3868   Cb: 14.0612   Cr: 13.2167 )
00000436: 12.544    (Y': 12.1664   Cb: 13.8698   Cr: 13.0032 )
00000437: 12.4957   (Y': 12.0908   Cb: 13.8678   Cr: 13.0505 )
00000438: 12.651    (Y': 12.2232   Cb: 14.1013   Cr: 13.2567 )
00000439: 12.7384   (Y': 12.3394   Cb: 14.0684   Cr: 13.2991 )
00000440: 13.0419   (Y': 12.6719   Cb: 14.2695   Cr: 13.5453 )
00000441: 13.07     (Y': 12.6898   Cb: 14.2764   Cr: 13.642  )
00000442: 12.9386   (Y': 12.571    Cb: 14.1928   Cr: 13.4084 )
00000444: 12.5786   (Y': 12.1154   Cb: 14.1068   Cr: 13.3025 )
00000443: 12.8154   (Y': 12.4341   Cb: 14.1674   Cr: 13.2707 )
00000445: 12.484    (Y': 11.9869   Cb: 14.0633   Cr: 13.3472 )
00000446: 12.8897   (Y': 12.5019   Cb: 14.1757   Cr: 13.4316 )
00000447: 13.0826   (Y': 12.7394   Cb: 14.2603   Cr: 13.4988 )
00000448: 13.0122   (Y': 12.663    Cb: 14.1739   Cr: 13.4708 )
00000449: 12.984    (Y': 12.6281   Cb: 14.15     Cr: 13.4714 )
00000450: 12.9515   (Y': 12.6106   Cb: 14.0792   Cr: 13.3992 )
00000451: 12.8629   (Y': 12.4986   Cb: 14.0513   Cr: 13.372  )
00000452: 12.8399   (Y': 12.4794   Cb: 14.0065   Cr: 13.3488 )
00000453: 12.8078   (Y': 12.3779   Cb: 14.1924   Cr: 13.479  )
00000454: 12.829    (Y': 12.4249   Cb: 14.097    Cr: 13.4682 )
00000455: 12.7187   (Y': 12.3041   Cb: 14.0403   Cr: 13.3648 )
00000456: 12.5912   (Y': 12.1769   Cb: 13.9378   Cr: 13.215  )
00000457: 12.572    (Y': 12.1825   Cb: 13.8708   Cr: 13.1116 )
00000458: 12.4484   (Y': 12.0865   Cb: 13.6227   Cr: 12.9576 )
00000459: 12.4008   (Y': 12.0434   Cb: 13.5627   Cr: 12.8987 )
00000460: 12.2722   (Y': 12.0021   Cb: 13.1301   Cr: 12.6223 )
00000461: 12.2116   (Y': 11.9549   Cb: 13.0327   Cr: 12.533  )
00000462: 12.4508   (Y': 12.2599   Cb: 13.0655   Cr: 12.6632 )
00000463: 12.5569   (Y': 12.3605   Cb: 13.1301   Cr: 12.8317 )
00000464: 12.5061   (Y': 12.325    Cb: 13.0914   Cr: 12.7024 )
00000465: 13.0257   (Y': 12.949    Cb: 13.4056   Cr: 12.9716 )
00000466: 13.8718   (Y': 13.8937   Cb: 14.0396   Cr: 13.6272 )
00000467: 14.1187   (Y': 14.1514   Cb: 14.2018   Cr: 13.911  )
00000469: 13.2826   (Y': 13.2593   Cb: 13.4928   Cr: 13.1724 )
00000468: 14.0766   (Y': 14.087    Cb: 14.2353   Cr: 13.8834 )
00000470: 13.1516   (Y': 13.0739   Cb: 13.5552   Cr: 13.0804 )
00000471: 12.9453   (Y': 12.828    Cb: 13.4054   Cr: 12.9848 )
00000472: 12.9182   (Y': 12.811    Cb: 13.3423   Cr: 12.9485 )
00000473: 12.6886   (Y': 12.5933   Cb: 13.0949   Cr: 12.686  )
00000474: 12.7752   (Y': 12.7053   Cb: 13.1163   Cr: 12.7295 )
00000475: 12.8084   (Y': 12.6661   Cb: 13.363    Cr: 12.8668 )
00000477: 12.984    (Y': 12.7669   Cb: 13.6974   Cr: 13.223  )
00000476: 12.7504   (Y': 12.4763   Cb: 13.6094   Cr: 13.118  )
00000478: 12.8822   (Y': 12.6331   Cb: 13.6681   Cr: 13.2    )
00000479: 12.8736   (Y': 12.668    Cb: 13.5319   Cr: 13.1111 )
00000480: 12.8138   (Y': 12.6791   Cb: 13.2798   Cr: 12.9202 )
00000481: 12.9142   (Y': 12.7559   Cb: 13.4271   Cr: 13.0783 )
00000482: 12.7942   (Y': 12.6438   Cb: 13.3173   Cr: 12.9148 )
00000483: 12.723    (Y': 12.5181   Cb: 13.3771   Cr: 12.9616 )
00000486: 12.7894   (Y': 12.5964   Cb: 13.3269   Cr: 13.083  )
00000484: 12.7317   (Y': 12.5211   Cb: 13.3765   Cr: 13.0042 )
00000485: 12.8638   (Y': 12.6844   Cb: 13.4264   Cr: 13.0737 )
00000487: 12.7772   (Y': 12.5749   Cb: 13.3674   Cr: 13.063  )
00000488: 12.6458   (Y': 12.4144   Cb: 13.2924   Cr: 13.0106 )
00000489: 12.6112   (Y': 12.3933   Cb: 13.2399   Cr: 12.9312 )
00000490: 12.8374   (Y': 12.5979   Cb: 13.5753   Cr: 13.1553 )
00000491: 12.8299   (Y': 12.5229   Cb: 13.7099   Cr: 13.3338 )
00000493: 12.6286   (Y': 12.2879   Cb: 13.7035   Cr: 13.1211 )
00000492: 12.808    (Y': 12.5199   Cb: 13.6173   Cr: 13.2864 )
00000494: 12.7478   (Y': 12.3964   Cb: 13.8705   Cr: 13.2503 )
00000495: 12.7566   (Y': 12.3802   Cb: 14.0246   Cr: 13.2575 )
00000496: 12.8436   (Y': 12.4982   Cb: 14.0191   Cr: 13.2726 )
00000497: 12.8374   (Y': 12.4798   Cb: 14.0268   Cr: 13.3132 )
00000498: 13.0605   (Y': 12.7058   Cb: 14.267    Cr: 13.5078 )
00000499: 12.826    (Y': 12.424    Cb: 14.1973   Cr: 13.3673 )
00000501: 13.385    (Y': 13.1398   Cb: 14.3778   Cr: 13.5082 )
00000500: 13.2005   (Y': 12.852    Cb: 14.3879   Cr: 13.634  )
00000502: 14.4645   (Y': 14.257    Cb: 15.1624   Cr: 14.6745 )
00000503: 14.5396   (Y': 14.326    Cb: 15.3085   Cr: 14.7144 )
00000504: 14.4343   (Y': 14.2065   Cb: 15.2043   Cr: 14.6703 )
00000505: 13.5121   (Y': 13.2357   Cb: 14.5203   Cr: 13.7607 )
00000506: 13.3366   (Y': 13.0589   Cb: 14.3641   Cr: 13.5748 )
00000507: 13.3294   (Y': 13.0667   Cb: 14.3035   Cr: 13.5452 )
00000509: 13.0024   (Y': 12.7247   Cb: 13.9848   Cr: 13.2791 )
00000508: 13.1051   (Y': 12.8053   Cb: 14.2484   Cr: 13.3479 )
00000510: 13.149    (Y': 12.8648   Cb: 14.2106   Cr: 13.3884 )
00000511: 12.9139   (Y': 12.5869   Cb: 14.0537   Cr: 13.2855 )
00000512: 13.239    (Y': 12.9622   Cb: 14.1836   Cr: 13.5438 )
00000513: 13.2617   (Y': 13.0028   Cb: 14.1791   Cr: 13.5084 )
00000514: 13.1492   (Y': 12.9126   Cb: 14.0532   Cr: 13.3084 )
00000515: 13.6484   (Y': 13.4233   Cb: 14.4288   Cr: 13.864  )
00000516: 13.0647   (Y': 12.8267   Cb: 13.9153   Cr: 13.2757 )
00000517: 13.2858   (Y': 13.014    Cb: 14.2461   Cr: 13.5542 )
00000518: 13.1026   (Y': 12.8256   Cb: 14.1416   Cr: 13.3285 )
00000519: 12.8795   (Y': 12.582    Cb: 13.9187   Cr: 13.1987 )
00000520: 13.2336   (Y': 12.954    Cb: 14.2562   Cr: 13.4844 )
00000521: 13.1057   (Y': 12.856    Cb: 14.0819   Cr: 13.2621 )
00000522: 13.1534   (Y': 12.8633   Cb: 14.2557   Cr: 13.3858 )
00000523: 13.346    (Y': 13.0661   Cb: 14.3711   Cr: 13.5964 )
00000524: 12.8202   (Y': 12.4966   Cb: 14.0292   Cr: 13.1188 )
00000525: 13.0959   (Y': 12.7805   Cb: 14.3107   Cr: 13.3522 )
00000526: 12.8131   (Y': 12.4549   Cb: 14.0607   Cr: 13.2425 )
00000527: 13.1446   (Y': 12.8688   Cb: 14.2408   Cr: 13.3179 )
00000528: 13.0674   (Y': 12.7592   Cb: 14.1659   Cr: 13.3856 )
00000529: 12.8034   (Y': 12.4803   Cb: 14.0351   Cr: 13.0815 )
00000530: 13.2355   (Y': 12.9828   Cb: 14.134    Cr: 13.4712 )
00000531: 13.1061   (Y': 12.8525   Cb: 14.0473   Cr: 13.3094 )
00000532: 12.8982   (Y': 12.5978   Cb: 13.8904   Cr: 13.2707 )
00000533: 13.0859   (Y': 12.7649   Cb: 14.2423   Cr: 13.4156 )
00000534: 13.1052   (Y': 12.8027   Cb: 14.2534   Cr: 13.3565 )
00000535: 13.3304   (Y': 13.0483   Cb: 14.2788   Cr: 13.6565 )
00000536: 12.968    (Y': 12.6906   Cb: 13.9457   Cr: 13.247  )
00000537: 12.7936   (Y': 12.469    Cb: 13.903    Cr: 13.1793 )
00000538: 13.0715   (Y': 12.7854   Cb: 14.1208   Cr: 13.3298 )
00000539: 12.8407   (Y': 12.4885   Cb: 14.0743   Cr: 13.2529 )
00000540: 13.0055   (Y': 12.7508   Cb: 13.9462   Cr: 13.2139 )
00000541: 13.1148   (Y': 12.8481   Cb: 14.1072   Cr: 13.3331 )
00000542: 13.2526   (Y': 12.9738   Cb: 14.2878   Cr: 13.4894 )
00000543: 13.7737   (Y': 13.5577   Cb: 14.581    Cr: 13.9255 )
00000545: 13.2511   (Y': 12.9803   Cb: 14.2154   Cr: 13.5118 )
00000544: 13.0519   (Y': 12.7696   Cb: 14.1036   Cr: 13.2911 )
00000546: 13.0759   (Y': 12.8039   Cb: 14.1071   Cr: 13.2857 )
00000547: 12.9904   (Y': 12.703    Cb: 14.0883   Cr: 13.2143 )
00000548: 13.2306   (Y': 12.9418   Cb: 14.2455   Cr: 13.5299 )
00000549: 12.888    (Y': 12.56     Cb: 14.0557   Cr: 13.2407 )
00000550: 13.0314   (Y': 12.6717   Cb: 14.2807   Cr: 13.467  )
00000551: 13.1223   (Y': 12.8107   Cb: 14.1797   Cr: 13.4915 )
00000552: 13.057    (Y': 12.7034   Cb: 14.3092   Cr: 13.4608 )
00000553: 13.2563   (Y': 12.8974   Cb: 14.5672   Cr: 13.6374 )
00000554: 13.181    (Y': 12.7948   Cb: 14.5683   Cr: 13.6321 )
00000555: 13.335    (Y': 12.9175   Cb: 14.6613   Cr: 13.9925 )
00000557: 13.5414   (Y': 13.1005   Cb: 15.0212   Cr: 14.1896 )
00000556: 13.5017   (Y': 13.062    Cb: 14.9753   Cr: 14.1488 )
00000558: 13.5956   (Y': 13.1283   Cb: 15.1529   Cr: 14.3171 )
00000559: 13.7232   (Y': 13.1364   Cb: 15.5965   Cr: 14.849  )
00000560: 13.8988   (Y': 13.2711   Cb: 15.9152   Cr: 15.1513 )
00000561: 13.2956   (Y': 12.5978   Cb: 15.5496   Cr: 14.7974 )
00000562: 13.613    (Y': 12.9799   Cb: 15.6508   Cr: 14.8818 )
00000563: 14.0669   (Y': 13.4529   Cb: 16.1212   Cr: 15.2051 )
00000565: 13.5719   (Y': 13.1239   Cb: 15.0958   Cr: 14.2204 )
00000564: 13.8093   (Y': 13.2034   Cb: 15.8371   Cr: 14.921  )
00000566: 13.3226   (Y': 12.8826   Cb: 14.8641   Cr: 13.9159 )
00000567: 13.2775   (Y': 12.8835   Cb: 14.6505   Cr: 13.778  )
00000568: 13.329    (Y': 12.9752   Cb: 14.6443   Cr: 13.6828 )
00000569: 13.0086   (Y': 12.6427   Cb: 14.2477   Cr: 13.4829 )
00000570: 13.1025   (Y': 12.7952   Cb: 14.2441   Cr: 13.381  )
00000571: 12.8454   (Y': 12.5076   Cb: 14.0711   Cr: 13.1967 )
00000572: 12.8219   (Y': 12.5025   Cb: 13.9754   Cr: 13.1466 )
00000573: 12.8788   (Y': 12.5978   Cb: 13.8558   Cr: 13.1749 )
00000574: 12.7267   (Y': 12.4133   Cb: 13.8364   Cr: 13.0598 )
00000575: 12.6302   (Y': 12.3276   Cb: 13.6148   Cr: 13.0197 )
00000576: 12.5652   (Y': 12.2471   Cb: 13.7298   Cr: 12.8748 )
00000577: 12.5669   (Y': 12.2549   Cb: 13.6619   Cr: 12.9062 )
00000578: 12.5806   (Y': 12.2699   Cb: 13.6808   Cr: 12.9094 )
00000579: 13.3627   (Y': 13.1834   Cb: 14.0989   Cr: 13.4182 )
00000580: 14.1061   (Y': 13.9626   Cb: 14.6795   Cr: 14.1531 )
00000582: 14.161    (Y': 14.0418   Cb: 14.6953   Cr: 14.1418 )
00000581: 14.3402   (Y': 14.2129   Cb: 14.8504   Cr: 14.3754 )
00000583: 13.2716   (Y': 13.0662   Cb: 14.0626   Cr: 13.3916 )
00000585: 12.9917   (Y': 12.7623   Cb: 13.9536   Cr: 13.072  )
00000584: 13.1779   (Y': 12.9519   Cb: 14.0814   Cr: 13.2919 )
00000586: 12.8589   (Y': 12.6023   Cb: 13.8169   Cr: 13.0613 )
00000587: 12.5734   (Y': 12.2403   Cb: 13.7535   Cr: 12.9396 )
00000588: 12.5827   (Y': 12.2242   Cb: 13.7821   Cr: 13.0546 )
00000589: 12.6837   (Y': 12.3812   Cb: 13.7636   Cr: 12.9914 )
00000590: 12.7129   (Y': 12.4059   Cb: 13.8268   Cr: 13.013  )
00000591: 12.6485   (Y': 12.3002   Cb: 13.8111   Cr: 13.1019 )
00000592: 12.6227   (Y': 12.298    Cb: 13.7242   Cr: 13.0154 )
00000593: 12.6162   (Y': 12.2625   Cb: 13.8267   Cr: 13.0557 )
00000594: 12.6197   (Y': 12.286    Cb: 13.8022   Cr: 12.9872 )
00000595: 12.5539   (Y': 12.1767   Cb: 13.7866   Cr: 13.0881 )
00000596: 12.5762   (Y': 12.2022   Cb: 13.8697   Cr: 13.0443 )
00000597: 12.5699   (Y': 12.2073   Cb: 13.8262   Cr: 13.0133 )
00000598: 12.5923   (Y': 12.2569   Cb: 13.7058   Cr: 13.0261 )
00000599: 12.6482   (Y': 12.3036   Cb: 13.8289   Cr: 13.0685 )
00000600: 12.5757   (Y': 12.2145   Cb: 13.823    Cr: 13.0203 )
00000601: 12.5594   (Y': 12.1749   Cb: 13.8332   Cr: 13.0951 )
00000602: 12.5836   (Y': 12.205    Cb: 13.8948   Cr: 13.0592 )
00000603: 12.5807   (Y': 12.2038   Cb: 13.8455   Cr: 13.0871 )
00000604: 12.6324   (Y': 12.2669   Cb: 13.9116   Cr: 13.0708 )
00000605: 12.63     (Y': 12.2793   Cb: 13.8227   Cr: 13.0697 )
00000606: 12.5318   (Y': 12.1678   Cb: 13.7822   Cr: 12.9875 )
00000607: 12.5591   (Y': 12.1925   Cb: 13.8392   Cr: 13.0018 )
00000608: 12.5769   (Y': 12.2106   Cb: 13.8137   Cr: 13.0546 )
00000609: 12.636    (Y': 12.2724   Cb: 13.8878   Cr: 13.088  )
00000610: 12.6083   (Y': 12.2463   Cb: 13.8719   Cr: 13.0432 )
00000611: 12.6904   (Y': 12.3292   Cb: 13.9104   Cr: 13.1577 )
00000612: 12.7465   (Y': 12.4131   Cb: 13.8344   Cr: 13.1926 )
00000613: 12.7067   (Y': 12.373    Cb: 13.8668   Cr: 13.093  )
00000614: 12.6147   (Y': 12.277    Cb: 13.776    Cr: 13.0186 )
00000615: 12.6074   (Y': 12.2658   Cb: 13.7667   Cr: 13.0311 )
00000616: 12.6245   (Y': 12.2691   Cb: 13.8148   Cr: 13.0889 )
00000617: 12.541    (Y': 12.1701   Cb: 13.8274   Cr: 12.9999 )
00000618: 12.5526   (Y': 12.1734   Cb: 13.8065   Cr: 13.0794 )
00000619: 12.5388   (Y': 12.1532   Cb: 13.8302   Cr: 13.0657 )
00000620: 12.4867   (Y': 12.0851   Cb: 13.7976   Cr: 13.0762 )
00000622: 12.5127   (Y': 12.1435   Cb: 13.7509   Cr: 13.003  )
00000623: 12.5403   (Y': 12.1644   Cb: 13.8265   Cr: 13.0239 )
00000621: 12.5328   (Y': 12.1368   Cb: 13.8519   Cr: 13.0877 )
00000624: 12.5096   (Y': 12.1212   Cb: 13.8479   Cr: 13.0104 )
00000625: 12.5296   (Y': 12.1382   Cb: 13.8223   Cr: 13.084  )
00000626: 12.5124   (Y': 12.1248   Cb: 13.7908   Cr: 13.0596 )
00000627: 12.5059   (Y': 12.1207   Cb: 13.7961   Cr: 13.0311 )
00000628: 12.5727   (Y': 12.2049   Cb: 13.8352   Cr: 13.0365 )
00000629: 12.5631   (Y': 12.1765   Cb: 13.8731   Cr: 13.0792 )
00000630: 12.623    (Y': 12.2557   Cb: 13.8655   Cr: 13.1009 )
00000631: 12.5968   (Y': 12.2351   Cb: 13.8137   Cr: 13.069  )
00000632: 12.541    (Y': 12.1593   Cb: 13.8564   Cr: 13.0284 )
00000633: 12.4916   (Y': 12.0763   Cb: 13.9136   Cr: 13.0574 )
00000634: 12.4532   (Y': 12.0381   Cb: 13.8531   Cr: 13.0362 )
00000635: 12.4999   (Y': 12.1159   Cb: 13.7945   Cr: 13.0158 )
00000636: 12.5609   (Y': 12.1607   Cb: 13.8927   Cr: 13.1261 )
00000637: 12.6014   (Y': 12.2245   Cb: 13.8898   Cr: 13.0878 )
00000638: 12.5906   (Y': 12.1988   Cb: 13.952    Cr: 13.0896 )
00000639: 12.6121   (Y': 12.2483   Cb: 13.8529   Cr: 13.0741 )
00000640: 12.5457   (Y': 12.1481   Cb: 13.8854   Cr: 13.0918 )
00000641: 12.5734   (Y': 12.213    Cb: 13.8113   Cr: 13.0217 )
00000642: 12.4922   (Y': 12.0953   Cb: 13.8177   Cr: 13.046  )
00000643: 12.4994   (Y': 12.1145   Cb: 13.7575   Cr: 13.0505 )
00000644: 12.5555   (Y': 12.1694   Cb: 13.8817   Cr: 13.0558 )
00000645: 12.5361   (Y': 12.1685   Cb: 13.7703   Cr: 13.0228 )
00000646: 12.5113   (Y': 12.1379   Cb: 13.7845   Cr: 12.9933 )
00000647: 12.5327   (Y': 12.1488   Cb: 13.8745   Cr: 13.0091 )
00000648: 12.4913   (Y': 12.0987   Cb: 13.8093   Cr: 13.0305 )
00000649: 12.5037   (Y': 12.1044   Cb: 13.8575   Cr: 13.0458 )
00000650: 12.5147   (Y': 12.134    Cb: 13.81     Cr: 13.0142 )
00000651: 12.5083   (Y': 12.1244   Cb: 13.8349   Cr: 12.9971 )
00000652: 12.5594   (Y': 12.1813   Cb: 13.8624   Cr: 13.0394 )
00000653: 12.5124   (Y': 12.1345   Cb: 13.8498   Cr: 12.9633 )
00000654: 12.5218   (Y': 12.1393   Cb: 13.8539   Cr: 12.9992 )
00000655: 12.5378   (Y': 12.1512   Cb: 13.8407   Cr: 13.0595 )
00000656: 12.5549   (Y': 12.1991   Cb: 13.8115   Cr: 12.9657 )
00000657: 12.5052   (Y': 12.1242   Cb: 13.8173   Cr: 12.9921 )
00000658: 12.5259   (Y': 12.145    Cb: 13.7958   Cr: 13.0472 )
00000659: 12.5106   (Y': 12.1292   Cb: 13.751    Cr: 13.0598 )
00000660: 12.5412   (Y': 12.1444   Cb: 13.8748   Cr: 13.0877 )
00000661: 12.5344   (Y': 12.1544   Cb: 13.8347   Cr: 13.0258 )
00000662: 12.533    (Y': 12.1703   Cb: 13.7443   Cr: 13.0144 )
00000663: 12.5608   (Y': 12.1812   Cb: 13.8294   Cr: 13.0769 )
00000664: 12.5549   (Y': 12.183    Cb: 13.8394   Cr: 13.0201 )
00000665: 12.5819   (Y': 12.2053   Cb: 13.8594   Cr: 13.0758 )
00000666: 12.5176   (Y': 12.1371   Cb: 13.8021   Cr: 13.0245 )
00000667: 12.5012   (Y': 12.1253   Cb: 13.7457   Cr: 13.0192 )
00000668: 12.6013   (Y': 12.2342   Cb: 13.8661   Cr: 13.0593 )
00000669: 12.5978   (Y': 12.2232   Cb: 13.8502   Cr: 13.1029 )
00000670: 12.6033   (Y': 12.2187   Cb: 13.9212   Cr: 13.1024 )
00000671: 12.593    (Y': 12.2164   Cb: 13.8548   Cr: 13.1001 )
00000672: 12.6488   (Y': 12.2679   Cb: 13.9043   Cr: 13.1829 )
00000673: 12.5308   (Y': 12.1374   Cb: 13.8841   Cr: 13.0439 )
00000674: 12.5674   (Y': 12.174    Cb: 13.8781   Cr: 13.1161 )
00000675: 12.5775   (Y': 12.1764   Cb: 13.927    Cr: 13.1324 )
00000676: 12.6202   (Y': 12.2441   Cb: 13.954    Cr: 13.065  )
00000677: 12.6158   (Y': 12.2335   Cb: 13.8701   Cr: 13.1571 )
00000678: 12.6091   (Y': 12.2321   Cb: 13.8802   Cr: 13.1105 )
00000679: 12.589    (Y': 12.2239   Cb: 13.802    Cr: 13.0812 )
00000680: 12.5379   (Y': 12.144    Cb: 13.8751   Cr: 13.0672 )
00000681: 12.5108   (Y': 12.1337   Cb: 13.7475   Cr: 13.0415 )
00000682: 12.5299   (Y': 12.1432   Cb: 13.842    Cr: 13.0448 )
00000683: 12.5113   (Y': 12.1346   Cb: 13.7985   Cr: 12.9977 )
00000684: 12.5475   (Y': 12.1633   Cb: 13.8054   Cr: 13.0953 )
00000686: 12.5139   (Y': 12.1288   Cb: 13.8281   Cr: 13.0188 )
00000687: 12.5489   (Y': 12.1818   Cb: 13.8511   Cr: 12.9767 )
00000685: 12.6052   (Y': 12.2398   Cb: 13.8559   Cr: 13.0667 )
00000688: 12.5432   (Y': 12.1627   Cb: 13.8764   Cr: 13.01   )
00000689: 12.5207   (Y': 12.1521   Cb: 13.8053   Cr: 12.9701 )
00000690: 12.5359   (Y': 12.1493   Cb: 13.8455   Cr: 13.0521 )
00000691: 12.5238   (Y': 12.1471   Cb: 13.8306   Cr: 12.994  )
00000692: 12.4892   (Y': 12.0888   Cb: 13.8364   Cr: 13.0427 )
00000693: 12.5237   (Y': 12.1545   Cb: 13.8278   Cr: 12.9598 )
00000694: 12.5552   (Y': 12.1921   Cb: 13.805    Cr: 13.0067 )
00000695: 12.5084   (Y': 12.119    Cb: 13.8375   Cr: 13.0223 )
00000696: 12.5431   (Y': 12.1506   Cb: 13.8659   Cr: 13.0778 )
00000697: 12.5528   (Y': 12.1831   Cb: 13.8535   Cr: 12.9943 )
00000698: 12.5636   (Y': 12.167    Cb: 13.9204   Cr: 13.0901 )
00000699: 12.6404   (Y': 12.2716   Cb: 13.8858   Cr: 13.1234 )
00000700: 12.581    (Y': 12.2142   Cb: 13.8355   Cr: 13.0466 )
00000701: 12.5316   (Y': 12.1482   Cb: 13.7881   Cr: 13.0764 )
00000702: 12.5618   (Y': 12.1818   Cb: 13.9107   Cr: 13.0139 )
00000703: 12.594    (Y': 12.2144   Cb: 13.8794   Cr: 13.0962 )
00000704: 12.5182   (Y': 12.1394   Cb: 13.7839   Cr: 13.0329 )
00000706: 12.5786   (Y': 12.2027   Cb: 13.8621   Cr: 13.0642 )
00000705: 12.5398   (Y': 12.1562   Cb: 13.8127   Cr: 13.0721 )
00000707: 12.5524   (Y': 12.1547   Cb: 13.9081   Cr: 13.085  )
00000708: 12.5773   (Y': 12.1952   Cb: 13.8417   Cr: 13.1092 )
00000709: 12.5767   (Y': 12.1851   Cb: 13.8497   Cr: 13.1486 )
00000710: 12.5309   (Y': 12.1442   Cb: 13.8624   Cr: 13.0293 )
00000711: 12.5268   (Y': 12.1384   Cb: 13.8617   Cr: 13.0311 )
00000712: 12.5636   (Y': 12.1906   Cb: 13.9375   Cr: 12.9614 )
00000713: 12.5331   (Y': 12.1405   Cb: 13.8954   Cr: 13.035  )
00000714: 12.5771   (Y': 12.1876   Cb: 13.8851   Cr: 13.1086 )
00000715: 12.5916   (Y': 12.2194   Cb: 13.8817   Cr: 13.0536 )
00000716: 12.5491   (Y': 12.154    Cb: 13.9424   Cr: 13.0387 )
00000717: 12.5737   (Y': 12.1912   Cb: 13.9016   Cr: 13.0546 )
00000718: 12.5446   (Y': 12.1552   Cb: 13.8602   Cr: 13.0697 )
00000719: 12.5417   (Y': 12.1483   Cb: 13.8836   Cr: 13.0646 )
00000720: 12.5437   (Y': 12.1501   Cb: 13.91     Cr: 13.0477 )
00000721: 12.5534   (Y': 12.1769   Cb: 13.8737   Cr: 13.0117 )
00000722: 12.5467   (Y': 12.163    Cb: 13.8977   Cr: 13.0145 )
00000723: 12.5133   (Y': 12.1168   Cb: 13.8541   Cr: 13.0526 )
00000724: 12.5294   (Y': 12.1409   Cb: 13.8816   Cr: 13.0193 )
00000725: 12.5506   (Y': 12.159    Cb: 13.897    Cr: 13.0613 )
00000726: 12.5397   (Y': 12.1459   Cb: 13.8896   Cr: 13.0581 )
00000727: 12.5564   (Y': 12.1633   Cb: 13.877    Cr: 13.0951 )
00000728: 12.5409   (Y': 12.1628   Cb: 13.7979   Cr: 13.0597 )
00000729: 12.532    (Y': 12.1467   Cb: 13.8079   Cr: 13.0701 )
00000730: 12.5151   (Y': 12.1096   Cb: 13.9316   Cr: 13.0366 )
00000731: 12.5327   (Y': 12.1611   Cb: 13.7975   Cr: 13.0131 )
00000732: 12.5313   (Y': 12.1541   Cb: 13.782    Cr: 13.0508 )
00000733: 12.5603   (Y': 12.1728   Cb: 13.8856   Cr: 13.0677 )
00000734: 12.5588   (Y': 12.1853   Cb: 13.7963   Cr: 13.0715 )
00000735: 12.5759   (Y': 12.2065   Cb: 13.8498   Cr: 13.038  )
00000736: 12.5511   (Y': 12.1708   Cb: 13.8293   Cr: 13.0624 )
00000737: 12.5116   (Y': 12.1232   Cb: 13.8575   Cr: 13.0065 )
00000738: 12.5086   (Y': 12.1269   Cb: 13.8285   Cr: 12.9924 )
00000739: 12.5191   (Y': 12.1367   Cb: 13.8314   Cr: 13.0126 )
00000740: 12.5217   (Y': 12.1416   Cb: 13.7774   Cr: 13.0513 )
00000741: 12.5527   (Y': 12.1715   Cb: 13.8645   Cr: 13.0403 )
00000742: 12.5679   (Y': 12.1747   Cb: 13.9161   Cr: 13.0849 )
00000743: 12.5431   (Y': 12.164    Cb: 13.8974   Cr: 12.9859 )
00000744: 12.5439   (Y': 12.1702   Cb: 13.8344   Cr: 13.0128 )
00000745: 12.5781   (Y': 12.2013   Cb: 13.9202   Cr: 13.0201 )
00000746: 12.5236   (Y': 12.1457   Cb: 13.8162   Cr: 13.0118 )
00000747: 12.5159   (Y': 12.1369   Cb: 13.8173   Cr: 13.0014 )
00000748: 12.5362   (Y': 12.167    Cb: 13.8459   Cr: 12.9675 )
00000749: 12.544    (Y': 12.1717   Cb: 13.8454   Cr: 12.9974 )
00000750: 12.569    (Y': 12.1929   Cb: 13.8478   Cr: 13.0589 )
00000751: 12.542    (Y': 12.1553   Cb: 13.8966   Cr: 13.0218 )
00000752: 12.5348   (Y': 12.1676   Cb: 13.7611   Cr: 13.0257 )
00000753: 12.5438   (Y': 12.1509   Cb: 13.9069   Cr: 13.0463 )
00000754: 12.5628   (Y': 12.182    Cb: 13.8731   Cr: 13.05   )
00000755: 12.5831   (Y': 12.2127   Cb: 13.8505   Cr: 13.0552 )
00000756: 12.5582   (Y': 12.1932   Cb: 13.8011   Cr: 13.0246 )
00000757: 12.5308   (Y': 12.1587   Cb: 13.7817   Cr: 13.0252 )
00000758: 12.5414   (Y': 12.1778   Cb: 13.8428   Cr: 12.9528 )
00000759: 12.5309   (Y': 12.1533   Cb: 13.8175   Cr: 13.0225 )
00000760: 12.5257   (Y': 12.1479   Cb: 13.8647   Cr: 12.9746 )
00000761: 12.5189   (Y': 12.1425   Cb: 13.8616   Cr: 12.9584 )
00000762: 12.5572   (Y': 12.1992   Cb: 13.8224   Cr: 12.971  )
00000763: 12.569    (Y': 12.2189   Cb: 13.8284   Cr: 12.9506 )
00000764: 12.6115   (Y': 12.2422   Cb: 13.9024   Cr: 13.0589 )
00000765: 12.5251   (Y': 12.1528   Cb: 13.8499   Cr: 12.959  )
00000766: 12.5672   (Y': 12.1965   Cb: 13.898    Cr: 12.9885 )
00000767: 12.5827   (Y': 12.226    Cb: 13.7972   Cr: 13.0324 )
00000768: 12.552    (Y': 12.1886   Cb: 13.8053   Cr: 13.0019 )
00000769: 12.5295   (Y': 12.1578   Cb: 13.7578   Cr: 13.0408 )
00000770: 12.5665   (Y': 12.2206   Cb: 13.8121   Cr: 12.9396 )
00000771: 12.5552   (Y': 12.1982   Cb: 13.8174   Cr: 12.9673 )
00000772: 12.5898   (Y': 12.2358   Cb: 13.8495   Cr: 12.9896 )
00000774: 12.5649   (Y': 12.2067   Cb: 13.789    Cr: 13.0139 )
00000773: 12.5802   (Y': 12.2216   Cb: 13.8789   Cr: 12.9704 )
00000775: 12.5722   (Y': 12.2034   Cb: 13.8591   Cr: 13.0205 )
00000776: 12.5412   (Y': 12.1835   Cb: 13.8061   Cr: 12.9541 )
00000777: 12.5572   (Y': 12.1985   Cb: 13.8244   Cr: 12.9733 )
00000778: 12.5282   (Y': 12.1536   Cb: 13.8371   Cr: 12.9866 )
00000779: 12.5602   (Y': 12.2075   Cb: 13.8085   Cr: 12.9633 )
00000780: 12.5427   (Y': 12.1596   Cb: 13.8353   Cr: 13.0557 )
00000781: 12.5452   (Y': 12.1859   Cb: 13.832    Cr: 12.9482 )
00000782: 12.5523   (Y': 12.1888   Cb: 13.8124   Cr: 12.9967 )
00000783: 12.5458   (Y': 12.1877   Cb: 13.8253   Cr: 12.9485 )
00000784: 12.532    (Y': 12.1584   Cb: 13.8395   Cr: 12.9867 )
00000785: 12.521    (Y': 12.1371   Cb: 13.9349   Cr: 12.9395 )
00000786: 12.5195   (Y': 12.1448   Cb: 13.8139   Cr: 12.9905 )
00000787: 12.5236   (Y': 12.1454   Cb: 13.8627   Cr: 12.9744 )
00000788: 12.4831   (Y': 12.0918   Cb: 13.8961   Cr: 12.9379 )
00000789: 12.548    (Y': 12.1784   Cb: 13.8333   Cr: 13.0012 )
00000790: 12.5775   (Y': 12.2163   Cb: 13.8482   Cr: 13.0029 )
00000791: 12.5213   (Y': 12.1502   Cb: 13.8516   Cr: 12.9452 )
00000792: 12.5675   (Y': 12.1841   Cb: 13.8676   Cr: 13.0762 )
00000793: 12.5466   (Y': 12.1769   Cb: 13.8148   Cr: 13.0151 )
00000794: 12.5626   (Y': 12.1877   Cb: 13.893    Cr: 13.0051 )
00000795: 12.5448   (Y': 12.1779   Cb: 13.879    Cr: 12.9454 )
00000796: 12.5146   (Y': 12.1245   Cb: 13.9004   Cr: 12.9855 )
00000797: 12.5377   (Y': 12.1661   Cb: 13.8529   Cr: 12.9765 )
00000798: 12.5362   (Y': 12.1586   Cb: 13.8815   Cr: 12.9793 )
00000799: 12.5202   (Y': 12.1292   Cb: 13.8966   Cr: 13.0027 )
00000800: 12.5432   (Y': 12.1698   Cb: 13.8871   Cr: 12.9672 )
00000801: 12.5638   (Y': 12.1851   Cb: 13.869    Cr: 13.0448 )
00000802: 12.5544   (Y': 12.1856   Cb: 13.8496   Cr: 12.9959 )
00000803: 12.536    (Y': 12.137    Cb: 13.9381   Cr: 13.0376 )
00000804: 12.5293   (Y': 12.1426   Cb: 13.8611   Cr: 13.0278 )
00000805: 12.5448   (Y': 12.1548   Cb: 13.8866   Cr: 13.0513 )
00000806: 12.5073   (Y': 12.1123   Cb: 13.893    Cr: 13.0018 )
00000807: 12.5335   (Y': 12.1551   Cb: 13.878    Cr: 12.9809 )
00000808: 12.5553   (Y': 12.1669   Cb: 13.8752   Cr: 13.0717 )
00000809: 12.5448   (Y': 12.1591   Cb: 13.9037   Cr: 13.0162 )
00000810: 12.5428   (Y': 12.1617   Cb: 13.9181   Cr: 12.9781 )
00000811: 12.5433   (Y': 12.1648   Cb: 13.8761   Cr: 13.0006 )
00000812: 12.5413   (Y': 12.1495   Cb: 13.878    Cr: 13.061  )
00000813: 12.535    (Y': 12.1571   Cb: 13.8862   Cr: 12.9744 )
00000814: 12.5414   (Y': 12.1479   Cb: 13.8466   Cr: 13.0956 )
00000815: 12.5382   (Y': 12.159    Cb: 13.8684   Cr: 13.0009 )
00000816: 12.5082   (Y': 12.1289   Cb: 13.8553   Cr: 12.9576 )
00000817: 12.5059   (Y': 12.1213   Cb: 13.8556   Cr: 12.9791 )
00000818: 12.531    (Y': 12.1473   Cb: 13.8891   Cr: 12.9933 )
00000819: 12.5339   (Y': 12.1604   Cb: 13.8591   Cr: 12.9738 )
00000820: 12.5357   (Y': 12.1602   Cb: 13.8406   Cr: 13.0012 )
00000821: 12.5292   (Y': 12.1572   Cb: 13.8391   Cr: 12.9743 )
00000822: 12.5246   (Y': 12.1534   Cb: 13.8614   Cr: 12.9438 )
00000823: 12.564    (Y': 12.2045   Cb: 13.8747   Cr: 12.9486 )
00000824: 12.5186   (Y': 12.1416   Cb: 13.8335   Cr: 12.9839 )
00000825: 12.5236   (Y': 12.1553   Cb: 13.7952   Cr: 12.9818 )
00000826: 12.5191   (Y': 12.1337   Cb: 13.879    Cr: 12.988  )
00000827: 12.5216   (Y': 12.1397   Cb: 13.8795   Cr: 12.9756 )
00000828: 12.4983   (Y': 12.1134   Cb: 13.8313   Cr: 12.9873 )
00000829: 12.515    (Y': 12.1323   Cb: 13.8336   Cr: 13.0045 )
00000830: 12.5333   (Y': 12.1491   Cb: 13.887    Cr: 13.0018 )
00000831: 12.5556   (Y': 12.1787   Cb: 13.8687   Cr: 13.0214 )
00000832: 12.5923   (Y': 12.2168   Cb: 13.9027   Cr: 13.0534 )
00000833: 12.6321   (Y': 12.2755   Cb: 13.8441   Cr: 13.0844 )
00000834: 12.6411   (Y': 12.2831   Cb: 13.9084   Cr: 13.0532 )
00000835: 12.6254   (Y': 12.2955   Cb: 13.7889   Cr: 12.991  )
00000836: 12.6342   (Y': 12.3059   Cb: 13.8042   Cr: 12.9865 )
00000837: 12.6409   (Y': 12.3047   Cb: 13.8135   Cr: 13.028  )
00000838: 12.5894   (Y': 12.2591   Cb: 13.7957   Cr: 12.9213 )
00000839: 12.6495   (Y': 12.3167   Cb: 13.8216   Cr: 13.0214 )
00000840: 12.5876   (Y': 12.2717   Cb: 13.6744   Cr: 12.9512 )
00000841: 12.6256   (Y': 12.31     Cb: 13.7142   Cr: 12.9869 )
00000842: 12.5975   (Y': 12.3255   Cb: 13.6726   Cr: 12.7715 )
00000843: 12.6093   (Y': 12.2852   Cb: 13.723    Cr: 12.9891 )
00000844: 12.6808   (Y': 12.3849   Cb: 13.7367   Cr: 12.9781 )
00000845: 12.6563   (Y': 12.3568   Cb: 13.6857   Cr: 12.9933 )
00000846: 12.6041   (Y': 12.3139   Cb: 13.6516   Cr: 12.8826 )
00000847: 12.61     (Y': 12.2981   Cb: 13.7126   Cr: 12.9422 )
00000848: 12.6071   (Y': 12.3257   Cb: 13.5993   Cr: 12.8923 )
00000850: 12.5318   (Y': 12.2144   Cb: 13.6015   Cr: 12.9174 )
00000849: 12.5812   (Y': 12.2901   Cb: 13.6386   Cr: 12.8551 )
00000851: 12.5396   (Y': 12.2122   Cb: 13.6816   Cr: 12.9109 )
00000852: 12.6541   (Y': 12.3615   Cb: 13.6865   Cr: 12.9562 )
00000853: 13.8153   (Y': 13.6843   Cb: 14.4668   Cr: 13.7427 )
00000854: 14.3962   (Y': 14.2915   Cb: 14.9508   Cr: 14.3004 )
00000855: 14.268    (Y': 14.1808   Cb: 14.7797   Cr: 14.1399 )
00000856: 13.5262   (Y': 13.3549   Cb: 14.2453   Cr: 13.5626 )
00000858: 13.047    (Y': 12.8289   Cb: 13.8928   Cr: 13.1748 )
00000857: 13.211    (Y': 12.9939   Cb: 14.0777   Cr: 13.3172 )
00000859: 12.9294   (Y': 12.6774   Cb: 13.8762   Cr: 13.1207 )
00000860: 12.667    (Y': 12.3402   Cb: 13.8174   Cr: 13.029  )
00000861: 12.5864   (Y': 12.2719   Cb: 13.7032   Cr: 12.9189 )
00000862: 12.5121   (Y': 12.1674   Cb: 13.7317   Cr: 12.9012 )
00000863: 12.5689   (Y': 12.2586   Cb: 13.6497   Cr: 12.9118 )
00000864: 12.5827   (Y': 12.2773   Cb: 13.6559   Cr: 12.9092 )
00000866: 12.5488   (Y': 12.2206   Cb: 13.6803   Cr: 12.9331 )
00000865: 12.5349   (Y': 12.2158   Cb: 13.6172   Cr: 12.9175 )
00000867: 12.6076   (Y': 12.2906   Cb: 13.6972   Cr: 12.9747 )
00000868: 12.6006   (Y': 12.2984   Cb: 13.6887   Cr: 12.8999 )
00000869: 12.5586   (Y': 12.2393   Cb: 13.6977   Cr: 12.8949 )
00000870: 12.5842   (Y': 12.2721   Cb: 13.6874   Cr: 12.9166 )
00000871: 12.6053   (Y': 12.3171   Cb: 13.666    Cr: 12.8638 )
00000872: 12.5722   (Y': 12.2504   Cb: 13.6845   Cr: 12.9425 )
00000873: 12.6308   (Y': 12.3145   Cb: 13.724    Cr: 12.9913 )
00000874: 12.5953   (Y': 12.2836   Cb: 13.7292   Cr: 12.9003 )
00000875: 12.5807   (Y': 12.2418   Cb: 13.7644   Cr: 12.9713 )
00000876: 12.5664   (Y': 12.2335   Cb: 13.7132   Cr: 12.9599 )
00000878: 12.58     (Y': 12.213    Cb: 13.7935   Cr: 13.0806 )
00000877: 12.586    (Y': 12.2375   Cb: 13.7716   Cr: 13.0211 )
00000879: 12.5699   (Y': 12.2098   Cb: 13.8085   Cr: 13.0166 )
00000880: 12.6145   (Y': 12.2556   Cb: 13.8373   Cr: 13.0681 )
00000881: 12.5535   (Y': 12.2005   Cb: 13.7703   Cr: 12.9838 )
00000882: 12.5617   (Y': 12.1863   Cb: 13.8749   Cr: 13.0205 )
00000883: 12.5347   (Y': 12.1733   Cb: 13.7803   Cr: 12.9812 )
00000884: 12.5465   (Y': 12.1537   Cb: 13.857    Cr: 13.0928 )
00000885: 12.5307   (Y': 12.1673   Cb: 13.8026   Cr: 12.9652 )
00000886: 12.5269   (Y': 12.1515   Cb: 13.7728   Cr: 13.041  )
00000887: 12.5928   (Y': 12.2302   Cb: 13.828    Cr: 13.0539 )
00000888: 12.6085   (Y': 12.2468   Cb: 13.8124   Cr: 13.0916 )
00000889: 12.6122   (Y': 12.2566   Cb: 13.8263   Cr: 13.057  )
00000890: 12.6047   (Y': 12.2636   Cb: 13.7155   Cr: 13.068  )
00000891: 12.5434   (Y': 12.1995   Cb: 13.7377   Cr: 12.9494 )
00000892: 12.5567   (Y': 12.1976   Cb: 13.8346   Cr: 12.9662 )
00000893: 12.6605   (Y': 12.3358   Cb: 13.8365   Cr: 12.9914 )
00000894: 12.5932   (Y': 12.2334   Cb: 13.8146   Cr: 13.0527 )
00000895: 12.6284   (Y': 12.2896   Cb: 13.8119   Cr: 13.019  )
00000896: 12.6146   (Y': 12.2601   Cb: 13.8576   Cr: 13.0302 )
00000897: 12.6047   (Y': 12.2287   Cb: 13.9006   Cr: 13.0801 )
00000898: 12.5905   (Y': 12.217    Cb: 13.8295   Cr: 13.102  )
00000899: 12.5097   (Y': 12.1275   Cb: 13.8113   Cr: 13.0108 )
00000900: 12.6403   (Y': 12.2881   Cb: 13.8743   Cr: 13.0523 )
00000901: 12.581    (Y': 12.2114   Cb: 13.8574   Cr: 13.0423 )
00000902: 12.638    (Y': 12.2724   Cb: 13.9214   Cr: 13.0732 )
00000903: 12.5609   (Y': 12.1782   Cb: 13.8405   Cr: 13.0831 )
00000904: 12.5546   (Y': 12.184    Cb: 13.8312   Cr: 13.0196 )
00000905: 12.5958   (Y': 12.2299   Cb: 13.8826   Cr: 13.0302 )
00000906: 12.608    (Y': 12.2441   Cb: 13.878    Cr: 13.0466 )
00000907: 12.6155   (Y': 12.2514   Cb: 13.9056   Cr: 13.0385 )
00000908: 12.5597   (Y': 12.1861   Cb: 13.8657   Cr: 13.0155 )
00000909: 12.6019   (Y': 12.2317   Cb: 13.9168   Cr: 13.0342 )
00000910: 12.5644   (Y': 12.185    Cb: 13.8934   Cr: 13.0298 )
00000911: 12.557    (Y': 12.1865   Cb: 13.8334   Cr: 13.022  )
00000912: 12.6007   (Y': 12.2209   Cb: 13.9445   Cr: 13.0555 )
00000913: 12.5971   (Y': 12.2232   Cb: 13.9296   Cr: 13.0323 )
00000914: 12.5814   (Y': 12.205    Cb: 13.8949   Cr: 13.0442 )
00000915: 12.5621   (Y': 12.2014   Cb: 13.8555   Cr: 12.9665 )
00000916: 12.5631   (Y': 12.1865   Cb: 13.8956   Cr: 13.0115 )
00000917: 12.5655   (Y': 12.2014   Cb: 13.8719   Cr: 12.9753 )
00000918: 12.6062   (Y': 12.2127   Cb: 13.9134   Cr: 13.1586 )
00000919: 12.596    (Y': 12.2172   Cb: 13.9192   Cr: 13.0633 )
00000920: 12.6122   (Y': 12.2384   Cb: 13.9152   Cr: 13.0712 )
00000921: 12.6144   (Y': 12.2301   Cb: 13.9599   Cr: 13.0894 )
00000922: 12.5929   (Y': 12.2283   Cb: 13.8679   Cr: 13.0303 )
00000923: 12.5955   (Y': 12.2104   Cb: 13.9591   Cr: 13.0598 )
00000924: 12.6132   (Y': 12.2459   Cb: 13.8923   Cr: 13.0608 )
00000925: 12.6342   (Y': 12.273    Cb: 13.8833   Cr: 13.0775 )
00000926: 12.6716   (Y': 12.3259   Cb: 13.8391   Cr: 13.1083 )
00000927: 12.674    (Y': 12.3191   Cb: 13.8967   Cr: 13.109  )
00000928: 12.658    (Y': 12.3029   Cb: 13.9288   Cr: 13.0537 )
00000929: 12.6923   (Y': 12.3522   Cb: 13.9003   Cr: 13.0687 )
00000930: 12.6315   (Y': 12.2923   Cb: 13.7812   Cr: 13.0525 )
00000931: 12.6739   (Y': 12.3286   Cb: 13.8338   Cr: 13.1157 )
00000932: 12.6408   (Y': 12.28     Cb: 13.8783   Cr: 13.091  )
00000933: 12.6361   (Y': 12.2721   Cb: 13.8972   Cr: 13.0823 )
00000934: 12.5714   (Y': 12.2066   Cb: 13.7631   Cr: 13.0804 )
00000935: 12.5951   (Y': 12.2427   Cb: 13.802    Cr: 13.0311 )
00000936: 12.5999   (Y': 12.2388   Cb: 13.8648   Cr: 13.0292 )
00000937: 12.5697   (Y': 12.2096   Cb: 13.9097   Cr: 12.9337 )
00000938: 12.5988   (Y': 12.2469   Cb: 13.8118   Cr: 13.0271 )
00000939: 12.5624   (Y': 12.1995   Cb: 13.8157   Cr: 13.01   )
00000940: 12.6222   (Y': 12.2617   Cb: 13.8228   Cr: 13.1023 )
00000941: 12.5976   (Y': 12.2409   Cb: 13.874    Cr: 12.9966 )
00000942: 12.5481   (Y': 12.1799   Cb: 13.8726   Cr: 12.9625 )
00000943: 12.528    (Y': 12.1593   Cb: 13.786    Cr: 13.0001 )
00000944: 12.5606   (Y': 12.1939   Cb: 13.834    Cr: 13.0098 )
00000945: 12.6067   (Y': 12.2486   Cb: 13.8741   Cr: 13.0196 )
00000946: 12.5728   (Y': 12.1846   Cb: 13.925    Cr: 13.0616 )
00000947: 12.6513   (Y': 12.2876   Cb: 13.9158   Cr: 13.093  )
00000948: 12.6042   (Y': 12.2399   Cb: 13.9078   Cr: 13.0173 )
00000949: 12.573    (Y': 12.2183   Cb: 13.7949   Cr: 13.0076 )
00000950: 12.5681   (Y': 12.2067   Cb: 13.8199   Cr: 13.0097 )
00000951: 12.5922   (Y': 12.2232   Cb: 13.8846   Cr: 13.0369 )
00000952: 12.5255   (Y': 12.1555   Cb: 13.7921   Cr: 12.9965 )
00000953: 12.5978   (Y': 12.2294   Cb: 13.8645   Cr: 13.0608 )
00000954: 12.6154   (Y': 12.2572   Cb: 13.8966   Cr: 13.0176 )
00000955: 12.7119   (Y': 12.3599   Cb: 13.977    Cr: 13.0973 )
00000956: 12.7011   (Y': 12.3321   Cb: 13.9884   Cr: 13.15   )
00000957: 12.712    (Y': 12.3405   Cb: 14.0087   Cr: 13.1654 )
00000958: 12.6858   (Y': 12.3123   Cb: 13.9842   Cr: 13.1474 )
00000959: 12.7245   (Y': 12.3537   Cb: 14.0562   Cr: 13.1456 )
00000960: 12.8055   (Y': 12.4512   Cb: 14.0748   Cr: 13.1991 )
00000962: 12.6708   (Y': 12.2714   Cb: 14.0099   Cr: 13.2261 )
00000961: 12.7157   (Y': 12.3352   Cb: 13.9525   Cr: 13.2637 )
00000963: 13.3274   (Y': 13.0504   Cb: 14.3938   Cr: 13.5305 )
00000964: 13.9232   (Y': 13.7052   Cb: 14.7272   Cr: 14.0866 )
00000965: 14.5082   (Y': 14.3201   Cb: 15.1802   Cr: 14.6574 )
00000966: 13.708    (Y': 13.4283   Cb: 14.6916   Cr: 13.9927 )
00000967: 13.3322   (Y': 13.0629   Cb: 14.3373   Cr: 13.5515 )
00000968: 13.1793   (Y': 12.8824   Cb: 14.232    Cr: 13.4842 )
00000969: 13.0073   (Y': 12.6908   Cb: 14.1191   Cr: 13.3535 )
00000970: 13.0635   (Y': 12.766    Cb: 14.1475   Cr: 13.3445 )
00000971: 12.7144   (Y': 12.3417   Cb: 14.0011   Cr: 13.1819 )
00000972: 12.7519   (Y': 12.3923   Cb: 14.0632   Cr: 13.1362 )
00000973: 12.6842   (Y': 12.3117   Cb: 13.9434   Cr: 13.1732 )
00000974: 12.7176   (Y': 12.3803   Cb: 13.8506   Cr: 13.1434 )
00000975: 12.6521   (Y': 12.2988   Cb: 13.923    Cr: 13.0395 )
00000976: 12.6458   (Y': 12.309    Cb: 13.8403   Cr: 13.0179 )
00000977: 12.5876   (Y': 12.2327   Cb: 13.781    Cr: 13.0464 )
00000978: 12.608    (Y': 12.2604   Cb: 13.8717   Cr: 12.9745 )
00000979: 12.5924   (Y': 12.2409   Cb: 13.7882   Cr: 13.0331 )
00000980: 12.5612   (Y': 12.2037   Cb: 13.8019   Cr: 12.9934 )
00000981: 12.5867   (Y': 12.2276   Cb: 13.8187   Cr: 13.0339 )
00000983: 12.5582   (Y': 12.2105   Cb: 13.7541   Cr: 12.9811 )
00000982: 12.5741   (Y': 12.2275   Cb: 13.7454   Cr: 13.0115 )
00000984: 12.5361   (Y': 12.1788   Cb: 13.8025   Cr: 12.9463 )
00000985: 12.5615   (Y': 12.2128   Cb: 13.8222   Cr: 12.9353 )
00000986: 12.5795   (Y': 12.2256   Cb: 13.8074   Cr: 13.0049 )
00000987: 12.5837   (Y': 12.2441   Cb: 13.749    Cr: 12.9936 )
00000988: 12.6315   (Y': 12.3073   Cb: 13.7257   Cr: 13.0284 )
00000989: 12.5782   (Y': 12.224    Cb: 13.8154   Cr: 12.9971 )
00000990: 12.5954   (Y': 12.2527   Cb: 13.7859   Cr: 12.9991 )
00000991: 12.6556   (Y': 12.3203   Cb: 13.811    Cr: 13.0531 )
00000992: 12.6163   (Y': 12.2666   Cb: 13.8179   Cr: 13.0435 )
00000993: 12.573    (Y': 12.2043   Cb: 13.8634   Cr: 13.0183 )
00000994: 12.6315   (Y': 12.2893   Cb: 13.8176   Cr: 13.0359 )
00000995: 12.5769   (Y': 12.2205   Cb: 13.7679   Cr: 13.0452 )
00000996: 12.5983   (Y': 12.2586   Cb: 13.7964   Cr: 12.981  )
00000997: 12.6159   (Y': 12.2686   Cb: 13.8174   Cr: 13.0321 )
00000998: 12.5226   (Y': 12.1448   Cb: 13.7668   Cr: 13.0499 )
00000999: 12.525    (Y': 12.1707   Cb: 13.7726   Cr: 12.936  )
00001000: 12.5293   (Y': 12.1662   Cb: 13.7746   Cr: 12.9845 )
00001002: 12.5519   (Y': 12.2061   Cb: 13.8096   Cr: 12.9141 )
00001001: 12.5896   (Y': 12.2484   Cb: 13.7765   Cr: 12.9886 )
00001003: 12.5779   (Y': 12.2252   Cb: 13.8841   Cr: 12.9339 )
00001004: 12.5319   (Y': 12.169    Cb: 13.7586   Cr: 13.0022 )
00001005: 12.5619   (Y': 12.2109   Cb: 13.7569   Cr: 13.0009 )
00001006: 12.5201   (Y': 12.1435   Cb: 13.8187   Cr: 12.9962 )
00001007: 12.5268   (Y': 12.16     Cb: 13.8255   Cr: 12.9554 )
00001008: 12.5493   (Y': 12.187    Cb: 13.8091   Cr: 12.9885 )
00001009: 12.541    (Y': 12.1733   Cb: 13.8328   Cr: 12.9799 )
00001010: 12.5175   (Y': 12.1401   Cb: 13.8078   Cr: 13.0046 )
00001011: 12.5694   (Y': 12.2129   Cb: 13.8145   Cr: 12.9932 )
00001012: 12.5669   (Y': 12.2108   Cb: 13.7976   Cr: 13.0009 )
00001013: 12.585    (Y': 12.2294   Cb: 13.8152   Cr: 13.0169 )
00001014: 12.5375   (Y': 12.1847   Cb: 13.7176   Cr: 12.9978 )
00001015: 12.5348   (Y': 12.1768   Cb: 13.7644   Cr: 12.9785 )
00001016: 12.559    (Y': 12.1882   Cb: 13.8381   Cr: 13.0234 )
00001017: 12.5752   (Y': 12.2265   Cb: 13.8341   Cr: 12.9501 )
00001018: 12.5214   (Y': 12.1521   Cb: 13.77     Cr: 13.0041 )
00001019: 12.497    (Y': 12.1148   Cb: 13.7553   Cr: 13.0347 )
00001020: 12.5186   (Y': 12.1788   Cb: 13.7358   Cr: 12.8859 )
00001021: 12.563    (Y': 12.2131   Cb: 13.7502   Cr: 13.0037 )
00001022: 12.5614   (Y': 12.1917   Cb: 13.8203   Cr: 13.0368 )
00001023: 12.5676   (Y': 12.2132   Cb: 13.8151   Cr: 12.9794 )
00001024: 12.5729   (Y': 12.2288   Cb: 13.7922   Cr: 12.9584 )
00001025: 12.5626   (Y': 12.2213   Cb: 13.7848   Cr: 12.9333 )
00001026: 12.553    (Y': 12.2179   Cb: 13.752    Cr: 12.9137 )
00001027: 12.5383   (Y': 12.1952   Cb: 13.7464   Cr: 12.9287 )
00001028: 12.5413   (Y': 12.1989   Cb: 13.7096   Cr: 12.9617 )
00001029: 12.5218   (Y': 12.1632   Cb: 13.6768   Cr: 13.0314 )
00001030: 13.3253   (Y': 13.1338   Cb: 14.1369   Cr: 13.3684 )
00001031: 13.8355   (Y': 13.7152   Cb: 14.4378   Cr: 13.7616 )
00001032: 14.4173   (Y': 14.2737   Cb: 14.9629   Cr: 14.4891 )
00001033: 14.2741   (Y': 14.158    Cb: 14.8287   Cr: 14.2246 )
00001034: 13.3067   (Y': 13.0828   Cb: 14.1959   Cr: 13.4236 )
00001035: 13.2355   (Y': 13.0071   Cb: 14.1345   Cr: 13.3637 )
00001036: 12.9973   (Y': 12.7357   Cb: 13.9806   Cr: 13.2001 )
00001037: 12.9836   (Y': 12.7247   Cb: 13.9751   Cr: 13.1677 )
00001038: 12.6719   (Y': 12.3071   Cb: 13.9513   Cr: 13.107  )
00001040: 12.7289   (Y': 12.3967   Cb: 13.9136   Cr: 13.0875 )
00001039: 12.6663   (Y': 12.3189   Cb: 13.8742   Cr: 13.0772 )
00001041: 12.7028   (Y': 12.3645   Cb: 13.8985   Cr: 13.0808 )
00001042: 12.8314   (Y': 12.5101   Cb: 14.0086   Cr: 13.1458 )
00001043: 12.7965   (Y': 12.4368   Cb: 14.0345   Cr: 13.2419 )
Total: 12.6776   (Y': 12.3211   Cb: 13.8974   Cr: 13.1221 )
