00000000: 31.3234   (Y': 44.3744   Cb: 26.6981   Cr: 26.6981 )
00000002: 15.9398   (Y': 16.3872   Cb: 14.0857   Cr: 16.6001 )
00000001: 15.9248   (Y': 16.3735   Cb: 14.062    Cr: 16.5951 )
00000003: 15.8718   (Y': 16.3208   Cb: 13.9683   Cr: 16.6142 )
00000004: 15.883    (Y': 16.3396   Cb: 14.0329   Cr: 16.4977 )
00000005: 15.8468   (Y': 16.297    Cb: 13.9721   Cr: 16.5319 )
00000006: 15.8332   (Y': 16.2968   Cb: 13.9207   Cr: 16.5308 )
00000007: 15.8209   (Y': 16.2882   Cb: 13.9388   Cr: 16.4476 )
00000008: 15.8169   (Y': 16.2939   Cb: 13.8971   Cr: 16.4712 )
00000009: 15.8183   (Y': 16.2773   Cb: 13.9061   Cr: 16.5343 )
00000010: 15.8453   (Y': 16.3141   Cb: 13.9668   Cr: 16.4591 )
00000011: 15.792    (Y': 16.2567   Cb: 13.8816   Cr: 16.4805 )
00000013: 15.7805   (Y': 16.2112   Cb: 13.951    Cr: 16.467  )
00000012: 15.7723   (Y': 16.2331   Cb: 13.8782   Cr: 16.4478 )
00000015: 15.7615   (Y': 16.193    Cb: 13.9014   Cr: 16.4998 )
00000014: 15.7724   (Y': 16.1974   Cb: 13.9177   Cr: 16.5286 )
00000016: 15.7657   (Y': 16.1905   Cb: 13.8835   Cr: 16.5738 )
00000018: 15.7669   (Y': 16.206    Cb: 13.8725   Cr: 16.5356 )
00000017: 15.7836   (Y': 16.2216   Cb: 13.9229   Cr: 16.4953 )
00000019: 15.7493   (Y': 16.1884   Cb: 13.9061   Cr: 16.4244 )
00000020: 15.7817   (Y': 16.1981   Cb: 13.947    Cr: 16.5392 )
00000021: 15.768    (Y': 16.1961   Cb: 13.8734   Cr: 16.5843 )
00000023: 15.8038   (Y': 16.2325   Cb: 13.9404   Cr: 16.5601 )
00000022: 15.7618   (Y': 16.1888   Cb: 13.8843   Cr: 16.5512 )
00000024: 15.7593   (Y': 16.192    Cb: 13.8775   Cr: 16.5325 )
00000025: 15.7819   (Y': 16.2106   Cb: 13.9416   Cr: 16.4959 )
00000027: 15.8042   (Y': 16.2407   Cb: 13.9687   Cr: 16.4769 )
00000029: 15.7819   (Y': 16.2081   Cb: 13.9053   Cr: 16.5735 )
00000028: 15.7714   (Y': 16.2066   Cb: 13.8958   Cr: 16.5226 )
00000026: 15.8027   (Y': 16.2349   Cb: 13.92     Cr: 16.5795 )
00000030: 15.7961   (Y': 16.2456   Cb: 13.8838   Cr: 16.5528 )
00000031: 15.8036   (Y': 16.2341   Cb: 13.9494   Cr: 16.5356 )
00000032: 15.7656   (Y': 16.1868   Cb: 13.9154   Cr: 16.5304 )
00000033: 15.7175   (Y': 16.1437   Cb: 13.8344   Cr: 16.5212 )
00000034: 15.7757   (Y': 16.1916   Cb: 13.927    Cr: 16.5604 )
00000036: 15.793    (Y': 16.2411   Cb: 13.903    Cr: 16.5149 )
00000035: 15.7766   (Y': 16.2421   Cb: 13.8579   Cr: 16.4774 )
00000037: 15.8077   (Y': 16.2554   Cb: 13.91     Cr: 16.5454 )
00000038: 15.7866   (Y': 16.2349   Cb: 13.9296   Cr: 16.4478 )
00000039: 15.7527   (Y': 16.1642   Cb: 13.9173   Cr: 16.5324 )
00000040: 15.7288   (Y': 16.1759   Cb: 13.8349   Cr: 16.4618 )
00000041: 15.7451   (Y': 16.1834   Cb: 13.8341   Cr: 16.5477 )
00000042: 15.7746   (Y': 16.21     Cb: 13.947    Cr: 16.4377 )
00000044: 15.7498   (Y': 16.1722   Cb: 13.8524   Cr: 16.5964 )
00000043: 15.7662   (Y': 16.2104   Cb: 13.8579   Cr: 16.538  )
00000046: 15.8111   (Y': 16.248    Cb: 13.9196   Cr: 16.5839 )
00000047: 15.7795   (Y': 16.2295   Cb: 13.8989   Cr: 16.4759 )
00000045: 15.737    (Y': 16.186    Cb: 13.8155   Cr: 16.5132 )
00000048: 15.7585   (Y': 16.1975   Cb: 13.8809   Cr: 16.4966 )
00000049: 15.7594   (Y': 16.2215   Cb: 13.8367   Cr: 16.4819 )
00000050: 15.7799   (Y': 16.2038   Cb: 13.8826   Cr: 16.6205 )
00000051: 15.7986   (Y': 16.2599   Cb: 13.8789   Cr: 16.5184 )
00000052: 15.7468   (Y': 16.1885   Cb: 13.8178   Cr: 16.5687 )
00000054: 15.7484   (Y': 16.1772   Cb: 13.8797   Cr: 16.5136 )
00000053: 15.7451   (Y': 16.1583   Cb: 13.9085   Cr: 16.5194 )
00000055: 15.7578   (Y': 16.2071   Cb: 13.8442   Cr: 16.5176 )
00000056: 15.7463   (Y': 16.1922   Cb: 13.8401   Cr: 16.507  )
00000057: 15.7659   (Y': 16.1911   Cb: 13.9079   Cr: 16.5277 )
00000058: 15.7561   (Y': 16.1806   Cb: 13.9094   Cr: 16.5002 )
00000059: 15.7579   (Y': 16.1876   Cb: 13.9052   Cr: 16.4908 )
00000060: 15.7342   (Y': 16.1872   Cb: 13.829    Cr: 16.4624 )
00000061: 15.7591   (Y': 16.1809   Cb: 13.8973   Cr: 16.5423 )
00000063: 15.7618   (Y': 16.203    Cb: 13.8376   Cr: 16.5766 )
00000062: 15.7622   (Y': 16.1874   Cb: 13.9243   Cr: 16.4868 )
00000064: 15.7572   (Y': 16.1812   Cb: 13.8831   Cr: 16.5536 )
00000065: 15.7395   (Y': 16.1627   Cb: 13.8562   Cr: 16.5563 )
00000067: 15.728    (Y': 16.18     Cb: 13.8215   Cr: 16.4629 )
00000066: 15.7466   (Y': 16.1708   Cb: 13.928    Cr: 16.4409 )
00000068: 15.7322   (Y': 16.1676   Cb: 13.8526   Cr: 16.4895 )
00000069: 15.7496   (Y': 16.1714   Cb: 13.8785   Cr: 16.5504 )
00000070: 15.765    (Y': 16.1804   Cb: 13.9117   Cr: 16.5606 )
00000071: 15.7571   (Y': 16.1857   Cb: 13.8593   Cr: 16.5776 )
00000072: 15.7494   (Y': 16.2109   Cb: 13.8497   Cr: 16.4324 )
00000073: 15.7637   (Y': 16.2182   Cb: 13.8825   Cr: 16.4424 )
00000074: 15.7358   (Y': 16.1588   Cb: 13.8731   Cr: 16.5157 )
00000076: 15.769    (Y': 16.2103   Cb: 13.8939   Cr: 16.4925 )
00000075: 15.75     (Y': 16.1711   Cb: 13.9021   Cr: 16.5114 )
00000077: 15.7501   (Y': 16.1791   Cb: 13.8748   Cr: 16.527  )
00000078: 15.7489   (Y': 16.2181   Cb: 13.8261   Cr: 16.4409 )
00000079: 15.7567   (Y': 16.2018   Cb: 13.8535   Cr: 16.5159 )
00000080: 15.761    (Y': 16.2016   Cb: 13.8594   Cr: 16.536  )
00000083: 15.7706   (Y': 16.202    Cb: 13.9307   Cr: 16.4732 )
00000081: 15.7433   (Y': 16.18     Cb: 13.8523   Cr: 16.5155 )
00000084: 15.7489   (Y': 16.1862   Cb: 13.8808   Cr: 16.4767 )
00000082: 15.7376   (Y': 16.1477   Cb: 13.8948   Cr: 16.5371 )
00000085: 15.7431   (Y': 16.1883   Cb: 13.8858   Cr: 16.4179 )
00000087: 15.7446   (Y': 16.1595   Cb: 13.858    Cr: 16.6046 )
00000086: 15.753    (Y': 16.1682   Cb: 13.8951   Cr: 16.558  )
00000088: 15.7383   (Y': 16.1494   Cb: 13.9256   Cr: 16.4784 )
00000091: 15.7769   (Y': 16.2078   Cb: 13.896    Cr: 16.5557 )
00000089: 15.7601   (Y': 16.2033   Cb: 13.8802   Cr: 16.4847 )
00000090: 15.7351   (Y': 16.1538   Cb: 13.8551   Cr: 16.5659 )
00000092: 15.7518   (Y': 16.1749   Cb: 13.8819   Cr: 16.5446 )
00000093: 15.7536   (Y': 16.1744   Cb: 13.9138   Cr: 16.5008 )
00000095: 15.7407   (Y': 16.1609   Cb: 13.8827   Cr: 16.5235 )
00000094: 15.7282   (Y': 16.1636   Cb: 13.8239   Cr: 16.5308 )
00000096: 15.7416   (Y': 16.142    Cb: 13.9093   Cr: 16.5644 )
00000097: 15.7298   (Y': 16.1616   Cb: 13.8312   Cr: 16.5374 )
00000098: 15.7698   (Y': 16.2056   Cb: 13.885    Cr: 16.5347 )
00000099: 15.7551   (Y': 16.1815   Cb: 13.8641   Cr: 16.5727 )
00000101: 15.7715   (Y': 16.2217   Cb: 13.8759   Cr: 16.4943 )
00000103: 15.7323   (Y': 16.194    Cb: 13.8705   Cr: 16.3464 )
00000102: 15.7693   (Y': 16.1936   Cb: 13.879    Cr: 16.5946 )
00000100: 15.735    (Y': 16.1626   Cb: 13.9116   Cr: 16.4239 )
00000104: 15.7485   (Y': 16.1972   Cb: 13.8836   Cr: 16.4224 )
00000106: 15.7489   (Y': 16.1693   Cb: 13.8621   Cr: 16.5851 )
00000105: 15.743    (Y': 16.1819   Cb: 13.8781   Cr: 16.4586 )
00000107: 15.7409   (Y': 16.1995   Cb: 13.7938   Cr: 16.5235 )
00000108: 15.7373   (Y': 16.1655   Cb: 13.85     Cr: 16.5401 )
00000109: 15.75     (Y': 16.2014   Cb: 13.8247   Cr: 16.5222 )
00000110: 15.7347   (Y': 16.1606   Cb: 13.8601   Cr: 16.5237 )
00000111: 15.757    (Y': 16.1928   Cb: 13.8463   Cr: 16.5698 )
00000112: 15.749    (Y': 16.1672   Cb: 13.8629   Cr: 16.5932 )
00000113: 15.7449   (Y': 16.1453   Cb: 13.897    Cr: 16.5963 )
00000114: 15.7516   (Y': 16.1821   Cb: 13.8638   Cr: 16.5449 )
00000115: 15.7253   (Y': 16.1393   Cb: 13.8717   Cr: 16.5276 )
00000116: 15.7561   (Y': 16.1923   Cb: 13.8878   Cr: 16.4893 )
00000117: 15.741    (Y': 16.1778   Cb: 13.863    Cr: 16.4893 )
00000118: 15.7425   (Y': 16.1693   Cb: 13.8714   Cr: 16.5213 )
00000119: 15.7426   (Y': 16.1613   Cb: 13.8903   Cr: 16.5223 )
00000120: 15.7453   (Y': 16.1746   Cb: 13.8697   Cr: 16.5211 )
00000121: 15.7584   (Y': 16.2012   Cb: 13.8769   Cr: 16.4871 )
00000122: 15.7652   (Y': 16.1785   Cb: 13.8829   Cr: 16.6241 )
00000123: 15.7541   (Y': 16.1852   Cb: 13.8439   Cr: 16.5867 )
00000124: 15.7341   (Y': 16.1711   Cb: 13.8071   Cr: 16.5728 )
00000125: 15.7564   (Y': 16.1931   Cb: 13.8572   Cr: 16.544  )
00000126: 15.7408   (Y': 16.1532   Cb: 13.8725   Cr: 16.5769 )
00000127: 15.7494   (Y': 16.1987   Cb: 13.7977   Cr: 16.5806 )
00000128: 15.7467   (Y': 16.167    Cb: 13.8711   Cr: 16.5617 )
00000129: 15.7275   (Y': 16.1739   Cb: 13.8601   Cr: 16.4161 )
00000130: 15.7569   (Y': 16.1957   Cb: 13.8489   Cr: 16.552  )
00000131: 15.7515   (Y': 16.1908   Cb: 13.8277   Cr: 16.574  )
00000134: 15.7559   (Y': 16.1873   Cb: 13.8653   Cr: 16.5508 )
00000132: 15.7481   (Y': 16.1753   Cb: 13.8748   Cr: 16.529  )
00000133: 15.7631   (Y': 16.1952   Cb: 13.9001   Cr: 16.5037 )
00000135: 15.7566   (Y': 16.1925   Cb: 13.8738   Cr: 16.5172 )
00000136: 15.7848   (Y': 16.2216   Cb: 13.8948   Cr: 16.5549 )
00000137: 15.7211   (Y': 16.1699   Cb: 13.8052   Cr: 16.4874 )
00000138: 15.7608   (Y': 16.1848   Cb: 13.8796   Cr: 16.5708 )
00000139: 15.7268   (Y': 16.1737   Cb: 13.8008   Cr: 16.5202 )
00000141: 15.7539   (Y': 16.2283   Cb: 13.7885   Cr: 16.5027 )
00000140: 15.7458   (Y': 16.1676   Cb: 13.8895   Cr: 16.5189 )
00000142: 15.7649   (Y': 16.1968   Cb: 13.904    Cr: 16.5026 )
00000143: 15.7873   (Y': 16.2164   Cb: 13.8939   Cr: 16.5975 )
00000144: 15.7861   (Y': 16.1926   Cb: 13.9474   Cr: 16.5934 )
00000145: 15.7658   (Y': 16.1949   Cb: 13.8737   Cr: 16.5735 )
00000146: 15.7466   (Y': 16.1571   Cb: 13.9014   Cr: 16.5489 )
00000147: 15.7234   (Y': 16.1674   Cb: 13.8481   Cr: 16.436  )
00000148: 15.72     (Y': 16.147    Cb: 13.8372   Cr: 16.5196 )
00000149: 15.7521   (Y': 16.196    Cb: 13.8845   Cr: 16.4511 )
00000150: 15.7733   (Y': 16.209    Cb: 13.8894   Cr: 16.5372 )
00000151: 15.7443   (Y': 16.1815   Cb: 13.8587   Cr: 16.5046 )
00000152: 15.7687   (Y': 16.211    Cb: 13.8823   Cr: 16.5086 )
00000153: 15.744    (Y': 16.1851   Cb: 13.8581   Cr: 16.488  )
00000155: 15.7686   (Y': 16.2002   Cb: 13.8832   Cr: 16.553  )
00000154: 15.8015   (Y': 16.239    Cb: 13.8962   Cr: 16.5974 )
00000156: 15.7392   (Y': 16.161    Cb: 13.8879   Cr: 16.5033 )
00000157: 15.7581   (Y': 16.1848   Cb: 13.9131   Cr: 16.4896 )
00000158: 15.7556   (Y': 16.1588   Cb: 13.9068   Cr: 16.5959 )
00000159: 15.738    (Y': 16.1551   Cb: 13.8856   Cr: 16.5245 )
00000160: 15.7573   (Y': 16.1755   Cb: 13.8858   Cr: 16.574  )
00000161: 15.7183   (Y': 16.1722   Cb: 13.8103   Cr: 16.4483 )
00000162: 15.7271   (Y': 16.1446   Cb: 13.8667   Cr: 16.5268 )
00000163: 15.766    (Y': 16.196    Cb: 13.9284   Cr: 16.47   )
00000164: 15.744    (Y': 16.1796   Cb: 13.8517   Cr: 16.5234 )
00000165: 15.728    (Y': 16.175    Cb: 13.7906   Cr: 16.5426 )
00000166: 15.7643   (Y': 16.1652   Cb: 13.9101   Cr: 16.6255 )
00000167: 15.7406   (Y': 16.1606   Cb: 13.8568   Cr: 16.5725 )
00000168: 15.7437   (Y': 16.1877   Cb: 13.8698   Cr: 16.4532 )
00000170: 15.7293   (Y': 16.2006   Cb: 13.7641   Cr: 16.4915 )
00000169: 15.7265   (Y': 16.1664   Cb: 13.8426   Cr: 16.4719 )
00000171: 15.7663   (Y': 16.204    Cb: 13.8971   Cr: 16.4947 )
00000172: 15.7314   (Y': 16.1784   Cb: 13.852    Cr: 16.4388 )
00000173: 15.7513   (Y': 16.1703   Cb: 13.8897   Cr: 16.5464 )
00000174: 15.7367   (Y': 16.183    Cb: 13.8457   Cr: 16.4685 )
00000175: 15.7118   (Y': 16.1641   Cb: 13.8339   Cr: 16.3941 )
00000176: 15.7487   (Y': 16.1816   Cb: 13.8372   Cr: 16.5762 )
00000177: 15.7563   (Y': 16.1917   Cb: 13.883    Cr: 16.502  )
00000178: 15.7594   (Y': 16.2272   Cb: 13.8957   Cr: 16.3517 )
00000179: 15.7467   (Y': 16.1664   Cb: 13.8906   Cr: 16.5288 )
00000180: 15.7402   (Y': 16.1715   Cb: 13.8663   Cr: 16.5049 )
00000181: 15.7633   (Y': 16.1711   Cb: 13.8879   Cr: 16.6338 )
00000182: 15.7694   (Y': 16.205    Cb: 13.8982   Cr: 16.5104 )
00000183: 15.7407   (Y': 16.1847   Cb: 13.8507   Cr: 16.4804 )
00000184: 15.7385   (Y': 16.1772   Cb: 13.8483   Cr: 16.5011 )
00000185: 15.7363   (Y': 16.1701   Cb: 13.8415   Cr: 16.5288 )
00000186: 15.746    (Y': 16.1579   Cb: 13.8451   Cr: 16.6464 )
00000187: 15.7283   (Y': 16.1618   Cb: 13.8286   Cr: 16.5307 )
00000188: 15.7279   (Y': 16.1714   Cb: 13.8138   Cr: 16.5136 )
00000189: 15.7646   (Y': 16.2072   Cb: 13.8488   Cr: 16.5578 )
00000190: 15.7635   (Y': 16.2062   Cb: 13.8344   Cr: 16.5807 )
00000191: 15.9077   (Y': 16.4435   Cb: 13.8977   Cr: 16.4843 )
00000192: 15.9471   (Y': 16.4744   Cb: 13.9304   Cr: 16.5705 )
00000193: 15.948    (Y': 16.4853   Cb: 13.9072   Cr: 16.5741 )
00000194: 15.9614   (Y': 16.4899   Cb: 13.9356   Cr: 16.5962 )
00000195: 15.9287   (Y': 16.4608   Cb: 13.892    Cr: 16.569  )
00000196: 15.9726   (Y': 16.514    Cb: 13.9319   Cr: 16.5822 )
00000197: 15.9886   (Y': 16.553    Cb: 13.9111   Cr: 16.5737 )
00000198: 16.0074   (Y': 16.613    Cb: 13.8915   Cr: 16.4997 )
00000199: 16.0307   (Y': 16.6109   Cb: 13.9434   Cr: 16.57   )
00000200: 16.0462   (Y': 16.636    Cb: 14.0107   Cr: 16.456  )
00000201: 16.0594   (Y': 16.6328   Cb: 13.9968   Cr: 16.581  )
00000203: 16.0309   (Y': 16.6094   Cb: 13.9641   Cr: 16.5396 )
00000202: 16.0253   (Y': 16.5949   Cb: 14.0651   Cr: 16.3814 )
00000204: 15.9715   (Y': 16.5616   Cb: 13.9144   Cr: 16.4177 )
00000205: 15.9697   (Y': 16.5153   Cb: 13.9422   Cr: 16.5381 )
00000206: 15.9587   (Y': 16.5132   Cb: 13.9055   Cr: 16.5387 )
00000207: 16.0101   (Y': 16.5357   Cb: 14.0076   Cr: 16.6141 )
00000208: 15.9656   (Y': 16.5195   Cb: 13.9225   Cr: 16.5297 )
00000209: 15.9255   (Y': 16.4494   Cb: 13.948    Cr: 16.4913 )
00000211: 15.8992   (Y': 16.4075   Cb: 13.9256   Cr: 16.5215 )
00000210: 15.9566   (Y': 16.487    Cb: 13.9476   Cr: 16.5535 )
00000212: 15.8614   (Y': 16.3791   Cb: 13.8518   Cr: 16.5107 )
00000213: 15.8773   (Y': 16.3761   Cb: 13.9314   Cr: 16.4883 )
00000214: 15.8578   (Y': 16.3834   Cb: 13.8845   Cr: 16.4088 )
00000215: 15.8863   (Y': 16.4243   Cb: 13.8563   Cr: 16.4902 )
00000216: 15.8838   (Y': 16.3807   Cb: 13.9405   Cr: 16.4981 )
00000217: 15.8408   (Y': 16.3491   Cb: 13.8561   Cr: 16.4836 )
00000218: 15.8505   (Y': 16.3638   Cb: 13.8713   Cr: 16.4622 )
00000219: 15.8373   (Y': 16.3301   Cb: 13.8309   Cr: 16.585  )
00000220: 15.8237   (Y': 16.3337   Cb: 13.8315   Cr: 16.4733 )
00000221: 15.8179   (Y': 16.3051   Cb: 13.8773   Cr: 16.4672 )
00000222: 15.7694   (Y': 16.256    Cb: 13.797    Cr: 16.4794 )
00000223: 15.8075   (Y': 16.2569   Cb: 13.9082   Cr: 16.5406 )
00000224: 15.7579   (Y': 16.2263   Cb: 13.8482   Cr: 16.4295 )
00000225: 15.8277   (Y': 16.319    Cb: 13.8705   Cr: 16.4906 )
00000226: 15.8109   (Y': 16.2788   Cb: 13.8913   Cr: 16.5033 )
00000227: 15.8264   (Y': 16.3286   Cb: 13.8587   Cr: 16.4633 )
00000228: 15.8183   (Y': 16.3084   Cb: 13.8445   Cr: 16.5163 )
00000229: 15.7835   (Y': 16.2669   Cb: 13.7964   Cr: 16.5347 )
00000230: 15.8116   (Y': 16.2611   Cb: 13.9064   Cr: 16.555  )
00000231: 15.7872   (Y': 16.243    Cb: 13.8242   Cr: 16.6116 )
00000232: 15.8119   (Y': 16.2752   Cb: 13.8595   Cr: 16.5845 )
00000233: 15.7875   (Y': 16.234    Cb: 13.8756   Cr: 16.5565 )
00000234: 15.803    (Y': 16.262    Cb: 13.8829   Cr: 16.5334 )
00000235: 15.8305   (Y': 16.3317   Cb: 13.8781   Cr: 16.4434 )
00000236: 15.8774   (Y': 16.3838   Cb: 13.8965   Cr: 16.5211 )
00000237: 15.9261   (Y': 16.4178   Cb: 13.9662   Cr: 16.5919 )
00000238: 15.908    (Y': 16.4041   Cb: 13.9202   Cr: 16.6069 )
00000239: 15.9341   (Y': 16.4218   Cb: 13.9454   Cr: 16.6702 )
00000240: 15.9258   (Y': 16.4275   Cb: 13.9379   Cr: 16.6019 )
00000241: 15.9494   (Y': 16.4652   Cb: 13.9536   Cr: 16.5817 )
00000242: 15.9891   (Y': 16.491    Cb: 13.9708   Cr: 16.7202 )
00000243: 15.9682   (Y': 16.5007   Cb: 13.9228   Cr: 16.6229 )
00000244: 15.9443   (Y': 16.4659   Cb: 13.9029   Cr: 16.6371 )
00000245: 15.9178   (Y': 16.42     Cb: 13.926    Cr: 16.5991 )
00000247: 15.8976   (Y': 16.3634   Cb: 13.982    Cr: 16.5914 )
00000246: 15.9343   (Y': 16.4348   Cb: 13.9498   Cr: 16.6087 )
00000248: 15.865    (Y': 16.3441   Cb: 13.9175   Cr: 16.5607 )
00000249: 15.8708   (Y': 16.347    Cb: 13.8854   Cr: 16.6493 )
00000250: 15.8437   (Y': 16.3208   Cb: 13.8763   Cr: 16.585  )
00000251: 15.8482   (Y': 16.2952   Cb: 13.9404   Cr: 16.6073 )
00000252: 15.8086   (Y': 16.2658   Cb: 13.8806   Cr: 16.5614 )
00000253: 15.8171   (Y': 16.2447   Cb: 13.9138   Cr: 16.6518 )
00000254: 15.8116   (Y': 16.2266   Cb: 13.9369   Cr: 16.6488 )
00000255: 15.7688   (Y': 16.2057   Cb: 13.8537   Cr: 16.5851 )
00000256: 15.7648   (Y': 16.1941   Cb: 13.8515   Cr: 16.6108 )
00000257: 15.7578   (Y': 16.2049   Cb: 13.8472   Cr: 16.5215 )
00000258: 15.7712   (Y': 16.2039   Cb: 13.8675   Cr: 16.5848 )
00000259: 15.7355   (Y': 16.1491   Cb: 13.8266   Cr: 16.6437 )
00000260: 15.7105   (Y': 16.1633   Cb: 13.8065   Cr: 16.4374 )
00000261: 15.7573   (Y': 16.1573   Cb: 13.9239   Cr: 16.5833 )
00000263: 15.7741   (Y': 16.1994   Cb: 13.8767   Cr: 16.6084 )
00000262: 15.7489   (Y': 16.1853   Cb: 13.838    Cr: 16.5597 )
00000264: 15.7485   (Y': 16.2031   Cb: 13.7897   Cr: 16.5702 )
00000265: 15.7456   (Y': 16.1645   Cb: 13.8753   Cr: 16.5569 )
00000266: 15.7533   (Y': 16.1872   Cb: 13.8253   Cr: 16.6077 )
00000267: 15.7441   (Y': 16.1841   Cb: 13.8088   Cr: 16.5854 )
00000268: 15.7322   (Y': 16.1598   Cb: 13.8381   Cr: 16.5499 )
00000269: 15.7506   (Y': 16.1827   Cb: 13.8285   Cr: 16.6015 )
00000270: 15.7651   (Y': 16.1732   Cb: 13.8843   Cr: 16.6444 )
00000271: 15.7799   (Y': 16.216    Cb: 13.8701   Cr: 16.5902 )
00000272: 15.7176   (Y': 16.1408   Cb: 13.8492   Cr: 16.5068 )
00000273: 15.7891   (Y': 16.2008   Cb: 13.9653   Cr: 16.5468 )
00000274: 15.7433   (Y': 16.1632   Cb: 13.8739   Cr: 16.5484 )
00000275: 15.7833   (Y': 16.222    Cb: 13.8896   Cr: 16.5517 )
00000276: 15.7669   (Y': 16.2076   Cb: 13.8524   Cr: 16.5662 )
00000277: 15.7462   (Y': 16.1783   Cb: 13.8556   Cr: 16.5376 )
00000278: 15.7794   (Y': 16.2213   Cb: 13.8481   Cr: 16.6048 )
00000279: 15.7524   (Y': 16.2095   Cb: 13.833    Cr: 16.4899 )
00000280: 15.7502   (Y': 16.1891   Cb: 13.8581   Cr: 16.5151 )
00000281: 15.7592   (Y': 16.1945   Cb: 13.8398   Cr: 16.5904 )
00000282: 15.7313   (Y': 16.168    Cb: 13.855    Cr: 16.4768 )
00000283: 15.7509   (Y': 16.2023   Cb: 13.8194   Cr: 16.5354 )
00000284: 15.7515   (Y': 16.184    Cb: 13.8795   Cr: 16.507  )
00000285: 15.7504   (Y': 16.1768   Cb: 13.86     Cr: 16.5666 )
00000286: 15.7305   (Y': 16.1738   Cb: 13.84     Cr: 16.4735 )
00000287: 15.7366   (Y': 16.181    Cb: 13.8456   Cr: 16.4759 )
00000288: 15.747    (Y': 16.1347   Cb: 13.9185   Cr: 16.6193 )
00000289: 15.7473   (Y': 16.1763   Cb: 13.868    Cr: 16.5319 )
00000291: 15.7702   (Y': 16.2014   Cb: 13.8745   Cr: 16.5755 )
00000290: 15.7279   (Y': 16.1838   Cb: 13.816    Cr: 16.4568 )
00000292: 15.7502   (Y': 16.2052   Cb: 13.8104   Cr: 16.5343 )
00000293: 15.7403   (Y': 16.1923   Cb: 13.8431   Cr: 16.4582 )
00000294: 15.7625   (Y': 16.1908   Cb: 13.8793   Cr: 16.5568 )
00000295: 15.7202   (Y': 16.1406   Cb: 13.8658   Cr: 16.4959 )
00000296: 15.7592   (Y': 16.206    Cb: 13.8605   Cr: 16.5029 )
00000297: 15.751    (Y': 16.1754   Cb: 13.861    Cr: 16.5753 )
00000299: 15.7623   (Y': 16.1816   Cb: 13.896    Cr: 16.565  )
00000298: 15.76     (Y': 16.1786   Cb: 13.9038   Cr: 16.5468 )
00000300: 15.7569   (Y': 16.1885   Cb: 13.8234   Cr: 16.6318 )
00000301: 15.7714   (Y': 16.2192   Cb: 13.8725   Cr: 16.5107 )
00000302: 15.9089   (Y': 16.4211   Cb: 13.9038   Cr: 16.573  )
00000303: 15.9282   (Y': 16.477    Cb: 13.8544   Cr: 16.5691 )
00000304: 15.9381   (Y': 16.4887   Cb: 13.9123   Cr: 16.4834 )
00000305: 15.8757   (Y': 16.4082   Cb: 13.8506   Cr: 16.4927 )
00000306: 15.8913   (Y': 16.4372   Cb: 13.8532   Cr: 16.478  )
00000307: 15.8722   (Y': 16.4218   Cb: 13.7926   Cr: 16.5212 )
00000308: 15.8678   (Y': 16.4166   Cb: 13.8147   Cr: 16.4703 )
00000309: 15.839    (Y': 16.3561   Cb: 13.8108   Cr: 16.5256 )
00000310: 15.8488   (Y': 16.371    Cb: 13.8674   Cr: 16.4284 )
00000311: 15.8002   (Y': 16.3422   Cb: 13.7765   Cr: 16.3763 )
00000312: 15.8256   (Y': 16.3687   Cb: 13.7688   Cr: 16.4584 )
00000313: 15.8723   (Y': 16.4352   Cb: 13.8252   Cr: 16.4077 )
00000314: 15.837    (Y': 16.3717   Cb: 13.8035   Cr: 16.4612 )
00000315: 15.8714   (Y': 16.4127   Cb: 13.8415   Cr: 16.4619 )
00000316: 15.8544   (Y': 16.3784   Cb: 13.8466   Cr: 16.4751 )
00000317: 15.8425   (Y': 16.3579   Cb: 13.7897   Cr: 16.583  )
00000318: 15.8289   (Y': 16.3698   Cb: 13.7839   Cr: 16.4486 )
00000319: 15.8202   (Y': 16.3348   Cb: 13.8225   Cr: 16.4602 )
00000320: 15.8027   (Y': 16.3378   Cb: 13.735    Cr: 16.4885 )
00000321: 15.8161   (Y': 16.3371   Cb: 13.7985   Cr: 16.4669 )
00000322: 15.8235   (Y': 16.3215   Cb: 13.8337   Cr: 16.5182 )
00000323: 15.7984   (Y': 16.3003   Cb: 13.8087   Cr: 16.4766 )
00000324: 15.8295   (Y': 16.3194   Cb: 13.8516   Cr: 16.5359 )
00000325: 15.817    (Y': 16.3281   Cb: 13.8301   Cr: 16.4522 )
00000326: 15.7753   (Y': 16.2627   Cb: 13.8005   Cr: 16.4866 )
00000327: 15.7863   (Y': 16.2726   Cb: 13.8181   Cr: 16.4899 )
00000328: 15.7981   (Y': 16.2684   Cb: 13.8505   Cr: 16.5312 )
00000329: 15.7647   (Y': 16.2337   Cb: 13.7948   Cr: 16.5453 )
00000330: 15.7684   (Y': 16.2598   Cb: 13.771    Cr: 16.5048 )
00000331: 15.7325   (Y': 16.1957   Cb: 13.7872   Cr: 16.4918 )
00000333: 15.8105   (Y': 16.2763   Cb: 13.8777   Cr: 16.5356 )
00000332: 15.7879   (Y': 16.2791   Cb: 13.7943   Cr: 16.5181 )
00000334: 15.7476   (Y': 16.2167   Cb: 13.7788   Cr: 16.5253 )
00000335: 15.7521   (Y': 16.2174   Cb: 13.8196   Cr: 16.4788 )
00000336: 15.7548   (Y': 16.2286   Cb: 13.8054   Cr: 16.4768 )
00000337: 15.7891   (Y': 16.2303   Cb: 13.8626   Cr: 16.608  )
00000339: 15.7387   (Y': 16.1911   Cb: 13.8154   Cr: 16.5032 )
00000338: 15.7637   (Y': 16.206    Cb: 13.8706   Cr: 16.5155 )
00000340: 15.7521   (Y': 16.217    Cb: 13.8274   Cr: 16.4661 )
00000341: 15.7985   (Y': 16.2774   Cb: 13.8479   Cr: 16.5013 )
00000343: 15.7773   (Y': 16.2591   Cb: 13.8523   Cr: 16.4205 )
00000342: 15.7526   (Y': 16.2224   Cb: 13.7737   Cr: 16.5469 )
00000344: 15.7422   (Y': 16.2303   Cb: 13.7836   Cr: 16.4208 )
00000345: 15.7653   (Y': 16.2352   Cb: 13.8119   Cr: 16.5111 )
00000347: 15.7652   (Y': 16.2179   Cb: 13.8717   Cr: 16.4737 )
00000346: 15.762    (Y': 16.2016   Cb: 13.8507   Cr: 16.56   )
00000349: 15.7644   (Y': 16.2166   Cb: 13.8685   Cr: 16.4791 )
00000348: 15.7745   (Y': 16.2693   Cb: 13.7993   Cr: 16.4553 )
00000350: 15.7658   (Y': 16.257    Cb: 13.7795   Cr: 16.4823 )
00000351: 15.7796   (Y': 16.2424   Cb: 13.8208   Cr: 16.566  )
00000352: 15.7245   (Y': 16.1943   Cb: 13.822    Cr: 16.3776 )
00000353: 15.7323   (Y': 16.2077   Cb: 13.8068   Cr: 16.4029 )
00000355: 15.7733   (Y': 16.2274   Cb: 13.8756   Cr: 16.4836 )
00000354: 15.7812   (Y': 16.2417   Cb: 13.8577   Cr: 16.5111 )
00000357: 15.7492   (Y': 16.2207   Cb: 13.785    Cr: 16.5083 )
00000356: 15.73     (Y': 16.1716   Cb: 13.8503   Cr: 16.4604 )
00000358: 15.7525   (Y': 16.2239   Cb: 13.795    Cr: 16.4993 )
00000359: 15.7609   (Y': 16.2026   Cb: 13.8501   Cr: 16.5484 )
00000360: 15.7437   (Y': 16.2159   Cb: 13.7699   Cr: 16.5175 )
00000361: 15.7089   (Y': 16.1573   Cb: 13.7938   Cr: 16.4755 )
00000362: 15.7169   (Y': 16.1768   Cb: 13.7817   Cr: 16.4714 )
00000363: 15.7215   (Y': 16.1822   Cb: 13.7787   Cr: 16.4866 )
00000364: 15.7276   (Y': 16.1803   Cb: 13.8065   Cr: 16.4869 )
00000366: 15.7511   (Y': 16.2021   Cb: 13.8405   Cr: 16.4986 )
00000367: 15.7274   (Y': 16.1808   Cb: 13.7826   Cr: 16.5283 )
00000365: 15.7399   (Y': 16.1851   Cb: 13.8172   Cr: 16.5345 )
00000368: 15.7404   (Y': 16.2221   Cb: 13.7628   Cr: 16.4813 )
00000369: 15.7111   (Y': 16.1702   Cb: 13.7875   Cr: 16.4475 )
00000370: 15.7587   (Y': 16.2158   Cb: 13.8188   Cr: 16.534  )
00000371: 15.7499   (Y': 16.2062   Cb: 13.8417   Cr: 16.4696 )
00000372: 15.8038   (Y': 16.2907   Cb: 13.8281   Cr: 16.5191 )
00000373: 15.7381   (Y': 16.1811   Cb: 13.7879   Cr: 16.5943 )
00000374: 15.8438   (Y': 16.3486   Cb: 13.8429   Cr: 16.5302 )
00000375: 15.8195   (Y': 16.3036   Cb: 13.8779   Cr: 16.4834 )
00000376: 15.8026   (Y': 16.2647   Cb: 13.8605   Cr: 16.5607 )
00000377: 15.7433   (Y': 16.2109   Cb: 13.8061   Cr: 16.4685 )
00000378: 15.7545   (Y': 16.2162   Cb: 13.7995   Cr: 16.5385 )
00000379: 15.7524   (Y': 16.183    Cb: 13.8592   Cr: 16.5559 )
00000380: 15.7738   (Y': 16.2245   Cb: 13.8675   Cr: 16.5146 )
00000381: 15.7269   (Y': 16.1766   Cb: 13.7992   Cr: 16.5113 )
00000382: 15.6996   (Y': 16.1321   Cb: 13.8156   Cr: 16.4774 )
00000383: 15.7393   (Y': 16.2253   Cb: 13.7137   Cr: 16.5528 )
00000384: 15.7353   (Y': 16.1963   Cb: 13.7942   Cr: 16.4962 )
00000385: 15.7545   (Y': 16.2003   Cb: 13.8295   Cr: 16.5507 )
00000386: 15.7285   (Y': 16.1761   Cb: 13.8133   Cr: 16.4991 )
00000387: 15.7601   (Y': 16.1981   Cb: 13.8382   Cr: 16.5844 )
00000388: 15.7626   (Y': 16.1942   Cb: 13.869    Cr: 16.5622 )
00000389: 15.7598   (Y': 16.2052   Cb: 13.8551   Cr: 16.5198 )
00000390: 15.7411   (Y': 16.2076   Cb: 13.7707   Cr: 16.5336 )
00000391: 15.7394   (Y': 16.1811   Cb: 13.8665   Cr: 16.4577 )
00000392: 15.7493   (Y': 16.1803   Cb: 13.8445   Cr: 16.5723 )
00000393: 15.7515   (Y': 16.2107   Cb: 13.8084   Cr: 16.5235 )
00000394: 15.7545   (Y': 16.2112   Cb: 13.8151   Cr: 16.5302 )
00000395: 15.7363   (Y': 16.1637   Cb: 13.8486   Cr: 16.5427 )
00000396: 15.7418   (Y': 16.1826   Cb: 13.8409   Cr: 16.5147 )
00000397: 15.7171   (Y': 16.1714   Cb: 13.8273   Cr: 16.4124 )
00000398: 15.7403   (Y': 16.1822   Cb: 13.8375   Cr: 16.5123 )
00000399: 15.7365   (Y': 16.1772   Cb: 13.8505   Cr: 16.4827 )
00000400: 15.729    (Y': 16.1738   Cb: 13.8698   Cr: 16.4088 )
00000401: 15.7502   (Y': 16.1993   Cb: 13.826    Cr: 16.5308 )
00000402: 15.7602   (Y': 16.2087   Cb: 13.8628   Cr: 16.4941 )
00000403: 15.7232   (Y': 16.1566   Cb: 13.8342   Cr: 16.5064 )
00000404: 15.742    (Y': 16.1914   Cb: 13.8007   Cr: 16.5533 )
00000406: 15.7393   (Y': 16.1877   Cb: 13.8201   Cr: 16.5136 )
00000405: 15.7106   (Y': 16.1932   Cb: 13.7965   Cr: 16.3311 )
00000407: 15.742    (Y': 16.1816   Cb: 13.8531   Cr: 16.4983 )
00000408: 15.72     (Y': 16.1694   Cb: 13.7956   Cr: 16.5001 )
00000409: 15.7494   (Y': 16.1893   Cb: 13.848    Cr: 16.5275 )
00000410: 15.7376   (Y': 16.1901   Cb: 13.8291   Cr: 16.4742 )
00000411: 15.747    (Y': 16.2007   Cb: 13.8488   Cr: 16.4598 )
00000412: 15.7462   (Y': 16.1925   Cb: 13.8336   Cr: 16.5174 )
00000413: 15.728    (Y': 16.1742   Cb: 13.8088   Cr: 16.512  )
00000414: 15.7314   (Y': 16.1547   Cb: 13.8586   Cr: 16.5281 )
00000415: 15.74     (Y': 16.1899   Cb: 13.8444   Cr: 16.4645 )
00000416: 15.7218   (Y': 16.1779   Cb: 13.7968   Cr: 16.4737 )
00000417: 15.7254   (Y': 16.1614   Cb: 13.821    Cr: 16.5259 )
00000418: 15.7511   (Y': 16.2183   Cb: 13.8326   Cr: 16.4439 )
00000419: 15.7152   (Y': 16.1819   Cb: 13.8025   Cr: 16.3992 )
00000420: 15.7332   (Y': 16.1875   Cb: 13.8023   Cr: 16.5043 )
00000422: 15.7401   (Y': 16.2017   Cb: 13.7945   Cr: 16.5067 )
00000421: 15.7204   (Y': 16.168    Cb: 13.8304   Cr: 16.4444 )
00000423: 15.7359   (Y': 16.1867   Cb: 13.7958   Cr: 16.5387 )
00000424: 15.7332   (Y': 16.1879   Cb: 13.8386   Cr: 16.4357 )
00000425: 15.7494   (Y': 16.1988   Cb: 13.8463   Cr: 16.4897 )
00000426: 15.7156   (Y': 16.1878   Cb: 13.7785   Cr: 16.4211 )
00000427: 15.7509   (Y': 16.1805   Cb: 13.8436   Cr: 16.5843 )
00000428: 15.7095   (Y': 16.1454   Cb: 13.8346   Cr: 16.4559 )
00000430: 15.7132   (Y': 16.1657   Cb: 13.7732   Cr: 16.5087 )
00000429: 15.7188   (Y': 16.1473   Cb: 13.8143   Cr: 16.5519 )
00000431: 15.7149   (Y': 16.1772   Cb: 13.7633   Cr: 16.4897 )
00000432: 15.6971   (Y': 16.1772   Cb: 13.7328   Cr: 16.4198 )
00000433: 15.7469   (Y': 16.1776   Cb: 13.8793   Cr: 16.5025 )
00000434: 15.7596   (Y': 16.2102   Cb: 13.8752   Cr: 16.4602 )
00000435: 15.7519   (Y': 16.1864   Cb: 13.8281   Cr: 16.5956 )
00000436: 15.7909   (Y': 16.2405   Cb: 13.8846   Cr: 16.5359 )
00000437: 15.7476   (Y': 16.2054   Cb: 13.8554   Cr: 16.4325 )
00000438: 15.7558   (Y': 16.2144   Cb: 13.7832   Cr: 16.5861 )
00000439: 15.7494   (Y': 16.1956   Cb: 13.8193   Cr: 16.5535 )
00000440: 15.7375   (Y': 16.1981   Cb: 13.8126   Cr: 16.4705 )
00000441: 15.7376   (Y': 16.2012   Cb: 13.8141   Cr: 16.4549 )
00000442: 15.7519   (Y': 16.1926   Cb: 13.8719   Cr: 16.4872 )
00000443: 15.7456   (Y': 16.1826   Cb: 13.8063   Cr: 16.6072 )
00000444: 15.7306   (Y': 16.1796   Cb: 13.8201   Cr: 16.4866 )
00000445: 15.7639   (Y': 16.2222   Cb: 13.8522   Cr: 16.4818 )
00000446: 15.7492   (Y': 16.2118   Cb: 13.7856   Cr: 16.5456 )
00000447: 15.7568   (Y': 16.2282   Cb: 13.7915   Cr: 16.5179 )
00000448: 15.7481   (Y': 16.1962   Cb: 13.8618   Cr: 16.4633 )
00000449: 15.759    (Y': 16.2089   Cb: 13.8365   Cr: 16.5333 )
00000450: 15.7551   (Y': 16.1785   Cb: 13.8596   Cr: 16.5942 )
00000451: 15.7454   (Y': 16.1614   Cb: 13.8826   Cr: 16.5557 )
00000452: 15.7392   (Y': 16.1999   Cb: 13.8148   Cr: 16.4703 )
00000453: 15.7177   (Y': 16.1665   Cb: 13.8288   Cr: 16.4348 )
00000454: 15.7228   (Y': 16.1797   Cb: 13.8062   Cr: 16.456  )
00000455: 15.7361   (Y': 16.1972   Cb: 13.8029   Cr: 16.4814 )
00000456: 15.727    (Y': 16.1747   Cb: 13.7843   Cr: 16.5489 )
00000457: 15.7206   (Y': 16.1494   Cb: 13.8458   Cr: 16.4978 )
00000458: 15.7484   (Y': 16.2175   Cb: 13.8462   Cr: 16.4035 )
00000459: 15.7445   (Y': 16.199    Cb: 13.8191   Cr: 16.5043 )
00000460: 15.7244   (Y': 16.1708   Cb: 13.8089   Cr: 16.5004 )
00000461: 15.751    (Y': 16.1954   Cb: 13.8157   Cr: 16.5726 )
00000462: 15.7569   (Y': 16.2063   Cb: 13.8235   Cr: 16.5538 )
00000463: 15.7354   (Y': 16.1883   Cb: 13.824    Cr: 16.4763 )
00000464: 15.7178   (Y': 16.1786   Cb: 13.7931   Cr: 16.4494 )
00000465: 15.7265   (Y': 16.1924   Cb: 13.8004   Cr: 16.4387 )
00000466: 15.7245   (Y': 16.1669   Cb: 13.7989   Cr: 16.5368 )
00000467: 15.724    (Y': 16.179    Cb: 13.7958   Cr: 16.4869 )
00000468: 15.7504   (Y': 16.1731   Cb: 13.88     Cr: 16.5454 )
00000469: 15.7415   (Y': 16.1857   Cb: 13.8247   Cr: 16.5296 )
00000470: 15.7525   (Y': 16.1861   Cb: 13.8801   Cr: 16.5042 )
00000471: 15.7612   (Y': 16.2067   Cb: 13.8338   Cr: 16.5635 )
00000472: 15.7749   (Y': 16.2424   Cb: 13.8447   Cr: 16.4879 )
00000473: 15.764    (Y': 16.2136   Cb: 13.8479   Cr: 16.5275 )
00000474: 15.7595   (Y': 16.2328   Cb: 13.7946   Cr: 16.5119 )
00000475: 15.8015   (Y': 16.2754   Cb: 13.8553   Cr: 16.5166 )
00000476: 15.782    (Y': 16.303    Cb: 13.733    Cr: 16.4913 )
00000477: 15.7485   (Y': 16.2411   Cb: 13.8064   Cr: 16.3782 )
00000478: 15.7704   (Y': 16.2528   Cb: 13.812    Cr: 16.4727 )
00000479: 15.7763   (Y': 16.229    Cb: 13.8463   Cr: 16.5525 )
00000480: 15.7424   (Y': 16.2123   Cb: 13.7979   Cr: 16.4715 )
00000481: 15.7554   (Y': 16.2218   Cb: 13.8378   Cr: 16.4498 )
00000482: 15.7651   (Y': 16.2507   Cb: 13.7777   Cr: 16.5075 )
00000483: 15.7346   (Y': 16.2061   Cb: 13.8417   Cr: 16.3633 )
00000484: 15.7679   (Y': 16.2335   Cb: 13.8161   Cr: 16.5287 )
00000485: 15.742    (Y': 16.2403   Cb: 13.729    Cr: 16.4787 )
00000486: 15.7205   (Y': 16.1833   Cb: 13.7839   Cr: 16.4649 )
00000487: 15.7473   (Y': 16.2251   Cb: 13.8164   Cr: 16.4179 )
00000488: 15.7498   (Y': 16.2206   Cb: 13.8359   Cr: 16.4191 )
00000489: 15.7326   (Y': 16.1966   Cb: 13.7994   Cr: 16.4655 )
00000490: 15.7556   (Y': 16.2198   Cb: 13.8033   Cr: 16.5237 )
00000491: 15.7516   (Y': 16.2153   Cb: 13.8133   Cr: 16.4956 )
00000492: 15.7549   (Y': 16.2364   Cb: 13.788    Cr: 16.4765 )
00000493: 15.8271   (Y': 16.3246   Cb: 13.8092   Cr: 16.5764 )
00000494: 15.8612   (Y': 16.3511   Cb: 13.8824   Cr: 16.5699 )
00000495: 15.8897   (Y': 16.4244   Cb: 13.8752   Cr: 16.4786 )
00000496: 15.9247   (Y': 16.4376   Cb: 13.9386   Cr: 16.5512 )
00000497: 15.9781   (Y': 16.4889   Cb: 14.0055   Cr: 16.588  )
00000499: 15.9254   (Y': 16.4306   Cb: 13.9191   Cr: 16.6209 )
00000498: 15.9566   (Y': 16.4323   Cb: 14.0118   Cr: 16.6615 )
00000500: 15.9479   (Y': 16.3917   Cb: 14.0385   Cr: 16.7241 )
00000501: 15.92     (Y': 16.3913   Cb: 13.9462   Cr: 16.6978 )
00000502: 15.8831   (Y': 16.3981   Cb: 13.811    Cr: 16.6616 )
00000503: 16.6848   (Y': 17.3231   Cb: 14.4939   Cr: 17.1879 )
00000504: 16.9359   (Y': 17.6005   Cb: 14.6638   Cr: 17.4901 )
00000505: 17.0276   (Y': 17.6848   Cb: 14.7819   Cr: 17.5601 )
00000506: 16.6039   (Y': 17.2426   Cb: 14.4154   Cr: 17.1006 )
00000507: 15.9863   (Y': 16.413    Cb: 14.0915   Cr: 16.8096 )
00000508: 15.8661   (Y': 16.2992   Cb: 13.9974   Cr: 16.6132 )
00000509: 15.7857   (Y': 16.18     Cb: 13.9587   Cr: 16.6254 )
00000510: 15.7437   (Y': 16.1433   Cb: 13.8963   Cr: 16.5979 )
00000511: 15.7346   (Y': 16.1131   Cb: 13.8871   Cr: 16.6841 )
00000512: 15.7426   (Y': 16.126    Cb: 13.9143   Cr: 16.6334 )
00000513: 15.7384   (Y': 16.1084   Cb: 13.9587   Cr: 16.5991 )
00000514: 15.7698   (Y': 16.1671   Cb: 13.895    Cr: 16.686  )
00000515: 15.7553   (Y': 16.1312   Cb: 13.9405   Cr: 16.6543 )
00000516: 15.7648   (Y': 16.1649   Cb: 13.8679   Cr: 16.7108 )
00000517: 15.757    (Y': 16.1382   Cb: 13.9369   Cr: 16.6423 )
00000518: 15.7337   (Y': 16.1265   Cb: 13.914    Cr: 16.5667 )
00000519: 15.8098   (Y': 16.2257   Cb: 13.9706   Cr: 16.5776 )
00000520: 15.8276   (Y': 16.2414   Cb: 13.96     Cr: 16.6565 )
00000521: 15.8298   (Y': 16.2594   Cb: 13.9476   Cr: 16.6171 )
00000522: 15.8428   (Y': 16.2856   Cb: 13.938    Cr: 16.6148 )
00000523: 15.9012   (Y': 16.3776   Cb: 13.9413   Cr: 16.6316 )
00000524: 15.8777   (Y': 16.3895   Cb: 13.8881   Cr: 16.5147 )
00000525: 15.8803   (Y': 16.3717   Cb: 13.9246   Cr: 16.5396 )
00000526: 15.9011   (Y': 16.4063   Cb: 13.8952   Cr: 16.5955 )
00000527: 15.8184   (Y': 16.3151   Cb: 13.8494   Cr: 16.4804 )
00000528: 15.8138   (Y': 16.2704   Cb: 13.8846   Cr: 16.5714 )
00000529: 15.8143   (Y': 16.3179   Cb: 13.821    Cr: 16.4923 )
00000530: 15.8034   (Y': 16.2575   Cb: 13.9012   Cr: 16.5217 )
00000531: 15.8348   (Y': 16.282    Cb: 13.9974   Cr: 16.4663 )
00000532: 15.8097   (Y': 16.2791   Cb: 13.8722   Cr: 16.5279 )
00000533: 15.7658   (Y': 16.2106   Cb: 13.8782   Cr: 16.4973 )
00000534: 15.7803   (Y': 16.2261   Cb: 13.8768   Cr: 16.5366 )
00000535: 15.7943   (Y': 16.266    Cb: 13.8698   Cr: 16.4792 )
00000536: 15.7724   (Y': 16.2331   Cb: 13.8802   Cr: 16.4452 )
00000537: 15.7603   (Y': 16.2262   Cb: 13.8059   Cr: 16.5249 )
00000538: 15.8026   (Y': 16.238    Cb: 13.9246   Cr: 16.5569 )
00000539: 15.7738   (Y': 16.2027   Cb: 13.9182   Cr: 16.5147 )
00000540: 15.774    (Y': 16.2312   Cb: 13.8393   Cr: 16.5391 )
00000541: 15.7481   (Y': 16.192    Cb: 13.8355   Cr: 16.5298 )
00000542: 15.7537   (Y': 16.1778   Cb: 13.8814   Cr: 16.546  )
00000543: 15.7531   (Y': 16.1928   Cb: 13.8616   Cr: 16.5137 )
00000544: 15.735    (Y': 16.1829   Cb: 13.8082   Cr: 16.526  )
00000545: 15.7577   (Y': 16.2191   Cb: 13.8332   Cr: 16.4862 )
00000546: 15.7679   (Y': 16.1938   Cb: 13.9036   Cr: 16.5379 )
00000547: 15.7777   (Y': 16.2066   Cb: 13.9081   Cr: 16.5443 )
00000548: 15.7834   (Y': 16.2199   Cb: 13.9069   Cr: 16.5306 )
00000549: 15.7629   (Y': 16.1945   Cb: 13.8728   Cr: 16.556  )
00000550: 15.7573   (Y': 16.22     Cb: 13.8545   Cr: 16.4405 )
00000551: 15.7907   (Y': 16.2658   Cb: 13.8681   Cr: 16.4581 )
00000552: 15.8093   (Y': 16.2858   Cb: 13.8402   Cr: 16.556  )
00000553: 15.7694   (Y': 16.2245   Cb: 13.8986   Cr: 16.4267 )
00000554: 15.7662   (Y': 16.2104   Cb: 13.8782   Cr: 16.5008 )
00000555: 15.7755   (Y': 16.218    Cb: 13.8558   Cr: 16.5761 )
00000556: 15.7737   (Y': 16.2204   Cb: 13.8476   Cr: 16.5681 )
00000557: 15.7618   (Y': 16.1938   Cb: 13.8494   Cr: 16.5946 )
00000558: 15.7256   (Y': 16.167    Cb: 13.8177   Cr: 16.5092 )
00000559: 15.7452   (Y': 16.1818   Cb: 13.8872   Cr: 16.4575 )
00000560: 15.7568   (Y': 16.2138   Cb: 13.8362   Cr: 16.4972 )
00000561: 15.7506   (Y': 16.1655   Cb: 13.9073   Cr: 16.5302 )
00000562: 15.7652   (Y': 16.1923   Cb: 13.9031   Cr: 16.5263 )
00000563: 15.7427   (Y': 16.2099   Cb: 13.7845   Cr: 16.5094 )
00000564: 15.7618   (Y': 16.2089   Cb: 13.8331   Cr: 16.5591 )
00000565: 15.755    (Y': 16.1578   Cb: 13.9134   Cr: 16.5848 )
00000566: 15.7356   (Y': 16.1526   Cb: 13.901    Cr: 16.4897 )
00000567: 15.7396   (Y': 16.1548   Cb: 13.884    Cr: 16.5402 )
00000568: 15.7411   (Y': 16.1306   Cb: 13.8917   Cr: 16.6446 )
00000569: 15.737    (Y': 16.1588   Cb: 13.8668   Cr: 16.5355 )
00000570: 15.7277   (Y': 16.1505   Cb: 13.8649   Cr: 16.5081 )
00000571: 15.7382   (Y': 16.1796   Cb: 13.8541   Cr: 16.4782 )
00000572: 15.7414   (Y': 16.177    Cb: 13.8707   Cr: 16.4816 )
00000573: 15.7438   (Y': 16.1553   Cb: 13.8886   Cr: 16.5598 )
00000574: 15.7146   (Y': 16.1423   Cb: 13.81     Cr: 16.5515 )
00000575: 15.7229   (Y': 16.1269   Cb: 13.87     Cr: 16.5676 )
00000576: 15.7468   (Y': 16.162    Cb: 13.8867   Cr: 16.5556 )
00000577: 15.7394   (Y': 16.1663   Cb: 13.8615   Cr: 16.5302 )
00000578: 15.7355   (Y': 16.1596   Cb: 13.8601   Cr: 16.5337 )
00000579: 15.7471   (Y': 16.1611   Cb: 13.9003   Cr: 16.5363 )
00000580: 15.7101   (Y': 16.1365   Cb: 13.8365   Cr: 16.4948 )
00000581: 15.7494   (Y': 16.1606   Cb: 13.904    Cr: 16.5486 )
00000582: 15.7651   (Y': 16.1762   Cb: 13.9274   Cr: 16.5505 )
00000583: 15.7081   (Y': 16.1136   Cb: 13.8788   Cr: 16.5028 )
00000584: 15.7429   (Y': 16.1459   Cb: 13.9094   Cr: 16.5564 )
00000585: 15.7383   (Y': 16.1456   Cb: 13.8593   Cr: 16.6172 )
00000586: 15.7548   (Y': 16.1753   Cb: 13.8623   Cr: 16.6007 )
00000587: 15.7232   (Y': 16.1416   Cb: 13.8643   Cr: 16.5156 )
00000588: 15.7494   (Y': 16.1731   Cb: 13.8611   Cr: 16.5738 )
00000589: 15.7317   (Y': 16.1723   Cb: 13.837    Cr: 16.4939 )
00000590: 15.7366   (Y': 16.1385   Cb: 13.9175   Cr: 16.5282 )
00000591: 15.7382   (Y': 16.1674   Cb: 13.8266   Cr: 16.5817 )
00000592: 15.7604   (Y': 16.16     Cb: 13.8865   Cr: 16.6646 )
00000593: 15.7312   (Y': 16.1541   Cb: 13.848    Cr: 16.5494 )
00000594: 15.7497   (Y': 16.1503   Cb: 13.9413   Cr: 16.5279 )
00000595: 15.7368   (Y': 16.1548   Cb: 13.8825   Cr: 16.5231 )
00000596: 15.7228   (Y': 16.1082   Cb: 13.8741   Cr: 16.6431 )
00000597: 15.7436   (Y': 16.1685   Cb: 13.8695   Cr: 16.536  )
00000598: 15.753    (Y': 16.1404   Cb: 13.9109   Cr: 16.6523 )
00000599: 15.7636   (Y': 16.175    Cb: 13.8912   Cr: 16.6122 )
00000600: 15.7616   (Y': 16.1557   Cb: 13.9604   Cr: 16.5552 )
00000601: 15.7365   (Y': 16.1757   Cb: 13.8127   Cr: 16.5597 )
00000602: 15.7478   (Y': 16.1867   Cb: 13.8468   Cr: 16.5294 )
00000603: 15.7422   (Y': 16.1593   Cb: 13.9001   Cr: 16.5101 )
00000604: 15.7628   (Y': 16.201    Cb: 13.8533   Cr: 16.5635 )
00000605: 15.7825   (Y': 16.2065   Cb: 13.8807   Cr: 16.6308 )
00000606: 15.7325   (Y': 16.1328   Cb: 13.8651   Cr: 16.6211 )
00000607: 15.7227   (Y': 16.1553   Cb: 13.8506   Cr: 16.4777 )
00000608: 15.7633   (Y': 16.1654   Cb: 13.9109   Cr: 16.6158 )
00000609: 15.733    (Y': 16.1675   Cb: 13.8212   Cr: 16.5534 )
00000610: 15.7464   (Y': 16.1831   Cb: 13.8973   Cr: 16.4427 )
00000611: 15.7261   (Y': 16.1411   Cb: 13.8519   Cr: 16.5621 )
00000612: 15.7383   (Y': 16.1589   Cb: 13.847    Cr: 16.582  )
00000613: 15.7395   (Y': 16.1929   Cb: 13.8099   Cr: 16.5117 )
00000614: 15.7359   (Y': 16.1577   Cb: 13.8431   Cr: 16.5765 )
00000615: 15.7675   (Y': 16.1955   Cb: 13.8525   Cr: 16.6231 )
00000616: 15.7674   (Y': 16.1795   Cb: 13.9057   Cr: 16.5931 )
00000617: 15.7371   (Y': 16.1749   Cb: 13.8226   Cr: 16.5484 )
00000618: 15.7388   (Y': 16.1561   Cb: 13.8846   Cr: 16.5272 )
00000619: 15.7322   (Y': 16.15     Cb: 13.8532   Cr: 16.5649 )
00000620: 15.7663   (Y': 16.193    Cb: 13.8906   Cr: 16.5539 )
00000621: 15.7116   (Y': 16.1157   Cb: 13.8642   Cr: 16.5461 )
00000622: 15.7296   (Y': 16.1337   Cb: 13.8779   Cr: 16.5715 )
00000623: 15.7442   (Y': 16.1569   Cb: 13.8983   Cr: 16.5379 )
00000624: 15.7215   (Y': 16.1225   Cb: 13.8475   Cr: 16.6192 )
00000625: 15.7497   (Y': 16.171    Cb: 13.9018   Cr: 16.5099 )
00000627: 15.7409   (Y': 16.1679   Cb: 13.8588   Cr: 16.5389 )
00000626: 15.7473   (Y': 16.1705   Cb: 13.8863   Cr: 16.5236 )
00000628: 15.7366   (Y': 16.1572   Cb: 13.8924   Cr: 16.4929 )
00000629: 15.7571   (Y': 16.1525   Cb: 13.9326   Cr: 16.5872 )
00000630: 15.7566   (Y': 16.1909   Cb: 13.8589   Cr: 16.5519 )
00000631: 15.7241   (Y': 16.1365   Cb: 13.8761   Cr: 16.523  )
00000632: 15.7314   (Y': 16.1607   Cb: 13.829    Cr: 16.5579 )
00000633: 15.7511   (Y': 16.187    Cb: 13.823    Cr: 16.5968 )
00000634: 15.7531   (Y': 16.1734   Cb: 13.8535   Cr: 16.6133 )
00000635: 15.7521   (Y': 16.1733   Cb: 13.8674   Cr: 16.5806 )
00000636: 15.7477   (Y': 16.1594   Cb: 13.913    Cr: 16.5254 )
00000637: 15.7427   (Y': 16.1428   Cb: 13.9198   Cr: 16.5496 )
00000638: 15.7793   (Y': 16.2015   Cb: 13.8835   Cr: 16.6239 )
00000639: 15.7286   (Y': 16.1409   Cb: 13.851    Cr: 16.5832 )
00000640: 15.7544   (Y': 16.1883   Cb: 13.8634   Cr: 16.5393 )
00000641: 15.7539   (Y': 16.1445   Cb: 13.898    Cr: 16.6638 )
00000642: 15.7431   (Y': 16.1939   Cb: 13.831    Cr: 16.4938 )
00000643: 15.7694   (Y': 16.2054   Cb: 13.8498   Cr: 16.5982 )
00000644: 15.7374   (Y': 16.1752   Cb: 13.7984   Cr: 16.5949 )
00000645: 15.7449   (Y': 16.1558   Cb: 13.8631   Cr: 16.6131 )
00000646: 15.7397   (Y': 16.1522   Cb: 13.8464   Cr: 16.6229 )
00000647: 15.7381   (Y': 16.1592   Cb: 13.857    Cr: 16.5605 )
00000648: 15.7644   (Y': 16.1827   Cb: 13.9039   Cr: 16.5603 )
00000649: 15.7697   (Y': 16.1892   Cb: 13.8757   Cr: 16.6232 )
00000650: 15.7342   (Y': 16.1777   Cb: 13.8194   Cr: 16.5212 )
00000651: 15.7616   (Y': 16.1947   Cb: 13.8596   Cr: 16.5707 )
00000652: 15.7673   (Y': 16.2163   Cb: 13.8447   Cr: 16.5456 )
00000653: 15.7323   (Y': 16.126    Cb: 13.9112   Cr: 16.5638 )
00000654: 15.7645   (Y': 16.1785   Cb: 13.9001   Cr: 16.5868 )
00000655: 15.743    (Y': 16.1565   Cb: 13.8367   Cr: 16.6463 )
00000656: 15.744    (Y': 16.1582   Cb: 13.8835   Cr: 16.5584 )
00000657: 15.6961   (Y': 16.1384   Cb: 13.8072   Cr: 16.4405 )
00000658: 15.7544   (Y': 16.1664   Cb: 13.8931   Cr: 16.5795 )
00000659: 15.7333   (Y': 16.1679   Cb: 13.8274   Cr: 16.5426 )
00000660: 15.7571   (Y': 16.1831   Cb: 13.8336   Cr: 16.6379 )
00000661: 15.775    (Y': 16.1964   Cb: 13.8991   Cr: 16.5861 )
00000662: 15.7676   (Y': 16.1972   Cb: 13.8797   Cr: 16.5652 )
00000663: 15.7408   (Y': 16.1637   Cb: 13.8593   Cr: 16.5559 )
00000664: 15.7445   (Y': 16.1535   Cb: 13.8879   Cr: 16.5744 )
00000665: 15.7586   (Y': 16.1925   Cb: 13.8809   Cr: 16.5189 )
00000666: 15.7532   (Y': 16.1812   Cb: 13.8704   Cr: 16.5486 )
00000667: 15.7454   (Y': 16.1657   Cb: 13.8809   Cr: 16.5404 )
00000668: 15.7582   (Y': 16.1945   Cb: 13.8457   Cr: 16.5721 )
00000669: 15.7166   (Y': 16.1378   Cb: 13.8259   Cr: 16.5562 )
00000670: 15.731    (Y': 16.144    Cb: 13.8862   Cr: 16.5213 )
00000671: 15.7385   (Y': 16.1693   Cb: 13.8839   Cr: 16.4696 )
00000672: 15.7317   (Y': 16.1597   Cb: 13.8391   Cr: 16.545  )
00000673: 15.7414   (Y': 16.1612   Cb: 13.8575   Cr: 16.5744 )
00000674: 15.7513   (Y': 16.1633   Cb: 13.895    Cr: 16.5677 )
00000675: 15.7419   (Y': 16.1711   Cb: 13.8412   Cr: 16.5647 )
00000676: 15.7433   (Y': 16.1856   Cb: 13.8581   Cr: 16.4811 )
00000677: 15.7783   (Y': 16.1687   Cb: 13.9102   Cr: 16.7131 )
00000678: 15.7524   (Y': 16.169    Cb: 13.8404   Cr: 16.6525 )
00000679: 15.7265   (Y': 16.1546   Cb: 13.8253   Cr: 16.5553 )
00000680: 15.7248   (Y': 16.134    Cb: 13.8856   Cr: 16.5214 )
00000681: 15.7486   (Y': 16.173    Cb: 13.8619   Cr: 16.5665 )
00000682: 15.7394   (Y': 16.1513   Cb: 13.8635   Cr: 16.5924 )
00000683: 15.725    (Y': 16.1757   Cb: 13.7875   Cr: 16.5239 )
00000684: 15.7476   (Y': 16.1509   Cb: 13.8748   Cr: 16.6325 )
00000685: 15.7659   (Y': 16.184    Cb: 13.8735   Cr: 16.6228 )
00000686: 15.7559   (Y': 16.1734   Cb: 13.874    Cr: 16.5951 )
00000687: 15.7708   (Y': 16.179    Cb: 13.8986   Cr: 16.6334 )
00000688: 15.767    (Y': 16.1914   Cb: 13.876    Cr: 16.5929 )
00000689: 15.7448   (Y': 16.1828   Cb: 13.8275   Cr: 16.5605 )
00000690: 15.7579   (Y': 16.1688   Cb: 13.9006   Cr: 16.5807 )
00000691: 15.7428   (Y': 16.168    Cb: 13.8498   Cr: 16.5691 )
00000692: 15.7549   (Y': 16.1785   Cb: 13.8771   Cr: 16.5602 )
00000693: 15.7326   (Y': 16.153    Cb: 13.8495   Cr: 16.561  )
00000694: 15.7522   (Y': 16.1744   Cb: 13.8575   Cr: 16.5949 )
00000695: 15.7412   (Y': 16.1669   Cb: 13.856    Cr: 16.5512 )
00000696: 15.7484   (Y': 16.1573   Cb: 13.8875   Cr: 16.5868 )
00000697: 15.759    (Y': 16.1504   Cb: 13.9016   Cr: 16.6688 )
00000698: 15.7687   (Y': 16.19     Cb: 13.8791   Cr: 16.6056 )
00000699: 15.7229   (Y': 16.145    Cb: 13.8307   Cr: 16.5613 )
00000700: 15.7425   (Y': 16.1533   Cb: 13.8967   Cr: 16.5439 )
00000701: 15.7474   (Y': 16.1754   Cb: 13.8942   Cr: 16.488  )
00000702: 15.7378   (Y': 16.1487   Cb: 13.8822   Cr: 16.5569 )
00000703: 15.7278   (Y': 16.1375   Cb: 13.8574   Cr: 16.5803 )
00000704: 15.7198   (Y': 16.1545   Cb: 13.7955   Cr: 16.5635 )
00000705: 15.7636   (Y': 16.1635   Cb: 13.9023   Cr: 16.6427 )
00000706: 15.768    (Y': 16.1788   Cb: 13.8903   Cr: 16.6288 )
00000707: 15.7526   (Y': 16.1769   Cb: 13.8729   Cr: 16.5578 )
00000708: 15.734    (Y': 16.1459   Cb: 13.8501   Cr: 16.602  )
00000709: 15.7297   (Y': 16.1629   Cb: 13.812    Cr: 16.5671 )
00000710: 15.719    (Y': 16.1545   Cb: 13.8298   Cr: 16.4935 )
00000711: 15.745    (Y': 16.1746   Cb: 13.8477   Cr: 16.5601 )
00000712: 15.735    (Y': 16.1597   Cb: 13.8291   Cr: 16.5878 )
00000713: 15.7531   (Y': 16.1421   Cb: 13.9251   Cr: 16.6188 )
00000714: 15.7493   (Y': 16.1642   Cb: 13.8734   Cr: 16.5887 )
00000715: 15.7433   (Y': 16.1682   Cb: 13.8663   Cr: 16.5412 )
00000716: 15.7036   (Y': 16.1276   Cb: 13.8532   Cr: 16.4568 )
00000717: 15.7117   (Y': 16.113    Cb: 13.8626   Cr: 16.5616 )
00000718: 15.7455   (Y': 16.1626   Cb: 13.8524   Cr: 16.6074 )
00000719: 15.758    (Y': 16.1657   Cb: 13.9187   Cr: 16.562  )
00000720: 15.7663   (Y': 16.2073   Cb: 13.8622   Cr: 16.5448 )
00000721: 15.7322   (Y': 16.1378   Cb: 13.8458   Cr: 16.6332 )
00000722: 15.7455   (Y': 16.1537   Cb: 13.8561   Cr: 16.6405 )
00000723: 15.7566   (Y': 16.1776   Cb: 13.8655   Cr: 16.5975 )
00000724: 15.7647   (Y': 16.1985   Cb: 13.8962   Cr: 16.5082 )
00000725: 15.7629   (Y': 16.1806   Cb: 13.8834   Cr: 16.5971 )
00000726: 15.7485   (Y': 16.1511   Cb: 13.9077   Cr: 16.5771 )
00000727: 15.7514   (Y': 16.1658   Cb: 13.9088   Cr: 16.5314 )
00000728: 15.7251   (Y': 16.1473   Cb: 13.8466   Cr: 16.5375 )
00000729: 15.7529   (Y': 16.1748   Cb: 13.8553   Cr: 16.6026 )
00000730: 15.7647   (Y': 16.2082   Cb: 13.8119   Cr: 16.6232 )
00000731: 15.7743   (Y': 16.2349   Cb: 13.8609   Cr: 16.4854 )
00000733: 15.8334   (Y': 16.2928   Cb: 13.9186   Cr: 16.5528 )
00000732: 15.8187   (Y': 16.2834   Cb: 13.8451   Cr: 16.6248 )
00000734: 15.8675   (Y': 16.379    Cb: 13.8781   Cr: 16.5053 )
00000735: 15.8478   (Y': 16.3298   Cb: 13.8712   Cr: 16.585  )
00000736: 15.8525   (Y': 16.355    Cb: 13.828    Cr: 16.593  )
00000737: 15.8767   (Y': 16.3627   Cb: 13.8962   Cr: 16.6048 )
00000738: 15.8478   (Y': 16.3744   Cb: 13.7882   Cr: 16.554  )
00000739: 15.8311   (Y': 16.3567   Cb: 13.7794   Cr: 16.5263 )
00000740: 15.8458   (Y': 16.3328   Cb: 13.9059   Cr: 16.495  )
00000741: 15.8181   (Y': 16.3261   Cb: 13.8353   Cr: 16.4578 )
00000742: 15.8168   (Y': 16.343    Cb: 13.8264   Cr: 16.3962 )
00000743: 15.8396   (Y': 16.3461   Cb: 13.8195   Cr: 16.5556 )
00000744: 15.8103   (Y': 16.3161   Cb: 13.8101   Cr: 16.4917 )
00000745: 15.8426   (Y': 16.3535   Cb: 13.805    Cr: 16.5728 )
00000746: 15.8306   (Y': 16.3263   Cb: 13.8415   Cr: 16.5335 )
00000747: 15.8572   (Y': 16.3451   Cb: 13.8639   Cr: 16.6012 )
00000749: 15.8078   (Y': 16.3011   Cb: 13.8101   Cr: 16.5371 )
00000748: 15.816    (Y': 16.3105   Cb: 13.8258   Cr: 16.5258 )
00000750: 15.775    (Y': 16.2594   Cb: 13.8006   Cr: 16.4983 )
00000751: 15.8067   (Y': 16.2883   Cb: 13.8367   Cr: 16.5334 )
00000752: 15.8317   (Y': 16.3145   Cb: 13.8577   Cr: 16.5608 )
00000753: 15.8127   (Y': 16.303    Cb: 13.8619   Cr: 16.4676 )
00000754: 15.8345   (Y': 16.3262   Cb: 13.8622   Cr: 16.5235 )
00000755: 15.8051   (Y': 16.2997   Cb: 13.8386   Cr: 16.4709 )
00000756: 15.8066   (Y': 16.308    Cb: 13.8081   Cr: 16.5036 )
00000757: 15.8392   (Y': 16.3403   Cb: 13.8494   Cr: 16.5205 )
00000758: 15.8384   (Y': 16.3437   Cb: 13.835    Cr: 16.5279 )
00000759: 15.8398   (Y': 16.374    Cb: 13.7934   Cr: 16.4898 )
00000760: 15.821    (Y': 16.3142   Cb: 13.8366   Cr: 16.5258 )
00000761: 15.8316   (Y': 16.3178   Cb: 13.8655   Cr: 16.5316 )
00000762: 15.8153   (Y': 16.3214   Cb: 13.8175   Cr: 16.4909 )
00000763: 15.809    (Y': 16.3046   Cb: 13.8244   Cr: 16.5042 )
00000765: 15.8482   (Y': 16.3314   Cb: 13.8436   Cr: 16.6335 )
00000764: 15.8331   (Y': 16.3488   Cb: 13.8354   Cr: 16.4687 )
00000766: 15.8659   (Y': 16.3732   Cb: 13.8846   Cr: 16.5062 )
00000767: 15.8409   (Y': 16.3307   Cb: 13.869    Cr: 16.5366 )
00000768: 15.7924   (Y': 16.2925   Cb: 13.8201   Cr: 16.4462 )
00000769: 15.8077   (Y': 16.2975   Cb: 13.8353   Cr: 16.5042 )
00000770: 15.7808   (Y': 16.2847   Cb: 13.8195   Cr: 16.3989 )
00000771: 15.7941   (Y': 16.2715   Cb: 13.8201   Cr: 16.5464 )
00000772: 15.7677   (Y': 16.2223   Cb: 13.8137   Cr: 16.5806 )
00000773: 15.7982   (Y': 16.2932   Cb: 13.8087   Cr: 16.505  )
00000774: 15.7905   (Y': 16.2662   Cb: 13.8736   Cr: 16.4446 )
00000775: 15.7511   (Y': 16.2428   Cb: 13.7806   Cr: 16.4368 )
00000776: 15.7743   (Y': 16.2521   Cb: 13.8139   Cr: 16.4996 )
00000777: 15.7505   (Y': 16.2261   Cb: 13.8626   Cr: 16.3534 )
00000778: 15.7698   (Y': 16.2522   Cb: 13.7797   Cr: 16.5309 )
00000779: 15.7824   (Y': 16.2444   Cb: 13.8408   Cr: 16.54   )
00000780: 15.7513   (Y': 16.2341   Cb: 13.8026   Cr: 16.4343 )
00000781: 15.7885   (Y': 16.2762   Cb: 13.8105   Cr: 16.5042 )
00000782: 15.7638   (Y': 16.2067   Cb: 13.8325   Cr: 16.5848 )
00000783: 15.7637   (Y': 16.2405   Cb: 13.8361   Cr: 16.4327 )
00000784: 15.7432   (Y': 16.2013   Cb: 13.8178   Cr: 16.487  )
00000785: 15.7375   (Y': 16.1907   Cb: 13.7936   Cr: 16.5373 )
00000786: 15.7778   (Y': 16.2537   Cb: 13.8085   Cr: 16.5278 )
00000787: 15.7819   (Y': 16.2458   Cb: 13.8096   Cr: 16.5893 )
00000788: 15.7918   (Y': 16.2669   Cb: 13.8516   Cr: 16.4912 )
00000789: 15.7775   (Y': 16.223    Cb: 13.8681   Cr: 16.5463 )
00000790: 15.7527   (Y': 16.2058   Cb: 13.8128   Cr: 16.5452 )
00000791: 15.7741   (Y': 16.2312   Cb: 13.8049   Cr: 16.6048 )
00000792: 15.7928   (Y': 16.2653   Cb: 13.8474   Cr: 16.5126 )
00000793: 15.7714   (Y': 16.2348   Cb: 13.82     Cr: 16.5408 )
00000794: 15.7725   (Y': 16.2454   Cb: 13.8404   Cr: 16.4658 )
00000795: 15.7998   (Y': 16.2616   Cb: 13.8781   Cr: 16.5218 )
00000796: 15.7722   (Y': 16.2381   Cb: 13.7901   Cr: 16.5894 )
00000797: 15.7183   (Y': 16.1824   Cb: 13.7908   Cr: 16.4408 )
00000798: 15.8313   (Y': 16.3269   Cb: 13.8441   Cr: 16.5315 )
00000799: 15.8114   (Y': 16.2863   Cb: 13.8466   Cr: 16.5569 )
00000800: 15.784    (Y': 16.2325   Cb: 13.8503   Cr: 16.5851 )
00000801: 15.7484   (Y': 16.228    Cb: 13.7879   Cr: 16.4658 )
00000802: 15.7925   (Y': 16.2419   Cb: 13.8528   Cr: 16.6008 )
00000803: 15.8408   (Y': 16.3247   Cb: 13.8476   Cr: 16.6015 )
00000804: 15.7316   (Y': 16.2133   Cb: 13.7705   Cr: 16.4416 )
00000805: 15.7516   (Y': 16.1886   Cb: 13.8374   Cr: 16.5658 )
00000806: 15.8005   (Y': 16.2581   Cb: 13.8812   Cr: 16.5356 )
00000807: 15.8458   (Y': 16.312    Cb: 13.8994   Cr: 16.594  )
00000808: 15.8025   (Y': 16.2484   Cb: 13.8825   Cr: 16.5889 )
00000809: 15.7613   (Y': 16.2201   Cb: 13.804    Cr: 16.5619 )
00000810: 15.7589   (Y': 16.2269   Cb: 13.8181   Cr: 16.4897 )
00000811: 15.8676   (Y': 16.36     Cb: 13.931    Cr: 16.4879 )
00000812: 15.7888   (Y': 16.2613   Cb: 13.828    Cr: 16.5374 )
00000813: 15.8161   (Y': 16.2798   Cb: 13.8634   Cr: 16.5865 )
00000814: 15.7991   (Y': 16.2618   Cb: 13.8765   Cr: 16.5183 )
00000815: 15.8492   (Y': 16.3128   Cb: 13.9147   Cr: 16.5866 )
00000816: 15.8257   (Y': 16.3083   Cb: 13.8412   Cr: 16.5758 )
00000817: 15.8058   (Y': 16.2508   Cb: 13.9107   Cr: 16.5502 )
00000818: 15.7918   (Y': 16.2491   Cb: 13.8765   Cr: 16.5208 )
00000819: 15.7441   (Y': 16.2262   Cb: 13.7668   Cr: 16.4826 )
00000820: 15.7893   (Y': 16.242    Cb: 13.8385   Cr: 16.604  )
00000821: 15.7825   (Y': 16.258    Cb: 13.8217   Cr: 16.518  )
00000822: 15.7916   (Y': 16.2348   Cb: 13.8484   Cr: 16.6335 )
00000823: 15.7664   (Y': 16.2528   Cb: 13.7701   Cr: 16.5225 )
00000824: 15.7993   (Y': 16.2801   Cb: 13.7963   Cr: 16.5915 )
00000825: 15.8052   (Y': 16.2648   Cb: 13.8556   Cr: 16.5885 )
00000826: 15.8273   (Y': 16.3357   Cb: 13.7788   Cr: 16.5884 )
00000827: 15.796    (Y': 16.2718   Cb: 13.8371   Cr: 16.5271 )
00000829: 15.7991   (Y': 16.2547   Cb: 13.8654   Cr: 16.5696 )
00000828: 15.7913   (Y': 16.2961   Cb: 13.7614   Cr: 16.5324 )
00000830: 15.7868   (Y': 16.2404   Cb: 13.9025   Cr: 16.4752 )
00000831: 15.7829   (Y': 16.2786   Cb: 13.8041   Cr: 16.4666 )
00000832: 15.8074   (Y': 16.2833   Cb: 13.8728   Cr: 16.4933 )
00000833: 15.8122   (Y': 16.2749   Cb: 13.8792   Cr: 16.5503 )
00000834: 15.8062   (Y': 16.3069   Cb: 13.7884   Cr: 16.5418 )
00000835: 15.7551   (Y': 16.1988   Cb: 13.8513   Cr: 16.5217 )
00000836: 15.7554   (Y': 16.224    Cb: 13.8397   Cr: 16.4369 )
00000837: 15.7616   (Y': 16.2069   Cb: 13.8635   Cr: 16.5101 )
00000838: 15.7423   (Y': 16.2099   Cb: 13.8029   Cr: 16.4721 )
00000839: 15.7392   (Y': 16.1771   Cb: 13.8477   Cr: 16.5076 )
00000840: 15.7689   (Y': 16.2026   Cb: 13.8969   Cr: 16.5191 )
00000841: 15.7678   (Y': 16.2236   Cb: 13.8455   Cr: 16.5155 )
00000843: 15.7441   (Y': 16.1938   Cb: 13.8407   Cr: 16.484  )
00000842: 15.7498   (Y': 16.1671   Cb: 13.89     Cr: 16.5489 )
00000844: 15.7359   (Y': 16.1943   Cb: 13.7799   Cr: 16.5357 )
00000845: 15.7615   (Y': 16.1873   Cb: 13.8351   Cr: 16.6481 )
00000846: 15.7435   (Y': 16.1869   Cb: 13.8125   Cr: 16.5611 )
00000847: 15.7624   (Y': 16.1941   Cb: 13.8824   Cr: 16.5362 )
00000848: 15.7565   (Y': 16.1975   Cb: 13.8219   Cr: 16.5917 )
00000849: 15.7675   (Y': 16.2075   Cb: 13.9127   Cr: 16.46   )
00000850: 15.7744   (Y': 16.2267   Cb: 13.8606   Cr: 16.5219 )
00000851: 15.7247   (Y': 16.1882   Cb: 13.8021   Cr: 16.4409 )
00000852: 15.7357   (Y': 16.1944   Cb: 13.8336   Cr: 16.4347 )
00000853: 15.7989   (Y': 16.2571   Cb: 13.9011   Cr: 16.4921 )
00000854: 15.7671   (Y': 16.2425   Cb: 13.8069   Cr: 16.502  )
00000855: 15.7492   (Y': 16.2049   Cb: 13.8352   Cr: 16.4826 )
00000856: 15.7767   (Y': 16.2105   Cb: 13.9024   Cr: 16.5309 )
00000857: 15.7806   (Y': 16.2134   Cb: 13.8592   Cr: 16.6267 )
00000858: 15.7411   (Y': 16.1793   Cb: 13.8439   Cr: 16.5186 )
00000859: 15.7717   (Y': 16.2231   Cb: 13.8469   Cr: 16.5433 )
00000860: 15.7657   (Y': 16.2215   Cb: 13.8121   Cr: 16.5725 )
00000861: 15.781    (Y': 16.2465   Cb: 13.8225   Cr: 16.5552 )
00000862: 15.7469   (Y': 16.1883   Cb: 13.8369   Cr: 16.5342 )
00000863: 15.7954   (Y': 16.26     Cb: 13.8871   Cr: 16.4805 )
00000864: 15.7644   (Y': 16.2347   Cb: 13.8108   Cr: 16.5086 )
00000865: 15.7598   (Y': 16.1951   Cb: 13.8446   Cr: 16.5834 )
00000866: 15.7755   (Y': 16.2493   Cb: 13.8183   Cr: 16.5116 )
00000867: 15.7423   (Y': 16.1897   Cb: 13.845    Cr: 16.4804 )
00000868: 15.7627   (Y': 16.1922   Cb: 13.8568   Cr: 16.5944 )
00000869: 15.7824   (Y': 16.2363   Cb: 13.8174   Cr: 16.619  )
00000870: 15.7607   (Y': 16.1891   Cb: 13.8381   Cr: 16.6293 )
00000871: 15.7652   (Y': 16.2386   Cb: 13.801    Cr: 16.5159 )
00000872: 15.7355   (Y': 16.1913   Cb: 13.8238   Cr: 16.4643 )
00000873: 15.7612   (Y': 16.2145   Cb: 13.8063   Cr: 16.5817 )
00000874: 15.7624   (Y': 16.2108   Cb: 13.8378   Cr: 16.5472 )
00000875: 15.7856   (Y': 16.2517   Cb: 13.81     Cr: 16.589  )
00000876: 15.7625   (Y': 16.2181   Cb: 13.8316   Cr: 16.5276 )
00000877: 15.7691   (Y': 16.2366   Cb: 13.8326   Cr: 16.4933 )
00000878: 15.7446   (Y': 16.2105   Cb: 13.7987   Cr: 16.4936 )
00000879: 15.7386   (Y': 16.1948   Cb: 13.8158   Cr: 16.4863 )
00000880: 15.7475   (Y': 16.1798   Cb: 13.814    Cr: 16.6192 )
00000881: 15.7383   (Y': 16.1969   Cb: 13.8028   Cr: 16.4994 )
00000882: 15.7281   (Y': 16.1797   Cb: 13.7792   Cr: 16.5438 )
00000883: 15.7511   (Y': 16.21     Cb: 13.8122   Cr: 16.5171 )
00000885: 15.7614   (Y': 16.2243   Cb: 13.7825   Cr: 16.585  )
00000884: 15.7498   (Y': 16.2138   Cb: 13.8003   Cr: 16.5135 )
00000886: 15.7169   (Y': 16.1966   Cb: 13.7197   Cr: 16.5033 )
00000887: 15.7725   (Y': 16.2269   Cb: 13.8066   Cr: 16.6085 )
00000888: 15.7373   (Y': 16.2019   Cb: 13.7818   Cr: 16.5098 )
00000889: 15.7378   (Y': 16.2005   Cb: 13.813    Cr: 16.4611 )
00000890: 15.7609   (Y': 16.2186   Cb: 13.8194   Cr: 16.5368 )
00000891: 15.761    (Y': 16.2018   Cb: 13.8615   Cr: 16.5316 )
00000893: 15.7408   (Y': 16.2008   Cb: 13.816    Cr: 16.4757 )
00000892: 15.7571   (Y': 16.2253   Cb: 13.8225   Cr: 16.4751 )
00000894: 15.7554   (Y': 16.1901   Cb: 13.8438   Cr: 16.5751 )
00000895: 15.7623   (Y': 16.1977   Cb: 13.8331   Cr: 16.6124 )
00000896: 15.7817   (Y': 16.239    Cb: 13.8344   Cr: 16.5699 )
00000897: 15.758    (Y': 16.2209   Cb: 13.7932   Cr: 16.5551 )
00000898: 15.7676   (Y': 16.2357   Cb: 13.816    Cr: 16.5174 )
00000899: 15.7542   (Y': 16.2044   Cb: 13.8288   Cr: 16.5324 )
00000900: 15.7632   (Y': 16.2201   Cb: 13.8519   Cr: 16.4866 )
00000901: 15.7624   (Y': 16.2449   Cb: 13.7748   Cr: 16.5181 )
00000902: 15.7782   (Y': 16.2378   Cb: 13.8485   Cr: 16.5236 )
00000903: 15.7737   (Y': 16.2331   Cb: 13.8321   Cr: 16.5423 )
00000904: 15.7639   (Y': 16.2169   Cb: 13.8309   Cr: 16.5442 )
00000905: 15.7481   (Y': 16.2157   Cb: 13.7901   Cr: 16.5121 )
00000906: 15.7644   (Y': 16.2281   Cb: 13.8039   Cr: 16.5498 )
00000907: 15.7777   (Y': 16.2345   Cb: 13.8203   Cr: 16.5872 )
00000908: 15.767    (Y': 16.2444   Cb: 13.7956   Cr: 16.5146 )
00000909: 15.7555   (Y': 16.222    Cb: 13.8211   Cr: 16.4806 )
00000910: 15.742    (Y': 16.2136   Cb: 13.7732   Cr: 16.5089 )
00000911: 15.7906   (Y': 16.2611   Cb: 13.8248   Cr: 16.5573 )
00000912: 15.7671   (Y': 16.2424   Cb: 13.794    Cr: 16.5265 )
00000913: 15.743    (Y': 16.1993   Cb: 13.828    Cr: 16.4759 )
00000914: 15.7557   (Y': 16.2317   Cb: 13.8074   Cr: 16.466  )
00000915: 15.7546   (Y': 16.2281   Cb: 13.7737   Cr: 16.5362 )
00000916: 15.752    (Y': 16.2126   Cb: 13.7912   Cr: 16.5515 )
00000917: 15.7588   (Y': 16.2097   Cb: 13.8473   Cr: 16.5077 )
00000918: 15.7578   (Y': 16.2239   Cb: 13.7678   Cr: 16.5891 )
00000919: 15.7705   (Y': 16.2228   Cb: 13.8262   Cr: 16.5747 )
00000920: 15.7382   (Y': 16.2084   Cb: 13.7959   Cr: 16.4621 )
00000921: 15.7703   (Y': 16.2417   Cb: 13.7922   Cr: 16.5559 )
00000922: 15.7661   (Y': 16.244    Cb: 13.7756   Cr: 16.5468 )
00000923: 15.7903   (Y': 16.2529   Cb: 13.8319   Cr: 16.5768 )
00000925: 15.7648   (Y': 16.2181   Cb: 13.8449   Cr: 16.5195 )
00000924: 15.7697   (Y': 16.2087   Cb: 13.8281   Cr: 16.627  )
00000926: 15.7742   (Y': 16.2282   Cb: 13.8551   Cr: 16.5245 )
00000927: 15.7729   (Y': 16.235    Cb: 13.8516   Cr: 16.4926 )
00000928: 15.7812   (Y': 16.2573   Cb: 13.7764   Cr: 16.5976 )
00000929: 15.7453   (Y': 16.2144   Cb: 13.8005   Cr: 16.4788 )
00000930: 15.7835   (Y': 16.2529   Cb: 13.8122   Cr: 16.565  )
00000931: 15.729    (Y': 16.1803   Cb: 13.7925   Cr: 16.5226 )
00000932: 15.7501   (Y': 16.1911   Cb: 13.841    Cr: 16.5379 )
00000934: 15.7277   (Y': 16.1661   Cb: 13.8162   Cr: 16.5313 )
00000933: 15.7333   (Y': 16.2018   Cb: 13.7728   Cr: 16.4981 )
00000935: 15.7414   (Y': 16.1967   Cb: 13.7934   Cr: 16.5398 )
00000936: 15.7611   (Y': 16.2362   Cb: 13.7905   Cr: 16.5168 )
00000937: 15.8281   (Y': 16.3123   Cb: 13.887    Cr: 16.4909 )
00000938: 15.8533   (Y': 16.3868   Cb: 13.8269   Cr: 16.4687 )
00000939: 15.7866   (Y': 16.2564   Cb: 13.8414   Cr: 16.5177 )
00000942: 15.7648   (Y': 16.2593   Cb: 13.7498   Cr: 16.5217 )
00000943: 15.7865   (Y': 16.2753   Cb: 13.8196   Cr: 16.4774 )
00000940: 15.8507   (Y': 16.3279   Cb: 13.8877   Cr: 16.5833 )
00000941: 15.8527   (Y': 16.3484   Cb: 13.8701   Cr: 16.5433 )
00000944: 15.7949   (Y': 16.2955   Cb: 13.7898   Cr: 16.5069 )
Total: 15.7826   (Y': 16.2353   Cb: 13.8635   Cr: 16.5387 )
