00000000: 37.4581   (Y': INF       Cb: 32.6869   Cr: 32.6869 )
00000001: 17.8551   (Y': 18.2569   Cb: 16.1063   Cr: 18.5221 )
00000003: 17.7594   (Y': 18.0309   Cb: 16.2901   Cr: 18.5177 )
00000002: 17.8725   (Y': 18.2686   Cb: 16.1526   Cr: 18.5132 )
00000005: 17.4809   (Y': 17.9181   Cb: 15.6334   Cr: 18.1717 )
00000004: 17.737    (Y': 18.0181   Cb: 16.2339   Cr: 18.5088 )
00000007: 17.3051   (Y': 17.7668   Cb: 15.4089   Cr: 17.9807 )
00000006: 17.3016   (Y': 17.7722   Cb: 15.4106   Cr: 17.9304 )
00000008: 17.3173   (Y': 17.7749   Cb: 15.4378   Cr: 17.98   )
00000009: 17.2244   (Y': 17.7091   Cb: 15.2886   Cr: 17.8754 )
00000012: 17.1631   (Y': 17.6226   Cb: 15.2505   Cr: 17.8776 )
00000011: 17.2042   (Y': 17.6564   Cb: 15.3366   Cr: 17.8678 )
00000010: 17.2393   (Y': 17.6916   Cb: 15.3197   Cr: 17.9977 )
00000013: 17.1956   (Y': 17.6585   Cb: 15.3091   Cr: 17.8483 )
00000014: 17.1814   (Y': 17.6322   Cb: 15.2778   Cr: 17.9163 )
00000015: 17.1903   (Y': 17.6541   Cb: 15.2604   Cr: 17.9186 )
00000016: 17.1953   (Y': 17.68     Cb: 15.2365   Cr: 17.8885 )
00000017: 17.2009   (Y': 17.6571   Cb: 15.2935   Cr: 17.9201 )
00000018: 17.3611   (Y': 17.9038   Cb: 15.294    Cr: 18.0145 )
00000021: 18.4168   (Y': 19.1358   Cb: 15.9196   Cr: 19.2098 )
00000020: 18.2785   (Y': 18.9805   Cb: 15.8888   Cr: 18.9165 )
00000019: 18.0129   (Y': 18.639    Cb: 15.7664   Cr: 18.6702 )
00000022: 18.3889   (Y': 19.1046   Cb: 15.9598   Cr: 19.0527 )
00000023: 18.3297   (Y': 19.0288   Cb: 15.9121   Cr: 19.036  )
00000024: 17.8927   (Y': 18.501    Cb: 15.6484   Cr: 18.6185 )
00000025: 17.7318   (Y': 18.3061   Cb: 15.5395   Cr: 18.4951 )
00000026: 17.5276   (Y': 18.0762   Cb: 15.4663   Cr: 18.1461 )
00000027: 17.3706   (Y': 17.8895   Cb: 15.3458   Cr: 18.0436 )
00000028: 17.2506   (Y': 17.7441   Cb: 15.2823   Cr: 17.9243 )
00000029: 17.2061   (Y': 17.6849   Cb: 15.2789   Cr: 17.8667 )
00000030: 17.1786   (Y': 17.6551   Cb: 15.2257   Cr: 17.8951 )
00000031: 17.1914   (Y': 17.6361   Cb: 15.3174   Cr: 17.8988 )
00000032: 17.1831   (Y': 17.6544   Cb: 15.2749   Cr: 17.8404 )
00000033: 17.1672   (Y': 17.6546   Cb: 15.2091   Cr: 17.8475 )
00000034: 17.1966   (Y': 17.6613   Cb: 15.2932   Cr: 17.8723 )
00000035: 17.1953   (Y': 17.6652   Cb: 15.2929   Cr: 17.8473 )
00000037: 17.1991   (Y': 17.6626   Cb: 15.3176   Cr: 17.8409 )
00000036: 17.1488   (Y': 17.6153   Cb: 15.2518   Cr: 17.8055 )
00000038: 17.1964   (Y': 17.6872   Cb: 15.2688   Cr: 17.8074 )
00000039: 17.1784   (Y': 17.663    Cb: 15.2358   Cr: 17.8422 )
00000040: 17.1777   (Y': 17.6493   Cb: 15.2836   Cr: 17.8077 )
00000041: 17.1883   (Y': 17.6687   Cb: 15.2689   Cr: 17.8277 )
00000043: 17.1937   (Y': 17.6751   Cb: 15.2753   Cr: 17.8275 )
00000042: 17.1951   (Y': 17.6839   Cb: 15.2452   Cr: 17.8546 )
00000044: 17.2182   (Y': 17.6872   Cb: 15.3081   Cr: 17.888  )
00000045: 17.1921   (Y': 17.6808   Cb: 15.2064   Cr: 17.9181 )
00000046: 17.2212   (Y': 17.7159   Cb: 15.2654   Cr: 17.8671 )
00000047: 17.1992   (Y': 17.6783   Cb: 15.2708   Cr: 17.8603 )
00000048: 17.2015   (Y': 17.6771   Cb: 15.267    Cr: 17.8884 )
00000049: 17.2034   (Y': 17.6913   Cb: 15.2742   Cr: 17.8292 )
00000050: 17.2077   (Y': 17.6778   Cb: 15.3132   Cr: 17.8452 )
00000051: 17.2155   (Y': 17.685    Cb: 15.2947   Cr: 17.9025 )
00000053: 17.195    (Y': 17.657    Cb: 15.2642   Cr: 17.9323 )
00000052: 17.1954   (Y': 17.666    Cb: 15.2841   Cr: 17.8608 )
00000054: 17.1845   (Y': 17.6759   Cb: 15.2197   Cr: 17.8607 )
00000055: 17.2056   (Y': 17.6936   Cb: 15.2822   Cr: 17.8205 )
00000056: 17.203    (Y': 17.678    Cb: 15.2428   Cr: 17.9394 )
00000057: 17.2152   (Y': 17.6958   Cb: 15.2761   Cr: 17.8895 )
00000059: 17.2012   (Y': 17.6726   Cb: 15.2772   Cr: 17.8867 )
00000058: 17.1991   (Y': 17.6953   Cb: 15.2548   Cr: 17.8184 )
00000060: 17.1991   (Y': 17.6708   Cb: 15.2637   Cr: 17.9034 )
00000061: 17.1875   (Y': 17.6536   Cb: 15.2804   Cr: 17.8646 )
00000062: 17.1929   (Y': 17.6594   Cb: 15.2885   Cr: 17.8635 )
00000063: 17.1915   (Y': 17.6632   Cb: 15.2715   Cr: 17.8681 )
00000064: 17.1845   (Y': 17.6569   Cb: 15.2554   Cr: 17.875  )
00000065: 17.1792   (Y': 17.6585   Cb: 15.2311   Cr: 17.8748 )
00000066: 17.1791   (Y': 17.6373   Cb: 15.2545   Cr: 17.9212 )
00000069: 17.1819   (Y': 17.677    Cb: 15.2151   Cr: 17.8462 )
00000068: 17.1753   (Y': 17.6433   Cb: 15.2303   Cr: 17.9137 )
00000067: 17.1882   (Y': 17.6679   Cb: 15.2476   Cr: 17.8687 )
00000070: 17.19     (Y': 17.6586   Cb: 15.2737   Cr: 17.8729 )
00000071: 17.1808   (Y': 17.6495   Cb: 15.2545   Cr: 17.881  )
00000072: 17.1562   (Y': 17.6465   Cb: 15.1876   Cr: 17.844  )
00000074: 17.1876   (Y': 17.6779   Cb: 15.2375   Cr: 17.8414 )
00000077: 17.1931   (Y': 17.6778   Cb: 15.235    Cr: 17.8847 )
00000073: 17.1771   (Y': 17.6488   Cb: 15.2869   Cr: 17.8001 )
00000076: 17.1738   (Y': 17.6645   Cb: 15.198    Cr: 17.8728 )
00000075: 17.1977   (Y': 17.6759   Cb: 15.2572   Cr: 17.8843 )
00000078: 17.1853   (Y': 17.6598   Cb: 15.238    Cr: 17.8998 )
00000079: 17.1678   (Y': 17.6418   Cb: 15.2309   Cr: 17.866  )
00000080: 17.1719   (Y': 17.6541   Cb: 15.2239   Cr: 17.8553 )
00000082: 17.2005   (Y': 17.6704   Cb: 15.2708   Cr: 17.9028 )
00000081: 17.1658   (Y': 17.6574   Cb: 15.2121   Cr: 17.8203 )
00000083: 17.2083   (Y': 17.672    Cb: 15.2868   Cr: 17.9211 )
00000084: 17.2054   (Y': 17.6935   Cb: 15.2483   Cr: 17.8814 )
00000085: 17.2102   (Y': 17.6978   Cb: 15.2388   Cr: 17.9144 )
00000086: 17.1813   (Y': 17.6418   Cb: 15.265    Cr: 17.8985 )
00000087: 17.1657   (Y': 17.6373   Cb: 15.2322   Cr: 17.8672 )
00000088: 17.1858   (Y': 17.6463   Cb: 15.2397   Cr: 17.9579 )
00000089: 17.1866   (Y': 17.6458   Cb: 15.2582   Cr: 17.9315 )
00000090: 17.2123   (Y': 17.6741   Cb: 15.3124   Cr: 17.8941 )
00000091: 17.1687   (Y': 17.6321   Cb: 15.2403   Cr: 17.8955 )
00000093: 17.1701   (Y': 17.6577   Cb: 15.2355   Cr: 17.8068 )
00000092: 17.1866   (Y': 17.6648   Cb: 15.2547   Cr: 17.8579 )
00000094: 17.1769   (Y': 17.6406   Cb: 15.2525   Cr: 17.8954 )
00000095: 17.186    (Y': 17.6651   Cb: 15.2493   Cr: 17.8619 )
00000096: 17.1868   (Y': 17.6734   Cb: 15.2482   Cr: 17.8349 )
00000097: 17.1606   (Y': 17.6265   Cb: 15.2347   Cr: 17.8728 )
00000098: 17.1864   (Y': 17.6623   Cb: 15.2377   Cr: 17.8979 )
00000099: 17.1804   (Y': 17.649    Cb: 15.2683   Cr: 17.856  )
00000100: 17.1777   (Y': 17.6594   Cb: 15.248    Cr: 17.8298 )
00000101: 17.205    (Y': 17.6689   Cb: 15.2985   Cr: 17.8904 )
00000102: 17.1946   (Y': 17.6663   Cb: 15.2637   Cr: 17.8913 )
00000103: 17.1601   (Y': 17.6326   Cb: 15.227    Cr: 17.8576 )
00000104: 17.1951   (Y': 17.6688   Cb: 15.2458   Cr: 17.917  )
00000105: 17.173    (Y': 17.6426   Cb: 15.2464   Cr: 17.8708 )
00000106: 17.1769   (Y': 17.6581   Cb: 15.2377   Cr: 17.849  )
00000107: 17.2081   (Y': 17.6762   Cb: 15.2965   Cr: 17.8846 )
00000108: 17.1908   (Y': 17.6679   Cb: 15.2547   Cr: 17.8743 )
00000109: 17.1966   (Y': 17.6786   Cb: 15.2411   Cr: 17.8949 )
00000110: 17.1916   (Y': 17.6658   Cb: 15.2351   Cr: 17.9248 )
00000111: 17.193    (Y': 17.6768   Cb: 15.2528   Cr: 17.8563 )
00000112: 17.1719   (Y': 17.6648   Cb: 15.2026   Cr: 17.8495 )
00000113: 17.1676   (Y': 17.6465   Cb: 15.2225   Cr: 17.8601 )
00000114: 17.1872   (Y': 17.6526   Cb: 15.2468   Cr: 17.9276 )
00000115: 17.1815   (Y': 17.6806   Cb: 15.2014   Cr: 17.8536 )
00000116: 17.1765   (Y': 17.6641   Cb: 15.2112   Cr: 17.8693 )
00000117: 17.2148   (Y': 17.6831   Cb: 15.2987   Cr: 17.8988 )
00000118: 17.1793   (Y': 17.6386   Cb: 15.2768   Cr: 17.8764 )
00000119: 17.1713   (Y': 17.6272   Cb: 15.2861   Cr: 17.8511 )
00000120: 17.19     (Y': 17.6623   Cb: 15.2503   Cr: 17.9003 )
00000121: 17.1961   (Y': 17.6534   Cb: 15.2948   Cr: 17.8997 )
00000123: 17.2009   (Y': 17.6894   Cb: 15.2417   Cr: 17.8788 )
00000124: 17.1799   (Y': 17.6505   Cb: 15.2519   Cr: 17.8763 )
00000122: 17.2051   (Y': 17.6749   Cb: 15.2819   Cr: 17.8957 )
00000125: 17.164    (Y': 17.6538   Cb: 15.2067   Cr: 17.8326 )
00000126: 17.1815   (Y': 17.6752   Cb: 15.228    Cr: 17.8275 )
00000127: 17.2026   (Y': 17.6539   Cb: 15.302    Cr: 17.9307 )
00000128: 17.2061   (Y': 17.6976   Cb: 15.2166   Cr: 17.9275 )
00000129: 17.2002   (Y': 17.6759   Cb: 15.2749   Cr: 17.8696 )
00000131: 17.1777   (Y': 17.657    Cb: 15.2537   Cr: 17.8297 )
00000130: 17.1751   (Y': 17.6479   Cb: 15.2483   Cr: 17.8595 )
00000132: 17.1638   (Y': 17.6368   Cb: 15.2144   Cr: 17.8885 )
00000133: 17.1658   (Y': 17.6538   Cb: 15.1994   Cr: 17.8588 )
00000134: 17.1843   (Y': 17.6546   Cb: 15.2547   Cr: 17.8845 )
00000135: 17.1786   (Y': 17.6659   Cb: 15.2119   Cr: 17.8753 )
00000136: 17.1698   (Y': 17.6443   Cb: 15.231    Cr: 17.8692 )
00000137: 17.1752   (Y': 17.6473   Cb: 15.2536   Cr: 17.8531 )
00000139: 17.1849   (Y': 17.6622   Cb: 15.2471   Cr: 17.8706 )
00000138: 17.1873   (Y': 17.6697   Cb: 15.2532   Cr: 17.8451 )
00000140: 17.1854   (Y': 17.6526   Cb: 15.2801   Cr: 17.8549 )
00000141: 17.1735   (Y': 17.651    Cb: 15.2445   Cr: 17.8422 )
00000142: 17.1938   (Y': 17.6652   Cb: 15.2785   Cr: 17.863  )
00000143: 17.1688   (Y': 17.6424   Cb: 15.2411   Cr: 17.8511 )
00000144: 17.1649   (Y': 17.6314   Cb: 15.2512   Cr: 17.8517 )
00000145: 17.1895   (Y': 17.6505   Cb: 15.2915   Cr: 17.8715 )
00000147: 17.1889   (Y': 17.6718   Cb: 15.2361   Cr: 17.8782 )
00000146: 17.1787   (Y': 17.6597   Cb: 15.2444   Cr: 17.8426 )
00000148: 17.1798   (Y': 17.6507   Cb: 15.2503   Cr: 17.877  )
00000149: 17.1676   (Y': 17.6438   Cb: 15.2373   Cr: 17.8438 )
00000150: 17.1807   (Y': 17.6622   Cb: 15.2485   Cr: 17.8385 )
00000151: 17.1935   (Y': 17.6845   Cb: 15.2399   Cr: 17.8509 )
00000152: 17.1994   (Y': 17.6841   Cb: 15.2561   Cr: 17.864  )
00000153: 17.1836   (Y': 17.6505   Cb: 15.2612   Cr: 17.885  )
00000156: 17.183    (Y': 17.6656   Cb: 15.2433   Cr: 17.8498 )
00000155: 17.1826   (Y': 17.6361   Cb: 15.2759   Cr: 17.9118 )
00000154: 17.1885   (Y': 17.6704   Cb: 15.2455   Cr: 17.8641 )
00000157: 17.2039   (Y': 17.7098   Cb: 15.2263   Cr: 17.8431 )
00000158: 17.273    (Y': 17.772    Cb: 15.3038   Cr: 17.9258 )
00000159: 17.3904   (Y': 17.9402   Cb: 15.3026   Cr: 18.0534 )
00000160: 17.4958   (Y': 18.0701   Cb: 15.354    Cr: 18.1609 )
00000161: 17.4685   (Y': 18.0299   Cb: 15.3665   Cr: 18.1111 )
00000162: 17.4206   (Y': 17.9498   Cb: 15.3564   Cr: 18.1246 )
00000164: 17.5457   (Y': 18.0812   Cb: 15.4742   Cr: 18.2375 )
00000163: 17.5163   (Y': 18.04     Cb: 15.455    Cr: 18.2374 )
00000165: 17.5388   (Y': 18.0866   Cb: 15.412    Cr: 18.2849 )
00000166: 17.6403   (Y': 18.1975   Cb: 15.4949   Cr: 18.3832 )
00000167: 17.8341   (Y': 18.4303   Cb: 15.5935   Cr: 18.6019 )
00000168: 17.9274   (Y': 18.5374   Cb: 15.6776   Cr: 18.6563 )
00000169: 18.1614   (Y': 18.6399   Cb: 16.1795   Cr: 18.924  )
00000170: 18.1456   (Y': 18.6418   Cb: 16.1156   Cr: 18.9234 )
00000171: 18.0883   (Y': 18.5578   Cb: 16.1089   Cr: 18.8848 )
00000172: 17.7289   (Y': 18.2686   Cb: 15.578    Cr: 18.5564 )
00000173: 17.6816   (Y': 18.222    Cb: 15.5542   Cr: 18.4599 )
00000174: 17.5808   (Y': 18.1038   Cb: 15.51     Cr: 18.3233 )
00000175: 17.5928   (Y': 18.1143   Cb: 15.5178   Cr: 18.3494 )
00000176: 17.5711   (Y': 18.074    Cb: 15.5126   Cr: 18.3752 )
00000177: 17.5372   (Y': 18.0472   Cb: 15.4344   Cr: 18.3973 )
00000179: 17.6915   (Y': 18.2692   Cb: 15.5171   Cr: 18.4053 )
00000178: 17.4768   (Y': 17.968    Cb: 15.419    Cr: 18.3301 )
00000180: 17.7575   (Y': 18.3427   Cb: 15.5342   Cr: 18.5363 )
00000181: 17.7813   (Y': 18.3819   Cb: 15.5319   Cr: 18.5485 )
00000182: 17.8132   (Y': 18.4043   Cb: 15.5782   Cr: 18.5918 )
00000183: 17.7724   (Y': 18.3709   Cb: 15.4924   Cr: 18.6105 )
00000184: 17.7777   (Y': 18.352    Cb: 15.5147   Cr: 18.6838 )
00000185: 17.8043   (Y': 18.4163   Cb: 15.491    Cr: 18.6534 )
00000186: 17.7728   (Y': 18.3528   Cb: 15.4825   Cr: 18.7118 )
00000188: 17.8328   (Y': 18.4259   Cb: 15.5421   Cr: 18.7157 )
00000189: 17.8738   (Y': 18.4847   Cb: 15.5237   Cr: 18.8054 )
00000187: 17.7972   (Y': 18.3533   Cb: 15.558    Cr: 18.7337 )
00000190: 17.8439   (Y': 18.4794   Cb: 15.4998   Cr: 18.6593 )
00000191: 17.7313   (Y': 18.3244   Cb: 15.4657   Cr: 18.5626 )
00000192: 17.5344   (Y': 18.1051   Cb: 15.354    Cr: 18.2895 )
00000193: 17.8384   (Y': 18.3161   Cb: 15.915    Cr: 18.4963 )
00000194: 17.7551   (Y': 18.3448   Cb: 15.5817   Cr: 18.4178 )
00000195: 17.7413   (Y': 18.3425   Cb: 15.5553   Cr: 18.3821 )
00000196: 17.6744   (Y': 18.2847   Cb: 15.5024   Cr: 18.2518 )
00000197: 17.6754   (Y': 18.3522   Cb: 15.4488   Cr: 18.0969 )
00000198: 17.5353   (Y': 18.2626   Cb: 15.1972   Cr: 17.9755 )
00000199: 17.3006   (Y': 17.9274   Cb: 15.1345   Cr: 17.8021 )
00000200: 17.3708   (Y': 18.0511   Cb: 15.1189   Cr: 17.8266 )
00000201: 17.3661   (Y': 17.9863   Cb: 15.1941   Cr: 17.9047 )
00000202: 17.2251   (Y': 17.7671   Cb: 15.1749   Cr: 17.8496 )
00000203: 17.245    (Y': 17.8028   Cb: 15.1822   Cr: 17.8291 )
00000204: 17.3214   (Y': 17.8955   Cb: 15.2126   Cr: 17.9249 )
00000205: 17.2817   (Y': 17.8313   Cb: 15.1986   Cr: 17.9365 )
00000206: 17.1694   (Y': 17.7076   Cb: 15.1323   Cr: 17.7856 )
00000207: 17.1815   (Y': 17.6719   Cb: 15.2353   Cr: 17.8277 )
00000208: 17.2483   (Y': 17.7864   Cb: 15.2237   Cr: 17.8421 )
00000209: 17.2438   (Y': 17.7604   Cb: 15.2179   Cr: 17.928  )
00000210: 17.1838   (Y': 17.6921   Cb: 15.1431   Cr: 17.931  )
00000211: 17.1769   (Y': 17.6631   Cb: 15.2056   Cr: 17.8866 )
00000212: 17.1612   (Y': 17.6559   Cb: 15.1832   Cr: 17.8475 )
00000213: 17.1857   (Y': 17.6674   Cb: 15.2352   Cr: 17.8764 )
00000214: 17.1332   (Y': 17.6175   Cb: 15.2197   Cr: 17.7457 )
00000215: 17.1331   (Y': 17.5897   Cb: 15.2012   Cr: 17.896  )
00000216: 17.1522   (Y': 17.6226   Cb: 15.226    Cr: 17.8456 )
00000217: 17.149    (Y': 17.6097   Cb: 15.2312   Cr: 17.8682 )
00000218: 17.1163   (Y': 17.5963   Cb: 15.1665   Cr: 17.813  )
00000219: 17.161    (Y': 17.6536   Cb: 15.1838   Cr: 17.8554 )
00000220: 17.1264   (Y': 17.6012   Cb: 15.149    Cr: 17.896  )
00000221: 17.1593   (Y': 17.6492   Cb: 15.2102   Cr: 17.8128 )
00000222: 17.161    (Y': 17.6404   Cb: 15.2269   Cr: 17.8315 )
00000223: 17.1533   (Y': 17.6383   Cb: 15.1969   Cr: 17.8411 )
00000224: 17.173    (Y': 17.6495   Cb: 15.2445   Cr: 17.8445 )
00000225: 17.1724   (Y': 17.6301   Cb: 15.2718   Cr: 17.8726 )
00000226: 17.1587   (Y': 17.6309   Cb: 15.2187   Cr: 17.8703 )
00000227: 17.2655   (Y': 17.7551   Cb: 15.2931   Cr: 17.9633 )
00000228: 17.3978   (Y': 17.9325   Cb: 15.3432   Cr: 18.0611 )
00000229: 17.4832   (Y': 18.0267   Cb: 15.4182   Cr: 18.1294 )
00000231: 17.6241   (Y': 18.2148   Cb: 15.4802   Cr: 18.2272 )
00000230: 17.5778   (Y': 18.1582   Cb: 15.4746   Cr: 18.1459 )
00000232: 17.6157   (Y': 18.2087   Cb: 15.4747   Cr: 18.2043 )
00000233: 17.5175   (Y': 18.1204   Cb: 15.36     Cr: 18.0969 )
00000234: 17.486    (Y': 18.0355   Cb: 15.4232   Cr: 18.1033 )
00000235: 17.2531   (Y': 17.7558   Cb: 15.2869   Cr: 17.8847 )
00000236: 17.2422   (Y': 17.7349   Cb: 15.2552   Cr: 17.9544 )
00000237: 17.2658   (Y': 17.7633   Cb: 15.2654   Cr: 17.9825 )
00000238: 17.3601   (Y': 17.8897   Cb: 15.3011   Cr: 18.0524 )
00000239: 17.4222   (Y': 17.9745   Cb: 15.3569   Cr: 18.0335 )
00000240: 17.4454   (Y': 18.0121   Cb: 15.3449   Cr: 18.0633 )
00000241: 17.4494   (Y': 18.011    Cb: 15.3661   Cr: 18.0561 )
00000242: 17.3965   (Y': 17.9282   Cb: 15.3552   Cr: 18.0472 )
00000243: 17.3443   (Y': 17.8572   Cb: 15.3194   Cr: 18.0422 )
00000244: 17.2942   (Y': 17.7995   Cb: 15.2792   Cr: 18.0051 )
00000245: 17.2862   (Y': 17.7775   Cb: 15.3083   Cr: 17.9869 )
00000246: 17.2808   (Y': 17.8007   Cb: 15.2813   Cr: 17.9031 )
00000247: 17.2372   (Y': 17.7427   Cb: 15.238    Cr: 17.918  )
00000248: 17.1747   (Y': 17.6517   Cb: 15.2217   Cr: 17.8896 )
00000249: 17.1681   (Y': 17.643    Cb: 15.2356   Cr: 17.8542 )
00000250: 17.1562   (Y': 17.613    Cb: 15.2708   Cr: 17.8329 )
00000251: 17.1804   (Y': 17.6435   Cb: 15.2537   Cr: 17.9058 )
00000252: 17.1549   (Y': 17.6266   Cb: 15.2184   Cr: 17.8618 )
00000253: 17.1588   (Y': 17.6212   Cb: 15.2319   Cr: 17.8876 )
00000254: 17.1793   (Y': 17.6326   Cb: 15.2578   Cr: 17.9372 )
00000255: 17.1908   (Y': 17.6697   Cb: 15.2017   Cr: 17.9652 )
00000256: 17.2021   (Y': 17.6911   Cb: 15.2175   Cr: 17.9253 )
00000257: 17.1886   (Y': 17.6865   Cb: 15.2185   Cr: 17.8472 )
00000258: 17.1642   (Y': 17.6435   Cb: 15.1956   Cr: 17.8981 )
00000259: 17.1539   (Y': 17.6506   Cb: 15.1973   Cr: 17.7929 )
00000260: 17.1171   (Y': 17.5997   Cb: 15.1851   Cr: 17.7701 )
00000261: 17.1791   (Y': 17.6601   Cb: 15.2597   Cr: 17.8161 )
00000262: 17.1825   (Y': 17.6533   Cb: 15.2264   Cr: 17.9293 )
00000263: 17.2082   (Y': 17.6974   Cb: 15.2167   Cr: 17.9431 )
00000264: 17.1782   (Y': 17.6579   Cb: 15.2188   Cr: 17.8938 )
00000265: 17.1741   (Y': 17.6392   Cb: 15.2463   Cr: 17.8931 )
00000266: 17.1821   (Y': 17.6544   Cb: 15.2295   Cr: 17.9161 )
00000267: 17.1997   (Y': 17.6654   Cb: 15.2805   Cr: 17.9003 )
00000268: 17.1661   (Y': 17.6328   Cb: 15.2473   Cr: 17.8616 )
00000269: 17.1573   (Y': 17.6202   Cb: 15.2493   Cr: 17.8486 )
00000270: 17.1519   (Y': 17.6114   Cb: 15.2454   Cr: 17.8551 )
00000271: 17.1288   (Y': 17.5872   Cb: 15.2228   Cr: 17.8364 )
00000272: 17.1377   (Y': 17.5901   Cb: 15.2146   Cr: 17.9019 )
00000273: 17.149    (Y': 17.6314   Cb: 15.1786   Cr: 17.8731 )
00000274: 17.1464   (Y': 17.6127   Cb: 15.2511   Cr: 17.8014 )
00000275: 17.1605   (Y': 17.622    Cb: 15.2161   Cr: 17.9255 )
00000276: 17.1645   (Y': 17.6482   Cb: 15.2128   Cr: 17.8489 )
00000277: 17.1739   (Y': 17.65     Cb: 15.2361   Cr: 17.8644 )
00000278: 17.1527   (Y': 17.6148   Cb: 15.2241   Cr: 17.8862 )
00000279: 17.1722   (Y': 17.6282   Cb: 15.2455   Cr: 17.9281 )
00000280: 17.154    (Y': 17.6487   Cb: 15.2167   Cr: 17.7661 )
00000281: 17.1328   (Y': 17.5978   Cb: 15.2191   Cr: 17.8262 )
00000282: 17.1441   (Y': 17.623    Cb: 15.1952   Cr: 17.843  )
00000283: 17.1661   (Y': 17.6285   Cb: 15.2473   Cr: 17.8796 )
00000284: 17.1489   (Y': 17.6378   Cb: 15.1675   Cr: 17.8663 )
00000285: 17.1688   (Y': 17.6423   Cb: 15.2205   Cr: 17.8901 )
00000286: 17.1783   (Y': 17.6448   Cb: 15.2514   Cr: 17.8896 )
00000287: 17.1815   (Y': 17.6342   Cb: 15.2713   Cr: 17.9209 )
00000288: 17.1549   (Y': 17.6264   Cb: 15.2343   Cr: 17.8335 )
00000289: 17.1858   (Y': 17.6552   Cb: 15.2599   Cr: 17.8826 )
00000290: 17.1173   (Y': 17.5898   Cb: 15.1531   Cr: 17.8723 )
00000291: 17.1642   (Y': 17.6264   Cb: 15.2402   Cr: 17.8882 )
00000292: 17.1481   (Y': 17.6123   Cb: 15.226    Cr: 17.86   )
00000293: 17.1466   (Y': 17.6005   Cb: 15.2549   Cr: 17.8469 )
00000294: 17.1424   (Y': 17.6138   Cb: 15.1955   Cr: 17.8699 )
00000295: 17.1401   (Y': 17.62     Cb: 15.2032   Cr: 17.8127 )
00000296: 17.1446   (Y': 17.6137   Cb: 15.1952   Cr: 17.8859 )
00000297: 17.1567   (Y': 17.6353   Cb: 15.218    Cr: 17.8382 )
00000299: 17.1449   (Y': 17.6169   Cb: 15.2039   Cr: 17.8587 )
00000298: 17.1425   (Y': 17.6247   Cb: 15.1711   Cr: 17.8696 )
00000300: 17.1307   (Y': 17.6018   Cb: 15.1952   Cr: 17.8382 )
00000301: 17.1316   (Y': 17.6112   Cb: 15.1908   Cr: 17.8132 )
00000302: 17.174    (Y': 17.6164   Cb: 15.3029   Cr: 17.8857 )
00000303: 17.1702   (Y': 17.6396   Cb: 15.2277   Cr: 17.8979 )
00000304: 17.1501   (Y': 17.6239   Cb: 15.2039   Cr: 17.8657 )
00000305: 17.1414   (Y': 17.6163   Cb: 15.1934   Cr: 17.8558 )
00000306: 17.1511   (Y': 17.619    Cb: 15.2218   Cr: 17.8609 )
00000307: 17.1432   (Y': 17.6168   Cb: 15.2237   Cr: 17.8114 )
00000308: 17.1577   (Y': 17.6211   Cb: 15.2147   Cr: 17.9123 )
00000309: 17.1526   (Y': 17.6287   Cb: 15.2254   Cr: 17.8239 )
00000310: 17.1478   (Y': 17.6345   Cb: 15.1926   Cr: 17.8256 )
00000311: 17.1467   (Y': 17.6093   Cb: 15.2278   Cr: 17.8597 )
00000312: 17.1417   (Y': 17.6171   Cb: 15.2086   Cr: 17.8267 )
00000313: 17.1405   (Y': 17.6164   Cb: 15.2045   Cr: 17.8289 )
00000314: 17.1341   (Y': 17.604    Cb: 15.2279   Cr: 17.7931 )
00000315: 17.1383   (Y': 17.601    Cb: 15.2438   Cr: 17.8066 )
00000317: 17.1626   (Y': 17.6447   Cb: 15.2087   Cr: 17.8572 )
00000316: 17.1603   (Y': 17.6418   Cb: 15.2208   Cr: 17.8312 )
00000318: 17.1729   (Y': 17.6327   Cb: 15.256    Cr: 17.894  )
00000319: 17.1336   (Y': 17.6158   Cb: 15.1606   Cr: 17.8633 )
00000320: 17.1527   (Y': 17.6347   Cb: 15.203    Cr: 17.8406 )
00000321: 17.1698   (Y': 17.6512   Cb: 15.2167   Cr: 17.8663 )
00000322: 17.1607   (Y': 17.615    Cb: 15.2569   Cr: 17.8808 )
00000323: 17.1588   (Y': 17.6415   Cb: 15.2286   Cr: 17.8085 )
00000325: 17.1589   (Y': 17.6236   Cb: 15.2276   Cr: 17.8859 )
00000324: 17.1489   (Y': 17.6423   Cb: 15.1948   Cr: 17.7969 )
00000326: 17.1466   (Y': 17.6203   Cb: 15.2148   Cr: 17.8362 )
00000327: 17.1638   (Y': 17.6442   Cb: 15.2197   Cr: 17.8483 )
00000328: 17.1717   (Y': 17.646    Cb: 15.2218   Cr: 17.8925 )
00000329: 17.1529   (Y': 17.6353   Cb: 15.1822   Cr: 17.8781 )
00000330: 17.1842   (Y': 17.6637   Cb: 15.218    Cr: 17.913  )
00000331: 17.1221   (Y': 17.5889   Cb: 15.1768   Cr: 17.8658 )
00000332: 17.1686   (Y': 17.6577   Cb: 15.1777   Cr: 17.9031 )
00000333: 17.1498   (Y': 17.649    Cb: 15.1994   Cr: 17.767  )
00000334: 17.1691   (Y': 17.6336   Cb: 15.261    Cr: 17.8546 )
00000335: 17.165    (Y': 17.6273   Cb: 15.2554   Cr: 17.8623 )
00000336: 17.1681   (Y': 17.6297   Cb: 15.2531   Cr: 17.8781 )
00000337: 17.1449   (Y': 17.6226   Cb: 15.2219   Cr: 17.8023 )
00000339: 17.1679   (Y': 17.6617   Cb: 15.2079   Cr: 17.8254 )
00000338: 17.1329   (Y': 17.6212   Cb: 15.1772   Cr: 17.8054 )
00000340: 17.1542   (Y': 17.6424   Cb: 15.1762   Cr: 17.8681 )
00000341: 17.145    (Y': 17.6478   Cb: 15.1688   Cr: 17.7947 )
00000342: 17.1574   (Y': 17.6423   Cb: 15.2062   Cr: 17.8356 )
00000343: 17.1628   (Y': 17.6479   Cb: 15.2145   Cr: 17.8352 )
00000344: 17.1614   (Y': 17.6472   Cb: 15.209    Cr: 17.8383 )
00000345: 17.134    (Y': 17.6139   Cb: 15.2063   Cr: 17.7901 )
00000347: 17.1876   (Y': 17.657    Cb: 15.2739   Cr: 17.8625 )
00000346: 17.1684   (Y': 17.6474   Cb: 15.2242   Cr: 17.8582 )
00000348: 17.1681   (Y': 17.6511   Cb: 15.2304   Cr: 17.8296 )
00000349: 17.1666   (Y': 17.6623   Cb: 15.1938   Cr: 17.8392 )
00000350: 17.1687   (Y': 17.656    Cb: 15.2226   Cr: 17.8273 )
00000351: 17.1627   (Y': 17.6603   Cb: 15.1961   Cr: 17.8163 )
00000352: 17.168    (Y': 17.6385   Cb: 15.2399   Cr: 17.8647 )
00000353: 17.1545   (Y': 17.6391   Cb: 15.2158   Cr: 17.811  )
00000354: 17.1536   (Y': 17.6297   Cb: 15.195    Cr: 17.8831 )
00000355: 17.176    (Y': 17.6536   Cb: 15.2505   Cr: 17.8379 )
00000356: 17.1641   (Y': 17.6387   Cb: 15.2357   Cr: 17.8439 )
00000357: 17.1781   (Y': 17.6488   Cb: 15.2468   Cr: 17.8797 )
00000358: 17.1565   (Y': 17.6171   Cb: 15.2119   Cr: 17.9255 )
00000359: 17.1681   (Y': 17.6191   Cb: 15.2514   Cr: 17.9264 )
00000360: 17.1837   (Y': 17.6427   Cb: 15.2658   Cr: 17.9103 )
00000361: 17.1554   (Y': 17.6166   Cb: 15.2214   Cr: 17.9021 )
00000362: 17.1524   (Y': 17.6275   Cb: 15.2143   Cr: 17.8481 )
00000363: 17.1522   (Y': 17.6081   Cb: 15.2456   Cr: 17.8708 )
00000364: 17.1606   (Y': 17.613    Cb: 15.2731   Cr: 17.8596 )
00000365: 17.1717   (Y': 17.6431   Cb: 15.2505   Cr: 17.852  )
00000366: 17.154    (Y': 17.6013   Cb: 15.2685   Cr: 17.8709 )
00000367: 17.1433   (Y': 17.6092   Cb: 15.1797   Cr: 17.9257 )
00000368: 17.1261   (Y': 17.5687   Cb: 15.2234   Cr: 17.8948 )
00000369: 17.1426   (Y': 17.5924   Cb: 15.2603   Cr: 17.8432 )
00000370: 17.1412   (Y': 17.6086   Cb: 15.2475   Cr: 17.788  )
00000371: 17.1582   (Y': 17.6305   Cb: 15.2203   Cr: 17.8651 )
00000372: 17.1559   (Y': 17.632    Cb: 15.2176   Cr: 17.8473 )
00000373: 17.1312   (Y': 17.6015   Cb: 15.1768   Cr: 17.8774 )
00000374: 17.1436   (Y': 17.6038   Cb: 15.2446   Cr: 17.8304 )
00000375: 17.1556   (Y': 17.6155   Cb: 15.2639   Cr: 17.8307 )
00000376: 17.1464   (Y': 17.5883   Cb: 15.2539   Cr: 17.8995 )
00000377: 17.1502   (Y': 17.5824   Cb: 15.2793   Cr: 17.9049 )
00000378: 17.1368   (Y': 17.5827   Cb: 15.2296   Cr: 17.8996 )
00000379: 17.1679   (Y': 17.6123   Cb: 15.2866   Cr: 17.8895 )
00000380: 17.1535   (Y': 17.6166   Cb: 15.228    Cr: 17.8761 )
00000381: 17.165    (Y': 17.6384   Cb: 15.2101   Cr: 17.8983 )
00000382: 17.1779   (Y': 17.6546   Cb: 15.2349   Cr: 17.8757 )
00000383: 17.1749   (Y': 17.6529   Cb: 15.2161   Cr: 17.8963 )
00000384: 17.1435   (Y': 17.605    Cb: 15.2022   Cr: 17.9026 )
00000385: 17.1672   (Y': 17.6397   Cb: 15.2245   Cr: 17.8817 )
00000386: 17.1567   (Y': 17.6142   Cb: 15.2313   Cr: 17.9034 )
00000387: 17.1825   (Y': 17.6671   Cb: 15.2416   Cr: 17.8437 )
00000388: 17.159    (Y': 17.6427   Cb: 15.1947   Cr: 17.8665 )
00000389: 17.1447   (Y': 17.6102   Cb: 15.2275   Cr: 17.8428 )
00000390: 17.1735   (Y': 17.6123   Cb: 15.2805   Cr: 17.9408 )
00000391: 17.1739   (Y': 17.6254   Cb: 15.2301   Cr: 17.9805 )
00000392: 17.1466   (Y': 17.6114   Cb: 15.2317   Cr: 17.8429 )
00000393: 17.1458   (Y': 17.626    Cb: 15.1939   Cr: 17.8449 )
00000394: 17.1605   (Y': 17.6259   Cb: 15.2365   Cr: 17.8709 )
00000395: 17.1848   (Y': 17.6519   Cb: 15.2643   Cr: 17.8818 )
00000396: 17.1464   (Y': 17.6326   Cb: 15.2134   Cr: 17.7862 )
00000397: 17.1635   (Y': 17.6293   Cb: 15.2447   Cr: 17.8626 )
00000398: 17.1735   (Y': 17.6155   Cb: 15.294    Cr: 17.9019 )
00000399: 17.1781   (Y': 17.6543   Cb: 15.2044   Cr: 17.935  )
00000400: 17.1735   (Y': 17.6486   Cb: 15.2431   Cr: 17.855  )
00000401: 17.1901   (Y': 17.6725   Cb: 15.2067   Cr: 17.9389 )
00000402: 17.2002   (Y': 17.6883   Cb: 15.2424   Cr: 17.8772 )
00000403: 17.185    (Y': 17.6423   Cb: 15.2469   Cr: 17.9563 )
00000404: 17.1863   (Y': 17.6566   Cb: 15.2384   Cr: 17.9199 )
00000405: 17.196    (Y': 17.6695   Cb: 15.2312   Cr: 17.9472 )
00000406: 17.187    (Y': 17.6534   Cb: 15.2501   Cr: 17.9173 )
00000407: 17.1977   (Y': 17.6734   Cb: 15.2419   Cr: 17.9236 )
00000408: 17.2511   (Y': 17.7306   Cb: 15.303    Cr: 17.9462 )
00000409: 17.2242   (Y': 17.7185   Cb: 15.2484   Cr: 17.9081 )
00000410: 17.2219   (Y': 17.7205   Cb: 15.2568   Cr: 17.8684 )
00000411: 17.2779   (Y': 17.7815   Cb: 15.2867   Cr: 17.9519 )
00000412: 17.243    (Y': 17.7176   Cb: 15.2674   Cr: 18.0102 )
00000413: 17.2956   (Y': 17.7742   Cb: 15.3306   Cr: 18.0261 )
00000414: 17.2843   (Y': 17.8229   Cb: 15.1996   Cr: 17.9874 )
00000415: 17.2222   (Y': 17.7092   Cb: 15.2267   Cr: 17.9742 )
00000416: 17.1791   (Y': 17.6335   Cb: 15.2394   Cr: 17.966  )
00000417: 17.1897   (Y': 17.6908   Cb: 15.2106   Cr: 17.8519 )
00000418: 17.224    (Y': 17.7112   Cb: 15.2568   Cr: 17.9222 )
00000419: 17.1927   (Y': 17.6935   Cb: 15.2396   Cr: 17.8086 )
00000420: 17.2185   (Y': 17.6976   Cb: 15.2549   Cr: 17.9439 )
00000421: 17.173    (Y': 17.6415   Cb: 15.213    Cr: 17.9371 )
00000422: 17.1632   (Y': 17.6438   Cb: 15.1941   Cr: 17.8922 )
00000423: 17.1838   (Y': 17.6555   Cb: 15.2635   Cr: 17.861  )
00000424: 17.1694   (Y': 17.6418   Cb: 15.2377   Cr: 17.8646 )
00000425: 17.1788   (Y': 17.6397   Cb: 15.2529   Cr: 17.9115 )
00000426: 17.1771   (Y': 17.6447   Cb: 15.2621   Cr: 17.8619 )
00000427: 17.198    (Y': 17.6833   Cb: 15.2299   Cr: 17.9057 )
00000428: 17.1834   (Y': 17.6908   Cb: 15.2009   Cr: 17.8257 )
00000429: 17.1681   (Y': 17.6641   Cb: 15.189    Cr: 17.851  )
00000430: 17.1562   (Y': 17.6468   Cb: 15.1862   Cr: 17.845  )
00000431: 17.1773   (Y': 17.6515   Cb: 15.2249   Cr: 17.903  )
00000432: 17.1745   (Y': 17.6776   Cb: 15.1803   Cr: 17.8562 )
00000433: 17.198    (Y': 17.661    Cb: 15.2874   Cr: 17.894  )
00000434: 17.175    (Y': 17.6786   Cb: 15.2202   Cr: 17.7823 )
00000435: 17.1817   (Y': 17.6862   Cb: 15.1967   Cr: 17.8404 )
00000436: 17.1962   (Y': 17.6796   Cb: 15.2396   Cr: 17.8907 )
00000437: 17.1905   (Y': 17.659    Cb: 15.2636   Cr: 17.893  )
00000438: 17.1458   (Y': 17.6464   Cb: 15.1858   Cr: 17.7747 )
00000439: 17.154    (Y': 17.6355   Cb: 15.2287   Cr: 17.7994 )
00000440: 17.17     (Y': 17.6695   Cb: 15.2122   Cr: 17.7997 )
00000441: 17.1638   (Y': 17.6413   Cb: 15.2159   Cr: 17.8673 )
00000442: 17.1783   (Y': 17.6706   Cb: 15.2017   Cr: 17.8728 )
00000443: 17.1752   (Y': 17.6479   Cb: 15.234    Cr: 17.8869 )
00000444: 17.1557   (Y': 17.6249   Cb: 15.2193   Cr: 17.8729 )
00000445: 17.1817   (Y': 17.6318   Cb: 15.2973   Cr: 17.8846 )
00000446: 17.1832   (Y': 17.6553   Cb: 15.2527   Cr: 17.877  )
00000447: 17.1972   (Y': 17.6701   Cb: 15.2616   Cr: 17.8975 )
00000448: 17.2126   (Y': 17.7148   Cb: 15.2561   Cr: 17.8291 )
00000449: 17.3185   (Y': 17.8296   Cb: 15.284    Cr: 18.0419 )
00000450: 17.2768   (Y': 17.7991   Cb: 15.2311   Cr: 17.9742 )
00000451: 17.3314   (Y': 17.875    Cb: 15.1875   Cr: 18.1287 )
00000452: 17.2717   (Y': 17.7825   Cb: 15.1644   Cr: 18.1377 )
00000453: 17.1964   (Y': 17.679    Cb: 15.1106   Cr: 18.1431 )
00000454: 17.1894   (Y': 17.6847   Cb: 15.0952   Cr: 18.0964 )
00000455: 17.3491   (Y': 17.9027   Cb: 15.1835   Cr: 18.1468 )
00000456: 17.3225   (Y': 17.8944   Cb: 15.1774   Cr: 18.004  )
00000457: 17.1623   (Y': 17.6959   Cb: 15.0999   Cr: 17.8444 )
00000458: 17.1207   (Y': 17.6481   Cb: 15.0754   Cr: 17.7966 )
00000459: 17.1655   (Y': 17.6877   Cb: 15.1006   Cr: 17.8995 )
00000460: 17.1316   (Y': 17.6523   Cb: 15.0787   Cr: 17.8498 )
00000461: 17.1037   (Y': 17.5956   Cb: 15.1193   Cr: 17.8143 )
00000462: 17.1048   (Y': 17.6036   Cb: 15.0683   Cr: 17.8845 )
00000463: 17.1117   (Y': 17.6098   Cb: 15.1025   Cr: 17.8424 )
00000464: 17.105    (Y': 17.6356   Cb: 15.0543   Cr: 17.7778 )
00000465: 17.1854   (Y': 17.6896   Cb: 15.1637   Cr: 17.9139 )
00000466: 17.1893   (Y': 17.6879   Cb: 15.2321   Cr: 17.8219 )
00000467: 17.1868   (Y': 17.6487   Cb: 15.2743   Cr: 17.8908 )
00000468: 17.1838   (Y': 17.6797   Cb: 15.214    Cr: 17.8506 )
00000469: 17.1727   (Y': 17.66     Cb: 15.2115   Cr: 17.8596 )
00000470: 17.16     (Y': 17.6571   Cb: 15.1773   Cr: 17.845  )
00000471: 17.1568   (Y': 17.6401   Cb: 15.1878   Cr: 17.8748 )
00000472: 17.1636   (Y': 17.6244   Cb: 15.2515   Cr: 17.8715 )
00000473: 17.158    (Y': 17.6252   Cb: 15.2426   Cr: 17.8451 )
00000474: 17.1805   (Y': 17.6471   Cb: 15.2651   Cr: 17.8703 )
00000475: 17.1636   (Y': 17.6261   Cb: 15.2479   Cr: 17.8711 )
00000476: 17.1476   (Y': 17.6189   Cb: 15.2055   Cr: 17.8666 )
00000477: 17.168    (Y': 17.6357   Cb: 15.2435   Cr: 17.8698 )
00000478: 17.1561   (Y': 17.6179   Cb: 15.232    Cr: 17.8818 )
00000479: 17.1492   (Y': 17.6114   Cb: 15.2165   Cr: 17.8898 )
00000480: 17.1546   (Y': 17.6276   Cb: 15.2374   Cr: 17.8204 )
00000481: 17.1625   (Y': 17.6531   Cb: 15.2071   Cr: 17.8251 )
00000482: 17.1613   (Y': 17.6444   Cb: 15.2403   Cr: 17.7925 )
00000483: 17.1371   (Y': 17.6037   Cb: 15.235    Cr: 17.8028 )
00000484: 17.1467   (Y': 17.6213   Cb: 15.2256   Cr: 17.8133 )
00000485: 17.1576   (Y': 17.6106   Cb: 15.2652   Cr: 17.8627 )
00000486: 17.1498   (Y': 17.6215   Cb: 15.2248   Cr: 17.8358 )
00000487: 17.1695   (Y': 17.6351   Cb: 15.2633   Cr: 17.847  )
00000488: 17.1682   (Y': 17.6551   Cb: 15.1944   Cr: 17.8794 )
00000489: 17.1389   (Y': 17.6358   Cb: 15.1658   Cr: 17.8073 )
00000490: 17.1292   (Y': 17.6102   Cb: 15.1948   Cr: 17.793  )
00000491: 17.1253   (Y': 17.6205   Cb: 15.1646   Cr: 17.7779 )
00000492: 17.1479   (Y': 17.6329   Cb: 15.2023   Cr: 17.8155 )
00000493: 17.1399   (Y': 17.613    Cb: 15.2223   Cr: 17.8061 )
00000494: 17.1349   (Y': 17.6084   Cb: 15.1835   Cr: 17.8618 )
00000495: 17.1618   (Y': 17.664    Cb: 15.1876   Cr: 17.8104 )
00000496: 17.1864   (Y': 17.6762   Cb: 15.248    Cr: 17.8208 )
00000497: 17.181    (Y': 17.672    Cb: 15.1996   Cr: 17.8893 )
00000498: 17.1341   (Y': 17.6283   Cb: 15.2156   Cr: 17.7148 )
00000499: 17.1363   (Y': 17.6164   Cb: 15.231    Cr: 17.7517 )
00000500: 17.135    (Y': 17.6096   Cb: 15.2116   Cr: 17.8057 )
00000501: 17.1304   (Y': 17.6205   Cb: 15.134    Cr: 17.8705 )
00000502: 17.1518   (Y': 17.6392   Cb: 15.1795   Cr: 17.8587 )
00000503: 17.1641   (Y': 17.6322   Cb: 15.2158   Cr: 17.9082 )
00000504: 17.169    (Y': 17.6523   Cb: 15.215    Cr: 17.8591 )
00000505: 17.1561   (Y': 17.6255   Cb: 15.2119   Cr: 17.8869 )
00000506: 17.1502   (Y': 17.6252   Cb: 15.2181   Cr: 17.8345 )
00000507: 17.1447   (Y': 17.6236   Cb: 15.205    Cr: 17.8272 )
00000508: 17.1439   (Y': 17.6053   Cb: 15.2394   Cr: 17.8355 )
00000509: 17.1782   (Y': 17.6752   Cb: 15.2175   Cr: 17.8236 )
00000510: 17.2252   (Y': 17.724    Cb: 15.2548   Cr: 17.8812 )
00000511: 17.2244   (Y': 17.7264   Cb: 15.222    Cr: 17.9262 )
00000512: 17.2603   (Y': 17.7671   Cb: 15.2611   Cr: 17.9354 )
00000513: 17.2238   (Y': 17.7216   Cb: 15.2361   Cr: 17.9157 )
00000514: 17.2451   (Y': 17.7373   Cb: 15.2415   Cr: 17.9904 )
00000515: 17.289    (Y': 17.81     Cb: 15.2714   Cr: 17.9397 )
00000516: 17.2981   (Y': 17.8344   Cb: 15.2501   Cr: 17.9421 )
00000517: 17.2693   (Y': 17.7977   Cb: 15.24     Cr: 17.9117 )
00000518: 17.3065   (Y': 17.8644   Cb: 15.2166   Cr: 17.9409 )
00000519: 17.3619   (Y': 17.9116   Cb: 15.2667   Cr: 18.0394 )
00000520: 17.2621   (Y': 17.8164   Cb: 15.1981   Cr: 17.8624 )
00000521: 17.3378   (Y': 17.88     Cb: 15.2455   Cr: 18.0405 )
00000522: 17.511    (Y': 18.1182   Cb: 15.2978   Cr: 18.1797 )
00000523: 17.3704   (Y': 17.9558   Cb: 15.2183   Cr: 18.01   )
00000524: 17.3371   (Y': 17.9294   Cb: 15.1599   Cr: 17.9965 )
00000525: 17.321    (Y': 17.8907   Cb: 15.173    Cr: 18.017  )
00000526: 17.3109   (Y': 17.8418   Cb: 15.2555   Cr: 17.9913 )
00000527: 17.2083   (Y': 17.7257   Cb: 15.143    Cr: 17.964  )
00000528: 17.2496   (Y': 17.7839   Cb: 15.1743   Cr: 17.9528 )
00000529: 17.4384   (Y': 18.0208   Cb: 15.2632   Cr: 18.1346 )
00000530: 17.3838   (Y': 17.9475   Cb: 15.2286   Cr: 18.1188 )
00000531: 17.3252   (Y': 17.8676   Cb: 15.2733   Cr: 17.9519 )
00000532: 17.2626   (Y': 17.8064   Cb: 15.1875   Cr: 17.9263 )
00000533: 17.3159   (Y': 17.8607   Cb: 15.2118   Cr: 18.0308 )
00000534: 17.4235   (Y': 17.9712   Cb: 15.2991   Cr: 18.1651 )
00000535: 17.4318   (Y': 17.9907   Cb: 15.2944   Cr: 18.1519 )
00000536: 17.4864   (Y': 18.0639   Cb: 15.2683   Cr: 18.2877 )
00000537: 17.551    (Y': 18.1488   Cb: 15.3398   Cr: 18.2545 )
00000538: 17.653    (Y': 18.2378   Cb: 15.4613   Cr: 18.3718 )
00000539: 17.651    (Y': 18.229    Cb: 15.5317   Cr: 18.2587 )
00000540: 17.5524   (Y': 18.1471   Cb: 15.3935   Cr: 18.1672 )
00000541: 17.4969   (Y': 18.1103   Cb: 15.3159   Cr: 18.0791 )
00000542: 17.3924   (Y': 17.9862   Cb: 15.2205   Cr: 18.0357 )
00000543: 17.4256   (Y': 18.0041   Cb: 15.2771   Cr: 18.0865 )
00000544: 17.4219   (Y': 17.9833   Cb: 15.3505   Cr: 18.0073 )
00000545: 17.4199   (Y': 18.0058   Cb: 15.2837   Cr: 18.0279 )
00000546: 17.4507   (Y': 18.0575   Cb: 15.3216   Cr: 17.962  )
00000547: 17.4419   (Y': 17.9968   Cb: 15.36     Cr: 18.0729 )
00000548: 17.4542   (Y': 18.0165   Cb: 15.3254   Cr: 18.144  )
00000549: 17.5009   (Y': 18.0623   Cb: 15.3752   Cr: 18.1883 )
00000550: 17.4816   (Y': 18.0526   Cb: 15.3662   Cr: 18.1101 )
00000551: 17.4656   (Y': 18.0605   Cb: 15.3313   Cr: 18.0336 )
00000552: 17.4466   (Y': 18.0128   Cb: 15.3319   Cr: 18.0937 )
00000553: 17.4415   (Y': 17.9953   Cb: 15.3532   Cr: 18.0892 )
00000554: 17.3183   (Y': 17.8474   Cb: 15.2981   Cr: 17.9405 )
00000555: 17.4097   (Y': 17.951    Cb: 15.3442   Cr: 18.0655 )
00000556: 17.3251   (Y': 17.9128   Cb: 15.1435   Cr: 18.0124 )
00000557: 17.4383   (Y': 18.0302   Cb: 15.2692   Cr: 18.0842 )
00000558: 17.5099   (Y': 18.1698   Cb: 15.2412   Cr: 18.0757 )
00000559: 17.608    (Y': 18.2261   Cb: 15.3824   Cr: 18.2573 )
00000560: 17.4763   (Y': 18.0975   Cb: 15.2506   Cr: 18.1128 )
00000561: 17.3873   (Y': 17.9975   Cb: 15.2128   Cr: 17.9697 )
00000562: 17.4668   (Y': 18.1023   Cb: 15.2512   Cr: 18.0272 )
00000563: 17.6216   (Y': 18.2643   Cb: 15.3955   Cr: 18.1737 )
00000564: 17.5497   (Y': 18.2105   Cb: 15.318    Cr: 18.0418 )
00000565: 17.4631   (Y': 18.0962   Cb: 15.2342   Cr: 18.0586 )
00000566: 17.4418   (Y': 18.0509   Cb: 15.3046   Cr: 17.9594 )
00000567: 17.3375   (Y': 17.9289   Cb: 15.2043   Cr: 17.9174 )
00000568: 17.4765   (Y': 18.1136   Cb: 15.2408   Cr: 18.0692 )
00000569: 17.5625   (Y': 18.2371   Cb: 15.2617   Cr: 18.1331 )
00000570: 17.5744   (Y': 18.2585   Cb: 15.2574   Cr: 18.1391 )
00000571: 17.5478   (Y': 18.1893   Cb: 15.3317   Cr: 18.0854 )
00000572: 17.4234   (Y': 18.0168   Cb: 15.2469   Cr: 18.0774 )
00000573: 17.5241   (Y': 18.1248   Cb: 15.3623   Cr: 18.1209 )
00000574: 17.5516   (Y': 18.171    Cb: 15.3453   Cr: 18.1581 )
00000575: 17.412    (Y': 18.0127   Cb: 15.2552   Cr: 17.999  )
00000576: 17.2885   (Y': 17.8549   Cb: 15.1954   Cr: 17.8942 )
00000577: 17.2094   (Y': 17.7298   Cb: 15.1602   Cr: 17.9219 )
00000578: 17.295    (Y': 17.8281   Cb: 15.2162   Cr: 18.0101 )
00000579: 17.4429   (Y': 17.9956   Cb: 15.323    Cr: 18.1552 )
00000580: 17.5111   (Y': 18.0641   Cb: 15.4      Cr: 18.205  )
00000581: 17.4858   (Y': 18.0463   Cb: 15.3997   Cr: 18.1019 )
00000582: 17.4774   (Y': 18.0546   Cb: 15.33     Cr: 18.1416 )
00000583: 17.3814   (Y': 17.8916   Cb: 15.3563   Cr: 18.0912 )
00000584: 17.2858   (Y': 17.7997   Cb: 15.259    Cr: 17.9831 )
00000585: 17.2663   (Y': 17.7528   Cb: 15.2633   Cr: 18.0346 )
00000586: 17.2249   (Y': 17.7429   Cb: 15.1921   Cr: 17.9161 )
00000587: 17.2058   (Y': 17.6887   Cb: 15.2362   Cr: 17.926  )
00000588: 17.2124   (Y': 17.7009   Cb: 15.2247   Cr: 17.9432 )
00000589: 17.2564   (Y': 17.72     Cb: 15.2984   Cr: 18.0374 )
00000590: 17.1994   (Y': 17.6615   Cb: 15.2734   Cr: 17.928  )
00000591: 17.1896   (Y': 17.6425   Cb: 15.2683   Cr: 17.9483 )
00000592: 17.1915   (Y': 17.678    Cb: 15.2439   Cr: 17.8562 )
00000593: 17.1868   (Y': 17.6792   Cb: 15.1928   Cr: 17.9128 )
00000594: 17.2072   (Y': 17.6954   Cb: 15.2367   Cr: 17.9072 )
00000595: 17.1898   (Y': 17.6774   Cb: 15.2422   Cr: 17.8504 )
00000596: 17.183    (Y': 17.6461   Cb: 15.2397   Cr: 17.9392 )
00000597: 17.1856   (Y': 17.6743   Cb: 15.1956   Cr: 17.9202 )
00000598: 17.161    (Y': 17.6386   Cb: 15.1841   Cr: 17.918  )
00000599: 17.1906   (Y': 17.6794   Cb: 15.2242   Cr: 17.8808 )
00000600: 17.2015   (Y': 17.6854   Cb: 15.2296   Cr: 17.9223 )
00000601: 17.1782   (Y': 17.6413   Cb: 15.2741   Cr: 17.8621 )
00000602: 17.1969   (Y': 17.6728   Cb: 15.2254   Cr: 17.9505 )
00000603: 17.197    (Y': 17.6662   Cb: 15.2389   Cr: 17.9543 )
00000604: 17.2118   (Y': 17.6884   Cb: 15.2412   Cr: 17.9611 )
00000605: 17.1975   (Y': 17.6662   Cb: 15.2405   Cr: 17.9549 )
00000606: 17.2032   (Y': 17.6829   Cb: 15.2491   Cr: 17.9084 )
00000607: 17.1863   (Y': 17.6653   Cb: 15.2035   Cr: 17.9479 )
00000608: 17.1831   (Y': 17.6508   Cb: 15.2163   Cr: 17.9633 )
00000609: 17.1685   (Y': 17.6549   Cb: 15.2148   Cr: 17.8452 )
00000610: 17.2017   (Y': 17.6929   Cb: 15.26     Cr: 17.8364 )
00000611: 17.1832   (Y': 17.6614   Cb: 15.2258   Cr: 17.9012 )
00000612: 17.1973   (Y': 17.7022   Cb: 15.1947   Cr: 17.8867 )
00000613: 17.1924   (Y': 17.6558   Cb: 15.251    Cr: 17.9436 )
00000614: 17.2087   (Y': 17.6872   Cb: 15.2589   Cr: 17.9112 )
00000615: 17.2002   (Y': 17.6853   Cb: 15.2457   Cr: 17.8837 )
00000616: 17.1963   (Y': 17.6874   Cb: 15.2222   Cr: 17.8912 )
00000617: 17.2154   (Y': 17.7006   Cb: 15.2536   Cr: 17.9124 )
00000618: 17.1662   (Y': 17.6621   Cb: 15.1939   Cr: 17.8374 )
00000619: 17.2094   (Y': 17.6922   Cb: 15.2687   Cr: 17.8773 )
00000620: 17.1947   (Y': 17.698    Cb: 15.2158   Cr: 17.8473 )
00000621: 17.2198   (Y': 17.7113   Cb: 15.2516   Cr: 17.9018 )
00000622: 17.2061   (Y': 17.6893   Cb: 15.2623   Cr: 17.8785 )
00000623: 17.1833   (Y': 17.6632   Cb: 15.2218   Cr: 17.9014 )
00000624: 17.1788   (Y': 17.6607   Cb: 15.2008   Cr: 17.9198 )
00000625: 17.225    (Y': 17.6973   Cb: 15.2814   Cr: 17.9421 )
00000626: 17.1703   (Y': 17.6584   Cb: 15.2187   Cr: 17.8357 )
00000627: 17.1828   (Y': 17.6522   Cb: 15.2478   Cr: 17.8971 )
00000628: 17.2123   (Y': 17.6955   Cb: 15.2431   Cr: 17.9309 )
00000629: 17.2053   (Y': 17.7067   Cb: 15.2191   Cr: 17.8789 )
00000630: 17.2228   (Y': 17.71     Cb: 15.2415   Cr: 17.9474 )
00000631: 17.1849   (Y': 17.6631   Cb: 15.2551   Cr: 17.8522 )
00000632: 17.1989   (Y': 17.6852   Cb: 15.2174   Cr: 17.9274 )
00000633: 17.2016   (Y': 17.6983   Cb: 15.2277   Cr: 17.8724 )
00000634: 17.2017   (Y': 17.6727   Cb: 15.2543   Cr: 17.9315 )
00000635: 17.1798   (Y': 17.6926   Cb: 15.1663   Cr: 17.8565 )
00000636: 17.2058   (Y': 17.6853   Cb: 15.2421   Cr: 17.9302 )
00000637: 17.2063   (Y': 17.6969   Cb: 15.2134   Cr: 17.9377 )
00000638: 17.1933   (Y': 17.6925   Cb: 15.1685   Cr: 17.9488 )
00000639: 17.2108   (Y': 17.7078   Cb: 15.2371   Cr: 17.8803 )
00000640: 17.1868   (Y': 17.665    Cb: 15.2495   Cr: 17.8679 )
00000641: 17.1834   (Y': 17.6571   Cb: 15.2269   Cr: 17.9186 )
00000642: 17.2049   (Y': 17.6877   Cb: 15.2317   Cr: 17.933  )
00000643: 17.1984   (Y': 17.6805   Cb: 15.2489   Cr: 17.8852 )
00000644: 17.1765   (Y': 17.6704   Cb: 15.1828   Cr: 17.8959 )
00000645: 17.1965   (Y': 17.6745   Cb: 15.2454   Cr: 17.9037 )
00000646: 17.1834   (Y': 17.6638   Cb: 15.2308   Cr: 17.8831 )
00000647: 17.2023   (Y': 17.6823   Cb: 15.2531   Cr: 17.8977 )
00000648: 17.1811   (Y': 17.6678   Cb: 15.1978   Cr: 17.9109 )
00000649: 17.2119   (Y': 17.7122   Cb: 15.2267   Cr: 17.888  )
00000650: 17.1914   (Y': 17.6855   Cb: 15.2113   Cr: 17.8841 )
00000651: 17.1842   (Y': 17.6871   Cb: 15.1819   Cr: 17.8817 )
00000652: 17.2      (Y': 17.6663   Cb: 15.225    Cr: 18.0014 )
00000653: 17.2144   (Y': 17.693    Cb: 15.2152   Cr: 18.0092 )
00000654: 17.1827   (Y': 17.6807   Cb: 15.2014   Cr: 17.8615 )
00000655: 17.1942   (Y': 17.6779   Cb: 15.2301   Cr: 17.9015 )
00000656: 17.1978   (Y': 17.6695   Cb: 15.2368   Cr: 17.9495 )
00000657: 17.198    (Y': 17.6816   Cb: 15.2303   Cr: 17.9125 )
00000658: 17.1802   (Y': 17.6769   Cb: 15.1564   Cr: 17.9441 )
00000659: 17.2052   (Y': 17.6829   Cb: 15.2164   Cr: 17.9838 )
00000660: 17.1972   (Y': 17.6691   Cb: 15.2938   Cr: 17.8427 )
00000661: 17.2058   (Y': 17.6942   Cb: 15.2187   Cr: 17.9359 )
00000662: 17.2006   (Y': 17.6931   Cb: 15.2128   Cr: 17.9146 )
00000664: 17.2142   (Y': 17.7085   Cb: 15.2358   Cr: 17.9037 )
00000663: 17.2032   (Y': 17.6601   Cb: 15.2781   Cr: 17.9518 )
00000665: 17.1939   (Y': 17.6846   Cb: 15.2139   Cr: 17.9011 )
00000666: 17.1952   (Y': 17.6739   Cb: 15.2813   Cr: 17.8315 )
00000667: 17.2152   (Y': 17.6961   Cb: 15.2455   Cr: 17.9445 )
00000668: 17.2082   (Y': 17.6956   Cb: 15.2353   Cr: 17.9159 )
00000669: 17.1888   (Y': 17.6719   Cb: 15.2204   Cr: 17.9066 )
00000670: 17.1934   (Y': 17.679    Cb: 15.2166   Cr: 17.9161 )
00000672: 17.1814   (Y': 17.6787   Cb: 15.1873   Cr: 17.8874 )
00000671: 17.1871   (Y': 17.6664   Cb: 15.2237   Cr: 17.9114 )
00000673: 17.1935   (Y': 17.6864   Cb: 15.2025   Cr: 17.9121 )
00000674: 17.2058   (Y': 17.6779   Cb: 15.2501   Cr: 17.9465 )
00000675: 17.1738   (Y': 17.6572   Cb: 15.2177   Cr: 17.8678 )
00000676: 17.1924   (Y': 17.7027   Cb: 15.1934   Cr: 17.8529 )
00000677: 17.2009   (Y': 17.69     Cb: 15.2467   Cr: 17.867  )
00000678: 17.166    (Y': 17.6391   Cb: 15.2479   Cr: 17.833  )
00000679: 17.1935   (Y': 17.6789   Cb: 15.2414   Cr: 17.8714 )
00000680: 17.2092   (Y': 17.7055   Cb: 15.2322   Cr: 17.8879 )
00000681: 17.1785   (Y': 17.6767   Cb: 15.2051   Cr: 17.842  )
00000682: 17.1866   (Y': 17.6669   Cb: 15.2428   Cr: 17.8709 )
00000683: 17.1885   (Y': 17.691    Cb: 15.2217   Cr: 17.8218 )
00000684: 17.1748   (Y': 17.6537   Cb: 15.2506   Cr: 17.8293 )
00000685: 17.185    (Y': 17.659    Cb: 15.2487   Cr: 17.8822 )
00000687: 17.2113   (Y': 17.7066   Cb: 15.2059   Cr: 17.9463 )
00000688: 17.2181   (Y': 17.7204   Cb: 15.2301   Cr: 17.8915 )
00000686: 17.2112   (Y': 17.702    Cb: 15.2349   Cr: 17.911  )
00000689: 17.2191   (Y': 17.6985   Cb: 15.2626   Cr: 17.9306 )
00000690: 17.1871   (Y': 17.6771   Cb: 15.2249   Cr: 17.8647 )
00000691: 17.1997   (Y': 17.6911   Cb: 15.2508   Cr: 17.847  )
00000692: 17.2209   (Y': 17.705    Cb: 15.2611   Cr: 17.9182 )
00000693: 17.2049   (Y': 17.6985   Cb: 15.2164   Cr: 17.9158 )
00000694: 17.2118   (Y': 17.6837   Cb: 15.261    Cr: 17.9444 )
00000695: 17.2053   (Y': 17.6838   Cb: 15.2457   Cr: 17.9263 )
00000696: 17.1897   (Y': 17.661    Cb: 15.2334   Cr: 17.935  )
00000697: 17.1833   (Y': 17.6824   Cb: 15.2096   Cr: 17.8442 )
00000698: 17.1944   (Y': 17.6693   Cb: 15.2342   Cr: 17.9313 )
00000699: 17.1914   (Y': 17.6573   Cb: 15.2508   Cr: 17.9303 )
00000700: 17.1928   (Y': 17.6629   Cb: 15.2511   Cr: 17.9162 )
00000701: 17.1936   (Y': 17.6552   Cb: 15.2793   Cr: 17.9025 )
00000702: 17.1786   (Y': 17.6601   Cb: 15.1947   Cr: 17.9318 )
00000703: 17.1616   (Y': 17.6433   Cb: 15.1975   Cr: 17.8775 )
00000704: 17.2057   (Y': 17.6803   Cb: 15.2601   Cr: 17.9173 )
00000705: 17.2012   (Y': 17.6771   Cb: 15.238    Cr: 17.9395 )
00000706: 17.1889   (Y': 17.6579   Cb: 15.2366   Cr: 17.9365 )
00000707: 17.1959   (Y': 17.6838   Cb: 15.2343   Cr: 17.8806 )
00000708: 17.1907   (Y': 17.6724   Cb: 15.258    Cr: 17.8485 )
00000709: 17.1989   (Y': 17.6834   Cb: 15.2273   Cr: 17.9169 )
00000710: 17.2074   (Y': 17.7024   Cb: 15.2256   Cr: 17.8994 )
00000712: 17.2001   (Y': 17.6972   Cb: 15.1976   Cr: 17.922  )
00000711: 17.2196   (Y': 17.6955   Cb: 15.2428   Cr: 17.9841 )
00000713: 17.1878   (Y': 17.6878   Cb: 15.1967   Cr: 17.8764 )
00000714: 17.2048   (Y': 17.6995   Cb: 15.2121   Cr: 17.9189 )
00000715: 17.1884   (Y': 17.6932   Cb: 15.2109   Cr: 17.832  )
00000716: 17.217    (Y': 17.6911   Cb: 15.2472   Cr: 17.9754 )
00000717: 17.1757   (Y': 17.66     Cb: 15.2308   Cr: 17.8444 )
00000718: 17.2018   (Y': 17.6874   Cb: 15.2395   Cr: 17.8975 )
00000719: 17.276    (Y': 17.7577   Cb: 15.335    Cr: 17.9493 )
00000720: 17.235    (Y': 17.7272   Cb: 15.2299   Cr: 17.9826 )
00000721: 17.2275   (Y': 17.7211   Cb: 15.2345   Cr: 17.9467 )
00000722: 17.2485   (Y': 17.758    Cb: 15.2255   Cr: 17.957  )
00000723: 17.2357   (Y': 17.7422   Cb: 15.2029   Cr: 17.975  )
00000724: 17.2334   (Y': 17.7323   Cb: 15.2719   Cr: 17.8726 )
00000725: 17.2573   (Y': 17.7474   Cb: 15.2758   Cr: 17.9699 )
00000726: 17.1861   (Y': 17.6631   Cb: 15.2259   Cr: 17.9143 )
00000727: 17.2069   (Y': 17.71     Cb: 15.2159   Cr: 17.8828 )
00000728: 17.2052   (Y': 17.7065   Cb: 15.2018   Cr: 17.9115 )
00000729: 17.2141   (Y': 17.7261   Cb: 15.2453   Cr: 17.8122 )
00000730: 17.2162   (Y': 17.6985   Cb: 15.2673   Cr: 17.9012 )
00000731: 17.213    (Y': 17.6819   Cb: 15.2752   Cr: 17.9338 )
00000732: 17.2101   (Y': 17.6963   Cb: 15.2483   Cr: 17.9023 )
00000733: 17.2326   (Y': 17.7414   Cb: 15.2648   Cr: 17.8425 )
00000734: 17.2171   (Y': 17.6988   Cb: 15.2504   Cr: 17.9371 )
00000735: 17.1982   (Y': 17.6857   Cb: 15.2386   Cr: 17.8811 )
00000736: 17.1727   (Y': 17.6899   Cb: 15.2062   Cr: 17.7454 )
00000737: 17.2016   (Y': 17.6946   Cb: 15.2186   Cr: 17.9044 )
00000738: 17.2033   (Y': 17.7005   Cb: 15.2166   Cr: 17.8956 )
00000739: 17.21     (Y': 17.6861   Cb: 15.263    Cr: 17.9173 )
00000740: 17.1839   (Y': 17.6829   Cb: 15.2114   Cr: 17.8424 )
00000741: 17.1969   (Y': 17.6882   Cb: 15.2329   Cr: 17.8722 )
00000742: 17.1562   (Y': 17.6491   Cb: 15.1675   Cr: 17.8701 )
00000743: 17.1821   (Y': 17.678    Cb: 15.218    Cr: 17.838  )
00000744: 17.1765   (Y': 17.6674   Cb: 15.2289   Cr: 17.8232 )
00000745: 17.1652   (Y': 17.6406   Cb: 15.235    Cr: 17.8447 )
00000746: 17.1654   (Y': 17.6536   Cb: 15.1731   Cr: 17.9062 )
00000747: 17.176    (Y': 17.6691   Cb: 15.2223   Cr: 17.8248 )
00000748: 17.1581   (Y': 17.6205   Cb: 15.2651   Cr: 17.8253 )
00000749: 17.1489   (Y': 17.6252   Cb: 15.2112   Cr: 17.8383 )
00000750: 17.1684   (Y': 17.6385   Cb: 15.2513   Cr: 17.8461 )
00000751: 17.1397   (Y': 17.6313   Cb: 15.1452   Cr: 17.8698 )
00000752: 17.1429   (Y': 17.6118   Cb: 15.2391   Cr: 17.8017 )
00000753: 17.172    (Y': 17.6466   Cb: 15.2562   Cr: 17.829  )
00000754: 17.1441   (Y': 17.599    Cb: 15.2658   Cr: 17.8157 )
00000755: 17.1424   (Y': 17.6229   Cb: 15.2044   Cr: 17.8145 )
00000756: 17.1452   (Y': 17.6228   Cb: 15.2305   Cr: 17.7877 )
00000757: 17.1754   (Y': 17.649    Cb: 15.2454   Cr: 17.8626 )
00000758: 17.1622   (Y': 17.6449   Cb: 15.222    Cr: 17.8297 )
00000759: 17.178    (Y': 17.6516   Cb: 15.2327   Cr: 17.8932 )
00000761: 17.1772   (Y': 17.6473   Cb: 15.2606   Cr: 17.8541 )
00000760: 17.1435   (Y': 17.6468   Cb: 15.1652   Cr: 17.7947 )
00000762: 17.1749   (Y': 17.6571   Cb: 15.2287   Cr: 17.8552 )
00000763: 17.1667   (Y': 17.6368   Cb: 15.2115   Cr: 17.9151 )
00000764: 17.1884   (Y': 17.6611   Cb: 15.2319   Cr: 17.9283 )
00000765: 17.166    (Y': 17.6553   Cb: 15.2187   Cr: 17.8192 )
00000766: 17.1858   (Y': 17.658    Cb: 15.2476   Cr: 17.8935 )
00000767: 17.1868   (Y': 17.6693   Cb: 15.2077   Cr: 17.9269 )
00000769: 17.1754   (Y': 17.6522   Cb: 15.2168   Cr: 17.9016 )
00000768: 17.1685   (Y': 17.6502   Cb: 15.2228   Cr: 17.85   )
00000770: 17.1685   (Y': 17.6405   Cb: 15.2379   Cr: 17.8629 )
00000771: 17.1793   (Y': 17.6508   Cb: 15.2292   Cr: 17.9122 )
00000772: 17.1699   (Y': 17.6763   Cb: 15.1711   Cr: 17.846  )
00000773: 17.1444   (Y': 17.6215   Cb: 15.1883   Cr: 17.8644 )
00000774: 17.1617   (Y': 17.6412   Cb: 15.2304   Cr: 17.8264 )
00000775: 17.1533   (Y': 17.6464   Cb: 15.1657   Cr: 17.8645 )
00000777: 17.1909   (Y': 17.6866   Cb: 15.2014   Cr: 17.8951 )
00000776: 17.1841   (Y': 17.6636   Cb: 15.2591   Cr: 17.8375 )
00000778: 17.2084   (Y': 17.6869   Cb: 15.2282   Cr: 17.9679 )
00000779: 17.2048   (Y': 17.7025   Cb: 15.2308   Cr: 17.8714 )
00000780: 17.1947   (Y': 17.6783   Cb: 15.2859   Cr: 17.8019 )
00000781: 17.1859   (Y': 17.6788   Cb: 15.1964   Cr: 17.9012 )
00000782: 17.1971   (Y': 17.6858   Cb: 15.2102   Cr: 17.9255 )
00000783: 17.1475   (Y': 17.6272   Cb: 15.1769   Cr: 17.8836 )
00000784: 17.1559   (Y': 17.6178   Cb: 15.239    Cr: 17.8683 )
00000785: 17.1535   (Y': 17.6307   Cb: 15.219    Cr: 17.8337 )
00000786: 17.1423   (Y': 17.6386   Cb: 15.1804   Cr: 17.7929 )
00000787: 17.1541   (Y': 17.6456   Cb: 15.2325   Cr: 17.7516 )
00000788: 17.1432   (Y': 17.6255   Cb: 15.2071   Cr: 17.8048 )
00000789: 17.1428   (Y': 17.6147   Cb: 15.2088   Cr: 17.8439 )
00000790: 17.1668   (Y': 17.6269   Cb: 15.2593   Cr: 17.8699 )
00000791: 17.1605   (Y': 17.6433   Cb: 15.2215   Cr: 17.8253 )
00000792: 17.1568   (Y': 17.6316   Cb: 15.2009   Cr: 17.8865 )
00000793: 17.1314   (Y': 17.6141   Cb: 15.1593   Cr: 17.8572 )
00000794: 17.1548   (Y': 17.604    Cb: 15.2411   Cr: 17.9154 )
00000795: 17.1427   (Y': 17.6207   Cb: 15.2114   Cr: 17.8133 )
00000796: 17.1492   (Y': 17.6013   Cb: 15.2361   Cr: 17.8962 )
00000797: 17.1524   (Y': 17.6146   Cb: 15.2082   Cr: 17.9142 )
00000798: 17.1409   (Y': 17.6037   Cb: 15.2305   Cr: 17.8375 )
00000799: 17.1608   (Y': 17.6377   Cb: 15.2151   Cr: 17.8628 )
00000800: 17.1558   (Y': 17.6385   Cb: 15.1923   Cr: 17.8661 )
00000801: 17.143    (Y': 17.6439   Cb: 15.1553   Cr: 17.8217 )
00000802: 17.1678   (Y': 17.6484   Cb: 15.2134   Cr: 17.87   )
00000803: 17.1547   (Y': 17.6237   Cb: 15.2459   Cr: 17.8221 )
00000804: 17.1488   (Y': 17.6184   Cb: 15.2324   Cr: 17.8282 )
00000805: 17.2363   (Y': 17.7466   Cb: 15.2244   Cr: 17.9206 )
00000806: 17.2419   (Y': 17.7425   Cb: 15.2881   Cr: 17.8598 )
00000807: 17.1911   (Y': 17.6987   Cb: 15.1823   Cr: 17.8808 )
00000808: 17.2173   (Y': 17.7087   Cb: 15.2179   Cr: 17.9579 )
00000809: 17.217    (Y': 17.7118   Cb: 15.2362   Cr: 17.9082 )
00000810: 17.3047   (Y': 17.8244   Cb: 15.3022   Cr: 17.9326 )
00000811: 17.3305   (Y': 17.8682   Cb: 15.2571   Cr: 18.0163 )
00000812: 17.3903   (Y': 17.8989   Cb: 15.3787   Cr: 18.0811 )
00000813: 17.382    (Y': 17.9      Cb: 15.3484   Cr: 18.0751 )
00000814: 17.4591   (Y': 18.0023   Cb: 15.3942   Cr: 18.1064 )
00000815: 17.5588   (Y': 18.1612   Cb: 15.3929   Cr: 18.1565 )
00000816: 17.5597   (Y': 18.1836   Cb: 15.3591   Cr: 18.1373 )
00000817: 17.4728   (Y': 18.0475   Cb: 15.362    Cr: 18.0777 )
00000818: 17.4122   (Y': 17.9661   Cb: 15.3425   Cr: 18.0249 )
00000819: 17.4443   (Y': 17.9999   Cb: 15.3743   Cr: 18.0505 )
00000820: 17.5648   (Y': 18.1311   Cb: 15.4592   Cr: 18.1943 )
00000821: 17.6591   (Y': 18.2633   Cb: 15.5059   Cr: 18.2253 )
00000822: 17.8372   (Y': 18.4676   Cb: 15.5958   Cr: 18.4676 )
00000823: 17.9281   (Y': 18.5771   Cb: 15.6719   Cr: 18.5134 )
00000825: 17.9683   (Y': 18.5956   Cb: 15.7002   Cr: 18.6631 )
00000824: 17.9668   (Y': 18.5871   Cb: 15.7355   Cr: 18.6179 )
00000826: 17.9609   (Y': 18.5197   Cb: 15.7121   Cr: 18.905  )
00000827: 17.9055   (Y': 18.4923   Cb: 15.58     Cr: 18.8896 )
00000828: 17.9073   (Y': 18.4782   Cb: 15.6256   Cr: 18.8677 )
00000829: 17.8682   (Y': 18.4652   Cb: 15.5445   Cr: 18.8035 )
00000830: 17.8646   (Y': 18.4588   Cb: 15.5245   Cr: 18.847  )
00000831: 17.7845   (Y': 18.3542   Cb: 15.4769   Cr: 18.8052 )
00000832: 17.8602   (Y': 18.3671   Cb: 15.6773   Cr: 18.8977 )
00000833: 17.9801   (Y': 18.4323   Cb: 15.9028   Cr: 19.0466 )
00000834: 18.0722   (Y': 18.508    Cb: 16.0016   Cr: 19.201  )
00000835: 18.3369   (Y': 18.7138   Cb: 16.3412   Cr: 19.591  )
00000836: 18.5208   (Y': 18.906    Cb: 16.573    Cr: 19.6362 )
00000837: 18.573    (Y': 18.9947   Cb: 16.5255   Cr: 19.7207 )
00000838: 18.5721   (Y': 19.0148   Cb: 16.4849   Cr: 19.7038 )
00000839: 18.5768   (Y': 19.0364   Cb: 16.4668   Cr: 19.6777 )
00000841: 18.4997   (Y': 19.0154   Cb: 16.3791   Cr: 19.3699 )
00000840: 18.5494   (Y': 18.9862   Cb: 16.5109   Cr: 19.6075 )
00000842: 18.4881   (Y': 19.0774   Cb: 16.2705   Cr: 19.2388 )
00000843: 18.4838   (Y': 19.0879   Cb: 16.2774   Cr: 19.1519 )
00000844: 18.2942   (Y': 18.9148   Cb: 16.0553   Cr: 18.9592 )
00000845: 17.9772   (Y': 18.5954   Cb: 15.7669   Cr: 18.5959 )
00000846: 17.8551   (Y': 18.4552   Cb: 15.7182   Cr: 18.4074 )
00000847: 17.5028   (Y': 18.0504   Cb: 15.432    Cr: 18.1431 )
00000848: 17.4162   (Y': 17.9558   Cb: 15.2778   Cr: 18.2197 )
00000849: 17.4668   (Y': 18.0422   Cb: 15.3122   Cr: 18.1523 )
00000850: 17.6978   (Y': 18.2577   Cb: 15.5572   Cr: 18.4199 )
00000851: 17.7348   (Y': 18.2626   Cb: 15.693    Cr: 18.4027 )
00000852: 17.6641   (Y': 18.2013   Cb: 15.571    Cr: 18.3898 )
00000853: 17.6207   (Y': 18.1664   Cb: 15.5579   Cr: 18.2542 )
00000854: 17.5582   (Y': 18.0948   Cb: 15.5399   Cr: 18.1465 )
00000855: 17.4146   (Y': 17.899    Cb: 15.4509   Cr: 18.1177 )
00000856: 17.3382   (Y': 17.7918   Cb: 15.3853   Cr: 18.1536 )
00000857: 17.2918   (Y': 17.7137   Cb: 15.4242   Cr: 18.0851 )
00000858: 17.2559   (Y': 17.6777   Cb: 15.386    Cr: 18.054  )
00000859: 17.2344   (Y': 17.6469   Cb: 15.3894   Cr: 18.0269 )
00000860: 17.2563   (Y': 17.6835   Cb: 15.3897   Cr: 18.0251 )
00000861: 17.3128   (Y': 17.7533   Cb: 15.3804   Cr: 18.146  )
00000862: 17.3915   (Y': 17.8363   Cb: 15.4854   Cr: 18.1571 )
00000863: 17.4341   (Y': 17.8787   Cb: 15.5145   Cr: 18.2255 )
00000864: 17.4131   (Y': 17.8742   Cb: 15.4846   Cr: 18.1505 )
00000865: 17.4043   (Y': 17.8875   Cb: 15.4233   Cr: 18.1451 )
00000866: 17.4639   (Y': 17.9562   Cb: 15.4565   Cr: 18.2158 )
00000867: 17.4779   (Y': 17.99     Cb: 15.4851   Cr: 18.1196 )
00000868: 17.4719   (Y': 17.9652   Cb: 15.4848   Cr: 18.1815 )
00000869: 17.3752   (Y': 17.8097   Cb: 15.4617   Cr: 18.1993 )
00000870: 17.3474   (Y': 17.776    Cb: 15.4558   Cr: 18.1558 )
00000871: 17.3027   (Y': 17.7281   Cb: 15.408    Cr: 18.1316 )
00000872: 17.3577   (Y': 17.8062   Cb: 15.4497   Cr: 18.1104 )
00000873: 17.4976   (Y': 17.9671   Cb: 15.5545   Cr: 18.226  )
00000874: 17.5787   (Y': 18.0855   Cb: 15.5849   Cr: 18.2439 )
00000875: 17.5998   (Y': 18.1093   Cb: 15.5581   Cr: 18.3434 )
00000876: 17.5814   (Y': 18.0728   Cb: 15.6095   Cr: 18.2706 )
00000877: 17.5624   (Y': 18.0664   Cb: 15.5802   Cr: 18.2179 )
00000878: 17.4683   (Y': 17.9424   Cb: 15.4745   Cr: 18.272  )
00000879: 17.4583   (Y': 17.9152   Cb: 15.5238   Cr: 18.2242 )
00000880: 17.399    (Y': 17.8334   Cb: 15.4865   Cr: 18.2218 )
00000881: 17.4321   (Y': 17.8966   Cb: 15.48     Cr: 18.1982 )
00000882: 17.4259   (Y': 17.8588   Cb: 15.5064   Cr: 18.268  )
00000883: 17.3712   (Y': 17.7944   Cb: 15.4952   Cr: 18.1745 )
00000884: 17.3734   (Y': 17.8269   Cb: 15.4502   Cr: 18.1332 )
00000885: 17.3746   (Y': 17.819    Cb: 15.494    Cr: 18.095  )
00000886: 17.3448   (Y': 17.7869   Cb: 15.4118   Cr: 18.172  )
00000887: 17.3046   (Y': 17.7346   Cb: 15.4133   Cr: 18.1068 )
00000888: 17.3406   (Y': 17.7738   Cb: 15.4545   Cr: 18.1194 )
00000889: 17.3034   (Y': 17.739    Cb: 15.4112   Cr: 18.0834 )
00000890: 17.3515   (Y': 17.8102   Cb: 15.4544   Cr: 18.0408 )
00000891: 17.4391   (Y': 17.9187   Cb: 15.4514   Cr: 18.2075 )
00000892: 17.595    (Y': 18.095    Cb: 15.558    Cr: 18.3706 )
00000893: 17.6647   (Y': 18.1926   Cb: 15.6533   Cr: 18.276  )
00000894: 17.605    (Y': 18.14     Cb: 15.5528   Cr: 18.2623 )
00000895: 17.6716   (Y': 18.1794   Cb: 15.7089   Cr: 18.2765 )
00000896: 17.6589   (Y': 18.2177   Cb: 15.5729   Cr: 18.2817 )
00000897: 17.6221   (Y': 18.1715   Cb: 15.5835   Cr: 18.1959 )
00000898: 17.6155   (Y': 18.1475   Cb: 15.591    Cr: 18.2341 )
00000899: 17.5774   (Y': 18.1089   Cb: 15.5289   Cr: 18.2423 )
00000900: 17.537    (Y': 18.0548   Cb: 15.5062   Cr: 18.2254 )
00000901: 17.5223   (Y': 18.0549   Cb: 15.4871   Cr: 18.1576 )
00000902: 17.4643   (Y': 17.9882   Cb: 15.4497   Cr: 18.0979 )
00000903: 17.4501   (Y': 17.962    Cb: 15.4307   Cr: 18.1419 )
00000904: 17.4244   (Y': 17.9354   Cb: 15.4189   Cr: 18.0942 )
00000905: 17.3607   (Y': 17.8438   Cb: 15.4193   Cr: 18.0285 )
00000906: 17.3687   (Y': 17.8542   Cb: 15.4343   Cr: 18.0137 )
00000907: 17.3221   (Y': 17.8346   Cb: 15.3389   Cr: 17.9448 )
00000908: 17.2922   (Y': 17.7793   Cb: 15.3441   Cr: 17.9558 )
00000909: 17.3012   (Y': 17.7535   Cb: 15.4287   Cr: 17.9735 )
00000910: 17.3468   (Y': 17.8227   Cb: 15.4287   Cr: 18.0022 )
00000911: 17.3769   (Y': 17.8857   Cb: 15.4388   Cr: 17.9331 )
00000912: 17.36     (Y': 17.8407   Cb: 15.4325   Cr: 18.0125 )
00000913: 17.3925   (Y': 17.8926   Cb: 15.4529   Cr: 17.9874 )
Total: 17.2881   (Y': 17.7838   Cb: 15.3016   Cr: 17.9859 )
