00000006: 17.4409   (Y': 18.5308   Cb: 15.9955   Cr: 15.7006 )
00000000: 37.4581   (Y': INF       Cb: 32.6869   Cr: 32.6869 )
00000001: 17.3311   (Y': 18.1342   Cb: 16.197    Cr: 15.9421 )
00000004: 17.5689   (Y': 18.5961   Cb: 16.1944   Cr: 15.8949 )
00000005: 17.4413   (Y': 18.5509   Cb: 15.9309   Cr: 15.7214 )
00000003: 17.1866   (Y': 17.9758   Cb: 16.0788   Cr: 15.8065 )
00000002: 17.177    (Y': 17.9825   Cb: 16.0313   Cr: 15.7932 )
00000007: 17.4278   (Y': 18.5192   Cb: 16.0044   Cr: 15.6638 )
00000008: 17.3685   (Y': 18.5037   Cb: 15.831    Cr: 15.6213 )
00000009: 17.3984   (Y': 18.5168   Cb: 15.9498   Cr: 15.6023 )
00000010: 17.3961   (Y': 18.4973   Cb: 15.9212   Cr: 15.66   )
00000011: 17.3949   (Y': 18.5077   Cb: 15.9062   Cr: 15.6476 )
00000012: 17.3612   (Y': 18.4826   Cb: 15.8715   Cr: 15.597  )
00000014: 17.3828   (Y': 18.4968   Cb: 15.9223   Cr: 15.6067 )
00000013: 17.3967   (Y': 18.5076   Cb: 15.9314   Cr: 15.6316 )
00000015: 17.3919   (Y': 18.5044   Cb: 15.9227   Cr: 15.6272 )
00000016: 17.3907   (Y': 18.5227   Cb: 15.9251   Cr: 15.5827 )
00000017: 17.4095   (Y': 18.5209   Cb: 15.9054   Cr: 15.6795 )
00000018: 17.3626   (Y': 18.5023   Cb: 15.8456   Cr: 15.5869 )
00000019: 17.4025   (Y': 18.5325   Cb: 15.8969   Cr: 15.6359 )
00000020: 17.4121   (Y': 18.5188   Cb: 15.9077   Cr: 15.6925 )
00000021: 17.4034   (Y': 18.515    Cb: 15.9164   Cr: 15.6567 )
00000022: 17.3728   (Y': 18.4927   Cb: 15.9201   Cr: 15.5775 )
00000023: 17.4115   (Y': 18.5345   Cb: 15.9143   Cr: 15.6514 )
00000024: 17.415    (Y': 18.5311   Cb: 15.9465   Cr: 15.6421 )
00000025: 17.3993   (Y': 18.4965   Cb: 15.9482   Cr: 15.649  )
00000026: 17.3812   (Y': 18.4859   Cb: 15.9452   Cr: 15.6017 )
00000027: 17.4036   (Y': 18.5204   Cb: 15.8959   Cr: 15.666  )
00000028: 17.4131   (Y': 18.5343   Cb: 15.9452   Cr: 15.6289 )
00000029: 17.4064   (Y': 18.5335   Cb: 15.9371   Cr: 15.6115 )
00000030: 17.4163   (Y': 18.5448   Cb: 15.9529   Cr: 15.6133 )
00000031: 17.4047   (Y': 18.5429   Cb: 15.8625   Cr: 15.6558 )
00000032: 17.3933   (Y': 18.5551   Cb: 15.8673   Cr: 15.5812 )
00000033: 17.4233   (Y': 18.5345   Cb: 15.9345   Cr: 15.6796 )
00000034: 17.3802   (Y': 18.4924   Cb: 15.8825   Cr: 15.6427 )
00000035: 17.4278   (Y': 18.5085   Cb: 15.9544   Cr: 15.7334 )
00000036: 17.4124   (Y': 18.5336   Cb: 15.9349   Cr: 15.6375 )
00000037: 17.4073   (Y': 18.5017   Cb: 15.943    Cr: 15.6753 )
00000039: 17.3861   (Y': 18.5186   Cb: 15.9017   Cr: 15.5945 )
00000038: 17.3937   (Y': 18.4848   Cb: 15.9294   Cr: 15.6689 )
00000040: 17.3818   (Y': 18.5014   Cb: 15.9007   Cr: 15.6133 )
00000041: 17.4245   (Y': 18.5382   Cb: 15.937    Cr: 15.6741 )
00000042: 17.4161   (Y': 18.5052   Cb: 15.9876   Cr: 15.6617 )
00000044: 17.3889   (Y': 18.471    Cb: 15.9594   Cr: 15.65   )
00000043: 17.3907   (Y': 18.4816   Cb: 15.9629   Cr: 15.632  )
00000045: 17.3978   (Y': 18.5235   Cb: 15.9113   Cr: 15.6219 )
00000046: 17.3969   (Y': 18.4972   Cb: 15.9083   Cr: 15.6755 )
00000047: 17.3823   (Y': 18.4837   Cb: 15.906    Cr: 15.647  )
00000048: 17.4046   (Y': 18.5071   Cb: 15.9439   Cr: 15.6525 )
00000049: 17.4082   (Y': 18.5147   Cb: 15.9565   Cr: 15.6394 )
00000050: 17.3728   (Y': 18.5015   Cb: 15.8913   Cr: 15.5861 )
00000051: 17.3962   (Y': 18.4957   Cb: 15.911    Cr: 15.6734 )
00000052: 17.4192   (Y': 18.4998   Cb: 15.9602   Cr: 15.7113 )
00000053: 17.4129   (Y': 18.5219   Cb: 15.9743   Cr: 15.6268 )
00000054: 17.4029   (Y': 18.5057   Cb: 15.9405   Cr: 15.6516 )
00000055: 17.3734   (Y': 18.4783   Cb: 15.9523   Cr: 15.5796 )
00000056: 17.4127   (Y': 18.5148   Cb: 15.9624   Cr: 15.6515 )
00000057: 17.4091   (Y': 18.482    Cb: 15.9841   Cr: 15.6854 )
00000058: 17.3904   (Y': 18.4881   Cb: 15.9163   Cr: 15.661  )
00000059: 17.3887   (Y': 18.4842   Cb: 15.9099   Cr: 15.6681 )
00000060: 17.4041   (Y': 18.4804   Cb: 15.9515   Cr: 15.6993 )
00000061: 17.4046   (Y': 18.5123   Cb: 15.9526   Cr: 15.6336 )
00000062: 17.3782   (Y': 18.4783   Cb: 15.9102   Cr: 15.6381 )
00000063: 17.3839   (Y': 18.4902   Cb: 15.9297   Cr: 15.6178 )
00000064: 17.406    (Y': 18.5027   Cb: 15.9246   Cr: 15.6854 )
00000066: 17.3975   (Y': 18.5176   Cb: 15.9362   Cr: 15.6096 )
00000065: 17.382    (Y': 18.494    Cb: 15.9065   Cr: 15.6242 )
00000067: 17.4034   (Y': 18.499    Cb: 15.9383   Cr: 15.6697 )
00000068: 17.3763   (Y': 18.4869   Cb: 15.8969   Cr: 15.625  )
00000069: 17.3898   (Y': 18.5115   Cb: 15.8706   Cr: 15.6528 )
00000071: 17.3846   (Y': 18.4856   Cb: 15.9233   Cr: 15.6361 )
00000070: 17.382    (Y': 18.4849   Cb: 15.8865   Cr: 15.6619 )
00000072: 17.4004   (Y': 18.5064   Cb: 15.9105   Cr: 15.6686 )
00000074: 17.3743   (Y': 18.5013   Cb: 15.8686   Cr: 15.6138 )
00000073: 17.3767   (Y': 18.5041   Cb: 15.8564   Cr: 15.6291 )
00000076: 17.3964   (Y': 18.5058   Cb: 15.9201   Cr: 15.6445 )
00000075: 17.3891   (Y': 18.4888   Cb: 15.9243   Cr: 15.6464 )
00000077: 17.3823   (Y': 18.4981   Cb: 15.9061   Cr: 15.6172 )
00000079: 17.3893   (Y': 18.5019   Cb: 15.9154   Cr: 15.6286 )
00000078: 17.391    (Y': 18.5075   Cb: 15.899    Cr: 15.6393 )
00000080: 17.3768   (Y': 18.5121   Cb: 15.8871   Cr: 15.5842 )
00000081: 17.4015   (Y': 18.5194   Cb: 15.9079   Cr: 15.6484 )
00000082: 17.364    (Y': 18.4911   Cb: 15.8628   Cr: 15.599  )
00000083: 17.3904   (Y': 18.5168   Cb: 15.87     Cr: 15.6451 )
00000084: 17.3984   (Y': 18.5153   Cb: 15.9006   Cr: 15.6512 )
00000085: 17.3808   (Y': 18.5032   Cb: 15.8501   Cr: 15.6536 )
00000086: 17.396    (Y': 18.4963   Cb: 15.9388   Cr: 15.645  )
00000087: 17.3776   (Y': 18.5239   Cb: 15.8748   Cr: 15.5749 )
00000088: 17.4135   (Y': 18.5259   Cb: 15.941    Cr: 15.652  )
00000089: 17.383    (Y': 18.5279   Cb: 15.8578   Cr: 15.6041 )
00000090: 17.3934   (Y': 18.5145   Cb: 15.9255   Cr: 15.6095 )
00000092: 17.3997   (Y': 18.5188   Cb: 15.931    Cr: 15.6209 )
00000091: 17.4191   (Y': 18.5466   Cb: 15.921    Cr: 15.6503 )
00000093: 17.3897   (Y': 18.4991   Cb: 15.8856   Cr: 15.6642 )
00000094: 17.3888   (Y': 18.484    Cb: 15.9234   Cr: 15.6561 )
00000095: 17.3921   (Y': 18.5139   Cb: 15.8787   Cr: 15.6497 )
00000096: 17.4052   (Y': 18.5443   Cb: 15.8662   Cr: 15.6511 )
00000097: 17.3914   (Y': 18.517    Cb: 15.8475   Cr: 15.6701 )
00000098: 17.3853   (Y': 18.4952   Cb: 15.9202   Cr: 15.622  )
00000101: 17.3858   (Y': 18.4917   Cb: 15.9232   Cr: 15.6283 )
00000099: 17.3913   (Y': 18.516    Cb: 15.9303   Cr: 15.5936 )
00000103: 17.4073   (Y': 18.5098   Cb: 15.9542   Cr: 15.6479 )
00000102: 17.3677   (Y': 18.5024   Cb: 15.8391   Cr: 15.613  )
00000100: 17.3938   (Y': 18.5043   Cb: 15.9173   Cr: 15.6399 )
00000104: 17.3957   (Y': 18.5416   Cb: 15.8925   Cr: 15.5943 )
00000105: 17.3683   (Y': 18.4703   Cb: 15.8999   Cr: 15.6243 )
00000106: 17.3966   (Y': 18.5164   Cb: 15.8948   Cr: 15.6472 )
00000107: 17.3904   (Y': 18.5406   Cb: 15.8858   Cr: 15.5814 )
00000108: 17.3966   (Y': 18.5255   Cb: 15.9205   Cr: 15.6042 )
00000109: 17.3786   (Y': 18.5228   Cb: 15.8449   Cr: 15.609  )
00000110: 17.396    (Y': 18.5162   Cb: 15.9328   Cr: 15.6094 )
00000111: 17.3954   (Y': 18.5001   Cb: 15.9329   Cr: 15.6402 )
00000112: 17.4      (Y': 18.5366   Cb: 15.9076   Cr: 15.6074 )
00000113: 17.3679   (Y': 18.5134   Cb: 15.8639   Cr: 15.5678 )
00000114: 17.3851   (Y': 18.5263   Cb: 15.891    Cr: 15.5847 )
00000116: 17.4325   (Y': 18.5185   Cb: 15.9797   Cr: 15.7071 )
00000115: 17.3825   (Y': 18.5115   Cb: 15.9048   Cr: 15.5917 )
00000117: 17.3863   (Y': 18.5119   Cb: 15.8937   Cr: 15.6164 )
00000118: 17.3887   (Y': 18.5424   Cb: 15.8829   Cr: 15.5736 )
00000119: 17.3875   (Y': 18.5154   Cb: 15.872    Cr: 15.6343 )
00000120: 17.3868   (Y': 18.5009   Cb: 15.908    Cr: 15.6274 )
00000121: 17.4011   (Y': 18.5092   Cb: 15.9165   Cr: 15.6599 )
00000122: 17.3913   (Y': 18.512    Cb: 15.8801   Cr: 15.649  )
00000123: 17.4005   (Y': 18.549    Cb: 15.9085   Cr: 15.5833 )
00000126: 17.3996   (Y': 18.5123   Cb: 15.8988   Cr: 15.664  )
00000125: 17.4035   (Y': 18.5174   Cb: 15.9316   Cr: 15.6383 )
00000124: 17.4139   (Y': 18.5226   Cb: 15.9198   Cr: 15.6803 )
00000127: 17.4029   (Y': 18.5325   Cb: 15.904    Cr: 15.6306 )
00000128: 17.3778   (Y': 18.5062   Cb: 15.9112   Cr: 15.5778 )
00000129: 17.3842   (Y': 18.5156   Cb: 15.8773   Cr: 15.6158 )
00000130: 17.3846   (Y': 18.5285   Cb: 15.8641   Cr: 15.6032 )
00000131: 17.4003   (Y': 18.5409   Cb: 15.9152   Cr: 15.5928 )
00000132: 17.3951   (Y': 18.5212   Cb: 15.9216   Cr: 15.6063 )
00000133: 17.3815   (Y': 18.5184   Cb: 15.8444   Cr: 15.6304 )
00000134: 17.3822   (Y': 18.5065   Cb: 15.9246   Cr: 15.5823 )
00000135: 17.3959   (Y': 18.518    Cb: 15.8951   Cr: 15.6408 )
00000136: 17.3869   (Y': 18.5273   Cb: 15.8607   Cr: 15.6185 )
00000137: 17.4032   (Y': 18.5331   Cb: 15.889    Cr: 15.6449 )
00000138: 17.3968   (Y': 18.5449   Cb: 15.9129   Cr: 15.573  )
00000139: 17.387    (Y': 18.526    Cb: 15.8751   Cr: 15.6078 )
00000140: 17.4058   (Y': 18.504    Cb: 15.92     Cr: 15.6862 )
00000141: 17.3912   (Y': 18.4995   Cb: 15.8826   Cr: 15.6722 )
00000142: 17.4041   (Y': 18.526    Cb: 15.9275   Cr: 15.6266 )
00000143: 17.3961   (Y': 18.5051   Cb: 15.9056   Cr: 15.6587 )
00000144: 17.3719   (Y': 18.5162   Cb: 15.8649   Cr: 15.5772 )
00000146: 17.4057   (Y': 18.5286   Cb: 15.9141   Cr: 15.6405 )
00000145: 17.387    (Y': 18.5084   Cb: 15.92     Cr: 15.6016 )
00000147: 17.2538   (Y': 18.338    Cb: 15.8114   Cr: 15.5227 )
00000148: 17.2679   (Y': 18.2991   Cb: 15.9129   Cr: 15.5675 )
00000149: 17.3889   (Y': 18.5068   Cb: 15.9054   Cr: 15.6262 )
00000150: 17.3724   (Y': 18.5061   Cb: 15.8781   Cr: 15.5874 )
00000151: 17.3679   (Y': 18.4795   Cb: 15.9038   Cr: 15.6    )
00000152: 17.3439   (Y': 18.4713   Cb: 15.8535   Cr: 15.5682 )
00000154: 17.3484   (Y': 18.4812   Cb: 15.8511   Cr: 15.568  )
00000153: 17.3892   (Y': 18.5102   Cb: 15.8938   Cr: 15.6315 )
00000156: 17.3538   (Y': 18.515    Cb: 15.8103   Cr: 15.5589 )
00000155: 17.3685   (Y': 18.4974   Cb: 15.8438   Cr: 15.6221 )
00000157: 17.3843   (Y': 18.5331   Cb: 15.8746   Cr: 15.5832 )
00000158: 17.3804   (Y': 18.533    Cb: 15.8317   Cr: 15.6083 )
00000159: 17.3545   (Y': 18.512    Cb: 15.8      Cr: 15.5776 )
00000160: 17.3723   (Y': 18.4976   Cb: 15.8522   Cr: 15.629  )
00000161: 17.37     (Y': 18.4769   Cb: 15.8776   Cr: 15.6386 )
00000162: 17.3481   (Y': 18.4932   Cb: 15.8054   Cr: 15.5857 )
00000163: 17.2992   (Y': 18.4107   Cb: 15.7441   Cr: 15.6181 )
00000164: 17.3122   (Y': 18.4235   Cb: 15.7535   Cr: 15.6351 )
00000165: 17.3088   (Y': 18.4502   Cb: 15.7352   Cr: 15.5834 )
00000166: 17.3153   (Y': 18.4605   Cb: 15.7437   Cr: 15.5801 )
00000167: 17.3335   (Y': 18.4616   Cb: 15.8093   Cr: 15.5884 )
00000168: 17.285    (Y': 18.4146   Cb: 15.7568   Cr: 15.5402 )
00000170: 17.3327   (Y': 18.468    Cb: 15.7557   Cr: 15.6233 )
00000169: 17.3249   (Y': 18.4774   Cb: 15.7303   Cr: 15.5971 )
00000172: 17.3256   (Y': 18.4597   Cb: 15.7864   Cr: 15.5822 )
00000171: 17.3023   (Y': 18.4411   Cb: 15.7667   Cr: 15.5457 )
00000173: 17.3187   (Y': 18.4364   Cb: 15.7821   Cr: 15.6069 )
00000174: 17.3138   (Y': 18.4458   Cb: 15.7707   Cr: 15.5786 )
00000175: 17.3121   (Y': 18.4472   Cb: 15.7638   Cr: 15.5755 )
00000176: 17.3306   (Y': 18.4572   Cb: 15.7694   Cr: 15.6241 )
00000177: 17.3198   (Y': 18.4585   Cb: 15.7671   Cr: 15.5797 )
00000178: 17.3195   (Y': 18.455    Cb: 15.7682   Cr: 15.5847 )
00000180: 17.3118   (Y': 18.4384   Cb: 15.7884   Cr: 15.5689 )
00000179: 17.3343   (Y': 18.4553   Cb: 15.7556   Cr: 15.6566 )
00000181: 17.2956   (Y': 18.4208   Cb: 15.7531   Cr: 15.5739 )
00000182: 17.3321   (Y': 18.4511   Cb: 15.8214   Cr: 15.5927 )
00000183: 17.3188   (Y': 18.4627   Cb: 15.7658   Cr: 15.5684 )
00000184: 17.3254   (Y': 18.4382   Cb: 15.7851   Cr: 15.6275 )
00000185: 17.3029   (Y': 18.4444   Cb: 15.7232   Cr: 15.5833 )
00000188: 17.3255   (Y': 18.4378   Cb: 15.7715   Cr: 15.6419 )
00000186: 17.2927   (Y': 18.4278   Cb: 15.7417   Cr: 15.5586 )
00000187: 17.3197   (Y': 18.435    Cb: 15.7724   Cr: 15.6233 )
00000189: 17.3119   (Y': 18.4558   Cb: 15.7405   Cr: 15.5793 )
00000190: 17.2991   (Y': 18.4252   Cb: 15.7352   Cr: 15.5961 )
00000191: 17.2816   (Y': 18.4227   Cb: 15.7511   Cr: 15.5156 )
00000192: 17.3223   (Y': 18.4666   Cb: 15.7395   Cr: 15.5996 )
00000193: 17.3489   (Y': 18.4904   Cb: 15.797    Cr: 15.6026 )
00000194: 17.3107   (Y': 18.4481   Cb: 15.7238   Cr: 15.6064 )
00000195: 17.3095   (Y': 18.4383   Cb: 15.7614   Cr: 15.5857 )
00000196: 17.2975   (Y': 18.4161   Cb: 15.7433   Cr: 15.6007 )
00000197: 17.3175   (Y': 18.4444   Cb: 15.7717   Cr: 15.5954 )
00000198: 17.3118   (Y': 18.4218   Cb: 15.8028   Cr: 15.5894 )
00000199: 17.3151   (Y': 18.424    Cb: 15.7903   Cr: 15.6105 )
00000200: 17.3096   (Y': 18.4378   Cb: 15.7677   Cr: 15.5811 )
00000201: 17.2961   (Y': 18.4217   Cb: 15.7542   Cr: 15.5731 )
00000202: 17.3289   (Y': 18.4334   Cb: 15.7921   Cr: 15.6449 )
00000203: 17.3227   (Y': 18.4465   Cb: 15.7792   Cr: 15.6047 )
00000205: 17.3194   (Y': 18.4345   Cb: 15.767    Cr: 15.6282 )
00000204: 17.3246   (Y': 18.4625   Cb: 15.767    Cr: 15.5908 )
00000206: 17.2993   (Y': 18.4286   Cb: 15.7264   Cr: 15.5984 )
00000207: 17.3115   (Y': 18.4601   Cb: 15.7407   Cr: 15.5686 )
00000208: 17.3118   (Y': 18.4541   Cb: 15.7077   Cr: 15.6144 )
00000209: 17.2893   (Y': 18.4361   Cb: 15.7111   Cr: 15.5572 )
00000210: 17.3108   (Y': 18.4182   Cb: 15.8122   Cr: 15.5841 )
00000211: 17.317    (Y': 18.4397   Cb: 15.7623   Cr: 15.6123 )
00000212: 17.2986   (Y': 18.4305   Cb: 15.7339   Cr: 15.5842 )
00000214: 17.3287   (Y': 18.4412   Cb: 15.8199   Cr: 15.6009 )
00000213: 17.3067   (Y': 18.4353   Cb: 15.7458   Cr: 15.5954 )
00000215: 17.3177   (Y': 18.4738   Cb: 15.7325   Cr: 15.573  )
00000216: 17.3207   (Y': 18.4528   Cb: 15.733    Cr: 15.6284 )
00000217: 17.3154   (Y': 18.4463   Cb: 15.7369   Cr: 15.6163 )
00000218: 17.3261   (Y': 18.4406   Cb: 15.8136   Cr: 15.5976 )
00000219: 17.3223   (Y': 18.4637   Cb: 15.7809   Cr: 15.5662 )
00000220: 17.3301   (Y': 18.4694   Cb: 15.7322   Cr: 15.6327 )
00000222: 17.3125   (Y': 18.4329   Cb: 15.7851   Cr: 15.5863 )
00000221: 17.3194   (Y': 18.4399   Cb: 15.7593   Cr: 15.6246 )
00000223: 17.3178   (Y': 18.4175   Cb: 15.8078   Cr: 15.6181 )
00000224: 17.2985   (Y': 18.4396   Cb: 15.7253   Cr: 15.5732 )
00000225: 17.3282   (Y': 18.4403   Cb: 15.8009   Cr: 15.6191 )
00000226: 17.3111   (Y': 18.4548   Cb: 15.7309   Cr: 15.5876 )
00000227: 17.3099   (Y': 18.4326   Cb: 15.7674   Cr: 15.5933 )
00000228: 17.3197   (Y': 18.4612   Cb: 15.7448   Cr: 15.5955 )
00000230: 17.2868   (Y': 18.4393   Cb: 15.7331   Cr: 15.5196 )
00000231: 17.3054   (Y': 18.4497   Cb: 15.7564   Cr: 15.5505 )
00000229: 17.3209   (Y': 18.4521   Cb: 15.7799   Cr: 15.585  )
00000232: 17.2804   (Y': 18.4628   Cb: 15.636    Cr: 15.5396 )
00000233: 17.3324   (Y': 18.4961   Cb: 15.7894   Cr: 15.5323 )
00000234: 17.3021   (Y': 18.4806   Cb: 15.6656   Cr: 15.5616 )
00000235: 17.2811   (Y': 18.4842   Cb: 15.6604   Cr: 15.4756 )
00000236: 17.2881   (Y': 18.4511   Cb: 15.7542   Cr: 15.4809 )
00000237: 17.2682   (Y': 18.4364   Cb: 15.6767   Cr: 15.5051 )
00000238: 17.2955   (Y': 18.4821   Cb: 15.727    Cr: 15.4732 )
00000239: 17.2786   (Y': 18.4625   Cb: 15.6761   Cr: 15.4943 )
00000240: 17.2987   (Y': 18.4716   Cb: 15.7328   Cr: 15.5015 )
00000241: 17.3318   (Y': 18.4925   Cb: 15.754    Cr: 15.571  )
00000242: 17.3289   (Y': 18.4892   Cb: 15.73     Cr: 15.5891 )
00000243: 17.3065   (Y': 18.4726   Cb: 15.6554   Cr: 15.6056 )
00000244: 17.3396   (Y': 18.481    Cb: 15.7601   Cr: 15.6198 )
00000245: 17.3037   (Y': 18.4644   Cb: 15.7103   Cr: 15.5576 )
00000246: 17.3303   (Y': 18.4607   Cb: 15.7929   Cr: 15.5927 )
00000247: 17.3061   (Y': 18.4812   Cb: 15.697    Cr: 15.5456 )
00000248: 17.3321   (Y': 18.4719   Cb: 15.7359   Cr: 15.6321 )
00000249: 17.3046   (Y': 18.4463   Cb: 15.7338   Cr: 15.5758 )
00000250: 17.341    (Y': 18.4979   Cb: 15.7365   Cr: 15.6135 )
00000251: 17.3071   (Y': 18.4393   Cb: 15.7627   Cr: 15.5728 )
00000252: 17.318    (Y': 18.4653   Cb: 15.7515   Cr: 15.5738 )
00000253: 17.2899   (Y': 18.4315   Cb: 15.7309   Cr: 15.5502 )
00000254: 17.302    (Y': 18.4496   Cb: 15.7267   Cr: 15.5657 )
00000255: 17.2983   (Y': 18.4592   Cb: 15.7105   Cr: 15.5465 )
00000256: 17.3033   (Y': 18.4444   Cb: 15.7564   Cr: 15.5531 )
00000257: 17.2992   (Y': 18.4358   Cb: 15.7487   Cr: 15.5613 )
00000258: 17.2938   (Y': 18.4424   Cb: 15.7602   Cr: 15.5152 )
00000259: 17.3058   (Y': 18.4387   Cb: 15.7364   Cr: 15.5938 )
00000260: 17.2985   (Y': 18.4162   Cb: 15.8003   Cr: 15.5499 )
00000261: 17.3132   (Y': 18.4302   Cb: 15.7636   Cr: 15.6154 )
00000262: 17.2919   (Y': 18.4613   Cb: 15.7018   Cr: 15.5251 )
00000263: 17.2977   (Y': 18.4243   Cb: 15.7309   Cr: 15.5965 )
00000264: 17.315    (Y': 18.4481   Cb: 15.7441   Cr: 15.604  )
00000265: 17.2937   (Y': 18.4322   Cb: 15.6865   Cr: 15.6072 )
00000267: 17.3027   (Y': 18.4237   Cb: 15.7297   Cr: 15.6192 )
00000266: 17.3123   (Y': 18.4192   Cb: 15.7576   Cr: 15.6407 )
00000268: 17.3171   (Y': 18.4324   Cb: 15.7815   Cr: 15.6095 )
00000269: 17.3546   (Y': 18.4562   Cb: 15.8027   Cr: 15.6913 )
00000270: 17.3939   (Y': 18.543    Cb: 15.7766   Cr: 15.6952 )
00000271: 17.3882   (Y': 18.5403   Cb: 15.8268   Cr: 15.6288 )
00000272: 17.3375   (Y': 18.4935   Cb: 15.7613   Cr: 15.5846 )
00000273: 17.3297   (Y': 18.5036   Cb: 15.7761   Cr: 15.5188 )
00000274: 17.3353   (Y': 18.4681   Cb: 15.8377   Cr: 15.5553 )
00000275: 17.3365   (Y': 18.4444   Cb: 15.8106   Cr: 15.6349 )
00000276: 17.3533   (Y': 18.5189   Cb: 15.7977   Cr: 15.5611 )
00000277: 17.3264   (Y': 18.4766   Cb: 15.7623   Cr: 15.5738 )
00000278: 17.2948   (Y': 18.481    Cb: 15.6977   Cr: 15.5008 )
00000279: 17.3151   (Y': 18.4788   Cb: 15.7122   Cr: 15.5721 )
00000280: 17.3145   (Y': 18.4597   Cb: 15.7592   Cr: 15.5638 )
00000281: 17.3199   (Y': 18.4904   Cb: 15.7541   Cr: 15.5274 )
00000282: 17.3076   (Y': 18.4849   Cb: 15.7029   Cr: 15.5387 )
00000283: 17.3011   (Y': 18.4524   Cb: 15.7383   Cr: 15.5452 )
00000284: 17.3004   (Y': 18.4761   Cb: 15.6805   Cr: 15.5495 )
00000285: 17.328    (Y': 18.475    Cb: 15.7443   Cr: 15.6008 )
00000286: 17.3029   (Y': 18.4522   Cb: 15.7584   Cr: 15.5334 )
00000287: 17.301    (Y': 18.439    Cb: 15.7381   Cr: 15.5723 )
00000288: 17.3042   (Y': 18.4637   Cb: 15.7392   Cr: 15.5333 )
00000289: 17.3023   (Y': 18.4705   Cb: 15.7523   Cr: 15.4997 )
00000290: 17.31     (Y': 18.495    Cb: 15.7054   Cr: 15.5255 )
00000291: 17.3076   (Y': 18.4504   Cb: 15.7386   Cr: 15.5748 )
00000292: 17.2813   (Y': 18.4242   Cb: 15.6897   Cr: 15.5701 )
00000293: 17.2917   (Y': 18.4586   Cb: 15.7325   Cr: 15.5002 )
00000294: 17.2999   (Y': 18.4768   Cb: 15.7143   Cr: 15.5133 )
00000295: 17.2836   (Y': 18.4502   Cb: 15.7185   Cr: 15.4983 )
00000296: 17.2942   (Y': 18.4767   Cb: 15.7489   Cr: 15.4584 )
00000297: 17.3064   (Y': 18.4936   Cb: 15.7257   Cr: 15.4946 )
00000299: 17.2874   (Y': 18.4905   Cb: 15.6923   Cr: 15.4573 )
00000298: 17.2771   (Y': 18.4636   Cb: 15.6738   Cr: 15.4883 )
00000301: 17.3123   (Y': 18.5098   Cb: 15.6956   Cr: 15.5141 )
00000300: 17.2765   (Y': 18.4517   Cb: 15.6755   Cr: 15.5082 )
00000302: 17.3032   (Y': 18.4368   Cb: 15.7645   Cr: 15.5604 )
00000303: 17.305    (Y': 18.459    Cb: 15.7486   Cr: 15.5371 )
00000304: 17.3008   (Y': 18.4624   Cb: 15.711    Cr: 15.5493 )
00000305: 17.3058   (Y': 18.481    Cb: 15.733    Cr: 15.5105 )
00000306: 17.3105   (Y': 18.4665   Cb: 15.7242   Cr: 15.5673 )
00000307: 17.307    (Y': 18.4786   Cb: 15.722    Cr: 15.5308 )
00000308: 17.301    (Y': 18.4564   Cb: 15.6971   Cr: 15.5761 )
00000310: 17.3212   (Y': 18.4609   Cb: 15.7603   Cr: 15.5868 )
00000309: 17.2962   (Y': 18.4666   Cb: 15.7079   Cr: 15.5254 )
00000311: 17.3066   (Y': 18.4668   Cb: 15.7359   Cr: 15.5399 )
00000312: 17.3432   (Y': 18.5104   Cb: 15.7497   Cr: 15.5838 )
00000313: 17.3309   (Y': 18.5016   Cb: 15.7382   Cr: 15.5639 )
00000314: 17.3238   (Y': 18.4925   Cb: 15.7691   Cr: 15.5245 )
00000315: 17.2947   (Y': 18.4807   Cb: 15.7065   Cr: 15.4923 )
00000316: 17.3113   (Y': 18.4843   Cb: 15.7469   Cr: 15.5125 )
00000318: 17.3153   (Y': 18.4705   Cb: 15.7464   Cr: 15.5568 )
00000317: 17.2919   (Y': 18.4584   Cb: 15.7144   Cr: 15.5188 )
00000319: 17.3175   (Y': 18.4625   Cb: 15.7381   Cr: 15.5901 )
00000320: 17.2953   (Y': 18.4636   Cb: 15.7273   Cr: 15.5094 )
00000321: 17.3204   (Y': 18.4775   Cb: 15.7302   Cr: 15.5789 )
00000322: 17.3155   (Y': 18.4955   Cb: 15.7398   Cr: 15.5133 )
00000323: 17.2898   (Y': 18.4574   Cb: 15.7118   Cr: 15.5152 )
00000324: 17.3128   (Y': 18.4835   Cb: 15.7848   Cr: 15.4846 )
00000325: 17.3298   (Y': 18.4672   Cb: 15.7783   Cr: 15.5915 )
00000326: 17.3099   (Y': 18.4786   Cb: 15.7432   Cr: 15.5221 )
00000327: 17.3009   (Y': 18.4665   Cb: 15.7227   Cr: 15.5303 )
00000328: 17.3085   (Y': 18.4416   Cb: 15.7817   Cr: 15.5555 )
00000329: 17.3159   (Y': 18.4773   Cb: 15.7586   Cr: 15.5336 )
00000331: 17.3112   (Y': 18.465    Cb: 15.7613   Cr: 15.5376 )
00000330: 17.2913   (Y': 18.4717   Cb: 15.6693   Cr: 15.5325 )
00000332: 17.3086   (Y': 18.4685   Cb: 15.7315   Cr: 15.5486 )
00000333: 17.3001   (Y': 18.4508   Cb: 15.7652   Cr: 15.5186 )
00000334: 17.2966   (Y': 18.4667   Cb: 15.7194   Cr: 15.5158 )
00000335: 17.3139   (Y': 18.4834   Cb: 15.7583   Cr: 15.5138 )
00000336: 17.3126   (Y': 18.4577   Cb: 15.7684   Cr: 15.5513 )
00000337: 17.3144   (Y': 18.46     Cb: 15.7324   Cr: 15.5886 )
00000338: 17.3218   (Y': 18.468    Cb: 15.7669   Cr: 15.5685 )
00000339: 17.3007   (Y': 18.4743   Cb: 15.8088   Cr: 15.4333 )
00000340: 17.3      (Y': 18.4882   Cb: 15.6681   Cr: 15.5352 )
00000342: 17.3274   (Y': 18.4813   Cb: 15.7888   Cr: 15.5428 )
00000341: 17.3289   (Y': 18.5077   Cb: 15.7488   Cr: 15.5332 )
00000343: 17.3335   (Y': 18.4926   Cb: 15.7814   Cr: 15.5512 )
00000344: 17.3135   (Y': 18.5138   Cb: 15.7152   Cr: 15.4923 )
00000345: 17.2991   (Y': 18.442    Cb: 15.7658   Cr: 15.5319 )
00000346: 17.2878   (Y': 18.4706   Cb: 15.724    Cr: 15.4687 )
00000347: 17.3118   (Y': 18.4807   Cb: 15.7048   Cr: 15.5623 )
00000348: 17.3095   (Y': 18.5277   Cb: 15.6852   Cr: 15.4772 )
00000349: 17.3225   (Y': 18.4746   Cb: 15.777    Cr: 15.5484 )
00000350: 17.3217   (Y': 18.494    Cb: 15.7633   Cr: 15.5188 )
00000351: 17.3079   (Y': 18.4916   Cb: 15.7142   Cr: 15.5154 )
00000352: 17.2839   (Y': 18.4906   Cb: 15.6722   Cr: 15.4626 )
00000353: 17.2916   (Y': 18.4534   Cb: 15.6909   Cr: 15.5504 )
00000355: 17.2962   (Y': 18.4888   Cb: 15.7054   Cr: 15.4829 )
00000354: 17.3123   (Y': 18.4824   Cb: 15.7258   Cr: 15.5406 )
00000356: 17.3272   (Y': 18.482    Cb: 15.7604   Cr: 15.5679 )
00000357: 17.3005   (Y': 18.4874   Cb: 15.7329   Cr: 15.4767 )
00000358: 17.3358   (Y': 18.5033   Cb: 15.765    Cr: 15.5545 )
00000359: 17.314    (Y': 18.4841   Cb: 15.7535   Cr: 15.5173 )
00000360: 17.3274   (Y': 18.5022   Cb: 15.77     Cr: 15.5184 )
00000361: 17.3247   (Y': 18.5322   Cb: 15.7082   Cr: 15.5063 )
00000362: 17.347    (Y': 18.5349   Cb: 15.7606   Cr: 15.5391 )
00000363: 17.3188   (Y': 18.5041   Cb: 15.6989   Cr: 15.5484 )
00000364: 17.3174   (Y': 18.5014   Cb: 15.7299   Cr: 15.5185 )
00000365: 17.302    (Y': 18.4667   Cb: 15.7241   Cr: 15.5331 )
00000366: 17.3525   (Y': 18.5118   Cb: 15.794    Cr: 15.5759 )
00000367: 17.3287   (Y': 18.4824   Cb: 15.7451   Cr: 15.5877 )
00000368: 17.3396   (Y': 18.5158   Cb: 15.7292   Cr: 15.5784 )
00000369: 17.3218   (Y': 18.4823   Cb: 15.7462   Cr: 15.559  )
00000370: 17.3153   (Y': 18.4792   Cb: 15.736    Cr: 15.549  )
00000371: 17.3225   (Y': 18.4734   Cb: 15.7679   Cr: 15.5596 )
00000372: 17.345    (Y': 18.5003   Cb: 15.739    Cr: 15.6224 )
00000373: 17.3408   (Y': 18.4992   Cb: 15.8056   Cr: 15.5441 )
00000374: 17.3197   (Y': 18.4741   Cb: 15.7432   Cr: 15.5703 )
00000375: 17.3077   (Y': 18.472    Cb: 15.7389   Cr: 15.5307 )
00000376: 17.3225   (Y': 18.5092   Cb: 15.7172   Cr: 15.5351 )
00000377: 17.3101   (Y': 18.4537   Cb: 15.7425   Cr: 15.5744 )
00000378: 17.3114   (Y': 18.4701   Cb: 15.7654   Cr: 15.5243 )
00000379: 17.3139   (Y': 18.4652   Cb: 15.7419   Cr: 15.5665 )
00000380: 17.3002   (Y': 18.4601   Cb: 15.7664   Cr: 15.499  )
00000381: 17.3134   (Y': 18.4562   Cb: 15.7664   Cr: 15.5597 )
00000382: 17.3109   (Y': 18.4563   Cb: 15.8031   Cr: 15.5147 )
00000383: 17.2807   (Y': 18.4483   Cb: 15.7203   Cr: 15.4891 )
00000384: 17.3205   (Y': 18.4632   Cb: 15.7746   Cr: 15.5658 )
00000385: 17.3058   (Y': 18.4489   Cb: 15.7676   Cr: 15.5429 )
00000386: 17.3001   (Y': 18.4417   Cb: 15.7559   Cr: 15.546  )
00000387: 17.2853   (Y': 18.4543   Cb: 15.6987   Cr: 15.5159 )
00000388: 17.324    (Y': 18.4792   Cb: 15.7541   Cr: 15.5665 )
00000389: 17.3297   (Y': 18.4974   Cb: 15.7299   Cr: 15.5757 )
00000390: 17.304    (Y': 18.4799   Cb: 15.7374   Cr: 15.5014 )
00000391: 17.3167   (Y': 18.4796   Cb: 15.7669   Cr: 15.5244 )
00000392: 17.3422   (Y': 18.4859   Cb: 15.7574   Cr: 15.6227 )
00000393: 17.3315   (Y': 18.4757   Cb: 15.7887   Cr: 15.5709 )
00000394: 17.2616   (Y': 18.4024   Cb: 15.7469   Cr: 15.4814 )
00000395: 17.2782   (Y': 18.4489   Cb: 15.7282   Cr: 15.4706 )
00000396: 17.292    (Y': 18.4571   Cb: 15.7353   Cr: 15.5018 )
00000397: 17.2689   (Y': 18.4214   Cb: 15.7003   Cr: 15.516  )
00000398: 17.2856   (Y': 18.4162   Cb: 15.7362   Cr: 15.5594 )
00000399: 17.3242   (Y': 18.4686   Cb: 15.7578   Cr: 15.5855 )
00000400: 17.3143   (Y': 18.4837   Cb: 15.6775   Cr: 15.5924 )
00000401: 17.3248   (Y': 18.4819   Cb: 15.7358   Cr: 15.5819 )
00000402: 17.2958   (Y': 18.4638   Cb: 15.6984   Cr: 15.5388 )
00000403: 17.2727   (Y': 18.3907   Cb: 15.7602   Cr: 15.5372 )
00000404: 17.2804   (Y': 18.4342   Cb: 15.7234   Cr: 15.5138 )
00000405: 17.2988   (Y': 18.4493   Cb: 15.7525   Cr: 15.5287 )
00000406: 17.281    (Y': 18.4205   Cb: 15.7553   Cr: 15.5138 )
00000407: 17.2631   (Y': 18.4062   Cb: 15.6964   Cr: 15.5277 )
00000408: 17.2131   (Y': 18.3433   Cb: 15.6883   Cr: 15.4638 )
00000409: 17.2358   (Y': 18.3785   Cb: 15.7008   Cr: 15.4708 )
00000410: 17.2559   (Y': 18.4112   Cb: 15.6986   Cr: 15.4864 )
00000411: 17.2813   (Y': 18.4428   Cb: 15.6923   Cr: 15.5296 )
00000412: 17.3575   (Y': 18.5526   Cb: 15.6879   Cr: 15.6154 )
00000413: 17.2844   (Y': 18.4686   Cb: 15.6699   Cr: 15.5107 )
00000415: 17.2885   (Y': 18.4374   Cb: 15.7192   Cr: 15.5433 )
00000414: 17.2819   (Y': 18.4458   Cb: 15.688    Cr: 15.5297 )
00000416: 17.2992   (Y': 18.4588   Cb: 15.7348   Cr: 15.5273 )
00000417: 17.2944   (Y': 18.4681   Cb: 15.6417   Cr: 15.5795 )
00000418: 17.315    (Y': 18.4736   Cb: 15.7227   Cr: 15.5721 )
00000419: 17.3084   (Y': 18.4749   Cb: 15.7116   Cr: 15.5539 )
00000420: 17.3137   (Y': 18.5023   Cb: 15.7071   Cr: 15.5236 )
00000421: 17.3166   (Y': 18.505    Cb: 15.7194   Cr: 15.5181 )
00000422: 17.2718   (Y': 18.4485   Cb: 15.6539   Cr: 15.5169 )
00000423: 17.2758   (Y': 18.469    Cb: 15.6914   Cr: 15.4554 )
00000424: 17.3141   (Y': 18.4784   Cb: 15.7067   Cr: 15.5742 )
00000425: 17.3084   (Y': 18.434    Cb: 15.7425   Cr: 15.6085 )
00000426: 17.3465   (Y': 18.5616   Cb: 15.6876   Cr: 15.5535 )
00000427: 17.3712   (Y': 18.5788   Cb: 15.7707   Cr: 15.5373 )
00000428: 17.3862   (Y': 18.5789   Cb: 15.8126   Cr: 15.5567 )
00000430: 17.3691   (Y': 18.5317   Cb: 15.7184   Cr: 15.6754 )
00000429: 17.2767   (Y': 18.4336   Cb: 15.6917   Cr: 15.5306 )
00000431: 17.3897   (Y': 18.5646   Cb: 15.7151   Cr: 15.6938 )
00000432: 17.3686   (Y': 18.5602   Cb: 15.7125   Cr: 15.6205 )
00000433: 17.3247   (Y': 18.5399   Cb: 15.6787   Cr: 15.5191 )
00000434: 17.2956   (Y': 18.4666   Cb: 15.6526   Cr: 15.577  )
00000435: 17.338    (Y': 18.5992   Cb: 15.5554   Cr: 15.5753 )
00000436: 17.3542   (Y': 18.5602   Cb: 15.6574   Cr: 15.6168 )
00000438: 17.349    (Y': 18.5747   Cb: 15.7188   Cr: 15.5075 )
00000437: 17.3327   (Y': 18.5717   Cb: 15.645    Cr: 15.5203 )
00000439: 17.3386   (Y': 18.5773   Cb: 15.6303   Cr: 15.5467 )
00000440: 17.3487   (Y': 18.5438   Cb: 15.7118   Cr: 15.5746 )
00000441: 17.3806   (Y': 18.6075   Cb: 15.73     Cr: 15.5563 )
00000442: 17.3813   (Y': 18.6067   Cb: 15.7496   Cr: 15.542  )
00000443: 17.3048   (Y': 18.5286   Cb: 15.6245   Cr: 15.5155 )
00000444: 17.3109   (Y': 18.4881   Cb: 15.72     Cr: 15.529  )
00000445: 17.2815   (Y': 18.4727   Cb: 15.7013   Cr: 15.4611 )
00000446: 17.3161   (Y': 18.502    Cb: 15.7255   Cr: 15.5162 )
00000447: 17.3155   (Y': 18.4841   Cb: 15.7515   Cr: 15.5255 )
00000448: 17.2837   (Y': 18.46     Cb: 15.7061   Cr: 15.491  )
00000449: 17.2755   (Y': 18.4665   Cb: 15.701    Cr: 15.4502 )
00000450: 17.3033   (Y': 18.4825   Cb: 15.7168   Cr: 15.5129 )
00000451: 17.3264   (Y': 18.4826   Cb: 15.7569   Cr: 15.5665 )
00000452: 17.2889   (Y': 18.4684   Cb: 15.7013   Cr: 15.4992 )
00000453: 17.3026   (Y': 18.4863   Cb: 15.7274   Cr: 15.4927 )
00000454: 17.2863   (Y': 18.4791   Cb: 15.6842   Cr: 15.4836 )
00000455: 17.288    (Y': 18.4507   Cb: 15.7305   Cr: 15.5037 )
00000456: 17.256    (Y': 18.4372   Cb: 15.6943   Cr: 15.4382 )
00000457: 17.281    (Y': 18.4818   Cb: 15.6615   Cr: 15.479  )
00000458: 17.2584   (Y': 18.4504   Cb: 15.6232   Cr: 15.4891 )
00000459: 17.2851   (Y': 18.4744   Cb: 15.6721   Cr: 15.4999 )
00000460: 17.2721   (Y': 18.4632   Cb: 15.6924   Cr: 15.4513 )
00000461: 17.2531   (Y': 18.4486   Cb: 15.6213   Cr: 15.4734 )
00000463: 17.2656   (Y': 18.4565   Cb: 15.6883   Cr: 15.4433 )
00000462: 17.2599   (Y': 18.4699   Cb: 15.5955   Cr: 15.4827 )
00000464: 17.267    (Y': 18.4449   Cb: 15.6954   Cr: 15.4653 )
00000465: 17.2597   (Y': 18.433    Cb: 15.656    Cr: 15.4977 )
00000466: 17.2598   (Y': 18.4106   Cb: 15.7307   Cr: 15.4727 )
00000467: 17.2899   (Y': 18.4833   Cb: 15.6863   Cr: 15.4872 )
00000468: 17.2584   (Y': 18.42     Cb: 15.6683   Cr: 15.5073 )
00000469: 17.2557   (Y': 18.4448   Cb: 15.6647   Cr: 15.4498 )
00000470: 17.2325   (Y': 18.4369   Cb: 15.617    Cr: 15.4195 )
00000471: 17.2814   (Y': 18.4288   Cb: 15.7116   Cr: 15.5399 )
00000472: 17.2605   (Y': 18.441    Cb: 15.6872   Cr: 15.4549 )
00000473: 17.2647   (Y': 18.4481   Cb: 15.6948   Cr: 15.4503 )
00000474: 17.2754   (Y': 18.4287   Cb: 15.7164   Cr: 15.5117 )
00000475: 17.2734   (Y': 18.459    Cb: 15.7034   Cr: 15.4546 )
00000476: 17.2635   (Y': 18.4316   Cb: 15.6741   Cr: 15.4987 )
00000477: 17.2773   (Y': 18.4553   Cb: 15.7052   Cr: 15.476  )
00000479: 17.2634   (Y': 18.4561   Cb: 15.6587   Cr: 15.4635 )
00000478: 17.2735   (Y': 18.4272   Cb: 15.6826   Cr: 15.5395 )
00000480: 17.2585   (Y': 18.4146   Cb: 15.6783   Cr: 15.5092 )
00000481: 17.2678   (Y': 18.4127   Cb: 15.7179   Cr: 15.5126 )
00000482: 17.2715   (Y': 18.4384   Cb: 15.6808   Cr: 15.5103 )
00000483: 17.2732   (Y': 18.4452   Cb: 15.6949   Cr: 15.4897 )
00000484: 17.2642   (Y': 18.4475   Cb: 15.7127   Cr: 15.4328 )
00000485: 17.3044   (Y': 18.4535   Cb: 15.7475   Cr: 15.5469 )
00000486: 17.2889   (Y': 18.4429   Cb: 15.756    Cr: 15.4989 )
00000487: 17.2793   (Y': 18.4339   Cb: 15.7386   Cr: 15.4953 )
00000488: 17.2831   (Y': 18.4192   Cb: 15.7286   Cr: 15.55   )
00000489: 17.2434   (Y': 18.4013   Cb: 15.6664   Cr: 15.4875 )
00000490: 17.2471   (Y': 18.4031   Cb: 15.6929   Cr: 15.4729 )
00000491: 17.2587   (Y': 18.4109   Cb: 15.7505   Cr: 15.449  )
00000492: 17.2734   (Y': 18.4328   Cb: 15.6721   Cr: 15.5377 )
00000493: 17.286    (Y': 18.4272   Cb: 15.7553   Cr: 15.52   )
00000494: 17.3024   (Y': 18.4632   Cb: 15.7271   Cr: 15.539  )
00000495: 17.2777   (Y': 18.4521   Cb: 15.697    Cr: 15.4917 )
00000496: 17.2842   (Y': 18.4743   Cb: 15.697    Cr: 15.4726 )
00000497: 17.2457   (Y': 18.4189   Cb: 15.6667   Cr: 15.4604 )
00000498: 17.2639   (Y': 18.433    Cb: 15.67     Cr: 15.5012 )
00000499: 17.2532   (Y': 18.4224   Cb: 15.6931   Cr: 15.4582 )
00000500: 17.2755   (Y': 18.4417   Cb: 15.7096   Cr: 15.4918 )
00000501: 17.2758   (Y': 18.4335   Cb: 15.7345   Cr: 15.4861 )
00000502: 17.2686   (Y': 18.4317   Cb: 15.7038   Cr: 15.4903 )
00000503: 17.2456   (Y': 18.4345   Cb: 15.6216   Cr: 15.4717 )
00000504: 17.289    (Y': 18.4361   Cb: 15.7742   Cr: 15.496  )
00000505: 17.2582   (Y': 18.4365   Cb: 15.6394   Cr: 15.5007 )
00000506: 17.2741   (Y': 18.4496   Cb: 15.6735   Cr: 15.5048 )
00000507: 17.2597   (Y': 18.4118   Cb: 15.675    Cr: 15.5229 )
00000508: 17.2614   (Y': 18.4291   Cb: 15.6715   Cr: 15.4978 )
00000509: 17.2779   (Y': 18.4357   Cb: 15.7154   Cr: 15.508  )
00000510: 17.2735   (Y': 18.4369   Cb: 15.7272   Cr: 15.4772 )
00000511: 17.281    (Y': 18.4682   Cb: 15.7174   Cr: 15.4528 )
00000512: 17.2602   (Y': 18.4331   Cb: 15.7044   Cr: 15.4536 )
00000513: 17.2449   (Y': 18.4003   Cb: 15.7302   Cr: 15.435  )
00000514: 17.2498   (Y': 18.4077   Cb: 15.6934   Cr: 15.4743 )
00000515: 17.2797   (Y': 18.4326   Cb: 15.7214   Cr: 15.5158 )
00000516: 17.2711   (Y': 18.4457   Cb: 15.6719   Cr: 15.5021 )
00000517: 17.2773   (Y': 18.4491   Cb: 15.7166   Cr: 15.4773 )
00000518: 17.2733   (Y': 18.4422   Cb: 15.7453   Cr: 15.4485 )
00000519: 17.2924   (Y': 18.4757   Cb: 15.68     Cr: 15.5188 )
00000520: 17.2286   (Y': 18.4155   Cb: 15.6125   Cr: 15.4512 )
00000521: 17.2765   (Y': 18.4626   Cb: 15.7077   Cr: 15.4556 )
00000522: 17.2843   (Y': 18.4697   Cb: 15.6922   Cr: 15.4871 )
00000523: 17.2424   (Y': 18.4379   Cb: 15.6378   Cr: 15.4367 )
00000524: 17.2664   (Y': 18.4417   Cb: 15.6966   Cr: 15.468  )
00000525: 17.2503   (Y': 18.4306   Cb: 15.6861   Cr: 15.4367 )
00000526: 17.2568   (Y': 18.4461   Cb: 15.6529   Cr: 15.4627 )
00000527: 17.2644   (Y': 18.4444   Cb: 15.6986   Cr: 15.453  )
00000528: 17.2468   (Y': 18.4325   Cb: 15.6761   Cr: 15.4285 )
00000529: 17.2687   (Y': 18.4573   Cb: 15.7139   Cr: 15.4295 )
00000531: 17.2488   (Y': 18.4339   Cb: 15.6858   Cr: 15.4245 )
00000530: 17.2528   (Y': 18.4282   Cb: 15.6989   Cr: 15.4394 )
00000532: 17.2622   (Y': 18.4578   Cb: 15.649    Cr: 15.4643 )
00000533: 17.1969   (Y': 18.3931   Cb: 15.5901   Cr: 15.3919 )
00000534: 17.2417   (Y': 18.4447   Cb: 15.6446   Cr: 15.4137 )
00000535: 17.2462   (Y': 18.4237   Cb: 15.6916   Cr: 15.4292 )
00000536: 17.2343   (Y': 18.4189   Cb: 15.6852   Cr: 15.3978 )
00000537: 17.2086   (Y': 18.4194   Cb: 15.584    Cr: 15.3914 )
00000538: 17.2442   (Y': 18.4411   Cb: 15.6832   Cr: 15.3945 )
00000539: 17.2344   (Y': 18.415    Cb: 15.6804   Cr: 15.4106 )
00000540: 17.222    (Y': 18.423    Cb: 15.6396   Cr: 15.3842 )
00000541: 17.2392   (Y': 18.4448   Cb: 15.6268   Cr: 15.4207 )
00000542: 17.2355   (Y': 18.4398   Cb: 15.6276   Cr: 15.4152 )
00000543: 17.2184   (Y': 18.4016   Cb: 15.6421   Cr: 15.4103 )
00000544: 17.2243   (Y': 18.4224   Cb: 15.6554   Cr: 15.3796 )
00000545: 17.2231   (Y': 18.4039   Cb: 15.6198   Cr: 15.4458 )
00000546: 17.2549   (Y': 18.4518   Cb: 15.6879   Cr: 15.4109 )
00000547: 17.2591   (Y': 18.4411   Cb: 15.6925   Cr: 15.4442 )
00000548: 17.2213   (Y': 18.4114   Cb: 15.6467   Cr: 15.3979 )
00000549: 17.238    (Y': 18.4161   Cb: 15.7076   Cr: 15.3971 )
00000550: 17.2487   (Y': 18.4506   Cb: 15.6377   Cr: 15.4361 )
00000551: 17.2521   (Y': 18.4542   Cb: 15.635    Cr: 15.4449 )
00000552: 17.2522   (Y': 18.4373   Cb: 15.7032   Cr: 15.4146 )
00000553: 17.2603   (Y': 18.4396   Cb: 15.7416   Cr: 15.406  )
00000554: 17.2443   (Y': 18.4427   Cb: 15.6517   Cr: 15.4212 )
00000555: 17.2482   (Y': 18.4754   Cb: 15.6524   Cr: 15.3714 )
00000556: 17.2362   (Y': 18.433    Cb: 15.7117   Cr: 15.3526 )
00000557: 17.2577   (Y': 18.4464   Cb: 15.697    Cr: 15.4242 )
00000558: 17.2542   (Y': 18.4389   Cb: 15.6616   Cr: 15.4588 )
00000560: 17.2788   (Y': 18.4837   Cb: 15.7024   Cr: 15.4275 )
00000559: 17.247    (Y': 18.4602   Cb: 15.6284   Cr: 15.4194 )
00000561: 17.226    (Y': 18.4245   Cb: 15.6508   Cr: 15.3864 )
00000562: 17.2449   (Y': 18.4383   Cb: 15.7196   Cr: 15.3688 )
00000563: 17.2424   (Y': 18.4156   Cb: 15.6704   Cr: 15.4502 )
00000564: 17.2588   (Y': 18.4668   Cb: 15.6767   Cr: 15.4069 )
00000565: 17.2526   (Y': 18.4633   Cb: 15.6836   Cr: 15.3829 )
00000566: 17.2428   (Y': 18.4301   Cb: 15.6689   Cr: 15.4244 )
00000568: 17.2327   (Y': 18.4376   Cb: 15.6433   Cr: 15.3938 )
00000567: 17.2508   (Y': 18.4529   Cb: 15.6764   Cr: 15.4033 )
00000569: 17.2352   (Y': 18.4437   Cb: 15.6588   Cr: 15.3769 )
00000570: 17.2626   (Y': 18.4503   Cb: 15.7117   Cr: 15.4218 )
00000571: 17.2225   (Y': 18.4141   Cb: 15.6535   Cr: 15.3906 )
00000572: 17.2502   (Y': 18.4422   Cb: 15.6793   Cr: 15.4196 )
00000573: 17.2407   (Y': 18.448    Cb: 15.6293   Cr: 15.4179 )
00000574: 17.2474   (Y': 18.4474   Cb: 15.654    Cr: 15.4221 )
00000575: 17.242    (Y': 18.4432   Cb: 15.6835   Cr: 15.3816 )
00000576: 17.2625   (Y': 18.4323   Cb: 15.7091   Cr: 15.4599 )
00000577: 17.2678   (Y': 18.4437   Cb: 15.7179   Cr: 15.4495 )
00000578: 17.2375   (Y': 18.4325   Cb: 15.6766   Cr: 15.3913 )
00000579: 17.2462   (Y': 18.4449   Cb: 15.6854   Cr: 15.3926 )
00000580: 17.2346   (Y': 18.4223   Cb: 15.6792   Cr: 15.3979 )
00000581: 17.2588   (Y': 18.4689   Cb: 15.639    Cr: 15.4383 )
00000582: 17.2482   (Y': 18.4554   Cb: 15.6358   Cr: 15.4265 )
00000583: 17.2403   (Y': 18.4586   Cb: 15.5992   Cr: 15.4239 )
00000584: 17.2222   (Y': 18.4136   Cb: 15.6246   Cr: 15.4181 )
00000585: 17.2584   (Y': 18.4774   Cb: 15.6375   Cr: 15.4213 )
00000586: 17.2496   (Y': 18.4598   Cb: 15.6294   Cr: 15.4294 )
00000587: 17.252    (Y': 18.455    Cb: 15.6589   Cr: 15.4206 )
00000588: 17.2482   (Y': 18.4624   Cb: 15.633    Cr: 15.4151 )
00000589: 17.2625   (Y': 18.4695   Cb: 15.6698   Cr: 15.4227 )
00000590: 17.2485   (Y': 18.4632   Cb: 15.6612   Cr: 15.3882 )
00000592: 17.272    (Y': 18.4663   Cb: 15.7187   Cr: 15.4202 )
00000591: 17.2603   (Y': 18.4475   Cb: 15.6716   Cr: 15.4561 )
00000593: 17.2388   (Y': 18.4471   Cb: 15.6448   Cr: 15.3976 )
00000594: 17.2351   (Y': 18.4486   Cb: 15.6153   Cr: 15.4081 )
00000595: 17.2387   (Y': 18.4135   Cb: 15.7247   Cr: 15.389  )
00000596: 17.2627   (Y': 18.4612   Cb: 15.7271   Cr: 15.3864 )
00000597: 17.2345   (Y': 18.4323   Cb: 15.6551   Cr: 15.4004 )
00000598: 17.2487   (Y': 18.4351   Cb: 15.6704   Cr: 15.4361 )
00000599: 17.2344   (Y': 18.4334   Cb: 15.6377   Cr: 15.414  )
00000600: 17.2435   (Y': 18.4358   Cb: 15.6651   Cr: 15.4192 )
00000601: 17.2456   (Y': 18.4275   Cb: 15.6684   Cr: 15.4413 )
00000602: 17.2257   (Y': 18.4366   Cb: 15.6115   Cr: 15.3982 )
00000603: 17.2256   (Y': 18.4304   Cb: 15.623    Cr: 15.3992 )
00000604: 17.2417   (Y': 18.4483   Cb: 15.621    Cr: 15.429  )
00000605: 17.2602   (Y': 18.445    Cb: 15.6959   Cr: 15.4376 )
00000606: 17.238    (Y': 18.4433   Cb: 15.678    Cr: 15.3706 )
00000607: 17.234    (Y': 18.4158   Cb: 15.637    Cr: 15.4487 )
00000608: 17.2386   (Y': 18.4283   Cb: 15.6335   Cr: 15.4449 )
00000609: 17.264    (Y': 18.4698   Cb: 15.6499   Cr: 15.4465 )
00000610: 17.2606   (Y': 18.4712   Cb: 15.6016   Cr: 15.4772 )
00000611: 17.2478   (Y': 18.444    Cb: 15.6561   Cr: 15.4284 )
00000612: 17.2468   (Y': 18.4429   Cb: 15.6546   Cr: 15.4281 )
00000613: 17.2545   (Y': 18.4526   Cb: 15.6822   Cr: 15.4128 )
00000614: 17.2521   (Y': 18.428    Cb: 15.7061   Cr: 15.4302 )
00000616: 17.2479   (Y': 18.4221   Cb: 15.6646   Cr: 15.4647 )
00000615: 17.2587   (Y': 18.4481   Cb: 15.6628   Cr: 15.4567 )
00000617: 17.2629   (Y': 18.4438   Cb: 15.7256   Cr: 15.4227 )
00000618: 17.2526   (Y': 18.4442   Cb: 15.6657   Cr: 15.4379 )
00000620: 17.2527   (Y': 18.4359   Cb: 15.6928   Cr: 15.4294 )
00000619: 17.2389   (Y': 18.4365   Cb: 15.6331   Cr: 15.4301 )
00000621: 17.2358   (Y': 18.4514   Cb: 15.6092   Cr: 15.4109 )
00000622: 17.2644   (Y': 18.4655   Cb: 15.7098   Cr: 15.4003 )
00000623: 17.2387   (Y': 18.4585   Cb: 15.6594   Cr: 15.3608 )
00000624: 17.2435   (Y': 18.4471   Cb: 15.6411   Cr: 15.4196 )
00000625: 17.2274   (Y': 18.4358   Cb: 15.6536   Cr: 15.3668 )
00000626: 17.2419   (Y': 18.4771   Cb: 15.604    Cr: 15.3889 )
00000627: 17.2365   (Y': 18.4317   Cb: 15.6681   Cr: 15.3973 )
00000628: 17.2502   (Y': 18.446    Cb: 15.6695   Cr: 15.4212 )
00000629: 17.2458   (Y': 18.4298   Cb: 15.7025   Cr: 15.4048 )
00000630: 17.2431   (Y': 18.4377   Cb: 15.6625   Cr: 15.4162 )
00000632: 17.2484   (Y': 18.447    Cb: 15.6247   Cr: 15.4547 )
00000631: 17.2552   (Y': 18.4567   Cb: 15.6656   Cr: 15.423  )
00000633: 17.2508   (Y': 18.4567   Cb: 15.651    Cr: 15.4198 )
00000634: 17.2384   (Y': 18.435    Cb: 15.6299   Cr: 15.4341 )
00000635: 17.2242   (Y': 18.4178   Cb: 15.6586   Cr: 15.3851 )
00000636: 17.2557   (Y': 18.4491   Cb: 15.6608   Cr: 15.4448 )
00000637: 17.239    (Y': 18.4466   Cb: 15.6631   Cr: 15.3822 )
00000638: 17.2418   (Y': 18.4443   Cb: 15.6107   Cr: 15.4473 )
00000639: 17.244    (Y': 18.4385   Cb: 15.6603   Cr: 15.4203 )
00000640: 17.2266   (Y': 18.412    Cb: 15.6687   Cr: 15.3968 )
00000641: 17.2171   (Y': 18.4407   Cb: 15.6101   Cr: 15.358  )
00000642: 17.2483   (Y': 18.447    Cb: 15.6529   Cr: 15.4273 )
00000643: 17.2652   (Y': 18.4575   Cb: 15.6752   Cr: 15.4518 )
00000644: 17.2763   (Y': 18.4667   Cb: 15.7071   Cr: 15.447  )
00000645: 17.2658   (Y': 18.4613   Cb: 15.6736   Cr: 15.4484 )
00000646: 17.2368   (Y': 18.4268   Cb: 15.6741   Cr: 15.4022 )
00000647: 17.2678   (Y': 18.4446   Cb: 15.6939   Cr: 15.4704 )
00000648: 17.26     (Y': 18.4582   Cb: 15.6491   Cr: 15.4548 )
00000649: 17.2563   (Y': 18.4443   Cb: 15.6686   Cr: 15.4494 )
00000650: 17.2593   (Y': 18.4473   Cb: 15.6911   Cr: 15.4342 )
00000651: 17.2764   (Y': 18.4518   Cb: 15.6972   Cr: 15.487  )
00000652: 17.2659   (Y': 18.4855   Cb: 15.6309   Cr: 15.4412 )
00000653: 17.2551   (Y': 18.4555   Cb: 15.6737   Cr: 15.4174 )
00000654: 17.2521   (Y': 18.4535   Cb: 15.6428   Cr: 15.4389 )
00000655: 17.2397   (Y': 18.4344   Cb: 15.6569   Cr: 15.4147 )
00000656: 17.2821   (Y': 18.4711   Cb: 15.6772   Cr: 15.4895 )
00000657: 17.2585   (Y': 18.4588   Cb: 15.6874   Cr: 15.4114 )
00000658: 17.2778   (Y': 18.4826   Cb: 15.6847   Cr: 15.4426 )
00000659: 17.25     (Y': 18.4288   Cb: 15.6851   Cr: 15.4403 )
00000660: 17.2862   (Y': 18.4759   Cb: 15.7312   Cr: 15.4451 )
00000661: 17.2677   (Y': 18.4485   Cb: 15.6957   Cr: 15.4604 )
00000662: 17.2465   (Y': 18.423    Cb: 15.6985   Cr: 15.4251 )
00000663: 17.2469   (Y': 18.458    Cb: 15.6388   Cr: 15.4135 )
00000664: 17.2506   (Y': 18.4396   Cb: 15.6861   Cr: 15.4198 )
00000665: 17.2639   (Y': 18.445    Cb: 15.7035   Cr: 15.445  )
00000666: 17.2645   (Y': 18.446    Cb: 15.6774   Cr: 15.47   )
00000667: 17.2594   (Y': 18.4691   Cb: 15.6524   Cr: 15.4275 )
00000668: 17.2506   (Y': 18.4529   Cb: 15.6441   Cr: 15.4332 )
00000669: 17.2786   (Y': 18.4681   Cb: 15.7144   Cr: 15.4464 )
00000670: 17.2558   (Y': 18.435    Cb: 15.6903   Cr: 15.4455 )
00000671: 17.2573   (Y': 18.4469   Cb: 15.6851   Cr: 15.4326 )
00000672: 17.2756   (Y': 18.4344   Cb: 15.7458   Cr: 15.4728 )
00000673: 17.2763   (Y': 18.4789   Cb: 15.7066   Cr: 15.4234 )
00000674: 17.2548   (Y': 18.4547   Cb: 15.6428   Cr: 15.4473 )
00000675: 17.2557   (Y': 18.4351   Cb: 15.6741   Cr: 15.4603 )
00000676: 17.2566   (Y': 18.4394   Cb: 15.6574   Cr: 15.4712 )
00000677: 17.2552   (Y': 18.4496   Cb: 15.6643   Cr: 15.4384 )
00000678: 17.245    (Y': 18.4348   Cb: 15.7034   Cr: 15.3911 )
00000679: 17.2553   (Y': 18.4338   Cb: 15.6481   Cr: 15.4865 )
00000680: 17.2645   (Y': 18.4772   Cb: 15.6599   Cr: 15.4245 )
00000681: 17.2603   (Y': 18.4516   Cb: 15.6624   Cr: 15.4563 )
00000682: 17.2597   (Y': 18.453    Cb: 15.667    Cr: 15.4469 )
00000683: 17.2601   (Y': 18.4542   Cb: 15.6729   Cr: 15.4405 )
00000684: 17.2328   (Y': 18.4146   Cb: 15.7043   Cr: 15.3826 )
00000685: 17.2609   (Y': 18.4295   Cb: 15.6846   Cr: 15.4823 )
00000686: 17.2668   (Y': 18.455    Cb: 15.6736   Cr: 15.4648 )
00000687: 17.2549   (Y': 18.4432   Cb: 15.7073   Cr: 15.4096 )
00000688: 17.2751   (Y': 18.4741   Cb: 15.6437   Cr: 15.4882 )
00000689: 17.2405   (Y': 18.4396   Cb: 15.6546   Cr: 15.4097 )
00000690: 17.2603   (Y': 18.4501   Cb: 15.687    Cr: 15.4362 )
00000691: 17.2298   (Y': 18.4335   Cb: 15.6329   Cr: 15.4003 )
00000692: 17.2639   (Y': 18.4585   Cb: 15.6546   Cr: 15.4643 )
00000693: 17.2491   (Y': 18.4378   Cb: 15.6733   Cr: 15.4294 )
00000694: 17.242    (Y': 18.4526   Cb: 15.6253   Cr: 15.4176 )
00000695: 17.2695   (Y': 18.4861   Cb: 15.654    Cr: 15.4321 )
00000696: 17.2712   (Y': 18.4668   Cb: 15.6819   Cr: 15.4505 )
00000697: 17.2648   (Y': 18.4628   Cb: 15.6561   Cr: 15.458  )
00000698: 17.2804   (Y': 18.4645   Cb: 15.7284   Cr: 15.4475 )
00000699: 17.2708   (Y': 18.4633   Cb: 15.6733   Cr: 15.4643 )
00000700: 17.251    (Y': 18.4653   Cb: 15.6398   Cr: 15.4143 )
00000701: 17.2392   (Y': 18.4429   Cb: 15.6189   Cr: 15.4321 )
00000702: 17.2574   (Y': 18.4419   Cb: 15.6761   Cr: 15.4516 )
00000703: 17.2801   (Y': 18.4713   Cb: 15.6966   Cr: 15.463  )
00000704: 17.2514   (Y': 18.4451   Cb: 15.6739   Cr: 15.4234 )
00000705: 17.249    (Y': 18.4382   Cb: 15.6596   Cr: 15.4412 )
00000706: 17.2663   (Y': 18.4613   Cb: 15.6965   Cr: 15.4285 )
00000707: 17.2655   (Y': 18.4597   Cb: 15.6727   Cr: 15.451  )
00000708: 17.2765   (Y': 18.4808   Cb: 15.6759   Cr: 15.4495 )
00000709: 17.2399   (Y': 18.4455   Cb: 15.6225   Cr: 15.4261 )
00000710: 17.2969   (Y': 18.4748   Cb: 15.7408   Cr: 15.4806 )
00000711: 17.3      (Y': 18.4927   Cb: 15.7291   Cr: 15.4677 )
00000712: 17.2706   (Y': 18.4682   Cb: 15.6559   Cr: 15.4702 )
00000713: 17.301    (Y': 18.4873   Cb: 15.684    Cr: 15.5255 )
00000714: 17.2656   (Y': 18.4744   Cb: 15.7003   Cr: 15.3964 )
00000715: 17.257    (Y': 18.4718   Cb: 15.6665   Cr: 15.3997 )
00000716: 17.2797   (Y': 18.4649   Cb: 15.6834   Cr: 15.4865 )
00000717: 17.2705   (Y': 18.468    Cb: 15.6761   Cr: 15.4509 )
00000718: 17.2461   (Y': 18.4174   Cb: 15.6726   Cr: 15.4594 )
00000719: 17.2625   (Y': 18.4386   Cb: 15.711    Cr: 15.4452 )
00000720: 17.2621   (Y': 18.4777   Cb: 15.6608   Cr: 15.4132 )
00000721: 17.2685   (Y': 18.4395   Cb: 15.7477   Cr: 15.433  )
00000722: 17.2629   (Y': 18.4475   Cb: 15.6863   Cr: 15.4524 )
00000723: 17.2714   (Y': 18.4423   Cb: 15.7046   Cr: 15.4791 )
00000724: 17.2725   (Y': 18.432    Cb: 15.719    Cr: 15.4909 )
00000725: 17.2997   (Y': 18.5103   Cb: 15.6591   Cr: 15.4983 )
00000726: 17.2734   (Y': 18.446    Cb: 15.6835   Cr: 15.4999 )
00000727: 17.2637   (Y': 18.458    Cb: 15.6524   Cr: 15.4667 )
00000728: 17.2812   (Y': 18.4405   Cb: 15.7184   Cr: 15.5085 )
00000729: 17.2843   (Y': 18.4512   Cb: 15.6991   Cr: 15.5176 )
00000730: 17.2998   (Y': 18.4534   Cb: 15.7461   Cr: 15.5303 )
00000731: 17.2627   (Y': 18.4151   Cb: 15.7145   Cr: 15.4903 )
00000732: 17.2904   (Y': 18.4673   Cb: 15.6979   Cr: 15.5104 )
00000733: 17.2888   (Y': 18.4286   Cb: 15.7601   Cr: 15.5236 )
00000734: 17.3015   (Y': 18.4385   Cb: 15.7643   Cr: 15.5504 )
00000736: 17.2948   (Y': 18.4715   Cb: 15.7391   Cr: 15.4803 )
00000735: 17.2836   (Y': 18.437    Cb: 15.7414   Cr: 15.5034 )
00000737: 17.2728   (Y': 18.45     Cb: 15.7074   Cr: 15.4666 )
00000738: 17.2598   (Y': 18.4102   Cb: 15.7054   Cr: 15.4975 )
00000739: 17.2768   (Y': 18.4238   Cb: 15.7065   Cr: 15.5366 )
00000740: 17.2731   (Y': 18.4398   Cb: 15.6955   Cr: 15.4997 )
00000741: 17.2893   (Y': 18.4488   Cb: 15.7482   Cr: 15.4956 )
00000742: 17.2779   (Y': 18.4479   Cb: 15.7018   Cr: 15.4964 )
00000743: 17.27     (Y': 18.4268   Cb: 15.681    Cr: 15.528  )
00000744: 17.2892   (Y': 18.4249   Cb: 15.7456   Cr: 15.5468 )
00000745: 17.2737   (Y': 18.4236   Cb: 15.7029   Cr: 15.5283 )
00000747: 17.2926   (Y': 18.4568   Cb: 15.7261   Cr: 15.5136 )
00000746: 17.2831   (Y': 18.4646   Cb: 15.6827   Cr: 15.5017 )
00000748: 17.2578   (Y': 18.4312   Cb: 15.7165   Cr: 15.4366 )
00000749: 17.2589   (Y': 18.4331   Cb: 15.7023   Cr: 15.4505 )
00000750: 17.2771   (Y': 18.4479   Cb: 15.6938   Cr: 15.5007 )
00000751: 17.2883   (Y': 18.4485   Cb: 15.7548   Cr: 15.4863 )
00000752: 17.2596   (Y': 18.4276   Cb: 15.6982   Cr: 15.4682 )
00000753: 17.2761   (Y': 18.4345   Cb: 15.715    Cr: 15.5039 )
00000754: 17.2849   (Y': 18.4566   Cb: 15.743    Cr: 15.4677 )
00000755: 17.2709   (Y': 18.443    Cb: 15.6634   Cr: 15.5152 )
00000756: 17.2589   (Y': 18.4467   Cb: 15.6763   Cr: 15.4478 )
00000757: 17.2844   (Y': 18.4656   Cb: 15.7391   Cr: 15.4511 )
00000758: 17.297    (Y': 18.4808   Cb: 15.7008   Cr: 15.5067 )
00000759: 17.2765   (Y': 18.4497   Cb: 15.7297   Cr: 15.4607 )
00000760: 17.3056   (Y': 18.509    Cb: 15.6939   Cr: 15.4907 )
00000761: 17.3024   (Y': 18.4997   Cb: 15.6763   Cr: 15.5135 )
00000762: 17.3085   (Y': 18.488    Cb: 15.6983   Cr: 15.5402 )
00000763: 17.2979   (Y': 18.4868   Cb: 15.7341   Cr: 15.4666 )
00000764: 17.3364   (Y': 18.511    Cb: 15.7427   Cr: 15.5624 )
00000765: 17.3197   (Y': 18.4869   Cb: 15.7432   Cr: 15.544  )
00000766: 17.3379   (Y': 18.5057   Cb: 15.7916   Cr: 15.5328 )
00000767: 17.3062   (Y': 18.4891   Cb: 15.7186   Cr: 15.5094 )
00000768: 17.3592   (Y': 18.5403   Cb: 15.7939   Cr: 15.5451 )
00000769: 17.3113   (Y': 18.5016   Cb: 15.7636   Cr: 15.4622 )
00000770: 17.2905   (Y': 18.4496   Cb: 15.755    Cr: 15.4925 )
00000771: 17.2301   (Y': 18.4001   Cb: 15.7272   Cr: 15.3797 )
00000772: 17.2496   (Y': 18.401    Cb: 15.7355   Cr: 15.4472 )
00000773: 17.2508   (Y': 18.4374   Cb: 15.6927   Cr: 15.419  )
00000774: 17.2724   (Y': 18.4464   Cb: 15.6992   Cr: 15.4797 )
00000775: 17.2423   (Y': 18.3959   Cb: 15.6834   Cr: 15.4778 )
00000776: 17.2189   (Y': 18.4207   Cb: 15.639    Cr: 15.3769 )
00000777: 17.2067   (Y': 18.3868   Cb: 15.6432   Cr: 15.3927 )
00000778: 17.2102   (Y': 18.3839   Cb: 15.66     Cr: 15.3967 )
00000779: 17.2348   (Y': 18.4083   Cb: 15.6779   Cr: 15.4279 )
00000780: 17.2338   (Y': 18.3783   Cb: 15.7133   Cr: 15.4513 )
00000781: 17.2176   (Y': 18.3956   Cb: 15.6556   Cr: 15.4064 )
00000782: 17.2125   (Y': 18.3951   Cb: 15.6684   Cr: 15.3754 )
00000783: 17.2234   (Y': 18.3643   Cb: 15.6941   Cr: 15.4569 )
00000784: 17.2199   (Y': 18.3868   Cb: 15.6311   Cr: 15.4571 )
00000785: 17.2639   (Y': 18.4182   Cb: 15.7452   Cr: 15.4598 )
00000786: 17.2307   (Y': 18.4066   Cb: 15.7119   Cr: 15.3836 )
00000787: 17.2463   (Y': 18.4013   Cb: 15.7661   Cr: 15.4049 )
00000788: 17.2289   (Y': 18.4066   Cb: 15.6863   Cr: 15.4001 )
00000789: 17.2269   (Y': 18.4049   Cb: 15.6846   Cr: 15.3972 )
00000790: 17.225    (Y': 18.3868   Cb: 15.7121   Cr: 15.4006 )
00000791: 17.2172   (Y': 18.3927   Cb: 15.6477   Cr: 15.4183 )
00000792: 17.2229   (Y': 18.3936   Cb: 15.6558   Cr: 15.4314 )
00000793: 17.2415   (Y': 18.4251   Cb: 15.7008   Cr: 15.3992 )
00000794: 17.2201   (Y': 18.4092   Cb: 15.6832   Cr: 15.3635 )
00000795: 17.2568   (Y': 18.4106   Cb: 15.7404   Cr: 15.4515 )
00000796: 17.2444   (Y': 18.4191   Cb: 15.7098   Cr: 15.4142 )
00000797: 17.2234   (Y': 18.4173   Cb: 15.6639   Cr: 15.3782 )
00000798: 17.217    (Y': 18.4062   Cb: 15.6677   Cr: 15.3719 )
00000799: 17.2288   (Y': 18.4163   Cb: 15.6364   Cr: 15.4274 )
00000800: 17.2073   (Y': 18.4041   Cb: 15.6273   Cr: 15.3755 )
00000801: 17.2375   (Y': 18.4233   Cb: 15.6871   Cr: 15.4001 )
00000802: 17.216    (Y': 18.4083   Cb: 15.6413   Cr: 15.3884 )
00000803: 17.2171   (Y': 18.3927   Cb: 15.7082   Cr: 15.3612 )
00000804: 17.2708   (Y': 18.4532   Cb: 15.7229   Cr: 15.4378 )
00000805: 17.2635   (Y': 18.4489   Cb: 15.7476   Cr: 15.3947 )
00000806: 17.2423   (Y': 18.4447   Cb: 15.7119   Cr: 15.3534 )
00000807: 17.2938   (Y': 18.4727   Cb: 15.7342   Cr: 15.4785 )
00000808: 17.259    (Y': 18.4475   Cb: 15.6966   Cr: 15.427  )
00000809: 17.2596   (Y': 18.4581   Cb: 15.6854   Cr: 15.419  )
00000810: 17.2599   (Y': 18.4638   Cb: 15.6894   Cr: 15.4051 )
00000811: 17.2635   (Y': 18.4734   Cb: 15.6404   Cr: 15.4466 )
00000812: 17.2456   (Y': 18.4782   Cb: 15.6102   Cr: 15.3957 )
00000813: 17.2839   (Y': 18.4811   Cb: 15.697    Cr: 15.4578 )
00000814: 17.2643   (Y': 18.4746   Cb: 15.6292   Cr: 15.4583 )
00000815: 17.2744   (Y': 18.481    Cb: 15.7229   Cr: 15.3965 )
00000816: 17.2781   (Y': 18.4712   Cb: 15.6687   Cr: 15.4818 )
00000817: 17.2657   (Y': 18.4723   Cb: 15.6821   Cr: 15.4179 )
00000818: 17.2601   (Y': 18.4559   Cb: 15.6906   Cr: 15.4204 )
00000819: 17.2634   (Y': 18.4808   Cb: 15.6738   Cr: 15.3998 )
00000820: 17.2695   (Y': 18.4755   Cb: 15.6822   Cr: 15.4263 )
00000821: 17.2572   (Y': 18.4799   Cb: 15.6416   Cr: 15.4078 )
00000822: 17.2503   (Y': 18.4869   Cb: 15.6147   Cr: 15.3926 )
00000823: 17.2681   (Y': 18.4743   Cb: 15.6463   Cr: 15.4575 )
00000824: 17.2844   (Y': 18.4845   Cb: 15.7168   Cr: 15.4343 )
00000825: 17.2663   (Y': 18.472    Cb: 15.6436   Cr: 15.4575 )
00000826: 17.272    (Y': 18.4723   Cb: 15.6745   Cr: 15.4497 )
00000827: 17.2442   (Y': 18.4428   Cb: 15.6862   Cr: 15.3883 )
00000828: 17.2665   (Y': 18.4853   Cb: 15.629    Cr: 15.4457 )
00000829: 17.2601   (Y': 18.4536   Cb: 15.6634   Cr: 15.4507 )
00000830: 17.2613   (Y': 18.4783   Cb: 15.6447   Cr: 15.4241 )
00000831: 17.2467   (Y': 18.4611   Cb: 15.6316   Cr: 15.4132 )
00000832: 17.2655   (Y': 18.4914   Cb: 15.688    Cr: 15.3741 )
00000833: 17.2765   (Y': 18.4904   Cb: 15.7007   Cr: 15.4069 )
00000834: 17.2718   (Y': 18.4827   Cb: 15.6597   Cr: 15.4424 )
00000835: 17.2717   (Y': 18.4793   Cb: 15.6595   Cr: 15.4489 )
00000836: 17.2514   (Y': 18.4682   Cb: 15.6206   Cr: 15.4283 )
00000837: 17.2601   (Y': 18.4538   Cb: 15.6484   Cr: 15.4648 )
00000838: 17.2625   (Y': 18.4591   Cb: 15.6801   Cr: 15.4333 )
00000839: 17.2848   (Y': 18.4818   Cb: 15.7091   Cr: 15.4486 )
00000840: 17.2622   (Y': 18.46     Cb: 15.6681   Cr: 15.4418 )
00000841: 17.2558   (Y': 18.4844   Cb: 15.6091   Cr: 15.4244 )
00000842: 17.2698   (Y': 18.4659   Cb: 15.7148   Cr: 15.4161 )
00000843: 17.2641   (Y': 18.4703   Cb: 15.6996   Cr: 15.3995 )
00000844: 17.25     (Y': 18.436    Cb: 15.6646   Cr: 15.4451 )
00000845: 17.2593   (Y': 18.4663   Cb: 15.6924   Cr: 15.3949 )
00000846: 17.2442   (Y': 18.4548   Cb: 15.6505   Cr: 15.3978 )
00000847: 17.2569   (Y': 18.4575   Cb: 15.6942   Cr: 15.4014 )
00000848: 17.2517   (Y': 18.4697   Cb: 15.6687   Cr: 15.3807 )
00000849: 17.2487   (Y': 18.4356   Cb: 15.6351   Cr: 15.4688 )
00000850: 17.257    (Y': 18.4458   Cb: 15.7048   Cr: 15.4149 )
00000851: 17.2688   (Y': 18.48     Cb: 15.7082   Cr: 15.3903 )
00000852: 17.255    (Y': 18.4632   Cb: 15.66     Cr: 15.4149 )
00000853: 17.2502   (Y': 18.4335   Cb: 15.6371   Cr: 15.4774 )
00000854: 17.2789   (Y': 18.475    Cb: 15.6825   Cr: 15.464  )
00000855: 17.2596   (Y': 18.4773   Cb: 15.6178   Cr: 15.4451 )
00000856: 17.2966   (Y': 18.4814   Cb: 15.7039   Cr: 15.5011 )
00000857: 17.2614   (Y': 18.4613   Cb: 15.6967   Cr: 15.4092 )
00000858: 17.2464   (Y': 18.4478   Cb: 15.6225   Cr: 15.4471 )
00000859: 17.2652   (Y': 18.4683   Cb: 15.6617   Cr: 15.4433 )
00000860: 17.2694   (Y': 18.4429   Cb: 15.6711   Cr: 15.502  )
00000861: 17.2428   (Y': 18.4531   Cb: 15.6565   Cr: 15.3903 )
00000862: 17.2872   (Y': 18.4822   Cb: 15.7118   Cr: 15.4546 )
00000863: 17.2516   (Y': 18.4532   Cb: 15.6338   Cr: 15.4464 )
00000864: 17.2735   (Y': 18.4615   Cb: 15.7      Cr: 15.4532 )
00000865: 17.2562   (Y': 18.4682   Cb: 15.6642   Cr: 15.4056 )
00000866: 17.2431   (Y': 18.4441   Cb: 15.6219   Cr: 15.4422 )
00000867: 17.2634   (Y': 18.4461   Cb: 15.7022   Cr: 15.4419 )
00000868: 17.2442   (Y': 18.459    Cb: 15.6188   Cr: 15.4196 )
00000869: 17.2739   (Y': 18.4833   Cb: 15.6715   Cr: 15.4385 )
00000870: 17.2527   (Y': 18.4544   Cb: 15.6421   Cr: 15.4403 )
00000871: 17.2397   (Y': 18.4565   Cb: 15.6246   Cr: 15.4016 )
00000872: 17.245    (Y': 18.4685   Cb: 15.6262   Cr: 15.3969 )
00000873: 17.2322   (Y': 18.4486   Cb: 15.6263   Cr: 15.3861 )
00000874: 17.2554   (Y': 18.4841   Cb: 15.6202   Cr: 15.4127 )
00000875: 17.2372   (Y': 18.4346   Cb: 15.6391   Cr: 15.4214 )
00000876: 17.2357   (Y': 18.4702   Cb: 15.5984   Cr: 15.3837 )
00000877: 17.271    (Y': 18.4661   Cb: 15.6778   Cr: 15.4551 )
00000878: 17.2493   (Y': 18.4933   Cb: 15.6152   Cr: 15.3757 )
00000879: 17.2552   (Y': 18.5041   Cb: 15.6196   Cr: 15.3733 )
00000880: 17.24     (Y': 18.4672   Cb: 15.6004   Cr: 15.4046 )
00000881: 17.2693   (Y': 18.4956   Cb: 15.6452   Cr: 15.4207 )
00000882: 17.2665   (Y': 18.473    Cb: 15.6828   Cr: 15.4189 )
00000883: 17.2488   (Y': 18.4705   Cb: 15.6437   Cr: 15.3915 )
00000885: 17.2536   (Y': 18.4701   Cb: 15.6678   Cr: 15.3883 )
00000884: 17.2399   (Y': 18.4796   Cb: 15.6266   Cr: 15.3549 )
00000886: 17.2467   (Y': 18.4549   Cb: 15.6378   Cr: 15.4198 )
00000887: 17.2415   (Y': 18.4537   Cb: 15.6532   Cr: 15.3872 )
00000888: 17.2546   (Y': 18.473    Cb: 15.6355   Cr: 15.417  )
00000889: 17.28     (Y': 18.4936   Cb: 15.6543   Cr: 15.4582 )
00000890: 17.2551   (Y': 18.4736   Cb: 15.6172   Cr: 15.4355 )
00000891: 17.2649   (Y': 18.4908   Cb: 15.6395   Cr: 15.4184 )
00000893: 17.2718   (Y': 18.4738   Cb: 15.671    Cr: 15.4495 )
00000892: 17.2864   (Y': 18.4837   Cb: 15.7371   Cr: 15.4247 )
00000894: 17.2435   (Y': 18.4651   Cb: 15.6282   Cr: 15.3959 )
00000895: 17.2447   (Y': 18.4672   Cb: 15.6701   Cr: 15.3572 )
00000896: 17.2518   (Y': 18.4569   Cb: 15.6596   Cr: 15.4152 )
00000897: 17.2671   (Y': 18.4504   Cb: 15.7416   Cr: 15.4111 )
00000898: 17.2477   (Y': 18.4503   Cb: 15.6577   Cr: 15.4139 )
00000899: 17.2537   (Y': 18.464    Cb: 15.6039   Cr: 15.462  )
00000900: 17.2591   (Y': 18.4716   Cb: 15.6059   Cr: 15.4662 )
00000901: 17.2473   (Y': 18.4442   Cb: 15.6595   Cr: 15.4227 )
00000902: 17.254    (Y': 18.4596   Cb: 15.668    Cr: 15.4104 )
00000903: 17.2553   (Y': 18.4524   Cb: 15.6844   Cr: 15.4145 )
00000904: 17.2404   (Y': 18.4559   Cb: 15.6366   Cr: 15.3942 )
00000905: 17.2772   (Y': 18.4764   Cb: 15.7073   Cr: 15.4311 )
00000906: 17.244    (Y': 18.425    Cb: 15.6724   Cr: 15.4359 )
00000907: 17.2493   (Y': 18.4589   Cb: 15.6495   Cr: 15.4107 )
00000908: 17.2416   (Y': 18.4622   Cb: 15.6204   Cr: 15.4016 )
00000910: 17.2327   (Y': 18.4345   Cb: 15.6728   Cr: 15.3725 )
00000909: 17.2358   (Y': 18.4627   Cb: 15.6127   Cr: 15.3853 )
00000911: 17.2258   (Y': 18.4353   Cb: 15.6371   Cr: 15.3772 )
00000912: 17.2651   (Y': 18.4619   Cb: 15.7382   Cr: 15.3838 )
00000913: 17.2477   (Y': 18.4707   Cb: 15.6211   Cr: 15.4081 )
00000914: 17.2861   (Y': 18.4924   Cb: 15.7366   Cr: 15.4072 )
00000915: 17.2751   (Y': 18.4902   Cb: 15.6525   Cr: 15.4473 )
00000916: 17.2946   (Y': 18.506    Cb: 15.6715   Cr: 15.4746 )
00000917: 17.2705   (Y': 18.4871   Cb: 15.6556   Cr: 15.4325 )
00000918: 17.279    (Y': 18.4943   Cb: 15.6535   Cr: 15.4537 )
00000919: 17.2428   (Y': 18.4768   Cb: 15.5965   Cr: 15.4002 )
00000920: 17.2645   (Y': 18.4962   Cb: 15.6151   Cr: 15.4295 )
00000921: 17.2575   (Y': 18.4826   Cb: 15.6227   Cr: 15.4215 )
00000922: 17.2844   (Y': 18.4677   Cb: 15.7361   Cr: 15.45   )
00000923: 17.2783   (Y': 18.4867   Cb: 15.6734   Cr: 15.447  )
00000924: 17.2855   (Y': 18.4927   Cb: 15.6687   Cr: 15.4682 )
00000925: 17.284    (Y': 18.5067   Cb: 15.6574   Cr: 15.445  )
00000926: 17.2556   (Y': 18.4648   Cb: 15.6564   Cr: 15.4176 )
00000927: 17.2634   (Y': 18.5012   Cb: 15.603    Cr: 15.4271 )
00000928: 17.2921   (Y': 18.501    Cb: 15.6755   Cr: 15.4711 )
00000929: 17.2701   (Y': 18.5105   Cb: 15.6388   Cr: 15.4011 )
00000930: 17.2778   (Y': 18.5036   Cb: 15.6447   Cr: 15.439  )
00000931: 17.308    (Y': 18.567    Cb: 15.6566   Cr: 15.4213 )
00000932: 17.3017   (Y': 18.5284   Cb: 15.6869   Cr: 15.4436 )
00000933: 17.2446   (Y': 18.4684   Cb: 15.61     Cr: 15.4112 )
00000934: 17.2669   (Y': 18.5166   Cb: 15.646    Cr: 15.3699 )
00000935: 17.263    (Y': 18.4867   Cb: 15.6436   Cr: 15.4152 )
00000936: 17.2975   (Y': 18.5232   Cb: 15.644    Cr: 15.4782 )
00000937: 17.2732   (Y': 18.4897   Cb: 15.6463   Cr: 15.4469 )
00000938: 17.298    (Y': 18.508    Cb: 15.7069   Cr: 15.4505 )
00000939: 17.2605   (Y': 18.4914   Cb: 15.6492   Cr: 15.3909 )
00000940: 17.2858   (Y': 18.4835   Cb: 15.7017   Cr: 15.4562 )
00000941: 17.2759   (Y': 18.4808   Cb: 15.6553   Cr: 15.4664 )
00000942: 17.2651   (Y': 18.4797   Cb: 15.6955   Cr: 15.3885 )
00000943: 17.2793   (Y': 18.5017   Cb: 15.6573   Cr: 15.4365 )
00000944: 17.268    (Y': 18.4931   Cb: 15.6075   Cr: 15.4566 )
00000945: 17.2762   (Y': 18.5014   Cb: 15.6787   Cr: 15.4048 )
00000946: 17.2714   (Y': 18.5005   Cb: 15.6585   Cr: 15.4068 )
00000947: 17.2818   (Y': 18.487    Cb: 15.6673   Cr: 15.466  )
00000948: 17.2703   (Y': 18.5142   Cb: 15.6278   Cr: 15.4048 )
00000949: 17.2906   (Y': 18.5207   Cb: 15.6849   Cr: 15.4173 )
00000950: 17.2951   (Y': 18.506    Cb: 15.6932   Cr: 15.4561 )
00000951: 17.2624   (Y': 18.4882   Cb: 15.6052   Cr: 15.4469 )
00000952: 17.3081   (Y': 18.5312   Cb: 15.6963   Cr: 15.4543 )
00000953: 17.2965   (Y': 18.5106   Cb: 15.6614   Cr: 15.4829 )
00000954: 17.2808   (Y': 18.5182   Cb: 15.6546   Cr: 15.4128 )
00000955: 17.328    (Y': 18.5357   Cb: 15.7428   Cr: 15.4797 )
00000956: 17.2712   (Y': 18.5048   Cb: 15.635    Cr: 15.4201 )
00000957: 17.2949   (Y': 18.4959   Cb: 15.7172   Cr: 15.4528 )
00000959: 17.2763   (Y': 18.5124   Cb: 15.6214   Cr: 15.4379 )
00000958: 17.2803   (Y': 18.5066   Cb: 15.6831   Cr: 15.4065 )
00000960: 17.2812   (Y': 18.5005   Cb: 15.664    Cr: 15.4401 )
00000961: 17.2567   (Y': 18.4831   Cb: 15.6447   Cr: 15.3965 )
00000962: 17.269    (Y': 18.491    Cb: 15.686    Cr: 15.3903 )
00000963: 17.2466   (Y': 18.5003   Cb: 15.5874   Cr: 15.3779 )
00000964: 17.2807   (Y': 18.5111   Cb: 15.6917   Cr: 15.3914 )
00000965: 17.2752   (Y': 18.5191   Cb: 15.642    Cr: 15.4007 )
00000966: 17.287    (Y': 18.5127   Cb: 15.6749   Cr: 15.4286 )
00000967: 17.2725   (Y': 18.4955   Cb: 15.6802   Cr: 15.4005 )
00000968: 17.2543   (Y': 18.4789   Cb: 15.6683   Cr: 15.3734 )
00000969: 17.2672   (Y': 18.5174   Cb: 15.6261   Cr: 15.3882 )
00000970: 17.2598   (Y': 18.4828   Cb: 15.6438   Cr: 15.4103 )
00000971: 17.2449   (Y': 18.4843   Cb: 15.6583   Cr: 15.3354 )
00000972: 17.2492   (Y': 18.4639   Cb: 15.6273   Cr: 15.4217 )
00000973: 17.2799   (Y': 18.5025   Cb: 15.6796   Cr: 15.4164 )
00000974: 17.2481   (Y': 18.4845   Cb: 15.6439   Cr: 15.3612 )
00000975: 17.2784   (Y': 18.4995   Cb: 15.6515   Cr: 15.443  )
00000976: 17.2816   (Y': 18.5001   Cb: 15.6367   Cr: 15.4685 )
00000977: 17.2733   (Y': 18.4898   Cb: 15.6839   Cr: 15.4115 )
00000978: 17.2812   (Y': 18.478    Cb: 15.7224   Cr: 15.4295 )
00000979: 17.268    (Y': 18.4866   Cb: 15.6445   Cr: 15.434  )
00000980: 17.288    (Y': 18.5059   Cb: 15.6481   Cr: 15.4711 )
00000981: 17.3134   (Y': 18.5201   Cb: 15.7461   Cr: 15.4502 )
00000982: 17.2679   (Y': 18.475    Cb: 15.6929   Cr: 15.4111 )
00000984: 17.3123   (Y': 18.5385   Cb: 15.6915   Cr: 15.4608 )
00000983: 17.2922   (Y': 18.5284   Cb: 15.6638   Cr: 15.4282 )
00000985: 17.3112   (Y': 18.545    Cb: 15.717    Cr: 15.42   )
00000986: 17.3232   (Y': 18.5278   Cb: 15.7335   Cr: 15.4853 )
00000987: 17.3163   (Y': 18.5306   Cb: 15.7137   Cr: 15.4714 )
00000988: 17.3239   (Y': 18.5296   Cb: 15.6959   Cr: 15.5201 )
00000989: 17.3256   (Y': 18.5676   Cb: 15.6776   Cr: 15.4692 )
00000990: 17.3201   (Y': 18.5568   Cb: 15.6278   Cr: 15.5166 )
00000991: 17.3104   (Y': 18.5638   Cb: 15.6344   Cr: 15.4584 )
00000992: 17.3044   (Y': 18.5436   Cb: 15.6838   Cr: 15.4274 )
00000993: 17.3194   (Y': 18.5427   Cb: 15.6864   Cr: 15.4854 )
00000994: 17.3011   (Y': 18.5024   Cb: 15.6642   Cr: 15.5144 )
00000996: 17.2776   (Y': 18.523    Cb: 15.6042   Cr: 15.4388 )
00000995: 17.2719   (Y': 18.5175   Cb: 15.6199   Cr: 15.4123 )
00000998: 17.3059   (Y': 18.5013   Cb: 15.7153   Cr: 15.4871 )
00000997: 17.2792   (Y': 18.504    Cb: 15.6824   Cr: 15.4081 )
Total: 17.301    (Y': 18.4715   Cb: 15.7349   Cr: 15.5089 )
