00000000: 31.7036   (Y': 40.8341   Cb: 27.3013   Cr: 27.3013 )
00000001: 12.4449   (Y': 12.0989   Cb: 13.8495   Cr: 12.6924 )
00000002: 12.4636   (Y': 12.1345   Cb: 13.8358   Cr: 12.6588 )
00000003: 12.4496   (Y': 12.1046   Cb: 13.9595   Cr: 12.6136 )
00000006: 12.3599   (Y': 12.0256   Cb: 13.7328   Cr: 12.5783 )
00000004: 12.38     (Y': 12.0405   Cb: 13.7482   Cr: 12.6257 )
00000005: 12.355    (Y': 12.011    Cb: 13.7723   Cr: 12.5835 )
00000007: 12.4274   (Y': 12.0718   Cb: 13.8653   Cr: 12.6932 )
00000011: 12.399    (Y': 12.0317   Cb: 13.821    Cr: 12.7323 )
00000008: 12.4336   (Y': 12.07     Cb: 13.8986   Cr: 12.716  )
00000010: 12.4121   (Y': 12.0486   Cb: 13.8117   Cr: 12.7445 )
00000009: 12.3702   (Y': 12.0176   Cb: 13.7622   Cr: 12.6575 )
00000013: 12.3826   (Y': 12.0178   Cb: 13.8293   Cr: 12.6846 )
00000012: 12.3944   (Y': 12.0575   Cb: 13.7842   Cr: 12.6112 )
00000014: 12.4168   (Y': 12.072    Cb: 13.7865   Cr: 12.6854 )
00000015: 12.4209   (Y': 12.0642   Cb: 13.806    Cr: 12.7331 )
00000016: 12.4134   (Y': 12.0685   Cb: 13.7036   Cr: 12.7451 )
00000017: 12.4204   (Y': 12.0909   Cb: 13.728    Cr: 12.6672 )
00000018: 12.3865   (Y': 12.0385   Cb: 13.7059   Cr: 12.7099 )
00000019: 12.4267   (Y': 12.0795   Cb: 13.8058   Cr: 12.6993 )
00000020: 12.3984   (Y': 12.0376   Cb: 13.7609   Cr: 12.7472 )
00000021: 12.4037   (Y': 12.0576   Cb: 13.7476   Cr: 12.6989 )
00000022: 12.4254   (Y': 12.0769   Cb: 13.7781   Cr: 12.7248 )
00000023: 12.4255   (Y': 12.0842   Cb: 13.7262   Cr: 12.7324 )
00000025: 12.4628   (Y': 12.128    Cb: 13.764    Cr: 12.7389 )
00000024: 12.4089   (Y': 12.0596   Cb: 13.7648   Cr: 12.7091 )
00000026: 12.4539   (Y': 12.1424   Cb: 13.7449   Cr: 12.6323 )
00000027: 12.4594   (Y': 12.1288   Cb: 13.6992   Cr: 12.7656 )
00000028: 12.4124   (Y': 12.1001   Cb: 13.6412   Cr: 12.643  )
00000029: 12.4523   (Y': 12.133    Cb: 13.6966   Cr: 12.7026 )
00000030: 12.4186   (Y': 12.091    Cb: 13.6827   Cr: 12.6912 )
00000031: 12.3344   (Y': 11.998    Cb: 13.5904   Cr: 12.6543 )
00000032: 12.3505   (Y': 12.018    Cb: 13.5928   Cr: 12.6631 )
00000033: 12.3428   (Y': 11.9851   Cb: 13.6354   Cr: 12.7329 )
00000034: 12.3459   (Y': 11.9947   Cb: 13.6721   Cr: 12.6791 )
00000035: 12.3426   (Y': 12.0012   Cb: 13.6028   Cr: 12.6822 )
00000037: 12.3279   (Y': 11.9645   Cb: 13.6063   Cr: 12.7568 )
00000036: 12.3489   (Y': 12.0138   Cb: 13.5653   Cr: 12.6948 )
00000038: 12.3457   (Y': 12.0074   Cb: 13.6448   Cr: 12.6399 )
00000039: 12.3334   (Y': 11.9886   Cb: 13.6092   Cr: 12.6768 )
00000040: 12.3059   (Y': 11.9641   Cb: 13.5176   Cr: 12.6872 )
00000041: 12.3265   (Y': 11.9727   Cb: 13.61     Cr: 12.7055 )
00000043: 12.3158   (Y': 11.9816   Cb: 13.565    Cr: 12.631  )
00000042: 12.3561   (Y': 12.0031   Cb: 13.6601   Cr: 12.7152 )
00000044: 12.3447   (Y': 12.0055   Cb: 13.6054   Cr: 12.674  )
00000045: 12.382    (Y': 12.0477   Cb: 13.6314   Cr: 12.6974 )
00000047: 12.3558   (Y': 12.0055   Cb: 13.6718   Cr: 12.6924 )
00000046: 12.3232   (Y': 11.9638   Cb: 13.6246   Cr: 12.7143 )
00000048: 12.3343   (Y': 12.0044   Cb: 13.5216   Cr: 12.6802 )
00000049: 12.3527   (Y': 12.0013   Cb: 13.6179   Cr: 12.7355 )
00000050: 12.3715   (Y': 12.031    Cb: 13.6318   Cr: 12.707  )
00000051: 12.3519   (Y': 12.0084   Cb: 13.6272   Cr: 12.6899 )
00000053: 12.389    (Y': 12.0616   Cb: 13.5974   Cr: 12.7057 )
00000052: 12.3636   (Y': 12.0523   Cb: 13.5348   Cr: 12.6367 )
00000054: 12.4025   (Y': 12.0631   Cb: 13.6493   Cr: 12.7436 )
00000055: 12.357    (Y': 12.0184   Cb: 13.5969   Cr: 12.7002 )
00000056: 12.3739   (Y': 12.0363   Cb: 13.6309   Cr: 12.6982 )
00000057: 12.3795   (Y': 12.0599   Cb: 13.639    Cr: 12.6197 )
00000058: 12.3322   (Y': 11.9969   Cb: 13.6446   Cr: 12.6024 )
00000059: 12.3619   (Y': 12.045    Cb: 13.5915   Cr: 12.613  )
00000061: 12.3678   (Y': 12.0259   Cb: 13.6991   Cr: 12.6533 )
00000062: 12.3731   (Y': 12.0326   Cb: 13.6539   Cr: 12.6924 )
00000060: 12.3577   (Y': 12.008    Cb: 13.7114   Cr: 12.6616 )
00000063: 12.3792   (Y': 12.0551   Cb: 13.6447   Cr: 12.6347 )
00000064: 12.3787   (Y': 12.0426   Cb: 13.6391   Cr: 12.6939 )
00000065: 12.3788   (Y': 12.0432   Cb: 13.6276   Cr: 12.7009 )
00000066: 12.3388   (Y': 11.9969   Cb: 13.5705   Cr: 12.704  )
00000067: 12.373    (Y': 12.0293   Cb: 13.6723   Cr: 12.6921 )
00000069: 12.3681   (Y': 12.0191   Cb: 13.6434   Cr: 12.7313 )
00000068: 12.3632   (Y': 12.0256   Cb: 13.6281   Cr: 12.6815 )
00000070: 12.3506   (Y': 11.9949   Cb: 13.6664   Cr: 12.7125 )
00000071: 12.3645   (Y': 12.0505   Cb: 13.5654   Cr: 12.6255 )
00000072: 12.3652   (Y': 12.0397   Cb: 13.586    Cr: 12.6631 )
00000073: 12.3759   (Y': 12.0662   Cb: 13.6121   Cr: 12.5888 )
00000074: 12.3464   (Y': 12.013    Cb: 13.6119   Cr: 12.6447 )
00000075: 12.3511   (Y': 12.0174   Cb: 13.6312   Cr: 12.6393 )
00000076: 12.355    (Y': 12.0197   Cb: 13.6438   Cr: 12.6435 )
00000077: 12.3469   (Y': 12.0276   Cb: 13.583    Cr: 12.6037 )
00000078: 12.346    (Y': 11.9931   Cb: 13.662    Cr: 12.6946 )
00000079: 12.3661   (Y': 12.0283   Cb: 13.6025   Cr: 12.7084 )
00000080: 12.3686   (Y': 12.0419   Cb: 13.6401   Cr: 12.6313 )
00000081: 12.3348   (Y': 11.9975   Cb: 13.6201   Cr: 12.6358 )
00000082: 12.3728   (Y': 12.0415   Cb: 13.5818   Cr: 12.7069 )
00000083: 12.3643   (Y': 12.0481   Cb: 13.5717   Cr: 12.63   )
00000084: 12.3736   (Y': 12.0258   Cb: 13.6536   Cr: 12.7272 )
00000085: 12.3884   (Y': 12.0682   Cb: 13.6476   Cr: 12.6313 )
00000086: 12.4328   (Y': 12.1303   Cb: 13.6417   Cr: 12.6355 )
00000087: 12.4548   (Y': 12.1637   Cb: 13.6225   Cr: 12.6393 )
00000088: 12.3871   (Y': 12.0556   Cb: 13.6793   Cr: 12.6554 )
00000089: 12.4033   (Y': 12.0806   Cb: 13.6897   Cr: 12.6361 )
00000090: 12.3737   (Y': 12.0578   Cb: 13.6129   Cr: 12.613  )
00000091: 12.4106   (Y': 12.0878   Cb: 13.6757   Cr: 12.6606 )
00000092: 12.4193   (Y': 12.0928   Cb: 13.7021   Cr: 12.6722 )
00000093: 12.3749   (Y': 12.0666   Cb: 13.5995   Cr: 12.5912 )
00000095: 12.41     (Y': 12.1009   Cb: 13.6037   Cr: 12.6545 )
00000094: 12.4457   (Y': 12.143    Cb: 13.6442   Cr: 12.6572 )
00000096: 12.3727   (Y': 12.0492   Cb: 13.6218   Cr: 12.6387 )
00000097: 12.4211   (Y': 12.1032   Cb: 13.6572   Cr: 12.6716 )
00000098: 12.445    (Y': 12.1383   Cb: 13.6511   Cr: 12.6689 )
00000099: 12.4318   (Y': 12.135    Cb: 13.581    Cr: 12.6568 )
00000101: 12.4004   (Y': 12.0902   Cb: 13.5411   Cr: 12.6929 )
00000100: 12.4534   (Y': 12.1461   Cb: 13.6583   Cr: 12.6808 )
00000102: 12.4263   (Y': 12.1164   Cb: 13.6646   Cr: 12.6386 )
00000103: 12.4036   (Y': 12.1018   Cb: 13.6431   Cr: 12.5789 )
00000104: 12.443    (Y': 12.1445   Cb: 13.6058   Cr: 12.6641 )
00000106: 12.4207   (Y': 12.1038   Cb: 13.6415   Cr: 12.6789 )
00000105: 12.3938   (Y': 12.0904   Cb: 13.6194   Cr: 12.5872 )
00000107: 12.3981   (Y': 12.1001   Cb: 13.647    Cr: 12.5493 )
00000108: 12.4101   (Y': 12.1096   Cb: 13.6487   Cr: 12.5805 )
00000109: 12.3675   (Y': 12.0549   Cb: 13.6139   Cr: 12.5862 )
00000110: 12.405    (Y': 12.091    Cb: 13.6283   Cr: 12.6484 )
00000111: 12.3852   (Y': 12.0834   Cb: 13.5434   Cr: 12.6253 )
00000112: 12.3987   (Y': 12.0822   Cb: 13.6459   Cr: 12.6344 )
00000114: 12.4032   (Y': 12.0643   Cb: 13.6838   Cr: 12.7152 )
00000113: 12.4031   (Y': 12.0981   Cb: 13.5967   Cr: 12.6293 )
00000115: 12.3942   (Y': 12.0827   Cb: 13.6219   Cr: 12.6224 )
00000116: 12.3943   (Y': 12.0837   Cb: 13.6491   Cr: 12.5969 )
00000117: 12.4296   (Y': 12.1159   Cb: 13.6697   Cr: 12.6577 )
00000119: 12.4194   (Y': 12.1288   Cb: 13.5569   Cr: 12.6257 )
00000118: 12.3993   (Y': 12.0785   Cb: 13.6536   Cr: 12.6484 )
00000120: 12.4444   (Y': 12.1519   Cb: 13.6073   Cr: 12.6388 )
00000122: 12.4361   (Y': 12.1422   Cb: 13.5875   Cr: 12.6458 )
00000121: 12.4439   (Y': 12.1355   Cb: 13.6087   Cr: 12.7085 )
00000123: 12.4157   (Y': 12.1123   Cb: 13.6061   Cr: 12.6372 )
00000124: 12.4379   (Y': 12.1298   Cb: 13.6601   Cr: 12.6553 )
00000126: 12.4949   (Y': 12.215    Cb: 13.6463   Cr: 12.6427 )
00000127: 12.5179   (Y': 12.21     Cb: 13.7373   Cr: 12.7364 )
00000125: 12.4914   (Y': 12.1979   Cb: 13.666    Cr: 12.6809 )
00000128: 12.4706   (Y': 12.1756   Cb: 13.6302   Cr: 12.6788 )
00000129: 12.4544   (Y': 12.1339   Cb: 13.6572   Cr: 12.7436 )
00000130: 12.493    (Y': 12.1808   Cb: 13.7288   Cr: 12.7177 )
00000131: 12.5252   (Y': 12.2205   Cb: 13.6829   Cr: 12.779  )
00000132: 12.4918   (Y': 12.1801   Cb: 13.7117   Cr: 12.7273 )
00000133: 12.5367   (Y': 12.2504   Cb: 13.6963   Cr: 12.706  )
00000135: 12.5168   (Y': 12.2503   Cb: 13.6244   Cr: 12.6402 )
00000134: 12.5365   (Y': 12.2612   Cb: 13.6849   Cr: 12.6661 )
00000136: 12.4715   (Y': 12.1966   Cb: 13.6016   Cr: 12.6141 )
00000138: 12.493    (Y': 12.2219   Cb: 13.6166   Cr: 12.6244 )
00000137: 12.4368   (Y': 12.1586   Cb: 13.565    Cr: 12.5952 )
00000139: 12.4648   (Y': 12.1695   Cb: 13.6325   Cr: 12.6682 )
00000140: 12.4843   (Y': 12.2028   Cb: 13.618    Cr: 12.6533 )
00000142: 12.5094   (Y': 12.2535   Cb: 13.559    Cr: 12.6329 )
00000141: 12.4353   (Y': 12.1599   Cb: 13.5858   Cr: 12.5636 )
00000143: 12.5591   (Y': 12.2956   Cb: 13.5944   Cr: 12.7277 )
00000144: 12.58     (Y': 12.3341   Cb: 13.6244   Cr: 12.6647 )
00000146: 12.5489   (Y': 12.3081   Cb: 13.5375   Cr: 12.6563 )
00000145: 12.5174   (Y': 12.2533   Cb: 13.6097   Cr: 12.6428 )
00000147: 12.5328   (Y': 12.2673   Cb: 13.5935   Cr: 12.6897 )
00000150: 12.4788   (Y': 12.2149   Cb: 13.5348   Cr: 12.6321 )
00000149: 12.4971   (Y': 12.2288   Cb: 13.6387   Cr: 12.6014 )
00000148: 12.4768   (Y': 12.2076   Cb: 13.5587   Cr: 12.6327 )
00000151: 12.4751   (Y': 12.1973   Cb: 13.565    Cr: 12.6625 )
00000152: 12.4567   (Y': 12.1637   Cb: 13.6077   Cr: 12.6629 )
00000153: 12.4692   (Y': 12.1835   Cb: 13.588    Cr: 12.6684 )
00000154: 12.4542   (Y': 12.1469   Cb: 13.6741   Cr: 12.6699 )
00000155: 12.4476   (Y': 12.1478   Cb: 13.6314   Cr: 12.6577 )
00000156: 12.4455   (Y': 12.1572   Cb: 13.6092   Cr: 12.6202 )
00000157: 12.4547   (Y': 12.1655   Cb: 13.6285   Cr: 12.6251 )
00000158: 12.443    (Y': 12.1414   Cb: 13.6457   Cr: 12.6469 )
00000159: 12.4733   (Y': 12.1941   Cb: 13.6178   Cr: 12.6232 )
00000160: 12.4867   (Y': 12.199    Cb: 13.6794   Cr: 12.6358 )
00000161: 12.469    (Y': 12.1777   Cb: 13.6409   Cr: 12.6509 )
00000162: 12.4375   (Y': 12.1377   Cb: 13.6705   Cr: 12.6092 )
00000163: 12.4585   (Y': 12.1747   Cb: 13.6698   Cr: 12.5764 )
00000164: 12.4622   (Y': 12.1522   Cb: 13.695    Cr: 12.6795 )
00000166: 12.493    (Y': 12.2074   Cb: 13.6534   Cr: 12.6586 )
00000165: 12.4614   (Y': 12.1514   Cb: 13.728    Cr: 12.6523 )
00000167: 12.4987   (Y': 12.2142   Cb: 13.656    Cr: 12.662  )
00000168: 12.5482   (Y': 12.2843   Cb: 13.6599   Cr: 12.6571 )
00000169: 12.479    (Y': 12.167    Cb: 13.7252   Cr: 12.6946 )
00000170: 12.4697   (Y': 12.1907   Cb: 13.5653   Cr: 12.6582 )
00000171: 12.4975   (Y': 12.213    Cb: 13.6849   Cr: 12.6369 )
00000172: 12.5171   (Y': 12.2403   Cb: 13.6695   Cr: 12.6501 )
00000173: 12.493    (Y': 12.1924   Cb: 13.6822   Cr: 12.7027 )
00000174: 12.4521   (Y': 12.1416   Cb: 13.6451   Cr: 12.7038 )
00000175: 12.4336   (Y': 12.1244   Cb: 13.6623   Cr: 12.6504 )
00000176: 12.445    (Y': 12.126    Cb: 13.6695   Cr: 12.7102 )
00000177: 12.4595   (Y': 12.1391   Cb: 13.6633   Cr: 12.7478 )
00000178: 12.4478   (Y': 12.1294   Cb: 13.6526   Cr: 12.7259 )
00000179: 12.4013   (Y': 12.0808   Cb: 13.5951   Cr: 12.6979 )
00000181: 12.4224   (Y': 12.1007   Cb: 13.6588   Cr: 12.6901 )
00000180: 12.4343   (Y': 12.1113   Cb: 13.6639   Cr: 12.7133 )
00000183: 12.4633   (Y': 12.1525   Cb: 13.6277   Cr: 12.7393 )
00000182: 12.4219   (Y': 12.1015   Cb: 13.6477   Cr: 12.6918 )
00000184: 12.4659   (Y': 12.161    Cb: 13.6211   Cr: 12.7226 )
00000185: 12.4826   (Y': 12.1797   Cb: 13.6784   Cr: 12.6972 )
00000186: 12.489    (Y': 12.1976   Cb: 13.6402   Cr: 12.6878 )
00000187: 12.4621   (Y': 12.1501   Cb: 13.6406   Cr: 12.7323 )
00000188: 12.4824   (Y': 12.1729   Cb: 13.698    Cr: 12.7114 )
00000189: 12.4819   (Y': 12.1854   Cb: 13.6987   Cr: 12.6511 )
00000190: 12.4968   (Y': 12.2019   Cb: 13.6944   Cr: 12.6744 )
00000191: 12.4846   (Y': 12.1844   Cb: 13.6275   Cr: 12.7299 )
00000192: 12.5177   (Y': 12.2365   Cb: 13.6487   Cr: 12.6877 )
00000193: 12.446    (Y': 12.1603   Cb: 13.5714   Cr: 12.64   )
00000194: 12.4548   (Y': 12.1737   Cb: 13.5788   Cr: 12.6299 )
00000196: 12.4259   (Y': 12.1293   Cb: 13.6192   Cr: 12.6145 )
00000195: 12.4637   (Y': 12.1751   Cb: 13.5852   Cr: 12.674  )
00000197: 12.4317   (Y': 12.1377   Cb: 13.559    Cr: 12.6613 )
00000198: 12.3915   (Y': 12.0948   Cb: 13.5617   Cr: 12.5993 )
00000199: 12.4635   (Y': 12.1881   Cb: 13.5563   Cr: 12.6382 )
00000200: 12.5198   (Y': 12.2529   Cb: 13.6416   Cr: 12.6339 )
00000201: 12.654    (Y': 12.4106   Cb: 13.7424   Cr: 12.693  )
00000202: 12.6627   (Y': 12.4271   Cb: 13.6996   Cr: 12.7092 )
00000203: 12.5345   (Y': 12.2729   Cb: 13.635    Cr: 12.6426 )
00000204: 12.5416   (Y': 12.2914   Cb: 13.6547   Cr: 12.59   )
00000205: 12.5834   (Y': 12.3326   Cb: 13.6574   Cr: 12.6657 )
00000206: 12.6014   (Y': 12.3668   Cb: 13.6607   Cr: 12.6255 )
00000207: 12.6547   (Y': 12.4077   Cb: 13.716    Cr: 12.7301 )
00000208: 12.6288   (Y': 12.362    Cb: 13.7161   Cr: 12.77   )
00000209: 12.6327   (Y': 12.3712   Cb: 13.7337   Cr: 12.7394 )
00000210: 12.6849   (Y': 12.4328   Cb: 13.7801   Cr: 12.7559 )
00000212: 12.5857   (Y': 12.3096   Cb: 13.8012   Cr: 12.6667 )
00000211: 12.7286   (Y': 12.4739   Cb: 13.8502   Cr: 12.7898 )
00000213: 12.647    (Y': 12.3744   Cb: 13.8163   Cr: 12.7486 )
00000214: 12.671    (Y': 12.4021   Cb: 13.8207   Cr: 12.7714 )
00000215: 12.6307   (Y': 12.3586   Cb: 13.831    Cr: 12.7062 )
00000216: 12.7008   (Y': 12.4404   Cb: 13.815    Cr: 12.7923 )
00000217: 12.6483   (Y': 12.3878   Cb: 13.7611   Cr: 12.7418 )
00000218: 12.7334   (Y': 12.4875   Cb: 13.8348   Cr: 12.7727 )
00000219: 12.5619   (Y': 12.2914   Cb: 13.7242   Cr: 12.6596 )
00000221: 12.653    (Y': 12.3971   Cb: 13.716    Cr: 12.7662 )
00000220: 12.6225   (Y': 12.334    Cb: 13.8218   Cr: 12.7703 )
00000222: 12.6547   (Y': 12.3801   Cb: 13.7746   Cr: 12.8039 )
00000223: 12.7416   (Y': 12.4681   Cb: 13.8541   Cr: 12.8917 )
00000224: 12.8175   (Y': 12.5847   Cb: 13.8273   Cr: 12.8732 )
00000225: 12.794    (Y': 12.5394   Cb: 13.8068   Cr: 12.9416 )
00000226: 12.7681   (Y': 12.4939   Cb: 13.8912   Cr: 12.913  )
00000228: 12.7177   (Y': 12.4366   Cb: 13.8026   Cr: 12.9244 )
00000227: 12.7952   (Y': 12.5308   Cb: 13.8438   Cr: 12.9573 )
00000229: 12.7344   (Y': 12.4784   Cb: 13.7692   Cr: 12.8706 )
00000230: 12.6974   (Y': 12.4304   Cb: 13.7502   Cr: 12.8672 )
00000231: 12.6366   (Y': 12.3364   Cb: 13.7396   Cr: 12.9143 )
00000232: 12.6787   (Y': 12.4087   Cb: 13.6932   Cr: 12.8937 )
00000233: 12.4614   (Y': 12.1558   Cb: 13.5935   Cr: 12.74   )
00000234: 12.3962   (Y': 12.1065   Cb: 13.4624   Cr: 12.6564 )
00000235: 12.2694   (Y': 11.9397   Cb: 13.4804   Cr: 12.5945 )
00000236: 12.2519   (Y': 11.9086   Cb: 13.4908   Cr: 12.6179 )
00000237: 13.1794   (Y': 12.8997   Cb: 14.1728   Cr: 13.4555 )
00000238: 13.4496   (Y': 13.2027   Cb: 14.346    Cr: 13.6611 )
00000239: 13.6882   (Y': 13.489    Cb: 14.5102   Cr: 13.755  )
00000240: 12.7482   (Y': 12.3922   Cb: 13.9965   Cr: 13.1671 )
00000241: 12.6955   (Y': 12.3281   Cb: 13.962    Cr: 13.1534 )
00000242: 12.7105   (Y': 12.4037   Cb: 13.8487   Cr: 12.9892 )
00000243: 12.7053   (Y': 12.3966   Cb: 13.8191   Cr: 13.0133 )
00000244: 12.4372   (Y': 12.1337   Cb: 13.5482   Cr: 12.7233 )
00000246: 12.2376   (Y': 11.9136   Cb: 13.4367   Cr: 12.5461 )
00000245: 12.2974   (Y': 11.9933   Cb: 13.3847   Cr: 12.6064 )
00000247: 12.1509   (Y': 11.7839   Cb: 13.4357   Cr: 12.5926 )
00000248: 12.1104   (Y': 11.7483   Cb: 13.3641   Cr: 12.5537 )
00000249: 12.1391   (Y': 11.7873   Cb: 13.3133   Cr: 12.5993 )
00000250: 12.1425   (Y': 11.7959   Cb: 13.3473   Cr: 12.5527 )
00000251: 12.2118   (Y': 11.8854   Cb: 13.3363   Cr: 12.593  )
00000252: 12.3053   (Y': 11.9857   Cb: 13.4521   Cr: 12.6363 )
00000253: 12.3002   (Y': 11.9829   Cb: 13.4615   Cr: 12.6084 )
00000254: 11.9794   (Y': 11.5773   Cb: 13.3252   Cr: 12.5427 )
00000255: 11.9169   (Y': 11.4983   Cb: 13.3086   Cr: 12.5242 )
00000256: 12.2839   (Y': 11.9645   Cb: 13.4025   Cr: 12.6376 )
00000257: 12.4253   (Y': 12.1341   Cb: 13.4502   Cr: 12.7274 )
00000258: 12.4977   (Y': 12.2106   Cb: 13.5313   Cr: 12.7735 )
00000259: 12.5479   (Y': 12.2696   Cb: 13.5561   Cr: 12.805  )
00000260: 12.5878   (Y': 12.3161   Cb: 13.5993   Cr: 12.8123 )
00000261: 12.6201   (Y': 12.3519   Cb: 13.6403   Cr: 12.8223 )
00000262: 12.6335   (Y': 12.3471   Cb: 13.6848   Cr: 12.8917 )
00000263: 12.6303   (Y': 12.3695   Cb: 13.5981   Cr: 12.8432 )
00000264: 12.6284   (Y': 12.376    Cb: 13.6361   Cr: 12.7712 )
00000265: 12.6204   (Y': 12.344    Cb: 13.7306   Cr: 12.7854 )
00000266: 12.5349   (Y': 12.2703   Cb: 13.6589   Cr: 12.6371 )
00000267: 12.4908   (Y': 12.1859   Cb: 13.6322   Cr: 12.7587 )
00000268: 12.5073   (Y': 12.2301   Cb: 13.6551   Cr: 12.646  )
00000269: 12.4579   (Y': 12.1674   Cb: 13.6121   Cr: 12.6502 )
00000270: 12.4315   (Y': 12.1268   Cb: 13.5947   Cr: 12.6808 )
00000271: 12.5859   (Y': 12.3342   Cb: 13.6676   Cr: 12.6658 )
00000272: 14.1135   (Y': 14.013    Cb: 14.7427   Cr: 13.9382 )
00000274: 14.2481   (Y': 14.1674   Cb: 14.8319   Cr: 14.0329 )
00000273: 14.4144   (Y': 14.371    Cb: 14.9423   Cr: 14.1031 )
00000276: 13.2387   (Y': 13.0407   Cb: 14.2239   Cr: 13.1678 )
00000275: 13.3601   (Y': 13.1583   Cb: 14.2743   Cr: 13.3619 )
00000277: 13.1169   (Y': 12.8851   Cb: 14.1883   Cr: 13.1201 )
00000278: 12.8535   (Y': 12.5834   Cb: 14.0003   Cr: 12.9619 )
00000279: 12.6524   (Y': 12.3609   Cb: 13.823    Cr: 12.8365 )
00000280: 12.6215   (Y': 12.3283   Cb: 13.7968   Cr: 12.8093 )
00000281: 12.568    (Y': 12.276    Cb: 13.7201   Cr: 12.769  )
00000282: 12.6862   (Y': 12.3938   Cb: 13.8342   Cr: 12.8923 )
00000283: 12.623    (Y': 12.3448   Cb: 13.6801   Cr: 12.8395 )
00000284: 12.7583   (Y': 12.4745   Cb: 13.825    Cr: 12.9915 )
00000285: 12.7865   (Y': 12.5338   Cb: 13.8445   Cr: 12.8893 )
00000286: 12.77     (Y': 12.5204   Cb: 13.8066   Cr: 12.8765 )
00000287: 12.7306   (Y': 12.4597   Cb: 13.8715   Cr: 12.8467 )
00000288: 12.789    (Y': 12.5289   Cb: 13.8587   Cr: 12.9151 )
00000289: 12.6873   (Y': 12.419    Cb: 13.7806   Cr: 12.8305 )
00000290: 12.6374   (Y': 12.3564   Cb: 13.7667   Cr: 12.8078 )
00000291: 12.6976   (Y': 12.451    Cb: 13.7204   Cr: 12.8024 )
00000292: 12.6625   (Y': 12.3987   Cb: 13.7045   Cr: 12.8268 )
00000293: 12.6222   (Y': 12.3256   Cb: 13.7292   Cr: 12.8807 )
00000294: 12.6572   (Y': 12.3686   Cb: 13.7762   Cr: 12.8695 )
00000295: 12.6944   (Y': 12.4394   Cb: 13.74     Cr: 12.8172 )
00000296: 12.6734   (Y': 12.4267   Cb: 13.6732   Cr: 12.7977 )
00000297: 12.8157   (Y': 12.5584   Cb: 13.8207   Cr: 12.9814 )
00000298: 12.764    (Y': 12.5274   Cb: 13.732    Cr: 12.8702 )
00000299: 12.6338   (Y': 12.4022   Cb: 13.6272   Cr: 12.6979 )
00000300: 12.5686   (Y': 12.316    Cb: 13.5903   Cr: 12.7006 )
00000301: 12.5711   (Y': 12.3454   Cb: 13.5291   Cr: 12.6382 )
00000302: 12.6051   (Y': 12.3506   Cb: 13.5991   Cr: 12.7683 )
00000303: 12.5797   (Y': 12.3536   Cb: 13.5441   Cr: 12.6437 )
00000304: 12.5232   (Y': 12.2861   Cb: 13.5222   Cr: 12.6061 )
00000305: 12.5997   (Y': 12.3586   Cb: 13.6116   Cr: 12.6896 )
00000306: 12.6271   (Y': 12.4102   Cb: 13.5588   Cr: 12.6782 )
00000307: 12.711    (Y': 12.4651   Cb: 13.7189   Cr: 12.8253 )
00000309: 12.7523   (Y': 12.5327   Cb: 13.7621   Cr: 12.7519 )
00000308: 12.693    (Y': 12.4487   Cb: 13.7281   Cr: 12.7779 )
00000311: 12.7919   (Y': 12.5304   Cb: 13.926    Cr: 12.873  )
00000310: 12.7525   (Y': 12.5083   Cb: 13.7786   Cr: 12.8443 )
00000312: 12.7681   (Y': 12.523    Cb: 13.8924   Cr: 12.7859 )
00000314: 12.6671   (Y': 12.3919   Cb: 13.7967   Cr: 12.8111 )
00000313: 12.7054   (Y': 12.4398   Cb: 13.8003   Cr: 12.8352 )
00000315: 12.6066   (Y': 12.3076   Cb: 13.7652   Cr: 12.8336 )
00000316: 12.5483   (Y': 12.2189   Cb: 13.8265   Cr: 12.8185 )
00000317: 12.5717   (Y': 12.249    Cb: 13.8256   Cr: 12.8304 )
00000318: 12.5695   (Y': 12.2572   Cb: 13.8338   Cr: 12.772  )
00000319: 12.6029   (Y': 12.3049   Cb: 13.7933   Cr: 12.8001 )
00000320: 12.6729   (Y': 12.3745   Cb: 13.8779   Cr: 12.8605 )
00000321: 12.6664   (Y': 12.3437   Cb: 13.9167   Cr: 12.9275 )
00000322: 12.5794   (Y': 12.2543   Cb: 13.8217   Cr: 12.8585 )
00000323: 12.5747   (Y': 12.2563   Cb: 13.8423   Cr: 12.8026 )
00000324: 12.6129   (Y': 12.3278   Cb: 13.7552   Cr: 12.791  )
00000325: 12.6311   (Y': 12.3345   Cb: 13.8234   Cr: 12.8207 )
00000326: 12.7543   (Y': 12.4928   Cb: 13.8635   Cr: 12.8546 )
00000327: 12.6291   (Y': 12.3692   Cb: 13.7186   Cr: 12.7381 )
00000328: 12.5892   (Y': 12.3269   Cb: 13.7163   Cr: 12.6788 )
00000329: 12.6632   (Y': 12.4166   Cb: 13.7524   Cr: 12.715  )
00000330: 12.6194   (Y': 12.368    Cb: 13.7466   Cr: 12.6625 )
00000331: 12.6409   (Y': 12.403    Cb: 13.741    Cr: 12.6472 )
00000332: 12.7329   (Y': 12.5208   Cb: 13.7585   Cr: 12.6891 )
00000333: 12.6715   (Y': 12.4395   Cb: 13.7765   Cr: 12.6491 )
00000334: 12.6361   (Y': 12.3703   Cb: 13.7567   Cr: 12.7462 )
00000335: 12.685    (Y': 12.4281   Cb: 13.78     Cr: 12.7767 )
00000336: 12.7143   (Y': 12.4822   Cb: 13.7926   Cr: 12.7128 )
00000337: 12.6849   (Y': 12.4347   Cb: 13.7418   Cr: 12.778  )
00000338: 12.5348   (Y': 12.2471   Cb: 13.7143   Cr: 12.6947 )
00000339: 12.5862   (Y': 12.3218   Cb: 13.6619   Cr: 12.726  )
00000340: 12.6494   (Y': 12.3797   Cb: 13.8055   Cr: 12.7485 )
00000341: 12.6671   (Y': 12.4017   Cb: 13.8016   Cr: 12.7645 )
00000342: 12.5901   (Y': 12.3099   Cb: 13.7458   Cr: 12.7355 )
00000343: 12.6301   (Y': 12.3565   Cb: 13.7283   Cr: 12.792  )
00000344: 12.5406   (Y': 12.2648   Cb: 13.6434   Cr: 12.7088 )
00000345: 12.5939   (Y': 12.339    Cb: 13.6561   Cr: 12.703  )
00000346: 12.6491   (Y': 12.4044   Cb: 13.6818   Cr: 12.7376 )
00000347: 12.6185   (Y': 12.3736   Cb: 13.5894   Cr: 12.7585 )
00000349: 12.4605   (Y': 12.1539   Cb: 13.6311   Cr: 12.7118 )
00000348: 12.4982   (Y': 12.1889   Cb: 13.6404   Cr: 12.7851 )
00000350: 12.6471   (Y': 12.409    Cb: 13.6468   Cr: 12.7337 )
00000351: 12.6261   (Y': 12.3738   Cb: 13.6037   Cr: 12.7927 )
00000352: 12.6572   (Y': 12.391    Cb: 13.6921   Cr: 12.8384 )
00000353: 12.6644   (Y': 12.4533   Cb: 13.5285   Cr: 12.7472 )
00000354: 12.5053   (Y': 12.2638   Cb: 13.4174   Cr: 12.6793 )
00000355: 12.418    (Y': 12.1375   Cb: 13.5033   Cr: 12.6215 )
00000356: 12.3877   (Y': 12.111    Cb: 13.4172   Cr: 12.6199 )
00000357: 12.4146   (Y': 12.13     Cb: 13.4662   Cr: 12.6643 )
00000358: 12.4161   (Y': 12.1603   Cb: 13.4001   Cr: 12.5926 )
00000359: 12.3281   (Y': 12.0539   Cb: 13.3844   Cr: 12.5269 )
00000360: 12.258    (Y': 11.9474   Cb: 13.3849   Cr: 12.5637 )
00000361: 12.2674   (Y': 11.971    Cb: 13.352    Cr: 12.5433 )
00000362: 12.273    (Y': 11.9603   Cb: 13.3952   Cr: 12.5921 )
00000363: 12.2597   (Y': 11.9593   Cb: 13.295    Cr: 12.5953 )
00000364: 12.1838   (Y': 11.8518   Cb: 13.3563   Cr: 12.5512 )
00000365: 12.1526   (Y': 11.8027   Cb: 13.3517   Cr: 12.5828 )
00000366: 12.1647   (Y': 11.8022   Cb: 13.4519   Cr: 12.5824 )
00000367: 12.1203   (Y': 11.7653   Cb: 13.3656   Cr: 12.5369 )
00000368: 12.1799   (Y': 11.8407   Cb: 13.4172   Cr: 12.5281 )
00000369: 12.1689   (Y': 11.8146   Cb: 13.427    Cr: 12.5712 )
00000370: 12.153    (Y': 11.8077   Cb: 13.3515   Cr: 12.562  )
00000371: 12.2015   (Y': 11.8727   Cb: 13.3945   Cr: 12.5372 )
00000372: 12.2122   (Y': 11.8676   Cb: 13.4248   Cr: 12.606  )
00000373: 12.1854   (Y': 11.8297   Cb: 13.4673   Cr: 12.5748 )
00000374: 12.1781   (Y': 11.8184   Cb: 13.4837   Cr: 12.5673 )
00000375: 12.2158   (Y': 11.884    Cb: 13.4583   Cr: 12.5252 )
00000376: 12.2004   (Y': 11.8521   Cb: 13.4204   Cr: 12.6058 )
00000377: 12.177    (Y': 11.8167   Cb: 13.4642   Cr: 12.584  )
00000378: 12.1841   (Y': 11.8274   Cb: 13.4072   Cr: 12.6267 )
00000379: 12.2118   (Y': 11.8578   Cb: 13.4749   Cr: 12.6085 )
00000380: 12.2566   (Y': 11.9204   Cb: 13.4525   Cr: 12.6243 )
00000381: 12.2688   (Y': 11.9319   Cb: 13.467    Cr: 12.6385 )
00000382: 12.2921   (Y': 11.968    Cb: 13.4457   Cr: 12.6382 )
00000383: 12.4007   (Y': 12.0997   Cb: 13.4402   Cr: 12.7355 )
00000384: 12.323    (Y': 11.9969   Cb: 13.4872   Cr: 12.6698 )
00000385: 12.4215   (Y': 12.1278   Cb: 13.5081   Cr: 12.6837 )
00000386: 12.4395   (Y': 12.1445   Cb: 13.4983   Cr: 12.73   )
00000387: 12.4876   (Y': 12.2358   Cb: 13.5122   Cr: 12.6133 )
00000388: 12.5233   (Y': 12.2777   Cb: 13.5019   Cr: 12.6599 )
00000389: 12.5534   (Y': 12.3047   Cb: 13.5118   Cr: 12.7202 )
00000390: 12.5806   (Y': 12.3504   Cb: 13.5586   Cr: 12.6511 )
00000391: 12.6317   (Y': 12.3763   Cb: 13.6485   Cr: 12.78   )
00000392: 12.6471   (Y': 12.3897   Cb: 13.6642   Cr: 12.8038 )
00000393: 12.6162   (Y': 12.33     Cb: 13.7504   Cr: 12.8054 )
00000394: 12.58     (Y': 12.2834   Cb: 13.7696   Cr: 12.7715 )
00000395: 12.6065   (Y': 12.3186   Cb: 13.7208   Cr: 12.8196 )
00000397: 12.5844   (Y': 12.2825   Cb: 13.7878   Cr: 12.7886 )
00000396: 12.6046   (Y': 12.3201   Cb: 13.752    Cr: 12.7754 )
00000398: 12.5886   (Y': 12.2999   Cb: 13.8063   Cr: 12.7228 )
00000399: 12.5857   (Y': 12.3081   Cb: 13.7582   Cr: 12.7069 )
00000400: 12.6022   (Y': 12.3217   Cb: 13.7317   Cr: 12.7696 )
00000401: 12.5723   (Y': 12.2777   Cb: 13.7425   Cr: 12.7706 )
00000402: 12.5644   (Y': 12.276    Cb: 13.6998   Cr: 12.7626 )
00000403: 12.5128   (Y': 12.2089   Cb: 13.707    Cr: 12.7333 )
00000404: 12.5712   (Y': 12.2912   Cb: 13.689    Cr: 12.7461 )
00000405: 12.5035   (Y': 12.2093   Cb: 13.6591   Cr: 12.7113 )
00000407: 12.5323   (Y': 12.2473   Cb: 13.6933   Cr: 12.6949 )
00000406: 12.5745   (Y': 12.286    Cb: 13.7315   Cr: 12.7555 )
00000408: 12.5213   (Y': 12.2439   Cb: 13.6673   Cr: 12.6617 )
00000409: 12.4916   (Y': 12.188    Cb: 13.6969   Cr: 12.7017 )
00000410: 12.4996   (Y': 12.2174   Cb: 13.6561   Cr: 12.6533 )
00000411: 12.4979   (Y': 12.1962   Cb: 13.684    Cr: 12.7151 )
00000412: 12.4984   (Y': 12.1886   Cb: 13.7141   Cr: 12.7288 )
00000413: 12.5632   (Y': 12.2785   Cb: 13.6831   Cr: 12.7574 )
00000414: 12.5537   (Y': 12.2554   Cb: 13.7077   Cr: 12.7817 )
00000415: 12.5076   (Y': 12.2217   Cb: 13.6639   Cr: 12.6779 )
00000416: 12.4832   (Y': 12.1735   Cb: 13.728    Cr: 12.6899 )
00000417: 12.5484   (Y': 12.2637   Cb: 13.7082   Cr: 12.7107 )
00000419: 12.5499   (Y': 12.2681   Cb: 13.6796   Cr: 12.7233 )
00000420: 12.5224   (Y': 12.2044   Cb: 13.7475   Cr: 12.7821 )
00000418: 12.5315   (Y': 12.2415   Cb: 13.6444   Cr: 12.7546 )
00000421: 12.5202   (Y': 12.216    Cb: 13.7054   Cr: 12.7493 )
00000423: 12.531    (Y': 12.208    Cb: 13.7779   Cr: 12.7962 )
00000422: 12.5402   (Y': 12.2286   Cb: 13.7223   Cr: 12.8052 )
00000424: 12.5449   (Y': 12.2195   Cb: 13.8029   Cr: 12.8123 )
00000425: 12.5383   (Y': 12.2249   Cb: 13.7587   Cr: 12.7813 )
00000426: 12.5327   (Y': 12.2206   Cb: 13.7548   Cr: 12.7684 )
00000428: 12.5719   (Y': 12.262    Cb: 13.8015   Cr: 12.7915 )
00000429: 12.5762   (Y': 12.2764   Cb: 13.7561   Cr: 12.7897 )
00000427: 12.5563   (Y': 12.2567   Cb: 13.7241   Cr: 12.7788 )
00000430: 12.5218   (Y': 12.1885   Cb: 13.8028   Cr: 12.8075 )
00000431: 12.5742   (Y': 12.2587   Cb: 13.8194   Cr: 12.8071 )
00000432: 12.581    (Y': 12.2839   Cb: 13.6981   Cr: 12.8334 )
00000433: 12.5359   (Y': 12.1931   Cb: 13.8545   Cr: 12.8358 )
00000434: 12.5907   (Y': 12.2784   Cb: 13.826    Cr: 12.8162 )
00000435: 12.5771   (Y': 12.2632   Cb: 13.7966   Cr: 12.8224 )
00000436: 12.5549   (Y': 12.2536   Cb: 13.7026   Cr: 12.8012 )
00000437: 12.5488   (Y': 12.2353   Cb: 13.7704   Cr: 12.7912 )
00000438: 12.5162   (Y': 12.2027   Cb: 13.7565   Cr: 12.7435 )
00000439: 12.5262   (Y': 12.2157   Cb: 13.7178   Cr: 12.7787 )
00000440: 12.5705   (Y': 12.2728   Cb: 13.7339   Cr: 12.7882 )
00000441: 12.5523   (Y': 12.2348   Cb: 13.7638   Cr: 12.821  )
00000442: 12.5695   (Y': 12.2746   Cb: 13.6984   Cr: 12.8021 )
00000443: 12.4848   (Y': 12.1578   Cb: 13.7397   Cr: 12.7617 )
00000444: 12.544    (Y': 12.242    Cb: 13.7333   Cr: 12.7601 )
00000445: 12.527    (Y': 12.2176   Cb: 13.722    Cr: 12.7716 )
00000446: 12.5464   (Y': 12.2409   Cb: 13.6807   Cr: 12.8228 )
00000447: 12.568    (Y': 12.2665   Cb: 13.7064   Cr: 12.8226 )
00000448: 12.5304   (Y': 12.2279   Cb: 13.6954   Cr: 12.7683 )
00000449: 12.5829   (Y': 12.3082   Cb: 13.7014   Cr: 12.7338 )
00000450: 12.7636   (Y': 12.5028   Cb: 13.8508   Cr: 12.8781 )
00000451: 12.7367   (Y': 12.4687   Cb: 13.8299   Cr: 12.8784 )
00000452: 12.7371   (Y': 12.5019   Cb: 13.7824   Cr: 12.7749 )
00000453: 12.6674   (Y': 12.4135   Cb: 13.7665   Cr: 12.7427 )
00000454: 12.6358   (Y': 12.3769   Cb: 13.7042   Cr: 12.7577 )
00000455: 12.5853   (Y': 12.3156   Cb: 13.6953   Cr: 12.7211 )
00000456: 12.5296   (Y': 12.245    Cb: 13.6005   Cr: 12.7633 )
00000457: 12.565    (Y': 12.2966   Cb: 13.6206   Cr: 12.7388 )
00000458: 12.4844   (Y': 12.1999   Cb: 13.562    Cr: 12.7123 )
00000459: 12.5101   (Y': 12.2252   Cb: 13.6254   Cr: 12.7087 )
00000460: 12.4231   (Y': 12.1137   Cb: 13.5513   Cr: 12.7225 )
00000461: 12.3521   (Y': 12.0385   Cb: 13.4986   Cr: 12.6554 )
00000462: 12.4025   (Y': 12.1114   Cb: 13.5187   Cr: 12.6288 )
00000463: 12.416    (Y': 12.1293   Cb: 13.4904   Cr: 12.6558 )
00000464: 12.3951   (Y': 12.1097   Cb: 13.4585   Cr: 12.6383 )
00000465: 12.3783   (Y': 12.08     Cb: 13.4719   Cr: 12.6553 )
00000466: 12.4298   (Y': 12.1662   Cb: 13.451    Cr: 12.6103 )
00000467: 12.4432   (Y': 12.1417   Cb: 13.5592   Cr: 12.7162 )
00000468: 12.421    (Y': 12.139    Cb: 13.5313   Cr: 12.6113 )
00000469: 12.4174   (Y': 12.1252   Cb: 13.5571   Cr: 12.6291 )
00000471: 12.4891   (Y': 12.2334   Cb: 13.5162   Cr: 12.63   )
00000470: 12.4337   (Y': 12.1642   Cb: 13.5151   Cr: 12.5913 )
00000472: 12.4666   (Y': 12.2121   Cb: 13.5391   Cr: 12.5658 )
00000473: 12.4963   (Y': 12.2283   Cb: 13.5491   Cr: 12.6705 )
00000474: 12.572    (Y': 12.3219   Cb: 13.5976   Cr: 12.6898 )
00000475: 12.6281   (Y': 12.3708   Cb: 13.6809   Cr: 12.755  )
00000476: 12.6489   (Y': 12.3931   Cb: 13.722    Cr: 12.7533 )
00000477: 12.6966   (Y': 12.4443   Cb: 13.7537   Cr: 12.7984 )
00000478: 12.7431   (Y': 12.4995   Cb: 13.8035   Cr: 12.8049 )
00000479: 12.8095   (Y': 12.5717   Cb: 13.8676   Cr: 12.8485 )
00000480: 12.7878   (Y': 12.5419   Cb: 13.8157   Cr: 12.8856 )
00000481: 12.8574   (Y': 12.6159   Cb: 13.9155   Cr: 12.9118 )
00000482: 12.9112   (Y': 12.6953   Cb: 13.8997   Cr: 12.9126 )
00000483: 12.833    (Y': 12.6      Cb: 13.8671   Cr: 12.8707 )
00000484: 12.7684   (Y': 12.5171   Cb: 13.8693   Cr: 12.8315 )
00000485: 12.6454   (Y': 12.3872   Cb: 13.7388   Cr: 12.7439 )
00000486: 12.6759   (Y': 12.4088   Cb: 13.7639   Cr: 12.8177 )
00000487: 12.722    (Y': 12.4896   Cb: 13.7585   Cr: 12.755  )
00000488: 12.7641   (Y': 12.5386   Cb: 13.8347   Cr: 12.7413 )
00000489: 14.1703   (Y': 14.0857   Cb: 14.8768   Cr: 13.8705 )
00000490: 14.4433   (Y': 14.4096   Cb: 15.128    Cr: 13.9717 )
00000491: 13.6549   (Y': 13.4973   Cb: 14.5711   Cr: 13.4742 )
00000492: 13.3875   (Y': 13.1705   Cb: 14.4499   Cr: 13.3354 )
00000493: 13.1236   (Y': 12.8987   Cb: 14.1872   Cr: 13.1037 )
00000494: 13.0288   (Y': 12.8003   Cb: 14.1013   Cr: 13.0172 )
00000495: 12.908    (Y': 12.6784   Cb: 13.9605   Cr: 12.9166 )
00000496: 12.645    (Y': 12.388    Cb: 13.7306   Cr: 12.7445 )
00000497: 12.5497   (Y': 12.2895   Cb: 13.6403   Cr: 12.6596 )
00000498: 12.5438   (Y': 12.2732   Cb: 13.7009   Cr: 12.6461 )
00000499: 12.559    (Y': 12.3153   Cb: 13.6448   Cr: 12.6015 )
00000500: 12.5134   (Y': 12.2641   Cb: 13.6547   Cr: 12.5364 )
00000501: 12.4923   (Y': 12.2257   Cb: 13.6268   Cr: 12.5948 )
00000502: 12.5244   (Y': 12.2755   Cb: 13.6515   Cr: 12.5567 )
00000503: 12.5184   (Y': 12.2596   Cb: 13.6714   Cr: 12.5725 )
00000504: 12.5339   (Y': 12.2761   Cb: 13.6343   Cr: 12.6254 )
00000505: 12.5036   (Y': 12.2403   Cb: 13.6733   Cr: 12.5649 )
00000506: 12.4836   (Y': 12.2084   Cb: 13.7122   Cr: 12.5507 )
00000507: 12.5208   (Y': 12.258    Cb: 13.6946   Cr: 12.5762 )
00000508: 12.5328   (Y': 12.2747   Cb: 13.6326   Cr: 12.626  )
00000509: 12.5078   (Y': 12.2453   Cb: 13.6435   Cr: 12.5917 )
00000510: 12.4671   (Y': 12.1865   Cb: 13.6664   Cr: 12.5797 )
00000511: 12.5139   (Y': 12.2394   Cb: 13.7421   Cr: 12.5782 )
00000512: 12.5141   (Y': 12.2496   Cb: 13.6908   Cr: 12.575  )
00000513: 12.607    (Y': 12.3634   Cb: 13.7419   Cr: 12.6102 )
00000514: 12.6096   (Y': 12.3618   Cb: 13.6576   Cr: 12.699  )
00000515: 12.6088   (Y': 12.3775   Cb: 13.6746   Cr: 12.6142 )
00000516: 12.5096   (Y': 12.2295   Cb: 13.703    Cr: 12.6247 )
00000517: 12.4857   (Y': 12.217    Cb: 13.6512   Cr: 12.573  )
00000518: 12.5253   (Y': 12.266    Cb: 13.7127   Cr: 12.5554 )
00000519: 12.5693   (Y': 12.3162   Cb: 13.712    Cr: 12.6069 )
00000520: 12.5423   (Y': 12.2842   Cb: 13.6903   Cr: 12.5978 )
00000521: 12.5199   (Y': 12.26     Cb: 13.6381   Cr: 12.606  )
00000522: 12.5457   (Y': 12.3089   Cb: 13.6062   Cr: 12.5782 )
00000523: 12.5087   (Y': 12.2306   Cb: 13.7271   Cr: 12.5959 )
00000524: 12.5662   (Y': 12.3169   Cb: 13.6358   Cr: 12.6448 )
00000525: 12.5874   (Y': 12.3235   Cb: 13.7354   Cr: 12.6678 )
00000526: 12.5659   (Y': 12.3102   Cb: 13.7223   Cr: 12.6041 )
00000527: 12.5429   (Y': 12.2739   Cb: 13.7186   Cr: 12.6238 )
00000528: 12.5988   (Y': 12.3404   Cb: 13.7106   Cr: 12.6835 )
00000529: 12.612    (Y': 12.3783   Cb: 13.6867   Cr: 12.6207 )
00000530: 12.6347   (Y': 12.3812   Cb: 13.7211   Cr: 12.7183 )
00000531: 12.6099   (Y': 12.3561   Cb: 13.7026   Cr: 12.6901 )
00000532: 12.6011   (Y': 12.3589   Cb: 13.7108   Cr: 12.6179 )
00000533: 12.5397   (Y': 12.2666   Cb: 13.7195   Cr: 12.6353 )
00000534: 12.5555   (Y': 12.3079   Cb: 13.6893   Cr: 12.577  )
00000535: 12.5586   (Y': 12.3112   Cb: 13.6483   Cr: 12.6137 )
00000536: 12.5671   (Y': 12.3157   Cb: 13.74     Cr: 12.5743 )
00000537: 12.5651   (Y': 12.3202   Cb: 13.6821   Cr: 12.588  )
00000538: 12.5079   (Y': 12.2445   Cb: 13.6641   Cr: 12.5794 )
00000540: 12.5538   (Y': 12.2986   Cb: 13.7062   Cr: 12.5927 )
00000539: 12.5423   (Y': 12.2917   Cb: 13.6618   Cr: 12.5879 )
00000542: 12.5724   (Y': 12.3421   Cb: 13.645    Cr: 12.5681 )
00000541: 12.5326   (Y': 12.2762   Cb: 13.6803   Cr: 12.5807 )
00000543: 12.558    (Y': 12.2916   Cb: 13.7096   Cr: 12.6465 )
00000544: 12.5404   (Y': 12.2953   Cb: 13.6185   Cr: 12.5944 )
00000545: 12.5602   (Y': 12.2952   Cb: 13.7833   Cr: 12.5873 )
00000546: 12.5285   (Y': 12.2643   Cb: 13.7263   Cr: 12.5717 )
00000547: 12.5593   (Y': 12.2911   Cb: 13.749    Cr: 12.6257 )
00000548: 12.5332   (Y': 12.2671   Cb: 13.7014   Cr: 12.6074 )
00000549: 12.5238   (Y': 12.2505   Cb: 13.7022   Cr: 12.6211 )
00000550: 12.5243   (Y': 12.2537   Cb: 13.6818   Cr: 12.6259 )
00000551: 12.5433   (Y': 12.2931   Cb: 13.6241   Cr: 12.6173 )
00000552: 12.5483   (Y': 12.3008   Cb: 13.6285   Cr: 12.6114 )
00000553: 12.531    (Y': 12.2662   Cb: 13.709    Cr: 12.5919 )
00000554: 12.5542   (Y': 12.2883   Cb: 13.7115   Cr: 12.6361 )
00000555: 12.5698   (Y': 12.3119   Cb: 13.7025   Cr: 12.6365 )
00000556: 12.5547   (Y': 12.2967   Cb: 13.677    Cr: 12.6299 )
00000557: 12.5967   (Y': 12.3691   Cb: 13.6814   Cr: 12.5718 )
00000558: 12.5968   (Y': 12.3617   Cb: 13.6907   Cr: 12.5959 )
00000559: 12.7061   (Y': 12.4686   Cb: 13.7767   Cr: 12.7337 )
00000560: 12.6371   (Y': 12.3949   Cb: 13.7517   Cr: 12.6507 )
00000561: 12.594    (Y': 12.3655   Cb: 13.6195   Cr: 12.6193 )
00000562: 12.5817   (Y': 12.3172   Cb: 13.7308   Cr: 12.6638 )
00000563: 12.6007   (Y': 12.3387   Cb: 13.7317   Cr: 12.6859 )
00000564: 12.5529   (Y': 12.3081   Cb: 13.627    Cr: 12.609  )
00000565: 12.5686   (Y': 12.2916   Cb: 13.7139   Cr: 12.7085 )
00000566: 13.723    (Y': 13.5509   Cb: 14.6245   Cr: 13.6123 )
00000567: 14.3361   (Y': 14.2366   Cb: 15.0136   Cr: 14.1172 )
00000568: 14.3506   (Y': 14.2564   Cb: 15.0445   Cr: 14.0977 )
00000569: 13.4773   (Y': 13.3051   Cb: 14.4045   Cr: 13.3473 )
00000570: 13.313    (Y': 13.0782   Cb: 14.3705   Cr: 13.3393 )
00000571: 13.1242   (Y': 12.8425   Cb: 14.2507   Cr: 13.2996 )
00000572: 12.947    (Y': 12.665    Cb: 14.0712   Cr: 13.1252 )
00000574: 12.5664   (Y': 12.2732   Cb: 13.7426   Cr: 12.7534 )
00000573: 12.5967   (Y': 12.2532   Cb: 13.8316   Cr: 12.9672 )
00000575: 12.485    (Y': 12.1665   Cb: 13.7311   Cr: 12.7307 )
00000576: 12.4947   (Y': 12.1642   Cb: 13.759    Cr: 12.7809 )
00000577: 12.4755   (Y': 12.1466   Cb: 13.7292   Cr: 12.7624 )
00000578: 12.4867   (Y': 12.1682   Cb: 13.693    Cr: 12.7641 )
00000579: 12.4881   (Y': 12.1688   Cb: 13.6809   Cr: 12.7801 )
00000580: 12.4539   (Y': 12.1349   Cb: 13.631    Cr: 12.7568 )
00000581: 12.4842   (Y': 12.1754   Cb: 13.6623   Cr: 12.7395 )
00000582: 12.5012   (Y': 12.1771   Cb: 13.697    Cr: 12.8129 )
00000583: 12.4053   (Y': 12.0727   Cb: 13.6332   Cr: 12.73   )
00000584: 12.4451   (Y': 12.1365   Cb: 13.6325   Cr: 12.6922 )
00000585: 12.4741   (Y': 12.1383   Cb: 13.6963   Cr: 12.8183 )
00000586: 12.4721   (Y': 12.1535   Cb: 13.6743   Cr: 12.7533 )
00000587: 12.4617   (Y': 12.1448   Cb: 13.6695   Cr: 12.7307 )
00000588: 12.444    (Y': 12.1263   Cb: 13.6105   Cr: 12.7498 )
00000589: 12.4659   (Y': 12.1449   Cb: 13.6652   Cr: 12.7603 )
00000590: 12.4754   (Y': 12.1496   Cb: 13.6604   Cr: 12.8035 )
00000591: 12.4379   (Y': 12.0998   Cb: 13.6607   Cr: 12.7927 )
00000592: 12.4466   (Y': 12.1142   Cb: 13.6575   Cr: 12.7846 )
00000593: 12.4946   (Y': 12.1872   Cb: 13.6446   Cr: 12.7664 )
00000594: 12.5265   (Y': 12.2474   Cb: 13.6631   Cr: 12.6825 )
00000595: 12.4771   (Y': 12.173    Cb: 13.6484   Cr: 12.7168 )
00000596: 12.4916   (Y': 12.1869   Cb: 13.6896   Cr: 12.7127 )
00000597: 12.528    (Y': 12.226    Cb: 13.7132   Cr: 12.7473 )
00000598: 12.4854   (Y': 12.1723   Cb: 13.6757   Cr: 12.7509 )
00000599: 12.4466   (Y': 12.1318   Cb: 13.6515   Cr: 12.7084 )
00000600: 12.4276   (Y': 12.1035   Cb: 13.6612   Cr: 12.7084 )
00000601: 12.4469   (Y': 12.1443   Cb: 13.6191   Cr: 12.6793 )
00000602: 12.4635   (Y': 12.143    Cb: 13.6948   Cr: 12.73   )
00000603: 12.437    (Y': 12.1226   Cb: 13.685    Cr: 12.6622 )
00000604: 12.4527   (Y': 12.1281   Cb: 13.6739   Cr: 12.746  )
00000605: 12.4685   (Y': 12.1497   Cb: 13.6771   Cr: 12.7453 )
00000606: 12.4586   (Y': 12.1598   Cb: 13.6609   Cr: 12.6501 )
00000607: 12.4499   (Y': 12.117    Cb: 13.7034   Cr: 12.7553 )
00000608: 12.4748   (Y': 12.1551   Cb: 13.7263   Cr: 12.7217 )
00000609: 12.4736   (Y': 12.1658   Cb: 13.6387   Cr: 12.7354 )
00000610: 12.457    (Y': 12.1368   Cb: 13.6775   Cr: 12.7303 )
00000612: 12.4865   (Y': 12.1744   Cb: 13.7095   Cr: 12.7209 )
00000611: 12.4262   (Y': 12.0891   Cb: 13.6878   Cr: 12.7448 )
00000613: 12.4792   (Y': 12.1577   Cb: 13.7164   Cr: 12.7454 )
00000614: 12.4801   (Y': 12.1736   Cb: 13.6719   Cr: 12.7141 )
00000615: 12.4737   (Y': 12.1684   Cb: 13.6491   Cr: 12.7153 )
00000616: 12.4187   (Y': 12.0902   Cb: 13.6342   Cr: 12.7347 )
00000617: 12.5126   (Y': 12.2151   Cb: 13.676    Cr: 12.7292 )
00000618: 12.4858   (Y': 12.1739   Cb: 13.5896   Cr: 12.8168 )
00000619: 12.4707   (Y': 12.1509   Cb: 13.7227   Cr: 12.7176 )
00000620: 12.4704   (Y': 12.1472   Cb: 13.6968   Cr: 12.7534 )
00000621: 12.496    (Y': 12.2011   Cb: 13.6234   Cr: 12.7297 )
00000622: 12.4851   (Y': 12.1755   Cb: 13.6862   Cr: 12.7259 )
00000623: 12.4882   (Y': 12.1611   Cb: 13.7117   Cr: 12.7913 )
00000624: 12.4509   (Y': 12.1186   Cb: 13.711    Cr: 12.7485 )
00000625: 12.4628   (Y': 12.1441   Cb: 13.6639   Cr: 12.7448 )
00000626: 12.5043   (Y': 12.1933   Cb: 13.7116   Cr: 12.7464 )
00000627: 12.5717   (Y': 12.2796   Cb: 13.745    Cr: 12.7557 )
00000628: 12.677    (Y': 12.3819   Cb: 13.8041   Cr: 12.9122 )
00000629: 12.6872   (Y': 12.414    Cb: 13.8353   Cr: 12.8078 )
00000630: 12.7104   (Y': 12.473    Cb: 13.7252   Cr: 12.7821 )
00000631: 12.6517   (Y': 12.3921   Cb: 13.7286   Cr: 12.7699 )
00000632: 12.6453   (Y': 12.3933   Cb: 13.7582   Cr: 12.7018 )
00000633: 12.6215   (Y': 12.3915   Cb: 13.6868   Cr: 12.6214 )
00000634: 12.6405   (Y': 12.3978   Cb: 13.7208   Cr: 12.683  )
00000635: 12.6329   (Y': 12.3945   Cb: 13.6826   Cr: 12.6811 )
00000636: 12.6269   (Y': 12.3942   Cb: 13.6791   Cr: 12.649  )
00000637: 12.6254   (Y': 12.3826   Cb: 13.7107   Cr: 12.6642 )
00000638: 12.7469   (Y': 12.5004   Cb: 13.8449   Cr: 12.791  )
00000639: 12.6528   (Y': 12.3924   Cb: 13.7671   Cr: 12.7446 )
00000640: 12.602    (Y': 12.3492   Cb: 13.7167   Cr: 12.6606 )
00000641: 12.6294   (Y': 12.3709   Cb: 13.7263   Cr: 12.7265 )
00000642: 12.547    (Y': 12.2922   Cb: 13.6261   Cr: 12.6422 )
00000643: 12.6057   (Y': 12.3595   Cb: 13.6718   Cr: 12.6739 )
00000644: 12.6213   (Y': 12.3809   Cb: 13.6563   Cr: 12.6895 )
00000645: 12.6374   (Y': 12.3911   Cb: 13.715    Cr: 12.6972 )
00000646: 12.6753   (Y': 12.437    Cb: 13.7255   Cr: 12.7227 )
00000647: 12.6338   (Y': 12.3691   Cb: 13.771    Cr: 12.7257 )
00000648: 12.6133   (Y': 12.3625   Cb: 13.6862   Cr: 12.6964 )
00000649: 12.5623   (Y': 12.2899   Cb: 13.6825   Cr: 12.7018 )
00000650: 12.5512   (Y': 12.2718   Cb: 13.7481   Cr: 12.6611 )
00000651: 12.5422   (Y': 12.2592   Cb: 13.7755   Cr: 12.6393 )
00000652: 12.5662   (Y': 12.2977   Cb: 13.6636   Cr: 12.7063 )
00000653: 12.5381   (Y': 12.2569   Cb: 13.6863   Cr: 12.6942 )
00000654: 12.5677   (Y': 12.2923   Cb: 13.7277   Cr: 12.6886 )
00000655: 12.5198   (Y': 12.2304   Cb: 13.6681   Cr: 12.7121 )
00000656: 12.5606   (Y': 12.2862   Cb: 13.6717   Cr: 12.7164 )
00000657: 12.5533   (Y': 12.2721   Cb: 13.7203   Cr: 12.6939 )
00000658: 12.5291   (Y': 12.2582   Cb: 13.651    Cr: 12.6603 )
00000660: 12.5203   (Y': 12.2357   Cb: 13.6698   Cr: 12.6901 )
00000659: 12.575    (Y': 12.3081   Cb: 13.6925   Cr: 12.6923 )
00000661: 12.515    (Y': 12.2324   Cb: 13.652    Cr: 12.6862 )
00000662: 12.5433   (Y': 12.2686   Cb: 13.696    Cr: 12.6669 )
00000663: 12.5083   (Y': 12.21     Cb: 13.717    Cr: 12.6924 )
00000664: 12.5052   (Y': 12.2308   Cb: 13.7081   Cr: 12.5885 )
00000665: 12.5628   (Y': 12.2875   Cb: 13.6606   Cr: 12.7325 )
00000666: 12.5195   (Y': 12.205    Cb: 13.7236   Cr: 12.7803 )
00000668: 12.5449   (Y': 12.2575   Cb: 13.7148   Cr: 12.711  )
00000667: 12.5037   (Y': 12.2185   Cb: 13.6215   Cr: 12.7013 )
00000669: 12.5446   (Y': 12.2609   Cb: 13.7032   Cr: 12.7032 )
00000670: 12.5077   (Y': 12.2351   Cb: 13.6258   Cr: 12.6498 )
00000671: 12.525    (Y': 12.2439   Cb: 13.7232   Cr: 12.6411 )
00000672: 12.5276   (Y': 12.2275   Cb: 13.733    Cr: 12.722  )
00000673: 12.5445   (Y': 12.258    Cb: 13.7276   Cr: 12.6957 )
00000674: 12.5242   (Y': 12.2322   Cb: 13.6944   Cr: 12.7106 )
00000675: 12.5124   (Y': 12.2247   Cb: 13.6961   Cr: 12.669  )
00000676: 12.5182   (Y': 12.2167   Cb: 13.7302   Cr: 12.7137 )
00000677: 12.5265   (Y': 12.2402   Cb: 13.7257   Cr: 12.6647 )
00000678: 12.5167   (Y': 12.2228   Cb: 13.7008   Cr: 12.7007 )
00000679: 12.5307   (Y': 12.2591   Cb: 13.6448   Cr: 12.6712 )
00000680: 12.5037   (Y': 12.2142   Cb: 13.7015   Cr: 12.6572 )
00000681: 12.4926   (Y': 12.2182   Cb: 13.6392   Cr: 12.6201 )
00000682: 12.5456   (Y': 12.2606   Cb: 13.6993   Cr: 12.714  )
00000684: 12.5333   (Y': 12.2443   Cb: 13.6871   Cr: 12.7192 )
00000683: 12.5294   (Y': 12.2349   Cb: 13.6941   Cr: 12.7315 )
00000685: 12.5092   (Y': 12.2153   Cb: 13.7215   Cr: 12.6707 )
00000686: 12.5552   (Y': 12.2789   Cb: 13.7029   Cr: 12.6895 )
00000687: 12.5044   (Y': 12.2236   Cb: 13.6693   Cr: 12.6451 )
00000688: 12.5354   (Y': 12.2549   Cb: 13.6714   Cr: 12.6976 )
00000689: 12.5025   (Y': 12.2154   Cb: 13.6659   Cr: 12.6725 )
00000690: 12.4946   (Y': 12.2062   Cb: 13.6754   Cr: 12.6566 )
00000691: 12.5105   (Y': 12.1993   Cb: 13.7344   Cr: 12.7399 )
00000692: 12.5203   (Y': 12.2284   Cb: 13.6669   Cr: 12.7253 )
00000694: 12.517    (Y': 12.2113   Cb: 13.701    Cr: 12.7537 )
00000693: 12.5674   (Y': 12.2894   Cb: 13.712    Cr: 12.712  )
00000695: 12.5084   (Y': 12.2175   Cb: 13.6622   Cr: 12.7028 )
00000696: 12.506    (Y': 12.2007   Cb: 13.7496   Cr: 12.6936 )
00000697: 12.5195   (Y': 12.2231   Cb: 13.6986   Cr: 12.7184 )
00000698: 12.5316   (Y': 12.2584   Cb: 13.6479   Cr: 12.6773 )
00000699: 12.5224   (Y': 12.2265   Cb: 13.6911   Cr: 12.7269 )
00000700: 12.5337   (Y': 12.2336   Cb: 13.727    Cr: 12.738  )
00000701: 12.555    (Y': 12.269    Cb: 13.6969   Cr: 12.7367 )
00000702: 12.5366   (Y': 12.2487   Cb: 13.7122   Cr: 12.7005 )
00000703: 12.5367   (Y': 12.256    Cb: 13.6901   Cr: 12.6861 )
00000704: 12.511    (Y': 12.2049   Cb: 13.7259   Cr: 12.7254 )
00000705: 12.5356   (Y': 12.2599   Cb: 13.6812   Cr: 12.6694 )
00000706: 12.5255   (Y': 12.2337   Cb: 13.7181   Cr: 12.6935 )
00000707: 12.5295   (Y': 12.2356   Cb: 13.6962   Cr: 12.7268 )
00000708: 12.5367   (Y': 12.2336   Cb: 13.6983   Cr: 12.7799 )
00000709: 12.5451   (Y': 12.2539   Cb: 13.7179   Cr: 12.7255 )
00000710: 12.4956   (Y': 12.1777   Cb: 13.7557   Cr: 12.7275 )
00000711: 12.5539   (Y': 12.2681   Cb: 13.6963   Cr: 12.7346 )
00000712: 12.5217   (Y': 12.2154   Cb: 13.6818   Cr: 12.7807 )
00000713: 12.4992   (Y': 12.1989   Cb: 13.6994   Cr: 12.6985 )
00000714: 12.5253   (Y': 12.2238   Cb: 13.704    Cr: 12.7474 )
00000715: 12.482    (Y': 12.1751   Cb: 13.6663   Cr: 12.7237 )
00000716: 12.5067   (Y': 12.2176   Cb: 13.681    Cr: 12.6767 )
00000718: 12.5234   (Y': 12.2372   Cb: 13.699    Cr: 12.6799 )
00000717: 12.4881   (Y': 12.1796   Cb: 13.6881   Cr: 12.7252 )
00000719: 12.5239   (Y': 12.2389   Cb: 13.6213   Cr: 12.7375 )
00000720: 12.5192   (Y': 12.2244   Cb: 13.6767   Cr: 12.7282 )
00000721: 12.5426   (Y': 12.2593   Cb: 13.6959   Cr: 12.7038 )
00000722: 12.4956   (Y': 12.1894   Cb: 13.7231   Cr: 12.7    )
00000724: 12.5362   (Y': 12.2409   Cb: 13.7307   Cr: 12.718  )
00000723: 12.5024   (Y': 12.1903   Cb: 13.7111   Cr: 12.7487 )
00000725: 12.5384   (Y': 12.243    Cb: 13.7007   Cr: 12.7464 )
00000726: 12.5421   (Y': 12.2492   Cb: 13.7262   Cr: 12.7216 )
00000727: 12.4757   (Y': 12.1771   Cb: 13.634    Cr: 12.7011 )
00000728: 12.4869   (Y': 12.1702   Cb: 13.7214   Cr: 12.7337 )
00000729: 12.541    (Y': 12.2554   Cb: 13.7199   Cr: 12.692  )
00000730: 12.5169   (Y': 12.2428   Cb: 13.5988   Cr: 12.6942 )
00000731: 12.5076   (Y': 12.2165   Cb: 13.7107   Cr: 12.6635 )
00000732: 12.4783   (Y': 12.1739   Cb: 13.6429   Cr: 12.725  )
00000733: 12.495    (Y': 12.1933   Cb: 13.7063   Cr: 12.6917 )
00000734: 12.5104   (Y': 12.2062   Cb: 13.7142   Cr: 12.7242 )
00000735: 12.5557   (Y': 12.2756   Cb: 13.6965   Cr: 12.7127 )
00000736: 12.642    (Y': 12.3976   Cb: 13.6982   Cr: 12.7103 )
00000737: 12.6138   (Y': 12.356    Cb: 13.6838   Cr: 12.7295 )
00000738: 12.637    (Y': 12.3792   Cb: 13.7683   Cr: 12.7036 )
00000739: 12.739    (Y': 12.5047   Cb: 13.809    Cr: 12.7536 )
00000740: 12.7276   (Y': 12.4983   Cb: 13.8128   Cr: 12.7096 )
00000741: 12.7127   (Y': 12.4674   Cb: 13.7801   Cr: 12.7768 )
00000742: 12.6986   (Y': 12.446    Cb: 13.7868   Cr: 12.7774 )
00000743: 12.6903   (Y': 12.4428   Cb: 13.7826   Cr: 12.7433 )
00000744: 12.6553   (Y': 12.3963   Cb: 13.7848   Cr: 12.7288 )
00000745: 12.6651   (Y': 12.4287   Cb: 13.725    Cr: 12.6967 )
00000746: 12.6693   (Y': 12.4419   Cb: 13.7076   Cr: 12.6792 )
00000748: 12.6492   (Y': 12.4044   Cb: 13.7297   Cr: 12.7004 )
00000747: 12.6781   (Y': 12.4479   Cb: 13.7308   Cr: 12.6892 )
00000749: 12.5534   (Y': 12.2793   Cb: 13.6527   Cr: 12.7171 )
00000750: 12.6174   (Y': 12.3617   Cb: 13.7372   Cr: 12.6846 )
00000751: 12.6075   (Y': 12.3433   Cb: 13.7477   Cr: 12.6949 )
00000752: 12.574    (Y': 12.2993   Cb: 13.7796   Cr: 12.6559 )
00000753: 12.596    (Y': 12.3255   Cb: 13.7283   Cr: 12.7172 )
00000754: 12.5977   (Y': 12.3254   Cb: 13.7455   Cr: 12.715  )
00000755: 12.5766   (Y': 12.2922   Cb: 13.8141   Cr: 12.6765 )
00000756: 12.5552   (Y': 12.2372   Cb: 13.8307   Cr: 12.7754 )
00000757: 12.5383   (Y': 12.2373   Cb: 13.7304   Cr: 12.7473 )
00000758: 12.5099   (Y': 12.2082   Cb: 13.7373   Cr: 12.6947 )
00000759: 12.5734   (Y': 12.2928   Cb: 13.7274   Cr: 12.7218 )
00000760: 12.5392   (Y': 12.2588   Cb: 13.679    Cr: 12.6978 )
00000761: 12.5147   (Y': 12.2271   Cb: 13.6655   Cr: 12.6968 )
00000762: 12.5283   (Y': 12.23     Cb: 13.73     Cr: 12.7178 )
00000763: 12.5223   (Y': 12.2267   Cb: 13.7272   Cr: 12.6973 )
00000764: 12.5302   (Y': 12.2212   Cb: 13.8122   Cr: 12.7046 )
00000765: 12.5497   (Y': 12.2527   Cb: 13.7331   Cr: 12.7479 )
00000766: 12.5368   (Y': 12.2341   Cb: 13.7657   Cr: 12.7242 )
00000767: 12.5282   (Y': 12.2352   Cb: 13.7173   Cr: 12.7039 )
00000768: 12.5966   (Y': 12.3183   Cb: 13.7418   Cr: 12.7421 )
00000770: 12.5978   (Y': 12.3195   Cb: 13.7778   Cr: 12.7161 )
00000769: 12.576    (Y': 12.3061   Cb: 13.7421   Cr: 12.668  )
00000772: 12.5707   (Y': 12.2795   Cb: 13.7691   Cr: 12.7311 )
00000771: 12.5631   (Y': 12.2772   Cb: 13.7424   Cr: 12.7154 )
00000773: 12.5424   (Y': 12.2455   Cb: 13.8053   Cr: 12.6778 )
00000774: 12.5218   (Y': 12.2115   Cb: 13.7477   Cr: 12.7461 )
00000775: 12.5745   (Y': 12.2773   Cb: 13.7869   Cr: 12.7503 )
00000776: 12.6074   (Y': 12.3345   Cb: 13.7595   Cr: 12.7233 )
00000777: 12.654    (Y': 12.3867   Cb: 13.7276   Cr: 12.8084 )
00000778: 12.5725   (Y': 12.2625   Cb: 13.841    Cr: 12.7616 )
00000779: 12.567    (Y': 12.2508   Cb: 13.8062   Cr: 12.8078 )
00000780: 12.5693   (Y': 12.2646   Cb: 13.79     Cr: 12.7723 )
00000781: 12.5942   (Y': 12.3026   Cb: 13.7845   Cr: 12.7627 )
00000782: 12.6345   (Y': 12.3741   Cb: 13.7711   Cr: 12.7085 )
00000783: 12.6364   (Y': 12.3468   Cb: 13.7911   Cr: 12.8246 )
00000784: 12.6738   (Y': 12.3918   Cb: 13.8707   Cr: 12.795  )
00000785: 12.6692   (Y': 12.3761   Cb: 13.8852   Cr: 12.8243 )
00000786: 12.6307   (Y': 12.3432   Cb: 13.7735   Cr: 12.8189 )
00000787: 12.4716   (Y': 12.1453   Cb: 13.7      Cr: 12.7667 )
00000788: 12.4559   (Y': 12.1373   Cb: 13.6504   Cr: 12.7431 )
00000789: 12.5477   (Y': 12.2349   Cb: 13.7959   Cr: 12.7657 )
00000790: 12.6266   (Y': 12.332    Cb: 13.8122   Cr: 12.8123 )
00000791: 12.6418   (Y': 12.3568   Cb: 13.8065   Cr: 12.8009 )
00000792: 12.5901   (Y': 12.2963   Cb: 13.8277   Cr: 12.7311 )
00000794: 12.5439   (Y': 12.2524   Cb: 13.7503   Cr: 12.6989 )
00000793: 12.596    (Y': 12.3056   Cb: 13.7746   Cr: 12.7686 )
00000796: 12.6247   (Y': 12.3421   Cb: 13.7799   Cr: 12.7812 )
00000795: 12.5776   (Y': 12.2845   Cb: 13.8033   Cr: 12.725  )
00000797: 12.6885   (Y': 12.4119   Cb: 13.885    Cr: 12.7862 )
00000798: 12.6499   (Y': 12.367    Cb: 13.8316   Cr: 12.7869 )
00000799: 12.6379   (Y': 12.3919   Cb: 13.6869   Cr: 12.7192 )
00000800: 12.5825   (Y': 12.2794   Cb: 13.7895   Cr: 12.789  )
00000802: 12.464    (Y': 12.1699   Cb: 13.6271   Cr: 12.6654 )
00000801: 12.5061   (Y': 12.2178   Cb: 13.6435   Cr: 12.7026 )
00000804: 12.5064   (Y': 12.2067   Cb: 13.6781   Cr: 12.7257 )
00000803: 12.5044   (Y': 12.2189   Cb: 13.6791   Cr: 12.6579 )
00000805: 12.5557   (Y': 12.2783   Cb: 13.69     Cr: 12.7061 )
00000806: 12.5265   (Y': 12.2312   Cb: 13.701    Cr: 12.7239 )
00000807: 12.4974   (Y': 12.2038   Cb: 13.6782   Cr: 12.6827 )
00000808: 12.527    (Y': 12.2447   Cb: 13.6569   Cr: 12.7022 )
00000809: 12.5244   (Y': 12.2331   Cb: 13.7234   Cr: 12.6849 )
00000810: 12.516    (Y': 12.2314   Cb: 13.651    Cr: 12.6973 )
00000812: 12.5182   (Y': 12.2396   Cb: 13.6306   Cr: 12.6908 )
00000811: 12.538    (Y': 12.2635   Cb: 13.6615   Cr: 12.6838 )
00000813: 12.5383   (Y': 12.2625   Cb: 13.6933   Cr: 12.6652 )
00000814: 12.6197   (Y': 12.3546   Cb: 13.7597   Cr: 12.7114 )
00000815: 12.6933   (Y': 12.4386   Cb: 13.8236   Cr: 12.7482 )
00000816: 12.7156   (Y': 12.495    Cb: 13.8102   Cr: 12.6537 )
00000817: 12.7098   (Y': 12.4655   Cb: 13.7781   Cr: 12.7681 )
00000818: 12.6599   (Y': 12.4273   Cb: 13.7584   Cr: 12.6454 )
00000820: 13.3366   (Y': 13.1916   Cb: 14.1714   Cr: 13.17   )
00000819: 12.658    (Y': 12.4437   Cb: 13.6494   Cr: 12.6504 )
00000821: 14.4303   (Y': 14.3768   Cb: 15.0453   Cr: 14.0858 )
00000822: 14.4264   (Y': 14.3505   Cb: 15.0717   Cr: 14.1422 )
00000823: 13.7127   (Y': 13.5833   Cb: 14.543    Cr: 13.4885 )
00000824: 13.3841   (Y': 13.2106   Cb: 14.3306   Cr: 13.2442 )
00000825: 13.2415   (Y': 13.0424   Cb: 14.2196   Cr: 13.1811 )
00000826: 13.1511   (Y': 12.9564   Cb: 14.1811   Cr: 13.0321 )
00000828: 12.6555   (Y': 12.4398   Cb: 13.652    Cr: 12.6497 )
00000827: 13.0958   (Y': 12.89     Cb: 14.0917   Cr: 13.0491 )
00000829: 12.6751   (Y': 12.4367   Cb: 13.7798   Cr: 12.6799 )
00000830: 12.7755   (Y': 12.5606   Cb: 13.7518   Cr: 12.7824 )
00000831: 12.7385   (Y': 12.5089   Cb: 13.7566   Cr: 12.774  )
00000832: 12.7075   (Y': 12.4613   Cb: 13.7828   Cr: 12.7688 )
00000833: 12.7028   (Y': 12.4821   Cb: 13.755    Cr: 12.6746 )
00000834: 12.7058   (Y': 12.4897   Cb: 13.7251   Cr: 12.6836 )
00000835: 12.6796   (Y': 12.444    Cb: 13.7151   Cr: 12.7266 )
00000836: 12.6044   (Y': 12.3563   Cb: 13.7057   Cr: 12.6535 )
00000837: 12.6224   (Y': 12.384    Cb: 13.675    Cr: 12.6681 )
00000838: 12.6687   (Y': 12.4285   Cb: 13.7247   Cr: 12.7195 )
00000839: 12.7159   (Y': 12.485    Cb: 13.7911   Cr: 12.7121 )
00000840: 12.708    (Y': 12.4723   Cb: 13.7307   Cr: 12.7658 )
00000841: 12.71     (Y': 12.4655   Cb: 13.7816   Cr: 12.7669 )
00000842: 12.6922   (Y': 12.463    Cb: 13.7221   Cr: 12.7168 )
00000843: 12.6487   (Y': 12.3999   Cb: 13.7273   Cr: 12.7187 )
00000844: 12.6173   (Y': 12.3627   Cb: 13.6966   Cr: 12.7118 )
00000845: 12.5426   (Y': 12.2622   Cb: 13.7102   Cr: 12.6793 )
00000846: 12.5211   (Y': 12.237    Cb: 13.654    Cr: 12.702  )
00000847: 12.498    (Y': 12.2165   Cb: 13.6352   Cr: 12.6636 )
00000848: 12.5365   (Y': 12.274    Cb: 13.5722   Cr: 12.7006 )
00000849: 12.5571   (Y': 12.2919   Cb: 13.681    Cr: 12.6619 )
00000850: 12.5773   (Y': 12.3165   Cb: 13.6417   Cr: 12.7107 )
00000851: 12.5429   (Y': 12.2758   Cb: 13.6171   Cr: 12.6955 )
00000852: 12.5471   (Y': 12.2881   Cb: 13.5896   Cr: 12.6901 )
00000853: 12.5272   (Y': 12.2487   Cb: 13.6318   Cr: 12.7056 )
00000854: 12.5035   (Y': 12.2088   Cb: 13.6026   Cr: 12.7594 )
00000855: 12.4899   (Y': 12.2109   Cb: 13.5882   Cr: 12.6758 )
00000856: 12.4587   (Y': 12.1542   Cb: 13.6197   Cr: 12.7085 )
00000857: 12.4969   (Y': 12.1941   Cb: 13.6472   Cr: 12.7481 )
00000858: 12.4734   (Y': 12.1983   Cb: 13.577    Cr: 12.6384 )
00000859: 12.4458   (Y': 12.1507   Cb: 13.614    Cr: 12.6476 )
00000860: 12.4911   (Y': 12.2082   Cb: 13.5975   Cr: 12.688  )
00000861: 12.5129   (Y': 12.2214   Cb: 13.6791   Cr: 12.7    )
00000862: 12.5101   (Y': 12.2293   Cb: 13.629    Cr: 12.6878 )
00000863: 12.4692   (Y': 12.1798   Cb: 13.6153   Cr: 12.663  )
00000864: 12.4324   (Y': 12.1315   Cb: 13.6073   Cr: 12.6551 )
00000865: 12.4243   (Y': 12.1205   Cb: 13.6049   Cr: 12.6553 )
00000866: 12.4643   (Y': 12.1718   Cb: 13.6086   Cr: 12.6737 )
00000867: 12.4472   (Y': 12.1359   Cb: 13.6608   Cr: 12.6858 )
00000868: 12.6178   (Y': 12.3639   Cb: 13.658    Cr: 12.7405 )
00000869: 12.5629   (Y': 12.3019   Cb: 13.6095   Cr: 12.711  )
00000870: 12.5505   (Y': 12.2751   Cb: 13.6221   Cr: 12.7427 )
00000871: 12.666    (Y': 12.3905   Cb: 13.753    Cr: 12.8456 )
00000872: 12.6143   (Y': 12.3637   Cb: 13.6426   Cr: 12.7322 )
00000873: 12.6378   (Y': 12.3763   Cb: 13.6753   Cr: 12.7959 )
00000874: 12.771    (Y': 12.5327   Cb: 13.7948   Cr: 12.8394 )
00000875: 12.7732   (Y': 12.5279   Cb: 13.7426   Cr: 12.916  )
00000876: 12.7291   (Y': 12.4479   Cb: 13.7889   Cr: 12.9563 )
00000877: 12.7172   (Y': 12.4568   Cb: 13.7743   Cr: 12.8542 )
00000879: 12.6772   (Y': 12.4124   Cb: 13.6976   Cr: 12.8643 )
00000878: 12.7024   (Y': 12.4404   Cb: 13.7523   Cr: 12.8527 )
00000880: 12.6959   (Y': 12.4316   Cb: 13.6763   Cr: 12.9138 )
00000881: 12.721    (Y': 12.4459   Cb: 13.7697   Cr: 12.9303 )
00000882: 12.7222   (Y': 12.446    Cb: 13.7768   Cr: 12.9315 )
00000883: 12.7547   (Y': 12.438    Cb: 13.8829   Cr: 13.088  )
00000884: 12.7892   (Y': 12.4718   Cb: 13.8911   Cr: 13.1474 )
00000885: 12.7541   (Y': 12.4203   Cb: 13.9106   Cr: 13.1436 )
00000886: 12.79     (Y': 12.4328   Cb: 14.0482   Cr: 13.2057 )
00000887: 12.8271   (Y': 12.4342   Cb: 14.1831   Cr: 13.3358 )
00000888: 12.8759   (Y': 12.4972   Cb: 14.1676   Cr: 13.3684 )
00000889: 13.4359   (Y': 13.1069   Cb: 14.6945   Cr: 13.7195 )
00000890: 14.1493   (Y': 13.8301   Cb: 15.2912   Cr: 14.4828 )
00000891: 14.0022   (Y': 13.6106   Cb: 15.3249   Cr: 14.5319 )
00000892: 13.391    (Y': 12.9401   Cb: 15.003    Cr: 13.9832 )
00000893: 12.6662   (Y': 12.1218   Cb: 14.5668   Cr: 13.5269 )
00000894: 12.6726   (Y': 12.1654   Cb: 14.4267   Cr: 13.4469 )
00000895: 12.6218   (Y': 12.1151   Cb: 14.3973   Cr: 13.3758 )
00000896: 12.6639   (Y': 12.1629   Cb: 14.365    Cr: 13.4474 )
00000897: 12.5459   (Y': 12.0564   Cb: 14.2464   Cr: 13.2683 )
00000898: 12.8041   (Y': 12.3505   Cb: 14.4036   Cr: 13.4205 )
00000899: 12.8939   (Y': 12.4532   Cb: 14.5201   Cr: 13.4243 )
00000900: 12.9953   (Y': 12.595    Cb: 14.5909   Cr: 13.3512 )
00000901: 13.0024   (Y': 12.5709   Cb: 14.654    Cr: 13.4676 )
00000902: 13.0233   (Y': 12.576    Cb: 14.6952   Cr: 13.5508 )
00000903: 12.9016   (Y': 12.377    Cb: 14.8248   Cr: 13.6368 )
00000904: 12.7986   (Y': 12.2512   Cb: 14.7424   Cr: 13.6419 )
00000905: 13.1655   (Y': 12.708    Cb: 14.8463   Cr: 13.7376 )
00000906: 13.2314   (Y': 12.7833   Cb: 14.9418   Cr: 13.7333 )
00000907: 13.4262   (Y': 13.0016   Cb: 15.0535   Cr: 13.8762 )
00000908: 13.4198   (Y': 13.0001   Cb: 15.0456   Cr: 13.8462 )
00000909: 13.1319   (Y': 12.663    Cb: 14.8272   Cr: 13.7508 )
00000910: 13.0741   (Y': 12.5722   Cb: 14.8978   Cr: 13.7654 )
00000911: 12.9764   (Y': 12.516    Cb: 14.607    Cr: 13.603  )
00000912: 13.0297   (Y': 12.5344   Cb: 14.8479   Cr: 13.6904 )
00000913: 13.0545   (Y': 12.5587   Cb: 14.9231   Cr: 13.6792 )
00000914: 13.0319   (Y': 12.5304   Cb: 14.8825   Cr: 13.7006 )
00000915: 12.9773   (Y': 12.4889   Cb: 14.8733   Cr: 13.544  )
00000916: 12.9865   (Y': 12.4924   Cb: 14.8833   Cr: 13.5815 )
00000917: 12.9505   (Y': 12.4734   Cb: 14.8424   Cr: 13.4632 )
00000918: 12.6467   (Y': 12.1817   Cb: 14.4401   Cr: 13.1713 )
00000919: 12.4908   (Y': 12.1254   Cb: 13.8846   Cr: 12.8369 )
00000920: 12.4528   (Y': 12.1277   Cb: 13.7304   Cr: 12.7035 )
00000921: 12.5064   (Y': 12.2466   Cb: 13.6438   Cr: 12.5772 )
00000922: 12.5367   (Y': 12.2467   Cb: 13.6583   Cr: 12.7531 )
00000923: 12.5825   (Y': 12.3225   Cb: 13.7472   Cr: 12.633  )
00000924: 12.604    (Y': 12.3591   Cb: 13.7196   Cr: 12.6281 )
00000925: 12.5879   (Y': 12.3302   Cb: 13.7294   Cr: 12.6461 )
00000926: 12.5755   (Y': 12.3056   Cb: 13.7203   Cr: 12.6845 )
00000927: 12.558    (Y': 12.2747   Cb: 13.6855   Cr: 12.7402 )
00000928: 12.511    (Y': 12.2448   Cb: 13.5929   Cr: 12.6539 )
00000929: 12.5402   (Y': 12.2886   Cb: 13.5592   Cr: 12.67   )
00000930: 12.5316   (Y': 12.271    Cb: 13.5854   Cr: 12.6722 )
00000931: 13.4504   (Y': 13.2841   Cb: 14.2473   Cr: 13.401  )
00000932: 14.0751   (Y': 13.9592   Cb: 14.7428   Cr: 13.9285 )
00000933: 13.2279   (Y': 12.9901   Cb: 14.2085   Cr: 13.329  )
00000934: 12.945    (Y': 12.6453   Cb: 14.0958   Cr: 13.1813 )
00000935: 12.7657   (Y': 12.4658   Cb: 13.9327   Cr: 12.9899 )
00000936: 12.5606   (Y': 12.2183   Cb: 13.8193   Cr: 12.906  )
00000937: 12.5546   (Y': 12.2161   Cb: 13.8321   Cr: 12.867  )
00000938: 12.2143   (Y': 11.8672   Cb: 13.4455   Cr: 12.6045 )
00000939: 12.1088   (Y': 11.7429   Cb: 13.3686   Cr: 12.5653 )
00000940: 12.1106   (Y': 11.7539   Cb: 13.3589   Cr: 12.5322 )
00000941: 12.0688   (Y': 11.674    Cb: 13.4486   Cr: 12.5674 )
00000942: 12.1558   (Y': 11.8159   Cb: 13.4615   Cr: 12.452  )
00000943: 12.2436   (Y': 11.9068   Cb: 13.4354   Cr: 12.6178 )
00000944: 12.3683   (Y': 12.095    Cb: 13.3898   Cr: 12.5923 )
00000945: 12.3292   (Y': 12.0221   Cb: 13.4152   Cr: 12.6528 )
00000946: 12.3093   (Y': 11.9985   Cb: 13.4151   Cr: 12.6339 )
00000947: 12.3395   (Y': 12.0295   Cb: 13.4817   Cr: 12.6302 )
00000948: 12.3481   (Y': 12.0419   Cb: 13.4685   Cr: 12.6391 )
00000949: 12.2765   (Y': 11.9618   Cb: 13.4241   Cr: 12.5845 )
00000950: 12.2934   (Y': 11.9785   Cb: 13.4161   Cr: 12.6228 )
00000951: 12.2201   (Y': 11.8657   Cb: 13.4654   Cr: 12.6335 )
00000952: 12.1822   (Y': 11.8387   Cb: 13.3596   Cr: 12.6006 )
00000953: 12.1786   (Y': 11.8282   Cb: 13.3675   Cr: 12.6198 )
00000954: 12.2242   (Y': 11.8523   Cb: 13.4873   Cr: 12.7074 )
00000955: 12.2655   (Y': 11.917    Cb: 13.4992   Cr: 12.6608 )
00000956: 12.2747   (Y': 11.9657   Cb: 13.3495   Cr: 12.6168 )
00000957: 12.2962   (Y': 11.9739   Cb: 13.4342   Cr: 12.6473 )
00000958: 12.2959   (Y': 11.9855   Cb: 13.4187   Cr: 12.6048 )
00000959: 12.3861   (Y': 12.0799   Cb: 13.5185   Cr: 12.6672 )
00000960: 12.4549   (Y': 12.1814   Cb: 13.488    Cr: 12.6701 )
00000961: 12.4187   (Y': 12.1341   Cb: 13.4611   Cr: 12.6761 )
00000962: 12.363    (Y': 12.049    Cb: 13.4979   Cr: 12.6778 )
00000963: 12.4146   (Y': 12.1184   Cb: 13.4905   Cr: 12.6969 )
00000964: 12.4512   (Y': 12.1637   Cb: 13.5445   Cr: 12.6792 )
00000965: 12.4276   (Y': 12.1488   Cb: 13.4833   Cr: 12.648  )
00000966: 12.4402   (Y': 12.1575   Cb: 13.5182   Cr: 12.6596 )
00000967: 12.405    (Y': 12.1204   Cb: 13.4812   Cr: 12.6343 )
00000968: 12.4218   (Y': 12.122    Cb: 13.5484   Cr: 12.6786 )
00000969: 12.3381   (Y': 12.0239   Cb: 13.5014   Cr: 12.6303 )
00000970: 12.3427   (Y': 12.0247   Cb: 13.4969   Cr: 12.6597 )
00000971: 12.3534   (Y': 12.04     Cb: 13.5551   Cr: 12.6108 )
00000972: 12.3657   (Y': 12.0529   Cb: 13.5316   Cr: 12.65   )
00000973: 12.2934   (Y': 11.961    Cb: 13.568    Cr: 12.5799 )
00000974: 12.3369   (Y': 12.0378   Cb: 13.4784   Cr: 12.5785 )
00000975: 12.3454   (Y': 12.0326   Cb: 13.5498   Cr: 12.5985 )
00000976: 12.3629   (Y': 12.0662   Cb: 13.449    Cr: 12.639  )
00000977: 12.3705   (Y': 12.0682   Cb: 13.4895   Cr: 12.6448 )
00000978: 12.404    (Y': 12.0929   Cb: 13.6208   Cr: 12.6391 )
00000979: 12.3687   (Y': 12.0595   Cb: 13.503    Cr: 12.6621 )
00000980: 12.3848   (Y': 12.0725   Cb: 13.515    Cr: 12.6954 )
00000981: 12.3616   (Y': 12.0315   Cb: 13.5815   Cr: 12.6815 )
00000982: 12.3864   (Y': 12.0869   Cb: 13.5046   Cr: 12.6485 )
00000983: 12.4145   (Y': 12.1104   Cb: 13.5913   Cr: 12.6501 )
00000984: 12.4073   (Y': 12.0967   Cb: 13.5209   Cr: 12.724  )
00000985: 12.36     (Y': 12.0514   Cb: 13.4977   Cr: 12.6479 )
00000986: 12.3919   (Y': 12.0706   Cb: 13.566    Cr: 12.7081 )
00000987: 12.3647   (Y': 12.068    Cb: 13.4784   Cr: 12.6183 )
00000988: 12.3759   (Y': 12.0787   Cb: 13.5057   Cr: 12.6181 )
00000989: 12.409    (Y': 12.1103   Cb: 13.5607   Cr: 12.6403 )
00000990: 12.391    (Y': 12.1016   Cb: 13.4885   Cr: 12.6243 )
00000991: 12.3759   (Y': 12.0658   Cb: 13.5438   Cr: 12.6455 )
00000992: 12.4077   (Y': 12.1189   Cb: 13.5509   Cr: 12.6013 )
00000993: 12.3945   (Y': 12.108    Cb: 13.4709   Cr: 12.6322 )
00000994: 12.408    (Y': 12.0985   Cb: 13.586    Cr: 12.6669 )
00000995: 12.337    (Y': 12.0287   Cb: 13.4912   Cr: 12.6096 )
00000996: 12.3196   (Y': 12.0056   Cb: 13.5146   Cr: 12.5853 )
00000997: 12.3461   (Y': 12.0259   Cb: 13.492    Cr: 12.6805 )
00000998: 12.3506   (Y': 12.0435   Cb: 13.5112   Cr: 12.6128 )
00000999: 12.3643   (Y': 12.0541   Cb: 13.5412   Cr: 12.6277 )
00001000: 12.3747   (Y': 12.0872   Cb: 13.4708   Cr: 12.6002 )
00001001: 12.334    (Y': 12.0264   Cb: 13.4649   Cr: 12.6225 )
00001002: 12.3602   (Y': 12.0656   Cb: 13.4823   Cr: 12.597  )
00001003: 12.3263   (Y': 12.0261   Cb: 13.4461   Cr: 12.5908 )
00001004: 12.3618   (Y': 12.0567   Cb: 13.5527   Cr: 12.5902 )
00001005: 12.3457   (Y': 12.0441   Cb: 13.4975   Cr: 12.5902 )
00001006: 12.3844   (Y': 12.0815   Cb: 13.4354   Cr: 12.7179 )
00001007: 12.3402   (Y': 12.0463   Cb: 13.4125   Cr: 12.6148 )
00001008: 12.3535   (Y': 12.0542   Cb: 13.4565   Cr: 12.6273 )
00001009: 12.3542   (Y': 12.0634   Cb: 13.4321   Cr: 12.6098 )
00001010: 12.3729   (Y': 12.0712   Cb: 13.5567   Cr: 12.5923 )
00001011: 12.3649   (Y': 12.062    Cb: 13.5068   Cr: 12.6231 )
00001012: 12.3802   (Y': 12.0738   Cb: 13.519    Cr: 12.6574 )
00001013: 12.3903   (Y': 12.0801   Cb: 13.5201   Cr: 12.6915 )
00001014: 12.3979   (Y': 12.1009   Cb: 13.4826   Cr: 12.6762 )
00001015: 12.4      (Y': 12.0955   Cb: 13.5804   Cr: 12.634  )
00001016: 12.3694   (Y': 12.0763   Cb: 13.5276   Cr: 12.5701 )
00001018: 12.3647   (Y': 12.0578   Cb: 13.5135   Cr: 12.6356 )
00001017: 12.3437   (Y': 12.0351   Cb: 13.504    Cr: 12.6129 )
00001019: 12.4104   (Y': 12.1267   Cb: 13.5082   Cr: 12.6179 )
00001020: 12.6297   (Y': 12.3818   Cb: 13.6236   Cr: 12.7637 )
00001021: 12.59     (Y': 12.3181   Cb: 13.6701   Cr: 12.7592 )
00001022: 12.492    (Y': 12.2238   Cb: 13.5387   Cr: 12.6722 )
00001023: 12.4987   (Y': 12.2079   Cb: 13.5829   Cr: 12.7494 )
00001024: 12.4793   (Y': 12.1978   Cb: 13.5643   Cr: 12.6871 )
00001026: 12.4668   (Y': 12.1897   Cb: 13.5243   Cr: 12.6776 )
00001025: 12.4593   (Y': 12.1696   Cb: 13.5886   Cr: 12.6685 )
00001027: 12.4657   (Y': 12.1905   Cb: 13.5179   Cr: 12.6726 )
00001028: 12.4425   (Y': 12.1632   Cb: 13.5347   Cr: 12.6349 )
Total: 12.5574   (Y': 12.2638   Cb: 13.7204   Cr: 12.7571 )
