00000004: 16.476    (Y': 17.872    Cb: 14.3962   Cr: 14.7578 )
00000000: 37.4581   (Y': INF       Cb: 32.6869   Cr: 32.6869 )
00000003: 16.4537   (Y': 17.8732   Cb: 14.4109   Cr: 14.6506 )
00000001: 16.4865   (Y': 17.8007   Cb: 14.5752   Cr: 14.7501 )
00000007: 16.384    (Y': 17.8392   Cb: 14.2245   Cr: 14.6387 )
00000005: 16.4269   (Y': 17.8507   Cb: 14.3313   Cr: 14.6718 )
00000006: 16.3645   (Y': 17.8159   Cb: 14.2197   Cr: 14.6103 )
00000002: 16.8135   (Y': 17.9023   Cb: 15.2865   Cr: 15.1533 )
00000008: 16.4018   (Y': 17.8762   Cb: 14.2519   Cr: 14.6093 )
00000009: 16.3942   (Y': 17.8861   Cb: 14.2309   Cr: 14.5836 )
00000010: 16.379    (Y': 17.8952   Cb: 14.1848   Cr: 14.5566 )
00000011: 16.3879   (Y': 17.8969   Cb: 14.1762   Cr: 14.5982 )
00000012: 16.3836   (Y': 17.9069   Cb: 14.1587   Cr: 14.5817 )
00000013: 16.4026   (Y': 17.9235   Cb: 14.1762   Cr: 14.6068 )
00000014: 16.3716   (Y': 17.9187   Cb: 14.1279   Cr: 14.5462 )
00000015: 16.3535   (Y': 17.9      Cb: 14.1143   Cr: 14.5242 )
00000016: 16.348    (Y': 17.901    Cb: 14.0863   Cr: 14.5319 )
00000017: 16.3407   (Y': 17.8904   Cb: 14.095    Cr: 14.5128 )
00000018: 16.2998   (Y': 17.8849   Cb: 14.0127   Cr: 14.4529 )
00000019: 16.353    (Y': 17.8677   Cb: 14.1653   Cr: 14.5264 )
00000020: 16.3223   (Y': 17.8698   Cb: 14.0711   Cr: 14.5044 )
00000021: 16.3056   (Y': 17.86     Cb: 14.0875   Cr: 14.4391 )
00000022: 16.3213   (Y': 17.8824   Cb: 14.0672   Cr: 14.4817 )
00000023: 16.3082   (Y': 17.8722   Cb: 14.0324   Cr: 14.4872 )
00000025: 16.3029   (Y': 17.8501   Cb: 14.053    Cr: 14.4841 )
00000024: 16.3166   (Y': 17.8332   Cb: 14.1194   Cr: 14.4966 )
00000026: 16.3041   (Y': 17.8519   Cb: 14.0464   Cr: 14.493  )
00000028: 16.3098   (Y': 17.8311   Cb: 14.1093   Cr: 14.4847 )
00000029: 16.3012   (Y': 17.8452   Cb: 14.0618   Cr: 14.4772 )
00000027: 16.3164   (Y': 17.8781   Cb: 14.0781   Cr: 14.4586 )
00000030: 16.314    (Y': 17.8609   Cb: 14.0483   Cr: 14.5136 )
00000031: 16.3114   (Y': 17.8506   Cb: 14.0625   Cr: 14.5066 )
00000032: 16.3075   (Y': 17.8815   Cb: 14.0446   Cr: 14.454  )
00000033: 16.3053   (Y': 17.8538   Cb: 14.0742   Cr: 14.4639 )
00000034: 16.305    (Y': 17.8675   Cb: 14.0583   Cr: 14.455  )
00000035: 16.3125   (Y': 17.8529   Cb: 14.0879   Cr: 14.4787 )
00000036: 16.293    (Y': 17.8326   Cb: 14.0525   Cr: 14.4779 )
00000038: 16.2983   (Y': 17.8627   Cb: 14.0286   Cr: 14.4699 )
00000039: 16.3221   (Y': 17.8659   Cb: 14.0709   Cr: 14.5111 )
00000037: 16.2926   (Y': 17.8353   Cb: 14.0589   Cr: 14.4643 )
00000040: 16.3052   (Y': 17.849    Cb: 14.0687   Cr: 14.4781 )
00000041: 16.3171   (Y': 17.8755   Cb: 14.0724   Cr: 14.4722 )
00000042: 16.2977   (Y': 17.8498   Cb: 14.0687   Cr: 14.4472 )
00000044: 16.2986   (Y': 17.8279   Cb: 14.0782   Cr: 14.4806 )
00000043: 16.3254   (Y': 17.8708   Cb: 14.0956   Cr: 14.4879 )
00000045: 16.309    (Y': 17.8719   Cb: 14.0421   Cr: 14.4804 )
00000047: 16.3042   (Y': 17.8446   Cb: 14.0802   Cr: 14.4695 )
00000046: 16.3161   (Y': 17.8738   Cb: 14.1044   Cr: 14.4366 )
00000048: 16.2942   (Y': 17.8382   Cb: 14.0606   Cr: 14.4635 )
00000049: 16.2986   (Y': 17.8441   Cb: 14.0705   Cr: 14.4592 )
00000050: 16.3114   (Y': 17.8445   Cb: 14.1299   Cr: 14.444  )
00000051: 16.3011   (Y': 17.8508   Cb: 14.0959   Cr: 14.4291 )
00000052: 16.2905   (Y': 17.8477   Cb: 14.0488   Cr: 14.4442 )
00000053: 16.2915   (Y': 17.8327   Cb: 14.0388   Cr: 14.4869 )
00000054: 16.295    (Y': 17.8566   Cb: 14.0557   Cr: 14.4382 )
00000055: 16.2928   (Y': 17.856    Cb: 14.0254   Cr: 14.4642 )
00000056: 16.3108   (Y': 17.8505   Cb: 14.0472   Cr: 14.5212 )
00000057: 16.3204   (Y': 17.8492   Cb: 14.1004   Cr: 14.5027 )
00000059: 16.2958   (Y': 17.8391   Cb: 14.0723   Cr: 14.4553 )
00000058: 16.3217   (Y': 17.8352   Cb: 14.1194   Cr: 14.5132 )
00000061: 16.3225   (Y': 17.8452   Cb: 14.1088   Cr: 14.5094 )
00000062: 16.3221   (Y': 17.8534   Cb: 14.0924   Cr: 14.5105 )
00000060: 16.2873   (Y': 17.8394   Cb: 14.052    Cr: 14.4436 )
00000063: 16.3119   (Y': 17.841    Cb: 14.0996   Cr: 14.4853 )
00000064: 16.3177   (Y': 17.8665   Cb: 14.0923   Cr: 14.4691 )
00000065: 16.3159   (Y': 17.8359   Cb: 14.0849   Cr: 14.527  )
00000066: 16.3001   (Y': 17.8462   Cb: 14.0993   Cr: 14.43   )
00000067: 16.3071   (Y': 17.8516   Cb: 14.0905   Cr: 14.457  )
00000068: 16.2964   (Y': 17.8643   Cb: 14.0985   Cr: 14.3838 )
00000069: 16.2739   (Y': 17.8516   Cb: 14.0317   Cr: 14.3915 )
00000071: 16.2435   (Y': 17.8455   Cb: 13.9674   Cr: 14.354  )
00000070: 16.2501   (Y': 17.8582   Cb: 13.9875   Cr: 14.3351 )
00000072: 16.2808   (Y': 17.8833   Cb: 13.9933   Cr: 14.4031 )
00000073: 16.2293   (Y': 17.8672   Cb: 13.9343   Cr: 14.297  )
00000074: 16.228    (Y': 17.8599   Cb: 13.9559   Cr: 14.2811 )
00000075: 16.2411   (Y': 17.845    Cb: 13.9762   Cr: 14.336  )
00000076: 16.2705   (Y': 17.8877   Cb: 14.0289   Cr: 14.3169 )
00000078: 16.2658   (Y': 17.8986   Cb: 13.9533   Cr: 14.3617 )
00000077: 16.2517   (Y': 17.8554   Cb: 13.9779   Cr: 14.357  )
00000079: 16.2798   (Y': 17.8862   Cb: 14.0078   Cr: 14.3783 )
00000080: 16.2574   (Y': 17.8707   Cb: 13.9795   Cr: 14.3497 )
00000081: 16.245    (Y': 17.8463   Cb: 13.96     Cr: 14.3666 )
00000082: 16.2553   (Y': 17.8964   Cb: 13.9482   Cr: 14.3305 )
00000083: 16.2508   (Y': 17.8709   Cb: 13.9561   Cr: 14.3497 )
00000084: 16.2455   (Y': 17.8508   Cb: 13.9593   Cr: 14.3613 )
00000085: 16.2711   (Y': 17.8848   Cb: 13.9614   Cr: 14.3976 )
00000086: 16.1082   (Y': 17.8408   Cb: 13.7349   Cr: 14.0977 )
00000087: 16.1386   (Y': 17.771    Cb: 13.9534   Cr: 14.0995 )
00000088: 16.1921   (Y': 17.8294   Cb: 13.8646   Cr: 14.2963 )
00000089: 16.1883   (Y': 17.8047   Cb: 13.8848   Cr: 14.303  )
00000090: 16.1783   (Y': 17.8157   Cb: 13.8468   Cr: 14.2865 )
00000091: 16.2155   (Y': 17.8601   Cb: 13.9236   Cr: 14.2679 )
00000092: 16.2089   (Y': 17.8698   Cb: 13.8643   Cr: 14.2905 )
00000093: 16.2465   (Y': 17.8988   Cb: 13.8928   Cr: 14.3534 )
00000094: 16.1998   (Y': 17.8676   Cb: 13.8394   Cr: 14.2867 )
00000095: 16.2122   (Y': 17.8583   Cb: 13.8737   Cr: 14.313  )
00000096: 16.18     (Y': 17.8331   Cb: 13.7882   Cr: 14.328  )
00000097: 16.1676   (Y': 17.8175   Cb: 13.8319   Cr: 14.2584 )
00000098: 16.152    (Y': 17.7942   Cb: 13.8009   Cr: 14.2736 )
00000099: 16.1697   (Y': 17.8141   Cb: 13.8242   Cr: 14.2811 )
00000100: 16.1746   (Y': 17.8248   Cb: 13.8079   Cr: 14.2997 )
00000101: 16.1616   (Y': 17.802    Cb: 13.8194   Cr: 14.2768 )
00000102: 16.1688   (Y': 17.8113   Cb: 13.8062   Cr: 14.3028 )
00000103: 16.2046   (Y': 17.8463   Cb: 13.8318   Cr: 14.3517 )
00000104: 16.2231   (Y': 17.8727   Cb: 13.8126   Cr: 14.3986 )
00000105: 16.2376   (Y': 17.9237   Cb: 13.8539   Cr: 14.3181 )
00000106: 16.2747   (Y': 17.9185   Cb: 13.8915   Cr: 14.4296 )
00000107: 16.2526   (Y': 17.916    Cb: 13.864    Cr: 14.3786 )
00000108: 16.2396   (Y': 17.9266   Cb: 13.8269   Cr: 14.3511 )
00000109: 16.2574   (Y': 17.9516   Cb: 13.8459   Cr: 14.355  )
00000110: 16.2342   (Y': 17.8948   Cb: 13.8382   Cr: 14.3738 )
00000111: 16.2129   (Y': 17.8417   Cb: 13.8663   Cr: 14.3534 )
00000112: 16.2023   (Y': 17.8359   Cb: 13.8578   Cr: 14.3319 )
00000113: 16.151    (Y': 17.802    Cb: 13.7886   Cr: 14.2699 )
00000114: 16.1405   (Y': 17.7758   Cb: 13.8188   Cr: 14.2418 )
00000115: 16.129    (Y': 17.7263   Cb: 13.8169   Cr: 14.2879 )
00000116: 16.1449   (Y': 17.7847   Cb: 13.7925   Cr: 14.2724 )
00000117: 16.1532   (Y': 17.7793   Cb: 13.8137   Cr: 14.2907 )
00000118: 16.1451   (Y': 17.7933   Cb: 13.7812   Cr: 14.2706 )
00000119: 16.2951   (Y': 17.8402   Cb: 13.9402   Cr: 14.5994 )
00000121: 16.2952   (Y': 17.8608   Cb: 13.8816   Cr: 14.6296 )
00000120: 16.3026   (Y': 17.8703   Cb: 13.8582   Cr: 14.6699 )
00000122: 16.3067   (Y': 17.8831   Cb: 13.8341   Cr: 14.6917 )
00000123: 16.3123   (Y': 17.8847   Cb: 13.9177   Cr: 14.6113 )
00000124: 16.2615   (Y': 17.8253   Cb: 13.8698   Cr: 14.5737 )
00000125: 16.2495   (Y': 17.8316   Cb: 13.8281   Cr: 14.562  )
00000126: 16.2759   (Y': 17.8462   Cb: 13.878    Cr: 14.5828 )
00000127: 16.2351   (Y': 17.7966   Cb: 13.8481   Cr: 14.5461 )
00000128: 16.2176   (Y': 17.7678   Cb: 13.8418   Cr: 14.5365 )
00000129: 16.2144   (Y': 17.7681   Cb: 13.8296   Cr: 14.5372 )
00000131: 16.2361   (Y': 17.7893   Cb: 13.8345   Cr: 14.58   )
00000132: 16.2223   (Y': 17.7844   Cb: 13.8087   Cr: 14.5636 )
00000133: 16.2369   (Y': 17.8098   Cb: 13.8204   Cr: 14.561  )
00000134: 16.2715   (Y': 17.8411   Cb: 13.8409   Cr: 14.6187 )
00000130: 16.2198   (Y': 17.7657   Cb: 13.8533   Cr: 14.5362 )
00000135: 16.2394   (Y': 17.7974   Cb: 13.8358   Cr: 14.5765 )
00000136: 16.2453   (Y': 17.7946   Cb: 13.859    Cr: 14.5787 )
00000137: 16.2065   (Y': 17.7504   Cb: 13.8147   Cr: 14.5565 )
00000138: 16.2018   (Y': 17.7562   Cb: 13.817    Cr: 14.5237 )
00000139: 16.1959   (Y': 17.7498   Cb: 13.8353   Cr: 14.4901 )
00000140: 16.1957   (Y': 17.7571   Cb: 13.8072   Cr: 14.5086 )
00000142: 16.2682   (Y': 17.7403   Cb: 13.9817   Cr: 14.6335 )
00000141: 16.2558   (Y': 17.745    Cb: 13.937    Cr: 14.6255 )
00000143: 16.2493   (Y': 17.7532   Cb: 13.8936   Cr: 14.6339 )
00000144: 16.2816   (Y': 17.7738   Cb: 13.9311   Cr: 14.6827 )
00000145: 16.2568   (Y': 17.7751   Cb: 13.9017   Cr: 14.6128 )
00000146: 16.2526   (Y': 17.7611   Cb: 13.8942   Cr: 14.6312 )
00000147: 16.2646   (Y': 17.7637   Cb: 13.9164   Cr: 14.6497 )
00000148: 16.3201   (Y': 17.8137   Cb: 13.9867   Cr: 14.6985 )
00000149: 16.3647   (Y': 17.8676   Cb: 14.0499   Cr: 14.7031 )
00000150: 16.4301   (Y': 17.9478   Cb: 14.0797   Cr: 14.7815 )
00000151: 16.4936   (Y': 18.0122   Cb: 14.1224   Cr: 14.8678 )
00000152: 16.5678   (Y': 18.029    Cb: 14.2637   Cr: 14.9754 )
00000153: 16.6443   (Y': 18.0758   Cb: 14.3749   Cr: 15.0702 )
00000155: 16.6986   (Y': 18.1457   Cb: 14.386    Cr: 15.1443 )
00000154: 16.6832   (Y': 18.1314   Cb: 14.3651   Cr: 15.1332 )
00000156: 16.6542   (Y': 18.0974   Cb: 14.3605   Cr: 15.0853 )
00000157: 16.6395   (Y': 18.0808   Cb: 14.3411   Cr: 15.0801 )
00000158: 16.647    (Y': 18.0554   Cb: 14.3883   Cr: 15.1068 )
00000159: 16.5943   (Y': 18.0115   Cb: 14.3564   Cr: 15.012  )
00000161: 16.3945   (Y': 17.7656   Cb: 14.226    Cr: 14.8251 )
00000160: 16.442    (Y': 17.8538   Cb: 14.2262   Cr: 14.8449 )
00000162: 16.4207   (Y': 17.8056   Cb: 14.2182   Cr: 14.8623 )
00000163: 16.4324   (Y': 17.8154   Cb: 14.2603   Cr: 14.8431 )
00000165: 16.4972   (Y': 17.9251   Cb: 14.305    Cr: 14.8411 )
00000164: 16.4756   (Y': 17.8415   Cb: 14.3273   Cr: 14.8934 )
00000166: 16.5182   (Y': 17.9094   Cb: 14.3157   Cr: 14.9474 )
00000167: 16.5423   (Y': 17.9785   Cb: 14.2925   Cr: 14.936  )
00000169: 16.5583   (Y': 18.0139   Cb: 14.2474   Cr: 14.9848 )
00000168: 16.5177   (Y': 17.9538   Cb: 14.2698   Cr: 14.9091 )
00000170: 16.5557   (Y': 18.0105   Cb: 14.289    Cr: 14.9319 )
00000171: 16.5841   (Y': 18.0488   Cb: 14.3038   Cr: 14.9569 )
00000172: 16.6437   (Y': 18.0833   Cb: 14.3352   Cr: 15.0996 )
00000173: 16.5997   (Y': 18.0269   Cb: 14.2674   Cr: 15.1092 )
00000174: 16.7348   (Y': 18.2011   Cb: 14.3725   Cr: 15.2015 )
00000175: 16.7432   (Y': 18.1611   Cb: 14.4819   Cr: 15.1868 )
00000176: 16.7336   (Y': 18.1373   Cb: 14.4252   Cr: 15.2624 )
00000177: 16.6908   (Y': 18.1071   Cb: 14.395    Cr: 15.1787 )
00000178: 16.6297   (Y': 18.0731   Cb: 14.3261   Cr: 15.072  )
00000179: 16.6574   (Y': 18.1172   Cb: 14.3227   Cr: 15.1041 )
00000180: 16.6521   (Y': 18.1017   Cb: 14.3133   Cr: 15.1242 )
00000181: 16.6291   (Y': 18.0692   Cb: 14.2858   Cr: 15.1258 )
00000183: 16.4989   (Y': 17.9934   Cb: 14.1097   Cr: 14.9422 )
00000182: 16.5471   (Y': 18.0477   Cb: 14.1323   Cr: 15.0094 )
00000184: 16.5489   (Y': 18.0475   Cb: 14.1742   Cr: 14.9665 )
00000185: 16.598    (Y': 18.0662   Cb: 14.2151   Cr: 15.0858 )
00000186: 16.6249   (Y': 18.0759   Cb: 14.2697   Cr: 15.1139 )
00000187: 16.6403   (Y': 18.1125   Cb: 14.27     Cr: 15.105  )
00000189: 16.7428   (Y': 18.1797   Cb: 14.386    Cr: 15.2626 )
00000188: 16.7197   (Y': 18.1851   Cb: 14.3278   Cr: 15.2245 )
00000190: 16.7425   (Y': 18.2024   Cb: 14.3868   Cr: 15.2139 )
00000191: 16.7081   (Y': 18.1694   Cb: 14.3386   Cr: 15.1937 )
00000193: 16.6986   (Y': 18.1382   Cb: 14.3922   Cr: 15.1519 )
00000192: 16.7079   (Y': 18.1449   Cb: 14.4133   Cr: 15.1524 )
00000194: 16.6695   (Y': 18.0863   Cb: 14.3621   Cr: 15.17   )
00000195: 16.6271   (Y': 18.0749   Cb: 14.33     Cr: 15.0527 )
00000196: 16.6192   (Y': 18.0552   Cb: 14.2741   Cr: 15.1263 )
00000197: 16.5864   (Y': 18.0151   Cb: 14.2722   Cr: 15.0712 )
00000199: 16.537    (Y': 17.9923   Cb: 14.2115   Cr: 14.9817 )
00000198: 16.5359   (Y': 18.011    Cb: 14.1912   Cr: 14.964  )
00000200: 16.5189   (Y': 17.9808   Cb: 14.1724   Cr: 14.9755 )
00000201: 16.5117   (Y': 17.9628   Cb: 14.2134   Cr: 14.9322 )
00000202: 16.6713   (Y': 18.0966   Cb: 14.4295   Cr: 15.0772 )
00000203: 16.6697   (Y': 18.0138   Cb: 14.5213   Cr: 15.1322 )
00000204: 16.701    (Y': 18.0533   Cb: 14.5191   Cr: 15.1854 )
00000205: 16.7358   (Y': 18.0698   Cb: 14.6537   Cr: 15.1437 )
00000206: 16.7392   (Y': 18.1081   Cb: 14.6389   Cr: 15.0973 )
00000207: 16.7582   (Y': 18.0777   Cb: 14.6806   Cr: 15.1908 )
00000208: 16.7345   (Y': 18.0458   Cb: 14.6539   Cr: 15.1878 )
00000209: 16.6657   (Y': 17.9687   Cb: 14.5939   Cr: 15.1261 )
00000210: 16.6068   (Y': 17.8637   Cb: 14.571    Cr: 15.1235 )
00000211: 16.5365   (Y': 17.792    Cb: 14.5065   Cr: 15.0495 )
00000212: 16.6247   (Y': 17.9041   Cb: 14.5541   Cr: 15.1332 )
00000213: 16.6763   (Y': 17.9703   Cb: 14.6533   Cr: 15.1007 )
00000214: 16.7317   (Y': 18.0558   Cb: 14.6303   Cr: 15.1818 )
00000215: 16.7112   (Y': 18.028    Cb: 14.635    Cr: 15.1479 )
00000216: 16.7047   (Y': 18.0661   Cb: 14.5702   Cr: 15.1161 )
00000217: 16.6952   (Y': 18.0347   Cb: 14.5978   Cr: 15.1093 )
00000218: 16.6604   (Y': 17.9943   Cb: 14.5923   Cr: 15.0531 )
00000219: 16.6278   (Y': 17.9395   Cb: 14.5683   Cr: 15.0562 )
00000220: 16.5888   (Y': 17.8866   Cb: 14.5129   Cr: 15.0646 )
00000221: 16.6565   (Y': 17.961    Cb: 14.5899   Cr: 15.108  )
00000222: 16.6684   (Y': 17.9829   Cb: 14.5599   Cr: 15.1465 )
00000223: 16.647    (Y': 17.9716   Cb: 14.5447   Cr: 15.0975 )
00000224: 16.6391   (Y': 17.933    Cb: 14.6219   Cr: 15.0573 )
00000225: 16.624    (Y': 17.9011   Cb: 14.5916   Cr: 15.094  )
00000226: 16.6198   (Y': 17.9022   Cb: 14.6018   Cr: 15.0624 )
00000227: 16.5525   (Y': 17.8324   Cb: 14.5203   Cr: 15.0167 )
00000229: 16.6284   (Y': 17.8993   Cb: 14.6005   Cr: 15.1063 )
00000231: 16.651    (Y': 17.9501   Cb: 14.6248   Cr: 15.0684 )
00000230: 16.6324   (Y': 17.9614   Cb: 14.5289   Cr: 15.0746 )
00000228: 16.5587   (Y': 17.8592   Cb: 14.5061   Cr: 15.0027 )
00000232: 16.6486   (Y': 17.9812   Cb: 14.5482   Cr: 15.0801 )
00000234: 16.6697   (Y': 17.986    Cb: 14.5947   Cr: 15.106  )
00000235: 16.5875   (Y': 17.8884   Cb: 14.5675   Cr: 14.9941 )
00000233: 16.6695   (Y': 17.9877   Cb: 14.5949   Cr: 15.1016 )
00000236: 16.5878   (Y': 17.8845   Cb: 14.5789   Cr: 14.9909 )
00000237: 16.5519   (Y': 17.8596   Cb: 14.5039   Cr: 14.9759 )
00000238: 16.6201   (Y': 17.9171   Cb: 14.5594   Cr: 15.0806 )
00000239: 16.5863   (Y': 17.896    Cb: 14.539    Cr: 15.005  )
00000240: 16.5835   (Y': 17.9005   Cb: 14.4899   Cr: 15.0395 )
00000241: 16.5603   (Y': 17.861    Cb: 14.5173   Cr: 14.9932 )
00000242: 16.5826   (Y': 17.8673   Cb: 14.5401   Cr: 15.0479 )
00000243: 16.578    (Y': 17.8878   Cb: 14.5339   Cr: 14.9933 )
00000244: 16.574    (Y': 17.8699   Cb: 14.5315   Cr: 15.0159 )
00000245: 16.6105   (Y': 17.9192   Cb: 14.5595   Cr: 15.0358 )
00000246: 16.5858   (Y': 17.9029   Cb: 14.5403   Cr: 14.9878 )
00000247: 16.5784   (Y': 17.8921   Cb: 14.5379   Cr: 14.9816 )
00000248: 16.6022   (Y': 17.8972   Cb: 14.537    Cr: 15.0718 )
00000249: 16.562    (Y': 17.8445   Cb: 14.5556   Cr: 14.9916 )
00000250: 16.5634   (Y': 17.8546   Cb: 14.523    Cr: 15.013  )
00000251: 16.5455   (Y': 17.8331   Cb: 14.5375   Cr: 14.9665 )
00000252: 16.5499   (Y': 17.8436   Cb: 14.5072   Cr: 14.9965 )
00000254: 16.5451   (Y': 17.8442   Cb: 14.5418   Cr: 14.9375 )
00000255: 16.5485   (Y': 17.8573   Cb: 14.5278   Cr: 14.9398 )
00000253: 16.5395   (Y': 17.83     Cb: 14.4949   Cr: 14.9952 )
00000256: 16.5299   (Y': 17.8228   Cb: 14.5022   Cr: 14.9617 )
00000257: 16.5593   (Y': 17.8504   Cb: 14.551    Cr: 14.9734 )
00000258: 16.5752   (Y': 17.8543   Cb: 14.6008   Cr: 14.9769 )
00000259: 16.5203   (Y': 17.8355   Cb: 14.5124   Cr: 14.8847 )
00000260: 16.5628   (Y': 17.8405   Cb: 14.5804   Cr: 14.9764 )
00000261: 16.5376   (Y': 17.8221   Cb: 14.5251   Cr: 14.97   )
00000262: 16.5524   (Y': 17.8355   Cb: 14.5089   Cr: 15.0226 )
00000263: 16.5587   (Y': 17.8469   Cb: 14.5552   Cr: 14.9736 )
00000264: 16.5593   (Y': 17.8478   Cb: 14.4892   Cr: 15.0479 )
00000265: 16.5532   (Y': 17.863    Cb: 14.4919   Cr: 14.9874 )
00000266: 16.5773   (Y': 17.8658   Cb: 14.5711   Cr: 14.9945 )
00000267: 16.5556   (Y': 17.8528   Cb: 14.5091   Cr: 14.9995 )
00000268: 16.5529   (Y': 17.8433   Cb: 14.5265   Cr: 14.9883 )
00000269: 16.5515   (Y': 17.8447   Cb: 14.5227   Cr: 14.9838 )
00000270: 16.5713   (Y': 17.8638   Cb: 14.5341   Cr: 15.0147 )
00000271: 16.5518   (Y': 17.8467   Cb: 14.5216   Cr: 14.982  )
00000272: 16.5835   (Y': 17.8792   Cb: 14.5537   Cr: 15.0117 )
00000273: 16.5477   (Y': 17.8428   Cb: 14.4906   Cr: 15.008  )
00000274: 16.5469   (Y': 17.8331   Cb: 14.5068   Cr: 15.0067 )
00000275: 16.5636   (Y': 17.8721   Cb: 14.5392   Cr: 14.9597 )
00000276: 16.5437   (Y': 17.8487   Cb: 14.4832   Cr: 14.9874 )
00000277: 16.5534   (Y': 17.8697   Cb: 14.482    Cr: 14.9858 )
00000278: 16.5908   (Y': 17.8863   Cb: 14.5452   Cr: 15.0375 )
00000279: 16.5969   (Y': 17.8703   Cb: 14.5661   Cr: 15.0727 )
00000280: 16.5957   (Y': 17.8971   Cb: 14.5542   Cr: 15.0254 )
00000281: 16.6034   (Y': 17.8927   Cb: 14.5586   Cr: 15.0619 )
00000282: 16.5637   (Y': 17.8677   Cb: 14.5409   Cr: 14.9675 )
00000283: 16.5773   (Y': 17.8867   Cb: 14.5099   Cr: 15.0193 )
00000284: 16.6742   (Y': 17.981    Cb: 14.6397   Cr: 15.0847 )
00000286: 16.65     (Y': 17.962    Cb: 14.5909   Cr: 15.0775 )
00000287: 16.6986   (Y': 18.0143   Cb: 14.6102   Cr: 15.1514 )
00000285: 16.6303   (Y': 17.9369   Cb: 14.5443   Cr: 15.0991 )
00000288: 16.6738   (Y': 17.967    Cb: 14.6484   Cr: 15.1025 )
00000289: 16.6091   (Y': 17.9056   Cb: 14.5417   Cr: 15.0779 )
00000290: 16.6605   (Y': 17.9787   Cb: 14.6154   Cr: 15.0597 )
00000291: 16.675    (Y': 17.9768   Cb: 14.6146   Cr: 15.125  )
00000292: 16.7048   (Y': 18.0148   Cb: 14.6216   Cr: 15.1637 )
00000293: 16.7153   (Y': 18.0378   Cb: 14.6569   Cr: 15.1205 )
00000294: 16.6738   (Y': 18.0151   Cb: 14.5751   Cr: 15.0857 )
00000295: 16.7021   (Y': 18.0118   Cb: 14.6279   Cr: 15.1514 )
00000296: 16.8106   (Y': 18.1285   Cb: 14.7536   Cr: 15.2235 )
00000297: 16.8063   (Y': 18.1846   Cb: 14.6763   Cr: 15.1785 )
00000298: 16.7915   (Y': 18.1404   Cb: 14.6752   Cr: 15.2078 )
00000299: 16.759    (Y': 18.0851   Cb: 14.669    Cr: 15.1923 )
00000300: 16.6467   (Y': 17.9914   Cb: 14.5496   Cr: 15.05   )
00000302: 16.6954   (Y': 18.0585   Cb: 14.5455   Cr: 15.121  )
00000301: 16.6793   (Y': 18.0176   Cb: 14.552    Cr: 15.1297 )
00000303: 16.6428   (Y': 17.996    Cb: 14.5639   Cr: 15.0085 )
00000304: 16.6246   (Y': 17.9643   Cb: 14.5185   Cr: 15.0481 )
00000305: 16.6138   (Y': 17.9461   Cb: 14.544    Cr: 15.0116 )
00000306: 16.665    (Y': 18.0216   Cb: 14.5494   Cr: 15.0648 )
00000307: 16.6218   (Y': 17.939    Cb: 14.5429   Cr: 15.0608 )
00000308: 16.6052   (Y': 17.9197   Cb: 14.5277   Cr: 15.048  )
00000310: 16.6544   (Y': 17.9997   Cb: 14.5327   Cr: 15.0842 )
00000309: 16.6731   (Y': 17.9816   Cb: 14.6037   Cr: 15.1196 )
00000311: 16.63     (Y': 17.9728   Cb: 14.5717   Cr: 14.9938 )
00000312: 16.6517   (Y': 17.9814   Cb: 14.5834   Cr: 15.0531 )
00000313: 16.6242   (Y': 17.9875   Cb: 14.5028   Cr: 15.0171 )
00000314: 16.6259   (Y': 17.976    Cb: 14.5355   Cr: 15.0106 )
00000315: 16.6767   (Y': 18.028    Cb: 14.5803   Cr: 15.0657 )
00000316: 16.63     (Y': 18.034    Cb: 14.4768   Cr: 14.977  )
00000318: 16.5739   (Y': 17.956    Cb: 14.4255   Cr: 14.9593 )
00000317: 16.592    (Y': 17.9906   Cb: 14.4277   Cr: 14.9625 )
00000319: 16.5902   (Y': 17.9908   Cb: 14.4061   Cr: 14.9791 )
00000320: 16.5864   (Y': 17.9893   Cb: 14.4585   Cr: 14.9075 )
00000321: 16.5916   (Y': 17.9925   Cb: 14.4267   Cr: 14.9581 )
00000322: 16.5754   (Y': 17.9243   Cb: 14.4829   Cr: 14.9648 )
00000323: 16.5721   (Y': 17.9245   Cb: 14.4521   Cr: 14.9855 )
00000324: 16.5936   (Y': 17.9362   Cb: 14.4669   Cr: 15.0344 )
00000326: 16.5531   (Y': 17.9026   Cb: 14.4463   Cr: 14.9576 )
00000325: 16.5816   (Y': 17.9293   Cb: 14.4853   Cr: 14.9777 )
00000327: 16.5613   (Y': 17.9009   Cb: 14.4653   Cr: 14.9736 )
00000329: 16.6209   (Y': 17.9664   Cb: 14.5195   Cr: 15.027  )
00000328: 16.5658   (Y': 17.9175   Cb: 14.4705   Cr: 14.9529 )
00000330: 16.703    (Y': 18.0342   Cb: 14.6205   Cr: 15.1171 )
00000331: 16.7216   (Y': 18.0387   Cb: 14.6578   Cr: 15.1438 )
00000332: 16.7446   (Y': 18.0733   Cb: 14.6462   Cr: 15.1818 )
00000333: 16.672    (Y': 18.019    Cb: 14.5347   Cr: 15.1159 )
00000334: 16.7074   (Y': 18.0594   Cb: 14.5668   Cr: 15.145  )
00000335: 16.7323   (Y': 18.085    Cb: 14.6047   Cr: 15.1533 )
00000337: 16.6553   (Y': 18.0106   Cb: 14.5748   Cr: 15.0185 )
00000336: 16.6838   (Y': 18.0135   Cb: 14.6154   Cr: 15.0851 )
00000338: 16.7266   (Y': 18.0941   Cb: 14.6114   Cr: 15.1038 )
00000339: 16.6988   (Y': 18.0781   Cb: 14.5537   Cr: 15.0864 )
00000340: 16.6811   (Y': 18.0558   Cb: 14.5097   Cr: 15.1076 )
00000341: 16.6825   (Y': 18.0724   Cb: 14.5307   Cr: 15.0561 )
00000342: 16.6888   (Y': 18.0906   Cb: 14.5212   Cr: 15.0565 )
00000343: 16.6675   (Y': 18.056    Cb: 14.5178   Cr: 15.0414 )
00000345: 16.669    (Y': 18.0582   Cb: 14.5378   Cr: 15.0208 )
00000344: 16.6172   (Y': 17.9841   Cb: 14.5037   Cr: 14.9939 )
00000346: 16.6071   (Y': 17.9162   Cb: 14.5422   Cr: 15.047  )
00000347: 16.6725   (Y': 18.0124   Cb: 14.5869   Cr: 15.0724 )
00000348: 16.6454   (Y': 17.9802   Cb: 14.5694   Cr: 15.045  )
00000349: 16.667    (Y': 17.9946   Cb: 14.5802   Cr: 15.0937 )
00000350: 16.6886   (Y': 18.0548   Cb: 14.5146   Cr: 15.1355 )
00000351: 16.6724   (Y': 18.0294   Cb: 14.56     Cr: 15.0678 )
00000353: 16.6396   (Y': 18.0095   Cb: 14.5183   Cr: 15.0192 )
00000352: 16.6492   (Y': 17.9929   Cb: 14.5319   Cr: 15.0772 )
00000354: 16.6614   (Y': 18.0248   Cb: 14.5451   Cr: 15.0484 )
00000355: 16.6642   (Y': 18.029    Cb: 14.5425   Cr: 15.0544 )
00000356: 16.6898   (Y': 18.0459   Cb: 14.578    Cr: 15.0862 )
00000357: 16.6633   (Y': 18.0266   Cb: 14.5467   Cr: 15.0508 )
00000358: 16.6472   (Y': 18.0196   Cb: 14.4997   Cr: 15.0509 )
00000359: 16.6633   (Y': 18.0686   Cb: 14.5086   Cr: 15.0095 )
00000361: 16.6487   (Y': 18.028    Cb: 14.5212   Cr: 15.0164 )
00000360: 16.6474   (Y': 18.0107   Cb: 14.5125   Cr: 15.0554 )
00000362: 16.6033   (Y': 17.9924   Cb: 14.4582   Cr: 14.9711 )
00000363: 16.6553   (Y': 18.0557   Cb: 14.5037   Cr: 15.0077 )
00000364: 16.612    (Y': 17.9971   Cb: 14.4804   Cr: 14.9725 )
00000365: 16.6691   (Y': 18.0373   Cb: 14.5614   Cr: 15.0366 )
00000366: 16.6442   (Y': 18.0639   Cb: 14.4456   Cr: 15.0116 )
00000367: 16.6268   (Y': 18.016    Cb: 14.4704   Cr: 15.0067 )
00000368: 16.6592   (Y': 18.0764   Cb: 14.4614   Cr: 15.0308 )
00000369: 16.6039   (Y': 18.003    Cb: 14.4915   Cr: 14.9154 )
00000370: 16.5921   (Y': 17.9919   Cb: 14.4438   Cr: 14.9419 )
00000371: 16.6209   (Y': 18.0569   Cb: 14.4152   Cr: 14.9644 )
00000372: 16.6559   (Y': 18.0817   Cb: 14.4787   Cr: 14.9873 )
00000373: 16.6756   (Y': 18.1005   Cb: 14.5024   Cr: 15.004  )
00000374: 16.7078   (Y': 18.0676   Cb: 14.594    Cr: 15.0993 )
00000375: 16.676    (Y': 18.016    Cb: 14.5792   Cr: 15.0882 )
00000377: 16.6357   (Y': 17.9947   Cb: 14.5048   Cr: 15.0479 )
00000376: 16.7041   (Y': 18.0752   Cb: 14.5903   Cr: 15.0729 )
00000378: 16.5732   (Y': 17.8942   Cb: 14.5328   Cr: 14.9615 )
00000379: 16.5903   (Y': 17.9633   Cb: 14.4504   Cr: 14.9842 )
00000380: 16.6309   (Y': 17.9951   Cb: 14.5245   Cr: 15.0051 )
00000381: 16.6663   (Y': 17.9949   Cb: 14.5969   Cr: 15.0711 )
00000383: 16.6542   (Y': 17.9891   Cb: 14.5626   Cr: 15.071  )
00000382: 16.6615   (Y': 18.0002   Cb: 14.5645   Cr: 15.0765 )
00000384: 16.6471   (Y': 17.9827   Cb: 14.586    Cr: 15.0286 )
00000385: 16.6373   (Y': 17.9914   Cb: 14.5589   Cr: 15.0008 )
00000386: 16.6645   (Y': 18.0055   Cb: 14.5524   Cr: 15.0921 )
00000387: 16.5986   (Y': 17.9082   Cb: 14.546    Cr: 15.0236 )
00000388: 16.5521   (Y': 17.8787   Cb: 14.5214   Cr: 14.9183 )
00000389: 16.6077   (Y': 17.9326   Cb: 14.5038   Cr: 15.0589 )
00000390: 16.6218   (Y': 17.9465   Cb: 14.5158   Cr: 15.0762 )
00000391: 16.6618   (Y': 18.0413   Cb: 14.5514   Cr: 15.01   )
00000392: 16.6528   (Y': 18.0245   Cb: 14.564    Cr: 14.9923 )
00000393: 16.6629   (Y': 18.0136   Cb: 14.5839   Cr: 15.0336 )
00000394: 16.6709   (Y': 18.0123   Cb: 14.5705   Cr: 15.0844 )
00000395: 16.6375   (Y': 17.9762   Cb: 14.5442   Cr: 15.0486 )
00000396: 16.6113   (Y': 17.9665   Cb: 14.4751   Cr: 15.0374 )
00000397: 16.6172   (Y': 17.9807   Cb: 14.496    Cr: 15.0095 )
00000398: 16.6154   (Y': 17.9941   Cb: 14.5047   Cr: 14.9651 )
00000399: 16.6203   (Y': 17.974    Cb: 14.5022   Cr: 15.0288 )
00000401: 16.6293   (Y': 18.0207   Cb: 14.5136   Cr: 14.9598 )
00000400: 16.6187   (Y': 17.97     Cb: 14.5112   Cr: 15.02   )
00000402: 16.6433   (Y': 18.0289   Cb: 14.5247   Cr: 14.9883 )
00000403: 16.6518   (Y': 18.0184   Cb: 14.5272   Cr: 15.0416 )
00000404: 16.647    (Y': 18.0225   Cb: 14.4842   Cr: 15.062  )
00000405: 16.602    (Y': 17.9871   Cb: 14.4722   Cr: 14.9603 )
00000406: 16.6159   (Y': 18.0034   Cb: 14.4938   Cr: 14.961  )
00000407: 16.6965   (Y': 18.0711   Cb: 14.5496   Cr: 15.0955 )
00000408: 16.6725   (Y': 17.9834   Cb: 14.5913   Cr: 15.127  )
00000409: 16.673    (Y': 17.9516   Cb: 14.6151   Cr: 15.1684 )
00000410: 16.7121   (Y': 18.0281   Cb: 14.6318   Cr: 15.155  )
00000411: 16.6818   (Y': 17.9569   Cb: 14.6707   Cr: 15.132  )
00000412: 16.6641   (Y': 17.9672   Cb: 14.6267   Cr: 15.0859 )
00000413: 16.6615   (Y': 17.9594   Cb: 14.584    Cr: 15.1389 )
00000414: 16.6788   (Y': 17.9948   Cb: 14.6013   Cr: 15.1186 )
00000415: 16.7156   (Y': 18.0508   Cb: 14.6028   Cr: 15.1556 )
00000416: 16.7084   (Y': 18.0528   Cb: 14.6067   Cr: 15.1171 )
00000417: 16.7152   (Y': 18.0638   Cb: 14.6014   Cr: 15.1293 )
00000418: 16.7104   (Y': 18.0845   Cb: 14.5923   Cr: 15.0777 )
00000419: 16.6277   (Y': 18.0272   Cb: 14.4683   Cr: 14.9907 )
00000420: 16.6744   (Y': 18.0643   Cb: 14.5486   Cr: 15.0189 )
00000421: 16.6566   (Y': 18.0583   Cb: 14.5058   Cr: 15.0058 )
00000423: 16.6322   (Y': 18.0291   Cb: 14.4652   Cr: 15.0091 )
00000422: 16.6785   (Y': 18.0642   Cb: 14.5315   Cr: 15.0552 )
00000424: 16.5923   (Y': 17.9868   Cb: 14.4469   Cr: 14.9496 )
00000426: 16.5886   (Y': 18.0221   Cb: 14.4162   Cr: 14.8995 )
00000425: 16.5995   (Y': 18.016    Cb: 14.4412   Cr: 14.9279 )
00000427: 16.6972   (Y': 18.1033   Cb: 14.506    Cr: 15.0832 )
00000428: 16.6821   (Y': 18.0416   Cb: 14.5256   Cr: 15.1225 )
00000429: 16.6749   (Y': 18.0235   Cb: 14.5931   Cr: 15.0531 )
00000431: 16.6693   (Y': 18.0479   Cb: 14.5363   Cr: 15.0445 )
00000430: 16.67     (Y': 18.0244   Cb: 14.5659   Cr: 15.0615 )
00000432: 16.7079   (Y': 18.1029   Cb: 14.5593   Cr: 15.0679 )
00000434: 16.6392   (Y': 18.0219   Cb: 14.4979   Cr: 15.0153 )
00000433: 16.6548   (Y': 18.0254   Cb: 14.5228   Cr: 15.0448 )
00000435: 16.6538   (Y': 18.0497   Cb: 14.4983   Cr: 15.0196 )
00000436: 16.662    (Y': 18.0956   Cb: 14.4909   Cr: 14.9713 )
00000437: 16.5677   (Y': 17.9517   Cb: 14.4318   Cr: 14.9355 )
00000438: 16.5831   (Y': 17.9398   Cb: 14.463    Cr: 14.9876 )
00000439: 16.6465   (Y': 18.0284   Cb: 14.513    Cr: 15.0156 )
00000440: 16.6909   (Y': 18.0933   Cb: 14.5211   Cr: 15.0601 )
00000441: 16.6721   (Y': 18.0736   Cb: 14.4451   Cr: 15.1085 )
00000442: 16.6397   (Y': 17.9754   Cb: 14.5412   Cr: 15.0629 )
00000443: 16.676    (Y': 18.0122   Cb: 14.5599   Cr: 15.1179 )
00000444: 16.6723   (Y': 18.0481   Cb: 14.5374   Cr: 15.055  )
00000445: 16.5784   (Y': 17.9171   Cb: 14.4859   Cr: 14.9887 )
00000447: 16.6323   (Y': 17.9747   Cb: 14.5859   Cr: 14.984  )
00000446: 16.6263   (Y': 17.9732   Cb: 14.4814   Cr: 15.079  )
00000448: 16.6255   (Y': 18.0017   Cb: 14.5262   Cr: 14.9678 )
00000450: 16.6763   (Y': 18.0393   Cb: 14.5664   Cr: 15.0568 )
00000449: 16.6311   (Y': 18.0029   Cb: 14.4968   Cr: 15.0211 )
00000451: 16.7368   (Y': 18.092    Cb: 14.6439   Cr: 15.1138 )
00000452: 16.6523   (Y': 18.0655   Cb: 14.4779   Cr: 15.0053 )
00000453: 16.6092   (Y': 17.9759   Cb: 14.5006   Cr: 14.9806 )
00000455: 16.7035   (Y': 18.1369   Cb: 14.5209   Cr: 15.026  )
00000454: 16.6827   (Y': 18.0888   Cb: 14.5163   Cr: 15.0407 )
00000456: 16.689    (Y': 18.0826   Cb: 14.5336   Cr: 15.0593 )
00000458: 16.7527   (Y': 18.0513   Cb: 14.6817   Cr: 15.2211 )
00000460: 16.623    (Y': 17.919    Cb: 14.5639   Cr: 15.0836 )
00000459: 16.7185   (Y': 18.0511   Cb: 14.6424   Cr: 15.1229 )
00000461: 16.657    (Y': 17.9719   Cb: 14.5949   Cr: 15.0819 )
00000457: 16.7089   (Y': 18.0441   Cb: 14.631    Cr: 15.1098 )
00000462: 16.5888   (Y': 17.8913   Cb: 14.5233   Cr: 15.0432 )
00000463: 16.7477   (Y': 18.0767   Cb: 14.684    Cr: 15.1456 )
00000464: 16.7057   (Y': 18.0375   Cb: 14.6217   Cr: 15.1204 )
00000465: 16.5977   (Y': 17.9254   Cb: 14.5211   Cr: 15.0126 )
00000466: 16.6423   (Y': 17.9968   Cb: 14.5683   Cr: 15.0001 )
00000467: 16.6856   (Y': 18.0465   Cb: 14.5651   Cr: 15.0822 )
00000468: 16.7062   (Y': 18.1422   Cb: 14.5424   Cr: 15.0023 )
00000469: 16.6828   (Y': 18.1183   Cb: 14.4648   Cr: 15.041  )
00000470: 16.6769   (Y': 18.0941   Cb: 14.4978   Cr: 15.0271 )
00000471: 16.7103   (Y': 18.0988   Cb: 14.5642   Cr: 15.0804 )
00000472: 16.6598   (Y': 18.0218   Cb: 14.5609   Cr: 15.0298 )
00000473: 16.63     (Y': 18.0004   Cb: 14.5175   Cr: 14.9987 )
00000474: 16.6512   (Y': 18.0393   Cb: 14.513    Cr: 15.0132 )
00000475: 16.6283   (Y': 18.0167   Cb: 14.4498   Cr: 15.0355 )
00000476: 16.6215   (Y': 17.9576   Cb: 14.5136   Cr: 15.0545 )
00000477: 16.6043   (Y': 17.9362   Cb: 14.5064   Cr: 15.0346 )
00000478: 16.64     (Y': 17.9836   Cb: 14.5289   Cr: 15.0612 )
00000479: 16.7125   (Y': 18.0814   Cb: 14.5329   Cr: 15.1605 )
00000480: 16.6798   (Y': 18.0298   Cb: 14.5779   Cr: 15.0775 )
00000481: 16.6738   (Y': 18.0328   Cb: 14.5376   Cr: 15.0917 )
00000482: 16.6396   (Y': 17.9933   Cb: 14.5275   Cr: 15.0412 )
00000483: 16.6699   (Y': 18.0034   Cb: 14.5829   Cr: 15.0846 )
00000485: 16.5987   (Y': 17.9372   Cb: 14.4767   Cr: 15.0427 )
00000484: 16.6124   (Y': 17.9653   Cb: 14.4769   Cr: 15.0421 )
00000486: 16.6537   (Y': 17.9739   Cb: 14.5602   Cr: 15.1031 )
00000487: 16.6611   (Y': 18.0113   Cb: 14.5162   Cr: 15.1074 )
00000488: 16.6795   (Y': 18.0695   Cb: 14.5544   Cr: 15.0231 )
00000489: 16.6648   (Y': 18.0162   Cb: 14.5539   Cr: 15.0697 )
00000490: 16.6589   (Y': 18.0142   Cb: 14.5563   Cr: 15.0468 )
00000492: 16.6265   (Y': 17.9639   Cb: 14.5147   Cr: 15.0613 )
00000491: 16.6049   (Y': 17.9432   Cb: 14.4953   Cr: 15.0355 )
00000493: 16.6783   (Y': 18.0521   Cb: 14.5339   Cr: 15.0758 )
00000495: 16.6431   (Y': 17.9745   Cb: 14.5491   Cr: 15.07   )
00000494: 16.6325   (Y': 17.9785   Cb: 14.559    Cr: 15.0067 )
00000496: 16.6237   (Y': 17.9732   Cb: 14.5056   Cr: 15.0409 )
00000497: 16.5973   (Y': 17.9421   Cb: 14.4885   Cr: 15.0134 )
00000498: 16.6255   (Y': 17.9611   Cb: 14.5238   Cr: 15.0527 )
00000499: 16.5676   (Y': 17.9141   Cb: 14.482    Cr: 14.9541 )
00000501: 16.6098   (Y': 17.9553   Cb: 14.5066   Cr: 15.0182 )
00000500: 16.6237   (Y': 17.9913   Cb: 14.4763   Cr: 15.0372 )
00000502: 16.6585   (Y': 18.0097   Cb: 14.5524   Cr: 15.0585 )
00000503: 16.6382   (Y': 17.9588   Cb: 14.5229   Cr: 15.1113 )
00000504: 16.6166   (Y': 17.9537   Cb: 14.5254   Cr: 15.0288 )
00000505: 16.5828   (Y': 17.9319   Cb: 14.5067   Cr: 14.9535 )
00000506: 16.6533   (Y': 17.9599   Cb: 14.5865   Cr: 15.1007 )
00000507: 16.6138   (Y': 17.9265   Cb: 14.5161   Cr: 15.0834 )
00000508: 16.6048   (Y': 17.9278   Cb: 14.5395   Cr: 15.0168 )
00000509: 16.5701   (Y': 17.9116   Cb: 14.4806   Cr: 14.9712 )
00000510: 16.5396   (Y': 17.8441   Cb: 14.4855   Cr: 14.977  )
00000511: 16.5699   (Y': 17.9047   Cb: 14.5183   Cr: 14.9426 )
00000512: 16.5562   (Y': 17.8908   Cb: 14.5052   Cr: 14.9286 )
00000513: 16.5724   (Y': 17.8908   Cb: 14.4705   Cr: 15.0349 )
00000514: 16.5575   (Y': 17.8773   Cb: 14.505    Cr: 14.9617 )
00000515: 16.5561   (Y': 17.8898   Cb: 14.4849   Cr: 14.9527 )
00000516: 16.5097   (Y': 17.8368   Cb: 14.4373   Cr: 14.9212 )
00000517: 16.5157   (Y': 17.8466   Cb: 14.4643   Cr: 14.8961 )
00000518: 16.5392   (Y': 17.8902   Cb: 14.4486   Cr: 14.9225 )
00000519: 16.5406   (Y': 17.881    Cb: 14.4469   Cr: 14.9486 )
00000520: 16.5237   (Y': 17.8593   Cb: 14.4493   Cr: 14.9197 )
00000521: 16.5432   (Y': 17.872    Cb: 14.4552   Cr: 14.9687 )
00000522: 16.5326   (Y': 17.8579   Cb: 14.4394   Cr: 14.9712 )
00000523: 16.525    (Y': 17.8429   Cb: 14.4331   Cr: 14.9774 )
00000524: 16.5174   (Y': 17.8564   Cb: 14.4182   Cr: 14.9346 )
00000525: 16.5239   (Y': 17.8822   Cb: 14.4403   Cr: 14.8844 )
00000526: 16.5309   (Y': 17.8635   Cb: 14.4239   Cr: 14.9697 )
00000527: 16.5378   (Y': 17.8704   Cb: 14.4366   Cr: 14.9702 )
00000528: 16.552    (Y': 17.8896   Cb: 14.4639   Cr: 14.9594 )
00000529: 16.5894   (Y': 17.8969   Cb: 14.4961   Cr: 15.0644 )
00000530: 16.5625   (Y': 17.9111   Cb: 14.4619   Cr: 14.9619 )
00000531: 16.5442   (Y': 17.9083   Cb: 14.4114   Cr: 14.9482 )
00000532: 16.5578   (Y': 17.8887   Cb: 14.4698   Cr: 14.9791 )
00000533: 16.5265   (Y': 17.8656   Cb: 14.453    Cr: 14.9149 )
00000534: 16.5288   (Y': 17.8701   Cb: 14.4724   Cr: 14.8934 )
00000535: 16.5563   (Y': 17.8879   Cb: 14.5131   Cr: 14.926  )
00000536: 16.5226   (Y': 17.855    Cb: 14.4668   Cr: 14.9045 )
00000537: 16.5494   (Y': 17.8869   Cb: 14.4474   Cr: 14.9727 )
00000538: 16.5404   (Y': 17.8734   Cb: 14.4793   Cr: 14.9273 )
00000539: 16.5314   (Y': 17.8618   Cb: 14.4489   Cr: 14.9473 )
00000540: 16.5342   (Y': 17.8605   Cb: 14.485    Cr: 14.9213 )
00000541: 16.5513   (Y': 17.8702   Cb: 14.45     Cr: 15.012  )
00000542: 16.5489   (Y': 17.8736   Cb: 14.4734   Cr: 14.9686 )
00000543: 16.5468   (Y': 17.8856   Cb: 14.4696   Cr: 14.9398 )
00000544: 16.5465   (Y': 17.8733   Cb: 14.5072   Cr: 14.9219 )
00000545: 16.5568   (Y': 17.8674   Cb: 14.4773   Cr: 15.0103 )
00000547: 16.5158   (Y': 17.844    Cb: 14.418    Cr: 14.9533 )
00000549: 16.5313   (Y': 17.8615   Cb: 14.4642   Cr: 14.9304 )
00000548: 16.5386   (Y': 17.8653   Cb: 14.4618   Cr: 14.9557 )
00000546: 16.543    (Y': 17.859    Cb: 14.4985   Cr: 14.9459 )
00000550: 16.5388   (Y': 17.8685   Cb: 14.4764   Cr: 14.9339 )
00000551: 16.5216   (Y': 17.8899   Cb: 14.3772   Cr: 14.9304 )
00000552: 16.5395   (Y': 17.8672   Cb: 14.4695   Cr: 14.9471 )
00000553: 16.5405   (Y': 17.8888   Cb: 14.4529   Cr: 14.9256 )
00000554: 16.5453   (Y': 17.8779   Cb: 14.4652   Cr: 14.954  )
00000555: 16.5323   (Y': 17.8758   Cb: 14.4683   Cr: 14.9011 )
00000556: 16.5336   (Y': 17.8862   Cb: 14.4278   Cr: 14.9306 )
00000557: 16.5485   (Y': 17.864    Cb: 14.4978   Cr: 14.9592 )
00000558: 16.5675   (Y': 17.8962   Cb: 14.524    Cr: 14.9433 )
00000559: 16.5503   (Y': 17.8908   Cb: 14.4525   Cr: 14.9626 )
00000560: 16.5686   (Y': 17.9056   Cb: 14.4798   Cr: 14.9782 )
00000561: 16.529    (Y': 17.8481   Cb: 14.4315   Cr: 14.9848 )
00000562: 16.5594   (Y': 17.8841   Cb: 14.4614   Cr: 15.0045 )
00000563: 16.5148   (Y': 17.8589   Cb: 14.4372   Cr: 14.8972 )
00000564: 16.5364   (Y': 17.8641   Cb: 14.4285   Cr: 14.9864 )
00000565: 16.5563   (Y': 17.8723   Cb: 14.5341   Cr: 14.9348 )
00000566: 16.5297   (Y': 17.8521   Cb: 14.4476   Cr: 14.9614 )
00000567: 16.5397   (Y': 17.8648   Cb: 14.4687   Cr: 14.9534 )
00000568: 16.5499   (Y': 17.8777   Cb: 14.4739   Cr: 14.9637 )
00000569: 16.5543   (Y': 17.8742   Cb: 14.4811   Cr: 14.9811 )
00000570: 16.5483   (Y': 17.8479   Cb: 14.5225   Cr: 14.9643 )
00000571: 16.5176   (Y': 17.8464   Cb: 14.4417   Cr: 14.9293 )
00000573: 16.5502   (Y': 17.8992   Cb: 14.4398   Cr: 14.9596 )
00000572: 16.5299   (Y': 17.8589   Cb: 14.4311   Cr: 14.967  )
00000574: 16.543    (Y': 17.8751   Cb: 14.4278   Cr: 14.9923 )
00000575: 16.5573   (Y': 17.8974   Cb: 14.4558   Cr: 14.9747 )
00000576: 16.5115   (Y': 17.8344   Cb: 14.4457   Cr: 14.9242 )
00000577: 16.5372   (Y': 17.8739   Cb: 14.466    Cr: 14.9279 )
00000578: 16.5448   (Y': 17.8849   Cb: 14.4578   Cr: 14.9459 )
00000579: 16.5484   (Y': 17.8756   Cb: 14.4564   Cr: 14.9817 )
00000580: 16.5303   (Y': 17.8632   Cb: 14.4595   Cr: 14.928  )
00000581: 16.5265   (Y': 17.8518   Cb: 14.4244   Cr: 14.9748 )
00000582: 16.5762   (Y': 17.9243   Cb: 14.4558   Cr: 14.9985 )
00000583: 16.5868   (Y': 17.9196   Cb: 14.4871   Cr: 15.0172 )
00000584: 16.6399   (Y': 17.9795   Cb: 14.5463   Cr: 15.0492 )
00000585: 16.6686   (Y': 18.007    Cb: 14.5477   Cr: 15.1115 )
00000586: 16.6616   (Y': 18.012    Cb: 14.574    Cr: 15.0426 )
00000587: 16.7118   (Y': 18.0512   Cb: 14.5831   Cr: 15.1617 )
00000588: 16.6733   (Y': 18.0614   Cb: 14.5218   Cr: 15.0502 )
00000589: 16.6555   (Y': 18.0005   Cb: 14.5272   Cr: 15.0933 )
00000590: 16.6066   (Y': 17.9596   Cb: 14.5401   Cr: 14.959  )
00000591: 16.5626   (Y': 17.8908   Cb: 14.4712   Cr: 14.9932 )
00000592: 16.6408   (Y': 17.9813   Cb: 14.544    Cr: 15.0522 )
00000593: 16.6586   (Y': 18.0459   Cb: 14.4766   Cr: 15.0718 )
00000594: 16.691    (Y': 18.0387   Cb: 14.5824   Cr: 15.101  )
00000595: 16.6571   (Y': 18.0325   Cb: 14.5276   Cr: 15.0348 )
00000596: 16.7042   (Y': 18.0786   Cb: 14.5646   Cr: 15.0952 )
00000598: 16.661    (Y': 18.0521   Cb: 14.4632   Cr: 15.0847 )
00000597: 16.6649   (Y': 18.0366   Cb: 14.5113   Cr: 15.077  )
00000599: 16.665    (Y': 18.0893   Cb: 14.4876   Cr: 14.9995 )
00000600: 16.6875   (Y': 18.0983   Cb: 14.5235   Cr: 15.0333 )
00000601: 16.6397   (Y': 18.0272   Cb: 14.5185   Cr: 14.9835 )
00000602: 16.6392   (Y': 17.9986   Cb: 14.4961   Cr: 15.0642 )
00000603: 16.6499   (Y': 18.0081   Cb: 14.5345   Cr: 15.0463 )
00000604: 16.7021   (Y': 18.0561   Cb: 14.5751   Cr: 15.1199 )
00000605: 16.6374   (Y': 17.9775   Cb: 14.5155   Cr: 15.0779 )
00000606: 16.5673   (Y': 17.8881   Cb: 14.4606   Cr: 15.0302 )
00000607: 16.5894   (Y': 17.9316   Cb: 14.4744   Cr: 15.0179 )
00000608: 16.6431   (Y': 17.9743   Cb: 14.5822   Cr: 15.0331 )
00000609: 16.6365   (Y': 18.0088   Cb: 14.519    Cr: 15.0067 )
00000610: 16.6334   (Y': 17.982    Cb: 14.5227   Cr: 15.0441 )
00000611: 16.659    (Y': 18.024    Cb: 14.5279   Cr: 15.0592 )
00000612: 16.6497   (Y': 18.0238   Cb: 14.4875   Cr: 15.0668 )
00000614: 16.6271   (Y': 17.9528   Cb: 14.5401   Cr: 15.0578 )
00000613: 16.6544   (Y': 18.0145   Cb: 14.545    Cr: 15.0401 )
00000615: 16.5799   (Y': 17.9112   Cb: 14.4831   Cr: 15.0103 )
00000616: 16.5554   (Y': 17.8814   Cb: 14.4491   Cr: 15.0071 )
00000617: 16.5796   (Y': 17.9137   Cb: 14.5204   Cr: 14.9619 )
00000618: 16.5444   (Y': 17.8746   Cb: 14.4686   Cr: 14.9532 )
00000619: 16.5504   (Y': 17.8806   Cb: 14.4697   Cr: 14.9646 )
00000620: 16.5698   (Y': 17.9321   Cb: 14.4172   Cr: 15.0001 )
00000621: 16.6415   (Y': 17.9684   Cb: 14.5338   Cr: 15.0932 )
00000623: 16.6949   (Y': 18.0292   Cb: 14.5683   Cr: 15.1527 )
00000622: 16.7095   (Y': 18.0552   Cb: 14.5821   Cr: 15.1447 )
00000624: 16.6016   (Y': 17.9201   Cb: 14.5178   Cr: 15.0436 )
00000625: 16.6711   (Y': 17.996    Cb: 14.5667   Cr: 15.123  )
00000626: 16.6558   (Y': 17.9764   Cb: 14.5731   Cr: 15.0921 )
00000627: 16.6351   (Y': 17.9424   Cb: 14.5199   Cr: 15.1358 )
00000628: 16.6449   (Y': 17.9889   Cb: 14.568    Cr: 15.0268 )
00000629: 16.6756   (Y': 18.0137   Cb: 14.5935   Cr: 15.0755 )
00000630: 16.7279   (Y': 18.0782   Cb: 14.6101   Cr: 15.1427 )
00000631: 16.6842   (Y': 18.0173   Cb: 14.6023   Cr: 15.0939 )
00000633: 16.6901   (Y': 18.0425   Cb: 14.5525   Cr: 15.1234 )
00000632: 16.6786   (Y': 18.0074   Cb: 14.6043   Cr: 15.0883 )
00000634: 16.7136   (Y': 18.1033   Cb: 14.5509   Cr: 15.1002 )
00000635: 16.7057   (Y': 18.1369   Cb: 14.5476   Cr: 15.0051 )
00000636: 16.6856   (Y': 18.0327   Cb: 14.5835   Cr: 15.0892 )
00000637: 16.7593   (Y': 18.1466   Cb: 14.6193   Cr: 15.1252 )
00000638: 16.674    (Y': 18.0467   Cb: 14.5403   Cr: 15.0618 )
00000639: 16.6791   (Y': 18.051    Cb: 14.556    Cr: 15.0563 )
00000640: 16.5974   (Y': 17.939    Cb: 14.5106   Cr: 14.9955 )
00000641: 16.6796   (Y': 18.0104   Cb: 14.589    Cr: 15.104  )
00000642: 16.7332   (Y': 18.106    Cb: 14.5662   Cr: 15.1587 )
00000643: 16.748    (Y': 18.148    Cb: 14.5899   Cr: 15.1085 )
00000644: 16.764    (Y': 18.2065   Cb: 14.5624   Cr: 15.09   )
00000645: 16.7512   (Y': 18.1799   Cb: 14.5877   Cr: 15.0613 )
00000646: 16.7552   (Y': 18.216    Cb: 14.5736   Cr: 15.0235 )
00000647: 16.733    (Y': 18.1335   Cb: 14.5991   Cr: 15.0657 )
00000648: 16.6584   (Y': 18.0088   Cb: 14.555    Cr: 15.0573 )
00000649: 16.7774   (Y': 18.1669   Cb: 14.6502   Cr: 15.1243 )
00000650: 16.6814   (Y': 18.0163   Cb: 14.5936   Cr: 15.094  )
00000651: 16.6776   (Y': 18.0272   Cb: 14.5752   Cr: 15.0768 )
00000652: 16.6741   (Y': 18.0334   Cb: 14.5553   Cr: 15.072  )
00000653: 16.6253   (Y': 17.9614   Cb: 14.5427   Cr: 15.0298 )
00000654: 16.7235   (Y': 18.0396   Cb: 14.6305   Cr: 15.1805 )
00000655: 16.6935   (Y': 18.0555   Cb: 14.5643   Cr: 15.0976 )
00000656: 16.6842   (Y': 18.0326   Cb: 14.5425   Cr: 15.1304 )
00000657: 16.6927   (Y': 18.0234   Cb: 14.6331   Cr: 15.0823 )
00000658: 16.69     (Y': 18.0192   Cb: 14.621    Cr: 15.0931 )
00000659: 16.6845   (Y': 18.0355   Cb: 14.5334   Cr: 15.136  )
00000660: 16.6356   (Y': 17.939    Cb: 14.5494   Cr: 15.1116 )
00000661: 16.6847   (Y': 18.0418   Cb: 14.5532   Cr: 15.1014 )
00000662: 16.6474   (Y': 17.971    Cb: 14.5567   Cr: 15.0864 )
00000663: 16.5957   (Y': 17.9336   Cb: 14.4738   Cr: 15.0407 )
00000664: 16.5529   (Y': 17.8827   Cb: 14.4419   Cr: 15.0022 )
00000665: 16.5499   (Y': 17.8931   Cb: 14.4664   Cr: 14.941  )
00000666: 16.5829   (Y': 17.8941   Cb: 14.5277   Cr: 15.0077 )
00000667: 16.5935   (Y': 17.8947   Cb: 14.5572   Cr: 15.0178 )
00000668: 16.5585   (Y': 17.8699   Cb: 14.4842   Cr: 15.0045 )
00000669: 16.5371   (Y': 17.8359   Cb: 14.4877   Cr: 14.9811 )
00000670: 16.548    (Y': 17.8689   Cb: 14.457    Cr: 14.9931 )
00000671: 16.5398   (Y': 17.8863   Cb: 14.4379   Cr: 14.9445 )
00000672: 16.5511   (Y': 17.8568   Cb: 14.4671   Cr: 15.0196 )
00000673: 16.5843   (Y': 17.9158   Cb: 14.4878   Cr: 15.0136 )
00000674: 16.5906   (Y': 17.9253   Cb: 14.4803   Cr: 15.0289 )
00000675: 16.5802   (Y': 17.9197   Cb: 14.4713   Cr: 15.0074 )
00000676: 16.5577   (Y': 17.8738   Cb: 14.4796   Cr: 14.9979 )
00000677: 16.5811   (Y': 17.9333   Cb: 14.4619   Cr: 14.9938 )
00000678: 16.6316   (Y': 17.9606   Cb: 14.5662   Cr: 15.0314 )
00000679: 16.6171   (Y': 17.963    Cb: 14.5025   Cr: 15.0376 )
00000680: 16.632    (Y': 17.9544   Cb: 14.5276   Cr: 15.0892 )
00000681: 16.6189   (Y': 17.9778   Cb: 14.4946   Cr: 15.0239 )
00000682: 16.6674   (Y': 18.019    Cb: 14.5601   Cr: 15.0678 )
00000683: 16.6273   (Y': 17.9538   Cb: 14.5152   Cr: 15.0849 )
00000684: 16.6847   (Y': 18.0061   Cb: 14.5689   Cr: 15.1569 )
00000685: 16.6215   (Y': 17.9285   Cb: 14.5203   Cr: 15.1071 )
00000686: 16.6144   (Y': 17.9187   Cb: 14.5363   Cr: 15.0794 )
00000687: 16.6722   (Y': 18.0244   Cb: 14.5466   Cr: 15.0923 )
00000688: 16.5972   (Y': 17.9087   Cb: 14.5341   Cr: 15.0299 )
00000689: 16.6262   (Y': 17.9116   Cb: 14.5567   Cr: 15.1209 )
00000690: 16.6298   (Y': 17.9473   Cb: 14.584    Cr: 15.031  )
00000691: 16.6588   (Y': 17.975    Cb: 14.5731   Cr: 15.1075 )
00000692: 16.6201   (Y': 17.943    Cb: 14.5282   Cr: 15.0621 )
00000693: 16.666    (Y': 17.9937   Cb: 14.5824   Cr: 15.0885 )
00000694: 16.6995   (Y': 18.0127   Cb: 14.5918   Cr: 15.1795 )
00000695: 16.5913   (Y': 17.9098   Cb: 14.5212   Cr: 15.0178 )
00000696: 16.5669   (Y': 17.8883   Cb: 14.4791   Cr: 15.0071 )
00000697: 16.5786   (Y': 17.921    Cb: 14.4772   Cr: 14.9911 )
00000698: 16.5547   (Y': 17.9003   Cb: 14.4504   Cr: 14.9639 )
00000699: 16.6338   (Y': 17.9876   Cb: 14.531    Cr: 15.0249 )
00000700: 16.6109   (Y': 17.9521   Cb: 14.4939   Cr: 15.0439 )
00000701: 16.5583   (Y': 17.8844   Cb: 14.4729   Cr: 14.9861 )
00000702: 16.5879   (Y': 17.919    Cb: 14.4967   Cr: 15.0121 )
00000703: 16.5831   (Y': 17.9445   Cb: 14.4645   Cr: 14.9767 )
00000704: 16.5862   (Y': 17.9353   Cb: 14.4716   Cr: 15.0004 )
00000705: 16.5522   (Y': 17.8761   Cb: 14.467    Cr: 14.9846 )
00000706: 16.5802   (Y': 17.8894   Cb: 14.4922   Cr: 15.0459 )
00000707: 16.5431   (Y': 17.8833   Cb: 14.4589   Cr: 14.9411 )
00000708: 16.5501   (Y': 17.887    Cb: 14.4403   Cr: 14.9835 )
00000709: 16.5654   (Y': 17.8555   Cb: 14.4933   Cr: 15.0529 )
00000711: 16.5583   (Y': 17.8596   Cb: 14.5099   Cr: 14.9959 )
00000710: 16.5542   (Y': 17.8917   Cb: 14.4783   Cr: 14.9481 )
00000712: 16.5391   (Y': 17.8548   Cb: 14.4622   Cr: 14.9788 )
00000713: 16.5479   (Y': 17.8845   Cb: 14.4165   Cr: 15.0065 )
00000714: 16.5378   (Y': 17.8598   Cb: 14.4609   Cr: 14.9644 )
00000715: 16.5491   (Y': 17.8622   Cb: 14.5035   Cr: 14.959  )
00000716: 16.5516   (Y': 17.862    Cb: 14.4733   Cr: 15.004  )
00000717: 16.5762   (Y': 17.8958   Cb: 14.4863   Cr: 15.0226 )
00000718: 16.5811   (Y': 17.9267   Cb: 14.4659   Cr: 15.0027 )
00000719: 16.5407   (Y': 17.8403   Cb: 14.4821   Cr: 14.9934 )
00000720: 16.5355   (Y': 17.8711   Cb: 14.4416   Cr: 14.9536 )
00000722: 16.5721   (Y': 17.9128   Cb: 14.4623   Cr: 14.9977 )
00000721: 16.5661   (Y': 17.8663   Cb: 14.4621   Cr: 15.0689 )
00000723: 16.6656   (Y': 17.9997   Cb: 14.5554   Cr: 15.1052 )
00000724: 16.6002   (Y': 17.9036   Cb: 14.5279   Cr: 15.0602 )
00000725: 16.5818   (Y': 17.8503   Cb: 14.5627   Cr: 15.055  )
00000726: 16.6656   (Y': 17.9746   Cb: 14.5858   Cr: 15.1224 )
00000727: 16.7072   (Y': 18.0088   Cb: 14.6315   Cr: 15.1748 )
00000728: 16.7441   (Y': 18.0499   Cb: 14.6374   Cr: 15.2384 )
00000729: 16.7122   (Y': 18.0151   Cb: 14.6206   Cr: 15.1953 )
00000731: 16.7281   (Y': 18.0018   Cb: 14.6765   Cr: 15.2271 )
00000732: 16.7191   (Y': 17.9724   Cb: 14.7158   Cr: 15.2066 )
00000730: 16.7364   (Y': 18.0239   Cb: 14.6534   Cr: 15.2419 )
00000733: 16.6643   (Y': 17.9017   Cb: 14.6641   Cr: 15.1821 )
00000734: 16.622    (Y': 17.8171   Cb: 14.6924   Cr: 15.1518 )
00000735: 16.6885   (Y': 17.9078   Cb: 14.7362   Cr: 15.1912 )
00000736: 16.6678   (Y': 17.8907   Cb: 14.6923   Cr: 15.1889 )
00000737: 16.6126   (Y': 17.8233   Cb: 14.6075   Cr: 15.1939 )
00000738: 16.6395   (Y': 17.8234   Cb: 14.6764   Cr: 15.2317 )
00000739: 16.6796   (Y': 17.8872   Cb: 14.7171   Cr: 15.2191 )
00000740: 16.7019   (Y': 17.925    Cb: 14.7056   Cr: 15.2464 )
00000741: 16.6104   (Y': 17.7913   Cb: 14.7113   Cr: 15.1373 )
00000742: 16.5914   (Y': 17.7923   Cb: 14.593    Cr: 15.1863 )
00000743: 16.5953   (Y': 17.7771   Cb: 14.6431   Cr: 15.1795 )
00000744: 16.6548   (Y': 17.8586   Cb: 14.7029   Cr: 15.1906 )
00000745: 16.5711   (Y': 17.7489   Cb: 14.6374   Cr: 15.1433 )
00000746: 16.5739   (Y': 17.7354   Cb: 14.6403   Cr: 15.182  )
00000747: 16.5834   (Y': 17.7748   Cb: 14.6782   Cr: 15.0942 )
00000748: 16.5992   (Y': 17.7775   Cb: 14.6844   Cr: 15.1491 )
00000749: 16.6018   (Y': 17.7759   Cb: 14.6795   Cr: 15.1692 )
00000750: 16.6888   (Y': 17.9135   Cb: 14.6726   Cr: 15.252  )
00000751: 16.7064   (Y': 17.9507   Cb: 14.7176   Cr: 15.1967 )
00000752: 16.6564   (Y': 17.9172   Cb: 14.6548   Cr: 15.126  )
00000753: 16.6241   (Y': 17.8854   Cb: 14.621    Cr: 15.0948 )
00000754: 16.6645   (Y': 17.9344   Cb: 14.6333   Cr: 15.1486 )
00000755: 16.6799   (Y': 17.9665   Cb: 14.6063   Cr: 15.1765 )
00000756: 16.6556   (Y': 17.941    Cb: 14.5818   Cr: 15.1551 )
00000757: 16.58     (Y': 17.8693   Cb: 14.5206   Cr: 15.0547 )
00000758: 16.5573   (Y': 17.8589   Cb: 14.4825   Cr: 15.0241 )
00000759: 16.5683   (Y': 17.8542   Cb: 14.5207   Cr: 15.0371 )
00000760: 16.5574   (Y': 17.8447   Cb: 14.4839   Cr: 15.0525 )
00000761: 16.5499   (Y': 17.8447   Cb: 14.5047   Cr: 14.9974 )
00000762: 16.553    (Y': 17.8511   Cb: 14.4869   Cr: 15.0172 )
00000763: 16.5567   (Y': 17.8405   Cb: 14.4907   Cr: 15.0504 )
00000764: 16.5556   (Y': 17.8321   Cb: 14.4977   Cr: 15.0557 )
00000766: 16.5533   (Y': 17.8427   Cb: 14.5291   Cr: 14.9884 )
00000765: 16.5329   (Y': 17.8409   Cb: 14.4621   Cr: 14.982  )
00000767: 16.6577   (Y': 17.978    Cb: 14.557    Cr: 15.115  )
00000768: 16.6465   (Y': 17.9195   Cb: 14.5952   Cr: 15.1464 )
00000769: 16.6225   (Y': 17.9144   Cb: 14.5621   Cr: 15.093  )
00000770: 16.6554   (Y': 17.9253   Cb: 14.6409   Cr: 15.1203 )
00000771: 16.6661   (Y': 17.9533   Cb: 14.6106   Cr: 15.1409 )
00000772: 16.6459   (Y': 17.9325   Cb: 14.5773   Cr: 15.1369 )
00000773: 16.6718   (Y': 17.9447   Cb: 14.6307   Cr: 15.1602 )
00000775: 16.6381   (Y': 17.8673   Cb: 14.6433   Cr: 15.1674 )
00000774: 16.6445   (Y': 17.8566   Cb: 14.652    Cr: 15.2079 )
00000776: 16.6159   (Y': 17.8095   Cb: 14.6519   Cr: 15.1876 )
00000777: 16.6158   (Y': 17.8159   Cb: 14.6647   Cr: 15.1587 )
00000778: 16.6346   (Y': 17.8368   Cb: 14.6627   Cr: 15.1963 )
00000779: 16.6      (Y': 17.8087   Cb: 14.5947   Cr: 15.1857 )
00000780: 16.5555   (Y': 17.7713   Cb: 14.571    Cr: 15.1023 )
00000781: 16.6533   (Y': 17.8898   Cb: 14.6566   Cr: 15.1694 )
00000782: 16.6697   (Y': 17.9383   Cb: 14.6192   Cr: 15.1782 )
00000783: 16.6434   (Y': 17.9329   Cb: 14.5947   Cr: 15.1056 )
00000784: 16.6431   (Y': 17.9267   Cb: 14.5629   Cr: 15.1537 )
00000785: 16.6321   (Y': 17.9004   Cb: 14.5953   Cr: 15.1255 )
00000786: 16.6158   (Y': 17.8765   Cb: 14.5644   Cr: 15.1419 )
00000787: 16.6109   (Y': 17.9299   Cb: 14.4937   Cr: 15.0899 )
00000788: 16.6139   (Y': 17.9162   Cb: 14.5517   Cr: 15.065  )
00000789: 16.559    (Y': 17.866    Cb: 14.4938   Cr: 15.0039 )
00000790: 16.5602   (Y': 17.8631   Cb: 14.5027   Cr: 15.0047 )
00000791: 16.5507   (Y': 17.8332   Cb: 14.4861   Cr: 15.0458 )
00000792: 16.5364   (Y': 17.8275   Cb: 14.4911   Cr: 14.9916 )
00000793: 16.5086   (Y': 17.8069   Cb: 14.4037   Cr: 15.0164 )
00000794: 16.5729   (Y': 17.8522   Cb: 14.5271   Cr: 15.0535 )
00000795: 16.53     (Y': 17.8438   Cb: 14.4641   Cr: 14.9616 )
00000796: 16.5212   (Y': 17.8193   Cb: 14.4718   Cr: 14.9667 )
00000797: 16.5458   (Y': 17.8427   Cb: 14.4972   Cr: 14.9928 )
00000798: 16.5299   (Y': 17.8135   Cb: 14.4801   Cr: 15.006  )
00000799: 16.5125   (Y': 17.7827   Cb: 14.481    Cr: 14.9962 )
00000800: 16.5298   (Y': 17.8093   Cb: 14.5037   Cr: 14.9877 )
00000801: 16.5064   (Y': 17.7864   Cb: 14.468    Cr: 14.9772 )
00000802: 16.5484   (Y': 17.8242   Cb: 14.5154   Cr: 15.0217 )
00000803: 16.5343   (Y': 17.8157   Cb: 14.487    Cr: 15.012  )
00000804: 16.519    (Y': 17.8246   Cb: 14.4593   Cr: 14.9602 )
00000805: 16.5201   (Y': 17.8109   Cb: 14.4883   Cr: 14.9609 )
00000806: 16.5193   (Y': 17.8051   Cb: 14.4722   Cr: 14.9878 )
00000807: 16.5      (Y': 17.7789   Cb: 14.464    Cr: 14.9703 )
00000808: 16.5034   (Y': 17.7981   Cb: 14.4293   Cr: 14.9836 )
00000809: 16.5168   (Y': 17.7963   Cb: 14.5035   Cr: 14.9606 )
00000810: 16.5159   (Y': 17.8349   Cb: 14.4244   Cr: 14.9655 )
00000811: 16.5102   (Y': 17.7931   Cb: 14.4599   Cr: 14.9884 )
00000812: 16.5352   (Y': 17.8193   Cb: 14.4871   Cr: 15.0082 )
00000813: 16.5356   (Y': 17.8185   Cb: 14.4707   Cr: 15.03   )
00000814: 16.5206   (Y': 17.7994   Cb: 14.4855   Cr: 14.99   )
00000815: 16.5167   (Y': 17.8169   Cb: 14.4382   Cr: 14.9903 )
00000816: 16.5414   (Y': 17.8364   Cb: 14.4838   Cr: 15.0021 )
00000817: 16.5275   (Y': 17.8131   Cb: 14.4942   Cr: 14.9806 )
00000818: 16.5173   (Y': 17.8009   Cb: 14.4391   Cr: 15.0255 )
00000819: 16.5343   (Y': 17.8128   Cb: 14.5198   Cr: 14.9813 )
00000820: 16.5193   (Y': 17.8357   Cb: 14.431    Cr: 14.9707 )
00000821: 16.5093   (Y': 17.7887   Cb: 14.4217   Cr: 15.037  )
00000822: 16.5319   (Y': 17.8283   Cb: 14.4599   Cr: 15.0061 )
00000823: 16.5231   (Y': 17.8267   Cb: 14.46     Cr: 14.9722 )
00000824: 16.5111   (Y': 17.7959   Cb: 14.4559   Cr: 14.9907 )
00000825: 16.5194   (Y': 17.8103   Cb: 14.4849   Cr: 14.9628 )
00000826: 16.5162   (Y': 17.8089   Cb: 14.4678   Cr: 14.9716 )
00000827: 16.5061   (Y': 17.8091   Cb: 14.459    Cr: 14.9386 )
00000828: 16.5054   (Y': 17.7962   Cb: 14.4694   Cr: 14.9507 )
00000829: 16.5262   (Y': 17.8184   Cb: 14.4369   Cr: 15.029  )
00000830: 16.5179   (Y': 17.8006   Cb: 14.4902   Cr: 14.9711 )
00000831: 16.5318   (Y': 17.8147   Cb: 14.4959   Cr: 14.9935 )
00000832: 16.5103   (Y': 17.7841   Cb: 14.4842   Cr: 14.9799 )
00000833: 16.5237   (Y': 17.8088   Cb: 14.476    Cr: 14.9941 )
00000834: 16.5045   (Y': 17.7908   Cb: 14.4723   Cr: 14.9549 )
00000835: 16.5196   (Y': 17.8068   Cb: 14.4841   Cr: 14.9721 )
00000836: 16.5428   (Y': 17.8258   Cb: 14.4982   Cr: 15.0144 )
00000837: 16.5294   (Y': 17.8104   Cb: 14.5067   Cr: 14.9803 )
00000838: 16.5225   (Y': 17.8093   Cb: 14.4633   Cr: 15.0023 )
00000839: 16.5367   (Y': 17.8242   Cb: 14.4715   Cr: 15.0218 )
00000840: 16.5229   (Y': 17.7975   Cb: 14.4869   Cr: 15.0021 )
00000841: 16.5158   (Y': 17.8036   Cb: 14.4548   Cr: 14.9956 )
00000842: 16.5101   (Y': 17.7939   Cb: 14.4404   Cr: 15.008  )
00000843: 16.5393   (Y': 17.8151   Cb: 14.4965   Cr: 15.0237 )
00000844: 16.5061   (Y': 17.786    Cb: 14.4442   Cr: 15.0037 )
00000845: 16.525    (Y': 17.8163   Cb: 14.4397   Cr: 15.025  )
00000846: 16.5689   (Y': 17.8671   Cb: 14.5214   Cr: 15.0119 )
00000847: 16.55     (Y': 17.8353   Cb: 14.492    Cr: 15.0317 )
00000848: 16.5802   (Y': 17.8799   Cb: 14.5258   Cr: 15.0279 )
00000849: 16.5765   (Y': 17.8873   Cb: 14.4762   Cr: 15.053  )
00000850: 16.6258   (Y': 17.9267   Cb: 14.5394   Cr: 15.1069 )
00000852: 16.6025   (Y': 17.8737   Cb: 14.5868   Cr: 15.0661 )
00000851: 16.5871   (Y': 17.8529   Cb: 14.559    Cr: 15.076  )
00000853: 16.5677   (Y': 17.8218   Cb: 14.5323   Cr: 15.0899 )
00000855: 16.5375   (Y': 17.7754   Cb: 14.5614   Cr: 15.0272 )
00000854: 16.5506   (Y': 17.8133   Cb: 14.5295   Cr: 15.0381 )
00000856: 16.5457   (Y': 17.8088   Cb: 14.5351   Cr: 15.0206 )
00000857: 16.5692   (Y': 17.839    Cb: 14.5418   Cr: 15.049  )
Total: 16.5575   (Y': 17.9342   Cb: 14.4215   Cr: 14.9398 )
