00000000: 31.7036   (Y': 40.8341   Cb: 27.3013   Cr: 27.3013 )
00000002: 11.7681   (Y': 11.2078   Cb: 13.6257   Cr: 12.7522 )
00000006: 11.6649   (Y': 11.119    Cb: 13.3223   Cr: 12.7359 )
00000007: 11.7078   (Y': 11.1759   Cb: 13.4857   Cr: 12.5974 )
00000004: 11.7269   (Y': 11.1427   Cb: 13.6487   Cr: 12.7966 )
00000001: 11.7398   (Y': 11.2111   Cb: 13.514    Cr: 12.6147 )
00000003: 11.7505   (Y': 11.2009   Cb: 13.5264   Cr: 12.7411 )
00000005: 11.7377   (Y': 11.1921   Cb: 13.4815   Cr: 12.7322 )
00000008: 11.6981   (Y': 11.1567   Cb: 13.4187   Cr: 12.689  )
00000009: 11.7044   (Y': 11.1611   Cb: 13.3856   Cr: 12.7401 )
00000010: 11.6667   (Y': 11.1443   Cb: 13.3424   Cr: 12.5881 )
00000011: 11.705    (Y': 11.1639   Cb: 13.4278   Cr: 12.6917 )
00000014: 11.6605   (Y': 11.1337   Cb: 13.3408   Cr: 12.6023 )
00000012: 11.6761   (Y': 11.1552   Cb: 13.42     Cr: 12.533  )
00000015: 11.664    (Y': 11.1257   Cb: 13.4509   Cr: 12.5817 )
00000013: 11.706    (Y': 11.1914   Cb: 13.3324   Cr: 12.6253 )
00000016: 11.6704   (Y': 11.1586   Cb: 13.3028   Cr: 12.5692 )
00000017: 11.6773   (Y': 11.1366   Cb: 13.4988   Cr: 12.5809 )
00000019: 11.6956   (Y': 11.1606   Cb: 13.34     Cr: 12.7151 )
00000018: 11.7231   (Y': 11.1818   Cb: 13.429    Cr: 12.7257 )
00000021: 11.676    (Y': 11.174    Cb: 13.2986   Cr: 12.5293 )
00000020: 11.697    (Y': 11.1704   Cb: 13.4129   Cr: 12.6086 )
00000022: 11.7084   (Y': 11.1622   Cb: 13.4268   Cr: 12.7279 )
00000023: 11.6968   (Y': 11.1658   Cb: 13.3816   Cr: 12.6589 )
00000024: 11.6786   (Y': 11.1522   Cb: 13.4489   Cr: 12.5438 )
00000027: 11.6632   (Y': 11.1333   Cb: 13.3367   Cr: 12.6283 )
00000026: 11.6952   (Y': 11.179    Cb: 13.2679   Cr: 12.67   )
00000028: 11.6735   (Y': 11.1404   Cb: 13.4237   Cr: 12.5928 )
00000031: 11.6513   (Y': 11.1261   Cb: 13.4063   Cr: 12.5227 )
00000029: 11.6717   (Y': 11.1505   Cb: 13.425    Cr: 12.5218 )
00000030: 11.7009   (Y': 11.147    Cb: 13.4992   Cr: 12.6977 )
00000025: 11.7126   (Y': 11.1838   Cb: 13.475    Cr: 12.5976 )
00000032: 11.7076   (Y': 11.199    Cb: 13.3831   Cr: 12.553  )
00000034: 11.6707   (Y': 11.1562   Cb: 13.3002   Cr: 12.5869 )
00000033: 11.6848   (Y': 11.139    Cb: 13.466    Cr: 12.6497 )
00000035: 11.669    (Y': 11.1722   Cb: 13.2855   Cr: 12.4989 )
00000036: 11.6849   (Y': 11.1354   Cb: 13.4606   Cr: 12.6755 )
00000038: 11.685    (Y': 11.1763   Cb: 13.3188   Cr: 12.5656 )
00000037: 11.6662   (Y': 11.1322   Cb: 13.4209   Cr: 12.5865 )
00000039: 11.66     (Y': 11.131    Cb: 13.5098   Cr: 12.476  )
00000040: 11.6756   (Y': 11.1735   Cb: 13.3866   Cr: 12.4563 )
00000041: 11.7158   (Y': 11.2012   Cb: 13.3106   Cr: 12.6623 )
00000042: 11.6529   (Y': 11.1215   Cb: 13.4042   Cr: 12.5618 )
00000043: 11.6946   (Y': 11.1852   Cb: 13.4146   Cr: 12.5079 )
00000044: 11.6915   (Y': 11.1843   Cb: 13.3946   Cr: 12.5063 )
00000046: 11.7018   (Y': 11.1642   Cb: 13.4155   Cr: 12.6765 )
00000045: 11.6983   (Y': 11.1642   Cb: 13.4111   Cr: 12.6543 )
00000047: 11.6648   (Y': 11.1664   Cb: 13.2921   Cr: 12.494  )
00000048: 11.6851   (Y': 11.1397   Cb: 13.5441   Cr: 12.584  )
00000049: 11.6717   (Y': 11.1487   Cb: 13.3689   Cr: 12.5786 )
00000050: 11.6914   (Y': 11.1874   Cb: 13.308    Cr: 12.5609 )
00000051: 11.66     (Y': 11.1481   Cb: 13.2796   Cr: 12.5706 )
00000052: 11.6484   (Y': 11.1172   Cb: 13.3785   Cr: 12.5733 )
00000053: 11.7034   (Y': 11.1621   Cb: 13.4072   Cr: 12.708  )
00000054: 11.6961   (Y': 11.1737   Cb: 13.354    Cr: 12.6329 )
00000055: 11.624    (Y': 11.1079   Cb: 13.2606   Cr: 12.5431 )
00000056: 11.6642   (Y': 11.1413   Cb: 13.3878   Cr: 12.5483 )
00000057: 11.6824   (Y': 11.1765   Cb: 13.3424   Cr: 12.5259 )
00000058: 11.6683   (Y': 11.1388   Cb: 13.2915   Cr: 12.6743 )
00000059: 11.673    (Y': 11.1702   Cb: 13.224    Cr: 12.5919 )
00000060: 11.6964   (Y': 11.1509   Cb: 13.393    Cr: 12.7309 )
00000061: 11.681    (Y': 11.1544   Cb: 13.3187   Cr: 12.6581 )
00000062: 11.6853   (Y': 11.1461   Cb: 13.3922   Cr: 12.6748 )
00000063: 11.698    (Y': 11.1822   Cb: 13.2869   Cr: 12.6561 )
00000064: 11.7428   (Y': 11.2208   Cb: 13.3805   Cr: 12.6941 )
00000065: 11.6805   (Y': 11.1596   Cb: 13.4005   Cr: 12.5568 )
00000066: 11.6837   (Y': 11.1756   Cb: 13.423    Cr: 12.4744 )
00000067: 11.7152   (Y': 11.213    Cb: 13.3477   Cr: 12.5608 )
00000068: 11.7256   (Y': 11.2113   Cb: 13.4069   Cr: 12.5975 )
00000070: 11.7011   (Y': 11.207    Cb: 13.4052   Cr: 12.4449 )
00000069: 11.7456   (Y': 11.2339   Cb: 13.3937   Cr: 12.6305 )
00000071: 11.7552   (Y': 11.2484   Cb: 13.521    Cr: 12.5176 )
00000072: 11.7209   (Y': 11.2078   Cb: 13.4178   Cr: 12.5733 )
00000073: 11.6775   (Y': 11.153    Cb: 13.2737   Cr: 12.6788 )
00000074: 11.7083   (Y': 11.1882   Cb: 13.4108   Cr: 12.5941 )
00000075: 11.7641   (Y': 11.2437   Cb: 13.3975   Cr: 12.7099 )
00000076: 11.7094   (Y': 11.212    Cb: 13.3011   Cr: 12.564  )
00000077: 11.6826   (Y': 11.1985   Cb: 13.3088   Cr: 12.4363 )
00000078: 11.7558   (Y': 11.233    Cb: 13.4208   Cr: 12.6889 )
00000079: 11.7483   (Y': 11.2478   Cb: 13.4781   Cr: 12.5062 )
00000080: 11.7348   (Y': 11.202    Cb: 13.5339   Cr: 12.6124 )
00000081: 11.6367   (Y': 11.1419   Cb: 13.3082   Cr: 12.4109 )
00000082: 11.6489   (Y': 11.1408   Cb: 13.2474   Cr: 12.556  )
00000083: 11.6915   (Y': 11.1736   Cb: 13.4294   Cr: 12.5364 )
00000084: 11.714    (Y': 11.1934   Cb: 13.5226   Cr: 12.5165 )
00000085: 11.6515   (Y': 11.1343   Cb: 13.453    Cr: 12.4412 )
00000086: 11.6953   (Y': 11.1635   Cb: 13.4736   Cr: 12.5835 )
00000087: 11.6938   (Y': 11.1733   Cb: 13.2474   Cr: 12.7098 )
00000088: 11.7052   (Y': 11.1613   Cb: 13.5531   Cr: 12.6051 )
00000089: 11.7083   (Y': 11.1756   Cb: 13.4655   Cr: 12.6194 )
00000090: 11.6856   (Y': 11.1746   Cb: 13.3685   Cr: 12.5381 )
00000092: 11.691    (Y': 11.1734   Cb: 13.5412   Cr: 12.4448 )
00000093: 11.6553   (Y': 11.1299   Cb: 13.289    Cr: 12.6296 )
00000094: 11.6454   (Y': 11.1117   Cb: 13.348    Cr: 12.6073 )
00000091: 11.6657   (Y': 11.1276   Cb: 13.477    Cr: 12.563  )
00000095: 11.6323   (Y': 11.0907   Cb: 13.2667   Cr: 12.6984 )
00000096: 11.6321   (Y': 11.1027   Cb: 13.2634   Cr: 12.6308 )
00000097: 11.6422   (Y': 11.0899   Cb: 13.4855   Cr: 12.5927 )
00000098: 11.6513   (Y': 11.1123   Cb: 13.518    Cr: 12.5088 )
00000099: 11.651    (Y': 11.1164   Cb: 13.4033   Cr: 12.5771 )
00000100: 11.6852   (Y': 11.1179   Cb: 13.5507   Cr: 12.703  )
00000102: 11.5612   (Y': 11.002    Cb: 13.4749   Cr: 12.4941 )
00000101: 11.6323   (Y': 11.1166   Cb: 13.3022   Cr: 12.5214 )
00000103: 11.5856   (Y': 11.0398   Cb: 13.3192   Cr: 12.5898 )
00000104: 11.6738   (Y': 11.1493   Cb: 13.358    Cr: 12.5996 )
00000105: 11.6526   (Y': 11.1227   Cb: 13.4922   Cr: 12.4815 )
00000106: 11.667    (Y': 11.1253   Cb: 13.3732   Cr: 12.6714 )
00000108: 11.6557   (Y': 11.1207   Cb: 13.382    Cr: 12.6056 )
00000107: 11.6411   (Y': 11.1095   Cb: 13.3002   Cr: 12.6284 )
00000109: 11.6302   (Y': 11.1161   Cb: 13.2911   Cr: 12.5175 )
00000110: 11.6682   (Y': 11.1499   Cb: 13.2799   Cr: 12.6205 )
00000111: 11.6707   (Y': 11.1156   Cb: 13.4113   Cr: 12.7232 )
00000112: 11.6552   (Y': 11.0953   Cb: 13.484    Cr: 12.6605 )
00000113: 11.6274   (Y': 11.098    Cb: 13.2436   Cr: 12.6392 )
00000114: 11.6346   (Y': 11.0713   Cb: 13.4199   Cr: 12.696  )
00000115: 11.5981   (Y': 11.0562   Cb: 13.2681   Cr: 12.6352 )
00000116: 11.662    (Y': 11.1178   Cb: 13.3974   Cr: 12.6565 )
00000117: 11.6022   (Y': 11.0934   Cb: 13.3036   Cr: 12.4276 )
00000119: 11.671    (Y': 11.1171   Cb: 13.4259   Cr: 12.7044 )
00000118: 11.6276   (Y': 11.0943   Cb: 13.3449   Cr: 12.5753 )
00000120: 11.6649   (Y': 11.1186   Cb: 13.4299   Cr: 12.6457 )
00000122: 11.6084   (Y': 11.0449   Cb: 13.3706   Cr: 12.6905 )
00000121: 11.6275   (Y': 11.0786   Cb: 13.4106   Cr: 12.6088 )
00000124: 11.6334   (Y': 11.1136   Cb: 13.2434   Cr: 12.5957 )
00000123: 11.6336   (Y': 11.1143   Cb: 13.2893   Cr: 12.5545 )
00000125: 11.6443   (Y': 11.1101   Cb: 13.4118   Cr: 12.5554 )
00000126: 11.6247   (Y': 11.0883   Cb: 13.2863   Cr: 12.6366 )
00000127: 11.6663   (Y': 11.118    Cb: 13.3699   Cr: 12.7114 )
00000128: 11.6164   (Y': 11.0886   Cb: 13.3267   Cr: 12.5385 )
00000129: 11.6281   (Y': 11.0425   Cb: 13.502    Cr: 12.7459 )
00000130: 11.6592   (Y': 11.134    Cb: 13.3982   Cr: 12.5435 )
00000132: 11.6244   (Y': 11.105    Cb: 13.2608   Cr: 12.5625 )
00000133: 11.6327   (Y': 11.1254   Cb: 13.2697   Cr: 12.503  )
00000134: 11.6128   (Y': 11.0851   Cb: 13.3693   Cr: 12.4967 )
00000131: 11.6237   (Y': 11.1057   Cb: 13.2898   Cr: 12.5289 )
00000135: 11.6567   (Y': 11.127    Cb: 13.3562   Cr: 12.5992 )
00000136: 11.6478   (Y': 11.1188   Cb: 13.4025   Cr: 12.54   )
00000137: 11.6391   (Y': 11.1136   Cb: 13.3279   Cr: 12.5669 )
00000138: 11.6263   (Y': 11.1037   Cb: 13.2834   Cr: 12.5647 )
00000139: 11.6449   (Y': 11.1118   Cb: 13.2208   Cr: 12.7132 )
00000140: 11.6537   (Y': 11.1477   Cb: 13.2723   Cr: 12.5326 )
00000141: 11.6256   (Y': 11.0785   Cb: 13.363    Cr: 12.6347 )
00000142: 11.6296   (Y': 11.0878   Cb: 13.4184   Cr: 12.5657 )
00000143: 11.6248   (Y': 11.1413   Cb: 13.2413   Cr: 12.3835 )
00000144: 11.6072   (Y': 11.0947   Cb: 13.303    Cr: 12.4572 )
00000145: 11.6433   (Y': 11.118    Cb: 13.4083   Cr: 12.5066 )
00000146: 11.6784   (Y': 11.1575   Cb: 13.2501   Cr: 12.6804 )
00000147: 11.6158   (Y': 11.1101   Cb: 13.2606   Cr: 12.4705 )
00000149: 11.629    (Y': 11.1      Cb: 13.3007   Cr: 12.5913 )
00000148: 11.6677   (Y': 11.1284   Cb: 13.3073   Cr: 12.716  )
00000150: 11.667    (Y': 11.1408   Cb: 13.2454   Cr: 12.6936 )
00000151: 11.66     (Y': 11.1109   Cb: 13.4777   Cr: 12.6128 )
00000152: 11.6898   (Y': 11.1948   Cb: 13.2942   Cr: 12.5202 )
00000153: 11.6335   (Y': 11.1346   Cb: 13.2896   Cr: 12.4419 )
00000154: 11.6678   (Y': 11.1689   Cb: 13.3217   Cr: 12.4783 )
00000155: 11.6333   (Y': 11.0828   Cb: 13.45     Cr: 12.5954 )
00000156: 11.6472   (Y': 11.0999   Cb: 13.5019   Cr: 12.5603 )
00000157: 11.6586   (Y': 11.1214   Cb: 13.3205   Cr: 12.6757 )
00000159: 11.6752   (Y': 11.1665   Cb: 13.3219   Cr: 12.5449 )
00000158: 11.6066   (Y': 11.0806   Cb: 13.2527   Cr: 12.5735 )
00000160: 11.6331   (Y': 11.09     Cb: 13.455    Cr: 12.549  )
00000161: 11.6615   (Y': 11.1429   Cb: 13.2842   Cr: 12.6065 )
00000162: 11.6611   (Y': 11.1348   Cb: 13.3161   Cr: 12.622  )
00000163: 11.6916   (Y': 11.1599   Cb: 13.3289   Cr: 12.6976 )
00000164: 11.7381   (Y': 11.243    Cb: 13.4224   Cr: 12.5033 )
00000166: 11.7863   (Y': 11.3051   Cb: 13.3717   Cr: 12.5583 )
00000165: 11.7563   (Y': 11.2529   Cb: 13.4174   Cr: 12.5853 )
00000167: 11.7104   (Y': 11.2061   Cb: 13.373    Cr: 12.5431 )
00000168: 11.6798   (Y': 11.1729   Cb: 13.3532   Cr: 12.5179 )
00000169: 11.6792   (Y': 11.15     Cb: 13.3527   Cr: 12.6402 )
00000170: 11.7151   (Y': 11.1895   Cb: 13.4247   Cr: 12.6257 )
00000171: 11.685    (Y': 11.1572   Cb: 13.3603   Cr: 12.6371 )
00000172: 11.6823   (Y': 11.1678   Cb: 13.3478   Cr: 12.568  )
00000174: 11.7022   (Y': 11.1764   Cb: 13.4973   Cr: 12.5441 )
00000173: 11.6878   (Y': 11.1727   Cb: 13.34     Cr: 12.5886 )
00000175: 11.7596   (Y': 11.2175   Cb: 13.5436   Cr: 12.7014 )
00000176: 11.9907   (Y': 11.51     Cb: 13.5933   Cr: 12.7455 )
00000178: 11.9706   (Y': 11.5192   Cb: 13.5258   Cr: 12.6106 )
00000177: 12.0072   (Y': 11.5238   Cb: 13.6511   Cr: 12.7427 )
00000179: 11.8122   (Y': 11.2966   Cb: 13.5491   Cr: 12.6454 )
00000180: 11.8097   (Y': 11.3079   Cb: 13.4805   Cr: 12.622  )
00000181: 11.8229   (Y': 11.2917   Cb: 13.5971   Cr: 12.7119 )
00000182: 11.7891   (Y': 11.2718   Cb: 13.5833   Cr: 12.5858 )
00000183: 11.7274   (Y': 11.1865   Cb: 13.6444   Cr: 12.5559 )
00000184: 11.5368   (Y': 10.9564   Cb: 13.5647   Cr: 12.5001 )
00000185: 11.5783   (Y': 11.0266   Cb: 13.3732   Cr: 12.5649 )
00000186: 11.6727   (Y': 11.1303   Cb: 13.5879   Cr: 12.5102 )
00000187: 11.67     (Y': 11.154    Cb: 13.4979   Cr: 12.4332 )
00000188: 11.6385   (Y': 11.0973   Cb: 13.5171   Cr: 12.4987 )
00000189: 11.5795   (Y': 11.039    Cb: 13.3608   Cr: 12.5142 )
00000191: 11.6518   (Y': 11.0237   Cb: 13.8984   Cr: 12.7231 )
00000190: 11.6267   (Y': 10.9922   Cb: 13.7921   Cr: 12.7989 )
00000192: 11.3969   (Y': 10.8212   Cb: 13.2951   Cr: 12.4369 )
00000193: 11.3335   (Y': 10.7166   Cb: 13.4529   Cr: 12.4369 )
00000194: 11.4535   (Y': 10.9838   Cb: 12.9699   Cr: 12.222  )
00000195: 11.6354   (Y': 11.1498   Cb: 13.0216   Cr: 12.6042 )
00000196: 11.651    (Y': 11.1784   Cb: 13.0331   Cr: 12.5511 )
00000199: 11.7856   (Y': 11.3806   Cb: 12.9515   Cr: 12.5202 )
00000197: 11.6244   (Y': 11.1952   Cb: 12.9405   Cr: 12.3507 )
00000198: 11.6494   (Y': 11.209    Cb: 12.9419   Cr: 12.4558 )
00000200: 11.7441   (Y': 11.317    Cb: 12.951    Cr: 12.5573 )
00000201: 11.6685   (Y': 11.2443   Cb: 12.9449   Cr: 12.4039 )
00000202: 11.4798   (Y': 11.0438   Cb: 12.8479   Cr: 12.1968 )
00000203: 11.6411   (Y': 11.2197   Cb: 12.8379   Cr: 12.4331 )
00000204: 11.6019   (Y': 11.146    Cb: 12.9327   Cr: 12.4576 )
00000205: 11.5234   (Y': 11.0758   Cb: 12.7508   Cr: 12.4284 )
00000206: 11.4864   (Y': 11.0308   Cb: 12.7671   Cr: 12.3855 )
00000207: 11.5539   (Y': 11.0907   Cb: 12.8289   Cr: 12.5001 )
00000208: 11.5474   (Y': 11.0957   Cb: 12.7809   Cr: 12.4688 )
00000210: 11.5254   (Y': 11.0878   Cb: 12.7957   Cr: 12.3369 )
00000209: 11.6332   (Y': 11.2014   Cb: 12.8837   Cr: 12.4318 )
00000212: 11.4248   (Y': 10.9877   Cb: 12.7475   Cr: 12.1873 )
00000211: 11.4992   (Y': 11.0553   Cb: 12.7567   Cr: 12.3564 )
00000213: 11.4363   (Y': 10.9592   Cb: 12.7884   Cr: 12.3887 )
00000214: 11.439    (Y': 10.9858   Cb: 12.7574   Cr: 12.2913 )
00000215: 11.4997   (Y': 11.0504   Cb: 12.7618   Cr: 12.382  )
00000216: 11.3685   (Y': 10.9019   Cb: 12.7332   Cr: 12.2521 )
00000218: 11.3569   (Y': 10.8659   Cb: 12.7324   Cr: 12.3659 )
00000217: 11.3458   (Y': 10.8536   Cb: 12.8082   Cr: 12.2836 )
00000219: 11.4071   (Y': 10.9424   Cb: 12.7308   Cr: 12.3167 )
00000221: 11.3331   (Y': 10.8535   Cb: 12.6855   Cr: 12.2991 )
00000220: 11.3484   (Y': 10.8743   Cb: 12.7281   Cr: 12.2588 )
00000222: 11.4395   (Y': 10.9862   Cb: 12.6914   Cr: 12.3525 )
00000223: 11.4085   (Y': 10.9669   Cb: 12.7032   Cr: 12.2193 )
00000224: 11.409    (Y': 10.9578   Cb: 12.6897   Cr: 12.2844 )
00000225: 11.407    (Y': 10.9515   Cb: 12.6857   Cr: 12.3078 )
00000226: 11.3776   (Y': 10.9287   Cb: 12.6733   Cr: 12.2267 )
00000227: 11.3325   (Y': 10.874    Cb: 12.6519   Cr: 12.2124 )
00000228: 11.3617   (Y': 10.9021   Cb: 12.6947   Cr: 12.2354 )
00000229: 11.3232   (Y': 10.848    Cb: 12.7021   Cr: 12.2413 )
00000230: 11.3796   (Y': 10.941    Cb: 12.6526   Cr: 12.1943 )
00000231: 11.3491   (Y': 10.8887   Cb: 12.6691   Cr: 12.2388 )
00000232: 11.4351   (Y': 10.9582   Cb: 12.8052   Cr: 12.3704 )
00000233: 11.5757   (Y': 11.1564   Cb: 12.8321   Cr: 12.3035 )
00000234: 11.6143   (Y': 11.2292   Cb: 12.7142   Cr: 12.3058 )
00000235: 11.5644   (Y': 11.1845   Cb: 12.6578   Cr: 12.2347 )
00000237: 11.2754   (Y': 10.825    Cb: 12.6285   Cr: 12.0814 )
00000236: 11.5464   (Y': 11.1627   Cb: 12.6785   Cr: 12.2017 )
00000238: 11.3061   (Y': 10.8766   Cb: 12.5729   Cr: 12.0778 )
00000239: 11.4293   (Y': 11.0386   Cb: 12.5394   Cr: 12.1402 )
00000240: 11.5109   (Y': 11.0998   Cb: 12.6996   Cr: 12.2565 )
00000241: 11.6475   (Y': 11.237    Cb: 12.7658   Cr: 12.4545 )
00000242: 11.7008   (Y': 11.3162   Cb: 12.7892   Cr: 12.4003 )
00000243: 11.6019   (Y': 11.193    Cb: 12.7563   Cr: 12.3669 )
00000245: 11.4761   (Y': 11.0521   Cb: 12.7154   Cr: 12.2436 )
00000246: 11.4906   (Y': 11.0542   Cb: 12.754    Cr: 12.3022 )
00000244: 11.5864   (Y': 11.1566   Cb: 12.8374   Cr: 12.3743 )
00000247: 11.5116   (Y': 11.0835   Cb: 12.7445   Cr: 12.3068 )
00000248: 11.3865   (Y': 10.9245   Cb: 12.6621   Cr: 12.3255 )
00000249: 11.4714   (Y': 11.0299   Cb: 12.7155   Cr: 12.3275 )
00000250: 11.4969   (Y': 11.0655   Cb: 12.6992   Cr: 12.3376 )
00000251: 11.5584   (Y': 11.1209   Cb: 12.8165   Cr: 12.3804 )
00000252: 11.4777   (Y': 11.0259   Cb: 12.747    Cr: 12.3664 )
00000253: 11.4053   (Y': 10.9402   Cb: 12.7149   Cr: 12.3303 )
00000254: 11.375    (Y': 10.9374   Cb: 12.6734   Cr: 12.1613 )
00000255: 11.4148   (Y': 10.9514   Cb: 12.7306   Cr: 12.3248 )
00000256: 11.3883   (Y': 10.9215   Cb: 12.7      Cr: 12.3206 )
00000257: 11.4021   (Y': 10.9201   Cb: 12.809    Cr: 12.3323 )
00000258: 11.378    (Y': 10.9019   Cb: 12.7076   Cr: 12.3451 )
00000259: 11.3644   (Y': 10.882    Cb: 12.7049   Cr: 12.3566 )
00000260: 11.3525   (Y': 10.8765   Cb: 12.6459   Cr: 12.3534 )
00000261: 11.3741   (Y': 10.909    Cb: 12.6992   Cr: 12.2851 )
00000262: 11.4355   (Y': 10.9836   Cb: 12.6934   Cr: 12.3355 )
00000263: 11.3824   (Y': 10.9117   Cb: 12.7155   Cr: 12.3164 )
00000264: 11.4004   (Y': 10.9492   Cb: 12.6813   Cr: 12.2755 )
00000265: 11.4056   (Y': 10.9167   Cb: 12.7955   Cr: 12.3893 )
00000266: 11.3238   (Y': 10.8578   Cb: 12.6871   Cr: 12.2055 )
00000267: 11.3463   (Y': 10.859    Cb: 12.7245   Cr: 12.332  )
00000268: 11.3787   (Y': 10.92     Cb: 12.6726   Cr: 12.2825 )
00000271: 11.3235   (Y': 10.858    Cb: 12.6095   Cr: 12.2724 )
00000270: 11.3542   (Y': 10.8759   Cb: 12.7274   Cr: 12.2943 )
00000269: 11.3747   (Y': 10.9019   Cb: 12.7489   Cr: 12.2835 )
00000272: 11.3267   (Y': 10.8492   Cb: 12.6919   Cr: 12.2696 )
00000273: 11.3799   (Y': 10.9232   Cb: 12.6438   Cr: 12.3007 )
00000274: 11.3779   (Y': 10.9082   Cb: 12.7532   Cr: 12.2687 )
00000275: 11.447    (Y': 10.994    Cb: 12.7195   Cr: 12.3401 )
00000276: 11.5567   (Y': 11.1273   Cb: 12.76     Cr: 12.3849 )
00000277: 11.6634   (Y': 11.2588   Cb: 12.8623   Cr: 12.3658 )
00000278: 11.7556   (Y': 11.3751   Cb: 12.8971   Cr: 12.3865 )
00000279: 11.7192   (Y': 11.3183   Cb: 12.9089   Cr: 12.4113 )
00000280: 11.4721   (Y': 11.0141   Cb: 12.8406   Cr: 12.3052 )
00000281: 11.5838   (Y': 11.1513   Cb: 12.7851   Cr: 12.4303 )
00000282: 11.6707   (Y': 11.2098   Cb: 13.0064   Cr: 12.5491 )
00000283: 11.5782   (Y': 11.1424   Cb: 12.8205   Cr: 12.405  )
00000284: 11.4841   (Y': 11.0323   Cb: 12.7969   Cr: 12.3332 )
00000286: 11.4344   (Y': 11.0107   Cb: 12.6495   Cr: 12.2224 )
00000285: 11.4499   (Y': 11.0172   Cb: 12.652    Cr: 12.2972 )
00000287: 11.5075   (Y': 11.0904   Cb: 12.6947   Cr: 12.2857 )
00000288: 11.5669   (Y': 11.1613   Cb: 12.7633   Cr: 12.2766 )
00000289: 11.5185   (Y': 11.1178   Cb: 12.6761   Cr: 12.2376 )
00000290: 11.4447   (Y': 11.0206   Cb: 12.6617   Cr: 12.233  )
00000291: 11.3306   (Y': 10.8984   Cb: 12.5831   Cr: 12.1295 )
00000292: 11.3904   (Y': 10.9469   Cb: 12.669    Cr: 12.2256 )
00000294: 11.3768   (Y': 10.9434   Cb: 12.6175   Cr: 12.1927 )
00000293: 11.4013   (Y': 10.9661   Cb: 12.7111   Cr: 12.1648 )
00000295: 11.3086   (Y': 10.868    Cb: 12.6571   Cr: 12.0665 )
00000296: 11.2943   (Y': 10.8488   Cb: 12.558    Cr: 12.1542 )
00000297: 11.3675   (Y': 10.9237   Cb: 12.6571   Cr: 12.1948 )
00000298: 11.4523   (Y': 11.0217   Cb: 12.6892   Cr: 12.257  )
00000299: 11.534    (Y': 11.1469   Cb: 12.6339   Cr: 12.2354 )
00000300: 11.6434   (Y': 11.2908   Cb: 12.6743   Cr: 12.233  )
00000301: 11.7495   (Y': 11.4092   Cb: 12.7564   Cr: 12.3006 )
00000302: 11.7855   (Y': 11.4368   Cb: 12.7731   Cr: 12.3955 )
00000303: 11.9005   (Y': 11.5805   Cb: 12.7474   Cr: 12.4985 )
00000304: 12.0939   (Y': 11.7522   Cb: 13.1328   Cr: 12.6231 )
00000305: 12.0316   (Y': 11.6913   Cb: 13.1399   Cr: 12.4933 )
00000306: 12.0862   (Y': 11.7463   Cb: 12.997    Cr: 12.7235 )
00000307: 12.0649   (Y': 11.7562   Cb: 12.8862   Cr: 12.6319 )
00000308: 12.0385   (Y': 11.7197   Cb: 12.9852   Cr: 12.5389 )
00000309: 12.0339   (Y': 11.7371   Cb: 12.8571   Cr: 12.5416 )
00000310: 12.0608   (Y': 11.7553   Cb: 12.9773   Cr: 12.5246 )
00000311: 11.9753   (Y': 11.698    Cb: 12.7106   Cr: 12.4717 )
00000312: 11.9237   (Y': 11.6569   Cb: 12.667    Cr: 12.3628 )
00000313: 11.7847   (Y': 11.4231   Cb: 12.7854   Cr: 12.4469 )
00000314: 11.8261   (Y': 11.4934   Cb: 12.7216   Cr: 12.4414 )
00000315: 11.9172   (Y': 11.5104   Cb: 12.9822   Cr: 12.7546 )
00000316: 11.902    (Y': 11.5454   Cb: 12.8974   Cr: 12.5448 )
00000317: 11.8363   (Y': 11.4368   Cb: 12.9938   Cr: 12.5497 )
00000318: 11.9178   (Y': 11.5125   Cb: 13.1811   Cr: 12.567  )
00000319: 11.9797   (Y': 11.5851   Cb: 13.205    Cr: 12.6078 )
00000320: 11.9348   (Y': 11.5102   Cb: 13.1291   Cr: 12.746  )
00000321: 11.804    (Y': 11.3712   Cb: 13.1515   Cr: 12.5222 )
00000322: 11.7805   (Y': 11.3127   Cb: 13.13     Cr: 12.6838 )
00000323: 11.8011   (Y': 11.3535   Cb: 13.1533   Cr: 12.5932 )
00000324: 11.8265   (Y': 11.3578   Cb: 13.2262   Cr: 12.6898 )
00000325: 11.7286   (Y': 11.24     Cb: 13.2546   Cr: 12.5908 )
00000326: 11.7778   (Y': 11.2682   Cb: 13.2959   Cr: 12.7633 )
00000327: 11.7608   (Y': 11.266    Cb: 13.3659   Cr: 12.5896 )
00000328: 11.7881   (Y': 11.2963   Cb: 13.3629   Cr: 12.6264 )
00000329: 11.7188   (Y': 11.2534   Cb: 13.3438   Cr: 12.3751 )
00000330: 11.7232   (Y': 11.2605   Cb: 13.2327   Cr: 12.4606 )
00000331: 11.7471   (Y': 11.2724   Cb: 13.3176   Cr: 12.4971 )
00000332: 11.7048   (Y': 11.2426   Cb: 13.3164   Cr: 12.3557 )
00000333: 11.6958   (Y': 11.213    Cb: 13.2898   Cr: 12.4691 )
00000334: 11.671    (Y': 11.1891   Cb: 13.3379   Cr: 12.3802 )
00000335: 11.7711   (Y': 11.3118   Cb: 13.4383   Cr: 12.3629 )
00000336: 11.714    (Y': 11.2532   Cb: 13.3725   Cr: 12.3201 )
00000337: 11.7039   (Y': 11.2221   Cb: 13.291    Cr: 12.4779 )
00000338: 11.6803   (Y': 11.2146   Cb: 13.2854   Cr: 12.3547 )
00000339: 11.6672   (Y': 11.1899   Cb: 13.2699   Cr: 12.4039 )
00000340: 11.7289   (Y': 11.2567   Cb: 13.3057   Cr: 12.4601 )
00000341: 11.6842   (Y': 11.1802   Cb: 13.393    Cr: 12.4772 )
00000342: 11.7001   (Y': 11.21     Cb: 13.3821   Cr: 12.4403 )
00000343: 11.6793   (Y': 11.1812   Cb: 13.4298   Cr: 12.4076 )
00000344: 11.6652   (Y': 11.1856   Cb: 13.2924   Cr: 12.3945 )
00000345: 11.6532   (Y': 11.1672   Cb: 13.3802   Cr: 12.3362 )
00000346: 11.6456   (Y': 11.1944   Cb: 13.3036   Cr: 12.2034 )
00000347: 11.7024   (Y': 11.2405   Cb: 13.346    Cr: 12.3263 )
00000348: 11.7189   (Y': 11.2474   Cb: 13.3229   Cr: 12.4241 )
00000349: 11.6227   (Y': 11.124    Cb: 13.448    Cr: 12.2958 )
00000350: 11.6584   (Y': 11.1574   Cb: 13.3007   Cr: 12.4899 )
00000351: 11.6172   (Y': 11.1348   Cb: 13.283    Cr: 12.3298 )
00000352: 11.6712   (Y': 11.1771   Cb: 13.2891   Cr: 12.4856 )
00000353: 11.6235   (Y': 11.1369   Cb: 13.2309   Cr: 12.4064 )
00000354: 11.6489   (Y': 11.1561   Cb: 13.4924   Cr: 12.2774 )
00000355: 11.6695   (Y': 11.1592   Cb: 13.5555   Cr: 12.357  )
00000356: 11.6686   (Y': 11.1783   Cb: 13.3266   Cr: 12.4293 )
00000357: 11.6414   (Y': 11.1481   Cb: 13.3132   Cr: 12.4071 )
00000358: 11.6821   (Y': 11.1774   Cb: 13.444    Cr: 12.4367 )
00000359: 11.6434   (Y': 11.1402   Cb: 13.416    Cr: 12.3811 )
00000360: 11.6574   (Y': 11.1589   Cb: 13.4357   Cr: 12.3664 )
00000361: 11.6511   (Y': 11.1448   Cb: 13.4068   Cr: 12.4191 )
00000362: 11.7278   (Y': 11.2476   Cb: 13.3872   Cr: 12.4341 )
00000363: 11.6638   (Y': 11.1643   Cb: 13.2924   Cr: 12.4991 )
00000364: 11.6744   (Y': 11.136    Cb: 13.5554   Cr: 12.5177 )
00000365: 11.6576   (Y': 11.1529   Cb: 13.3462   Cr: 12.4707 )
00000367: 11.666    (Y': 11.1807   Cb: 13.3159   Cr: 12.4068 )
00000366: 11.6455   (Y': 11.1709   Cb: 13.2667   Cr: 12.3532 )
00000368: 11.6477   (Y': 11.1324   Cb: 13.435    Cr: 12.4388 )
00000369: 11.6985   (Y': 11.2056   Cb: 13.3692   Cr: 12.4634 )
00000370: 11.6195   (Y': 11.1254   Cb: 13.451    Cr: 12.2638 )
00000371: 11.6601   (Y': 11.1593   Cb: 13.3804   Cr: 12.4265 )
00000372: 11.6631   (Y': 11.1391   Cb: 13.4842   Cr: 12.4745 )
00000373: 11.6771   (Y': 11.2089   Cb: 13.3395   Cr: 12.3186 )
00000374: 11.5997   (Y': 11.1305   Cb: 13.2319   Cr: 12.2704 )
00000375: 11.5727   (Y': 11.0829   Cb: 13.2663   Cr: 12.3021 )
00000376: 11.6266   (Y': 11.0975   Cb: 13.5066   Cr: 12.4194 )
00000377: 11.6502   (Y': 11.1402   Cb: 13.3974   Cr: 12.445  )
00000378: 11.6203   (Y': 11.104    Cb: 13.315    Cr: 12.4922 )
00000379: 11.6229   (Y': 11.1479   Cb: 13.3436   Cr: 12.2539 )
00000380: 11.65     (Y': 11.1752   Cb: 13.3509   Cr: 12.2955 )
00000381: 11.6116   (Y': 11.1332   Cb: 13.3247   Cr: 12.2659 )
00000382: 11.6541   (Y': 11.1503   Cb: 13.3778   Cr: 12.4341 )
00000383: 11.6609   (Y': 11.1564   Cb: 13.3533   Cr: 12.4702 )
00000384: 11.6123   (Y': 11.115    Cb: 13.4327   Cr: 12.2823 )
00000385: 11.6045   (Y': 11.1007   Cb: 13.3441   Cr: 12.3723 )
00000386: 11.7008   (Y': 11.2259   Cb: 13.3981   Cr: 12.3493 )
00000387: 11.6551   (Y': 11.1664   Cb: 13.3621   Cr: 12.3676 )
00000388: 11.6798   (Y': 11.2034   Cb: 13.3579   Cr: 12.3514 )
00000389: 11.622    (Y': 11.147    Cb: 13.2752   Cr: 12.3059 )
00000390: 11.7023   (Y': 11.2053   Cb: 13.417    Cr: 12.4534 )
00000391: 11.6212   (Y': 11.1127   Cb: 13.4216   Cr: 12.3653 )
00000392: 11.6487   (Y': 11.1663   Cb: 13.3397   Cr: 12.3412 )
00000393: 11.7088   (Y': 11.2306   Cb: 13.3283   Cr: 12.4365 )
00000394: 11.7018   (Y': 11.2236   Cb: 13.2737   Cr: 12.469  )
00000395: 11.6623   (Y': 11.1856   Cb: 13.2645   Cr: 12.3964 )
00000396: 11.6819   (Y': 11.1851   Cb: 13.3521   Cr: 12.4672 )
00000397: 11.6971   (Y': 11.2001   Cb: 13.4787   Cr: 12.3949 )
00000398: 11.6086   (Y': 11.126    Cb: 13.2571   Cr: 12.3364 )
00000399: 11.6509   (Y': 11.1731   Cb: 13.2623   Cr: 12.3835 )
00000400: 11.6636   (Y': 11.1702   Cb: 13.3533   Cr: 12.4155 )
00000401: 11.6028   (Y': 11.1073   Cb: 13.3559   Cr: 12.315  )
00000402: 11.6353   (Y': 11.1472   Cb: 13.3825   Cr: 12.3133 )
00000403: 11.6379   (Y': 11.1371   Cb: 13.3827   Cr: 12.3846 )
00000404: 11.6262   (Y': 11.1439   Cb: 13.2832   Cr: 12.3458 )
00000405: 11.6599   (Y': 11.1613   Cb: 13.3747   Cr: 12.4193 )
00000406: 11.6105   (Y': 11.1307   Cb: 13.3275   Cr: 12.2688 )
00000407: 11.6141   (Y': 11.0881   Cb: 13.4862   Cr: 12.3958 )
00000408: 11.6131   (Y': 11.1059   Cb: 13.3852   Cr: 12.3728 )
00000409: 11.6459   (Y': 11.16     Cb: 13.3302   Cr: 12.3624 )
00000410: 11.6708   (Y': 11.1602   Cb: 13.39     Cr: 12.4913 )
00000411: 11.6416   (Y': 11.1343   Cb: 13.3672   Cr: 12.4392 )
00000412: 11.6598   (Y': 11.1427   Cb: 13.406    Cr: 12.4934 )
00000413: 11.6342   (Y': 11.1353   Cb: 13.2789   Cr: 12.4521 )
00000414: 11.61     (Y': 11.1222   Cb: 13.2498   Cr: 12.3726 )
00000415: 11.6346   (Y': 11.1565   Cb: 13.2712   Cr: 12.348  )
00000416: 11.6584   (Y': 11.1614   Cb: 13.4899   Cr: 12.3175 )
00000417: 11.6144   (Y': 11.1513   Cb: 13.2409   Cr: 12.2578 )
00000418: 11.6045   (Y': 11.1039   Cb: 13.278    Cr: 12.4078 )
00000419: 11.629    (Y': 11.119    Cb: 13.3781   Cr: 12.4224 )
00000420: 11.6428   (Y': 11.1456   Cb: 13.2856   Cr: 12.4535 )
00000421: 11.6182   (Y': 11.1117   Cb: 13.3222   Cr: 12.4283 )
00000422: 11.5758   (Y': 11.0665   Cb: 13.2756   Cr: 12.4054 )
00000423: 11.635    (Y': 11.1342   Cb: 13.2801   Cr: 12.4627 )
00000424: 11.6383   (Y': 11.1519   Cb: 13.2877   Cr: 12.385  )
00000425: 11.6701   (Y': 11.1787   Cb: 13.3841   Cr: 12.3919 )
00000426: 11.6359   (Y': 11.1284   Cb: 13.4003   Cr: 12.4033 )
00000427: 11.6616   (Y': 11.1713   Cb: 13.372    Cr: 12.38   )
00000428: 11.6424   (Y': 11.1584   Cb: 13.2409   Cr: 12.4184 )
00000429: 11.6273   (Y': 11.1355   Cb: 13.3413   Cr: 12.3511 )
00000430: 11.6521   (Y': 11.133    Cb: 13.4336   Cr: 12.4684 )
00000431: 11.6545   (Y': 11.1582   Cb: 13.2321   Cr: 12.5147 )
00000432: 11.6305   (Y': 11.1433   Cb: 13.2874   Cr: 12.376  )
00000433: 11.6218   (Y': 11.1337   Cb: 13.3507   Cr: 12.3142 )
00000434: 11.6692   (Y': 11.1472   Cb: 13.4868   Cr: 12.4731 )
00000435: 11.5751   (Y': 11.1019   Cb: 13.23     Cr: 12.2483 )
00000436: 11.6408   (Y': 11.1427   Cb: 13.3746   Cr: 12.3824 )
00000437: 11.6367   (Y': 11.131    Cb: 13.3678   Cr: 12.4215 )
00000438: 11.6351   (Y': 11.1528   Cb: 13.2905   Cr: 12.3561 )
00000439: 11.65     (Y': 11.1224   Cb: 13.4887   Cr: 12.4677 )
00000440: 11.5937   (Y': 11.0751   Cb: 13.3356   Cr: 12.4396 )
00000441: 11.6378   (Y': 11.1314   Cb: 13.3763   Cr: 12.42   )
00000442: 11.6571   (Y': 11.1691   Cb: 13.2977   Cr: 12.4195 )
00000443: 11.6771   (Y': 11.1914   Cb: 13.4071   Cr: 12.3564 )
00000444: 11.6265   (Y': 11.127    Cb: 13.4039   Cr: 12.341  )
00000445: 11.6171   (Y': 11.0971   Cb: 13.3424   Cr: 12.484  )
00000446: 11.6512   (Y': 11.1487   Cb: 13.338    Cr: 12.4542 )
00000447: 11.6507   (Y': 11.1337   Cb: 13.4106   Cr: 12.4727 )
00000448: 11.6319   (Y': 11.1304   Cb: 13.3845   Cr: 12.3769 )
00000449: 11.5937   (Y': 11.0871   Cb: 13.2673   Cr: 12.4296 )
00000450: 11.6267   (Y': 11.1489   Cb: 13.282    Cr: 12.3236 )
00000451: 11.6155   (Y': 11.1164   Cb: 13.332    Cr: 12.3762 )
00000452: 11.6109   (Y': 11.1153   Cb: 13.4056   Cr: 12.291  )
00000453: 11.6458   (Y': 11.1482   Cb: 13.3788   Cr: 12.3851 )
00000454: 11.6123   (Y': 11.1073   Cb: 13.4035   Cr: 12.3451 )
00000455: 11.5767   (Y': 11.0896   Cb: 13.2161   Cr: 12.3361 )
00000456: 11.6211   (Y': 11.1188   Cb: 13.2573   Cr: 12.4646 )
00000457: 11.6061   (Y': 11.1072   Cb: 13.3148   Cr: 12.3716 )
00000459: 11.6082   (Y': 11.1246   Cb: 13.2989   Cr: 12.3071 )
00000458: 11.5825   (Y': 11.0348   Cb: 13.4278   Cr: 12.5055 )
00000460: 11.6397   (Y': 11.1367   Cb: 13.3061   Cr: 12.4622 )
00000461: 11.7179   (Y': 11.2249   Cb: 13.3283   Cr: 12.5324 )
00000462: 11.6746   (Y': 11.2128   Cb: 13.3392   Cr: 12.2815 )
00000463: 11.704    (Y': 11.2287   Cb: 13.301    Cr: 12.4353 )
00000464: 11.6884   (Y': 11.2142   Cb: 13.3489   Cr: 12.3625 )
00000465: 11.6592   (Y': 11.1995   Cb: 13.3021   Cr: 12.2723 )
00000466: 11.6851   (Y': 11.2085   Cb: 13.2865   Cr: 12.4194 )
00000467: 11.7092   (Y': 11.227    Cb: 13.3296   Cr: 12.4579 )
00000468: 11.7976   (Y': 11.3049   Cb: 13.5324   Cr: 12.5096 )
00000469: 11.7018   (Y': 11.1974   Cb: 13.4729   Cr: 12.4474 )
00000470: 11.6996   (Y': 11.221    Cb: 13.3245   Cr: 12.4256 )
00000471: 11.685    (Y': 11.1878   Cb: 13.3524   Cr: 12.4749 )
00000472: 11.6661   (Y': 11.1722   Cb: 13.5047   Cr: 12.3046 )
00000473: 11.6616   (Y': 11.1628   Cb: 13.3237   Cr: 12.4646 )
00000475: 11.655    (Y': 11.1606   Cb: 13.4059   Cr: 12.363  )
00000474: 11.6519   (Y': 11.1505   Cb: 13.3722   Cr: 12.4219 )
00000476: 11.6917   (Y': 11.1957   Cb: 13.4431   Cr: 12.4081 )
00000477: 11.7009   (Y': 11.2273   Cb: 13.3866   Cr: 12.3518 )
00000478: 11.6868   (Y': 11.2109   Cb: 13.3065   Cr: 12.4026 )
00000479: 11.7302   (Y': 11.2587   Cb: 13.4268   Cr: 12.362  )
00000480: 11.6636   (Y': 11.1672   Cb: 13.2737   Cr: 12.4964 )
00000481: 11.6326   (Y': 11.1333   Cb: 13.4539   Cr: 12.3115 )
00000482: 11.6909   (Y': 11.2169   Cb: 13.2747   Cr: 12.426  )
00000483: 11.645    (Y': 11.1301   Cb: 13.3642   Cr: 12.4889 )
00000484: 11.6422   (Y': 11.1612   Cb: 13.2736   Cr: 12.3755 )
00000485: 11.6427   (Y': 11.1287   Cb: 13.5031   Cr: 12.3693 )
00000486: 11.6296   (Y': 11.1544   Cb: 13.2885   Cr: 12.3103 )
00000487: 11.6277   (Y': 11.1286   Cb: 13.2895   Cr: 12.4325 )
00000488: 11.6372   (Y': 11.1629   Cb: 13.2682   Cr: 12.3354 )
00000489: 11.6551   (Y': 11.1894   Cb: 13.2991   Cr: 12.298  )
00000490: 11.6456   (Y': 11.1208   Cb: 13.4683   Cr: 12.4603 )
00000491: 11.674    (Y': 11.158    Cb: 13.478    Cr: 12.4558 )
00000492: 11.6402   (Y': 11.1755   Cb: 13.2572   Cr: 12.2997 )
00000493: 11.6908   (Y': 11.2005   Cb: 13.435    Cr: 12.3831 )
00000494: 11.6143   (Y': 11.1042   Cb: 13.4633   Cr: 12.3295 )
00000495: 11.6427   (Y': 11.1166   Cb: 13.4861   Cr: 12.448  )
00000496: 11.6928   (Y': 11.225    Cb: 13.2652   Cr: 12.4042 )
00000497: 11.6504   (Y': 11.142    Cb: 13.3791   Cr: 12.4515 )
00000499: 11.6332   (Y': 11.1293   Cb: 13.4682   Cr: 12.3266 )
00000498: 11.608    (Y': 11.1101   Cb: 13.4765   Cr: 12.2446 )
00000500: 11.627    (Y': 11.1324   Cb: 13.279    Cr: 12.4163 )
00000501: 11.6389   (Y': 11.1334   Cb: 13.3684   Cr: 12.4235 )
00000502: 11.667    (Y': 11.1781   Cb: 13.3955   Cr: 12.3642 )
00000503: 11.6563   (Y': 11.1355   Cb: 13.4682   Cr: 12.4575 )
00000504: 11.6146   (Y': 11.1267   Cb: 13.1971   Cr: 12.4253 )
00000505: 11.6036   (Y': 11.1112   Cb: 13.2814   Cr: 12.3599 )
00000506: 11.634    (Y': 11.1404   Cb: 13.3173   Cr: 12.3918 )
00000507: 11.6562   (Y': 11.1389   Cb: 13.4592   Cr: 12.446  )
00000508: 11.6511   (Y': 11.1494   Cb: 13.4913   Cr: 12.3284 )
00000509: 11.6661   (Y': 11.1858   Cb: 13.316    Cr: 12.3809 )
00000510: 11.6659   (Y': 11.1882   Cb: 13.2667   Cr: 12.4067 )
00000511: 11.6557   (Y': 11.168    Cb: 13.2601   Cr: 12.4466 )
00000512: 11.7003   (Y': 11.1915   Cb: 13.4587   Cr: 12.4793 )
00000513: 11.6354   (Y': 11.1336   Cb: 13.4266   Cr: 12.3512 )
00000514: 11.6552   (Y': 11.1508   Cb: 13.2863   Cr: 12.5147 )
00000515: 11.6968   (Y': 11.1658   Cb: 13.5933   Cr: 12.4877 )
00000516: 11.704    (Y': 11.201    Cb: 13.5415   Cr: 12.3905 )
00000517: 11.642    (Y': 11.1327   Cb: 13.437    Cr: 12.3952 )
00000518: 11.6937   (Y': 11.2049   Cb: 13.344    Cr: 12.4526 )
00000519: 11.6824   (Y': 11.2095   Cb: 13.3172   Cr: 12.3703 )
00000520: 11.6534   (Y': 11.1409   Cb: 13.4091   Cr: 12.4549 )
00000521: 11.602    (Y': 11.1115   Cb: 13.2761   Cr: 12.3509 )
00000522: 11.6301   (Y': 11.1065   Cb: 13.4292   Cr: 12.4565 )
00000523: 11.6355   (Y': 11.1458   Cb: 13.3409   Cr: 12.3548 )
00000524: 11.6152   (Y': 11.1274   Cb: 13.344    Cr: 12.306  )
00000525: 11.628    (Y': 11.1407   Cb: 13.2872   Cr: 12.3721 )
00000526: 11.6154   (Y': 11.1007   Cb: 13.3849   Cr: 12.4172 )
00000527: 11.6237   (Y': 11.1252   Cb: 13.3872   Cr: 12.344  )
00000528: 11.633    (Y': 11.1182   Cb: 13.5347   Cr: 12.3331 )
00000529: 11.6789   (Y': 11.2162   Cb: 13.3145   Cr: 12.3129 )
00000530: 11.6601   (Y': 11.1758   Cb: 13.244    Cr: 12.4498 )
00000531: 11.6306   (Y': 11.1048   Cb: 13.3408   Cr: 12.542  )
00000532: 11.6627   (Y': 11.1505   Cb: 13.5023   Cr: 12.3964 )
00000533: 11.7483   (Y': 11.2584   Cb: 13.3618   Cr: 12.5433 )
00000534: 11.6436   (Y': 11.1413   Cb: 13.3279   Cr: 12.4473 )
00000535: 11.623    (Y': 11.1154   Cb: 13.3517   Cr: 12.4192 )
00000536: 11.659    (Y': 11.1761   Cb: 13.4513   Cr: 12.2755 )
00000537: 11.633    (Y': 11.1087   Cb: 13.3567   Cr: 12.5247 )
00000538: 11.5894   (Y': 11.0964   Cb: 13.2891   Cr: 12.331  )
00000540: 11.6998   (Y': 11.2049   Cb: 13.36     Cr: 12.4835 )
00000539: 11.6658   (Y': 11.1729   Cb: 13.2766   Cr: 12.4794 )
00000541: 11.6439   (Y': 11.1846   Cb: 13.275    Cr: 12.2642 )
00000542: 11.6122   (Y': 11.1167   Cb: 13.3474   Cr: 12.3385 )
00000543: 11.6862   (Y': 11.191    Cb: 13.3891   Cr: 12.4364 )
00000544: 11.6563   (Y': 11.1573   Cb: 13.3988   Cr: 12.3955 )
00000545: 11.615    (Y': 11.0935   Cb: 13.3887   Cr: 12.4504 )
00000546: 11.6508   (Y': 11.1499   Cb: 13.3468   Cr: 12.4378 )
00000547: 11.6731   (Y': 11.1375   Cb: 13.6151   Cr: 12.4532 )
00000548: 11.662    (Y': 11.1653   Cb: 13.4296   Cr: 12.3692 )
00000549: 11.6572   (Y': 11.1956   Cb: 13.2776   Cr: 12.2979 )
00000550: 11.68     (Y': 11.1697   Cb: 13.5459   Cr: 12.3829 )
00000551: 11.6717   (Y': 11.1699   Cb: 13.4182   Cr: 12.4227 )
00000552: 11.681    (Y': 11.2131   Cb: 13.2859   Cr: 12.3672 )
00000553: 11.642    (Y': 11.1295   Cb: 13.376    Cr: 12.4604 )
00000554: 11.618    (Y': 11.138    Cb: 13.2657   Cr: 12.3324 )
00000555: 11.6531   (Y': 11.1452   Cb: 13.4867   Cr: 12.3684 )
00000556: 11.6381   (Y': 11.1313   Cb: 13.463    Cr: 12.3542 )
00000557: 11.6413   (Y': 11.1236   Cb: 13.3758   Cr: 12.4881 )
00000558: 11.7904   (Y': 11.3227   Cb: 13.412    Cr: 12.4619 )
00000559: 11.7594   (Y': 11.2609   Cb: 13.5418   Cr: 12.4644 )
00000560: 11.615    (Y': 11.0994   Cb: 13.4243   Cr: 12.3909 )
00000561: 11.6649   (Y': 11.1746   Cb: 13.4017   Cr: 12.3629 )
00000562: 11.6396   (Y': 11.1265   Cb: 13.3214   Cr: 12.504  )
00000563: 11.6726   (Y': 11.1801   Cb: 13.2958   Cr: 12.474  )
00000564: 11.6137   (Y': 11.111    Cb: 13.4302   Cr: 12.3143 )
00000565: 11.622    (Y': 11.1307   Cb: 13.3102   Cr: 12.3641 )
00000566: 11.6441   (Y': 11.1637   Cb: 13.2471   Cr: 12.3972 )
00000567: 11.6678   (Y': 11.1718   Cb: 13.3775   Cr: 12.4174 )
00000568: 11.6089   (Y': 11.1027   Cb: 13.3803   Cr: 12.3636 )
00000569: 11.6179   (Y': 11.1172   Cb: 13.3368   Cr: 12.3847 )
00000570: 11.5954   (Y': 11.1055   Cb: 13.2867   Cr: 12.3272 )
00000571: 11.6347   (Y': 11.1045   Cb: 13.426    Cr: 12.5036 )
00000572: 11.6325   (Y': 11.1194   Cb: 13.4124   Cr: 12.4174 )
00000573: 11.5807   (Y': 11.0651   Cb: 13.3107   Cr: 12.4194 )
00000574: 11.7194   (Y': 11.1901   Cb: 13.5354   Cr: 12.5635 )
00000575: 11.6154   (Y': 11.0827   Cb: 13.4764   Cr: 12.443  )
00000576: 11.6672   (Y': 11.1822   Cb: 13.3272   Cr: 12.3982 )
00000577: 11.7125   (Y': 11.2115   Cb: 13.4282   Cr: 12.4843 )
00000578: 11.8283   (Y': 11.3728   Cb: 13.4287   Cr: 12.4536 )
00000579: 11.8116   (Y': 11.376    Cb: 13.3195   Cr: 12.4099 )
00000580: 11.9507   (Y': 11.4866   Cb: 13.6577   Cr: 12.5367 )
00000581: 11.9778   (Y': 11.5316   Cb: 13.5292   Cr: 12.5946 )
00000582: 11.9198   (Y': 11.4327   Cb: 13.6014   Cr: 12.6444 )
00000583: 11.9491   (Y': 11.4726   Cb: 13.6676   Cr: 12.5892 )
00000584: 11.7702   (Y': 11.2766   Cb: 13.5408   Cr: 12.4591 )
00000585: 11.7958   (Y': 11.3207   Cb: 13.505    Cr: 12.4361 )
00000586: 11.8061   (Y': 11.2919   Cb: 13.5564   Cr: 12.6211 )
00000588: 11.7776   (Y': 11.2858   Cb: 13.4627   Cr: 12.5247 )
00000587: 11.8335   (Y': 11.3766   Cb: 13.3745   Cr: 12.514  )
00000589: 11.7216   (Y': 11.2347   Cb: 13.4344   Cr: 12.4208 )
00000590: 11.8388   (Y': 11.3419   Cb: 13.5714   Cr: 12.5747 )
00000591: 11.7744   (Y': 11.2662   Cb: 13.6022   Cr: 12.4961 )
00000592: 11.8096   (Y': 11.3093   Cb: 13.5495   Cr: 12.5578 )
00000593: 11.7094   (Y': 11.1986   Cb: 13.4805   Cr: 12.489  )
00000594: 11.8013   (Y': 11.344    Cb: 13.4194   Cr: 12.4218 )
00000595: 11.807    (Y': 11.3355   Cb: 13.344    Cr: 12.568  )
00000596: 11.8541   (Y': 11.3642   Cb: 13.4374   Cr: 12.6748 )
00000597: 11.9419   (Y': 11.4533   Cb: 13.6304   Cr: 12.6691 )
00000598: 11.7905   (Y': 11.2928   Cb: 13.5808   Cr: 12.4849 )
00000599: 11.8821   (Y': 11.3999   Cb: 13.3973   Cr: 12.7188 )
00000600: 11.8243   (Y': 11.3243   Cb: 13.5112   Cr: 12.6141 )
00000601: 11.8998   (Y': 11.4254   Cb: 13.5408   Cr: 12.5905 )
00000602: 11.8594   (Y': 11.3961   Cb: 13.4462   Cr: 12.5362 )
00000603: 11.8885   (Y': 11.4354   Cb: 13.4983   Cr: 12.4936 )
00000604: 11.8571   (Y': 11.4159   Cb: 13.3188   Cr: 12.5219 )
00000605: 11.8913   (Y': 11.4463   Cb: 13.3816   Cr: 12.5523 )
00000606: 11.9205   (Y': 11.4467   Cb: 13.6441   Cr: 12.5427 )
00000607: 11.8705   (Y': 11.4199   Cb: 13.5597   Cr: 12.4012 )
00000608: 11.8362   (Y': 11.3785   Cb: 13.4093   Cr: 12.4949 )
00000609: 11.7741   (Y': 11.3182   Cb: 13.3838   Cr: 12.3941 )
00000610: 11.8272   (Y': 11.3546   Cb: 13.5106   Cr: 12.4749 )
00000611: 11.8603   (Y': 11.3943   Cb: 13.4488   Cr: 12.5495 )
00000612: 11.8073   (Y': 11.3363   Cb: 13.433    Cr: 12.4924 )
00000613: 11.8697   (Y': 11.4144   Cb: 13.3865   Cr: 12.5619 )
00000614: 11.8273   (Y': 11.3489   Cb: 13.4186   Cr: 12.5793 )
00000615: 11.8371   (Y': 11.396    Cb: 13.3548   Cr: 12.4555 )
00000616: 11.769    (Y': 11.313    Cb: 13.3803   Cr: 12.3882 )
00000617: 11.8315   (Y': 11.3473   Cb: 13.4299   Cr: 12.6092 )
00000618: 11.8287   (Y': 11.385    Cb: 13.3584   Cr: 12.4505 )
00000619: 11.8605   (Y': 11.4069   Cb: 13.4418   Cr: 12.4913 )
00000620: 11.8607   (Y': 11.3699   Cb: 13.5806   Cr: 12.5745 )
00000621: 11.8458   (Y': 11.3567   Cb: 13.5989   Cr: 12.5248 )
00000622: 11.7775   (Y': 11.3404   Cb: 13.2839   Cr: 12.3847 )
00000623: 11.9169   (Y': 11.5008   Cb: 13.3101   Cr: 12.5106 )
00000624: 11.9142   (Y': 11.4502   Cb: 13.5395   Cr: 12.5636 )
00000625: 11.8116   (Y': 11.3554   Cb: 13.4781   Cr: 12.3879 )
00000626: 11.7813   (Y': 11.2922   Cb: 13.546    Cr: 12.4511 )
00000627: 11.7843   (Y': 11.3054   Cb: 13.4145   Cr: 12.5078 )
00000628: 11.7523   (Y': 11.2906   Cb: 13.2926   Cr: 12.4583 )
00000629: 11.7772   (Y': 11.3203   Cb: 13.4444   Cr: 12.3571 )
00000630: 11.7859   (Y': 11.2707   Cb: 13.5214   Cr: 12.6184 )
00000631: 11.7548   (Y': 11.2927   Cb: 13.4479   Cr: 12.3411 )
00000632: 11.755    (Y': 11.2719   Cb: 13.3293   Cr: 12.546  )
00000633: 11.7861   (Y': 11.2849   Cb: 13.6154   Cr: 12.4689 )
00000634: 11.7191   (Y': 11.254    Cb: 13.3702   Cr: 12.3533 )
00000635: 11.7124   (Y': 11.244    Cb: 13.4207   Cr: 12.3192 )
00000636: 11.7571   (Y': 11.2661   Cb: 13.3694   Cr: 12.5594 )
00000637: 11.7672   (Y': 11.3053   Cb: 13.3317   Cr: 12.455  )
00000638: 11.7593   (Y': 11.2893   Cb: 13.3838   Cr: 12.4398 )
00000639: 11.7617   (Y': 11.2792   Cb: 13.4259   Cr: 12.4764 )
00000640: 11.7457   (Y': 11.2578   Cb: 13.4984   Cr: 12.4181 )
00000641: 11.7556   (Y': 11.2852   Cb: 13.3003   Cr: 12.5041 )
00000642: 11.6811   (Y': 11.2299   Cb: 13.416    Cr: 12.1805 )
00000643: 11.7455   (Y': 11.2878   Cb: 13.4168   Cr: 12.3259 )
00000644: 11.7644   (Y': 11.2892   Cb: 13.3961   Cr: 12.4667 )
00000645: 11.7809   (Y': 11.2899   Cb: 13.5268   Cr: 12.4751 )
00000646: 11.7628   (Y': 11.3117   Cb: 13.418    Cr: 12.3224 )
00000647: 11.7673   (Y': 11.2925   Cb: 13.3784   Cr: 12.4838 )
00000648: 11.7268   (Y': 11.28     Cb: 13.3195   Cr: 12.3141 )
00000649: 11.7784   (Y': 11.291    Cb: 13.4356   Cr: 12.5244 )
00000650: 11.7458   (Y': 11.2855   Cb: 13.2918   Cr: 12.4402 )
00000651: 11.8084   (Y': 11.3301   Cb: 13.4842   Cr: 12.492  )
00000652: 11.7535   (Y': 11.2937   Cb: 13.3068   Cr: 12.4392 )
00000653: 11.7548   (Y': 11.2933   Cb: 13.4396   Cr: 12.3445 )
00000654: 11.7523   (Y': 11.2817   Cb: 13.3097   Cr: 12.4908 )
00000655: 11.7371   (Y': 11.273    Cb: 13.3136   Cr: 12.4264 )
00000656: 11.7696   (Y': 11.2904   Cb: 13.4716   Cr: 12.4369 )
00000657: 11.8217   (Y': 11.3283   Cb: 13.4226   Cr: 12.6469 )
00000658: 11.7913   (Y': 11.3337   Cb: 13.3382   Cr: 12.4709 )
00000659: 11.8606   (Y': 11.4122   Cb: 13.4994   Cr: 12.4193 )
00000660: 11.7405   (Y': 11.2714   Cb: 13.4291   Cr: 12.3661 )
00000661: 11.7453   (Y': 11.2501   Cb: 13.5629   Cr: 12.4062 )
00000662: 11.6806   (Y': 11.1355   Cb: 13.5943   Cr: 12.5349 )
00000663: 11.6548   (Y': 11.1739   Cb: 13.4035   Cr: 12.2945 )
00000664: 11.797    (Y': 11.2919   Cb: 13.5764   Cr: 12.5393 )
00000665: 11.7248   (Y': 11.238    Cb: 13.4189   Cr: 12.4386 )
00000666: 11.7258   (Y': 11.1959   Cb: 13.5252   Cr: 12.5875 )
00000667: 11.917    (Y': 11.4564   Cb: 13.5609   Cr: 12.5338 )
00000668: 11.8162   (Y': 11.3246   Cb: 13.5245   Cr: 12.5435 )
00000669: 11.7236   (Y': 11.2433   Cb: 13.44     Cr: 12.3847 )
00000670: 11.8299   (Y': 11.3367   Cb: 13.5307   Cr: 12.5717 )
00000671: 11.7481   (Y': 11.2633   Cb: 13.4569   Cr: 12.4395 )
00000672: 11.7373   (Y': 11.2782   Cb: 13.3117   Cr: 12.4014 )
00000673: 11.7736   (Y': 11.2846   Cb: 13.465    Cr: 12.5008 )
00000674: 11.7697   (Y': 11.2765   Cb: 13.4415   Cr: 12.535  )
00000675: 11.7629   (Y': 11.2597   Cb: 13.5435   Cr: 12.4944 )
00000676: 11.757    (Y': 11.2507   Cb: 13.5235   Cr: 12.5164 )
00000677: 11.8603   (Y': 11.4043   Cb: 13.4336   Cr: 12.5102 )
00000678: 11.7896   (Y': 11.3037   Cb: 13.5552   Cr: 12.4424 )
00000679: 11.9025   (Y': 11.4382   Cb: 13.502    Cr: 12.5739 )
00000680: 11.7838   (Y': 11.3404   Cb: 13.3961   Cr: 12.3379 )
00000681: 11.8065   (Y': 11.3386   Cb: 13.3887   Cr: 12.5107 )
00000682: 11.7772   (Y': 11.2686   Cb: 13.6129   Cr: 12.495  )
00000683: 11.8188   (Y': 11.3596   Cb: 13.4593   Cr: 12.4307 )
00000684: 11.7675   (Y': 11.2793   Cb: 13.5333   Cr: 12.4316 )
00000685: 11.7239   (Y': 11.2288   Cb: 13.4358   Cr: 12.4667 )
00000686: 11.8841   (Y': 11.4385   Cb: 13.5475   Cr: 12.41   )
00000687: 11.7275   (Y': 11.2497   Cb: 13.4679   Cr: 12.3574 )
00000688: 11.8637   (Y': 11.4449   Cb: 13.2971   Cr: 12.438  )
00000689: 11.7919   (Y': 11.3041   Cb: 13.5131   Cr: 12.4889 )
00000690: 11.7204   (Y': 11.2233   Cb: 13.4647   Cr: 12.4481 )
00000691: 11.8477   (Y': 11.3467   Cb: 13.6003   Cr: 12.5897 )
00000692: 11.8398   (Y': 11.3539   Cb: 13.64     Cr: 12.4656 )
00000693: 11.7706   (Y': 11.2744   Cb: 13.5807   Cr: 12.4426 )
00000694: 11.7535   (Y': 11.2572   Cb: 13.5156   Cr: 12.4632 )
00000695: 11.8553   (Y': 11.4142   Cb: 13.4716   Cr: 12.3951 )
00000696: 11.7374   (Y': 11.2239   Cb: 13.5914   Cr: 12.4665 )
00000697: 11.7018   (Y': 11.207    Cb: 13.4152   Cr: 12.4425 )
00000698: 11.8228   (Y': 11.3402   Cb: 13.5708   Cr: 12.472  )
00000699: 11.8237   (Y': 11.3419   Cb: 13.5704   Cr: 12.4693 )
00000700: 11.8267   (Y': 11.3433   Cb: 13.4415   Cr: 12.5862 )
00000701: 11.714    (Y': 11.1838   Cb: 13.5519   Cr: 12.5458 )
00000702: 11.8105   (Y': 11.3434   Cb: 13.4245   Cr: 12.4852 )
00000703: 11.7891   (Y': 11.3187   Cb: 13.5401   Cr: 12.373  )
00000704: 11.9356   (Y': 11.4964   Cb: 13.4354   Cr: 12.5586 )
00000705: 11.9757   (Y': 11.5403   Cb: 13.4658   Cr: 12.5877 )
00000706: 11.8053   (Y': 11.3329   Cb: 13.4125   Cr: 12.5132 )
00000707: 11.7679   (Y': 11.291    Cb: 13.5814   Cr: 12.3375 )
00000708: 11.7577   (Y': 11.2514   Cb: 13.5319   Cr: 12.5113 )
00000709: 11.8278   (Y': 11.3723   Cb: 13.4013   Cr: 12.4746 )
00000710: 11.8366   (Y': 11.3518   Cb: 13.5811   Cr: 12.4996 )
00000711: 11.9081   (Y': 11.4409   Cb: 13.601    Cr: 12.5204 )
00000712: 11.7573   (Y': 11.2701   Cb: 13.5061   Cr: 12.4296 )
00000713: 11.6983   (Y': 11.1985   Cb: 13.4707   Cr: 12.4185 )
00000714: 11.8852   (Y': 11.434    Cb: 13.409    Cr: 12.5506 )
00000715: 11.9163   (Y': 11.4755   Cb: 13.4801   Cr: 12.4958 )
00000716: 11.8847   (Y': 11.4014   Cb: 13.5734   Cr: 12.5838 )
00000717: 11.8632   (Y': 11.3868   Cb: 13.5146   Cr: 12.5554 )
00000718: 11.8829   (Y': 11.4313   Cb: 13.4965   Cr: 12.4782 )
00000719: 11.7166   (Y': 11.2382   Cb: 13.4609   Cr: 12.3462 )
00000720: 11.8845   (Y': 11.4362   Cb: 13.5091   Cr: 12.4537 )
00000721: 11.7613   (Y': 11.2668   Cb: 13.496    Cr: 12.4829 )
00000722: 11.7112   (Y': 11.2072   Cb: 13.439    Cr: 12.4887 )
00000723: 11.7816   (Y': 11.2749   Cb: 13.5567   Cr: 12.5358 )
00000724: 11.6895   (Y': 11.1653   Cb: 13.5715   Cr: 12.4546 )
00000725: 11.6756   (Y': 11.1806   Cb: 13.5504   Cr: 12.2921 )
00000726: 11.6318   (Y': 11.1327   Cb: 13.476    Cr: 12.2931 )
00000727: 11.7452   (Y': 11.2531   Cb: 13.404    Cr: 12.515  )
00000728: 11.6783   (Y': 11.1456   Cb: 13.5474   Cr: 12.4991 )
00000729: 11.7763   (Y': 11.277    Cb: 13.4876   Cr: 12.5423 )
00000730: 11.7336   (Y': 11.2165   Cb: 13.5089   Cr: 12.5446 )
00000731: 11.7309   (Y': 11.2161   Cb: 13.5508   Cr: 12.4933 )
00000732: 11.664    (Y': 11.1281   Cb: 13.5495   Cr: 12.4895 )
00000733: 11.6602   (Y': 11.1287   Cb: 13.4988   Cr: 12.4991 )
00000734: 11.7201   (Y': 11.2024   Cb: 13.5341   Cr: 12.503  )
00000735: 11.7564   (Y': 11.2764   Cb: 13.487    Cr: 12.4056 )
00000736: 11.752    (Y': 11.2797   Cb: 13.4582   Cr: 12.3799 )
00000737: 11.7238   (Y': 11.1969   Cb: 13.6316   Cr: 12.4836 )
00000738: 11.7286   (Y': 11.2232   Cb: 13.5935   Cr: 12.4066 )
00000739: 11.6358   (Y': 11.1184   Cb: 13.4659   Cr: 12.404  )
00000740: 11.7366   (Y': 11.2421   Cb: 13.5049   Cr: 12.4316 )
00000741: 11.7256   (Y': 11.2075   Cb: 13.5624   Cr: 12.493  )
00000742: 11.6635   (Y': 11.1546   Cb: 13.3477   Cr: 12.5034 )
00000743: 11.7548   (Y': 11.2535   Cb: 13.5062   Cr: 12.4996 )
00000744: 11.6407   (Y': 11.1235   Cb: 13.4314   Cr: 12.4396 )
00000745: 11.6948   (Y': 11.2096   Cb: 13.4114   Cr: 12.3814 )
00000746: 11.676    (Y': 11.1573   Cb: 13.5199   Cr: 12.4408 )
00000747: 11.6862   (Y': 11.1727   Cb: 13.5065   Cr: 12.4414 )
00000748: 11.6825   (Y': 11.175    Cb: 13.5423   Cr: 12.3753 )
00000749: 11.7044   (Y': 11.1766   Cb: 13.5408   Cr: 12.5242 )
00000750: 11.6421   (Y': 11.1468   Cb: 13.2797   Cr: 12.4468 )
00000751: 11.6529   (Y': 11.1521   Cb: 13.2596   Cr: 12.5132 )
00000752: 11.6948   (Y': 11.1683   Cb: 13.5213   Cr: 12.5154 )
00000753: 11.6985   (Y': 11.1839   Cb: 13.4532   Cr: 12.512  )
00000754: 11.6458   (Y': 11.139    Cb: 13.4243   Cr: 12.3981 )
00000755: 11.673    (Y': 11.1799   Cb: 13.3101   Cr: 12.4661 )
00000756: 11.7035   (Y': 11.2299   Cb: 13.4034   Cr: 12.3437 )
00000757: 11.6254   (Y': 11.1036   Cb: 13.445    Cr: 12.4263 )
00000758: 11.6151   (Y': 11.115    Cb: 13.4642   Cr: 12.277  )
00000759: 11.6803   (Y': 11.1435   Cb: 13.5084   Cr: 12.5562 )
00000760: 11.6386   (Y': 11.1594   Cb: 13.2855   Cr: 12.3494 )
00000761: 11.7131   (Y': 11.2192   Cb: 13.4941   Cr: 12.3951 )
00000762: 11.6287   (Y': 11.1116   Cb: 13.4998   Cr: 12.3639 )
00000763: 11.6586   (Y': 11.1413   Cb: 13.3767   Cr: 12.5161 )
00000764: 11.6421   (Y': 11.1538   Cb: 13.3344   Cr: 12.3649 )
00000765: 11.6649   (Y': 11.1573   Cb: 13.2858   Cr: 12.5507 )
00000766: 11.7203   (Y': 11.2024   Cb: 13.4999   Cr: 12.5317 )
00000767: 11.6743   (Y': 11.1566   Cb: 13.4702   Cr: 12.4718 )
00000768: 11.6707   (Y': 11.1461   Cb: 13.5048   Cr: 12.4754 )
00000769: 11.7229   (Y': 11.2106   Cb: 13.5411   Cr: 12.4734 )
00000771: 11.6982   (Y': 11.1907   Cb: 13.4525   Cr: 12.4742 )
00000770: 11.6607   (Y': 11.1497   Cb: 13.4192   Cr: 12.4517 )
00000772: 11.7046   (Y': 11.2058   Cb: 13.4892   Cr: 12.41   )
00000773: 11.7303   (Y': 11.278    Cb: 13.3021   Cr: 12.3622 )
00000774: 11.694    (Y': 11.1811   Cb: 13.4843   Cr: 12.4701 )
00000775: 11.6807   (Y': 11.1906   Cb: 13.4225   Cr: 12.3732 )
00000776: 11.679    (Y': 11.1491   Cb: 13.48     Cr: 12.5393 )
00000777: 11.6625   (Y': 11.1724   Cb: 13.4535   Cr: 12.3172 )
00000778: 11.6972   (Y': 11.1728   Cb: 13.464    Cr: 12.5544 )
00000779: 11.7086   (Y': 11.219    Cb: 13.4588   Cr: 12.3925 )
00000780: 11.6456   (Y': 11.1351   Cb: 13.4402   Cr: 12.4054 )
00000781: 11.6889   (Y': 11.1747   Cb: 13.4835   Cr: 12.4684 )
00000782: 11.7069   (Y': 11.2446   Cb: 13.195    Cr: 12.4594 )
00000783: 11.814    (Y': 11.354    Cb: 13.4476   Cr: 12.4358 )
00000784: 11.7776   (Y': 11.3082   Cb: 13.4823   Cr: 12.3925 )
00000785: 11.7123   (Y': 11.2209   Cb: 13.4554   Cr: 12.4112 )
00000786: 11.9866   (Y': 11.537    Cb: 13.5848   Cr: 12.5837 )
00000787: 11.7354   (Y': 11.2292   Cb: 13.5371   Cr: 12.4664 )
00000788: 11.7589   (Y': 11.2753   Cb: 13.476    Cr: 12.4372 )
00000789: 11.7412   (Y': 11.2556   Cb: 13.4629   Cr: 12.4259 )
00000790: 11.7864   (Y': 11.2691   Cb: 13.6175   Cr: 12.554  )
00000791: 11.7174   (Y': 11.224    Cb: 13.4188   Cr: 12.4593 )
00000792: 11.6929   (Y': 11.2006   Cb: 13.4828   Cr: 12.3594 )
00000793: 11.7091   (Y': 11.1831   Cb: 13.4886   Cr: 12.5649 )
00000794: 11.7762   (Y': 11.3061   Cb: 13.317    Cr: 12.5264 )
00000796: 11.8384   (Y': 11.3602   Cb: 13.4361   Cr: 12.5844 )
00000795: 11.7009   (Y': 11.1794   Cb: 13.5518   Cr: 12.4752 )
00000797: 11.9107   (Y': 11.439    Cb: 13.5593   Cr: 12.5812 )
00000798: 11.7279   (Y': 11.2252   Cb: 13.428    Cr: 12.5211 )
00000799: 11.8504   (Y': 11.3455   Cb: 13.6328   Cr: 12.5895 )
00000800: 11.7178   (Y': 11.1851   Cb: 13.5834   Cr: 12.5414 )
00000801: 11.7566   (Y': 11.264    Cb: 13.5605   Cr: 12.4142 )
00000802: 11.6899   (Y': 11.1784   Cb: 13.5182   Cr: 12.4283 )
00000803: 11.7568   (Y': 11.265    Cb: 13.5023   Cr: 12.4556 )
00000804: 11.7626   (Y': 11.2813   Cb: 13.4401   Cr: 12.4606 )
00000805: 11.6999   (Y': 11.2318   Cb: 13.3059   Cr: 12.3859 )
00000806: 11.7008   (Y': 11.194    Cb: 13.4425   Cr: 12.4828 )
00000807: 11.7042   (Y': 11.2104   Cb: 13.4335   Cr: 12.4261 )
00000808: 11.7436   (Y': 11.2467   Cb: 13.4807   Cr: 12.4756 )
00000809: 11.6775   (Y': 11.1827   Cb: 13.2823   Cr: 12.5063 )
00000810: 11.697    (Y': 11.2055   Cb: 13.3811   Cr: 12.4432 )
00000811: 11.6935   (Y': 11.1746   Cb: 13.4213   Cr: 12.5522 )
00000812: 11.699    (Y': 11.2052   Cb: 13.4947   Cr: 12.3694 )
00000813: 11.7051   (Y': 11.223    Cb: 13.35     Cr: 12.4334 )
00000814: 11.6974   (Y': 11.2191   Cb: 13.2751   Cr: 12.4602 )
00000815: 11.7332   (Y': 11.2269   Cb: 13.4368   Cr: 12.5429 )
00000816: 11.6443   (Y': 11.1257   Cb: 13.4428   Cr: 12.4441 )
00000817: 11.7045   (Y': 11.202    Cb: 13.3268   Cr: 12.5611 )
00000818: 11.656    (Y': 11.1772   Cb: 13.3316   Cr: 12.3422 )
00000819: 11.6977   (Y': 11.1915   Cb: 13.4257   Cr: 12.4867 )
00000820: 11.6959   (Y': 11.1907   Cb: 13.4339   Cr: 12.4717 )
00000821: 11.7018   (Y': 11.2025   Cb: 13.4241   Cr: 12.4594 )
00000823: 11.6662   (Y': 11.2076   Cb: 13.2692   Cr: 12.305  )
00000822: 11.6934   (Y': 11.2332   Cb: 13.3643   Cr: 12.2867 )
00000824: 11.7545   (Y': 11.2517   Cb: 13.3975   Cr: 12.5949 )
00000825: 11.6374   (Y': 11.1304   Cb: 13.463    Cr: 12.3543 )
00000826: 11.7204   (Y': 11.2058   Cb: 13.4104   Cr: 12.5866 )
00000827: 11.6516   (Y': 11.1771   Cb: 13.2317   Cr: 12.3922 )
00000828: 11.6774   (Y': 11.1719   Cb: 13.4539   Cr: 12.4243 )
00000829: 11.6483   (Y': 11.1717   Cb: 13.2576   Cr: 12.3762 )
00000830: 11.6816   (Y': 11.1863   Cb: 13.2934   Cr: 12.5077 )
00000831: 11.6857   (Y': 11.2045   Cb: 13.3289   Cr: 12.41   )
00000832: 11.6699   (Y': 11.1779   Cb: 13.474    Cr: 12.3242 )
00000833: 11.7088   (Y': 11.2248   Cb: 13.3704   Cr: 12.4329 )
00000834: 11.7074   (Y': 11.2263   Cb: 13.2473   Cr: 12.5168 )
00000835: 11.6906   (Y': 11.19     Cb: 13.3779   Cr: 12.4829 )
00000836: 11.6562   (Y': 11.1817   Cb: 13.2565   Cr: 12.3802 )
00000837: 11.6773   (Y': 11.1685   Cb: 13.5184   Cr: 12.3911 )
00000838: 11.6831   (Y': 11.1958   Cb: 13.2114   Cr: 12.5362 )
00000839: 11.6915   (Y': 11.1767   Cb: 13.4954   Cr: 12.4668 )
00000840: 11.6783   (Y': 11.1683   Cb: 13.4859   Cr: 12.4251 )
00000841: 11.7263   (Y': 11.2361   Cb: 13.3672   Cr: 12.5005 )
00000842: 11.6333   (Y': 11.1673   Cb: 13.27     Cr: 12.284  )
00000843: 11.6402   (Y': 11.1721   Cb: 13.2712   Cr: 12.306  )
00000845: 11.7601   (Y': 11.27     Cb: 13.5055   Cr: 12.4497 )
00000844: 11.7184   (Y': 11.22     Cb: 13.4389   Cr: 12.4719 )
00000847: 11.8621   (Y': 11.4058   Cb: 13.4123   Cr: 12.5321 )
00000846: 11.8579   (Y': 11.3841   Cb: 13.4229   Cr: 12.6071 )
00000848: 11.9008   (Y': 11.4591   Cb: 13.4566   Cr: 12.4912 )
00000849: 11.8882   (Y': 11.4134   Cb: 13.5816   Cr: 12.5395 )
00000850: 12.1047   (Y': 11.6522   Cb: 13.7445   Cr: 12.6831 )
00000851: 12.105    (Y': 11.6351   Cb: 13.8365   Cr: 12.7009 )
00000852: 12.0868   (Y': 11.5824   Cb: 13.8585   Cr: 12.8317 )
00000853: 12.0359   (Y': 11.4916   Cb: 14.0187   Cr: 12.8328 )
00000854: 12.1396   (Y': 11.5982   Cb: 14.0837   Cr: 12.9498 )
00000855: 12.0976   (Y': 11.4853   Cb: 14.2538   Cr: 13.1446 )
00000856: 12.0587   (Y': 11.492    Cb: 14.0926   Cr: 12.94   )
00000857: 11.8873   (Y': 11.2261   Cb: 14.2092   Cr: 13.1005 )
00000858: 12.0174   (Y': 11.4118   Cb: 14.2241   Cr: 12.987  )
00000859: 12.0937   (Y': 11.52     Cb: 14.0628   Cr: 13.0646 )
00000860: 12.1675   (Y': 11.5664   Cb: 14.3881   Cr: 13.1014 )
00000861: 13.3863   (Y': 12.9432   Cb: 14.9528   Cr: 13.9755 )
00000863: 13.8025   (Y': 13.3524   Cb: 15.3569   Cr: 14.4368 )
00000862: 14.0247   (Y': 13.6083   Cb: 15.4225   Cr: 14.6159 )
00000864: 12.6333   (Y': 12.0918   Cb: 14.5689   Cr: 13.4508 )
00000865: 12.2719   (Y': 11.6194   Cb: 14.4976   Cr: 13.5071 )
00000866: 11.7564   (Y': 11.095    Cb: 14.0501   Cr: 12.992  )
00000867: 11.7724   (Y': 11.245    Cb: 13.5475   Cr: 12.6396 )
00000868: 11.7825   (Y': 11.2721   Cb: 13.4992   Cr: 12.6037 )
00000871: 11.3773   (Y': 10.7544   Cb: 13.4967   Cr: 12.5159 )
00000870: 11.373    (Y': 10.713    Cb: 13.4413   Cr: 12.7851 )
00000869: 11.5819   (Y': 10.9946   Cb: 13.5187   Cr: 12.6576 )
00000872: 11.1275   (Y': 10.3638   Cb: 13.571    Cr: 12.9236 )
00000873: 11.0125   (Y': 10.2476   Cb: 13.4288   Cr: 12.8416 )
00000874: 10.8182   (Y': 10.0264   Cb: 13.3966   Cr: 12.7045 )
00000875: 10.9448   (Y': 10.188    Cb: 13.3026   Cr: 12.7658 )
00000876: 11.2494   (Y': 10.4933   Cb: 13.5374   Cr: 13.1279 )
00000877: 11.9197   (Y': 11.3696   Cb: 13.562    Cr: 13.0282 )
00000878: 12.0022   (Y': 11.4524   Cb: 13.6192   Cr: 13.132  )
00000879: 11.6809   (Y': 11.0552   Cb: 13.5337   Cr: 13.0635 )
00000880: 11.7101   (Y': 11.0907   Cb: 13.5604   Cr: 13.0544 )
00000881: 11.7882   (Y': 11.2263   Cb: 13.4268   Cr: 12.9695 )
00000882: 11.9352   (Y': 11.42     Cb: 13.4961   Cr: 12.9149 )
00000883: 11.8312   (Y': 11.28     Cb: 13.4354   Cr: 12.9804 )
00000884: 11.6822   (Y': 11.1334   Cb: 13.2997   Cr: 12.8054 )
00000885: 11.6592   (Y': 11.1344   Cb: 13.1851   Cr: 12.7242 )
00000886: 11.3653   (Y': 10.8123   Cb: 12.9681   Cr: 12.5266 )
00000887: 11.3526   (Y': 10.7451   Cb: 13.0467   Cr: 12.7648 )
00000888: 11.2255   (Y': 10.5887   Cb: 13.1022   Cr: 12.6567 )
00000889: 11.166    (Y': 10.5114   Cb: 13.121    Cr: 12.6425 )
00000890: 11.1473   (Y': 10.5065   Cb: 13.1135   Cr: 12.5253 )
00000891: 11.3462   (Y': 10.764    Cb: 13.0656   Cr: 12.5782 )
00000892: 11.1674   (Y': 10.5052   Cb: 13.1703   Cr: 12.6514 )
00000893: 12.4733   (Y': 12.0913   Cb: 13.575    Cr: 13.1473 )
00000894: 13.6312   (Y': 13.4164   Cb: 14.2681   Cr: 13.9293 )
00000895: 13.9195   (Y': 13.6957   Cb: 14.4068   Cr: 14.4034 )
00000896: 13.0268   (Y': 12.7639   Cb: 13.7933   Cr: 13.4261 )
00000897: 12.4349   (Y': 12.0343   Cb: 13.5942   Cr: 13.1524 )
00000898: 12.0575   (Y': 11.6025   Cb: 13.3446   Cr: 12.9476 )
00000899: 11.8719   (Y': 11.3586   Cb: 13.4256   Cr: 12.8473 )
00000900: 11.6994   (Y': 11.1704   Cb: 13.2308   Cr: 12.7836 )
00000901: 11.234    (Y': 10.6293   Cb: 13.0201   Cr: 12.5441 )
00000902: 11.1986   (Y': 10.5763   Cb: 13.0909   Cr: 12.524  )
00000903: 11.1958   (Y': 10.5761   Cb: 13.0359   Cr: 12.5511 )
00000904: 11.2137   (Y': 10.6486   Cb: 12.8795   Cr: 12.3907 )
00000905: 11.2306   (Y': 10.6439   Cb: 12.9771   Cr: 12.4655 )
00000906: 11.235    (Y': 10.6079   Cb: 13.2355   Cr: 12.4972 )
00000907: 11.3363   (Y': 10.7471   Cb: 13.0022   Cr: 12.6589 )
00000908: 11.2871   (Y': 10.6835   Cb: 13.1222   Cr: 12.5472 )
00000909: 11.2306   (Y': 10.617    Cb: 13.1363   Cr: 12.4906 )
00000910: 11.2788   (Y': 10.6732   Cb: 13.0823   Cr: 12.5793 )
00000911: 11.2089   (Y': 10.5757   Cb: 13.1413   Cr: 12.5682 )
00000912: 11.2163   (Y': 10.5903   Cb: 13.116    Cr: 12.5593 )
00000913: 11.2255   (Y': 10.6233   Cb: 13.1636   Cr: 12.3883 )
00000914: 11.3106   (Y': 10.7361   Cb: 13.0854   Cr: 12.4474 )
00000915: 11.2705   (Y': 10.6458   Cb: 13.2537   Cr: 12.5323 )
00000916: 11.3283   (Y': 10.7226   Cb: 13.1446   Cr: 12.6175 )
00000917: 11.3276   (Y': 10.7218   Cb: 13.2043   Cr: 12.5644 )
00000918: 11.3287   (Y': 10.7601   Cb: 13.1356   Cr: 12.403  )
00000919: 11.2828   (Y': 10.6865   Cb: 13.0918   Cr: 12.5203 )
00000920: 11.3612   (Y': 10.8128   Cb: 13.1013   Cr: 12.3755 )
00000921: 11.5698   (Y': 11.0751   Cb: 13.195    Cr: 12.3813 )
00000922: 11.4731   (Y': 10.9655   Cb: 13.1542   Cr: 12.3086 )
00000923: 11.5053   (Y': 11.0361   Cb: 13.1018   Cr: 12.2047 )
00000924: 11.5987   (Y': 11.1777   Cb: 12.9866   Cr: 12.2218 )
00000926: 11.562    (Y': 11.1017   Cb: 13.0291   Cr: 12.3223 )
00000925: 11.5422   (Y': 11.0773   Cb: 13.1101   Cr: 12.2426 )
00000927: 11.5937   (Y': 11.1239   Cb: 13.1042   Cr: 12.3674 )
00000928: 11.5463   (Y': 11.0894   Cb: 13.0641   Cr: 12.2463 )
00000929: 11.6473   (Y': 11.1924   Cb: 13.1094   Cr: 12.3833 )
00000930: 11.7295   (Y': 11.3105   Cb: 13.1372   Cr: 12.3256 )
00000931: 11.7137   (Y': 11.3146   Cb: 13.0475   Cr: 12.2714 )
00000932: 11.703    (Y': 11.3296   Cb: 12.9252   Cr: 12.2277 )
00000933: 11.6886   (Y': 11.2514   Cb: 13.0857   Cr: 12.3867 )
00000934: 11.5331   (Y': 11.0594   Cb: 13.0856   Cr: 12.2928 )
00000935: 11.7206   (Y': 11.3265   Cb: 13.0013   Cr: 12.2983 )
00000936: 11.689    (Y': 11.2977   Cb: 12.9597   Cr: 12.2616 )
00000937: 11.5624   (Y': 11.0742   Cb: 13.1305   Cr: 12.3863 )
00000938: 11.4894   (Y': 10.9945   Cb: 13.1077   Cr: 12.3073 )
00000939: 11.458    (Y': 10.9465   Cb: 13.047    Cr: 12.3923 )
00000940: 11.4608   (Y': 10.9521   Cb: 13.0514   Cr: 12.3781 )
00000941: 11.3599   (Y': 10.8343   Cb: 13.0686   Cr: 12.2713 )
00000942: 11.3753   (Y': 10.8492   Cb: 13.0923   Cr: 12.2827 )
00000943: 11.3495   (Y': 10.7975   Cb: 13.1304   Cr: 12.3496 )
00000944: 11.5126   (Y': 11.0136   Cb: 13.0984   Cr: 12.3809 )
00000945: 11.5093   (Y': 11.0364   Cb: 13.0449   Cr: 12.2788 )
00000946: 11.3676   (Y': 10.8467   Cb: 13.0808   Cr: 12.2496 )
00000947: 11.3018   (Y': 10.7748   Cb: 12.9773   Cr: 12.2493 )
00000948: 11.4354   (Y': 10.9395   Cb: 12.9863   Cr: 12.3162 )
00000949: 11.3462   (Y': 10.8202   Cb: 12.9852   Cr: 12.3185 )
00000950: 11.2572   (Y': 10.7262   Cb: 13.0626   Cr: 12.12   )
00000951: 11.2547   (Y': 10.7142   Cb: 12.9739   Cr: 12.241  )
00000952: 11.2554   (Y': 10.6981   Cb: 13.0842   Cr: 12.2463 )
00000953: 11.3419   (Y': 10.8095   Cb: 13.0828   Cr: 12.2649 )
00000954: 11.3321   (Y': 10.8018   Cb: 13.0543   Cr: 12.2585 )
00000955: 11.2517   (Y': 10.7077   Cb: 13.0085   Cr: 12.2263 )
00000956: 11.2873   (Y': 10.7386   Cb: 13.0705   Cr: 12.267  )
00000957: 11.2792   (Y': 10.7336   Cb: 13.0239   Cr: 12.2731 )
00000958: 11.3172   (Y': 10.7799   Cb: 13.0436   Cr: 12.2794 )
00000959: 11.309    (Y': 10.7737   Cb: 12.9994   Cr: 12.2905 )
00000960: 11.2642   (Y': 10.7192   Cb: 12.9874   Cr: 12.273  )
00000961: 11.347    (Y': 10.8001   Cb: 13.0817   Cr: 12.3566 )
00000962: 11.318    (Y': 10.7906   Cb: 13.0624   Cr: 12.2099 )
00000963: 11.2997   (Y': 10.7524   Cb: 13.0708   Cr: 12.2815 )
00000964: 11.2945   (Y': 10.7748   Cb: 12.9573   Cr: 12.2113 )
00000965: 11.3631   (Y': 10.8537   Cb: 13.0027   Cr: 12.2426 )
00000966: 11.3394   (Y': 10.8063   Cb: 12.9638   Cr: 12.3651 )
00000967: 11.3155   (Y': 10.7839   Cb: 13.0064   Cr: 12.2754 )
00000968: 11.4482   (Y': 10.9321   Cb: 13.0687   Cr: 12.3814 )
00000969: 11.4668   (Y': 11.0008   Cb: 12.9628   Cr: 12.2325 )
00000970: 11.3952   (Y': 10.8766   Cb: 13.0932   Cr: 12.2771 )
00000971: 11.3044   (Y': 10.7699   Cb: 13.0732   Cr: 12.2161 )
00000972: 11.4123   (Y': 10.9225   Cb: 13.0395   Cr: 12.1958 )
00000973: 11.5041   (Y': 11.009    Cb: 13.0493   Cr: 12.3852 )
00000974: 11.4458   (Y': 10.9488   Cb: 13.0167   Cr: 12.3157 )
00000975: 11.3504   (Y': 10.8409   Cb: 13.0477   Cr: 12.1829 )
00000976: 11.5588   (Y': 11.111    Cb: 12.9944   Cr: 12.2799 )
00000977: 11.3968   (Y': 10.8704   Cb: 13.0401   Cr: 12.3677 )
00000978: 11.3654   (Y': 10.8523   Cb: 12.9824   Cr: 12.2842 )
00000979: 11.386    (Y': 10.874    Cb: 13.0232   Cr: 12.282  )
00000980: 11.3474   (Y': 10.8319   Cb: 12.9694   Cr: 12.276  )
00000981: 11.431    (Y': 10.9501   Cb: 12.942    Cr: 12.2635 )
00000982: 11.3462   (Y': 10.8371   Cb: 12.9944   Cr: 12.2166 )
00000983: 11.349    (Y': 10.8388   Cb: 12.9785   Cr: 12.2419 )
00000984: 11.3033   (Y': 10.7637   Cb: 13.0393   Cr: 12.2713 )
00000985: 11.3243   (Y': 10.7971   Cb: 12.9832   Cr: 12.2867 )
00000986: 11.3251   (Y': 10.7938   Cb: 13.0856   Cr: 12.2256 )
00000987: 11.3531   (Y': 10.8287   Cb: 13.1037   Cr: 12.2232 )
00000988: 11.3701   (Y': 10.8506   Cb: 13.0851   Cr: 12.2422 )
00000989: 11.3442   (Y': 10.8117   Cb: 13.0518   Cr: 12.296  )
00000990: 11.3375   (Y': 10.8003   Cb: 13.0952   Cr: 12.2736 )
00000991: 11.2909   (Y': 10.7479   Cb: 13.012    Cr: 12.2901 )
00000992: 11.2938   (Y': 10.7698   Cb: 12.9491   Cr: 12.241  )
00000993: 11.305    (Y': 10.7758   Cb: 13.0299   Cr: 12.2229 )
00000994: 11.3001   (Y': 10.769    Cb: 13.0269   Cr: 12.2272 )
00000995: 11.3133   (Y': 10.7769   Cb: 13.0233   Cr: 12.2849 )
00000996: 11.3325   (Y': 10.8189   Cb: 12.9402   Cr: 12.2623 )
00000997: 11.3568   (Y': 10.8397   Cb: 12.9607   Cr: 12.3091 )
00000998: 11.3651   (Y': 10.8576   Cb: 12.9866   Cr: 12.2495 )
00000999: 11.3584   (Y': 10.8222   Cb: 13.1468   Cr: 12.2635 )
00001000: 11.3666   (Y': 10.8401   Cb: 13.1132   Cr: 12.2516 )
00001001: 11.3761   (Y': 10.8554   Cb: 13.0949   Cr: 12.2517 )
00001002: 11.3699   (Y': 10.8516   Cb: 13.0926   Cr: 12.2293 )
00001003: 11.3506   (Y': 10.8324   Cb: 13.0303   Cr: 12.2458 )
00001004: 11.2949   (Y': 10.7575   Cb: 12.9968   Cr: 12.2783 )
00001005: 11.3172   (Y': 10.7615   Cb: 13.1493   Cr: 12.2961 )
00001006: 11.3091   (Y': 10.7615   Cb: 13.1151   Cr: 12.2638 )
00001007: 11.3201   (Y': 10.7964   Cb: 12.9873   Cr: 12.2564 )
00001008: 11.3364   (Y': 10.8181   Cb: 13.0004   Cr: 12.2444 )
00001009: 11.3493   (Y': 10.8121   Cb: 13.1515   Cr: 12.2489 )
00001010: 11.3419   (Y': 10.8278   Cb: 12.9652   Cr: 12.2614 )
00001011: 11.3621   (Y': 10.8356   Cb: 13.0565   Cr: 12.2908 )
00001012: 11.3596   (Y': 10.8513   Cb: 13.0301   Cr: 12.2078 )
00001014: 11.317    (Y': 10.7748   Cb: 13.121    Cr: 12.2429 )
00001013: 11.354    (Y': 10.8227   Cb: 13.0705   Cr: 12.2908 )
00001015: 11.3119   (Y': 10.7716   Cb: 13.0285   Cr: 12.2996 )
00001016: 11.3329   (Y': 10.8233   Cb: 12.9724   Cr: 12.2141 )
00001017: 11.3777   (Y': 10.8541   Cb: 13.1144   Cr: 12.2548 )
00001018: 11.3699   (Y': 10.866    Cb: 13.0014   Cr: 12.2265 )
00001019: 11.4283   (Y': 10.9562   Cb: 12.942    Cr: 12.2119 )
00001020: 11.449    (Y': 10.9562   Cb: 13.0161   Cr: 12.2987 )
00001021: 11.4567   (Y': 10.9807   Cb: 13.0432   Cr: 12.1999 )
00001022: 11.4766   (Y': 10.9836   Cb: 13.0504   Cr: 12.322  )
00001023: 11.4855   (Y': 11.0604   Cb: 12.8425   Cr: 12.1559 )
00001024: 11.5172   (Y': 11.1053   Cb: 12.8682   Cr: 12.1254 )
00001025: 11.5198   (Y': 11.0815   Cb: 12.9666   Cr: 12.1818 )
00001026: 11.5019   (Y': 11.0591   Cb: 12.9482   Cr: 12.1875 )
00001027: 11.5397   (Y': 11.1169   Cb: 12.9497   Cr: 12.1539 )
00001028: 11.5488   (Y': 11.1355   Cb: 12.9868   Cr: 12.0915 )
00001029: 11.5109   (Y': 11.1109   Cb: 12.7898   Cr: 12.1196 )
00001030: 11.5582   (Y': 11.1365   Cb: 12.975    Cr: 12.1603 )
00001031: 11.5006   (Y': 11.045    Cb: 12.9965   Cr: 12.2118 )
00001032: 11.5421   (Y': 11.1034   Cb: 12.9168   Cr: 12.2679 )
00001033: 11.5863   (Y': 11.1512   Cb: 12.9852   Cr: 12.2723 )
00001034: 11.6241   (Y': 11.2514   Cb: 12.8571   Cr: 12.136  )
00001035: 11.5616   (Y': 11.1751   Cb: 12.8003   Cr: 12.1369 )
00001036: 11.5698   (Y': 11.1785   Cb: 12.898    Cr: 12.0939 )
00001037: 11.517    (Y': 11.0895   Cb: 12.9583   Cr: 12.1285 )
00001038: 11.5625   (Y': 11.1374   Cb: 12.915    Cr: 12.2365 )
00001040: 11.6223   (Y': 11.2334   Cb: 12.8727   Cr: 12.1998 )
00001039: 11.622    (Y': 11.2367   Cb: 12.8705   Cr: 12.1834 )
00001041: 11.5779   (Y': 11.2072   Cb: 12.7679   Cr: 12.117  )
00001042: 11.6871   (Y': 11.2995   Cb: 13.0055   Cr: 12.2007 )
00001043: 11.6114   (Y': 11.224    Cb: 12.83     Cr: 12.2086 )
Total: 11.6521   (Y': 11.1558   Cb: 13.2872   Cr: 12.4643 )
