00000000: 31.3234   (Y': 44.3744   Cb: 26.6981   Cr: 26.6981 )
00000001: 14.0398   (Y': 14.9284   Cb: 12.5017   Cr: 12.8498 )
00000002: 14.2578   (Y': 15.063    Cb: 12.9545   Cr: 13.0293 )
00000003: 14.2687   (Y': 15.057    Cb: 12.9548   Cr: 13.0938 )
00000005: 14.234    (Y': 15.0794   Cb: 12.8681   Cr: 12.9697 )
00000004: 14.269    (Y': 15.0377   Cb: 13.0114   Cr: 13.0862 )
00000006: 14.252    (Y': 15.0648   Cb: 12.9034   Cr: 13.0509 )
00000007: 14.2254   (Y': 15.0116   Cb: 12.9347   Cr: 13.032  )
00000008: 14.2403   (Y': 15.0573   Cb: 12.8916   Cr: 13.0288 )
00000009: 14.2385   (Y': 15.0394   Cb: 12.894    Cr: 13.0634 )
00000011: 14.2381   (Y': 15.0238   Cb: 12.9541   Cr: 13.039  )
00000010: 14.2244   (Y': 15.0133   Cb: 12.9155   Cr: 13.0427 )
00000013: 14.2509   (Y': 15.0479   Cb: 12.9615   Cr: 13.0287 )
00000012: 14.2473   (Y': 15.0653   Cb: 12.885    Cr: 13.0474 )
00000014: 14.224    (Y': 15.0365   Cb: 12.8959   Cr: 13.0026 )
00000015: 14.2216   (Y': 15.0365   Cb: 12.8625   Cr: 13.0262 )
00000016: 14.2174   (Y': 15.0336   Cb: 12.878    Cr: 12.998  )
00000017: 14.2706   (Y': 15.0817   Cb: 12.9292   Cr: 13.0665 )
00000018: 14.2638   (Y': 15.0585   Cb: 12.9521   Cr: 13.0706 )
00000019: 14.2589   (Y': 15.0635   Cb: 12.8843   Cr: 13.1055 )
00000020: 14.2669   (Y': 15.0798   Cb: 12.9191   Cr: 13.0648 )
00000021: 14.2725   (Y': 15.0741   Cb: 12.9512   Cr: 13.0716 )
00000022: 14.2542   (Y': 15.0656   Cb: 12.9319   Cr: 13.0298 )
00000023: 14.2569   (Y': 15.0343   Cb: 12.9098   Cr: 13.1444 )
00000024: 14.2355   (Y': 15.0341   Cb: 12.9032   Cr: 13.0533 )
00000026: 14.2155   (Y': 14.9994   Cb: 12.9044   Cr: 13.049  )
00000025: 14.2303   (Y': 15.0023   Cb: 12.9465   Cr: 13.0661 )
00000027: 14.2463   (Y': 15.0324   Cb: 12.9549   Cr: 13.0537 )
00000028: 14.2414   (Y': 15.0297   Cb: 12.908    Cr: 13.0865 )
00000029: 14.2443   (Y': 15.0223   Cb: 12.9276   Cr: 13.0984 )
00000030: 14.2362   (Y': 15.018    Cb: 12.9088   Cr: 13.0918 )
00000031: 14.2551   (Y': 15.0283   Cb: 12.9313   Cr: 13.1292 )
00000032: 14.2467   (Y': 15.0387   Cb: 12.9118   Cr: 13.0837 )
00000034: 14.2272   (Y': 15.0115   Cb: 12.8929   Cr: 13.0838 )
00000033: 14.2723   (Y': 15.0481   Cb: 12.9287   Cr: 13.1603 )
00000035: 14.2624   (Y': 15.0549   Cb: 12.9308   Cr: 13.0949 )
00000036: 14.2865   (Y': 15.0775   Cb: 12.939    Cr: 13.1396 )
00000037: 14.2879   (Y': 15.0788   Cb: 12.9768   Cr: 13.1033 )
00000038: 14.3259   (Y': 15.1147   Cb: 12.9974   Cr: 13.1649 )
00000039: 14.288    (Y': 15.0688   Cb: 12.9827   Cr: 13.123  )
00000040: 14.2488   (Y': 15.0452   Cb: 12.9159   Cr: 13.0731 )
00000041: 14.2494   (Y': 15.0498   Cb: 12.921    Cr: 13.0586 )
00000042: 14.2609   (Y': 15.0554   Cb: 12.8781   Cr: 13.1422 )
00000044: 14.241    (Y': 15.0152   Cb: 12.9216   Cr: 13.1078 )
00000043: 14.2306   (Y': 15.0049   Cb: 12.94     Cr: 13.0674 )
00000045: 14.2635   (Y': 15.028    Cb: 12.9857   Cr: 13.1124 )
00000046: 14.2417   (Y': 15.0211   Cb: 12.9113   Cr: 13.1066 )
00000047: 14.2415   (Y': 15.0132   Cb: 12.9327   Cr: 13.1037 )
00000048: 14.2354   (Y': 14.9929   Cb: 12.9648   Cr: 13.0948 )
00000050: 14.2578   (Y': 15.0284   Cb: 12.9777   Cr: 13.093  )
00000049: 14.2526   (Y': 15.0372   Cb: 12.9274   Cr: 13.099  )
00000051: 14.2541   (Y': 15.0449   Cb: 12.9292   Cr: 13.084  )
00000052: 14.2545   (Y': 15.046    Cb: 12.9452   Cr: 13.0665 )
00000053: 14.2517   (Y': 15.017    Cb: 12.9644   Cr: 13.1081 )
00000054: 14.2501   (Y': 15.0082   Cb: 12.9774   Cr: 13.1101 )
00000055: 14.241    (Y': 15.0193   Cb: 12.9755   Cr: 13.0419 )
00000056: 14.2361   (Y': 15.0172   Cb: 12.9031   Cr: 13.0994 )
00000057: 14.238    (Y': 15.0149   Cb: 12.9215   Cr: 13.0947 )
00000060: 14.2601   (Y': 15.038    Cb: 12.9833   Cr: 13.0735 )
00000059: 14.2643   (Y': 15.0375   Cb: 12.9586   Cr: 13.1196 )
00000058: 14.2408   (Y': 15.0079   Cb: 12.9459   Cr: 13.1004 )
00000061: 14.2427   (Y': 15.0054   Cb: 12.951    Cr: 13.1103 )
00000062: 14.2631   (Y': 15.0331   Cb: 12.9754   Cr: 13.1081 )
00000063: 14.2378   (Y': 14.9965   Cb: 12.9544   Cr: 13.1071 )
00000064: 14.2481   (Y': 15.0303   Cb: 12.9358   Cr: 13.087  )
00000065: 14.2383   (Y': 15.0022   Cb: 12.921    Cr: 13.1295 )
00000066: 14.2734   (Y': 15.0654   Cb: 12.9056   Cr: 13.1455 )
00000067: 14.2363   (Y': 15.0181   Cb: 12.9656   Cr: 13.0334 )
00000068: 14.2509   (Y': 15.0045   Cb: 12.9582   Cr: 13.1432 )
00000069: 14.2432   (Y': 15.0049   Cb: 12.9381   Cr: 13.1275 )
00000071: 14.2485   (Y': 15.0344   Cb: 12.9442   Cr: 13.0696 )
00000070: 14.237    (Y': 15.0296   Cb: 12.91     Cr: 13.0646 )
00000072: 14.2503   (Y': 14.9818   Cb: 13.0247   Cr: 13.1311 )
00000073: 14.268    (Y': 15.0317   Cb: 12.9863   Cr: 13.1231 )
00000074: 14.2505   (Y': 15.0314   Cb: 12.9517   Cr: 13.0786 )
00000075: 14.2538   (Y': 15.0407   Cb: 12.9267   Cr: 13.0961 )
00000076: 14.2252   (Y': 15.0228   Cb: 12.9267   Cr: 13.0108 )
00000077: 14.2681   (Y': 15.0564   Cb: 12.9391   Cr: 13.1089 )
00000079: 14.2595   (Y': 15.0446   Cb: 12.9458   Cr: 13.0925 )
00000078: 14.2495   (Y': 15.0077   Cb: 12.9997   Cr: 13.0861 )
00000080: 14.2624   (Y': 15.0024   Cb: 13.0017   Cr: 13.1571 )
00000081: 14.2636   (Y': 15.0056   Cb: 12.9943   Cr: 13.1619 )
00000083: 14.2684   (Y': 15.0452   Cb: 12.9803   Cr: 13.0962 )
00000082: 14.2773   (Y': 15.0407   Cb: 13.0008   Cr: 13.1272 )
00000084: 14.2606   (Y': 15.0456   Cb: 12.9551   Cr: 13.0854 )
00000085: 14.2489   (Y': 15.0278   Cb: 12.9743   Cr: 13.0576 )
00000086: 14.2883   (Y': 15.0441   Cb: 13.0413   Cr: 13.1278 )
00000087: 14.3325   (Y': 15.1455   Cb: 12.9694   Cr: 13.1461 )
00000088: 14.3355   (Y': 15.1263   Cb: 12.9991   Cr: 13.1775 )
00000089: 14.3172   (Y': 15.1373   Cb: 12.9495   Cr: 13.1172 )
00000091: 14.2851   (Y': 15.0835   Cb: 12.9366   Cr: 13.1204 )
00000090: 14.3105   (Y': 15.1091   Cb: 12.9192   Cr: 13.1904 )
00000092: 14.2767   (Y': 15.0577   Cb: 12.95     Cr: 13.1339 )
00000093: 14.2951   (Y': 15.0794   Cb: 13.0121   Cr: 13.0989 )
00000094: 14.2618   (Y': 15.0343   Cb: 12.9295   Cr: 13.1466 )
00000095: 14.2273   (Y': 15.0522   Cb: 12.8977   Cr: 12.9766 )
00000096: 14.2718   (Y': 15.073    Cb: 12.9204   Cr: 13.1032 )
00000097: 14.2337   (Y': 15.0374   Cb: 12.8578   Cr: 13.0843 )
00000099: 14.2027   (Y': 14.9904   Cb: 12.8706   Cr: 13.0482 )
00000098: 14.2274   (Y': 15.0233   Cb: 12.8589   Cr: 13.09   )
00000100: 14.2141   (Y': 15.0591   Cb: 12.8109   Cr: 12.9891 )
00000102: 14.0022   (Y': 14.9584   Cb: 12.7089   Cr: 12.4078 )
00000103: 13.9581   (Y': 14.9007   Cb: 12.7054   Cr: 12.3563 )
00000101: 14.152    (Y': 15.0417   Cb: 12.8036   Cr: 12.7629 )
00000104: 14.0466   (Y': 14.9743   Cb: 12.735    Cr: 12.5335 )
00000105: 14.0588   (Y': 14.9597   Cb: 12.6945   Cr: 12.6591 )
00000106: 14.0777   (Y': 14.948    Cb: 12.7454   Cr: 12.7191 )
00000107: 14.0735   (Y': 14.9671   Cb: 12.7792   Cr: 12.6225 )
00000108: 14.1024   (Y': 14.9718   Cb: 12.7865   Cr: 12.7295 )
00000109: 14.0732   (Y': 14.9631   Cb: 12.7322   Cr: 12.6762 )
00000110: 14.0724   (Y': 14.9624   Cb: 12.7394   Cr: 12.6676 )
00000111: 14.1123   (Y': 15.0018   Cb: 12.7883   Cr: 12.6996 )
00000112: 14.0971   (Y': 14.9791   Cb: 12.773    Cr: 12.7022 )
00000113: 14.096    (Y': 14.9786   Cb: 12.7011   Cr: 12.7704 )
00000114: 14.0983   (Y': 15.0095   Cb: 12.7172   Cr: 12.6908 )
00000115: 14.1046   (Y': 14.987    Cb: 12.8013   Cr: 12.6884 )
00000116: 14.0842   (Y': 14.9761   Cb: 12.7469   Cr: 12.6791 )
00000117: 14.0752   (Y': 14.9699   Cb: 12.7142   Cr: 12.6871 )
00000118: 14.0695   (Y': 14.9577   Cb: 12.7247   Cr: 12.6805 )
00000119: 14.0717   (Y': 14.9391   Cb: 12.7565   Cr: 12.703  )
00000120: 14.0712   (Y': 14.94     Cb: 12.7469   Cr: 12.7081 )
00000121: 14.072    (Y': 14.9395   Cb: 12.7715   Cr: 12.6886 )
00000122: 14.0712   (Y': 14.9516   Cb: 12.7449   Cr: 12.6825 )
00000123: 14.0799   (Y': 14.9665   Cb: 12.7762   Cr: 12.6542 )
00000124: 14.0917   (Y': 14.9648   Cb: 12.7502   Cr: 12.7352 )
00000125: 14.0883   (Y': 15.0205   Cb: 12.7188   Cr: 12.6209 )
00000126: 14.0989   (Y': 14.9967   Cb: 12.7416   Cr: 12.6997 )
00000127: 14.0922   (Y': 14.9858   Cb: 12.7768   Cr: 12.6618 )
00000128: 14.1256   (Y': 15.0182   Cb: 12.8263   Cr: 12.6817 )
00000129: 14.1452   (Y': 15.0007   Cb: 12.8345   Cr: 12.8006 )
00000131: 14.0724   (Y': 14.9511   Cb: 12.7552   Cr: 12.6788 )
00000132: 14.1074   (Y': 14.9781   Cb: 12.7975   Cr: 12.7257 )
00000133: 14.0909   (Y': 14.9757   Cb: 12.7691   Cr: 12.6875 )
00000130: 14.0962   (Y': 14.9816   Cb: 12.7595   Cr: 12.706  )
00000134: 14.1001   (Y': 14.9738   Cb: 12.7914   Cr: 12.7098 )
00000135: 14.0773   (Y': 14.9501   Cb: 12.7728   Cr: 12.6852 )
00000136: 14.1086   (Y': 14.9792   Cb: 12.8111   Cr: 12.7149 )
00000137: 14.0836   (Y': 14.9657   Cb: 12.7736   Cr: 12.6746 )
00000138: 14.1119   (Y': 14.993    Cb: 12.788    Cr: 12.7192 )
00000139: 14.1216   (Y': 14.9853   Cb: 12.8259   Cr: 12.7427 )
00000141: 14.1363   (Y': 15.0012   Cb: 12.8502   Cr: 12.7449 )
00000140: 14.1273   (Y': 15.0138   Cb: 12.819    Cr: 12.7063 )
00000142: 14.11     (Y': 14.9482   Cb: 12.8338   Cr: 12.7732 )
00000143: 14.1157   (Y': 14.9723   Cb: 12.8765   Cr: 12.6985 )
00000144: 14.1089   (Y': 14.991    Cb: 12.8449   Cr: 12.6558 )
00000145: 14.0807   (Y': 14.9636   Cb: 12.7436   Cr: 12.6968 )
00000146: 14.0906   (Y': 14.9856   Cb: 12.7729   Cr: 12.6593 )
00000147: 14.0699   (Y': 14.9585   Cb: 12.7348   Cr: 12.6705 )
00000148: 14.0838   (Y': 14.9513   Cb: 12.7615   Cr: 12.7216 )
00000149: 14.0745   (Y': 14.9401   Cb: 12.7204   Cr: 12.7486 )
00000150: 14.0554   (Y': 14.9316   Cb: 12.7577   Cr: 12.6484 )
00000151: 14.0803   (Y': 14.9597   Cb: 12.7506   Cr: 12.6973 )
00000152: 14.0761   (Y': 14.9627   Cb: 12.7329   Cr: 12.6894 )
00000153: 14.0546   (Y': 14.9346   Cb: 12.727    Cr: 12.6684 )
00000156: 14.0945   (Y': 14.9859   Cb: 12.784    Cr: 12.6646 )
00000154: 14.0725   (Y': 14.9647   Cb: 12.7628   Cr: 12.6395 )
00000157: 14.0853   (Y': 14.9759   Cb: 12.7595   Cr: 12.672  )
00000155: 14.0689   (Y': 14.9711   Cb: 12.7615   Cr: 12.6105 )
00000158: 14.0813   (Y': 14.9604   Cb: 12.8165   Cr: 12.6357 )
00000159: 14.081    (Y': 14.9651   Cb: 12.7685   Cr: 12.6702 )
00000160: 14.0756   (Y': 14.9618   Cb: 12.7363   Cr: 12.6862 )
00000161: 14.0498   (Y': 14.9198   Cb: 12.7672   Cr: 12.6429 )
00000162: 14.0813   (Y': 14.9652   Cb: 12.7354   Cr: 12.7038 )
00000163: 14.0964   (Y': 14.9824   Cb: 12.7597   Cr: 12.7044 )
00000164: 14.0923   (Y': 14.9746   Cb: 12.7711   Cr: 12.6941 )
00000165: 14.1256   (Y': 14.9943   Cb: 12.8009   Cr: 12.7633 )
00000166: 14.0982   (Y': 14.998    Cb: 12.7377   Cr: 12.6974 )
00000167: 14.1163   (Y': 15.0023   Cb: 12.8264   Cr: 12.6789 )
00000168: 14.1213   (Y': 14.999    Cb: 12.8144   Cr: 12.7198 )
00000169: 14.0995   (Y': 14.9632   Cb: 12.7956   Cr: 12.7285 )
00000170: 14.1047   (Y': 14.9669   Cb: 12.7846   Cr: 12.7534 )
00000171: 14.1145   (Y': 14.9974   Cb: 12.7895   Cr: 12.7185 )
00000172: 14.1036   (Y': 14.9962   Cb: 12.7459   Cr: 12.7171 )
00000173: 14.0976   (Y': 14.9961   Cb: 12.7289   Cr: 12.7081 )
00000174: 14.1276   (Y': 14.9962   Cb: 12.8676   Cr: 12.7022 )
00000175: 14.106    (Y': 14.954    Cb: 12.804    Cr: 12.7709 )
00000176: 14.0902   (Y': 14.9859   Cb: 12.7643   Cr: 12.6649 )
00000177: 14.1241   (Y': 15.0088   Cb: 12.7975   Cr: 12.7256 )
00000179: 14.1266   (Y': 14.9846   Cb: 12.842    Cr: 12.7501 )
00000178: 14.0851   (Y': 14.9665   Cb: 12.7707   Cr: 12.6822 )
00000181: 14.0926   (Y': 14.977    Cb: 12.7857   Cr: 12.6754 )
00000182: 14.1265   (Y': 15.0055   Cb: 12.8316   Cr: 12.7103 )
00000180: 14.0922   (Y': 14.9896   Cb: 12.7801   Cr: 12.6497 )
00000183: 14.1014   (Y': 14.9955   Cb: 12.7812   Cr: 12.6745 )
00000184: 14.1125   (Y': 14.9825   Cb: 12.8371   Cr: 12.6987 )
00000185: 14.0722   (Y': 14.9574   Cb: 12.7546   Cr: 12.6636 )
00000186: 14.0832   (Y': 14.9482   Cb: 12.8268   Cr: 12.6629 )
00000188: 14.1055   (Y': 14.9978   Cb: 12.7709   Cr: 12.6967 )
00000187: 14.106    (Y': 15.0081   Cb: 12.7704   Cr: 12.675  )
00000189: 14.1147   (Y': 14.9968   Cb: 12.7861   Cr: 12.7244 )
00000190: 14.0886   (Y': 14.985    Cb: 12.7101   Cr: 12.7139 )
00000191: 14.1261   (Y': 14.983    Cb: 12.8099   Cr: 12.7836 )
00000192: 14.1241   (Y': 15.0022   Cb: 12.7907   Cr: 12.7477 )
00000193: 14.1021   (Y': 14.9903   Cb: 12.7779   Cr: 12.693  )
00000194: 14.1009   (Y': 14.977    Cb: 12.7966   Cr: 12.7007 )
00000195: 14.0893   (Y': 14.9487   Cb: 12.7781   Cr: 12.736  )
00000196: 14.0956   (Y': 14.9928   Cb: 12.7842   Cr: 12.6529 )
00000197: 14.098    (Y': 14.9956   Cb: 12.7817   Cr: 12.6589 )
00000198: 14.1021   (Y': 15.0031   Cb: 12.7388   Cr: 12.7015 )
00000199: 14.1044   (Y': 14.9862   Cb: 12.795    Cr: 12.6956 )
00000200: 14.1053   (Y': 14.9948   Cb: 12.7611   Cr: 12.7126 )
00000201: 14.1045   (Y': 14.9965   Cb: 12.7852   Cr: 12.6815 )
00000202: 14.1092   (Y': 14.9892   Cb: 12.8013   Cr: 12.7033 )
00000203: 14.0953   (Y': 14.9977   Cb: 12.748    Cr: 12.6754 )
00000204: 14.0886   (Y': 14.9921   Cb: 12.7793   Cr: 12.629  )
00000205: 14.0869   (Y': 14.9828   Cb: 12.7814   Cr: 12.6415 )
00000206: 14.081    (Y': 14.9645   Cb: 12.7665   Cr: 12.6734 )
00000207: 14.1192   (Y': 15.0163   Cb: 12.7701   Cr: 12.7133 )
00000208: 14.0821   (Y': 14.9467   Cb: 12.7695   Cr: 12.7177 )
00000209: 14.1162   (Y': 14.9836   Cb: 12.8314   Cr: 12.7176 )
00000210: 14.0986   (Y': 14.9834   Cb: 12.738    Cr: 12.7335 )
00000211: 14.1116   (Y': 14.9894   Cb: 12.8044   Cr: 12.71   )
00000212: 14.1012   (Y': 15.0093   Cb: 12.7505   Cr: 12.6712 )
00000213: 14.1128   (Y': 14.9836   Cb: 12.8302   Cr: 12.7043 )
00000214: 14.0926   (Y': 14.9695   Cb: 12.7472   Cr: 12.7313 )
00000215: 14.0923   (Y': 14.9785   Cb: 12.7714   Cr: 12.6846 )
00000216: 14.1078   (Y': 14.9969   Cb: 12.7599   Cr: 12.7198 )
00000217: 14.104    (Y': 14.9973   Cb: 12.8106   Cr: 12.6528 )
00000218: 14.0851   (Y': 14.9689   Cb: 12.7651   Cr: 12.682  )
00000219: 14.0832   (Y': 14.9562   Cb: 12.7779   Cr: 12.6914 )
00000220: 14.1106   (Y': 14.9872   Cb: 12.8052   Cr: 12.7104 )
00000221: 14.0977   (Y': 14.9843   Cb: 12.7621   Cr: 12.7037 )
00000222: 14.1101   (Y': 14.9882   Cb: 12.7917   Cr: 12.719  )
00000223: 14.1067   (Y': 14.9742   Cb: 12.8071   Cr: 12.7224 )
00000224: 14.1102   (Y': 14.9841   Cb: 12.8102   Cr: 12.7109 )
00000225: 14.1145   (Y': 15.0016   Cb: 12.7885   Cr: 12.7098 )
00000227: 14.1036   (Y': 14.9697   Cb: 12.8044   Cr: 12.7222 )
00000226: 14.0876   (Y': 14.9756   Cb: 12.7699   Cr: 12.6722 )
00000228: 14.1252   (Y': 14.9909   Cb: 12.7784   Cr: 12.7921 )
00000229: 14.1132   (Y': 14.9934   Cb: 12.7602   Cr: 12.7516 )
00000230: 14.1209   (Y': 15.004    Cb: 12.8231   Cr: 12.6978 )
00000231: 14.2006   (Y': 15.1013   Cb: 12.8377   Cr: 12.8001 )
00000232: 14.2003   (Y': 15.1117   Cb: 12.8127   Cr: 12.7989 )
00000233: 14.2094   (Y': 15.1222   Cb: 12.8493   Cr: 12.778  )
00000234: 14.2139   (Y': 15.1085   Cb: 12.8643   Cr: 12.8145 )
00000235: 14.2284   (Y': 15.162    Cb: 12.853    Cr: 12.7633 )
00000236: 14.1799   (Y': 15.0941   Cb: 12.8481   Cr: 12.7173 )
00000237: 14.1801   (Y': 15.0832   Cb: 12.8346   Cr: 12.7569 )
00000238: 14.214    (Y': 15.1469   Cb: 12.8243   Cr: 12.7649 )
00000239: 14.1475   (Y': 15.042    Cb: 12.7788   Cr: 12.7671 )
00000240: 14.1934   (Y': 15.0775   Cb: 12.8572   Cr: 12.8055 )
00000241: 14.1966   (Y': 15.0859   Cb: 12.8771   Cr: 12.7803 )
00000242: 14.1799   (Y': 15.0714   Cb: 12.8678   Cr: 12.7512 )
00000243: 14.2365   (Y': 15.1133   Cb: 12.9151   Cr: 12.8515 )
00000244: 14.1979   (Y': 15.0727   Cb: 12.8875   Cr: 12.8068 )
00000245: 14.1353   (Y': 15.0244   Cb: 12.8648   Cr: 12.6717 )
00000246: 14.1985   (Y': 15.0973   Cb: 12.8506   Cr: 12.7874 )
00000247: 14.1929   (Y': 15.0864   Cb: 12.8587   Cr: 12.781  )
00000248: 14.1216   (Y': 14.9988   Cb: 12.8282   Cr: 12.7079 )
00000249: 14.2009   (Y': 15.0951   Cb: 12.9024   Cr: 12.7525 )
00000250: 14.1734   (Y': 15.0523   Cb: 12.8702   Cr: 12.7657 )
00000251: 14.1666   (Y': 15.0538   Cb: 12.8091   Cr: 12.7927 )
00000252: 14.1533   (Y': 15.0291   Cb: 12.8369   Cr: 12.7656 )
00000253: 14.1665   (Y': 15.0221   Cb: 12.8674   Cr: 12.8104 )
00000254: 14.165    (Y': 15.0436   Cb: 12.8284   Cr: 12.7907 )
00000255: 14.1292   (Y': 15.0065   Cb: 12.8314   Cr: 12.7198 )
00000256: 14.1188   (Y': 15.0258   Cb: 12.7769   Cr: 12.6827 )
00000257: 14.1439   (Y': 15.0306   Cb: 12.821    Cr: 12.7371 )
00000258: 14.122    (Y': 15.0138   Cb: 12.8085   Cr: 12.6937 )
00000259: 14.1305   (Y': 14.9974   Cb: 12.832    Cr: 12.7466 )
00000260: 14.1293   (Y': 15.02     Cb: 12.7533   Cr: 12.7656 )
00000261: 14.1389   (Y': 14.9996   Cb: 12.8533   Cr: 12.7569 )
00000262: 14.063    (Y': 14.9412   Cb: 12.7404   Cr: 12.6758 )
00000263: 14.1186   (Y': 14.9999   Cb: 12.7732   Cr: 12.7469 )
00000264: 14.1067   (Y': 14.9871   Cb: 12.7903   Cr: 12.7082 )
00000265: 14.1265   (Y': 14.9977   Cb: 12.8611   Cr: 12.6999 )
00000266: 14.132    (Y': 15.0256   Cb: 12.8102   Cr: 12.7076 )
00000267: 14.0904   (Y': 14.9855   Cb: 12.7392   Cr: 12.6916 )
00000268: 14.1137   (Y': 14.9793   Cb: 12.8189   Cr: 12.7293 )
00000269: 14.1163   (Y': 14.9821   Cb: 12.8556   Cr: 12.6979 )
00000270: 14.1092   (Y': 14.9827   Cb: 12.8155   Cr: 12.7052 )
00000271: 14.0995   (Y': 14.9388   Cb: 12.8161   Cr: 12.7669 )
00000272: 14.0958   (Y': 14.9938   Cb: 12.7346   Cr: 12.7003 )
00000273: 14.1088   (Y': 14.9918   Cb: 12.7907   Cr: 12.7058 )
00000274: 14.1022   (Y': 14.9697   Cb: 12.8055   Cr: 12.715  )
00000275: 14.092    (Y': 14.9601   Cb: 12.814    Cr: 12.6854 )
00000276: 14.1136   (Y': 14.9863   Cb: 12.8565   Cr: 12.6757 )
00000277: 14.0811   (Y': 14.9493   Cb: 12.72     Cr: 12.7563 )
00000278: 14.084    (Y': 14.9718   Cb: 12.7491   Cr: 12.6864 )
00000279: 14.0995   (Y': 14.9767   Cb: 12.7909   Cr: 12.7006 )
00000280: 14.1344   (Y': 15.0029   Cb: 12.8317   Cr: 12.7508 )
00000281: 14.1139   (Y': 14.9978   Cb: 12.7742   Cr: 12.73   )
00000282: 14.1194   (Y': 14.9675   Cb: 12.8297   Cr: 12.7717 )
00000283: 14.1166   (Y': 14.9894   Cb: 12.8108   Cr: 12.7259 )
00000284: 14.1026   (Y': 14.9517   Cb: 12.7902   Cr: 12.7752 )
00000285: 14.1014   (Y': 14.9894   Cb: 12.7486   Cr: 12.7207 )
00000286: 14.1163   (Y': 14.9901   Cb: 12.8139   Cr: 12.7197 )
00000287: 14.1096   (Y': 14.9734   Cb: 12.8178   Cr: 12.7263 )
00000288: 14.1024   (Y': 14.9919   Cb: 12.7899   Cr: 12.6786 )
00000289: 14.0971   (Y': 14.9821   Cb: 12.755    Cr: 12.7131 )
00000290: 14.0984   (Y': 14.9761   Cb: 12.7731   Cr: 12.715  )
00000291: 14.1068   (Y': 14.9992   Cb: 12.7737   Cr: 12.6962 )
00000292: 14.0984   (Y': 14.9985   Cb: 12.7535   Cr: 12.6815 )
00000293: 14.1326   (Y': 15.0161   Cb: 12.8198   Cr: 12.7232 )
00000294: 14.1111   (Y': 15.0131   Cb: 12.7913   Cr: 12.665  )
00000295: 14.1298   (Y': 14.9974   Cb: 12.8195   Cr: 12.7558 )
00000296: 14.1084   (Y': 14.9854   Cb: 12.8325   Cr: 12.6788 )
00000297: 14.1      (Y': 14.9992   Cb: 12.765    Cr: 12.6753 )
00000298: 14.1026   (Y': 14.9848   Cb: 12.7801   Cr: 12.7056 )
00000299: 14.0698   (Y': 14.9556   Cb: 12.7438   Cr: 12.6683 )
00000300: 14.0947   (Y': 14.9858   Cb: 12.7793   Cr: 12.6697 )
00000301: 14.0832   (Y': 14.9714   Cb: 12.7716   Cr: 12.6614 )
00000302: 14.0759   (Y': 14.9358   Cb: 12.7752   Cr: 12.7107 )
00000303: 14.1119   (Y': 14.9968   Cb: 12.785    Cr: 12.713  )
00000304: 14.112    (Y': 15.0002   Cb: 12.7697   Cr: 12.7204 )
00000305: 14.1063   (Y': 14.9859   Cb: 12.7804   Cr: 12.7188 )
00000306: 14.0701   (Y': 14.973    Cb: 12.7257   Cr: 12.6462 )
00000307: 14.1037   (Y': 14.9834   Cb: 12.7639   Cr: 12.7299 )
00000308: 14.1002   (Y': 14.982    Cb: 12.8288   Cr: 12.6548 )
00000309: 14.1095   (Y': 14.9912   Cb: 12.7561   Cr: 12.7444 )
00000310: 14.0911   (Y': 14.9801   Cb: 12.7444   Cr: 12.7023 )
00000311: 14.0796   (Y': 14.9693   Cb: 12.7627   Cr: 12.6596 )
00000312: 14.104    (Y': 15.0087   Cb: 12.7687   Cr: 12.6666 )
00000313: 14.1003   (Y': 14.9882   Cb: 12.7978   Cr: 12.6708 )
00000314: 14.1311   (Y': 15.0014   Cb: 12.8221   Cr: 12.7494 )
00000315: 14.0906   (Y': 14.9654   Cb: 12.7962   Cr: 12.6838 )
00000316: 14.0821   (Y': 14.938    Cb: 12.7738   Cr: 12.7339 )
00000317: 14.116    (Y': 14.9969   Cb: 12.8025   Cr: 12.7135 )
00000318: 14.0973   (Y': 14.9748   Cb: 12.7565   Cr: 12.7299 )
00000319: 14.0819   (Y': 14.9539   Cb: 12.7754   Cr: 12.6935 )
00000320: 14.0926   (Y': 14.9684   Cb: 12.7764   Cr: 12.7048 )
00000321: 14.0964   (Y': 14.9518   Cb: 12.8126   Cr: 12.7255 )
00000322: 14.1122   (Y': 14.9992   Cb: 12.7718   Cr: 12.7218 )
00000323: 14.0874   (Y': 14.9799   Cb: 12.7465   Cr: 12.6845 )
00000324: 14.1135   (Y': 14.9996   Cb: 12.8104   Cr: 12.6885 )
00000325: 14.1246   (Y': 15.0302   Cb: 12.7764   Cr: 12.698  )
00000326: 14.1271   (Y': 14.9883   Cb: 12.8395   Cr: 12.7463 )
00000327: 14.0956   (Y': 14.984    Cb: 12.746    Cr: 12.7106 )
00000328: 14.1127   (Y': 15.0162   Cb: 12.782    Cr: 12.6739 )
00000329: 14.1096   (Y': 14.9777   Cb: 12.7988   Cr: 12.7348 )
00000330: 14.082    (Y': 14.9729   Cb: 12.7239   Cr: 12.6999 )
00000331: 14.0906   (Y': 14.9843   Cb: 12.7633   Cr: 12.6715 )
00000332: 14.0967   (Y': 14.993    Cb: 12.7754   Cr: 12.6653 )
00000333: 14.1117   (Y': 15.0177   Cb: 12.7371   Cr: 12.7104 )
00000334: 14.0852   (Y': 14.9654   Cb: 12.7911   Cr: 12.6652 )
00000335: 14.0975   (Y': 14.9738   Cb: 12.7946   Cr: 12.6956 )
00000336: 14.1319   (Y': 15.0015   Cb: 12.774    Cr: 12.8006 )
00000337: 14.1251   (Y': 15.0056   Cb: 12.7875   Cr: 12.7474 )
00000338: 14.0929   (Y': 14.9532   Cb: 12.8218   Cr: 12.6979 )
00000339: 14.0986   (Y': 14.9922   Cb: 12.7828   Cr: 12.6684 )
00000340: 14.0788   (Y': 14.9568   Cb: 12.7641   Cr: 12.6845 )
00000341: 14.0666   (Y': 14.9277   Cb: 12.7727   Cr: 12.6921 )
00000342: 14.0936   (Y': 14.968    Cb: 12.7876   Cr: 12.6989 )
00000343: 14.1033   (Y': 14.9749   Cb: 12.7674   Cr: 12.7452 )
00000344: 14.1067   (Y': 14.975    Cb: 12.8038   Cr: 12.7237 )
00000345: 14.1292   (Y': 15.0225   Cb: 12.7527   Cr: 12.7598 )
00000346: 14.1772   (Y': 15.0363   Cb: 12.864    Cr: 12.8264 )
00000347: 14.2367   (Y': 15.1502   Cb: 12.8714   Cr: 12.8085 )
00000348: 14.1733   (Y': 15.0659   Cb: 12.8438   Cr: 12.7587 )
00000349: 14.1782   (Y': 15.0959   Cb: 12.8037   Cr: 12.7495 )
00000350: 14.1967   (Y': 15.101    Cb: 12.871    Cr: 12.7514 )
00000351: 14.2081   (Y': 15.0963   Cb: 12.8888   Cr: 12.7939 )
00000352: 14.1563   (Y': 15.0285   Cb: 12.8683   Cr: 12.7496 )
00000353: 14.2024   (Y': 15.0926   Cb: 12.8757   Cr: 12.7908 )
00000354: 14.2267   (Y': 15.1133   Cb: 12.8872   Cr: 12.8361 )
00000355: 14.1799   (Y': 15.0968   Cb: 12.8307   Cr: 12.7282 )
00000358: 14.1267   (Y': 14.998    Cb: 12.8143   Cr: 12.7458 )
00000356: 14.1724   (Y': 15.0627   Cb: 12.8628   Cr: 12.7439 )
00000357: 14.1253   (Y': 15.0054   Cb: 12.8094   Cr: 12.7271 )
00000359: 14.1277   (Y': 15.0193   Cb: 12.7899   Cr: 12.7236 )
00000360: 14.148    (Y': 15.051    Cb: 12.7784   Cr: 12.7489 )
00000361: 14.0947   (Y': 14.9902   Cb: 12.7297   Cr: 12.7087 )
00000362: 14.082    (Y': 14.977    Cb: 12.7661   Cr: 12.6486 )
00000363: 14.0852   (Y': 14.9992   Cb: 12.7469   Cr: 12.6292 )
00000365: 14.0981   (Y': 14.9956   Cb: 12.7447   Cr: 12.696  )
00000366: 14.1186   (Y': 15.0061   Cb: 12.8184   Cr: 12.6875 )
00000364: 14.0785   (Y': 14.9775   Cb: 12.704    Cr: 12.6935 )
00000367: 14.0864   (Y': 14.9795   Cb: 12.7828   Cr: 12.6458 )
00000368: 14.1123   (Y': 14.9972   Cb: 12.783    Cr: 12.7156 )
00000369: 14.0998   (Y': 14.9793   Cb: 12.7924   Cr: 12.6944 )
00000370: 14.0954   (Y': 14.9956   Cb: 12.7461   Cr: 12.6824 )
00000371: 14.1064   (Y': 15.0008   Cb: 12.7876   Cr: 12.6773 )
00000372: 14.0869   (Y': 14.9791   Cb: 12.7585   Cr: 12.6722 )
00000373: 14.1213   (Y': 15.039    Cb: 12.7697   Cr: 12.6698 )
00000374: 14.1049   (Y': 14.9944   Cb: 12.8096   Cr: 12.6642 )
00000375: 14.1471   (Y': 15.0457   Cb: 12.8204   Cr: 12.7161 )
00000376: 14.1798   (Y': 15.0944   Cb: 12.8137   Cr: 12.7498 )
00000377: 14.1137   (Y': 14.9977   Cb: 12.826    Cr: 12.6788 )
00000378: 14.1531   (Y': 15.0528   Cb: 12.8165   Cr: 12.7287 )
00000379: 14.1401   (Y': 15.0422   Cb: 12.7799   Cr: 12.7336 )
00000380: 14.1396   (Y': 15.0284   Cb: 12.7908   Cr: 12.753  )
00000382: 14.1253   (Y': 15.0088   Cb: 12.7734   Cr: 12.7545 )
00000381: 14.1488   (Y': 15.0465   Cb: 12.7763   Cr: 12.7649 )
00000383: 14.0758   (Y': 14.9746   Cb: 12.7183   Cr: 12.6742 )
00000384: 14.1316   (Y': 14.9908   Cb: 12.827    Cr: 12.7719 )
00000385: 14.1697   (Y': 15.0733   Cb: 12.8023   Cr: 12.7666 )
00000386: 14.1615   (Y': 15.0532   Cb: 12.8264   Cr: 12.7549 )
00000387: 14.1227   (Y': 15.0173   Cb: 12.7695   Cr: 12.7269 )
00000388: 14.1188   (Y': 14.9984   Cb: 12.7576   Cr: 12.7669 )
00000390: 14.1276   (Y': 15.0154   Cb: 12.8047   Cr: 12.7179 )
00000389: 14.0938   (Y': 14.9786   Cb: 12.7754   Cr: 12.6869 )
00000391: 14.1022   (Y': 14.972    Cb: 12.7881   Cr: 12.7267 )
00000392: 14.111    (Y': 15.0158   Cb: 12.7438   Cr: 12.7052 )
00000393: 14.1358   (Y': 15.0411   Cb: 12.7771   Cr: 12.7206 )
00000394: 14.1284   (Y': 15.0202   Cb: 12.8024   Cr: 12.7126 )
00000395: 14.1118   (Y': 15.0127   Cb: 12.7561   Cr: 12.7036 )
00000396: 14.1313   (Y': 15.0466   Cb: 12.7542   Cr: 12.7106 )
00000397: 14.1501   (Y': 15.0607   Cb: 12.7898   Cr: 12.7238 )
00000398: 14.1368   (Y': 15.0355   Cb: 12.8094   Cr: 12.7062 )
00000399: 14.1123   (Y': 15.0199   Cb: 12.7469   Cr: 12.6978 )
00000400: 14.0857   (Y': 15.0087   Cb: 12.7503   Cr: 12.6063 )
00000401: 14.1034   (Y': 15.0035   Cb: 12.7481   Cr: 12.6968 )
00000402: 14.0962   (Y': 14.9782   Cb: 12.8069   Cr: 12.6677 )
00000403: 14.1148   (Y': 15.0448   Cb: 12.7413   Cr: 12.6566 )
00000404: 14.1457   (Y': 15.0275   Cb: 12.8379   Cr: 12.7355 )
00000405: 14.087    (Y': 14.9967   Cb: 12.7435   Cr: 12.6463 )
00000406: 14.1194   (Y': 14.9921   Cb: 12.8405   Cr: 12.7026 )
00000407: 14.1025   (Y': 14.9902   Cb: 12.7958   Cr: 12.6776 )
00000408: 14.1375   (Y': 15.0235   Cb: 12.7865   Cr: 12.76   )
00000409: 14.0931   (Y': 14.9835   Cb: 12.7674   Cr: 12.68   )
00000410: 14.109    (Y': 14.9968   Cb: 12.7922   Cr: 12.6933 )
00000411: 14.097    (Y': 14.9821   Cb: 12.8246   Cr: 12.6446 )
00000412: 14.0949   (Y': 14.983    Cb: 12.7856   Cr: 12.6714 )
00000413: 14.1062   (Y': 15.0334   Cb: 12.7588   Cr: 12.6287 )
00000415: 14.0999   (Y': 15.009    Cb: 12.7527   Cr: 12.6644 )
00000414: 14.0868   (Y': 14.9769   Cb: 12.7654   Cr: 12.6703 )
00000416: 14.1127   (Y': 14.9891   Cb: 12.8112   Cr: 12.7092 )
00000417: 14.1143   (Y': 15.0058   Cb: 12.769    Cr: 12.7181 )
00000418: 14.1129   (Y': 15.0265   Cb: 12.7285   Cr: 12.7033 )
00000419: 14.0905   (Y': 14.9745   Cb: 12.7941   Cr: 12.6641 )
00000420: 14.1182   (Y': 15.0242   Cb: 12.7724   Cr: 12.6882 )
00000421: 14.1105   (Y': 14.9892   Cb: 12.7978   Cr: 12.7123 )
00000423: 14.0712   (Y': 14.9877   Cb: 12.7341   Cr: 12.6082 )
00000422: 14.0668   (Y': 14.9484   Cb: 12.7406   Cr: 12.6753 )
00000424: 14.0965   (Y': 14.9639   Cb: 12.8123   Cr: 12.6973 )
00000425: 14.0898   (Y': 14.9647   Cb: 12.7805   Cr: 12.6976 )
00000426: 14.1103   (Y': 15.0125   Cb: 12.7439   Cr: 12.7095 )
00000427: 14.1085   (Y': 14.982    Cb: 12.8143   Cr: 12.7043 )
00000428: 14.0953   (Y': 15.0061   Cb: 12.7302   Cr: 12.6734 )
00000429: 14.0936   (Y': 14.974    Cb: 12.7575   Cr: 12.7147 )
00000430: 14.0663   (Y': 14.9611   Cb: 12.7511   Cr: 12.6326 )
00000431: 14.12     (Y': 14.9873   Cb: 12.7892   Cr: 12.7671 )
00000432: 14.0735   (Y': 14.9901   Cb: 12.714    Cr: 12.6325 )
00000433: 14.0806   (Y': 14.9675   Cb: 12.7691   Cr: 12.6621 )
00000434: 14.1354   (Y': 15.0213   Cb: 12.8133   Cr: 12.7294 )
00000435: 14.0815   (Y': 14.9851   Cb: 12.7707   Cr: 12.6233 )
00000436: 14.104    (Y': 14.9984   Cb: 12.7941   Cr: 12.666  )
00000437: 14.0807   (Y': 14.9539   Cb: 12.7931   Cr: 12.6712 )
00000438: 14.091    (Y': 15.0027   Cb: 12.7406   Cr: 12.6523 )
00000439: 14.112    (Y': 15.0119   Cb: 12.7662   Cr: 12.6963 )
00000440: 14.1134   (Y': 15.0001   Cb: 12.8062   Cr: 12.6914 )
00000441: 14.0825   (Y': 14.9718   Cb: 12.8006   Cr: 12.6295 )
00000442: 14.0877   (Y': 14.9745   Cb: 12.7643   Cr: 12.6811 )
00000443: 14.0806   (Y': 14.9882   Cb: 12.7412   Cr: 12.6407 )
00000444: 14.0824   (Y': 14.9836   Cb: 12.749    Cr: 12.6516 )
00000445: 14.08     (Y': 14.9678   Cb: 12.7862   Cr: 12.6423 )
00000446: 14.0951   (Y': 14.9811   Cb: 12.7665   Cr: 12.6951 )
00000447: 14.1219   (Y': 14.9961   Cb: 12.826    Cr: 12.718  )
00000448: 14.1115   (Y': 14.9991   Cb: 12.7656   Cr: 12.7251 )
00000449: 14.0928   (Y': 15.0027   Cb: 12.749    Cr: 12.6519 )
00000450: 14.0931   (Y': 14.9986   Cb: 12.725    Cr: 12.6866 )
00000451: 14.122    (Y': 15.0298   Cb: 12.7757   Cr: 12.6884 )
00000452: 14.1318   (Y': 15.0279   Cb: 12.778    Cr: 12.7331 )
00000453: 14.1262   (Y': 15.0377   Cb: 12.7712   Cr: 12.6926 )
00000454: 14.1538   (Y': 15.0825   Cb: 12.7989   Cr: 12.6803 )
00000455: 14.1324   (Y': 15.029    Cb: 12.79     Cr: 12.7215 )
00000456: 14.1331   (Y': 15.0218   Cb: 12.8156   Cr: 12.7159 )
00000457: 14.1181   (Y': 15.0013   Cb: 12.7778   Cr: 12.7365 )
00000458: 14.1115   (Y': 15.0041   Cb: 12.7739   Cr: 12.7049 )
00000459: 14.1186   (Y': 15.0411   Cb: 12.7892   Cr: 12.6344 )
00000460: 14.1045   (Y': 14.9973   Cb: 12.7877   Cr: 12.6772 )
00000461: 14.1215   (Y': 15.018    Cb: 12.7765   Cr: 12.7132 )
00000462: 14.1324   (Y': 15.03     Cb: 12.785    Cr: 12.7237 )
00000463: 14.1404   (Y': 15.0358   Cb: 12.8467   Cr: 12.6846 )
00000464: 14.1348   (Y': 15.0407   Cb: 12.8019   Cr: 12.6927 )
00000465: 14.1324   (Y': 15.0239   Cb: 12.8091   Cr: 12.7143 )
00000466: 14.1371   (Y': 15.0429   Cb: 12.8301   Cr: 12.6698 )
00000467: 14.1265   (Y': 15.0242   Cb: 12.8109   Cr: 12.6863 )
00000468: 14.1249   (Y': 15.0124   Cb: 12.7802   Cr: 12.7374 )
00000469: 14.1529   (Y': 15.0383   Cb: 12.809    Cr: 12.7696 )
00000471: 14.1067   (Y': 14.9827   Cb: 12.7813   Cr: 12.7275 )
00000470: 14.1293   (Y': 14.9899   Cb: 12.8529   Cr: 12.7388 )
00000472: 14.1295   (Y': 15.0169   Cb: 12.7755   Cr: 12.7515 )
00000473: 14.0918   (Y': 14.9982   Cb: 12.7403   Cr: 12.6666 )
00000474: 14.1341   (Y': 15.0333   Cb: 12.8098   Cr: 12.699  )
00000475: 14.1352   (Y': 15.0067   Cb: 12.8402   Cr: 12.7369 )
00000477: 14.1146   (Y': 15.01     Cb: 12.8      Cr: 12.6791 )
00000476: 14.1125   (Y': 14.9711   Cb: 12.8385   Cr: 12.7245 )
00000478: 14.1266   (Y': 15.0114   Cb: 12.795    Cr: 12.7325 )
00000479: 14.1103   (Y': 14.9832   Cb: 12.799    Cr: 12.7246 )
00000480: 14.1226   (Y': 15.0188   Cb: 12.796    Cr: 12.6969 )
00000481: 14.1142   (Y': 14.9875   Cb: 12.8123   Cr: 12.7182 )
00000482: 14.1377   (Y': 15.0463   Cb: 12.7909   Cr: 12.7027 )
00000483: 14.1099   (Y': 15.0168   Cb: 12.7691   Cr: 12.673  )
00000484: 14.1162   (Y': 15.0198   Cb: 12.7691   Cr: 12.6935 )
00000485: 14.1168   (Y': 15.0108   Cb: 12.7685   Cr: 12.7175 )
00000486: 14.1243   (Y': 15.02     Cb: 12.8044   Cr: 12.693  )
00000487: 14.162    (Y': 15.0134   Cb: 12.9122   Cr: 12.7675 )
00000488: 14.1318   (Y': 15.0093   Cb: 12.829    Cr: 12.7268 )
00000489: 14.1273   (Y': 15.0129   Cb: 12.8017   Cr: 12.7253 )
00000490: 14.1556   (Y': 15.0404   Cb: 12.8108   Cr: 12.7746 )
00000491: 14.102    (Y': 14.9793   Cb: 12.7956   Cr: 12.7013 )
00000492: 14.1162   (Y': 14.9765   Cb: 12.7999   Cr: 12.7657 )
00000493: 14.1273   (Y': 15.0473   Cb: 12.7735   Cr: 12.6727 )
00000494: 14.1257   (Y': 15.0187   Cb: 12.8077   Cr: 12.6993 )
00000495: 14.1207   (Y': 14.9974   Cb: 12.8124   Cr: 12.723  )
00000496: 14.1192   (Y': 14.9983   Cb: 12.8082   Cr: 12.7184 )
00000497: 14.1228   (Y': 15.0019   Cb: 12.8161   Cr: 12.7181 )
00000498: 14.1362   (Y': 15.0591   Cb: 12.7417   Cr: 12.7148 )
00000499: 14.1051   (Y': 14.9894   Cb: 12.7801   Cr: 12.7057 )
00000500: 14.1215   (Y': 15.0182   Cb: 12.7596   Cr: 12.7294 )
00000501: 14.0953   (Y': 14.9821   Cb: 12.7828   Cr: 12.678  )
00000502: 14.1392   (Y': 15.039    Cb: 12.7769   Cr: 12.7401 )
00000503: 14.1041   (Y': 14.9952   Cb: 12.7455   Cr: 12.722  )
00000504: 14.1014   (Y': 14.9931   Cb: 12.7599   Cr: 12.7011 )
00000505: 14.148    (Y': 15.0484   Cb: 12.8197   Cr: 12.7141 )
00000506: 14.123    (Y': 15.0235   Cb: 12.8071   Cr: 12.677  )
00000507: 14.1239   (Y': 15.0089   Cb: 12.7871   Cr: 12.7346 )
00000508: 14.1023   (Y': 14.9957   Cb: 12.7977   Cr: 12.6614 )
00000509: 14.1214   (Y': 15.0255   Cb: 12.7877   Cr: 12.6842 )
00000510: 14.1222   (Y': 15.0063   Cb: 12.8021   Cr: 12.7184 )
00000511: 14.1042   (Y': 14.9988   Cb: 12.7391   Cr: 12.7201 )
00000512: 14.1241   (Y': 14.9996   Cb: 12.7993   Cr: 12.7456 )
00000513: 14.1455   (Y': 15.0135   Cb: 12.846    Cr: 12.76   )
00000514: 14.1199   (Y': 15.0003   Cb: 12.7875   Cr: 12.7374 )
00000515: 14.134    (Y': 15.0244   Cb: 12.8238   Cr: 12.7059 )
00000516: 14.127    (Y': 15.0167   Cb: 12.8135   Cr: 12.7036 )
00000517: 14.1407   (Y': 15.0339   Cb: 12.7786   Cr: 12.7571 )
00000518: 14.1475   (Y': 15.047    Cb: 12.8385   Cr: 12.6967 )
00000519: 14.1415   (Y': 15.0299   Cb: 12.8145   Cr: 12.7346 )
00000520: 14.1075   (Y': 15.0043   Cb: 12.7749   Cr: 12.6864 )
00000521: 14.1158   (Y': 15.0022   Cb: 12.7704   Cr: 12.7317 )
00000522: 14.0921   (Y': 14.9731   Cb: 12.7913   Cr: 12.6769 )
00000523: 14.1      (Y': 14.9943   Cb: 12.7612   Cr: 12.6909 )
00000524: 14.0984   (Y': 14.9908   Cb: 12.7729   Cr: 12.6808 )
00000525: 14.0808   (Y': 14.9863   Cb: 12.7513   Cr: 12.6362 )
00000526: 14.1259   (Y': 14.9903   Cb: 12.8119   Cr: 12.763  )
00000527: 14.098    (Y': 14.9825   Cb: 12.8052   Cr: 12.6669 )
00000528: 14.1099   (Y': 14.9956   Cb: 12.7777   Cr: 12.7145 )
00000529: 14.1286   (Y': 15.0299   Cb: 12.7877   Cr: 12.7048 )
00000530: 14.1023   (Y': 14.9988   Cb: 12.8004   Cr: 12.652  )
00000531: 14.1116   (Y': 15.0061   Cb: 12.749    Cr: 12.7255 )
00000532: 14.1125   (Y': 15.0092   Cb: 12.7418   Cr: 12.7295 )
00000533: 14.0956   (Y': 14.9751   Cb: 12.7691   Cr: 12.7093 )
00000534: 14.0977   (Y': 14.9922   Cb: 12.7567   Cr: 12.69   )
00000535: 14.0974   (Y': 15.0033   Cb: 12.7764   Cr: 12.6436 )
00000536: 14.0931   (Y': 14.9982   Cb: 12.7387   Cr: 12.6738 )
00000537: 14.1044   (Y': 14.9979   Cb: 12.7971   Cr: 12.6664 )
00000538: 14.1051   (Y': 15.0145   Cb: 12.7734   Cr: 12.6538 )
00000539: 14.1094   (Y': 14.9775   Cb: 12.8208   Cr: 12.7128 )
00000540: 14.0868   (Y': 14.9783   Cb: 12.7924   Cr: 12.6411 )
00000541: 14.1262   (Y': 15.0302   Cb: 12.7717   Cr: 12.7099 )
00000542: 14.1186   (Y': 15        Cb: 12.8025   Cr: 12.7176 )
00000543: 14.0945   (Y': 14.9993   Cb: 12.7692   Cr: 12.6474 )
00000544: 14.1047   (Y': 14.989    Cb: 12.7891   Cr: 12.6962 )
00000545: 14.1228   (Y': 15.0057   Cb: 12.8136   Cr: 12.7111 )
00000546: 14.1193   (Y': 15.0054   Cb: 12.8068   Cr: 12.7037 )
00000547: 14.0852   (Y': 14.9676   Cb: 12.742    Cr: 12.7086 )
00000548: 14.0821   (Y': 14.982    Cb: 12.7378   Cr: 12.6652 )
00000549: 14.1342   (Y': 15.0167   Cb: 12.8338   Cr: 12.7151 )
00000550: 14.0952   (Y': 14.9833   Cb: 12.7941   Cr: 12.6637 )
00000551: 14.1162   (Y': 14.9985   Cb: 12.766    Cr: 12.7465 )
00000552: 14.0857   (Y': 14.9746   Cb: 12.7297   Cr: 12.7061 )
00000553: 14.1113   (Y': 14.9709   Cb: 12.802    Cr: 12.7554 )
00000554: 14.1195   (Y': 14.9916   Cb: 12.7952   Cr: 12.7485 )
00000555: 14.1038   (Y': 14.9842   Cb: 12.7909   Cr: 12.7018 )
00000556: 14.1322   (Y': 15.0226   Cb: 12.8208   Cr: 12.7051 )
00000557: 14.0857   (Y': 14.9573   Cb: 12.7642   Cr: 12.7132 )
00000558: 14.1119   (Y': 15.0011   Cb: 12.7826   Cr: 12.7054 )
00000559: 14.1145   (Y': 15.0026   Cb: 12.7534   Cr: 12.7419 )
00000560: 14.1057   (Y': 14.9885   Cb: 12.7581   Cr: 12.7323 )
00000561: 14.0993   (Y': 14.9774   Cb: 12.7587   Cr: 12.7301 )
00000562: 14.093    (Y': 14.9727   Cb: 12.7671   Cr: 12.7055 )
00000563: 14.1064   (Y': 14.9925   Cb: 12.7978   Cr: 12.6867 )
00000564: 14.0946   (Y': 14.9643   Cb: 12.7946   Cr: 12.7053 )
00000565: 14.1387   (Y': 15.0211   Cb: 12.7902   Cr: 12.7674 )
00000566: 14.1004   (Y': 14.9658   Cb: 12.8131   Cr: 12.7089 )
00000567: 14.1058   (Y': 14.9555   Cb: 12.823    Cr: 12.7475 )
00000568: 14.1431   (Y': 15.0171   Cb: 12.8513   Cr: 12.7357 )
00000569: 14.1106   (Y': 14.9857   Cb: 12.7956   Cr: 12.7232 )
00000570: 14.1096   (Y': 15.006    Cb: 12.7671   Cr: 12.6992 )
00000571: 14.1077   (Y': 14.9901   Cb: 12.8137   Cr: 12.6826 )
00000572: 14.1066   (Y': 14.9901   Cb: 12.7534   Cr: 12.7374 )
00000573: 14.1092   (Y': 15.0023   Cb: 12.8031   Cr: 12.6709 )
00000574: 14.1385   (Y': 15.0511   Cb: 12.7506   Cr: 12.7348 )
00000575: 14.0936   (Y': 14.9958   Cb: 12.7615   Cr: 12.6591 )
00000576: 14.0996   (Y': 14.9843   Cb: 12.7572   Cr: 12.7167 )
00000577: 14.1245   (Y': 15.0029   Cb: 12.7985   Cr: 12.7402 )
00000578: 14.1002   (Y': 14.9995   Cb: 12.7801   Cr: 12.6607 )
00000579: 14.1559   (Y': 15.0514   Cb: 12.7658   Cr: 12.7949 )
00000580: 14.1249   (Y': 15.0359   Cb: 12.7678   Cr: 12.6944 )
00000582: 14.1771   (Y': 15.0793   Cb: 12.8453   Cr: 12.7425 )
00000581: 14.1512   (Y': 15.0396   Cb: 12.8175   Cr: 12.7507 )
00000583: 14.1639   (Y': 15.0473   Cb: 12.8477   Cr: 12.7582 )
00000584: 14.1855   (Y': 15.1042   Cb: 12.8323   Cr: 12.7333 )
00000585: 14.1493   (Y': 15.0355   Cb: 12.8125   Cr: 12.7571 )
00000586: 14.1369   (Y': 14.9898   Cb: 12.8015   Cr: 12.8232 )
00000587: 14.0998   (Y': 14.9628   Cb: 12.8083   Cr: 12.7185 )
00000589: 14.1485   (Y': 15.0039   Cb: 12.8566   Cr: 12.7855 )
00000588: 14.115    (Y': 14.992    Cb: 12.8109   Cr: 12.7126 )
00000590: 14.1073   (Y': 14.9854   Cb: 12.8259   Cr: 12.6801 )
00000591: 14.0924   (Y': 14.9444   Cb: 12.8338   Cr: 12.7053 )
00000592: 14.0535   (Y': 14.9155   Cb: 12.7646   Cr: 12.6718 )
00000593: 14.0735   (Y': 14.9362   Cb: 12.8051   Cr: 12.6703 )
00000594: 14.089    (Y': 14.9515   Cb: 12.8255   Cr: 12.6812 )
00000595: 14.0657   (Y': 14.9012   Cb: 12.8487   Cr: 12.6774 )
00000596: 14.1169   (Y': 14.9628   Cb: 12.8552   Cr: 12.7473 )
00000597: 14.0746   (Y': 14.8911   Cb: 12.8673   Cr: 12.7231 )
00000598: 14.0768   (Y': 14.9628   Cb: 12.7704   Cr: 12.6553 )
00000599: 14.0748   (Y': 14.9251   Cb: 12.8165   Cr: 12.6912 )
00000600: 14.0856   (Y': 14.8971   Cb: 12.8603   Cr: 12.7636 )
00000601: 14.0829   (Y': 14.917    Cb: 12.8595   Cr: 12.7042 )
00000602: 14.0856   (Y': 14.9431   Cb: 12.7769   Cr: 12.7342 )
00000603: 14.111    (Y': 14.9775   Cb: 12.8291   Cr: 12.712  )
00000604: 14.0977   (Y': 14.9427   Cb: 12.8663   Cr: 12.7008 )
00000605: 14.0995   (Y': 14.9449   Cb: 12.8258   Cr: 12.7427 )
00000606: 14.1173   (Y': 14.9868   Cb: 12.7885   Cr: 12.7571 )
00000607: 14.1013   (Y': 14.9279   Cb: 12.8442   Cr: 12.7737 )
00000608: 14.0877   (Y': 14.9288   Cb: 12.825    Cr: 12.7305 )
00000609: 14.0703   (Y': 14.9355   Cb: 12.7741   Cr: 12.688  )
00000610: 14.0885   (Y': 14.9267   Cb: 12.8223   Cr: 12.7417 )
00000611: 14.0823   (Y': 14.9052   Cb: 12.8391   Cr: 12.7503 )
00000612: 14.0755   (Y': 14.9281   Cb: 12.7648   Cr: 12.7379 )
00000614: 14.0822   (Y': 14.9457   Cb: 12.8355   Cr: 12.6559 )
00000613: 14.098    (Y': 14.9734   Cb: 12.7758   Cr: 12.7169 )
00000616: 14.1048   (Y': 14.9666   Cb: 12.8197   Cr: 12.7196 )
00000615: 14.1092   (Y': 14.9511   Cb: 12.8641   Cr: 12.7329 )
00000617: 14.0608   (Y': 14.9101   Cb: 12.7812   Cr: 12.7006 )
00000618: 14.0798   (Y': 14.9179   Cb: 12.845    Cr: 12.7025 )
00000619: 14.0739   (Y': 14.9119   Cb: 12.8444   Cr: 12.6921 )
00000620: 14.071    (Y': 14.9294   Cb: 12.8114   Cr: 12.6693 )
00000621: 14.0796   (Y': 14.9109   Cb: 12.8399   Cr: 12.7234 )
00000622: 14.0841   (Y': 14.9421   Cb: 12.8199   Cr: 12.6877 )
00000624: 14.0842   (Y': 14.9447   Cb: 12.8331   Cr: 12.6695 )
00000623: 14.0584   (Y': 14.9194   Cb: 12.7829   Cr: 12.6658 )
00000625: 14.1011   (Y': 14.943    Cb: 12.8559   Cr: 12.7251 )
00000626: 14.078    (Y': 14.9295   Cb: 12.8038   Cr: 12.707  )
00000627: 14.0519   (Y': 14.9139   Cb: 12.783    Cr: 12.6505 )
00000629: 14.0622   (Y': 14.9194   Cb: 12.7527   Cr: 12.7122 )
00000628: 14.0745   (Y': 14.9365   Cb: 12.767    Cr: 12.711  )
00000630: 14.067    (Y': 14.9058   Cb: 12.8025   Cr: 12.717  )
00000631: 14.0884   (Y': 14.926    Cb: 12.8402   Cr: 12.7255 )
00000632: 14.0753   (Y': 14.9468   Cb: 12.776    Cr: 12.6814 )
00000633: 14.0861   (Y': 14.9617   Cb: 12.8089   Cr: 12.6607 )
00000634: 14.0747   (Y': 14.9464   Cb: 12.7686   Cr: 12.687  )
00000635: 14.0738   (Y': 14.9303   Cb: 12.8146   Cr: 12.6764 )
00000637: 14.089    (Y': 14.9349   Cb: 12.8623   Cr: 12.6854 )
00000636: 14.064    (Y': 14.931    Cb: 12.7857   Cr: 12.6598 )
00000638: 14.1161   (Y': 14.9751   Cb: 12.8302   Cr: 12.7387 )
00000639: 14.0662   (Y': 14.9162   Cb: 12.8299   Cr: 12.6619 )
00000640: 14.0673   (Y': 14.926    Cb: 12.8046   Cr: 12.6679 )
00000641: 14.1054   (Y': 14.9576   Cb: 12.8147   Cr: 12.7491 )
00000642: 14.125    (Y': 14.9985   Cb: 12.806    Cr: 12.7455 )
00000643: 14.1116   (Y': 14.9872   Cb: 12.7901   Cr: 12.7294 )
00000645: 14.0954   (Y': 14.9841   Cb: 12.7825   Cr: 12.674  )
00000644: 14.1178   (Y': 15.0058   Cb: 12.7949   Cr: 12.7079 )
00000646: 14.0659   (Y': 14.9498   Cb: 12.7274   Cr: 12.681  )
00000647: 14.0569   (Y': 14.936    Cb: 12.7346   Cr: 12.6673 )
00000648: 14.0923   (Y': 14.9415   Cb: 12.8332   Cr: 12.7123 )
00000649: 14.0573   (Y': 14.9356   Cb: 12.7228   Cr: 12.6815 )
00000650: 14.0817   (Y': 14.9458   Cb: 12.7661   Cr: 12.7213 )
00000651: 14.0698   (Y': 14.9466   Cb: 12.7773   Cr: 12.6564 )
00000653: 14.0627   (Y': 14.9472   Cb: 12.7237   Cr: 12.6764 )
00000652: 14.0725   (Y': 14.9377   Cb: 12.8083   Cr: 12.6591 )
00000654: 14.0807   (Y': 14.9576   Cb: 12.7745   Cr: 12.6805 )
00000655: 14.1054   (Y': 14.9715   Cb: 12.7977   Cr: 12.7322 )
00000656: 14.1411   (Y': 15.0339   Cb: 12.7728   Cr: 12.7647 )
00000657: 14.1657   (Y': 15.0605   Cb: 12.808    Cr: 12.7739 )
00000658: 14.1646   (Y': 15.0656   Cb: 12.82     Cr: 12.7453 )
00000659: 14.1685   (Y': 15.0992   Cb: 12.8166   Cr: 12.6873 )
00000660: 14.1746   (Y': 15.0979   Cb: 12.7813   Cr: 12.7513 )
00000661: 14.2059   (Y': 15.1186   Cb: 12.8286   Cr: 12.7913 )
00000662: 14.21     (Y': 15.1339   Cb: 12.8544   Cr: 12.7482 )
00000663: 14.2645   (Y': 15.1679   Cb: 12.904    Cr: 12.8552 )
00000664: 14.269    (Y': 15.1621   Cb: 12.9278   Cr: 12.8646 )
00000665: 14.2688   (Y': 15.1528   Cb: 12.934    Cr: 12.8801 )
00000666: 14.2811   (Y': 15.1693   Cb: 12.9578   Cr: 12.8711 )
00000667: 14.2829   (Y': 15.1337   Cb: 13.0034   Cr: 12.9189 )
00000668: 14.2793   (Y': 15.1375   Cb: 12.9676   Cr: 12.9292 )
00000669: 14.3383   (Y': 15.2122   Cb: 13.0119   Cr: 12.9651 )
00000670: 14.3733   (Y': 15.2749   Cb: 13.0317   Cr: 12.9495 )
00000671: 14.3978   (Y': 15.2784   Cb: 13.0396   Cr: 13.0403 )
00000672: 14.3977   (Y': 15.3457   Cb: 12.9516   Cr: 12.9699 )
00000673: 14.4119   (Y': 15.3335   Cb: 12.9656   Cr: 13.046  )
00000674: 14.3608   (Y': 15.2713   Cb: 12.9281   Cr: 13.0069 )
00000675: 14.3504   (Y': 15.1817   Cb: 13.0605   Cr: 13.0436 )
00000676: 14.39     (Y': 15.2437   Cb: 13.0946   Cr: 13.0344 )
00000678: 14.4069   (Y': 15.2679   Cb: 13.0914   Cr: 13.0537 )
00000677: 14.393    (Y': 15.2449   Cb: 13.0987   Cr: 13.0407 )
00000679: 14.4172   (Y': 15.2136   Cb: 13.1633   Cr: 13.1608 )
00000680: 14.4436   (Y': 15.2692   Cb: 13.1846   Cr: 13.1204 )
00000681: 14.4807   (Y': 15.2997   Cb: 13.2104   Cr: 13.1848 )
00000682: 14.4738   (Y': 15.1892   Cb: 13.2465   Cr: 13.3986 )
00000683: 14.2713   (Y': 14.8912   Cb: 13.1318   Cr: 13.3649 )
00000684: 14.507    (Y': 15.2408   Cb: 13.2701   Cr: 13.3932 )
00000685: 14.5757   (Y': 15.319    Cb: 13.2577   Cr: 13.5219 )
00000686: 14.5712   (Y': 15.3267   Cb: 13.2644   Cr: 13.4734 )
00000687: 14.4831   (Y': 15.2275   Cb: 13.1888   Cr: 13.4014 )
00000688: 14.4618   (Y': 15.2139   Cb: 13.1556   Cr: 13.3723 )
00000689: 14.3839   (Y': 15.1532   Cb: 13.0412   Cr: 13.2877 )
00000690: 14.3299   (Y': 15.1259   Cb: 12.9505   Cr: 13.204  )
00000691: 14.286    (Y': 15.0608   Cb: 12.969    Cr: 13.1487 )
00000692: 14.1123   (Y': 14.88     Cb: 12.8157   Cr: 12.9723 )
00000693: 14.1005   (Y': 14.8828   Cb: 12.7566   Cr: 12.9722 )
00000694: 14.1321   (Y': 14.9047   Cb: 12.8441   Cr: 12.9704 )
00000695: 14.1345   (Y': 14.892    Cb: 12.8483   Cr: 13.0101 )
00000696: 14.1316   (Y': 14.874    Cb: 12.8541   Cr: 13.0374 )
00000697: 14.1193   (Y': 14.8836   Cb: 12.7842   Cr: 13.0282 )
00000698: 14.1123   (Y': 14.8635   Cb: 12.8159   Cr: 13.0147 )
00000699: 14.1089   (Y': 14.8354   Cb: 12.8438   Cr: 13.0435 )
00000700: 14.0928   (Y': 14.8383   Cb: 12.8086   Cr: 12.9975 )
00000701: 14.063    (Y': 14.8136   Cb: 12.7802   Cr: 12.9527 )
00000702: 14.085    (Y': 14.8533   Cb: 12.7471   Cr: 12.9865 )
00000703: 14.095    (Y': 14.8554   Cb: 12.8206   Cr: 12.9506 )
00000704: 14.0674   (Y': 14.8108   Cb: 12.782    Cr: 12.979  )
00000705: 14.0507   (Y': 14.7985   Cb: 12.7476   Cr: 12.969  )
00000706: 14.0343   (Y': 14.7664   Cb: 12.7561   Cr: 12.9679 )
00000707: 14.0696   (Y': 14.8059   Cb: 12.7911   Cr: 12.9925 )
00000708: 14.0741   (Y': 14.8357   Cb: 12.764    Cr: 12.9641 )
00000709: 14.0818   (Y': 14.8341   Cb: 12.7547   Cr: 13.0138 )
00000710: 14.0552   (Y': 14.8055   Cb: 12.7706   Cr: 12.9476 )
00000711: 14.0521   (Y': 14.7753   Cb: 12.7852   Cr: 12.9974 )
00000712: 14.0842   (Y': 14.8244   Cb: 12.7672   Cr: 13.0376 )
00000713: 14.0377   (Y': 14.7793   Cb: 12.7455   Cr: 12.9611 )
00000714: 14.0745   (Y': 14.8301   Cb: 12.7924   Cr: 12.9506 )
00000715: 14.078    (Y': 14.8234   Cb: 12.8072   Cr: 12.9689 )
00000716: 14.0499   (Y': 14.8015   Cb: 12.7314   Cr: 12.9746 )
00000717: 14.0496   (Y': 14.8134   Cb: 12.7674   Cr: 12.9048 )
00000718: 14.0592   (Y': 14.8118   Cb: 12.7327   Cr: 12.9896 )
00000719: 14.0798   (Y': 14.8234   Cb: 12.7689   Cr: 13.0176 )
00000720: 14.0697   (Y': 14.795    Cb: 12.8127   Cr: 12.999  )
00000721: 14.0485   (Y': 14.8054   Cb: 12.7631   Cr: 12.9248 )
00000722: 14.0592   (Y': 14.8203   Cb: 12.7398   Cr: 12.9602 )
00000723: 14.0385   (Y': 14.7798   Cb: 12.7685   Cr: 12.9394 )
00000724: 14.0381   (Y': 14.7795   Cb: 12.7598   Cr: 12.9473 )
00000725: 14.051    (Y': 14.8035   Cb: 12.7429   Cr: 12.9623 )
00000726: 14.0643   (Y': 14.8061   Cb: 12.7849   Cr: 12.9736 )
00000727: 14.0463   (Y': 14.7926   Cb: 12.7575   Cr: 12.9536 )
00000728: 14.0786   (Y': 14.8436   Cb: 12.7518   Cr: 12.9771 )
00000729: 14.0504   (Y': 14.8032   Cb: 12.7598   Cr: 12.9427 )
00000730: 14.034    (Y': 14.8122   Cb: 12.7081   Cr: 12.8974 )
00000731: 14.0864   (Y': 14.8311   Cb: 12.8009   Cr: 12.9943 )
00000732: 14.035    (Y': 14.7774   Cb: 12.7317   Cr: 12.9678 )
00000733: 14.0687   (Y': 14.8342   Cb: 12.7694   Cr: 12.9369 )
00000734: 14.0594   (Y': 14.79     Cb: 12.7832   Cr: 12.995  )
00000735: 14.0529   (Y': 14.8063   Cb: 12.7657   Cr: 12.9403 )
00000736: 14.0737   (Y': 14.8538   Cb: 12.7309   Cr: 12.9499 )
00000737: 14.0625   (Y': 14.8047   Cb: 12.7521   Cr: 13.0036 )
00000738: 14.1043   (Y': 14.8718   Cb: 12.7691   Cr: 13.0052 )
00000739: 14.194    (Y': 14.9606   Cb: 12.8819   Cr: 13.0728 )
00000740: 14.164    (Y': 14.9466   Cb: 12.8234   Cr: 13.0317 )
00000741: 14.1132   (Y': 14.8818   Cb: 12.7932   Cr: 12.9951 )
00000742: 14.1373   (Y': 14.8904   Cb: 12.8389   Cr: 13.0369 )
00000743: 14.121    (Y': 14.8606   Cb: 12.8553   Cr: 13.0219 )
00000744: 14.0733   (Y': 14.824    Cb: 12.7492   Cr: 13.0064 )
00000745: 14.0878   (Y': 14.8272   Cb: 12.8227   Cr: 12.9887 )
00000746: 14.1043   (Y': 14.8646   Cb: 12.7899   Cr: 13.002  )
00000747: 14.1577   (Y': 14.8959   Cb: 12.8903   Cr: 13.0641 )
00000748: 14.1891   (Y': 14.938    Cb: 12.9147   Cr: 13.0747 )
00000749: 14.1195   (Y': 14.887    Cb: 12.8294   Cr: 12.973  )
00000750: 14.1388   (Y': 14.898    Cb: 12.8329   Cr: 13.0301 )
00000751: 14.0922   (Y': 14.8673   Cb: 12.8041   Cr: 12.9243 )
00000752: 14.1573   (Y': 14.9306   Cb: 12.834    Cr: 13.0304 )
00000753: 14.1648   (Y': 14.9586   Cb: 12.8348   Cr: 12.9925 )
00000754: 14.159    (Y': 14.9668   Cb: 12.7675   Cr: 13.0154 )
00000755: 14.1507   (Y': 14.9708   Cb: 12.8206   Cr: 12.9122 )
00000756: 14.1663   (Y': 14.9741   Cb: 12.8517   Cr: 12.9426 )
00000757: 14.1377   (Y': 14.9441   Cb: 12.738    Cr: 13.0064 )
00000758: 14.12     (Y': 14.8992   Cb: 12.7572   Cr: 13.0198 )
00000759: 14.0989   (Y': 14.8951   Cb: 12.753    Cr: 12.9373 )
00000760: 14.1215   (Y': 14.9318   Cb: 12.7607   Cr: 12.9396 )
00000761: 14.0993   (Y': 14.8902   Cb: 12.7068   Cr: 13.0001 )
00000762: 14.1027   (Y': 14.8997   Cb: 12.7219   Cr: 12.9756 )
00000763: 14.0918   (Y': 14.8727   Cb: 12.7672   Cr: 12.9468 )
00000764: 14.1112   (Y': 14.9039   Cb: 12.769    Cr: 12.9546 )
00000765: 14.0993   (Y': 14.9001   Cb: 12.7139   Cr: 12.9673 )
00000766: 14.0746   (Y': 14.8434   Cb: 12.7623   Cr: 12.9477 )
00000767: 14.0903   (Y': 14.8617   Cb: 12.7618   Cr: 12.974  )
00000768: 14.0785   (Y': 14.8848   Cb: 12.7377   Cr: 12.886  )
00000769: 14.1061   (Y': 14.8989   Cb: 12.76     Cr: 12.953  )
00000770: 14.1082   (Y': 14.8932   Cb: 12.7776   Cr: 12.9592 )
00000771: 14.0889   (Y': 14.8783   Cb: 12.7739   Cr: 12.9122 )
00000772: 14.0925   (Y': 14.8662   Cb: 12.7423   Cr: 12.9933 )
00000773: 14.0696   (Y': 14.8694   Cb: 12.7112   Cr: 12.9116 )
00000774: 14.0792   (Y': 14.8565   Cb: 12.7435   Cr: 12.9552 )
00000775: 14.0798   (Y': 14.8686   Cb: 12.7414   Cr: 12.9289 )
00000776: 14.0746   (Y': 14.8715   Cb: 12.7336   Cr: 12.9057 )
00000777: 14.0789   (Y': 14.878    Cb: 12.7001   Cr: 12.9443 )
00000778: 14.0858   (Y': 14.861    Cb: 12.7643   Cr: 12.9522 )
00000779: 14.0934   (Y': 14.8747   Cb: 12.761    Cr: 12.9556 )
00000780: 14.0666   (Y': 14.8457   Cb: 12.7764   Cr: 12.8906 )
00000781: 14.0956   (Y': 14.8553   Cb: 12.804    Cr: 12.9707 )
00000782: 14.084    (Y': 14.8551   Cb: 12.7314   Cr: 12.9936 )
00000783: 14.0988   (Y': 14.8856   Cb: 12.7341   Cr: 12.9806 )
00000784: 14.0991   (Y': 14.8812   Cb: 12.7436   Cr: 12.9835 )
00000785: 14.081    (Y': 14.8686   Cb: 12.7294   Cr: 12.9474 )
00000786: 14.0617   (Y': 14.8518   Cb: 12.7048   Cr: 12.9269 )
00000787: 14.0808   (Y': 14.856    Cb: 12.7762   Cr: 12.9297 )
00000788: 14.0801   (Y': 14.8704   Cb: 12.7126   Cr: 12.9561 )
00000789: 14.091    (Y': 14.868    Cb: 12.7334   Cr: 12.9906 )
00000790: 14.1033   (Y': 14.8732   Cb: 12.812    Cr: 12.9518 )
00000791: 14.128    (Y': 14.9094   Cb: 12.7689   Cr: 13.0181 )
00000792: 14.1813   (Y': 14.9668   Cb: 12.8261   Cr: 13.0569 )
00000793: 14.1734   (Y': 14.9505   Cb: 12.8655   Cr: 13.0206 )
00000794: 14.1146   (Y': 14.9107   Cb: 12.7476   Cr: 12.9752 )
00000795: 14.0949   (Y': 14.8897   Cb: 12.7521   Cr: 12.9336 )
00000796: 14.1113   (Y': 14.879    Cb: 12.7679   Cr: 13.0203 )
00000797: 14.1092   (Y': 14.8893   Cb: 12.7723   Cr: 12.9794 )
00000798: 14.0884   (Y': 14.8788   Cb: 12.7507   Cr: 12.933  )
00000799: 14.0681   (Y': 14.8472   Cb: 12.7625   Cr: 12.908  )
00000800: 14.1017   (Y': 14.897    Cb: 12.7745   Cr: 12.9226 )
00000801: 14.093    (Y': 14.8805   Cb: 12.7481   Cr: 12.9521 )
00000802: 14.1173   (Y': 14.9166   Cb: 12.7187   Cr: 13.0032 )
00000803: 14.0835   (Y': 14.8618   Cb: 12.766    Cr: 12.9376 )
00000804: 14.0881   (Y': 14.8541   Cb: 12.7784   Cr: 12.9662 )
00000805: 14.0873   (Y': 14.8511   Cb: 12.7956   Cr: 12.952  )
00000806: 14.0858   (Y': 14.8785   Cb: 12.7308   Cr: 12.9425 )
00000807: 14.0872   (Y': 14.8834   Cb: 12.7353   Cr: 12.9315 )
00000808: 14.0721   (Y': 14.8464   Cb: 12.745    Cr: 12.9465 )
00000809: 14.0703   (Y': 14.8851   Cb: 12.6992   Cr: 12.8875 )
00000810: 14.105    (Y': 14.8773   Cb: 12.7835   Cr: 12.9789 )
00000811: 14.0898   (Y': 14.892    Cb: 12.7216   Cr: 12.936  )
00000812: 14.1007   (Y': 14.9056   Cb: 12.7622   Cr: 12.9091 )
00000813: 14.0715   (Y': 14.8632   Cb: 12.7085   Cr: 12.9389 )
00000814: 14.0995   (Y': 14.8775   Cb: 12.7703   Cr: 12.967  )
00000815: 14.0648   (Y': 14.849    Cb: 12.7175   Cr: 12.9353 )
00000816: 14.1128   (Y': 14.9088   Cb: 12.7464   Cr: 12.973  )
00000817: 14.0702   (Y': 14.8492   Cb: 12.7112   Cr: 12.9664 )
00000818: 14.0685   (Y': 14.8363   Cb: 12.7266   Cr: 12.9755 )
00000819: 14.1003   (Y': 14.8899   Cb: 12.7407   Cr: 12.9697 )
00000820: 14.0923   (Y': 14.8843   Cb: 12.7592   Cr: 12.9277 )
00000821: 14.0765   (Y': 14.8592   Cb: 12.7281   Cr: 12.9521 )
00000822: 14.0532   (Y': 14.8674   Cb: 12.6875   Cr: 12.8664 )
00000823: 14.0921   (Y': 14.8932   Cb: 12.757    Cr: 12.9066 )
00000824: 14.0928   (Y': 14.8597   Cb: 12.7716   Cr: 12.9803 )
00000825: 14.092    (Y': 14.8926   Cb: 12.7399   Cr: 12.9253 )
00000826: 14.0829   (Y': 14.8813   Cb: 12.7237   Cr: 12.9292 )
00000827: 14.0789   (Y': 14.8633   Cb: 12.7567   Cr: 12.9224 )
00000828: 14.0967   (Y': 14.9144   Cb: 12.7117   Cr: 12.9211 )
00000829: 14.0872   (Y': 14.872    Cb: 12.7384   Cr: 12.9577 )
00000830: 14.0958   (Y': 14.881    Cb: 12.7095   Cr: 13.0048 )
00000831: 14.0712   (Y': 14.8468   Cb: 12.7318   Cr: 12.9553 )
00000832: 14.0978   (Y': 14.8857   Cb: 12.7649   Cr: 12.9435 )
00000833: 14.102    (Y': 14.9047   Cb: 12.7175   Cr: 12.9642 )
00000834: 14.0553   (Y': 14.8476   Cb: 12.6793   Cr: 12.9349 )
00000835: 14.0679   (Y': 14.8436   Cb: 12.7511   Cr: 12.9284 )
00000836: 14.0889   (Y': 14.8874   Cb: 12.7492   Cr: 12.9146 )
00000837: 14.067    (Y': 14.8556   Cb: 12.7142   Cr: 12.9318 )
00000838: 14.0743   (Y': 14.85     Cb: 12.7273   Cr: 12.966  )
00000839: 14.0928   (Y': 14.8799   Cb: 12.7576   Cr: 12.9427 )
00000840: 14.0924   (Y': 14.8961   Cb: 12.7485   Cr: 12.9093 )
00000841: 14.1125   (Y': 14.9137   Cb: 12.7416   Cr: 12.9642 )
00000842: 14.0633   (Y': 14.8643   Cb: 12.7224   Cr: 12.8838 )
00000843: 14.0839   (Y': 14.8727   Cb: 12.7478   Cr: 12.9309 )
00000844: 14.0734   (Y': 14.8773   Cb: 12.7032   Cr: 12.9171 )
00000845: 14.0733   (Y': 14.8619   Cb: 12.7548   Cr: 12.9022 )
00000846: 14.1065   (Y': 14.9068   Cb: 12.7469   Cr: 12.9482 )
00000847: 14.0872   (Y': 14.8727   Cb: 12.7713   Cr: 12.9213 )
00000848: 14.1134   (Y': 14.8776   Cb: 12.7897   Cr: 13.0106 )
00000849: 14.0795   (Y': 14.8734   Cb: 12.6957   Cr: 12.9634 )
00000850: 14.1014   (Y': 14.9023   Cb: 12.7559   Cr: 12.9272 )
00000851: 14.0593   (Y': 14.8385   Cb: 12.692    Cr: 12.964  )
00000852: 14.0974   (Y': 14.8613   Cb: 12.7997   Cr: 12.9682 )
00000853: 14.0957   (Y': 14.9135   Cb: 12.7048   Cr: 12.926  )
00000854: 14.0634   (Y': 14.8466   Cb: 12.7212   Cr: 12.931  )
00000855: 14.1188   (Y': 14.9192   Cb: 12.7454   Cr: 12.975  )
00000856: 14.0817   (Y': 14.8848   Cb: 12.7333   Cr: 12.9049 )
00000857: 14.0701   (Y': 14.8626   Cb: 12.7126   Cr: 12.9301 )
00000858: 14.0686   (Y': 14.869    Cb: 12.728    Cr: 12.8904 )
00000859: 14.0551   (Y': 14.844    Cb: 12.7057   Cr: 12.9153 )
00000860: 14.0895   (Y': 14.8856   Cb: 12.7389   Cr: 12.9325 )
00000861: 14.1035   (Y': 14.8981   Cb: 12.7641   Cr: 12.9387 )
00000862: 14.0825   (Y': 14.845    Cb: 12.7407   Cr: 13.0034 )
00000863: 14.0795   (Y': 14.8618   Cb: 12.7223   Cr: 12.9651 )
00000864: 14.0563   (Y': 14.8602   Cb: 12.6659   Cr: 12.9215 )
00000865: 14.067    (Y': 14.8548   Cb: 12.7195   Cr: 12.9285 )
00000866: 14.0901   (Y': 14.8755   Cb: 12.755    Cr: 12.9445 )
00000867: 14.0771   (Y': 14.861    Cb: 12.7227   Cr: 12.9558 )
00000868: 14.105    (Y': 14.8873   Cb: 12.7526   Cr: 12.9855 )
00000869: 14.0707   (Y': 14.8793   Cb: 12.6734   Cr: 12.9314 )
00000871: 14.0922   (Y': 14.8976   Cb: 12.7219   Cr: 12.9325 )
00000870: 14.0948   (Y': 14.9065   Cb: 12.7028   Cr: 12.9418 )
00000872: 14.0823   (Y': 14.8586   Cb: 12.7729   Cr: 12.9336 )
00000873: 14.075    (Y': 14.8404   Cb: 12.7702   Cr: 12.9491 )
00000874: 14.0994   (Y': 14.88     Cb: 12.7388   Cr: 12.993  )
00000875: 14.0933   (Y': 14.8837   Cb: 12.7447   Cr: 12.949  )
00000876: 14.093    (Y': 14.8794   Cb: 12.7173   Cr: 12.9878 )
00000877: 14.0909   (Y': 14.8742   Cb: 12.7237   Cr: 12.9846 )
00000878: 14.091    (Y': 14.8573   Cb: 12.7868   Cr: 12.9621 )
00000879: 14.1078   (Y': 14.9092   Cb: 12.7386   Cr: 12.9569 )
00000880: 14.0685   (Y': 14.8707   Cb: 12.7089   Cr: 12.9056 )
00000881: 14.0948   (Y': 14.8899   Cb: 12.7163   Cr: 12.97   )
00000882: 14.1048   (Y': 14.8973   Cb: 12.7322   Cr: 12.9802 )
00000883: 14.0608   (Y': 14.8381   Cb: 12.7559   Cr: 12.9046 )
00000884: 14.0717   (Y': 14.8726   Cb: 12.7669   Cr: 12.8554 )
00000885: 14.109    (Y': 14.8867   Cb: 12.7551   Cr: 13.0028 )
00000886: 14.0809   (Y': 14.8646   Cb: 12.7662   Cr: 12.9187 )
00000887: 14.0819   (Y': 14.8576   Cb: 12.7355   Cr: 12.9731 )
00000888: 14.0869   (Y': 14.8835   Cb: 12.734    Cr: 12.9311 )
00000889: 14.0697   (Y': 14.8643   Cb: 12.7229   Cr: 12.9126 )
00000890: 14.1079   (Y': 14.8972   Cb: 12.7806   Cr: 12.9443 )
00000891: 14.1009   (Y': 14.877    Cb: 12.7501   Cr: 12.9956 )
00000892: 14.0985   (Y': 14.8893   Cb: 12.7526   Cr: 12.9505 )
00000893: 14.0996   (Y': 14.8831   Cb: 12.778    Cr: 12.945  )
00000894: 14.0807   (Y': 14.9028   Cb: 12.6936   Cr: 12.8966 )
00000895: 14.0699   (Y': 14.8568   Cb: 12.7441   Cr: 12.9107 )
00000896: 14.1151   (Y': 14.9274   Cb: 12.7234   Cr: 12.9601 )
00000897: 14.0842   (Y': 14.8631   Cb: 12.7629   Cr: 12.9411 )
00000898: 14.0869   (Y': 14.8795   Cb: 12.745    Cr: 12.9303 )
00000899: 14.1112   (Y': 14.9021   Cb: 12.7659   Cr: 12.9622 )
00000900: 14.1103   (Y': 14.8882   Cb: 12.7527   Cr: 13.0077 )
00000901: 14.0791   (Y': 14.8897   Cb: 12.7063   Cr: 12.9085 )
00000902: 14.1053   (Y': 14.8839   Cb: 12.7734   Cr: 12.9739 )
00000903: 14.0739   (Y': 14.8238   Cb: 12.7721   Cr: 12.9856 )
00000905: 14.1128   (Y': 14.8911   Cb: 12.7698   Cr: 12.9939 )
00000904: 14.1236   (Y': 14.8908   Cb: 12.8033   Cr: 13.0093 )
00000906: 14.1168   (Y': 14.91     Cb: 12.7751   Cr: 12.9584 )
00000907: 14.1686   (Y': 14.97     Cb: 12.7951   Cr: 13.0225 )
00000908: 14.2011   (Y': 14.9765   Cb: 12.8941   Cr: 13.0519 )
00000909: 14.1434   (Y': 14.9071   Cb: 12.7966   Cr: 13.0664 )
00000910: 14.1209   (Y': 14.8831   Cb: 12.8436   Cr: 12.9751 )
00000911: 14.0613   (Y': 14.8104   Cb: 12.7656   Cr: 12.9686 )
00000912: 14.0626   (Y': 14.8114   Cb: 12.7929   Cr: 12.9436 )
00000913: 14.0589   (Y': 14.8076   Cb: 12.8016   Cr: 12.9275 )
00000914: 14.0836   (Y': 14.855    Cb: 12.7735   Cr: 12.9479 )
00000915: 14.1046   (Y': 14.8818   Cb: 12.7718   Cr: 12.9779 )
00000916: 14.0855   (Y': 14.8505   Cb: 12.7332   Cr: 13.0107 )
00000917: 14.1023   (Y': 14.8499   Cb: 12.8272   Cr: 12.992  )
00000918: 14.068    (Y': 14.8309   Cb: 12.7368   Cr: 12.9764 )
00000919: 14.0979   (Y': 14.8451   Cb: 12.7976   Cr: 13.0149 )
00000920: 14.0844   (Y': 14.8425   Cb: 12.7802   Cr: 12.9772 )
00000921: 14.1309   (Y': 14.8993   Cb: 12.8046   Cr: 13.0198 )
00000922: 14.1322   (Y': 14.8865   Cb: 12.8039   Cr: 13.06   )
00000923: 14.1398   (Y': 14.8984   Cb: 12.8248   Cr: 13.0427 )
00000924: 14.1324   (Y': 14.9223   Cb: 12.785    Cr: 12.9882 )
00000925: 14.1286   (Y': 14.901    Cb: 12.8138   Cr: 12.9954 )
00000926: 14.1375   (Y': 14.9104   Cb: 12.7819   Cr: 13.0462 )
00000929: 14.145    (Y': 14.9272   Cb: 12.8211   Cr: 12.9958 )
00000928: 14.1452   (Y': 14.9337   Cb: 12.7844   Cr: 13.0186 )
00000927: 14.1383   (Y': 14.9082   Cb: 12.7748   Cr: 13.0627 )
00000930: 14.1267   (Y': 14.876    Cb: 12.8266   Cr: 13.0379 )
00000931: 14.1638   (Y': 14.9423   Cb: 12.7962   Cr: 13.0703 )
00000932: 14.1502   (Y': 14.9046   Cb: 12.8362   Cr: 13.0626 )
00000933: 14.2326   (Y': 15.0322   Cb: 12.8702   Cr: 13.0794 )
00000934: 14.257    (Y': 15.0856   Cb: 12.8504   Cr: 13.0767 )
00000937: 14.2286   (Y': 15.045    Cb: 12.8498   Cr: 13.0499 )
00000935: 14.2697   (Y': 15.0921   Cb: 12.8833   Cr: 13.0841 )
00000936: 14.2739   (Y': 15.1232   Cb: 12.8474   Cr: 13.0627 )
00000938: 14.1735   (Y': 15.0099   Cb: 12.7724   Cr: 12.9679 )
00000939: 14.1378   (Y': 14.9686   Cb: 12.791    Cr: 12.89   )
00000940: 14.1396   (Y': 14.9535   Cb: 12.7412   Cr: 12.9875 )
00000941: 14.0931   (Y': 14.9175   Cb: 12.6984   Cr: 12.9107 )
00000942: 14.1156   (Y': 14.9327   Cb: 12.7064   Cr: 12.9671 )
00000943: 14.1109   (Y': 14.9376   Cb: 12.6948   Cr: 12.9454 )
00000945: 14.1258   (Y': 14.9312   Cb: 12.8011   Cr: 12.9187 )
00000944: 14.1036   (Y': 14.9261   Cb: 12.7159   Cr: 12.9189 )
00000946: 14.1134   (Y': 14.9258   Cb: 12.7145   Cr: 12.9661 )
00000947: 14.1493   (Y': 14.9416   Cb: 12.7695   Cr: 13.0331 )
00000948: 14.1079   (Y': 14.913    Cb: 12.7352   Cr: 12.9514 )
00000949: 14.1042   (Y': 14.896    Cb: 12.7846   Cr: 12.9263 )
00000950: 14.094    (Y': 14.8861   Cb: 12.7257   Cr: 12.9662 )
00000951: 14.0982   (Y': 14.9072   Cb: 12.7032   Cr: 12.9552 )
00000952: 14.0734   (Y': 14.88     Cb: 12.716    Cr: 12.8971 )
00000953: 14.095    (Y': 14.903    Cb: 12.7178   Cr: 12.9357 )
00000954: 14.1064   (Y': 14.8962   Cb: 12.7893   Cr: 12.9309 )
00000955: 14.1041   (Y': 14.8908   Cb: 12.7695   Cr: 12.9548 )
00000956: 14.1174   (Y': 14.9189   Cb: 12.7742   Cr: 12.9391 )
00000957: 14.0979   (Y': 14.8958   Cb: 12.7154   Cr: 12.97   )
00000958: 14.1021   (Y': 14.9022   Cb: 12.7215   Cr: 12.9665 )
00000959: 14.1277   (Y': 14.9267   Cb: 12.7789   Cr: 12.9618 )
00000960: 14.1011   (Y': 14.8781   Cb: 12.7698   Cr: 12.9731 )
00000961: 14.1207   (Y': 14.9134   Cb: 12.7712   Cr: 12.9714 )
00000962: 14.0921   (Y': 14.8953   Cb: 12.7147   Cr: 12.9457 )
00000963: 14.11     (Y': 14.9058   Cb: 12.7749   Cr: 12.938  )
00000964: 14.0843   (Y': 14.8835   Cb: 12.73     Cr: 12.9237 )
00000965: 14.0926   (Y': 14.8816   Cb: 12.7696   Cr: 12.925  )
00000966: 14.0997   (Y': 14.8973   Cb: 12.7326   Cr: 12.9565 )
00000967: 14.123    (Y': 14.9272   Cb: 12.7372   Cr: 12.9827 )
00000968: 14.0915   (Y': 14.8801   Cb: 12.7739   Cr: 12.9194 )
00000969: 14.1147   (Y': 14.9045   Cb: 12.796    Cr: 12.941  )
00000970: 14.1052   (Y': 14.8876   Cb: 12.7708   Cr: 12.9668 )
00000971: 14.1143   (Y': 14.9157   Cb: 12.7416   Cr: 12.9671 )
00000972: 14.0961   (Y': 14.8939   Cb: 12.716    Cr: 12.9659 )
00000973: 14.0893   (Y': 14.8952   Cb: 12.7518   Cr: 12.8939 )
00000974: 14.0932   (Y': 14.8887   Cb: 12.7224   Cr: 12.9592 )
00000975: 14.073    (Y': 14.8501   Cb: 12.7169   Cr: 12.9711 )
00000977: 14.1099   (Y': 14.8985   Cb: 12.7703   Cr: 12.9611 )
00000976: 14.0781   (Y': 14.8739   Cb: 12.7476   Cr: 12.9009 )
00000978: 14.0844   (Y': 14.88     Cb: 12.718    Cr: 12.9453 )
00000979: 14.0835   (Y': 14.8814   Cb: 12.7459   Cr: 12.9088 )
00000980: 14.0884   (Y': 14.8939   Cb: 12.7261   Cr: 12.9202 )
00000981: 14.0913   (Y': 14.8757   Cb: 12.7951   Cr: 12.9082 )
00000982: 14.1166   (Y': 14.9288   Cb: 12.7411   Cr: 12.9448 )
00000985: 14.0741   (Y': 14.8741   Cb: 12.7176   Cr: 12.9139 )
00000984: 14.0695   (Y': 14.8539   Cb: 12.7457   Cr: 12.9148 )
00000983: 14.0724   (Y': 14.8507   Cb: 12.7142   Cr: 12.9694 )
00000986: 14.0923   (Y': 14.8981   Cb: 12.7316   Cr: 12.9216 )
00000987: 14.1037   (Y': 14.8919   Cb: 12.7434   Cr: 12.9776 )
00000988: 14.0977   (Y': 14.905    Cb: 12.74     Cr: 12.9198 )
00000989: 14.0941   (Y': 14.8872   Cb: 12.7314   Cr: 12.9577 )
00000990: 14.1241   (Y': 14.9071   Cb: 12.7979   Cr: 12.9753 )
00000991: 14.0944   (Y': 14.8888   Cb: 12.7316   Cr: 12.9549 )
00000992: 14.1021   (Y': 14.8947   Cb: 12.7653   Cr: 12.94   )
00000993: 14.0932   (Y': 14.8869   Cb: 12.6734   Cr: 13.0162 )
00000994: 14.1111   (Y': 14.9091   Cb: 12.7391   Cr: 12.9718 )
00000995: 14.1085   (Y': 14.9014   Cb: 12.7585   Cr: 12.9594 )
00000996: 14.0933   (Y': 14.9089   Cb: 12.7444   Cr: 12.8857 )
00000997: 14.09     (Y': 14.8974   Cb: 12.6998   Cr: 12.9462 )
00000998: 14.0952   (Y': 14.9076   Cb: 12.69     Cr: 12.9544 )
00000999: 14.082    (Y': 14.8892   Cb: 12.7429   Cr: 12.8851 )
00001000: 14.0777   (Y': 14.8877   Cb: 12.7344   Cr: 12.878  )
00001001: 14.0809   (Y': 14.8742   Cb: 12.7445   Cr: 12.9162 )
00001002: 14.0878   (Y': 14.8458   Cb: 12.782    Cr: 12.9825 )
00001003: 14.0655   (Y': 14.8528   Cb: 12.7421   Cr: 12.9027 )
00001004: 14.0858   (Y': 14.8879   Cb: 12.761    Cr: 12.8872 )
00001005: 14.1036   (Y': 14.9141   Cb: 12.7089   Cr: 12.9566 )
00001006: 14.101    (Y': 14.8887   Cb: 12.7877   Cr: 12.927  )
00001007: 14.0864   (Y': 14.8858   Cb: 12.7113   Cr: 12.9469 )
00001008: 14.0744   (Y': 14.8851   Cb: 12.7153   Cr: 12.8893 )
00001009: 14.1011   (Y': 14.9019   Cb: 12.7345   Cr: 12.9493 )
00001010: 14.1046   (Y': 14.8984   Cb: 12.7341   Cr: 12.9743 )
00001011: 14.0876   (Y': 14.8893   Cb: 12.7642   Cr: 12.8886 )
00001012: 14.1165   (Y': 14.9222   Cb: 12.7785   Cr: 12.9223 )
00001013: 14.0979   (Y': 14.9073   Cb: 12.7692   Cr: 12.8848 )
00001014: 14.1016   (Y': 14.9025   Cb: 12.73     Cr: 12.9546 )
00001015: 14.0986   (Y': 14.9152   Cb: 12.7288   Cr: 12.91   )
00001016: 14.1037   (Y': 14.8854   Cb: 12.7997   Cr: 12.9353 )
00001017: 14.0707   (Y': 14.8655   Cb: 12.7316   Cr: 12.9053 )
00001018: 14.1002   (Y': 14.8921   Cb: 12.7434   Cr: 12.9606 )
00001019: 14.1362   (Y': 14.9047   Cb: 12.7975   Cr: 13.038  )
00001020: 14.1438   (Y': 14.9232   Cb: 12.8021   Cr: 13.0205 )
00001021: 14.1765   (Y': 14.9776   Cb: 12.789    Cr: 13.0459 )
00001022: 14.1785   (Y': 14.9888   Cb: 12.8112   Cr: 13.0034 )
00001023: 14.1413   (Y': 14.9681   Cb: 12.7616   Cr: 12.9373 )
00001024: 14.1097   (Y': 14.9209   Cb: 12.6942   Cr: 12.9829 )
00001025: 14.11     (Y': 14.9073   Cb: 12.7354   Cr: 12.9758 )
00001026: 14.1171   (Y': 14.9269   Cb: 12.7667   Cr: 12.9254 )
00001027: 14.1052   (Y': 14.9013   Cb: 12.738    Cr: 12.966  )
00001028: 14.1012   (Y': 14.8839   Cb: 12.7657   Cr: 12.963  )
00001029: 14.1049   (Y': 14.9047   Cb: 12.7393   Cr: 12.9542 )
00001030: 14.1161   (Y': 14.9084   Cb: 12.7125   Cr: 13.0253 )
00001031: 14.0846   (Y': 14.8862   Cb: 12.7428   Cr: 12.9049 )
00001033: 14.0855   (Y': 14.8738   Cb: 12.7031   Cr: 12.9821 )
00001032: 14.0973   (Y': 14.8907   Cb: 12.7522   Cr: 12.9417 )
00001034: 14.1214   (Y': 14.8885   Cb: 12.8083   Cr: 12.9998 )
00001035: 14.0888   (Y': 14.8702   Cb: 12.714    Cr: 12.9955 )
00001036: 14.1034   (Y': 14.8779   Cb: 12.7502   Cr: 13.0048 )
00001037: 14.1137   (Y': 14.9      Cb: 12.731    Cr: 13.0159 )
00001038: 14.0801   (Y': 14.8526   Cb: 12.7494   Cr: 12.9635 )
00001039: 14.0739   (Y': 14.8125   Cb: 12.7967   Cr: 12.9891 )
00001040: 14.0959   (Y': 14.8736   Cb: 12.7675   Cr: 12.9631 )
00001041: 14.0855   (Y': 14.8382   Cb: 12.8111   Cr: 12.961  )
00001042: 14.0856   (Y': 14.8752   Cb: 12.7393   Cr: 12.941  )
00001043: 14.0916   (Y': 14.8786   Cb: 12.7514   Cr: 12.9473 )
Total: 14.131    (Y': 14.9701   Cb: 12.8048   Cr: 12.842  )
