00000001: 14.8394   (Y': 14.7625   Cb: 14.0424   Cr: 16.2234 )
00000000: 31.3234   (Y': 44.3744   Cb: 26.6981   Cr: 26.6981 )
00000002: 14.6514   (Y': 14.5552   Cb: 13.8812   Cr: 16.1006 )
00000004: 14.6532   (Y': 14.5662   Cb: 13.8542   Cr: 16.0971 )
00000003: 14.6509   (Y': 14.5857   Cb: 13.7737   Cr: 16.1034 )
00000005: 14.4496   (Y': 14.3679   Cb: 13.6192   Cr: 15.9171 )
00000006: 14.4351   (Y': 14.3306   Cb: 13.648    Cr: 15.9604 )
00000007: 14.457    (Y': 14.3624   Cb: 13.6488   Cr: 15.9603 )
00000008: 14.636    (Y': 14.5698   Cb: 13.8004   Cr: 16.0242 )
00000009: 14.6152   (Y': 14.5416   Cb: 13.7828   Cr: 16.0399 )
00000010: 14.6386   (Y': 14.5608   Cb: 13.8174   Cr: 16.0678 )
00000011: 14.6546   (Y': 14.5573   Cb: 13.8797   Cr: 16.1176 )
00000012: 14.6416   (Y': 14.5543   Cb: 13.8329   Cr: 16.1042 )
00000013: 14.6494   (Y': 14.5602   Cb: 13.8594   Cr: 16.0915 )
00000014: 14.6369   (Y': 14.5522   Cb: 13.807    Cr: 16.1204 )
00000015: 14.624    (Y': 14.5441   Cb: 13.8358   Cr: 16.0098 )
00000017: 14.6565   (Y': 14.5821   Cb: 13.8508   Cr: 16.041  )
00000016: 14.633    (Y': 14.5504   Cb: 13.8567   Cr: 16.0147 )
00000018: 14.6472   (Y': 14.581    Cb: 13.7789   Cr: 16.091  )
00000019: 14.6285   (Y': 14.5583   Cb: 13.8039   Cr: 16.0211 )
00000020: 14.6195   (Y': 14.5469   Cb: 13.8077   Cr: 16.004  )
00000021: 14.6571   (Y': 14.5605   Cb: 13.8871   Cr: 16.1084 )
00000022: 14.5972   (Y': 14.517    Cb: 13.8107   Cr: 15.9821 )
00000023: 14.6313   (Y': 14.5256   Cb: 13.8706   Cr: 16.1188 )
00000024: 14.6205   (Y': 14.539    Cb: 13.7947   Cr: 16.0783 )
00000025: 14.607    (Y': 14.5318   Cb: 13.8109   Cr: 15.9803 )
00000026: 14.6162   (Y': 14.5091   Cb: 13.9084   Cr: 16.0239 )
00000028: 14.6441   (Y': 14.5537   Cb: 13.8412   Cr: 16.1149 )
00000029: 14.6403   (Y': 14.5616   Cb: 13.8359   Cr: 16.0464 )
00000030: 14.6145   (Y': 14.5129   Cb: 13.8556   Cr: 16.0748 )
00000027: 14.6376   (Y': 14.5414   Cb: 13.8642   Cr: 16.092  )
00000031: 14.6416   (Y': 14.5747   Cb: 13.8001   Cr: 16.0435 )
00000032: 14.6136   (Y': 14.538    Cb: 13.7984   Cr: 16.0209 )
00000034: 14.6245   (Y': 14.539    Cb: 13.8142   Cr: 16.0794 )
00000033: 14.6288   (Y': 14.5336   Cb: 13.8668   Cr: 16.0579 )
00000035: 14.6218   (Y': 14.5305   Cb: 13.8493   Cr: 16.0463 )
00000037: 14.5977   (Y': 14.5092   Cb: 13.7868   Cr: 16.0705 )
00000038: 14.625    (Y': 14.5557   Cb: 13.8073   Cr: 16.0008 )
00000036: 14.6074   (Y': 14.5104   Cb: 13.8242   Cr: 16.0831 )
00000039: 14.6272   (Y': 14.5286   Cb: 13.8644   Cr: 16.0774 )
00000040: 14.6328   (Y': 14.5217   Cb: 13.8691   Cr: 16.1561 )
00000042: 14.6447   (Y': 14.5715   Cb: 13.7909   Cr: 16.1032 )
00000041: 14.6275   (Y': 14.5182   Cb: 13.8848   Cr: 16.1057 )
00000043: 14.614    (Y': 14.5229   Cb: 13.8172   Cr: 16.0781 )
00000044: 14.6329   (Y': 14.5447   Cb: 13.8287   Cr: 16.0934 )
00000045: 14.6274   (Y': 14.5496   Cb: 13.8191   Cr: 16.0355 )
00000046: 14.6385   (Y': 14.5408   Cb: 13.8735   Cr: 16.0871 )
00000047: 14.6042   (Y': 14.5181   Cb: 13.7813   Cr: 16.0836 )
00000048: 14.6178   (Y': 14.5406   Cb: 13.8258   Cr: 15.9956 )
00000049: 14.6558   (Y': 14.5856   Cb: 13.8323   Cr: 16.0464 )
00000050: 14.6462   (Y': 14.5644   Cb: 13.8284   Cr: 16.0923 )
00000051: 14.6564   (Y': 14.5766   Cb: 13.8514   Cr: 16.07   )
00000052: 14.6291   (Y': 14.5479   Cb: 13.8237   Cr: 16.0513 )
00000053: 14.5966   (Y': 14.5082   Cb: 13.8105   Cr: 16.027  )
00000055: 14.6423   (Y': 14.5623   Cb: 13.8281   Cr: 16.0726 )
00000054: 14.6592   (Y': 14.5789   Cb: 13.8445   Cr: 16.0916 )
00000056: 14.6297   (Y': 14.5361   Cb: 13.8538   Cr: 16.0727 )
00000058: 14.6105   (Y': 14.5274   Cb: 13.7982   Cr: 16.0554 )
00000057: 14.648    (Y': 14.5666   Cb: 13.8408   Cr: 16.0743 )
00000059: 14.6727   (Y': 14.5799   Cb: 13.8894   Cr: 16.1235 )
00000061: 14.6504   (Y': 14.5759   Cb: 13.8488   Cr: 16.0281 )
00000060: 14.6238   (Y': 14.5428   Cb: 13.8092   Cr: 16.0606 )
00000062: 14.6335   (Y': 14.5606   Cb: 13.7801   Cr: 16.0897 )
00000063: 14.6342   (Y': 14.5291   Cb: 13.8829   Cr: 16.1024 )
00000064: 14.6175   (Y': 14.5248   Cb: 13.7892   Cr: 16.1442 )
00000065: 14.6377   (Y': 14.5499   Cb: 13.8473   Cr: 16.072  )
00000066: 14.6255   (Y': 14.5517   Cb: 13.7821   Cr: 16.0693 )
00000067: 14.6465   (Y': 14.568    Cb: 13.8258   Cr: 16.0792 )
00000068: 14.6567   (Y': 14.5617   Cb: 13.8841   Cr: 16.102  )
00000070: 14.6299   (Y': 14.5405   Cb: 13.8238   Cr: 16.1    )
00000069: 14.6519   (Y': 14.5702   Cb: 13.8355   Cr: 16.0953 )
00000071: 14.6527   (Y': 14.5753   Cb: 13.804    Cr: 16.1266 )
00000072: 14.6246   (Y': 14.5374   Cb: 13.7765   Cr: 16.1537 )
00000073: 14.6425   (Y': 14.5634   Cb: 13.7997   Cr: 16.1166 )
00000074: 14.6353   (Y': 14.5331   Cb: 13.8248   Cr: 16.1867 )
00000075: 14.6411   (Y': 14.5443   Cb: 13.8096   Cr: 16.1972 )
00000076: 14.6323   (Y': 14.5674   Cb: 13.8212   Cr: 15.9732 )
00000077: 14.6354   (Y': 14.572    Cb: 13.8144   Cr: 15.984  )
00000078: 14.6181   (Y': 14.532    Cb: 13.799    Cr: 16.0907 )
00000079: 14.6174   (Y': 14.5295   Cb: 13.8462   Cr: 16.0209 )
00000080: 14.6381   (Y': 14.564    Cb: 13.8151   Cr: 16.0494 )
00000081: 14.7539   (Y': 14.6673   Cb: 13.939    Cr: 16.2224 )
00000082: 14.7663   (Y': 14.7182   Cb: 13.8698   Cr: 16.1563 )
00000083: 14.7647   (Y': 14.7191   Cb: 13.9032   Cr: 16.0815 )
00000084: 14.7821   (Y': 14.7267   Cb: 13.9265   Cr: 16.1437 )
00000085: 14.6745   (Y': 14.5939   Cb: 13.8778   Cr: 16.0793 )
00000086: 14.6844   (Y': 14.6146   Cb: 13.9037   Cr: 16.0027 )
00000087: 14.7195   (Y': 14.6511   Cb: 13.891    Cr: 16.108  )
00000088: 14.7159   (Y': 14.6433   Cb: 13.9073   Cr: 16.0952 )
00000089: 14.7128   (Y': 14.6309   Cb: 13.896    Cr: 16.1574 )
00000090: 14.7067   (Y': 14.6496   Cb: 13.8534   Cr: 16.0739 )
00000091: 14.7075   (Y': 14.6222   Cb: 13.9135   Cr: 16.1333 )
00000092: 14.6982   (Y': 14.6478   Cb: 13.8398   Cr: 16.0369 )
00000093: 14.6481   (Y': 14.5496   Cb: 13.8743   Cr: 16.1159 )
00000094: 14.6868   (Y': 14.625    Cb: 13.8413   Cr: 16.0667 )
00000095: 14.6729   (Y': 14.5919   Cb: 13.8313   Cr: 16.155  )
00000096: 14.6874   (Y': 14.6142   Cb: 13.8719   Cr: 16.081  )
00000097: 14.6783   (Y': 14.584    Cb: 13.9094   Cr: 16.1146 )
00000098: 14.7172   (Y': 14.6389   Cb: 13.9146   Cr: 16.1181 )
00000099: 14.7226   (Y': 14.6352   Cb: 13.9595   Cr: 16.1097 )
00000100: 14.642    (Y': 14.5478   Cb: 13.8727   Cr: 16.0778 )
00000101: 14.6754   (Y': 14.5522   Cb: 13.9783   Cr: 16.1581 )
00000102: 14.6556   (Y': 14.5714   Cb: 13.8502   Cr: 16.0946 )
00000103: 14.6591   (Y': 14.5562   Cb: 13.8804   Cr: 16.1604 )
00000104: 14.5736   (Y': 14.4445   Cb: 13.8713   Cr: 16.0994 )
00000105: 14.6392   (Y': 14.5391   Cb: 13.8806   Cr: 16.091  )
00000107: 14.665    (Y': 14.568    Cb: 13.9108   Cr: 16.0916 )
00000106: 14.6518   (Y': 14.5407   Cb: 13.8889   Cr: 16.1747 )
00000108: 14.6159   (Y': 14.4822   Cb: 13.9089   Cr: 16.1765 )
00000109: 14.5928   (Y': 14.4735   Cb: 13.861    Cr: 16.1099 )
00000110: 14.6119   (Y': 14.4855   Cb: 13.8617   Cr: 16.2027 )
00000111: 14.654    (Y': 14.5327   Cb: 13.9126   Cr: 16.2    )
00000112: 14.611    (Y': 14.5025   Cb: 13.8387   Cr: 16.1337 )
00000114: 14.6192   (Y': 14.5086   Cb: 13.8684   Cr: 16.1179 )
00000113: 14.6815   (Y': 14.5636   Cb: 13.925    Cr: 16.2332 )
00000115: 14.6094   (Y': 14.4911   Cb: 13.8806   Cr: 16.1159 )
00000116: 14.6859   (Y': 14.5953   Cb: 13.9075   Cr: 16.1161 )
00000119: 14.7098   (Y': 14.6444   Cb: 13.8377   Cr: 16.1552 )
00000117: 14.6384   (Y': 14.5134   Cb: 13.8984   Cr: 16.2032 )
00000118: 14.6807   (Y': 14.5893   Cb: 13.8791   Cr: 16.1546 )
00000120: 14.6568   (Y': 14.5401   Cb: 13.8909   Cr: 16.2171 )
00000122: 14.723    (Y': 14.641    Cb: 13.9312   Cr: 16.1265 )
00000121: 14.6914   (Y': 14.6167   Cb: 13.864    Cr: 16.1132 )
00000123: 14.6168   (Y': 14.5263   Cb: 13.8207   Cr: 16.0766 )
00000124: 14.6803   (Y': 14.5896   Cb: 13.8649   Cr: 16.1732 )
00000125: 14.6817   (Y': 14.6032   Cb: 13.8971   Cr: 16.0543 )
00000126: 14.6432   (Y': 14.581    Cb: 13.7844   Cr: 16.0476 )
00000127: 14.5863   (Y': 14.4922   Cb: 13.8337   Cr: 15.9937 )
00000128: 14.6492   (Y': 14.5508   Cb: 13.8743   Cr: 16.1182 )
00000129: 14.6612   (Y': 14.5847   Cb: 13.8659   Cr: 16.0401 )
00000130: 14.6625   (Y': 14.6147   Cb: 13.7755   Cr: 16.0347 )
00000131: 14.7188   (Y': 14.6711   Cb: 13.8543   Cr: 16.0526 )
00000132: 14.6657   (Y': 14.5832   Cb: 13.8793   Cr: 16.0639 )
00000134: 14.6264   (Y': 14.5506   Cb: 13.7713   Cr: 16.1023 )
00000133: 14.6179   (Y': 14.5319   Cb: 13.8582   Cr: 15.9915 )
00000135: 14.6239   (Y': 14.5425   Cb: 13.8202   Cr: 16.0444 )
00000136: 14.6265   (Y': 14.5636   Cb: 13.7646   Cr: 16.0405 )
00000137: 14.656    (Y': 14.6242   Cb: 13.7593   Cr: 15.9564 )
00000138: 14.6506   (Y': 14.579    Cb: 13.8497   Cr: 16.0114 )
00000139: 14.6514   (Y': 14.5773   Cb: 13.8427   Cr: 16.0389 )
00000140: 14.6396   (Y': 14.5757   Cb: 13.7811   Cr: 16.0535 )
00000141: 14.6258   (Y': 14.5712   Cb: 13.7746   Cr: 15.9754 )
00000142: 14.629    (Y': 14.5477   Cb: 13.8496   Cr: 16.0089 )
00000143: 14.6324   (Y': 14.5681   Cb: 13.8152   Cr: 15.9794 )
00000144: 14.6491   (Y': 14.5766   Cb: 13.7865   Cr: 16.1183 )
00000145: 14.6744   (Y': 14.5941   Cb: 13.8786   Cr: 16.0759 )
00000146: 14.6535   (Y': 14.5812   Cb: 13.8345   Cr: 16.0483 )
00000147: 14.7096   (Y': 14.6374   Cb: 13.8927   Cr: 16.1002 )
00000148: 14.7362   (Y': 14.6829   Cb: 13.9271   Cr: 16.0099 )
00000150: 14.7293   (Y': 14.6806   Cb: 13.865    Cr: 16.0676 )
00000151: 14.6806   (Y': 14.597    Cb: 13.8914   Cr: 16.0894 )
00000149: 14.7201   (Y': 14.6778   Cb: 13.8467   Cr: 16.0392 )
00000152: 14.6918   (Y': 14.6222   Cb: 13.8794   Cr: 16.0606 )
00000153: 14.7299   (Y': 14.7018   Cb: 13.8342   Cr: 16.0083 )
00000154: 14.7135   (Y': 14.6807   Cb: 13.7675   Cr: 16.1021 )
00000155: 14.8113   (Y': 14.756    Cb: 13.9691   Cr: 16.1499 )
00000156: 14.6586   (Y': 14.5969   Cb: 13.7861   Cr: 16.0835 )
00000157: 14.6939   (Y': 14.6159   Cb: 13.8123   Cr: 16.228  )
00000158: 14.6768   (Y': 14.6116   Cb: 13.8066   Cr: 16.1177 )
00000159: 14.7018   (Y': 14.6323   Cb: 13.9042   Cr: 16.0455 )
00000160: 14.7258   (Y': 14.6885   Cb: 13.7938   Cr: 16.1161 )
00000161: 14.7206   (Y': 14.6743   Cb: 13.818    Cr: 16.1105 )
00000162: 14.7655   (Y': 14.738    Cb: 13.9046   Cr: 15.9838 )
00000163: 14.7808   (Y': 14.7444   Cb: 13.8597   Cr: 16.1467 )
00000164: 14.7632   (Y': 14.7198   Cb: 13.8886   Cr: 16.0902 )
00000165: 14.7586   (Y': 14.7084   Cb: 13.912    Cr: 16.0768 )
00000166: 14.7209   (Y': 14.6556   Cb: 13.8858   Cr: 16.1033 )
00000167: 14.6685   (Y': 14.615    Cb: 13.8093   Cr: 16.0255 )
00000168: 14.6665   (Y': 14.6033   Cb: 13.8237   Cr: 16.0499 )
00000169: 14.7236   (Y': 14.6631   Cb: 13.8562   Cr: 16.1336 )
00000170: 14.6987   (Y': 14.6277   Cb: 13.8385   Cr: 16.1554 )
00000171: 14.684    (Y': 14.6296   Cb: 13.8845   Cr: 15.9485 )
00000172: 14.6827   (Y': 14.6124   Cb: 13.8542   Cr: 16.0821 )
00000173: 14.6921   (Y': 14.6204   Cb: 13.9107   Cr: 16.0221 )
00000175: 14.648    (Y': 14.6088   Cb: 13.7109   Cr: 16.0574 )
00000174: 14.6958   (Y': 14.6313   Cb: 13.8987   Cr: 16.0115 )
00000176: 14.7032   (Y': 14.6505   Cb: 13.8305   Cr: 16.0789 )
00000177: 14.6832   (Y': 14.6253   Cb: 13.8343   Cr: 16.0471 )
00000178: 14.7003   (Y': 14.6506   Cb: 13.8432   Cr: 16.0328 )
00000179: 14.6659   (Y': 14.6163   Cb: 13.81     Cr: 15.9958 )
00000181: 14.6736   (Y': 14.6177   Cb: 13.8201   Cr: 16.0343 )
00000180: 14.6813   (Y': 14.6389   Cb: 13.7674   Cr: 16.069  )
00000182: 14.6825   (Y': 14.6264   Cb: 13.8405   Cr: 16.0246 )
00000183: 14.6937   (Y': 14.6601   Cb: 13.8031   Cr: 15.993  )
00000184: 14.7088   (Y': 14.6519   Cb: 13.8781   Cr: 16.0373 )
00000185: 14.7251   (Y': 14.6533   Cb: 13.9155   Cr: 16.1011 )
00000186: 14.7003   (Y': 14.6295   Cb: 13.8748   Cr: 16.0977 )
00000187: 14.7121   (Y': 14.6693   Cb: 13.8426   Cr: 16.0269 )
00000188: 14.6889   (Y': 14.6116   Cb: 13.8277   Cr: 16.1835 )
00000189: 14.7056   (Y': 14.6655   Cb: 13.8202   Cr: 16.0321 )
00000191: 14.6794   (Y': 14.6085   Cb: 13.8572   Cr: 16.0722 )
00000190: 14.6861   (Y': 14.6122   Cb: 13.8735   Cr: 16.0791 )
00000192: 14.6682   (Y': 14.601    Cb: 13.8496   Cr: 16.034  )
00000193: 14.6554   (Y': 14.5909   Cb: 13.8101   Cr: 16.05   )
00000194: 14.6506   (Y': 14.6034   Cb: 13.7653   Cr: 16.0162 )
00000195: 14.6882   (Y': 14.6396   Cb: 13.8034   Cr: 16.0608 )
00000196: 14.6785   (Y': 14.6323   Cb: 13.8127   Cr: 16.0068 )
00000197: 14.6614   (Y': 14.6131   Cb: 13.7991   Cr: 15.9948 )
00000198: 14.7061   (Y': 14.6745   Cb: 13.8009   Cr: 16.0199 )
00000199: 14.731    (Y': 14.6912   Cb: 13.8701   Cr: 16.0156 )
00000200: 14.8166   (Y': 14.8051   Cb: 13.8526   Cr: 16.119  )
00000201: 14.796    (Y': 14.7716   Cb: 13.9125   Cr: 16.0346 )
00000202: 14.7682   (Y': 14.7689   Cb: 13.8077   Cr: 15.9995 )
00000203: 14.7775   (Y': 14.7578   Cb: 13.8319   Cr: 16.0941 )
00000204: 14.857    (Y': 14.8663   Cb: 13.8651   Cr: 16.0946 )
00000205: 15.0831   (Y': 15.2143   Cb: 13.854    Cr: 16.0963 )
00000206: 14.9394   (Y': 14.9422   Cb: 13.9636   Cr: 16.1852 )
00000207: 14.8532   (Y': 14.8318   Cb: 13.9464   Cr: 16.1141 )
00000208: 14.8444   (Y': 14.8309   Cb: 13.9592   Cr: 16.0274 )
00000209: 14.917    (Y': 14.9457   Cb: 13.8976   Cr: 16.0992 )
00000210: 14.8071   (Y': 14.7603   Cb: 13.9446   Cr: 16.1328 )
00000211: 14.7984   (Y': 14.7967   Cb: 13.8807   Cr: 15.9721 )
00000213: 14.7627   (Y': 14.7677   Cb: 13.8399   Cr: 15.9099 )
00000212: 14.7833   (Y': 14.7675   Cb: 13.8595   Cr: 16.0424 )
00000214: 14.731    (Y': 14.7218   Cb: 13.8002   Cr: 15.9657 )
00000215: 14.7149   (Y': 14.6882   Cb: 13.7916   Cr: 16.0316 )
00000216: 14.7098   (Y': 14.6814   Cb: 13.7894   Cr: 16.0312 )
00000217: 14.7129   (Y': 14.6921   Cb: 13.8148   Cr: 15.9564 )
00000218: 14.6868   (Y': 14.6525   Cb: 13.7943   Cr: 15.994  )
00000219: 14.779    (Y': 14.7748   Cb: 13.7921   Cr: 16.0811 )
00000221: 14.709    (Y': 14.772    Cb: 13.655    Cr: 15.7718 )
00000222: 14.7516   (Y': 14.8348   Cb: 13.6296   Cr: 15.8246 )
00000220: 14.7577   (Y': 14.8121   Cb: 13.6762   Cr: 15.9097 )
00000223: 14.7847   (Y': 14.8674   Cb: 13.6502   Cr: 15.8808 )
00000224: 14.8187   (Y': 14.876    Cb: 13.6988   Cr: 16.0202 )
00000225: 14.7349   (Y': 14.7299   Cb: 13.7677   Cr: 16.0076 )
00000226: 14.7354   (Y': 14.73     Cb: 13.7971   Cr: 15.9628 )
00000227: 14.7631   (Y': 14.7948   Cb: 13.7681   Cr: 15.8889 )
00000228: 14.7333   (Y': 14.7466   Cb: 13.7769   Cr: 15.8918 )
00000229: 14.6939   (Y': 14.6729   Cb: 13.7722   Cr: 15.9771 )
00000230: 14.6803   (Y': 14.6685   Cb: 13.7538   Cr: 15.9219 )
00000231: 14.6795   (Y': 14.6567   Cb: 13.7456   Cr: 15.9929 )
00000232: 14.6762   (Y': 14.6598   Cb: 13.8004   Cr: 15.8597 )
00000233: 14.6548   (Y': 14.637    Cb: 13.7394   Cr: 15.91   )
00000234: 14.6839   (Y': 14.6649   Cb: 13.727    Cr: 16.0152 )
00000235: 14.6553   (Y': 14.6615   Cb: 13.7139   Cr: 15.8265 )
00000236: 14.6641   (Y': 14.6703   Cb: 13.7065   Cr: 15.8614 )
00000237: 14.712    (Y': 14.722    Cb: 13.7113   Cr: 15.9613 )
00000238: 14.7346   (Y': 14.7362   Cb: 13.7941   Cr: 15.9285 )
00000239: 14.7411   (Y': 14.7164   Cb: 13.8363   Cr: 16.0162 )
00000240: 14.7541   (Y': 14.7463   Cb: 13.8194   Cr: 15.9882 )
00000241: 14.721    (Y': 14.6906   Cb: 13.8277   Cr: 16.0084 )
00000242: 14.7093   (Y': 14.6687   Cb: 13.8444   Cr: 16.0048 )
00000243: 14.8048   (Y': 14.7965   Cb: 13.8519   Cr: 16.0717 )
00000244: 14.87     (Y': 14.9241   Cb: 13.8008   Cr: 16.0034 )
00000245: 14.7894   (Y': 14.7965   Cb: 13.8396   Cr: 15.9695 )
00000246: 14.7339   (Y': 14.7484   Cb: 13.7538   Cr: 15.9247 )
00000247: 14.7378   (Y': 14.7097   Cb: 13.799    Cr: 16.0882 )
00000248: 14.8024   (Y': 14.81     Cb: 13.8293   Cr: 16.0183 )
00000249: 14.7811   (Y': 14.8038   Cb: 13.8025   Cr: 15.9271 )
00000250: 14.815    (Y': 14.8381   Cb: 13.8095   Cr: 16.0032 )
00000251: 14.7923   (Y': 14.7954   Cb: 13.8539   Cr: 15.975  )
00000252: 14.7009   (Y': 14.661    Cb: 13.8481   Cr: 15.9727 )
00000253: 14.6725   (Y': 14.5976   Cb: 13.8818   Cr: 16.0351 )
00000254: 14.6858   (Y': 14.64     Cb: 13.8172   Cr: 16.0162 )
00000255: 14.7622   (Y': 14.7625   Cb: 13.7628   Cr: 16.0612 )
00000256: 14.7536   (Y': 14.7459   Cb: 13.8175   Cr: 15.9891 )
00000257: 14.7699   (Y': 14.7575   Cb: 13.829    Cr: 16.0382 )
00000258: 14.6978   (Y': 14.6544   Cb: 13.8114   Cr: 16.044  )
00000259: 14.7102   (Y': 14.6998   Cb: 13.7687   Cr: 15.9693 )
00000260: 14.7395   (Y': 14.7203   Cb: 13.8103   Cr: 16.0254 )
00000262: 14.7146   (Y': 14.6897   Cb: 13.7882   Cr: 16.0271 )
00000261: 14.6715   (Y': 14.6342   Cb: 13.765    Cr: 16.0177 )
00000263: 14.7303   (Y': 14.7084   Cb: 13.8205   Cr: 15.9985 )
00000264: 14.7846   (Y': 14.7919   Cb: 13.8306   Cr: 15.97   )
00000265: 14.7129   (Y': 14.7158   Cb: 13.762    Cr: 15.9167 )
00000266: 14.7367   (Y': 14.7163   Cb: 13.8142   Cr: 16.0176 )
00000267: 14.7614   (Y': 14.7384   Cb: 13.847    Cr: 16.0431 )
00000268: 14.7424   (Y': 14.6982   Cb: 13.8894   Cr: 16.0383 )
00000270: 14.665    (Y': 14.6452   Cb: 13.7864   Cr: 15.8711 )
00000269: 14.6963   (Y': 14.6621   Cb: 13.8203   Cr: 15.9755 )
00000271: 14.6443   (Y': 14.5997   Cb: 13.7372   Cr: 16.0328 )
00000272: 14.6894   (Y': 14.6493   Cb: 13.8089   Cr: 16.0082 )
00000273: 14.6731   (Y': 14.6517   Cb: 13.786    Cr: 15.9019 )
00000274: 14.6491   (Y': 14.6295   Cb: 13.7547   Cr: 15.8799 )
00000275: 14.6556   (Y': 14.6186   Cb: 13.7784   Cr: 15.9521 )
00000276: 14.6889   (Y': 14.6391   Cb: 13.8156   Cr: 16.049  )
00000278: 14.6737   (Y': 14.6103   Cb: 13.8251   Cr: 16.0684 )
00000277: 14.6876   (Y': 14.6535   Cb: 13.7855   Cr: 16.0097 )
00000279: 14.6726   (Y': 14.6241   Cb: 13.7684   Cr: 16.0775 )
00000280: 14.6625   (Y': 14.6295   Cb: 13.7542   Cr: 15.9887 )
00000281: 14.6507   (Y': 14.6057   Cb: 13.7675   Cr: 16.0007 )
00000282: 14.6814   (Y': 14.6641   Cb: 13.7594   Cr: 15.9451 )
00000283: 14.7006   (Y': 14.6872   Cb: 13.7814   Cr: 15.9394 )
00000284: 14.7276   (Y': 14.7157   Cb: 13.7668   Cr: 16.0274 )
00000285: 14.8312   (Y': 14.8654   Cb: 13.7667   Cr: 16.0594 )
00000286: 14.9026   (Y': 14.9471   Cb: 13.8484   Cr: 16.0606 )
00000287: 14.9329   (Y': 15.0186   Cb: 13.822    Cr: 15.9745 )
00000288: 14.9476   (Y': 15.0032   Cb: 13.8767   Cr: 16.0755 )
00000289: 14.9445   (Y': 14.9871   Cb: 13.8866   Cr: 16.1176 )
00000290: 14.8131   (Y': 14.8173   Cb: 13.8048   Cr: 16.1058 )
00000291: 14.7491   (Y': 14.7313   Cb: 13.8156   Cr: 16.0345 )
00000292: 14.7243   (Y': 14.7227   Cb: 13.7474   Cr: 15.9951 )
00000293: 14.8135   (Y': 14.8374   Cb: 13.792    Cr: 16.0237 )
00000295: 14.7133   (Y': 14.7029   Cb: 13.8037   Cr: 15.9193 )
00000294: 14.7594   (Y': 14.7431   Cb: 13.8521   Cr: 15.9937 )
00000296: 14.8065   (Y': 14.7891   Cb: 13.8494   Cr: 16.1299 )
00000297: 14.8009   (Y': 14.7872   Cb: 13.83     Cr: 16.1273 )
00000298: 14.7839   (Y': 14.7739   Cb: 13.8164   Cr: 16.084  )
00000299: 14.769    (Y': 14.7714   Cb: 13.7532   Cr: 16.0839 )
00000300: 14.8067   (Y': 14.7885   Cb: 13.8992   Cr: 16.0515 )
00000301: 14.7892   (Y': 14.8146   Cb: 13.7492   Cr: 16.0229 )
00000302: 14.7941   (Y': 14.8097   Cb: 13.7798   Cr: 16.0356 )
00000303: 14.7403   (Y': 14.7204   Cb: 13.7922   Cr: 16.0615 )
00000304: 14.6798   (Y': 14.6469   Cb: 13.7981   Cr: 15.9612 )
00000305: 14.702    (Y': 14.6851   Cb: 13.7672   Cr: 15.9846 )
00000306: 14.7186   (Y': 14.7061   Cb: 13.7857   Cr: 15.9752 )
00000307: 14.699    (Y': 14.6693   Cb: 13.8232   Cr: 15.9528 )
00000308: 14.6791   (Y': 14.6811   Cb: 13.69     Cr: 15.9507 )
00000309: 14.6704   (Y': 14.629    Cb: 13.8033   Cr: 15.9737 )
00000310: 14.6976   (Y': 14.6789   Cb: 13.753    Cr: 16.0068 )
00000311: 14.7103   (Y': 14.6745   Cb: 13.8485   Cr: 15.9749 )
00000312: 14.6793   (Y': 14.6425   Cb: 13.7621   Cr: 16.0411 )
00000313: 14.6697   (Y': 14.6328   Cb: 13.7699   Cr: 16.0028 )
00000314: 14.6907   (Y': 14.6605   Cb: 13.7674   Cr: 16.0267 )
00000315: 14.7237   (Y': 14.7085   Cb: 13.7798   Cr: 16.0125 )
00000316: 14.7056   (Y': 14.7033   Cb: 13.7139   Cr: 16.0049 )
00000317: 14.6683   (Y': 14.6426   Cb: 13.729    Cr: 16.0067 )
00000318: 14.7255   (Y': 14.7018   Cb: 13.8199   Cr: 15.9965 )
00000319: 14.7143   (Y': 14.6864   Cb: 13.8247   Cr: 15.9813 )
00000320: 14.7017   (Y': 14.6714   Cb: 13.7817   Cr: 16.0325 )
00000321: 14.7364   (Y': 14.6981   Cb: 13.8316   Cr: 16.0852 )
00000322: 14.7385   (Y': 14.722    Cb: 13.7958   Cr: 16.033  )
00000323: 14.7754   (Y': 14.7716   Cb: 13.8641   Cr: 15.9498 )
00000324: 14.7263   (Y': 14.6714   Cb: 13.8984   Cr: 16.0393 )
00000325: 14.7457   (Y': 14.6889   Cb: 13.8602   Cr: 16.1657 )
00000326: 14.7571   (Y': 14.7138   Cb: 13.8719   Cr: 16.1007 )
00000327: 14.7287   (Y': 14.6838   Cb: 13.8505   Cr: 16.0696 )
00000328: 14.7762   (Y': 14.7259   Cb: 13.9188   Cr: 16.1122 )
00000329: 14.7634   (Y': 14.7017   Cb: 13.911    Cr: 16.1541 )
00000330: 14.8022   (Y': 14.7695   Cb: 13.9184   Cr: 16.0857 )
00000331: 14.783    (Y': 14.7428   Cb: 13.8893   Cr: 16.1242 )
00000332: 14.799    (Y': 14.7674   Cb: 13.8978   Cr: 16.1056 )
00000333: 14.6988   (Y': 14.6023   Cb: 13.9028   Cr: 16.1929 )
00000334: 14.7275   (Y': 14.6523   Cb: 13.8728   Cr: 16.1989 )
00000335: 14.7895   (Y': 14.7256   Cb: 13.9219   Cr: 16.219  )
00000336: 14.7821   (Y': 14.7281   Cb: 13.9072   Cr: 16.168  )
00000337: 14.7317   (Y': 14.6893   Cb: 13.84     Cr: 16.0813 )
00000338: 14.7212   (Y': 14.6564   Cb: 13.8663   Cr: 16.1341 )
00000339: 14.6509   (Y': 14.5663   Cb: 13.8349   Cr: 16.1102 )
00000340: 14.6695   (Y': 14.5691   Cb: 13.9034   Cr: 16.1358 )
00000341: 14.7548   (Y': 14.6926   Cb: 13.8838   Cr: 16.1798 )
00000342: 14.7034   (Y': 14.6214   Cb: 13.8853   Cr: 16.1512 )
00000343: 14.6085   (Y': 14.5325   Cb: 13.7843   Cr: 16.0328 )
00000344: 14.6532   (Y': 14.5827   Cb: 13.7939   Cr: 16.1053 )
00000345: 14.6285   (Y': 14.5279   Cb: 13.8536   Cr: 16.1102 )
00000346: 14.6474   (Y': 14.5522   Cb: 13.8539   Cr: 16.1293 )
00000347: 14.7138   (Y': 14.6394   Cb: 13.911    Cr: 16.0934 )
00000348: 14.7522   (Y': 14.6607   Cb: 13.9258   Cr: 16.2689 )
00000349: 14.6856   (Y': 14.5625   Cb: 13.9558   Cr: 16.2222 )
00000350: 14.7411   (Y': 14.6402   Cb: 13.9384   Cr: 16.2716 )
00000351: 14.6393   (Y': 14.5026   Cb: 13.9439   Cr: 16.1977 )
00000352: 14.6981   (Y': 14.5949   Cb: 13.9145   Cr: 16.2098 )
00000353: 14.7195   (Y': 14.6084   Cb: 13.9576   Cr: 16.2395 )
00000354: 14.7365   (Y': 14.6237   Cb: 13.9759   Cr: 16.2649 )
00000355: 14.6964   (Y': 14.5822   Cb: 13.9432   Cr: 16.2198 )
00000356: 14.6607   (Y': 14.5545   Cb: 13.8816   Cr: 16.1819 )
00000357: 14.682    (Y': 14.5496   Cb: 13.932    Cr: 16.3081 )
00000358: 14.6749   (Y': 14.5568   Cb: 13.9249   Cr: 16.2161 )
00000359: 14.7206   (Y': 14.6534   Cb: 13.8885   Cr: 16.1088 )
00000360: 14.7564   (Y': 14.6704   Cb: 13.9383   Cr: 16.2272 )
00000361: 14.7703   (Y': 14.6849   Cb: 13.9196   Cr: 16.2937 )
00000362: 14.7581   (Y': 14.6939   Cb: 13.9211   Cr: 16.1377 )
00000363: 14.7486   (Y': 14.675    Cb: 13.9107   Cr: 16.1819 )
00000364: 14.6927   (Y': 14.6322   Cb: 13.8395   Cr: 16.0788 )
00000365: 14.6512   (Y': 14.5612   Cb: 13.8668   Cr: 16.0881 )
00000366: 14.6426   (Y': 14.5664   Cb: 13.8396   Cr: 16.0321 )
00000367: 14.7144   (Y': 14.6562   Cb: 13.869    Cr: 16.0746 )
00000368: 14.7422   (Y': 14.6663   Cb: 13.9425   Cr: 16.125  )
00000369: 14.6808   (Y': 14.6066   Cb: 13.8529   Cr: 16.1006 )
00000370: 14.7049   (Y': 14.629    Cb: 13.8952   Cr: 16.1045 )
00000371: 14.6212   (Y': 14.5138   Cb: 13.8514   Cr: 16.1334 )
00000372: 14.612    (Y': 14.5083   Cb: 13.8179   Cr: 16.1443 )
00000373: 14.6288   (Y': 14.5321   Cb: 13.8533   Cr: 16.0889 )
00000374: 14.7035   (Y': 14.6272   Cb: 13.8404   Cr: 16.1953 )
00000375: 14.696    (Y': 14.6072   Cb: 13.8925   Cr: 16.158  )
00000376: 14.6705   (Y': 14.5966   Cb: 13.8228   Cr: 16.1225 )
00000377: 14.7549   (Y': 14.6943   Cb: 13.9147   Cr: 16.1194 )
00000378: 14.7206   (Y': 14.6608   Cb: 13.8805   Cr: 16.0811 )
00000379: 14.7601   (Y': 14.7183   Cb: 13.8982   Cr: 16.0572 )
00000380: 14.7439   (Y': 14.7041   Cb: 13.8765   Cr: 16.0391 )
00000381: 14.6584   (Y': 14.6121   Cb: 13.8193   Cr: 15.9422 )
00000382: 14.7013   (Y': 14.6528   Cb: 13.833    Cr: 16.0462 )
00000383: 14.7257   (Y': 14.6849   Cb: 13.8313   Cr: 16.0716 )
00000384: 14.8161   (Y': 14.8264   Cb: 13.8155   Cr: 16.0632 )
00000385: 14.9289   (Y': 14.9795   Cb: 13.89     Cr: 16.0296 )
00000387: 14.9379   (Y': 14.9717   Cb: 13.8595   Cr: 16.1921 )
00000386: 14.9835   (Y': 15.0243   Cb: 13.9094   Cr: 16.1939 )
00000388: 14.8177   (Y': 14.8091   Cb: 13.8443   Cr: 16.121  )
00000389: 14.7488   (Y': 14.7137   Cb: 13.8262   Cr: 16.1102 )
00000390: 14.7203   (Y': 14.6677   Cb: 13.8373   Cr: 16.112  )
00000391: 14.675    (Y': 14.622    Cb: 13.8046   Cr: 16.0475 )
00000392: 14.6654   (Y': 14.6164   Cb: 13.7781   Cr: 16.0444 )
00000393: 14.6775   (Y': 14.6311   Cb: 13.7886   Cr: 16.0445 )
00000394: 14.7007   (Y': 14.6547   Cb: 13.8167   Cr: 16.0572 )
00000395: 14.6649   (Y': 14.6337   Cb: 13.7224   Cr: 16.0388 )
00000396: 14.6819   (Y': 14.6494   Cb: 13.7743   Cr: 16.0047 )
00000397: 14.675    (Y': 14.6264   Cb: 13.7676   Cr: 16.0859 )
00000398: 14.7355   (Y': 14.7217   Cb: 13.7882   Cr: 16.0225 )
00000399: 14.7238   (Y': 14.7039   Cb: 13.8023   Cr: 16.0011 )
00000400: 14.7017   (Y': 14.6771   Cb: 13.7908   Cr: 15.9865 )
00000401: 14.7173   (Y': 14.6965   Cb: 13.7901   Cr: 16.0089 )
00000403: 14.6931   (Y': 14.6453   Cb: 13.7986   Cr: 16.0776 )
00000404: 14.7058   (Y': 14.6684   Cb: 13.8253   Cr: 16.0097 )
00000402: 14.6851   (Y': 14.6625   Cb: 13.7567   Cr: 15.9879 )
00000405: 14.7471   (Y': 14.7218   Cb: 13.8209   Cr: 16.0614 )
00000406: 14.736    (Y': 14.7365   Cb: 13.7782   Cr: 15.9645 )
00000407: 14.6964   (Y': 14.7025   Cb: 13.7209   Cr: 15.9238 )
00000408: 14.7574   (Y': 14.7633   Cb: 13.7637   Cr: 16.0166 )
00000409: 14.7437   (Y': 14.706    Cb: 13.8152   Cr: 16.1299 )
00000410: 14.794    (Y': 14.779    Cb: 13.8568   Cr: 16.0702 )
00000411: 14.7911   (Y': 14.7765   Cb: 13.8136   Cr: 16.133  )
00000412: 14.8257   (Y': 14.8325   Cb: 13.8202   Cr: 16.0994 )
00000413: 14.7908   (Y': 14.778    Cb: 13.8666   Cr: 16.0342 )
00000414: 14.7793   (Y': 14.773    Cb: 13.7946   Cr: 16.0887 )
00000415: 14.7328   (Y': 14.6968   Cb: 13.8357   Cr: 16.0569 )
00000416: 14.7043   (Y': 14.6752   Cb: 13.7745   Cr: 16.045  )
00000417: 14.7276   (Y': 14.6935   Cb: 13.8589   Cr: 15.994  )
00000419: 14.6554   (Y': 14.6169   Cb: 13.7776   Cr: 15.9606 )
00000418: 14.702    (Y': 14.6583   Cb: 13.8177   Cr: 16.047  )
00000420: 14.6996   (Y': 14.6807   Cb: 13.7677   Cr: 15.9889 )
00000422: 14.7123   (Y': 14.6925   Cb: 13.7988   Cr: 15.9752 )
00000421: 14.7186   (Y': 14.6793   Cb: 13.8354   Cr: 16.0374 )
00000423: 14.7421   (Y': 14.7015   Cb: 13.8438   Cr: 16.093  )
00000424: 14.7313   (Y': 14.7023   Cb: 13.8385   Cr: 16.01   )
00000425: 14.7126   (Y': 14.6924   Cb: 13.7615   Cr: 16.041  )
00000426: 14.713    (Y': 14.6893   Cb: 13.8052   Cr: 15.9874 )
00000428: 14.7091   (Y': 14.6957   Cb: 13.7635   Cr: 15.9915 )
00000427: 14.7341   (Y': 14.6851   Cb: 13.8651   Cr: 16.082  )
00000429: 14.7066   (Y': 14.6865   Cb: 13.7846   Cr: 15.9854 )
00000430: 14.7363   (Y': 14.7175   Cb: 13.8076   Cr: 16.0192 )
00000431: 14.6924   (Y': 14.6757   Cb: 13.7534   Cr: 15.9811 )
00000432: 14.7238   (Y': 14.6907   Cb: 13.8166   Cr: 16.0485 )
00000433: 14.6996   (Y': 14.6727   Cb: 13.798    Cr: 15.9818 )
00000434: 14.6956   (Y': 14.6459   Cb: 13.8447   Cr: 16.0174 )
00000436: 14.6887   (Y': 14.6598   Cb: 13.7973   Cr: 15.964  )
00000435: 14.7065   (Y': 14.661    Cb: 13.7894   Cr: 16.117  )
00000437: 14.6766   (Y': 14.6493   Cb: 13.7521   Cr: 15.9987 )
00000439: 14.6558   (Y': 14.619    Cb: 13.74     Cr: 16.0159 )
00000438: 14.6862   (Y': 14.6446   Cb: 13.7719   Cr: 16.0701 )
00000440: 14.69     (Y': 14.6313   Cb: 13.8473   Cr: 16.048  )
00000441: 14.6765   (Y': 14.6169   Cb: 13.8384   Cr: 16.0325 )
00000442: 14.6861   (Y': 14.6351   Cb: 13.8693   Cr: 15.9591 )
00000443: 14.708    (Y': 14.67     Cb: 13.8469   Cr: 15.9833 )
00000444: 14.6821   (Y': 14.6452   Cb: 13.7928   Cr: 15.9978 )
00000445: 14.6948   (Y': 14.6514   Cb: 13.8175   Cr: 16.0263 )
00000446: 14.6982   (Y': 14.6693   Cb: 13.7632   Cr: 16.0471 )
00000447: 14.6807   (Y': 14.6531   Cb: 13.761    Cr: 15.9962 )
00000448: 14.6844   (Y': 14.6367   Cb: 13.7857   Cr: 16.0757 )
00000449: 14.6648   (Y': 14.6481   Cb: 13.7214   Cr: 15.961  )
00000450: 14.6785   (Y': 14.6315   Cb: 13.8095   Cr: 16.0157 )
00000451: 14.6945   (Y': 14.6515   Cb: 13.8133   Cr: 16.0301 )
00000452: 14.7009   (Y': 14.6516   Cb: 13.8291   Cr: 16.0557 )
00000453: 14.679    (Y': 14.6592   Cb: 13.7392   Cr: 15.9854 )
00000454: 14.6752   (Y': 14.6849   Cb: 13.6663   Cr: 15.94   )
00000455: 14.7047   (Y': 14.6701   Cb: 13.7819   Cr: 16.0641 )
00000456: 14.6729   (Y': 14.6343   Cb: 13.7865   Cr: 15.9936 )
00000457: 14.6623   (Y': 14.6254   Cb: 13.7897   Cr: 15.9508 )
00000458: 14.648    (Y': 14.5785   Cb: 13.8513   Cr: 15.9901 )
00000459: 14.671    (Y': 14.6468   Cb: 13.7671   Cr: 15.9422 )
00000460: 14.6659   (Y': 14.6187   Cb: 13.7816   Cr: 16.0297 )
00000461: 14.681    (Y': 14.635    Cb: 13.8306   Cr: 15.9823 )
00000463: 14.6556   (Y': 14.6071   Cb: 13.7435   Cr: 16.0747 )
00000462: 14.6695   (Y': 14.6223   Cb: 13.7918   Cr: 16.0228 )
00000464: 14.641    (Y': 14.602    Cb: 13.7287   Cr: 16.0065 )
00000465: 14.6757   (Y': 14.6381   Cb: 13.7459   Cr: 16.0634 )
00000466: 14.6427   (Y': 14.6059   Cb: 13.7839   Cr: 15.9074 )
00000467: 14.653    (Y': 14.6104   Cb: 13.781    Cr: 15.9716 )
00000468: 14.6824   (Y': 14.6471   Cb: 13.7744   Cr: 16.0203 )
00000469: 14.6666   (Y': 14.6426   Cb: 13.7816   Cr: 15.9051 )
00000470: 14.6678   (Y': 14.6401   Cb: 13.7503   Cr: 15.9806 )
00000471: 14.6571   (Y': 14.6178   Cb: 13.7834   Cr: 15.9602 )
00000472: 14.6605   (Y': 14.6037   Cb: 13.7989   Cr: 16.0392 )
00000473: 14.683    (Y': 14.6363   Cb: 13.7871   Cr: 16.064  )
00000474: 14.6822   (Y': 14.6501   Cb: 13.7657   Cr: 16.0176 )
00000475: 14.7566   (Y': 14.7309   Cb: 13.8812   Cr: 15.9889 )
00000476: 14.7815   (Y': 14.7813   Cb: 13.8173   Cr: 16.0238 )
00000477: 14.7098   (Y': 14.695    Cb: 13.7898   Cr: 15.9569 )
00000478: 14.7038   (Y': 14.6422   Cb: 13.8637   Cr: 16.0733 )
00000479: 14.6658   (Y': 14.6157   Cb: 13.8143   Cr: 15.9912 )
00000480: 14.6751   (Y': 14.6203   Cb: 13.8169   Cr: 16.0377 )
00000481: 14.6387   (Y': 14.6018   Cb: 13.7729   Cr: 15.9157 )
00000482: 14.6517   (Y': 14.6058   Cb: 13.7691   Cr: 16.0053 )
00000483: 14.699    (Y': 14.6512   Cb: 13.8364   Cr: 16.03   )
00000484: 14.6497   (Y': 14.6089   Cb: 13.7961   Cr: 15.9279 )
00000485: 14.6639   (Y': 14.5956   Cb: 13.8668   Cr: 16      )
00000486: 14.6654   (Y': 14.6255   Cb: 13.7776   Cr: 15.9954 )
00000487: 14.6683   (Y': 14.6105   Cb: 13.8472   Cr: 15.9859 )
00000488: 14.6581   (Y': 14.6048   Cb: 13.8113   Cr: 15.9933 )
00000489: 14.6442   (Y': 14.5945   Cb: 13.8092   Cr: 15.9405 )
00000490: 14.6625   (Y': 14.6151   Cb: 13.8026   Cr: 15.9871 )
00000491: 14.6691   (Y': 14.6217   Cb: 13.8213   Cr: 15.9739 )
00000492: 14.7269   (Y': 14.6939   Cb: 13.808    Cr: 16.0709 )
00000493: 14.7121   (Y': 14.6674   Cb: 13.8327   Cr: 16.0538 )
00000494: 14.686    (Y': 14.6452   Cb: 13.8102   Cr: 16.0005 )
00000495: 14.6567   (Y': 14.6284   Cb: 13.7507   Cr: 15.9536 )
00000496: 14.6542   (Y': 14.6084   Cb: 13.7873   Cr: 15.9818 )
00000497: 14.7482   (Y': 14.7019   Cb: 13.8862   Cr: 16.0696 )
00000498: 14.6423   (Y': 14.5967   Cb: 13.7704   Cr: 15.9762 )
00000499: 14.6782   (Y': 14.6316   Cb: 13.7803   Cr: 16.0615 )
00000500: 14.6412   (Y': 14.6133   Cb: 13.7258   Cr: 15.9515 )
00000501: 14.6556   (Y': 14.6067   Cb: 13.7612   Cr: 16.0459 )
00000502: 14.6762   (Y': 14.6197   Cb: 13.8175   Cr: 16.0486 )
00000503: 14.7083   (Y': 14.6592   Cb: 13.8222   Cr: 16.0856 )
00000504: 14.7553   (Y': 14.71     Cb: 13.869    Cr: 16.112  )
00000505: 14.7344   (Y': 14.6784   Cb: 13.9319   Cr: 16.012  )
00000506: 14.735    (Y': 14.7137   Cb: 13.8399   Cr: 15.9755 )
00000507: 14.7886   (Y': 14.7824   Cb: 13.8237   Cr: 16.0639 )
00000508: 14.7422   (Y': 14.6988   Cb: 13.8715   Cr: 16.0626 )
00000509: 14.7749   (Y': 14.7368   Cb: 13.8805   Cr: 16.106  )
00000510: 14.7125   (Y': 14.6612   Cb: 13.8064   Cr: 16.1361 )
00000511: 14.7239   (Y': 14.6673   Cb: 13.8447   Cr: 16.1315 )
00000512: 14.6832   (Y': 14.6363   Cb: 13.7668   Cr: 16.1003 )
00000513: 14.6883   (Y': 14.6361   Cb: 13.8174   Cr: 16.0575 )
00000514: 14.7088   (Y': 14.663    Cb: 13.8348   Cr: 16.0479 )
00000515: 14.6787   (Y': 14.632    Cb: 13.7828   Cr: 16.0593 )
00000516: 14.6707   (Y': 14.6053   Cb: 13.8281   Cr: 16.0665 )
00000517: 14.6799   (Y': 14.6302   Cb: 13.824    Cr: 16.0107 )
00000518: 14.6665   (Y': 14.6179   Cb: 13.8042   Cr: 16.001  )
00000519: 14.6683   (Y': 14.6346   Cb: 13.7896   Cr: 15.9492 )
00000520: 14.6871   (Y': 14.6275   Cb: 13.7962   Cr: 16.1319 )
00000521: 14.67     (Y': 14.6203   Cb: 13.8103   Cr: 16.0069 )
00000522: 14.6881   (Y': 14.6573   Cb: 13.7367   Cr: 16.075  )
00000523: 14.6608   (Y': 14.6145   Cb: 13.7689   Cr: 16.0325 )
00000524: 14.6517   (Y': 14.5637   Cb: 13.8843   Cr: 16.0491 )
00000525: 14.6645   (Y': 14.6154   Cb: 13.792    Cr: 16.0191 )
00000526: 14.6957   (Y': 14.6569   Cb: 13.8285   Cr: 15.9853 )
00000527: 14.6911   (Y': 14.6472   Cb: 13.7999   Cr: 16.0484 )
00000528: 14.6991   (Y': 14.6416   Cb: 13.8739   Cr: 16.0217 )
00000529: 14.6968   (Y': 14.6268   Cb: 13.8647   Cr: 16.1002 )
00000530: 14.6836   (Y': 14.6322   Cb: 13.7767   Cr: 16.109  )
00000531: 14.6863   (Y': 14.6182   Cb: 13.8409   Cr: 16.1017 )
00000532: 14.6599   (Y': 14.6137   Cb: 13.7357   Cr: 16.0862 )
00000533: 14.671    (Y': 14.6221   Cb: 13.7768   Cr: 16.0609 )
00000534: 14.6835   (Y': 14.624    Cb: 13.8229   Cr: 16.0761 )
00000535: 14.6501   (Y': 14.5994   Cb: 13.8063   Cr: 15.9666 )
00000536: 14.6701   (Y': 14.6139   Cb: 13.7602   Cr: 16.1287 )
00000537: 14.6902   (Y': 14.6506   Cb: 13.8206   Cr: 15.9881 )
00000538: 14.6713   (Y': 14.6478   Cb: 13.7487   Cr: 15.9691 )
00000539: 14.6783   (Y': 14.6396   Cb: 13.7726   Cr: 16.0318 )
00000540: 14.69     (Y': 14.6474   Cb: 13.8139   Cr: 16.0147 )
00000541: 14.6742   (Y': 14.6208   Cb: 13.8091   Cr: 16.0399 )
00000542: 14.6734   (Y': 14.6309   Cb: 13.7699   Cr: 16.0437 )
00000543: 14.6703   (Y': 14.6412   Cb: 13.7538   Cr: 15.9886 )
00000544: 14.6961   (Y': 14.6653   Cb: 13.7896   Cr: 16.007  )
00000545: 14.6962   (Y': 14.6426   Cb: 13.8037   Cr: 16.1096 )
00000546: 14.6807   (Y': 14.6238   Cb: 13.7932   Cr: 16.1046 )
00000547: 14.7534   (Y': 14.7258   Cb: 13.8613   Cr: 16.0233 )
00000548: 14.6804   (Y': 14.6346   Cb: 13.8108   Cr: 16.0119 )
00000549: 14.6527   (Y': 14.6105   Cb: 13.7907   Cr: 15.9521 )
00000551: 14.6732   (Y': 14.6208   Cb: 13.755    Cr: 16.1237 )
00000550: 14.6445   (Y': 14.6144   Cb: 13.7508   Cr: 15.9303 )
00000552: 14.6522   (Y': 14.5833   Cb: 13.8188   Cr: 16.0518 )
00000553: 14.6887   (Y': 14.6266   Cb: 13.8021   Cr: 16.1399 )
00000554: 14.6511   (Y': 14.5842   Cb: 13.8205   Cr: 16.0346 )
00000555: 14.6687   (Y': 14.6227   Cb: 13.7731   Cr: 16.0448 )
00000556: 14.6602   (Y': 14.603    Cb: 13.7966   Cr: 16.045  )
00000557: 14.6751   (Y': 14.6336   Cb: 13.7857   Cr: 16.0161 )
00000558: 14.659    (Y': 14.6215   Cb: 13.7583   Cr: 15.9973 )
00000559: 14.6792   (Y': 14.6306   Cb: 13.8168   Cr: 16.0141 )
00000560: 14.6361   (Y': 14.582    Cb: 13.7684   Cr: 16.0108 )
00000561: 14.6234   (Y': 14.5808   Cb: 13.7101   Cr: 16.0113 )
00000562: 14.6572   (Y': 14.5979   Cb: 13.8116   Cr: 16.0236 )
00000563: 14.6884   (Y': 14.6459   Cb: 13.8234   Cr: 15.9944 )
00000564: 14.7055   (Y': 14.6435   Cb: 13.8453   Cr: 16.1117 )
00000565: 14.7427   (Y': 14.687    Cb: 13.8722   Cr: 16.1308 )
00000566: 14.7144   (Y': 14.678    Cb: 13.7952   Cr: 16.0777 )
00000567: 14.7514   (Y': 14.721    Cb: 13.8724   Cr: 16.0143 )
00000568: 14.7661   (Y': 14.7342   Cb: 13.8219   Cr: 16.1472 )
00000569: 14.7678   (Y': 14.7157   Cb: 13.862    Cr: 16.1961 )
00000570: 14.8008   (Y': 14.7993   Cb: 13.8201   Cr: 16.0771 )
00000571: 14.8284   (Y': 14.8247   Cb: 13.8504   Cr: 16.113  )
00000572: 14.8546   (Y': 14.8577   Cb: 13.8565   Cr: 16.1363 )
00000573: 14.7954   (Y': 14.783    Cb: 13.8327   Cr: 16.101  )
00000575: 14.6716   (Y': 14.6334   Cb: 13.8169   Cr: 15.9379 )
00000574: 14.7525   (Y': 14.7045   Cb: 13.8978   Cr: 16.0718 )
00000576: 14.6802   (Y': 14.6276   Cb: 13.7906   Cr: 16.0834 )
00000577: 14.6493   (Y': 14.5741   Cb: 13.8215   Cr: 16.0747 )
00000578: 14.6902   (Y': 14.6312   Cb: 13.8328   Cr: 16.0752 )
00000579: 14.7109   (Y': 14.6489   Cb: 13.855    Cr: 16.1094 )
00000580: 14.6937   (Y': 14.6254   Cb: 13.8385   Cr: 16.1264 )
00000581: 14.6724   (Y': 14.6019   Cb: 13.8426   Cr: 16.0755 )
00000582: 14.7191   (Y': 14.6556   Cb: 13.8445   Cr: 16.1583 )
00000583: 14.6585   (Y': 14.5847   Cb: 13.8639   Cr: 16.0215 )
00000584: 14.6358   (Y': 14.5833   Cb: 13.8133   Cr: 15.9265 )
00000585: 14.6863   (Y': 14.6427   Cb: 13.807    Cr: 16.0223 )
00000586: 14.6326   (Y': 14.5868   Cb: 13.7673   Cr: 15.9569 )
00000587: 14.6249   (Y': 14.5554   Cb: 13.8024   Cr: 16.009  )
00000589: 14.6712   (Y': 14.6244   Cb: 13.7562   Cr: 16.0856 )
00000588: 14.6566   (Y': 14.5902   Cb: 13.8074   Cr: 16.0683 )
00000590: 14.6557   (Y': 14.5979   Cb: 13.7633   Cr: 16.0929 )
00000591: 14.657    (Y': 14.5984   Cb: 13.7952   Cr: 16.0469 )
00000592: 14.6754   (Y': 14.5959   Cb: 13.8727   Cr: 16.0834 )
00000593: 14.6545   (Y': 14.592    Cb: 13.7699   Cr: 16.1047 )
00000594: 14.6647   (Y': 14.6114   Cb: 13.8134   Cr: 16.0074 )
00000595: 14.6262   (Y': 14.5574   Cb: 13.7688   Cr: 16.0656 )
00000596: 14.6679   (Y': 14.6117   Cb: 13.8047   Cr: 16.0467 )
00000597: 14.677    (Y': 14.6095   Cb: 13.8364   Cr: 16.0809 )
00000599: 14.666    (Y': 14.6376   Cb: 13.7368   Cr: 16.0021 )
00000598: 14.6407   (Y': 14.5905   Cb: 13.7593   Cr: 16.0167 )
00000600: 14.6596   (Y': 14.6036   Cb: 13.7477   Cr: 16.1196 )
00000601: 14.6885   (Y': 14.6212   Cb: 13.8509   Cr: 16.086  )
00000602: 14.6998   (Y': 14.652    Cb: 13.8517   Cr: 16.0069 )
00000603: 14.6991   (Y': 14.6281   Cb: 13.8297   Cr: 16.1711 )
00000604: 14.6962   (Y': 14.6289   Cb: 13.8514   Cr: 16.106  )
00000605: 14.6869   (Y': 14.632    Cb: 13.8069   Cr: 16.0861 )
00000607: 14.6956   (Y': 14.643    Cb: 13.8089   Cr: 16.0939 )
00000606: 14.6909   (Y': 14.6337   Cb: 13.8246   Cr: 16.0808 )
00000608: 14.6859   (Y': 14.6203   Cb: 13.8687   Cr: 16.0407 )
00000609: 14.6726   (Y': 14.5979   Cb: 13.8477   Cr: 16.0911 )
00000611: 14.6817   (Y': 14.6317   Cb: 13.8254   Cr: 16.0148 )
00000610: 14.6711   (Y': 14.6015   Cb: 13.8082   Cr: 16.1248 )
00000612: 14.7128   (Y': 14.6564   Cb: 13.791    Cr: 16.1923 )
00000613: 14.7232   (Y': 14.6678   Cb: 13.8402   Cr: 16.1308 )
00000614: 14.7187   (Y': 14.67     Cb: 13.8802   Cr: 16.0149 )
00000615: 14.82     (Y': 14.7804   Cb: 13.8909   Cr: 16.2174 )
00000616: 14.8451   (Y': 14.8221   Cb: 13.8776   Cr: 16.216  )
00000617: 14.8661   (Y': 14.8583   Cb: 13.9109   Cr: 16.1343 )
00000619: 14.8494   (Y': 14.8141   Cb: 13.8846   Cr: 16.2845 )
00000618: 14.8698   (Y': 14.8524   Cb: 13.9079   Cr: 16.2011 )
00000620: 14.8451   (Y': 14.778    Cb: 13.9815   Cr: 16.2855 )
00000621: 14.841    (Y': 14.8106   Cb: 13.885    Cr: 16.2334 )
00000622: 14.8268   (Y': 14.7731   Cb: 13.93     Cr: 16.2479 )
00000623: 14.8      (Y': 14.7486   Cb: 13.9502   Cr: 16.13   )
00000624: 14.8111   (Y': 14.7584   Cb: 13.976    Cr: 16.1237 )
00000625: 14.7499   (Y': 14.6792   Cb: 13.9351   Cr: 16.1283 )
00000626: 14.727    (Y': 14.6438   Cb: 13.8767   Cr: 16.2372 )
00000627: 14.7029   (Y': 14.6153   Cb: 13.8853   Cr: 16.1817 )
00000628: 14.6504   (Y': 14.5585   Cb: 13.8583   Cr: 16.111  )
00000629: 14.6436   (Y': 14.5476   Cb: 13.8474   Cr: 16.1346 )
00000630: 14.6341   (Y': 14.5507   Cb: 13.7847   Cr: 16.1435 )
00000631: 14.6657   (Y': 14.6088   Cb: 13.7953   Cr: 16.0598 )
00000632: 14.7354   (Y': 14.6592   Cb: 13.9099   Cr: 16.1627 )
00000633: 14.7244   (Y': 14.6493   Cb: 13.8914   Cr: 16.158  )
00000634: 14.7344   (Y': 14.6829   Cb: 13.8585   Cr: 16.1078 )
00000635: 14.7139   (Y': 14.6308   Cb: 13.9172   Cr: 16.1327 )
00000637: 14.6466   (Y': 14.5457   Cb: 13.8492   Cr: 16.1685 )
00000636: 14.6652   (Y': 14.576    Cb: 13.9072   Cr: 16.0537 )
00000638: 14.6506   (Y': 14.5514   Cb: 13.8698   Cr: 16.1339 )
00000639: 14.628    (Y': 14.5204   Cb: 13.8503   Cr: 16.1551 )
00000640: 14.631    (Y': 14.5361   Cb: 13.7964   Cr: 16.182  )
00000641: 14.6265   (Y': 14.5307   Cb: 13.8316   Cr: 16.1147 )
00000643: 14.6447   (Y': 14.5529   Cb: 13.8232   Cr: 16.1547 )
00000642: 14.6376   (Y': 14.5204   Cb: 13.8884   Cr: 16.1725 )
00000644: 14.6045   (Y': 14.5075   Cb: 13.8304   Cr: 16.0642 )
00000645: 14.6255   (Y': 14.5494   Cb: 13.7793   Cr: 16.0879 )
00000646: 14.6576   (Y': 14.5751   Cb: 13.8319   Cr: 16.1214 )
00000647: 14.6322   (Y': 14.5351   Cb: 13.8093   Cr: 16.1754 )
00000648: 14.6604   (Y': 14.5773   Cb: 13.8361   Cr: 16.1253 )
00000649: 14.6487   (Y': 14.5485   Cb: 13.8712   Cr: 16.1321 )
00000651: 14.6266   (Y': 14.5487   Cb: 13.7811   Cr: 16.0973 )
00000650: 14.6257   (Y': 14.542    Cb: 13.7779   Cr: 16.1341 )
00000652: 14.6351   (Y': 14.5556   Cb: 13.8138   Cr: 16.0743 )
00000653: 14.6091   (Y': 14.5373   Cb: 13.754    Cr: 16.062  )
00000654: 14.6048   (Y': 14.5117   Cb: 13.7753   Cr: 16.1359 )
00000655: 14.6319   (Y': 14.5503   Cb: 13.798    Cr: 16.1042 )
00000656: 14.6462   (Y': 14.5356   Cb: 13.8529   Cr: 16.2175 )
00000657: 14.6397   (Y': 14.5552   Cb: 13.806    Cr: 16.1287 )
00000658: 14.6502   (Y': 14.5447   Cb: 13.9062   Cr: 16.1081 )
00000659: 14.6405   (Y': 14.5775   Cb: 13.7508   Cr: 16.1023 )
00000660: 14.6713   (Y': 14.5757   Cb: 13.8946   Cr: 16.1274 )
00000662: 14.6377   (Y': 14.5664   Cb: 13.8242   Cr: 16.0177 )
00000663: 14.6806   (Y': 14.5969   Cb: 13.8534   Cr: 16.1534 )
00000661: 14.6524   (Y': 14.5513   Cb: 13.8535   Cr: 16.1779 )
00000664: 14.6447   (Y': 14.5603   Cb: 13.8234   Cr: 16.112  )
00000665: 14.6898   (Y': 14.6004   Cb: 13.8688   Cr: 16.185  )
00000666: 14.628    (Y': 14.5607   Cb: 13.7779   Cr: 16.0461 )
00000667: 14.6418   (Y': 14.5731   Cb: 13.7946   Cr: 16.0637 )
00000668: 14.6635   (Y': 14.5567   Cb: 13.8602   Cr: 16.2291 )
00000669: 14.6359   (Y': 14.5535   Cb: 13.7827   Cr: 16.1457 )
00000671: 14.6606   (Y': 14.5772   Cb: 13.8326   Cr: 16.1331 )
00000670: 14.6343   (Y': 14.5524   Cb: 13.808    Cr: 16.0956 )
00000672: 14.6441   (Y': 14.5436   Cb: 13.8678   Cr: 16.1275 )
00000673: 14.6394   (Y': 14.543    Cb: 13.8213   Cr: 16.1707 )
00000674: 14.6624   (Y': 14.5572   Cb: 13.8592   Cr: 16.2189 )
00000675: 14.6231   (Y': 14.5236   Cb: 13.845    Cr: 16.1038 )
00000676: 14.6191   (Y': 14.5454   Cb: 13.8216   Cr: 15.9862 )
00000677: 14.6383   (Y': 14.538    Cb: 13.8893   Cr: 16.0748 )
00000678: 14.652    (Y': 14.558    Cb: 13.9013   Cr: 16.0554 )
00000679: 14.655    (Y': 14.5633   Cb: 13.8678   Cr: 16.1059 )
00000680: 14.6234   (Y': 14.5377   Cb: 13.8026   Cr: 16.0965 )
00000681: 14.6459   (Y': 14.5425   Cb: 13.8882   Cr: 16.1148 )
00000682: 14.6538   (Y': 14.5877   Cb: 13.8213   Cr: 16.0358 )
00000683: 14.6354   (Y': 14.5514   Cb: 13.8193   Cr: 16.091  )
00000684: 14.6298   (Y': 14.5481   Cb: 13.856    Cr: 16.0028 )
00000686: 14.6502   (Y': 14.5734   Cb: 13.8084   Cr: 16.1088 )
00000685: 14.6264   (Y': 14.5343   Cb: 13.851    Cr: 16.0604 )
00000687: 14.6904   (Y': 14.6061   Cb: 13.9069   Cr: 16.0937 )
00000688: 14.7537   (Y': 14.6896   Cb: 13.9166   Cr: 16.1328 )
00000689: 14.8169   (Y': 14.7741   Cb: 13.9155   Cr: 16.1851 )
00000691: 14.8318   (Y': 14.8037   Cb: 13.8863   Cr: 16.1935 )
00000690: 14.8411   (Y': 14.8177   Cb: 13.8955   Cr: 16.1771 )
00000692: 14.8184   (Y': 14.7765   Cb: 13.9463   Cr: 16.1328 )
00000693: 14.8153   (Y': 14.7906   Cb: 13.9339   Cr: 16.0521 )
00000695: 14.7574   (Y': 14.7175   Cb: 13.8977   Cr: 16.0407 )
00000694: 14.7663   (Y': 14.737    Cb: 13.8541   Cr: 16.0788 )
00000696: 14.7987   (Y': 14.7806   Cb: 13.8839   Cr: 16.0545 )
00000697: 14.8063   (Y': 14.7803   Cb: 13.8927   Cr: 16.1034 )
00000698: 14.7603   (Y': 14.7247   Cb: 13.857    Cr: 16.0924 )
00000700: 14.73     (Y': 14.6691   Cb: 13.8767   Cr: 16.1181 )
00000699: 14.7652   (Y': 14.7239   Cb: 13.8657   Cr: 16.1221 )
00000702: 14.6672   (Y': 14.6073   Cb: 13.7877   Cr: 16.0943 )
00000701: 14.6743   (Y': 14.6503   Cb: 13.7651   Cr: 15.9531 )
00000703: 14.6493   (Y': 14.6008   Cb: 13.805    Cr: 15.9545 )
00000704: 14.6659   (Y': 14.6098   Cb: 13.7934   Cr: 16.0597 )
00000705: 14.6869   (Y': 14.6195   Cb: 13.8392   Cr: 16.1017 )
00000706: 14.7022   (Y': 14.6578   Cb: 13.7729   Cr: 16.1275 )
00000707: 14.6885   (Y': 14.6374   Cb: 13.7819   Cr: 16.1123 )
00000708: 14.651    (Y': 14.5937   Cb: 13.8225   Cr: 15.9783 )
00000709: 14.6428   (Y': 14.5766   Cb: 13.7987   Cr: 16.0451 )
00000710: 14.6565   (Y': 14.6018   Cb: 13.7919   Cr: 16.0292 )
00000711: 14.6754   (Y': 14.6238   Cb: 13.7911   Cr: 16.0639 )
00000712: 14.653    (Y': 14.5949   Cb: 13.8295   Cr: 15.9763 )
00000713: 14.6443   (Y': 14.5992   Cb: 13.7828   Cr: 15.9587 )
00000714: 14.6462   (Y': 14.5949   Cb: 13.7684   Cr: 16.0216 )
00000715: 14.6675   (Y': 14.5899   Cb: 13.8524   Cr: 16.0855 )
00000716: 14.6574   (Y': 14.5816   Cb: 13.8465   Cr: 16.0585 )
00000717: 14.6695   (Y': 14.6035   Cb: 13.8582   Cr: 16.0162 )
00000718: 14.6248   (Y': 14.5679   Cb: 13.7533   Cr: 16.0214 )
00000719: 14.6967   (Y': 14.6362   Cb: 13.82     Cr: 16.1219 )
00000720: 14.6987   (Y': 14.6639   Cb: 13.8327   Cr: 15.9649 )
00000721: 14.7163   (Y': 14.6923   Cb: 13.7989   Cr: 16.0081 )
00000722: 14.7138   (Y': 14.6639   Cb: 13.8256   Cr: 16.0999 )
00000723: 14.731    (Y': 14.6824   Cb: 13.8597   Cr: 16.0807 )
00000724: 14.7162   (Y': 14.6848   Cb: 13.8265   Cr: 16.0026 )
00000726: 14.7059   (Y': 14.6485   Cb: 13.8414   Cr: 16.0932 )
00000725: 14.6892   (Y': 14.6476   Cb: 13.8195   Cr: 15.998  )
00000727: 14.658    (Y': 14.6045   Cb: 13.799    Cr: 16.0148 )
00000728: 14.6545   (Y': 14.5859   Cb: 13.8171   Cr: 16.0596 )
00000729: 14.6912   (Y': 14.6428   Cb: 13.8113   Cr: 16.0551 )
00000730: 14.6763   (Y': 14.6089   Cb: 13.8422   Cr: 16.0693 )
00000731: 14.6611   (Y': 14.6111   Cb: 13.7777   Cr: 16.0394 )
00000732: 14.6849   (Y': 14.614    Cb: 13.8689   Cr: 16.0671 )
00000733: 14.6766   (Y': 14.6197   Cb: 13.7577   Cr: 16.1538 )
00000734: 14.6585   (Y': 14.5915   Cb: 13.7959   Cr: 16.0969 )
00000735: 14.6655   (Y': 14.5795   Cb: 13.8516   Cr: 16.129  )
00000736: 14.6605   (Y': 14.5921   Cb: 13.7958   Cr: 16.1105 )
00000737: 14.7307   (Y': 14.6822   Cb: 13.8468   Cr: 16.1008 )
00000738: 14.764    (Y': 14.7324   Cb: 13.8501   Cr: 16.0916 )
00000739: 14.6948   (Y': 14.6359   Cb: 13.8615   Cr: 16.0386 )
00000740: 14.671    (Y': 14.6264   Cb: 13.7568   Cr: 16.0711 )
00000741: 14.6958   (Y': 14.6544   Cb: 13.8386   Cr: 15.9837 )
00000742: 14.7099   (Y': 14.6483   Cb: 13.8697   Cr: 16.0799 )
00000743: 14.6924   (Y': 14.6419   Cb: 13.8113   Cr: 16.069  )
00000744: 14.7009   (Y': 14.6702   Cb: 13.7483   Cr: 16.0897 )
00000745: 14.7118   (Y': 14.6751   Cb: 13.8324   Cr: 16.0102 )
00000746: 14.7534   (Y': 14.7248   Cb: 13.8156   Cr: 16.1053 )
00000747: 14.76     (Y': 14.7155   Cb: 13.8609   Cr: 16.134  )
00000748: 14.709    (Y': 14.6628   Cb: 13.8323   Cr: 16.0548 )
00000749: 14.6692   (Y': 14.6083   Cb: 13.8159   Cr: 16.0569 )
00000751: 14.6771   (Y': 14.6206   Cb: 13.8152   Cr: 16.0554 )
00000750: 14.7226   (Y': 14.6848   Cb: 13.8277   Cr: 16.0523 )
00000752: 14.628    (Y': 14.5616   Cb: 13.8024   Cr: 16.0009 )
00000753: 14.659    (Y': 14.6087   Cb: 13.7874   Cr: 16.0188 )
00000754: 14.7041   (Y': 14.6535   Cb: 13.8163   Cr: 16.093  )
00000755: 14.7049   (Y': 14.6498   Cb: 13.8496   Cr: 16.0642 )
00000756: 14.6303   (Y': 14.5959   Cb: 13.6956   Cr: 16.0089 )
00000757: 14.6542   (Y': 14.6016   Cb: 13.7958   Cr: 16.0045 )
00000758: 14.6475   (Y': 14.5951   Cb: 13.7405   Cr: 16.079  )
00000759: 14.6377   (Y': 14.5924   Cb: 13.7161   Cr: 16.0542 )
00000760: 14.6921   (Y': 14.6412   Cb: 13.8022   Cr: 16.0857 )
00000761: 14.6292   (Y': 14.5854   Cb: 13.7252   Cr: 16.008  )
00000762: 14.6449   (Y': 14.5931   Cb: 13.754    Cr: 16.0459 )
00000763: 14.6432   (Y': 14.596    Cb: 13.7897   Cr: 15.9564 )
00000764: 14.6917   (Y': 14.6435   Cb: 13.7964   Cr: 16.08   )
00000765: 14.6433   (Y': 14.5791   Cb: 13.7731   Cr: 16.0781 )
00000766: 14.6558   (Y': 14.6061   Cb: 13.7759   Cr: 16.0258 )
00000767: 14.6565   (Y': 14.6071   Cb: 13.7949   Cr: 15.9952 )
00000768: 14.6387   (Y': 14.5628   Cb: 13.832    Cr: 16.0333 )
00000769: 14.6785   (Y': 14.6209   Cb: 13.7937   Cr: 16.1016 )
00000770: 14.6853   (Y': 14.6457   Cb: 13.7867   Cr: 16.031  )
00000771: 14.6522   (Y': 14.5766   Cb: 13.8375   Cr: 16.0585 )
00000772: 14.6475   (Y': 14.5889   Cb: 13.7816   Cr: 16.0442 )
00000773: 14.6581   (Y': 14.6053   Cb: 13.7592   Cr: 16.0786 )
00000774: 14.6503   (Y': 14.5907   Cb: 13.8053   Cr: 16.0177 )
00000775: 14.6853   (Y': 14.6326   Cb: 13.79     Cr: 16.0991 )
00000776: 14.6959   (Y': 14.6489   Cb: 13.7837   Cr: 16.1059 )
00000777: 14.6435   (Y': 14.5979   Cb: 13.7738   Cr: 15.974  )
00000778: 14.6475   (Y': 14.5826   Cb: 13.7904   Cr: 16.0644 )
00000779: 14.6536   (Y': 14.5933   Cb: 13.7835   Cr: 16.067  )
00000780: 14.6403   (Y': 14.5899   Cb: 13.741    Cr: 16.0474 )
00000781: 14.6441   (Y': 14.6022   Cb: 13.7654   Cr: 15.9701 )
00000782: 14.6731   (Y': 14.6272   Cb: 13.8014   Cr: 16.0094 )
00000783: 14.6478   (Y': 14.5706   Cb: 13.8238   Cr: 16.0781 )
00000784: 14.6678   (Y': 14.6102   Cb: 13.7939   Cr: 16.072  )
00000785: 14.7048   (Y': 14.6346   Cb: 13.8607   Cr: 16.1297 )
00000786: 14.6371   (Y': 14.5743   Cb: 13.8191   Cr: 15.977  )
00000787: 14.6166   (Y': 14.5615   Cb: 13.7403   Cr: 16.0112 )
00000788: 14.6482   (Y': 14.5986   Cb: 13.7486   Cr: 16.052  )
00000789: 14.6758   (Y': 14.632    Cb: 13.7456   Cr: 16.0989 )
00000790: 14.7545   (Y': 14.6865   Cb: 13.8923   Cr: 16.1979 )
00000791: 14.7006   (Y': 14.6395   Cb: 13.8259   Cr: 16.1262 )
00000792: 14.72     (Y': 14.6587   Cb: 13.9003   Cr: 16.0549 )
00000793: 14.644    (Y': 14.5917   Cb: 13.7523   Cr: 16.0485 )
00000794: 14.6735   (Y': 14.5959   Cb: 13.8595   Cr: 16.0898 )
00000795: 14.6809   (Y': 14.6229   Cb: 13.8106   Cr: 16.0815 )
00000796: 14.6688   (Y': 14.593    Cb: 13.7867   Cr: 16.1909 )
00000797: 14.6485   (Y': 14.5703   Cb: 13.8086   Cr: 16.1117 )
00000798: 14.638    (Y': 14.572    Cb: 13.7689   Cr: 16.0814 )
00000799: 14.6808   (Y': 14.6269   Cb: 13.779    Cr: 16.1123 )
00000800: 14.6208   (Y': 14.5572   Cb: 13.7684   Cr: 16.0226 )
00000801: 14.6448   (Y': 14.5863   Cb: 13.7816   Cr: 16.036  )
00000802: 14.638    (Y': 14.5682   Cb: 13.7772   Cr: 16.0892 )
00000803: 14.6293   (Y': 14.5558   Cb: 13.8126   Cr: 16.027  )
00000804: 14.655    (Y': 14.5899   Cb: 13.7973   Cr: 16.0739 )
00000805: 14.66     (Y': 14.6243   Cb: 13.7751   Cr: 15.9622 )
00000806: 14.6935   (Y': 14.6293   Cb: 13.8644   Cr: 16.0601 )
00000807: 14.6866   (Y': 14.6138   Cb: 13.847    Cr: 16.1184 )
00000808: 14.6732   (Y': 14.6239   Cb: 13.771    Cr: 16.0789 )
00000809: 14.6701   (Y': 14.6064   Cb: 13.8136   Cr: 16.0787 )
00000810: 14.669    (Y': 14.5904   Cb: 13.8441   Cr: 16.1092 )
00000811: 14.6365   (Y': 14.5692   Cb: 13.7954   Cr: 16.0404 )
00000812: 14.6364   (Y': 14.5575   Cb: 13.7545   Cr: 16.1762 )
00000813: 14.6434   (Y': 14.5583   Cb: 13.7878   Cr: 16.1732 )
00000814: 14.6426   (Y': 14.5528   Cb: 13.8447   Cr: 16.101  )
00000816: 14.6246   (Y': 14.5282   Cb: 13.8271   Cr: 16.1202 )
00000815: 14.601    (Y': 14.5345   Cb: 13.7327   Cr: 16.0459 )
00000817: 14.652    (Y': 14.5632   Cb: 13.8232   Cr: 16.157  )
00000818: 14.6517   (Y': 14.5692   Cb: 13.8207   Cr: 16.1249 )
00000819: 14.6484   (Y': 14.563    Cb: 13.8248   Cr: 16.1245 )
00000820: 14.6459   (Y': 14.5547   Cb: 13.8345   Cr: 16.135  )
00000821: 14.623    (Y': 14.5423   Cb: 13.8106   Cr: 16.0541 )
00000822: 14.5919   (Y': 14.503    Cb: 13.7575   Cr: 16.107  )
00000823: 14.6099   (Y': 14.5343   Cb: 13.785    Cr: 16.0327 )
00000824: 14.6341   (Y': 14.5374   Cb: 13.8343   Cr: 16.1362 )
00000825: 14.5875   (Y': 14.519    Cb: 13.7369   Cr: 16.0141 )
00000826: 14.6235   (Y': 14.5468   Cb: 13.785    Cr: 16.0756 )
00000827: 14.6183   (Y': 14.5111   Cb: 13.8268   Cr: 16.1671 )
00000828: 14.6351   (Y': 14.5712   Cb: 13.7672   Cr: 16.0644 )
00000829: 14.606    (Y': 14.5276   Cb: 13.7579   Cr: 16.0846 )
00000830: 14.6034   (Y': 14.5225   Cb: 13.7376   Cr: 16.1262 )
00000831: 14.623    (Y': 14.5653   Cb: 13.7435   Cr: 16.0374 )
00000832: 14.7032   (Y': 14.668    Cb: 13.7765   Cr: 16.0721 )
00000833: 14.7014   (Y': 14.6226   Cb: 13.8911   Cr: 16.1186 )
00000834: 14.7063   (Y': 14.654    Cb: 13.8044   Cr: 16.1284 )
00000835: 14.6525   (Y': 14.588    Cb: 13.7505   Cr: 16.1444 )
00000836: 14.6406   (Y': 14.5679   Cb: 13.7971   Cr: 16.0785 )
00000837: 14.6653   (Y': 14.5994   Cb: 13.8153   Cr: 16.0757 )
00000838: 14.6865   (Y': 14.6006   Cb: 13.8671   Cr: 16.159  )
00000839: 14.6978   (Y': 14.6455   Cb: 13.8052   Cr: 16.1044 )
00000840: 14.6628   (Y': 14.6011   Cb: 13.8048   Cr: 16.0635 )
00000841: 14.6758   (Y': 14.6084   Cb: 13.8108   Cr: 16.1206 )
00000842: 14.6523   (Y': 14.5762   Cb: 13.756    Cr: 16.2004 )
00000843: 14.6633   (Y': 14.5875   Cb: 13.8462   Cr: 16.0748 )
00000844: 14.6864   (Y': 14.6199   Cb: 13.8154   Cr: 16.1365 )
00000845: 14.6835   (Y': 14.635    Cb: 13.8015   Cr: 16.0506 )
00000846: 14.6778   (Y': 14.6227   Cb: 13.7915   Cr: 16.0893 )
00000847: 14.6741   (Y': 14.6049   Cb: 13.8067   Cr: 16.1326 )
00000848: 14.6719   (Y': 14.5885   Cb: 13.8314   Cr: 16.1655 )
00000849: 14.6427   (Y': 14.5588   Cb: 13.8539   Cr: 16.0529 )
00000850: 14.6365   (Y': 14.5675   Cb: 13.7634   Cr: 16.1042 )
00000851: 14.6309   (Y': 14.5688   Cb: 13.7498   Cr: 16.0727 )
00000852: 14.6061   (Y': 14.5037   Cb: 13.8195   Cr: 16.1175 )
00000853: 14.6284   (Y': 14.552    Cb: 13.7987   Cr: 16.0642 )
00000854: 14.6698   (Y': 14.6052   Cb: 13.7748   Cr: 16.1499 )
00000855: 14.6371   (Y': 14.5755   Cb: 13.7636   Cr: 16.0634 )
00000856: 14.6502   (Y': 14.5717   Cb: 13.836    Cr: 16.0715 )
00000857: 14.6484   (Y': 14.5636   Cb: 13.8043   Cr: 16.1568 )
00000858: 14.6515   (Y': 14.5721   Cb: 13.7791   Cr: 16.1775 )
00000859: 14.6362   (Y': 14.5537   Cb: 13.8095   Cr: 16.1019 )
00000860: 14.6211   (Y': 14.5406   Cb: 13.7911   Cr: 16.08   )
00000861: 14.6402   (Y': 14.5376   Cb: 13.8323   Cr: 16.1893 )
00000862: 14.6496   (Y': 14.561    Cb: 13.8454   Cr: 16.1117 )
00000863: 14.6213   (Y': 14.5384   Cb: 13.7843   Cr: 16.1063 )
00000864: 14.6604   (Y': 14.5888   Cb: 13.8423   Cr: 16.0491 )
00000865: 14.647    (Y': 14.5837   Cb: 13.8083   Cr: 16.0246 )
00000866: 14.6251   (Y': 14.545    Cb: 13.8203   Cr: 16.0396 )
00000867: 14.6266   (Y': 14.5554   Cb: 13.781    Cr: 16.0597 )
00000868: 14.6405   (Y': 14.5612   Cb: 13.8254   Cr: 16.068  )
00000869: 14.603    (Y': 14.5057   Cb: 13.8482   Cr: 16.0325 )
00000870: 14.5961   (Y': 14.5148   Cb: 13.7639   Cr: 16.0638 )
00000871: 14.6317   (Y': 14.5605   Cb: 13.7793   Cr: 16.077  )
00000872: 14.6866   (Y': 14.6      Cb: 13.8712   Cr: 16.1563 )
00000873: 14.6408   (Y': 14.5621   Cb: 13.7928   Cr: 16.1204 )
00000874: 14.6648   (Y': 14.5873   Cb: 13.794    Cr: 16.1769 )
00000875: 14.6847   (Y': 14.5993   Cb: 13.8407   Cr: 16.196  )
00000876: 14.6603   (Y': 14.567    Cb: 13.864    Cr: 16.1365 )
00000877: 14.643    (Y': 14.5515   Cb: 13.8166   Cr: 16.1599 )
00000878: 14.6281   (Y': 14.5297   Cb: 13.8257   Cr: 16.1437 )
00000879: 14.636    (Y': 14.5635   Cb: 13.7967   Cr: 16.0658 )
00000880: 14.6624   (Y': 14.5811   Cb: 13.8085   Cr: 16.1678 )
00000881: 14.6549   (Y': 14.5926   Cb: 13.7625   Cr: 16.1174 )
00000882: 14.6975   (Y': 14.6338   Cb: 13.8038   Cr: 16.17   )
00000883: 14.6633   (Y': 14.5925   Cb: 13.7916   Cr: 16.1382 )
00000884: 14.6341   (Y': 14.5703   Cb: 13.7558   Cr: 16.0808 )
00000885: 14.6278   (Y': 14.5494   Cb: 13.7784   Cr: 16.1079 )
00000886: 14.6479   (Y': 14.5592   Cb: 13.8322   Cr: 16.1302 )
00000887: 14.6892   (Y': 14.6277   Cb: 13.8009   Cr: 16.1402 )
00000888: 14.6865   (Y': 14.604    Cb: 13.8512   Cr: 16.1665 )
00000889: 14.6781   (Y': 14.6124   Cb: 13.8354   Cr: 16.075  )
00000890: 14.6647   (Y': 14.6137   Cb: 13.7711   Cr: 16.0655 )
00000891: 14.681    (Y': 14.6185   Cb: 13.8452   Cr: 16.0491 )
00000892: 14.6519   (Y': 14.5815   Cb: 13.8088   Cr: 16.0761 )
00000893: 14.6654   (Y': 14.588    Cb: 13.8357   Cr: 16.1069 )
00000894: 14.6789   (Y': 14.6066   Cb: 13.8335   Cr: 16.1179 )
00000895: 14.694    (Y': 14.638    Cb: 13.8268   Cr: 16.0782 )
00000896: 14.7115   (Y': 14.6759   Cb: 13.7765   Cr: 16.0972 )
00000897: 14.6948   (Y': 14.6305   Cb: 13.8559   Cr: 16.0778 )
00000898: 14.663    (Y': 14.6051   Cb: 13.766    Cr: 16.1082 )
00000899: 14.6589   (Y': 14.5949   Cb: 13.7851   Cr: 16.0991 )
00000900: 14.666    (Y': 14.6044   Cb: 13.7749   Cr: 16.1218 )
00000901: 14.6305   (Y': 14.5784   Cb: 13.7548   Cr: 16.0069 )
00000902: 14.6848   (Y': 14.6096   Cb: 13.8332   Cr: 16.151  )
00000903: 14.6807   (Y': 14.638    Cb: 13.7745   Cr: 16.0566 )
00000904: 14.6694   (Y': 14.6196   Cb: 13.7805   Cr: 16.0554 )
00000905: 14.6852   (Y': 14.6354   Cb: 13.7595   Cr: 16.1343 )
00000906: 14.6808   (Y': 14.6281   Cb: 13.7995   Cr: 16.0705 )
00000907: 14.6799   (Y': 14.6188   Cb: 13.805    Cr: 16.1054 )
00000908: 14.6658   (Y': 14.6066   Cb: 13.7752   Cr: 16.1081 )
00000909: 14.6684   (Y': 14.6145   Cb: 13.7706   Cr: 16.0926 )
00000910: 14.7034   (Y': 14.6551   Cb: 13.7979   Cr: 16.1094 )
00000911: 14.6973   (Y': 14.6424   Cb: 13.8246   Cr: 16.0844 )
00000912: 14.7062   (Y': 14.637    Cb: 13.8291   Cr: 16.1817 )
00000913: 14.6535   (Y': 14.589    Cb: 13.7766   Cr: 16.1017 )
00000914: 14.6784   (Y': 14.6383   Cb: 13.7546   Cr: 16.0695 )
00000915: 14.6505   (Y': 14.6      Cb: 13.7753   Cr: 16.018  )
00000916: 14.66     (Y': 14.6032   Cb: 13.8113   Cr: 16.0173 )
00000917: 14.6775   (Y': 14.6209   Cb: 13.7854   Cr: 16.1078 )
00000919: 14.6755   (Y': 14.6232   Cb: 13.8016   Cr: 16.0507 )
00000918: 14.7022   (Y': 14.652    Cb: 13.823    Cr: 16.0744 )
00000920: 14.7598   (Y': 14.7308   Cb: 13.811    Cr: 16.1329 )
00000921: 14.7941   (Y': 14.7695   Cb: 13.844    Cr: 16.1446 )
00000922: 14.8261   (Y': 14.8452   Cb: 13.7844   Cr: 16.0963 )
00000923: 14.8402   (Y': 14.8443   Cb: 13.872    Cr: 16.0663 )
00000924: 14.8554   (Y': 14.8699   Cb: 13.8439   Cr: 16.0984 )
00000925: 14.829    (Y': 14.8069   Cb: 13.8801   Cr: 16.1633 )
00000926: 14.8387   (Y': 14.8085   Cb: 13.9218   Cr: 16.1636 )
00000927: 14.8156   (Y': 14.7983   Cb: 13.8851   Cr: 16.0937 )
00000928: 14.7666   (Y': 14.7209   Cb: 13.8852   Cr: 16.1175 )
00000929: 14.7517   (Y': 14.6818   Cb: 13.878    Cr: 16.2251 )
00000930: 14.7026   (Y': 14.611    Cb: 13.9282   Cr: 16.1321 )
00000931: 14.677    (Y': 14.5935   Cb: 13.8871   Cr: 16.0864 )
00000932: 14.6605   (Y': 14.5901   Cb: 13.8233   Cr: 16.0749 )
00000933: 14.7604   (Y': 14.6948   Cb: 13.9071   Cr: 16.1749 )
00000934: 14.8297   (Y': 14.796    Cb: 13.9145   Cr: 16.1708 )
00000935: 14.7963   (Y': 14.7678   Cb: 13.9039   Cr: 16.0716 )
00000936: 14.6975   (Y': 14.6237   Cb: 13.8398   Cr: 16.1661 )
00000937: 14.8852   (Y': 14.8902   Cb: 13.8795   Cr: 16.1688 )
00000938: 14.7521   (Y': 14.6732   Cb: 13.9521   Cr: 16.1518 )
00000939: 14.6997   (Y': 14.6293   Cb: 13.9185   Cr: 16.0217 )
00000940: 14.7063   (Y': 14.6298   Cb: 13.8732   Cr: 16.1483 )
00000941: 14.6541   (Y': 14.5572   Cb: 13.8484   Cr: 16.1669 )
00000942: 14.6577   (Y': 14.5821   Cb: 13.8362   Cr: 16.0753 )
00000943: 14.7169   (Y': 14.6631   Cb: 13.846    Cr: 16.095  )
00000944: 14.7654   (Y': 14.6952   Cb: 13.8971   Cr: 16.2317 )
00000945: 14.7424   (Y': 14.7176   Cb: 13.7711   Cr: 16.1301 )
00000946: 14.8637   (Y': 14.8695   Cb: 13.9004   Cr: 16.0728 )
00000947: 14.8232   (Y': 14.8078   Cb: 13.845    Cr: 16.171  )
00000948: 14.7621   (Y': 14.7338   Cb: 13.824    Cr: 16.1126 )
00000949: 14.7099   (Y': 14.6526   Cb: 13.8981   Cr: 16.0096 )
00000950: 14.7304   (Y': 14.6699   Cb: 13.8652   Cr: 16.1367 )
00000951: 14.7713   (Y': 14.728    Cb: 13.9051   Cr: 16.0838 )
00000953: 14.8358   (Y': 14.8178   Cb: 13.9237   Cr: 16.0864 )
00000952: 14.7657   (Y': 14.7389   Cb: 13.8509   Cr: 16.0684 )
00000954: 14.7786   (Y': 14.7506   Cb: 13.8587   Cr: 16.0968 )
00000955: 14.7456   (Y': 14.7087   Cb: 13.8187   Cr: 16.1246 )
00000956: 14.7273   (Y': 14.7157   Cb: 13.7327   Cr: 16.0824 )
00000957: 14.7804   (Y': 14.773    Cb: 13.8368   Cr: 16.0274 )
00000958: 14.7518   (Y': 14.7151   Cb: 13.7905   Cr: 16.1893 )
Total: 14.6955   (Y': 14.6408   Cb: 13.8284   Cr: 16.0724 )
