00000002: 12.3863   (Y': 11.9126   Cb: 12.664    Cr: 14.5976 )
00000006: 12.4324   (Y': 11.9657   Cb: 12.7023   Cr: 14.6046 )
00000001: 12.4272   (Y': 11.9609   Cb: 12.6893   Cr: 14.6086 )
00000004: 12.4056   (Y': 11.9256   Cb: 12.7043   Cr: 14.6314 )
00000003: 12.3942   (Y': 11.9137   Cb: 12.6745   Cr: 14.6519 )
00000005: 12.4169   (Y': 11.9278   Cb: 12.7125   Cr: 14.7161 )
00000007: 12.4081   (Y': 11.9432   Cb: 12.6478   Cr: 14.6143 )
00000000: 31.7036   (Y': 40.8341   Cb: 27.3013   Cr: 27.3013 )
00000008: 12.404    (Y': 11.9393   Cb: 12.6647   Cr: 14.5754 )
00000009: 12.4315   (Y': 11.967    Cb: 12.6863   Cr: 14.611  )
00000010: 12.4239   (Y': 11.9458   Cb: 12.696    Cr: 14.6765 )
00000012: 12.4248   (Y': 11.9584   Cb: 12.6868   Cr: 14.6066 )
00000011: 12.4467   (Y': 11.9829   Cb: 12.696    Cr: 14.6298 )
00000013: 12.4183   (Y': 11.942    Cb: 12.7057   Cr: 14.6344 )
00000014: 12.4284   (Y': 11.9588   Cb: 12.6831   Cr: 14.6449 )
00000015: 12.4296   (Y': 11.9524   Cb: 12.641    Cr: 14.773  )
00000016: 12.4495   (Y': 11.9804   Cb: 12.6759   Cr: 14.7076 )
00000019: 12.4219   (Y': 11.9466   Cb: 12.7197   Cr: 14.6143 )
00000017: 12.4442   (Y': 11.9839   Cb: 12.6697   Cr: 14.6389 )
00000018: 12.4151   (Y': 11.9427   Cb: 12.6808   Cr: 14.6359 )
00000021: 12.4886   (Y': 12.0147   Cb: 12.776    Cr: 14.6866 )
00000023: 12.4833   (Y': 12.0367   Cb: 12.7242   Cr: 14.5547 )
00000022: 12.4819   (Y': 12.029    Cb: 12.6682   Cr: 14.6832 )
00000020: 12.4065   (Y': 11.9404   Cb: 12.7035   Cr: 14.5332 )
00000024: 12.4822   (Y': 12.0323   Cb: 12.6971   Cr: 14.6173 )
00000025: 12.4502   (Y': 12.0151   Cb: 12.6528   Cr: 14.4974 )
00000028: 12.4041   (Y': 11.9342   Cb: 12.6819   Cr: 14.5875 )
00000026: 12.4456   (Y': 11.9921   Cb: 12.6648   Cr: 14.5994 )
00000027: 12.4271   (Y': 11.9692   Cb: 12.6378   Cr: 14.627  )
00000029: 12.42     (Y': 11.9498   Cb: 12.6759   Cr: 14.64   )
00000030: 12.4484   (Y': 12.0011   Cb: 12.6426   Cr: 14.596  )
00000031: 12.4013   (Y': 11.935    Cb: 12.6742   Cr: 14.5662 )
00000032: 12.4368   (Y': 11.9793   Cb: 12.6493   Cr: 14.6308 )
00000033: 12.4311   (Y': 11.9778   Cb: 12.6426   Cr: 14.5952 )
00000034: 12.4339   (Y': 11.9785   Cb: 12.6533   Cr: 14.6021 )
00000035: 12.4481   (Y': 12.0042   Cb: 12.624    Cr: 14.6004 )
00000037: 12.4441   (Y': 12.0096   Cb: 12.6141   Cr: 14.5378 )
00000036: 12.4423   (Y': 11.9876   Cb: 12.6468   Cr: 14.6281 )
00000038: 12.4053   (Y': 11.9676   Cb: 12.5675   Cr: 14.534  )
00000039: 12.4295   (Y': 11.9774   Cb: 12.673    Cr: 14.5355 )
00000040: 12.4156   (Y': 11.9655   Cb: 12.6366   Cr: 14.5421 )
00000041: 12.4283   (Y': 11.9874   Cb: 12.6375   Cr: 14.5071 )
00000043: 12.4115   (Y': 11.9743   Cb: 12.6232   Cr: 14.4603 )
00000042: 12.3916   (Y': 11.9279   Cb: 12.6521   Cr: 14.5564 )
00000044: 12.4278   (Y': 11.9754   Cb: 12.6047   Cr: 14.6412 )
00000045: 12.4523   (Y': 11.9992   Cb: 12.6879   Cr: 14.5783 )
00000046: 12.4394   (Y': 11.9918   Cb: 12.6464   Cr: 14.5697 )
00000047: 12.433    (Y': 11.9933   Cb: 12.6458   Cr: 14.4981 )
00000048: 12.4478   (Y': 11.997    Cb: 12.6421   Cr: 14.6215 )
00000050: 12.4108   (Y': 11.9468   Cb: 12.6391   Cr: 14.6278 )
00000049: 12.4605   (Y': 12.0143   Cb: 12.6695   Cr: 14.5774 )
00000051: 12.4373   (Y': 11.9908   Cb: 12.6473   Cr: 14.5552 )
00000052: 12.4843   (Y': 12.0438   Cb: 12.6711   Cr: 14.5954 )
00000054: 12.408    (Y': 11.9524   Cb: 12.6478   Cr: 14.5452 )
00000053: 12.4622   (Y': 12.0148   Cb: 12.6793   Cr: 14.5759 )
00000055: 12.438    (Y': 11.9822   Cb: 12.6763   Cr: 14.5791 )
00000056: 12.4111   (Y': 11.9526   Cb: 12.6495   Cr: 14.5719 )
00000057: 12.458    (Y': 12.0218   Cb: 12.6302   Cr: 14.5611 )
00000058: 12.4379   (Y': 11.9954   Cb: 12.6284   Cr: 14.5569 )
00000059: 12.4281   (Y': 11.9871   Cb: 12.6199   Cr: 14.5347 )
00000060: 12.4132   (Y': 11.9616   Cb: 12.6371   Cr: 14.5463 )
00000061: 12.4658   (Y': 12.028    Cb: 12.6648   Cr: 14.5388 )
00000062: 12.4625   (Y': 12.0143   Cb: 12.6733   Cr: 14.5919 )
00000063: 12.4693   (Y': 12.0325   Cb: 12.6904   Cr: 14.5003 )
00000064: 12.4634   (Y': 12.0131   Cb: 12.6937   Cr: 14.5771 )
00000065: 12.4578   (Y': 12.0157   Cb: 12.6708   Cr: 14.5392 )
00000066: 12.4707   (Y': 12.0367   Cb: 12.6302   Cr: 14.5767 )
00000067: 12.4459   (Y': 11.9949   Cb: 12.6688   Cr: 14.5761 )
00000068: 12.4846   (Y': 12.0474   Cb: 12.6786   Cr: 14.5608 )
00000069: 12.4774   (Y': 12.0391   Cb: 12.6527   Cr: 14.5906 )
00000070: 12.4393   (Y': 11.9887   Cb: 12.6569   Cr: 14.5746 )
00000071: 12.4687   (Y': 12.0223   Cb: 12.6527   Cr: 14.6264 )
00000072: 12.494    (Y': 12.0492   Cb: 12.6869   Cr: 14.6262 )
00000073: 12.4862   (Y': 12.0485   Cb: 12.6862   Cr: 14.5557 )
00000074: 12.4495   (Y': 11.9969   Cb: 12.6494   Cr: 14.627  )
00000075: 12.5068   (Y': 12.0633   Cb: 12.7102   Cr: 14.6134 )
00000076: 12.4857   (Y': 12.033    Cb: 12.6888   Cr: 14.6593 )
00000077: 12.4679   (Y': 12.0167   Cb: 12.6877   Cr: 14.6049 )
00000078: 12.4478   (Y': 11.9942   Cb: 12.6782   Cr: 14.5855 )
00000079: 12.4522   (Y': 12.0115   Cb: 12.6315   Cr: 14.5764 )
00000080: 12.4307   (Y': 11.9911   Cb: 12.6287   Cr: 14.5172 )
00000081: 12.5167   (Y': 12.0823   Cb: 12.6773   Cr: 14.6243 )
00000082: 12.5203   (Y': 12.0966   Cb: 12.6554   Cr: 14.5908 )
00000083: 12.553    (Y': 12.1213   Cb: 12.7147   Cr: 14.6391 )
00000084: 12.5178   (Y': 12.0897   Cb: 12.6764   Cr: 14.5832 )
00000085: 12.4824   (Y': 12.0425   Cb: 12.6628   Cr: 14.5987 )
00000086: 12.4688   (Y': 12.0324   Cb: 12.6506   Cr: 14.5584 )
00000087: 12.4547   (Y': 12.0001   Cb: 12.6816   Cr: 14.6048 )
00000088: 12.46     (Y': 12.0093   Cb: 12.6923   Cr: 14.5735 )
00000089: 12.481    (Y': 12.0138   Cb: 12.7755   Cr: 14.6185 )
00000090: 12.4731   (Y': 12.0207   Cb: 12.7019   Cr: 14.6038 )
00000091: 12.4675   (Y': 12.0119   Cb: 12.7002   Cr: 14.6161 )
00000092: 12.3924   (Y': 11.9265   Cb: 12.6582   Cr: 14.5646 )
00000093: 12.4526   (Y': 12.0054   Cb: 12.6491   Cr: 14.5959 )
00000094: 12.4282   (Y': 11.9758   Cb: 12.6137   Cr: 14.627  )
00000095: 12.3988   (Y': 11.9323   Cb: 12.6825   Cr: 14.5486 )
00000096: 12.4158   (Y': 11.9708   Cb: 12.6367   Cr: 14.5055 )
00000097: 12.4349   (Y': 11.9807   Cb: 12.6317   Cr: 14.6298 )
00000098: 12.4336   (Y': 11.975    Cb: 12.6643   Cr: 14.6073 )
00000100: 12.3881   (Y': 11.9111   Cb: 12.6653   Cr: 14.6253 )
00000099: 12.4393   (Y': 11.9769   Cb: 12.6955   Cr: 14.6004 )
00000101: 12.4249   (Y': 11.9677   Cb: 12.638    Cr: 14.6157 )
00000102: 12.3886   (Y': 11.9185   Cb: 12.6315   Cr: 14.6278 )
00000103: 12.4262   (Y': 11.9599   Cb: 12.682    Cr: 14.6172 )
00000104: 12.41     (Y': 11.9576   Cb: 12.6021   Cr: 14.5985 )
00000105: 12.4155   (Y': 11.9447   Cb: 12.6907   Cr: 14.609  )
00000106: 12.4259   (Y': 11.9757   Cb: 12.6338   Cr: 14.5739 )
00000107: 12.4373   (Y': 11.9808   Cb: 12.6881   Cr: 14.5639 )
00000108: 12.4472   (Y': 12.02     Cb: 12.5735   Cr: 14.5571 )
00000109: 12.4072   (Y': 11.9489   Cb: 12.6141   Cr: 14.6158 )
00000110: 12.4595   (Y': 12.009    Cb: 12.6615   Cr: 14.6181 )
00000111: 12.4771   (Y': 12.0576   Cb: 12.6071   Cr: 14.5268 )
00000112: 12.4566   (Y': 12.0138   Cb: 12.6841   Cr: 14.5211 )
00000113: 12.425    (Y': 11.9748   Cb: 12.6261   Cr: 14.583  )
00000114: 12.3911   (Y': 11.9295   Cb: 12.6812   Cr: 14.4947 )
00000115: 12.4516   (Y': 11.9965   Cb: 12.7089   Cr: 14.5582 )
00000116: 12.412    (Y': 11.9441   Cb: 12.6842   Cr: 14.5887 )
00000117: 12.4129   (Y': 11.9581   Cb: 12.6511   Cr: 14.5469 )
00000118: 12.3437   (Y': 11.8615   Cb: 12.6056   Cr: 14.6438 )
00000119: 12.3773   (Y': 11.9053   Cb: 12.6681   Cr: 14.5564 )
00000121: 12.3735   (Y': 11.8916   Cb: 12.6492   Cr: 14.6489 )
00000120: 12.3968   (Y': 11.9348   Cb: 12.6446   Cr: 14.568  )
00000122: 12.4015   (Y': 11.9258   Cb: 12.7154   Cr: 14.5716 )
00000123: 12.3872   (Y': 11.9409   Cb: 12.6071   Cr: 14.4889 )
00000124: 12.3908   (Y': 11.9358   Cb: 12.6064   Cr: 14.562  )
00000125: 12.3824   (Y': 11.9142   Cb: 12.6159   Cr: 14.6231 )
00000126: 12.3546   (Y': 11.8841   Cb: 12.6125   Cr: 14.5731 )
00000127: 12.4137   (Y': 11.9445   Cb: 12.6971   Cr: 14.5829 )
00000128: 12.3887   (Y': 11.9184   Cb: 12.6245   Cr: 14.6411 )
00000129: 12.3641   (Y': 11.8909   Cb: 12.6322   Cr: 14.5871 )
00000130: 12.4096   (Y': 11.9378   Cb: 12.6504   Cr: 14.6646 )
00000131: 12.3866   (Y': 11.9192   Cb: 12.6594   Cr: 14.56   )
00000132: 12.4225   (Y': 11.979    Cb: 12.6002   Cr: 14.5693 )
00000133: 12.4057   (Y': 11.9535   Cb: 12.6153   Cr: 14.5653 )
00000134: 12.445    (Y': 11.9895   Cb: 12.6471   Cr: 14.6411 )
00000135: 12.4347   (Y': 11.9795   Cb: 12.6616   Cr: 14.5889 )
00000136: 12.3898   (Y': 11.9375   Cb: 12.5942   Cr: 14.5584 )
00000137: 12.3831   (Y': 11.913    Cb: 12.6567   Cr: 14.5745 )
00000138: 12.3873   (Y': 11.9186   Cb: 12.6282   Cr: 14.6199 )
00000139: 12.439    (Y': 11.9877   Cb: 12.6861   Cr: 14.5342 )
00000141: 12.4047   (Y': 11.9608   Cb: 12.584    Cr: 14.5511 )
00000140: 12.4203   (Y': 11.9639   Cb: 12.6467   Cr: 14.585  )
00000142: 12.4081   (Y': 11.951    Cb: 12.6246   Cr: 14.5927 )
00000143: 12.4482   (Y': 11.9998   Cb: 12.6262   Cr: 14.6299 )
00000144: 12.4409   (Y': 12.0033   Cb: 12.6039   Cr: 14.5673 )
00000145: 12.417    (Y': 11.9691   Cb: 12.596    Cr: 14.594  )
00000146: 12.4035   (Y': 11.9425   Cb: 12.6317   Cr: 14.5987 )
00000147: 12.4616   (Y': 12.0065   Cb: 12.6542   Cr: 14.6694 )
00000148: 12.405    (Y': 11.9497   Cb: 12.636    Cr: 14.5545 )
00000149: 12.4261   (Y': 11.9697   Cb: 12.6183   Cr: 14.6442 )
00000150: 12.3921   (Y': 11.9299   Cb: 12.5979   Cr: 14.6316 )
00000151: 12.4201   (Y': 11.9678   Cb: 12.5813   Cr: 14.6578 )
00000152: 12.4587   (Y': 12.0136   Cb: 12.6733   Cr: 14.5591 )
00000153: 12.4175   (Y': 11.976    Cb: 12.5611   Cr: 14.6031 )
00000154: 12.4325   (Y': 11.9855   Cb: 12.6283   Cr: 14.5759 )
00000155: 12.3891   (Y': 11.9266   Cb: 12.6192   Cr: 14.5925 )
00000156: 12.4556   (Y': 12.0247   Cb: 12.6242   Cr: 14.5257 )
00000157: 12.4067   (Y': 11.953    Cb: 12.6181   Cr: 14.5742 )
00000158: 12.4534   (Y': 12.0068   Cb: 12.6461   Cr: 14.5991 )
00000159: 12.3965   (Y': 11.9486   Cb: 12.5842   Cr: 14.5593 )
00000160: 12.4271   (Y': 11.9692   Cb: 12.6278   Cr: 14.6428 )
00000161: 12.3817   (Y': 11.937    Cb: 12.5744   Cr: 14.5129 )
00000162: 12.4012   (Y': 11.9513   Cb: 12.6084   Cr: 14.5483 )
00000163: 12.3954   (Y': 11.9465   Cb: 12.5932   Cr: 14.5502 )
00000164: 12.4388   (Y': 12.0087   Cb: 12.5845   Cr: 14.5389 )
00000165: 12.4365   (Y': 11.9824   Cb: 12.6698   Cr: 14.5732 )
00000166: 12.42     (Y': 11.9692   Cb: 12.6259   Cr: 14.5754 )
00000167: 12.3815   (Y': 11.9027   Cb: 12.6778   Cr: 14.6024 )
00000168: 12.4329   (Y': 11.9836   Cb: 12.6182   Cr: 14.6095 )
00000169: 12.4135   (Y': 11.9604   Cb: 12.598    Cr: 14.6199 )
00000170: 12.4138   (Y': 11.9497   Cb: 12.6615   Cr: 14.601  )
00000171: 12.3827   (Y': 11.917    Cb: 12.6307   Cr: 14.5813 )
00000172: 12.4149   (Y': 11.9668   Cb: 12.5973   Cr: 14.5881 )
00000173: 12.4028   (Y': 11.946    Cb: 12.6641   Cr: 14.5157 )
00000174: 12.3962   (Y': 11.9621   Cb: 12.5193   Cr: 14.561  )
00000175: 12.4024   (Y': 11.9428   Cb: 12.6131   Cr: 14.6147 )
00000176: 12.3847   (Y': 11.9265   Cb: 12.6433   Cr: 14.5118 )
00000177: 12.4093   (Y': 11.9327   Cb: 12.6672   Cr: 14.6737 )
00000178: 12.4522   (Y': 12.0063   Cb: 12.6081   Cr: 14.651  )
00000179: 12.4039   (Y': 11.9311   Cb: 12.6576   Cr: 14.6464 )
00000180: 12.408    (Y': 11.9665   Cb: 12.6121   Cr: 14.4985 )
00000181: 12.4234   (Y': 11.9709   Cb: 12.643    Cr: 14.5698 )
00000182: 12.4129   (Y': 11.954    Cb: 12.657    Cr: 14.5673 )
00000183: 12.4194   (Y': 11.9655   Cb: 12.6483   Cr: 14.5616 )
00000184: 12.4047   (Y': 11.9434   Cb: 12.6561   Cr: 14.5659 )
00000185: 12.4165   (Y': 11.9797   Cb: 12.5874   Cr: 14.5256 )
00000186: 12.4179   (Y': 11.9664   Cb: 12.6384   Cr: 14.5554 )
00000187: 12.4214   (Y': 11.955    Cb: 12.6944   Cr: 14.5869 )
00000188: 12.4646   (Y': 12.017    Cb: 12.6453   Cr: 14.6362 )
00000189: 12.3888   (Y': 11.9473   Cb: 12.5607   Cr: 14.53   )
00000190: 12.4366   (Y': 12.0018   Cb: 12.6089   Cr: 14.5289 )
00000191: 12.4113   (Y': 11.9677   Cb: 12.5845   Cr: 14.5652 )
00000192: 12.3983   (Y': 11.9525   Cb: 12.5591   Cr: 14.5883 )
00000193: 12.4395   (Y': 11.9879   Cb: 12.6256   Cr: 14.6321 )
00000194: 12.436    (Y': 11.9971   Cb: 12.5581   Cr: 14.638  )
00000195: 12.4473   (Y': 11.9881   Cb: 12.6694   Cr: 14.639  )
00000196: 12.3975   (Y': 11.9187   Cb: 12.678    Cr: 14.6424 )
00000197: 12.4374   (Y': 11.9895   Cb: 12.638    Cr: 14.5798 )
00000198: 12.389    (Y': 11.9289   Cb: 12.584    Cr: 14.6308 )
00000199: 12.4559   (Y': 12        Cb: 12.6818   Cr: 14.6169 )
00000200: 12.438    (Y': 11.9798   Cb: 12.6488   Cr: 14.6398 )
00000201: 12.4048   (Y': 11.9449   Cb: 12.6395   Cr: 14.5813 )
00000202: 12.4214   (Y': 11.9707   Cb: 12.6127   Cr: 14.5995 )
00000203: 12.4288   (Y': 11.9763   Cb: 12.6437   Cr: 14.5828 )
00000204: 12.4274   (Y': 11.9741   Cb: 12.6098   Cr: 14.6377 )
00000206: 12.3732   (Y': 11.917    Cb: 12.5926   Cr: 14.5468 )
00000205: 12.4141   (Y': 11.9545   Cb: 12.6781   Cr: 14.5434 )
00000207: 12.4267   (Y': 11.9756   Cb: 12.6194   Cr: 14.605  )
00000208: 12.434    (Y': 12.0031   Cb: 12.5765   Cr: 14.5451 )
00000209: 12.4381   (Y': 11.9939   Cb: 12.6684   Cr: 14.5087 )
00000210: 12.4207   (Y': 11.9631   Cb: 12.6484   Cr: 14.5915 )
00000211: 12.4207   (Y': 11.9632   Cb: 12.6279   Cr: 14.6232 )
00000212: 12.4082   (Y': 11.9576   Cb: 12.6249   Cr: 14.5455 )
00000213: 12.4183   (Y': 11.9682   Cb: 12.6439   Cr: 14.5383 )
00000214: 12.4337   (Y': 12.0024   Cb: 12.5986   Cr: 14.5128 )
00000215: 12.432    (Y': 11.9945   Cb: 12.5909   Cr: 14.5646 )
00000216: 12.4214   (Y': 11.9756   Cb: 12.6049   Cr: 14.576  )
00000217: 12.4691   (Y': 12.0375   Cb: 12.6427   Cr: 14.5369 )
00000218: 12.4529   (Y': 12.0143   Cb: 12.5832   Cr: 14.639  )
00000219: 12.4168   (Y': 11.9676   Cb: 12.6129   Cr: 14.5759 )
00000220: 12.4486   (Y': 12.0193   Cb: 12.5334   Cr: 14.64   )
00000221: 12.4094   (Y': 11.9731   Cb: 12.5897   Cr: 14.5002 )
00000222: 12.4362   (Y': 11.9832   Cb: 12.6314   Cr: 14.6242 )
00000223: 12.417    (Y': 11.9735   Cb: 12.6067   Cr: 14.5443 )
00000224: 12.4209   (Y': 11.9758   Cb: 12.5917   Cr: 14.5902 )
00000225: 12.4404   (Y': 12.0016   Cb: 12.6117   Cr: 14.5623 )
00000226: 12.4206   (Y': 11.9606   Cb: 12.6639   Cr: 14.5847 )
00000227: 12.4276   (Y': 11.9771   Cb: 12.6581   Cr: 14.5428 )
00000228: 12.412    (Y': 11.9714   Cb: 12.5695   Cr: 14.5692 )
00000229: 12.4526   (Y': 12.0031   Cb: 12.6367   Cr: 14.6328 )
00000230: 12.4154   (Y': 11.9504   Cb: 12.6682   Cr: 14.6016 )
00000231: 12.4491   (Y': 12.007    Cb: 12.6068   Cr: 14.617  )
00000232: 12.3946   (Y': 11.9257   Cb: 12.626    Cr: 14.6434 )
00000233: 12.463    (Y': 12.0121   Cb: 12.6641   Cr: 14.6262 )
00000234: 12.414    (Y': 11.978    Cb: 12.569    Cr: 14.5421 )
00000235: 12.4186   (Y': 11.9613   Cb: 12.6578   Cr: 14.5694 )
00000236: 12.3902   (Y': 11.9467   Cb: 12.5985   Cr: 14.4888 )
00000237: 12.3799   (Y': 11.9153   Cb: 12.6434   Cr: 14.5461 )
00000238: 12.4106   (Y': 11.9666   Cb: 12.6002   Cr: 14.5418 )
00000239: 12.3954   (Y': 11.9446   Cb: 12.6014   Cr: 14.5504 )
00000240: 12.3889   (Y': 11.9381   Cb: 12.5804   Cr: 14.5669 )
00000241: 12.4048   (Y': 11.9579   Cb: 12.5728   Cr: 14.5909 )
00000242: 12.4243   (Y': 11.9793   Cb: 12.6068   Cr: 14.5741 )
00000243: 12.4163   (Y': 11.9527   Cb: 12.6455   Cr: 14.6291 )
00000244: 12.4119   (Y': 11.9565   Cb: 12.658    Cr: 14.5384 )
00000245: 12.4164   (Y': 11.9603   Cb: 12.6132   Cr: 14.6247 )
00000246: 12.4115   (Y': 11.9783   Cb: 12.5679   Cr: 14.5171 )
00000247: 12.4218   (Y': 11.9647   Cb: 12.6264   Cr: 14.6256 )
00000248: 12.3646   (Y': 11.9069   Cb: 12.5983   Cr: 14.5271 )
00000249: 12.3817   (Y': 11.9036   Cb: 12.6565   Cr: 14.6305 )
00000250: 12.3981   (Y': 11.9434   Cb: 12.6073   Cr: 14.5771 )
00000251: 12.4551   (Y': 12.0071   Cb: 12.6588   Cr: 14.5935 )
00000252: 12.4462   (Y': 12.0057   Cb: 12.6453   Cr: 14.5373 )
00000253: 12.3913   (Y': 11.9516   Cb: 12.5586   Cr: 14.5271 )
00000254: 12.4285   (Y': 11.9805   Cb: 12.6361   Cr: 14.5603 )
00000255: 12.4126   (Y': 11.9876   Cb: 12.5451   Cr: 14.4969 )
00000256: 12.427    (Y': 11.997    Cb: 12.5667   Cr: 14.5358 )
00000257: 12.4199   (Y': 11.9705   Cb: 12.6272   Cr: 14.5628 )
00000258: 12.4431   (Y': 12.0032   Cb: 12.5978   Cr: 14.6    )
00000259: 12.3984   (Y': 11.9476   Cb: 12.6074   Cr: 14.549  )
00000260: 12.4049   (Y': 11.9497   Cb: 12.6376   Cr: 14.5509 )
00000261: 12.4025   (Y': 11.9472   Cb: 12.6149   Cr: 14.5807 )
00000262: 12.3737   (Y': 11.9135   Cb: 12.607    Cr: 14.5553 )
00000263: 12.4008   (Y': 11.956    Cb: 12.5927   Cr: 14.534  )
00000264: 12.4123   (Y': 11.9643   Cb: 12.5959   Cr: 14.582  )
00000265: 12.4404   (Y': 12.0142   Cb: 12.5769   Cr: 14.5276 )
00000266: 12.4959   (Y': 12.0653   Cb: 12.6673   Cr: 14.5596 )
00000267: 12.4928   (Y': 12.0728   Cb: 12.6252   Cr: 14.5413 )
00000268: 12.4328   (Y': 11.9985   Cb: 12.6118   Cr: 14.5104 )
00000269: 12.4285   (Y': 12.0041   Cb: 12.5878   Cr: 14.4674 )
00000270: 12.462    (Y': 12.0444   Cb: 12.6255   Cr: 14.4469 )
00000271: 12.4886   (Y': 12.0472   Cb: 12.6888   Cr: 14.5851 )
00000272: 12.4592   (Y': 12.0248   Cb: 12.6318   Cr: 14.5487 )
00000273: 12.4983   (Y': 12.075    Cb: 12.6362   Cr: 14.5626 )
00000274: 12.4723   (Y': 12.0479   Cb: 12.6467   Cr: 14.4875 )
00000275: 12.4588   (Y': 12.0207   Cb: 12.6621   Cr: 14.5264 )
00000276: 12.4912   (Y': 12.0836   Cb: 12.6276   Cr: 14.4473 )
00000277: 12.4873   (Y': 12.0737   Cb: 12.5824   Cr: 14.5499 )
00000278: 12.4468   (Y': 12.0101   Cb: 12.5869   Cr: 14.603  )
00000279: 12.4464   (Y': 12.0169   Cb: 12.5924   Cr: 14.542  )
00000280: 12.4622   (Y': 12.0309   Cb: 12.6057   Cr: 14.5745 )
00000281: 12.4909   (Y': 12.0867   Cb: 12.579    Cr: 14.498  )
00000282: 12.4289   (Y': 12.0001   Cb: 12.6236   Cr: 14.4446 )
00000283: 12.4443   (Y': 11.9903   Cb: 12.6746   Cr: 14.5847 )
00000284: 12.4389   (Y': 12.0074   Cb: 12.6286   Cr: 14.4805 )
00000285: 12.429    (Y': 11.9822   Cb: 12.6473   Cr: 14.536  )
00000286: 12.4184   (Y': 11.9894   Cb: 12.567    Cr: 14.506  )
00000287: 12.4249   (Y': 11.9935   Cb: 12.606    Cr: 14.4795 )
00000288: 12.4489   (Y': 12.0165   Cb: 12.6223   Cr: 14.5227 )
00000289: 12.466    (Y': 12.0239   Cb: 12.6488   Cr: 14.5949 )
00000290: 12.4239   (Y': 11.9967   Cb: 12.5811   Cr: 14.4853 )
00000291: 12.4254   (Y': 11.9955   Cb: 12.615    Cr: 14.4568 )
00000292: 12.4194   (Y': 11.9748   Cb: 12.5924   Cr: 14.5814 )
00000293: 12.4396   (Y': 12.0018   Cb: 12.6066   Cr: 14.5616 )
00000294: 12.4815   (Y': 12.0675   Cb: 12.5693   Cr: 14.5587 )
00000295: 12.4565   (Y': 12.0306   Cb: 12.6034   Cr: 14.5246 )
00000296: 12.4552   (Y': 12.0123   Cb: 12.6557   Cr: 14.5619 )
00000297: 12.4673   (Y': 12.0148   Cb: 12.6746   Cr: 14.6329 )
00000299: 12.4853   (Y': 12.0748   Cb: 12.5837   Cr: 14.5209 )
00000298: 12.4154   (Y': 11.9922   Cb: 12.5159   Cr: 14.5373 )
00000300: 12.4869   (Y': 12.066    Cb: 12.606    Cr: 14.5628 )
00000301: 12.4913   (Y': 12.067    Cb: 12.6      Cr: 14.6077 )
00000302: 12.4177   (Y': 11.9726   Cb: 12.6018   Cr: 14.5663 )
00000303: 12.445    (Y': 11.9966   Cb: 12.6642   Cr: 14.5628 )
00000304: 12.4556   (Y': 12.0133   Cb: 12.6183   Cr: 14.6167 )
00000305: 12.4735   (Y': 12.0563   Cb: 12.5624   Cr: 14.5712 )
00000306: 12.5057   (Y': 12.0743   Cb: 12.636    Cr: 14.639  )
00000307: 12.4583   (Y': 12.0283   Cb: 12.6195   Cr: 14.5342 )
00000308: 12.4531   (Y': 12.0058   Cb: 12.6819   Cr: 14.5471 )
00000309: 12.4896   (Y': 12.0593   Cb: 12.6275   Cr: 14.6038 )
00000310: 12.4606   (Y': 12.036    Cb: 12.5905   Cr: 14.5455 )
00000311: 12.4826   (Y': 12.07     Cb: 12.5966   Cr: 14.5082 )
00000312: 12.4898   (Y': 12.0689   Cb: 12.579    Cr: 14.6128 )
00000313: 12.4583   (Y': 12.027    Cb: 12.6165   Cr: 14.5482 )
00000314: 12.4556   (Y': 12.0308   Cb: 12.5992   Cr: 14.5212 )
00000315: 12.4659   (Y': 12.0443   Cb: 12.5888   Cr: 14.5417 )
00000316: 12.4869   (Y': 12.0551   Cb: 12.6397   Cr: 14.5881 )
00000317: 12.4892   (Y': 12.0688   Cb: 12.6306   Cr: 14.5277 )
00000318: 12.4594   (Y': 12.0338   Cb: 12.5642   Cr: 14.5919 )
00000319: 12.4765   (Y': 12.057    Cb: 12.5801   Cr: 14.5664 )
00000320: 12.4745   (Y': 12.0428   Cb: 12.5962   Cr: 14.6243 )
00000321: 12.4609   (Y': 12.0444   Cb: 12.5659   Cr: 14.528  )
00000323: 12.4789   (Y': 12.0363   Cb: 12.6521   Cr: 14.626  )
00000322: 12.5048   (Y': 12.0888   Cb: 12.6651   Cr: 14.4829 )
00000324: 12.4641   (Y': 12.0322   Cb: 12.6037   Cr: 14.5874 )
00000326: 12.4156   (Y': 11.9819   Cb: 12.5869   Cr: 14.501  )
00000325: 12.4589   (Y': 12.0227   Cb: 12.6426   Cr: 14.5437 )
00000327: 12.4465   (Y': 12.0003   Cb: 12.6137   Cr: 14.6295 )
00000328: 12.4562   (Y': 12.0408   Cb: 12.5351   Cr: 14.5569 )
00000329: 12.4463   (Y': 12.0228   Cb: 12.5484   Cr: 14.5679 )
00000331: 12.4733   (Y': 12.0502   Cb: 12.6439   Cr: 14.4853 )
00000330: 12.4561   (Y': 12.0157   Cb: 12.6398   Cr: 14.5708 )
00000332: 12.4248   (Y': 11.977    Cb: 12.6449   Cr: 14.5357 )
00000334: 12.4985   (Y': 12.0717   Cb: 12.641    Cr: 14.5804 )
00000333: 12.448    (Y': 12.0045   Cb: 12.675    Cr: 14.5176 )
00000335: 12.4791   (Y': 12.0586   Cb: 12.6252   Cr: 14.5103 )
00000336: 12.4901   (Y': 12.0432   Cb: 12.6776   Cr: 14.646  )
00000337: 12.4903   (Y': 12.0566   Cb: 12.6732   Cr: 14.5577 )
00000338: 12.4157   (Y': 11.9849   Cb: 12.5791   Cr: 14.4933 )
00000339: 12.5032   (Y': 12.0778   Cb: 12.6758   Cr: 14.5277 )
00000340: 12.5121   (Y': 12.0955   Cb: 12.6448   Cr: 14.5365 )
00000341: 12.5529   (Y': 12.1491   Cb: 12.6255   Cr: 14.5813 )
00000342: 12.6317   (Y': 12.2535   Cb: 12.6332   Cr: 14.5942 )
00000343: 12.6297   (Y': 12.2365   Cb: 12.6747   Cr: 14.6274 )
00000344: 12.6766   (Y': 12.3063   Cb: 12.682    Cr: 14.5796 )
00000345: 12.6774   (Y': 12.3004   Cb: 12.6717   Cr: 14.6439 )
00000346: 12.6736   (Y': 12.3111   Cb: 12.6321   Cr: 14.5973 )
00000348: 12.6603   (Y': 12.2877   Cb: 12.6641   Cr: 14.5809 )
00000347: 12.6369   (Y': 12.2566   Cb: 12.6386   Cr: 14.6131 )
00000349: 12.5331   (Y': 12.1449   Cb: 12.5666   Cr: 14.514  )
00000350: 12.5695   (Y': 12.1599   Cb: 12.645    Cr: 14.6347 )
00000351: 12.5437   (Y': 12.1419   Cb: 12.6399   Cr: 14.5217 )
00000352: 12.5543   (Y': 12.152    Cb: 12.6562   Cr: 14.5273 )
00000353: 12.5361   (Y': 12.137    Cb: 12.6054   Cr: 14.5366 )
00000354: 12.5351   (Y': 12.124    Cb: 12.6088   Cr: 14.6138 )
00000355: 12.4817   (Y': 12.0517   Cb: 12.6019   Cr: 14.6212 )
00000356: 12.4989   (Y': 12.0723   Cb: 12.5846   Cr: 14.6696 )
00000357: 12.485    (Y': 12.0537   Cb: 12.6298   Cr: 14.5944 )
00000358: 12.4546   (Y': 12.0286   Cb: 12.5688   Cr: 14.5748 )
00000359: 12.4888   (Y': 12.0589   Cb: 12.6081   Cr: 14.6288 )
00000360: 12.4818   (Y': 12.0605   Cb: 12.5833   Cr: 14.5887 )
00000361: 12.4754   (Y': 12.0566   Cb: 12.5793   Cr: 14.5602 )
00000362: 12.4501   (Y': 12.0124   Cb: 12.61     Cr: 14.5823 )
00000363: 12.5103   (Y': 12.0995   Cb: 12.5897   Cr: 14.5771 )
00000364: 12.6016   (Y': 12.2037   Cb: 12.6646   Cr: 14.6035 )
00000365: 12.6114   (Y': 12.2087   Cb: 12.6939   Cr: 14.6172 )
00000366: 12.5724   (Y': 12.1728   Cb: 12.6647   Cr: 14.5411 )
00000367: 12.5812   (Y': 12.1958   Cb: 12.6327   Cr: 14.5157 )
00000368: 12.5807   (Y': 12.1863   Cb: 12.6342   Cr: 14.5741 )
00000369: 12.5941   (Y': 12.1826   Cb: 12.6704   Cr: 14.671  )
00000370: 12.5848   (Y': 12.1856   Cb: 12.6077   Cr: 14.6599 )
00000371: 12.584    (Y': 12.1738   Cb: 12.6717   Cr: 14.6335 )
00000372: 12.5896   (Y': 12.187    Cb: 12.6063   Cr: 14.6989 )
00000373: 12.5685   (Y': 12.167    Cb: 12.653    Cr: 14.5623 )
00000374: 12.5746   (Y': 12.1662   Cb: 12.6183   Cr: 14.6821 )
00000375: 12.497    (Y': 12.0774   Cb: 12.6003   Cr: 14.589  )
00000376: 12.5194   (Y': 12.0976   Cb: 12.6279   Cr: 14.6183 )
00000377: 12.5374   (Y': 12.1233   Cb: 12.6193   Cr: 14.624  )
00000378: 12.4633   (Y': 12.0377   Cb: 12.6113   Cr: 14.5276 )
00000380: 12.4887   (Y': 12.0649   Cb: 12.5698   Cr: 14.6463 )
00000379: 12.5286   (Y': 12.1047   Cb: 12.6717   Cr: 14.5882 )
00000381: 12.5326   (Y': 12.1186   Cb: 12.6105   Cr: 14.6245 )
00000382: 12.5804   (Y': 12.174    Cb: 12.6706   Cr: 14.5996 )
00000383: 12.5539   (Y': 12.1398   Cb: 12.6605   Cr: 14.6015 )
00000384: 12.5099   (Y': 12.0959   Cb: 12.5968   Cr: 14.5878 )
00000385: 12.5034   (Y': 12.0711   Cb: 12.6164   Cr: 14.6709 )
00000386: 12.5027   (Y': 12.0777   Cb: 12.6087   Cr: 14.6289 )
00000387: 12.5055   (Y': 12.1028   Cb: 12.5648   Cr: 14.5466 )
00000388: 12.4445   (Y': 12.0104   Cb: 12.5778   Cr: 14.5925 )
00000389: 12.3893   (Y': 11.9495   Cb: 12.527    Cr: 14.572  )
00000390: 12.4504   (Y': 12.0192   Cb: 12.5646   Cr: 14.6079 )
00000391: 12.4176   (Y': 11.9951   Cb: 12.5309   Cr: 14.5145 )
00000392: 12.4448   (Y': 12.0091   Cb: 12.593    Cr: 14.5818 )
00000393: 12.436    (Y': 12.0069   Cb: 12.5585   Cr: 14.5656 )
00000394: 12.4565   (Y': 12.0274   Cb: 12.5939   Cr: 14.5623 )
00000395: 12.462    (Y': 12.0343   Cb: 12.5939   Cr: 14.5666 )
00000396: 12.4376   (Y': 12.0169   Cb: 12.5015   Cr: 14.6004 )
00000397: 12.4363   (Y': 12.0056   Cb: 12.5981   Cr: 14.5152 )
00000398: 12.4541   (Y': 12.0256   Cb: 12.6153   Cr: 14.5181 )
00000399: 12.4299   (Y': 11.9818   Cb: 12.6213   Cr: 14.5881 )
00000400: 12.4528   (Y': 12.0331   Cb: 12.5511   Cr: 14.5529 )
00000401: 12.4379   (Y': 11.9962   Cb: 12.6075   Cr: 14.5842 )
00000402: 12.42     (Y': 11.9771   Cb: 12.5964   Cr: 14.5641 )
00000403: 12.4553   (Y': 12.0138   Cb: 12.6319   Cr: 14.5888 )
00000404: 12.469    (Y': 12.0501   Cb: 12.5698   Cr: 14.5593 )
00000405: 12.4409   (Y': 12.0061   Cb: 12.5846   Cr: 14.5773 )
00000406: 12.4443   (Y': 12.0068   Cb: 12.5855   Cr: 14.6043 )
00000407: 12.446    (Y': 12.021    Cb: 12.562    Cr: 14.5561 )
00000408: 12.4719   (Y': 12.0462   Cb: 12.574    Cr: 14.6095 )
00000409: 12.4875   (Y': 12.0856   Cb: 12.5731   Cr: 14.4824 )
00000410: 12.4844   (Y': 12.0532   Cb: 12.6033   Cr: 14.6344 )
00000411: 12.4979   (Y': 12.0775   Cb: 12.5898   Cr: 14.6139 )
00000412: 12.4836   (Y': 12.0653   Cb: 12.6103   Cr: 14.5291 )
00000413: 12.4547   (Y': 12.019    Cb: 12.5933   Cr: 14.6062 )
00000414: 12.4869   (Y': 12.073    Cb: 12.565    Cr: 14.5782 )
00000415: 12.4826   (Y': 12.0603   Cb: 12.5971   Cr: 14.5766 )
00000416: 12.4574   (Y': 12.0288   Cb: 12.5629   Cr: 14.6103 )
00000417: 12.4314   (Y': 12.0042   Cb: 12.5661   Cr: 14.5281 )
00000418: 12.482    (Y': 12.0621   Cb: 12.6065   Cr: 14.5424 )
00000419: 12.6085   (Y': 12.2137   Cb: 12.6439   Cr: 14.633  )
00000420: 12.6013   (Y': 12.2174   Cb: 12.6291   Cr: 14.5617 )
00000421: 12.5902   (Y': 12.2192   Cb: 12.5464   Cr: 14.5753 )
00000422: 12.531    (Y': 12.1228   Cb: 12.6041   Cr: 14.5893 )
00000423: 12.5386   (Y': 12.1361   Cb: 12.6059   Cr: 14.567  )
00000424: 12.5743   (Y': 12.1871   Cb: 12.592    Cr: 14.574  )
00000425: 12.5249   (Y': 12.124    Cb: 12.5982   Cr: 14.5327 )
00000426: 12.5276   (Y': 12.1176   Cb: 12.6036   Cr: 14.594  )
00000427: 12.5032   (Y': 12.1047   Cb: 12.5536   Cr: 14.5294 )
00000428: 12.4783   (Y': 12.0708   Cb: 12.5598   Cr: 14.5192 )
00000429: 12.5198   (Y': 12.1431   Cb: 12.5083   Cr: 14.4928 )
00000430: 12.5364   (Y': 12.1301   Cb: 12.5888   Cr: 14.6146 )
00000431: 12.5518   (Y': 12.1824   Cb: 12.5043   Cr: 14.5324 )
00000432: 12.5336   (Y': 12.1197   Cb: 12.6387   Cr: 14.5821 )
00000433: 12.4968   (Y': 12.1054   Cb: 12.5591   Cr: 14.4553 )
00000434: 12.4952   (Y': 12.0912   Cb: 12.5514   Cr: 14.551  )
00000435: 12.4969   (Y': 12.0995   Cb: 12.5521   Cr: 14.508  )
00000436: 12.5023   (Y': 12.0855   Cb: 12.6113   Cr: 14.5648 )
00000437: 12.525    (Y': 12.1249   Cb: 12.5971   Cr: 14.5278 )
00000438: 12.5498   (Y': 12.1466   Cb: 12.6121   Cr: 14.5906 )
00000439: 12.5066   (Y': 12.1171   Cb: 12.5487   Cr: 14.4835 )
00000440: 12.4869   (Y': 12.0699   Cb: 12.584    Cr: 14.57   )
00000441: 12.5018   (Y': 12.1079   Cb: 12.5417   Cr: 14.5125 )
00000442: 12.499    (Y': 12.088    Cb: 12.5789   Cr: 14.5669 )
00000443: 12.485    (Y': 12.0905   Cb: 12.519    Cr: 14.5098 )
00000444: 12.4816   (Y': 12.0741   Cb: 12.5524   Cr: 14.5389 )
00000445: 12.4396   (Y': 12.0123   Cb: 12.5584   Cr: 14.562  )
00000446: 12.4877   (Y': 12.0584   Cb: 12.6263   Cr: 14.5931 )
00000447: 12.4916   (Y': 12.0667   Cb: 12.6418   Cr: 14.548  )
00000448: 12.4828   (Y': 12.059    Cb: 12.6238   Cr: 14.5447 )
00000449: 12.5063   (Y': 12.1078   Cb: 12.5623   Cr: 14.5234 )
00000450: 12.4583   (Y': 12.0472   Cb: 12.5766   Cr: 14.4671 )
00000451: 12.4547   (Y': 12.0396   Cb: 12.5797   Cr: 14.4809 )
00000452: 12.4576   (Y': 12.0373   Cb: 12.6061   Cr: 14.4839 )
00000453: 12.4911   (Y': 12.0937   Cb: 12.5677   Cr: 14.469  )
00000454: 12.4664   (Y': 12.0424   Cb: 12.5869   Cr: 14.5629 )
00000455: 12.4828   (Y': 12.0818   Cb: 12.5124   Cr: 14.559  )
00000456: 12.5052   (Y': 12.1111   Cb: 12.5437   Cr: 14.5194 )
00000457: 12.4591   (Y': 12.0282   Cb: 12.5787   Cr: 14.6066 )
00000458: 12.4557   (Y': 12.0477   Cb: 12.5416   Cr: 14.4931 )
00000459: 12.4425   (Y': 12.0125   Cb: 12.5711   Cr: 14.5689 )
00000460: 12.4519   (Y': 12.0336   Cb: 12.5538   Cr: 14.5366 )
00000461: 12.4531   (Y': 12.0302   Cb: 12.585    Cr: 14.5236 )
00000462: 12.4791   (Y': 12.0763   Cb: 12.5825   Cr: 14.4531 )
00000463: 12.4626   (Y': 12.028    Cb: 12.6342   Cr: 14.5543 )
00000464: 12.4757   (Y': 12.0598   Cb: 12.585    Cr: 14.5319 )
00000465: 12.4227   (Y': 11.9942   Cb: 12.5506   Cr: 14.5399 )
00000466: 12.4764   (Y': 12.062    Cb: 12.5694   Cr: 14.5476 )
00000467: 12.4643   (Y': 12.0509   Cb: 12.59     Cr: 14.4771 )
00000468: 12.5062   (Y': 12.0968   Cb: 12.5963   Cr: 14.5464 )
00000469: 12.5397   (Y': 12.1355   Cb: 12.6242   Cr: 14.5521 )
00000470: 12.6267   (Y': 12.2332   Cb: 12.7072   Cr: 14.5715 )
00000471: 12.5961   (Y': 12.2036   Cb: 12.6183   Cr: 14.6256 )
00000472: 12.617    (Y': 12.2285   Cb: 12.6565   Cr: 14.591  )
00000473: 12.4391   (Y': 12.0163   Cb: 12.567    Cr: 14.5147 )
00000474: 12.4835   (Y': 12.0682   Cb: 12.6085   Cr: 14.5107 )
00000475: 12.4991   (Y': 12.1082   Cb: 12.5328   Cr: 14.4991 )
00000476: 12.5054   (Y': 12.0764   Cb: 12.6207   Cr: 14.6451 )
00000477: 12.4683   (Y': 12.0515   Cb: 12.5691   Cr: 14.544  )
00000478: 12.4802   (Y': 12.0423   Cb: 12.6481   Cr: 14.6016 )
00000479: 12.4923   (Y': 12.0753   Cb: 12.5752   Cr: 14.5977 )
00000480: 12.5037   (Y': 12.0961   Cb: 12.5771   Cr: 14.5582 )
00000481: 12.5194   (Y': 12.1143   Cb: 12.573    Cr: 14.5867 )
00000482: 12.5348   (Y': 12.1334   Cb: 12.5944   Cr: 14.5661 )
00000483: 12.4991   (Y': 12.0855   Cb: 12.6093   Cr: 14.5378 )
00000484: 12.5351   (Y': 12.1424   Cb: 12.6067   Cr: 14.4885 )
00000485: 12.4776   (Y': 12.0666   Cb: 12.5784   Cr: 14.5122 )
00000486: 12.4399   (Y': 11.9973   Cb: 12.6524   Cr: 14.5261 )
00000487: 12.4734   (Y': 12.0742   Cb: 12.5407   Cr: 14.478  )
00000488: 12.4628   (Y': 12.0372   Cb: 12.5932   Cr: 14.5542 )
00000489: 12.472    (Y': 12.0578   Cb: 12.5652   Cr: 14.5407 )
00000490: 12.476    (Y': 12.0528   Cb: 12.6086   Cr: 14.5474 )
00000491: 12.5166   (Y': 12.0983   Cb: 12.6013   Cr: 14.6285 )
00000492: 12.5499   (Y': 12.1515   Cb: 12.6028   Cr: 14.5721 )
00000493: 12.5147   (Y': 12.0888   Cb: 12.6637   Cr: 14.5794 )
00000494: 12.5401   (Y': 12.1262   Cb: 12.662    Cr: 14.5624 )
00000495: 12.555    (Y': 12.1507   Cb: 12.6003   Cr: 14.6305 )
00000496: 12.6336   (Y': 12.2594   Cb: 12.5984   Cr: 14.6276 )
00000497: 12.6965   (Y': 12.3377   Cb: 12.6168   Cr: 14.6548 )
00000498: 12.5708   (Y': 12.1522   Cb: 12.6692   Cr: 14.6638 )
00000499: 12.4917   (Y': 12.0819   Cb: 12.5829   Cr: 14.5333 )
00000500: 12.5506   (Y': 12.1359   Cb: 12.6338   Cr: 14.6395 )
00000501: 12.4776   (Y': 12.0697   Cb: 12.5544   Cr: 14.5283 )
00000502: 12.5491   (Y': 12.176    Cb: 12.5221   Cr: 14.5219 )
00000503: 12.5336   (Y': 12.1077   Cb: 12.6431   Cr: 14.6609 )
00000504: 12.5361   (Y': 12.14     Cb: 12.5809   Cr: 14.554  )
00000505: 12.5123   (Y': 12.0883   Cb: 12.6296   Cr: 14.6136 )
00000506: 12.5847   (Y': 12.192    Cb: 12.6187   Cr: 14.596  )
00000507: 12.5077   (Y': 12.093    Cb: 12.5967   Cr: 14.5868 )
00000508: 12.5492   (Y': 12.1613   Cb: 12.5881   Cr: 14.5198 )
00000509: 12.5017   (Y': 12.0994   Cb: 12.5775   Cr: 14.5148 )
00000510: 12.4882   (Y': 12.0838   Cb: 12.5766   Cr: 14.496  )
00000511: 12.5107   (Y': 12.1091   Cb: 12.616    Cr: 14.4734 )
00000512: 12.4839   (Y': 12.0844   Cb: 12.5873   Cr: 14.4347 )
00000513: 12.536    (Y': 12.1261   Cb: 12.6085   Cr: 14.6083 )
00000514: 12.4993   (Y': 12.0782   Cb: 12.6321   Cr: 14.5555 )
00000515: 12.4762   (Y': 12.0641   Cb: 12.5838   Cr: 14.5079 )
00000516: 12.4767   (Y': 12.0632   Cb: 12.5549   Cr: 14.5651 )
00000517: 12.4779   (Y': 12.067    Cb: 12.5277   Cr: 14.5927 )
00000518: 12.4997   (Y': 12.0784   Cb: 12.6181   Cr: 14.5799 )
00000519: 12.5266   (Y': 12.1348   Cb: 12.5327   Cr: 14.5768 )
00000520: 12.5154   (Y': 12.1018   Cb: 12.596    Cr: 14.6003 )
00000521: 12.4821   (Y': 12.0882   Cb: 12.5239   Cr: 14.4895 )
00000522: 12.5216   (Y': 12.1227   Cb: 12.6012   Cr: 14.505  )
00000523: 12.491    (Y': 12.0742   Cb: 12.6194   Cr: 14.5238 )
00000524: 12.5354   (Y': 12.1388   Cb: 12.6085   Cr: 14.5132 )
00000525: 12.4273   (Y': 12.0261   Cb: 12.4959   Cr: 14.4439 )
00000526: 12.4603   (Y': 12.0329   Cb: 12.5886   Cr: 14.5682 )
00000527: 12.4754   (Y': 12.0629   Cb: 12.5497   Cr: 14.5626 )
00000528: 12.4697   (Y': 12.0476   Cb: 12.6      Cr: 14.5371 )
00000529: 12.4552   (Y': 12.0381   Cb: 12.5257   Cr: 14.5809 )
00000530: 12.4467   (Y': 12.038    Cb: 12.5305   Cr: 14.492  )
00000531: 12.471    (Y': 12.0582   Cb: 12.5451   Cr: 14.561  )
00000532: 12.4661   (Y': 12.0475   Cb: 12.5749   Cr: 14.5423 )
00000533: 12.4466   (Y': 12.0159   Cb: 12.5798   Cr: 14.5706 )
00000534: 12.4368   (Y': 12.0123   Cb: 12.593    Cr: 14.481  )
00000535: 12.471    (Y': 12.0449   Cb: 12.6117   Cr: 14.5505 )
00000536: 12.4729   (Y': 12.0409   Cb: 12.6509   Cr: 14.5363 )
00000537: 12.4471   (Y': 12.0156   Cb: 12.5747   Cr: 14.5854 )
00000538: 12.4777   (Y': 12.0579   Cb: 12.6065   Cr: 14.5307 )
00000539: 12.4367   (Y': 12.01     Cb: 12.571    Cr: 14.5308 )
00000540: 12.4448   (Y': 12.023    Cb: 12.5643   Cr: 14.5266 )
00000541: 12.4352   (Y': 11.9938   Cb: 12.6215   Cr: 14.5526 )
00000542: 12.4236   (Y': 11.9972   Cb: 12.5449   Cr: 14.5355 )
00000543: 12.4466   (Y': 12.0156   Cb: 12.5881   Cr: 14.5606 )
00000544: 12.4374   (Y': 12.023    Cb: 12.525    Cr: 14.5171 )
00000545: 12.4988   (Y': 12.0847   Cb: 12.6057   Cr: 14.5459 )
00000546: 12.4506   (Y': 12.0196   Cb: 12.6279   Cr: 14.5082 )
00000547: 12.4813   (Y': 12.0629   Cb: 12.567    Cr: 14.5925 )
00000548: 12.45     (Y': 12.0285   Cb: 12.6023   Cr: 14.4788 )
00000549: 12.4239   (Y': 12.0024   Cb: 12.5475   Cr: 14.4967 )
00000550: 12.4577   (Y': 12.0358   Cb: 12.626    Cr: 14.4643 )
00000551: 12.4637   (Y': 12.0465   Cb: 12.5909   Cr: 14.5017 )
00000552: 12.4626   (Y': 12.0439   Cb: 12.5957   Cr: 14.5018 )
00000553: 12.468    (Y': 12.0387   Cb: 12.6013   Cr: 14.582  )
00000554: 12.4732   (Y': 12.0452   Cb: 12.6039   Cr: 14.5821 )
00000555: 12.4458   (Y': 12.0121   Cb: 12.5732   Cr: 14.6004 )
00000556: 12.4592   (Y': 12.0289   Cb: 12.6199   Cr: 14.5376 )
00000557: 12.4605   (Y': 12.0429   Cb: 12.6027   Cr: 14.4779 )
00000558: 12.4706   (Y': 12.0466   Cb: 12.5889   Cr: 14.5698 )
00000559: 12.4655   (Y': 12.0593   Cb: 12.5391   Cr: 14.5092 )
00000560: 12.4326   (Y': 12.0236   Cb: 12.5258   Cr: 14.4651 )
00000561: 12.4445   (Y': 12.0207   Cb: 12.5688   Cr: 14.5333 )
00000562: 12.4355   (Y': 12.0113   Cb: 12.5623   Cr: 14.5235 )
00000563: 12.4489   (Y': 12.0268   Cb: 12.5706   Cr: 14.5303 )
00000564: 12.4722   (Y': 12.049    Cb: 12.6129   Cr: 14.5311 )
00000565: 12.4749   (Y': 12.0469   Cb: 12.6034   Cr: 14.5872 )
00000566: 12.4442   (Y': 12.0145   Cb: 12.5828   Cr: 14.5527 )
00000567: 12.4662   (Y': 12.0542   Cb: 12.6045   Cr: 14.4495 )
00000568: 12.51     (Y': 12.0881   Cb: 12.6254   Cr: 14.599  )
00000569: 12.4801   (Y': 12.0505   Cb: 12.5999   Cr: 14.6176 )
00000570: 12.4789   (Y': 12.0592   Cb: 12.6068   Cr: 14.5331 )
00000571: 12.447    (Y': 12.03     Cb: 12.5326   Cr: 14.5485 )
00000572: 12.4494   (Y': 12.0141   Cb: 12.6147   Cr: 14.5555 )
00000573: 12.4539   (Y': 12.0416   Cb: 12.5309   Cr: 14.5352 )
00000574: 12.465    (Y': 12.0556   Cb: 12.589    Cr: 14.4525 )
00000575: 12.4828   (Y': 12.0618   Cb: 12.5951   Cr: 14.5706 )
00000576: 12.4853   (Y': 12.0572   Cb: 12.6277   Cr: 14.5764 )
00000577: 12.4662   (Y': 12.0589   Cb: 12.5681   Cr: 14.4734 )
00000578: 12.4549   (Y': 12.0436   Cb: 12.5571   Cr: 14.4895 )
00000579: 12.4709   (Y': 12.0419   Cb: 12.6062   Cr: 14.5789 )
00000580: 12.4798   (Y': 12.0675   Cb: 12.5667   Cr: 14.5456 )
00000581: 12.4825   (Y': 12.074    Cb: 12.595    Cr: 14.4822 )
00000582: 12.495    (Y': 12.0628   Cb: 12.6475   Cr: 14.5997 )
00000583: 12.4383   (Y': 12.0244   Cb: 12.5358   Cr: 14.4985 )
00000584: 12.4713   (Y': 12.0532   Cb: 12.6529   Cr: 14.4317 )
00000585: 12.4612   (Y': 12.0261   Cb: 12.6185   Cr: 14.5791 )
00000586: 12.426    (Y': 11.9832   Cb: 12.5777   Cr: 14.6089 )
00000587: 12.4709   (Y': 12.062    Cb: 12.6016   Cr: 14.4456 )
00000588: 12.5019   (Y': 12.0769   Cb: 12.6271   Cr: 14.5977 )
00000589: 12.4741   (Y': 12.0646   Cb: 12.5459   Cr: 14.5436 )
00000590: 12.4647   (Y': 12.0579   Cb: 12.5296   Cr: 14.5266 )
00000591: 12.4521   (Y': 12.0297   Cb: 12.545    Cr: 14.5802 )
00000592: 12.5406   (Y': 12.1421   Cb: 12.6158   Cr: 14.5276 )
00000593: 12.603    (Y': 12.2089   Cb: 12.6366   Cr: 14.625  )
00000594: 12.5659   (Y': 12.1681   Cb: 12.6394   Cr: 14.5513 )
00000595: 12.5619   (Y': 12.1836   Cb: 12.5936   Cr: 14.4778 )
00000596: 12.6559   (Y': 12.3139   Cb: 12.5823   Cr: 14.4921 )
00000597: 12.7047   (Y': 12.3398   Cb: 12.676    Cr: 14.6241 )
00000598: 12.6015   (Y': 12.214    Cb: 12.6168   Cr: 14.6074 )
00000599: 12.5407   (Y': 12.1538   Cb: 12.6164   Cr: 14.4481 )
00000600: 12.4842   (Y': 12.0568   Cb: 12.584    Cr: 14.6374 )
00000601: 12.5014   (Y': 12.0919   Cb: 12.5865   Cr: 14.5507 )
00000602: 12.5124   (Y': 12.0927   Cb: 12.6771   Cr: 14.5101 )
00000603: 12.5416   (Y': 12.1371   Cb: 12.5969   Cr: 14.6027 )
00000604: 12.5777   (Y': 12.1847   Cb: 12.6138   Cr: 14.5881 )
00000605: 12.5538   (Y': 12.1667   Cb: 12.6005   Cr: 14.5069 )
00000606: 12.5154   (Y': 12.107    Cb: 12.5972   Cr: 14.5617 )
00000607: 12.5057   (Y': 12.103    Cb: 12.5508   Cr: 14.5697 )
00000608: 12.46     (Y': 12.0528   Cb: 12.5723   Cr: 14.4506 )
00000609: 12.448    (Y': 12.0405   Cb: 12.5395   Cr: 14.473  )
00000610: 12.4649   (Y': 12.0553   Cb: 12.57     Cr: 14.4833 )
00000611: 12.4648   (Y': 12.0541   Cb: 12.5385   Cr: 14.5403 )
00000612: 12.4384   (Y': 12.0166   Cb: 12.5499   Cr: 14.5328 )
00000613: 12.4601   (Y': 12.0481   Cb: 12.557    Cr: 14.508  )
00000614: 12.4709   (Y': 12.0555   Cb: 12.5639   Cr: 14.549  )
00000615: 12.4549   (Y': 12.0484   Cb: 12.5583   Cr: 14.4548 )
00000616: 12.4264   (Y': 12.0193   Cb: 12.5136   Cr: 14.4553 )
00000617: 12.4589   (Y': 12.0674   Cb: 12.4855   Cr: 14.4737 )
00000618: 12.453    (Y': 12.0394   Cb: 12.5783   Cr: 14.4682 )
00000619: 12.4376   (Y': 12.0196   Cb: 12.5464   Cr: 14.5097 )
00000620: 12.4635   (Y': 12.0588   Cb: 12.5672   Cr: 14.4499 )
00000621: 12.4939   (Y': 12.0801   Cb: 12.6099   Cr: 14.5247 )
00000622: 12.4762   (Y': 12.0758   Cb: 12.5444   Cr: 14.4875 )
00000623: 12.4976   (Y': 12.1086   Cb: 12.5289   Cr: 14.4885 )
00000624: 12.4836   (Y': 12.063    Cb: 12.6058   Cr: 14.5525 )
00000625: 12.4993   (Y': 12.0972   Cb: 12.6119   Cr: 14.4542 )
00000626: 12.4634   (Y': 12.0446   Cb: 12.5646   Cr: 14.5529 )
00000627: 12.4661   (Y': 12.0447   Cb: 12.5812   Cr: 14.5522 )
00000628: 12.4374   (Y': 12.01     Cb: 12.5946   Cr: 14.5011 )
00000629: 12.4776   (Y': 12.0536   Cb: 12.611    Cr: 14.5535 )
00000630: 12.486    (Y': 12.0791   Cb: 12.6126   Cr: 14.4525 )
00000631: 12.4998   (Y': 12.1016   Cb: 12.5704   Cr: 14.4929 )
00000632: 12.5692   (Y': 12.1636   Cb: 12.6442   Cr: 14.606  )
00000633: 12.5432   (Y': 12.1741   Cb: 12.5296   Cr: 14.4679 )
00000634: 12.5422   (Y': 12.1726   Cb: 12.5104   Cr: 14.4989 )
00000635: 12.5515   (Y': 12.1589   Cb: 12.5539   Cr: 14.6123 )
00000636: 12.5163   (Y': 12.1201   Cb: 12.554    Cr: 14.5465 )
00000637: 12.5678   (Y': 12.1833   Cb: 12.5596   Cr: 14.5886 )
00000638: 12.571    (Y': 12.2008   Cb: 12.5255   Cr: 14.5536 )
00000639: 12.7011   (Y': 12.3439   Cb: 12.6225   Cr: 14.6474 )
00000640: 12.6703   (Y': 12.3296   Cb: 12.5847   Cr: 14.5166 )
00000641: 12.6515   (Y': 12.3167   Cb: 12.5267   Cr: 14.5205 )
00000642: 12.623    (Y': 12.2778   Cb: 12.5279   Cr: 14.5137 )
00000643: 12.5091   (Y': 12.1049   Cb: 12.577    Cr: 14.5483 )
00000644: 12.4889   (Y': 12.0947   Cb: 12.5299   Cr: 14.5003 )
00000645: 12.535    (Y': 12.144    Cb: 12.523    Cr: 14.6079 )
00000646: 12.5304   (Y': 12.1488   Cb: 12.554    Cr: 14.4817 )
00000647: 12.5673   (Y': 12.175    Cb: 12.6256   Cr: 14.5378 )
00000648: 12.6239   (Y': 12.256    Cb: 12.6054   Cr: 14.5479 )
00000649: 12.5674   (Y': 12.1875   Cb: 12.6153   Cr: 14.4695 )
00000650: 12.5601   (Y': 12.1606   Cb: 12.6134   Cr: 14.589  )
00000651: 12.5895   (Y': 12.2224   Cb: 12.5334   Cr: 14.5677 )
00000653: 12.5218   (Y': 12.1343   Cb: 12.5589   Cr: 14.4932 )
00000652: 12.5806   (Y': 12.2175   Cb: 12.5241   Cr: 14.532  )
00000654: 12.5173   (Y': 12.1261   Cb: 12.5089   Cr: 14.5861 )
00000655: 12.5109   (Y': 12.1257   Cb: 12.5021   Cr: 14.5382 )
00000656: 12.5417   (Y': 12.1524   Cb: 12.5931   Cr: 14.5024 )
00000657: 12.5481   (Y': 12.158    Cb: 12.6018   Cr: 14.5114 )
00000658: 12.5022   (Y': 12.0925   Cb: 12.6073   Cr: 14.5213 )
00000659: 12.5845   (Y': 12.1872   Cb: 12.643    Cr: 14.5902 )
00000660: 12.5566   (Y': 12.1676   Cb: 12.5846   Cr: 14.5522 )
00000661: 13.7247   (Y': 13.6284   Cb: 13.0035   Cr: 15.0935 )
00000662: 14.0043   (Y': 13.971    Cb: 13.1041   Cr: 15.3187 )
00000663: 14.0413   (Y': 13.9702   Cb: 13.2115   Cr: 15.4473 )
00000664: 13.5831   (Y': 13.4212   Cb: 13.0445   Cr: 15.034  )
00000665: 12.8442   (Y': 12.5277   Cb: 12.6568   Cr: 14.6917 )
00000666: 12.5874   (Y': 12.2003   Cb: 12.6013   Cr: 14.5913 )
00000667: 12.4681   (Y': 12.055    Cb: 12.5546   Cr: 14.5401 )
00000668: 12.4816   (Y': 12.0642   Cb: 12.5674   Cr: 14.5861 )
00000669: 12.4473   (Y': 12.0321   Cb: 12.5441   Cr: 14.5187 )
00000670: 12.4621   (Y': 12.0375   Cb: 12.5763   Cr: 14.5726 )
00000671: 12.4502   (Y': 12.032    Cb: 12.5679   Cr: 14.5089 )
00000672: 12.4719   (Y': 12.0632   Cb: 12.5098   Cr: 14.5904 )
00000673: 12.4514   (Y': 12.0218   Cb: 12.58     Cr: 14.575  )
00000674: 12.4564   (Y': 12.0479   Cb: 12.5416   Cr: 14.4984 )
00000675: 12.4579   (Y': 12.0345   Cb: 12.5742   Cr: 14.5562 )
00000677: 12.4884   (Y': 12.0836   Cb: 12.5467   Cr: 14.5469 )
00000676: 12.4658   (Y': 12.0573   Cb: 12.557    Cr: 14.498  )
00000678: 12.4796   (Y': 12.0745   Cb: 12.5477   Cr: 14.5241 )
00000679: 12.4694   (Y': 12.066    Cb: 12.5299   Cr: 14.5136 )
00000680: 12.466    (Y': 12.0555   Cb: 12.5727   Cr: 14.4878 )
00000681: 12.479    (Y': 12.0557   Cb: 12.6174   Cr: 14.5423 )
00000682: 12.4723   (Y': 12.0597   Cb: 12.5529   Cr: 14.5501 )
00000683: 12.4628   (Y': 12.0523   Cb: 12.5768   Cr: 14.4731 )
00000684: 12.4765   (Y': 12.0545   Cb: 12.5821   Cr: 14.5812 )
00000685: 12.4495   (Y': 12.0363   Cb: 12.5299   Cr: 14.5319 )
00000686: 12.4787   (Y': 12.076    Cb: 12.4842   Cr: 14.6071 )
00000687: 12.4662   (Y': 12.0484   Cb: 12.56     Cr: 14.5602 )
00000688: 12.4543   (Y': 12.0462   Cb: 12.573    Cr: 14.4406 )
00000689: 12.4707   (Y': 12.0604   Cb: 12.5306   Cr: 14.5651 )
00000690: 12.4535   (Y': 12.0521   Cb: 12.5443   Cr: 14.437  )
00000691: 12.4593   (Y': 12.0522   Cb: 12.5445   Cr: 14.4907 )
00000693: 12.4479   (Y': 12.0376   Cb: 12.5232   Cr: 14.5181 )
00000692: 12.4699   (Y': 12.0582   Cb: 12.5851   Cr: 14.4872 )
00000694: 12.4252   (Y': 12.0073   Cb: 12.5042   Cr: 14.544  )
00000695: 12.4311   (Y': 12.0337   Cb: 12.4677   Cr: 14.4713 )
00000696: 12.465    (Y': 12.0513   Cb: 12.5526   Cr: 14.54   )
00000697: 12.4752   (Y': 12.0693   Cb: 12.566    Cr: 14.4893 )
00000698: 12.4365   (Y': 12.0232   Cb: 12.5441   Cr: 14.4773 )
00000699: 12.4589   (Y': 12.0376   Cb: 12.5528   Cr: 14.5782 )
00000701: 12.4628   (Y': 12.0478   Cb: 12.5584   Cr: 14.5335 )
00000700: 12.4785   (Y': 12.0693   Cb: 12.5786   Cr: 14.5021 )
00000702: 12.4575   (Y': 12.0494   Cb: 12.5621   Cr: 14.4667 )
00000703: 12.4543   (Y': 12.025    Cb: 12.5724   Cr: 14.5923 )
00000704: 12.4322   (Y': 12.0164   Cb: 12.5783   Cr: 14.4306 )
00000705: 12.4862   (Y': 12.0683   Cb: 12.5674   Cr: 14.6013 )
00000706: 12.4164   (Y': 12.0019   Cb: 12.4926   Cr: 14.5147 )
00000707: 12.4665   (Y': 12.0443   Cb: 12.5669   Cr: 14.5812 )
00000708: 12.4548   (Y': 12.0492   Cb: 12.4707   Cr: 14.586  )
00000709: 12.4753   (Y': 12.0686   Cb: 12.5407   Cr: 14.5354 )
00000710: 12.4475   (Y': 12.0359   Cb: 12.5346   Cr: 14.5084 )
00000711: 12.4655   (Y': 12.0513   Cb: 12.5458   Cr: 14.5558 )
00000712: 12.4474   (Y': 12.0446   Cb: 12.511    Cr: 14.4835 )
00000713: 12.4332   (Y': 12.0102   Cb: 12.5593   Cr: 14.5136 )
00000714: 12.4585   (Y': 12.0538   Cb: 12.5572   Cr: 14.4526 )
00000715: 12.4452   (Y': 12.024    Cb: 12.5822   Cr: 14.4953 )
00000716: 12.4477   (Y': 12.0398   Cb: 12.536    Cr: 14.4802 )
00000717: 12.4819   (Y': 12.0594   Cb: 12.5835   Cr: 14.5979 )
00000718: 12.4218   (Y': 12.0048   Cb: 12.4885   Cr: 14.5534 )
00000719: 12.459    (Y': 12.0493   Cb: 12.5369   Cr: 14.5204 )
00000720: 12.4852   (Y': 12.0754   Cb: 12.5543   Cr: 14.5616 )
00000721: 12.5052   (Y': 12.0972   Cb: 12.5815   Cr: 14.5571 )
00000722: 12.5718   (Y': 12.1811   Cb: 12.6194   Cr: 14.548  )
00000723: 12.5419   (Y': 12.1441   Cb: 12.62     Cr: 14.5204 )
00000724: 12.5678   (Y': 12.1691   Cb: 12.6285   Cr: 14.5792 )
00000725: 12.6131   (Y': 12.2133   Cb: 12.6527   Cr: 14.6659 )
00000726: 12.6218   (Y': 12.2399   Cb: 12.6373   Cr: 14.5885 )
00000727: 12.6708   (Y': 12.2749   Cb: 12.7024   Cr: 14.7092 )
00000728: 12.5609   (Y': 12.1606   Cb: 12.633    Cr: 14.566  )
00000729: 12.5778   (Y': 12.1693   Cb: 12.6412   Cr: 14.6541 )
00000730: 12.5984   (Y': 12.2157   Cb: 12.6155   Cr: 14.568  )
00000731: 12.5344   (Y': 12.1192   Cb: 12.6236   Cr: 14.617  )
00000732: 12.5331   (Y': 12.1056   Cb: 12.6333   Cr: 14.6862 )
00000733: 12.5242   (Y': 12.1104   Cb: 12.553    Cr: 14.6936 )
00000734: 12.5175   (Y': 12.097    Cb: 12.6233   Cr: 14.612  )
00000735: 12.4813   (Y': 12.0599   Cb: 12.5889   Cr: 14.5789 )
00000736: 12.4815   (Y': 12.0514   Cb: 12.614    Cr: 14.6017 )
00000737: 12.5053   (Y': 12.0743   Cb: 12.603    Cr: 14.6881 )
00000738: 12.5324   (Y': 12.1118   Cb: 12.6322   Cr: 14.6365 )
00000739: 12.5845   (Y': 12.1676   Cb: 12.6329   Cr: 14.7449 )
00000740: 12.6255   (Y': 12.228    Cb: 12.6393   Cr: 14.7028 )
00000741: 12.6663   (Y': 12.293    Cb: 12.631    Cr: 14.6534 )
00000742: 12.6794   (Y': 12.3031   Cb: 12.6464   Cr: 14.6832 )
00000743: 12.6618   (Y': 12.3222   Cb: 12.547    Cr: 14.5468 )
00000744: 12.6174   (Y': 12.2615   Cb: 12.5767   Cr: 14.4957 )
00000745: 12.623    (Y': 12.2325   Cb: 12.7001   Cr: 14.5526 )
00000746: 12.5816   (Y': 12.2069   Cb: 12.5529   Cr: 14.568  )
00000747: 12.5173   (Y': 12.1136   Cb: 12.57     Cr: 14.5762 )
00000748: 12.5295   (Y': 12.1344   Cb: 12.5731   Cr: 14.5432 )
00000749: 12.5555   (Y': 12.1689   Cb: 12.6105   Cr: 14.4926 )
00000750: 12.5147   (Y': 12.1005   Cb: 12.6141   Cr: 14.5736 )
00000751: 12.4809   (Y': 12.0744   Cb: 12.5074   Cr: 14.6022 )
00000752: 12.5576   (Y': 12.1818   Cb: 12.5482   Cr: 14.5212 )
00000753: 12.5364   (Y': 12.1543   Cb: 12.5519   Cr: 14.5041 )
00000754: 12.5275   (Y': 12.1408   Cb: 12.5138   Cr: 14.5732 )
00000755: 12.5123   (Y': 12.1263   Cb: 12.5543   Cr: 14.4656 )
00000756: 12.5057   (Y': 12.1077   Cb: 12.5825   Cr: 14.4872 )
00000757: 12.5056   (Y': 12.122    Cb: 12.5376   Cr: 14.4572 )
00000758: 12.5116   (Y': 12.0951   Cb: 12.6028   Cr: 14.6006 )
00000759: 12.5784   (Y': 12.1954   Cb: 12.584    Cr: 14.5678 )
00000760: 12.6347   (Y': 12.2566   Cb: 12.6455   Cr: 14.5824 )
00000761: 12.6531   (Y': 12.2856   Cb: 12.5824   Cr: 14.657  )
00000762: 12.6349   (Y': 12.2579   Cb: 12.5979   Cr: 14.6501 )
00000763: 12.6614   (Y': 12.2884   Cb: 12.6585   Cr: 14.5959 )
00000764: 12.612    (Y': 12.195    Cb: 12.7031   Cr: 14.7048 )
00000765: 12.5904   (Y': 12.1915   Cb: 12.6103   Cr: 14.6676 )
00000766: 12.5949   (Y': 12.1982   Cb: 12.6432   Cr: 14.6125 )
00000767: 12.5478   (Y': 12.1408   Cb: 12.6499   Cr: 14.5525 )
00000768: 12.6154   (Y': 12.2419   Cb: 12.6066   Cr: 14.562  )
00000769: 12.5501   (Y': 12.1697   Cb: 12.5751   Cr: 14.4907 )
00000770: 12.5723   (Y': 12.19     Cb: 12.5574   Cr: 14.589  )
00000771: 12.584    (Y': 12.2096   Cb: 12.5585   Cr: 14.5633 )
00000772: 12.6511   (Y': 12.2747   Cb: 12.633    Cr: 14.6318 )
00000773: 12.6545   (Y': 12.2977   Cb: 12.5906   Cr: 14.5745 )
00000774: 12.7136   (Y': 12.3855   Cb: 12.6117   Cr: 14.5023 )
00000775: 12.7398   (Y': 12.4229   Cb: 12.6028   Cr: 14.5105 )
00000776: 12.7227   (Y': 12.3739   Cb: 12.6613   Cr: 14.5858 )
00000777: 12.6767   (Y': 12.302    Cb: 12.6763   Cr: 14.6188 )
00000778: 12.6591   (Y': 12.2994   Cb: 12.6163   Cr: 14.5659 )
00000779: 12.6158   (Y': 12.2375   Cb: 12.6197   Cr: 14.5751 )
00000780: 12.5878   (Y': 12.2116   Cb: 12.6073   Cr: 14.5089 )
00000782: 12.5053   (Y': 12.0746   Cb: 12.68     Cr: 14.5649 )
00000781: 12.6252   (Y': 12.2532   Cb: 12.6036   Cr: 14.582  )
00000783: 12.4787   (Y': 12.0426   Cb: 12.6516   Cr: 14.58   )
00000784: 12.4214   (Y': 11.9624   Cb: 12.6408   Cr: 14.6156 )
00000785: 12.4262   (Y': 11.9718   Cb: 12.6288   Cr: 14.6124 )
00000786: 12.4465   (Y': 12.0096   Cb: 12.577    Cr: 14.6201 )
00000787: 12.4784   (Y': 12.0447   Cb: 12.6296   Cr: 14.596  )
00000788: 12.5153   (Y': 12.0721   Cb: 12.6994   Cr: 14.6494 )
00000789: 12.5187   (Y': 12.1277   Cb: 12.5828   Cr: 14.4719 )
00000790: 12.4948   (Y': 12.0663   Cb: 12.616    Cr: 14.6217 )
00000791: 12.4534   (Y': 12.0093   Cb: 12.6551   Cr: 14.5666 )
00000792: 12.5132   (Y': 12.0973   Cb: 12.6269   Cr: 14.5621 )
00000793: 12.4946   (Y': 12.0718   Cb: 12.5923   Cr: 14.6184 )
00000794: 12.4384   (Y': 11.9937   Cb: 12.6344   Cr: 14.5649 )
00000795: 12.4593   (Y': 12.0143   Cb: 12.6965   Cr: 14.525  )
00000796: 12.493    (Y': 12.0497   Cb: 12.699    Cr: 14.5944 )
00000797: 12.4141   (Y': 11.9624   Cb: 12.6412   Cr: 14.5431 )
00000798: 12.4223   (Y': 11.9698   Cb: 12.6017   Cr: 14.6321 )
00000799: 12.4154   (Y': 11.9732   Cb: 12.6173   Cr: 14.5151 )
00000800: 12.4623   (Y': 12.024    Cb: 12.63     Cr: 14.5866 )
00000801: 12.4263   (Y': 11.9909   Cb: 12.5915   Cr: 14.5344 )
00000802: 12.412    (Y': 11.96     Cb: 12.6182   Cr: 14.5757 )
00000803: 12.3923   (Y': 11.9537   Cb: 12.5515   Cr: 14.533  )
00000804: 12.3929   (Y': 11.9331   Cb: 12.6396   Cr: 14.5508 )
00000805: 12.3995   (Y': 11.9503   Cb: 12.6067   Cr: 14.5415 )
00000806: 12.431    (Y': 11.9641   Cb: 12.688    Cr: 14.625  )
00000807: 12.3975   (Y': 11.935    Cb: 12.6181   Cr: 14.6154 )
00000808: 12.3927   (Y': 11.9458   Cb: 12.6154   Cr: 14.4942 )
00000809: 12.3888   (Y': 11.9373   Cb: 12.6141   Cr: 14.5184 )
00000810: 12.43     (Y': 11.9976   Cb: 12.5812   Cr: 14.5381 )
00000811: 12.4208   (Y': 11.9663   Cb: 12.6625   Cr: 14.5473 )
00000812: 12.4448   (Y': 11.9864   Cb: 12.6524   Cr: 14.653  )
00000813: 12.4218   (Y': 11.962    Cb: 12.6309   Cr: 14.6388 )
00000814: 12.5      (Y': 12.0464   Cb: 12.7053   Cr: 14.6766 )
00000815: 12.4833   (Y': 12.0499   Cb: 12.6373   Cr: 14.5936 )
00000816: 12.4373   (Y': 11.9878   Cb: 12.6324   Cr: 14.5998 )
00000817: 12.4893   (Y': 12.0645   Cb: 12.6098   Cr: 14.5912 )
00000818: 12.4045   (Y': 11.9486   Cb: 12.6337   Cr: 14.5607 )
00000819: 12.4559   (Y': 12.0082   Cb: 12.6243   Cr: 14.6472 )
00000820: 12.4542   (Y': 12.0121   Cb: 12.6148   Cr: 14.6176 )
00000821: 12.4229   (Y': 11.9752   Cb: 12.6138   Cr: 14.5795 )
00000822: 12.3958   (Y': 11.9522   Cb: 12.5546   Cr: 14.5729 )
00000823: 12.403    (Y': 11.9381   Cb: 12.6029   Cr: 14.672  )
00000824: 12.3742   (Y': 11.9075   Cb: 12.6128   Cr: 14.5953 )
00000825: 12.4223   (Y': 11.943    Cb: 12.6914   Cr: 14.6891 )
00000827: 12.4237   (Y': 11.9639   Cb: 12.615    Cr: 14.6684 )
00000826: 12.401    (Y': 11.9488   Cb: 12.5845   Cr: 14.602  )
00000828: 12.392    (Y': 11.9394   Cb: 12.5846   Cr: 14.5819 )
00000829: 12.3891   (Y': 11.9146   Cb: 12.6432   Cr: 14.6437 )
00000831: 12.3882   (Y': 11.9237   Cb: 12.6104   Cr: 14.6186 )
00000830: 12.4095   (Y': 11.9563   Cb: 12.588    Cr: 14.6259 )
00000832: 12.3917   (Y': 11.9202   Cb: 12.6804   Cr: 14.5699 )
00000833: 12.3948   (Y': 11.9175   Cb: 12.6629   Cr: 14.6485 )
00000834: 12.3903   (Y': 11.9333   Cb: 12.5964   Cr: 14.5907 )
00000835: 12.3694   (Y': 11.9191   Cb: 12.571    Cr: 14.5282 )
00000836: 12.3971   (Y': 11.9346   Cb: 12.6374   Cr: 14.5839 )
00000837: 12.3839   (Y': 11.9229   Cb: 12.6139   Cr: 14.5762 )
00000838: 12.3696   (Y': 11.9031   Cb: 12.6062   Cr: 14.5925 )
00000839: 12.3686   (Y': 11.9089   Cb: 12.6043   Cr: 14.5425 )
00000840: 12.3856   (Y': 11.9161   Cb: 12.6457   Cr: 14.5937 )
00000841: 12.3999   (Y': 11.9388   Cb: 12.6429   Cr: 14.5732 )
00000842: 12.3654   (Y': 11.9017   Cb: 12.5863   Cr: 14.5926 )
00000843: 12.364    (Y': 11.9034   Cb: 12.581    Cr: 14.5741 )
00000844: 12.3895   (Y': 11.9329   Cb: 12.5913   Cr: 14.5937 )
00000845: 12.3587   (Y': 11.8911   Cb: 12.5958   Cr: 14.5884 )
00000846: 12.3711   (Y': 11.9078   Cb: 12.6042   Cr: 14.5748 )
00000847: 12.3521   (Y': 11.8947   Cb: 12.5543   Cr: 14.5618 )
00000848: 12.38     (Y': 11.9187   Cb: 12.6098   Cr: 14.5746 )
00000849: 12.3812   (Y': 11.901    Cb: 12.662    Cr: 14.6369 )
00000851: 12.3712   (Y': 11.8978   Cb: 12.6649   Cr: 14.5557 )
00000850: 12.3656   (Y': 11.9063   Cb: 12.5738   Cr: 14.58   )
00000852: 12.429    (Y': 11.9586   Cb: 12.6712   Cr: 14.6722 )
00000853: 12.4077   (Y': 11.9443   Cb: 12.6214   Cr: 14.643  )
00000854: 12.3981   (Y': 11.9373   Cb: 12.6253   Cr: 14.5929 )
00000855: 12.3882   (Y': 11.9286   Cb: 12.608    Cr: 14.5859 )
00000856: 12.4205   (Y': 11.9694   Cb: 12.6607   Cr: 14.5254 )
00000857: 12.4037   (Y': 11.959    Cb: 12.6335   Cr: 14.4784 )
00000859: 12.4031   (Y': 11.9304   Cb: 12.6617   Cr: 14.6375 )
00000858: 12.4168   (Y': 11.944    Cb: 12.6495   Cr: 14.6921 )
00000860: 12.4503   (Y': 11.9883   Cb: 12.6981   Cr: 14.6214 )
00000861: 12.4104   (Y': 11.9593   Cb: 12.6161   Cr: 14.5675 )
00000862: 12.4224   (Y': 11.9566   Cb: 12.645    Cr: 14.662  )
00000863: 12.4021   (Y': 11.9368   Cb: 12.6807   Cr: 14.5506 )
00000864: 12.4248   (Y': 11.9731   Cb: 12.6711   Cr: 14.5239 )
00000865: 12.4359   (Y': 11.994    Cb: 12.5806   Cr: 14.6233 )
00000866: 12.384    (Y': 11.9219   Cb: 12.5983   Cr: 14.6093 )
00000867: 12.4012   (Y': 11.932    Cb: 12.6403   Cr: 14.6401 )
00000868: 12.4145   (Y': 11.953    Cb: 12.6604   Cr: 14.5858 )
00000869: 12.3795   (Y': 11.9219   Cb: 12.5858   Cr: 14.5838 )
00000870: 12.395    (Y': 11.9391   Cb: 12.6555   Cr: 14.5023 )
00000871: 12.3645   (Y': 11.9037   Cb: 12.5729   Cr: 14.5897 )
00000872: 12.394    (Y': 11.931    Cb: 12.6609   Cr: 14.5439 )
00000873: 12.4023   (Y': 11.9357   Cb: 12.628    Cr: 14.6424 )
00000874: 12.3541   (Y': 11.8754   Cb: 12.6446   Cr: 14.5827 )
00000876: 12.3966   (Y': 11.9535   Cb: 12.5662   Cr: 14.5532 )
00000875: 12.3679   (Y': 11.8868   Cb: 12.6368   Cr: 14.6488 )
00000877: 12.3858   (Y': 11.929    Cb: 12.6006   Cr: 14.5706 )
00000878: 12.3759   (Y': 11.9107   Cb: 12.6226   Cr: 14.573  )
00000879: 12.3815   (Y': 11.927    Cb: 12.5898   Cr: 14.5608 )
00000880: 12.4031   (Y': 11.9497   Cb: 12.5942   Cr: 14.6012 )
00000881: 12.377    (Y': 11.9251   Cb: 12.5734   Cr: 14.5549 )
00000882: 12.3875   (Y': 11.9263   Cb: 12.6257   Cr: 14.5683 )
00000883: 12.3952   (Y': 11.9424   Cb: 12.6166   Cr: 14.5414 )
00000884: 12.4164   (Y': 11.9572   Cb: 12.6578   Cr: 14.5784 )
00000885: 12.4022   (Y': 11.9524   Cb: 12.6229   Cr: 14.5272 )
00000886: 12.3953   (Y': 11.9616   Cb: 12.5335   Cr: 14.534  )
00000887: 12.3957   (Y': 11.949    Cb: 12.6086   Cr: 14.5106 )
00000888: 12.4082   (Y': 11.9564   Cb: 12.6083   Cr: 14.5803 )
00000889: 12.4068   (Y': 11.969    Cb: 12.5747   Cr: 14.5275 )
00000890: 12.3982   (Y': 11.9238   Cb: 12.6497   Cr: 14.6562 )
00000892: 12.4072   (Y': 11.954    Cb: 12.6207   Cr: 14.5679 )
00000891: 12.3858   (Y': 11.9471   Cb: 12.5541   Cr: 14.5126 )
00000893: 12.4102   (Y': 11.9652   Cb: 12.6141   Cr: 14.5271 )
00000894: 12.4311   (Y': 11.9962   Cb: 12.5567   Cr: 14.5977 )
00000895: 12.4236   (Y': 11.9747   Cb: 12.6017   Cr: 14.609  )
00000896: 12.4635   (Y': 12.0087   Cb: 12.6577   Cr: 14.6666 )
00000897: 12.4138   (Y': 11.962    Cb: 12.621    Cr: 14.5744 )
00000898: 12.4101   (Y': 11.9489   Cb: 12.6295   Cr: 14.621  )
00000899: 12.4047   (Y': 11.9389   Cb: 12.6468   Cr: 14.6132 )
00000900: 12.398    (Y': 11.9399   Cb: 12.633    Cr: 14.5612 )
00000901: 12.4242   (Y': 11.965    Cb: 12.6242   Cr: 14.6504 )
00000902: 12.4216   (Y': 11.9534   Cb: 12.6536   Cr: 14.6643 )
00000903: 12.4014   (Y': 11.9667   Cb: 12.5515   Cr: 14.5282 )
00000904: 12.4131   (Y': 11.9577   Cb: 12.6212   Cr: 14.599  )
00000905: 12.3775   (Y': 11.9238   Cb: 12.6062   Cr: 14.5183 )
00000906: 12.3849   (Y': 11.92     Cb: 12.6115   Cr: 14.6111 )
00000907: 12.36     (Y': 11.9126   Cb: 12.5214   Cr: 14.5608 )
00000908: 12.3696   (Y': 11.9197   Cb: 12.5826   Cr: 14.5073 )
00000909: 12.3732   (Y': 11.9025   Cb: 12.633    Cr: 14.5904 )
00000910: 12.3763   (Y': 11.9262   Cb: 12.5586   Cr: 14.5636 )
00000911: 12.3863   (Y': 11.9134   Cb: 12.639    Cr: 14.6316 )
00000912: 12.4238   (Y': 11.9591   Cb: 12.6601   Cr: 14.6332 )
00000913: 12.4071   (Y': 11.9541   Cb: 12.6032   Cr: 14.5938 )
Total: 12.4771   (Y': 12.0488   Cb: 12.6167   Cr: 14.5742 )
