00000000: 31.7036   (Y': 40.8341   Cb: 27.3013   Cr: 27.3013 )
00000001: 12.7337   (Y': 12.4419   Cb: 14.0809   Cr: 12.7831 )
00000002: 12.6048   (Y': 12.3094   Cb: 13.9634   Cr: 12.661  )
00000004: 12.6209   (Y': 12.321    Cb: 13.9254   Cr: 12.7376 )
00000005: 12.6123   (Y': 12.3291   Cb: 13.8367   Cr: 12.7173 )
00000006: 12.5709   (Y': 12.2865   Cb: 13.833    Cr: 12.652  )
00000003: 12.6351   (Y': 12.3426   Cb: 13.9399   Cr: 12.7196 )
00000007: 12.5874   (Y': 12.2965   Cb: 13.8576   Cr: 12.6908 )
00000009: 12.6022   (Y': 12.3293   Cb: 13.7982   Cr: 12.6845 )
00000008: 12.5761   (Y': 12.2834   Cb: 13.8434   Cr: 12.6898 )
00000010: 12.584    (Y': 12.2548   Cb: 13.9815   Cr: 12.7606 )
00000011: 12.5908   (Y': 12.262    Cb: 13.9895   Cr: 12.7645 )
00000012: 12.6049   (Y': 12.2687   Cb: 14.0359   Cr: 12.7874 )
00000014: 12.5823   (Y': 12.2756   Cb: 14.0336   Cr: 12.6204 )
00000015: 12.6031   (Y': 12.2865   Cb: 14.0543   Cr: 12.6844 )
00000013: 12.6142   (Y': 12.2942   Cb: 14.0178   Cr: 12.745  )
00000017: 14.2729   (Y': 14.1272   Cb: 15.355    Cr: 13.9223 )
00000016: 14.1638   (Y': 14.009    Cb: 15.1807   Cr: 13.8962 )
00000019: 13.281    (Y': 12.971    Cb: 14.7243   Cr: 13.3389 )
00000018: 13.6371   (Y': 13.3995   Cb: 14.9216   Cr: 13.5042 )
00000020: 13.0721   (Y': 12.7156   Cb: 14.6859   Cr: 13.2131 )
00000021: 12.9525   (Y': 12.6011   Cb: 14.4948   Cr: 13.1214 )
00000022: 13.0197   (Y': 12.6973   Cb: 14.5286   Cr: 13.0842 )
00000023: 12.5999   (Y': 12.2486   Cb: 14.1185   Cr: 12.7859 )
00000024: 12.5847   (Y': 12.2227   Cb: 14.1749   Cr: 12.7669 )
00000025: 12.5725   (Y': 12.2232   Cb: 14.0986   Cr: 12.7437 )
00000026: 12.6544   (Y': 12.3165   Cb: 14.1396   Cr: 12.8043 )
00000029: 12.6297   (Y': 12.2648   Cb: 14.1769   Cr: 12.8566 )
00000027: 12.6397   (Y': 12.2885   Cb: 14.0941   Cr: 12.8729 )
00000031: 12.6021   (Y': 12.2413   Cb: 14.202    Cr: 12.772  )
00000028: 12.5792   (Y': 12.2163   Cb: 14.0663   Cr: 12.8418 )
00000030: 12.5988   (Y': 12.2135   Cb: 14.2136   Cr: 12.8705 )
00000032: 12.6117   (Y': 12.26     Cb: 14.119    Cr: 12.8079 )
00000033: 12.6068   (Y': 12.2388   Cb: 14.1602   Cr: 12.8432 )
00000034: 12.5906   (Y': 12.226    Cb: 14.1191   Cr: 12.8302 )
00000037: 12.5959   (Y': 12.225    Cb: 14.1866   Cr: 12.8185 )
00000036: 12.5827   (Y': 12.2026   Cb: 14.1669   Cr: 12.8523 )
00000039: 12.6404   (Y': 12.2898   Cb: 14.1484   Cr: 12.8313 )
00000038: 12.6321   (Y': 12.2704   Cb: 14.1607   Cr: 12.8585 )
00000035: 12.6245   (Y': 12.2578   Cb: 14.1486   Cr: 12.8769 )
00000040: 12.5784   (Y': 12.2113   Cb: 14.1937   Cr: 12.7662 )
00000041: 12.6366   (Y': 12.2818   Cb: 14.1519   Cr: 12.8411 )
00000042: 12.6041   (Y': 12.2448   Cb: 14.1585   Cr: 12.7999 )
00000043: 12.63     (Y': 12.2524   Cb: 14.2017   Cr: 12.8973 )
00000045: 12.545    (Y': 12.1663   Cb: 14.1551   Cr: 12.7893 )
00000046: 12.5901   (Y': 12.2138   Cb: 14.1373   Cr: 12.8697 )
00000044: 12.5429   (Y': 12.1715   Cb: 14.0608   Cr: 12.8217 )
00000047: 12.5872   (Y': 12.2278   Cb: 14.1238   Cr: 12.797  )
00000049: 12.5998   (Y': 12.2648   Cb: 14.068    Cr: 12.7495 )
00000048: 12.6295   (Y': 12.2894   Cb: 14.0932   Cr: 12.8057 )
00000050: 12.6247   (Y': 12.2759   Cb: 14.1015   Cr: 12.8308 )
00000051: 12.5614   (Y': 12.1931   Cb: 14.1404   Cr: 12.7804 )
00000052: 12.6307   (Y': 12.2835   Cb: 14.1076   Cr: 12.8289 )
00000055: 12.6429   (Y': 12.2948   Cb: 14.142    Cr: 12.8285 )
00000054: 12.6138   (Y': 12.276    Cb: 14.0243   Cr: 12.8195 )
00000053: 12.6131   (Y': 12.2656   Cb: 14.0907   Cr: 12.8124 )
00000056: 12.6952   (Y': 12.3654   Cb: 14.1348   Cr: 12.8428 )
00000057: 12.6397   (Y': 12.3222   Cb: 14.0416   Cr: 12.7604 )
00000058: 12.6609   (Y': 12.3387   Cb: 14.1232   Cr: 12.7579 )
00000059: 12.6274   (Y': 12.28     Cb: 14.1537   Cr: 12.7903 )
00000060: 12.6328   (Y': 12.2917   Cb: 14.1142   Cr: 12.8005 )
00000062: 12.6681   (Y': 12.3389   Cb: 14.1288   Cr: 12.7974 )
00000061: 12.6599   (Y': 12.3338   Cb: 14.1079   Cr: 12.7849 )
00000063: 12.6225   (Y': 12.2934   Cb: 14.1498   Cr: 12.7035 )
00000064: 12.6462   (Y': 12.3149   Cb: 14.1237   Cr: 12.7727 )
00000065: 12.6379   (Y': 12.2943   Cb: 14.117    Cr: 12.8185 )
00000066: 12.6271   (Y': 12.2874   Cb: 14.0998   Cr: 12.7946 )
00000067: 12.5787   (Y': 12.2376   Cb: 14.0937   Cr: 12.7218 )
00000068: 12.5917   (Y': 12.2502   Cb: 14.0853   Cr: 12.752  )
00000069: 12.6112   (Y': 12.2541   Cb: 14.1031   Cr: 12.8432 )
00000070: 12.6098   (Y': 12.2528   Cb: 14.1494   Cr: 12.806  )
00000071: 12.638    (Y': 12.29     Cb: 14.1375   Cr: 12.8236 )
00000072: 12.6422   (Y': 12.3033   Cb: 14.1042   Cr: 12.8139 )
00000073: 12.5779   (Y': 12.2134   Cb: 14.138    Cr: 12.7934 )
00000074: 12.6169   (Y': 12.2709   Cb: 14.1221   Cr: 12.7885 )
00000075: 12.621    (Y': 12.2815   Cb: 14.1008   Cr: 12.7827 )
00000076: 12.5848   (Y': 12.2267   Cb: 14.1339   Cr: 12.7793 )
00000078: 12.6297   (Y': 12.2795   Cb: 14.1215   Cr: 12.8306 )
00000077: 12.5948   (Y': 12.2384   Cb: 14.1293   Cr: 12.7921 )
00000079: 12.6425   (Y': 12.3058   Cb: 14.1416   Cr: 12.7771 )
00000080: 12.6373   (Y': 12.2852   Cb: 14.1874   Cr: 12.8041 )
00000081: 12.6387   (Y': 12.2877   Cb: 14.1503   Cr: 12.8288 )
00000082: 12.6378   (Y': 12.2931   Cb: 14.1171   Cr: 12.8229 )
00000083: 12.6575   (Y': 12.3221   Cb: 14.1509   Cr: 12.7904 )
00000084: 12.6531   (Y': 12.3046   Cb: 14.1713   Cr: 12.8265 )
00000086: 12.6695   (Y': 12.3429   Cb: 14.103    Cr: 12.8074 )
00000085: 12.6481   (Y': 12.3172   Cb: 14.09     Cr: 12.7994 )
00000087: 12.7465   (Y': 12.4416   Cb: 14.1041   Cr: 12.8454 )
00000088: 12.7574   (Y': 12.4561   Cb: 14.117    Cr: 12.8388 )
00000089: 12.7537   (Y': 12.4587   Cb: 14.1244   Cr: 12.7995 )
00000090: 12.7274   (Y': 12.4545   Cb: 14.0463   Cr: 12.7166 )
00000091: 12.7436   (Y': 12.4589   Cb: 14.1122   Cr: 12.7466 )
00000092: 12.7475   (Y': 12.4511   Cb: 14.1822   Cr: 12.7528 )
00000093: 12.7435   (Y': 12.4645   Cb: 14.0835   Cr: 12.7431 )
00000094: 12.743    (Y': 12.4671   Cb: 14.0555   Cr: 12.7498 )
00000095: 12.6657   (Y': 12.3515   Cb: 14.0405   Cr: 12.7925 )
00000096: 12.6922   (Y': 12.3787   Cb: 14.0695   Cr: 12.8136 )
00000097: 12.7185   (Y': 12.4054   Cb: 14.1283   Cr: 12.8145 )
00000098: 12.6587   (Y': 12.3555   Cb: 14.0454   Cr: 12.7285 )
00000099: 12.6954   (Y': 12.3915   Cb: 14.1045   Cr: 12.7516 )
00000100: 12.7005   (Y': 12.4015   Cb: 14.0607   Cr: 12.7716 )
00000102: 12.7756   (Y': 12.4606   Cb: 14.1799   Cr: 12.8843 )
00000101: 12.6395   (Y': 12.3161   Cb: 14.1305   Cr: 12.7215 )
00000103: 12.6688   (Y': 12.343    Cb: 14.1155   Cr: 12.7939 )
00000104: 12.693    (Y': 12.3868   Cb: 14.0481   Cr: 12.7992 )
00000105: 12.6761   (Y': 12.3629   Cb: 14.0659   Cr: 12.7873 )
00000106: 12.6717   (Y': 12.3521   Cb: 14.0489   Cr: 12.8208 )
00000107: 12.6775   (Y': 12.3826   Cb: 14.028    Cr: 12.7376 )
00000108: 12.6447   (Y': 12.3406   Cb: 13.9775   Cr: 12.7585 )
00000109: 12.6755   (Y': 12.3663   Cb: 14.0329   Cr: 12.793  )
00000110: 12.6536   (Y': 12.3412   Cb: 13.9746   Cr: 12.8131 )
00000111: 12.6657   (Y': 12.3633   Cb: 14.0059   Cr: 12.7662 )
00000112: 12.6574   (Y': 12.373    Cb: 14.0181   Cr: 12.6651 )
00000113: 12.6762   (Y': 12.3582   Cb: 14.0998   Cr: 12.7832 )
00000114: 12.7148   (Y': 12.4405   Cb: 14.013    Cr: 12.725  )
00000115: 12.8013   (Y': 12.5355   Cb: 14.0517   Cr: 12.811  )
00000117: 12.9471   (Y': 12.7412   Cb: 14.0567   Cr: 12.8135 )
00000116: 12.911    (Y': 12.6804   Cb: 14.088    Cr: 12.8279 )
00000118: 12.8763   (Y': 12.6408   Cb: 14.0809   Cr: 12.793  )
00000119: 12.8103   (Y': 12.5238   Cb: 14.1147   Cr: 12.8684 )
00000120: 12.8261   (Y': 12.5407   Cb: 14.0854   Cr: 12.9139 )
00000121: 12.9437   (Y': 12.6785   Cb: 14.17     Cr: 12.9692 )
00000122: 13.0098   (Y': 12.7514   Cb: 14.2702   Cr: 12.981  )
00000123: 13.0058   (Y': 12.7611   Cb: 14.2415   Cr: 12.9375 )
00000124: 12.935    (Y': 12.6787   Cb: 14.1106   Cr: 12.961  )
00000125: 12.8619   (Y': 12.5853   Cb: 14.1209   Cr: 12.9115 )
00000126: 13.4863   (Y': 13.2598   Cb: 14.6504   Cr: 13.3966 )
00000127: 13.9314   (Y': 13.7411   Cb: 14.9722   Cr: 13.7865 )
00000128: 14.3561   (Y': 14.2637   Cb: 15.1179   Cr: 14.0427 )
00000130: 14.547    (Y': 14.4237   Cb: 15.4359   Cr: 14.2534 )
00000131: 13.9272   (Y': 13.7727   Cb: 14.894    Cr: 13.6961 )
00000132: 13.9194   (Y': 13.7395   Cb: 14.9378   Cr: 13.7497 )
00000133: 13.9045   (Y': 13.7181   Cb: 14.9627   Cr: 13.7306 )
00000129: 14.6668   (Y': 14.5063   Cb: 15.5002   Cr: 14.5635 )
00000134: 13.9075   (Y': 13.7141   Cb: 14.9359   Cr: 13.7845 )
00000135: 13.8463   (Y': 13.6484   Cb: 14.8811   Cr: 13.7367 )
00000136: 13.7798   (Y': 13.5544   Cb: 14.8944   Cr: 13.7225 )
00000140: 12.6264   (Y': 12.2475   Cb: 14.1053   Cr: 12.9702 )
00000138: 13.5564   (Y': 13.3239   Cb: 14.6924   Cr: 13.5125 )
00000137: 13.6696   (Y': 13.4607   Cb: 14.7896   Cr: 13.54   )
00000139: 12.7808   (Y': 12.4149   Cb: 14.2853   Cr: 13.0438 )
00000141: 12.065    (Y': 11.5626   Cb: 13.9297   Cr: 12.7273 )
00000142: 12.2688   (Y': 11.8131   Cb: 13.9725   Cr: 12.8143 )
00000143: 12.4901   (Y': 12.1093   Cb: 13.9738   Cr: 12.8389 )
00000144: 12.6655   (Y': 12.3271   Cb: 14.0276   Cr: 12.9107 )
00000145: 12.4225   (Y': 12.0805   Cb: 13.7693   Cr: 12.6959 )
00000146: 12.4886   (Y': 12.1356   Cb: 13.8322   Cr: 12.8156 )
00000147: 12.5405   (Y': 12.1906   Cb: 13.8546   Cr: 12.8768 )
00000148: 12.5543   (Y': 12.2141   Cb: 13.8797   Cr: 12.8367 )
00000149: 12.5901   (Y': 12.2491   Cb: 13.9462   Cr: 12.8516 )
00000150: 12.585    (Y': 12.2342   Cb: 13.969    Cr: 12.8704 )
00000151: 12.7324   (Y': 12.4245   Cb: 14.028    Cr: 12.8916 )
00000152: 12.6165   (Y': 12.2726   Cb: 13.9498   Cr: 12.9093 )
00000153: 12.6235   (Y': 12.2888   Cb: 13.9559   Cr: 12.8752 )
00000154: 12.6446   (Y': 12.3209   Cb: 13.9259   Cr: 12.8862 )
00000156: 12.4844   (Y': 12.1464   Cb: 13.8723   Cr: 12.708  )
00000155: 12.5669   (Y': 12.2464   Cb: 13.862    Cr: 12.7829 )
00000158: 12.3893   (Y': 12.0299   Cb: 13.8082   Cr: 12.6876 )
00000159: 12.3127   (Y': 11.919    Cb: 13.8064   Cr: 12.7149 )
00000157: 12.4441   (Y': 12.0934   Cb: 13.8114   Cr: 12.742  )
00000160: 12.2973   (Y': 11.8887   Cb: 13.8202   Cr: 12.7496 )
00000161: 12.3278   (Y': 11.9515   Cb: 13.8176   Cr: 12.6508 )
00000162: 12.3541   (Y': 11.9803   Cb: 13.8314   Cr: 12.6751 )
00000164: 12.3833   (Y': 12.0179   Cb: 13.7902   Cr: 12.7185 )
00000163: 12.3317   (Y': 11.9482   Cb: 13.8103   Cr: 12.6972 )
00000165: 12.5418   (Y': 12.2127   Cb: 13.8855   Cr: 12.7588 )
00000166: 12.6233   (Y': 12.3124   Cb: 13.9364   Cr: 12.7824 )
00000167: 12.6741   (Y': 12.3703   Cb: 13.9813   Cr: 12.8058 )
00000168: 12.6999   (Y': 12.4014   Cb: 13.9616   Cr: 12.8429 )
00000169: 12.6879   (Y': 12.374    Cb: 13.9798   Cr: 12.8766 )
00000170: 12.7068   (Y': 12.4339   Cb: 13.9229   Cr: 12.7734 )
00000171: 12.6725   (Y': 12.3866   Cb: 13.9062   Cr: 12.782  )
00000172: 12.6414   (Y': 12.3397   Cb: 13.9075   Cr: 12.7955 )
00000173: 13.1459   (Y': 12.9141   Cb: 14.2769   Cr: 13.1027 )
00000175: 14.3518   (Y': 14.2833   Cb: 15.1213   Cr: 13.943  )
00000174: 14.1114   (Y': 14.0186   Cb: 14.9686   Cr: 13.7263 )
00000176: 13.6859   (Y': 13.5544   Cb: 14.6502   Cr: 13.3669 )
00000177: 13.3097   (Y': 13.0615   Cb: 14.5125   Cr: 13.281  )
00000179: 13.0624   (Y': 12.7756   Cb: 14.3401   Cr: 13.1419 )
00000178: 13.2169   (Y': 12.9702   Cb: 14.5296   Cr: 13.101  )
00000181: 12.7432   (Y': 12.4129   Cb: 14.1091   Cr: 12.9487 )
00000183: 12.6756   (Y': 12.374    Cb: 13.9647   Cr: 12.8116 )
00000182: 12.7048   (Y': 12.3948   Cb: 14.0635   Cr: 12.8252 )
00000180: 12.9787   (Y': 12.6989   Cb: 14.2999   Cr: 12.9953 )
00000184: 12.7721   (Y': 12.4903   Cb: 14.0476   Cr: 12.8318 )
00000186: 12.657    (Y': 12.3437   Cb: 13.9744   Cr: 12.8231 )
00000185: 12.7258   (Y': 12.4413   Cb: 14.0453   Cr: 12.7643 )
00000187: 12.6739   (Y': 12.3726   Cb: 13.9864   Cr: 12.7908 )
00000188: 12.6099   (Y': 12.3169   Cb: 13.9633   Cr: 12.66   )
00000189: 12.6837   (Y': 12.3832   Cb: 13.9445   Cr: 12.8366 )
00000190: 12.6554   (Y': 12.3644   Cb: 13.9397   Cr: 12.7485 )
00000191: 12.538    (Y': 12.1855   Cb: 14.0291   Cr: 12.7494 )
00000192: 12.5425   (Y': 12.2115   Cb: 13.8624   Cr: 12.7867 )
00000193: 12.5429   (Y': 12.2081   Cb: 13.9329   Cr: 12.7507 )
00000194: 12.5483   (Y': 12.2218   Cb: 13.9258   Cr: 12.7281 )
00000195: 12.5888   (Y': 12.28     Cb: 13.9237   Cr: 12.7217 )
00000196: 12.5293   (Y': 12.197    Cb: 13.906    Cr: 12.7356 )
00000197: 12.5145   (Y': 12.1719   Cb: 13.9511   Cr: 12.7221 )
00000198: 12.5303   (Y': 12.1977   Cb: 13.8451   Cr: 12.786  )
00000199: 12.5229   (Y': 12.1825   Cb: 13.8842   Cr: 12.7779 )
00000200: 12.4712   (Y': 12.1278   Cb: 13.9101   Cr: 12.6808 )
00000201: 12.4803   (Y': 12.1476   Cb: 13.899    Cr: 12.6566 )
00000202: 12.4197   (Y': 12.044    Cb: 13.9056   Cr: 12.7427 )
00000203: 12.4451   (Y': 12.088    Cb: 13.8777   Cr: 12.7223 )
00000204: 12.4628   (Y': 12.0879   Cb: 13.9229   Cr: 12.8018 )
00000205: 12.4336   (Y': 12.0539   Cb: 13.9284   Cr: 12.7684 )
00000206: 12.4042   (Y': 12.0279   Cb: 13.8685   Cr: 12.7464 )
00000207: 12.4519   (Y': 12.0854   Cb: 13.9038   Cr: 12.7579 )
00000208: 12.4647   (Y': 12.1007   Cb: 13.9308   Cr: 12.7482 )
00000209: 12.4295   (Y': 12.0636   Cb: 13.9445   Cr: 12.6852 )
00000210: 12.4488   (Y': 12.0899   Cb: 13.9101   Cr: 12.7123 )
00000211: 12.4295   (Y': 12.0468   Cb: 13.9009   Cr: 12.797  )
00000213: 12.4723   (Y': 12.1127   Cb: 13.907    Cr: 12.7596 )
00000212: 12.4487   (Y': 12.094    Cb: 13.8946   Cr: 12.7045 )
00000214: 12.5112   (Y': 12.1547   Cb: 13.9511   Cr: 12.7801 )
00000215: 12.4671   (Y': 12.1078   Cb: 13.8753   Cr: 12.773  )
00000216: 12.4426   (Y': 12.0713   Cb: 13.9335   Cr: 12.741  )
00000217: 12.4339   (Y': 12.0358   Cb: 13.953    Cr: 12.8381 )
00000218: 12.4958   (Y': 12.1114   Cb: 13.9849   Cr: 12.8575 )
00000219: 12.5833   (Y': 12.252    Cb: 13.9771   Cr: 12.7724 )
00000220: 12.6043   (Y': 12.2638   Cb: 14.0153   Cr: 12.822  )
00000221: 12.5079   (Y': 12.1625   Cb: 13.8953   Cr: 12.766  )
00000222: 12.5603   (Y': 12.2049   Cb: 14.0167   Cr: 12.8112 )
00000223: 12.5703   (Y': 12.2488   Cb: 13.9606   Cr: 12.7177 )
00000224: 12.4939   (Y': 12.1382   Cb: 13.9683   Cr: 12.7333 )
00000225: 12.511    (Y': 12.1417   Cb: 14.0298   Cr: 12.7795 )
00000226: 12.5055   (Y': 12.135    Cb: 13.9692   Cr: 12.821  )
00000227: 12.4683   (Y': 12.097    Cb: 13.9414   Cr: 12.7807 )
00000228: 12.4931   (Y': 12.1223   Cb: 13.9326   Cr: 12.8291 )
00000229: 12.4954   (Y': 12.1352   Cb: 13.9486   Cr: 12.771  )
00000230: 12.4817   (Y': 12.1189   Cb: 13.922    Cr: 12.7793 )
00000231: 12.4976   (Y': 12.1271   Cb: 13.9546   Cr: 12.8188 )
00000232: 12.4579   (Y': 12.0755   Cb: 13.9434   Cr: 12.813  )
00000233: 12.5062   (Y': 12.1338   Cb: 13.9803   Cr: 12.8231 )
00000234: 12.4908   (Y': 12.1192   Cb: 13.952    Cr: 12.8134 )
00000235: 12.4346   (Y': 12.0499   Cb: 13.9551   Cr: 12.7736 )
00000237: 12.4768   (Y': 12.1131   Cb: 13.9454   Cr: 12.7569 )
00000236: 12.439    (Y': 12.0444   Cb: 13.9632   Cr: 12.8222 )
00000238: 12.4073   (Y': 12.0282   Cb: 13.8826   Cr: 12.7546 )
00000239: 12.4694   (Y': 12.1015   Cb: 13.9679   Cr: 12.7465 )
00000240: 12.4441   (Y': 12.0607   Cb: 13.9944   Cr: 12.7544 )
00000241: 12.4481   (Y': 12.077    Cb: 13.9094   Cr: 12.7682 )
00000242: 12.4638   (Y': 12.0945   Cb: 13.9056   Cr: 12.7907 )
00000244: 12.4978   (Y': 12.1303   Cb: 13.9529   Cr: 12.806  )
00000243: 12.4787   (Y': 12.0993   Cb: 13.938    Cr: 12.8397 )
00000245: 12.5024   (Y': 12.1337   Cb: 13.9451   Cr: 12.8254 )
00000246: 12.5003   (Y': 12.1292   Cb: 13.9891   Cr: 12.7997 )
00000247: 12.5524   (Y': 12.1924   Cb: 13.9529   Cr: 12.868  )
00000248: 12.5797   (Y': 12.22     Cb: 14.0054   Cr: 12.8737 )
00000249: 12.5754   (Y': 12.2353   Cb: 13.9867   Cr: 12.7909 )
00000250: 12.5231   (Y': 12.1551   Cb: 13.9712   Cr: 12.8391 )
00000252: 12.5563   (Y': 12.241    Cb: 13.9073   Cr: 12.7059 )
00000253: 12.5654   (Y': 12.228    Cb: 13.9191   Cr: 12.8124 )
00000254: 12.6152   (Y': 12.2964   Cb: 13.9597   Cr: 12.7853 )
00000251: 12.5506   (Y': 12.2359   Cb: 13.8774   Cr: 12.7164 )
00000255: 12.6168   (Y': 12.3044   Cb: 13.9338   Cr: 12.7791 )
00000256: 12.6348   (Y': 12.3101   Cb: 14.0042   Cr: 12.8129 )
00000257: 12.7871   (Y': 12.5103   Cb: 13.9862   Cr: 12.8838 )
00000258: 12.7495   (Y': 12.4261   Cb: 14.082    Cr: 12.9497 )
00000259: 12.7599   (Y': 12.4529   Cb: 14.0632   Cr: 12.9088 )
00000260: 12.6516   (Y': 12.3096   Cb: 14.0364   Cr: 12.8961 )
00000262: 12.7095   (Y': 12.3887   Cb: 14.0092   Cr: 12.923  )
00000261: 12.5994   (Y': 12.2344   Cb: 14.0827   Cr: 12.8748 )
00000263: 12.8275   (Y': 12.5171   Cb: 14.1318   Cr: 12.9905 )
00000264: 13.8618   (Y': 13.6815   Cb: 14.938    Cr: 13.6504 )
00000265: 14.1627   (Y': 14.0371   Cb: 15.0422   Cr: 13.8851 )
00000266: 14.6891   (Y': 14.54     Cb: 15.5929   Cr: 14.4845 )
00000267: 14.6617   (Y': 14.4955   Cb: 15.643    Cr: 14.4657 )
00000268: 13.9122   (Y': 13.7135   Cb: 14.9919   Cr: 13.7718 )
00000269: 13.8219   (Y': 13.6206   Cb: 14.8687   Cr: 13.7174 )
00000270: 13.8418   (Y': 13.6385   Cb: 14.9223   Cr: 13.7195 )
00000271: 13.8546   (Y': 13.6556   Cb: 14.9479   Cr: 13.705  )
00000272: 13.8563   (Y': 13.6621   Cb: 14.9196   Cr: 13.7102 )
00000273: 13.8239   (Y': 13.6141   Cb: 14.9379   Cr: 13.7031 )
00000274: 13.7692   (Y': 13.5427   Cb: 14.9504   Cr: 13.6663 )
00000276: 13.0901   (Y': 12.7666   Cb: 14.5158   Cr: 13.2199 )
00000275: 13.5679   (Y': 13.3262   Cb: 14.7673   Cr: 13.5145 )
00000278: 12.8977   (Y': 12.5538   Cb: 14.3941   Cr: 13.0667 )
00000277: 13.0197   (Y': 12.7005   Cb: 14.4712   Cr: 13.1121 )
00000279: 12.8536   (Y': 12.5056   Cb: 14.2836   Cr: 13.0911 )
00000280: 12.7952   (Y': 12.4528   Cb: 14.2193   Cr: 13.0116 )
00000281: 12.5176   (Y': 12.1713   Cb: 13.9158   Cr: 12.7715 )
00000282: 12.44     (Y': 12.068    Cb: 13.942    Cr: 12.7334 )
00000283: 12.4776   (Y': 12.1147   Cb: 13.9158   Cr: 12.7778 )
00000284: 12.4756   (Y': 12.1116   Cb: 13.934    Cr: 12.7647 )
00000285: 12.4723   (Y': 12.1064   Cb: 13.9318   Cr: 12.7695 )
00000286: 12.482    (Y': 12.1143   Cb: 13.999    Cr: 12.7441 )
00000287: 12.5428   (Y': 12.2021   Cb: 13.9398   Cr: 12.7718 )
00000288: 12.4385   (Y': 12.0592   Cb: 13.9143   Cr: 12.7863 )
00000289: 12.4616   (Y': 12.0895   Cb: 13.9408   Cr: 12.7727 )
00000290: 12.4494   (Y': 12.0739   Cb: 13.908    Cr: 12.7926 )
00000291: 12.419    (Y': 12.0439   Cb: 13.9676   Cr: 12.6919 )
00000292: 12.45     (Y': 12.088    Cb: 13.8857   Cr: 12.7475 )
00000293: 12.4637   (Y': 12.0952   Cb: 13.9572   Cr: 12.7477 )
00000294: 12.4903   (Y': 12.1311   Cb: 13.9679   Cr: 12.7427 )
00000295: 12.4806   (Y': 12.11     Cb: 13.9556   Cr: 12.7881 )
00000296: 12.4376   (Y': 12.0637   Cb: 13.9287   Cr: 12.7483 )
00000297: 12.4839   (Y': 12.1317   Cb: 13.9204   Cr: 12.7357 )
00000298: 12.4435   (Y': 12.0712   Cb: 13.95     Cr: 12.7349 )
00000299: 12.4313   (Y': 12.0582   Cb: 13.9822   Cr: 12.6935 )
00000301: 12.5102   (Y': 12.1544   Cb: 13.92     Cr: 12.799  )
00000302: 12.4354   (Y': 12.0536   Cb: 13.9271   Cr: 12.783  )
00000300: 12.4878   (Y': 12.1352   Cb: 13.8967   Cr: 12.7624 )
00000303: 12.4564   (Y': 12.0888   Cb: 13.9042   Cr: 12.7707 )
00000304: 12.4846   (Y': 12.1205   Cb: 13.9512   Cr: 12.7685 )
00000305: 12.4399   (Y': 12.0569   Cb: 13.949    Cr: 12.7798 )
00000306: 12.4168   (Y': 12.0409   Cb: 13.8949   Cr: 12.7467 )
00000307: 12.4403   (Y': 12.0758   Cb: 13.9497   Cr: 12.6934 )
00000308: 12.4546   (Y': 12.0962   Cb: 13.8682   Cr: 12.7525 )
00000309: 12.4305   (Y': 12.0592   Cb: 13.9086   Cr: 12.7388 )
00000310: 12.4671   (Y': 12.0905   Cb: 13.9692   Cr: 12.7821 )
00000311: 12.7537   (Y': 12.4515   Cb: 14.098    Cr: 12.8503 )
00000312: 12.8413   (Y': 12.5498   Cb: 14.1349   Cr: 12.9292 )
00000313: 12.7608   (Y': 12.4728   Cb: 14.0891   Cr: 12.8076 )
00000314: 12.7472   (Y': 12.4724   Cb: 13.9808   Cr: 12.8086 )
00000315: 12.7443   (Y': 12.4795   Cb: 14.0016   Cr: 12.7448 )
00000316: 12.6973   (Y': 12.3883   Cb: 14.0664   Cr: 12.8056 )
00000317: 12.6088   (Y': 12.2989   Cb: 13.904    Cr: 12.7768 )
00000318: 12.6657   (Y': 12.3658   Cb: 13.9722   Cr: 12.781  )
00000319: 12.693    (Y': 12.3951   Cb: 13.9855   Cr: 12.8099 )
00000320: 12.7405   (Y': 12.431    Cb: 14.087    Cr: 12.8681 )
00000321: 12.6177   (Y': 12.3008   Cb: 13.9782   Cr: 12.7673 )
00000322: 12.636    (Y': 12.3297   Cb: 13.9345   Cr: 12.7856 )
00000323: 12.6248   (Y': 12.2979   Cb: 13.9868   Cr: 12.8178 )
00000324: 12.6541   (Y': 12.3468   Cb: 13.9358   Cr: 12.8208 )
00000325: 12.6377   (Y': 12.3285   Cb: 13.9341   Cr: 12.8019 )
00000326: 12.5789   (Y': 12.2486   Cb: 13.9423   Cr: 12.7866 )
00000327: 12.6091   (Y': 12.2729   Cb: 14.0448   Cr: 12.7883 )
00000328: 12.5796   (Y': 12.2368   Cb: 13.9941   Cr: 12.8048 )
00000329: 12.6608   (Y': 12.3511   Cb: 13.959    Cr: 12.826  )
00000330: 12.6459   (Y': 12.3396   Cb: 13.9064   Cr: 12.8252 )
00000331: 12.6514   (Y': 12.3375   Cb: 13.9967   Cr: 12.7993 )
00000332: 12.5682   (Y': 12.2255   Cb: 13.9648   Cr: 12.8064 )
00000333: 12.651    (Y': 12.3234   Cb: 13.9958   Cr: 12.8607 )
00000334: 12.6076   (Y': 12.2749   Cb: 14.011    Cr: 12.7953 )
00000335: 12.5336   (Y': 12.1775   Cb: 14.0185   Cr: 12.7664 )
00000336: 12.5393   (Y': 12.1938   Cb: 13.9605   Cr: 12.7719 )
00000337: 12.5599   (Y': 12.2023   Cb: 14.064    Cr: 12.7852 )
00000338: 12.5582   (Y': 12.2164   Cb: 13.9936   Cr: 12.7633 )
00000339: 12.7012   (Y': 12.3758   Cb: 14.1379   Cr: 12.8316 )
00000340: 12.8518   (Y': 12.5739   Cb: 14.1168   Cr: 12.9027 )
00000341: 12.8102   (Y': 12.5439   Cb: 14.0495   Cr: 12.8305 )
00000342: 12.7236   (Y': 12.4365   Cb: 14.0291   Cr: 12.7841 )
00000343: 12.766    (Y': 12.473    Cb: 14.0802   Cr: 12.8452 )
00000344: 12.7497   (Y': 12.4719   Cb: 14.0158   Cr: 12.7991 )
00000345: 12.7144   (Y': 12.4144   Cb: 14.0535   Cr: 12.8057 )
00000346: 12.7493   (Y': 12.4675   Cb: 14.0198   Cr: 12.8129 )
00000347: 12.818    (Y': 12.5424   Cb: 14.1008   Cr: 12.8454 )
00000348: 12.9116   (Y': 12.6343   Cb: 14.2139   Cr: 12.932  )
00000349: 12.8757   (Y': 12.5595   Cb: 14.2527   Cr: 13.0095 )
00000350: 12.897    (Y': 12.5606   Cb: 14.3517   Cr: 13.0633 )
00000351: 12.8706   (Y': 12.5032   Cb: 14.3972   Cr: 13.1242 )
00000352: 12.7253   (Y': 12.3437   Cb: 14.243    Cr: 13.0517 )
00000353: 12.7893   (Y': 12.4201   Cb: 14.2886   Cr: 13.0719 )
00000354: 12.7987   (Y': 12.4273   Cb: 14.3538   Cr: 13.0497 )
00000355: 12.7764   (Y': 12.3905   Cb: 14.2765   Cr: 13.1372 )
00000356: 12.7682   (Y': 12.3553   Cb: 14.4046   Cr: 13.1539 )
00000357: 13.8772   (Y': 13.5846   Cb: 15.2209   Cr: 13.9327 )
00000358: 14.4304   (Y': 14.2051   Cb: 15.5644   Cr: 14.358  )
00000359: 14.2103   (Y': 13.9648   Cb: 15.3783   Cr: 14.1967 )
00000360: 13.4809   (Y': 13.1215   Cb: 14.951    Cr: 13.74   )
00000362: 13.3659   (Y': 12.9675   Cb: 14.9964   Cr: 13.6873 )
00000361: 13.4717   (Y': 13.089    Cb: 15.0828   Cr: 13.7332 )
00000363: 13.2606   (Y': 12.8401   Cb: 14.9446   Cr: 13.6473 )
00000364: 13.2001   (Y': 12.7563   Cb: 14.8486   Cr: 13.7286 )
00000365: 13.107    (Y': 12.6707   Cb: 14.7921   Cr: 13.5699 )
00000366: 13.1688   (Y': 12.7396   Cb: 14.7619   Cr: 13.667  )
00000367: 13.0087   (Y': 12.5433   Cb: 14.7288   Cr: 13.5908 )
00000368: 12.8892   (Y': 12.3953   Cb: 14.7385   Cr: 13.5187 )
00000369: 12.8866   (Y': 12.4155   Cb: 14.7292   Cr: 13.4053 )
00000370: 12.8415   (Y': 12.3373   Cb: 14.7458   Cr: 13.4834 )
00000371: 12.846    (Y': 12.3532   Cb: 14.682    Cr: 13.4805 )
00000372: 12.7694   (Y': 12.2512   Cb: 14.6369   Cr: 13.5135 )
00000373: 13.0027   (Y': 12.5803   Cb: 14.6019   Cr: 13.463  )
00000374: 13.0519   (Y': 12.6185   Cb: 14.7603   Cr: 13.4832 )
00000375: 13.0029   (Y': 12.563    Cb: 14.7783   Cr: 13.4167 )
00000376: 12.8602   (Y': 12.4334   Cb: 14.542    Cr: 13.2793 )
00000377: 12.8588   (Y': 12.4392   Cb: 14.4642   Cr: 13.3006 )
00000379: 13.0853   (Y': 12.7043   Cb: 14.6219   Cr: 13.3948 )
00000378: 12.8911   (Y': 12.4918   Cb: 14.5078   Cr: 13.2269 )
00000380: 13.0543   (Y': 12.6847   Cb: 14.5758   Cr: 13.3217 )
00000381: 13.0247   (Y': 12.6783   Cb: 14.4115   Cr: 13.2878 )
00000382: 12.9252   (Y': 12.5965   Cb: 14.3681   Cr: 13.0655 )
00000383: 12.8739   (Y': 12.5455   Cb: 14.2668   Cr: 13.0506 )
00000384: 12.817    (Y': 12.4878   Cb: 14.2546   Cr: 12.9639 )
00000385: 12.7541   (Y': 12.4217   Cb: 14.1365   Cr: 12.9567 )
00000387: 12.4691   (Y': 12.1086   Cb: 13.8898   Cr: 12.7712 )
00000386: 12.6604   (Y': 12.3383   Cb: 14.0053   Cr: 12.8455 )
00000388: 12.6226   (Y': 12.2726   Cb: 14.039    Cr: 12.8794 )
00000389: 12.7162   (Y': 12.3832   Cb: 14.0898   Cr: 12.9279 )
00000391: 12.9277   (Y': 12.6065   Cb: 14.237    Cr: 13.1357 )
00000390: 12.8687   (Y': 12.5451   Cb: 14.1951   Cr: 13.0746 )
00000392: 13.1081   (Y': 12.8246   Cb: 14.3823   Cr: 13.1767 )
00000393: 13.5346   (Y': 13.2834   Cb: 14.8029   Cr: 13.4694 )
00000395: 13.6932   (Y': 13.4131   Cb: 15.1016   Cr: 13.6478 )
00000394: 14.118    (Y': 13.8793   Cb: 15.3764   Cr: 14.0088 )
00000396: 13.3651   (Y': 13.0822   Cb: 14.7537   Cr: 13.3457 )
00000397: 13.2086   (Y': 12.888    Cb: 14.6983   Cr: 13.279  )
00000398: 13.1949   (Y': 12.887    Cb: 14.7094   Cr: 13.1928 )
00000399: 13.0444   (Y': 12.7519   Cb: 14.4291   Cr: 13.069  )
00000400: 12.9185   (Y': 12.6362   Cb: 14.2827   Cr: 12.9145 )
00000401: 12.8656   (Y': 12.5716   Cb: 14.3154   Cr: 12.8497 )
00000402: 12.814    (Y': 12.5341   Cb: 14.1905   Cr: 12.7907 )
00000403: 12.73     (Y': 12.3916   Cb: 14.2245   Cr: 12.8755 )
00000404: 12.6937   (Y': 12.3682   Cb: 14.0741   Cr: 12.8668 )
00000405: 12.6855   (Y': 12.3627   Cb: 14.1039   Cr: 12.8177 )
00000407: 12.6296   (Y': 12.2971   Cb: 14.0906   Cr: 12.7735 )
00000406: 12.6484   (Y': 12.3265   Cb: 14.1024   Cr: 12.7505 )
00000408: 12.6345   (Y': 12.3037   Cb: 14.1242   Cr: 12.7501 )
00000409: 12.6773   (Y': 12.3491   Cb: 14.1434   Cr: 12.7986 )
00000410: 12.6325   (Y': 12.2901   Cb: 14.1083   Cr: 12.8097 )
00000411: 12.6847   (Y': 12.3669   Cb: 14.1061   Cr: 12.7927 )
00000412: 12.6977   (Y': 12.3965   Cb: 14.0653   Cr: 12.7729 )
00000413: 12.6769   (Y': 12.3652   Cb: 14.1141   Cr: 12.7462 )
00000414: 12.6628   (Y': 12.3363   Cb: 14.0881   Cr: 12.8066 )
00000415: 12.6535   (Y': 12.3305   Cb: 14.065    Cr: 12.792  )
00000416: 12.6828   (Y': 12.3841   Cb: 14.027    Cr: 12.7643 )
00000417: 12.6414   (Y': 12.329    Cb: 14.0341   Cr: 12.747  )
00000418: 12.6145   (Y': 12.2909   Cb: 14.0293   Cr: 12.7533 )
00000419: 12.5621   (Y': 12.2223   Cb: 13.9668   Cr: 12.7812 )
00000420: 12.5373   (Y': 12.2025   Cb: 13.9313   Cr: 12.7418 )
00000421: 12.5067   (Y': 12.1713   Cb: 13.9794   Cr: 12.6548 )
00000422: 12.5108   (Y': 12.1847   Cb: 13.967    Cr: 12.6298 )
00000423: 12.4847   (Y': 12.136    Cb: 13.9769   Cr: 12.6785 )
00000424: 12.5149   (Y': 12.1704   Cb: 13.9714   Cr: 12.7163 )
00000425: 12.6264   (Y': 12.3052   Cb: 14.0099   Cr: 12.7779 )
00000426: 12.6778   (Y': 12.364    Cb: 14.0278   Cr: 12.8212 )
00000427: 12.6953   (Y': 12.3888   Cb: 14.1157   Cr: 12.7547 )
00000428: 12.7001   (Y': 12.4193   Cb: 13.9932   Cr: 12.7424 )
00000429: 12.6163   (Y': 12.3287   Cb: 13.9306   Cr: 12.6721 )
00000430: 12.6475   (Y': 12.3585   Cb: 13.9507   Cr: 12.7179 )
00000431: 12.6839   (Y': 12.3983   Cb: 13.9781   Cr: 12.7463 )
00000432: 12.5976   (Y': 12.2744   Cb: 13.976    Cr: 12.7617 )
00000433: 12.5365   (Y': 12.2238   Cb: 13.8708   Cr: 12.6874 )
00000435: 13.1653   (Y': 12.8926   Cb: 14.4662   Cr: 13.1666 )
00000434: 12.5406   (Y': 12.2248   Cb: 13.8754   Cr: 12.7044 )
00000436: 13.7233   (Y': 13.5107   Cb: 14.9258   Cr: 13.548  )
00000437: 14.3644   (Y': 14.2289   Cb: 15.3493   Cr: 14.0455 )
00000438: 14.2571   (Y': 14.12     Cb: 15.228    Cr: 13.955  )
00000439: 13.2428   (Y': 12.9455   Cb: 14.6186   Cr: 13.2948 )
00000440: 13.142    (Y': 12.8543   Cb: 14.4884   Cr: 13.1742 )
00000441: 12.9408   (Y': 12.6289   Cb: 14.3735   Cr: 13.0143 )
00000442: 12.8691   (Y': 12.5432   Cb: 14.358    Cr: 12.9635 )
00000443: 12.6524   (Y': 12.3158   Cb: 14.13     Cr: 12.8022 )
00000444: 12.5174   (Y': 12.1944   Cb: 13.9275   Cr: 12.6572 )
00000445: 12.5416   (Y': 12.2154   Cb: 13.9722   Cr: 12.6797 )
00000446: 12.5023   (Y': 12.1724   Cb: 13.958    Cr: 12.6385 )
00000447: 12.5261   (Y': 12.1953   Cb: 13.9855   Cr: 12.6635 )
00000448: 12.5256   (Y': 12.1891   Cb: 13.9826   Cr: 12.6908 )
00000449: 12.5122   (Y': 12.164    Cb: 13.9931   Cr: 12.7122 )
00000450: 12.5449   (Y': 12.2142   Cb: 13.9863   Cr: 12.6951 )
00000451: 12.5769   (Y': 12.2456   Cb: 13.9999   Cr: 12.744  )
00000452: 12.6562   (Y': 12.3504   Cb: 13.9844   Cr: 12.7807 )
00000453: 12.6684   (Y': 12.37     Cb: 14.0125   Cr: 12.749  )
00000454: 12.7892   (Y': 12.495    Cb: 14.1383   Cr: 12.8474 )
00000455: 12.7882   (Y': 12.5057   Cb: 14.1049   Cr: 12.8205 )
00000456: 12.8492   (Y': 12.5856   Cb: 14.0829   Cr: 12.8623 )
00000457: 12.8151   (Y': 12.5463   Cb: 14.1071   Cr: 12.8065 )
00000458: 12.7734   (Y': 12.5003   Cb: 14.1039   Cr: 12.7547 )
00000459: 12.7607   (Y': 12.4828   Cb: 14.1017   Cr: 12.7551 )
00000460: 12.7334   (Y': 12.4257   Cb: 14.1179   Cr: 12.8247 )
00000461: 12.7058   (Y': 12.4095   Cb: 14.0442   Cr: 12.7815 )
00000462: 12.7243   (Y': 12.4151   Cb: 14.0953   Cr: 12.832  )
00000463: 12.7558   (Y': 12.4368   Cb: 14.1452   Cr: 12.8932 )
00000464: 12.759    (Y': 12.4512   Cb: 14.1474   Cr: 12.8476 )
00000465: 12.6589   (Y': 12.3306   Cb: 14.1074   Cr: 12.7936 )
00000467: 12.5209   (Y': 12.1352   Cb: 14.0767   Cr: 12.8381 )
00000466: 12.6078   (Y': 12.2561   Cb: 14.0983   Cr: 12.8167 )
00000468: 12.7396   (Y': 12.4304   Cb: 14.1089   Cr: 12.8482 )
00000469: 12.6383   (Y': 12.297    Cb: 14.1032   Cr: 12.8186 )
00000470: 12.6216   (Y': 12.2586   Cb: 14.1243   Cr: 12.873  )
00000471: 12.5528   (Y': 12.1842   Cb: 14.0923   Cr: 12.8025 )
00000472: 12.6467   (Y': 12.29     Cb: 14.1467   Cr: 12.8712 )
00000473: 12.6668   (Y': 12.327    Cb: 14.108    Cr: 12.8583 )
00000474: 12.5728   (Y': 12.192    Cb: 14.079    Cr: 12.9043 )
00000475: 12.5713   (Y': 12.2044   Cb: 14.1167   Cr: 12.809  )
00000476: 12.6051   (Y': 12.2589   Cb: 14.1107   Cr: 12.7778 )
00000477: 12.6166   (Y': 12.2539   Cb: 14.1264   Cr: 12.8613 )
00000478: 12.6215   (Y': 12.2476   Cb: 14.1422   Cr: 12.9099 )
00000479: 12.6922   (Y': 12.3428   Cb: 14.249    Cr: 12.8417 )
00000480: 12.7926   (Y': 12.4801   Cb: 14.1373   Cr: 12.9343 )
00000481: 12.822    (Y': 12.5067   Cb: 14.2376   Cr: 12.9236 )
00000482: 12.7843   (Y': 12.4672   Cb: 14.227    Cr: 12.8736 )
00000483: 12.7782   (Y': 12.4567   Cb: 14.1854   Cr: 12.9134 )
00000484: 12.7554   (Y': 12.3809   Cb: 14.2422   Cr: 13.072  )
00000485: 12.8233   (Y': 12.4501   Cb: 14.3181   Cr: 13.1281 )
00000486: 12.9516   (Y': 12.6154   Cb: 14.4394   Cr: 13.0924 )
00000487: 12.9716   (Y': 12.6618   Cb: 14.3458   Cr: 13.0791 )
00000488: 12.9509   (Y': 12.618    Cb: 14.3425   Cr: 13.1484 )
00000489: 12.8526   (Y': 12.5486   Cb: 14.1936   Cr: 12.9599 )
00000490: 12.8721   (Y': 12.5486   Cb: 14.2851   Cr: 13.0115 )
00000491: 12.9294   (Y': 12.6119   Cb: 14.3218   Cr: 13.0575 )
00000492: 12.9554   (Y': 12.6423   Cb: 14.2995   Cr: 13.1005 )
00000493: 12.8787   (Y': 12.5842   Cb: 14.1118   Cr: 13.0264 )
00000494: 12.8175   (Y': 12.5422   Cb: 14.0473   Cr: 12.8838 )
00000495: 12.7612   (Y': 12.4557   Cb: 14.0694   Cr: 12.8998 )
00000496: 12.6678   (Y': 12.3479   Cb: 13.9925   Cr: 12.8582 )
00000497: 12.3546   (Y': 11.9554   Cb: 13.84     Cr: 12.7904 )
00000498: 12.2758   (Y': 11.8531   Cb: 13.8529   Cr: 12.7544 )
00000499: 12.319    (Y': 11.9072   Cb: 13.8685   Cr: 12.7656 )
00000500: 12.4234   (Y': 12.0347   Cb: 13.9135   Cr: 12.805  )
00000501: 12.5453   (Y': 12.2047   Cb: 13.9179   Cr: 12.7923 )
00000502: 12.5131   (Y': 12.1805   Cb: 13.8914   Cr: 12.7198 )
00000503: 12.3804   (Y': 12.0006   Cb: 13.8362   Cr: 12.7463 )
00000504: 12.3309   (Y': 11.9408   Cb: 13.8295   Cr: 12.7124 )
00000505: 12.2845   (Y': 11.877    Cb: 13.85     Cr: 12.6981 )
00000506: 12.2238   (Y': 11.8173   Cb: 13.6897   Cr: 12.7104 )
00000507: 12.1954   (Y': 11.7787   Cb: 13.7384   Cr: 12.6711 )
00000508: 12.1819   (Y': 11.7541   Cb: 13.7802   Cr: 12.6695 )
00000509: 12.0206   (Y': 11.5507   Cb: 13.7235   Cr: 12.6391 )
00000510: 12.0903   (Y': 11.6631   Cb: 13.6867   Cr: 12.5761 )
00000511: 12.0801   (Y': 11.6281   Cb: 13.7376   Cr: 12.6427 )
00000512: 12.234    (Y': 11.8264   Cb: 13.7472   Cr: 12.6883 )
00000513: 12.3687   (Y': 11.986    Cb: 13.8354   Cr: 12.7399 )
00000514: 12.381    (Y': 12.0118   Cb: 13.7911   Cr: 12.7319 )
00000515: 12.4397   (Y': 12.0909   Cb: 13.816    Cr: 12.7215 )
00000516: 12.3743   (Y': 12.0186   Cb: 13.7332   Cr: 12.7024 )
00000517: 12.2668   (Y': 11.8687   Cb: 13.7152   Cr: 12.7264 )
00000518: 12.2885   (Y': 11.8964   Cb: 13.7666   Cr: 12.6958 )
00000519: 12.2774   (Y': 11.8909   Cb: 13.7196   Cr: 12.6856 )
00000520: 12.2723   (Y': 11.8686   Cb: 13.7856   Cr: 12.7075 )
00000521: 12.4482   (Y': 12.092    Cb: 13.7993   Cr: 12.7844 )
00000523: 12.353    (Y': 11.9694   Cb: 13.8218   Cr: 12.7263 )
00000522: 12.4452   (Y': 12.1023   Cb: 13.7465   Cr: 12.7589 )
00000524: 12.2697   (Y': 11.8694   Cb: 13.7317   Cr: 12.729  )
00000525: 12.3133   (Y': 11.9234   Cb: 13.7632   Cr: 12.7319 )
00000526: 12.3286   (Y': 11.9322   Cb: 13.8449   Cr: 12.7267 )
00000527: 12.2565   (Y': 11.8569   Cb: 13.777    Cr: 12.6668 )
00000528: 12.158    (Y': 11.7379   Cb: 13.7795   Cr: 12.59   )
00000529: 12.1296   (Y': 11.6915   Cb: 13.7812   Cr: 12.6274 )
00000530: 12.1535   (Y': 11.7238   Cb: 13.7777   Cr: 12.6306 )
00000531: 12.1973   (Y': 11.7936   Cb: 13.7403   Cr: 12.6095 )
00000532: 12.2334   (Y': 11.8363   Cb: 13.7078   Cr: 12.6678 )
00000533: 12.2373   (Y': 11.8313   Cb: 13.7251   Cr: 12.7042 )
00000534: 12.2173   (Y': 11.8006   Cb: 13.7491   Cr: 12.7018 )
00000535: 12.2378   (Y': 11.8216   Cb: 13.7893   Cr: 12.7048 )
00000536: 12.2762   (Y': 11.8769   Cb: 13.7699   Cr: 12.7055 )
00000537: 12.3191   (Y': 11.9444   Cb: 13.7774   Cr: 12.6587 )
00000538: 12.2969   (Y': 11.9214   Cb: 13.7058   Cr: 12.6792 )
00000539: 12.3017   (Y': 11.9324   Cb: 13.7379   Cr: 12.6329 )
00000540: 12.2371   (Y': 11.8351   Cb: 13.7116   Cr: 12.6948 )
00000541: 12.1971   (Y': 11.8042   Cb: 13.6516   Cr: 12.6265 )
00000542: 12.1505   (Y': 11.7506   Cb: 13.6955   Cr: 12.5428 )
00000543: 12.1474   (Y': 11.7248   Cb: 13.7398   Cr: 12.6139 )
00000544: 12.1759   (Y': 11.7477   Cb: 13.7887   Cr: 12.6541 )
00000545: 12.197    (Y': 11.7878   Cb: 13.7349   Cr: 12.64   )
00000547: 12.1504   (Y': 11.7299   Cb: 13.7054   Cr: 12.6357 )
00000546: 12.1615   (Y': 11.7421   Cb: 13.7474   Cr: 12.6175 )
00000548: 12.1249   (Y': 11.6942   Cb: 13.7144   Cr: 12.6337 )
00000549: 12.1584   (Y': 11.7431   Cb: 13.7029   Cr: 12.626  )
00000550: 12.1824   (Y': 11.7653   Cb: 13.7675   Cr: 12.6273 )
00000551: 12.1791   (Y': 11.7612   Cb: 13.7419   Cr: 12.6451 )
00000552: 12.2411   (Y': 11.8507   Cb: 13.7218   Cr: 12.638  )
00000553: 12.2708   (Y': 11.8888   Cb: 13.7666   Cr: 12.6155 )
00000554: 12.195    (Y': 11.7946   Cb: 13.7255   Cr: 12.6011 )
00000555: 12.2017   (Y': 11.785    Cb: 13.7406   Cr: 12.681  )
00000556: 12.242    (Y': 11.8237   Cb: 13.8065   Cr: 12.7092 )
00000557: 12.2235   (Y': 11.8107   Cb: 13.7735   Cr: 12.6753 )
00000558: 12.2173   (Y': 11.8135   Cb: 13.7607   Cr: 12.6297 )
00000559: 12.2474   (Y': 11.8504   Cb: 13.7335   Cr: 12.6721 )
00000560: 12.2503   (Y': 11.8516   Cb: 13.7042   Cr: 12.7081 )
00000561: 12.2338   (Y': 11.8265   Cb: 13.7347   Cr: 12.6968 )
00000562: 12.2271   (Y': 11.8176   Cb: 13.724    Cr: 12.7035 )
00000563: 12.2839   (Y': 11.899    Cb: 13.7676   Cr: 12.6523 )
00000564: 12.2545   (Y': 11.8701   Cb: 13.7339   Cr: 12.6239 )
00000565: 12.2284   (Y': 11.8372   Cb: 13.7481   Cr: 12.5985 )
00000566: 12.2934   (Y': 11.9149   Cb: 13.7753   Cr: 12.633  )
00000567: 12.3038   (Y': 11.9585   Cb: 13.6619   Cr: 12.5843 )
00000568: 12.4207   (Y': 12.081    Cb: 13.8016   Cr: 12.6574 )
00000569: 12.3867   (Y': 12.0264   Cb: 13.8585   Cr: 12.6491 )
00000570: 12.3064   (Y': 11.9379   Cb: 13.7595   Cr: 12.6206 )
00000571: 12.2509   (Y': 11.8367   Cb: 13.8455   Cr: 12.6747 )
00000572: 12.3028   (Y': 11.9224   Cb: 13.797    Cr: 12.6419 )
00000573: 12.2682   (Y': 11.8749   Cb: 13.8063   Cr: 12.635  )
00000574: 12.2898   (Y': 11.8944   Cb: 13.8164   Cr: 12.6748 )
00000575: 12.2568   (Y': 11.8859   Cb: 13.6906   Cr: 12.5974 )
00000576: 12.2493   (Y': 11.8601   Cb: 13.7558   Cr: 12.6204 )
00000577: 12.2683   (Y': 11.884    Cb: 13.7406   Cr: 12.6422 )
00000578: 12.264    (Y': 11.8827   Cb: 13.77     Cr: 12.5981 )
00000579: 12.2558   (Y': 11.8779   Cb: 13.7554   Cr: 12.5787 )
00000580: 12.223    (Y': 11.8435   Cb: 13.7266   Cr: 12.5503 )
00000581: 12.2703   (Y': 11.8846   Cb: 13.7832   Cr: 12.6199 )
00000582: 12.3063   (Y': 11.9186   Cb: 13.7695   Cr: 12.7037 )
00000583: 12.2807   (Y': 11.8931   Cb: 13.771    Cr: 12.6564 )
00000584: 12.2912   (Y': 11.902    Cb: 13.8007   Cr: 12.6599 )
00000585: 12.2412   (Y': 11.8334   Cb: 13.7965   Cr: 12.6644 )
00000586: 12.2194   (Y': 11.8177   Cb: 13.743    Cr: 12.6374 )
00000587: 12.2451   (Y': 11.8343   Cb: 13.8555   Cr: 12.6404 )
00000588: 12.2349   (Y': 11.8186   Cb: 13.7917   Cr: 12.6984 )
00000589: 12.2149   (Y': 11.805    Cb: 13.8119   Cr: 12.616  )
00000590: 12.2267   (Y': 11.8286   Cb: 13.8072   Cr: 12.5837 )
00000591: 12.2828   (Y': 11.9106   Cb: 13.7268   Cr: 12.6216 )
00000592: 12.2311   (Y': 11.8373   Cb: 13.7771   Cr: 12.5939 )
00000593: 12.2249   (Y': 11.8466   Cb: 13.732    Cr: 12.5436 )
00000594: 12.1775   (Y': 11.7682   Cb: 13.7639   Cr: 12.5834 )
00000595: 12.1996   (Y': 11.7913   Cb: 13.7853   Cr: 12.6012 )
00000596: 12.2172   (Y': 11.8254   Cb: 13.7324   Cr: 12.5939 )
00000597: 12.2323   (Y': 11.8608   Cb: 13.6887   Cr: 12.5583 )
00000598: 12.2389   (Y': 11.8563   Cb: 13.7904   Cr: 12.5448 )
00000599: 12.2518   (Y': 11.8638   Cb: 13.7562   Cr: 12.6189 )
00000600: 12.2144   (Y': 11.8324   Cb: 13.6882   Cr: 12.5767 )
00000601: 12.2197   (Y': 11.8177   Cb: 13.8161   Cr: 12.5836 )
00000602: 12.2369   (Y': 11.8435   Cb: 13.7956   Cr: 12.5885 )
00000603: 12.2315   (Y': 11.8353   Cb: 13.7942   Cr: 12.5929 )
00000604: 12.2005   (Y': 11.8051   Cb: 13.7056   Cr: 12.6021 )
00000605: 12.1925   (Y': 11.802    Cb: 13.7201   Cr: 12.5532 )
00000606: 12.1485   (Y': 11.7364   Cb: 13.7256   Cr: 12.5751 )
00000607: 12.2172   (Y': 11.803    Cb: 13.7834   Cr: 12.6627 )
00000608: 12.201    (Y': 11.7827   Cb: 13.806    Cr: 12.6367 )
00000609: 12.2706   (Y': 11.8895   Cb: 13.7437   Cr: 12.629  )
00000610: 12.1975   (Y': 11.7919   Cb: 13.7819   Cr: 12.5871 )
00000611: 12.2038   (Y': 11.7937   Cb: 13.7685   Cr: 12.6308 )
00000612: 12.2421   (Y': 11.8533   Cb: 13.7889   Cr: 12.5803 )
00000613: 12.2237   (Y': 11.827    Cb: 13.764    Cr: 12.6047 )
00000614: 12.196    (Y': 11.8053   Cb: 13.7086   Cr: 12.5696 )
00000615: 12.2225   (Y': 11.8373   Cb: 13.7664   Cr: 12.5464 )
00000616: 12.2275   (Y': 11.8428   Cb: 13.7864   Cr: 12.5377 )
00000617: 12.2151   (Y': 11.8125   Cb: 13.7938   Cr: 12.5952 )
00000618: 12.1956   (Y': 11.8042   Cb: 13.801    Cr: 12.5026 )
00000619: 12.2405   (Y': 11.8534   Cb: 13.725    Cr: 12.6183 )
00000620: 12.2054   (Y': 11.7948   Cb: 13.8059   Cr: 12.6077 )
00000621: 12.2518   (Y': 11.8667   Cb: 13.7884   Cr: 12.5807 )
00000622: 12.1897   (Y': 11.7971   Cb: 13.7957   Cr: 12.502  )
00000623: 12.2396   (Y': 11.8429   Cb: 13.7881   Cr: 12.6144 )
00000624: 12.2033   (Y': 11.8072   Cb: 13.8015   Cr: 12.5377 )
00000625: 12.2052   (Y': 11.8296   Cb: 13.7484   Cr: 12.4847 )
00000626: 12.1714   (Y': 11.7642   Cb: 13.7296   Cr: 12.5895 )
00000627: 12.2446   (Y': 11.849    Cb: 13.8025   Cr: 12.6068 )
00000628: 12.2239   (Y': 11.8395   Cb: 13.7358   Cr: 12.5682 )
00000630: 12.2442   (Y': 11.8692   Cb: 13.7177   Cr: 12.5735 )
00000629: 12.1905   (Y': 11.7975   Cb: 13.6979   Cr: 12.5788 )
00000631: 12.2071   (Y': 11.8105   Cb: 13.7499   Cr: 12.5861 )
00000632: 12.2416   (Y': 11.8636   Cb: 13.759    Cr: 12.5516 )
00000633: 12.216    (Y': 11.8152   Cb: 13.8163   Cr: 12.571  )
00000634: 12.2107   (Y': 11.8235   Cb: 13.699    Cr: 12.5861 )
00000635: 12.23     (Y': 11.8482   Cb: 13.7339   Cr: 12.5678 )
00000636: 12.2263   (Y': 11.83     Cb: 13.7531   Cr: 12.6156 )
00000638: 12.227    (Y': 11.8299   Cb: 13.7837   Cr: 12.5972 )
00000637: 12.1697   (Y': 11.7753   Cb: 13.674    Cr: 12.5673 )
00000639: 12.2154   (Y': 11.8222   Cb: 13.7859   Cr: 12.5567 )
00000640: 12.1919   (Y': 11.8009   Cb: 13.7255   Cr: 12.5507 )
00000641: 12.2304   (Y': 11.8279   Cb: 13.798    Cr: 12.6185 )
00000642: 12.2046   (Y': 11.8044   Cb: 13.816    Cr: 12.5488 )
00000643: 12.2271   (Y': 11.8174   Cb: 13.8065   Cr: 12.6406 )
00000644: 12.1998   (Y': 11.8037   Cb: 13.7293   Cr: 12.5864 )
00000645: 12.2346   (Y': 11.8367   Cb: 13.7475   Cr: 12.6427 )
00000646: 12.2112   (Y': 11.8027   Cb: 13.7813   Cr: 12.6263 )
00000647: 12.1963   (Y': 11.7883   Cb: 13.77     Cr: 12.6062 )
00000648: 12.213    (Y': 11.8154   Cb: 13.7734   Cr: 12.5831 )
00000649: 12.187    (Y': 11.7861   Cb: 13.7819   Cr: 12.5465 )
00000650: 12.1902   (Y': 11.7821   Cb: 13.7373   Cr: 12.6209 )
00000651: 12.204    (Y': 11.8193   Cb: 13.7644   Cr: 12.5126 )
00000652: 12.1978   (Y': 11.7866   Cb: 13.7586   Cr: 12.6333 )
00000653: 12.1954   (Y': 11.7945   Cb: 13.7164   Cr: 12.6111 )
00000654: 12.2089   (Y': 11.8151   Cb: 13.7469   Cr: 12.5778 )
00000655: 12.1937   (Y': 11.7784   Cb: 13.7585   Cr: 12.6455 )
00000656: 12.2529   (Y': 11.8675   Cb: 13.7488   Cr: 12.6138 )
00000657: 12.1981   (Y': 11.7823   Cb: 13.7765   Cr: 12.642  )
00000658: 12.2095   (Y': 11.8152   Cb: 13.7192   Cr: 12.6024 )
00000659: 12.202    (Y': 11.7848   Cb: 13.7574   Cr: 12.6705 )
00000660: 12.2285   (Y': 11.8299   Cb: 13.7402   Cr: 12.6402 )
00000661: 12.2057   (Y': 11.8064   Cb: 13.7188   Cr: 12.6202 )
00000662: 12.2478   (Y': 11.8476   Cb: 13.8159   Cr: 12.6246 )
00000663: 12.2328   (Y': 11.8425   Cb: 13.8043   Cr: 12.56   )
00000664: 12.1908   (Y': 11.7897   Cb: 13.8004   Cr: 12.5401 )
00000665: 12.2147   (Y': 11.8096   Cb: 13.7591   Cr: 12.633  )
00000666: 12.2429   (Y': 11.8474   Cb: 13.8049   Cr: 12.6017 )
00000667: 12.2283   (Y': 11.8285   Cb: 13.8      Cr: 12.6    )
00000668: 12.2218   (Y': 11.8277   Cb: 13.7585   Cr: 12.5929 )
00000669: 12.198    (Y': 11.7916   Cb: 13.7506   Cr: 12.6164 )
00000670: 12.2018   (Y': 11.7998   Cb: 13.774    Cr: 12.5835 )
00000671: 12.2038   (Y': 11.7887   Cb: 13.7749   Cr: 12.6499 )
00000672: 12.1715   (Y': 11.7721   Cb: 13.6887   Cr: 12.5833 )
00000673: 12.216    (Y': 11.8115   Cb: 13.7885   Cr: 12.6099 )
00000674: 12.203    (Y': 11.7862   Cb: 13.8144   Cr: 12.6267 )
00000675: 12.212    (Y': 11.813    Cb: 13.7628   Cr: 12.5964 )
00000676: 12.1849   (Y': 11.7787   Cb: 13.7497   Cr: 12.5927 )
00000677: 12.2292   (Y': 11.8223   Cb: 13.7678   Cr: 12.6607 )
00000678: 12.2252   (Y': 11.8297   Cb: 13.7807   Cr: 12.5889 )
00000679: 12.2043   (Y': 11.8077   Cb: 13.7389   Cr: 12.5889 )
00000680: 12.5067   (Y': 12.1701   Cb: 13.8839   Cr: 12.7326 )
00000681: 12.5445   (Y': 12.2222   Cb: 13.8982   Cr: 12.7229 )
00000682: 12.5836   (Y': 12.2773   Cb: 13.9487   Cr: 12.6827 )
00000684: 12.3979   (Y': 12.0571   Cb: 13.7972   Cr: 12.6256 )
00000683: 12.5489   (Y': 12.2643   Cb: 13.7773   Cr: 12.657  )
00000685: 12.4686   (Y': 12.1598   Cb: 13.7778   Cr: 12.6213 )
00000686: 12.4808   (Y': 12.1678   Cb: 13.8115   Cr: 12.6353 )
00000687: 12.542    (Y': 12.2438   Cb: 13.8161   Cr: 12.6743 )
00000688: 12.5549   (Y': 12.244    Cb: 13.8514   Cr: 12.7263 )
00000689: 13.1341   (Y': 12.9135   Cb: 14.2173   Cr: 13.081  )
00000690: 14.2528   (Y': 14.1724   Cb: 15.0547   Cr: 13.863  )
00000691: 14.2677   (Y': 14.183    Cb: 15.0389   Cr: 13.9176 )
00000692: 13.2031   (Y': 12.9606   Cb: 14.3925   Cr: 13.1605 )
00000693: 13.0026   (Y': 12.714    Cb: 14.368    Cr: 13.0246 )
00000694: 12.8197   (Y': 12.5058   Cb: 14.1746   Cr: 12.9601 )
00000695: 12.6748   (Y': 12.328    Cb: 14.0884   Cr: 12.9193 )
00000696: 12.4252   (Y': 12.0538   Cb: 13.8978   Cr: 12.7385 )
00000697: 12.3273   (Y': 11.9769   Cb: 13.7677   Cr: 12.5677 )
00000698: 12.3251   (Y': 11.97     Cb: 13.7538   Cr: 12.5959 )
00000699: 12.3168   (Y': 11.963    Cb: 13.7481   Cr: 12.5802 )
00000700: 12.3364   (Y': 11.9846   Cb: 13.7476   Cr: 12.6056 )
00000701: 12.3425   (Y': 12.0061   Cb: 13.699    Cr: 12.583  )
00000702: 12.3396   (Y': 11.9948   Cb: 13.7412   Cr: 12.5836 )
00000703: 12.371    (Y': 12.0335   Cb: 13.7625   Cr: 12.59   )
00000704: 12.511    (Y': 12.1981   Cb: 13.8841   Cr: 12.6331 )
00000705: 12.5409   (Y': 12.2482   Cb: 13.8539   Cr: 12.6197 )
00000706: 12.5576   (Y': 12.2434   Cb: 13.9139   Cr: 12.698  )
00000707: 12.6289   (Y': 12.3294   Cb: 13.9024   Cr: 12.7675 )
00000708: 12.6625   (Y': 12.348    Cb: 14.0212   Cr: 12.8029 )
00000709: 12.6723   (Y': 12.3469   Cb: 14.0475   Cr: 12.8485 )
00000710: 12.7843   (Y': 12.4943   Cb: 14.1189   Cr: 12.8351 )
00000711: 12.776    (Y': 12.4911   Cb: 14.1487   Cr: 12.7766 )
00000712: 12.7538   (Y': 12.4646   Cb: 14.1082   Cr: 12.7866 )
00000713: 12.6892   (Y': 12.3923   Cb: 14.0579   Cr: 12.7451 )
00000714: 12.6513   (Y': 12.3388   Cb: 14.0833   Cr: 12.7286 )
00000715: 12.6587   (Y': 12.3881   Cb: 13.9914   Cr: 12.628  )
00000716: 12.6395   (Y': 12.3709   Cb: 13.9399   Cr: 12.624  )
00000717: 12.6106   (Y': 12.3206   Cb: 13.985    Cr: 12.6321 )
00000718: 12.6216   (Y': 12.3512   Cb: 13.9503   Cr: 12.5929 )
00000719: 12.5722   (Y': 12.2907   Cb: 13.9376   Cr: 12.5637 )
00000720: 12.628    (Y': 12.3543   Cb: 13.9576   Cr: 12.6125 )
00000721: 12.6175   (Y': 12.3421   Cb: 13.9077   Cr: 12.6386 )
00000722: 12.6308   (Y': 12.3576   Cb: 13.9334   Cr: 12.6333 )
00000723: 12.6434   (Y': 12.3703   Cb: 13.8801   Cr: 12.6948 )
00000724: 12.6251   (Y': 12.3234   Cb: 13.935    Cr: 12.7458 )
00000725: 12.5689   (Y': 12.2859   Cb: 13.8531   Cr: 12.6275 )
00000726: 12.5835   (Y': 12.2743   Cb: 13.9245   Cr: 12.7138 )
00000727: 12.559    (Y': 12.2668   Cb: 13.8805   Cr: 12.6291 )
00000728: 12.4733   (Y': 12.1457   Cb: 13.8716   Cr: 12.6423 )
00000729: 12.4794   (Y': 12.1566   Cb: 13.8591   Cr: 12.6407 )
00000730: 12.491    (Y': 12.1627   Cb: 13.8735   Cr: 12.675  )
00000731: 12.5075   (Y': 12.1928   Cb: 13.8646   Cr: 12.6502 )
00000732: 12.4946   (Y': 12.1738   Cb: 13.8859   Cr: 12.6379 )
00000733: 12.592    (Y': 12.3076   Cb: 13.8785   Cr: 12.6547 )
00000734: 12.5661   (Y': 12.2728   Cb: 13.8689   Cr: 12.6557 )
00000735: 12.5568   (Y': 12.2481   Cb: 13.973    Cr: 12.6288 )
00000736: 12.548    (Y': 12.2511   Cb: 13.829    Cr: 12.6691 )
00000737: 12.5251   (Y': 12.2132   Cb: 13.9343   Cr: 12.6162 )
00000738: 12.5841   (Y': 12.2679   Cb: 13.9302   Cr: 12.7414 )
00000739: 12.5676   (Y': 12.2518   Cb: 13.9247   Cr: 12.7148 )
00000740: 12.5317   (Y': 12.2095   Cb: 13.9732   Cr: 12.6438 )
00000741: 12.517    (Y': 12.1841   Cb: 13.9759   Cr: 12.6647 )
00000742: 12.5048   (Y': 12.1783   Cb: 13.9375   Cr: 12.6431 )
00000743: 12.6088   (Y': 12.2909   Cb: 13.9569   Cr: 12.7717 )
00000744: 12.524    (Y': 12.1907   Cb: 13.962    Cr: 12.689  )
00000745: 12.5285   (Y': 12.1845   Cb: 13.947    Cr: 12.756  )
00000746: 12.5196   (Y': 12.1878   Cb: 13.9653   Cr: 12.6715 )
00000747: 12.4934   (Y': 12.1522   Cb: 13.9376   Cr: 12.6888 )
00000748: 12.4791   (Y': 12.1287   Cb: 13.9881   Cr: 12.6684 )
00000749: 12.4978   (Y': 12.1435   Cb: 13.9777   Cr: 12.7262 )
00000750: 12.4683   (Y': 12.1343   Cb: 13.8991   Cr: 12.6417 )
00000751: 12.527    (Y': 12.1969   Cb: 13.951    Cr: 12.6875 )
00000752: 12.5197   (Y': 12.1804   Cb: 13.9857   Cr: 12.6906 )
00000753: 12.5176   (Y': 12.1727   Cb: 13.9721   Cr: 12.7226 )
00000754: 12.5561   (Y': 12.2391   Cb: 13.965    Cr: 12.67   )
00000755: 12.5544   (Y': 12.2364   Cb: 13.9376   Cr: 12.6916 )
00000756: 12.532    (Y': 12.2072   Cb: 13.917    Cr: 12.6982 )
00000757: 12.5368   (Y': 12.2179   Cb: 13.9181   Cr: 12.6794 )
00000758: 12.5443   (Y': 12.2203   Cb: 13.9597   Cr: 12.6843 )
00000759: 12.4991   (Y': 12.1672   Cb: 13.9256   Cr: 12.6657 )
00000760: 12.5221   (Y': 12.1945   Cb: 13.9579   Cr: 12.6628 )
00000761: 12.4972   (Y': 12.1625   Cb: 13.9182   Cr: 12.6807 )
00000762: 12.5235   (Y': 12.1927   Cb: 13.9783   Cr: 12.6642 )
00000763: 12.4909   (Y': 12.14     Cb: 13.9523   Cr: 12.7179 )
00000764: 12.5009   (Y': 12.1567   Cb: 14.009    Cr: 12.6627 )
00000765: 12.4728   (Y': 12.1237   Cb: 13.9538   Cr: 12.6771 )
00000766: 12.4814   (Y': 12.1482   Cb: 13.9271   Cr: 12.6398 )
00000767: 12.506    (Y': 12.1618   Cb: 14.0232   Cr: 12.6606 )
00000768: 12.4845   (Y': 12.1437   Cb: 13.9548   Cr: 12.6589 )
00000769: 12.4906   (Y': 12.1477   Cb: 13.9632   Cr: 12.6729 )
00000770: 12.49     (Y': 12.1371   Cb: 13.9574   Cr: 12.7215 )
00000771: 12.4891   (Y': 12.1458   Cb: 13.9587   Cr: 12.675  )
00000772: 12.474    (Y': 12.1324   Cb: 13.922    Cr: 12.6685 )
00000773: 12.4726   (Y': 12.1441   Cb: 13.9501   Cr: 12.5865 )
00000774: 12.5018   (Y': 12.16     Cb: 13.9503   Cr: 12.6972 )
00000775: 12.512    (Y': 12.1813   Cb: 13.9515   Cr: 12.6639 )
00000776: 12.5115   (Y': 12.1697   Cb: 13.9472   Cr: 12.7164 )
00000777: 12.4965   (Y': 12.1601   Cb: 13.9474   Cr: 12.6658 )
00000778: 12.6505   (Y': 12.3388   Cb: 14.0477   Cr: 12.7498 )
00000779: 12.6639   (Y': 12.3611   Cb: 14.0548   Cr: 12.7284 )
00000780: 12.7995   (Y': 12.4821   Cb: 14.2213   Cr: 12.9053 )
00000781: 12.8269   (Y': 12.5534   Cb: 14.1232   Cr: 12.8357 )
00000782: 12.8094   (Y': 12.5233   Cb: 14.1602   Cr: 12.8316 )
00000783: 12.8178   (Y': 12.5561   Cb: 14.1132   Cr: 12.777  )
00000784: 12.8328   (Y': 12.5534   Cb: 14.1654   Cr: 12.8395 )
00000785: 12.8157   (Y': 12.5173   Cb: 14.2029   Cr: 12.864  )
00000786: 12.827    (Y': 12.5388   Cb: 14.2274   Cr: 12.8223 )
00000787: 12.7663   (Y': 12.4595   Cb: 14.1852   Cr: 12.8283 )
00000788: 12.7585   (Y': 12.4147   Cb: 14.3329   Cr: 12.8709 )
00000789: 12.8731   (Y': 12.5462   Cb: 14.3763   Cr: 12.9612 )
00000790: 12.8982   (Y': 12.549    Cb: 14.4159   Cr: 13.0756 )
00000791: 12.8569   (Y': 12.4826   Cb: 14.4664   Cr: 13.0809 )
00000792: 12.8404   (Y': 12.4466   Cb: 14.4619   Cr: 13.1465 )
00000793: 12.7903   (Y': 12.4023   Cb: 14.4245   Cr: 13.0601 )
00000794: 12.6814   (Y': 12.289    Cb: 14.3104   Cr: 12.9755 )
00000795: 12.6784   (Y': 12.2555   Cb: 14.3938   Cr: 13.0541 )
00000796: 13.4237   (Y': 13.0964   Cb: 14.8642   Cr: 13.5601 )
00000797: 14.1963   (Y': 13.9711   Cb: 15.353    Cr: 14.1061 )
00000798: 14.2973   (Y': 14.0764   Cb: 15.4375   Cr: 14.202  )
00000799: 13.7284   (Y': 13.4328   Cb: 15.1323   Cr: 13.7521 )
00000800: 13.2293   (Y': 12.8546   Cb: 14.8975   Cr: 13.4133 )
00000801: 13.1256   (Y': 12.7183   Cb: 14.8805   Cr: 13.3985 )
00000802: 13.1485   (Y': 12.7779   Cb: 14.759    Cr: 13.3552 )
00000804: 12.6488   (Y': 12.271    Cb: 14.2437   Cr: 12.8996 )
00000803: 13.1187   (Y': 12.7832   Cb: 14.6089   Cr: 13.2545 )
00000805: 12.5376   (Y': 12.146    Cb: 14.1442   Cr: 12.8444 )
00000806: 12.5782   (Y': 12.195    Cb: 14.1947   Cr: 12.8387 )
00000807: 12.5809   (Y': 12.1759   Cb: 14.2341   Cr: 12.9163 )
00000808: 12.4739   (Y': 12.0259   Cb: 14.2434   Cr: 12.9315 )
00000809: 12.6142   (Y': 12.2276   Cb: 14.2366   Cr: 12.8865 )
00000810: 12.6014   (Y': 12.2178   Cb: 14.2332   Cr: 12.8523 )
00000811: 12.7302   (Y': 12.3734   Cb: 14.2125   Cr: 12.9682 )
00000812: 12.8042   (Y': 12.4625   Cb: 14.2305   Cr: 13.0153 )
00000813: 12.7237   (Y': 12.3916   Cb: 14.1718   Cr: 12.8749 )
00000814: 12.7098   (Y': 12.3836   Cb: 14.1961   Cr: 12.8069 )
00000815: 12.8376   (Y': 12.5387   Cb: 14.1723   Cr: 12.9269 )
00000816: 12.7858   (Y': 12.4857   Cb: 14.0959   Cr: 12.899  )
00000817: 12.7005   (Y': 12.4073   Cb: 14.0298   Cr: 12.7694 )
00000818: 12.6734   (Y': 12.3807   Cb: 14.0239   Cr: 12.7243 )
00000819: 12.5785   (Y': 12.2934   Cb: 13.8567   Cr: 12.6505 )
00000821: 12.5059   (Y': 12.1936   Cb: 13.8556   Cr: 12.643  )
00000820: 12.5432   (Y': 12.2324   Cb: 13.9068   Cr: 12.6636 )
00000822: 12.5254   (Y': 12.2207   Cb: 13.8531   Cr: 12.6454 )
00000823: 12.5867   (Y': 12.2862   Cb: 13.8977   Cr: 12.7012 )
00000824: 12.5778   (Y': 12.2615   Cb: 13.8994   Cr: 12.754  )
00000825: 13.6252   (Y': 13.455    Cb: 14.6697   Cr: 13.3972 )
00000826: 13.9525   (Y': 13.8146   Cb: 14.8735   Cr: 13.6911 )
00000827: 14.0326   (Y': 13.8898   Cb: 15.0317   Cr: 13.7313 )
00000829: 12.9185   (Y': 12.5769   Cb: 14.431    Cr: 13.0655 )
00000828: 13.4263   (Y': 13.1796   Cb: 14.6899   Cr: 13.3462 )
00000830: 12.836    (Y': 12.4932   Cb: 14.3583   Cr: 12.981  )
00000831: 12.8335   (Y': 12.5187   Cb: 14.2414   Cr: 12.9385 )
00000832: 12.5819   (Y': 12.2316   Cb: 14.0317   Cr: 12.8147 )
00000833: 12.4707   (Y': 12.1342   Cb: 13.8898   Cr: 12.6639 )
00000834: 12.4186   (Y': 12.0636   Cb: 13.8398   Cr: 12.6952 )
00000836: 12.4153   (Y': 12.096    Cb: 13.7721   Cr: 12.5782 )
00000835: 12.4076   (Y': 12.0834   Cb: 13.7501   Cr: 12.6039 )
00000837: 12.3745   (Y': 12.0282   Cb: 13.7866   Cr: 12.6178 )
00000838: 12.3659   (Y': 12.0028   Cb: 13.8385   Cr: 12.6402 )
00000839: 12.3359   (Y': 11.9938   Cb: 13.7818   Cr: 12.5345 )
00000840: 12.3216   (Y': 11.9793   Cb: 13.7352   Cr: 12.5456 )
00000841: 12.4813   (Y': 12.1435   Cb: 13.8639   Cr: 12.7081 )
00000842: 12.7282   (Y': 12.4317   Cb: 14.0252   Cr: 12.8355 )
00000844: 12.7349   (Y': 12.4443   Cb: 14.0618   Cr: 12.794  )
00000843: 12.7385   (Y': 12.4596   Cb: 14.0126   Cr: 12.7864 )
00000845: 12.6899   (Y': 12.4076   Cb: 13.9992   Cr: 12.7267 )
00000846: 12.6213   (Y': 12.3275   Cb: 13.9472   Cr: 12.6952 )
00000847: 12.6217   (Y': 12.3355   Cb: 13.9151   Cr: 12.6869 )
00000848: 12.6041   (Y': 12.3259   Cb: 13.8987   Cr: 12.6338 )
00000849: 12.6231   (Y': 12.3591   Cb: 13.8684   Cr: 12.6294 )
00000850: 12.6617   (Y': 12.4171   Cb: 13.8221   Cr: 12.6496 )
00000851: 12.6608   (Y': 12.4064   Cb: 13.8967   Cr: 12.6332 )
00000853: 12.6944   (Y': 12.4502   Cb: 13.9039   Cr: 12.6441 )
00000852: 12.6799   (Y': 12.4468   Cb: 13.8767   Cr: 12.5928 )
00000854: 12.593    (Y': 12.3263   Cb: 13.8568   Cr: 12.5966 )
00000856: 12.5714   (Y': 12.3036   Cb: 13.8287   Cr: 12.5846 )
00000855: 12.6005   (Y': 12.316    Cb: 13.9514   Cr: 12.6158 )
00000857: 12.5895   (Y': 12.328    Cb: 13.8421   Cr: 12.5796 )
00000858: 12.5563   (Y': 12.2802   Cb: 13.8595   Cr: 12.5709 )
00000859: 12.4595   (Y': 12.1704   Cb: 13.7636   Cr: 12.5291 )
00000860: 12.4735   (Y': 12.1848   Cb: 13.7949   Cr: 12.5288 )
00000861: 12.5237   (Y': 12.2485   Cb: 13.7991   Cr: 12.5546 )
00000862: 12.578    (Y': 12.332    Cb: 13.809    Cr: 12.5188 )
00000863: 12.6791   (Y': 12.4318   Cb: 13.8672   Cr: 12.6575 )
00000864: 12.6612   (Y': 12.388    Cb: 13.9205   Cr: 12.6962 )
00000865: 12.6099   (Y': 12.3272   Cb: 13.8944   Cr: 12.6664 )
00000866: 12.5956   (Y': 12.3176   Cb: 13.8591   Cr: 12.6478 )
00000867: 12.5586   (Y': 12.2575   Cb: 13.8719   Cr: 12.6737 )
00000868: 12.5904   (Y': 12.315    Cb: 13.864    Cr: 12.6241 )
00000869: 12.6081   (Y': 12.3423   Cb: 13.8802   Cr: 12.6019 )
00000870: 12.4617   (Y': 12.1609   Cb: 13.7913   Cr: 12.5633 )
00000871: 12.4595   (Y': 12.1541   Cb: 13.7963   Cr: 12.5757 )
00000872: 12.388    (Y': 12.0544   Cb: 13.7806   Cr: 12.588  )
00000873: 12.3776   (Y': 12.0418   Cb: 13.7736   Cr: 12.585  )
00000874: 12.4047   (Y': 12.0841   Cb: 13.7358   Cr: 12.5932 )
00000875: 12.4018   (Y': 12.0791   Cb: 13.7194   Cr: 12.6101 )
00000876: 12.474    (Y': 12.1458   Cb: 13.8176   Cr: 12.6874 )
00000877: 12.4855   (Y': 12.1686   Cb: 13.8265   Cr: 12.6501 )
00000878: 12.6418   (Y': 12.3548   Cb: 13.9293   Cr: 12.7151 )
00000879: 12.6462   (Y': 12.3724   Cb: 13.887    Cr: 12.6982 )
00000880: 12.7004   (Y': 12.4457   Cb: 13.9277   Cr: 12.6803 )
00000881: 12.5968   (Y': 12.3248   Cb: 13.897    Cr: 12.5959 )
00000882: 12.6029   (Y': 12.3004   Cb: 13.8952   Cr: 12.7403 )
00000883: 12.5591   (Y': 12.2728   Cb: 13.8484   Cr: 12.6278 )
00000884: 12.5407   (Y': 12.2681   Cb: 13.7808   Cr: 12.5877 )
00000885: 12.5648   (Y': 12.2943   Cb: 13.7844   Cr: 12.6182 )
00000886: 12.5465   (Y': 12.2747   Cb: 13.7866   Cr: 12.5901 )
00000887: 12.4381   (Y': 12.1325   Cb: 13.7668   Cr: 12.5614 )
00000888: 12.5488   (Y': 12.2585   Cb: 13.8074   Cr: 12.6581 )
00000889: 12.593    (Y': 12.3206   Cb: 13.7903   Cr: 12.6719 )
00000890: 12.4301   (Y': 12.1227   Cb: 13.7396   Cr: 12.5763 )
00000891: 12.3899   (Y': 12.0687   Cb: 13.6859   Cr: 12.6082 )
00000892: 12.3959   (Y': 12.0865   Cb: 13.7421   Cr: 12.5227 )
00000893: 12.3944   (Y': 12.0828   Cb: 13.6947   Cr: 12.5664 )
00000894: 12.4134   (Y': 12.1092   Cb: 13.6557   Cr: 12.5974 )
00000895: 12.4165   (Y': 12.1048   Cb: 13.6953   Cr: 12.6052 )
00000896: 12.3908   (Y': 12.0711   Cb: 13.7583   Cr: 12.5474 )
00000897: 12.3808   (Y': 12.0714   Cb: 13.6972   Cr: 12.5306 )
00000898: 12.3898   (Y': 12.0631   Cb: 13.7361   Cr: 12.5944 )
00000899: 12.4439   (Y': 12.1261   Cb: 13.7749   Cr: 12.6201 )
00000900: 12.3615   (Y': 12.0203   Cb: 13.7177   Cr: 12.6243 )
00000901: 12.3809   (Y': 12.0559   Cb: 13.7618   Cr: 12.5513 )
00000902: 12.3644   (Y': 12.033    Cb: 13.6914   Cr: 12.6048 )
00000903: 12.3326   (Y': 11.9914   Cb: 13.7349   Cr: 12.5598 )
00000904: 12.3689   (Y': 12.038    Cb: 13.7134   Cr: 12.5938 )
00000905: 12.3308   (Y': 11.9926   Cb: 13.7101   Cr: 12.5622 )
00000906: 12.3838   (Y': 12.0492   Cb: 13.7757   Cr: 12.5891 )
00000907: 12.4092   (Y': 12.1154   Cb: 13.7336   Cr: 12.4846 )
00000908: 12.4441   (Y': 12.1309   Cb: 13.7905   Cr: 12.5879 )
00000909: 12.4246   (Y': 12.1111   Cb: 13.7749   Cr: 12.5665 )
00000910: 12.5433   (Y': 12.2518   Cb: 13.8093   Cr: 12.6523 )
00000911: 12.4965   (Y': 12.1874   Cb: 13.7977   Cr: 12.6564 )
00000912: 12.4567   (Y': 12.1417   Cb: 13.7487   Cr: 12.6505 )
00000913: 12.5146   (Y': 12.2017   Cb: 13.8879   Cr: 12.6365 )
00000914: 12.4923   (Y': 12.1696   Cb: 13.8586   Cr: 12.6632 )
00000915: 12.5995   (Y': 12.3206   Cb: 13.784    Cr: 12.7168 )
00000916: 12.666    (Y': 12.4029   Cb: 13.927    Cr: 12.6566 )
00000917: 12.4779   (Y': 12.1536   Cb: 13.8219   Cr: 12.6727 )
00000918: 12.4496   (Y': 12.1195   Cb: 13.8396   Cr: 12.6363 )
00000919: 12.4738   (Y': 12.1267   Cb: 13.8961   Cr: 12.7124 )
00000920: 12.5162   (Y': 12.1896   Cb: 13.9265   Cr: 12.6717 )
00000921: 12.4652   (Y': 12.1272   Cb: 13.864    Cr: 12.6802 )
00000922: 12.5034   (Y': 12.1686   Cb: 13.846    Cr: 12.7475 )
00000923: 12.4979   (Y': 12.1579   Cb: 13.8785   Cr: 12.7363 )
00000924: 12.5923   (Y': 12.2698   Cb: 13.9461   Cr: 12.7718 )
00000925: 12.564    (Y': 12.2219   Cb: 14.0162   Cr: 12.7576 )
00000926: 12.5875   (Y': 12.2739   Cb: 13.9615   Cr: 12.7126 )
00000927: 12.5304   (Y': 12.1813   Cb: 13.9558   Cr: 12.7766 )
00000928: 12.5237   (Y': 12.1941   Cb: 13.9277   Cr: 12.6971 )
00000929: 12.6033   (Y': 12.3013   Cb: 13.9204   Cr: 12.7194 )
00000930: 12.5806   (Y': 12.2491   Cb: 14.0108   Cr: 12.7427 )
00000931: 12.5071   (Y': 12.176    Cb: 13.9759   Cr: 12.6389 )
00000932: 12.5381   (Y': 12.2129   Cb: 13.9358   Cr: 12.6965 )
00000933: 12.5036   (Y': 12.1682   Cb: 13.9829   Cr: 12.6472 )
00000935: 12.54     (Y': 12.2161   Cb: 13.9072   Cr: 12.7159 )
00000934: 12.4777   (Y': 12.1475   Cb: 13.879    Cr: 12.6556 )
00000936: 12.4999   (Y': 12.1717   Cb: 13.8962   Cr: 12.6728 )
00000937: 12.5265   (Y': 12.1994   Cb: 13.9259   Cr: 12.6921 )
00000938: 12.5862   (Y': 12.2893   Cb: 13.907    Cr: 12.6778 )
00000939: 12.6544   (Y': 12.3453   Cb: 14.0786   Cr: 12.7222 )
00000940: 12.6706   (Y': 12.4044   Cb: 13.8751   Cr: 12.7175 )
00000941: 12.6744   (Y': 12.3849   Cb: 13.9507   Cr: 12.7667 )
00000943: 12.7174   (Y': 12.4049   Cb: 14.033    Cr: 12.8814 )
00000942: 12.7289   (Y': 12.4221   Cb: 14.0103   Cr: 12.8935 )
00000944: 12.632    (Y': 12.3065   Cb: 13.9192   Cr: 12.877  )
00000945: 12.5843   (Y': 12.2555   Cb: 13.9306   Cr: 12.7982 )
00000946: 12.6539   (Y': 12.3373   Cb: 13.92     Cr: 12.8748 )
00000947: 12.7248   (Y': 12.4082   Cb: 13.9888   Cr: 12.9471 )
00000948: 12.6452   (Y': 12.3363   Cb: 13.8583   Cr: 12.8728 )
00000949: 12.6128   (Y': 12.2991   Cb: 13.8344   Cr: 12.8558 )
00000950: 12.5475   (Y': 12.1925   Cb: 13.8612   Cr: 12.9082 )
00000951: 12.5492   (Y': 12.1917   Cb: 13.8654   Cr: 12.9198 )
00000952: 12.4634   (Y': 12.0873   Cb: 13.8092   Cr: 12.8988 )
00000953: 12.4644   (Y': 12.0959   Cb: 13.8354   Cr: 12.8432 )
00000954: 12.309    (Y': 11.8971   Cb: 13.7657   Cr: 12.8293 )
00000955: 12.0331   (Y': 11.5609   Cb: 13.6907   Cr: 12.6988 )
00000956: 11.8501   (Y': 11.3467   Cb: 13.598    Cr: 12.6087 )
00000957: 11.8522   (Y': 11.3356   Cb: 13.6502   Cr: 12.6419 )
00000958: 11.934    (Y': 11.4522   Cb: 13.6531   Cr: 12.6013 )
00000959: 11.9272   (Y': 11.4485   Cb: 13.6353   Cr: 12.5866 )
00000960: 11.8343   (Y': 11.3404   Cb: 13.6088   Cr: 12.5215 )
00000961: 11.8322   (Y': 11.343    Cb: 13.6011   Cr: 12.4992 )
00000962: 11.8238   (Y': 11.3171   Cb: 13.5793   Cr: 12.5936 )
00000963: 11.7772   (Y': 11.2603   Cb: 13.6527   Cr: 12.5078 )
00000964: 11.8098   (Y': 11.2966   Cb: 13.5931   Cr: 12.5928 )
00000965: 11.8296   (Y': 11.3092   Cb: 13.6523   Cr: 12.62   )
00000966: 11.8881   (Y': 11.3974   Cb: 13.6137   Cr: 12.5969 )
00000967: 11.8696   (Y': 11.3827   Cb: 13.6165   Cr: 12.5421 )
00000968: 11.8397   (Y': 11.3306   Cb: 13.6325   Cr: 12.5935 )
00000969: 11.8734   (Y': 11.4005   Cb: 13.5872   Cr: 12.4986 )
00000970: 11.9586   (Y': 11.5053   Cb: 13.5456   Cr: 12.5833 )
00000971: 11.9911   (Y': 11.5308   Cb: 13.601    Cr: 12.6335 )
00000972: 11.9588   (Y': 11.4901   Cb: 13.5918   Cr: 12.6257 )
00000973: 11.9917   (Y': 11.5207   Cb: 13.6347   Cr: 12.6629 )
00000975: 12.1061   (Y': 11.6722   Cb: 13.6783   Cr: 12.644  )
00000974: 12.0857   (Y': 11.6544   Cb: 13.5979   Cr: 12.6589 )
00000976: 12.1414   (Y': 11.726    Cb: 13.6947   Cr: 12.6029 )
00000977: 12.0932   (Y': 11.6389   Cb: 13.7141   Cr: 12.6958 )
00000978: 12.0808   (Y': 11.6582   Cb: 13.5837   Cr: 12.6171 )
00000979: 12.059    (Y': 11.6258   Cb: 13.6196   Cr: 12.6034 )
00000980: 11.9431   (Y': 11.4777   Cb: 13.5776   Cr: 12.5919 )
00000981: 11.8773   (Y': 11.4073   Cb: 13.5181   Cr: 12.5448 )
00000982: 11.9109   (Y': 11.434    Cb: 13.5571   Cr: 12.6107 )
00000983: 11.9603   (Y': 11.4797   Cb: 13.5953   Cr: 12.6885 )
00000985: 12.1295   (Y': 11.7019   Cb: 13.6947   Cr: 12.6421 )
00000984: 11.9462   (Y': 11.4751   Cb: 13.6047   Cr: 12.6056 )
00000986: 12.2795   (Y': 11.8833   Cb: 13.7556   Cr: 12.7082 )
00000987: 12.6916   (Y': 12.3822   Cb: 13.8949   Cr: 12.9301 )
00000988: 12.7837   (Y': 12.4594   Cb: 14.1064   Cr: 12.9953 )
00000989: 12.8026   (Y': 12.4874   Cb: 14.115    Cr: 12.9812 )
00000990: 12.7805   (Y': 12.4635   Cb: 14.1237   Cr: 12.9439 )
00000991: 12.8372   (Y': 12.5615   Cb: 14.0478   Cr: 12.9199 )
00000993: 12.9051   (Y': 12.6364   Cb: 14.1308   Cr: 12.9458 )
00000992: 12.901    (Y': 12.633    Cb: 14.1654   Cr: 12.9094 )
00000994: 12.9037   (Y': 12.6487   Cb: 14.1506   Cr: 12.8704 )
00000995: 12.8807   (Y': 12.6395   Cb: 14.0502   Cr: 12.8478 )
00000996: 12.8945   (Y': 12.6602   Cb: 14.0784   Cr: 12.8222 )
00000997: 12.8234   (Y': 12.5968   Cb: 14.0571   Cr: 12.6822 )
00000998: 12.7718   (Y': 12.5314   Cb: 14.015    Cr: 12.6803 )
00000999: 12.7795   (Y': 12.5547   Cb: 13.9561   Cr: 12.6731 )
00001000: 12.7704   (Y': 12.5285   Cb: 13.9843   Cr: 12.7069 )
00001001: 12.7073   (Y': 12.4569   Cb: 13.9241   Cr: 12.6772 )
00001002: 12.6666   (Y': 12.4115   Cb: 13.9239   Cr: 12.6262 )
00001003: 12.7071   (Y': 12.4324   Cb: 14.0088   Cr: 12.7169 )
00001004: 12.6745   (Y': 12.407    Cb: 13.9186   Cr: 12.6962 )
00001005: 12.7134   (Y': 12.4752   Cb: 13.973    Cr: 12.6006 )
00001007: 12.7409   (Y': 12.4944   Cb: 13.9643   Cr: 12.6894 )
00001008: 12.7147   (Y': 12.4534   Cb: 13.9687   Cr: 12.7029 )
00001006: 12.7038   (Y': 12.4621   Cb: 13.921    Cr: 12.6367 )
00001009: 12.7297   (Y': 12.476    Cb: 13.9891   Cr: 12.682  )
00001010: 12.7122   (Y': 12.4614   Cb: 13.9907   Cr: 12.6381 )
00001011: 12.755    (Y': 12.5222   Cb: 13.8987   Cr: 12.7063 )
00001012: 12.7434   (Y': 12.4891   Cb: 13.9993   Cr: 12.7004 )
00001013: 12.7033   (Y': 12.4458   Cb: 13.9531   Cr: 12.6782 )
00001014: 12.6591   (Y': 12.3941   Cb: 13.9703   Cr: 12.6205 )
00001015: 12.6662   (Y': 12.4      Cb: 13.9973   Cr: 12.6185 )
00001016: 12.666    (Y': 12.386    Cb: 14.0171   Cr: 12.6619 )
00001017: 12.6693   (Y': 12.3894   Cb: 13.9472   Cr: 12.7192 )
00001018: 12.6872   (Y': 12.4326   Cb: 13.9638   Cr: 12.6304 )
00001019: 12.6504   (Y': 12.3845   Cb: 13.9405   Cr: 12.6315 )
00001020: 12.6214   (Y': 12.3508   Cb: 13.8527   Cr: 12.6667 )
00001021: 12.6466   (Y': 12.3728   Cb: 13.9318   Cr: 12.6646 )
00001022: 12.6462   (Y': 12.3509   Cb: 13.9813   Cr: 12.7199 )
00001023: 12.6033   (Y': 12.3332   Cb: 13.8151   Cr: 12.6612 )
00001024: 12.6419   (Y': 12.37     Cb: 13.928    Cr: 12.6508 )
00001025: 12.5705   (Y': 12.2799   Cb: 13.8844   Cr: 12.6395 )
00001026: 12.5611   (Y': 12.2725   Cb: 13.8548   Cr: 12.6362 )
00001027: 12.554    (Y': 12.2584   Cb: 13.8922   Cr: 12.6266 )
00001028: 12.553    (Y': 12.2523   Cb: 13.8762   Cr: 12.659  )
00001029: 12.6565   (Y': 12.3547   Cb: 13.9745   Cr: 12.7714 )
00001030: 12.7869   (Y': 12.5232   Cb: 14.0677   Cr: 12.7654 )
00001032: 12.7206   (Y': 12.4655   Cb: 13.9048   Cr: 12.7352 )
00001033: 12.6984   (Y': 12.4517   Cb: 13.877    Cr: 12.6814 )
00001031: 12.7482   (Y': 12.4898   Cb: 13.954    Cr: 12.7601 )
00001034: 12.7292   (Y': 12.4919   Cb: 13.9152   Cr: 12.6671 )
00001036: 12.6962   (Y': 12.4123   Cb: 14.0244   Cr: 12.7253 )
00001035: 12.7509   (Y': 12.5099   Cb: 13.9362   Cr: 12.7049 )
00001037: 12.741    (Y': 12.4837   Cb: 13.9815   Cr: 12.7226 )
00001039: 12.7579   (Y': 12.4852   Cb: 14.077    Cr: 12.7462 )
00001041: 12.6926   (Y': 12.4019   Cb: 14.0128   Cr: 12.7575 )
00001038: 12.7453   (Y': 12.4944   Cb: 13.9564   Cr: 12.722  )
00001040: 12.6834   (Y': 12.3942   Cb: 14.007    Cr: 12.7393 )
00001042: 12.6542   (Y': 12.3464   Cb: 13.9932   Cr: 12.7792 )
00001043: 12.6356   (Y': 12.3351   Cb: 14.0159   Cr: 12.6981 )
Total: 12.6003   (Y': 12.2605   Cb: 14.0175   Cr: 12.8096 )
