00000000: 37.4581   (Y': INF       Cb: 32.6869   Cr: 32.6869 )
00000004: 17.2279   (Y': 17.4085   Cb: 15.6438   Cr: 18.638  )
00000001: 17.1377   (Y': 17.306    Cb: 15.5483   Cr: 18.6243 )
00000003: 17.2174   (Y': 17.3634   Cb: 15.6633   Cr: 18.7547 )
00000005: 17.2194   (Y': 17.4031   Cb: 15.6055   Cr: 18.6723 )
00000007: 17.2097   (Y': 17.3585   Cb: 15.6605   Cr: 18.7209 )
00000002: 17.1974   (Y': 17.3741   Cb: 15.5991   Cr: 18.6574 )
00000006: 17.2211   (Y': 17.3937   Cb: 15.6178   Cr: 18.7127 )
00000008: 17.1604   (Y': 17.3144   Cb: 15.5906   Cr: 18.6847 )
00000009: 17.2235   (Y': 17.3899   Cb: 15.6091   Cr: 18.7718 )
00000010: 17.2068   (Y': 17.3583   Cb: 15.6377   Cr: 18.7438 )
00000011: 17.1917   (Y': 17.3629   Cb: 15.5872   Cr: 18.6936 )
00000012: 17.198    (Y': 17.3641   Cb: 15.6312   Cr: 18.6509 )
00000013: 17.1946   (Y': 17.3653   Cb: 15.5981   Cr: 18.6829 )
00000014: 17.1783   (Y': 17.3316   Cb: 15.6462   Cr: 18.6312 )
00000015: 17.1693   (Y': 17.3448   Cb: 15.5784   Cr: 18.6195 )
00000016: 17.1848   (Y': 17.3271   Cb: 15.611    Cr: 18.7831 )
00000017: 17.1591   (Y': 17.3456   Cb: 15.5622   Cr: 18.5636 )
00000018: 17.1669   (Y': 17.3422   Cb: 15.5366   Cr: 18.6996 )
00000019: 17.1706   (Y': 17.3332   Cb: 15.5968   Cr: 18.6562 )
00000020: 17.1999   (Y': 17.3697   Cb: 15.6073   Cr: 18.6845 )
00000022: 17.1819   (Y': 17.3564   Cb: 15.5554   Cr: 18.7111 )
00000023: 17.1642   (Y': 17.3275   Cb: 15.5881   Cr: 18.6504 )
00000021: 17.1757   (Y': 17.3501   Cb: 15.5561   Cr: 18.6908 )
00000024: 17.1679   (Y': 17.3508   Cb: 15.5581   Cr: 18.6173 )
00000025: 17.1877   (Y': 17.3749   Cb: 15.5884   Cr: 18.5932 )
00000026: 17.2047   (Y': 17.3753   Cb: 15.5519   Cr: 18.8105 )
00000027: 17.174    (Y': 17.3362   Cb: 15.5776   Cr: 18.708  )
00000028: 17.2046   (Y': 17.386    Cb: 15.5656   Cr: 18.7219 )
00000029: 17.1861   (Y': 17.3752   Cb: 15.5665   Cr: 18.6218 )
00000031: 17.2047   (Y': 17.4037   Cb: 15.5369   Cr: 18.6859 )
00000030: 17.1787   (Y': 17.3546   Cb: 15.5438   Cr: 18.7172 )
00000032: 17.1858   (Y': 17.3508   Cb: 15.5778   Cr: 18.7285 )
00000033: 17.2163   (Y': 17.4091   Cb: 15.584    Cr: 18.6585 )
00000035: 17.2738   (Y': 17.4921   Cb: 15.5985   Cr: 18.668  )
00000034: 17.271    (Y': 17.4586   Cb: 15.6361   Cr: 18.7462 )
00000036: 17.2752   (Y': 17.4772   Cb: 15.6046   Cr: 18.7461 )
00000037: 17.2297   (Y': 17.432    Cb: 15.5589   Cr: 18.6999 )
00000038: 17.1971   (Y': 17.4059   Cb: 15.5394   Cr: 18.6052 )
00000039: 17.1948   (Y': 17.3887   Cb: 15.5359   Cr: 18.6857 )
00000041: 17.1767   (Y': 17.3736   Cb: 15.5378   Cr: 18.6107 )
00000040: 17.1977   (Y': 17.3875   Cb: 15.5787   Cr: 18.6286 )
00000044: 17.4668   (Y': 17.7314   Cb: 15.6537   Cr: 18.904  )
00000042: 17.1756   (Y': 17.3682   Cb: 15.5118   Cr: 18.6837 )
00000043: 17.3151   (Y': 17.507    Cb: 15.659    Cr: 18.8106 )
00000045: 17.4622   (Y': 17.7236   Cb: 15.7214   Cr: 18.7663 )
00000046: 17.3894   (Y': 17.5881   Cb: 15.7502   Cr: 18.8139 )
00000047: 17.2406   (Y': 17.4045   Cb: 15.6431   Cr: 18.7682 )
00000049: 17.1661   (Y': 17.3032   Cb: 15.6402   Cr: 18.6941 )
00000048: 17.2221   (Y': 17.359    Cb: 15.6814   Cr: 18.7821 )
00000051: 17.2289   (Y': 17.365    Cb: 15.675    Cr: 18.8201 )
00000052: 17.2107   (Y': 17.3452   Cb: 15.6419   Cr: 18.8414 )
00000050: 17.2234   (Y': 17.3742   Cb: 15.6805   Cr: 18.711  )
00000053: 17.2097   (Y': 17.3408   Cb: 15.694    Cr: 18.7506 )
00000055: 17.2402   (Y': 17.399    Cb: 15.6738   Cr: 18.7319 )
00000054: 17.2515   (Y': 17.422    Cb: 15.6489   Cr: 18.7532 )
00000056: 17.2185   (Y': 17.3796   Cb: 15.6357   Cr: 18.7311 )
00000057: 17.179    (Y': 17.3582   Cb: 15.5566   Cr: 18.6738 )
00000058: 17.1261   (Y': 17.2987   Cb: 15.5112   Cr: 18.6419 )
00000059: 17.1681   (Y': 17.3302   Cb: 15.5912   Cr: 18.6624 )
00000061: 17.077    (Y': 17.2473   Cb: 15.4684   Cr: 18.5918 )
00000060: 17.1206   (Y': 17.2967   Cb: 15.5067   Cr: 18.6152 )
00000062: 17.0781   (Y': 17.2402   Cb: 15.5084   Cr: 18.5585 )
00000063: 17.0954   (Y': 17.2675   Cb: 15.4883   Cr: 18.5978 )
00000064: 17.1095   (Y': 17.2718   Cb: 15.5222   Cr: 18.6246 )
00000065: 17.1177   (Y': 17.2951   Cb: 15.5009   Cr: 18.611  )
00000066: 17.1877   (Y': 17.3589   Cb: 15.5822   Cr: 18.6913 )
00000067: 17.1143   (Y': 17.2916   Cb: 15.5077   Cr: 18.5869 )
00000068: 17.1443   (Y': 17.3275   Cb: 15.4881   Cr: 18.6874 )
00000069: 17.1057   (Y': 17.274    Cb: 15.4871   Cr: 18.6521 )
00000070: 17.1139   (Y': 17.304    Cb: 15.4536   Cr: 18.6286 )
00000071: 17.1364   (Y': 17.3054   Cb: 15.5669   Cr: 18.5793 )
00000072: 17.1421   (Y': 17.3143   Cb: 15.5154   Cr: 18.6843 )
00000073: 17.1265   (Y': 17.2802   Cb: 15.5259   Cr: 18.7163 )
00000074: 17.134    (Y': 17.2921   Cb: 15.5518   Cr: 18.6618 )
00000075: 17.1422   (Y': 17.2931   Cb: 15.5741   Cr: 18.6802 )
00000076: 17.0988   (Y': 17.283    Cb: 15.4501   Cr: 18.6211 )
00000077: 17.1302   (Y': 17.2876   Cb: 15.531    Cr: 18.6967 )
00000078: 17.1055   (Y': 17.2734   Cb: 15.4933   Cr: 18.6408 )
00000079: 17.1181   (Y': 17.28     Cb: 15.5166   Cr: 18.6649 )
00000080: 17.1096   (Y': 17.2688   Cb: 15.5123   Cr: 18.6619 )
00000081: 17.1273   (Y': 17.2706   Cb: 15.5602   Cr: 18.7054 )
00000082: 17.1368   (Y': 17.2999   Cb: 15.5176   Cr: 18.7127 )
00000083: 17.1185   (Y': 17.2768   Cb: 15.5261   Cr: 18.6664 )
00000085: 17.1191   (Y': 17.278    Cb: 15.5485   Cr: 18.6188 )
00000084: 17.1146   (Y': 17.2901   Cb: 15.4964   Cr: 18.6206 )
00000086: 17.0972   (Y': 17.2563   Cb: 15.4833   Cr: 18.6848 )
00000087: 17.1274   (Y': 17.2743   Cb: 15.5448   Cr: 18.7175 )
00000088: 17.0985   (Y': 17.2638   Cb: 15.4865   Cr: 18.648  )
00000089: 17.1302   (Y': 17.285    Cb: 15.5552   Cr: 18.6609 )
00000090: 17.1131   (Y': 17.2813   Cb: 15.4715   Cr: 18.7079 )
00000091: 17.1194   (Y': 17.2754   Cb: 15.5469   Cr: 18.6383 )
00000093: 17.1322   (Y': 17.3069   Cb: 15.5206   Cr: 18.6296 )
00000092: 17.1201   (Y': 17.2851   Cb: 15.5322   Cr: 18.6222 )
00000094: 17.1264   (Y': 17.2838   Cb: 15.513    Cr: 18.7222 )
00000095: 17.1065   (Y': 17.2683   Cb: 15.5115   Cr: 18.6397 )
00000096: 17.1342   (Y': 17.3176   Cb: 15.4969   Cr: 18.6364 )
00000098: 17.1267   (Y': 17.3124   Cb: 15.4557   Cr: 18.6869 )
00000097: 17.106    (Y': 17.2569   Cb: 15.4953   Cr: 18.7325 )
00000099: 17.1545   (Y': 17.3206   Cb: 15.5471   Cr: 18.6905 )
00000100: 17.1355   (Y': 17.3304   Cb: 15.4781   Cr: 18.6175 )
00000101: 17.1374   (Y': 17.3175   Cb: 15.5448   Cr: 18.5671 )
00000102: 17.1397   (Y': 17.3028   Cb: 15.5259   Cr: 18.7054 )
00000103: 17.3101   (Y': 17.5581   Cb: 15.5602   Cr: 18.7019 )
00000104: 17.2322   (Y': 17.4252   Cb: 15.5855   Cr: 18.702  )
00000105: 17.1642   (Y': 17.3514   Cb: 15.5252   Cr: 18.65   )
00000106: 17.16     (Y': 17.3095   Cb: 15.5707   Cr: 18.7499 )
00000107: 17.2878   (Y': 17.4809   Cb: 15.6438   Cr: 18.7522 )
00000108: 17.1472   (Y': 17.2824   Cb: 15.6043   Cr: 18.7207 )
00000110: 17.1169   (Y': 17.2677   Cb: 15.5507   Cr: 18.652  )
00000109: 17.2237   (Y': 17.4018   Cb: 15.6116   Cr: 18.7035 )
00000111: 17.1582   (Y': 17.3104   Cb: 15.5904   Cr: 18.6881 )
00000112: 17.1326   (Y': 17.2993   Cb: 15.5267   Cr: 18.6623 )
00000113: 17.1358   (Y': 17.2915   Cb: 15.508    Cr: 18.7714 )
00000114: 17.1209   (Y': 17.27     Cb: 15.5422   Cr: 18.6907 )
00000115: 17.1561   (Y': 17.3277   Cb: 15.5428   Cr: 18.6738 )
00000116: 17.1691   (Y': 17.3432   Cb: 15.5158   Cr: 18.7563 )
00000117: 17.2127   (Y': 17.3916   Cb: 15.5914   Cr: 18.7069 )
00000118: 17.2803   (Y': 17.5088   Cb: 15.557    Cr: 18.7199 )
00000119: 17.3595   (Y': 17.6046   Cb: 15.5961   Cr: 18.7941 )
00000120: 17.4373   (Y': 17.7249   Cb: 15.6057   Cr: 18.7944 )
00000121: 17.457    (Y': 17.7212   Cb: 15.6755   Cr: 18.8296 )
00000122: 17.3472   (Y': 17.5657   Cb: 15.6178   Cr: 18.8524 )
00000123: 17.3466   (Y': 17.5751   Cb: 15.5897   Cr: 18.8559 )
00000124: 17.2946   (Y': 17.5099   Cb: 15.5895   Cr: 18.7661 )
00000125: 17.2909   (Y': 17.496    Cb: 15.6058   Cr: 18.7752 )
00000126: 17.2612   (Y': 17.4422   Cb: 15.5976   Cr: 18.8319 )
00000127: 17.2307   (Y': 17.4113   Cb: 15.5699   Cr: 18.7974 )
00000128: 17.2492   (Y': 17.4263   Cb: 15.5999   Cr: 18.8114 )
00000129: 17.2302   (Y': 17.3702   Cb: 15.6518   Cr: 18.8508 )
00000130: 17.2114   (Y': 17.3902   Cb: 15.5634   Cr: 18.7622 )
00000131: 17.1992   (Y': 17.3738   Cb: 15.5581   Cr: 18.7584 )
00000132: 17.2233   (Y': 17.4157   Cb: 15.5666   Cr: 18.7173 )
00000133: 17.209    (Y': 17.4068   Cb: 15.532    Cr: 18.7159 )
00000134: 17.2375   (Y': 17.4609   Cb: 15.5159   Cr: 18.6995 )
00000135: 17.1742   (Y': 17.341    Cb: 15.5188   Cr: 18.8066 )
00000136: 17.1547   (Y': 17.3229   Cb: 15.5285   Cr: 18.7174 )
00000137: 17.146    (Y': 17.2998   Cb: 15.556    Cr: 18.7137 )
00000138: 17.1313   (Y': 17.308    Cb: 15.449    Cr: 18.7656 )
00000139: 17.0946   (Y': 17.2444   Cb: 15.5156   Cr: 18.6608 )
00000141: 17.0632   (Y': 17.1962   Cb: 15.498    Cr: 18.6958 )
00000140: 17.1018   (Y': 17.2455   Cb: 15.5354   Cr: 18.6766 )
00000142: 17.0852   (Y': 17.2064   Cb: 15.5426   Cr: 18.7371 )
00000143: 17.0843   (Y': 17.2272   Cb: 15.4918   Cr: 18.7176 )
00000144: 17.0707   (Y': 17.2133   Cb: 15.4974   Cr: 18.6657 )
00000145: 17.0639   (Y': 17.2111   Cb: 15.461    Cr: 18.6953 )
00000146: 17.0722   (Y': 17.2203   Cb: 15.498    Cr: 18.6387 )
00000147: 17.0948   (Y': 17.2318   Cb: 15.5465   Cr: 18.6701 )
00000148: 17.1124   (Y': 17.2747   Cb: 15.5146   Cr: 18.6491 )
00000150: 17.1107   (Y': 17.263    Cb: 15.5373   Cr: 18.6524 )
00000149: 17.1404   (Y': 17.3145   Cb: 15.5359   Cr: 18.6257 )
00000151: 17.117    (Y': 17.2629   Cb: 15.5625   Cr: 18.6548 )
00000152: 17.1144   (Y': 17.2682   Cb: 15.5354   Cr: 18.6589 )
00000153: 17.1162   (Y': 17.2713   Cb: 15.5448   Cr: 18.6381 )
00000154: 17.126    (Y': 17.2845   Cb: 15.5457   Cr: 18.6477 )
00000155: 17.1316   (Y': 17.2787   Cb: 15.5642   Cr: 18.6895 )
00000156: 17.1216   (Y': 17.2662   Cb: 15.5664   Cr: 18.6683 )
00000157: 17.1345   (Y': 17.2748   Cb: 15.5917   Cr: 18.68   )
00000158: 17.1107   (Y': 17.2509   Cb: 15.5853   Cr: 18.6214 )
00000159: 17.1207   (Y': 17.2794   Cb: 15.5257   Cr: 18.6717 )
00000160: 17.1317   (Y': 17.2739   Cb: 15.593    Cr: 18.658  )
00000161: 17.1417   (Y': 17.2893   Cb: 15.5753   Cr: 18.6954 )
00000163: 17.1084   (Y': 17.26     Cb: 15.5229   Cr: 18.6786 )
00000162: 17.1599   (Y': 17.3062   Cb: 15.5927   Cr: 18.7214 )
00000164: 17.1609   (Y': 17.3038   Cb: 15.6123   Cr: 18.7033 )
00000165: 17.1314   (Y': 17.2739   Cb: 15.5932   Cr: 18.6545 )
00000167: 17.1442   (Y': 17.2931   Cb: 15.5909   Cr: 18.663  )
00000166: 17.129    (Y': 17.2816   Cb: 15.5583   Cr: 18.6634 )
00000168: 17.1235   (Y': 17.286    Cb: 15.542    Cr: 18.6256 )
00000169: 17.1324   (Y': 17.2885   Cb: 15.5603   Cr: 18.6508 )
00000170: 17.1316   (Y': 17.2823   Cb: 15.572    Cr: 18.6539 )
00000171: 17.1441   (Y': 17.3044   Cb: 15.5653   Cr: 18.6523 )
00000172: 17.1656   (Y': 17.3121   Cb: 15.602    Cr: 18.7185 )
00000173: 17.1466   (Y': 17.3058   Cb: 15.5707   Cr: 18.6556 )
00000175: 17.1302   (Y': 17.2667   Cb: 15.6196   Cr: 18.6313 )
00000174: 17.1354   (Y': 17.2919   Cb: 15.5461   Cr: 18.6862 )
00000176: 17.1325   (Y': 17.265    Cb: 15.582    Cr: 18.7366 )
00000177: 17.1478   (Y': 17.2855   Cb: 15.6288   Cr: 18.6591 )
00000178: 17.1362   (Y': 17.2801   Cb: 15.6055   Cr: 18.6367 )
00000179: 17.1253   (Y': 17.2671   Cb: 15.5359   Cr: 18.7582 )
00000180: 17.1214   (Y': 17.2584   Cb: 15.6093   Cr: 18.6229 )
00000181: 17.1336   (Y': 17.2611   Cb: 15.6345   Cr: 18.661  )
00000183: 17.1367   (Y': 17.2695   Cb: 15.6122   Cr: 18.6866 )
00000182: 17.1505   (Y': 17.2777   Cb: 15.6733   Cr: 18.6359 )
00000184: 17.1287   (Y': 17.2476   Cb: 15.6542   Cr: 18.6545 )
00000185: 17.1353   (Y': 17.279    Cb: 15.6103   Cr: 18.626  )
00000186: 17.1409   (Y': 17.2878   Cb: 15.5777   Cr: 18.6912 )
00000187: 17.1187   (Y': 17.2764   Cb: 15.5568   Cr: 18.6074 )
00000188: 17.1419   (Y': 17.273    Cb: 15.6516   Cr: 18.6318 )
00000189: 17.1241   (Y': 17.2759   Cb: 15.5919   Cr: 18.5849 )
00000190: 17.1129   (Y': 17.2682   Cb: 15.5468   Cr: 18.6232 )
00000191: 17.1379   (Y': 17.2755   Cb: 15.6254   Cr: 18.6365 )
00000192: 17.1253   (Y': 17.2647   Cb: 15.6167   Cr: 18.6064 )
00000193: 17.1664   (Y': 17.2934   Cb: 15.6778   Cr: 18.6754 )
00000195: 17.1648   (Y': 17.3117   Cb: 15.6286   Cr: 18.6599 )
00000194: 17.1502   (Y': 17.2857   Cb: 15.6348   Cr: 18.6661 )
00000196: 17.167    (Y': 17.3132   Cb: 15.6588   Cr: 18.6109 )
00000197: 17.1478   (Y': 17.2975   Cb: 15.6103   Cr: 18.6307 )
00000198: 17.2469   (Y': 17.3933   Cb: 15.6898   Cr: 18.7874 )
00000199: 17.1866   (Y': 17.3516   Cb: 15.6137   Cr: 18.6577 )
00000200: 17.3675   (Y': 17.5735   Cb: 15.7102   Cr: 18.7898 )
00000201: 17.2471   (Y': 17.4075   Cb: 15.6594   Cr: 18.7735 )
00000202: 17.3004   (Y': 17.5011   Cb: 15.6509   Cr: 18.7349 )
00000203: 17.3415   (Y': 17.5501   Cb: 15.6521   Cr: 18.8162 )
00000204: 17.1803   (Y': 17.3198   Cb: 15.652    Cr: 18.7003 )
00000205: 17.1994   (Y': 17.351    Cb: 15.6206   Cr: 18.7556 )
00000206: 17.1499   (Y': 17.2857   Cb: 15.6414   Cr: 18.6502 )
00000207: 17.185    (Y': 17.3086   Cb: 15.6908   Cr: 18.7246 )
00000208: 17.1814   (Y': 17.3163   Cb: 15.6743   Cr: 18.6836 )
00000209: 17.1554   (Y': 17.2833   Cb: 15.6527   Cr: 18.6878 )
00000210: 17.1222   (Y': 17.2602   Cb: 15.6139   Cr: 18.6103 )
00000211: 17.1426   (Y': 17.2571   Cb: 15.6838   Cr: 18.6616 )
00000212: 17.1017   (Y': 17.2294   Cb: 15.5843   Cr: 18.6653 )
00000213: 17.1303   (Y': 17.2658   Cb: 15.5823   Cr: 18.7125 )
00000214: 17.1027   (Y': 17.2407   Cb: 15.5708   Cr: 18.6384 )
00000215: 17.1049   (Y': 17.2394   Cb: 15.5668   Cr: 18.673  )
00000216: 17.1073   (Y': 17.2592   Cb: 15.5395   Cr: 18.6389 )
00000217: 17.104    (Y': 17.2341   Cb: 15.5531   Cr: 18.7226 )
00000218: 17.1079   (Y': 17.249    Cb: 15.5549   Cr: 18.6692 )
00000220: 17.0896   (Y': 17.237    Cb: 15.5224   Cr: 18.645  )
00000219: 17.0952   (Y': 17.2424   Cb: 15.5038   Cr: 18.7017 )
00000221: 17.0839   (Y': 17.2063   Cb: 15.5342   Cr: 18.7432 )
00000222: 17.1063   (Y': 17.2556   Cb: 15.5392   Cr: 18.6511 )
00000223: 17.0848   (Y': 17.2287   Cb: 15.5447   Cr: 18.6044 )
00000224: 17.0959   (Y': 17.2301   Cb: 15.5258   Cr: 18.7315 )
00000225: 17.1132   (Y': 17.271    Cb: 15.4674   Cr: 18.7755 )
00000226: 17.062    (Y': 17.1855   Cb: 15.5243   Cr: 18.691  )
00000227: 17.0797   (Y': 17.2169   Cb: 15.5108   Cr: 18.696  )
00000228: 17.0831   (Y': 17.2232   Cb: 15.5078   Cr: 18.6962 )
00000229: 17.082    (Y': 17.2417   Cb: 15.4754   Cr: 18.6508 )
00000230: 17.0941   (Y': 17.2192   Cb: 15.5396   Cr: 18.7488 )
00000231: 17.0641   (Y': 17.211    Cb: 15.4771   Cr: 18.6632 )
00000232: 17.0915   (Y': 17.2298   Cb: 15.5159   Cr: 18.7155 )
00000233: 17.0845   (Y': 17.2498   Cb: 15.4786   Cr: 18.6215 )
00000234: 17.0732   (Y': 17.2148   Cb: 15.4758   Cr: 18.7239 )
00000235: 17.085    (Y': 17.2238   Cb: 15.4921   Cr: 18.7426 )
00000236: 17.0904   (Y': 17.2348   Cb: 15.508    Cr: 18.6937 )
00000237: 17.1078   (Y': 17.2629   Cb: 15.4983   Cr: 18.7082 )
00000238: 17.089    (Y': 17.2401   Cb: 15.4743   Cr: 18.7231 )
00000239: 17.0823   (Y': 17.2323   Cb: 15.4996   Cr: 18.6556 )
00000240: 17.0845   (Y': 17.239    Cb: 15.4924   Cr: 18.6517 )
00000241: 17.1098   (Y': 17.2428   Cb: 15.5456   Cr: 18.7395 )
00000242: 17.0807   (Y': 17.216    Cb: 15.5072   Cr: 18.7167 )
00000243: 17.0789   (Y': 17.2238   Cb: 15.4877   Cr: 18.6984 )
00000244: 17.0604   (Y': 17.2154   Cb: 15.4478   Cr: 18.6684 )
00000245: 17.0813   (Y': 17.2469   Cb: 15.456    Cr: 18.6569 )
00000246: 17.0921   (Y': 17.2453   Cb: 15.4964   Cr: 18.674  )
00000247: 17.0837   (Y': 17.2373   Cb: 15.461    Cr: 18.7201 )
00000248: 17.0727   (Y': 17.217    Cb: 15.4793   Cr: 18.7002 )
00000249: 17.0853   (Y': 17.2383   Cb: 15.5122   Cr: 18.6217 )
00000250: 17.0711   (Y': 17.217    Cb: 15.5013   Cr: 18.6404 )
00000251: 17.0786   (Y': 17.2213   Cb: 15.516    Cr: 18.6511 )
00000252: 17.073    (Y': 17.2166   Cb: 15.4888   Cr: 18.685  )
00000253: 17.0635   (Y': 17.1999   Cb: 15.468    Cr: 18.7397 )
00000254: 17.0634   (Y': 17.2015   Cb: 15.5029   Cr: 18.6568 )
00000255: 17.0524   (Y': 17.1845   Cb: 15.4852   Cr: 18.6939 )
00000256: 17.0736   (Y': 17.2098   Cb: 15.5399   Cr: 18.6228 )
00000257: 17.0633   (Y': 17.2044   Cb: 15.497    Cr: 18.6521 )
00000258: 17.0804   (Y': 17.2162   Cb: 15.5179   Cr: 18.6915 )
00000260: 17.0845   (Y': 17.2316   Cb: 15.5      Cr: 18.6775 )
00000259: 17.0564   (Y': 17.2008   Cb: 15.4684   Cr: 18.6715 )
00000261: 17.0589   (Y': 17.1882   Cb: 15.5248   Cr: 18.6474 )
00000262: 17.0726   (Y': 17.2055   Cb: 15.5384   Cr: 18.6406 )
00000263: 17.0725   (Y': 17.2203   Cb: 15.5188   Cr: 18.5985 )
00000264: 17.0571   (Y': 17.1771   Cb: 15.5325   Cr: 18.6778 )
00000265: 17.0685   (Y': 17.1855   Cb: 15.535    Cr: 18.7254 )
00000266: 17.0637   (Y': 17.193    Cb: 15.5107   Cr: 18.692  )
00000267: 17.0502   (Y': 17.1796   Cb: 15.5295   Cr: 18.6103 )
00000268: 17.0744   (Y': 17.2224   Cb: 15.4874   Cr: 18.6678 )
00000270: 17.0726   (Y': 17.205    Cb: 15.5305   Cr: 18.66   )
00000269: 17.0738   (Y': 17.2134   Cb: 15.5085   Cr: 18.6694 )
00000271: 17.0698   (Y': 17.1882   Cb: 15.5661   Cr: 18.657  )
00000272: 17.0713   (Y': 17.192    Cb: 15.5546   Cr: 18.6724 )
00000273: 17.0902   (Y': 17.2312   Cb: 15.5331   Cr: 18.6602 )
00000274: 17.1341   (Y': 17.2737   Cb: 15.5498   Cr: 18.7684 )
00000275: 17.1375   (Y': 17.2901   Cb: 15.5269   Cr: 18.7541 )
00000276: 17.1149   (Y': 17.2501   Cb: 15.5403   Cr: 18.7542 )
00000277: 17.084    (Y': 17.2425   Cb: 15.4704   Cr: 18.6743 )
00000278: 17.0889   (Y': 17.2437   Cb: 15.4774   Cr: 18.6954 )
00000279: 17.1173   (Y': 17.2704   Cb: 15.4956   Cr: 18.7549 )
00000280: 17.1038   (Y': 17.2488   Cb: 15.5369   Cr: 18.6718 )
00000281: 17.0969   (Y': 17.2312   Cb: 15.5174   Cr: 18.7511 )
00000282: 17.0807   (Y': 17.226    Cb: 15.4917   Cr: 18.6926 )
00000283: 17.0938   (Y': 17.2585   Cb: 15.4633   Cr: 18.6854 )
00000284: 17.1003   (Y': 17.2454   Cb: 15.5169   Cr: 18.7026 )
00000285: 17.0929   (Y': 17.2169   Cb: 15.5377   Cr: 18.7551 )
00000286: 17.1261   (Y': 17.2797   Cb: 15.5347   Cr: 18.6977 )
00000287: 17.1276   (Y': 17.2729   Cb: 15.5712   Cr: 18.6731 )
00000288: 17.1144   (Y': 17.2386   Cb: 15.5633   Cr: 18.7669 )
00000289: 17.0995   (Y': 17.2585   Cb: 15.4998   Cr: 18.6583 )
00000290: 17.093    (Y': 17.2457   Cb: 15.5177   Cr: 18.6361 )
00000291: 17.1269   (Y': 17.2953   Cb: 15.4901   Cr: 18.7109 )
00000292: 17.1072   (Y': 17.2792   Cb: 15.4874   Cr: 18.6359 )
00000293: 17.0811   (Y': 17.2411   Cb: 15.4773   Cr: 18.6422 )
00000294: 17.085    (Y': 17.2186   Cb: 15.53     Cr: 18.6921 )
00000295: 17.1001   (Y': 17.2365   Cb: 15.5596   Cr: 18.6622 )
00000296: 17.0958   (Y': 17.2408   Cb: 15.5131   Cr: 18.6971 )
00000297: 17.083    (Y': 17.2327   Cb: 15.5104   Cr: 18.6371 )
00000298: 17.0751   (Y': 17.2211   Cb: 15.5062   Cr: 18.6421 )
00000299: 17.1      (Y': 17.2427   Cb: 15.532    Cr: 18.6835 )
00000300: 17.0904   (Y': 17.2361   Cb: 15.4913   Cr: 18.7223 )
00000301: 17.0873   (Y': 17.2088   Cb: 15.5488   Cr: 18.7289 )
00000302: 17.0831   (Y': 17.2396   Cb: 15.4571   Cr: 18.7106 )
00000303: 17.0851   (Y': 17.232    Cb: 15.4882   Cr: 18.7055 )
00000304: 17.1236   (Y': 17.258    Cb: 15.5874   Cr: 18.6884 )
00000305: 17.0962   (Y': 17.2369   Cb: 15.5088   Cr: 18.7317 )
00000306: 17.089    (Y': 17.248    Cb: 15.4823   Cr: 18.6623 )
00000307: 17.0986   (Y': 17.2287   Cb: 15.538    Cr: 18.7379 )
00000308: 17.0747   (Y': 17.2193   Cb: 15.4901   Cr: 18.6816 )
00000309: 17.0779   (Y': 17.207    Cb: 15.5449   Cr: 18.6657 )
00000310: 17.0888   (Y': 17.221    Cb: 15.5656   Cr: 18.6391 )
00000311: 17.1235   (Y': 17.2688   Cb: 15.5739   Cr: 18.6552 )
00000312: 17.0989   (Y': 17.2399   Cb: 15.5191   Cr: 18.7163 )
00000313: 17.091    (Y': 17.2411   Cb: 15.4826   Cr: 18.7175 )
00000314: 17.0877   (Y': 17.236    Cb: 15.5229   Cr: 18.6337 )
00000316: 17.1206   (Y': 17.2713   Cb: 15.5032   Cr: 18.7629 )
00000315: 17.0965   (Y': 17.2308   Cb: 15.5388   Cr: 18.7057 )
00000317: 17.0842   (Y': 17.2272   Cb: 15.5096   Cr: 18.6798 )
00000318: 17.1141   (Y': 17.2634   Cb: 15.5382   Cr: 18.677  )
00000319: 17.1146   (Y': 17.2709   Cb: 15.4972   Cr: 18.7257 )
00000320: 17.0646   (Y': 17.2252   Cb: 15.4554   Cr: 18.6344 )
00000321: 17.1057   (Y': 17.2593   Cb: 15.5218   Cr: 18.6612 )
00000322: 17.0749   (Y': 17.2059   Cb: 15.5133   Cr: 18.7105 )
00000323: 17.0688   (Y': 17.2104   Cb: 15.4725   Cr: 18.7172 )
00000324: 17.0686   (Y': 17.2042   Cb: 15.494    Cr: 18.7056 )
00000325: 17.0886   (Y': 17.2307   Cb: 15.5283   Cr: 18.6592 )
00000326: 17.0934   (Y': 17.227    Cb: 15.5204   Cr: 18.7386 )
00000327: 17.0803   (Y': 17.2303   Cb: 15.505    Cr: 18.638  )
00000328: 17.0929   (Y': 17.245    Cb: 15.5031   Cr: 18.6689 )
00000329: 17.0798   (Y': 17.2257   Cb: 15.4744   Cr: 18.7231 )
00000330: 17.0759   (Y': 17.2455   Cb: 15.435    Cr: 18.6617 )
00000331: 17.0895   (Y': 17.2371   Cb: 15.5035   Cr: 18.6832 )
00000332: 17.0999   (Y': 17.2484   Cb: 15.5231   Cr: 18.6687 )
00000333: 17.0917   (Y': 17.2485   Cb: 15.5053   Cr: 18.6348 )
00000334: 17.0744   (Y': 17.225    Cb: 15.4875   Cr: 18.6526 )
00000335: 17.0551   (Y': 17.1932   Cb: 15.4922   Cr: 18.6534 )
00000336: 17.1008   (Y': 17.2582   Cb: 15.4935   Cr: 18.6836 )
00000337: 17.0814   (Y': 17.2197   Cb: 15.5154   Cr: 18.6849 )
00000338: 17.0755   (Y': 17.2176   Cb: 15.4744   Cr: 18.7318 )
00000339: 17.0751   (Y': 17.2259   Cb: 15.4872   Cr: 18.6549 )
00000340: 17.0595   (Y': 17.213    Cb: 15.4363   Cr: 18.6975 )
00000341: 17.0741   (Y': 17.2282   Cb: 15.4635   Cr: 18.6831 )
00000342: 17.0825   (Y': 17.2446   Cb: 15.4528   Cr: 18.6864 )
00000343: 17.0973   (Y': 17.2714   Cb: 15.4656   Cr: 18.6394 )
00000344: 17.0967   (Y': 17.2365   Cb: 15.5101   Cr: 18.7356 )
00000345: 17.1072   (Y': 17.2599   Cb: 15.5118   Cr: 18.6919 )
00000346: 17.0963   (Y': 17.2763   Cb: 15.4327   Cr: 18.6721 )
00000347: 17.0956   (Y': 17.2551   Cb: 15.4657   Cr: 18.7144 )
00000348: 17.1102   (Y': 17.2615   Cb: 15.5325   Cr: 18.6658 )
00000349: 17.1004   (Y': 17.2663   Cb: 15.4602   Cr: 18.7052 )
00000350: 17.1114   (Y': 17.2784   Cb: 15.4869   Cr: 18.6772 )
00000351: 17.0837   (Y': 17.252    Cb: 15.4425   Cr: 18.6775 )
00000352: 17.0851   (Y': 17.2305   Cb: 15.502    Cr: 18.6845 )
00000353: 17.0626   (Y': 17.2146   Cb: 15.4407   Cr: 18.7064 )
00000354: 17.071    (Y': 17.2179   Cb: 15.4563   Cr: 18.7284 )
00000355: 17.0827   (Y': 17.2153   Cb: 15.5385   Cr: 18.6738 )
00000356: 17.0698   (Y': 17.2225   Cb: 15.4574   Cr: 18.6901 )
00000357: 17.0878   (Y': 17.2253   Cb: 15.52     Cr: 18.7    )
00000358: 17.0984   (Y': 17.2549   Cb: 15.4661   Cr: 18.7392 )
00000359: 17.101    (Y': 17.2477   Cb: 15.4898   Cr: 18.7523 )
00000360: 17.1028   (Y': 17.2624   Cb: 15.5062   Cr: 18.6517 )
00000361: 17.1223   (Y': 17.282    Cb: 15.5102   Cr: 18.703  )
00000362: 17.1113   (Y': 17.2573   Cb: 15.5184   Cr: 18.7277 )
00000363: 17.0943   (Y': 17.2512   Cb: 15.5076   Cr: 18.6376 )
00000364: 17.1079   (Y': 17.2474   Cb: 15.5348   Cr: 18.7194 )
00000365: 17.1314   (Y': 17.2791   Cb: 15.5569   Cr: 18.7008 )
00000366: 17.1107   (Y': 17.2531   Cb: 15.5336   Cr: 18.7143 )
00000367: 17.1109   (Y': 17.2566   Cb: 15.516    Cr: 18.7338 )
00000368: 17.0851   (Y': 17.2321   Cb: 15.5073   Cr: 18.6654 )
00000369: 17.0979   (Y': 17.2722   Cb: 15.4964   Cr: 18.577  )
00000370: 17.0965   (Y': 17.252    Cb: 15.5279   Cr: 18.6103 )
00000371: 17.1177   (Y': 17.2517   Cb: 15.5685   Cr: 18.711  )
00000372: 17.1159   (Y': 17.2755   Cb: 15.5143   Cr: 18.675  )
00000373: 17.1004   (Y': 17.2546   Cb: 15.5063   Cr: 18.6743 )
00000374: 17.1109   (Y': 17.2556   Cb: 15.5325   Cr: 18.7053 )
00000375: 17.1159   (Y': 17.2643   Cb: 15.5132   Cr: 18.7398 )
00000376: 17.091    (Y': 17.2334   Cb: 15.5301   Cr: 18.6615 )
00000377: 17.0677   (Y': 17.2006   Cb: 15.5152   Cr: 18.674  )
00000378: 17.107    (Y': 17.2629   Cb: 15.4953   Cr: 18.7076 )
00000379: 17.0911   (Y': 17.2467   Cb: 15.5226   Cr: 18.6043 )
00000380: 17.1415   (Y': 17.2908   Cb: 15.5394   Cr: 18.7591 )
00000381: 17.0882   (Y': 17.2313   Cb: 15.4917   Cr: 18.7287 )
00000382: 17.0766   (Y': 17.2194   Cb: 15.4873   Cr: 18.7033 )
00000383: 17.0821   (Y': 17.2344   Cb: 15.5059   Cr: 18.629  )
00000384: 17.0991   (Y': 17.2376   Cb: 15.5278   Cr: 18.7128 )
00000385: 17.1079   (Y': 17.2514   Cb: 15.5395   Cr: 18.6879 )
00000386: 17.1048   (Y': 17.2545   Cb: 15.5374   Cr: 18.6481 )
00000387: 17.0987   (Y': 17.2567   Cb: 15.5073   Cr: 18.6454 )
00000389: 17.0958   (Y': 17.26     Cb: 15.4851   Cr: 18.6483 )
00000388: 17.0702   (Y': 17.2242   Cb: 15.4748   Cr: 18.648  )
00000390: 17.1178   (Y': 17.2627   Cb: 15.5149   Cr: 18.7621 )
00000391: 17.1238   (Y': 17.2757   Cb: 15.5413   Cr: 18.6859 )
00000392: 17.1034   (Y': 17.2677   Cb: 15.4986   Cr: 18.6432 )
00000393: 17.0921   (Y': 17.2368   Cb: 15.5295   Cr: 18.653  )
00000394: 17.0755   (Y': 17.1907   Cb: 15.5445   Cr: 18.7375 )
00000395: 17.0744   (Y': 17.2043   Cb: 15.5214   Cr: 18.6981 )
00000396: 17.0683   (Y': 17.2111   Cb: 15.4894   Cr: 18.6735 )
00000397: 17.1335   (Y': 17.2663   Cb: 15.5764   Cr: 18.7494 )
00000398: 17.0799   (Y': 17.2353   Cb: 15.464    Cr: 18.6923 )
00000399: 17.0977   (Y': 17.2523   Cb: 15.5063   Cr: 18.6637 )
00000400: 17.0963   (Y': 17.2369   Cb: 15.5327   Cr: 18.6825 )
00000401: 17.0877   (Y': 17.2407   Cb: 15.487    Cr: 18.6817 )
00000402: 17.0899   (Y': 17.2369   Cb: 15.503    Cr: 18.6884 )
00000403: 17.0768   (Y': 17.2035   Cb: 15.5231   Cr: 18.7209 )
00000404: 17.0846   (Y': 17.2383   Cb: 15.468    Cr: 18.7079 )
00000405: 17.1007   (Y': 17.2554   Cb: 15.4896   Cr: 18.7064 )
00000406: 17.1035   (Y': 17.2463   Cb: 15.5064   Cr: 18.7475 )
00000407: 17.1039   (Y': 17.2461   Cb: 15.521    Cr: 18.7218 )
00000408: 17.0986   (Y': 17.2397   Cb: 15.5029   Cr: 18.7489 )
00000409: 17.1169   (Y': 17.2513   Cb: 15.5511   Cr: 18.7425 )
00000410: 17.0989   (Y': 17.2479   Cb: 15.5102   Cr: 18.6905 )
00000411: 17.0873   (Y': 17.2418   Cb: 15.4853   Cr: 18.6756 )
00000413: 17.0966   (Y': 17.2611   Cb: 15.473    Cr: 18.6745 )
00000412: 17.0915   (Y': 17.2561   Cb: 15.4625   Cr: 18.6801 )
00000414: 17.08     (Y': 17.2456   Cb: 15.4653   Cr: 18.6333 )
00000415: 17.0854   (Y': 17.2626   Cb: 15.4312   Cr: 18.6571 )
00000416: 17.0738   (Y': 17.229    Cb: 15.4644   Cr: 18.6732 )
00000417: 17.0776   (Y': 17.2485   Cb: 15.4321   Cr: 18.6662 )
00000418: 17.0738   (Y': 17.2339   Cb: 15.4676   Cr: 18.6398 )
00000419: 17.0829   (Y': 17.2375   Cb: 15.4553   Cr: 18.7244 )
00000420: 17.0806   (Y': 17.242    Cb: 15.4599   Cr: 18.6694 )
00000421: 17.0976   (Y': 17.2474   Cb: 15.5138   Cr: 18.6743 )
00000422: 17.1031   (Y': 17.2786   Cb: 15.4609   Cr: 18.659  )
00000423: 17.0913   (Y': 17.2554   Cb: 15.4785   Cr: 18.6492 )
00000424: 17.0906   (Y': 17.2539   Cb: 15.4498   Cr: 18.7117 )
00000425: 17.0871   (Y': 17.226    Cb: 15.4962   Cr: 18.74   )
00000426: 17.0732   (Y': 17.2274   Cb: 15.4495   Cr: 18.7086 )
00000427: 17.1075   (Y': 17.2697   Cb: 15.4874   Cr: 18.6908 )
00000428: 17.1381   (Y': 17.3028   Cb: 15.5262   Cr: 18.6906 )
00000430: 17.1031   (Y': 17.2563   Cb: 15.4909   Cr: 18.7201 )
00000429: 17.1222   (Y': 17.2897   Cb: 15.4844   Cr: 18.7131 )
00000431: 17.1527   (Y': 17.3304   Cb: 15.5128   Cr: 18.692  )
00000432: 17.1248   (Y': 17.2888   Cb: 15.4817   Cr: 18.7462 )
00000433: 17.1724   (Y': 17.3293   Cb: 15.5543   Cr: 18.7811 )
00000434: 17.1726   (Y': 17.3511   Cb: 15.5184   Cr: 18.7374 )
00000435: 17.1544   (Y': 17.344    Cb: 15.4943   Cr: 18.6705 )
00000436: 17.4978   (Y': 17.8382   Cb: 15.5772   Cr: 18.7737 )
00000437: 17.6466   (Y': 18.0559   Cb: 15.6258   Cr: 18.7974 )
00000438: 17.5851   (Y': 17.979    Cb: 15.6573   Cr: 18.6197 )
00000439: 17.4941   (Y': 17.8865   Cb: 15.5638   Cr: 18.5402 )
00000440: 17.3727   (Y': 17.707    Cb: 15.5232   Cr: 18.5336 )
00000441: 17.3181   (Y': 17.6363   Cb: 15.4995   Cr: 18.4957 )
00000442: 17.267    (Y': 17.5758   Cb: 15.5118   Cr: 18.365  )
00000443: 17.2405   (Y': 17.5355   Cb: 15.4927   Cr: 18.3915 )
00000444: 17.2266   (Y': 17.5251   Cb: 15.4474   Cr: 18.4224 )
00000445: 17.4357   (Y': 17.8332   Cb: 15.5234   Cr: 18.4232 )
00000446: 18.3401   (Y': 19.0121   Cb: 15.9164   Cr: 19.1695 )
00000447: 18.4776   (Y': 19.153    Cb: 16.0204   Cr: 19.3649 )
00000448: 17.9637   (Y': 18.5255   Cb: 15.7315   Cr: 18.8607 )
00000449: 17.6031   (Y': 18.0519   Cb: 15.5717   Cr: 18.5925 )
00000450: 17.237    (Y': 17.5658   Cb: 15.4181   Cr: 18.364  )
00000451: 17.2574   (Y': 17.5989   Cb: 15.4526   Cr: 18.2966 )
00000452: 17.2169   (Y': 17.5655   Cb: 15.3739   Cr: 18.2968 )
00000453: 17.1788   (Y': 17.4931   Cb: 15.3958   Cr: 18.3049 )
00000454: 17.0994   (Y': 17.3915   Cb: 15.363    Cr: 18.2427 )
00000455: 17.1056   (Y': 17.3912   Cb: 15.3903   Cr: 18.2394 )
00000456: 17.1396   (Y': 17.4713   Cb: 15.3194   Cr: 18.2549 )
00000457: 17.2753   (Y': 17.6435   Cb: 15.4176   Cr: 18.2919 )
00000458: 17.4338   (Y': 17.8438   Cb: 15.4853   Cr: 18.4347 )
00000459: 17.5032   (Y': 17.9367   Cb: 15.495    Cr: 18.5156 )
00000460: 17.5359   (Y': 17.9855   Cb: 15.5377   Cr: 18.4556 )
00000461: 17.5372   (Y': 17.977    Cb: 15.5358   Cr: 18.5075 )
00000462: 17.4858   (Y': 17.8846   Cb: 15.5409   Cr: 18.5315 )
00000463: 17.4709   (Y': 17.8625   Cb: 15.5461   Cr: 18.5098 )
00000464: 17.5271   (Y': 17.9502   Cb: 15.5296   Cr: 18.5656 )
00000465: 17.468    (Y': 17.7872   Cb: 15.5984   Cr: 18.7435 )
00000466: 17.5002   (Y': 17.8478   Cb: 15.6102   Cr: 18.6784 )
00000467: 17.4657   (Y': 17.8043   Cb: 15.5793   Cr: 18.6807 )
00000468: 17.4255   (Y': 17.7507   Cb: 15.5451   Cr: 18.6936 )
00000469: 17.4829   (Y': 17.8457   Cb: 15.5706   Cr: 18.6327 )
00000470: 17.4966   (Y': 17.8623   Cb: 15.6253   Cr: 18.5513 )
00000471: 17.3962   (Y': 17.7609   Cb: 15.4893   Cr: 18.526  )
00000472: 17.4352   (Y': 17.7921   Cb: 15.5405   Cr: 18.5778 )
00000473: 17.3985   (Y': 17.7549   Cb: 15.5025   Cr: 18.5463 )
00000474: 17.3182   (Y': 17.6534   Cb: 15.4516   Cr: 18.5092 )
00000475: 17.3372   (Y': 17.6478   Cb: 15.5227   Cr: 18.544  )
00000476: 17.5999   (Y': 18.0399   Cb: 15.5704   Cr: 18.625  )
00000477: 18.4738   (Y': 19.1553   Cb: 16.0219   Cr: 19.3242 )
00000478: 18.5821   (Y': 19.2733   Cb: 16.0521   Cr: 19.5626 )
00000479: 18.136    (Y': 18.718    Cb: 15.8808   Cr: 18.9933 )
00000480: 17.7538   (Y': 18.2434   Cb: 15.6255   Cr: 18.7558 )
00000481: 17.4987   (Y': 17.8737   Cb: 15.5812   Cr: 18.6011 )
00000482: 17.3252   (Y': 17.6562   Cb: 15.4791   Cr: 18.495  )
00000483: 17.3413   (Y': 17.6619   Cb: 15.5145   Cr: 18.5237 )
00000484: 17.3143   (Y': 17.6611   Cb: 15.4384   Cr: 18.4681 )
00000485: 17.328    (Y': 17.6527   Cb: 15.4752   Cr: 18.5419 )
00000486: 17.281    (Y': 17.599    Cb: 15.4184   Cr: 18.5484 )
00000487: 17.2632   (Y': 17.5949   Cb: 15.4469   Cr: 18.371  )
00000488: 17.2931   (Y': 17.6075   Cb: 15.4888   Cr: 18.461  )
00000489: 17.2662   (Y': 17.5869   Cb: 15.4277   Cr: 18.4714 )
00000490: 17.2674   (Y': 17.5958   Cb: 15.4193   Cr: 18.4535 )
00000491: 17.2413   (Y': 17.5753   Cb: 15.3981   Cr: 18.3915 )
00000492: 17.2729   (Y': 17.6079   Cb: 15.4252   Cr: 18.427  )
00000493: 17.294    (Y': 17.61     Cb: 15.4835   Cr: 18.4658 )
00000494: 17.3092   (Y': 17.6333   Cb: 15.4746   Cr: 18.4896 )
00000495: 17.269    (Y': 17.6045   Cb: 15.4111   Cr: 18.4403 )
00000496: 17.2944   (Y': 17.6143   Cb: 15.4756   Cr: 18.464  )
00000497: 17.283    (Y': 17.6317   Cb: 15.406    Cr: 18.4295 )
00000498: 17.2631   (Y': 17.5814   Cb: 15.4536   Cr: 18.4219 )
00000499: 17.2857   (Y': 17.596    Cb: 15.4996   Cr: 18.4375 )
00000500: 17.2729   (Y': 17.5971   Cb: 15.4666   Cr: 18.3969 )
00000501: 17.2659   (Y': 17.5985   Cb: 15.4389   Cr: 18.3903 )
00000502: 17.2728   (Y': 17.5804   Cb: 15.4432   Cr: 18.5247 )
00000503: 17.2767   (Y': 17.5996   Cb: 15.4278   Cr: 18.492  )
00000504: 17.2935   (Y': 17.613    Cb: 15.4488   Cr: 18.5172 )
00000505: 17.2731   (Y': 17.5903   Cb: 15.4626   Cr: 18.4388 )
00000506: 17.2864   (Y': 17.6199   Cb: 15.4505   Cr: 18.4243 )
00000507: 17.2662   (Y': 17.5892   Cb: 15.435    Cr: 18.4456 )
00000508: 17.2914   (Y': 17.5872   Cb: 15.515    Cr: 18.4943 )
00000509: 17.2858   (Y': 17.5835   Cb: 15.4762   Cr: 18.5467 )
00000510: 17.3301   (Y': 17.642    Cb: 15.5174   Cr: 18.5264 )
00000511: 17.2944   (Y': 17.6153   Cb: 15.4526   Cr: 18.5054 )
00000512: 17.2966   (Y': 17.5862   Cb: 15.5301   Cr: 18.5109 )
00000513: 17.2502   (Y': 17.5266   Cb: 15.5026   Cr: 18.4925 )
00000514: 17.2196   (Y': 17.5128   Cb: 15.4263   Cr: 18.4698 )
00000515: 17.1992   (Y': 17.465    Cb: 15.4899   Cr: 18.4189 )
00000516: 17.2207   (Y': 17.4928   Cb: 15.4945   Cr: 18.4423 )
00000517: 17.2446   (Y': 17.5304   Cb: 15.4923   Cr: 18.4497 )
00000518: 17.2184   (Y': 17.5013   Cb: 15.4405   Cr: 18.4887 )
00000519: 17.2079   (Y': 17.4845   Cb: 15.4678   Cr: 18.4347 )
00000520: 17.2305   (Y': 17.5207   Cb: 15.4298   Cr: 18.5102 )
00000521: 17.24     (Y': 17.5108   Cb: 15.4911   Cr: 18.5134 )
00000522: 17.2175   (Y': 17.506    Cb: 15.4434   Cr: 18.4525 )
00000523: 17.2095   (Y': 17.5068   Cb: 15.4226   Cr: 18.4266 )
00000524: 17.2046   (Y': 17.4728   Cb: 15.4709   Cr: 18.4598 )
00000525: 17.2183   (Y': 17.4888   Cb: 15.4799   Cr: 18.4717 )
00000526: 17.2105   (Y': 17.5015   Cb: 15.4379   Cr: 18.4298 )
00000527: 17.2082   (Y': 17.4896   Cb: 15.4474   Cr: 18.4515 )
00000528: 17.2356   (Y': 17.5172   Cb: 15.4797   Cr: 18.4684 )
00000529: 17.2134   (Y': 17.5032   Cb: 15.4304   Cr: 18.4599 )
00000530: 17.2324   (Y': 17.5212   Cb: 15.4794   Cr: 18.4236 )
00000531: 17.2541   (Y': 17.5202   Cb: 15.5255   Cr: 18.51   )
00000532: 17.2057   (Y': 17.4861   Cb: 15.4588   Cr: 18.4265 )
00000533: 17.2066   (Y': 17.4962   Cb: 15.4273   Cr: 18.4469 )
00000534: 17.1871   (Y': 17.4696   Cb: 15.4382   Cr: 18.4013 )
00000535: 17.1918   (Y': 17.4916   Cb: 15.4029   Cr: 18.4002 )
00000536: 17.2443   (Y': 17.5138   Cb: 15.4795   Cr: 18.5559 )
00000537: 17.2322   (Y': 17.51     Cb: 15.4611   Cr: 18.5146 )
00000538: 17.2314   (Y': 17.5206   Cb: 15.4614   Cr: 18.4543 )
00000539: 17.2071   (Y': 17.5033   Cb: 15.4323   Cr: 18.4051 )
00000540: 17.2218   (Y': 17.4991   Cb: 15.4684   Cr: 18.4706 )
00000541: 17.2241   (Y': 17.5084   Cb: 15.4592   Cr: 18.4616 )
00000542: 17.207    (Y': 17.5104   Cb: 15.3913   Cr: 18.4509 )
00000543: 17.2013   (Y': 17.5031   Cb: 15.4059   Cr: 18.4128 )
00000544: 17.2262   (Y': 17.5139   Cb: 15.4621   Cr: 18.4452 )
00000545: 17.2287   (Y': 17.512    Cb: 15.4547   Cr: 18.4893 )
00000546: 17.1963   (Y': 17.4781   Cb: 15.4534   Cr: 18.4025 )
00000547: 17.2047   (Y': 17.4968   Cb: 15.429    Cr: 18.4249 )
00000548: 17.2133   (Y': 17.5127   Cb: 15.4245   Cr: 18.4232 )
00000549: 17.1902   (Y': 17.4977   Cb: 15.3864   Cr: 18.3903 )
00000550: 17.2466   (Y': 17.541    Cb: 15.4968   Cr: 18.4041 )
00000551: 17.2161   (Y': 17.5104   Cb: 15.4333   Cr: 18.4399 )
00000552: 17.2064   (Y': 17.5005   Cb: 15.4286   Cr: 18.4208 )
00000553: 17.2385   (Y': 17.5357   Cb: 15.4655   Cr: 18.4284 )
00000554: 17.2054   (Y': 17.5073   Cb: 15.41     Cr: 18.4162 )
00000555: 17.2341   (Y': 17.5356   Cb: 15.459    Cr: 18.4067 )
00000556: 17.2595   (Y': 17.5421   Cb: 15.4835   Cr: 18.5271 )
00000557: 17.3246   (Y': 17.6425   Cb: 15.526    Cr: 18.4634 )
00000558: 17.4599   (Y': 17.826    Cb: 15.5538   Cr: 18.5815 )
00000559: 17.4875   (Y': 17.822    Cb: 15.592    Cr: 18.7405 )
00000560: 17.3923   (Y': 17.7005   Cb: 15.565    Cr: 18.6361 )
00000561: 17.306    (Y': 17.5715   Cb: 15.57     Cr: 18.5795 )
00000562: 17.257    (Y': 17.5155   Cb: 15.4621   Cr: 18.6878 )
00000563: 17.2433   (Y': 17.479    Cb: 15.5723   Cr: 18.539  )
00000564: 17.2206   (Y': 17.4473   Cb: 15.5438   Cr: 18.5742 )
00000565: 17.2245   (Y': 17.4579   Cb: 15.5112   Cr: 18.6173 )
00000566: 17.293    (Y': 17.5259   Cb: 15.5752   Cr: 18.6977 )
00000567: 17.3174   (Y': 17.5185   Cb: 15.6521   Cr: 18.7828 )
00000568: 17.3637   (Y': 17.581    Cb: 15.6307   Cr: 18.8833 )
00000569: 17.3444   (Y': 17.5359   Cb: 15.6728   Cr: 18.8738 )
00000570: 17.3115   (Y': 17.4972   Cb: 15.6336   Cr: 18.8865 )
00000571: 17.2832   (Y': 17.4577   Cb: 15.6092   Cr: 18.9119 )
00000572: 17.3325   (Y': 17.515    Cb: 15.655    Cr: 18.9248 )
00000573: 17.3272   (Y': 17.5325   Cb: 15.6125   Cr: 18.8727 )
00000574: 17.2763   (Y': 17.4751   Cb: 15.6015   Cr: 18.7733 )
00000575: 17.2846   (Y': 17.4427   Cb: 15.6267   Cr: 18.9716 )
00000576: 17.2314   (Y': 17.3762   Cb: 15.6508   Cr: 18.8297 )
00000577: 17.1834   (Y': 17.3201   Cb: 15.5724   Cr: 18.8913 )
00000578: 17.1857   (Y': 17.3035   Cb: 15.6523   Cr: 18.8375 )
00000579: 17.1729   (Y': 17.3095   Cb: 15.5711   Cr: 18.8621 )
00000580: 17.1569   (Y': 17.2976   Cb: 15.5871   Cr: 18.7552 )
00000581: 17.1854   (Y': 17.322    Cb: 15.5924   Cr: 18.8552 )
00000583: 17.1607   (Y': 17.3117   Cb: 15.5538   Cr: 18.7791 )
00000582: 17.1945   (Y': 17.3479   Cb: 15.5694   Cr: 18.8377 )
00000584: 17.1206   (Y': 17.2542   Cb: 15.5223   Cr: 18.8189 )
00000585: 17.1326   (Y': 17.262    Cb: 15.5778   Cr: 18.7632 )
00000586: 17.1379   (Y': 17.2893   Cb: 15.5296   Cr: 18.7562 )
00000587: 17.1229   (Y': 17.2633   Cb: 15.5252   Cr: 18.7817 )
00000588: 17.1594   (Y': 17.2999   Cb: 15.5622   Cr: 18.8161 )
00000589: 17.125    (Y': 17.2585   Cb: 15.5402   Cr: 18.7958 )
00000591: 17.1346   (Y': 17.2752   Cb: 15.5432   Cr: 18.7791 )
00000590: 17.137    (Y': 17.2861   Cb: 15.5537   Cr: 18.7163 )
00000592: 17.1517   (Y': 17.2849   Cb: 15.5744   Cr: 18.808  )
00000593: 17.1144   (Y': 17.2466   Cb: 15.5415   Cr: 18.7666 )
00000594: 17.11     (Y': 17.2489   Cb: 15.5456   Cr: 18.7076 )
00000595: 17.1179   (Y': 17.264    Cb: 15.529    Cr: 18.7259 )
00000596: 17.1335   (Y': 17.2674   Cb: 15.5746   Cr: 18.7473 )
00000597: 17.1015   (Y': 17.2442   Cb: 15.4851   Cr: 18.7862 )
00000599: 17.1343   (Y': 17.274    Cb: 15.5657   Cr: 18.7358 )
00000598: 17.1342   (Y': 17.2664   Cb: 15.5592   Cr: 18.791  )
00000600: 17.1797   (Y': 17.3302   Cb: 15.5437   Cr: 18.8621 )
00000601: 17.2984   (Y': 17.5079   Cb: 15.5872   Cr: 18.8133 )
00000602: 17.2789   (Y': 17.4468   Cb: 15.6188   Cr: 18.9149 )
00000603: 17.3123   (Y': 17.529    Cb: 15.5584   Cr: 18.8791 )
00000604: 17.2873   (Y': 17.4764   Cb: 15.6203   Cr: 18.8211 )
00000605: 17.3329   (Y': 17.5389   Cb: 15.605    Cr: 18.9022 )
00000607: 17.1792   (Y': 17.3234   Cb: 15.5731   Cr: 18.8334 )
00000606: 17.2483   (Y': 17.4177   Cb: 15.5989   Cr: 18.853  )
00000608: 17.1208   (Y': 17.2866   Cb: 15.4829   Cr: 18.722  )
00000609: 17.126    (Y': 17.2993   Cb: 15.4671   Cr: 18.7296 )
00000610: 17.1182   (Y': 17.2692   Cb: 15.5369   Cr: 18.6835 )
00000611: 17.1077   (Y': 17.2683   Cb: 15.4987   Cr: 18.677  )
00000612: 17.1246   (Y': 17.2747   Cb: 15.5295   Cr: 18.7233 )
00000613: 17.1389   (Y': 17.2781   Cb: 15.5748   Cr: 18.734  )
00000614: 17.1847   (Y': 17.3211   Cb: 15.6194   Cr: 18.7982 )
00000615: 17.2043   (Y': 17.3939   Cb: 15.534    Cr: 18.742  )
00000616: 17.2161   (Y': 17.3928   Cb: 15.5782   Cr: 18.7564 )
00000617: 17.2126   (Y': 17.3852   Cb: 15.5771   Cr: 18.7709 )
00000618: 17.1884   (Y': 17.4046   Cb: 15.469    Cr: 18.6853 )
00000619: 17.1708   (Y': 17.3934   Cb: 15.457    Cr: 18.6217 )
00000620: 17.3092   (Y': 17.6095   Cb: 15.4696   Cr: 18.6179 )
00000621: 17.3284   (Y': 17.6204   Cb: 15.5088   Cr: 18.6381 )
00000622: 17.3957   (Y': 17.6777   Cb: 15.606    Cr: 18.6945 )
00000623: 17.3373   (Y': 17.6071   Cb: 15.5591   Cr: 18.6748 )
00000624: 17.2825   (Y': 17.616    Cb: 15.392    Cr: 18.5299 )
00000625: 17.3251   (Y': 17.6091   Cb: 15.503    Cr: 18.6801 )
00000626: 17.3405   (Y': 17.6753   Cb: 15.4865   Cr: 18.5079 )
00000627: 17.2436   (Y': 17.4996   Cb: 15.4797   Cr: 18.6223 )
00000628: 17.3503   (Y': 17.6431   Cb: 15.54     Cr: 18.6366 )
00000629: 17.3029   (Y': 17.5315   Cb: 15.5906   Cr: 18.7186 )
00000630: 17.3199   (Y': 17.5915   Cb: 15.5323   Cr: 18.6672 )
00000631: 17.3379   (Y': 17.6279   Cb: 15.4785   Cr: 18.7408 )
00000632: 17.4262   (Y': 17.7569   Cb: 15.5268   Cr: 18.7063 )
00000633: 17.4185   (Y': 17.7478   Cb: 15.53     Cr: 18.6832 )
00000634: 17.2418   (Y': 17.492    Cb: 15.4875   Cr: 18.6306 )
00000635: 17.2433   (Y': 17.4653   Cb: 15.535    Cr: 18.6858 )
00000636: 17.324    (Y': 17.6109   Cb: 15.5106   Cr: 18.6466 )
00000637: 17.3352   (Y': 17.6127   Cb: 15.5376   Cr: 18.6733 )
00000638: 17.2581   (Y': 17.5144   Cb: 15.5108   Cr: 18.6014 )
00000639: 17.3235   (Y': 17.6034   Cb: 15.5289   Cr: 18.6434 )
00000640: 17.335    (Y': 17.6571   Cb: 15.4542   Cr: 18.6198 )
00000641: 17.2664   (Y': 17.5553   Cb: 15.4291   Cr: 18.628  )
00000642: 17.2271   (Y': 17.4557   Cb: 15.4886   Cr: 18.6971 )
00000643: 17.2048   (Y': 17.3824   Cb: 15.5562   Cr: 18.763  )
00000644: 17.2891   (Y': 17.492    Cb: 15.5861   Cr: 18.8227 )
00000645: 17.2584   (Y': 17.4469   Cb: 15.5535   Cr: 18.8753 )
00000646: 17.2759   (Y': 17.442    Cb: 15.6532   Cr: 18.843  )
00000647: 17.2552   (Y': 17.4517   Cb: 15.548    Cr: 18.8331 )
00000648: 17.2231   (Y': 17.4036   Cb: 15.5802   Cr: 18.753  )
00000649: 17.1862   (Y': 17.3451   Cb: 15.5489   Cr: 18.8244 )
00000650: 17.1365   (Y': 17.2688   Cb: 15.5369   Cr: 18.8454 )
00000651: 17.111    (Y': 17.2475   Cb: 15.5405   Cr: 18.7344 )
00000652: 17.1197   (Y': 17.2742   Cb: 15.4897   Cr: 18.7665 )
00000653: 17.1251   (Y': 17.2512   Cb: 15.5344   Cr: 18.8507 )
00000654: 17.1431   (Y': 17.3008   Cb: 15.5303   Cr: 18.7364 )
00000655: 17.1243   (Y': 17.2759   Cb: 15.4943   Cr: 18.788  )
00000656: 17.118    (Y': 17.2691   Cb: 15.5274   Cr: 18.702  )
00000657: 17.1267   (Y': 17.273    Cb: 15.5177   Cr: 18.7761 )
00000658: 17.1661   (Y': 17.3308   Cb: 15.527    Cr: 18.7758 )
00000659: 17.1664   (Y': 17.325    Cb: 15.5323   Cr: 18.7991 )
00000660: 17.1851   (Y': 17.3548   Cb: 15.5647   Cr: 18.7279 )
00000661: 17.1596   (Y': 17.3328   Cb: 15.5206   Cr: 18.7216 )
00000662: 17.1419   (Y': 17.3093   Cb: 15.4955   Cr: 18.7522 )
00000663: 17.147    (Y': 17.3176   Cb: 15.4762   Cr: 18.7906 )
00000664: 17.1809   (Y': 17.3593   Cb: 15.5139   Cr: 18.7734 )
00000665: 17.1468   (Y': 17.3185   Cb: 15.5014   Cr: 18.731  )
00000666: 17.1485   (Y': 17.3268   Cb: 15.4865   Cr: 18.7308 )
00000667: 17.1403   (Y': 17.3022   Cb: 15.5406   Cr: 18.683  )
00000668: 17.1259   (Y': 17.2838   Cb: 15.4943   Cr: 18.7577 )
00000669: 17.1583   (Y': 17.3088   Cb: 15.5459   Cr: 18.7909 )
00000670: 17.1863   (Y': 17.3446   Cb: 15.5462   Cr: 18.834  )
00000671: 17.1963   (Y': 17.3755   Cb: 15.5298   Cr: 18.7831 )
00000672: 17.1625   (Y': 17.3425   Cb: 15.4876   Cr: 18.7621 )
00000673: 17.2477   (Y': 17.4705   Cb: 15.5174   Cr: 18.732  )
00000674: 17.2625   (Y': 17.4457   Cb: 15.6073   Cr: 18.8032 )
00000675: 17.1904   (Y': 17.3634   Cb: 15.5333   Cr: 18.7916 )
00000676: 17.2422   (Y': 17.4238   Cb: 15.5905   Cr: 18.7846 )
00000677: 17.1741   (Y': 17.3501   Cb: 15.5347   Cr: 18.7217 )
00000678: 17.2328   (Y': 17.443    Cb: 15.5017   Cr: 18.7868 )
00000679: 17.2255   (Y': 17.4242   Cb: 15.5461   Cr: 18.733  )
00000680: 17.142    (Y': 17.3075   Cb: 15.5106   Cr: 18.7307 )
00000681: 17.1576   (Y': 17.3203   Cb: 15.5262   Cr: 18.7621 )
00000682: 17.1299   (Y': 17.2952   Cb: 15.4926   Cr: 18.732  )
00000683: 17.1274   (Y': 17.2843   Cb: 15.4987   Cr: 18.7581 )
00000684: 17.1679   (Y': 17.3204   Cb: 15.5287   Cr: 18.8463 )
00000685: 17.1484   (Y': 17.3261   Cb: 15.4898   Cr: 18.7266 )
00000686: 17.1316   (Y': 17.3021   Cb: 15.4884   Cr: 18.7175 )
00000687: 17.1514   (Y': 17.3275   Cb: 15.5185   Cr: 18.6848 )
00000688: 17.1616   (Y': 17.3256   Cb: 15.5465   Cr: 18.7249 )
00000689: 17.183    (Y': 17.3443   Cb: 15.5794   Cr: 18.7369 )
00000690: 17.1507   (Y': 17.3296   Cb: 15.5069   Cr: 18.6911 )
00000691: 17.1699   (Y': 17.3486   Cb: 15.5238   Cr: 18.7161 )
00000692: 17.1665   (Y': 17.347    Cb: 15.5172   Cr: 18.7098 )
00000693: 17.2002   (Y': 17.3817   Cb: 15.5485   Cr: 18.7435 )
00000694: 17.2122   (Y': 17.3995   Cb: 15.5101   Cr: 18.8297 )
00000695: 17.2137   (Y': 17.3735   Cb: 15.5666   Cr: 18.8673 )
00000696: 17.2141   (Y': 17.3958   Cb: 15.5656   Cr: 18.7499 )
00000697: 17.189    (Y': 17.3743   Cb: 15.4826   Cr: 18.8273 )
00000698: 17.1653   (Y': 17.338    Cb: 15.4978   Cr: 18.7907 )
00000699: 17.1537   (Y': 17.3095   Cb: 15.5125   Cr: 18.8176 )
00000700: 17.133    (Y': 17.2989   Cb: 15.4782   Cr: 18.7692 )
00000701: 17.1267   (Y': 17.2893   Cb: 15.492    Cr: 18.7384 )
00000702: 17.1169   (Y': 17.2901   Cb: 15.4557   Cr: 18.7255 )
00000703: 17.1178   (Y': 17.2721   Cb: 15.5207   Cr: 18.6972 )
00000704: 17.1239   (Y': 17.2847   Cb: 15.4806   Cr: 18.7635 )
00000705: 17.1432   (Y': 17.292    Cb: 15.5313   Cr: 18.7847 )
00000706: 17.1342   (Y': 17.2954   Cb: 15.5009   Cr: 18.7514 )
00000707: 17.1288   (Y': 17.2963   Cb: 15.5244   Cr: 18.6508 )
00000708: 17.1104   (Y': 17.2632   Cb: 15.5449   Cr: 18.6331 )
00000709: 17.1091   (Y': 17.2476   Cb: 15.5278   Cr: 18.7442 )
00000710: 17.1032   (Y': 17.268    Cb: 15.4757   Cr: 18.6872 )
00000711: 17.1076   (Y': 17.2625   Cb: 15.5252   Cr: 18.6528 )
00000712: 17.1194   (Y': 17.2792   Cb: 15.5176   Cr: 18.6777 )
00000713: 17.0861   (Y': 17.2527   Cb: 15.4351   Cr: 18.7106 )
00000714: 17.1137   (Y': 17.2528   Cb: 15.5535   Cr: 18.7011 )
00000715: 17.1028   (Y': 17.2683   Cb: 15.4718   Cr: 18.6913 )
00000716: 17.1193   (Y': 17.2723   Cb: 15.5076   Cr: 18.7362 )
00000717: 17.1195   (Y': 17.2933   Cb: 15.461    Cr: 18.7196 )
00000718: 17.1251   (Y': 17.2992   Cb: 15.471    Cr: 18.7143 )
00000719: 17.1023   (Y': 17.2632   Cb: 15.4943   Cr: 18.6676 )
00000720: 17.1185   (Y': 17.2636   Cb: 15.5144   Cr: 18.7641 )
00000721: 17.1067   (Y': 17.2777   Cb: 15.4563   Cr: 18.7046 )
00000722: 17.0904   (Y': 17.2315   Cb: 15.4979   Cr: 18.7337 )
00000723: 17.1562   (Y': 17.3169   Cb: 15.525    Cr: 18.7709 )
00000724: 17.1303   (Y': 17.2858   Cb: 15.5053   Cr: 18.761  )
00000725: 17.0982   (Y': 17.2555   Cb: 15.449    Cr: 18.7704 )
00000726: 17.0958   (Y': 17.2521   Cb: 15.4396   Cr: 18.789  )
00000727: 17.1143   (Y': 17.2735   Cb: 15.4786   Cr: 18.7475 )
00000728: 17.1122   (Y': 17.2891   Cb: 15.4576   Cr: 18.6867 )
00000729: 17.0924   (Y': 17.2591   Cb: 15.4548   Cr: 18.687  )
00000730: 17.1145   (Y': 17.2663   Cb: 15.4926   Cr: 18.7594 )
00000731: 17.1013   (Y': 17.2569   Cb: 15.492    Cr: 18.6985 )
00000732: 17.1212   (Y': 17.2637   Cb: 15.534    Cr: 18.7456 )
00000733: 17.107    (Y': 17.2658   Cb: 15.4873   Cr: 18.7085 )
00000735: 17.1128   (Y': 17.2793   Cb: 15.5187   Cr: 18.6182 )
00000734: 17.1165   (Y': 17.2708   Cb: 15.5142   Cr: 18.7063 )
00000737: 17.1373   (Y': 17.2909   Cb: 15.5359   Cr: 18.7298 )
00000736: 17.1143   (Y': 17.2745   Cb: 15.4942   Cr: 18.7089 )
00000738: 17.1089   (Y': 17.2631   Cb: 15.5061   Cr: 18.7003 )
00000739: 17.1062   (Y': 17.2761   Cb: 15.4549   Cr: 18.7124 )
00000740: 17.0985   (Y': 17.2562   Cb: 15.4952   Cr: 18.6716 )
00000743: 17.1252   (Y': 17.2679   Cb: 15.5257   Cr: 18.7748 )
00000742: 17.1007   (Y': 17.2681   Cb: 15.4577   Cr: 18.7034 )
00000741: 17.1108   (Y': 17.2745   Cb: 15.4821   Cr: 18.7038 )
00000744: 17.1018   (Y': 17.2751   Cb: 15.4319   Cr: 18.7281 )
00000745: 17.0799   (Y': 17.2531   Cb: 15.4135   Cr: 18.6995 )
00000746: 17.1277   (Y': 17.2953   Cb: 15.4703   Cr: 18.7596 )
00000747: 17.1244   (Y': 17.2889   Cb: 15.4759   Cr: 18.7553 )
00000748: 17.0979   (Y': 17.2667   Cb: 15.4509   Cr: 18.7008 )
00000749: 17.1149   (Y': 17.2716   Cb: 15.5112   Cr: 18.6947 )
00000751: 17.0904   (Y': 17.2472   Cb: 15.4838   Cr: 18.6757 )
00000750: 17.0931   (Y': 17.27     Cb: 15.4426   Cr: 18.6593 )
00000753: 17.1108   (Y': 17.2665   Cb: 15.495    Cr: 18.721  )
00000752: 17.0958   (Y': 17.2797   Cb: 15.4225   Cr: 18.671  )
00000754: 17.1309   (Y': 17.3012   Cb: 15.4993   Cr: 18.694  )
00000755: 17.1227   (Y': 17.2924   Cb: 15.467    Cr: 18.7392 )
00000756: 17.1311   (Y': 17.2856   Cb: 15.5195   Cr: 18.7401 )
00000757: 17.126    (Y': 17.277    Cb: 15.5296   Cr: 18.7224 )
00000759: 17.1049   (Y': 17.2703   Cb: 15.4473   Cr: 18.7501 )
00000758: 17.1038   (Y': 17.2711   Cb: 15.461    Cr: 18.7067 )
00000760: 17.0987   (Y': 17.2579   Cb: 15.4566   Cr: 18.7459 )
00000761: 17.1068   (Y': 17.2557   Cb: 15.5132   Cr: 18.7088 )
00000762: 17.1343   (Y': 17.3092   Cb: 15.5008   Cr: 18.6757 )
00000763: 17.1186   (Y': 17.2845   Cb: 15.4878   Cr: 18.7036 )
00000764: 17.1222   (Y': 17.2836   Cb: 15.5284   Cr: 18.6555 )
00000765: 17.1107   (Y': 17.2625   Cb: 15.5009   Cr: 18.7304 )
00000766: 17.1064   (Y': 17.2732   Cb: 15.4811   Cr: 18.6758 )
00000767: 17.1148   (Y': 17.288    Cb: 15.4793   Cr: 18.6693 )
00000768: 17.1174   (Y': 17.2756   Cb: 15.4805   Cr: 18.7579 )
00000769: 17.1232   (Y': 17.2871   Cb: 15.4719   Cr: 18.7628 )
00000770: 17.1151   (Y': 17.2781   Cb: 15.4758   Cr: 18.7347 )
00000771: 17.0983   (Y': 17.2587   Cb: 15.4543   Cr: 18.7427 )
00000772: 17.107    (Y': 17.2668   Cb: 15.4591   Cr: 18.763  )
00000773: 17.1039   (Y': 17.2826   Cb: 15.4296   Cr: 18.7095 )
00000774: 17.0966   (Y': 17.2576   Cb: 15.4699   Cr: 18.7009 )
00000775: 17.0921   (Y': 17.258    Cb: 15.4469   Cr: 18.7078 )
00000776: 17.1088   (Y': 17.2724   Cb: 15.4972   Cr: 18.6667 )
00000777: 17.1331   (Y': 17.3005   Cb: 15.4718   Cr: 18.7743 )
00000778: 17.1156   (Y': 17.2982   Cb: 15.4887   Cr: 18.6015 )
00000779: 17.1311   (Y': 17.3067   Cb: 15.4486   Cr: 18.7718 )
00000780: 17.0906   (Y': 17.2455   Cb: 15.4767   Cr: 18.7017 )
00000781: 17.1216   (Y': 17.2833   Cb: 15.4926   Cr: 18.7261 )
00000782: 17.1178   (Y': 17.2734   Cb: 15.4807   Cr: 18.774  )
00000783: 17.1323   (Y': 17.2848   Cb: 15.5234   Cr: 18.7469 )
00000784: 17.1121   (Y': 17.277    Cb: 15.4576   Cr: 18.7529 )
00000785: 17.1217   (Y': 17.2953   Cb: 15.4883   Cr: 18.6702 )
00000786: 17.1016   (Y': 17.2757   Cb: 15.4645   Cr: 18.6543 )
00000787: 17.1169   (Y': 17.2835   Cb: 15.4871   Cr: 18.6961 )
00000788: 17.1257   (Y': 17.2994   Cb: 15.4872   Cr: 18.6834 )
00000789: 17.14     (Y': 17.3019   Cb: 15.4962   Cr: 18.7751 )
00000790: 17.1262   (Y': 17.3036   Cb: 15.5018   Cr: 18.6353 )
00000791: 17.1403   (Y': 17.3055   Cb: 15.4976   Cr: 18.7544 )
00000792: 17.1109   (Y': 17.2607   Cb: 15.5058   Cr: 18.732  )
00000793: 17.1264   (Y': 17.304    Cb: 15.4705   Cr: 18.6994 )
00000794: 17.0942   (Y': 17.2637   Cb: 15.4697   Cr: 18.646  )
00000795: 17.1097   (Y': 17.273    Cb: 15.4567   Cr: 18.7571 )
00000796: 17.1211   (Y': 17.2805   Cb: 15.4996   Cr: 18.7231 )
00000797: 17.1654   (Y': 17.3345   Cb: 15.5285   Cr: 18.7454 )
00000798: 17.2184   (Y': 17.4208   Cb: 15.5197   Cr: 18.7458 )
00000799: 17.2029   (Y': 17.3995   Cb: 15.5285   Cr: 18.7115 )
00000800: 17.194    (Y': 17.3806   Cb: 15.5055   Cr: 18.7868 )
00000801: 17.3206   (Y': 17.5622   Cb: 15.579    Cr: 18.7284 )
00000802: 17.4919   (Y': 17.8462   Cb: 15.5429   Cr: 18.7589 )
00000803: 17.6782   (Y': 18.0904   Cb: 15.6015   Cr: 18.9333 )
00000804: 17.7008   (Y': 18.1726   Cb: 15.5299   Cr: 18.8736 )
00000805: 17.7649   (Y': 18.2579   Cb: 15.5546   Cr: 18.9239 )
00000806: 17.7362   (Y': 18.22     Cb: 15.5508   Cr: 18.8846 )
00000807: 17.8102   (Y': 18.3015   Cb: 15.6424   Cr: 18.8864 )
00000808: 17.726    (Y': 18.2399   Cb: 15.6055   Cr: 18.6047 )
00000809: 17.8275   (Y': 18.3683   Cb: 15.6294   Cr: 18.7453 )
00000810: 17.7614   (Y': 18.2854   Cb: 15.5508   Cr: 18.78   )
00000811: 17.7715   (Y': 18.3534   Cb: 15.4694   Cr: 18.727  )
00000812: 17.727    (Y': 18.276    Cb: 15.5054   Cr: 18.657  )
00000813: 17.6596   (Y': 18.1791   Cb: 15.475    Cr: 18.6434 )
00000814: 17.547    (Y': 17.9828   Cb: 15.4972   Cr: 18.633  )
00000815: 17.3929   (Y': 17.7436   Cb: 15.4684   Cr: 18.6268 )
00000816: 17.5353   (Y': 17.727    Cb: 15.9403   Cr: 18.9083 )
00000817: 17.4304   (Y': 17.5862   Cb: 15.8961   Cr: 18.8734 )
00000818: 17.3249   (Y': 17.4456   Cb: 15.9163   Cr: 18.7121 )
00000819: 17.2295   (Y': 17.5439   Cb: 15.4133   Cr: 18.4204 )
00000820: 17.1889   (Y': 17.4928   Cb: 15.4041   Cr: 18.3688 )
00000821: 17.1325   (Y': 17.5008   Cb: 15.2227   Cr: 18.2511 )
00000822: 18.2473   (Y': 19.0228   Cb: 15.6533   Cr: 19.0205 )
00000823: 18.3824   (Y': 19.179    Cb: 15.7474   Cr: 19.1612 )
00000824: 18.013    (Y': 18.5624   Cb: 15.7863   Cr: 18.9523 )
00000825: 17.5337   (Y': 17.8704   Cb: 15.6276   Cr: 18.7982 )
00000826: 17.1224   (Y': 17.3093   Cb: 15.4932   Cr: 18.5898 )
00000827: 17.1517   (Y': 17.3769   Cb: 15.443    Cr: 18.5776 )
00000828: 16.8761   (Y': 16.9588   Cb: 15.4354   Cr: 18.5374 )
00000830: 16.9021   (Y': 16.9868   Cb: 15.4966   Cr: 18.4812 )
00000829: 16.9222   (Y': 17.0201   Cb: 15.4607   Cr: 18.5393 )
00000831: 16.785    (Y': 16.8039   Cb: 15.4686   Cr: 18.5684 )
00000832: 16.778    (Y': 16.7915   Cb: 15.4847   Cr: 18.5467 )
00000833: 16.8183   (Y': 16.8634   Cb: 15.451    Cr: 18.5491 )
00000834: 16.8082   (Y': 16.8308   Cb: 15.4924   Cr: 18.5674 )
00000835: 16.8717   (Y': 16.9345   Cb: 15.4642   Cr: 18.581  )
00000836: 16.8778   (Y': 16.9472   Cb: 15.4692   Cr: 18.5508 )
00000837: 16.9328   (Y': 17.0318   Cb: 15.4793   Cr: 18.5271 )
00000838: 16.9905   (Y': 17.1283   Cb: 15.4601   Cr: 18.524  )
00000839: 17.1118   (Y': 17.287    Cb: 15.5346   Cr: 18.5372 )
00000840: 17.0696   (Y': 17.2645   Cb: 15.4538   Cr: 18.4677 )
00000841: 17.0753   (Y': 17.2675   Cb: 15.4643   Cr: 18.4777 )
00000842: 16.9783   (Y': 17.1494   Cb: 15.3998   Cr: 18.4281 )
00000843: 16.957    (Y': 17.1462   Cb: 15.3519   Cr: 18.3633 )
00000844: 16.9572   (Y': 17.1453   Cb: 15.3485   Cr: 18.3768 )
00000845: 16.9572   (Y': 17.1695   Cb: 15.3031   Cr: 18.3404 )
00000846: 16.965    (Y': 17.177    Cb: 15.2991   Cr: 18.3732 )
00000847: 16.9257   (Y': 17.1206   Cb: 15.3432   Cr: 18.2573 )
00000848: 16.9401   (Y': 17.158    Cb: 15.2585   Cr: 18.3492 )
00000849: 16.9385   (Y': 17.1306   Cb: 15.3198   Cr: 18.3568 )
00000850: 16.9403   (Y': 17.1593   Cb: 15.2999   Cr: 18.2606 )
00000851: 16.9431   (Y': 17.1558   Cb: 15.3073   Cr: 18.2876 )
00000852: 16.9452   (Y': 17.1584   Cb: 15.2815   Cr: 18.3427 )
00000853: 16.9607   (Y': 17.1457   Cb: 15.3292   Cr: 18.443  )
00000854: 16.9404   (Y': 17.1359   Cb: 15.3069   Cr: 18.3701 )
00000855: 16.9585   (Y': 17.1557   Cb: 15.3303   Cr: 18.3685 )
00000856: 16.9202   (Y': 17.1238   Cb: 15.2462   Cr: 18.3899 )
00000857: 16.9464   (Y': 17.17     Cb: 15.2612   Cr: 18.3334 )
00000858: 16.9681   (Y': 17.19     Cb: 15.2852   Cr: 18.3585 )
00000859: 16.9629   (Y': 17.1983   Cb: 15.2436   Cr: 18.3574 )
00000860: 16.9749   (Y': 17.2071   Cb: 15.2478   Cr: 18.4024 )
00000861: 16.9552   (Y': 17.1986   Cb: 15.2499   Cr: 18.2795 )
00000862: 16.9741   (Y': 17.2116   Cb: 15.2679   Cr: 18.3311 )
00000863: 16.9578   (Y': 17.1821   Cb: 15.2656   Cr: 18.3554 )
00000864: 16.9421   (Y': 17.1883   Cb: 15.2235   Cr: 18.2792 )
00000865: 16.9666   (Y': 17.1971   Cb: 15.2629   Cr: 18.355  )
00000866: 16.9647   (Y': 17.2      Cb: 15.2571   Cr: 18.3355 )
00000867: 16.9662   (Y': 17.1937   Cb: 15.3317   Cr: 18.2323 )
00000868: 16.9524   (Y': 17.1774   Cb: 15.3022   Cr: 18.2617 )
00000869: 16.9817   (Y': 17.2061   Cb: 15.2933   Cr: 18.3705 )
00000870: 16.9614   (Y': 17.1898   Cb: 15.2585   Cr: 18.3586 )
00000871: 16.9248   (Y': 17.1478   Cb: 15.253    Cr: 18.2876 )
00000872: 16.9482   (Y': 17.1698   Cb: 15.2792   Cr: 18.3127 )
00000873: 16.9547   (Y': 17.1684   Cb: 15.284    Cr: 18.3637 )
00000874: 16.9506   (Y': 17.1548   Cb: 15.2874   Cr: 18.3949 )
00000875: 16.9581   (Y': 17.1845   Cb: 15.2632   Cr: 18.3497 )
00000876: 16.9725   (Y': 17.1973   Cb: 15.3032   Cr: 18.3211 )
00000877: 16.9349   (Y': 17.1654   Cb: 15.2662   Cr: 18.2527 )
00000878: 16.9607   (Y': 17.1866   Cb: 15.2873   Cr: 18.3119 )
00000879: 16.9563   (Y': 17.2083   Cb: 15.2321   Cr: 18.275  )
00000880: 16.9419   (Y': 17.1797   Cb: 15.2584   Cr: 18.2517 )
00000881: 16.9277   (Y': 17.169    Cb: 15.2195   Cr: 18.2691 )
00000882: 16.9497   (Y': 17.184    Cb: 15.2465   Cr: 18.3167 )
00000883: 16.9398   (Y': 17.1732   Cb: 15.2684   Cr: 18.2478 )
00000884: 16.9514   (Y': 17.1789   Cb: 15.2601   Cr: 18.3296 )
00000885: 16.9442   (Y': 17.1762   Cb: 15.2604   Cr: 18.2842 )
00000886: 16.9662   (Y': 17.2058   Cb: 15.2676   Cr: 18.2972 )
00000887: 16.9438   (Y': 17.1686   Cb: 15.2572   Cr: 18.3271 )
00000888: 16.9404   (Y': 17.1613   Cb: 15.2608   Cr: 18.3296 )
00000889: 16.9613   (Y': 17.1754   Cb: 15.3026   Cr: 18.3446 )
00000890: 16.9547   (Y': 17.1873   Cb: 15.2854   Cr: 18.2629 )
00000891: 16.9647   (Y': 17.192    Cb: 15.2752   Cr: 18.3408 )
00000892: 16.9278   (Y': 17.1578   Cb: 15.2187   Cr: 18.3293 )
00000893: 16.9415   (Y': 17.1889   Cb: 15.2261   Cr: 18.2664 )
00000894: 16.955    (Y': 17.1927   Cb: 15.2623   Cr: 18.2837 )
00000895: 16.9383   (Y': 17.1665   Cb: 15.2815   Cr: 18.2446 )
00000896: 16.9551   (Y': 17.1758   Cb: 15.3123   Cr: 18.2721 )
00000897: 16.9626   (Y': 17.1855   Cb: 15.3141   Cr: 18.2795 )
00000898: 16.953    (Y': 17.1999   Cb: 15.2121   Cr: 18.3318 )
00000899: 16.9438   (Y': 17.1662   Cb: 15.2549   Cr: 18.3445 )
00000900: 16.9421   (Y': 17.1658   Cb: 15.2686   Cr: 18.3049 )
00000901: 16.9322   (Y': 17.1826   Cb: 15.1963   Cr: 18.283  )
00000902: 16.9501   (Y': 17.19     Cb: 15.2449   Cr: 18.2928 )
00000903: 16.9629   (Y': 17.2033   Cb: 15.261    Cr: 18.2962 )
00000904: 16.9486   (Y': 17.185    Cb: 15.2615   Cr: 18.2728 )
00000905: 16.9833   (Y': 17.209    Cb: 15.3004   Cr: 18.3546 )
00000906: 16.9508   (Y': 17.1826   Cb: 15.29     Cr: 18.246  )
00000907: 16.9775   (Y': 17.2342   Cb: 15.245    Cr: 18.2889 )
00000908: 16.9797   (Y': 17.2245   Cb: 15.2859   Cr: 18.2748 )
00000910: 16.9562   (Y': 17.1973   Cb: 15.2348   Cr: 18.326  )
00000909: 16.9562   (Y': 17.1998   Cb: 15.2628   Cr: 18.2563 )
00000911: 16.9493   (Y': 17.1938   Cb: 15.2391   Cr: 18.2782 )
00000912: 16.9553   (Y': 17.1985   Cb: 15.2389   Cr: 18.3035 )
00000913: 16.9489   (Y': 17.1939   Cb: 15.231    Cr: 18.2909 )
00000914: 16.9929   (Y': 17.2283   Cb: 15.3256   Cr: 18.2829 )
00000915: 16.9701   (Y': 17.2072   Cb: 15.2591   Cr: 18.3385 )
00000916: 16.9779   (Y': 17.2127   Cb: 15.2565   Cr: 18.3797 )
00000917: 16.9499   (Y': 17.2155   Cb: 15.1828   Cr: 18.2862 )
00000918: 16.9911   (Y': 17.2375   Cb: 15.2767   Cr: 18.3186 )
00000919: 16.9748   (Y': 17.2267   Cb: 15.2591   Cr: 18.2769 )
00000920: 16.9833   (Y': 17.217    Cb: 15.2874   Cr: 18.3391 )
00000921: 16.9719   (Y': 17.2182   Cb: 15.2833   Cr: 18.2483 )
00000922: 16.9815   (Y': 17.2288   Cb: 15.226    Cr: 18.3881 )
00000923: 16.9688   (Y': 17.2296   Cb: 15.2379   Cr: 18.2559 )
00000924: 16.9648   (Y': 17.213    Cb: 15.2387   Cr: 18.3071 )
00000925: 16.9669   (Y': 17.2028   Cb: 15.2524   Cr: 18.3489 )
00000926: 16.9613   (Y': 17.2107   Cb: 15.2228   Cr: 18.3223 )
00000927: 16.9615   (Y': 17.1958   Cb: 15.289    Cr: 18.2672 )
00000928: 16.9872   (Y': 17.2247   Cb: 15.2756   Cr: 18.3551 )
00000929: 16.9718   (Y': 17.2085   Cb: 15.2815   Cr: 18.3014 )
00000931: 16.9533   (Y': 17.1828   Cb: 15.2714   Cr: 18.3024 )
00000930: 16.9583   (Y': 17.1894   Cb: 15.2557   Cr: 18.3408 )
00000932: 16.9657   (Y': 17.2107   Cb: 15.244    Cr: 18.3155 )
00000933: 16.9755   (Y': 17.2132   Cb: 15.2653   Cr: 18.3399 )
00000934: 16.9639   (Y': 17.209    Cb: 15.2453   Cr: 18.3072 )
00000935: 16.9793   (Y': 17.2156   Cb: 15.28     Cr: 18.3286 )
00000936: 16.9528   (Y': 17.1807   Cb: 15.2611   Cr: 18.33   )
00000937: 16.991    (Y': 17.2358   Cb: 15.2844   Cr: 18.3112 )
00000938: 16.9711   (Y': 17.2229   Cb: 15.2472   Cr: 18.2906 )
00000939: 17.0042   (Y': 17.254    Cb: 15.2781   Cr: 18.3383 )
00000940: 17.0183   (Y': 17.2982   Cb: 15.2476   Cr: 18.2889 )
00000941: 17.017    (Y': 17.2811   Cb: 15.2601   Cr: 18.3401 )
00000942: 17.0201   (Y': 17.269    Cb: 15.2734   Cr: 18.4008 )
00000943: 17.0088   (Y': 17.2514   Cb: 15.2782   Cr: 18.389  )
00000944: 17.0126   (Y': 17.2667   Cb: 15.2831   Cr: 18.3317 )
00000945: 16.9769   (Y': 17.2126   Cb: 15.2762   Cr: 18.3322 )
00000946: 16.9965   (Y': 17.2301   Cb: 15.2873   Cr: 18.38   )
00000947: 16.9774   (Y': 17.2195   Cb: 15.2436   Cr: 18.3672 )
00000948: 16.9436   (Y': 17.1736   Cb: 15.2262   Cr: 18.3629 )
00000949: 16.969    (Y': 17.182    Cb: 15.283    Cr: 18.4129 )
00000950: 16.9532   (Y': 17.1794   Cb: 15.2584   Cr: 18.3459 )
00000951: 16.9631   (Y': 17.1868   Cb: 15.2718   Cr: 18.3616 )
00000952: 16.9788   (Y': 17.2232   Cb: 15.2853   Cr: 18.2743 )
00000953: 16.9663   (Y': 17.1996   Cb: 15.277    Cr: 18.3106 )
00000954: 16.9451   (Y': 17.1779   Cb: 15.2485   Cr: 18.3071 )
00000955: 16.959    (Y': 17.1987   Cb: 15.2195   Cr: 18.3723 )
00000956: 16.9876   (Y': 17.2225   Cb: 15.2764   Cr: 18.3683 )
00000957: 16.963    (Y': 17.1981   Cb: 15.2765   Cr: 18.2929 )
00000958: 16.9835   (Y': 17.2118   Cb: 15.2705   Cr: 18.402  )
00000959: 16.9881   (Y': 17.2023   Cb: 15.2898   Cr: 18.451  )
00000960: 16.9809   (Y': 17.2199   Cb: 15.2613   Cr: 18.3572 )
00000961: 16.9663   (Y': 17.2154   Cb: 15.266    Cr: 18.252  )
00000962: 16.966    (Y': 17.2051   Cb: 15.2534   Cr: 18.3273 )
00000963: 16.9748   (Y': 17.2019   Cb: 15.2628   Cr: 18.3975 )
00000964: 16.9578   (Y': 17.1866   Cb: 15.2684   Cr: 18.3258 )
00000966: 16.966    (Y': 17.2298   Cb: 15.2054   Cr: 18.2984 )
00000965: 16.9651   (Y': 17.206    Cb: 15.2463   Cr: 18.3297 )
Total: 17.1595   (Y': 17.358    Cb: 15.4975   Cr: 18.6318 )
